[32m[I 2021-04-07 08:09:06,545][0m Trial 192 finished with value: 35.0 and parameters: {'Vahp': -25.0, 'Vth': -21.5, 'Vmax': 27.5, 't_ref': 2.0, 'R': 0.4, 'tau_m': 32.0, 'R_adp': 0.7000000000000001, 'tau_w': 41.5, 'a': 73.0, 'delT': 1.5}. Best is trial 179 with value: 19.0.[0m
2021-04-07 08:09:06.782233: I tensorflow/compiler/jit/xla_gpu_device.cc:99] Not creating XLA devices, tf_xla_enable_xla_devices not set
mse_error/peak_error 0 28.0
[32m[I 2021-04-07 08:09:11,279][0m Trial 193 finished with value: 28.0 and parameters: {'Vahp': -25.0, 'Vth': -21.5, 'Vmax': 27.5, 't_ref': 2.5, 'R': 0.4, 'tau_m': 33.5, 'R_adp': 0.7000000000000001, 'tau_w': 40.0, 'a': 72.5, 'delT': 1.0}. Best is trial 179 with value: 19.0.[0m
2021-04-07 08:09:11.513798: I tensorflow/compiler/jit/xla_gpu_device.cc:99] Not creating XLA devices, tf_xla_enable_xla_devices not set
mse_error/peak_error 0 30.0
[32m[I 2021-04-07 08:09:16,061][0m Trial 194 finished with value: 30.0 and parameters: {'Vahp': -26.5, 'Vth': -21.5, 'Vmax': 28.0, 't_ref': 2.5, 'R': 0.4, 'tau_m': 35.0, 'R_adp': 0.7000000000000001, 'tau_w': 41.0, 'a': 72.5, 'delT': 1.0}. Best is trial 179 with value: 19.0.[0m
2021-04-07 08:09:16.277478: I tensorflow/compiler/jit/xla_gpu_device.cc:99] Not creating XLA devices, tf_xla_enable_xla_devices not set
mse_error/peak_error 0 39.0
[32m[I 2021-04-07 08:09:20,863][0m Trial 195 finished with value: 39.0 and parameters: {'Vahp': -25.0, 'Vth': -21.5, 'Vmax': 28.0, 't_ref': 2.0, 'R': 0.4, 'tau_m': 36.5, 'R_adp': 0.7000000000000001, 'tau_w': 41.0, 'a': 71.0, 'delT': 1.0}. Best is trial 179 with value: 19.0.[0m
2021-04-07 08:09:21.087747: I tensorflow/compiler/jit/xla_gpu_device.cc:99] Not creating XLA devices, tf_xla_enable_xla_devices not set
mse_error/peak_error 0 36.0
[32m[I 2021-04-07 08:09:25,727][0m Trial 196 finished with value: 36.0 and parameters: {'Vahp': -25.0, 'Vth': -21.5, 'Vmax': 28.0, 't_ref': 2.0, 'R': 0.4, 'tau_m': 34.5, 'R_adp': 0.7000000000000001, 'tau_w': 41.0, 'a': 71.0, 'delT': 1.0}. Best is trial 179 with value: 19.0.[0m
2021-04-07 08:09:25.949784: I tensorflow/compiler/jit/xla_gpu_device.cc:99] Not creating XLA devices, tf_xla_enable_xla_devices not set
mse_error/peak_error 0 39.0
[32m[I 2021-04-07 08:09:30,466][0m Trial 197 finished with value: 39.0 and parameters: {'Vahp': -25.0, 'Vth': -21.5, 'Vmax': 28.0, 't_ref': 2.0, 'R': 0.4, 'tau_m': 35.5, 'R_adp': 0.7000000000000001, 'tau_w': 41.0, 'a': 70.5, 'delT': 1.0}. Best is trial 179 with value: 19.0.[0m
2021-04-07 08:09:30.693703: I tensorflow/compiler/jit/xla_gpu_device.cc:99] Not creating XLA devices, tf_xla_enable_xla_devices not set
mse_error/peak_error 0 60.0
[32m[I 2021-04-07 08:09:35,405][0m Trial 198 finished with value: 60.0 and parameters: {'Vahp': -25.0, 'Vth': -21.5, 'Vmax': 28.0, 't_ref': 2.0, 'R': 0.4, 'tau_m': 37.0, 'R_adp': 0.7000000000000001, 'tau_w': 39.0, 'a': 70.5, 'delT': 0.5}. Best is trial 179 with value: 19.0.[0m
2021-04-07 08:09:35.619844: I tensorflow/compiler/jit/xla_gpu_device.cc:99] Not creating XLA devices, tf_xla_enable_xla_devices not set
mse_error/peak_error 0 77.0
[32m[I 2021-04-07 08:09:40,256][0m Trial 199 finished with value: 77.0 and parameters: {'Vahp': -24.5, 'Vth': -21.5, 'Vmax': 28.0, 't_ref': 1.0, 'R': 0.4, 'tau_m': 40.0, 'R_adp': 0.7000000000000001, 'tau_w': 40.0, 'a': 70.5, 'delT': 1.0}. Best is trial 179 with value: 19.0.[0m
2021-04-07 08:09:40.489262: I tensorflow/compiler/jit/xla_gpu_device.cc:99] Not creating XLA devices, tf_xla_enable_xla_devices not set
mse_error/peak_error 0 41.0
[32m[I 2021-04-07 08:09:45,152][0m Trial 200 finished with value: 41.0 and parameters: {'Vahp': -26.0, 'Vth': -21.5, 'Vmax': 28.5, 't_ref': 2.5, 'R': 0.4, 'tau_m': 34.5, 'R_adp': 0.7000000000000001, 'tau_w': 47.0, 'a': 72.5, 'delT': 1.0}. Best is trial 179 with value: 19.0.[0m
2021-04-07 08:09:45.372702: I tensorflow/compiler/jit/xla_gpu_device.cc:99] Not creating XLA devices, tf_xla_enable_xla_devices not set
mse_error/peak_error 0 41.0
[32m[I 2021-04-07 08:09:50,165][0m Trial 201 finished with value: 41.0 and parameters: {'Vahp': -25.0, 'Vth': -21.5, 'Vmax': 27.5, 't_ref': 2.0, 'R': 0.4, 'tau_m': 36.5, 'R_adp': 0.7000000000000001, 'tau_w': 40.5, 'a': 72.0, 'delT': 1.0}. Best is trial 179 with value: 19.0.[0m
2021-04-07 08:09:50.394365: I tensorflow/compiler/jit/xla_gpu_device.cc:99] Not creating XLA devices, tf_xla_enable_xla_devices not set
mse_error/peak_error 0 53.0
[32m[I 2021-04-07 08:09:55,078][0m Trial 202 finished with value: 53.0 and parameters: {'Vahp': -24.5, 'Vth': -21.5, 'Vmax': 28.5, 't_ref': 2.5, 'R': 0.4, 'tau_m': 34.5, 'R_adp': 0.7000000000000001, 'tau_w': 42.0, 'a': 69.0, 'delT': 0.5}. Best is trial 179 with value: 19.0.[0m
2021-04-07 08:09:55.295462: I tensorflow/compiler/jit/xla_gpu_device.cc:99] Not creating XLA devices, tf_xla_enable_xla_devices not set
mse_error/peak_error 0 36.0
[32m[I 2021-04-07 08:09:59,988][0m Trial 203 finished with value: 36.0 and parameters: {'Vahp': -26.0, 'Vth': -21.5, 'Vmax': 27.0, 't_ref': 1.5, 'R': 0.4, 'tau_m': 32.5, 'R_adp': 0.7000000000000001, 'tau_w': 41.0, 'a': 73.0, 'delT': 1.0}. Best is trial 179 with value: 19.0.[0m
2021-04-07 08:10:00.204389: I tensorflow/compiler/jit/xla_gpu_device.cc:99] Not creating XLA devices, tf_xla_enable_xla_devices not set
mse_error/peak_error 0 44.0
[32m[I 2021-04-07 08:10:04,979][0m Trial 204 finished with value: 44.0 and parameters: {'Vahp': -26.0, 'Vth': -21.5, 'Vmax': 26.5, 't_ref': 1.0, 'R': 0.4, 'tau_m': 32.5, 'R_adp': 0.7000000000000001, 'tau_w': 38.5, 'a': 73.5, 'delT': 1.0}. Best is trial 179 with value: 19.0.[0m
2021-04-07 08:10:05.197114: I tensorflow/compiler/jit/xla_gpu_device.cc:99] Not creating XLA devices, tf_xla_enable_xla_devices not set
mse_error/peak_error 0 56.0
[32m[I 2021-04-07 08:10:10,029][0m Trial 205 finished with value: 56.0 and parameters: {'Vahp': -24.0, 'Vth': -21.5, 'Vmax': 27.0, 't_ref': 2.0, 'R': 0.4, 'tau_m': 38.5, 'R_adp': 0.7000000000000001, 'tau_w': 41.5, 'a': 69.0, 'delT': 1.0}. Best is trial 179 with value: 19.0.[0m
2021-04-07 08:10:10.251962: I tensorflow/compiler/jit/xla_gpu_device.cc:99] Not creating XLA devices, tf_xla_enable_xla_devices not set
mse_error/peak_error 0 66.0
[32m[I 2021-04-07 08:10:15,063][0m Trial 206 finished with value: 66.0 and parameters: {'Vahp': -26.5, 'Vth': -22.0, 'Vmax': 27.5, 't_ref': 3.0, 'R': 0.4, 'tau_m': 32.0, 'R_adp': 0.7000000000000001, 'tau_w': 45.0, 'a': 77.0, 'delT': 1.5}. Best is trial 179 with value: 19.0.[0m
2021-04-07 08:10:15.286844: I tensorflow/compiler/jit/xla_gpu_device.cc:99] Not creating XLA devices, tf_xla_enable_xla_devices not set
mse_error/peak_error 0 61.0
[32m[I 2021-04-07 08:10:20,186][0m Trial 207 finished with value: 61.0 and parameters: {'Vahp': -23.5, 'Vth': -21.5, 'Vmax': 29.5, 't_ref': 1.5, 'R': 0.4, 'tau_m': 33.5, 'R_adp': 0.7000000000000001, 'tau_w': 38.0, 'a': 72.0, 'delT': 0.5}. Best is trial 179 with value: 19.0.[0m
2021-04-07 08:10:20.415096: I tensorflow/compiler/jit/xla_gpu_device.cc:99] Not creating XLA devices, tf_xla_enable_xla_devices not set
mse_error/peak_error 0 374
[32m[I 2021-04-07 08:10:25,390][0m Trial 208 finished with value: 374.0 and parameters: {'Vahp': -25.0, 'Vth': -21.5, 'Vmax': 26.5, 't_ref': 1.5, 'R': 0.30000000000000004, 'tau_m': 30.5, 'R_adp': 0.7000000000000001, 'tau_w': 35.5, 'a': 75.0, 'delT': 1.5}. Best is trial 179 with value: 19.0.[0m
2021-04-07 08:10:25.622693: I tensorflow/compiler/jit/xla_gpu_device.cc:99] Not creating XLA devices, tf_xla_enable_xla_devices not set
mse_error/peak_error 0 52.0
[32m[I 2021-04-07 08:10:30,572][0m Trial 209 finished with value: 52.0 and parameters: {'Vahp': -27.5, 'Vth': -22.0, 'Vmax': 28.5, 't_ref': 2.5, 'R': 0.4, 'tau_m': 32.5, 'R_adp': 0.7000000000000001, 'tau_w': 39.5, 'a': 73.0, 'delT': 0.5}. Best is trial 179 with value: 19.0.[0m
2021-04-07 08:10:30.798675: I tensorflow/compiler/jit/xla_gpu_device.cc:99] Not creating XLA devices, tf_xla_enable_xla_devices not set
mse_error/peak_error 0 408
[32m[I 2021-04-07 08:10:35,840][0m Trial 210 finished with value: 408.0 and parameters: {'Vahp': -26.0, 'Vth': -21.5, 'Vmax': 28.0, 't_ref': 2.0, 'R': 0.5, 'tau_m': 35.5, 'R_adp': 0.6, 'tau_w': 42.0, 'a': 67.0, 'delT': 1.0}. Best is trial 179 with value: 19.0.[0m
2021-04-07 08:10:36.079910: I tensorflow/compiler/jit/xla_gpu_device.cc:99] Not creating XLA devices, tf_xla_enable_xla_devices not set
mse_error/peak_error 0 45.0
[32m[I 2021-04-07 08:10:41,053][0m Trial 211 finished with value: 45.0 and parameters: {'Vahp': -25.0, 'Vth': -21.5, 'Vmax': 27.5, 't_ref': 2.5, 'R': 0.4, 'tau_m': 35.5, 'R_adp': 0.7000000000000001, 'tau_w': 40.5, 'a': 70.5, 'delT': 1.0}. Best is trial 179 with value: 19.0.[0m
2021-04-07 08:10:41.285607: I tensorflow/compiler/jit/xla_gpu_device.cc:99] Not creating XLA devices, tf_xla_enable_xla_devices not set
mse_error/peak_error 0 42.0
[32m[I 2021-04-07 08:10:46,323][0m Trial 212 finished with value: 42.0 and parameters: {'Vahp': -25.5, 'Vth': -21.5, 'Vmax': 28.0, 't_ref': 2.0, 'R': 0.4, 'tau_m': 33.5, 'R_adp': 0.7000000000000001, 'tau_w': 44.0, 'a': 71.5, 'delT': 1.0}. Best is trial 179 with value: 19.0.[0m
2021-04-07 08:10:46.549789: I tensorflow/compiler/jit/xla_gpu_device.cc:99] Not creating XLA devices, tf_xla_enable_xla_devices not set
mse_error/peak_error 0 154.0
[32m[I 2021-04-07 08:10:51,642][0m Trial 213 finished with value: 154.0 and parameters: {'Vahp': -24.5, 'Vth': -21.5, 'Vmax': 29.0, 't_ref': 1.0, 'R': 0.4, 'tau_m': 42.5, 'R_adp': 0.7000000000000001, 'tau_w': 38.0, 'a': 76.0, 'delT': 1.5}. Best is trial 179 with value: 19.0.[0m
2021-04-07 08:10:51.858480: I tensorflow/compiler/jit/xla_gpu_device.cc:99] Not creating XLA devices, tf_xla_enable_xla_devices not set
mse_error/peak_error 0 36.0
[32m[I 2021-04-07 08:10:56,862][0m Trial 214 finished with value: 36.0 and parameters: {'Vahp': -23.0, 'Vth': -21.5, 'Vmax': 27.0, 't_ref': 3.0, 'R': 0.4, 'tau_m': 31.5, 'R_adp': 0.7000000000000001, 'tau_w': 41.0, 'a': 69.0, 'delT': 1.5}. Best is trial 179 with value: 19.0.[0m
2021-04-07 08:10:57.087839: I tensorflow/compiler/jit/xla_gpu_device.cc:99] Not creating XLA devices, tf_xla_enable_xla_devices not set
mse_error/peak_error 0 41.0
[32m[I 2021-04-07 08:11:02,137][0m Trial 215 finished with value: 41.0 and parameters: {'Vahp': -22.5, 'Vth': -21.5, 'Vmax': 27.0, 't_ref': 3.0, 'R': 0.4, 'tau_m': 31.5, 'R_adp': 0.7000000000000001, 'tau_w': 46.0, 'a': 68.0, 'delT': 1.5}. Best is trial 179 with value: 19.0.[0m
2021-04-07 08:11:02.355615: I tensorflow/compiler/jit/xla_gpu_device.cc:99] Not creating XLA devices, tf_xla_enable_xla_devices not set
mse_error/peak_error 0 55.0
[32m[I 2021-04-07 08:11:07,449][0m Trial 216 finished with value: 55.0 and parameters: {'Vahp': -23.5, 'Vth': -21.5, 'Vmax': 25.5, 't_ref': 1.5, 'R': 0.4, 'tau_m': 38.0, 'R_adp': 0.7000000000000001, 'tau_w': 40.5, 'a': 69.5, 'delT': 1.0}. Best is trial 179 with value: 19.0.[0m
2021-04-07 08:11:07.665789: I tensorflow/compiler/jit/xla_gpu_device.cc:99] Not creating XLA devices, tf_xla_enable_xla_devices not set
mse_error/peak_error 0 45.0
[32m[I 2021-04-07 08:11:12,816][0m Trial 217 finished with value: 45.0 and parameters: {'Vahp': -23.0, 'Vth': -21.5, 'Vmax': 26.0, 't_ref': 2.5, 'R': 0.4, 'tau_m': 34.5, 'R_adp': 0.7000000000000001, 'tau_w': 42.0, 'a': 73.0, 'delT': 0.5}. Best is trial 179 with value: 19.0.[0m
2021-04-07 08:11:13.044767: I tensorflow/compiler/jit/xla_gpu_device.cc:99] Not creating XLA devices, tf_xla_enable_xla_devices not set
mse_error/peak_error 0 156
[32m[I 2021-04-07 08:11:18,201][0m Trial 218 finished with value: 156.0 and parameters: {'Vahp': -26.5, 'Vth': -22.0, 'Vmax': 27.0, 't_ref': 2.5, 'R': 0.4, 'tau_m': 31.0, 'R_adp': 0.5, 'tau_w': 38.0, 'a': 75.0, 'delT': 2.0}. Best is trial 179 with value: 19.0.[0m
2021-04-07 08:11:18.420103: I tensorflow/compiler/jit/xla_gpu_device.cc:99] Not creating XLA devices, tf_xla_enable_xla_devices not set
mse_error/peak_error 0 171
[32m[I 2021-04-07 08:11:23,641][0m Trial 219 finished with value: 171.0 and parameters: {'Vahp': -24.0, 'Vth': -21.5, 'Vmax': 28.5, 't_ref': 3.0, 'R': 0.4, 'tau_m': 31.5, 'R_adp': 0.8, 'tau_w': 44.5, 'a': 77.5, 'delT': 1.5}. Best is trial 179 with value: 19.0.[0m
2021-04-07 08:11:23.858553: I tensorflow/compiler/jit/xla_gpu_device.cc:99] Not creating XLA devices, tf_xla_enable_xla_devices not set
mse_error/peak_error 0 38.0
[32m[I 2021-04-07 08:11:29,045][0m Trial 220 finished with value: 38.0 and parameters: {'Vahp': -25.5, 'Vth': -21.5, 'Vmax': 27.5, 't_ref': 2.0, 'R': 0.4, 'tau_m': 29.0, 'R_adp': 0.7000000000000001, 'tau_w': 47.5, 'a': 73.5, 'delT': 2.0}. Best is trial 179 with value: 19.0.[0m
2021-04-07 08:11:29.263260: I tensorflow/compiler/jit/xla_gpu_device.cc:99] Not creating XLA devices, tf_xla_enable_xla_devices not set
mse_error/peak_error 0 39.0
[32m[I 2021-04-07 08:11:34,518][0m Trial 221 finished with value: 39.0 and parameters: {'Vahp': -25.5, 'Vth': -21.5, 'Vmax': 27.5, 't_ref': 1.5, 'R': 0.4, 'tau_m': 29.5, 'R_adp': 0.7000000000000001, 'tau_w': 48.5, 'a': 73.0, 'delT': 2.0}. Best is trial 179 with value: 19.0.[0m
2021-04-07 08:11:34.745522: I tensorflow/compiler/jit/xla_gpu_device.cc:99] Not creating XLA devices, tf_xla_enable_xla_devices not set
mse_error/peak_error 0 33.0
[32m[I 2021-04-07 08:11:39,956][0m Trial 222 finished with value: 33.0 and parameters: {'Vahp': -24.5, 'Vth': -21.5, 'Vmax': 26.5, 't_ref': 3.0, 'R': 0.4, 'tau_m': 29.0, 'R_adp': 0.7000000000000001, 'tau_w': 43.0, 'a': 71.0, 'delT': 2.0}. Best is trial 179 with value: 19.0.[0m
2021-04-07 08:11:40.188747: I tensorflow/compiler/jit/xla_gpu_device.cc:99] Not creating XLA devices, tf_xla_enable_xla_devices not set
mse_error/peak_error 0 27.0
[32m[I 2021-04-07 08:11:45,432][0m Trial 223 finished with value: 27.0 and parameters: {'Vahp': -26.0, 'Vth': -21.5, 'Vmax': 27.0, 't_ref': 3.0, 'R': 0.4, 'tau_m': 27.5, 'R_adp': 0.7000000000000001, 'tau_w': 47.0, 'a': 74.5, 'delT': 2.0}. Best is trial 179 with value: 19.0.[0m
2021-04-07 08:11:45.661415: I tensorflow/compiler/jit/xla_gpu_device.cc:99] Not creating XLA devices, tf_xla_enable_xla_devices not set
mse_error/peak_error 0 35.0
[32m[I 2021-04-07 08:11:50,930][0m Trial 224 finished with value: 35.0 and parameters: {'Vahp': -26.0, 'Vth': -22.0, 'Vmax': 26.0, 't_ref': 3.5, 'R': 0.4, 'tau_m': 28.5, 'R_adp': 0.7000000000000001, 'tau_w': 48.0, 'a': 74.0, 'delT': 2.0}. Best is trial 179 with value: 19.0.[0m
2021-04-07 08:11:51.158017: I tensorflow/compiler/jit/xla_gpu_device.cc:99] Not creating XLA devices, tf_xla_enable_xla_devices not set
mse_error/peak_error 0 35.0
[32m[I 2021-04-07 08:11:56,473][0m Trial 225 finished with value: 35.0 and parameters: {'Vahp': -27.5, 'Vth': -22.0, 'Vmax': 26.0, 't_ref': 3.5, 'R': 0.4, 'tau_m': 28.0, 'R_adp': 0.7000000000000001, 'tau_w': 47.5, 'a': 74.5, 'delT': 2.0}. Best is trial 179 with value: 19.0.[0m
2021-04-07 08:11:56.713964: I tensorflow/compiler/jit/xla_gpu_device.cc:99] Not creating XLA devices, tf_xla_enable_xla_devices not set
mse_error/peak_error 0 31.0
[32m[I 2021-04-07 08:12:02,048][0m Trial 226 finished with value: 31.0 and parameters: {'Vahp': -27.0, 'Vth': -22.0, 'Vmax': 26.0, 't_ref': 3.5, 'R': 0.4, 'tau_m': 27.5, 'R_adp': 0.7000000000000001, 'tau_w': 49.0, 'a': 75.0, 'delT': 1.5}. Best is trial 179 with value: 19.0.[0m
2021-04-07 08:12:02.264013: I tensorflow/compiler/jit/xla_gpu_device.cc:99] Not creating XLA devices, tf_xla_enable_xla_devices not set
mse_error/peak_error 0 13.0
[32m[I 2021-04-07 08:12:07,576][0m Trial 227 finished with value: 13.0 and parameters: {'Vahp': -28.5, 'Vth': -22.0, 'Vmax': 26.0, 't_ref': 3.5, 'R': 0.4, 'tau_m': 27.0, 'R_adp': 0.7000000000000001, 'tau_w': 50.5, 'a': 67.0, 'delT': 2.0}. Best is trial 227 with value: 13.0.[0m
2021-04-07 08:12:07.794395: I tensorflow/compiler/jit/xla_gpu_device.cc:99] Not creating XLA devices, tf_xla_enable_xla_devices not set
mse_error/peak_error 0 32.0
[32m[I 2021-04-07 08:12:13,105][0m Trial 228 finished with value: 32.0 and parameters: {'Vahp': -27.5, 'Vth': -22.0, 'Vmax': 26.0, 't_ref': 3.5, 'R': 0.4, 'tau_m': 27.0, 'R_adp': 0.7000000000000001, 'tau_w': 50.0, 'a': 75.5, 'delT': 2.0}. Best is trial 227 with value: 13.0.[0m
2021-04-07 08:12:13.347970: I tensorflow/compiler/jit/xla_gpu_device.cc:99] Not creating XLA devices, tf_xla_enable_xla_devices not set
mse_error/peak_error 0 38.0
[32m[I 2021-04-07 08:12:18,864][0m Trial 229 finished with value: 38.0 and parameters: {'Vahp': -29.0, 'Vth': -22.0, 'Vmax': 25.5, 't_ref': 3.5, 'R': 0.4, 'tau_m': 28.0, 'R_adp': 0.7000000000000001, 'tau_w': 48.5, 'a': 75.0, 'delT': 2.0}. Best is trial 227 with value: 13.0.[0m
2021-04-07 08:12:19.109810: I tensorflow/compiler/jit/xla_gpu_device.cc:99] Not creating XLA devices, tf_xla_enable_xla_devices not set
mse_error/peak_error 0 25.0
[32m[I 2021-04-07 08:12:24,596][0m Trial 230 finished with value: 25.0 and parameters: {'Vahp': -28.5, 'Vth': -22.0, 'Vmax': 26.0, 't_ref': 3.5, 'R': 0.4, 'tau_m': 27.5, 'R_adp': 0.7000000000000001, 'tau_w': 46.5, 'a': 75.0, 'delT': 2.0}. Best is trial 227 with value: 13.0.[0m
2021-04-07 08:12:24.863934: I tensorflow/compiler/jit/xla_gpu_device.cc:99] Not creating XLA devices, tf_xla_enable_xla_devices not set
mse_error/peak_error 0 44.0
[32m[I 2021-04-07 08:12:30,378][0m Trial 231 finished with value: 44.0 and parameters: {'Vahp': -28.0, 'Vth': -22.0, 'Vmax': 26.0, 't_ref': 3.5, 'R': 0.4, 'tau_m': 27.5, 'R_adp': 0.7000000000000001, 'tau_w': 52.0, 'a': 75.0, 'delT': 2.0}. Best is trial 227 with value: 13.0.[0m
2021-04-07 08:12:30.623813: I tensorflow/compiler/jit/xla_gpu_device.cc:99] Not creating XLA devices, tf_xla_enable_xla_devices not set
mse_error/peak_error 0 54.0
[32m[I 2021-04-07 08:12:36,133][0m Trial 232 finished with value: 54.0 and parameters: {'Vahp': -28.5, 'Vth': -22.0, 'Vmax': 25.5, 't_ref': 3.5, 'R': 0.4, 'tau_m': 30.0, 'R_adp': 0.7000000000000001, 'tau_w': 50.5, 'a': 71.5, 'delT': 2.0}. Best is trial 227 with value: 13.0.[0m
2021-04-07 08:12:36.372037: I tensorflow/compiler/jit/xla_gpu_device.cc:99] Not creating XLA devices, tf_xla_enable_xla_devices not set
mse_error/peak_error 0 40.0
[32m[I 2021-04-07 08:12:41,929][0m Trial 233 finished with value: 40.0 and parameters: {'Vahp': -29.5, 'Vth': -22.0, 'Vmax': 25.0, 't_ref': 3.0, 'R': 0.4, 'tau_m': 27.0, 'R_adp': 0.7000000000000001, 'tau_w': 52.0, 'a': 74.0, 'delT': 2.0}. Best is trial 227 with value: 13.0.[0m
2021-04-07 08:12:42.175995: I tensorflow/compiler/jit/xla_gpu_device.cc:99] Not creating XLA devices, tf_xla_enable_xla_devices not set
mse_error/peak_error 0 1900
[32m[I 2021-04-07 08:12:47,721][0m Trial 234 finished with value: 1900.0 and parameters: {'Vahp': -27.5, 'Vth': -22.0, 'Vmax': 26.5, 't_ref': 3.0, 'R': 0.1, 'tau_m': 25.0, 'R_adp': 0.7000000000000001, 'tau_w': 50.5, 'a': 70.0, 'delT': 1.5}. Best is trial 227 with value: 13.0.[0m
2021-04-07 08:12:47.972807: I tensorflow/compiler/jit/xla_gpu_device.cc:99] Not creating XLA devices, tf_xla_enable_xla_devices not set
mse_error/peak_error 0 39.0
[32m[I 2021-04-07 08:12:53,582][0m Trial 235 finished with value: 39.0 and parameters: {'Vahp': -27.0, 'Vth': -22.0, 'Vmax': 26.0, 't_ref': 3.5, 'R': 0.4, 'tau_m': 27.5, 'R_adp': 0.7000000000000001, 'tau_w': 47.0, 'a': 77.0, 'delT': 2.0}. Best is trial 227 with value: 13.0.[0m
2021-04-07 08:12:53.805374: I tensorflow/compiler/jit/xla_gpu_device.cc:99] Not creating XLA devices, tf_xla_enable_xla_devices not set
mse_error/peak_error 0 44.0
[32m[I 2021-04-07 08:12:59,438][0m Trial 236 finished with value: 44.0 and parameters: {'Vahp': -27.0, 'Vth': -22.0, 'Vmax': 25.0, 't_ref': 3.0, 'R': 0.4, 'tau_m': 30.5, 'R_adp': 0.7000000000000001, 'tau_w': 54.0, 'a': 72.5, 'delT': 1.5}. Best is trial 227 with value: 13.0.[0m
2021-04-07 08:12:59.688603: I tensorflow/compiler/jit/xla_gpu_device.cc:99] Not creating XLA devices, tf_xla_enable_xla_devices not set
mse_error/peak_error 0 76.0
[32m[I 2021-04-07 08:13:05,327][0m Trial 237 finished with value: 76.0 and parameters: {'Vahp': -26.5, 'Vth': -22.0, 'Vmax': 26.5, 't_ref': 3.0, 'R': 0.4, 'tau_m': 32.0, 'R_adp': 0.7000000000000001, 'tau_w': 46.0, 'a': 75.5, 'delT': 2.0}. Best is trial 227 with value: 13.0.[0m
2021-04-07 08:13:05.559909: I tensorflow/compiler/jit/xla_gpu_device.cc:99] Not creating XLA devices, tf_xla_enable_xla_devices not set
mse_error/peak_error 0 65.0
[32m[I 2021-04-07 08:13:11,231][0m Trial 238 finished with value: 65.0 and parameters: {'Vahp': -28.5, 'Vth': -22.5, 'Vmax': 26.0, 't_ref': 4.0, 'R': 0.4, 'tau_m': 24.0, 'R_adp': 0.7000000000000001, 'tau_w': 48.5, 'a': 69.0, 'delT': 1.5}. Best is trial 227 with value: 13.0.[0m
2021-04-07 08:13:11.450591: I tensorflow/compiler/jit/xla_gpu_device.cc:99] Not creating XLA devices, tf_xla_enable_xla_devices not set
mse_error/peak_error 0 58.0
[32m[I 2021-04-07 08:13:17,123][0m Trial 239 finished with value: 58.0 and parameters: {'Vahp': -27.5, 'Vth': -22.0, 'Vmax': 24.5, 't_ref': 3.5, 'R': 0.4, 'tau_m': 29.5, 'R_adp': 0.7000000000000001, 'tau_w': 50.0, 'a': 74.0, 'delT': 2.0}. Best is trial 227 with value: 13.0.[0m
2021-04-07 08:13:17.343187: I tensorflow/compiler/jit/xla_gpu_device.cc:99] Not creating XLA devices, tf_xla_enable_xla_devices not set
mse_error/peak_error 0 30.0
[32m[I 2021-04-07 08:13:23,003][0m Trial 240 finished with value: 30.0 and parameters: {'Vahp': -26.5, 'Vth': -22.0, 'Vmax': 26.5, 't_ref': 2.5, 'R': 0.4, 'tau_m': 27.5, 'R_adp': 0.7000000000000001, 'tau_w': 45.5, 'a': 77.0, 'delT': 1.5}. Best is trial 227 with value: 13.0.[0m
2021-04-07 08:13:23.224976: I tensorflow/compiler/jit/xla_gpu_device.cc:99] Not creating XLA devices, tf_xla_enable_xla_devices not set
mse_error/peak_error 0 32.0
