[32m[I 2021-04-07 11:19:22,394][0m Trial 900 finished with value: 143.0 and parameters: {'Vahp': -24.5, 'Vth': -23.0, 'Vmax': 26.0, 't_ref': 4.5, 'R': 0.4, 'tau_m': 23.0, 'R_adp': 0.8, 'tau_w': 35.5, 'a': 61.5, 'delT': 2.5}. Best is trial 876 with value: 1.0.[0m
2021-04-07 11:19:22.668020: I tensorflow/compiler/jit/xla_gpu_device.cc:99] Not creating XLA devices, tf_xla_enable_xla_devices not set
mse_error/peak_error 0 20.0
[32m[I 2021-04-07 11:19:52,871][0m Trial 901 finished with value: 20.0 and parameters: {'Vahp': -25.5, 'Vth': -23.0, 'Vmax': 29.0, 't_ref': 4.0, 'R': 0.4, 'tau_m': 28.0, 'R_adp': 0.8, 'tau_w': 41.5, 'a': 71.0, 'delT': 1.5}. Best is trial 876 with value: 1.0.[0m
2021-04-07 11:19:53.150484: I tensorflow/compiler/jit/xla_gpu_device.cc:99] Not creating XLA devices, tf_xla_enable_xla_devices not set
mse_error/peak_error 0 387
[32m[I 2021-04-07 11:20:23,754][0m Trial 902 finished with value: 387.0 and parameters: {'Vahp': -25.0, 'Vth': -23.0, 'Vmax': 28.5, 't_ref': 4.5, 'R': 0.30000000000000004, 'tau_m': 28.0, 'R_adp': 0.8, 'tau_w': 38.0, 'a': 73.5, 'delT': 2.0}. Best is trial 876 with value: 1.0.[0m
2021-04-07 11:20:24.035390: I tensorflow/compiler/jit/xla_gpu_device.cc:99] Not creating XLA devices, tf_xla_enable_xla_devices not set
mse_error/peak_error 0 133
[32m[I 2021-04-07 11:20:55,170][0m Trial 903 finished with value: 133.0 and parameters: {'Vahp': -23.5, 'Vth': -23.0, 'Vmax': 25.0, 't_ref': 6.0, 'R': 0.4, 'tau_m': 24.5, 'R_adp': 0.8, 'tau_w': 34.0, 'a': 65.5, 'delT': 2.0}. Best is trial 876 with value: 1.0.[0m
2021-04-07 11:20:55.455517: I tensorflow/compiler/jit/xla_gpu_device.cc:99] Not creating XLA devices, tf_xla_enable_xla_devices not set
mse_error/peak_error 0 4.0
[32m[I 2021-04-07 11:21:26,597][0m Trial 904 finished with value: 4.0 and parameters: {'Vahp': -22.0, 'Vth': -20.5, 'Vmax': 26.5, 't_ref': 5.5, 'R': 0.4, 'tau_m': 25.5, 'R_adp': 0.8, 'tau_w': 39.5, 'a': 68.0, 'delT': 1.5}. Best is trial 876 with value: 1.0.[0m
2021-04-07 11:21:26.906380: I tensorflow/compiler/jit/xla_gpu_device.cc:99] Not creating XLA devices, tf_xla_enable_xla_devices not set
mse_error/peak_error 0 168
[32m[I 2021-04-07 11:21:58,254][0m Trial 905 finished with value: 168.0 and parameters: {'Vahp': -21.5, 'Vth': -20.5, 'Vmax': 26.5, 't_ref': 6.5, 'R': 0.4, 'tau_m': 22.0, 'R_adp': 0.8, 'tau_w': 43.5, 'a': 98.0, 'delT': 1.5}. Best is trial 876 with value: 1.0.[0m
2021-04-07 11:21:58.548515: I tensorflow/compiler/jit/xla_gpu_device.cc:99] Not creating XLA devices, tf_xla_enable_xla_devices not set
mse_error/peak_error 0 236
[32m[I 2021-04-07 11:22:30,072][0m Trial 906 finished with value: 236.0 and parameters: {'Vahp': -20.0, 'Vth': -20.0, 'Vmax': 26.0, 't_ref': 6.5, 'R': 0.5, 'tau_m': 19.5, 'R_adp': 0.8, 'tau_w': 41.0, 'a': 67.0, 'delT': 2.0}. Best is trial 876 with value: 1.0.[0m
2021-04-07 11:22:30.366684: I tensorflow/compiler/jit/xla_gpu_device.cc:99] Not creating XLA devices, tf_xla_enable_xla_devices not set
mse_error/peak_error 0 19.0
[32m[I 2021-04-07 11:23:02,028][0m Trial 907 finished with value: 19.0 and parameters: {'Vahp': -23.5, 'Vth': -23.0, 'Vmax': 27.5, 't_ref': 6.0, 'R': 0.4, 'tau_m': 26.0, 'R_adp': 0.8, 'tau_w': 40.0, 'a': 70.0, 'delT': 1.5}. Best is trial 876 with value: 1.0.[0m
2021-04-07 11:23:02.332676: I tensorflow/compiler/jit/xla_gpu_device.cc:99] Not creating XLA devices, tf_xla_enable_xla_devices not set
mse_error/peak_error 0 30.0
[32m[I 2021-04-07 11:23:34,299][0m Trial 908 finished with value: 30.0 and parameters: {'Vahp': -45.0, 'Vth': -22.0, 'Vmax': 27.0, 't_ref': 5.5, 'R': 0.4, 'tau_m': 27.0, 'R_adp': 0.8, 'tau_w': 43.5, 'a': 68.5, 'delT': 1.0}. Best is trial 876 with value: 1.0.[0m
2021-04-07 11:23:34.580652: I tensorflow/compiler/jit/xla_gpu_device.cc:99] Not creating XLA devices, tf_xla_enable_xla_devices not set
mse_error/peak_error 0 35.0
[32m[I 2021-04-07 11:24:06,362][0m Trial 909 finished with value: 35.0 and parameters: {'Vahp': -24.5, 'Vth': -23.0, 'Vmax': 27.5, 't_ref': 5.5, 'R': 0.4, 'tau_m': 24.0, 'R_adp': 0.8, 'tau_w': 39.5, 'a': 71.5, 'delT': 1.5}. Best is trial 876 with value: 1.0.[0m
2021-04-07 11:24:06.671530: I tensorflow/compiler/jit/xla_gpu_device.cc:99] Not creating XLA devices, tf_xla_enable_xla_devices not set
mse_error/peak_error 0 158
[32m[I 2021-04-07 11:24:38,553][0m Trial 910 finished with value: 158.0 and parameters: {'Vahp': -22.0, 'Vth': -21.0, 'Vmax': 26.5, 't_ref': 6.0, 'R': 0.4, 'tau_m': 22.5, 'R_adp': 0.8, 'tau_w': 37.5, 'a': 64.0, 'delT': 1.5}. Best is trial 876 with value: 1.0.[0m
2021-04-07 11:24:38.838363: I tensorflow/compiler/jit/xla_gpu_device.cc:99] Not creating XLA devices, tf_xla_enable_xla_devices not set
mse_error/peak_error 0 16.0
[32m[I 2021-04-07 11:25:10,336][0m Trial 911 finished with value: 16.0 and parameters: {'Vahp': -24.0, 'Vth': -23.0, 'Vmax': 27.0, 't_ref': 5.5, 'R': 0.4, 'tau_m': 30.5, 'R_adp': 0.8, 'tau_w': 42.0, 'a': 69.0, 'delT': 1.0}. Best is trial 876 with value: 1.0.[0m
2021-04-07 11:25:10.633229: I tensorflow/compiler/jit/xla_gpu_device.cc:99] Not creating XLA devices, tf_xla_enable_xla_devices not set
mse_error/peak_error 0 683
[32m[I 2021-04-07 11:25:41,941][0m Trial 912 finished with value: 683.0 and parameters: {'Vahp': -26.0, 'Vth': -23.0, 'Vmax': 28.0, 't_ref': 4.0, 'R': 0.30000000000000004, 'tau_m': 45.0, 'R_adp': 0.8, 'tau_w': 37.5, 'a': 74.0, 'delT': 2.0}. Best is trial 876 with value: 1.0.[0m
2021-04-07 11:25:42.231808: I tensorflow/compiler/jit/xla_gpu_device.cc:99] Not creating XLA devices, tf_xla_enable_xla_devices not set
mse_error/peak_error 0 28.0
[32m[I 2021-04-07 11:26:13,963][0m Trial 913 finished with value: 28.0 and parameters: {'Vahp': -20.5, 'Vth': -20.5, 'Vmax': 27.0, 't_ref': 5.5, 'R': 0.4, 'tau_m': 27.0, 'R_adp': 0.8, 'tau_w': 40.5, 'a': 69.5, 'delT': 1.5}. Best is trial 876 with value: 1.0.[0m
2021-04-07 11:26:14.268958: I tensorflow/compiler/jit/xla_gpu_device.cc:99] Not creating XLA devices, tf_xla_enable_xla_devices not set
mse_error/peak_error 0 20.0
[32m[I 2021-04-07 11:26:45,624][0m Trial 914 finished with value: 20.0 and parameters: {'Vahp': -23.0, 'Vth': -23.0, 'Vmax': 25.0, 't_ref': 5.0, 'R': 0.4, 'tau_m': 29.0, 'R_adp': 0.8, 'tau_w': 39.5, 'a': 68.0, 'delT': 1.5}. Best is trial 876 with value: 1.0.[0m
2021-04-07 11:26:45.917501: I tensorflow/compiler/jit/xla_gpu_device.cc:99] Not creating XLA devices, tf_xla_enable_xla_devices not set
mse_error/peak_error 0 47.0
[32m[I 2021-04-07 11:27:17,394][0m Trial 915 finished with value: 47.0 and parameters: {'Vahp': -23.5, 'Vth': -23.0, 'Vmax': 26.5, 't_ref': 6.0, 'R': 0.4, 'tau_m': 25.0, 'R_adp': 0.8, 'tau_w': 39.0, 'a': 71.0, 'delT': 1.0}. Best is trial 876 with value: 1.0.[0m
2021-04-07 11:27:17.681720: I tensorflow/compiler/jit/xla_gpu_device.cc:99] Not creating XLA devices, tf_xla_enable_xla_devices not set
mse_error/peak_error 0 132
[32m[I 2021-04-07 11:27:49,256][0m Trial 916 finished with value: 132.0 and parameters: {'Vahp': -21.0, 'Vth': -20.5, 'Vmax': 26.0, 't_ref': 5.0, 'R': 0.5, 'tau_m': 25.0, 'R_adp': 0.8, 'tau_w': 36.0, 'a': 65.5, 'delT': 8.5}. Best is trial 876 with value: 1.0.[0m
2021-04-07 11:27:49.541685: I tensorflow/compiler/jit/xla_gpu_device.cc:99] Not creating XLA devices, tf_xla_enable_xla_devices not set
mse_error/peak_error 0 483
[32m[I 2021-04-07 11:28:21,245][0m Trial 917 finished with value: 483.0 and parameters: {'Vahp': -22.5, 'Vth': -20.5, 'Vmax': 27.5, 't_ref': 5.5, 'R': 0.4, 'tau_m': 32.0, 'R_adp': 0.8, 'tau_w': 8.0, 'a': 71.5, 'delT': 1.5}. Best is trial 876 with value: 1.0.[0m
2021-04-07 11:28:21.531619: I tensorflow/compiler/jit/xla_gpu_device.cc:99] Not creating XLA devices, tf_xla_enable_xla_devices not set
mse_error/peak_error 0 17.0
[32m[I 2021-04-07 11:28:53,235][0m Trial 918 finished with value: 17.0 and parameters: {'Vahp': -24.0, 'Vth': -23.0, 'Vmax': 28.5, 't_ref': 5.0, 'R': 0.4, 'tau_m': 27.5, 'R_adp': 0.8, 'tau_w': 43.5, 'a': 71.5, 'delT': 1.5}. Best is trial 876 with value: 1.0.[0m
2021-04-07 11:28:53.554070: I tensorflow/compiler/jit/xla_gpu_device.cc:99] Not creating XLA devices, tf_xla_enable_xla_devices not set
mse_error/peak_error 0 219
[32m[I 2021-04-07 11:29:25,282][0m Trial 919 finished with value: 219.0 and parameters: {'Vahp': -21.5, 'Vth': -20.5, 'Vmax': 25.5, 't_ref': 4.5, 'R': 0.30000000000000004, 'tau_m': 18.0, 'R_adp': 0.8, 'tau_w': 36.5, 'a': 67.0, 'delT': 2.0}. Best is trial 876 with value: 1.0.[0m
2021-04-07 11:29:25.568939: I tensorflow/compiler/jit/xla_gpu_device.cc:99] Not creating XLA devices, tf_xla_enable_xla_devices not set
mse_error/peak_error 0 628.0
[32m[I 2021-04-07 11:29:57,777][0m Trial 920 finished with value: 628.0 and parameters: {'Vahp': -22.0, 'Vth': -21.0, 'Vmax': 26.0, 't_ref': 5.0, 'R': 0.4, 'tau_m': 22.5, 'R_adp': 0.2, 'tau_w': 38.0, 'a': 63.0, 'delT': 1.5}. Best is trial 876 with value: 1.0.[0m
2021-04-07 11:29:58.054941: I tensorflow/compiler/jit/xla_gpu_device.cc:99] Not creating XLA devices, tf_xla_enable_xla_devices not set
mse_error/peak_error 0 15.0
[32m[I 2021-04-07 11:30:29,916][0m Trial 921 finished with value: 15.0 and parameters: {'Vahp': -23.5, 'Vth': -23.0, 'Vmax': 29.0, 't_ref': 5.5, 'R': 0.4, 'tau_m': 29.5, 'R_adp': 0.8, 'tau_w': 42.0, 'a': 70.0, 'delT': 1.0}. Best is trial 876 with value: 1.0.[0m
2021-04-07 11:30:30.191111: I tensorflow/compiler/jit/xla_gpu_device.cc:99] Not creating XLA devices, tf_xla_enable_xla_devices not set
mse_error/peak_error 0 120
[32m[I 2021-04-07 11:31:01,874][0m Trial 922 finished with value: 120.0 and parameters: {'Vahp': -25.0, 'Vth': -23.0, 'Vmax': 24.0, 't_ref': 7.0, 'R': 0.4, 'tau_m': 26.0, 'R_adp': 0.8, 'tau_w': 34.0, 'a': 69.5, 'delT': 1.5}. Best is trial 876 with value: 1.0.[0m
2021-04-07 11:31:02.153589: I tensorflow/compiler/jit/xla_gpu_device.cc:99] Not creating XLA devices, tf_xla_enable_xla_devices not set
mse_error/peak_error 0 35.0
[32m[I 2021-04-07 11:31:34,353][0m Trial 923 finished with value: 35.0 and parameters: {'Vahp': -20.0, 'Vth': -20.0, 'Vmax': 28.0, 't_ref': 4.5, 'R': 0.4, 'tau_m': 28.0, 'R_adp': 0.8, 'tau_w': 39.5, 'a': 72.5, 'delT': 1.5}. Best is trial 876 with value: 1.0.[0m
2021-04-07 11:31:34.658392: I tensorflow/compiler/jit/xla_gpu_device.cc:99] Not creating XLA devices, tf_xla_enable_xla_devices not set
mse_error/peak_error 0 23.0
[32m[I 2021-04-07 11:32:06,888][0m Trial 924 finished with value: 23.0 and parameters: {'Vahp': -23.0, 'Vth': -23.0, 'Vmax': 27.0, 't_ref': 6.0, 'R': 0.4, 'tau_m': 30.0, 'R_adp': 0.8, 'tau_w': 34.5, 'a': 68.0, 'delT': 1.5}. Best is trial 876 with value: 1.0.[0m
2021-04-07 11:32:07.178361: I tensorflow/compiler/jit/xla_gpu_device.cc:99] Not creating XLA devices, tf_xla_enable_xla_devices not set
mse_error/peak_error 0 35.0
[32m[I 2021-04-07 11:32:39,185][0m Trial 925 finished with value: 35.0 and parameters: {'Vahp': -22.0, 'Vth': -21.0, 'Vmax': 26.0, 't_ref': 5.0, 'R': 0.4, 'tau_m': 23.5, 'R_adp': 0.8, 'tau_w': 36.5, 'a': 65.0, 'delT': 2.0}. Best is trial 876 with value: 1.0.[0m
2021-04-07 11:32:39.470766: I tensorflow/compiler/jit/xla_gpu_device.cc:99] Not creating XLA devices, tf_xla_enable_xla_devices not set
mse_error/peak_error 0 80.0
[32m[I 2021-04-07 11:33:11,599][0m Trial 926 finished with value: 80.0 and parameters: {'Vahp': -21.0, 'Vth': -20.5, 'Vmax': 25.0, 't_ref': 5.0, 'R': 0.4, 'tau_m': 20.5, 'R_adp': 0.8, 'tau_w': 38.0, 'a': 66.0, 'delT': 1.5}. Best is trial 876 with value: 1.0.[0m
2021-04-07 11:33:11.892364: I tensorflow/compiler/jit/xla_gpu_device.cc:99] Not creating XLA devices, tf_xla_enable_xla_devices not set
mse_error/peak_error 0 15.0
[32m[I 2021-04-07 11:33:44,399][0m Trial 927 finished with value: 15.0 and parameters: {'Vahp': -22.5, 'Vth': -21.0, 'Vmax': 26.5, 't_ref': 5.5, 'R': 0.4, 'tau_m': 25.0, 'R_adp': 0.8, 'tau_w': 41.0, 'a': 67.5, 'delT': 2.0}. Best is trial 876 with value: 1.0.[0m
2021-04-07 11:33:44.710745: I tensorflow/compiler/jit/xla_gpu_device.cc:99] Not creating XLA devices, tf_xla_enable_xla_devices not set
mse_error/peak_error 0 334
[32m[I 2021-04-07 11:34:17,038][0m Trial 928 finished with value: 334.0 and parameters: {'Vahp': -24.0, 'Vth': -23.0, 'Vmax': 29.0, 't_ref': 4.5, 'R': 0.5, 'tau_m': 54.5, 'R_adp': 0.8, 'tau_w': 38.5, 'a': 49.5, 'delT': 1.5}. Best is trial 876 with value: 1.0.[0m
2021-04-07 11:34:17.323906: I tensorflow/compiler/jit/xla_gpu_device.cc:99] Not creating XLA devices, tf_xla_enable_xla_devices not set
mse_error/peak_error 0 111
[32m[I 2021-04-07 11:34:49,826][0m Trial 929 finished with value: 111.0 and parameters: {'Vahp': -22.5, 'Vth': -20.5, 'Vmax': 25.5, 't_ref': 4.5, 'R': 0.4, 'tau_m': 24.0, 'R_adp': 0.8, 'tau_w': 35.0, 'a': 62.5, 'delT': 2.5}. Best is trial 876 with value: 1.0.[0m
2021-04-07 11:34:50.120236: I tensorflow/compiler/jit/xla_gpu_device.cc:99] Not creating XLA devices, tf_xla_enable_xla_devices not set
mse_error/peak_error 0 191
[32m[I 2021-04-07 11:35:22,462][0m Trial 930 finished with value: 191.0 and parameters: {'Vahp': -21.0, 'Vth': -20.5, 'Vmax': 24.5, 't_ref': 5.0, 'R': 0.4, 'tau_m': 21.5, 'R_adp': 0.8, 'tau_w': 36.5, 'a': 67.0, 'delT': 1.0}. Best is trial 876 with value: 1.0.[0m
2021-04-07 11:35:22.745314: I tensorflow/compiler/jit/xla_gpu_device.cc:99] Not creating XLA devices, tf_xla_enable_xla_devices not set
mse_error/peak_error 0 78.0
[32m[I 2021-04-07 11:35:55,626][0m Trial 931 finished with value: 78.0 and parameters: {'Vahp': -26.0, 'Vth': -23.0, 'Vmax': 27.5, 't_ref': 4.5, 'R': 0.4, 'tau_m': 32.0, 'R_adp': 0.8, 'tau_w': 33.0, 'a': 73.5, 'delT': 2.0}. Best is trial 876 with value: 1.0.[0m
2021-04-07 11:35:55.914907: I tensorflow/compiler/jit/xla_gpu_device.cc:99] Not creating XLA devices, tf_xla_enable_xla_devices not set
mse_error/peak_error 0 37.0
[32m[I 2021-04-07 11:36:28,398][0m Trial 932 finished with value: 37.0 and parameters: {'Vahp': -22.0, 'Vth': -20.5, 'Vmax': 26.5, 't_ref': 5.5, 'R': 0.4, 'tau_m': 26.0, 'R_adp': 0.8, 'tau_w': 36.0, 'a': 64.5, 'delT': 2.5}. Best is trial 876 with value: 1.0.[0m
2021-04-07 11:36:28.685868: I tensorflow/compiler/jit/xla_gpu_device.cc:99] Not creating XLA devices, tf_xla_enable_xla_devices not set
mse_error/peak_error 0 363
[32m[I 2021-04-07 11:37:01,270][0m Trial 933 finished with value: 363.0 and parameters: {'Vahp': -26.0, 'Vth': -22.5, 'Vmax': 28.0, 't_ref': 4.0, 'R': 0.30000000000000004, 'tau_m': 27.5, 'R_adp': 0.8, 'tau_w': 32.5, 'a': 73.5, 'delT': 2.0}. Best is trial 876 with value: 1.0.[0m
2021-04-07 11:37:01.570252: I tensorflow/compiler/jit/xla_gpu_device.cc:99] Not creating XLA devices, tf_xla_enable_xla_devices not set
mse_error/peak_error 0 310
[32m[I 2021-04-07 11:37:34,850][0m Trial 934 finished with value: 310.0 and parameters: {'Vahp': -24.5, 'Vth': -23.0, 'Vmax': 27.5, 't_ref': 6.0, 'R': 0.5, 'tau_m': 29.0, 'R_adp': 0.8, 'tau_w': 34.0, 'a': 70.0, 'delT': 1.5}. Best is trial 876 with value: 1.0.[0m
2021-04-07 11:37:35.162128: I tensorflow/compiler/jit/xla_gpu_device.cc:99] Not creating XLA devices, tf_xla_enable_xla_devices not set
mse_error/peak_error 0 9.0
[32m[I 2021-04-07 11:38:08,486][0m Trial 935 finished with value: 9.0 and parameters: {'Vahp': -20.0, 'Vth': -20.0, 'Vmax': 23.5, 't_ref': 5.0, 'R': 0.4, 'tau_m': 25.0, 'R_adp': 0.8, 'tau_w': 40.5, 'a': 67.5, 'delT': 2.0}. Best is trial 876 with value: 1.0.[0m
2021-04-07 11:38:08.778688: I tensorflow/compiler/jit/xla_gpu_device.cc:99] Not creating XLA devices, tf_xla_enable_xla_devices not set
mse_error/peak_error 0 32.0
[32m[I 2021-04-07 11:38:41,750][0m Trial 936 finished with value: 32.0 and parameters: {'Vahp': -25.5, 'Vth': -23.0, 'Vmax': 28.5, 't_ref': 4.0, 'R': 0.4, 'tau_m': 27.0, 'R_adp': 0.8, 'tau_w': 34.0, 'a': 73.5, 'delT': 2.5}. Best is trial 876 with value: 1.0.[0m
2021-04-07 11:38:42.039039: I tensorflow/compiler/jit/xla_gpu_device.cc:99] Not creating XLA devices, tf_xla_enable_xla_devices not set
mse_error/peak_error 0 637.0
[32m[I 2021-04-07 11:39:15,280][0m Trial 937 finished with value: 637.0 and parameters: {'Vahp': -23.0, 'Vth': -23.0, 'Vmax': 25.5, 't_ref': 5.5, 'R': 0.4, 'tau_m': 22.0, 'R_adp': 0.1, 'tau_w': 38.5, 'a': 69.5, 'delT': 1.5}. Best is trial 876 with value: 1.0.[0m
2021-04-07 11:39:15.571967: I tensorflow/compiler/jit/xla_gpu_device.cc:99] Not creating XLA devices, tf_xla_enable_xla_devices not set
mse_error/peak_error 0 43.0
[32m[I 2021-04-07 11:39:48,458][0m Trial 938 finished with value: 43.0 and parameters: {'Vahp': -24.5, 'Vth': -23.0, 'Vmax': 29.0, 't_ref': 4.5, 'R': 0.4, 'tau_m': 28.0, 'R_adp': 0.8, 'tau_w': 42.0, 'a': 71.0, 'delT': 2.0}. Best is trial 876 with value: 1.0.[0m
2021-04-07 11:39:48.753198: I tensorflow/compiler/jit/xla_gpu_device.cc:99] Not creating XLA devices, tf_xla_enable_xla_devices not set
mse_error/peak_error 0 27.0
[32m[I 2021-04-07 11:40:21,854][0m Trial 939 finished with value: 27.0 and parameters: {'Vahp': -25.0, 'Vth': -23.0, 'Vmax': 28.5, 't_ref': 5.0, 'R': 0.4, 'tau_m': 30.5, 'R_adp': 0.8, 'tau_w': 38.5, 'a': 71.5, 'delT': 1.5}. Best is trial 876 with value: 1.0.[0m
2021-04-07 11:40:22.153137: I tensorflow/compiler/jit/xla_gpu_device.cc:99] Not creating XLA devices, tf_xla_enable_xla_devices not set
mse_error/peak_error 0 108.0
[32m[I 2021-04-07 11:40:54,867][0m Trial 940 finished with value: 108.0 and parameters: {'Vahp': -26.5, 'Vth': -22.5, 'Vmax': 27.0, 't_ref': 4.5, 'R': 0.4, 'tau_m': 35.0, 'R_adp': 0.8, 'tau_w': 31.5, 'a': 69.0, 'delT': 2.0}. Best is trial 876 with value: 1.0.[0m
2021-04-07 11:40:55.181883: I tensorflow/compiler/jit/xla_gpu_device.cc:99] Not creating XLA devices, tf_xla_enable_xla_devices not set
mse_error/peak_error 0 418
[32m[I 2021-04-07 11:41:28,267][0m Trial 941 finished with value: 418.0 and parameters: {'Vahp': -23.5, 'Vth': -23.0, 'Vmax': 28.0, 't_ref': 9.5, 'R': 0.30000000000000004, 'tau_m': 33.5, 'R_adp': 0.8, 'tau_w': 36.0, 'a': 72.0, 'delT': 1.5}. Best is trial 876 with value: 1.0.[0m
2021-04-07 11:41:28.575217: I tensorflow/compiler/jit/xla_gpu_device.cc:99] Not creating XLA devices, tf_xla_enable_xla_devices not set
mse_error/peak_error 0 3.0
[32m[I 2021-04-07 11:42:01,598][0m Trial 942 finished with value: 3.0 and parameters: {'Vahp': -21.5, 'Vth': -20.5, 'Vmax': 38.0, 't_ref': 5.0, 'R': 0.4, 'tau_m': 23.5, 'R_adp': 0.8, 'tau_w': 36.5, 'a': 66.5, 'delT': 2.5}. Best is trial 876 with value: 1.0.[0m
2021-04-07 11:42:01.922624: I tensorflow/compiler/jit/xla_gpu_device.cc:99] Not creating XLA devices, tf_xla_enable_xla_devices not set
mse_error/peak_error 0 64.0
[32m[I 2021-04-07 11:42:34,943][0m Trial 943 finished with value: 64.0 and parameters: {'Vahp': -20.5, 'Vth': -20.5, 'Vmax': 27.0, 't_ref': 5.5, 'R': 0.4, 'tau_m': 19.0, 'R_adp': 0.8, 'tau_w': 37.0, 'a': 65.5, 'delT': 2.5}. Best is trial 876 with value: 1.0.[0m
2021-04-07 11:42:35.220499: I tensorflow/compiler/jit/xla_gpu_device.cc:99] Not creating XLA devices, tf_xla_enable_xla_devices not set
mse_error/peak_error 0 47.0
[32m[I 2021-04-07 11:43:08,070][0m Trial 944 finished with value: 47.0 and parameters: {'Vahp': -20.0, 'Vth': -20.0, 'Vmax': 27.5, 't_ref': 6.5, 'R': 0.4, 'tau_m': 23.0, 'R_adp': 0.8, 'tau_w': 40.0, 'a': 67.5, 'delT': 1.0}. Best is trial 876 with value: 1.0.[0m
2021-04-07 11:43:08.370492: I tensorflow/compiler/jit/xla_gpu_device.cc:99] Not creating XLA devices, tf_xla_enable_xla_devices not set
mse_error/peak_error 0 40.0
[32m[I 2021-04-07 11:43:41,020][0m Trial 945 finished with value: 40.0 and parameters: {'Vahp': -21.5, 'Vth': -20.5, 'Vmax': 26.5, 't_ref': 5.0, 'R': 0.4, 'tau_m': 23.5, 'R_adp': 0.8, 'tau_w': 45.0, 'a': 69.5, 'delT': 1.5}. Best is trial 876 with value: 1.0.[0m
2021-04-07 11:43:41.329647: I tensorflow/compiler/jit/xla_gpu_device.cc:99] Not creating XLA devices, tf_xla_enable_xla_devices not set
mse_error/peak_error 0 180
[32m[I 2021-04-07 11:44:13,904][0m Trial 946 finished with value: 180.0 and parameters: {'Vahp': -21.0, 'Vth': -20.5, 'Vmax': 38.5, 't_ref': 4.5, 'R': 0.4, 'tau_m': 19.0, 'R_adp': 0.8, 'tau_w': 37.0, 'a': 61.0, 'delT': 2.5}. Best is trial 876 with value: 1.0.[0m
2021-04-07 11:44:14.182585: I tensorflow/compiler/jit/xla_gpu_device.cc:99] Not creating XLA devices, tf_xla_enable_xla_devices not set
mse_error/peak_error 0 182
[32m[I 2021-04-07 11:44:46,856][0m Trial 947 finished with value: 182.0 and parameters: {'Vahp': -24.0, 'Vth': -23.0, 'Vmax': 36.5, 't_ref': 4.5, 'R': 0.4, 'tau_m': 21.0, 'R_adp': 0.8, 'tau_w': 35.0, 'a': 64.0, 'delT': 2.0}. Best is trial 876 with value: 1.0.[0m
2021-04-07 11:44:47.137408: I tensorflow/compiler/jit/xla_gpu_device.cc:99] Not creating XLA devices, tf_xla_enable_xla_devices not set
mse_error/peak_error 0 340
[32m[I 2021-04-07 11:45:19,465][0m Trial 948 finished with value: 340.0 and parameters: {'Vahp': -22.5, 'Vth': -20.5, 'Vmax': 26.5, 't_ref': 6.0, 'R': 0.5, 'tau_m': 24.5, 'R_adp': 0.8, 'tau_w': 37.5, 'a': 68.0, 'delT': 1.0}. Best is trial 876 with value: 1.0.[0m
2021-04-07 11:45:19.750474: I tensorflow/compiler/jit/xla_gpu_device.cc:99] Not creating XLA devices, tf_xla_enable_xla_devices not set
mse_error/peak_error 0 29.0
[32m[I 2021-04-07 11:45:52,726][0m Trial 949 finished with value: 29.0 and parameters: {'Vahp': -23.0, 'Vth': -23.0, 'Vmax': 40.0, 't_ref': 5.5, 'R': 0.4, 'tau_m': 21.5, 'R_adp': 0.8, 'tau_w': 35.0, 'a': 74.0, 'delT': 2.5}. Best is trial 876 with value: 1.0.[0m
2021-04-07 11:45:53.020646: I tensorflow/compiler/jit/xla_gpu_device.cc:99] Not creating XLA devices, tf_xla_enable_xla_devices not set
mse_error/peak_error 0 9.0
[32m[I 2021-04-07 11:46:25,910][0m Trial 950 finished with value: 9.0 and parameters: {'Vahp': -21.0, 'Vth': -20.5, 'Vmax': 37.0, 't_ref': 5.0, 'R': 0.4, 'tau_m': 25.5, 'R_adp': 0.8, 'tau_w': 39.5, 'a': 66.0, 'delT': 1.5}. Best is trial 876 with value: 1.0.[0m
2021-04-07 11:46:26.203056: I tensorflow/compiler/jit/xla_gpu_device.cc:99] Not creating XLA devices, tf_xla_enable_xla_devices not set
mse_error/peak_error 0 11.0
