[32m[I 2021-04-07 09:19:12,927][0m Trial 594 finished with value: 189.0 and parameters: {'Vahp': -31.5, 'Vth': -25.0, 'Vmax': 30.5, 't_ref': 4.5, 'R': 0.4, 'tau_m': 23.0, 'R_adp': 0.8, 'tau_w': 31.0, 'a': 72.5, 'delT': 1.5}. Best is trial 483 with value: 2.0.[0m
2021-04-07 09:19:13.178901: I tensorflow/compiler/jit/xla_gpu_device.cc:99] Not creating XLA devices, tf_xla_enable_xla_devices not set
mse_error/peak_error 0 18.0
[32m[I 2021-04-07 09:19:29,866][0m Trial 595 finished with value: 18.0 and parameters: {'Vahp': -28.5, 'Vth': -24.5, 'Vmax': 31.5, 't_ref': 3.0, 'R': 0.4, 'tau_m': 28.5, 'R_adp': 0.8, 'tau_w': 33.5, 'a': 81.0, 'delT': 1.5}. Best is trial 483 with value: 2.0.[0m
2021-04-07 09:19:30.128974: I tensorflow/compiler/jit/xla_gpu_device.cc:99] Not creating XLA devices, tf_xla_enable_xla_devices not set
mse_error/peak_error 0 186.0
[32m[I 2021-04-07 09:19:47,119][0m Trial 596 finished with value: 186.0 and parameters: {'Vahp': -29.5, 'Vth': -23.5, 'Vmax': 33.0, 't_ref': 4.0, 'R': 0.4, 'tau_m': 40.5, 'R_adp': 0.9, 'tau_w': 30.0, 'a': 76.5, 'delT': 2.0}. Best is trial 483 with value: 2.0.[0m
2021-04-07 09:19:47.382238: I tensorflow/compiler/jit/xla_gpu_device.cc:99] Not creating XLA devices, tf_xla_enable_xla_devices not set
mse_error/peak_error 0 367
[32m[I 2021-04-07 09:20:04,251][0m Trial 597 finished with value: 367.0 and parameters: {'Vahp': -27.5, 'Vth': -24.0, 'Vmax': 34.5, 't_ref': 5.0, 'R': 0.30000000000000004, 'tau_m': 30.0, 'R_adp': 0.9, 'tau_w': 28.0, 'a': 68.0, 'delT': 2.0}. Best is trial 483 with value: 2.0.[0m
2021-04-07 09:20:04.501969: I tensorflow/compiler/jit/xla_gpu_device.cc:99] Not creating XLA devices, tf_xla_enable_xla_devices not set
mse_error/peak_error 0 362
[32m[I 2021-04-07 09:20:21,329][0m Trial 598 finished with value: 362.0 and parameters: {'Vahp': -30.5, 'Vth': -23.0, 'Vmax': 32.5, 't_ref': 3.5, 'R': 0.5, 'tau_m': 26.5, 'R_adp': 0.8, 'tau_w': 31.0, 'a': 74.0, 'delT': 1.0}. Best is trial 483 with value: 2.0.[0m
2021-04-07 09:20:21.582188: I tensorflow/compiler/jit/xla_gpu_device.cc:99] Not creating XLA devices, tf_xla_enable_xla_devices not set
mse_error/peak_error 0 17.0
[32m[I 2021-04-07 09:20:38,447][0m Trial 599 finished with value: 17.0 and parameters: {'Vahp': -28.5, 'Vth': -24.0, 'Vmax': 31.0, 't_ref': 3.5, 'R': 0.4, 'tau_m': 28.0, 'R_adp': 0.8, 'tau_w': 35.0, 'a': 78.5, 'delT': 1.5}. Best is trial 483 with value: 2.0.[0m
2021-04-07 09:20:38.705185: I tensorflow/compiler/jit/xla_gpu_device.cc:99] Not creating XLA devices, tf_xla_enable_xla_devices not set
mse_error/peak_error 0 91.0
[32m[I 2021-04-07 09:20:55,633][0m Trial 600 finished with value: 91.0 and parameters: {'Vahp': -29.5, 'Vth': -23.5, 'Vmax': 33.0, 't_ref': 4.0, 'R': 0.4, 'tau_m': 34.5, 'R_adp': 0.8, 'tau_w': 26.5, 'a': 75.0, 'delT': 2.5}. Best is trial 483 with value: 2.0.[0m
2021-04-07 09:20:55.885497: I tensorflow/compiler/jit/xla_gpu_device.cc:99] Not creating XLA devices, tf_xla_enable_xla_devices not set
mse_error/peak_error 0 29.0
[32m[I 2021-04-07 09:21:12,705][0m Trial 601 finished with value: 29.0 and parameters: {'Vahp': -26.5, 'Vth': -24.0, 'Vmax': 32.0, 't_ref': 4.0, 'R': 0.4, 'tau_m': 24.5, 'R_adp': 0.8, 'tau_w': 32.5, 'a': 76.0, 'delT': 2.0}. Best is trial 483 with value: 2.0.[0m
2021-04-07 09:21:12.956964: I tensorflow/compiler/jit/xla_gpu_device.cc:99] Not creating XLA devices, tf_xla_enable_xla_devices not set
mse_error/peak_error 0 332
[32m[I 2021-04-07 09:21:29,849][0m Trial 602 finished with value: 332.0 and parameters: {'Vahp': -29.0, 'Vth': -23.5, 'Vmax': 30.0, 't_ref': 3.0, 'R': 0.30000000000000004, 'tau_m': 32.0, 'R_adp': 0.9, 'tau_w': 19.0, 'a': 73.5, 'delT': 1.5}. Best is trial 483 with value: 2.0.[0m
2021-04-07 09:21:30.103864: I tensorflow/compiler/jit/xla_gpu_device.cc:99] Not creating XLA devices, tf_xla_enable_xla_devices not set
mse_error/peak_error 0 135
[32m[I 2021-04-07 09:21:47,219][0m Trial 603 finished with value: 135.0 and parameters: {'Vahp': -28.0, 'Vth': -24.0, 'Vmax': 33.5, 't_ref': 3.5, 'R': 0.4, 'tau_m': 27.0, 'R_adp': 0.8, 'tau_w': 29.5, 'a': 77.0, 'delT': 1.5}. Best is trial 483 with value: 2.0.[0m
2021-04-07 09:21:47.474850: I tensorflow/compiler/jit/xla_gpu_device.cc:99] Not creating XLA devices, tf_xla_enable_xla_devices not set
mse_error/peak_error 0 155
[32m[I 2021-04-07 09:22:04,592][0m Trial 604 finished with value: 155.0 and parameters: {'Vahp': -31.0, 'Vth': -23.0, 'Vmax': 32.5, 't_ref': 4.0, 'R': 0.5, 'tau_m': 30.0, 'R_adp': 0.9, 'tau_w': 33.0, 'a': 84.0, 'delT': 2.0}. Best is trial 483 with value: 2.0.[0m
2021-04-07 09:22:04.844028: I tensorflow/compiler/jit/xla_gpu_device.cc:99] Not creating XLA devices, tf_xla_enable_xla_devices not set
mse_error/peak_error 0 340
[32m[I 2021-04-07 09:22:21,878][0m Trial 605 finished with value: 340.0 and parameters: {'Vahp': -36.5, 'Vth': -25.0, 'Vmax': 30.5, 't_ref': 4.5, 'R': 0.4, 'tau_m': 22.5, 'R_adp': 0.8, 'tau_w': 22.0, 'a': 70.0, 'delT': 1.0}. Best is trial 483 with value: 2.0.[0m
2021-04-07 09:22:22.134419: I tensorflow/compiler/jit/xla_gpu_device.cc:99] Not creating XLA devices, tf_xla_enable_xla_devices not set
mse_error/peak_error 0 264
[32m[I 2021-04-07 09:22:39,293][0m Trial 606 finished with value: 264.0 and parameters: {'Vahp': -27.5, 'Vth': -24.0, 'Vmax': 34.0, 't_ref': 12.0, 'R': 0.4, 'tau_m': 33.0, 'R_adp': 1.0, 'tau_w': 36.5, 'a': 77.5, 'delT': 2.5}. Best is trial 483 with value: 2.0.[0m
2021-04-07 09:22:39.544660: I tensorflow/compiler/jit/xla_gpu_device.cc:99] Not creating XLA devices, tf_xla_enable_xla_devices not set
mse_error/peak_error 0 45.0
[32m[I 2021-04-07 09:22:56,890][0m Trial 607 finished with value: 45.0 and parameters: {'Vahp': -28.5, 'Vth': -24.5, 'Vmax': 31.5, 't_ref': 2.5, 'R': 0.4, 'tau_m': 25.5, 'R_adp': 0.8, 'tau_w': 31.5, 'a': 82.5, 'delT': 1.5}. Best is trial 483 with value: 2.0.[0m
2021-04-07 09:22:57.144014: I tensorflow/compiler/jit/xla_gpu_device.cc:99] Not creating XLA devices, tf_xla_enable_xla_devices not set
mse_error/peak_error 0 23.0
[32m[I 2021-04-07 09:23:14,410][0m Trial 608 finished with value: 23.0 and parameters: {'Vahp': -27.0, 'Vth': -24.0, 'Vmax': 31.0, 't_ref': 3.0, 'R': 0.4, 'tau_m': 28.5, 'R_adp': 0.8, 'tau_w': 28.0, 'a': 79.5, 'delT': 2.0}. Best is trial 483 with value: 2.0.[0m
2021-04-07 09:23:14.662226: I tensorflow/compiler/jit/xla_gpu_device.cc:99] Not creating XLA devices, tf_xla_enable_xla_devices not set
mse_error/peak_error 0 29.0
[32m[I 2021-04-07 09:23:31,952][0m Trial 609 finished with value: 29.0 and parameters: {'Vahp': -29.0, 'Vth': -24.5, 'Vmax': 31.5, 't_ref': 3.5, 'R': 0.4, 'tau_m': 27.5, 'R_adp': 0.8, 'tau_w': 34.5, 'a': 78.0, 'delT': 1.5}. Best is trial 483 with value: 2.0.[0m
2021-04-07 09:23:32.210158: I tensorflow/compiler/jit/xla_gpu_device.cc:99] Not creating XLA devices, tf_xla_enable_xla_devices not set
mse_error/peak_error 0 30.0
[32m[I 2021-04-07 09:23:49,573][0m Trial 610 finished with value: 30.0 and parameters: {'Vahp': -28.0, 'Vth': -24.0, 'Vmax': 32.0, 't_ref': 3.0, 'R': 0.4, 'tau_m': 24.5, 'R_adp': 0.8, 'tau_w': 30.0, 'a': 80.5, 'delT': 2.0}. Best is trial 483 with value: 2.0.[0m
2021-04-07 09:23:49.828659: I tensorflow/compiler/jit/xla_gpu_device.cc:99] Not creating XLA devices, tf_xla_enable_xla_devices not set
mse_error/peak_error 0 126
[32m[I 2021-04-07 09:24:07,290][0m Trial 611 finished with value: 126.0 and parameters: {'Vahp': -26.5, 'Vth': -24.0, 'Vmax': 31.0, 't_ref': 3.5, 'R': 0.4, 'tau_m': 29.0, 'R_adp': 0.8, 'tau_w': 24.5, 'a': 77.5, 'delT': 1.5}. Best is trial 483 with value: 2.0.[0m
2021-04-07 09:24:07.546896: I tensorflow/compiler/jit/xla_gpu_device.cc:99] Not creating XLA devices, tf_xla_enable_xla_devices not set
mse_error/peak_error 0 120
[32m[I 2021-04-07 09:24:25,037][0m Trial 612 finished with value: 120.0 and parameters: {'Vahp': -31.0, 'Vth': -24.5, 'Vmax': 32.5, 't_ref': 4.5, 'R': 0.4, 'tau_m': 30.0, 'R_adp': 0.9, 'tau_w': 27.5, 'a': 71.0, 'delT': 1.0}. Best is trial 483 with value: 2.0.[0m
2021-04-07 09:24:25.288661: I tensorflow/compiler/jit/xla_gpu_device.cc:99] Not creating XLA devices, tf_xla_enable_xla_devices not set
mse_error/peak_error 0 100.0
[32m[I 2021-04-07 09:24:42,821][0m Trial 613 finished with value: 100.0 and parameters: {'Vahp': -30.0, 'Vth': -23.5, 'Vmax': 33.5, 't_ref': 4.0, 'R': 0.4, 'tau_m': 32.0, 'R_adp': 0.9, 'tau_w': 32.0, 'a': 74.0, 'delT': 2.5}. Best is trial 483 with value: 2.0.[0m
2021-04-07 09:24:43.100650: I tensorflow/compiler/jit/xla_gpu_device.cc:99] Not creating XLA devices, tf_xla_enable_xla_devices not set
mse_error/peak_error 0 116
[32m[I 2021-04-07 09:25:00,788][0m Trial 614 finished with value: 116.0 and parameters: {'Vahp': -32.0, 'Vth': -23.0, 'Vmax': 35.0, 't_ref': 5.5, 'R': 0.4, 'tau_m': 26.5, 'R_adp': 0.9, 'tau_w': 29.0, 'a': 66.5, 'delT': 2.0}. Best is trial 483 with value: 2.0.[0m
2021-04-07 09:25:01.047080: I tensorflow/compiler/jit/xla_gpu_device.cc:99] Not creating XLA devices, tf_xla_enable_xla_devices not set
mse_error/peak_error 0 96.0
[32m[I 2021-04-07 09:25:18,758][0m Trial 615 finished with value: 96.0 and parameters: {'Vahp': -29.0, 'Vth': -24.5, 'Vmax': 31.5, 't_ref': 3.0, 'R': 0.4, 'tau_m': 21.0, 'R_adp': 0.8, 'tau_w': 36.5, 'a': 76.5, 'delT': 1.5}. Best is trial 483 with value: 2.0.[0m
2021-04-07 09:25:19.010918: I tensorflow/compiler/jit/xla_gpu_device.cc:99] Not creating XLA devices, tf_xla_enable_xla_devices not set
mse_error/peak_error 0 428
[32m[I 2021-04-07 09:25:36,448][0m Trial 616 finished with value: 428.0 and parameters: {'Vahp': -27.5, 'Vth': -24.0, 'Vmax': 30.0, 't_ref': 4.5, 'R': 0.5, 'tau_m': 30.0, 'R_adp': 0.8, 'tau_w': 25.5, 'a': 72.5, 'delT': 1.0}. Best is trial 483 with value: 2.0.[0m
2021-04-07 09:25:36.714872: I tensorflow/compiler/jit/xla_gpu_device.cc:99] Not creating XLA devices, tf_xla_enable_xla_devices not set
mse_error/peak_error 0 46.0
[32m[I 2021-04-07 09:25:54,190][0m Trial 617 finished with value: 46.0 and parameters: {'Vahp': -29.5, 'Vth': -24.5, 'Vmax': 32.0, 't_ref': 2.5, 'R': 0.4, 'tau_m': 24.0, 'R_adp': 0.8, 'tau_w': 33.5, 'a': 80.5, 'delT': 2.0}. Best is trial 483 with value: 2.0.[0m
2021-04-07 09:25:54.445467: I tensorflow/compiler/jit/xla_gpu_device.cc:99] Not creating XLA devices, tf_xla_enable_xla_devices not set
mse_error/peak_error 0 140.0
[32m[I 2021-04-07 09:26:11,989][0m Trial 618 finished with value: 140.0 and parameters: {'Vahp': -30.0, 'Vth': -23.5, 'Vmax': 34.0, 't_ref': 4.0, 'R': 0.30000000000000004, 'tau_m': 27.5, 'R_adp': 0.6, 'tau_w': 31.0, 'a': 74.5, 'delT': 1.5}. Best is trial 483 with value: 2.0.[0m
2021-04-07 09:26:12.243870: I tensorflow/compiler/jit/xla_gpu_device.cc:99] Not creating XLA devices, tf_xla_enable_xla_devices not set
mse_error/peak_error 0 153
[32m[I 2021-04-07 09:26:29,837][0m Trial 619 finished with value: 153.0 and parameters: {'Vahp': -31.0, 'Vth': -25.0, 'Vmax': 33.0, 't_ref': 5.0, 'R': 0.4, 'tau_m': 31.5, 'R_adp': 0.8, 'tau_w': 27.0, 'a': 72.0, 'delT': 2.0}. Best is trial 483 with value: 2.0.[0m
2021-04-07 09:26:30.093895: I tensorflow/compiler/jit/xla_gpu_device.cc:99] Not creating XLA devices, tf_xla_enable_xla_devices not set
mse_error/peak_error 0 182
[32m[I 2021-04-07 09:26:47,765][0m Trial 620 finished with value: 182.0 and parameters: {'Vahp': -26.5, 'Vth': -24.0, 'Vmax': 32.5, 't_ref': 4.5, 'R': 0.4, 'tau_m': 36.0, 'R_adp': 0.9, 'tau_w': 52.5, 'a': 69.5, 'delT': 1.0}. Best is trial 483 with value: 2.0.[0m
2021-04-07 09:26:48.034838: I tensorflow/compiler/jit/xla_gpu_device.cc:99] Not creating XLA devices, tf_xla_enable_xla_devices not set
mse_error/peak_error 0 424
[32m[I 2021-04-07 09:27:05,637][0m Trial 621 finished with value: 424.0 and parameters: {'Vahp': -33.5, 'Vth': -23.0, 'Vmax': 30.5, 't_ref': 4.5, 'R': 0.4, 'tau_m': 26.0, 'R_adp': 0.5, 'tau_w': 30.0, 'a': 75.5, 'delT': 0.5}. Best is trial 483 with value: 2.0.[0m
2021-04-07 09:27:05.905551: I tensorflow/compiler/jit/xla_gpu_device.cc:99] Not creating XLA devices, tf_xla_enable_xla_devices not set
mse_error/peak_error 0 10.0
[32m[I 2021-04-07 09:27:23,514][0m Trial 622 finished with value: 10.0 and parameters: {'Vahp': -28.0, 'Vth': -24.0, 'Vmax': 31.0, 't_ref': 3.5, 'R': 0.4, 'tau_m': 28.5, 'R_adp': 0.8, 'tau_w': 35.0, 'a': 78.5, 'delT': 1.5}. Best is trial 483 with value: 2.0.[0m
2021-04-07 09:27:23.787704: I tensorflow/compiler/jit/xla_gpu_device.cc:99] Not creating XLA devices, tf_xla_enable_xla_devices not set
mse_error/peak_error 0 482
[32m[I 2021-04-07 09:27:41,456][0m Trial 623 finished with value: 482.0 and parameters: {'Vahp': -28.0, 'Vth': -24.0, 'Vmax': 29.5, 't_ref': 3.0, 'R': 0.30000000000000004, 'tau_m': 23.0, 'R_adp': 0.8, 'tau_w': 65.5, 'a': 81.5, 'delT': 1.5}. Best is trial 483 with value: 2.0.[0m
2021-04-07 09:27:41.720267: I tensorflow/compiler/jit/xla_gpu_device.cc:99] Not creating XLA devices, tf_xla_enable_xla_devices not set
mse_error/peak_error 0 21.0
[32m[I 2021-04-07 09:27:59,513][0m Trial 624 finished with value: 21.0 and parameters: {'Vahp': -27.0, 'Vth': -24.0, 'Vmax': 31.0, 't_ref': 3.5, 'R': 0.4, 'tau_m': 27.5, 'R_adp': 0.8, 'tau_w': 37.0, 'a': 83.0, 'delT': 1.5}. Best is trial 483 with value: 2.0.[0m
2021-04-07 09:27:59.785749: I tensorflow/compiler/jit/xla_gpu_device.cc:99] Not creating XLA devices, tf_xla_enable_xla_devices not set
mse_error/peak_error 0 26.0
[32m[I 2021-04-07 09:28:17,426][0m Trial 625 finished with value: 26.0 and parameters: {'Vahp': -28.0, 'Vth': -24.0, 'Vmax': 30.5, 't_ref': 3.5, 'R': 0.4, 'tau_m': 25.5, 'R_adp': 0.8, 'tau_w': 35.0, 'a': 79.0, 'delT': 2.0}. Best is trial 483 with value: 2.0.[0m
2021-04-07 09:28:17.679784: I tensorflow/compiler/jit/xla_gpu_device.cc:99] Not creating XLA devices, tf_xla_enable_xla_devices not set
mse_error/peak_error 0 32.0
[32m[I 2021-04-07 09:28:35,365][0m Trial 626 finished with value: 32.0 and parameters: {'Vahp': -28.5, 'Vth': -24.5, 'Vmax': 30.0, 't_ref': 2.5, 'R': 0.4, 'tau_m': 29.0, 'R_adp': 0.8, 'tau_w': 35.0, 'a': 79.0, 'delT': 2.0}. Best is trial 483 with value: 2.0.[0m
2021-04-07 09:28:35.646168: I tensorflow/compiler/jit/xla_gpu_device.cc:99] Not creating XLA devices, tf_xla_enable_xla_devices not set
mse_error/peak_error 0 47.0
[32m[I 2021-04-07 09:28:53,464][0m Trial 627 finished with value: 47.0 and parameters: {'Vahp': -26.5, 'Vth': -24.0, 'Vmax': 32.0, 't_ref': 3.5, 'R': 0.4, 'tau_m': 25.0, 'R_adp': 0.8, 'tau_w': 37.0, 'a': 77.0, 'delT': 1.5}. Best is trial 483 with value: 2.0.[0m
2021-04-07 09:28:53.723431: I tensorflow/compiler/jit/xla_gpu_device.cc:99] Not creating XLA devices, tf_xla_enable_xla_devices not set
mse_error/peak_error 0 20.0
[32m[I 2021-04-07 09:29:11,690][0m Trial 628 finished with value: 20.0 and parameters: {'Vahp': -27.5, 'Vth': -24.0, 'Vmax': 31.5, 't_ref': 3.5, 'R': 0.4, 'tau_m': 27.5, 'R_adp': 0.8, 'tau_w': 33.5, 'a': 80.0, 'delT': 2.0}. Best is trial 483 with value: 2.0.[0m
2021-04-07 09:29:11.944371: I tensorflow/compiler/jit/xla_gpu_device.cc:99] Not creating XLA devices, tf_xla_enable_xla_devices not set
mse_error/peak_error 0 17.0
[32m[I 2021-04-07 09:29:29,877][0m Trial 629 finished with value: 17.0 and parameters: {'Vahp': -28.5, 'Vth': -24.5, 'Vmax': 30.0, 't_ref': 3.0, 'R': 0.4, 'tau_m': 29.5, 'R_adp': 0.8, 'tau_w': 33.0, 'a': 85.0, 'delT': 1.5}. Best is trial 483 with value: 2.0.[0m
2021-04-07 09:29:30.129486: I tensorflow/compiler/jit/xla_gpu_device.cc:99] Not creating XLA devices, tf_xla_enable_xla_devices not set
mse_error/peak_error 0 168
[32m[I 2021-04-07 09:29:48,034][0m Trial 630 finished with value: 168.0 and parameters: {'Vahp': -27.5, 'Vth': -24.0, 'Vmax': 31.0, 't_ref': 4.0, 'R': 0.5, 'tau_m': 26.0, 'R_adp': 0.8, 'tau_w': 84.5, 'a': 76.0, 'delT': 2.5}. Best is trial 483 with value: 2.0.[0m
2021-04-07 09:29:48.292705: I tensorflow/compiler/jit/xla_gpu_device.cc:99] Not creating XLA devices, tf_xla_enable_xla_devices not set
mse_error/peak_error 0 70.0
[32m[I 2021-04-07 09:30:06,368][0m Trial 631 finished with value: 70.0 and parameters: {'Vahp': -29.0, 'Vth': -23.5, 'Vmax': 32.0, 't_ref': 3.5, 'R': 0.4, 'tau_m': 22.5, 'R_adp': 0.8, 'tau_w': 35.0, 'a': 78.0, 'delT': 1.5}. Best is trial 483 with value: 2.0.[0m
2021-04-07 09:30:06.622029: I tensorflow/compiler/jit/xla_gpu_device.cc:99] Not creating XLA devices, tf_xla_enable_xla_devices not set
mse_error/peak_error 0 383
[32m[I 2021-04-07 09:30:24,657][0m Trial 632 finished with value: 383.0 and parameters: {'Vahp': -26.5, 'Vth': -24.0, 'Vmax': 31.0, 't_ref': 4.0, 'R': 0.30000000000000004, 'tau_m': 28.0, 'R_adp': 0.8, 'tau_w': 32.5, 'a': 82.5, 'delT': 2.0}. Best is trial 483 with value: 2.0.[0m
2021-04-07 09:30:24.909515: I tensorflow/compiler/jit/xla_gpu_device.cc:99] Not creating XLA devices, tf_xla_enable_xla_devices not set
mse_error/peak_error 0 52.0
[32m[I 2021-04-07 09:30:43,048][0m Trial 633 finished with value: 52.0 and parameters: {'Vahp': -28.0, 'Vth': -24.0, 'Vmax': 32.5, 't_ref': 3.0, 'R': 0.4, 'tau_m': 30.5, 'R_adp': 0.8, 'tau_w': 36.5, 'a': 75.5, 'delT': 2.0}. Best is trial 483 with value: 2.0.[0m
2021-04-07 09:30:43.302251: I tensorflow/compiler/jit/xla_gpu_device.cc:99] Not creating XLA devices, tf_xla_enable_xla_devices not set
mse_error/peak_error 0 54.0
[32m[I 2021-04-07 09:31:01,303][0m Trial 634 finished with value: 54.0 and parameters: {'Vahp': -29.5, 'Vth': -23.5, 'Vmax': 31.5, 't_ref': 2.5, 'R': 0.4, 'tau_m': 24.5, 'R_adp': 0.8, 'tau_w': 31.0, 'a': 79.5, 'delT': 1.5}. Best is trial 483 with value: 2.0.[0m
2021-04-07 09:31:01.555490: I tensorflow/compiler/jit/xla_gpu_device.cc:99] Not creating XLA devices, tf_xla_enable_xla_devices not set
mse_error/peak_error 0 28.0
[32m[I 2021-04-07 09:31:19,599][0m Trial 635 finished with value: 28.0 and parameters: {'Vahp': -27.0, 'Vth': -24.0, 'Vmax': 30.5, 't_ref': 4.0, 'R': 0.4, 'tau_m': 27.0, 'R_adp': 0.8, 'tau_w': 34.0, 'a': 77.0, 'delT': 1.5}. Best is trial 483 with value: 2.0.[0m
2021-04-07 09:31:19.851863: I tensorflow/compiler/jit/xla_gpu_device.cc:99] Not creating XLA devices, tf_xla_enable_xla_devices not set
mse_error/peak_error 0 29.0
[32m[I 2021-04-07 09:31:38,011][0m Trial 636 finished with value: 29.0 and parameters: {'Vahp': -29.0, 'Vth': -24.5, 'Vmax': 29.5, 't_ref': 3.5, 'R': 0.4, 'tau_m': 29.0, 'R_adp': 0.8, 'tau_w': 32.0, 'a': 75.0, 'delT': 2.5}. Best is trial 483 with value: 2.0.[0m
2021-04-07 09:31:38.267427: I tensorflow/compiler/jit/xla_gpu_device.cc:99] Not creating XLA devices, tf_xla_enable_xla_devices not set
mse_error/peak_error 0 200
[32m[I 2021-04-07 09:31:56,515][0m Trial 637 finished with value: 200.0 and parameters: {'Vahp': -28.0, 'Vth': -24.0, 'Vmax': 33.0, 't_ref': 3.0, 'R': 0.4, 'tau_m': 20.0, 'R_adp': 0.8, 'tau_w': 29.0, 'a': 78.5, 'delT': 2.0}. Best is trial 483 with value: 2.0.[0m
2021-04-07 09:31:56.785381: I tensorflow/compiler/jit/xla_gpu_device.cc:99] Not creating XLA devices, tf_xla_enable_xla_devices not set
mse_error/peak_error 0 68.0
[32m[I 2021-04-07 09:32:15,126][0m Trial 638 finished with value: 68.0 and parameters: {'Vahp': -30.0, 'Vth': -23.5, 'Vmax': 32.5, 't_ref': 4.0, 'R': 0.4, 'tau_m': 33.5, 'R_adp': 0.8, 'tau_w': 37.0, 'a': 74.0, 'delT': 1.5}. Best is trial 483 with value: 2.0.[0m
2021-04-07 09:32:15.385474: I tensorflow/compiler/jit/xla_gpu_device.cc:99] Not creating XLA devices, tf_xla_enable_xla_devices not set
mse_error/peak_error 0 36.0
[32m[I 2021-04-07 09:32:33,725][0m Trial 639 finished with value: 36.0 and parameters: {'Vahp': -28.5, 'Vth': -24.5, 'Vmax': 31.5, 't_ref': 3.5, 'R': 0.4, 'tau_m': 30.5, 'R_adp': 0.8, 'tau_w': 31.5, 'a': 81.0, 'delT': 2.0}. Best is trial 483 with value: 2.0.[0m
2021-04-07 09:32:33.995651: I tensorflow/compiler/jit/xla_gpu_device.cc:99] Not creating XLA devices, tf_xla_enable_xla_devices not set
mse_error/peak_error 0 344
[32m[I 2021-04-07 09:32:52,456][0m Trial 640 finished with value: 344.0 and parameters: {'Vahp': -26.5, 'Vth': -24.0, 'Vmax': 30.5, 't_ref': 4.0, 'R': 0.5, 'tau_m': 26.0, 'R_adp': 0.8, 'tau_w': 34.0, 'a': 77.0, 'delT': 1.5}. Best is trial 483 with value: 2.0.[0m
2021-04-07 09:32:52.726653: I tensorflow/compiler/jit/xla_gpu_device.cc:99] Not creating XLA devices, tf_xla_enable_xla_devices not set
mse_error/peak_error 0 166
[32m[I 2021-04-07 09:33:11,094][0m Trial 641 finished with value: 166.0 and parameters: {'Vahp': -27.5, 'Vth': -24.0, 'Vmax': 32.0, 't_ref': 2.5, 'R': 0.4, 'tau_m': 23.5, 'R_adp': 0.8, 'tau_w': 28.0, 'a': 75.5, 'delT': 2.0}. Best is trial 483 with value: 2.0.[0m
2021-04-07 09:33:11.361191: I tensorflow/compiler/jit/xla_gpu_device.cc:99] Not creating XLA devices, tf_xla_enable_xla_devices not set
mse_error/peak_error 0 118
[32m[I 2021-04-07 09:33:29,838][0m Trial 642 finished with value: 118.0 and parameters: {'Vahp': -29.5, 'Vth': -24.5, 'Vmax': 33.0, 't_ref': 3.5, 'R': 0.4, 'tau_m': 28.0, 'R_adp': 0.8, 'tau_w': 30.5, 'a': 73.5, 'delT': 1.5}. Best is trial 483 with value: 2.0.[0m
2021-04-07 09:33:30.094127: I tensorflow/compiler/jit/xla_gpu_device.cc:99] Not creating XLA devices, tf_xla_enable_xla_devices not set
mse_error/peak_error 0 130
[32m[I 2021-04-07 09:33:48,319][0m Trial 643 finished with value: 130.0 and parameters: {'Vahp': -30.5, 'Vth': -23.5, 'Vmax': 31.0, 't_ref': 3.0, 'R': 0.4, 'tau_m': 30.5, 'R_adp': 0.8, 'tau_w': 35.5, 'a': 60.5, 'delT': 2.0}. Best is trial 483 with value: 2.0.[0m
2021-04-07 09:33:48.591532: I tensorflow/compiler/jit/xla_gpu_device.cc:99] Not creating XLA devices, tf_xla_enable_xla_devices not set
mse_error/peak_error 0 246
[32m[I 2021-04-07 09:34:07,253][0m Trial 644 finished with value: 246.0 and parameters: {'Vahp': -28.5, 'Vth': -24.5, 'Vmax': 32.0, 't_ref': 4.0, 'R': 0.30000000000000004, 'tau_m': 26.5, 'R_adp': 0.8, 'tau_w': 12.0, 'a': 78.0, 'delT': 2.5}. Best is trial 483 with value: 2.0.[0m
2021-04-07 09:34:07.526772: I tensorflow/compiler/jit/xla_gpu_device.cc:99] Not creating XLA devices, tf_xla_enable_xla_devices not set
mse_error/peak_error 0 93.0
