[32m[I 2021-04-07 08:53:14,035][0m Trial 492 finished with value: 115.0 and parameters: {'Vahp': -28.5, 'Vth': -24.0, 'Vmax': 34.0, 't_ref': 5.5, 'R': 0.4, 'tau_m': 34.5, 'R_adp': 0.9, 'tau_w': 33.5, 'a': 71.0, 'delT': 2.0}. Best is trial 483 with value: 2.0.[0m
2021-04-07 08:53:14.278762: I tensorflow/compiler/jit/xla_gpu_device.cc:99] Not creating XLA devices, tf_xla_enable_xla_devices not set
mse_error/peak_error 0 28.0
[32m[I 2021-04-07 08:53:27,324][0m Trial 493 finished with value: 28.0 and parameters: {'Vahp': -27.5, 'Vth': -23.5, 'Vmax': 33.0, 't_ref': 4.0, 'R': 0.4, 'tau_m': 28.0, 'R_adp': 0.8, 'tau_w': 35.5, 'a': 75.5, 'delT': 2.0}. Best is trial 483 with value: 2.0.[0m
2021-04-07 08:53:27.565827: I tensorflow/compiler/jit/xla_gpu_device.cc:99] Not creating XLA devices, tf_xla_enable_xla_devices not set
mse_error/peak_error 0 19.0
[32m[I 2021-04-07 08:53:40,516][0m Trial 494 finished with value: 19.0 and parameters: {'Vahp': -28.0, 'Vth': -24.0, 'Vmax': 33.5, 't_ref': 5.0, 'R': 0.4, 'tau_m': 26.0, 'R_adp': 0.8, 'tau_w': 36.0, 'a': 72.5, 'delT': 2.0}. Best is trial 483 with value: 2.0.[0m
2021-04-07 08:53:40.761946: I tensorflow/compiler/jit/xla_gpu_device.cc:99] Not creating XLA devices, tf_xla_enable_xla_devices not set
mse_error/peak_error 0 344
[32m[I 2021-04-07 08:53:53,849][0m Trial 495 finished with value: 344.0 and parameters: {'Vahp': -27.0, 'Vth': -23.5, 'Vmax': 32.0, 't_ref': 4.0, 'R': 0.30000000000000004, 'tau_m': 27.5, 'R_adp': 0.8, 'tau_w': 32.0, 'a': 75.0, 'delT': 2.0}. Best is trial 483 with value: 2.0.[0m
2021-04-07 08:53:54.093302: I tensorflow/compiler/jit/xla_gpu_device.cc:99] Not creating XLA devices, tf_xla_enable_xla_devices not set
mse_error/peak_error 0 291
[32m[I 2021-04-07 08:54:07,159][0m Trial 496 finished with value: 291.0 and parameters: {'Vahp': -29.5, 'Vth': -23.5, 'Vmax': 35.5, 't_ref': 4.5, 'R': 0.5, 'tau_m': 30.0, 'R_adp': 0.8, 'tau_w': 29.5, 'a': 76.0, 'delT': 1.5}. Best is trial 483 with value: 2.0.[0m
2021-04-07 08:54:07.411176: I tensorflow/compiler/jit/xla_gpu_device.cc:99] Not creating XLA devices, tf_xla_enable_xla_devices not set
mse_error/peak_error 0 165
[32m[I 2021-04-07 08:54:20,563][0m Trial 497 finished with value: 165.0 and parameters: {'Vahp': -30.5, 'Vth': -24.5, 'Vmax': 33.0, 't_ref': 5.0, 'R': 0.4, 'tau_m': 24.0, 'R_adp': 0.8, 'tau_w': 28.0, 'a': 73.0, 'delT': 1.5}. Best is trial 483 with value: 2.0.[0m
2021-04-07 08:54:20.805345: I tensorflow/compiler/jit/xla_gpu_device.cc:99] Not creating XLA devices, tf_xla_enable_xla_devices not set
mse_error/peak_error 0 23.0
[32m[I 2021-04-07 08:54:33,861][0m Trial 498 finished with value: 23.0 and parameters: {'Vahp': -29.5, 'Vth': -23.5, 'Vmax': 32.5, 't_ref': 4.0, 'R': 0.4, 'tau_m': 30.5, 'R_adp': 0.8, 'tau_w': 30.5, 'a': 76.5, 'delT': 1.0}. Best is trial 483 with value: 2.0.[0m
2021-04-07 08:54:34.107073: I tensorflow/compiler/jit/xla_gpu_device.cc:99] Not creating XLA devices, tf_xla_enable_xla_devices not set
mse_error/peak_error 0 477
[32m[I 2021-04-07 08:54:47,379][0m Trial 499 finished with value: 477.0 and parameters: {'Vahp': -27.5, 'Vth': -24.0, 'Vmax': 31.0, 't_ref': 4.5, 'R': 0.4, 'tau_m': 27.5, 'R_adp': 0.8, 'tau_w': 34.0, 'a': 15.0, 'delT': 2.0}. Best is trial 483 with value: 2.0.[0m
2021-04-07 08:54:47.643578: I tensorflow/compiler/jit/xla_gpu_device.cc:99] Not creating XLA devices, tf_xla_enable_xla_devices not set
mse_error/peak_error 0 342
[32m[I 2021-04-07 08:55:01,091][0m Trial 500 finished with value: 342.0 and parameters: {'Vahp': -29.0, 'Vth': -24.0, 'Vmax': 33.5, 't_ref': 5.0, 'R': 0.4, 'tau_m': 34.0, 'R_adp': 0.9, 'tau_w': 31.0, 'a': 74.5, 'delT': 6.5}. Best is trial 483 with value: 2.0.[0m
2021-04-07 08:55:01.344826: I tensorflow/compiler/jit/xla_gpu_device.cc:99] Not creating XLA devices, tf_xla_enable_xla_devices not set
mse_error/peak_error 0 119
[32m[I 2021-04-07 08:55:14,900][0m Trial 501 finished with value: 119.0 and parameters: {'Vahp': -28.5, 'Vth': -24.0, 'Vmax': 32.0, 't_ref': 4.0, 'R': 0.4, 'tau_m': 29.0, 'R_adp': 0.8, 'tau_w': 27.0, 'a': 78.0, 'delT': 1.5}. Best is trial 483 with value: 2.0.[0m
2021-04-07 08:55:15.142888: I tensorflow/compiler/jit/xla_gpu_device.cc:99] Not creating XLA devices, tf_xla_enable_xla_devices not set
mse_error/peak_error 0 15.0
[32m[I 2021-04-07 08:55:28,441][0m Trial 502 finished with value: 15.0 and parameters: {'Vahp': -30.0, 'Vth': -24.5, 'Vmax': 32.0, 't_ref': 3.0, 'R': 0.4, 'tau_m': 32.0, 'R_adp': 0.8, 'tau_w': 29.0, 'a': 79.5, 'delT': 1.5}. Best is trial 483 with value: 2.0.[0m
2021-04-07 08:55:28.683160: I tensorflow/compiler/jit/xla_gpu_device.cc:99] Not creating XLA devices, tf_xla_enable_xla_devices not set
mse_error/peak_error 0 46.0
[32m[I 2021-04-07 08:55:42,144][0m Trial 503 finished with value: 46.0 and parameters: {'Vahp': -30.5, 'Vth': -23.5, 'Vmax': 31.5, 't_ref': 4.0, 'R': 0.4, 'tau_m': 32.5, 'R_adp': 0.9, 'tau_w': 32.5, 'a': 70.5, 'delT': 1.5}. Best is trial 483 with value: 2.0.[0m
2021-04-07 08:55:42.410847: I tensorflow/compiler/jit/xla_gpu_device.cc:99] Not creating XLA devices, tf_xla_enable_xla_devices not set
mse_error/peak_error 0 62.0
[32m[I 2021-04-07 08:55:55,887][0m Trial 504 finished with value: 62.0 and parameters: {'Vahp': -29.5, 'Vth': -24.0, 'Vmax': 34.0, 't_ref': 5.5, 'R': 0.4, 'tau_m': 22.5, 'R_adp': 0.8, 'tau_w': 33.5, 'a': 83.0, 'delT': 1.0}. Best is trial 483 with value: 2.0.[0m
2021-04-07 08:55:56.133859: I tensorflow/compiler/jit/xla_gpu_device.cc:99] Not creating XLA devices, tf_xla_enable_xla_devices not set
mse_error/peak_error 0 27.0
[32m[I 2021-04-07 08:56:09,573][0m Trial 505 finished with value: 27.0 and parameters: {'Vahp': -28.0, 'Vth': -24.0, 'Vmax': 33.0, 't_ref': 4.5, 'R': 0.4, 'tau_m': 25.0, 'R_adp': 0.8, 'tau_w': 33.5, 'a': 70.0, 'delT': 2.0}. Best is trial 483 with value: 2.0.[0m
2021-04-07 08:56:09.843225: I tensorflow/compiler/jit/xla_gpu_device.cc:99] Not creating XLA devices, tf_xla_enable_xla_devices not set
mse_error/peak_error 0 267
[32m[I 2021-04-07 08:56:23,328][0m Trial 506 finished with value: 267.0 and parameters: {'Vahp': -28.5, 'Vth': -24.0, 'Vmax': 31.5, 't_ref': 4.0, 'R': 0.4, 'tau_m': 29.5, 'R_adp': 0.8, 'tau_w': 30.5, 'a': 49.0, 'delT': 1.5}. Best is trial 483 with value: 2.0.[0m
2021-04-07 08:56:23.578986: I tensorflow/compiler/jit/xla_gpu_device.cc:99] Not creating XLA devices, tf_xla_enable_xla_devices not set
mse_error/peak_error 0 202
[32m[I 2021-04-07 08:56:37,140][0m Trial 507 finished with value: 202.0 and parameters: {'Vahp': -29.0, 'Vth': -23.5, 'Vmax': 32.5, 't_ref': 3.5, 'R': 0.30000000000000004, 'tau_m': 27.0, 'R_adp': 0.8, 'tau_w': 22.5, 'a': 52.5, 'delT': 1.5}. Best is trial 483 with value: 2.0.[0m
2021-04-07 08:56:37.393540: I tensorflow/compiler/jit/xla_gpu_device.cc:99] Not creating XLA devices, tf_xla_enable_xla_devices not set
mse_error/peak_error 0 223
[32m[I 2021-04-07 08:56:50,922][0m Trial 508 finished with value: 223.0 and parameters: {'Vahp': -30.0, 'Vth': -24.5, 'Vmax': 32.0, 't_ref': 3.0, 'R': 0.5, 'tau_m': 29.0, 'R_adp': 0.8, 'tau_w': 35.5, 'a': 76.5, 'delT': 1.5}. Best is trial 483 with value: 2.0.[0m
2021-04-07 08:56:51.168717: I tensorflow/compiler/jit/xla_gpu_device.cc:99] Not creating XLA devices, tf_xla_enable_xla_devices not set
mse_error/peak_error 0 1900
[32m[I 2021-04-07 08:57:04,721][0m Trial 509 finished with value: 1900.0 and parameters: {'Vahp': -27.0, 'Vth': -24.0, 'Vmax': 31.5, 't_ref': 3.5, 'R': 0.1, 'tau_m': 32.5, 'R_adp': 0.9, 'tau_w': 26.5, 'a': 80.5, 'delT': 1.0}. Best is trial 483 with value: 2.0.[0m
2021-04-07 08:57:04.981260: I tensorflow/compiler/jit/xla_gpu_device.cc:99] Not creating XLA devices, tf_xla_enable_xla_devices not set
mse_error/peak_error 0 179.0
[32m[I 2021-04-07 08:57:18,562][0m Trial 510 finished with value: 179.0 and parameters: {'Vahp': -30.5, 'Vth': -23.5, 'Vmax': 32.5, 't_ref': 4.5, 'R': 0.4, 'tau_m': 35.0, 'R_adp': 0.8, 'tau_w': 28.5, 'a': 79.5, 'delT': 4.0}. Best is trial 483 with value: 2.0.[0m
2021-04-07 08:57:18.804547: I tensorflow/compiler/jit/xla_gpu_device.cc:99] Not creating XLA devices, tf_xla_enable_xla_devices not set
mse_error/peak_error 0 281
[32m[I 2021-04-07 08:57:32,429][0m Trial 511 finished with value: 281.0 and parameters: {'Vahp': -55.0, 'Vth': -48.5, 'Vmax': 32.0, 't_ref': 3.0, 'R': 0.4, 'tau_m': 38.5, 'R_adp': 0.8, 'tau_w': 75.0, 'a': 85.5, 'delT': 0.5}. Best is trial 483 with value: 2.0.[0m
2021-04-07 08:57:32.678273: I tensorflow/compiler/jit/xla_gpu_device.cc:99] Not creating XLA devices, tf_xla_enable_xla_devices not set
mse_error/peak_error 0 333
[32m[I 2021-04-07 08:57:46,325][0m Trial 512 finished with value: 333.0 and parameters: {'Vahp': -31.0, 'Vth': -25.0, 'Vmax': 34.5, 't_ref': 4.0, 'R': 0.30000000000000004, 'tau_m': 31.0, 'R_adp': 0.8, 'tau_w': 29.0, 'a': 82.5, 'delT': 1.0}. Best is trial 483 with value: 2.0.[0m
2021-04-07 08:57:46.568434: I tensorflow/compiler/jit/xla_gpu_device.cc:99] Not creating XLA devices, tf_xla_enable_xla_devices not set
mse_error/peak_error 0 25.0
[32m[I 2021-04-07 08:57:59,955][0m Trial 513 finished with value: 25.0 and parameters: {'Vahp': -28.5, 'Vth': -24.0, 'Vmax': 33.0, 't_ref': 4.5, 'R': 0.4, 'tau_m': 25.0, 'R_adp': 0.8, 'tau_w': 31.5, 'a': 74.0, 'delT': 2.0}. Best is trial 483 with value: 2.0.[0m
2021-04-07 08:58:00.206805: I tensorflow/compiler/jit/xla_gpu_device.cc:99] Not creating XLA devices, tf_xla_enable_xla_devices not set
mse_error/peak_error 0 24.0
[32m[I 2021-04-07 08:58:13,701][0m Trial 514 finished with value: 24.0 and parameters: {'Vahp': -27.0, 'Vth': -26.0, 'Vmax': 35.0, 't_ref': 3.5, 'R': 0.4, 'tau_m': 27.0, 'R_adp': 1.0, 'tau_w': 24.5, 'a': 76.5, 'delT': 1.5}. Best is trial 483 with value: 2.0.[0m
2021-04-07 08:58:13.976300: I tensorflow/compiler/jit/xla_gpu_device.cc:99] Not creating XLA devices, tf_xla_enable_xla_devices not set
mse_error/peak_error 0 44.0
[32m[I 2021-04-07 08:58:27,790][0m Trial 515 finished with value: 44.0 and parameters: {'Vahp': -27.5, 'Vth': -23.5, 'Vmax': 30.0, 't_ref': 4.0, 'R': 0.4, 'tau_m': 22.5, 'R_adp': 0.9, 'tau_w': 35.0, 'a': 69.0, 'delT': 2.0}. Best is trial 483 with value: 2.0.[0m
2021-04-07 08:58:28.050595: I tensorflow/compiler/jit/xla_gpu_device.cc:99] Not creating XLA devices, tf_xla_enable_xla_devices not set
mse_error/peak_error 0 161
[32m[I 2021-04-07 08:58:41,837][0m Trial 516 finished with value: 161.0 and parameters: {'Vahp': -30.0, 'Vth': -24.5, 'Vmax': 32.5, 't_ref': 3.0, 'R': 0.4, 'tau_m': 36.0, 'R_adp': 0.8, 'tau_w': 28.0, 'a': 58.0, 'delT': 1.5}. Best is trial 483 with value: 2.0.[0m
2021-04-07 08:58:42.090164: I tensorflow/compiler/jit/xla_gpu_device.cc:99] Not creating XLA devices, tf_xla_enable_xla_devices not set
mse_error/peak_error 0 127
[32m[I 2021-04-07 08:58:56,115][0m Trial 517 finished with value: 127.0 and parameters: {'Vahp': -29.0, 'Vth': -24.0, 'Vmax': 33.5, 't_ref': 5.0, 'R': 0.4, 'tau_m': 26.0, 'R_adp': 0.8, 'tau_w': 32.0, 'a': 71.5, 'delT': 2.0}. Best is trial 483 with value: 2.0.[0m
2021-04-07 08:58:56.360143: I tensorflow/compiler/jit/xla_gpu_device.cc:99] Not creating XLA devices, tf_xla_enable_xla_devices not set
mse_error/peak_error 0 246
[32m[I 2021-04-07 08:59:10,285][0m Trial 518 finished with value: 246.0 and parameters: {'Vahp': -32.5, 'Vth': -25.0, 'Vmax': 36.0, 't_ref': 3.5, 'R': 0.5, 'tau_m': 60.5, 'R_adp': 0.8, 'tau_w': 29.5, 'a': 78.0, 'delT': 1.5}. Best is trial 483 with value: 2.0.[0m
2021-04-07 08:59:10.532640: I tensorflow/compiler/jit/xla_gpu_device.cc:99] Not creating XLA devices, tf_xla_enable_xla_devices not set
mse_error/peak_error 0 491
[32m[I 2021-04-07 08:59:24,636][0m Trial 519 finished with value: 491.0 and parameters: {'Vahp': -29.5, 'Vth': -23.5, 'Vmax': 31.0, 't_ref': 4.0, 'R': 0.6, 'tau_m': 28.5, 'R_adp': 0.8, 'tau_w': 31.5, 'a': 74.5, 'delT': 1.5}. Best is trial 483 with value: 2.0.[0m
2021-04-07 08:59:24.882673: I tensorflow/compiler/jit/xla_gpu_device.cc:99] Not creating XLA devices, tf_xla_enable_xla_devices not set
mse_error/peak_error 0 49.0
[32m[I 2021-04-07 08:59:38,806][0m Trial 520 finished with value: 49.0 and parameters: {'Vahp': -28.5, 'Vth': -24.0, 'Vmax': 31.0, 't_ref': 3.5, 'R': 0.4, 'tau_m': 31.5, 'R_adp': 0.8, 'tau_w': 26.5, 'a': 81.0, 'delT': 2.0}. Best is trial 483 with value: 2.0.[0m
2021-04-07 08:59:39.058721: I tensorflow/compiler/jit/xla_gpu_device.cc:99] Not creating XLA devices, tf_xla_enable_xla_devices not set
mse_error/peak_error 0 13.0
[32m[I 2021-04-07 08:59:53,229][0m Trial 521 finished with value: 13.0 and parameters: {'Vahp': -31.5, 'Vth': -24.5, 'Vmax': 32.5, 't_ref': 4.0, 'R': 0.4, 'tau_m': 30.0, 'R_adp': 0.9, 'tau_w': 28.5, 'a': 78.0, 'delT': 1.0}. Best is trial 483 with value: 2.0.[0m
2021-04-07 08:59:53.480130: I tensorflow/compiler/jit/xla_gpu_device.cc:99] Not creating XLA devices, tf_xla_enable_xla_devices not set
mse_error/peak_error 0 45.0
[32m[I 2021-04-07 09:00:07,687][0m Trial 522 finished with value: 45.0 and parameters: {'Vahp': -28.0, 'Vth': -24.0, 'Vmax': 34.0, 't_ref': 4.5, 'R': 0.4, 'tau_m': 24.5, 'R_adp': 0.9, 'tau_w': 33.5, 'a': 73.0, 'delT': 1.0}. Best is trial 483 with value: 2.0.[0m
2021-04-07 09:00:07.930884: I tensorflow/compiler/jit/xla_gpu_device.cc:99] Not creating XLA devices, tf_xla_enable_xla_devices not set
mse_error/peak_error 0 49.0
[32m[I 2021-04-07 09:00:22,054][0m Trial 523 finished with value: 49.0 and parameters: {'Vahp': -29.0, 'Vth': -24.0, 'Vmax': 33.0, 't_ref': 5.0, 'R': 0.4, 'tau_m': 26.0, 'R_adp': 0.9, 'tau_w': 30.5, 'a': 73.0, 'delT': 1.0}. Best is trial 483 with value: 2.0.[0m
2021-04-07 09:00:22.305821: I tensorflow/compiler/jit/xla_gpu_device.cc:99] Not creating XLA devices, tf_xla_enable_xla_devices not set
mse_error/peak_error 0 1328
[32m[I 2021-04-07 09:00:36,545][0m Trial 524 finished with value: 1328.0 and parameters: {'Vahp': -28.0, 'Vth': -24.0, 'Vmax': 34.0, 't_ref': 4.5, 'R': 0.4, 'tau_m': 7.0, 'R_adp': 0.9, 'tau_w': 3.0, 'a': 75.5, 'delT': 0.5}. Best is trial 483 with value: 2.0.[0m
2021-04-07 09:00:36.822693: I tensorflow/compiler/jit/xla_gpu_device.cc:99] Not creating XLA devices, tf_xla_enable_xla_devices not set
mse_error/peak_error 0 28.0
[32m[I 2021-04-07 09:00:51,306][0m Trial 525 finished with value: 28.0 and parameters: {'Vahp': -27.0, 'Vth': -24.0, 'Vmax': 31.5, 't_ref': 4.0, 'R': 0.4, 'tau_m': 29.0, 'R_adp': 0.9, 'tau_w': 36.0, 'a': 76.0, 'delT': 1.0}. Best is trial 483 with value: 2.0.[0m
2021-04-07 09:00:51.555658: I tensorflow/compiler/jit/xla_gpu_device.cc:99] Not creating XLA devices, tf_xla_enable_xla_devices not set
mse_error/peak_error 0 1089
[32m[I 2021-04-07 09:01:06,003][0m Trial 526 finished with value: 1089.0 and parameters: {'Vahp': -30.5, 'Vth': -24.5, 'Vmax': 32.5, 't_ref': 4.0, 'R': 1.0, 'tau_m': 30.5, 'R_adp': 0.9, 'tau_w': 25.0, 'a': 78.5, 'delT': 1.0}. Best is trial 483 with value: 2.0.[0m
2021-04-07 09:01:06.249675: I tensorflow/compiler/jit/xla_gpu_device.cc:99] Not creating XLA devices, tf_xla_enable_xla_devices not set
mse_error/peak_error 0 41.0
[32m[I 2021-04-07 09:01:20,469][0m Trial 527 finished with value: 41.0 and parameters: {'Vahp': -32.0, 'Vth': -24.5, 'Vmax': 32.0, 't_ref': 3.5, 'R': 0.4, 'tau_m': 34.0, 'R_adp': 0.9, 'tau_w': 27.5, 'a': 78.5, 'delT': 1.0}. Best is trial 483 with value: 2.0.[0m
2021-04-07 09:01:20.715250: I tensorflow/compiler/jit/xla_gpu_device.cc:99] Not creating XLA devices, tf_xla_enable_xla_devices not set
mse_error/peak_error 0 179
[32m[I 2021-04-07 09:01:35,008][0m Trial 528 finished with value: 179.0 and parameters: {'Vahp': -29.5, 'Vth': -23.5, 'Vmax': 30.5, 't_ref': 4.0, 'R': 0.4, 'tau_m': 28.0, 'R_adp': 0.9, 'tau_w': 32.5, 'a': 67.5, 'delT': 0.5}. Best is trial 483 with value: 2.0.[0m
2021-04-07 09:01:35.255186: I tensorflow/compiler/jit/xla_gpu_device.cc:99] Not creating XLA devices, tf_xla_enable_xla_devices not set
mse_error/peak_error 0 353
[32m[I 2021-04-07 09:01:49,785][0m Trial 529 finished with value: 353.0 and parameters: {'Vahp': -27.0, 'Vth': -24.0, 'Vmax': 30.0, 't_ref': 4.5, 'R': 0.30000000000000004, 'tau_m': 28.0, 'R_adp': 0.9, 'tau_w': 30.5, 'a': 71.0, 'delT': 2.0}. Best is trial 483 with value: 2.0.[0m
2021-04-07 09:01:50.039451: I tensorflow/compiler/jit/xla_gpu_device.cc:99] Not creating XLA devices, tf_xla_enable_xla_devices not set
mse_error/peak_error 0 39.0
[32m[I 2021-04-07 09:02:04,769][0m Trial 530 finished with value: 39.0 and parameters: {'Vahp': -30.0, 'Vth': -24.5, 'Vmax': 32.5, 't_ref': 3.0, 'R': 0.4, 'tau_m': 33.0, 'R_adp': 0.8, 'tau_w': 29.0, 'a': 81.0, 'delT': 1.5}. Best is trial 483 with value: 2.0.[0m
2021-04-07 09:02:05.029759: I tensorflow/compiler/jit/xla_gpu_device.cc:99] Not creating XLA devices, tf_xla_enable_xla_devices not set
mse_error/peak_error 0 231
[32m[I 2021-04-07 09:02:19,816][0m Trial 531 finished with value: 231.0 and parameters: {'Vahp': -28.5, 'Vth': -23.5, 'Vmax': 31.0, 't_ref': 4.0, 'R': 0.5, 'tau_m': 24.0, 'R_adp': 0.8, 'tau_w': 35.5, 'a': 76.0, 'delT': 2.5}. Best is trial 483 with value: 2.0.[0m
2021-04-07 09:02:20.072665: I tensorflow/compiler/jit/xla_gpu_device.cc:99] Not creating XLA devices, tf_xla_enable_xla_devices not set
mse_error/peak_error 0 41.0
[32m[I 2021-04-07 09:02:34,714][0m Trial 532 finished with value: 41.0 and parameters: {'Vahp': -28.0, 'Vth': -24.0, 'Vmax': 31.5, 't_ref': 3.5, 'R': 0.4, 'tau_m': 29.5, 'R_adp': 0.9, 'tau_w': 32.5, 'a': 73.5, 'delT': 2.0}. Best is trial 483 with value: 2.0.[0m
2021-04-07 09:02:34.971137: I tensorflow/compiler/jit/xla_gpu_device.cc:99] Not creating XLA devices, tf_xla_enable_xla_devices not set
mse_error/peak_error 0 23.0
[32m[I 2021-04-07 09:02:49,607][0m Trial 533 finished with value: 23.0 and parameters: {'Vahp': -31.0, 'Vth': -24.5, 'Vmax': 32.5, 't_ref': 3.0, 'R': 0.4, 'tau_m': 31.5, 'R_adp': 0.8, 'tau_w': 26.0, 'a': 85.0, 'delT': 1.5}. Best is trial 483 with value: 2.0.[0m
2021-04-07 09:02:49.880370: I tensorflow/compiler/jit/xla_gpu_device.cc:99] Not creating XLA devices, tf_xla_enable_xla_devices not set
mse_error/peak_error 0 129
[32m[I 2021-04-07 09:03:04,568][0m Trial 534 finished with value: 129.0 and parameters: {'Vahp': -32.0, 'Vth': -25.0, 'Vmax': 35.0, 't_ref': 3.5, 'R': 0.4, 'tau_m': 30.0, 'R_adp': 0.8, 'tau_w': 23.5, 'a': 77.0, 'delT': 1.5}. Best is trial 483 with value: 2.0.[0m
2021-04-07 09:03:04.815110: I tensorflow/compiler/jit/xla_gpu_device.cc:99] Not creating XLA devices, tf_xla_enable_xla_devices not set
mse_error/peak_error 0 127
[32m[I 2021-04-07 09:03:19,645][0m Trial 535 finished with value: 127.0 and parameters: {'Vahp': -31.0, 'Vth': -24.5, 'Vmax': 33.5, 't_ref': 4.0, 'R': 0.4, 'tau_m': 31.0, 'R_adp': 0.8, 'tau_w': 28.0, 'a': 79.0, 'delT': 1.0}. Best is trial 483 with value: 2.0.[0m
2021-04-07 09:03:19.892478: I tensorflow/compiler/jit/xla_gpu_device.cc:99] Not creating XLA devices, tf_xla_enable_xla_devices not set
mse_error/peak_error 0 11.0
[32m[I 2021-04-07 09:03:35,119][0m Trial 536 finished with value: 11.0 and parameters: {'Vahp': -30.0, 'Vth': -24.5, 'Vmax': 33.0, 't_ref': 3.0, 'R': 0.4, 'tau_m': 29.5, 'R_adp': 0.9, 'tau_w': 30.0, 'a': 77.5, 'delT': 1.5}. Best is trial 483 with value: 2.0.[0m
2021-04-07 09:03:35.390419: I tensorflow/compiler/jit/xla_gpu_device.cc:99] Not creating XLA devices, tf_xla_enable_xla_devices not set
mse_error/peak_error 0 158
[32m[I 2021-04-07 09:03:50,460][0m Trial 537 finished with value: 158.0 and parameters: {'Vahp': -29.5, 'Vth': -24.5, 'Vmax': 33.0, 't_ref': 4.5, 'R': 0.4, 'tau_m': 27.0, 'R_adp': 0.9, 'tau_w': 56.0, 'a': 75.0, 'delT': 1.0}. Best is trial 483 with value: 2.0.[0m
2021-04-07 09:03:50.710589: I tensorflow/compiler/jit/xla_gpu_device.cc:99] Not creating XLA devices, tf_xla_enable_xla_devices not set
mse_error/peak_error 0 504
[32m[I 2021-04-07 09:04:05,831][0m Trial 538 finished with value: 504.0 and parameters: {'Vahp': -29.0, 'Vth': -24.0, 'Vmax': 33.5, 't_ref': 3.5, 'R': 0.4, 'tau_m': 81.5, 'R_adp': 0.9, 'tau_w': 30.5, 'a': 77.0, 'delT': 0.5}. Best is trial 483 with value: 2.0.[0m
2021-04-07 09:04:06.085416: I tensorflow/compiler/jit/xla_gpu_device.cc:99] Not creating XLA devices, tf_xla_enable_xla_devices not set
mse_error/peak_error 0 29.0
[32m[I 2021-04-07 09:04:21,127][0m Trial 539 finished with value: 29.0 and parameters: {'Vahp': -30.0, 'Vth': -24.5, 'Vmax': 33.0, 't_ref': 3.0, 'R': 0.4, 'tau_m': 29.0, 'R_adp': 1.0, 'tau_w': 30.5, 'a': 74.5, 'delT': 1.5}. Best is trial 483 with value: 2.0.[0m
2021-04-07 09:04:21.427921: I tensorflow/compiler/jit/xla_gpu_device.cc:99] Not creating XLA devices, tf_xla_enable_xla_devices not set
mse_error/peak_error 0 342
[32m[I 2021-04-07 09:04:36,557][0m Trial 540 finished with value: 342.0 and parameters: {'Vahp': -30.5, 'Vth': -23.5, 'Vmax': 32.0, 't_ref': 4.0, 'R': 0.30000000000000004, 'tau_m': 26.5, 'R_adp': 0.9, 'tau_w': 27.0, 'a': 77.5, 'delT': 1.5}. Best is trial 483 with value: 2.0.[0m
2021-04-07 09:04:36.805811: I tensorflow/compiler/jit/xla_gpu_device.cc:99] Not creating XLA devices, tf_xla_enable_xla_devices not set
mse_error/peak_error 0 77.0
[32m[I 2021-04-07 09:04:52,051][0m Trial 541 finished with value: 77.0 and parameters: {'Vahp': -29.5, 'Vth': -24.0, 'Vmax': 33.0, 't_ref': 14.0, 'R': 0.4, 'tau_m': 28.5, 'R_adp': 0.9, 'tau_w': 32.0, 'a': 74.5, 'delT': 1.5}. Best is trial 483 with value: 2.0.[0m
2021-04-07 09:04:52.302303: I tensorflow/compiler/jit/xla_gpu_device.cc:99] Not creating XLA devices, tf_xla_enable_xla_devices not set
mse_error/peak_error 0 351
[32m[I 2021-04-07 09:05:07,615][0m Trial 542 finished with value: 351.0 and parameters: {'Vahp': -29.0, 'Vth': -24.0, 'Vmax': 31.5, 't_ref': 4.5, 'R': 0.5, 'tau_m': 25.0, 'R_adp': 0.9, 'tau_w': 29.5, 'a': 79.5, 'delT': 1.0}. Best is trial 483 with value: 2.0.[0m
2021-04-07 09:05:07.872671: I tensorflow/compiler/jit/xla_gpu_device.cc:99] Not creating XLA devices, tf_xla_enable_xla_devices not set
mse_error/peak_error 0 355
