[32m[I 2021-04-07 10:09:59,901][0m Trial 747 finished with value: 12.0 and parameters: {'Vahp': -31.0, 'Vth': -23.5, 'Vmax': 28.5, 't_ref': 5.0, 'R': 0.4, 'tau_m': 23.0, 'R_adp': 0.8, 'tau_w': 35.0, 'a': 71.0, 'delT': 3.0}. Best is trial 483 with value: 2.0.[0m
2021-04-07 10:10:00.178427: I tensorflow/compiler/jit/xla_gpu_device.cc:99] Not creating XLA devices, tf_xla_enable_xla_devices not set
mse_error/peak_error 0 378
[32m[I 2021-04-07 10:10:23,195][0m Trial 748 finished with value: 378.0 and parameters: {'Vahp': -31.5, 'Vth': -22.5, 'Vmax': 29.5, 't_ref': 5.0, 'R': 0.30000000000000004, 'tau_m': 28.5, 'R_adp': 0.8, 'tau_w': 40.0, 'a': 67.5, 'delT': 2.0}. Best is trial 483 with value: 2.0.[0m
2021-04-07 10:10:23.459942: I tensorflow/compiler/jit/xla_gpu_device.cc:99] Not creating XLA devices, tf_xla_enable_xla_devices not set
mse_error/peak_error 0 64.0
[32m[I 2021-04-07 10:10:46,464][0m Trial 749 finished with value: 64.0 and parameters: {'Vahp': -30.5, 'Vth': -23.0, 'Vmax': 30.0, 't_ref': 5.5, 'R': 0.4, 'tau_m': 19.0, 'R_adp': 0.8, 'tau_w': 38.5, 'a': 66.0, 'delT': 2.5}. Best is trial 483 with value: 2.0.[0m
2021-04-07 10:10:46.729034: I tensorflow/compiler/jit/xla_gpu_device.cc:99] Not creating XLA devices, tf_xla_enable_xla_devices not set
mse_error/peak_error 0 11.0
[32m[I 2021-04-07 10:11:09,669][0m Trial 750 finished with value: 11.0 and parameters: {'Vahp': -31.0, 'Vth': -22.5, 'Vmax': 30.5, 't_ref': 5.5, 'R': 0.4, 'tau_m': 25.5, 'R_adp': 0.8, 'tau_w': 38.0, 'a': 66.0, 'delT': 2.5}. Best is trial 483 with value: 2.0.[0m
2021-04-07 10:11:09.937098: I tensorflow/compiler/jit/xla_gpu_device.cc:99] Not creating XLA devices, tf_xla_enable_xla_devices not set
mse_error/peak_error 0 3.0
[32m[I 2021-04-07 10:11:32,758][0m Trial 751 finished with value: 3.0 and parameters: {'Vahp': -30.0, 'Vth': -23.0, 'Vmax': 28.5, 't_ref': 4.5, 'R': 0.4, 'tau_m': 27.0, 'R_adp': 0.8, 'tau_w': 35.5, 'a': 71.5, 'delT': 2.0}. Best is trial 483 with value: 2.0.[0m
2021-04-07 10:11:33.018963: I tensorflow/compiler/jit/xla_gpu_device.cc:99] Not creating XLA devices, tf_xla_enable_xla_devices not set
mse_error/peak_error 0 21.0
[32m[I 2021-04-07 10:11:55,854][0m Trial 752 finished with value: 21.0 and parameters: {'Vahp': -29.5, 'Vth': -23.0, 'Vmax': 28.5, 't_ref': 4.5, 'R': 0.4, 'tau_m': 24.0, 'R_adp': 0.8, 'tau_w': 34.5, 'a': 72.0, 'delT': 2.0}. Best is trial 483 with value: 2.0.[0m
2021-04-07 10:11:56.127086: I tensorflow/compiler/jit/xla_gpu_device.cc:99] Not creating XLA devices, tf_xla_enable_xla_devices not set
mse_error/peak_error 0 6.0
[32m[I 2021-04-07 10:12:18,988][0m Trial 753 finished with value: 6.0 and parameters: {'Vahp': -26.0, 'Vth': -23.0, 'Vmax': 28.5, 't_ref': 4.5, 'R': 0.4, 'tau_m': 25.5, 'R_adp': 0.8, 'tau_w': 35.5, 'a': 67.0, 'delT': 2.5}. Best is trial 483 with value: 2.0.[0m
2021-04-07 10:12:19.251997: I tensorflow/compiler/jit/xla_gpu_device.cc:99] Not creating XLA devices, tf_xla_enable_xla_devices not set
mse_error/peak_error 0 358
[32m[I 2021-04-07 10:12:42,511][0m Trial 754 finished with value: 358.0 and parameters: {'Vahp': -26.5, 'Vth': -23.0, 'Vmax': 28.0, 't_ref': 4.5, 'R': 0.5, 'tau_m': 21.0, 'R_adp': 0.8, 'tau_w': 36.5, 'a': 68.0, 'delT': 2.5}. Best is trial 483 with value: 2.0.[0m
2021-04-07 10:12:42.779526: I tensorflow/compiler/jit/xla_gpu_device.cc:99] Not creating XLA devices, tf_xla_enable_xla_devices not set
mse_error/peak_error 0 161
[32m[I 2021-04-07 10:13:06,055][0m Trial 755 finished with value: 161.0 and parameters: {'Vahp': -26.0, 'Vth': -23.0, 'Vmax': 28.5, 't_ref': 4.5, 'R': 0.4, 'tau_m': 22.0, 'R_adp': 0.8, 'tau_w': 35.5, 'a': 63.5, 'delT': 2.5}. Best is trial 483 with value: 2.0.[0m
2021-04-07 10:13:06.327857: I tensorflow/compiler/jit/xla_gpu_device.cc:99] Not creating XLA devices, tf_xla_enable_xla_devices not set
mse_error/peak_error 0 12.0
[32m[I 2021-04-07 10:13:29,045][0m Trial 756 finished with value: 12.0 and parameters: {'Vahp': -25.5, 'Vth': -23.0, 'Vmax': 27.5, 't_ref': 4.5, 'R': 0.4, 'tau_m': 24.0, 'R_adp': 0.8, 'tau_w': 34.5, 'a': 68.5, 'delT': 3.0}. Best is trial 483 with value: 2.0.[0m
2021-04-07 10:13:29.313100: I tensorflow/compiler/jit/xla_gpu_device.cc:99] Not creating XLA devices, tf_xla_enable_xla_devices not set
mse_error/peak_error 0 1207
[32m[I 2021-04-07 10:13:52,588][0m Trial 757 finished with value: 1207.0 and parameters: {'Vahp': -25.5, 'Vth': -23.0, 'Vmax': 28.5, 't_ref': 4.5, 'R': 0.2, 'tau_m': 26.0, 'R_adp': 0.8, 'tau_w': 36.0, 'a': 71.0, 'delT': 3.0}. Best is trial 483 with value: 2.0.[0m
2021-04-07 10:13:52.864063: I tensorflow/compiler/jit/xla_gpu_device.cc:99] Not creating XLA devices, tf_xla_enable_xla_devices not set
mse_error/peak_error 0 21.0
[32m[I 2021-04-07 10:14:16,250][0m Trial 758 finished with value: 21.0 and parameters: {'Vahp': -25.0, 'Vth': -23.0, 'Vmax': 29.0, 't_ref': 5.0, 'R': 0.4, 'tau_m': 24.0, 'R_adp': 0.8, 'tau_w': 34.0, 'a': 71.0, 'delT': 2.5}. Best is trial 483 with value: 2.0.[0m
2021-04-07 10:14:16.527017: I tensorflow/compiler/jit/xla_gpu_device.cc:99] Not creating XLA devices, tf_xla_enable_xla_devices not set
mse_error/peak_error 0 10.0
[32m[I 2021-04-07 10:14:39,924][0m Trial 759 finished with value: 10.0 and parameters: {'Vahp': -27.0, 'Vth': -23.0, 'Vmax': 28.5, 't_ref': 4.5, 'R': 0.4, 'tau_m': 26.5, 'R_adp': 0.8, 'tau_w': 36.5, 'a': 68.0, 'delT': 2.5}. Best is trial 483 with value: 2.0.[0m
2021-04-07 10:14:40.188793: I tensorflow/compiler/jit/xla_gpu_device.cc:99] Not creating XLA devices, tf_xla_enable_xla_devices not set
mse_error/peak_error 0 28.0
[32m[I 2021-04-07 10:15:03,793][0m Trial 760 finished with value: 28.0 and parameters: {'Vahp': -26.0, 'Vth': -23.0, 'Vmax': 29.0, 't_ref': 4.5, 'R': 0.4, 'tau_m': 27.0, 'R_adp': 0.8, 'tau_w': 34.0, 'a': 71.5, 'delT': 2.5}. Best is trial 483 with value: 2.0.[0m
2021-04-07 10:15:04.110054: I tensorflow/compiler/jit/xla_gpu_device.cc:99] Not creating XLA devices, tf_xla_enable_xla_devices not set
mse_error/peak_error 0 384
[32m[I 2021-04-07 10:15:27,591][0m Trial 761 finished with value: 384.0 and parameters: {'Vahp': -26.0, 'Vth': -23.0, 'Vmax': 27.5, 't_ref': 4.5, 'R': 0.30000000000000004, 'tau_m': 28.0, 'R_adp': 0.8, 'tau_w': 36.5, 'a': 70.0, 'delT': 2.5}. Best is trial 483 with value: 2.0.[0m
2021-04-07 10:15:27.858501: I tensorflow/compiler/jit/xla_gpu_device.cc:99] Not creating XLA devices, tf_xla_enable_xla_devices not set
mse_error/peak_error 0 335
[32m[I 2021-04-07 10:15:51,475][0m Trial 762 finished with value: 335.0 and parameters: {'Vahp': -25.0, 'Vth': -23.0, 'Vmax': 28.5, 't_ref': 5.0, 'R': 0.5, 'tau_m': 22.5, 'R_adp': 0.8, 'tau_w': 36.0, 'a': 57.0, 'delT': 3.0}. Best is trial 483 with value: 2.0.[0m
2021-04-07 10:15:51.744640: I tensorflow/compiler/jit/xla_gpu_device.cc:99] Not creating XLA devices, tf_xla_enable_xla_devices not set
mse_error/peak_error 0 37.0
[32m[I 2021-04-07 10:16:15,362][0m Trial 763 finished with value: 37.0 and parameters: {'Vahp': -26.5, 'Vth': -23.0, 'Vmax': 28.0, 't_ref': 5.0, 'R': 0.4, 'tau_m': 20.5, 'R_adp': 0.8, 'tau_w': 40.0, 'a': 67.5, 'delT': 3.0}. Best is trial 483 with value: 2.0.[0m
2021-04-07 10:16:15.631961: I tensorflow/compiler/jit/xla_gpu_device.cc:99] Not creating XLA devices, tf_xla_enable_xla_devices not set
mse_error/peak_error 0 12.0
[32m[I 2021-04-07 10:16:39,221][0m Trial 764 finished with value: 12.0 and parameters: {'Vahp': -25.5, 'Vth': -23.0, 'Vmax': 28.5, 't_ref': 4.5, 'R': 0.4, 'tau_m': 25.5, 'R_adp': 0.8, 'tau_w': 33.5, 'a': 69.5, 'delT': 2.5}. Best is trial 483 with value: 2.0.[0m
2021-04-07 10:16:39.504720: I tensorflow/compiler/jit/xla_gpu_device.cc:99] Not creating XLA devices, tf_xla_enable_xla_devices not set
mse_error/peak_error 0 35.0
[32m[I 2021-04-07 10:17:03,104][0m Trial 765 finished with value: 35.0 and parameters: {'Vahp': -29.5, 'Vth': -23.5, 'Vmax': 29.5, 't_ref': 5.0, 'R': 0.4, 'tau_m': 23.5, 'R_adp': 0.8, 'tau_w': 38.0, 'a': 72.5, 'delT': 2.0}. Best is trial 483 with value: 2.0.[0m
2021-04-07 10:17:03.374726: I tensorflow/compiler/jit/xla_gpu_device.cc:99] Not creating XLA devices, tf_xla_enable_xla_devices not set
mse_error/peak_error 0 178.0
[32m[I 2021-04-07 10:17:26,904][0m Trial 766 finished with value: 178.0 and parameters: {'Vahp': -26.0, 'Vth': -23.0, 'Vmax': 29.0, 't_ref': 4.5, 'R': 0.4, 'tau_m': 29.0, 'R_adp': 0.8, 'tau_w': 43.0, 'a': 64.5, 'delT': 7.5}. Best is trial 483 with value: 2.0.[0m
2021-04-07 10:17:27.172336: I tensorflow/compiler/jit/xla_gpu_device.cc:99] Not creating XLA devices, tf_xla_enable_xla_devices not set
mse_error/peak_error 0 11.0
[32m[I 2021-04-07 10:17:50,721][0m Trial 767 finished with value: 11.0 and parameters: {'Vahp': -27.0, 'Vth': -23.0, 'Vmax': 30.0, 't_ref': 4.5, 'R': 0.4, 'tau_m': 26.5, 'R_adp': 0.8, 'tau_w': 34.0, 'a': 72.0, 'delT': 2.5}. Best is trial 483 with value: 2.0.[0m
2021-04-07 10:17:51.040381: I tensorflow/compiler/jit/xla_gpu_device.cc:99] Not creating XLA devices, tf_xla_enable_xla_devices not set
mse_error/peak_error 0 13.0
[32m[I 2021-04-07 10:18:14,880][0m Trial 768 finished with value: 13.0 and parameters: {'Vahp': -29.5, 'Vth': -22.5, 'Vmax': 30.0, 't_ref': 5.5, 'R': 0.4, 'tau_m': 25.0, 'R_adp': 0.8, 'tau_w': 40.0, 'a': 69.0, 'delT': 2.0}. Best is trial 483 with value: 2.0.[0m
2021-04-07 10:18:15.153039: I tensorflow/compiler/jit/xla_gpu_device.cc:99] Not creating XLA devices, tf_xla_enable_xla_devices not set
mse_error/peak_error 0 160
[32m[I 2021-04-07 10:18:38,911][0m Trial 769 finished with value: 160.0 and parameters: {'Vahp': -28.0, 'Vth': -23.0, 'Vmax': 29.5, 't_ref': 5.0, 'R': 0.4, 'tau_m': 29.0, 'R_adp': 0.8, 'tau_w': 96.5, 'a': 66.5, 'delT': 2.0}. Best is trial 483 with value: 2.0.[0m
2021-04-07 10:18:39.197833: I tensorflow/compiler/jit/xla_gpu_device.cc:99] Not creating XLA devices, tf_xla_enable_xla_devices not set
mse_error/peak_error 0 4.0
[32m[I 2021-04-07 10:19:03,024][0m Trial 770 finished with value: 4.0 and parameters: {'Vahp': -26.5, 'Vth': -23.0, 'Vmax': 27.5, 't_ref': 4.5, 'R': 0.4, 'tau_m': 27.0, 'R_adp': 0.8, 'tau_w': 36.5, 'a': 72.0, 'delT': 2.0}. Best is trial 483 with value: 2.0.[0m
2021-04-07 10:19:03.291668: I tensorflow/compiler/jit/xla_gpu_device.cc:99] Not creating XLA devices, tf_xla_enable_xla_devices not set
mse_error/peak_error 0 33.0
[32m[I 2021-04-07 10:19:26,576][0m Trial 771 finished with value: 33.0 and parameters: {'Vahp': -27.0, 'Vth': -23.0, 'Vmax': 27.5, 't_ref': 4.5, 'R': 0.4, 'tau_m': 24.0, 'R_adp': 0.8, 'tau_w': 35.5, 'a': 68.5, 'delT': 2.0}. Best is trial 483 with value: 2.0.[0m
2021-04-07 10:19:26.847327: I tensorflow/compiler/jit/xla_gpu_device.cc:99] Not creating XLA devices, tf_xla_enable_xla_devices not set
mse_error/peak_error 0 2.0
[32m[I 2021-04-07 10:19:50,816][0m Trial 772 finished with value: 2.0 and parameters: {'Vahp': -26.5, 'Vth': -23.0, 'Vmax': 27.5, 't_ref': 4.5, 'R': 0.4, 'tau_m': 26.5, 'R_adp': 0.8, 'tau_w': 36.5, 'a': 71.0, 'delT': 2.0}. Best is trial 483 with value: 2.0.[0m
2021-04-07 10:19:51.092811: I tensorflow/compiler/jit/xla_gpu_device.cc:99] Not creating XLA devices, tf_xla_enable_xla_devices not set
mse_error/peak_error 0 243
[32m[I 2021-04-07 10:20:15,159][0m Trial 773 finished with value: 243.0 and parameters: {'Vahp': -25.0, 'Vth': -23.0, 'Vmax': 27.0, 't_ref': 5.0, 'R': 0.5, 'tau_m': 22.0, 'R_adp': 0.8, 'tau_w': 38.5, 'a': 71.5, 'delT': 2.5}. Best is trial 483 with value: 2.0.[0m
2021-04-07 10:20:15.424166: I tensorflow/compiler/jit/xla_gpu_device.cc:99] Not creating XLA devices, tf_xla_enable_xla_devices not set
mse_error/peak_error 0 337
[32m[I 2021-04-07 10:20:39,401][0m Trial 774 finished with value: 337.0 and parameters: {'Vahp': -26.0, 'Vth': -23.0, 'Vmax': 30.5, 't_ref': 4.5, 'R': 0.30000000000000004, 'tau_m': 27.5, 'R_adp': 0.8, 'tau_w': 34.0, 'a': 72.5, 'delT': 2.0}. Best is trial 483 with value: 2.0.[0m
2021-04-07 10:20:39.680144: I tensorflow/compiler/jit/xla_gpu_device.cc:99] Not creating XLA devices, tf_xla_enable_xla_devices not set
mse_error/peak_error 0 2.0
[32m[I 2021-04-07 10:21:03,876][0m Trial 775 finished with value: 2.0 and parameters: {'Vahp': -24.5, 'Vth': -23.0, 'Vmax': 27.0, 't_ref': 4.5, 'R': 0.4, 'tau_m': 26.5, 'R_adp': 0.8, 'tau_w': 36.5, 'a': 69.5, 'delT': 2.0}. Best is trial 483 with value: 2.0.[0m
2021-04-07 10:21:04.139976: I tensorflow/compiler/jit/xla_gpu_device.cc:99] Not creating XLA devices, tf_xla_enable_xla_devices not set
mse_error/peak_error 0 325
[32m[I 2021-04-07 10:21:28,488][0m Trial 776 finished with value: 325.0 and parameters: {'Vahp': -24.0, 'Vth': -23.0, 'Vmax': 27.0, 't_ref': 4.5, 'R': 0.4, 'tau_m': 9.0, 'R_adp': 0.8, 'tau_w': 36.5, 'a': 67.5, 'delT': 2.0}. Best is trial 483 with value: 2.0.[0m
2021-04-07 10:21:28.751891: I tensorflow/compiler/jit/xla_gpu_device.cc:99] Not creating XLA devices, tf_xla_enable_xla_devices not set
mse_error/peak_error 0 932
[32m[I 2021-04-07 10:21:52,843][0m Trial 777 finished with value: 932.0 and parameters: {'Vahp': -25.0, 'Vth': -23.0, 'Vmax': 27.5, 't_ref': 5.0, 'R': 0.4, 'tau_m': 95.0, 'R_adp': 0.8, 'tau_w': 33.5, 'a': 69.5, 'delT': 2.5}. Best is trial 483 with value: 2.0.[0m
2021-04-07 10:21:53.107512: I tensorflow/compiler/jit/xla_gpu_device.cc:99] Not creating XLA devices, tf_xla_enable_xla_devices not set
mse_error/peak_error 0 52.0
[32m[I 2021-04-07 10:22:17,085][0m Trial 778 finished with value: 52.0 and parameters: {'Vahp': -22.5, 'Vth': -22.5, 'Vmax': 28.0, 't_ref': 4.5, 'R': 0.4, 'tau_m': 30.0, 'R_adp': 0.8, 'tau_w': 36.5, 'a': 70.5, 'delT': 2.0}. Best is trial 483 with value: 2.0.[0m
2021-04-07 10:22:17.349599: I tensorflow/compiler/jit/xla_gpu_device.cc:99] Not creating XLA devices, tf_xla_enable_xla_devices not set
mse_error/peak_error 0 20.0
[32m[I 2021-04-07 10:22:41,411][0m Trial 779 finished with value: 20.0 and parameters: {'Vahp': -25.0, 'Vth': -23.0, 'Vmax': 27.5, 't_ref': 5.0, 'R': 0.4, 'tau_m': 25.5, 'R_adp': 0.8, 'tau_w': 34.5, 'a': 72.5, 'delT': 2.0}. Best is trial 483 with value: 2.0.[0m
2021-04-07 10:22:41.679114: I tensorflow/compiler/jit/xla_gpu_device.cc:99] Not creating XLA devices, tf_xla_enable_xla_devices not set
mse_error/peak_error 0 186
[32m[I 2021-04-07 10:23:06,038][0m Trial 780 finished with value: 186.0 and parameters: {'Vahp': -23.5, 'Vth': -23.0, 'Vmax': 27.0, 't_ref': 5.5, 'R': 0.4, 'tau_m': 18.0, 'R_adp': 0.8, 'tau_w': 91.0, 'a': 65.0, 'delT': 2.5}. Best is trial 483 with value: 2.0.[0m
2021-04-07 10:23:06.305338: I tensorflow/compiler/jit/xla_gpu_device.cc:99] Not creating XLA devices, tf_xla_enable_xla_devices not set
mse_error/peak_error 0 427
[32m[I 2021-04-07 10:23:30,570][0m Trial 781 finished with value: 427.0 and parameters: {'Vahp': -24.0, 'Vth': -23.0, 'Vmax': 26.5, 't_ref': 5.5, 'R': 0.30000000000000004, 'tau_m': 23.0, 'R_adp': 0.8, 'tau_w': 37.0, 'a': 89.0, 'delT': 2.0}. Best is trial 483 with value: 2.0.[0m
2021-04-07 10:23:30.835919: I tensorflow/compiler/jit/xla_gpu_device.cc:99] Not creating XLA devices, tf_xla_enable_xla_devices not set
mse_error/peak_error 0 2.0
[32m[I 2021-04-07 10:23:55,264][0m Trial 782 finished with value: 2.0 and parameters: {'Vahp': -24.5, 'Vth': -23.0, 'Vmax': 27.0, 't_ref': 4.5, 'R': 0.4, 'tau_m': 26.0, 'R_adp': 0.8, 'tau_w': 37.0, 'a': 69.0, 'delT': 2.0}. Best is trial 483 with value: 2.0.[0m
2021-04-07 10:23:55.531292: I tensorflow/compiler/jit/xla_gpu_device.cc:99] Not creating XLA devices, tf_xla_enable_xla_devices not set
mse_error/peak_error 0 602
[32m[I 2021-04-07 10:24:19,955][0m Trial 783 finished with value: 602.0 and parameters: {'Vahp': -24.5, 'Vth': -23.0, 'Vmax': 27.0, 't_ref': 4.5, 'R': 0.7000000000000001, 'tau_m': 27.0, 'R_adp': 0.8, 'tau_w': 38.0, 'a': 70.0, 'delT': 2.0}. Best is trial 483 with value: 2.0.[0m
2021-04-07 10:24:20.225381: I tensorflow/compiler/jit/xla_gpu_device.cc:99] Not creating XLA devices, tf_xla_enable_xla_devices not set
mse_error/peak_error 0 3.0
[32m[I 2021-04-07 10:24:44,622][0m Trial 784 finished with value: 3.0 and parameters: {'Vahp': -24.0, 'Vth': -23.0, 'Vmax': 26.5, 't_ref': 4.5, 'R': 0.4, 'tau_m': 26.5, 'R_adp': 0.8, 'tau_w': 36.5, 'a': 69.0, 'delT': 2.0}. Best is trial 483 with value: 2.0.[0m
2021-04-07 10:24:44.891725: I tensorflow/compiler/jit/xla_gpu_device.cc:99] Not creating XLA devices, tf_xla_enable_xla_devices not set
mse_error/peak_error 0 469
[32m[I 2021-04-07 10:25:09,229][0m Trial 785 finished with value: 469.0 and parameters: {'Vahp': -24.5, 'Vth': -23.0, 'Vmax': 27.5, 't_ref': 4.5, 'R': 0.6, 'tau_m': 27.5, 'R_adp': 0.8, 'tau_w': 33.5, 'a': 69.5, 'delT': 2.0}. Best is trial 483 with value: 2.0.[0m
2021-04-07 10:25:09.503402: I tensorflow/compiler/jit/xla_gpu_device.cc:99] Not creating XLA devices, tf_xla_enable_xla_devices not set
mse_error/peak_error 0 143
[32m[I 2021-04-07 10:25:34,082][0m Trial 786 finished with value: 143.0 and parameters: {'Vahp': -24.0, 'Vth': -23.0, 'Vmax': 26.5, 't_ref': 5.0, 'R': 0.4, 'tau_m': 25.0, 'R_adp': 0.8, 'tau_w': 36.0, 'a': 61.5, 'delT': 2.0}. Best is trial 483 with value: 2.0.[0m
2021-04-07 10:25:34.362251: I tensorflow/compiler/jit/xla_gpu_device.cc:99] Not creating XLA devices, tf_xla_enable_xla_devices not set
mse_error/peak_error 0 172
[32m[I 2021-04-07 10:25:58,915][0m Trial 787 finished with value: 172.0 and parameters: {'Vahp': -24.0, 'Vth': -23.0, 'Vmax': 26.5, 't_ref': 4.5, 'R': 0.4, 'tau_m': 21.5, 'R_adp': 0.8, 'tau_w': 34.0, 'a': 71.0, 'delT': 2.0}. Best is trial 483 with value: 2.0.[0m
2021-04-07 10:25:59.193063: I tensorflow/compiler/jit/xla_gpu_device.cc:99] Not creating XLA devices, tf_xla_enable_xla_devices not set
mse_error/peak_error 0 74.0
[32m[I 2021-04-07 10:26:23,632][0m Trial 788 finished with value: 74.0 and parameters: {'Vahp': -20.5, 'Vth': -20.0, 'Vmax': 26.0, 't_ref': 4.5, 'R': 0.4, 'tau_m': 30.0, 'R_adp': 0.8, 'tau_w': 37.0, 'a': 69.0, 'delT': 2.0}. Best is trial 483 with value: 2.0.[0m
2021-04-07 10:26:23.902229: I tensorflow/compiler/jit/xla_gpu_device.cc:99] Not creating XLA devices, tf_xla_enable_xla_devices not set
mse_error/peak_error 0 341
[32m[I 2021-04-07 10:26:48,454][0m Trial 789 finished with value: 341.0 and parameters: {'Vahp': -23.5, 'Vth': -23.0, 'Vmax': 27.0, 't_ref': 5.0, 'R': 0.5, 'tau_m': 24.0, 'R_adp': 0.8, 'tau_w': 35.0, 'a': 67.0, 'delT': 2.0}. Best is trial 483 with value: 2.0.[0m
2021-04-07 10:26:48.721461: I tensorflow/compiler/jit/xla_gpu_device.cc:99] Not creating XLA devices, tf_xla_enable_xla_devices not set
mse_error/peak_error 0 42.0
[32m[I 2021-04-07 10:27:13,279][0m Trial 790 finished with value: 42.0 and parameters: {'Vahp': -24.0, 'Vth': -23.0, 'Vmax': 27.5, 't_ref': 5.0, 'R': 0.4, 'tau_m': 23.5, 'R_adp': 0.8, 'tau_w': 33.5, 'a': 72.0, 'delT': 2.0}. Best is trial 483 with value: 2.0.[0m
2021-04-07 10:27:13.552122: I tensorflow/compiler/jit/xla_gpu_device.cc:99] Not creating XLA devices, tf_xla_enable_xla_devices not set
mse_error/peak_error 0 154.0
[32m[I 2021-04-07 10:27:39,372][0m Trial 791 finished with value: 154.0 and parameters: {'Vahp': -23.5, 'Vth': -23.0, 'Vmax': 26.5, 't_ref': 4.5, 'R': 0.4, 'tau_m': 27.0, 'R_adp': 0.8, 'tau_w': 37.0, 'a': 69.5, 'delT': 8.0}. Best is trial 483 with value: 2.0.[0m
2021-04-07 10:27:39.664307: I tensorflow/compiler/jit/xla_gpu_device.cc:99] Not creating XLA devices, tf_xla_enable_xla_devices not set
mse_error/peak_error 0 2.0
[32m[I 2021-04-07 10:28:05,645][0m Trial 792 finished with value: 2.0 and parameters: {'Vahp': -23.5, 'Vth': -23.0, 'Vmax': 27.0, 't_ref': 5.0, 'R': 0.4, 'tau_m': 26.0, 'R_adp': 0.8, 'tau_w': 39.0, 'a': 66.0, 'delT': 2.0}. Best is trial 483 with value: 2.0.[0m
2021-04-07 10:28:05.952817: I tensorflow/compiler/jit/xla_gpu_device.cc:99] Not creating XLA devices, tf_xla_enable_xla_devices not set
mse_error/peak_error 0 6.0
[32m[I 2021-04-07 10:28:31,559][0m Trial 793 finished with value: 6.0 and parameters: {'Vahp': -22.5, 'Vth': -22.5, 'Vmax': 27.0, 't_ref': 4.5, 'R': 0.4, 'tau_m': 26.0, 'R_adp': 0.8, 'tau_w': 35.5, 'a': 67.0, 'delT': 2.0}. Best is trial 483 with value: 2.0.[0m
2021-04-07 10:28:31.831568: I tensorflow/compiler/jit/xla_gpu_device.cc:99] Not creating XLA devices, tf_xla_enable_xla_devices not set
mse_error/peak_error 0 6.0
[32m[I 2021-04-07 10:28:57,631][0m Trial 794 finished with value: 6.0 and parameters: {'Vahp': -22.0, 'Vth': -22.0, 'Vmax': 27.0, 't_ref': 4.5, 'R': 0.4, 'tau_m': 25.5, 'R_adp': 0.8, 'tau_w': 36.0, 'a': 66.0, 'delT': 2.0}. Best is trial 483 with value: 2.0.[0m
2021-04-07 10:28:57.909803: I tensorflow/compiler/jit/xla_gpu_device.cc:99] Not creating XLA devices, tf_xla_enable_xla_devices not set
mse_error/peak_error 0 536
[32m[I 2021-04-07 10:29:23,258][0m Trial 795 finished with value: 536.0 and parameters: {'Vahp': -22.0, 'Vth': -20.0, 'Vmax': 27.0, 't_ref': 4.5, 'R': 0.4, 'tau_m': 19.5, 'R_adp': 0.30000000000000004, 'tau_w': 39.0, 'a': 64.5, 'delT': 2.0}. Best is trial 483 with value: 2.0.[0m
2021-04-07 10:29:23.553986: I tensorflow/compiler/jit/xla_gpu_device.cc:99] Not creating XLA devices, tf_xla_enable_xla_devices not set
mse_error/peak_error 0 173
[32m[I 2021-04-07 10:29:49,093][0m Trial 796 finished with value: 173.0 and parameters: {'Vahp': -21.0, 'Vth': -20.5, 'Vmax': 26.5, 't_ref': 4.5, 'R': 0.4, 'tau_m': 20.5, 'R_adp': 0.8, 'tau_w': 36.5, 'a': 60.0, 'delT': 2.0}. Best is trial 483 with value: 2.0.[0m
2021-04-07 10:29:49.377471: I tensorflow/compiler/jit/xla_gpu_device.cc:99] Not creating XLA devices, tf_xla_enable_xla_devices not set
mse_error/peak_error 0 59.0
[32m[I 2021-04-07 10:30:15,610][0m Trial 797 finished with value: 59.0 and parameters: {'Vahp': -23.5, 'Vth': -23.0, 'Vmax': 27.0, 't_ref': 5.0, 'R': 0.30000000000000004, 'tau_m': 22.5, 'R_adp': 0.8, 'tau_w': 37.0, 'a': 38.0, 'delT': 2.0}. Best is trial 483 with value: 2.0.[0m
2021-04-07 10:30:15.895355: I tensorflow/compiler/jit/xla_gpu_device.cc:99] Not creating XLA devices, tf_xla_enable_xla_devices not set
mse_error/peak_error 0 341
