[32m[I 2021-04-07 09:34:26,225][0m Trial 645 finished with value: 93.0 and parameters: {'Vahp': -29.5, 'Vth': -23.5, 'Vmax': 30.5, 't_ref': 17.0, 'R': 0.4, 'tau_m': 29.0, 'R_adp': 0.6, 'tau_w': 32.5, 'a': 80.5, 'delT': 1.5}. Best is trial 483 with value: 2.0.[0m
2021-04-07 09:34:26.506682: I tensorflow/compiler/jit/xla_gpu_device.cc:99] Not creating XLA devices, tf_xla_enable_xla_devices not set
mse_error/peak_error 0 379
[32m[I 2021-04-07 09:34:45,352][0m Trial 646 finished with value: 379.0 and parameters: {'Vahp': -27.5, 'Vth': -24.0, 'Vmax': 29.5, 't_ref': 4.5, 'R': 0.4, 'tau_m': 33.0, 'R_adp': 0.4, 'tau_w': 26.5, 'a': 75.0, 'delT': 2.0}. Best is trial 483 with value: 2.0.[0m
2021-04-07 09:34:45.615762: I tensorflow/compiler/jit/xla_gpu_device.cc:99] Not creating XLA devices, tf_xla_enable_xla_devices not set
mse_error/peak_error 0 39.0
[32m[I 2021-04-07 09:35:04,381][0m Trial 647 finished with value: 39.0 and parameters: {'Vahp': -29.0, 'Vth': -23.5, 'Vmax': 32.5, 't_ref': 5.0, 'R': 0.4, 'tau_m': 24.0, 'R_adp': 0.8, 'tau_w': 29.5, 'a': 83.0, 'delT': 1.5}. Best is trial 483 with value: 2.0.[0m
2021-04-07 09:35:04.653859: I tensorflow/compiler/jit/xla_gpu_device.cc:99] Not creating XLA devices, tf_xla_enable_xla_devices not set
mse_error/peak_error 0 15.0
[32m[I 2021-04-07 09:35:23,419][0m Trial 648 finished with value: 15.0 and parameters: {'Vahp': -26.5, 'Vth': -24.0, 'Vmax': 31.5, 't_ref': 3.5, 'R': 0.4, 'tau_m': 28.0, 'R_adp': 0.8, 'tau_w': 32.0, 'a': 72.5, 'delT': 1.5}. Best is trial 483 with value: 2.0.[0m
2021-04-07 09:35:23.673007: I tensorflow/compiler/jit/xla_gpu_device.cc:99] Not creating XLA devices, tf_xla_enable_xla_devices not set
mse_error/peak_error 0 69.0
[32m[I 2021-04-07 09:35:42,291][0m Trial 649 finished with value: 69.0 and parameters: {'Vahp': -30.5, 'Vth': -23.5, 'Vmax': 33.0, 't_ref': 3.0, 'R': 0.4, 'tau_m': 21.5, 'R_adp': 0.8, 'tau_w': 35.0, 'a': 77.0, 'delT': 2.0}. Best is trial 483 with value: 2.0.[0m
2021-04-07 09:35:42.576740: I tensorflow/compiler/jit/xla_gpu_device.cc:99] Not creating XLA devices, tf_xla_enable_xla_devices not set
mse_error/peak_error 0 442
[32m[I 2021-04-07 09:36:01,298][0m Trial 650 finished with value: 442.0 and parameters: {'Vahp': -28.0, 'Vth': -24.0, 'Vmax': 30.0, 't_ref': 6.0, 'R': 0.30000000000000004, 'tau_m': 25.5, 'R_adp': 0.8, 'tau_w': 30.0, 'a': 79.5, 'delT': 7.0}. Best is trial 483 with value: 2.0.[0m
2021-04-07 09:36:01.556896: I tensorflow/compiler/jit/xla_gpu_device.cc:99] Not creating XLA devices, tf_xla_enable_xla_devices not set
mse_error/peak_error 0 287
[32m[I 2021-04-07 09:36:20,232][0m Trial 651 finished with value: 287.0 and parameters: {'Vahp': -29.0, 'Vth': -24.5, 'Vmax': 32.0, 't_ref': 4.5, 'R': 0.5, 'tau_m': 31.5, 'R_adp': 0.8, 'tau_w': 33.0, 'a': 73.5, 'delT': 2.0}. Best is trial 483 with value: 2.0.[0m
2021-04-07 09:36:20.489465: I tensorflow/compiler/jit/xla_gpu_device.cc:99] Not creating XLA devices, tf_xla_enable_xla_devices not set
mse_error/peak_error 0 229.0
[32m[I 2021-04-07 09:36:39,102][0m Trial 652 finished with value: 229.0 and parameters: {'Vahp': -27.0, 'Vth': -24.0, 'Vmax': 31.0, 't_ref': 4.0, 'R': 0.4, 'tau_m': 52.5, 'R_adp': 0.8, 'tau_w': 24.5, 'a': 76.0, 'delT': 1.5}. Best is trial 483 with value: 2.0.[0m
2021-04-07 09:36:39.361507: I tensorflow/compiler/jit/xla_gpu_device.cc:99] Not creating XLA devices, tf_xla_enable_xla_devices not set
mse_error/peak_error 0 48.0
[32m[I 2021-04-07 09:36:58,074][0m Trial 653 finished with value: 48.0 and parameters: {'Vahp': -30.0, 'Vth': -23.5, 'Vmax': 33.5, 't_ref': 3.5, 'R': 0.4, 'tau_m': 29.5, 'R_adp': 0.8, 'tau_w': 37.5, 'a': 78.0, 'delT': 2.0}. Best is trial 483 with value: 2.0.[0m
2021-04-07 09:36:58.333435: I tensorflow/compiler/jit/xla_gpu_device.cc:99] Not creating XLA devices, tf_xla_enable_xla_devices not set
mse_error/peak_error 0 1900
[32m[I 2021-04-07 09:37:17,227][0m Trial 654 finished with value: 1900.0 and parameters: {'Vahp': -28.0, 'Vth': -24.0, 'Vmax': 32.5, 't_ref': 3.0, 'R': 0.1, 'tau_m': 27.0, 'R_adp': 0.8, 'tau_w': 28.5, 'a': 75.0, 'delT': 2.5}. Best is trial 483 with value: 2.0.[0m
2021-04-07 09:37:17.485172: I tensorflow/compiler/jit/xla_gpu_device.cc:99] Not creating XLA devices, tf_xla_enable_xla_devices not set
mse_error/peak_error 0 371
[32m[I 2021-04-07 09:37:36,449][0m Trial 655 finished with value: 371.0 and parameters: {'Vahp': -29.0, 'Vth': -24.5, 'Vmax': 31.5, 't_ref': 2.5, 'R': 0.5, 'tau_m': 24.0, 'R_adp': 1.0, 'tau_w': 26.5, 'a': 71.0, 'delT': 1.5}. Best is trial 483 with value: 2.0.[0m
2021-04-07 09:37:36.705411: I tensorflow/compiler/jit/xla_gpu_device.cc:99] Not creating XLA devices, tf_xla_enable_xla_devices not set
mse_error/peak_error 0 239
[32m[I 2021-04-07 09:37:55,727][0m Trial 656 finished with value: 239.0 and parameters: {'Vahp': -49.0, 'Vth': -38.0, 'Vmax': 32.0, 't_ref': 4.0, 'R': 0.4, 'tau_m': 31.0, 'R_adp': 0.8, 'tau_w': 31.0, 'a': 81.5, 'delT': 1.0}. Best is trial 483 with value: 2.0.[0m
2021-04-07 09:37:55.985438: I tensorflow/compiler/jit/xla_gpu_device.cc:99] Not creating XLA devices, tf_xla_enable_xla_devices not set
mse_error/peak_error 0 3.0
[32m[I 2021-04-07 09:38:14,972][0m Trial 657 finished with value: 3.0 and parameters: {'Vahp': -31.0, 'Vth': -23.0, 'Vmax': 30.0, 't_ref': 4.5, 'R': 0.4, 'tau_m': 28.5, 'R_adp': 0.8, 'tau_w': 34.5, 'a': 73.0, 'delT': 1.5}. Best is trial 483 with value: 2.0.[0m
2021-04-07 09:38:15.231920: I tensorflow/compiler/jit/xla_gpu_device.cc:99] Not creating XLA devices, tf_xla_enable_xla_devices not set
mse_error/peak_error 0 3.0
[32m[I 2021-04-07 09:38:34,217][0m Trial 658 finished with value: 3.0 and parameters: {'Vahp': -31.0, 'Vth': -23.0, 'Vmax': 29.5, 't_ref': 5.0, 'R': 0.4, 'tau_m': 26.0, 'R_adp': 0.8, 'tau_w': 37.0, 'a': 68.5, 'delT': 2.0}. Best is trial 483 with value: 2.0.[0m
2021-04-07 09:38:34.476990: I tensorflow/compiler/jit/xla_gpu_device.cc:99] Not creating XLA devices, tf_xla_enable_xla_devices not set
mse_error/peak_error 0 56.0
[32m[I 2021-04-07 09:38:53,634][0m Trial 659 finished with value: 56.0 and parameters: {'Vahp': -31.5, 'Vth': -23.0, 'Vmax': 29.0, 't_ref': 5.5, 'R': 0.4, 'tau_m': 25.5, 'R_adp': 0.8, 'tau_w': 38.0, 'a': 64.0, 'delT': 4.5}. Best is trial 483 with value: 2.0.[0m
2021-04-07 09:38:53.892325: I tensorflow/compiler/jit/xla_gpu_device.cc:99] Not creating XLA devices, tf_xla_enable_xla_devices not set
mse_error/peak_error 0 34.0
[32m[I 2021-04-07 09:39:13,067][0m Trial 660 finished with value: 34.0 and parameters: {'Vahp': -32.5, 'Vth': -23.0, 'Vmax': 29.5, 't_ref': 5.5, 'R': 0.4, 'tau_m': 22.5, 'R_adp': 0.9, 'tau_w': 38.0, 'a': 66.5, 'delT': 2.5}. Best is trial 483 with value: 2.0.[0m
2021-04-07 09:39:13.336356: I tensorflow/compiler/jit/xla_gpu_device.cc:99] Not creating XLA devices, tf_xla_enable_xla_devices not set
mse_error/peak_error 0 498
[32m[I 2021-04-07 09:39:32,656][0m Trial 661 finished with value: 498.0 and parameters: {'Vahp': -31.5, 'Vth': -23.0, 'Vmax': 29.5, 't_ref': 5.0, 'R': 0.6, 'tau_m': 21.5, 'R_adp': 0.8, 'tau_w': 37.0, 'a': 69.0, 'delT': 2.5}. Best is trial 483 with value: 2.0.[0m
2021-04-07 09:39:32.940971: I tensorflow/compiler/jit/xla_gpu_device.cc:99] Not creating XLA devices, tf_xla_enable_xla_devices not set
mse_error/peak_error 0 202
[32m[I 2021-04-07 09:39:52,342][0m Trial 662 finished with value: 202.0 and parameters: {'Vahp': -31.5, 'Vth': -23.0, 'Vmax': 30.0, 't_ref': 5.0, 'R': 0.4, 'tau_m': 19.0, 'R_adp': 0.8, 'tau_w': 36.0, 'a': 68.5, 'delT': 2.0}. Best is trial 483 with value: 2.0.[0m
2021-04-07 09:39:52.629834: I tensorflow/compiler/jit/xla_gpu_device.cc:99] Not creating XLA devices, tf_xla_enable_xla_devices not set
mse_error/peak_error 0 12.0
[32m[I 2021-04-07 09:40:12,073][0m Trial 663 finished with value: 12.0 and parameters: {'Vahp': -32.0, 'Vth': -23.0, 'Vmax': 29.5, 't_ref': 5.5, 'R': 0.4, 'tau_m': 25.5, 'R_adp': 0.8, 'tau_w': 35.5, 'a': 72.0, 'delT': 2.0}. Best is trial 483 with value: 2.0.[0m
2021-04-07 09:40:12.332357: I tensorflow/compiler/jit/xla_gpu_device.cc:99] Not creating XLA devices, tf_xla_enable_xla_devices not set
mse_error/peak_error 0 502
[32m[I 2021-04-07 09:40:31,404][0m Trial 664 finished with value: 502.0 and parameters: {'Vahp': -27.0, 'Vth': -23.0, 'Vmax': 29.0, 't_ref': 6.0, 'R': 0.4, 'tau_m': 63.5, 'R_adp': 0.8, 'tau_w': 37.5, 'a': 68.5, 'delT': 2.0}. Best is trial 483 with value: 2.0.[0m
2021-04-07 09:40:31.667492: I tensorflow/compiler/jit/xla_gpu_device.cc:99] Not creating XLA devices, tf_xla_enable_xla_devices not set
mse_error/peak_error 0 27.0
[32m[I 2021-04-07 09:40:51,040][0m Trial 665 finished with value: 27.0 and parameters: {'Vahp': -30.5, 'Vth': -23.0, 'Vmax': 29.5, 't_ref': 5.0, 'R': 0.4, 'tau_m': 24.0, 'R_adp': 0.8, 'tau_w': 35.5, 'a': 66.0, 'delT': 2.5}. Best is trial 483 with value: 2.0.[0m
2021-04-07 09:40:51.301054: I tensorflow/compiler/jit/xla_gpu_device.cc:99] Not creating XLA devices, tf_xla_enable_xla_devices not set
mse_error/peak_error 0 30.0
[32m[I 2021-04-07 09:41:10,724][0m Trial 666 finished with value: 30.0 and parameters: {'Vahp': -32.0, 'Vth': -23.0, 'Vmax': 29.5, 't_ref': 5.5, 'R': 0.4, 'tau_m': 21.0, 'R_adp': 0.9, 'tau_w': 36.0, 'a': 68.0, 'delT': 2.5}. Best is trial 483 with value: 2.0.[0m
2021-04-07 09:41:10.984019: I tensorflow/compiler/jit/xla_gpu_device.cc:99] Not creating XLA devices, tf_xla_enable_xla_devices not set
mse_error/peak_error 0 264
[32m[I 2021-04-07 09:41:30,243][0m Trial 667 finished with value: 264.0 and parameters: {'Vahp': -32.5, 'Vth': -23.5, 'Vmax': 29.0, 't_ref': 6.0, 'R': 0.30000000000000004, 'tau_m': 23.5, 'R_adp': 0.8, 'tau_w': 36.5, 'a': 70.0, 'delT': 2.0}. Best is trial 483 with value: 2.0.[0m
2021-04-07 09:41:30.515048: I tensorflow/compiler/jit/xla_gpu_device.cc:99] Not creating XLA devices, tf_xla_enable_xla_devices not set
mse_error/peak_error 0 213.0
[32m[I 2021-04-07 09:41:49,865][0m Trial 668 finished with value: 213.0 and parameters: {'Vahp': -33.0, 'Vth': -23.0, 'Vmax': 29.5, 't_ref': 5.5, 'R': 0.4, 'tau_m': 43.0, 'R_adp': 0.8, 'tau_w': 38.0, 'a': 71.5, 'delT': 2.0}. Best is trial 483 with value: 2.0.[0m
2021-04-07 09:41:50.126256: I tensorflow/compiler/jit/xla_gpu_device.cc:99] Not creating XLA devices, tf_xla_enable_xla_devices not set
mse_error/peak_error 0 3.0
[32m[I 2021-04-07 09:42:09,517][0m Trial 669 finished with value: 3.0 and parameters: {'Vahp': -31.0, 'Vth': -23.0, 'Vmax': 30.0, 't_ref': 5.0, 'R': 0.4, 'tau_m': 28.5, 'R_adp': 0.8, 'tau_w': 34.5, 'a': 71.0, 'delT': 1.5}. Best is trial 483 with value: 2.0.[0m
2021-04-07 09:42:09.782325: I tensorflow/compiler/jit/xla_gpu_device.cc:99] Not creating XLA devices, tf_xla_enable_xla_devices not set
mse_error/peak_error 0 329
[32m[I 2021-04-07 09:42:29,347][0m Trial 670 finished with value: 329.0 and parameters: {'Vahp': -30.5, 'Vth': -23.0, 'Vmax': 30.0, 't_ref': 5.5, 'R': 0.5, 'tau_m': 25.0, 'R_adp': 0.8, 'tau_w': 35.5, 'a': 68.0, 'delT': 2.0}. Best is trial 483 with value: 2.0.[0m
2021-04-07 09:42:29.609949: I tensorflow/compiler/jit/xla_gpu_device.cc:99] Not creating XLA devices, tf_xla_enable_xla_devices not set
mse_error/peak_error 0 23.0
[32m[I 2021-04-07 09:42:49,103][0m Trial 671 finished with value: 23.0 and parameters: {'Vahp': -31.0, 'Vth': -23.0, 'Vmax': 30.0, 't_ref': 5.5, 'R': 0.4, 'tau_m': 26.0, 'R_adp': 0.8, 'tau_w': 34.5, 'a': 71.5, 'delT': 1.5}. Best is trial 483 with value: 2.0.[0m
2021-04-07 09:42:49.359107: I tensorflow/compiler/jit/xla_gpu_device.cc:99] Not creating XLA devices, tf_xla_enable_xla_devices not set
mse_error/peak_error 0 5.0
[32m[I 2021-04-07 09:43:08,863][0m Trial 672 finished with value: 5.0 and parameters: {'Vahp': -30.5, 'Vth': -23.0, 'Vmax': 30.0, 't_ref': 5.0, 'R': 0.4, 'tau_m': 28.0, 'R_adp': 0.8, 'tau_w': 38.0, 'a': 71.0, 'delT': 1.5}. Best is trial 483 with value: 2.0.[0m
2021-04-07 09:43:09.132038: I tensorflow/compiler/jit/xla_gpu_device.cc:99] Not creating XLA devices, tf_xla_enable_xla_devices not set
mse_error/peak_error 0 11.0
[32m[I 2021-04-07 09:43:28,650][0m Trial 673 finished with value: 11.0 and parameters: {'Vahp': -31.0, 'Vth': -23.0, 'Vmax': 29.5, 't_ref': 5.0, 'R': 0.4, 'tau_m': 27.5, 'R_adp': 0.8, 'tau_w': 38.5, 'a': 70.0, 'delT': 1.5}. Best is trial 483 with value: 2.0.[0m
2021-04-07 09:43:28.911051: I tensorflow/compiler/jit/xla_gpu_device.cc:99] Not creating XLA devices, tf_xla_enable_xla_devices not set
mse_error/peak_error 0 18.0
[32m[I 2021-04-07 09:43:48,240][0m Trial 674 finished with value: 18.0 and parameters: {'Vahp': -32.5, 'Vth': -23.0, 'Vmax': 30.0, 't_ref': 6.0, 'R': 0.4, 'tau_m': 24.0, 'R_adp': 0.8, 'tau_w': 38.5, 'a': 69.5, 'delT': 2.0}. Best is trial 483 with value: 2.0.[0m
2021-04-07 09:43:48.498142: I tensorflow/compiler/jit/xla_gpu_device.cc:99] Not creating XLA devices, tf_xla_enable_xla_devices not set
mse_error/peak_error 0 23.0
[32m[I 2021-04-07 09:44:08,121][0m Trial 675 finished with value: 23.0 and parameters: {'Vahp': -32.0, 'Vth': -23.0, 'Vmax': 29.0, 't_ref': 6.0, 'R': 0.4, 'tau_m': 26.0, 'R_adp': 0.8, 'tau_w': 38.5, 'a': 67.0, 'delT': 1.5}. Best is trial 483 with value: 2.0.[0m
2021-04-07 09:44:08.384817: I tensorflow/compiler/jit/xla_gpu_device.cc:99] Not creating XLA devices, tf_xla_enable_xla_devices not set
mse_error/peak_error 0 67.0
[32m[I 2021-04-07 09:44:28,315][0m Trial 676 finished with value: 67.0 and parameters: {'Vahp': -31.0, 'Vth': -23.0, 'Vmax': 29.0, 't_ref': 5.5, 'R': 0.4, 'tau_m': 22.5, 'R_adp': 0.8, 'tau_w': 38.5, 'a': 70.0, 'delT': 1.5}. Best is trial 483 with value: 2.0.[0m
2021-04-07 09:44:28.572168: I tensorflow/compiler/jit/xla_gpu_device.cc:99] Not creating XLA devices, tf_xla_enable_xla_devices not set
mse_error/peak_error 0 12.0
[32m[I 2021-04-07 09:44:48,394][0m Trial 677 finished with value: 12.0 and parameters: {'Vahp': -31.5, 'Vth': -23.0, 'Vmax': 29.0, 't_ref': 5.0, 'R': 0.4, 'tau_m': 27.5, 'R_adp': 0.8, 'tau_w': 39.0, 'a': 70.5, 'delT': 1.5}. Best is trial 483 with value: 2.0.[0m
2021-04-07 09:44:48.655676: I tensorflow/compiler/jit/xla_gpu_device.cc:99] Not creating XLA devices, tf_xla_enable_xla_devices not set
mse_error/peak_error 0 18.0
[32m[I 2021-04-07 09:45:08,505][0m Trial 678 finished with value: 18.0 and parameters: {'Vahp': -32.0, 'Vth': -23.0, 'Vmax': 29.0, 't_ref': 5.5, 'R': 0.4, 'tau_m': 25.0, 'R_adp': 0.8, 'tau_w': 39.0, 'a': 70.0, 'delT': 1.5}. Best is trial 483 with value: 2.0.[0m
2021-04-07 09:45:08.762728: I tensorflow/compiler/jit/xla_gpu_device.cc:99] Not creating XLA devices, tf_xla_enable_xla_devices not set
mse_error/peak_error 0 52.0
[32m[I 2021-04-07 09:45:28,636][0m Trial 679 finished with value: 52.0 and parameters: {'Vahp': -32.0, 'Vth': -23.0, 'Vmax': 29.5, 't_ref': 5.0, 'R': 0.4, 'tau_m': 23.0, 'R_adp': 0.8, 'tau_w': 39.0, 'a': 66.0, 'delT': 2.0}. Best is trial 483 with value: 2.0.[0m
2021-04-07 09:45:28.895945: I tensorflow/compiler/jit/xla_gpu_device.cc:99] Not creating XLA devices, tf_xla_enable_xla_devices not set
mse_error/peak_error 0 282
[32m[I 2021-04-07 09:45:48,818][0m Trial 680 finished with value: 282.0 and parameters: {'Vahp': -31.0, 'Vth': -23.0, 'Vmax': 28.5, 't_ref': 5.5, 'R': 0.30000000000000004, 'tau_m': 27.0, 'R_adp': 0.8, 'tau_w': 38.5, 'a': 64.0, 'delT': 1.5}. Best is trial 483 with value: 2.0.[0m
2021-04-07 09:45:49.082232: I tensorflow/compiler/jit/xla_gpu_device.cc:99] Not creating XLA devices, tf_xla_enable_xla_devices not set
mse_error/peak_error 0 202
[32m[I 2021-04-07 09:46:09,122][0m Trial 681 finished with value: 202.0 and parameters: {'Vahp': -33.0, 'Vth': -23.0, 'Vmax': 29.5, 't_ref': 5.0, 'R': 0.4, 'tau_m': 18.0, 'R_adp': 0.8, 'tau_w': 36.0, 'a': 68.5, 'delT': 2.0}. Best is trial 483 with value: 2.0.[0m
2021-04-07 09:46:09.384543: I tensorflow/compiler/jit/xla_gpu_device.cc:99] Not creating XLA devices, tf_xla_enable_xla_devices not set
mse_error/peak_error 0 15.0
[32m[I 2021-04-07 09:46:29,467][0m Trial 682 finished with value: 15.0 and parameters: {'Vahp': -31.5, 'Vth': -23.0, 'Vmax': 30.0, 't_ref': 5.0, 'R': 0.4, 'tau_m': 27.5, 'R_adp': 0.8, 'tau_w': 36.5, 'a': 67.5, 'delT': 1.5}. Best is trial 483 with value: 2.0.[0m
2021-04-07 09:46:29.727394: I tensorflow/compiler/jit/xla_gpu_device.cc:99] Not creating XLA devices, tf_xla_enable_xla_devices not set
mse_error/peak_error 0 226
[32m[I 2021-04-07 09:46:49,950][0m Trial 683 finished with value: 226.0 and parameters: {'Vahp': -32.5, 'Vth': -23.0, 'Vmax': 29.0, 't_ref': 6.0, 'R': 0.5, 'tau_m': 25.5, 'R_adp': 0.8, 'tau_w': 40.0, 'a': 70.0, 'delT': 1.5}. Best is trial 483 with value: 2.0.[0m
2021-04-07 09:46:50.211484: I tensorflow/compiler/jit/xla_gpu_device.cc:99] Not creating XLA devices, tf_xla_enable_xla_devices not set
mse_error/peak_error 0 2.0
[32m[I 2021-04-07 09:47:10,265][0m Trial 684 finished with value: 2.0 and parameters: {'Vahp': -31.0, 'Vth': -23.0, 'Vmax': 29.5, 't_ref': 5.5, 'R': 0.4, 'tau_m': 27.5, 'R_adp': 0.8, 'tau_w': 37.5, 'a': 70.5, 'delT': 1.5}. Best is trial 483 with value: 2.0.[0m
2021-04-07 09:47:10.535379: I tensorflow/compiler/jit/xla_gpu_device.cc:99] Not creating XLA devices, tf_xla_enable_xla_devices not set
mse_error/peak_error 0 90.0
[32m[I 2021-04-07 09:47:30,825][0m Trial 685 finished with value: 90.0 and parameters: {'Vahp': -31.0, 'Vth': -23.0, 'Vmax': 28.5, 't_ref': 5.5, 'R': 0.4, 'tau_m': 20.0, 'R_adp': 0.8, 'tau_w': 38.5, 'a': 69.0, 'delT': 1.5}. Best is trial 483 with value: 2.0.[0m
2021-04-07 09:47:31.087581: I tensorflow/compiler/jit/xla_gpu_device.cc:99] Not creating XLA devices, tf_xla_enable_xla_devices not set
mse_error/peak_error 0 21.0
[32m[I 2021-04-07 09:47:51,208][0m Trial 686 finished with value: 21.0 and parameters: {'Vahp': -32.0, 'Vth': -23.0, 'Vmax': 29.5, 't_ref': 6.0, 'R': 0.4, 'tau_m': 25.0, 'R_adp': 0.8, 'tau_w': 37.0, 'a': 70.5, 'delT': 1.5}. Best is trial 483 with value: 2.0.[0m
2021-04-07 09:47:51.464886: I tensorflow/compiler/jit/xla_gpu_device.cc:99] Not creating XLA devices, tf_xla_enable_xla_devices not set
mse_error/peak_error 0 16.0
[32m[I 2021-04-07 09:48:11,575][0m Trial 687 finished with value: 16.0 and parameters: {'Vahp': -31.0, 'Vth': -23.0, 'Vmax': 29.0, 't_ref': 6.5, 'R': 0.4, 'tau_m': 27.0, 'R_adp': 0.8, 'tau_w': 38.0, 'a': 65.0, 'delT': 1.5}. Best is trial 483 with value: 2.0.[0m
2021-04-07 09:48:11.888945: I tensorflow/compiler/jit/xla_gpu_device.cc:99] Not creating XLA devices, tf_xla_enable_xla_devices not set
mse_error/peak_error 0 37.0
[32m[I 2021-04-07 09:48:32,269][0m Trial 688 finished with value: 37.0 and parameters: {'Vahp': -32.5, 'Vth': -23.0, 'Vmax': 30.0, 't_ref': 5.5, 'R': 0.4, 'tau_m': 22.5, 'R_adp': 0.8, 'tau_w': 41.0, 'a': 67.5, 'delT': 2.0}. Best is trial 483 with value: 2.0.[0m
2021-04-07 09:48:32.530797: I tensorflow/compiler/jit/xla_gpu_device.cc:99] Not creating XLA devices, tf_xla_enable_xla_devices not set
mse_error/peak_error 0 548
[32m[I 2021-04-07 09:48:52,848][0m Trial 689 finished with value: 548.0 and parameters: {'Vahp': -31.5, 'Vth': -23.0, 'Vmax': 29.0, 't_ref': 5.5, 'R': 0.4, 'tau_m': 0.5, 'R_adp': 0.8, 'tau_w': 40.0, 'a': 70.5, 'delT': 1.5}. Best is trial 483 with value: 2.0.[0m
2021-04-07 09:48:53.113841: I tensorflow/compiler/jit/xla_gpu_device.cc:99] Not creating XLA devices, tf_xla_enable_xla_devices not set
mse_error/peak_error 0 3.0
[32m[I 2021-04-07 09:49:13,495][0m Trial 690 finished with value: 3.0 and parameters: {'Vahp': -30.5, 'Vth': -23.0, 'Vmax': 28.0, 't_ref': 5.0, 'R': 0.4, 'tau_m': 27.5, 'R_adp': 0.8, 'tau_w': 37.5, 'a': 71.5, 'delT': 1.5}. Best is trial 483 with value: 2.0.[0m
2021-04-07 09:49:13.758387: I tensorflow/compiler/jit/xla_gpu_device.cc:99] Not creating XLA devices, tf_xla_enable_xla_devices not set
mse_error/peak_error 0 247
[32m[I 2021-04-07 09:49:34,187][0m Trial 691 finished with value: 247.0 and parameters: {'Vahp': -33.5, 'Vth': -22.5, 'Vmax': 28.0, 't_ref': 5.0, 'R': 0.30000000000000004, 'tau_m': 24.5, 'R_adp': 0.8, 'tau_w': 37.5, 'a': 68.5, 'delT': 1.0}. Best is trial 483 with value: 2.0.[0m
2021-04-07 09:49:34.447201: I tensorflow/compiler/jit/xla_gpu_device.cc:99] Not creating XLA devices, tf_xla_enable_xla_devices not set
mse_error/peak_error 0 12.0
[32m[I 2021-04-07 09:49:54,958][0m Trial 692 finished with value: 12.0 and parameters: {'Vahp': -31.0, 'Vth': -23.0, 'Vmax': 28.0, 't_ref': 6.0, 'R': 0.4, 'tau_m': 26.5, 'R_adp': 0.8, 'tau_w': 37.5, 'a': 71.0, 'delT': 2.0}. Best is trial 483 with value: 2.0.[0m
2021-04-07 09:49:55.216869: I tensorflow/compiler/jit/xla_gpu_device.cc:99] Not creating XLA devices, tf_xla_enable_xla_devices not set
mse_error/peak_error 0 12.0
[32m[I 2021-04-07 09:50:15,647][0m Trial 693 finished with value: 12.0 and parameters: {'Vahp': -31.5, 'Vth': -23.0, 'Vmax': 28.5, 't_ref': 6.5, 'R': 0.4, 'tau_m': 28.5, 'R_adp': 0.8, 'tau_w': 39.0, 'a': 66.0, 'delT': 1.5}. Best is trial 483 with value: 2.0.[0m
2021-04-07 09:50:15.915438: I tensorflow/compiler/jit/xla_gpu_device.cc:99] Not creating XLA devices, tf_xla_enable_xla_devices not set
mse_error/peak_error 0 39.0
[32m[I 2021-04-07 09:50:36,732][0m Trial 694 finished with value: 39.0 and parameters: {'Vahp': -33.0, 'Vth': -22.5, 'Vmax': 28.5, 't_ref': 6.0, 'R': 0.4, 'tau_m': 22.0, 'R_adp': 0.8, 'tau_w': 41.0, 'a': 66.5, 'delT': 2.0}. Best is trial 483 with value: 2.0.[0m
2021-04-07 09:50:36.992271: I tensorflow/compiler/jit/xla_gpu_device.cc:99] Not creating XLA devices, tf_xla_enable_xla_devices not set
mse_error/peak_error 0 105.0
[32m[I 2021-04-07 09:50:57,558][0m Trial 695 finished with value: 105.0 and parameters: {'Vahp': -30.5, 'Vth': -23.0, 'Vmax': 28.0, 't_ref': 5.5, 'R': 0.4, 'tau_m': 25.0, 'R_adp': 0.8, 'tau_w': 37.0, 'a': 71.5, 'delT': 6.0}. Best is trial 483 with value: 2.0.[0m
2021-04-07 09:50:57.825294: I tensorflow/compiler/jit/xla_gpu_device.cc:99] Not creating XLA devices, tf_xla_enable_xla_devices not set
mse_error/peak_error 0 13.0
