[32m[I 2021-04-07 09:05:23,122][0m Trial 543 finished with value: 355.0 and parameters: {'Vahp': -30.5, 'Vth': -23.5, 'Vmax': 32.5, 't_ref': 3.5, 'R': 0.4, 'tau_m': 56.0, 'R_adp': 0.9, 'tau_w': 34.0, 'a': 76.5, 'delT': 1.0}. Best is trial 483 with value: 2.0.[0m
2021-04-07 09:05:23.375273: I tensorflow/compiler/jit/xla_gpu_device.cc:99] Not creating XLA devices, tf_xla_enable_xla_devices not set
mse_error/peak_error 0 73.0
[32m[I 2021-04-07 09:05:38,756][0m Trial 544 finished with value: 73.0 and parameters: {'Vahp': -29.0, 'Vth': -24.0, 'Vmax': 33.5, 't_ref': 4.0, 'R': 0.4, 'tau_m': 22.0, 'R_adp': 0.9, 'tau_w': 31.0, 'a': 73.0, 'delT': 1.5}. Best is trial 483 with value: 2.0.[0m
2021-04-07 09:05:39.009711: I tensorflow/compiler/jit/xla_gpu_device.cc:99] Not creating XLA devices, tf_xla_enable_xla_devices not set
mse_error/peak_error 0 329
[32m[I 2021-04-07 09:05:54,222][0m Trial 545 finished with value: 329.0 and parameters: {'Vahp': -28.5, 'Vth': -24.0, 'Vmax': 32.0, 't_ref': 3.0, 'R': 0.30000000000000004, 'tau_m': 30.0, 'R_adp': 0.30000000000000004, 'tau_w': 26.0, 'a': 82.0, 'delT': 1.5}. Best is trial 483 with value: 2.0.[0m
2021-04-07 09:05:54.471244: I tensorflow/compiler/jit/xla_gpu_device.cc:99] Not creating XLA devices, tf_xla_enable_xla_devices not set
mse_error/peak_error 0 13.0
[32m[I 2021-04-07 09:06:09,809][0m Trial 546 finished with value: 13.0 and parameters: {'Vahp': -31.5, 'Vth': -24.5, 'Vmax': 31.5, 't_ref': 4.5, 'R': 0.4, 'tau_m': 27.0, 'R_adp': 0.9, 'tau_w': 28.0, 'a': 75.0, 'delT': 2.0}. Best is trial 483 with value: 2.0.[0m
2021-04-07 09:06:10.054740: I tensorflow/compiler/jit/xla_gpu_device.cc:99] Not creating XLA devices, tf_xla_enable_xla_devices not set
mse_error/peak_error 0 156
[32m[I 2021-04-07 09:06:25,360][0m Trial 547 finished with value: 156.0 and parameters: {'Vahp': -33.0, 'Vth': -25.5, 'Vmax': 32.5, 't_ref': 5.0, 'R': 0.4, 'tau_m': 23.5, 'R_adp': 0.9, 'tau_w': 24.0, 'a': 72.0, 'delT': 2.0}. Best is trial 483 with value: 2.0.[0m
2021-04-07 09:06:26.117277: I tensorflow/compiler/jit/xla_gpu_device.cc:99] Not creating XLA devices, tf_xla_enable_xla_devices not set
mse_error/peak_error 0 21.0
[32m[I 2021-04-07 09:06:41,489][0m Trial 548 finished with value: 21.0 and parameters: {'Vahp': -31.0, 'Vth': -24.5, 'Vmax': 33.0, 't_ref': 4.5, 'R': 0.4, 'tau_m': 26.5, 'R_adp': 0.9, 'tau_w': 28.0, 'a': 74.5, 'delT': 2.5}. Best is trial 483 with value: 2.0.[0m
2021-04-07 09:06:41.741853: I tensorflow/compiler/jit/xla_gpu_device.cc:99] Not creating XLA devices, tf_xla_enable_xla_devices not set
mse_error/peak_error 0 15.0
[32m[I 2021-04-07 09:06:57,205][0m Trial 549 finished with value: 15.0 and parameters: {'Vahp': -31.5, 'Vth': -25.0, 'Vmax': 31.0, 't_ref': 5.0, 'R': 0.4, 'tau_m': 25.0, 'R_adp': 0.9, 'tau_w': 27.0, 'a': 75.0, 'delT': 2.0}. Best is trial 483 with value: 2.0.[0m
2021-04-07 09:06:57.469107: I tensorflow/compiler/jit/xla_gpu_device.cc:99] Not creating XLA devices, tf_xla_enable_xla_devices not set
mse_error/peak_error 0 1180
[32m[I 2021-04-07 09:07:12,934][0m Trial 550 finished with value: 1180.0 and parameters: {'Vahp': -31.5, 'Vth': -24.5, 'Vmax': 33.5, 't_ref': 4.5, 'R': 0.2, 'tau_m': 27.5, 'R_adp': 0.9, 'tau_w': 59.0, 'a': 73.0, 'delT': 2.0}. Best is trial 483 with value: 2.0.[0m
2021-04-07 09:07:13.186251: I tensorflow/compiler/jit/xla_gpu_device.cc:99] Not creating XLA devices, tf_xla_enable_xla_devices not set
mse_error/peak_error 0 159
[32m[I 2021-04-07 09:07:28,330][0m Trial 551 finished with value: 159.0 and parameters: {'Vahp': -28.0, 'Vth': -24.0, 'Vmax': 31.5, 't_ref': 3.5, 'R': 0.4, 'tau_m': 26.5, 'R_adp': 1.0, 'tau_w': 34.0, 'a': 78.0, 'delT': 2.5}. Best is trial 483 with value: 2.0.[0m
2021-04-07 09:07:28.577373: I tensorflow/compiler/jit/xla_gpu_device.cc:99] Not creating XLA devices, tf_xla_enable_xla_devices not set
mse_error/peak_error 0 407
[32m[I 2021-04-07 09:07:44,032][0m Trial 552 finished with value: 407.0 and parameters: {'Vahp': -27.0, 'Vth': -24.0, 'Vmax': 31.5, 't_ref': 4.0, 'R': 0.5, 'tau_m': 29.0, 'R_adp': 0.8, 'tau_w': 21.0, 'a': 77.0, 'delT': 2.0}. Best is trial 483 with value: 2.0.[0m
2021-04-07 09:07:44.286275: I tensorflow/compiler/jit/xla_gpu_device.cc:99] Not creating XLA devices, tf_xla_enable_xla_devices not set
mse_error/peak_error 0 71.0
[32m[I 2021-04-07 09:07:59,859][0m Trial 553 finished with value: 71.0 and parameters: {'Vahp': -29.5, 'Vth': -24.5, 'Vmax': 31.0, 't_ref': 3.0, 'R': 0.4, 'tau_m': 21.5, 'R_adp': 0.8, 'tau_w': 32.0, 'a': 80.0, 'delT': 2.0}. Best is trial 483 with value: 2.0.[0m
2021-04-07 09:08:00.123894: I tensorflow/compiler/jit/xla_gpu_device.cc:99] Not creating XLA devices, tf_xla_enable_xla_devices not set
mse_error/peak_error 0 15.0
[32m[I 2021-04-07 09:08:15,678][0m Trial 554 finished with value: 15.0 and parameters: {'Vahp': -30.5, 'Vth': -23.5, 'Vmax': 32.5, 't_ref': 5.0, 'R': 0.4, 'tau_m': 24.0, 'R_adp': 0.9, 'tau_w': 28.5, 'a': 71.0, 'delT': 2.5}. Best is trial 483 with value: 2.0.[0m
2021-04-07 09:08:15.952704: I tensorflow/compiler/jit/xla_gpu_device.cc:99] Not creating XLA devices, tf_xla_enable_xla_devices not set
mse_error/peak_error 0 287
[32m[I 2021-04-07 09:08:31,750][0m Trial 555 finished with value: 287.0 and parameters: {'Vahp': -31.5, 'Vth': -23.0, 'Vmax': 34.0, 't_ref': 4.5, 'R': 0.4, 'tau_m': 32.0, 'R_adp': 0.9, 'tau_w': 30.0, 'a': 75.0, 'delT': 5.0}. Best is trial 483 with value: 2.0.[0m
2021-04-07 09:08:32.000687: I tensorflow/compiler/jit/xla_gpu_device.cc:99] Not creating XLA devices, tf_xla_enable_xla_devices not set
mse_error/peak_error 0 32.0
[32m[I 2021-04-07 09:08:47,741][0m Trial 556 finished with value: 32.0 and parameters: {'Vahp': -32.5, 'Vth': -23.0, 'Vmax': 32.0, 't_ref': 4.0, 'R': 0.4, 'tau_m': 27.5, 'R_adp': 0.9, 'tau_w': 25.5, 'a': 73.5, 'delT': 2.0}. Best is trial 483 with value: 2.0.[0m
2021-04-07 09:08:47.997407: I tensorflow/compiler/jit/xla_gpu_device.cc:99] Not creating XLA devices, tf_xla_enable_xla_devices not set
mse_error/peak_error 0 42.0
[32m[I 2021-04-07 09:09:03,620][0m Trial 557 finished with value: 42.0 and parameters: {'Vahp': -30.0, 'Vth': -24.5, 'Vmax': 33.0, 't_ref': 4.0, 'R': 0.4, 'tau_m': 30.0, 'R_adp': 0.9, 'tau_w': 34.0, 'a': 72.0, 'delT': 2.0}. Best is trial 483 with value: 2.0.[0m
2021-04-07 09:09:03.892473: I tensorflow/compiler/jit/xla_gpu_device.cc:99] Not creating XLA devices, tf_xla_enable_xla_devices not set
mse_error/peak_error 0 68.0
[32m[I 2021-04-07 09:09:19,610][0m Trial 558 finished with value: 68.0 and parameters: {'Vahp': -30.5, 'Vth': -23.5, 'Vmax': 34.5, 't_ref': 4.5, 'R': 0.4, 'tau_m': 33.0, 'R_adp': 0.9, 'tau_w': 31.5, 'a': 75.5, 'delT': 1.5}. Best is trial 483 with value: 2.0.[0m
2021-04-07 09:09:19.857994: I tensorflow/compiler/jit/xla_gpu_device.cc:99] Not creating XLA devices, tf_xla_enable_xla_devices not set
mse_error/peak_error 0 313
[32m[I 2021-04-07 09:09:35,550][0m Trial 559 finished with value: 313.0 and parameters: {'Vahp': -28.0, 'Vth': -24.0, 'Vmax': 30.0, 't_ref': 3.5, 'R': 0.30000000000000004, 'tau_m': 25.0, 'R_adp': 0.8, 'tau_w': 36.0, 'a': 79.5, 'delT': 1.5}. Best is trial 483 with value: 2.0.[0m
2021-04-07 09:09:35.801065: I tensorflow/compiler/jit/xla_gpu_device.cc:99] Not creating XLA devices, tf_xla_enable_xla_devices not set
mse_error/peak_error 0 16.0
[32m[I 2021-04-07 09:09:51,527][0m Trial 560 finished with value: 16.0 and parameters: {'Vahp': -30.0, 'Vth': -24.5, 'Vmax': 33.0, 't_ref': 4.0, 'R': 0.4, 'tau_m': 28.0, 'R_adp': 0.9, 'tau_w': 29.0, 'a': 76.5, 'delT': 2.0}. Best is trial 483 with value: 2.0.[0m
2021-04-07 09:09:51.779876: I tensorflow/compiler/jit/xla_gpu_device.cc:99] Not creating XLA devices, tf_xla_enable_xla_devices not set
mse_error/peak_error 0 406
[32m[I 2021-04-07 09:10:07,578][0m Trial 561 finished with value: 406.0 and parameters: {'Vahp': -26.5, 'Vth': -24.0, 'Vmax': 33.5, 't_ref': 4.5, 'R': 0.4, 'tau_m': 47.5, 'R_adp': 1.0, 'tau_w': 32.5, 'a': 0.5, 'delT': 2.5}. Best is trial 483 with value: 2.0.[0m
2021-04-07 09:10:07.826459: I tensorflow/compiler/jit/xla_gpu_device.cc:99] Not creating XLA devices, tf_xla_enable_xla_devices not set
mse_error/peak_error 0 38.0
[32m[I 2021-04-07 09:10:23,838][0m Trial 562 finished with value: 38.0 and parameters: {'Vahp': -28.5, 'Vth': -24.5, 'Vmax': 31.0, 't_ref': 3.0, 'R': 0.4, 'tau_m': 26.0, 'R_adp': 0.8, 'tau_w': 30.5, 'a': 81.5, 'delT': 1.5}. Best is trial 483 with value: 2.0.[0m
2021-04-07 09:10:24.114001: I tensorflow/compiler/jit/xla_gpu_device.cc:99] Not creating XLA devices, tf_xla_enable_xla_devices not set
mse_error/peak_error 0 158
[32m[I 2021-04-07 09:10:39,829][0m Trial 563 finished with value: 158.0 and parameters: {'Vahp': -27.5, 'Vth': -24.0, 'Vmax': 32.0, 't_ref': 3.5, 'R': 0.4, 'tau_m': 23.0, 'R_adp': 0.8, 'tau_w': 27.5, 'a': 77.0, 'delT': 2.0}. Best is trial 483 with value: 2.0.[0m
2021-04-07 09:10:40.137245: I tensorflow/compiler/jit/xla_gpu_device.cc:99] Not creating XLA devices, tf_xla_enable_xla_devices not set
mse_error/peak_error 0 280
[32m[I 2021-04-07 09:10:56,057][0m Trial 564 finished with value: 280.0 and parameters: {'Vahp': -31.0, 'Vth': -23.5, 'Vmax': 32.5, 't_ref': 4.0, 'R': 0.4, 'tau_m': 30.5, 'R_adp': 0.5, 'tau_w': 32.5, 'a': 74.0, 'delT': 1.0}. Best is trial 483 with value: 2.0.[0m
2021-04-07 09:10:56.307365: I tensorflow/compiler/jit/xla_gpu_device.cc:99] Not creating XLA devices, tf_xla_enable_xla_devices not set
mse_error/peak_error 0 331
[32m[I 2021-04-07 09:11:12,302][0m Trial 565 finished with value: 331.0 and parameters: {'Vahp': -35.0, 'Vth': -34.5, 'Vmax': 30.5, 't_ref': 5.0, 'R': 0.5, 'tau_m': 34.0, 'R_adp': 1.0, 'tau_w': 24.5, 'a': 70.5, 'delT': 1.5}. Best is trial 483 with value: 2.0.[0m
2021-04-07 09:11:12.560465: I tensorflow/compiler/jit/xla_gpu_device.cc:99] Not creating XLA devices, tf_xla_enable_xla_devices not set
mse_error/peak_error 0 59.0
[32m[I 2021-04-07 09:11:28,618][0m Trial 566 finished with value: 59.0 and parameters: {'Vahp': -29.5, 'Vth': -23.5, 'Vmax': 32.0, 't_ref': 3.5, 'R': 0.4, 'tau_m': 28.5, 'R_adp': 0.9, 'tau_w': 34.5, 'a': 75.5, 'delT': 2.0}. Best is trial 483 with value: 2.0.[0m
2021-04-07 09:11:28.864870: I tensorflow/compiler/jit/xla_gpu_device.cc:99] Not creating XLA devices, tf_xla_enable_xla_devices not set
mse_error/peak_error 0 300
[32m[I 2021-04-07 09:11:45,037][0m Trial 567 finished with value: 300.0 and parameters: {'Vahp': -28.5, 'Vth': -24.0, 'Vmax': 31.5, 't_ref': 3.0, 'R': 0.4, 'tau_m': 26.0, 'R_adp': 0.8, 'tau_w': 36.5, 'a': 44.0, 'delT': 1.5}. Best is trial 483 with value: 2.0.[0m
2021-04-07 09:11:45.287447: I tensorflow/compiler/jit/xla_gpu_device.cc:99] Not creating XLA devices, tf_xla_enable_xla_devices not set
mse_error/peak_error 0 14.0
[32m[I 2021-04-07 09:12:01,364][0m Trial 568 finished with value: 14.0 and parameters: {'Vahp': -33.5, 'Vth': -25.0, 'Vmax': 34.5, 't_ref': 4.5, 'R': 0.4, 'tau_m': 31.5, 'R_adp': 0.9, 'tau_w': 29.0, 'a': 72.0, 'delT': 1.0}. Best is trial 483 with value: 2.0.[0m
2021-04-07 09:12:01.613759: I tensorflow/compiler/jit/xla_gpu_device.cc:99] Not creating XLA devices, tf_xla_enable_xla_devices not set
mse_error/peak_error 0 30.0
[32m[I 2021-04-07 09:12:17,719][0m Trial 569 finished with value: 30.0 and parameters: {'Vahp': -26.5, 'Vth': -24.0, 'Vmax': 33.5, 't_ref': 4.0, 'R': 0.4, 'tau_m': 29.5, 'R_adp': 0.8, 'tau_w': 30.0, 'a': 78.0, 'delT': 2.0}. Best is trial 483 with value: 2.0.[0m
2021-04-07 09:12:17.973294: I tensorflow/compiler/jit/xla_gpu_device.cc:99] Not creating XLA devices, tf_xla_enable_xla_devices not set
mse_error/peak_error 0 39.0
[32m[I 2021-04-07 09:12:33,935][0m Trial 570 finished with value: 39.0 and parameters: {'Vahp': -27.5, 'Vth': -24.0, 'Vmax': 30.5, 't_ref': 4.5, 'R': 0.4, 'tau_m': 28.0, 'R_adp': 0.9, 'tau_w': 26.5, 'a': 74.0, 'delT': 2.5}. Best is trial 483 with value: 2.0.[0m
2021-04-07 09:12:34.202165: I tensorflow/compiler/jit/xla_gpu_device.cc:99] Not creating XLA devices, tf_xla_enable_xla_devices not set
mse_error/peak_error 0 129
[32m[I 2021-04-07 09:12:50,301][0m Trial 571 finished with value: 129.0 and parameters: {'Vahp': -34.5, 'Vth': -25.5, 'Vmax': 32.5, 't_ref': 5.0, 'R': 0.4, 'tau_m': 31.0, 'R_adp': 0.8, 'tau_w': 27.5, 'a': 69.5, 'delT': 1.5}. Best is trial 483 with value: 2.0.[0m
2021-04-07 09:12:50.560040: I tensorflow/compiler/jit/xla_gpu_device.cc:99] Not creating XLA devices, tf_xla_enable_xla_devices not set
mse_error/peak_error 0 148
[32m[I 2021-04-07 09:13:06,745][0m Trial 572 finished with value: 148.0 and parameters: {'Vahp': -33.0, 'Vth': -25.0, 'Vmax': 34.5, 't_ref': 5.5, 'R': 0.4, 'tau_m': 24.5, 'R_adp': 0.8, 'tau_w': 32.0, 'a': 72.0, 'delT': 2.0}. Best is trial 483 with value: 2.0.[0m
2021-04-07 09:13:06.991596: I tensorflow/compiler/jit/xla_gpu_device.cc:99] Not creating XLA devices, tf_xla_enable_xla_devices not set
mse_error/peak_error 0 87.0
[32m[I 2021-04-07 09:13:23,202][0m Trial 573 finished with value: 87.0 and parameters: {'Vahp': -34.0, 'Vth': -24.5, 'Vmax': 31.0, 't_ref': 5.0, 'R': 0.4, 'tau_m': 26.5, 'R_adp': 0.9, 'tau_w': 34.0, 'a': 69.0, 'delT': 0.5}. Best is trial 483 with value: 2.0.[0m
2021-04-07 09:13:23.453049: I tensorflow/compiler/jit/xla_gpu_device.cc:99] Not creating XLA devices, tf_xla_enable_xla_devices not set
mse_error/peak_error 0 188
[32m[I 2021-04-07 09:13:39,741][0m Trial 574 finished with value: 188.0 and parameters: {'Vahp': -29.5, 'Vth': -23.5, 'Vmax': 34.0, 't_ref': 3.5, 'R': 0.4, 'tau_m': 22.5, 'R_adp': 0.8, 'tau_w': 31.0, 'a': 79.0, 'delT': 1.0}. Best is trial 483 with value: 2.0.[0m
2021-04-07 09:13:39.996056: I tensorflow/compiler/jit/xla_gpu_device.cc:99] Not creating XLA devices, tf_xla_enable_xla_devices not set
mse_error/peak_error 0 252
[32m[I 2021-04-07 09:13:56,275][0m Trial 575 finished with value: 252.0 and parameters: {'Vahp': -32.0, 'Vth': -24.5, 'Vmax': 30.0, 't_ref': 4.5, 'R': 0.5, 'tau_m': 36.5, 'R_adp': 0.9, 'tau_w': 23.0, 'a': 76.0, 'delT': 1.5}. Best is trial 483 with value: 2.0.[0m
2021-04-07 09:13:56.531026: I tensorflow/compiler/jit/xla_gpu_device.cc:99] Not creating XLA devices, tf_xla_enable_xla_devices not set
mse_error/peak_error 0 380
[32m[I 2021-04-07 09:14:12,918][0m Trial 576 finished with value: 380.0 and parameters: {'Vahp': -32.5, 'Vth': -25.0, 'Vmax': 32.0, 't_ref': 2.5, 'R': 0.30000000000000004, 'tau_m': 30.0, 'R_adp': 0.8, 'tau_w': 29.0, 'a': 83.5, 'delT': 2.0}. Best is trial 483 with value: 2.0.[0m
2021-04-07 09:14:13.172726: I tensorflow/compiler/jit/xla_gpu_device.cc:99] Not creating XLA devices, tf_xla_enable_xla_devices not set
mse_error/peak_error 0 18.0
[32m[I 2021-04-07 09:14:29,523][0m Trial 577 finished with value: 18.0 and parameters: {'Vahp': -29.0, 'Vth': -24.0, 'Vmax': 31.5, 't_ref': 3.0, 'R': 0.4, 'tau_m': 28.5, 'R_adp': 0.8, 'tau_w': 33.5, 'a': 80.5, 'delT': 1.5}. Best is trial 483 with value: 2.0.[0m
2021-04-07 09:14:29.772138: I tensorflow/compiler/jit/xla_gpu_device.cc:99] Not creating XLA devices, tf_xla_enable_xla_devices not set
mse_error/peak_error 0 34.0
[32m[I 2021-04-07 09:14:46,009][0m Trial 578 finished with value: 34.0 and parameters: {'Vahp': -28.0, 'Vth': -24.0, 'Vmax': 31.0, 't_ref': 3.5, 'R': 0.4, 'tau_m': 26.5, 'R_adp': 0.8, 'tau_w': 36.5, 'a': 78.0, 'delT': 1.5}. Best is trial 483 with value: 2.0.[0m
2021-04-07 09:14:46.255510: I tensorflow/compiler/jit/xla_gpu_device.cc:99] Not creating XLA devices, tf_xla_enable_xla_devices not set
mse_error/peak_error 0 123
[32m[I 2021-04-07 09:15:02,503][0m Trial 579 finished with value: 123.0 and parameters: {'Vahp': -31.0, 'Vth': -25.0, 'Vmax': 33.0, 't_ref': 4.5, 'R': 0.4, 'tau_m': 32.0, 'R_adp': 0.9, 'tau_w': 26.0, 'a': 71.5, 'delT': 1.0}. Best is trial 483 with value: 2.0.[0m
2021-04-07 09:15:02.756111: I tensorflow/compiler/jit/xla_gpu_device.cc:99] Not creating XLA devices, tf_xla_enable_xla_devices not set
mse_error/peak_error 0 46.0
[32m[I 2021-04-07 09:15:19,270][0m Trial 580 finished with value: 46.0 and parameters: {'Vahp': -29.0, 'Vth': -24.5, 'Vmax': 32.0, 't_ref': 3.0, 'R': 0.4, 'tau_m': 24.0, 'R_adp': 0.8, 'tau_w': 31.0, 'a': 79.0, 'delT': 2.0}. Best is trial 483 with value: 2.0.[0m
2021-04-07 09:15:19.529313: I tensorflow/compiler/jit/xla_gpu_device.cc:99] Not creating XLA devices, tf_xla_enable_xla_devices not set
mse_error/peak_error 0 124
[32m[I 2021-04-07 09:15:35,802][0m Trial 581 finished with value: 124.0 and parameters: {'Vahp': -27.0, 'Vth': -24.0, 'Vmax': 33.0, 't_ref': 4.0, 'R': 0.4, 'tau_m': 27.5, 'R_adp': 0.8, 'tau_w': 28.5, 'a': 74.0, 'delT': 2.5}. Best is trial 483 with value: 2.0.[0m
2021-04-07 09:15:36.062521: I tensorflow/compiler/jit/xla_gpu_device.cc:99] Not creating XLA devices, tf_xla_enable_xla_devices not set
mse_error/peak_error 0 583
[32m[I 2021-04-07 09:15:52,111][0m Trial 582 finished with value: 583.0 and parameters: {'Vahp': -30.0, 'Vth': -23.5, 'Vmax': 32.5, 't_ref': 4.0, 'R': 0.7000000000000001, 'tau_m': 33.0, 'R_adp': 0.8, 'tau_w': 32.5, 'a': 76.0, 'delT': 2.0}. Best is trial 483 with value: 2.0.[0m
2021-04-07 09:15:52.363708: I tensorflow/compiler/jit/xla_gpu_device.cc:99] Not creating XLA devices, tf_xla_enable_xla_devices not set
mse_error/peak_error 0 67.0
[32m[I 2021-04-07 09:16:08,796][0m Trial 583 finished with value: 67.0 and parameters: {'Vahp': -30.5, 'Vth': -23.5, 'Vmax': 33.5, 't_ref': 3.5, 'R': 0.4, 'tau_m': 30.0, 'R_adp': 0.8, 'tau_w': 34.5, 'a': 91.5, 'delT': 1.5}. Best is trial 483 with value: 2.0.[0m
2021-04-07 09:16:09.049373: I tensorflow/compiler/jit/xla_gpu_device.cc:99] Not creating XLA devices, tf_xla_enable_xla_devices not set
mse_error/peak_error 0 317
[32m[I 2021-04-07 09:16:25,449][0m Trial 584 finished with value: 317.0 and parameters: {'Vahp': -28.0, 'Vth': -24.0, 'Vmax': 31.5, 't_ref': 2.5, 'R': 0.30000000000000004, 'tau_m': 26.0, 'R_adp': 0.8, 'tau_w': 30.5, 'a': 81.5, 'delT': 1.5}. Best is trial 483 with value: 2.0.[0m
2021-04-07 09:16:25.701335: I tensorflow/compiler/jit/xla_gpu_device.cc:99] Not creating XLA devices, tf_xla_enable_xla_devices not set
mse_error/peak_error 0 162
[32m[I 2021-04-07 09:16:42,009][0m Trial 585 finished with value: 162.0 and parameters: {'Vahp': -30.0, 'Vth': -23.5, 'Vmax': 30.5, 't_ref': 4.0, 'R': 0.4, 'tau_m': 28.5, 'R_adp': 0.9, 'tau_w': 54.5, 'a': 73.5, 'delT': 2.0}. Best is trial 483 with value: 2.0.[0m
2021-04-07 09:16:42.270160: I tensorflow/compiler/jit/xla_gpu_device.cc:99] Not creating XLA devices, tf_xla_enable_xla_devices not set
mse_error/peak_error 0 96.0
[32m[I 2021-04-07 09:16:58,664][0m Trial 586 finished with value: 96.0 and parameters: {'Vahp': -27.0, 'Vth': -24.0, 'Vmax': 31.0, 't_ref': 3.0, 'R': 0.4, 'tau_m': 21.0, 'R_adp': 0.8, 'tau_w': 35.5, 'a': 78.0, 'delT': 1.5}. Best is trial 483 with value: 2.0.[0m
2021-04-07 09:16:58.920670: I tensorflow/compiler/jit/xla_gpu_device.cc:99] Not creating XLA devices, tf_xla_enable_xla_devices not set
mse_error/peak_error 0 307
[32m[I 2021-04-07 09:17:15,346][0m Trial 587 finished with value: 307.0 and parameters: {'Vahp': -33.5, 'Vth': -25.0, 'Vmax': 30.0, 't_ref': 5.0, 'R': 0.5, 'tau_m': 34.5, 'R_adp': 0.8, 'tau_w': 28.5, 'a': 72.0, 'delT': 1.0}. Best is trial 483 with value: 2.0.[0m
2021-04-07 09:17:15.635713: I tensorflow/compiler/jit/xla_gpu_device.cc:99] Not creating XLA devices, tf_xla_enable_xla_devices not set
mse_error/peak_error 0 81.0
[32m[I 2021-04-07 09:17:32,151][0m Trial 588 finished with value: 81.0 and parameters: {'Vahp': -31.5, 'Vth': -24.5, 'Vmax': 34.5, 't_ref': 5.5, 'R': 0.4, 'tau_m': 31.0, 'R_adp': 0.9, 'tau_w': 25.0, 'a': 87.0, 'delT': 2.0}. Best is trial 483 with value: 2.0.[0m
2021-04-07 09:17:32.399069: I tensorflow/compiler/jit/xla_gpu_device.cc:99] Not creating XLA devices, tf_xla_enable_xla_devices not set
mse_error/peak_error 0 21.0
[32m[I 2021-04-07 09:17:48,666][0m Trial 589 finished with value: 21.0 and parameters: {'Vahp': -29.0, 'Vth': -23.5, 'Vmax': 32.5, 't_ref': 3.5, 'R': 0.4, 'tau_m': 24.5, 'R_adp': 0.8, 'tau_w': 32.0, 'a': 75.5, 'delT': 2.5}. Best is trial 483 with value: 2.0.[0m
2021-04-07 09:17:48.918656: I tensorflow/compiler/jit/xla_gpu_device.cc:99] Not creating XLA devices, tf_xla_enable_xla_devices not set
mse_error/peak_error 0 65.0
[32m[I 2021-04-07 09:18:05,366][0m Trial 590 finished with value: 65.0 and parameters: {'Vahp': -28.5, 'Vth': -24.0, 'Vmax': 32.0, 't_ref': 4.0, 'R': 0.4, 'tau_m': 27.0, 'R_adp': 0.9, 'tau_w': 29.5, 'a': 76.5, 'delT': 0.5}. Best is trial 483 with value: 2.0.[0m
2021-04-07 09:18:05.625840: I tensorflow/compiler/jit/xla_gpu_device.cc:99] Not creating XLA devices, tf_xla_enable_xla_devices not set
mse_error/peak_error 0 132
[32m[I 2021-04-07 09:18:22,174][0m Trial 591 finished with value: 132.0 and parameters: {'Vahp': -26.5, 'Vth': -24.0, 'Vmax': 34.0, 't_ref': 4.5, 'R': 0.4, 'tau_m': 29.0, 'R_adp': 0.8, 'tau_w': 27.0, 'a': 71.0, 'delT': 2.0}. Best is trial 483 with value: 2.0.[0m
2021-04-07 09:18:22.427205: I tensorflow/compiler/jit/xla_gpu_device.cc:99] Not creating XLA devices, tf_xla_enable_xla_devices not set
mse_error/peak_error 0 37.0
[32m[I 2021-04-07 09:18:39,109][0m Trial 592 finished with value: 37.0 and parameters: {'Vahp': -27.5, 'Vth': -24.0, 'Vmax': 31.5, 't_ref': 2.5, 'R': 0.4, 'tau_m': 25.5, 'R_adp': 0.8, 'tau_w': 33.5, 'a': 79.5, 'delT': 1.5}. Best is trial 483 with value: 2.0.[0m
2021-04-07 09:18:39.361517: I tensorflow/compiler/jit/xla_gpu_device.cc:99] Not creating XLA devices, tf_xla_enable_xla_devices not set
mse_error/peak_error 0 18.0
[32m[I 2021-04-07 09:18:55,960][0m Trial 593 finished with value: 18.0 and parameters: {'Vahp': -30.0, 'Vth': -24.5, 'Vmax': 33.5, 't_ref': 3.5, 'R': 0.4, 'tau_m': 31.5, 'R_adp': 0.8, 'tau_w': 36.5, 'a': 74.5, 'delT': 1.0}. Best is trial 483 with value: 2.0.[0m
2021-04-07 09:18:56.213903: I tensorflow/compiler/jit/xla_gpu_device.cc:99] Not creating XLA devices, tf_xla_enable_xla_devices not set
mse_error/peak_error 0 189
