[32m[I 2021-04-07 08:33:18,174][0m Trial 390 finished with value: 120.0 and parameters: {'Vahp': -33.5, 'Vth': -24.5, 'Vmax': 34.5, 't_ref': 3.5, 'R': 0.4, 'tau_m': 28.0, 'R_adp': 0.8, 'tau_w': 26.0, 'a': 80.5, 'delT': 1.5}. Best is trial 351 with value: 3.0.[0m
2021-04-07 08:33:18.408947: I tensorflow/compiler/jit/xla_gpu_device.cc:99] Not creating XLA devices, tf_xla_enable_xla_devices not set
mse_error/peak_error 0 46.0
[32m[I 2021-04-07 08:33:28,282][0m Trial 391 finished with value: 46.0 and parameters: {'Vahp': -32.5, 'Vth': -23.5, 'Vmax': 36.5, 't_ref': 4.0, 'R': 0.4, 'tau_m': 32.5, 'R_adp': 0.8, 'tau_w': 33.5, 'a': 77.5, 'delT': 1.5}. Best is trial 351 with value: 3.0.[0m
2021-04-07 08:33:28.517859: I tensorflow/compiler/jit/xla_gpu_device.cc:99] Not creating XLA devices, tf_xla_enable_xla_devices not set
mse_error/peak_error 0 119
[32m[I 2021-04-07 08:33:38,441][0m Trial 392 finished with value: 119.0 and parameters: {'Vahp': -30.5, 'Vth': -24.0, 'Vmax': 34.0, 't_ref': 5.0, 'R': 0.4, 'tau_m': 29.5, 'R_adp': 0.8, 'tau_w': 30.0, 'a': 75.5, 'delT': 1.0}. Best is trial 351 with value: 3.0.[0m
2021-04-07 08:33:38.673042: I tensorflow/compiler/jit/xla_gpu_device.cc:99] Not creating XLA devices, tf_xla_enable_xla_devices not set
mse_error/peak_error 0 28.0
[32m[I 2021-04-07 08:33:48,563][0m Trial 393 finished with value: 28.0 and parameters: {'Vahp': -29.5, 'Vth': -25.0, 'Vmax': 32.0, 't_ref': 3.5, 'R': 0.4, 'tau_m': 27.0, 'R_adp': 0.8, 'tau_w': 33.0, 'a': 78.0, 'delT': 1.5}. Best is trial 351 with value: 3.0.[0m
2021-04-07 08:33:48.795143: I tensorflow/compiler/jit/xla_gpu_device.cc:99] Not creating XLA devices, tf_xla_enable_xla_devices not set
mse_error/peak_error 0 113
[32m[I 2021-04-07 08:33:58,664][0m Trial 394 finished with value: 113.0 and parameters: {'Vahp': -29.0, 'Vth': -25.5, 'Vmax': 35.5, 't_ref': 4.5, 'R': 0.4, 'tau_m': 30.0, 'R_adp': 0.8, 'tau_w': 29.0, 'a': 74.5, 'delT': 1.5}. Best is trial 351 with value: 3.0.[0m
2021-04-07 08:33:58.895829: I tensorflow/compiler/jit/xla_gpu_device.cc:99] Not creating XLA devices, tf_xla_enable_xla_devices not set
mse_error/peak_error 0 341
[32m[I 2021-04-07 08:34:08,874][0m Trial 395 finished with value: 341.0 and parameters: {'Vahp': -31.0, 'Vth': -23.5, 'Vmax': 33.0, 't_ref': 3.5, 'R': 0.30000000000000004, 'tau_m': 27.5, 'R_adp': 0.9, 'tau_w': 26.5, 'a': 80.0, 'delT': 1.0}. Best is trial 351 with value: 3.0.[0m
2021-04-07 08:34:09.132757: I tensorflow/compiler/jit/xla_gpu_device.cc:99] Not creating XLA devices, tf_xla_enable_xla_devices not set
mse_error/peak_error 0 278
[32m[I 2021-04-07 08:34:19,290][0m Trial 396 finished with value: 278.0 and parameters: {'Vahp': -28.5, 'Vth': -24.0, 'Vmax': 31.5, 't_ref': 4.0, 'R': 0.5, 'tau_m': 34.0, 'R_adp': 0.8, 'tau_w': 31.5, 'a': 77.0, 'delT': 1.5}. Best is trial 351 with value: 3.0.[0m
2021-04-07 08:34:19.532945: I tensorflow/compiler/jit/xla_gpu_device.cc:99] Not creating XLA devices, tf_xla_enable_xla_devices not set
mse_error/peak_error 0 135
[32m[I 2021-04-07 08:34:29,677][0m Trial 397 finished with value: 135.0 and parameters: {'Vahp': -29.5, 'Vth': -23.5, 'Vmax': 32.5, 't_ref': 3.0, 'R': 0.4, 'tau_m': 31.0, 'R_adp': 0.8, 'tau_w': 24.5, 'a': 74.5, 'delT': 1.5}. Best is trial 351 with value: 3.0.[0m
2021-04-07 08:34:29.930703: I tensorflow/compiler/jit/xla_gpu_device.cc:99] Not creating XLA devices, tf_xla_enable_xla_devices not set
mse_error/peak_error 0 28.0
[32m[I 2021-04-07 08:34:40,048][0m Trial 398 finished with value: 28.0 and parameters: {'Vahp': -28.5, 'Vth': -24.0, 'Vmax': 32.0, 't_ref': 3.5, 'R': 0.4, 'tau_m': 27.0, 'R_adp': 0.8, 'tau_w': 33.5, 'a': 78.5, 'delT': 1.5}. Best is trial 351 with value: 3.0.[0m
2021-04-07 08:34:40.307390: I tensorflow/compiler/jit/xla_gpu_device.cc:99] Not creating XLA devices, tf_xla_enable_xla_devices not set
mse_error/peak_error 0 23.0
[32m[I 2021-04-07 08:34:50,470][0m Trial 399 finished with value: 23.0 and parameters: {'Vahp': -32.0, 'Vth': -24.5, 'Vmax': 31.5, 't_ref': 4.5, 'R': 0.4, 'tau_m': 30.0, 'R_adp': 0.8, 'tau_w': 30.5, 'a': 75.5, 'delT': 1.5}. Best is trial 351 with value: 3.0.[0m
2021-04-07 08:34:50.706769: I tensorflow/compiler/jit/xla_gpu_device.cc:99] Not creating XLA devices, tf_xla_enable_xla_devices not set
mse_error/peak_error 0 128
[32m[I 2021-04-07 08:35:00,919][0m Trial 400 finished with value: 128.0 and parameters: {'Vahp': -30.0, 'Vth': -23.5, 'Vmax': 31.0, 't_ref': 4.0, 'R': 0.4, 'tau_m': 29.0, 'R_adp': 0.8, 'tau_w': 28.0, 'a': 77.5, 'delT': 1.0}. Best is trial 351 with value: 3.0.[0m
2021-04-07 08:35:01.160505: I tensorflow/compiler/jit/xla_gpu_device.cc:99] Not creating XLA devices, tf_xla_enable_xla_devices not set
mse_error/peak_error 0 30.0
[32m[I 2021-04-07 08:35:11,245][0m Trial 401 finished with value: 30.0 and parameters: {'Vahp': -29.0, 'Vth': -24.0, 'Vmax': 33.0, 't_ref': 3.0, 'R': 0.4, 'tau_m': 27.0, 'R_adp': 0.8, 'tau_w': 32.0, 'a': 81.0, 'delT': 1.5}. Best is trial 351 with value: 3.0.[0m
2021-04-07 08:35:11.502361: I tensorflow/compiler/jit/xla_gpu_device.cc:99] Not creating XLA devices, tf_xla_enable_xla_devices not set
mse_error/peak_error 0 14.0
[32m[I 2021-04-07 08:35:21,816][0m Trial 402 finished with value: 14.0 and parameters: {'Vahp': -30.0, 'Vth': -23.5, 'Vmax': 34.0, 't_ref': 4.0, 'R': 0.4, 'tau_m': 32.0, 'R_adp': 0.9, 'tau_w': 29.5, 'a': 73.5, 'delT': 1.0}. Best is trial 351 with value: 3.0.[0m
2021-04-07 08:35:22.061353: I tensorflow/compiler/jit/xla_gpu_device.cc:99] Not creating XLA devices, tf_xla_enable_xla_devices not set
mse_error/peak_error 0 44.0
[32m[I 2021-04-07 08:35:32,348][0m Trial 403 finished with value: 44.0 and parameters: {'Vahp': -30.5, 'Vth': -23.5, 'Vmax': 34.0, 't_ref': 4.0, 'R': 0.4, 'tau_m': 34.5, 'R_adp': 0.9, 'tau_w': 30.0, 'a': 74.5, 'delT': 1.0}. Best is trial 351 with value: 3.0.[0m
2021-04-07 08:35:32.594214: I tensorflow/compiler/jit/xla_gpu_device.cc:99] Not creating XLA devices, tf_xla_enable_xla_devices not set
mse_error/peak_error 0 125
[32m[I 2021-04-07 08:35:42,888][0m Trial 404 finished with value: 125.0 and parameters: {'Vahp': -30.0, 'Vth': -24.0, 'Vmax': 34.5, 't_ref': 5.0, 'R': 0.4, 'tau_m': 32.5, 'R_adp': 0.9, 'tau_w': 22.5, 'a': 76.0, 'delT': 1.0}. Best is trial 351 with value: 3.0.[0m
2021-04-07 08:35:43.133037: I tensorflow/compiler/jit/xla_gpu_device.cc:99] Not creating XLA devices, tf_xla_enable_xla_devices not set
mse_error/peak_error 0 23.0
[32m[I 2021-04-07 08:35:53,440][0m Trial 405 finished with value: 23.0 and parameters: {'Vahp': -31.5, 'Vth': -23.5, 'Vmax': 35.0, 't_ref': 4.5, 'R': 0.4, 'tau_m': 31.0, 'R_adp': 0.9, 'tau_w': 27.0, 'a': 79.0, 'delT': 0.5}. Best is trial 351 with value: 3.0.[0m
2021-04-07 08:35:53.685132: I tensorflow/compiler/jit/xla_gpu_device.cc:99] Not creating XLA devices, tf_xla_enable_xla_devices not set
mse_error/peak_error 0 18.0
[32m[I 2021-04-07 08:36:04,072][0m Trial 406 finished with value: 18.0 and parameters: {'Vahp': -29.5, 'Vth': -24.0, 'Vmax': 33.5, 't_ref': 3.5, 'R': 0.4, 'tau_m': 29.0, 'R_adp': 0.9, 'tau_w': 33.5, 'a': 74.5, 'delT': 1.0}. Best is trial 351 with value: 3.0.[0m
2021-04-07 08:36:04.313035: I tensorflow/compiler/jit/xla_gpu_device.cc:99] Not creating XLA devices, tf_xla_enable_xla_devices not set
mse_error/peak_error 0 28.0
[32m[I 2021-04-07 08:36:14,783][0m Trial 407 finished with value: 28.0 and parameters: {'Vahp': -30.5, 'Vth': -24.0, 'Vmax': 33.5, 't_ref': 3.5, 'R': 0.4, 'tau_m': 33.0, 'R_adp': 0.9, 'tau_w': 33.5, 'a': 77.0, 'delT': 0.5}. Best is trial 351 with value: 3.0.[0m
2021-04-07 08:36:15.023679: I tensorflow/compiler/jit/xla_gpu_device.cc:99] Not creating XLA devices, tf_xla_enable_xla_devices not set
mse_error/peak_error 0 219
[32m[I 2021-04-07 08:36:25,386][0m Trial 408 finished with value: 219.0 and parameters: {'Vahp': -29.5, 'Vth': -24.5, 'Vmax': 33.0, 't_ref': 3.5, 'R': 0.5, 'tau_m': 29.5, 'R_adp': 0.9, 'tau_w': 29.0, 'a': 81.0, 'delT': 1.0}. Best is trial 351 with value: 3.0.[0m
2021-04-07 08:36:25.621652: I tensorflow/compiler/jit/xla_gpu_device.cc:99] Not creating XLA devices, tf_xla_enable_xla_devices not set
mse_error/peak_error 0 394
[32m[I 2021-04-07 08:36:35,996][0m Trial 409 finished with value: 394.0 and parameters: {'Vahp': -28.5, 'Vth': -24.0, 'Vmax': 34.0, 't_ref': 4.0, 'R': 0.30000000000000004, 'tau_m': 28.0, 'R_adp': 1.0, 'tau_w': 32.0, 'a': 74.0, 'delT': 1.0}. Best is trial 351 with value: 3.0.[0m
2021-04-07 08:36:36.231280: I tensorflow/compiler/jit/xla_gpu_device.cc:99] Not creating XLA devices, tf_xla_enable_xla_devices not set
mse_error/peak_error 0 68.0
[32m[I 2021-04-07 08:36:46,759][0m Trial 410 finished with value: 68.0 and parameters: {'Vahp': -29.5, 'Vth': -23.5, 'Vmax': 32.5, 't_ref': 3.0, 'R': 0.4, 'tau_m': 35.5, 'R_adp': 0.9, 'tau_w': 30.5, 'a': 76.5, 'delT': 1.0}. Best is trial 351 with value: 3.0.[0m
2021-04-07 08:36:47.022241: I tensorflow/compiler/jit/xla_gpu_device.cc:99] Not creating XLA devices, tf_xla_enable_xla_devices not set
mse_error/peak_error 0 39.0
[32m[I 2021-04-07 08:36:57,569][0m Trial 411 finished with value: 39.0 and parameters: {'Vahp': -29.0, 'Vth': -24.0, 'Vmax': 36.0, 't_ref': 3.5, 'R': 0.4, 'tau_m': 27.0, 'R_adp': 0.9, 'tau_w': 33.5, 'a': 74.0, 'delT': 1.0}. Best is trial 351 with value: 3.0.[0m
2021-04-07 08:36:57.807043: I tensorflow/compiler/jit/xla_gpu_device.cc:99] Not creating XLA devices, tf_xla_enable_xla_devices not set
mse_error/peak_error 0 24.0
[32m[I 2021-04-07 08:37:08,331][0m Trial 412 finished with value: 24.0 and parameters: {'Vahp': -28.0, 'Vth': -23.5, 'Vmax': 31.0, 't_ref': 5.0, 'R': 0.4, 'tau_m': 31.0, 'R_adp': 0.8, 'tau_w': 27.5, 'a': 79.0, 'delT': 1.5}. Best is trial 351 with value: 3.0.[0m
2021-04-07 08:37:08.600559: I tensorflow/compiler/jit/xla_gpu_device.cc:99] Not creating XLA devices, tf_xla_enable_xla_devices not set
mse_error/peak_error 0 141
[32m[I 2021-04-07 08:37:19,174][0m Trial 413 finished with value: 141.0 and parameters: {'Vahp': -31.0, 'Vth': -23.5, 'Vmax': 32.0, 't_ref': 4.5, 'R': 0.4, 'tau_m': 32.5, 'R_adp': 0.8, 'tau_w': 29.0, 'a': 73.0, 'delT': 1.5}. Best is trial 351 with value: 3.0.[0m
2021-04-07 08:37:19.418958: I tensorflow/compiler/jit/xla_gpu_device.cc:99] Not creating XLA devices, tf_xla_enable_xla_devices not set
mse_error/peak_error 0 337
[32m[I 2021-04-07 08:37:30,020][0m Trial 414 finished with value: 337.0 and parameters: {'Vahp': -28.0, 'Vth': -24.0, 'Vmax': 30.5, 't_ref': 15.0, 'R': 0.30000000000000004, 'tau_m': 29.0, 'R_adp': 0.8, 'tau_w': 31.0, 'a': 77.0, 'delT': 1.5}. Best is trial 351 with value: 3.0.[0m
2021-04-07 08:37:30.286172: I tensorflow/compiler/jit/xla_gpu_device.cc:99] Not creating XLA devices, tf_xla_enable_xla_devices not set
mse_error/peak_error 0 142
[32m[I 2021-04-07 08:37:40,942][0m Trial 415 finished with value: 142.0 and parameters: {'Vahp': -32.0, 'Vth': -24.5, 'Vmax': 31.5, 't_ref': 4.0, 'R': 0.4, 'tau_m': 27.0, 'R_adp': 0.8, 'tau_w': 25.0, 'a': 79.5, 'delT': 1.5}. Best is trial 351 with value: 3.0.[0m
2021-04-07 08:37:41.185884: I tensorflow/compiler/jit/xla_gpu_device.cc:99] Not creating XLA devices, tf_xla_enable_xla_devices not set
mse_error/peak_error 0 288
[32m[I 2021-04-07 08:37:51,928][0m Trial 416 finished with value: 288.0 and parameters: {'Vahp': -27.5, 'Vth': -24.0, 'Vmax': 30.5, 't_ref': 4.5, 'R': 0.5, 'tau_m': 31.5, 'R_adp': 0.8, 'tau_w': 31.5, 'a': 75.5, 'delT': 1.5}. Best is trial 351 with value: 3.0.[0m
2021-04-07 08:37:52.167335: I tensorflow/compiler/jit/xla_gpu_device.cc:99] Not creating XLA devices, tf_xla_enable_xla_devices not set
mse_error/peak_error 0 33.0
[32m[I 2021-04-07 08:38:03,002][0m Trial 417 finished with value: 33.0 and parameters: {'Vahp': -29.5, 'Vth': -25.0, 'Vmax': 33.5, 't_ref': 3.5, 'R': 0.4, 'tau_m': 28.5, 'R_adp': 0.9, 'tau_w': 34.0, 'a': 74.5, 'delT': 1.0}. Best is trial 351 with value: 3.0.[0m
2021-04-07 08:38:03.237465: I tensorflow/compiler/jit/xla_gpu_device.cc:99] Not creating XLA devices, tf_xla_enable_xla_devices not set
mse_error/peak_error 0 648
[32m[I 2021-04-07 08:38:14,006][0m Trial 418 finished with value: 648.0 and parameters: {'Vahp': -33.0, 'Vth': -24.5, 'Vmax': 32.0, 't_ref': 4.0, 'R': 0.4, 'tau_m': 92.0, 'R_adp': 0.8, 'tau_w': 34.0, 'a': 78.0, 'delT': 1.0}. Best is trial 351 with value: 3.0.[0m
2021-04-07 08:38:14.251637: I tensorflow/compiler/jit/xla_gpu_device.cc:99] Not creating XLA devices, tf_xla_enable_xla_devices not set
mse_error/peak_error 0 45.0
[32m[I 2021-04-07 08:38:25,107][0m Trial 419 finished with value: 45.0 and parameters: {'Vahp': -30.0, 'Vth': -23.5, 'Vmax': 35.0, 't_ref': 3.0, 'R': 0.4, 'tau_m': 30.0, 'R_adp': 0.9, 'tau_w': 29.5, 'a': 81.0, 'delT': 0.5}. Best is trial 351 with value: 3.0.[0m
2021-04-07 08:38:25.366933: I tensorflow/compiler/jit/xla_gpu_device.cc:99] Not creating XLA devices, tf_xla_enable_xla_devices not set
mse_error/peak_error 0 156
[32m[I 2021-04-07 08:38:36,239][0m Trial 420 finished with value: 156.0 and parameters: {'Vahp': -28.5, 'Vth': -24.0, 'Vmax': 31.0, 't_ref': 4.0, 'R': 0.4, 'tau_m': 26.5, 'R_adp': 0.8, 'tau_w': 26.5, 'a': 72.5, 'delT': 1.5}. Best is trial 351 with value: 3.0.[0m
2021-04-07 08:38:36.475903: I tensorflow/compiler/jit/xla_gpu_device.cc:99] Not creating XLA devices, tf_xla_enable_xla_devices not set
mse_error/peak_error 0 143
[32m[I 2021-04-07 08:38:47,355][0m Trial 421 finished with value: 143.0 and parameters: {'Vahp': -27.5, 'Vth': -23.5, 'Vmax': 31.5, 't_ref': 4.5, 'R': 0.4, 'tau_m': 31.5, 'R_adp': 0.8, 'tau_w': 28.5, 'a': 72.5, 'delT': 1.5}. Best is trial 351 with value: 3.0.[0m
2021-04-07 08:38:47.619050: I tensorflow/compiler/jit/xla_gpu_device.cc:99] Not creating XLA devices, tf_xla_enable_xla_devices not set
mse_error/peak_error 0 22.0
[32m[I 2021-04-07 08:38:58,624][0m Trial 422 finished with value: 22.0 and parameters: {'Vahp': -29.0, 'Vth': -24.0, 'Vmax': 32.5, 't_ref': 3.0, 'R': 0.4, 'tau_m': 29.5, 'R_adp': 0.8, 'tau_w': 32.0, 'a': 82.5, 'delT': 1.0}. Best is trial 351 with value: 3.0.[0m
2021-04-07 08:38:58.872727: I tensorflow/compiler/jit/xla_gpu_device.cc:99] Not creating XLA devices, tf_xla_enable_xla_devices not set
mse_error/peak_error 0 28.0
[32m[I 2021-04-07 08:39:09,977][0m Trial 423 finished with value: 28.0 and parameters: {'Vahp': -31.0, 'Vth': -24.5, 'Vmax': 34.0, 't_ref': 3.5, 'R': 0.4, 'tau_m': 27.0, 'R_adp': 0.8, 'tau_w': 34.0, 'a': 75.5, 'delT': 1.5}. Best is trial 351 with value: 3.0.[0m
2021-04-07 08:39:10.234425: I tensorflow/compiler/jit/xla_gpu_device.cc:99] Not creating XLA devices, tf_xla_enable_xla_devices not set
mse_error/peak_error 0 594
[32m[I 2021-04-07 08:39:21,280][0m Trial 424 finished with value: 594.0 and parameters: {'Vahp': -27.5, 'Vth': -24.0, 'Vmax': 30.5, 't_ref': 4.0, 'R': 0.7000000000000001, 'tau_m': 35.0, 'R_adp': 0.8, 'tau_w': 31.0, 'a': 78.0, 'delT': 1.5}. Best is trial 351 with value: 3.0.[0m
2021-04-07 08:39:21.523078: I tensorflow/compiler/jit/xla_gpu_device.cc:99] Not creating XLA devices, tf_xla_enable_xla_devices not set
mse_error/peak_error 0 32.0
[32m[I 2021-04-07 08:39:32,639][0m Trial 425 finished with value: 32.0 and parameters: {'Vahp': -30.0, 'Vth': -23.5, 'Vmax': 34.5, 't_ref': 3.5, 'R': 0.4, 'tau_m': 29.0, 'R_adp': 1.0, 'tau_w': 32.0, 'a': 76.0, 'delT': 1.0}. Best is trial 351 with value: 3.0.[0m
2021-04-07 08:39:32.899773: I tensorflow/compiler/jit/xla_gpu_device.cc:99] Not creating XLA devices, tf_xla_enable_xla_devices not set
mse_error/peak_error 0 59.0
[32m[I 2021-04-07 08:39:43,958][0m Trial 426 finished with value: 59.0 and parameters: {'Vahp': -28.5, 'Vth': -24.0, 'Vmax': 33.0, 't_ref': 3.0, 'R': 0.4, 'tau_m': 33.0, 'R_adp': 0.9, 'tau_w': 28.5, 'a': 79.0, 'delT': 1.5}. Best is trial 351 with value: 3.0.[0m
2021-04-07 08:39:44.196761: I tensorflow/compiler/jit/xla_gpu_device.cc:99] Not creating XLA devices, tf_xla_enable_xla_devices not set
mse_error/peak_error 0 825
[32m[I 2021-04-07 08:39:55,221][0m Trial 427 finished with value: 825.0 and parameters: {'Vahp': -28.5, 'Vth': -23.5, 'Vmax': 32.0, 't_ref': 4.5, 'R': 0.8, 'tau_m': 26.0, 'R_adp': 0.8, 'tau_w': 25.0, 'a': 72.0, 'delT': 2.0}. Best is trial 351 with value: 3.0.[0m
2021-04-07 08:39:55.856500: I tensorflow/compiler/jit/xla_gpu_device.cc:99] Not creating XLA devices, tf_xla_enable_xla_devices not set
mse_error/peak_error 0 33.0
[32m[I 2021-04-07 08:40:06,737][0m Trial 428 finished with value: 33.0 and parameters: {'Vahp': -28.0, 'Vth': -24.0, 'Vmax': 31.0, 't_ref': 3.5, 'R': 0.4, 'tau_m': 27.0, 'R_adp': 0.8, 'tau_w': 30.0, 'a': 77.0, 'delT': 1.5}. Best is trial 351 with value: 3.0.[0m
2021-04-07 08:40:06.983073: I tensorflow/compiler/jit/xla_gpu_device.cc:99] Not creating XLA devices, tf_xla_enable_xla_devices not set
mse_error/peak_error 0 1234
[32m[I 2021-04-07 08:40:17,927][0m Trial 429 finished with value: 1234.0 and parameters: {'Vahp': -27.5, 'Vth': -23.5, 'Vmax': 30.5, 't_ref': 5.0, 'R': 0.2, 'tau_m': 31.0, 'R_adp': 0.8, 'tau_w': 27.0, 'a': 73.5, 'delT': 2.0}. Best is trial 351 with value: 3.0.[0m
2021-04-07 08:40:18.188473: I tensorflow/compiler/jit/xla_gpu_device.cc:99] Not creating XLA devices, tf_xla_enable_xla_devices not set
mse_error/peak_error 0 120
[32m[I 2021-04-07 08:40:29,304][0m Trial 430 finished with value: 120.0 and parameters: {'Vahp': -28.5, 'Vth': -24.0, 'Vmax': 31.5, 't_ref': 4.0, 'R': 0.4, 'tau_m': 28.5, 'R_adp': 0.8, 'tau_w': 30.5, 'a': 71.5, 'delT': 1.5}. Best is trial 351 with value: 3.0.[0m
2021-04-07 08:40:29.546863: I tensorflow/compiler/jit/xla_gpu_device.cc:99] Not creating XLA devices, tf_xla_enable_xla_devices not set
mse_error/peak_error 0 327
[32m[I 2021-04-07 08:40:40,481][0m Trial 431 finished with value: 327.0 and parameters: {'Vahp': -27.0, 'Vth': -23.5, 'Vmax': 32.5, 't_ref': 3.5, 'R': 0.30000000000000004, 'tau_m': 26.5, 'R_adp': 0.8, 'tau_w': 33.0, 'a': 75.0, 'delT': 2.0}. Best is trial 351 with value: 3.0.[0m
2021-04-07 08:40:40.717373: I tensorflow/compiler/jit/xla_gpu_device.cc:99] Not creating XLA devices, tf_xla_enable_xla_devices not set
mse_error/peak_error 0 258
[32m[I 2021-04-07 08:40:51,994][0m Trial 432 finished with value: 258.0 and parameters: {'Vahp': -30.5, 'Vth': -24.5, 'Vmax': 33.5, 't_ref': 3.0, 'R': 0.4, 'tau_m': 45.5, 'R_adp': 0.9, 'tau_w': 34.5, 'a': 80.5, 'delT': 1.0}. Best is trial 351 with value: 3.0.[0m
2021-04-07 08:40:52.235233: I tensorflow/compiler/jit/xla_gpu_device.cc:99] Not creating XLA devices, tf_xla_enable_xla_devices not set
mse_error/peak_error 0 209
[32m[I 2021-04-07 08:41:03,513][0m Trial 433 finished with value: 209.0 and parameters: {'Vahp': -29.5, 'Vth': -24.0, 'Vmax': 34.5, 't_ref': 4.0, 'R': 0.5, 'tau_m': 28.0, 'R_adp': 0.9, 'tau_w': 32.5, 'a': 74.5, 'delT': 1.5}. Best is trial 351 with value: 3.0.[0m
2021-04-07 08:41:03.752948: I tensorflow/compiler/jit/xla_gpu_device.cc:99] Not creating XLA devices, tf_xla_enable_xla_devices not set
mse_error/peak_error 0 19.0
[32m[I 2021-04-07 08:41:15,001][0m Trial 434 finished with value: 19.0 and parameters: {'Vahp': -29.0, 'Vth': -24.0, 'Vmax': 33.0, 't_ref': 3.5, 'R': 0.4, 'tau_m': 29.0, 'R_adp': 0.8, 'tau_w': 35.0, 'a': 77.0, 'delT': 1.0}. Best is trial 351 with value: 3.0.[0m
2021-04-07 08:41:15.238367: I tensorflow/compiler/jit/xla_gpu_device.cc:99] Not creating XLA devices, tf_xla_enable_xla_devices not set
mse_error/peak_error 0 15.0
[32m[I 2021-04-07 08:41:26,553][0m Trial 435 finished with value: 15.0 and parameters: {'Vahp': -31.5, 'Vth': -24.5, 'Vmax': 32.0, 't_ref': 3.0, 'R': 0.4, 'tau_m': 31.0, 'R_adp': 0.8, 'tau_w': 29.0, 'a': 78.5, 'delT': 1.5}. Best is trial 351 with value: 3.0.[0m
2021-04-07 08:41:26.798771: I tensorflow/compiler/jit/xla_gpu_device.cc:99] Not creating XLA devices, tf_xla_enable_xla_devices not set
mse_error/peak_error 0 384
[32m[I 2021-04-07 08:41:38,100][0m Trial 436 finished with value: 384.0 and parameters: {'Vahp': -31.5, 'Vth': -25.0, 'Vmax': 32.0, 't_ref': 3.0, 'R': 0.4, 'tau_m': 32.5, 'R_adp': 0.4, 'tau_w': 28.0, 'a': 81.5, 'delT': 1.5}. Best is trial 351 with value: 3.0.[0m
2021-04-07 08:41:38.338671: I tensorflow/compiler/jit/xla_gpu_device.cc:99] Not creating XLA devices, tf_xla_enable_xla_devices not set
mse_error/peak_error 0 650
[32m[I 2021-04-07 08:41:49,683][0m Trial 437 finished with value: 650.0 and parameters: {'Vahp': -32.5, 'Vth': -24.5, 'Vmax': 31.5, 't_ref': 3.5, 'R': 0.4, 'tau_m': 2.5, 'R_adp': 0.8, 'tau_w': 23.5, 'a': 79.0, 'delT': 1.5}. Best is trial 351 with value: 3.0.[0m
2021-04-07 08:41:49.939608: I tensorflow/compiler/jit/xla_gpu_device.cc:99] Not creating XLA devices, tf_xla_enable_xla_devices not set
mse_error/peak_error 0 84.0
[32m[I 2021-04-07 08:42:01,097][0m Trial 438 finished with value: 84.0 and parameters: {'Vahp': -31.0, 'Vth': -24.5, 'Vmax': 31.0, 't_ref': 3.0, 'R': 0.4, 'tau_m': 37.5, 'R_adp': 0.8, 'tau_w': 26.0, 'a': 83.5, 'delT': 1.5}. Best is trial 351 with value: 3.0.[0m
2021-04-07 08:42:01.338391: I tensorflow/compiler/jit/xla_gpu_device.cc:99] Not creating XLA devices, tf_xla_enable_xla_devices not set
mse_error/peak_error 0 423
[32m[I 2021-04-07 08:42:12,649][0m Trial 439 finished with value: 423.0 and parameters: {'Vahp': -30.5, 'Vth': -23.5, 'Vmax': 32.5, 't_ref': 3.5, 'R': 0.30000000000000004, 'tau_m': 34.5, 'R_adp': 0.8, 'tau_w': 29.0, 'a': 78.0, 'delT': 1.5}. Best is trial 351 with value: 3.0.[0m
2021-04-07 08:42:12.906969: I tensorflow/compiler/jit/xla_gpu_device.cc:99] Not creating XLA devices, tf_xla_enable_xla_devices not set
mse_error/peak_error 0 22.0
[32m[I 2021-04-07 08:42:24,270][0m Trial 440 finished with value: 22.0 and parameters: {'Vahp': -30.0, 'Vth': -25.5, 'Vmax': 30.5, 't_ref': 4.0, 'R': 0.4, 'tau_m': 26.0, 'R_adp': 0.8, 'tau_w': 30.5, 'a': 79.5, 'delT': 2.0}. Best is trial 351 with value: 3.0.[0m
2021-04-07 08:42:24.506049: I tensorflow/compiler/jit/xla_gpu_device.cc:99] Not creating XLA devices, tf_xla_enable_xla_devices not set
mse_error/peak_error 0 169
