[32m[I 2021-04-07 10:30:41,484][0m Trial 798 finished with value: 341.0 and parameters: {'Vahp': -22.5, 'Vth': -22.0, 'Vmax': 26.5, 't_ref': 4.5, 'R': 0.5, 'tau_m': 24.5, 'R_adp': 0.8, 'tau_w': 40.0, 'a': 63.0, 'delT': 2.0}. Best is trial 483 with value: 2.0.[0m
2021-04-07 10:30:41.760567: I tensorflow/compiler/jit/xla_gpu_device.cc:99] Not creating XLA devices, tf_xla_enable_xla_devices not set
mse_error/peak_error 0 124
[32m[I 2021-04-07 10:31:07,707][0m Trial 799 finished with value: 124.0 and parameters: {'Vahp': -22.0, 'Vth': -22.0, 'Vmax': 27.0, 't_ref': 4.5, 'R': 0.4, 'tau_m': 25.5, 'R_adp': 0.8, 'tau_w': 33.5, 'a': 63.5, 'delT': 2.0}. Best is trial 483 with value: 2.0.[0m
2021-04-07 10:31:08.004530: I tensorflow/compiler/jit/xla_gpu_device.cc:99] Not creating XLA devices, tf_xla_enable_xla_devices not set
mse_error/peak_error 0 138
[32m[I 2021-04-07 10:31:33,937][0m Trial 800 finished with value: 138.0 and parameters: {'Vahp': -22.5, 'Vth': -22.0, 'Vmax': 27.5, 't_ref': 4.5, 'R': 0.4, 'tau_m': 23.0, 'R_adp': 0.8, 'tau_w': 35.5, 'a': 65.5, 'delT': 2.0}. Best is trial 483 with value: 2.0.[0m
2021-04-07 10:31:34.222658: I tensorflow/compiler/jit/xla_gpu_device.cc:99] Not creating XLA devices, tf_xla_enable_xla_devices not set
mse_error/peak_error 0 54.0
[32m[I 2021-04-07 10:32:00,187][0m Trial 801 finished with value: 54.0 and parameters: {'Vahp': -22.0, 'Vth': -20.5, 'Vmax': 26.5, 't_ref': 5.0, 'R': 0.4, 'tau_m': 29.0, 'R_adp': 0.8, 'tau_w': 38.0, 'a': 68.5, 'delT': 2.0}. Best is trial 483 with value: 2.0.[0m
2021-04-07 10:32:00.473566: I tensorflow/compiler/jit/xla_gpu_device.cc:99] Not creating XLA devices, tf_xla_enable_xla_devices not set
mse_error/peak_error 0 5.0
[32m[I 2021-04-07 10:32:26,446][0m Trial 802 finished with value: 5.0 and parameters: {'Vahp': -22.0, 'Vth': -22.0, 'Vmax': 26.0, 't_ref': 5.0, 'R': 0.4, 'tau_m': 25.5, 'R_adp': 0.8, 'tau_w': 36.0, 'a': 66.5, 'delT': 2.0}. Best is trial 483 with value: 2.0.[0m
2021-04-07 10:32:26.727722: I tensorflow/compiler/jit/xla_gpu_device.cc:99] Not creating XLA devices, tf_xla_enable_xla_devices not set
mse_error/peak_error 0 29.0
[32m[I 2021-04-07 10:32:52,870][0m Trial 803 finished with value: 29.0 and parameters: {'Vahp': -21.0, 'Vth': -21.0, 'Vmax': 25.5, 't_ref': 5.5, 'R': 0.4, 'tau_m': 27.0, 'R_adp': 0.8, 'tau_w': 33.0, 'a': 70.5, 'delT': 2.0}. Best is trial 483 with value: 2.0.[0m
2021-04-07 10:32:53.153158: I tensorflow/compiler/jit/xla_gpu_device.cc:99] Not creating XLA devices, tf_xla_enable_xla_devices not set
mse_error/peak_error 0 140
[32m[I 2021-04-07 10:33:19,062][0m Trial 804 finished with value: 140.0 and parameters: {'Vahp': -21.5, 'Vth': -21.0, 'Vmax': 26.0, 't_ref': 4.5, 'R': 0.4, 'tau_m': 22.5, 'R_adp': 0.8, 'tau_w': 35.5, 'a': 63.0, 'delT': 2.0}. Best is trial 483 with value: 2.0.[0m
2021-04-07 10:33:19.416764: I tensorflow/compiler/jit/xla_gpu_device.cc:99] Not creating XLA devices, tf_xla_enable_xla_devices not set
mse_error/peak_error 0 42.0
[32m[I 2021-04-07 10:33:45,468][0m Trial 805 finished with value: 42.0 and parameters: {'Vahp': -22.5, 'Vth': -22.5, 'Vmax': 26.0, 't_ref': 5.5, 'R': 0.4, 'tau_m': 29.0, 'R_adp': 0.8, 'tau_w': 38.5, 'a': 69.0, 'delT': 2.0}. Best is trial 483 with value: 2.0.[0m
2021-04-07 10:33:45.748328: I tensorflow/compiler/jit/xla_gpu_device.cc:99] Not creating XLA devices, tf_xla_enable_xla_devices not set
mse_error/peak_error 0 4.0
[32m[I 2021-04-07 10:34:11,932][0m Trial 806 finished with value: 4.0 and parameters: {'Vahp': -21.0, 'Vth': -20.5, 'Vmax': 26.0, 't_ref': 5.0, 'R': 0.4, 'tau_m': 24.5, 'R_adp': 0.8, 'tau_w': 40.5, 'a': 66.0, 'delT': 2.0}. Best is trial 483 with value: 2.0.[0m
2021-04-07 10:34:12.219400: I tensorflow/compiler/jit/xla_gpu_device.cc:99] Not creating XLA devices, tf_xla_enable_xla_devices not set
mse_error/peak_error 0 55.0
[32m[I 2021-04-07 10:34:39,028][0m Trial 807 finished with value: 55.0 and parameters: {'Vahp': -21.0, 'Vth': -20.0, 'Vmax': 25.5, 't_ref': 5.5, 'R': 0.4, 'tau_m': 19.5, 'R_adp': 0.8, 'tau_w': 41.0, 'a': 66.0, 'delT': 2.0}. Best is trial 483 with value: 2.0.[0m
2021-04-07 10:34:39.329966: I tensorflow/compiler/jit/xla_gpu_device.cc:99] Not creating XLA devices, tf_xla_enable_xla_devices not set
mse_error/peak_error 0 362
[32m[I 2021-04-07 10:35:06,018][0m Trial 808 finished with value: 362.0 and parameters: {'Vahp': -21.5, 'Vth': -20.5, 'Vmax': 26.0, 't_ref': 5.0, 'R': 0.5, 'tau_m': 21.5, 'R_adp': 0.8, 'tau_w': 40.5, 'a': 61.5, 'delT': 2.0}. Best is trial 483 with value: 2.0.[0m
2021-04-07 10:35:06.292557: I tensorflow/compiler/jit/xla_gpu_device.cc:99] Not creating XLA devices, tf_xla_enable_xla_devices not set
mse_error/peak_error 0 421
[32m[I 2021-04-07 10:35:33,163][0m Trial 809 finished with value: 421.0 and parameters: {'Vahp': -22.5, 'Vth': -20.5, 'Vmax': 25.5, 't_ref': 5.0, 'R': 0.30000000000000004, 'tau_m': 24.0, 'R_adp': 0.8, 'tau_w': 61.5, 'a': 65.0, 'delT': 2.0}. Best is trial 483 with value: 2.0.[0m
2021-04-07 10:35:33.443753: I tensorflow/compiler/jit/xla_gpu_device.cc:99] Not creating XLA devices, tf_xla_enable_xla_devices not set
mse_error/peak_error 0 180
[32m[I 2021-04-07 10:36:00,094][0m Trial 810 finished with value: 180.0 and parameters: {'Vahp': -23.0, 'Vth': -23.0, 'Vmax': 27.0, 't_ref': 5.5, 'R': 0.4, 'tau_m': 21.5, 'R_adp': 0.8, 'tau_w': 37.0, 'a': 63.0, 'delT': 2.0}. Best is trial 483 with value: 2.0.[0m
2021-04-07 10:36:00.381112: I tensorflow/compiler/jit/xla_gpu_device.cc:99] Not creating XLA devices, tf_xla_enable_xla_devices not set
mse_error/peak_error 0 208
[32m[I 2021-04-07 10:36:27,169][0m Trial 811 finished with value: 208.0 and parameters: {'Vahp': -21.5, 'Vth': -20.0, 'Vmax': 26.0, 't_ref': 5.0, 'R': 0.4, 'tau_m': 17.5, 'R_adp': 0.8, 'tau_w': 33.0, 'a': 66.5, 'delT': 2.0}. Best is trial 483 with value: 2.0.[0m
2021-04-07 10:36:27.497706: I tensorflow/compiler/jit/xla_gpu_device.cc:99] Not creating XLA devices, tf_xla_enable_xla_devices not set
mse_error/peak_error 0 63.0
[32m[I 2021-04-07 10:36:54,286][0m Trial 812 finished with value: 63.0 and parameters: {'Vahp': -20.5, 'Vth': -20.5, 'Vmax': 26.5, 't_ref': 4.5, 'R': 0.4, 'tau_m': 31.0, 'R_adp': 0.8, 'tau_w': 33.5, 'a': 67.5, 'delT': 2.0}. Best is trial 483 with value: 2.0.[0m
2021-04-07 10:36:54.571865: I tensorflow/compiler/jit/xla_gpu_device.cc:99] Not creating XLA devices, tf_xla_enable_xla_devices not set
mse_error/peak_error 0 3.0
[32m[I 2021-04-07 10:37:21,687][0m Trial 813 finished with value: 3.0 and parameters: {'Vahp': -20.0, 'Vth': -20.0, 'Vmax': 25.5, 't_ref': 5.0, 'R': 0.4, 'tau_m': 24.0, 'R_adp': 0.8, 'tau_w': 39.5, 'a': 66.0, 'delT': 2.0}. Best is trial 483 with value: 2.0.[0m
2021-04-07 10:37:21.966443: I tensorflow/compiler/jit/xla_gpu_device.cc:99] Not creating XLA devices, tf_xla_enable_xla_devices not set
mse_error/peak_error 0 262
[32m[I 2021-04-07 10:37:48,627][0m Trial 814 finished with value: 262.0 and parameters: {'Vahp': -20.5, 'Vth': -20.0, 'Vmax': 25.5, 't_ref': 5.5, 'R': 0.30000000000000004, 'tau_m': 23.0, 'R_adp': 0.8, 'tau_w': 41.5, 'a': 54.5, 'delT': 2.0}. Best is trial 483 with value: 2.0.[0m
2021-04-07 10:37:48.898607: I tensorflow/compiler/jit/xla_gpu_device.cc:99] Not creating XLA devices, tf_xla_enable_xla_devices not set
mse_error/peak_error 0 56.0
[32m[I 2021-04-07 10:38:15,781][0m Trial 815 finished with value: 56.0 and parameters: {'Vahp': -20.0, 'Vth': -20.0, 'Vmax': 26.5, 't_ref': 13.0, 'R': 0.4, 'tau_m': 19.5, 'R_adp': 0.8, 'tau_w': 40.0, 'a': 65.0, 'delT': 2.0}. Best is trial 483 with value: 2.0.[0m
2021-04-07 10:38:16.090901: I tensorflow/compiler/jit/xla_gpu_device.cc:99] Not creating XLA devices, tf_xla_enable_xla_devices not set
mse_error/peak_error 0 10.0
[32m[I 2021-04-07 10:38:42,869][0m Trial 816 finished with value: 10.0 and parameters: {'Vahp': -23.0, 'Vth': -23.0, 'Vmax': 25.5, 't_ref': 5.5, 'R': 0.4, 'tau_m': 24.5, 'R_adp': 0.8, 'tau_w': 39.5, 'a': 69.0, 'delT': 2.0}. Best is trial 483 with value: 2.0.[0m
2021-04-07 10:38:43.147556: I tensorflow/compiler/jit/xla_gpu_device.cc:99] Not creating XLA devices, tf_xla_enable_xla_devices not set
mse_error/peak_error 0 61.0
[32m[I 2021-04-07 10:39:09,695][0m Trial 817 finished with value: 61.0 and parameters: {'Vahp': -21.5, 'Vth': -20.5, 'Vmax': 25.0, 't_ref': 5.0, 'R': 0.4, 'tau_m': 28.0, 'R_adp': 0.8, 'tau_w': 38.0, 'a': 72.5, 'delT': 2.0}. Best is trial 483 with value: 2.0.[0m
2021-04-07 10:39:09.967423: I tensorflow/compiler/jit/xla_gpu_device.cc:99] Not creating XLA devices, tf_xla_enable_xla_devices not set
mse_error/peak_error 0 225
[32m[I 2021-04-07 10:39:36,979][0m Trial 818 finished with value: 225.0 and parameters: {'Vahp': -20.0, 'Vth': -20.0, 'Vmax': 25.0, 't_ref': 5.0, 'R': 0.4, 'tau_m': 15.5, 'R_adp': 0.8, 'tau_w': 38.5, 'a': 62.5, 'delT': 2.0}. Best is trial 483 with value: 2.0.[0m
2021-04-07 10:39:37.282240: I tensorflow/compiler/jit/xla_gpu_device.cc:99] Not creating XLA devices, tf_xla_enable_xla_devices not set
mse_error/peak_error 0 18.0
[32m[I 2021-04-07 10:40:04,446][0m Trial 819 finished with value: 18.0 and parameters: {'Vahp': -20.5, 'Vth': -20.0, 'Vmax': 26.5, 't_ref': 6.0, 'R': 0.4, 'tau_m': 22.5, 'R_adp': 0.8, 'tau_w': 43.0, 'a': 64.0, 'delT': 2.0}. Best is trial 483 with value: 2.0.[0m
2021-04-07 10:40:04.713973: I tensorflow/compiler/jit/xla_gpu_device.cc:99] Not creating XLA devices, tf_xla_enable_xla_devices not set
mse_error/peak_error 0 40.0
[32m[I 2021-04-07 10:40:32,067][0m Trial 820 finished with value: 40.0 and parameters: {'Vahp': -20.0, 'Vth': -20.0, 'Vmax': 25.5, 't_ref': 5.5, 'R': 0.4, 'tau_m': 21.0, 'R_adp': 0.8, 'tau_w': 40.0, 'a': 70.5, 'delT': 2.0}. Best is trial 483 with value: 2.0.[0m
2021-04-07 10:40:32.345838: I tensorflow/compiler/jit/xla_gpu_device.cc:99] Not creating XLA devices, tf_xla_enable_xla_devices not set
mse_error/peak_error 0 21.0
[32m[I 2021-04-07 10:40:59,601][0m Trial 821 finished with value: 21.0 and parameters: {'Vahp': -23.0, 'Vth': -23.0, 'Vmax': 26.0, 't_ref': 5.0, 'R': 0.4, 'tau_m': 24.0, 'R_adp': 0.8, 'tau_w': 42.0, 'a': 68.0, 'delT': 2.0}. Best is trial 483 with value: 2.0.[0m
2021-04-07 10:40:59.925665: I tensorflow/compiler/jit/xla_gpu_device.cc:99] Not creating XLA devices, tf_xla_enable_xla_devices not set
mse_error/peak_error 0 309
[32m[I 2021-04-07 10:41:27,138][0m Trial 822 finished with value: 309.0 and parameters: {'Vahp': -23.0, 'Vth': -23.0, 'Vmax': 27.5, 't_ref': 4.5, 'R': 0.5, 'tau_m': 25.5, 'R_adp': 0.8, 'tau_w': 37.5, 'a': 67.0, 'delT': 2.5}. Best is trial 483 with value: 2.0.[0m
2021-04-07 10:41:27.431912: I tensorflow/compiler/jit/xla_gpu_device.cc:99] Not creating XLA devices, tf_xla_enable_xla_devices not set
mse_error/peak_error 0 35.0
[32m[I 2021-04-07 10:41:54,451][0m Trial 823 finished with value: 35.0 and parameters: {'Vahp': -21.0, 'Vth': -20.5, 'Vmax': 27.5, 't_ref': 5.0, 'R': 0.4, 'tau_m': 27.0, 'R_adp': 0.8, 'tau_w': 35.0, 'a': 72.5, 'delT': 2.0}. Best is trial 483 with value: 2.0.[0m
2021-04-07 10:41:54.719077: I tensorflow/compiler/jit/xla_gpu_device.cc:99] Not creating XLA devices, tf_xla_enable_xla_devices not set
mse_error/peak_error 0 22.0
[32m[I 2021-04-07 10:42:21,757][0m Trial 824 finished with value: 22.0 and parameters: {'Vahp': -20.0, 'Vth': -20.0, 'Vmax': 28.0, 't_ref': 6.0, 'R': 0.4, 'tau_m': 24.0, 'R_adp': 0.8, 'tau_w': 41.0, 'a': 70.0, 'delT': 2.0}. Best is trial 483 with value: 2.0.[0m
2021-04-07 10:42:22.069395: I tensorflow/compiler/jit/xla_gpu_device.cc:99] Not creating XLA devices, tf_xla_enable_xla_devices not set
mse_error/peak_error 0 19.0
[32m[I 2021-04-07 10:42:49,629][0m Trial 825 finished with value: 19.0 and parameters: {'Vahp': -21.0, 'Vth': -20.5, 'Vmax': 27.0, 't_ref': 4.5, 'R': 0.4, 'tau_m': 21.0, 'R_adp': 0.8, 'tau_w': 37.0, 'a': 65.0, 'delT': 5.5}. Best is trial 483 with value: 2.0.[0m
2021-04-07 10:42:49.906277: I tensorflow/compiler/jit/xla_gpu_device.cc:99] Not creating XLA devices, tf_xla_enable_xla_devices not set
mse_error/peak_error 0 113
[32m[I 2021-04-07 10:43:17,362][0m Trial 826 finished with value: 113.0 and parameters: {'Vahp': -21.5, 'Vth': -20.5, 'Vmax': 26.0, 't_ref': 5.5, 'R': 0.4, 'tau_m': 25.5, 'R_adp': 0.8, 'tau_w': 36.5, 'a': 60.5, 'delT': 2.0}. Best is trial 483 with value: 2.0.[0m
2021-04-07 10:43:17.638778: I tensorflow/compiler/jit/xla_gpu_device.cc:99] Not creating XLA devices, tf_xla_enable_xla_devices not set
mse_error/peak_error 0 53.0
[32m[I 2021-04-07 10:43:45,485][0m Trial 827 finished with value: 53.0 and parameters: {'Vahp': -23.0, 'Vth': -23.0, 'Vmax': 26.5, 't_ref': 5.0, 'R': 0.4, 'tau_m': 23.0, 'R_adp': 0.8, 'tau_w': 38.0, 'a': 66.0, 'delT': 2.0}. Best is trial 483 with value: 2.0.[0m
2021-04-07 10:43:45.784965: I tensorflow/compiler/jit/xla_gpu_device.cc:99] Not creating XLA devices, tf_xla_enable_xla_devices not set
mse_error/peak_error 0 309
[32m[I 2021-04-07 10:44:13,541][0m Trial 828 finished with value: 309.0 and parameters: {'Vahp': -22.0, 'Vth': -21.0, 'Vmax': 25.0, 't_ref': 4.5, 'R': 0.30000000000000004, 'tau_m': 25.5, 'R_adp': 0.8, 'tau_w': 35.5, 'a': 64.5, 'delT': 2.0}. Best is trial 483 with value: 2.0.[0m
2021-04-07 10:44:13.820923: I tensorflow/compiler/jit/xla_gpu_device.cc:99] Not creating XLA devices, tf_xla_enable_xla_devices not set
mse_error/peak_error 0 293
[32m[I 2021-04-07 10:44:41,725][0m Trial 829 finished with value: 293.0 and parameters: {'Vahp': -22.0, 'Vth': -20.5, 'Vmax': 27.0, 't_ref': 4.5, 'R': 0.5, 'tau_m': 26.5, 'R_adp': 0.8, 'tau_w': 38.5, 'a': 62.0, 'delT': 2.0}. Best is trial 483 with value: 2.0.[0m
2021-04-07 10:44:42.006261: I tensorflow/compiler/jit/xla_gpu_device.cc:99] Not creating XLA devices, tf_xla_enable_xla_devices not set
mse_error/peak_error 0 26.0
[32m[I 2021-04-07 10:45:09,665][0m Trial 830 finished with value: 26.0 and parameters: {'Vahp': -24.0, 'Vth': -23.0, 'Vmax': 28.0, 't_ref': 5.0, 'R': 0.4, 'tau_m': 24.0, 'R_adp': 0.8, 'tau_w': 34.5, 'a': 67.5, 'delT': 2.5}. Best is trial 483 with value: 2.0.[0m
2021-04-07 10:45:09.937173: I tensorflow/compiler/jit/xla_gpu_device.cc:99] Not creating XLA devices, tf_xla_enable_xla_devices not set
mse_error/peak_error 0 415
[32m[I 2021-04-07 10:45:37,437][0m Trial 831 finished with value: 415.0 and parameters: {'Vahp': -20.0, 'Vth': -20.0, 'Vmax': 25.5, 't_ref': 5.5, 'R': 0.4, 'tau_m': 49.5, 'R_adp': 0.8, 'tau_w': 40.5, 'a': 70.5, 'delT': 2.0}. Best is trial 483 with value: 2.0.[0m
2021-04-07 10:45:37.734060: I tensorflow/compiler/jit/xla_gpu_device.cc:99] Not creating XLA devices, tf_xla_enable_xla_devices not set
mse_error/peak_error 0 45.0
[32m[I 2021-04-07 10:46:05,297][0m Trial 832 finished with value: 45.0 and parameters: {'Vahp': -23.5, 'Vth': -23.0, 'Vmax': 28.0, 't_ref': 5.0, 'R': 0.4, 'tau_m': 29.0, 'R_adp': 0.8, 'tau_w': 36.0, 'a': 67.0, 'delT': 2.5}. Best is trial 483 with value: 2.0.[0m
2021-04-07 10:46:05.576793: I tensorflow/compiler/jit/xla_gpu_device.cc:99] Not creating XLA devices, tf_xla_enable_xla_devices not set
mse_error/peak_error 0 25.0
[32m[I 2021-04-07 10:46:33,265][0m Trial 833 finished with value: 25.0 and parameters: {'Vahp': -23.0, 'Vth': -23.0, 'Vmax': 27.5, 't_ref': 6.0, 'R': 0.4, 'tau_m': 27.0, 'R_adp': 0.8, 'tau_w': 43.5, 'a': 71.0, 'delT': 2.0}. Best is trial 483 with value: 2.0.[0m
2021-04-07 10:46:33.537298: I tensorflow/compiler/jit/xla_gpu_device.cc:99] Not creating XLA devices, tf_xla_enable_xla_devices not set
mse_error/peak_error 0 245
[32m[I 2021-04-07 10:47:01,225][0m Trial 834 finished with value: 245.0 and parameters: {'Vahp': -25.0, 'Vth': -23.0, 'Vmax': 28.0, 't_ref': 4.5, 'R': 0.4, 'tau_m': 13.5, 'R_adp': 0.8, 'tau_w': 35.0, 'a': 68.5, 'delT': 2.5}. Best is trial 483 with value: 2.0.[0m
2021-04-07 10:47:01.534452: I tensorflow/compiler/jit/xla_gpu_device.cc:99] Not creating XLA devices, tf_xla_enable_xla_devices not set
mse_error/peak_error 0 472
[32m[I 2021-04-07 10:47:29,676][0m Trial 835 finished with value: 472.0 and parameters: {'Vahp': -21.0, 'Vth': -20.5, 'Vmax': 26.5, 't_ref': 5.0, 'R': 0.4, 'tau_m': 6.0, 'R_adp': 0.8, 'tau_w': 33.5, 'a': 58.0, 'delT': 2.0}. Best is trial 483 with value: 2.0.[0m
2021-04-07 10:47:29.958321: I tensorflow/compiler/jit/xla_gpu_device.cc:99] Not creating XLA devices, tf_xla_enable_xla_devices not set
mse_error/peak_error 0 47.0
[32m[I 2021-04-07 10:47:57,796][0m Trial 836 finished with value: 47.0 and parameters: {'Vahp': -24.5, 'Vth': -23.0, 'Vmax': 27.0, 't_ref': 5.5, 'R': 0.4, 'tau_m': 29.5, 'R_adp': 0.8, 'tau_w': 39.5, 'a': 71.5, 'delT': 2.0}. Best is trial 483 with value: 2.0.[0m
2021-04-07 10:47:58.080973: I tensorflow/compiler/jit/xla_gpu_device.cc:99] Not creating XLA devices, tf_xla_enable_xla_devices not set
mse_error/peak_error 0 23.0
[32m[I 2021-04-07 10:48:26,382][0m Trial 837 finished with value: 23.0 and parameters: {'Vahp': -22.5, 'Vth': -20.0, 'Vmax': 26.0, 't_ref': 4.5, 'R': 0.4, 'tau_m': 26.0, 'R_adp': 0.8, 'tau_w': 37.0, 'a': 68.5, 'delT': 2.0}. Best is trial 483 with value: 2.0.[0m
2021-04-07 10:48:26.677728: I tensorflow/compiler/jit/xla_gpu_device.cc:99] Not creating XLA devices, tf_xla_enable_xla_devices not set
mse_error/peak_error 0 289
[32m[I 2021-04-07 10:48:54,768][0m Trial 838 finished with value: 289.0 and parameters: {'Vahp': -23.5, 'Vth': -23.0, 'Vmax': 26.0, 't_ref': 5.5, 'R': 0.30000000000000004, 'tau_m': 22.5, 'R_adp': 0.8, 'tau_w': 42.5, 'a': 70.0, 'delT': 2.0}. Best is trial 483 with value: 2.0.[0m
2021-04-07 10:48:55.044006: I tensorflow/compiler/jit/xla_gpu_device.cc:99] Not creating XLA devices, tf_xla_enable_xla_devices not set
mse_error/peak_error 0 22.0
[32m[I 2021-04-07 10:49:22,962][0m Trial 839 finished with value: 22.0 and parameters: {'Vahp': -53.0, 'Vth': -25.5, 'Vmax': 27.5, 't_ref': 4.5, 'R': 0.4, 'tau_m': 31.5, 'R_adp': 0.8, 'tau_w': 32.5, 'a': 73.0, 'delT': 1.5}. Best is trial 483 with value: 2.0.[0m
2021-04-07 10:49:23.247128: I tensorflow/compiler/jit/xla_gpu_device.cc:99] Not creating XLA devices, tf_xla_enable_xla_devices not set
mse_error/peak_error 0 4.0
[32m[I 2021-04-07 10:49:50,956][0m Trial 840 finished with value: 4.0 and parameters: {'Vahp': -24.5, 'Vth': -23.0, 'Vmax': 25.0, 't_ref': 5.0, 'R': 0.4, 'tau_m': 28.5, 'R_adp': 0.8, 'tau_w': 33.0, 'a': 72.0, 'delT': 1.5}. Best is trial 483 with value: 2.0.[0m
2021-04-07 10:49:51.228536: I tensorflow/compiler/jit/xla_gpu_device.cc:99] Not creating XLA devices, tf_xla_enable_xla_devices not set
mse_error/peak_error 0 279
[32m[I 2021-04-07 10:50:19,481][0m Trial 841 finished with value: 279.0 and parameters: {'Vahp': -24.5, 'Vth': -23.0, 'Vmax': 24.5, 't_ref': 6.0, 'R': 0.5, 'tau_m': 31.5, 'R_adp': 0.8, 'tau_w': 33.0, 'a': 72.5, 'delT': 1.5}. Best is trial 483 with value: 2.0.[0m
2021-04-07 10:50:19.758112: I tensorflow/compiler/jit/xla_gpu_device.cc:99] Not creating XLA devices, tf_xla_enable_xla_devices not set
mse_error/peak_error 0 4.0
[32m[I 2021-04-07 10:50:48,063][0m Trial 842 finished with value: 4.0 and parameters: {'Vahp': -24.0, 'Vth': -23.0, 'Vmax': 25.0, 't_ref': 5.0, 'R': 0.4, 'tau_m': 28.5, 'R_adp': 0.8, 'tau_w': 33.0, 'a': 72.5, 'delT': 1.5}. Best is trial 483 with value: 2.0.[0m
2021-04-07 10:50:48.337252: I tensorflow/compiler/jit/xla_gpu_device.cc:99] Not creating XLA devices, tf_xla_enable_xla_devices not set
mse_error/peak_error 0 601
[32m[I 2021-04-07 10:51:16,391][0m Trial 843 finished with value: 601.0 and parameters: {'Vahp': -23.5, 'Vth': -23.0, 'Vmax': 25.5, 't_ref': 5.0, 'R': 0.4, 'tau_m': 77.5, 'R_adp': 0.8, 'tau_w': 33.0, 'a': 73.0, 'delT': 1.5}. Best is trial 483 with value: 2.0.[0m
2021-04-07 10:51:16.665162: I tensorflow/compiler/jit/xla_gpu_device.cc:99] Not creating XLA devices, tf_xla_enable_xla_devices not set
mse_error/peak_error 0 30.0
[32m[I 2021-04-07 10:51:44,937][0m Trial 844 finished with value: 30.0 and parameters: {'Vahp': -24.5, 'Vth': -23.0, 'Vmax': 25.0, 't_ref': 5.5, 'R': 0.4, 'tau_m': 30.0, 'R_adp': 0.8, 'tau_w': 32.5, 'a': 72.5, 'delT': 1.5}. Best is trial 483 with value: 2.0.[0m
2021-04-07 10:51:45.221404: I tensorflow/compiler/jit/xla_gpu_device.cc:99] Not creating XLA devices, tf_xla_enable_xla_devices not set
mse_error/peak_error 0 244
[32m[I 2021-04-07 10:52:13,686][0m Trial 845 finished with value: 244.0 and parameters: {'Vahp': -24.0, 'Vth': -23.0, 'Vmax': 24.0, 't_ref': 5.5, 'R': 0.4, 'tau_m': 29.0, 'R_adp': 0.8, 'tau_w': 32.5, 'a': 47.0, 'delT': 1.5}. Best is trial 483 with value: 2.0.[0m
2021-04-07 10:52:13.965357: I tensorflow/compiler/jit/xla_gpu_device.cc:99] Not creating XLA devices, tf_xla_enable_xla_devices not set
mse_error/peak_error 0 393
[32m[I 2021-04-07 10:52:42,557][0m Trial 846 finished with value: 393.0 and parameters: {'Vahp': -23.0, 'Vth': -23.0, 'Vmax': 24.5, 't_ref': 5.0, 'R': 0.30000000000000004, 'tau_m': 32.5, 'R_adp': 0.8, 'tau_w': 37.5, 'a': 69.0, 'delT': 1.5}. Best is trial 483 with value: 2.0.[0m
2021-04-07 10:52:42.841851: I tensorflow/compiler/jit/xla_gpu_device.cc:99] Not creating XLA devices, tf_xla_enable_xla_devices not set
mse_error/peak_error 0 11.0
[32m[I 2021-04-07 10:53:11,540][0m Trial 847 finished with value: 11.0 and parameters: {'Vahp': -23.5, 'Vth': -23.0, 'Vmax': 25.5, 't_ref': 6.5, 'R': 0.4, 'tau_m': 28.5, 'R_adp': 0.8, 'tau_w': 35.5, 'a': 71.5, 'delT': 1.5}. Best is trial 483 with value: 2.0.[0m
2021-04-07 10:53:11.821042: I tensorflow/compiler/jit/xla_gpu_device.cc:99] Not creating XLA devices, tf_xla_enable_xla_devices not set
mse_error/peak_error 0 29.0
[32m[I 2021-04-07 10:53:40,085][0m Trial 848 finished with value: 29.0 and parameters: {'Vahp': -24.5, 'Vth': -23.0, 'Vmax': 24.5, 't_ref': 5.5, 'R': 0.4, 'tau_m': 30.0, 'R_adp': 0.8, 'tau_w': 35.0, 'a': 69.5, 'delT': 1.5}. Best is trial 483 with value: 2.0.[0m
2021-04-07 10:53:40.354936: I tensorflow/compiler/jit/xla_gpu_device.cc:99] Not creating XLA devices, tf_xla_enable_xla_devices not set
mse_error/peak_error 0 612
