[32m[I 2021-04-07 08:25:20,780][0m Trial 339 finished with value: 177.0 and parameters: {'Vahp': -28.0, 'Vth': -23.0, 'Vmax': 31.0, 't_ref': 16.0, 'R': 0.5, 'tau_m': 28.0, 'R_adp': 0.7000000000000001, 'tau_w': 36.5, 'a': 45.5, 'delT': 2.0}. Best is trial 291 with value: 10.0.[0m
2021-04-07 08:25:21.013827: I tensorflow/compiler/jit/xla_gpu_device.cc:99] Not creating XLA devices, tf_xla_enable_xla_devices not set
mse_error/peak_error 0 166
[32m[I 2021-04-07 08:25:29,362][0m Trial 340 finished with value: 166.0 and parameters: {'Vahp': -27.5, 'Vth': -23.0, 'Vmax': 31.5, 't_ref': 4.5, 'R': 0.4, 'tau_m': 22.5, 'R_adp': 0.7000000000000001, 'tau_w': 31.0, 'a': 74.0, 'delT': 2.5}. Best is trial 291 with value: 10.0.[0m
2021-04-07 08:25:29.589937: I tensorflow/compiler/jit/xla_gpu_device.cc:99] Not creating XLA devices, tf_xla_enable_xla_devices not set
mse_error/peak_error 0 26.0
[32m[I 2021-04-07 08:25:37,927][0m Trial 341 finished with value: 26.0 and parameters: {'Vahp': -26.0, 'Vth': -23.0, 'Vmax': 29.5, 't_ref': 4.0, 'R': 0.4, 'tau_m': 24.0, 'R_adp': 0.8, 'tau_w': 38.0, 'a': 70.5, 'delT': 2.0}. Best is trial 291 with value: 10.0.[0m
2021-04-07 08:25:38.159395: I tensorflow/compiler/jit/xla_gpu_device.cc:99] Not creating XLA devices, tf_xla_enable_xla_devices not set
mse_error/peak_error 0 85.0
[32m[I 2021-04-07 08:25:46,502][0m Trial 342 finished with value: 85.0 and parameters: {'Vahp': -28.5, 'Vth': -23.0, 'Vmax': 30.0, 't_ref': 5.0, 'R': 0.4, 'tau_m': 18.5, 'R_adp': 0.8, 'tau_w': 34.0, 'a': 75.5, 'delT': 2.5}. Best is trial 291 with value: 10.0.[0m
2021-04-07 08:25:46.733645: I tensorflow/compiler/jit/xla_gpu_device.cc:99] Not creating XLA devices, tf_xla_enable_xla_devices not set
mse_error/peak_error 0 56.0
[32m[I 2021-04-07 08:25:55,076][0m Trial 343 finished with value: 56.0 and parameters: {'Vahp': -26.5, 'Vth': -23.0, 'Vmax': 27.5, 't_ref': 4.0, 'R': 0.4, 'tau_m': 23.5, 'R_adp': 0.8, 'tau_w': 36.5, 'a': 72.5, 'delT': 5.0}. Best is trial 291 with value: 10.0.[0m
2021-04-07 08:25:55.303826: I tensorflow/compiler/jit/xla_gpu_device.cc:99] Not creating XLA devices, tf_xla_enable_xla_devices not set
mse_error/peak_error 0 25.0
[32m[I 2021-04-07 08:26:03,751][0m Trial 344 finished with value: 25.0 and parameters: {'Vahp': -25.5, 'Vth': -23.0, 'Vmax': 29.5, 't_ref': 4.0, 'R': 0.4, 'tau_m': 25.5, 'R_adp': 0.8, 'tau_w': 38.5, 'a': 73.0, 'delT': 2.0}. Best is trial 291 with value: 10.0.[0m
2021-04-07 08:26:03.987041: I tensorflow/compiler/jit/xla_gpu_device.cc:99] Not creating XLA devices, tf_xla_enable_xla_devices not set
mse_error/peak_error 0 29.0
[32m[I 2021-04-07 08:26:12,443][0m Trial 345 finished with value: 29.0 and parameters: {'Vahp': -26.0, 'Vth': -23.0, 'Vmax': 30.0, 't_ref': 4.0, 'R': 0.4, 'tau_m': 24.5, 'R_adp': 0.8, 'tau_w': 34.5, 'a': 71.5, 'delT': 2.0}. Best is trial 291 with value: 10.0.[0m
2021-04-07 08:26:12.675370: I tensorflow/compiler/jit/xla_gpu_device.cc:99] Not creating XLA devices, tf_xla_enable_xla_devices not set
mse_error/peak_error 0 254
[32m[I 2021-04-07 08:26:21,207][0m Trial 346 finished with value: 254.0 and parameters: {'Vahp': -25.5, 'Vth': -23.0, 'Vmax': 29.5, 't_ref': 4.5, 'R': 0.5, 'tau_m': 22.0, 'R_adp': 0.8, 'tau_w': 38.0, 'a': 74.0, 'delT': 1.5}. Best is trial 291 with value: 10.0.[0m
2021-04-07 08:26:21.448100: I tensorflow/compiler/jit/xla_gpu_device.cc:99] Not creating XLA devices, tf_xla_enable_xla_devices not set
mse_error/peak_error 0 250
[32m[I 2021-04-07 08:26:29,969][0m Trial 347 finished with value: 250.0 and parameters: {'Vahp': -27.0, 'Vth': -23.5, 'Vmax': 29.5, 't_ref': 4.0, 'R': 0.30000000000000004, 'tau_m': 20.5, 'R_adp': 0.8, 'tau_w': 38.5, 'a': 73.5, 'delT': 2.0}. Best is trial 291 with value: 10.0.[0m
2021-04-07 08:26:30.206777: I tensorflow/compiler/jit/xla_gpu_device.cc:99] Not creating XLA devices, tf_xla_enable_xla_devices not set
mse_error/peak_error 0 32.0
[32m[I 2021-04-07 08:26:38,632][0m Trial 348 finished with value: 32.0 and parameters: {'Vahp': -25.0, 'Vth': -23.0, 'Vmax': 28.0, 't_ref': 5.0, 'R': 0.4, 'tau_m': 25.5, 'R_adp': 0.8, 'tau_w': 36.5, 'a': 69.5, 'delT': 1.5}. Best is trial 291 with value: 10.0.[0m
2021-04-07 08:26:38.859070: I tensorflow/compiler/jit/xla_gpu_device.cc:99] Not creating XLA devices, tf_xla_enable_xla_devices not set
mse_error/peak_error 0 15.0
[32m[I 2021-04-07 08:26:47,367][0m Trial 349 finished with value: 15.0 and parameters: {'Vahp': -27.5, 'Vth': -23.5, 'Vmax': 30.5, 't_ref': 3.5, 'R': 0.4, 'tau_m': 27.0, 'R_adp': 0.8, 'tau_w': 38.0, 'a': 76.0, 'delT': 2.0}. Best is trial 291 with value: 10.0.[0m
2021-04-07 08:26:47.601978: I tensorflow/compiler/jit/xla_gpu_device.cc:99] Not creating XLA devices, tf_xla_enable_xla_devices not set
mse_error/peak_error 0 15.0
[32m[I 2021-04-07 08:26:56,181][0m Trial 350 finished with value: 15.0 and parameters: {'Vahp': -27.5, 'Vth': -23.5, 'Vmax': 30.5, 't_ref': 3.5, 'R': 0.4, 'tau_m': 27.5, 'R_adp': 0.8, 'tau_w': 33.0, 'a': 70.0, 'delT': 2.0}. Best is trial 291 with value: 10.0.[0m
2021-04-07 08:26:56.411879: I tensorflow/compiler/jit/xla_gpu_device.cc:99] Not creating XLA devices, tf_xla_enable_xla_devices not set
mse_error/peak_error 0 3.0
[32m[I 2021-04-07 08:27:05,111][0m Trial 351 finished with value: 3.0 and parameters: {'Vahp': -27.0, 'Vth': -24.0, 'Vmax': 30.5, 't_ref': 4.0, 'R': 0.4, 'tau_m': 27.0, 'R_adp': 0.8, 'tau_w': 33.0, 'a': 76.0, 'delT': 2.0}. Best is trial 351 with value: 3.0.[0m
2021-04-07 08:27:05.418908: I tensorflow/compiler/jit/xla_gpu_device.cc:99] Not creating XLA devices, tf_xla_enable_xla_devices not set
mse_error/peak_error 0 56.0
[32m[I 2021-04-07 08:27:14,022][0m Trial 352 finished with value: 56.0 and parameters: {'Vahp': -27.5, 'Vth': -24.0, 'Vmax': 31.0, 't_ref': 11.5, 'R': 0.4, 'tau_m': 27.0, 'R_adp': 0.8, 'tau_w': 29.5, 'a': 76.0, 'delT': 2.0}. Best is trial 351 with value: 3.0.[0m
2021-04-07 08:27:14.256272: I tensorflow/compiler/jit/xla_gpu_device.cc:99] Not creating XLA devices, tf_xla_enable_xla_devices not set
mse_error/peak_error 0 41.0
[32m[I 2021-04-07 08:27:22,950][0m Trial 353 finished with value: 41.0 and parameters: {'Vahp': -27.5, 'Vth': -24.5, 'Vmax': 30.5, 't_ref': 4.0, 'R': 0.4, 'tau_m': 23.5, 'R_adp': 0.8, 'tau_w': 32.5, 'a': 89.0, 'delT': 2.0}. Best is trial 351 with value: 3.0.[0m
2021-04-07 08:27:23.188179: I tensorflow/compiler/jit/xla_gpu_device.cc:99] Not creating XLA devices, tf_xla_enable_xla_devices not set
mse_error/peak_error 0 5.0
[32m[I 2021-04-07 08:27:32,006][0m Trial 354 finished with value: 5.0 and parameters: {'Vahp': -27.0, 'Vth': -24.0, 'Vmax': 30.5, 't_ref': 3.5, 'R': 0.4, 'tau_m': 28.0, 'R_adp': 0.8, 'tau_w': 31.0, 'a': 76.0, 'delT': 2.0}. Best is trial 351 with value: 3.0.[0m
2021-04-07 08:27:32.241713: I tensorflow/compiler/jit/xla_gpu_device.cc:99] Not creating XLA devices, tf_xla_enable_xla_devices not set
mse_error/peak_error 0 472
[32m[I 2021-04-07 08:27:41,029][0m Trial 355 finished with value: 472.0 and parameters: {'Vahp': -27.0, 'Vth': -24.0, 'Vmax': 32.0, 't_ref': 4.0, 'R': 0.4, 'tau_m': 66.5, 'R_adp': 0.8, 'tau_w': 28.5, 'a': 76.5, 'delT': 1.5}. Best is trial 351 with value: 3.0.[0m
2021-04-07 08:27:41.263782: I tensorflow/compiler/jit/xla_gpu_device.cc:99] Not creating XLA devices, tf_xla_enable_xla_devices not set
mse_error/peak_error 0 299
[32m[I 2021-04-07 08:27:50,081][0m Trial 356 finished with value: 299.0 and parameters: {'Vahp': -28.0, 'Vth': -23.5, 'Vmax': 30.0, 't_ref': 4.5, 'R': 0.30000000000000004, 'tau_m': 25.0, 'R_adp': 0.8, 'tau_w': 32.0, 'a': 76.0, 'delT': 2.0}. Best is trial 351 with value: 3.0.[0m
2021-04-07 08:27:50.327924: I tensorflow/compiler/jit/xla_gpu_device.cc:99] Not creating XLA devices, tf_xla_enable_xla_devices not set
mse_error/peak_error 0 5.0
[32m[I 2021-04-07 08:27:59,247][0m Trial 357 finished with value: 5.0 and parameters: {'Vahp': -27.0, 'Vth': -24.0, 'Vmax': 30.5, 't_ref': 3.5, 'R': 0.4, 'tau_m': 27.5, 'R_adp': 0.8, 'tau_w': 30.5, 'a': 75.5, 'delT': 2.0}. Best is trial 351 with value: 3.0.[0m
2021-04-07 08:27:59.478904: I tensorflow/compiler/jit/xla_gpu_device.cc:99] Not creating XLA devices, tf_xla_enable_xla_devices not set
mse_error/peak_error 0 4.0
[32m[I 2021-04-07 08:28:08,381][0m Trial 358 finished with value: 4.0 and parameters: {'Vahp': -28.5, 'Vth': -24.0, 'Vmax': 30.5, 't_ref': 3.5, 'R': 0.4, 'tau_m': 28.0, 'R_adp': 0.8, 'tau_w': 31.0, 'a': 77.0, 'delT': 2.0}. Best is trial 351 with value: 3.0.[0m
2021-04-07 08:28:08.610313: I tensorflow/compiler/jit/xla_gpu_device.cc:99] Not creating XLA devices, tf_xla_enable_xla_devices not set
mse_error/peak_error 0 12.0
[32m[I 2021-04-07 08:28:17,623][0m Trial 359 finished with value: 12.0 and parameters: {'Vahp': -28.5, 'Vth': -24.0, 'Vmax': 31.0, 't_ref': 3.5, 'R': 0.4, 'tau_m': 28.0, 'R_adp': 0.8, 'tau_w': 32.5, 'a': 76.0, 'delT': 1.5}. Best is trial 351 with value: 3.0.[0m
2021-04-07 08:28:17.860532: I tensorflow/compiler/jit/xla_gpu_device.cc:99] Not creating XLA devices, tf_xla_enable_xla_devices not set
mse_error/peak_error 0 13.0
[32m[I 2021-04-07 08:28:26,853][0m Trial 360 finished with value: 13.0 and parameters: {'Vahp': -28.5, 'Vth': -24.0, 'Vmax': 31.5, 't_ref': 3.5, 'R': 0.4, 'tau_m': 28.5, 'R_adp': 0.8, 'tau_w': 31.0, 'a': 78.0, 'delT': 1.5}. Best is trial 351 with value: 3.0.[0m
2021-04-07 08:28:27.086087: I tensorflow/compiler/jit/xla_gpu_device.cc:99] Not creating XLA devices, tf_xla_enable_xla_devices not set
mse_error/peak_error 0 117
[32m[I 2021-04-07 08:28:36,229][0m Trial 361 finished with value: 117.0 and parameters: {'Vahp': -28.0, 'Vth': -24.0, 'Vmax': 31.5, 't_ref': 3.5, 'R': 0.4, 'tau_m': 28.5, 'R_adp': 0.8, 'tau_w': 28.0, 'a': 77.5, 'delT': 1.5}. Best is trial 351 with value: 3.0.[0m
2021-04-07 08:28:36.460277: I tensorflow/compiler/jit/xla_gpu_device.cc:99] Not creating XLA devices, tf_xla_enable_xla_devices not set
mse_error/peak_error 0 14.0
[32m[I 2021-04-07 08:28:45,516][0m Trial 362 finished with value: 14.0 and parameters: {'Vahp': -29.0, 'Vth': -24.0, 'Vmax': 31.5, 't_ref': 3.5, 'R': 0.4, 'tau_m': 29.0, 'R_adp': 0.8, 'tau_w': 30.0, 'a': 77.5, 'delT': 1.5}. Best is trial 351 with value: 3.0.[0m
2021-04-07 08:28:45.751928: I tensorflow/compiler/jit/xla_gpu_device.cc:99] Not creating XLA devices, tf_xla_enable_xla_devices not set
mse_error/peak_error 0 13.0
[32m[I 2021-04-07 08:28:54,809][0m Trial 363 finished with value: 13.0 and parameters: {'Vahp': -29.0, 'Vth': -24.0, 'Vmax': 32.0, 't_ref': 3.5, 'R': 0.4, 'tau_m': 28.5, 'R_adp': 0.8, 'tau_w': 30.0, 'a': 77.0, 'delT': 1.5}. Best is trial 351 with value: 3.0.[0m
2021-04-07 08:28:55.084369: I tensorflow/compiler/jit/xla_gpu_device.cc:99] Not creating XLA devices, tf_xla_enable_xla_devices not set
mse_error/peak_error 0 324
[32m[I 2021-04-07 08:29:04,141][0m Trial 364 finished with value: 324.0 and parameters: {'Vahp': -28.5, 'Vth': -24.0, 'Vmax': 32.5, 't_ref': 3.5, 'R': 0.5, 'tau_m': 29.0, 'R_adp': 0.8, 'tau_w': 25.5, 'a': 77.5, 'delT': 1.5}. Best is trial 351 with value: 3.0.[0m
2021-04-07 08:29:04.371146: I tensorflow/compiler/jit/xla_gpu_device.cc:99] Not creating XLA devices, tf_xla_enable_xla_devices not set
mse_error/peak_error 0 13.0
[32m[I 2021-04-07 08:29:13,552][0m Trial 365 finished with value: 13.0 and parameters: {'Vahp': -27.5, 'Vth': -24.0, 'Vmax': 31.5, 't_ref': 3.5, 'R': 0.4, 'tau_m': 29.0, 'R_adp': 0.8, 'tau_w': 30.5, 'a': 76.5, 'delT': 1.5}. Best is trial 351 with value: 3.0.[0m
2021-04-07 08:29:13.784349: I tensorflow/compiler/jit/xla_gpu_device.cc:99] Not creating XLA devices, tf_xla_enable_xla_devices not set
mse_error/peak_error 0 118
[32m[I 2021-04-07 08:29:22,987][0m Trial 366 finished with value: 118.0 and parameters: {'Vahp': -29.0, 'Vth': -24.0, 'Vmax': 32.0, 't_ref': 3.5, 'R': 0.4, 'tau_m': 30.0, 'R_adp': 0.8, 'tau_w': 27.5, 'a': 77.0, 'delT': 1.5}. Best is trial 351 with value: 3.0.[0m
2021-04-07 08:29:23.219133: I tensorflow/compiler/jit/xla_gpu_device.cc:99] Not creating XLA devices, tf_xla_enable_xla_devices not set
mse_error/peak_error 0 22.0
[32m[I 2021-04-07 08:29:32,477][0m Trial 367 finished with value: 22.0 and parameters: {'Vahp': -28.0, 'Vth': -24.0, 'Vmax': 31.0, 't_ref': 3.5, 'R': 0.4, 'tau_m': 31.5, 'R_adp': 0.8, 'tau_w': 30.5, 'a': 78.5, 'delT': 1.5}. Best is trial 351 with value: 3.0.[0m
2021-04-07 08:29:32.707591: I tensorflow/compiler/jit/xla_gpu_device.cc:99] Not creating XLA devices, tf_xla_enable_xla_devices not set
mse_error/peak_error 0 22.0
[32m[I 2021-04-07 08:29:41,950][0m Trial 368 finished with value: 22.0 and parameters: {'Vahp': -28.0, 'Vth': -24.5, 'Vmax': 31.5, 't_ref': 3.5, 'R': 0.4, 'tau_m': 30.5, 'R_adp': 0.8, 'tau_w': 29.5, 'a': 78.5, 'delT': 1.5}. Best is trial 351 with value: 3.0.[0m
2021-04-07 08:29:42.194300: I tensorflow/compiler/jit/xla_gpu_device.cc:99] Not creating XLA devices, tf_xla_enable_xla_devices not set
mse_error/peak_error 0 379
[32m[I 2021-04-07 08:29:51,580][0m Trial 369 finished with value: 379.0 and parameters: {'Vahp': -28.0, 'Vth': -24.5, 'Vmax': 31.5, 't_ref': 3.5, 'R': 0.30000000000000004, 'tau_m': 32.5, 'R_adp': 0.8, 'tau_w': 30.0, 'a': 79.0, 'delT': 1.5}. Best is trial 351 with value: 3.0.[0m
2021-04-07 08:29:51.816538: I tensorflow/compiler/jit/xla_gpu_device.cc:99] Not creating XLA devices, tf_xla_enable_xla_devices not set
mse_error/peak_error 0 22.0
[32m[I 2021-04-07 08:30:01,143][0m Trial 370 finished with value: 22.0 and parameters: {'Vahp': -30.0, 'Vth': -24.0, 'Vmax': 32.0, 't_ref': 4.0, 'R': 0.4, 'tau_m': 31.5, 'R_adp': 0.8, 'tau_w': 30.5, 'a': 76.5, 'delT': 1.5}. Best is trial 351 with value: 3.0.[0m
2021-04-07 08:30:01.374789: I tensorflow/compiler/jit/xla_gpu_device.cc:99] Not creating XLA devices, tf_xla_enable_xla_devices not set
mse_error/peak_error 0 13.0
[32m[I 2021-04-07 08:30:10,676][0m Trial 371 finished with value: 13.0 and parameters: {'Vahp': -30.0, 'Vth': -24.0, 'Vmax': 33.0, 't_ref': 4.0, 'R': 0.4, 'tau_m': 29.0, 'R_adp': 0.8, 'tau_w': 30.5, 'a': 76.0, 'delT': 1.5}. Best is trial 351 with value: 3.0.[0m
2021-04-07 08:30:10.908124: I tensorflow/compiler/jit/xla_gpu_device.cc:99] Not creating XLA devices, tf_xla_enable_xla_devices not set
mse_error/peak_error 0 13.0
[32m[I 2021-04-07 08:30:20,363][0m Trial 372 finished with value: 13.0 and parameters: {'Vahp': -30.0, 'Vth': -24.0, 'Vmax': 32.5, 't_ref': 4.0, 'R': 0.4, 'tau_m': 29.5, 'R_adp': 0.8, 'tau_w': 30.0, 'a': 77.0, 'delT': 1.5}. Best is trial 351 with value: 3.0.[0m
2021-04-07 08:30:20.605739: I tensorflow/compiler/jit/xla_gpu_device.cc:99] Not creating XLA devices, tf_xla_enable_xla_devices not set
mse_error/peak_error 0 34.0
[32m[I 2021-04-07 08:30:29,974][0m Trial 373 finished with value: 34.0 and parameters: {'Vahp': -29.5, 'Vth': -24.0, 'Vmax': 32.5, 't_ref': 4.5, 'R': 0.4, 'tau_m': 28.5, 'R_adp': 0.8, 'tau_w': 31.0, 'a': 77.0, 'delT': 1.0}. Best is trial 351 with value: 3.0.[0m
2021-04-07 08:30:30.210254: I tensorflow/compiler/jit/xla_gpu_device.cc:99] Not creating XLA devices, tf_xla_enable_xla_devices not set
mse_error/peak_error 0 310
[32m[I 2021-04-07 08:30:39,628][0m Trial 374 finished with value: 310.0 and parameters: {'Vahp': -31.0, 'Vth': -24.0, 'Vmax': 33.0, 't_ref': 4.5, 'R': 0.5, 'tau_m': 29.0, 'R_adp': 0.8, 'tau_w': 28.0, 'a': 79.0, 'delT': 1.5}. Best is trial 351 with value: 3.0.[0m
2021-04-07 08:30:39.887121: I tensorflow/compiler/jit/xla_gpu_device.cc:99] Not creating XLA devices, tf_xla_enable_xla_devices not set
mse_error/peak_error 0 150.0
[32m[I 2021-04-07 08:30:49,440][0m Trial 375 finished with value: 150.0 and parameters: {'Vahp': -30.5, 'Vth': -24.5, 'Vmax': 31.0, 't_ref': 20.0, 'R': 0.4, 'tau_m': 31.5, 'R_adp': 0.8, 'tau_w': 26.0, 'a': 78.0, 'delT': 1.5}. Best is trial 351 with value: 3.0.[0m
2021-04-07 08:30:49.674899: I tensorflow/compiler/jit/xla_gpu_device.cc:99] Not creating XLA devices, tf_xla_enable_xla_devices not set
mse_error/peak_error 0 12.0
[32m[I 2021-04-07 08:30:59,273][0m Trial 376 finished with value: 12.0 and parameters: {'Vahp': -29.0, 'Vth': -24.0, 'Vmax': 33.0, 't_ref': 4.0, 'R': 0.4, 'tau_m': 29.0, 'R_adp': 0.8, 'tau_w': 32.0, 'a': 75.5, 'delT': 1.5}. Best is trial 351 with value: 3.0.[0m
2021-04-07 08:30:59.510578: I tensorflow/compiler/jit/xla_gpu_device.cc:99] Not creating XLA devices, tf_xla_enable_xla_devices not set
mse_error/peak_error 0 127
[32m[I 2021-04-07 08:31:09,020][0m Trial 377 finished with value: 127.0 and parameters: {'Vahp': -29.0, 'Vth': -24.0, 'Vmax': 32.5, 't_ref': 4.0, 'R': 0.4, 'tau_m': 29.0, 'R_adp': 0.8, 'tau_w': 30.0, 'a': 75.5, 'delT': 1.0}. Best is trial 351 with value: 3.0.[0m
2021-04-07 08:31:09.251169: I tensorflow/compiler/jit/xla_gpu_device.cc:99] Not creating XLA devices, tf_xla_enable_xla_devices not set
mse_error/peak_error 0 12.0
[32m[I 2021-04-07 08:31:18,814][0m Trial 378 finished with value: 12.0 and parameters: {'Vahp': -30.0, 'Vth': -23.5, 'Vmax': 33.5, 't_ref': 3.5, 'R': 0.4, 'tau_m': 28.0, 'R_adp': 0.8, 'tau_w': 31.5, 'a': 76.5, 'delT': 1.5}. Best is trial 351 with value: 3.0.[0m
2021-04-07 08:31:19.048807: I tensorflow/compiler/jit/xla_gpu_device.cc:99] Not creating XLA devices, tf_xla_enable_xla_devices not set
mse_error/peak_error 0 317
[32m[I 2021-04-07 08:31:28,631][0m Trial 379 finished with value: 317.0 and parameters: {'Vahp': -30.0, 'Vth': -23.5, 'Vmax': 33.5, 't_ref': 4.0, 'R': 0.30000000000000004, 'tau_m': 27.5, 'R_adp': 0.8, 'tau_w': 31.5, 'a': 76.0, 'delT': 1.5}. Best is trial 351 with value: 3.0.[0m
2021-04-07 08:31:28.864788: I tensorflow/compiler/jit/xla_gpu_device.cc:99] Not creating XLA devices, tf_xla_enable_xla_devices not set
mse_error/peak_error 0 581
[32m[I 2021-04-07 08:31:38,344][0m Trial 380 finished with value: 581.0 and parameters: {'Vahp': -31.5, 'Vth': -24.5, 'Vmax': 33.5, 't_ref': 4.5, 'R': 0.6, 'tau_m': 28.5, 'R_adp': 0.8, 'tau_w': 24.0, 'a': 76.5, 'delT': 1.5}. Best is trial 351 with value: 3.0.[0m
2021-04-07 08:31:38.586469: I tensorflow/compiler/jit/xla_gpu_device.cc:99] Not creating XLA devices, tf_xla_enable_xla_devices not set
mse_error/peak_error 0 40.0
[32m[I 2021-04-07 08:31:48,158][0m Trial 381 finished with value: 40.0 and parameters: {'Vahp': -30.5, 'Vth': -23.5, 'Vmax': 32.5, 't_ref': 3.5, 'R': 0.4, 'tau_m': 33.0, 'R_adp': 0.8, 'tau_w': 32.5, 'a': 75.5, 'delT': 1.5}. Best is trial 351 with value: 3.0.[0m
2021-04-07 08:31:48.390175: I tensorflow/compiler/jit/xla_gpu_device.cc:99] Not creating XLA devices, tf_xla_enable_xla_devices not set
mse_error/peak_error 0 130
[32m[I 2021-04-07 08:31:57,962][0m Trial 382 finished with value: 130.0 and parameters: {'Vahp': -29.0, 'Vth': -24.0, 'Vmax': 33.0, 't_ref': 4.0, 'R': 0.4, 'tau_m': 29.5, 'R_adp': 0.8, 'tau_w': 27.0, 'a': 79.0, 'delT': 1.0}. Best is trial 351 with value: 3.0.[0m
2021-04-07 08:31:58.195010: I tensorflow/compiler/jit/xla_gpu_device.cc:99] Not creating XLA devices, tf_xla_enable_xla_devices not set
mse_error/peak_error 0 6.0
[32m[I 2021-04-07 08:32:07,850][0m Trial 383 finished with value: 6.0 and parameters: {'Vahp': -30.0, 'Vth': -23.5, 'Vmax': 34.5, 't_ref': 3.5, 'R': 0.4, 'tau_m': 28.0, 'R_adp': 0.9, 'tau_w': 29.0, 'a': 76.0, 'delT': 1.5}. Best is trial 351 with value: 3.0.[0m
2021-04-07 08:32:08.096448: I tensorflow/compiler/jit/xla_gpu_device.cc:99] Not creating XLA devices, tf_xla_enable_xla_devices not set
mse_error/peak_error 0 15.0
[32m[I 2021-04-07 08:32:17,787][0m Trial 384 finished with value: 15.0 and parameters: {'Vahp': -32.0, 'Vth': -25.0, 'Vmax': 35.0, 't_ref': 3.5, 'R': 0.4, 'tau_m': 30.5, 'R_adp': 0.8, 'tau_w': 29.0, 'a': 78.0, 'delT': 1.5}. Best is trial 351 with value: 3.0.[0m
2021-04-07 08:32:18.019779: I tensorflow/compiler/jit/xla_gpu_device.cc:99] Not creating XLA devices, tf_xla_enable_xla_devices not set
mse_error/peak_error 0 30.0
[32m[I 2021-04-07 08:32:27,653][0m Trial 385 finished with value: 30.0 and parameters: {'Vahp': -31.5, 'Vth': -23.5, 'Vmax': 33.5, 't_ref': 3.5, 'R': 0.4, 'tau_m': 31.5, 'R_adp': 0.9, 'tau_w': 29.5, 'a': 79.5, 'delT': 1.0}. Best is trial 351 with value: 3.0.[0m
2021-04-07 08:32:27.905338: I tensorflow/compiler/jit/xla_gpu_device.cc:99] Not creating XLA devices, tf_xla_enable_xla_devices not set
mse_error/peak_error 0 22.0
[32m[I 2021-04-07 08:32:37,730][0m Trial 386 finished with value: 22.0 and parameters: {'Vahp': -31.0, 'Vth': -24.5, 'Vmax': 35.5, 't_ref': 4.0, 'R': 0.4, 'tau_m': 30.0, 'R_adp': 0.9, 'tau_w': 28.0, 'a': 77.5, 'delT': 1.5}. Best is trial 351 with value: 3.0.[0m
2021-04-07 08:32:37.971689: I tensorflow/compiler/jit/xla_gpu_device.cc:99] Not creating XLA devices, tf_xla_enable_xla_devices not set
mse_error/peak_error 0 177
[32m[I 2021-04-07 08:32:47,787][0m Trial 387 finished with value: 177.0 and parameters: {'Vahp': -30.0, 'Vth': -24.0, 'Vmax': 35.0, 't_ref': 3.5, 'R': 0.5, 'tau_m': 33.5, 'R_adp': 0.8, 'tau_w': 32.0, 'a': 77.0, 'delT': 1.5}. Best is trial 351 with value: 3.0.[0m
2021-04-07 08:32:48.043878: I tensorflow/compiler/jit/xla_gpu_device.cc:99] Not creating XLA devices, tf_xla_enable_xla_devices not set
mse_error/peak_error 0 138
[32m[I 2021-04-07 08:32:57,975][0m Trial 388 finished with value: 138.0 and parameters: {'Vahp': -29.0, 'Vth': -25.0, 'Vmax': 34.5, 't_ref': 4.5, 'R': 0.4, 'tau_m': 28.0, 'R_adp': 0.8, 'tau_w': 28.5, 'a': 79.5, 'delT': 1.0}. Best is trial 351 with value: 3.0.[0m
2021-04-07 08:32:58.205639: I tensorflow/compiler/jit/xla_gpu_device.cc:99] Not creating XLA devices, tf_xla_enable_xla_devices not set
mse_error/peak_error 0 1216
[32m[I 2021-04-07 08:33:08,060][0m Trial 389 finished with value: 1216.0 and parameters: {'Vahp': -30.0, 'Vth': -24.0, 'Vmax': 34.0, 't_ref': 4.0, 'R': 0.2, 'tau_m': 31.0, 'R_adp': 0.9, 'tau_w': 31.5, 'a': 75.5, 'delT': 1.5}. Best is trial 351 with value: 3.0.[0m
2021-04-07 08:33:08.297791: I tensorflow/compiler/jit/xla_gpu_device.cc:99] Not creating XLA devices, tf_xla_enable_xla_devices not set
mse_error/peak_error 0 120
