[32m[I 2021-04-07 08:42:35,681][0m Trial 441 finished with value: 169.0 and parameters: {'Vahp': -29.5, 'Vth': -24.0, 'Vmax': 34.0, 't_ref': 3.0, 'R': 0.4, 'tau_m': 30.0, 'R_adp': 0.8, 'tau_w': 32.0, 'a': 76.0, 'delT': 0.5}. Best is trial 351 with value: 3.0.[0m
2021-04-07 08:42:35.915475: I tensorflow/compiler/jit/xla_gpu_device.cc:99] Not creating XLA devices, tf_xla_enable_xla_devices not set
mse_error/peak_error 0 125
[32m[I 2021-04-07 08:42:47,157][0m Trial 442 finished with value: 125.0 and parameters: {'Vahp': -32.0, 'Vth': -24.5, 'Vmax': 33.5, 't_ref': 3.5, 'R': 0.4, 'tau_m': 32.0, 'R_adp': 0.8, 'tau_w': 29.5, 'a': 77.0, 'delT': 1.0}. Best is trial 351 with value: 3.0.[0m
2021-04-07 08:42:47.394748: I tensorflow/compiler/jit/xla_gpu_device.cc:99] Not creating XLA devices, tf_xla_enable_xla_devices not set
mse_error/peak_error 0 165
[32m[I 2021-04-07 08:42:58,778][0m Trial 443 finished with value: 165.0 and parameters: {'Vahp': -34.0, 'Vth': -25.0, 'Vmax': 32.0, 't_ref': 4.5, 'R': 0.4, 'tau_m': 26.0, 'R_adp': 0.8, 'tau_w': 27.0, 'a': 74.0, 'delT': 1.5}. Best is trial 351 with value: 3.0.[0m
2021-04-07 08:42:59.023958: I tensorflow/compiler/jit/xla_gpu_device.cc:99] Not creating XLA devices, tf_xla_enable_xla_devices not set
mse_error/peak_error 0 146
[32m[I 2021-04-07 08:43:10,564][0m Trial 444 finished with value: 146.0 and parameters: {'Vahp': -28.0, 'Vth': -24.0, 'Vmax': 31.5, 't_ref': 4.0, 'R': 0.4, 'tau_m': 28.5, 'R_adp': 0.8, 'tau_w': 31.0, 'a': 55.5, 'delT': 2.0}. Best is trial 351 with value: 3.0.[0m
2021-04-07 08:43:10.806734: I tensorflow/compiler/jit/xla_gpu_device.cc:99] Not creating XLA devices, tf_xla_enable_xla_devices not set
mse_error/peak_error 0 288
[32m[I 2021-04-07 08:43:22,343][0m Trial 445 finished with value: 288.0 and parameters: {'Vahp': -29.0, 'Vth': -23.5, 'Vmax': 31.0, 't_ref': 4.5, 'R': 0.5, 'tau_m': 31.0, 'R_adp': 0.8, 'tau_w': 28.0, 'a': 82.0, 'delT': 1.5}. Best is trial 351 with value: 3.0.[0m
2021-04-07 08:43:22.582385: I tensorflow/compiler/jit/xla_gpu_device.cc:99] Not creating XLA devices, tf_xla_enable_xla_devices not set
mse_error/peak_error 0 721
[32m[I 2021-04-07 08:43:34,324][0m Trial 446 finished with value: 721.0 and parameters: {'Vahp': -59.5, 'Vth': -58.0, 'Vmax': 33.0, 't_ref': 3.0, 'R': 0.4, 'tau_m': 26.5, 'R_adp': 0.9, 'tau_w': 21.0, 'a': 76.0, 'delT': 1.0}. Best is trial 351 with value: 3.0.[0m
2021-04-07 08:43:34.566588: I tensorflow/compiler/jit/xla_gpu_device.cc:99] Not creating XLA devices, tf_xla_enable_xla_devices not set
mse_error/peak_error 0 29.0
[32m[I 2021-04-07 08:43:46,347][0m Trial 447 finished with value: 29.0 and parameters: {'Vahp': -31.0, 'Vth': -24.5, 'Vmax': 32.5, 't_ref': 3.5, 'R': 0.4, 'tau_m': 30.0, 'R_adp': 0.8, 'tau_w': 34.0, 'a': 80.0, 'delT': 1.5}. Best is trial 351 with value: 3.0.[0m
2021-04-07 08:43:46.606218: I tensorflow/compiler/jit/xla_gpu_device.cc:99] Not creating XLA devices, tf_xla_enable_xla_devices not set
mse_error/peak_error 0 160
[32m[I 2021-04-07 08:43:58,492][0m Trial 448 finished with value: 160.0 and parameters: {'Vahp': -27.5, 'Vth': -24.0, 'Vmax': 35.5, 't_ref': 3.0, 'R': 0.4, 'tau_m': 33.0, 'R_adp': 0.8, 'tau_w': 25.5, 'a': 71.0, 'delT': 2.0}. Best is trial 351 with value: 3.0.[0m
2021-04-07 08:43:58.729457: I tensorflow/compiler/jit/xla_gpu_device.cc:99] Not creating XLA devices, tf_xla_enable_xla_devices not set
mse_error/peak_error 0 97.0
[32m[I 2021-04-07 08:44:10,437][0m Trial 449 finished with value: 97.0 and parameters: {'Vahp': -28.5, 'Vth': -23.5, 'Vmax': 30.5, 't_ref': 4.0, 'R': 0.4, 'tau_m': 35.5, 'R_adp': 0.8, 'tau_w': 29.5, 'a': 78.0, 'delT': 2.0}. Best is trial 351 with value: 3.0.[0m
2021-04-07 08:44:10.674055: I tensorflow/compiler/jit/xla_gpu_device.cc:99] Not creating XLA devices, tf_xla_enable_xla_devices not set
mse_error/peak_error 0 33.0
[32m[I 2021-04-07 08:44:22,406][0m Trial 450 finished with value: 33.0 and parameters: {'Vahp': -30.0, 'Vth': -24.0, 'Vmax': 32.0, 't_ref': 3.5, 'R': 0.4, 'tau_m': 27.5, 'R_adp': 0.9, 'tau_w': 33.0, 'a': 75.5, 'delT': 1.0}. Best is trial 351 with value: 3.0.[0m
2021-04-07 08:44:22.649701: I tensorflow/compiler/jit/xla_gpu_device.cc:99] Not creating XLA devices, tf_xla_enable_xla_devices not set
mse_error/peak_error 0 351
[32m[I 2021-04-07 08:44:34,498][0m Trial 451 finished with value: 351.0 and parameters: {'Vahp': -27.0, 'Vth': -24.0, 'Vmax': 11.0, 't_ref': 4.0, 'R': 0.5, 'tau_m': 25.5, 'R_adp': 0.8, 'tau_w': 31.5, 'a': 73.0, 'delT': 1.5}. Best is trial 351 with value: 3.0.[0m
2021-04-07 08:44:34.741032: I tensorflow/compiler/jit/xla_gpu_device.cc:99] Not creating XLA devices, tf_xla_enable_xla_devices not set
mse_error/peak_error 0 489
[32m[I 2021-04-07 08:44:46,644][0m Trial 452 finished with value: 489.0 and parameters: {'Vahp': -28.0, 'Vth': -23.5, 'Vmax': 31.0, 't_ref': 3.0, 'R': 0.30000000000000004, 'tau_m': 31.0, 'R_adp': 0.8, 'tau_w': 35.0, 'a': 78.0, 'delT': 2.0}. Best is trial 351 with value: 3.0.[0m
2021-04-07 08:44:46.890045: I tensorflow/compiler/jit/xla_gpu_device.cc:99] Not creating XLA devices, tf_xla_enable_xla_devices not set
mse_error/peak_error 0 112
[32m[I 2021-04-07 08:44:58,675][0m Trial 453 finished with value: 112.0 and parameters: {'Vahp': -29.0, 'Vth': -23.5, 'Vmax': 35.0, 't_ref': 4.5, 'R': 0.4, 'tau_m': 28.5, 'R_adp': 0.8, 'tau_w': 28.5, 'a': 74.0, 'delT': 1.5}. Best is trial 351 with value: 3.0.[0m
2021-04-07 08:44:58.925586: I tensorflow/compiler/jit/xla_gpu_device.cc:99] Not creating XLA devices, tf_xla_enable_xla_devices not set
mse_error/peak_error 0 82.0
[32m[I 2021-04-07 08:45:10,860][0m Trial 454 finished with value: 82.0 and parameters: {'Vahp': -31.5, 'Vth': -24.5, 'Vmax': 31.5, 't_ref': 3.5, 'R': 0.4, 'tau_m': 33.5, 'R_adp': 0.8, 'tau_w': 31.0, 'a': 80.5, 'delT': 2.0}. Best is trial 351 with value: 3.0.[0m
2021-04-07 08:45:11.141138: I tensorflow/compiler/jit/xla_gpu_device.cc:99] Not creating XLA devices, tf_xla_enable_xla_devices not set
mse_error/peak_error 0 883
[32m[I 2021-04-07 08:45:23,043][0m Trial 455 finished with value: 883.0 and parameters: {'Vahp': -30.5, 'Vth': -24.5, 'Vmax': 33.5, 't_ref': 3.0, 'R': 0.9, 'tau_m': 29.0, 'R_adp': 0.9, 'tau_w': 33.0, 'a': 76.0, 'delT': 1.0}. Best is trial 351 with value: 3.0.[0m
2021-04-07 08:45:23.306023: I tensorflow/compiler/jit/xla_gpu_device.cc:99] Not creating XLA devices, tf_xla_enable_xla_devices not set
mse_error/peak_error 0 37.0
[32m[I 2021-04-07 08:45:35,224][0m Trial 456 finished with value: 37.0 and parameters: {'Vahp': -29.5, 'Vth': -24.0, 'Vmax': 33.0, 't_ref': 3.5, 'R': 0.4, 'tau_m': 25.5, 'R_adp': 0.9, 'tau_w': 34.5, 'a': 78.0, 'delT': 1.5}. Best is trial 351 with value: 3.0.[0m
2021-04-07 08:45:35.470668: I tensorflow/compiler/jit/xla_gpu_device.cc:99] Not creating XLA devices, tf_xla_enable_xla_devices not set
mse_error/peak_error 0 373
[32m[I 2021-04-07 08:45:47,509][0m Trial 457 finished with value: 373.0 and parameters: {'Vahp': -27.0, 'Vth': -24.0, 'Vmax': 15.5, 't_ref': 4.0, 'R': 0.4, 'tau_m': 27.5, 'R_adp': 0.8, 'tau_w': 26.5, 'a': 39.0, 'delT': 2.0}. Best is trial 351 with value: 3.0.[0m
2021-04-07 08:45:47.751358: I tensorflow/compiler/jit/xla_gpu_device.cc:99] Not creating XLA devices, tf_xla_enable_xla_devices not set
mse_error/peak_error 0 150
[32m[I 2021-04-07 08:45:59,806][0m Trial 458 finished with value: 150.0 and parameters: {'Vahp': -28.0, 'Vth': -23.5, 'Vmax': 30.5, 't_ref': 3.0, 'R': 0.4, 'tau_m': 31.0, 'R_adp': 0.8, 'tau_w': 29.0, 'a': 62.5, 'delT': 1.5}. Best is trial 351 with value: 3.0.[0m
2021-04-07 08:46:00.074218: I tensorflow/compiler/jit/xla_gpu_device.cc:99] Not creating XLA devices, tf_xla_enable_xla_devices not set
mse_error/peak_error 0 151
[32m[I 2021-04-07 08:46:12,194][0m Trial 459 finished with value: 151.0 and parameters: {'Vahp': -29.0, 'Vth': -24.0, 'Vmax': 32.0, 't_ref': 4.0, 'R': 0.4, 'tau_m': 30.5, 'R_adp': 0.8, 'tau_w': 23.5, 'a': 71.5, 'delT': 2.0}. Best is trial 351 with value: 3.0.[0m
2021-04-07 08:46:12.435850: I tensorflow/compiler/jit/xla_gpu_device.cc:99] Not creating XLA devices, tf_xla_enable_xla_devices not set
mse_error/peak_error 0 118
[32m[I 2021-04-07 08:46:24,501][0m Trial 460 finished with value: 118.0 and parameters: {'Vahp': -27.0, 'Vth': -24.0, 'Vmax': 32.0, 't_ref': 4.5, 'R': 0.4, 'tau_m': 27.5, 'R_adp': 0.8, 'tau_w': 31.0, 'a': 73.0, 'delT': 1.5}. Best is trial 351 with value: 3.0.[0m
2021-04-07 08:46:24.746220: I tensorflow/compiler/jit/xla_gpu_device.cc:99] Not creating XLA devices, tf_xla_enable_xla_devices not set
mse_error/peak_error 0 358
[32m[I 2021-04-07 08:46:36,658][0m Trial 461 finished with value: 358.0 and parameters: {'Vahp': -30.0, 'Vth': -24.5, 'Vmax': 34.0, 't_ref': 3.5, 'R': 0.30000000000000004, 'tau_m': 25.5, 'R_adp': 1.0, 'tau_w': 33.0, 'a': 75.0, 'delT': 1.0}. Best is trial 351 with value: 3.0.[0m
2021-04-07 08:46:36.896598: I tensorflow/compiler/jit/xla_gpu_device.cc:99] Not creating XLA devices, tf_xla_enable_xla_devices not set
mse_error/peak_error 0 5.0
[32m[I 2021-04-07 08:46:49,000][0m Trial 462 finished with value: 5.0 and parameters: {'Vahp': -28.5, 'Vth': -23.5, 'Vmax': 31.5, 't_ref': 5.0, 'R': 0.4, 'tau_m': 28.5, 'R_adp': 0.8, 'tau_w': 29.5, 'a': 82.5, 'delT': 1.5}. Best is trial 351 with value: 3.0.[0m
2021-04-07 08:46:49.243465: I tensorflow/compiler/jit/xla_gpu_device.cc:99] Not creating XLA devices, tf_xla_enable_xla_devices not set
mse_error/peak_error 0 132
[32m[I 2021-04-07 08:47:01,401][0m Trial 463 finished with value: 132.0 and parameters: {'Vahp': -28.5, 'Vth': -23.5, 'Vmax': 31.5, 't_ref': 5.0, 'R': 0.5, 'tau_m': 25.0, 'R_adp': 0.8, 'tau_w': 27.5, 'a': 81.0, 'delT': 6.0}. Best is trial 351 with value: 3.0.[0m
2021-04-07 08:47:01.639670: I tensorflow/compiler/jit/xla_gpu_device.cc:99] Not creating XLA devices, tf_xla_enable_xla_devices not set
mse_error/peak_error 0 30.0
[32m[I 2021-04-07 08:47:13,687][0m Trial 464 finished with value: 30.0 and parameters: {'Vahp': -28.0, 'Vth': -23.5, 'Vmax': 32.5, 't_ref': 5.0, 'R': 0.4, 'tau_m': 29.5, 'R_adp': 0.8, 'tau_w': 29.5, 'a': 81.5, 'delT': 1.5}. Best is trial 351 with value: 3.0.[0m
2021-04-07 08:47:13.944123: I tensorflow/compiler/jit/xla_gpu_device.cc:99] Not creating XLA devices, tf_xla_enable_xla_devices not set
mse_error/peak_error 0 137
[32m[I 2021-04-07 08:47:26,295][0m Trial 465 finished with value: 137.0 and parameters: {'Vahp': -29.0, 'Vth': -23.5, 'Vmax': 31.0, 't_ref': 4.0, 'R': 0.4, 'tau_m': 27.0, 'R_adp': 0.8, 'tau_w': 25.0, 'a': 84.0, 'delT': 1.5}. Best is trial 351 with value: 3.0.[0m
2021-04-07 08:47:26.535157: I tensorflow/compiler/jit/xla_gpu_device.cc:99] Not creating XLA devices, tf_xla_enable_xla_devices not set
mse_error/peak_error 0 57.0
[32m[I 2021-04-07 08:47:38,915][0m Trial 466 finished with value: 57.0 and parameters: {'Vahp': -30.5, 'Vth': -23.5, 'Vmax': 36.0, 't_ref': 3.5, 'R': 0.4, 'tau_m': 32.5, 'R_adp': 0.8, 'tau_w': 31.0, 'a': 83.0, 'delT': 1.5}. Best is trial 351 with value: 3.0.[0m
2021-04-07 08:47:39.206482: I tensorflow/compiler/jit/xla_gpu_device.cc:99] Not creating XLA devices, tf_xla_enable_xla_devices not set
mse_error/peak_error 0 88.0
[32m[I 2021-04-07 08:47:51,483][0m Trial 467 finished with value: 88.0 and parameters: {'Vahp': -32.0, 'Vth': -24.5, 'Vmax': 31.5, 't_ref': 3.0, 'R': 0.4, 'tau_m': 28.5, 'R_adp': 0.8, 'tau_w': 27.5, 'a': 79.5, 'delT': 4.5}. Best is trial 351 with value: 3.0.[0m
2021-04-07 08:47:51.740259: I tensorflow/compiler/jit/xla_gpu_device.cc:99] Not creating XLA devices, tf_xla_enable_xla_devices not set
mse_error/peak_error 0 162
[32m[I 2021-04-07 08:48:04,118][0m Trial 468 finished with value: 162.0 and parameters: {'Vahp': -27.5, 'Vth': -24.0, 'Vmax': 32.5, 't_ref': 4.0, 'R': 0.4, 'tau_m': 24.5, 'R_adp': 0.8, 'tau_w': 30.0, 'a': 77.5, 'delT': 1.5}. Best is trial 351 with value: 3.0.[0m
2021-04-07 08:48:04.367060: I tensorflow/compiler/jit/xla_gpu_device.cc:99] Not creating XLA devices, tf_xla_enable_xla_devices not set
mse_error/peak_error 0 24.0
[32m[I 2021-04-07 08:48:16,834][0m Trial 469 finished with value: 24.0 and parameters: {'Vahp': -28.5, 'Vth': -24.0, 'Vmax': 30.5, 't_ref': 3.0, 'R': 0.4, 'tau_m': 30.5, 'R_adp': 0.8, 'tau_w': 35.0, 'a': 79.5, 'delT': 1.5}. Best is trial 351 with value: 3.0.[0m
2021-04-07 08:48:17.089567: I tensorflow/compiler/jit/xla_gpu_device.cc:99] Not creating XLA devices, tf_xla_enable_xla_devices not set
mse_error/peak_error 0 31.0
[32m[I 2021-04-07 08:48:29,661][0m Trial 470 finished with value: 31.0 and parameters: {'Vahp': -29.5, 'Vth': -25.0, 'Vmax': 32.0, 't_ref': 3.5, 'R': 0.4, 'tau_m': 26.5, 'R_adp': 0.8, 'tau_w': 32.0, 'a': 76.5, 'delT': 1.5}. Best is trial 351 with value: 3.0.[0m
2021-04-07 08:48:29.904109: I tensorflow/compiler/jit/xla_gpu_device.cc:99] Not creating XLA devices, tf_xla_enable_xla_devices not set
mse_error/peak_error 0 203.0
[32m[I 2021-04-07 08:48:42,419][0m Trial 471 finished with value: 203.0 and parameters: {'Vahp': -33.0, 'Vth': -24.5, 'Vmax': 31.0, 't_ref': 5.0, 'R': 0.4, 'tau_m': 33.5, 'R_adp': 0.8, 'tau_w': 29.0, 'a': 83.0, 'delT': 5.5}. Best is trial 351 with value: 3.0.[0m
2021-04-07 08:48:42.658790: I tensorflow/compiler/jit/xla_gpu_device.cc:99] Not creating XLA devices, tf_xla_enable_xla_devices not set
mse_error/peak_error 0 107
[32m[I 2021-04-07 08:48:55,222][0m Trial 472 finished with value: 107.0 and parameters: {'Vahp': -27.5, 'Vth': -24.0, 'Vmax': 33.0, 't_ref': 4.0, 'R': 0.4, 'tau_m': 28.0, 'R_adp': 0.8, 'tau_w': 27.0, 'a': 78.5, 'delT': 2.0}. Best is trial 351 with value: 3.0.[0m
2021-04-07 08:48:55.484757: I tensorflow/compiler/jit/xla_gpu_device.cc:99] Not creating XLA devices, tf_xla_enable_xla_devices not set
mse_error/peak_error 0 88.0
[32m[I 2021-04-07 08:49:07,976][0m Trial 473 finished with value: 88.0 and parameters: {'Vahp': -31.0, 'Vth': -23.5, 'Vmax': 31.5, 't_ref': 5.5, 'R': 0.4, 'tau_m': 32.0, 'R_adp': 0.8, 'tau_w': 32.5, 'a': 76.5, 'delT': 2.0}. Best is trial 351 with value: 3.0.[0m
2021-04-07 08:49:08.226059: I tensorflow/compiler/jit/xla_gpu_device.cc:99] Not creating XLA devices, tf_xla_enable_xla_devices not set
mse_error/peak_error 0 160
[32m[I 2021-04-07 08:49:20,991][0m Trial 474 finished with value: 160.0 and parameters: {'Vahp': -29.0, 'Vth': -24.0, 'Vmax': 30.5, 't_ref': 3.5, 'R': 0.4, 'tau_m': 29.5, 'R_adp': 0.5, 'tau_w': 35.0, 'a': 82.0, 'delT': 1.5}. Best is trial 351 with value: 3.0.[0m
2021-04-07 08:49:21.255761: I tensorflow/compiler/jit/xla_gpu_device.cc:99] Not creating XLA devices, tf_xla_enable_xla_devices not set
mse_error/peak_error 0 279
[32m[I 2021-04-07 08:49:33,866][0m Trial 475 finished with value: 279.0 and parameters: {'Vahp': -28.0, 'Vth': -23.5, 'Vmax': 32.5, 't_ref': 4.5, 'R': 0.30000000000000004, 'tau_m': 24.5, 'R_adp': 0.8, 'tau_w': 30.0, 'a': 80.0, 'delT': 1.5}. Best is trial 351 with value: 3.0.[0m
2021-04-07 08:49:34.136989: I tensorflow/compiler/jit/xla_gpu_device.cc:99] Not creating XLA devices, tf_xla_enable_xla_devices not set
mse_error/peak_error 0 12.0
[32m[I 2021-04-07 08:49:46,868][0m Trial 476 finished with value: 12.0 and parameters: {'Vahp': -30.0, 'Vth': -23.5, 'Vmax': 32.0, 't_ref': 3.0, 'R': 0.4, 'tau_m': 27.0, 'R_adp': 0.8, 'tau_w': 31.5, 'a': 74.5, 'delT': 2.0}. Best is trial 351 with value: 3.0.[0m
2021-04-07 08:49:47.128921: I tensorflow/compiler/jit/xla_gpu_device.cc:99] Not creating XLA devices, tf_xla_enable_xla_devices not set
mse_error/peak_error 0 118.0
[32m[I 2021-04-07 08:49:59,841][0m Trial 477 finished with value: 118.0 and parameters: {'Vahp': -30.0, 'Vth': -23.5, 'Vmax': 34.5, 't_ref': 18.5, 'R': 0.4, 'tau_m': 26.0, 'R_adp': 0.8, 'tau_w': 31.5, 'a': 75.0, 'delT': 1.5}. Best is trial 351 with value: 3.0.[0m
2021-04-07 08:50:00.084559: I tensorflow/compiler/jit/xla_gpu_device.cc:99] Not creating XLA devices, tf_xla_enable_xla_devices not set
mse_error/peak_error 0 453
[32m[I 2021-04-07 08:50:12,771][0m Trial 478 finished with value: 453.0 and parameters: {'Vahp': -31.5, 'Vth': -24.5, 'Vmax': 32.5, 't_ref': 3.0, 'R': 0.5, 'tau_m': 24.0, 'R_adp': 0.8, 'tau_w': 25.0, 'a': 77.5, 'delT': 2.0}. Best is trial 351 with value: 3.0.[0m
2021-04-07 08:50:13.014553: I tensorflow/compiler/jit/xla_gpu_device.cc:99] Not creating XLA devices, tf_xla_enable_xla_devices not set
mse_error/peak_error 0 126
[32m[I 2021-04-07 08:50:25,787][0m Trial 479 finished with value: 126.0 and parameters: {'Vahp': -30.5, 'Vth': -23.5, 'Vmax': 32.0, 't_ref': 3.0, 'R': 0.4, 'tau_m': 30.0, 'R_adp': 0.8, 'tau_w': 28.0, 'a': 74.5, 'delT': 1.5}. Best is trial 351 with value: 3.0.[0m
2021-04-07 08:50:26.027923: I tensorflow/compiler/jit/xla_gpu_device.cc:99] Not creating XLA devices, tf_xla_enable_xla_devices not set
mse_error/peak_error 0 482
[32m[I 2021-04-07 08:50:38,793][0m Trial 480 finished with value: 482.0 and parameters: {'Vahp': -30.0, 'Vth': -24.0, 'Vmax': 33.5, 't_ref': 4.0, 'R': 0.30000000000000004, 'tau_m': 36.5, 'R_adp': 0.8, 'tau_w': 32.5, 'a': 76.5, 'delT': 2.0}. Best is trial 351 with value: 3.0.[0m
2021-04-07 08:50:39.033653: I tensorflow/compiler/jit/xla_gpu_device.cc:99] Not creating XLA devices, tf_xla_enable_xla_devices not set
mse_error/peak_error 0 39.0
[32m[I 2021-04-07 08:50:51,487][0m Trial 481 finished with value: 39.0 and parameters: {'Vahp': -29.5, 'Vth': -23.5, 'Vmax': 31.5, 't_ref': 3.5, 'R': 0.4, 'tau_m': 28.0, 'R_adp': 0.8, 'tau_w': 30.0, 'a': 80.0, 'delT': 1.0}. Best is trial 351 with value: 3.0.[0m
2021-04-07 08:50:51.735800: I tensorflow/compiler/jit/xla_gpu_device.cc:99] Not creating XLA devices, tf_xla_enable_xla_devices not set
mse_error/peak_error 0 12.0
[32m[I 2021-04-07 08:51:04,188][0m Trial 482 finished with value: 12.0 and parameters: {'Vahp': -29.0, 'Vth': -24.0, 'Vmax': 33.0, 't_ref': 4.0, 'R': 0.4, 'tau_m': 31.0, 'R_adp': 0.8, 'tau_w': 35.0, 'a': 73.0, 'delT': 1.5}. Best is trial 351 with value: 3.0.[0m
2021-04-07 08:51:04.427964: I tensorflow/compiler/jit/xla_gpu_device.cc:99] Not creating XLA devices, tf_xla_enable_xla_devices not set
mse_error/peak_error 0 2.0
[32m[I 2021-04-07 08:51:16,930][0m Trial 483 finished with value: 2.0 and parameters: {'Vahp': -28.5, 'Vth': -24.0, 'Vmax': 33.0, 't_ref': 4.5, 'R': 0.4, 'tau_m': 26.5, 'R_adp': 0.8, 'tau_w': 35.5, 'a': 73.0, 'delT': 2.0}. Best is trial 483 with value: 2.0.[0m
2021-04-07 08:51:17.175136: I tensorflow/compiler/jit/xla_gpu_device.cc:99] Not creating XLA devices, tf_xla_enable_xla_devices not set
mse_error/peak_error 0 39.0
[32m[I 2021-04-07 08:51:29,840][0m Trial 484 finished with value: 39.0 and parameters: {'Vahp': -28.5, 'Vth': -24.0, 'Vmax': 33.0, 't_ref': 5.0, 'R': 0.4, 'tau_m': 23.5, 'R_adp': 0.8, 'tau_w': 35.5, 'a': 72.0, 'delT': 2.0}. Best is trial 483 with value: 2.0.[0m
2021-04-07 08:51:30.079195: I tensorflow/compiler/jit/xla_gpu_device.cc:99] Not creating XLA devices, tf_xla_enable_xla_devices not set
mse_error/peak_error 0 337
[32m[I 2021-04-07 08:51:42,595][0m Trial 485 finished with value: 337.0 and parameters: {'Vahp': -29.0, 'Vth': -24.0, 'Vmax': 33.0, 't_ref': 4.5, 'R': 0.5, 'tau_m': 25.5, 'R_adp': 0.8, 'tau_w': 35.0, 'a': 73.5, 'delT': 1.5}. Best is trial 483 with value: 2.0.[0m
2021-04-07 08:51:42.834061: I tensorflow/compiler/jit/xla_gpu_device.cc:99] Not creating XLA devices, tf_xla_enable_xla_devices not set
mse_error/peak_error 0 15.0
[32m[I 2021-04-07 08:51:55,418][0m Trial 486 finished with value: 15.0 and parameters: {'Vahp': -28.0, 'Vth': -24.0, 'Vmax': 34.0, 't_ref': 5.5, 'R': 0.4, 'tau_m': 26.0, 'R_adp': 0.8, 'tau_w': 33.5, 'a': 72.0, 'delT': 2.0}. Best is trial 483 with value: 2.0.[0m
2021-04-07 08:51:55.659542: I tensorflow/compiler/jit/xla_gpu_device.cc:99] Not creating XLA devices, tf_xla_enable_xla_devices not set
mse_error/peak_error 0 39.0
[32m[I 2021-04-07 08:52:08,304][0m Trial 487 finished with value: 39.0 and parameters: {'Vahp': -28.5, 'Vth': -24.0, 'Vmax': 33.5, 't_ref': 5.5, 'R': 0.4, 'tau_m': 23.5, 'R_adp': 0.8, 'tau_w': 35.5, 'a': 72.5, 'delT': 2.0}. Best is trial 483 with value: 2.0.[0m
2021-04-07 08:52:08.558930: I tensorflow/compiler/jit/xla_gpu_device.cc:99] Not creating XLA devices, tf_xla_enable_xla_devices not set
mse_error/peak_error 0 39.0
[32m[I 2021-04-07 08:52:21,324][0m Trial 488 finished with value: 39.0 and parameters: {'Vahp': -29.5, 'Vth': -24.0, 'Vmax': 32.5, 't_ref': 4.5, 'R': 0.4, 'tau_m': 32.5, 'R_adp': 0.8, 'tau_w': 32.0, 'a': 74.0, 'delT': 1.5}. Best is trial 483 with value: 2.0.[0m
2021-04-07 08:52:21.566839: I tensorflow/compiler/jit/xla_gpu_device.cc:99] Not creating XLA devices, tf_xla_enable_xla_devices not set
mse_error/peak_error 0 125
[32m[I 2021-04-07 08:52:34,360][0m Trial 489 finished with value: 125.0 and parameters: {'Vahp': -31.0, 'Vth': -24.5, 'Vmax': 34.5, 't_ref': 4.5, 'R': 0.4, 'tau_m': 31.5, 'R_adp': 0.8, 'tau_w': 26.0, 'a': 78.0, 'delT': 1.0}. Best is trial 483 with value: 2.0.[0m
2021-04-07 08:52:34.605515: I tensorflow/compiler/jit/xla_gpu_device.cc:99] Not creating XLA devices, tf_xla_enable_xla_devices not set
mse_error/peak_error 0 33.0
[32m[I 2021-04-07 08:52:47,493][0m Trial 490 finished with value: 33.0 and parameters: {'Vahp': -30.0, 'Vth': -24.0, 'Vmax': 34.0, 't_ref': 5.0, 'R': 0.4, 'tau_m': 26.0, 'R_adp': 0.8, 'tau_w': 33.5, 'a': 72.5, 'delT': 1.5}. Best is trial 483 with value: 2.0.[0m
2021-04-07 08:52:47.739016: I tensorflow/compiler/jit/xla_gpu_device.cc:99] Not creating XLA devices, tf_xla_enable_xla_devices not set
mse_error/peak_error 0 120
[32m[I 2021-04-07 08:53:00,777][0m Trial 491 finished with value: 120.0 and parameters: {'Vahp': -29.0, 'Vth': -24.0, 'Vmax': 35.0, 't_ref': 5.5, 'R': 0.4, 'tau_m': 29.0, 'R_adp': 0.8, 'tau_w': 31.0, 'a': 74.5, 'delT': 1.0}. Best is trial 483 with value: 2.0.[0m
2021-04-07 08:53:01.020110: I tensorflow/compiler/jit/xla_gpu_device.cc:99] Not creating XLA devices, tf_xla_enable_xla_devices not set
mse_error/peak_error 0 115.0
