[32m[I 2021-04-07 08:05:43,223][0m Trial 143 finished with value: 78.0 and parameters: {'Vahp': -41.5, 'Vth': -28.0, 'Vmax': 34.5, 't_ref': 11.0, 'R': 0.4, 'tau_m': 20.5, 'R_adp': 0.7000000000000001, 'tau_w': 46.0, 'a': 95.5, 'delT': 3.0}. Best is trial 134 with value: 27.0.[0m
2021-04-07 08:05:43.441633: I tensorflow/compiler/jit/xla_gpu_device.cc:99] Not creating XLA devices, tf_xla_enable_xla_devices not set
mse_error/peak_error 0 331
[32m[I 2021-04-07 08:05:46,746][0m Trial 144 finished with value: 331.0 and parameters: {'Vahp': -42.5, 'Vth': -26.5, 'Vmax': 34.0, 't_ref': 8.0, 'R': 0.30000000000000004, 'tau_m': 31.0, 'R_adp': 0.7000000000000001, 'tau_w': 39.0, 'a': 70.5, 'delT': 2.5}. Best is trial 134 with value: 27.0.[0m
2021-04-07 08:05:46.978715: I tensorflow/compiler/jit/xla_gpu_device.cc:99] Not creating XLA devices, tf_xla_enable_xla_devices not set
mse_error/peak_error 0 339
[32m[I 2021-04-07 08:05:50,384][0m Trial 145 finished with value: 339.0 and parameters: {'Vahp': -43.0, 'Vth': -29.5, 'Vmax': 31.0, 't_ref': 7.0, 'R': 0.4, 'tau_m': 55.5, 'R_adp': 0.7000000000000001, 'tau_w': 42.5, 'a': 80.0, 'delT': 2.0}. Best is trial 134 with value: 27.0.[0m
2021-04-07 08:05:50.603177: I tensorflow/compiler/jit/xla_gpu_device.cc:99] Not creating XLA devices, tf_xla_enable_xla_devices not set
mse_error/peak_error 0 37.0
[32m[I 2021-04-07 08:05:54,006][0m Trial 146 finished with value: 37.0 and parameters: {'Vahp': -46.5, 'Vth': -27.0, 'Vmax': 33.0, 't_ref': 9.5, 'R': 0.4, 'tau_m': 27.0, 'R_adp': 0.9, 'tau_w': 38.0, 'a': 67.0, 'delT': 2.0}. Best is trial 134 with value: 27.0.[0m
2021-04-07 08:05:54.229266: I tensorflow/compiler/jit/xla_gpu_device.cc:99] Not creating XLA devices, tf_xla_enable_xla_devices not set
mse_error/peak_error 0 603
[32m[I 2021-04-07 08:05:57,674][0m Trial 147 finished with value: 603.0 and parameters: {'Vahp': -52.0, 'Vth': -25.5, 'Vmax': 33.5, 't_ref': 9.0, 'R': 0.7000000000000001, 'tau_m': 24.0, 'R_adp': 0.9, 'tau_w': 27.0, 'a': 65.0, 'delT': 1.5}. Best is trial 134 with value: 27.0.[0m
2021-04-07 08:05:57.913627: I tensorflow/compiler/jit/xla_gpu_device.cc:99] Not creating XLA devices, tf_xla_enable_xla_devices not set
mse_error/peak_error 0 335
[32m[I 2021-04-07 08:06:01,379][0m Trial 148 finished with value: 335.0 and parameters: {'Vahp': -46.5, 'Vth': -27.0, 'Vmax': 32.0, 't_ref': 9.5, 'R': 0.5, 'tau_m': 22.5, 'R_adp': 0.9, 'tau_w': 70.5, 'a': 42.0, 'delT': 2.0}. Best is trial 134 with value: 27.0.[0m
2021-04-07 08:06:01.603912: I tensorflow/compiler/jit/xla_gpu_device.cc:99] Not creating XLA devices, tf_xla_enable_xla_devices not set
mse_error/peak_error 0 312
[32m[I 2021-04-07 08:06:05,104][0m Trial 149 finished with value: 312.0 and parameters: {'Vahp': -51.5, 'Vth': -28.0, 'Vmax': 32.5, 't_ref': 10.5, 'R': 0.4, 'tau_m': 30.0, 'R_adp': 0.8, 'tau_w': 34.5, 'a': 67.5, 'delT': 9.5}. Best is trial 134 with value: 27.0.[0m
2021-04-07 08:06:05.342533: I tensorflow/compiler/jit/xla_gpu_device.cc:99] Not creating XLA devices, tf_xla_enable_xla_devices not set
mse_error/peak_error 0 163
[32m[I 2021-04-07 08:06:08,856][0m Trial 150 finished with value: 163.0 and parameters: {'Vahp': -45.0, 'Vth': -26.0, 'Vmax': 33.0, 't_ref': 7.5, 'R': 0.4, 'tau_m': 27.0, 'R_adp': 0.9, 'tau_w': 51.5, 'a': 74.0, 'delT': 2.5}. Best is trial 134 with value: 27.0.[0m
2021-04-07 08:06:09.073929: I tensorflow/compiler/jit/xla_gpu_device.cc:99] Not creating XLA devices, tf_xla_enable_xla_devices not set
mse_error/peak_error 0 72.0
[32m[I 2021-04-07 08:06:12,596][0m Trial 151 finished with value: 72.0 and parameters: {'Vahp': -50.0, 'Vth': -24.5, 'Vmax': 30.5, 't_ref': 8.5, 'R': 0.4, 'tau_m': 32.5, 'R_adp': 0.7000000000000001, 'tau_w': 37.0, 'a': 71.5, 'delT': 2.0}. Best is trial 134 with value: 27.0.[0m
2021-04-07 08:06:12.816424: I tensorflow/compiler/jit/xla_gpu_device.cc:99] Not creating XLA devices, tf_xla_enable_xla_devices not set
mse_error/peak_error 0 128
[32m[I 2021-04-07 08:06:16,320][0m Trial 152 finished with value: 128.0 and parameters: {'Vahp': -40.0, 'Vth': -28.5, 'Vmax': 31.0, 't_ref': 6.5, 'R': 0.4, 'tau_m': 27.5, 'R_adp': 0.7000000000000001, 'tau_w': 38.0, 'a': 67.0, 'delT': 2.5}. Best is trial 134 with value: 27.0.[0m
2021-04-07 08:06:16.556627: I tensorflow/compiler/jit/xla_gpu_device.cc:99] Not creating XLA devices, tf_xla_enable_xla_devices not set
mse_error/peak_error 0 186
[32m[I 2021-04-07 08:06:20,170][0m Trial 153 finished with value: 186.0 and parameters: {'Vahp': -37.5, 'Vth': -27.5, 'Vmax': 30.0, 't_ref': 9.0, 'R': 0.4, 'tau_m': 17.5, 'R_adp': 0.9, 'tau_w': 44.0, 'a': 84.0, 'delT': 7.0}. Best is trial 134 with value: 27.0.[0m
2021-04-07 08:06:20.399201: I tensorflow/compiler/jit/xla_gpu_device.cc:99] Not creating XLA devices, tf_xla_enable_xla_devices not set
mse_error/peak_error 0 187
[32m[I 2021-04-07 08:06:24,014][0m Trial 154 finished with value: 187.0 and parameters: {'Vahp': -46.0, 'Vth': -29.0, 'Vmax': 31.5, 't_ref': 10.0, 'R': 0.30000000000000004, 'tau_m': 19.0, 'R_adp': 0.7000000000000001, 'tau_w': 41.0, 'a': 76.5, 'delT': 3.0}. Best is trial 134 with value: 27.0.[0m
2021-04-07 08:06:24.237145: I tensorflow/compiler/jit/xla_gpu_device.cc:99] Not creating XLA devices, tf_xla_enable_xla_devices not set
mse_error/peak_error 0 139.0
[32m[I 2021-04-07 08:06:27,863][0m Trial 155 finished with value: 139.0 and parameters: {'Vahp': -48.0, 'Vth': -26.5, 'Vmax': 34.0, 't_ref': 7.0, 'R': 0.4, 'tau_m': 14.0, 'R_adp': 0.6, 'tau_w': 47.0, 'a': 94.0, 'delT': 1.5}. Best is trial 134 with value: 27.0.[0m
2021-04-07 08:06:28.103179: I tensorflow/compiler/jit/xla_gpu_device.cc:99] Not creating XLA devices, tf_xla_enable_xla_devices not set
mse_error/peak_error 0 161
[32m[I 2021-04-07 08:06:31,709][0m Trial 156 finished with value: 161.0 and parameters: {'Vahp': -56.0, 'Vth': -32.0, 'Vmax': 28.0, 't_ref': 8.0, 'R': 0.4, 'tau_m': 25.5, 'R_adp': 0.8, 'tau_w': 32.5, 'a': 62.5, 'delT': 2.5}. Best is trial 134 with value: 27.0.[0m
2021-04-07 08:06:31.954164: I tensorflow/compiler/jit/xla_gpu_device.cc:99] Not creating XLA devices, tf_xla_enable_xla_devices not set
mse_error/peak_error 0 94.0
[32m[I 2021-04-07 08:06:35,642][0m Trial 157 finished with value: 94.0 and parameters: {'Vahp': -48.5, 'Vth': -27.5, 'Vmax': 29.5, 't_ref': 6.0, 'R': 0.4, 'tau_m': 22.0, 'R_adp': 0.7000000000000001, 'tau_w': 42.5, 'a': 74.5, 'delT': 2.0}. Best is trial 134 with value: 27.0.[0m
2021-04-07 08:06:35.869121: I tensorflow/compiler/jit/xla_gpu_device.cc:99] Not creating XLA devices, tf_xla_enable_xla_devices not set
mse_error/peak_error 0 244
[32m[I 2021-04-07 08:06:39,507][0m Trial 158 finished with value: 244.0 and parameters: {'Vahp': -41.5, 'Vth': -31.0, 'Vmax': 32.5, 't_ref': 9.5, 'R': 0.5, 'tau_m': 16.5, 'R_adp': 0.9, 'tau_w': 45.0, 'a': 82.0, 'delT': 2.5}. Best is trial 134 with value: 27.0.[0m
2021-04-07 08:06:39.737373: I tensorflow/compiler/jit/xla_gpu_device.cc:99] Not creating XLA devices, tf_xla_enable_xla_devices not set
mse_error/peak_error 0 140
[32m[I 2021-04-07 08:06:43,379][0m Trial 159 finished with value: 140.0 and parameters: {'Vahp': -39.5, 'Vth': -30.0, 'Vmax': 21.0, 't_ref': 7.5, 'R': 0.4, 'tau_m': 29.0, 'R_adp': 0.7000000000000001, 'tau_w': 35.0, 'a': 70.0, 'delT': 3.5}. Best is trial 134 with value: 27.0.[0m
2021-04-07 08:06:43.616790: I tensorflow/compiler/jit/xla_gpu_device.cc:99] Not creating XLA devices, tf_xla_enable_xla_devices not set
mse_error/peak_error 0 191
[32m[I 2021-04-07 08:06:47,410][0m Trial 160 finished with value: 191.0 and parameters: {'Vahp': -40.5, 'Vth': -29.0, 'Vmax': 28.5, 't_ref': 5.0, 'R': 0.30000000000000004, 'tau_m': 23.5, 'R_adp': 0.7000000000000001, 'tau_w': 40.0, 'a': 78.0, 'delT': 2.0}. Best is trial 134 with value: 27.0.[0m
2021-04-07 08:06:47.634511: I tensorflow/compiler/jit/xla_gpu_device.cc:99] Not creating XLA devices, tf_xla_enable_xla_devices not set
mse_error/peak_error 0 437
[32m[I 2021-04-07 08:06:51,412][0m Trial 161 finished with value: 437.0 and parameters: {'Vahp': -26.0, 'Vth': -20.5, 'Vmax': 27.5, 't_ref': 6.0, 'R': 0.4, 'tau_m': 50.5, 'R_adp': 0.7000000000000001, 'tau_w': 38.5, 'a': 71.5, 'delT': 2.5}. Best is trial 134 with value: 27.0.[0m
2021-04-07 08:06:51.631502: I tensorflow/compiler/jit/xla_gpu_device.cc:99] Not creating XLA devices, tf_xla_enable_xla_devices not set
mse_error/peak_error 0 213
[32m[I 2021-04-07 08:06:55,381][0m Trial 162 finished with value: 213.0 and parameters: {'Vahp': -23.5, 'Vth': -21.0, 'Vmax': 30.0, 't_ref': 5.0, 'R': 0.4, 'tau_m': 27.0, 'R_adp': 1.0, 'tau_w': 48.0, 'a': 68.5, 'delT': 3.0}. Best is trial 134 with value: 27.0.[0m
2021-04-07 08:06:55.611780: I tensorflow/compiler/jit/xla_gpu_device.cc:99] Not creating XLA devices, tf_xla_enable_xla_devices not set
mse_error/peak_error 0 28.0
[32m[I 2021-04-07 08:06:59,365][0m Trial 163 finished with value: 28.0 and parameters: {'Vahp': -24.5, 'Vth': -21.0, 'Vmax': 29.0, 't_ref': 6.5, 'R': 0.4, 'tau_m': 20.5, 'R_adp': 0.7000000000000001, 'tau_w': 42.5, 'a': 73.5, 'delT': 2.5}. Best is trial 134 with value: 27.0.[0m
2021-04-07 08:06:59.589294: I tensorflow/compiler/jit/xla_gpu_device.cc:99] Not creating XLA devices, tf_xla_enable_xla_devices not set
mse_error/peak_error 0 92.0
[32m[I 2021-04-07 08:07:03,312][0m Trial 164 finished with value: 92.0 and parameters: {'Vahp': -24.5, 'Vth': -21.0, 'Vmax': 23.5, 't_ref': 6.5, 'R': 0.4, 'tau_m': 30.5, 'R_adp': 0.7000000000000001, 'tau_w': 43.0, 'a': 73.0, 'delT': 2.5}. Best is trial 134 with value: 27.0.[0m
2021-04-07 08:07:03.534198: I tensorflow/compiler/jit/xla_gpu_device.cc:99] Not creating XLA devices, tf_xla_enable_xla_devices not set
mse_error/peak_error 0 48.0
[32m[I 2021-04-07 08:07:07,329][0m Trial 165 finished with value: 48.0 and parameters: {'Vahp': -43.5, 'Vth': -27.0, 'Vmax': 29.0, 't_ref': 7.0, 'R': 0.4, 'tau_m': 20.5, 'R_adp': 0.7000000000000001, 'tau_w': 40.5, 'a': 76.0, 'delT': 9.0}. Best is trial 134 with value: 27.0.[0m
2021-04-07 08:07:07.542528: I tensorflow/compiler/jit/xla_gpu_device.cc:99] Not creating XLA devices, tf_xla_enable_xla_devices not set
mse_error/peak_error 0 62.0
[32m[I 2021-04-07 08:07:11,411][0m Trial 166 finished with value: 62.0 and parameters: {'Vahp': -44.0, 'Vth': -27.0, 'Vmax': 30.5, 't_ref': 7.0, 'R': 0.4, 'tau_m': 21.0, 'R_adp': 0.7000000000000001, 'tau_w': 45.5, 'a': 74.5, 'delT': 9.0}. Best is trial 134 with value: 27.0.[0m
2021-04-07 08:07:11.636657: I tensorflow/compiler/jit/xla_gpu_device.cc:99] Not creating XLA devices, tf_xla_enable_xla_devices not set
mse_error/peak_error 0 55.0
[32m[I 2021-04-07 08:07:15,573][0m Trial 167 finished with value: 55.0 and parameters: {'Vahp': -43.0, 'Vth': -28.0, 'Vmax': 31.5, 't_ref': 7.5, 'R': 0.4, 'tau_m': 20.0, 'R_adp': 0.8, 'tau_w': 40.0, 'a': 66.5, 'delT': 9.5}. Best is trial 134 with value: 27.0.[0m
2021-04-07 08:07:15.799819: I tensorflow/compiler/jit/xla_gpu_device.cc:99] Not creating XLA devices, tf_xla_enable_xla_devices not set
mse_error/peak_error 0 76.0
[32m[I 2021-04-07 08:07:19,756][0m Trial 168 finished with value: 76.0 and parameters: {'Vahp': -46.0, 'Vth': -28.5, 'Vmax': 29.5, 't_ref': 7.0, 'R': 0.4, 'tau_m': 25.0, 'R_adp': 0.6, 'tau_w': 55.0, 'a': 70.5, 'delT': 8.0}. Best is trial 134 with value: 27.0.[0m
2021-04-07 08:07:19.982332: I tensorflow/compiler/jit/xla_gpu_device.cc:99] Not creating XLA devices, tf_xla_enable_xla_devices not set
mse_error/peak_error 0 421
[32m[I 2021-04-07 08:07:23,920][0m Trial 169 finished with value: 421.0 and parameters: {'Vahp': -41.0, 'Vth': -30.0, 'Vmax': 33.5, 't_ref': 6.5, 'R': 0.30000000000000004, 'tau_m': 23.5, 'R_adp': 0.7000000000000001, 'tau_w': 95.0, 'a': 76.0, 'delT': 8.5}. Best is trial 134 with value: 27.0.[0m
2021-04-07 08:07:24.154599: I tensorflow/compiler/jit/xla_gpu_device.cc:99] Not creating XLA devices, tf_xla_enable_xla_devices not set
mse_error/peak_error 0 297
[32m[I 2021-04-07 08:07:28,143][0m Trial 170 finished with value: 297.0 and parameters: {'Vahp': -42.0, 'Vth': -25.0, 'Vmax': 29.0, 't_ref': 8.5, 'R': 0.5, 'tau_m': 17.0, 'R_adp': 0.7000000000000001, 'tau_w': 18.0, 'a': 64.5, 'delT': 10.0}. Best is trial 134 with value: 27.0.[0m
2021-04-07 08:07:28.375206: I tensorflow/compiler/jit/xla_gpu_device.cc:99] Not creating XLA devices, tf_xla_enable_xla_devices not set
mse_error/peak_error 0 63.0
[32m[I 2021-04-07 08:07:32,329][0m Trial 171 finished with value: 63.0 and parameters: {'Vahp': -38.5, 'Vth': -29.5, 'Vmax': 26.5, 't_ref': 6.0, 'R': 0.4, 'tau_m': 27.0, 'R_adp': 0.7000000000000001, 'tau_w': 42.0, 'a': 69.0, 'delT': 6.5}. Best is trial 134 with value: 27.0.[0m
2021-04-07 08:07:32.564008: I tensorflow/compiler/jit/xla_gpu_device.cc:99] Not creating XLA devices, tf_xla_enable_xla_devices not set
mse_error/peak_error 0 39.0
[32m[I 2021-04-07 08:07:36,602][0m Trial 172 finished with value: 39.0 and parameters: {'Vahp': -25.0, 'Vth': -21.5, 'Vmax': 28.5, 't_ref': 5.5, 'R': 0.4, 'tau_m': 21.0, 'R_adp': 0.7000000000000001, 'tau_w': 38.5, 'a': 78.0, 'delT': 2.0}. Best is trial 134 with value: 27.0.[0m
2021-04-07 08:07:36.855099: I tensorflow/compiler/jit/xla_gpu_device.cc:99] Not creating XLA devices, tf_xla_enable_xla_devices not set
mse_error/peak_error 0 48.0
[32m[I 2021-04-07 08:07:40,902][0m Trial 173 finished with value: 48.0 and parameters: {'Vahp': -25.5, 'Vth': -21.5, 'Vmax': 28.5, 't_ref': 4.5, 'R': 0.4, 'tau_m': 22.0, 'R_adp': 0.7000000000000001, 'tau_w': 36.5, 'a': 79.0, 'delT': 2.0}. Best is trial 134 with value: 27.0.[0m
2021-04-07 08:07:41.154436: I tensorflow/compiler/jit/xla_gpu_device.cc:99] Not creating XLA devices, tf_xla_enable_xla_devices not set
mse_error/peak_error 0 47.0
[32m[I 2021-04-07 08:07:45,204][0m Trial 174 finished with value: 47.0 and parameters: {'Vahp': -25.5, 'Vth': -21.5, 'Vmax': 28.5, 't_ref': 4.0, 'R': 0.4, 'tau_m': 22.0, 'R_adp': 0.7000000000000001, 'tau_w': 36.5, 'a': 79.0, 'delT': 2.0}. Best is trial 134 with value: 27.0.[0m
2021-04-07 08:07:45.441361: I tensorflow/compiler/jit/xla_gpu_device.cc:99] Not creating XLA devices, tf_xla_enable_xla_devices not set
mse_error/peak_error 0 87.0
[32m[I 2021-04-07 08:07:49,538][0m Trial 175 finished with value: 87.0 and parameters: {'Vahp': -25.5, 'Vth': -21.5, 'Vmax': 28.0, 't_ref': 4.0, 'R': 0.4, 'tau_m': 21.5, 'R_adp': 0.7000000000000001, 'tau_w': 38.0, 'a': 76.5, 'delT': 1.5}. Best is trial 134 with value: 27.0.[0m
2021-04-07 08:07:49.759831: I tensorflow/compiler/jit/xla_gpu_device.cc:99] Not creating XLA devices, tf_xla_enable_xla_devices not set
mse_error/peak_error 0 967
[32m[I 2021-04-07 08:07:53,775][0m Trial 176 finished with value: 967.0 and parameters: {'Vahp': -27.0, 'Vth': -21.5, 'Vmax': 28.0, 't_ref': 3.5, 'R': 0.4, 'tau_m': 100.0, 'R_adp': 0.7000000000000001, 'tau_w': 36.5, 'a': 79.0, 'delT': 2.0}. Best is trial 134 with value: 27.0.[0m
2021-04-07 08:07:53.994836: I tensorflow/compiler/jit/xla_gpu_device.cc:99] Not creating XLA devices, tf_xla_enable_xla_devices not set
mse_error/peak_error 0 22.0
[32m[I 2021-04-07 08:07:58,034][0m Trial 177 finished with value: 22.0 and parameters: {'Vahp': -26.0, 'Vth': -21.5, 'Vmax': 28.5, 't_ref': 8.0, 'R': 0.4, 'tau_m': 23.0, 'R_adp': 0.7000000000000001, 'tau_w': 40.0, 'a': 73.0, 'delT': 2.0}. Best is trial 177 with value: 22.0.[0m
2021-04-07 08:07:58.285492: I tensorflow/compiler/jit/xla_gpu_device.cc:99] Not creating XLA devices, tf_xla_enable_xla_devices not set
mse_error/peak_error 0 21.0
[32m[I 2021-04-07 08:08:02,469][0m Trial 178 finished with value: 21.0 and parameters: {'Vahp': -26.0, 'Vth': -21.5, 'Vmax': 28.5, 't_ref': 8.0, 'R': 0.4, 'tau_m': 23.0, 'R_adp': 0.7000000000000001, 'tau_w': 40.5, 'a': 73.0, 'delT': 2.0}. Best is trial 178 with value: 21.0.[0m
2021-04-07 08:08:02.696844: I tensorflow/compiler/jit/xla_gpu_device.cc:99] Not creating XLA devices, tf_xla_enable_xla_devices not set
mse_error/peak_error 0 19.0
[32m[I 2021-04-07 08:08:06,804][0m Trial 179 finished with value: 19.0 and parameters: {'Vahp': -26.0, 'Vth': -21.5, 'Vmax': 27.0, 't_ref': 2.5, 'R': 0.4, 'tau_m': 25.0, 'R_adp': 0.7000000000000001, 'tau_w': 40.0, 'a': 73.0, 'delT': 2.0}. Best is trial 179 with value: 19.0.[0m
2021-04-07 08:08:07.037083: I tensorflow/compiler/jit/xla_gpu_device.cc:99] Not creating XLA devices, tf_xla_enable_xla_devices not set
mse_error/peak_error 0 88.0
[32m[I 2021-04-07 08:08:11,242][0m Trial 180 finished with value: 88.0 and parameters: {'Vahp': -25.5, 'Vth': -21.5, 'Vmax': 27.0, 't_ref': 1.5, 'R': 0.4, 'tau_m': 23.0, 'R_adp': 0.7000000000000001, 'tau_w': 39.5, 'a': 73.0, 'delT': 1.0}. Best is trial 179 with value: 19.0.[0m
2021-04-07 08:08:11.457403: I tensorflow/compiler/jit/xla_gpu_device.cc:99] Not creating XLA devices, tf_xla_enable_xla_devices not set
mse_error/peak_error 0 26.0
[32m[I 2021-04-07 08:08:15,719][0m Trial 181 finished with value: 26.0 and parameters: {'Vahp': -26.0, 'Vth': -21.5, 'Vmax': 28.5, 't_ref': 2.0, 'R': 0.4, 'tau_m': 25.0, 'R_adp': 0.7000000000000001, 'tau_w': 41.0, 'a': 74.5, 'delT': 2.0}. Best is trial 179 with value: 19.0.[0m
2021-04-07 08:08:15.953756: I tensorflow/compiler/jit/xla_gpu_device.cc:99] Not creating XLA devices, tf_xla_enable_xla_devices not set
mse_error/peak_error 0 22.0
[32m[I 2021-04-07 08:08:20,259][0m Trial 182 finished with value: 22.0 and parameters: {'Vahp': -26.0, 'Vth': -21.5, 'Vmax': 28.5, 't_ref': 2.5, 'R': 0.4, 'tau_m': 25.0, 'R_adp': 0.7000000000000001, 'tau_w': 36.0, 'a': 75.0, 'delT': 2.0}. Best is trial 179 with value: 19.0.[0m
2021-04-07 08:08:20.487002: I tensorflow/compiler/jit/xla_gpu_device.cc:99] Not creating XLA devices, tf_xla_enable_xla_devices not set
mse_error/peak_error 0 43.0
[32m[I 2021-04-07 08:08:24,777][0m Trial 183 finished with value: 43.0 and parameters: {'Vahp': -28.0, 'Vth': -22.0, 'Vmax': 27.5, 't_ref': 2.5, 'R': 0.4, 'tau_m': 25.5, 'R_adp': 0.7000000000000001, 'tau_w': 43.0, 'a': 73.5, 'delT': 1.5}. Best is trial 179 with value: 19.0.[0m
2021-04-07 08:08:25.001470: I tensorflow/compiler/jit/xla_gpu_device.cc:99] Not creating XLA devices, tf_xla_enable_xla_devices not set
mse_error/peak_error 0 51.0
[32m[I 2021-04-07 08:08:29,287][0m Trial 184 finished with value: 51.0 and parameters: {'Vahp': -26.5, 'Vth': -21.5, 'Vmax': 25.5, 't_ref': 2.0, 'R': 0.4, 'tau_m': 25.5, 'R_adp': 0.7000000000000001, 'tau_w': 43.5, 'a': 72.0, 'delT': 1.5}. Best is trial 179 with value: 19.0.[0m
2021-04-07 08:08:29.510013: I tensorflow/compiler/jit/xla_gpu_device.cc:99] Not creating XLA devices, tf_xla_enable_xla_devices not set
mse_error/peak_error 0 136
[32m[I 2021-04-07 08:08:33,730][0m Trial 185 finished with value: 136.0 and parameters: {'Vahp': -28.0, 'Vth': -22.0, 'Vmax': 27.5, 't_ref': 2.5, 'R': 0.4, 'tau_m': 28.0, 'R_adp': 0.7000000000000001, 'tau_w': 34.5, 'a': 74.0, 'delT': 1.5}. Best is trial 179 with value: 19.0.[0m
2021-04-07 08:08:33.957552: I tensorflow/compiler/jit/xla_gpu_device.cc:99] Not creating XLA devices, tf_xla_enable_xla_devices not set
mse_error/peak_error 0 51.0
[32m[I 2021-04-07 08:08:38,365][0m Trial 186 finished with value: 51.0 and parameters: {'Vahp': -27.5, 'Vth': -21.5, 'Vmax': 26.5, 't_ref': 1.5, 'R': 0.4, 'tau_m': 24.5, 'R_adp': 0.7000000000000001, 'tau_w': 39.0, 'a': 71.0, 'delT': 2.0}. Best is trial 179 with value: 19.0.[0m
2021-04-07 08:08:38.602021: I tensorflow/compiler/jit/xla_gpu_device.cc:99] Not creating XLA devices, tf_xla_enable_xla_devices not set
mse_error/peak_error 0 41.0
[32m[I 2021-04-07 08:08:42,963][0m Trial 187 finished with value: 41.0 and parameters: {'Vahp': -26.5, 'Vth': -21.5, 'Vmax': 27.0, 't_ref': 0.5, 'R': 0.4, 'tau_m': 29.0, 'R_adp': 0.7000000000000001, 'tau_w': 41.5, 'a': 75.0, 'delT': 1.5}. Best is trial 179 with value: 19.0.[0m
2021-04-07 08:08:43.179249: I tensorflow/compiler/jit/xla_gpu_device.cc:99] Not creating XLA devices, tf_xla_enable_xla_devices not set
mse_error/peak_error 0 52.0
[32m[I 2021-04-07 08:08:47,543][0m Trial 188 finished with value: 52.0 and parameters: {'Vahp': -27.0, 'Vth': -22.0, 'Vmax': 27.0, 't_ref': 3.0, 'R': 0.4, 'tau_m': 26.0, 'R_adp': 0.7000000000000001, 'tau_w': 43.0, 'a': 77.0, 'delT': 1.0}. Best is trial 179 with value: 19.0.[0m
2021-04-07 08:08:47.995406: I tensorflow/compiler/jit/xla_gpu_device.cc:99] Not creating XLA devices, tf_xla_enable_xla_devices not set
mse_error/peak_error 0 50.0
[32m[I 2021-04-07 08:08:52,432][0m Trial 189 finished with value: 50.0 and parameters: {'Vahp': -26.5, 'Vth': -21.5, 'Vmax': 26.0, 't_ref': 1.0, 'R': 0.4, 'tau_m': 30.0, 'R_adp': 0.6, 'tau_w': 45.0, 'a': 74.5, 'delT': 1.5}. Best is trial 179 with value: 19.0.[0m
2021-04-07 08:08:52.672251: I tensorflow/compiler/jit/xla_gpu_device.cc:99] Not creating XLA devices, tf_xla_enable_xla_devices not set
mse_error/peak_error 0 31.0
[32m[I 2021-04-07 08:08:57,133][0m Trial 190 finished with value: 31.0 and parameters: {'Vahp': -24.5, 'Vth': -21.5, 'Vmax': 27.5, 't_ref': 2.5, 'R': 0.4, 'tau_m': 29.0, 'R_adp': 0.7000000000000001, 'tau_w': 41.5, 'a': 69.0, 'delT': 1.5}. Best is trial 179 with value: 19.0.[0m
2021-04-07 08:08:57.350103: I tensorflow/compiler/jit/xla_gpu_device.cc:99] Not creating XLA devices, tf_xla_enable_xla_devices not set
mse_error/peak_error 0 35.0
[32m[I 2021-04-07 08:09:01,780][0m Trial 191 finished with value: 35.0 and parameters: {'Vahp': -25.0, 'Vth': -21.5, 'Vmax': 28.0, 't_ref': 2.0, 'R': 0.4, 'tau_m': 32.5, 'R_adp': 0.7000000000000001, 'tau_w': 41.5, 'a': 73.0, 'delT': 1.5}. Best is trial 179 with value: 19.0.[0m
2021-04-07 08:09:02.006605: I tensorflow/compiler/jit/xla_gpu_device.cc:99] Not creating XLA devices, tf_xla_enable_xla_devices not set
mse_error/peak_error 0 35.0
