[32m[I 2021-04-07 09:51:18,296][0m Trial 696 finished with value: 13.0 and parameters: {'Vahp': -31.0, 'Vth': -23.0, 'Vmax': 27.5, 't_ref': 6.5, 'R': 0.4, 'tau_m': 28.0, 'R_adp': 0.8, 'tau_w': 40.0, 'a': 64.5, 'delT': 1.5}. Best is trial 483 with value: 2.0.[0m
2021-04-07 09:51:19.138653: I tensorflow/compiler/jit/xla_gpu_device.cc:99] Not creating XLA devices, tf_xla_enable_xla_devices not set
mse_error/peak_error 0 335
[32m[I 2021-04-07 09:51:39,740][0m Trial 697 finished with value: 335.0 and parameters: {'Vahp': -30.5, 'Vth': -23.0, 'Vmax': 30.0, 't_ref': 5.0, 'R': 0.5, 'tau_m': 29.0, 'R_adp': 0.8, 'tau_w': 35.0, 'a': 67.0, 'delT': 1.0}. Best is trial 483 with value: 2.0.[0m
2021-04-07 09:51:39.999318: I tensorflow/compiler/jit/xla_gpu_device.cc:99] Not creating XLA devices, tf_xla_enable_xla_devices not set
mse_error/peak_error 0 2.0
[32m[I 2021-04-07 09:52:00,501][0m Trial 698 finished with value: 2.0 and parameters: {'Vahp': -30.0, 'Vth': -23.0, 'Vmax': 29.5, 't_ref': 5.0, 'R': 0.4, 'tau_m': 26.0, 'R_adp': 0.8, 'tau_w': 35.5, 'a': 72.0, 'delT': 2.0}. Best is trial 483 with value: 2.0.[0m
2021-04-07 09:52:00.765330: I tensorflow/compiler/jit/xla_gpu_device.cc:99] Not creating XLA devices, tf_xla_enable_xla_devices not set
mse_error/peak_error 0 28.0
[32m[I 2021-04-07 09:52:21,608][0m Trial 699 finished with value: 28.0 and parameters: {'Vahp': -31.0, 'Vth': -23.0, 'Vmax': 27.5, 't_ref': 5.5, 'R': 0.4, 'tau_m': 26.5, 'R_adp': 0.8, 'tau_w': 37.5, 'a': 65.5, 'delT': 1.5}. Best is trial 483 with value: 2.0.[0m
2021-04-07 09:52:21.869466: I tensorflow/compiler/jit/xla_gpu_device.cc:99] Not creating XLA devices, tf_xla_enable_xla_devices not set
mse_error/peak_error 0 36.0
[32m[I 2021-04-07 09:52:42,573][0m Trial 700 finished with value: 36.0 and parameters: {'Vahp': -30.0, 'Vth': -23.0, 'Vmax': 29.5, 't_ref': 5.0, 'R': 0.4, 'tau_m': 23.5, 'R_adp': 0.8, 'tau_w': 40.0, 'a': 70.5, 'delT': 2.0}. Best is trial 483 with value: 2.0.[0m
2021-04-07 09:52:42.839234: I tensorflow/compiler/jit/xla_gpu_device.cc:99] Not creating XLA devices, tf_xla_enable_xla_devices not set
mse_error/peak_error 0 48.0
[32m[I 2021-04-07 09:53:03,657][0m Trial 701 finished with value: 48.0 and parameters: {'Vahp': -32.0, 'Vth': -22.5, 'Vmax': 28.5, 't_ref': 6.5, 'R': 0.4, 'tau_m': 20.0, 'R_adp': 0.8, 'tau_w': 39.5, 'a': 69.0, 'delT': 2.5}. Best is trial 483 with value: 2.0.[0m
2021-04-07 09:53:03.917809: I tensorflow/compiler/jit/xla_gpu_device.cc:99] Not creating XLA devices, tf_xla_enable_xla_devices not set
mse_error/peak_error 0 586
[32m[I 2021-04-07 09:53:24,970][0m Trial 702 finished with value: 586.0 and parameters: {'Vahp': -31.5, 'Vth': -22.5, 'Vmax': 28.0, 't_ref': 5.5, 'R': 0.4, 'tau_m': 70.0, 'R_adp': 0.8, 'tau_w': 41.0, 'a': 68.0, 'delT': 2.0}. Best is trial 483 with value: 2.0.[0m
2021-04-07 09:53:25.236142: I tensorflow/compiler/jit/xla_gpu_device.cc:99] Not creating XLA devices, tf_xla_enable_xla_devices not set
mse_error/peak_error 0 367
[32m[I 2021-04-07 09:53:46,230][0m Trial 703 finished with value: 367.0 and parameters: {'Vahp': -32.5, 'Vth': -22.5, 'Vmax': 28.0, 't_ref': 6.0, 'R': 0.30000000000000004, 'tau_m': 26.5, 'R_adp': 0.8, 'tau_w': 38.0, 'a': 69.5, 'delT': 2.5}. Best is trial 483 with value: 2.0.[0m
2021-04-07 09:53:46.494038: I tensorflow/compiler/jit/xla_gpu_device.cc:99] Not creating XLA devices, tf_xla_enable_xla_devices not set
mse_error/peak_error 0 47.0
[32m[I 2021-04-07 09:54:07,561][0m Trial 704 finished with value: 47.0 and parameters: {'Vahp': -32.0, 'Vth': -23.0, 'Vmax': 28.5, 't_ref': 6.0, 'R': 0.4, 'tau_m': 23.5, 'R_adp': 0.8, 'tau_w': 39.0, 'a': 63.5, 'delT': 2.0}. Best is trial 483 with value: 2.0.[0m
2021-04-07 09:54:07.826810: I tensorflow/compiler/jit/xla_gpu_device.cc:99] Not creating XLA devices, tf_xla_enable_xla_devices not set
mse_error/peak_error 0 755.0
[32m[I 2021-04-07 09:54:28,511][0m Trial 705 finished with value: 755.0 and parameters: {'Vahp': -30.5, 'Vth': -23.0, 'Vmax': 29.5, 't_ref': 5.0, 'R': 0.8, 'tau_m': 25.0, 'R_adp': 0.8, 'tau_w': 35.5, 'a': 71.5, 'delT': 1.5}. Best is trial 483 with value: 2.0.[0m
2021-04-07 09:54:28.788829: I tensorflow/compiler/jit/xla_gpu_device.cc:99] Not creating XLA devices, tf_xla_enable_xla_devices not set
mse_error/peak_error 0 21.0
[32m[I 2021-04-07 09:54:49,761][0m Trial 706 finished with value: 21.0 and parameters: {'Vahp': -30.0, 'Vth': -23.5, 'Vmax': 30.0, 't_ref': 5.0, 'R': 0.4, 'tau_m': 30.5, 'R_adp': 0.8, 'tau_w': 35.5, 'a': 72.5, 'delT': 1.5}. Best is trial 483 with value: 2.0.[0m
2021-04-07 09:54:50.025583: I tensorflow/compiler/jit/xla_gpu_device.cc:99] Not creating XLA devices, tf_xla_enable_xla_devices not set
mse_error/peak_error 0 356
[32m[I 2021-04-07 09:55:11,250][0m Trial 707 finished with value: 356.0 and parameters: {'Vahp': -38.0, 'Vth': -22.5, 'Vmax': 29.5, 't_ref': 5.0, 'R': 0.5, 'tau_m': 21.5, 'R_adp': 0.8, 'tau_w': 36.5, 'a': 71.0, 'delT': 2.0}. Best is trial 483 with value: 2.0.[0m
2021-04-07 09:55:11.515756: I tensorflow/compiler/jit/xla_gpu_device.cc:99] Not creating XLA devices, tf_xla_enable_xla_devices not set
mse_error/peak_error 0 508
[32m[I 2021-04-07 09:55:32,726][0m Trial 708 finished with value: 508.0 and parameters: {'Vahp': -30.0, 'Vth': -23.5, 'Vmax': 30.5, 't_ref': 5.0, 'R': 0.4, 'tau_m': 28.0, 'R_adp': 0.8, 'tau_w': 34.0, 'a': 30.5, 'delT': 1.0}. Best is trial 483 with value: 2.0.[0m
2021-04-07 09:55:32.992983: I tensorflow/compiler/jit/xla_gpu_device.cc:99] Not creating XLA devices, tf_xla_enable_xla_devices not set
mse_error/peak_error 0 10.0
[32m[I 2021-04-07 09:55:54,018][0m Trial 709 finished with value: 10.0 and parameters: {'Vahp': -31.5, 'Vth': -23.0, 'Vmax': 28.5, 't_ref': 6.0, 'R': 0.4, 'tau_m': 25.0, 'R_adp': 0.8, 'tau_w': 38.0, 'a': 67.5, 'delT': 2.5}. Best is trial 483 with value: 2.0.[0m
2021-04-07 09:55:54.287465: I tensorflow/compiler/jit/xla_gpu_device.cc:99] Not creating XLA devices, tf_xla_enable_xla_devices not set
mse_error/peak_error 0 494
[32m[I 2021-04-07 09:56:15,249][0m Trial 710 finished with value: 494.0 and parameters: {'Vahp': -31.0, 'Vth': -23.0, 'Vmax': 28.0, 't_ref': 6.0, 'R': 0.4, 'tau_m': 11.0, 'R_adp': 0.5, 'tau_w': 37.5, 'a': 67.5, 'delT': 4.0}. Best is trial 483 with value: 2.0.[0m
2021-04-07 09:56:15.521707: I tensorflow/compiler/jit/xla_gpu_device.cc:99] Not creating XLA devices, tf_xla_enable_xla_devices not set
mse_error/peak_error 0 31.0
[32m[I 2021-04-07 09:56:36,834][0m Trial 711 finished with value: 31.0 and parameters: {'Vahp': -31.0, 'Vth': -23.0, 'Vmax': 29.0, 't_ref': 5.5, 'R': 0.4, 'tau_m': 22.5, 'R_adp': 0.8, 'tau_w': 37.0, 'a': 69.0, 'delT': 2.5}. Best is trial 483 with value: 2.0.[0m
2021-04-07 09:56:37.117480: I tensorflow/compiler/jit/xla_gpu_device.cc:99] Not creating XLA devices, tf_xla_enable_xla_devices not set
mse_error/peak_error 0 750.0
[32m[I 2021-04-07 09:56:58,161][0m Trial 712 finished with value: 750.0 and parameters: {'Vahp': -33.5, 'Vth': -22.5, 'Vmax': 28.5, 't_ref': 6.5, 'R': 0.9, 'tau_m': 20.5, 'R_adp': 0.8, 'tau_w': 41.0, 'a': 65.5, 'delT': 2.5}. Best is trial 483 with value: 2.0.[0m
2021-04-07 09:56:58.427853: I tensorflow/compiler/jit/xla_gpu_device.cc:99] Not creating XLA devices, tf_xla_enable_xla_devices not set
mse_error/peak_error 0 209
[32m[I 2021-04-07 09:57:19,482][0m Trial 713 finished with value: 209.0 and parameters: {'Vahp': -32.5, 'Vth': -23.0, 'Vmax': 28.0, 't_ref': 7.0, 'R': 0.4, 'tau_m': 16.5, 'R_adp': 0.8, 'tau_w': 39.5, 'a': 62.5, 'delT': 2.5}. Best is trial 483 with value: 2.0.[0m
2021-04-07 09:57:19.745353: I tensorflow/compiler/jit/xla_gpu_device.cc:99] Not creating XLA devices, tf_xla_enable_xla_devices not set
mse_error/peak_error 0 12.0
[32m[I 2021-04-07 09:57:41,015][0m Trial 714 finished with value: 12.0 and parameters: {'Vahp': -32.0, 'Vth': -22.5, 'Vmax': 29.0, 't_ref': 6.0, 'R': 0.4, 'tau_m': 24.0, 'R_adp': 0.8, 'tau_w': 36.5, 'a': 69.5, 'delT': 2.5}. Best is trial 483 with value: 2.0.[0m
2021-04-07 09:57:41.277878: I tensorflow/compiler/jit/xla_gpu_device.cc:99] Not creating XLA devices, tf_xla_enable_xla_devices not set
mse_error/peak_error 0 24.0
[32m[I 2021-04-07 09:58:02,587][0m Trial 715 finished with value: 24.0 and parameters: {'Vahp': -30.5, 'Vth': -23.0, 'Vmax': 29.5, 't_ref': 5.5, 'R': 0.4, 'tau_m': 25.0, 'R_adp': 0.8, 'tau_w': 36.5, 'a': 72.5, 'delT': 3.0}. Best is trial 483 with value: 2.0.[0m
2021-04-07 09:58:02.875825: I tensorflow/compiler/jit/xla_gpu_device.cc:99] Not creating XLA devices, tf_xla_enable_xla_devices not set
mse_error/peak_error 0 265
[32m[I 2021-04-07 09:58:24,196][0m Trial 716 finished with value: 265.0 and parameters: {'Vahp': -30.5, 'Vth': -22.5, 'Vmax': 29.0, 't_ref': 6.0, 'R': 0.30000000000000004, 'tau_m': 21.5, 'R_adp': 0.8, 'tau_w': 37.0, 'a': 68.5, 'delT': 2.5}. Best is trial 483 with value: 2.0.[0m
2021-04-07 09:58:24.630959: I tensorflow/compiler/jit/xla_gpu_device.cc:99] Not creating XLA devices, tf_xla_enable_xla_devices not set
mse_error/peak_error 0 61.0
[32m[I 2021-04-07 09:58:45,777][0m Trial 717 finished with value: 61.0 and parameters: {'Vahp': -34.0, 'Vth': -22.5, 'Vmax': 29.0, 't_ref': 5.5, 'R': 0.4, 'tau_m': 25.5, 'R_adp': 0.8, 'tau_w': 41.5, 'a': 70.5, 'delT': 3.5}. Best is trial 483 with value: 2.0.[0m
2021-04-07 09:58:46.042158: I tensorflow/compiler/jit/xla_gpu_device.cc:99] Not creating XLA devices, tf_xla_enable_xla_devices not set
mse_error/peak_error 0 19.0
[32m[I 2021-04-07 09:59:07,389][0m Trial 718 finished with value: 19.0 and parameters: {'Vahp': -31.5, 'Vth': -23.0, 'Vmax': 27.5, 't_ref': 6.0, 'R': 0.4, 'tau_m': 23.5, 'R_adp': 0.8, 'tau_w': 37.5, 'a': 68.5, 'delT': 3.0}. Best is trial 483 with value: 2.0.[0m
2021-04-07 09:59:07.649808: I tensorflow/compiler/jit/xla_gpu_device.cc:99] Not creating XLA devices, tf_xla_enable_xla_devices not set
mse_error/peak_error 0 187
[32m[I 2021-04-07 09:59:29,501][0m Trial 719 finished with value: 187.0 and parameters: {'Vahp': -30.0, 'Vth': -23.5, 'Vmax': 30.5, 't_ref': 4.5, 'R': 0.5, 'tau_m': 29.5, 'R_adp': 0.8, 'tau_w': 35.0, 'a': 72.5, 'delT': 2.0}. Best is trial 483 with value: 2.0.[0m
2021-04-07 09:59:29.764747: I tensorflow/compiler/jit/xla_gpu_device.cc:99] Not creating XLA devices, tf_xla_enable_xla_devices not set
mse_error/peak_error 0 6.0
[32m[I 2021-04-07 09:59:51,436][0m Trial 720 finished with value: 6.0 and parameters: {'Vahp': -33.0, 'Vth': -23.0, 'Vmax': 30.0, 't_ref': 5.0, 'R': 0.4, 'tau_m': 26.0, 'R_adp': 0.8, 'tau_w': 39.0, 'a': 70.5, 'delT': 2.0}. Best is trial 483 with value: 2.0.[0m
2021-04-07 09:59:51.704188: I tensorflow/compiler/jit/xla_gpu_device.cc:99] Not creating XLA devices, tf_xla_enable_xla_devices not set
mse_error/peak_error 0 41.0
[32m[I 2021-04-07 10:00:13,366][0m Trial 721 finished with value: 41.0 and parameters: {'Vahp': -35.5, 'Vth': -22.5, 'Vmax': 30.0, 't_ref': 5.0, 'R': 0.4, 'tau_m': 20.5, 'R_adp': 0.8, 'tau_w': 42.0, 'a': 70.0, 'delT': 3.0}. Best is trial 483 with value: 2.0.[0m
2021-04-07 10:00:13.648934: I tensorflow/compiler/jit/xla_gpu_device.cc:99] Not creating XLA devices, tf_xla_enable_xla_devices not set
mse_error/peak_error 0 7.0
[32m[I 2021-04-07 10:00:35,238][0m Trial 722 finished with value: 7.0 and parameters: {'Vahp': -29.5, 'Vth': -23.0, 'Vmax': 30.0, 't_ref': 5.0, 'R': 0.4, 'tau_m': 27.5, 'R_adp': 0.8, 'tau_w': 34.5, 'a': 67.5, 'delT': 2.0}. Best is trial 483 with value: 2.0.[0m
2021-04-07 10:00:35.500786: I tensorflow/compiler/jit/xla_gpu_device.cc:99] Not creating XLA devices, tf_xla_enable_xla_devices not set
mse_error/peak_error 0 114
[32m[I 2021-04-07 10:00:57,050][0m Trial 723 finished with value: 114.0 and parameters: {'Vahp': -29.5, 'Vth': -23.0, 'Vmax': 30.0, 't_ref': 5.0, 'R': 0.4, 'tau_m': 26.0, 'R_adp': 0.8, 'tau_w': 34.5, 'a': 62.0, 'delT': 2.5}. Best is trial 483 with value: 2.0.[0m
2021-04-07 10:00:57.314923: I tensorflow/compiler/jit/xla_gpu_device.cc:99] Not creating XLA devices, tf_xla_enable_xla_devices not set
mse_error/peak_error 0 145
[32m[I 2021-04-07 10:01:18,984][0m Trial 724 finished with value: 145.0 and parameters: {'Vahp': -30.5, 'Vth': -23.0, 'Vmax': 30.0, 't_ref': 10.5, 'R': 0.4, 'tau_m': 27.5, 'R_adp': 0.6, 'tau_w': 34.5, 'a': 67.5, 'delT': 2.0}. Best is trial 483 with value: 2.0.[0m
2021-04-07 10:01:19.250636: I tensorflow/compiler/jit/xla_gpu_device.cc:99] Not creating XLA devices, tf_xla_enable_xla_devices not set
mse_error/peak_error 0 313
[32m[I 2021-04-07 10:01:41,280][0m Trial 725 finished with value: 313.0 and parameters: {'Vahp': -32.5, 'Vth': -22.5, 'Vmax': 29.0, 't_ref': 5.0, 'R': 0.30000000000000004, 'tau_m': 23.5, 'R_adp': 0.8, 'tau_w': 40.0, 'a': 66.0, 'delT': 3.0}. Best is trial 483 with value: 2.0.[0m
2021-04-07 10:01:41.551231: I tensorflow/compiler/jit/xla_gpu_device.cc:99] Not creating XLA devices, tf_xla_enable_xla_devices not set
mse_error/peak_error 0 10.0
[32m[I 2021-04-07 10:02:03,475][0m Trial 726 finished with value: 10.0 and parameters: {'Vahp': -30.0, 'Vth': -23.0, 'Vmax': 30.0, 't_ref': 5.0, 'R': 0.4, 'tau_m': 26.0, 'R_adp': 0.8, 'tau_w': 39.0, 'a': 65.5, 'delT': 2.5}. Best is trial 483 with value: 2.0.[0m
2021-04-07 10:02:03.761399: I tensorflow/compiler/jit/xla_gpu_device.cc:99] Not creating XLA devices, tf_xla_enable_xla_devices not set
mse_error/peak_error 0 27.0
[32m[I 2021-04-07 10:02:25,695][0m Trial 727 finished with value: 27.0 and parameters: {'Vahp': -30.5, 'Vth': -23.0, 'Vmax': 29.5, 't_ref': 5.5, 'R': 0.4, 'tau_m': 22.5, 'R_adp': 0.8, 'tau_w': 42.5, 'a': 67.0, 'delT': 2.5}. Best is trial 483 with value: 2.0.[0m
2021-04-07 10:02:25.955655: I tensorflow/compiler/jit/xla_gpu_device.cc:99] Not creating XLA devices, tf_xla_enable_xla_devices not set
mse_error/peak_error 0 206
[32m[I 2021-04-07 10:02:47,707][0m Trial 728 finished with value: 206.0 and parameters: {'Vahp': -31.5, 'Vth': -23.0, 'Vmax': 29.5, 't_ref': 5.0, 'R': 0.5, 'tau_m': 24.5, 'R_adp': 0.8, 'tau_w': 39.0, 'a': 67.5, 'delT': 3.0}. Best is trial 483 with value: 2.0.[0m
2021-04-07 10:02:47.971026: I tensorflow/compiler/jit/xla_gpu_device.cc:99] Not creating XLA devices, tf_xla_enable_xla_devices not set
mse_error/peak_error 0 14.0
[32m[I 2021-04-07 10:03:09,934][0m Trial 729 finished with value: 14.0 and parameters: {'Vahp': -32.5, 'Vth': -22.5, 'Vmax': 30.0, 't_ref': 5.5, 'R': 0.4, 'tau_m': 23.0, 'R_adp': 0.8, 'tau_w': 39.0, 'a': 65.0, 'delT': 2.5}. Best is trial 483 with value: 2.0.[0m
2021-04-07 10:03:10.199959: I tensorflow/compiler/jit/xla_gpu_device.cc:99] Not creating XLA devices, tf_xla_enable_xla_devices not set
mse_error/peak_error 0 504
[32m[I 2021-04-07 10:03:32,362][0m Trial 730 finished with value: 504.0 and parameters: {'Vahp': -34.5, 'Vth': -22.5, 'Vmax': 29.0, 't_ref': 5.5, 'R': 0.4, 'tau_m': 21.5, 'R_adp': 0.2, 'tau_w': 42.0, 'a': 64.5, 'delT': 2.5}. Best is trial 483 with value: 2.0.[0m
2021-04-07 10:03:32.637554: I tensorflow/compiler/jit/xla_gpu_device.cc:99] Not creating XLA devices, tf_xla_enable_xla_devices not set
mse_error/peak_error 0 39.0
[32m[I 2021-04-07 10:03:54,985][0m Trial 731 finished with value: 39.0 and parameters: {'Vahp': -33.0, 'Vth': -22.5, 'Vmax': 30.0, 't_ref': 5.0, 'R': 0.4, 'tau_m': 26.0, 'R_adp': 0.8, 'tau_w': 40.0, 'a': 64.0, 'delT': 3.5}. Best is trial 483 with value: 2.0.[0m
2021-04-07 10:03:55.277170: I tensorflow/compiler/jit/xla_gpu_device.cc:99] Not creating XLA devices, tf_xla_enable_xla_devices not set
mse_error/peak_error 0 133
[32m[I 2021-04-07 10:04:17,640][0m Trial 732 finished with value: 133.0 and parameters: {'Vahp': -32.0, 'Vth': -22.5, 'Vmax': 29.0, 't_ref': 6.0, 'R': 0.4, 'tau_m': 24.0, 'R_adp': 0.8, 'tau_w': 37.5, 'a': 59.5, 'delT': 2.5}. Best is trial 483 with value: 2.0.[0m
2021-04-07 10:04:17.933230: I tensorflow/compiler/jit/xla_gpu_device.cc:99] Not creating XLA devices, tf_xla_enable_xla_devices not set
mse_error/peak_error 0 43.0
[32m[I 2021-04-07 10:04:40,368][0m Trial 733 finished with value: 43.0 and parameters: {'Vahp': -31.5, 'Vth': -23.0, 'Vmax': 29.5, 't_ref': 5.0, 'R': 0.4, 'tau_m': 27.0, 'R_adp': 0.8, 'tau_w': 41.0, 'a': 66.5, 'delT': 3.0}. Best is trial 483 with value: 2.0.[0m
2021-04-07 10:04:40.651168: I tensorflow/compiler/jit/xla_gpu_device.cc:99] Not creating XLA devices, tf_xla_enable_xla_devices not set
mse_error/peak_error 0 68.0
[32m[I 2021-04-07 10:05:02,828][0m Trial 734 finished with value: 68.0 and parameters: {'Vahp': -31.0, 'Vth': -23.0, 'Vmax': 30.5, 't_ref': 5.0, 'R': 0.4, 'tau_m': 19.0, 'R_adp': 0.8, 'tau_w': 39.5, 'a': 67.5, 'delT': 2.5}. Best is trial 483 with value: 2.0.[0m
2021-04-07 10:05:03.092010: I tensorflow/compiler/jit/xla_gpu_device.cc:99] Not creating XLA devices, tf_xla_enable_xla_devices not set
mse_error/peak_error 0 16.0
[32m[I 2021-04-07 10:05:25,299][0m Trial 735 finished with value: 16.0 and parameters: {'Vahp': -31.0, 'Vth': -23.0, 'Vmax': 30.0, 't_ref': 5.0, 'R': 0.4, 'tau_m': 26.0, 'R_adp': 0.8, 'tau_w': 39.0, 'a': 70.0, 'delT': 2.5}. Best is trial 483 with value: 2.0.[0m
2021-04-07 10:05:25.564488: I tensorflow/compiler/jit/xla_gpu_device.cc:99] Not creating XLA devices, tf_xla_enable_xla_devices not set
mse_error/peak_error 0 37.0
[32m[I 2021-04-07 10:05:47,892][0m Trial 736 finished with value: 37.0 and parameters: {'Vahp': -30.0, 'Vth': -23.0, 'Vmax': 30.5, 't_ref': 5.5, 'R': 0.4, 'tau_m': 27.5, 'R_adp': 0.8, 'tau_w': 36.5, 'a': 68.5, 'delT': 2.5}. Best is trial 483 with value: 2.0.[0m
2021-04-07 10:05:48.157703: I tensorflow/compiler/jit/xla_gpu_device.cc:99] Not creating XLA devices, tf_xla_enable_xla_devices not set
mse_error/peak_error 0 157
[32m[I 2021-04-07 10:06:10,510][0m Trial 737 finished with value: 157.0 and parameters: {'Vahp': -32.5, 'Vth': -26.0, 'Vmax': 29.5, 't_ref': 5.5, 'R': 0.4, 'tau_m': 24.5, 'R_adp': 0.8, 'tau_w': 35.5, 'a': 62.5, 'delT': 2.0}. Best is trial 483 with value: 2.0.[0m
2021-04-07 10:06:10.785042: I tensorflow/compiler/jit/xla_gpu_device.cc:99] Not creating XLA devices, tf_xla_enable_xla_devices not set
mse_error/peak_error 0 364
[32m[I 2021-04-07 10:06:33,011][0m Trial 738 finished with value: 364.0 and parameters: {'Vahp': -29.5, 'Vth': -23.0, 'Vmax': 30.5, 't_ref': 5.0, 'R': 0.30000000000000004, 'tau_m': 28.5, 'R_adp': 0.8, 'tau_w': 37.5, 'a': 65.0, 'delT': 2.5}. Best is trial 483 with value: 2.0.[0m
2021-04-07 10:06:33.277944: I tensorflow/compiler/jit/xla_gpu_device.cc:99] Not creating XLA devices, tf_xla_enable_xla_devices not set
mse_error/peak_error 0 149
[32m[I 2021-04-07 10:06:56,005][0m Trial 739 finished with value: 149.0 and parameters: {'Vahp': -29.5, 'Vth': -23.0, 'Vmax': 30.0, 't_ref': 4.5, 'R': 0.4, 'tau_m': 30.5, 'R_adp': 0.6, 'tau_w': 35.0, 'a': 69.0, 'delT': 2.0}. Best is trial 483 with value: 2.0.[0m
2021-04-07 10:06:56.274278: I tensorflow/compiler/jit/xla_gpu_device.cc:99] Not creating XLA devices, tf_xla_enable_xla_devices not set
mse_error/peak_error 0 3.0
[32m[I 2021-04-07 10:07:18,944][0m Trial 740 finished with value: 3.0 and parameters: {'Vahp': -30.5, 'Vth': -23.0, 'Vmax': 30.5, 't_ref': 5.0, 'R': 0.4, 'tau_m': 26.0, 'R_adp': 0.8, 'tau_w': 37.0, 'a': 71.0, 'delT': 2.0}. Best is trial 483 with value: 2.0.[0m
2021-04-07 10:07:19.212328: I tensorflow/compiler/jit/xla_gpu_device.cc:99] Not creating XLA devices, tf_xla_enable_xla_devices not set
mse_error/peak_error 0 19.0
[32m[I 2021-04-07 10:07:41,758][0m Trial 741 finished with value: 19.0 and parameters: {'Vahp': -30.5, 'Vth': -23.0, 'Vmax': 30.5, 't_ref': 5.0, 'R': 0.4, 'tau_m': 25.0, 'R_adp': 0.8, 'tau_w': 42.0, 'a': 69.0, 'delT': 2.5}. Best is trial 483 with value: 2.0.[0m
2021-04-07 10:07:42.021490: I tensorflow/compiler/jit/xla_gpu_device.cc:99] Not creating XLA devices, tf_xla_enable_xla_devices not set
mse_error/peak_error 0 11.0
[32m[I 2021-04-07 10:08:04,765][0m Trial 742 finished with value: 11.0 and parameters: {'Vahp': -30.5, 'Vth': -23.0, 'Vmax': 30.5, 't_ref': 5.5, 'R': 0.4, 'tau_m': 26.0, 'R_adp': 0.8, 'tau_w': 38.0, 'a': 66.5, 'delT': 2.0}. Best is trial 483 with value: 2.0.[0m
2021-04-07 10:08:05.029394: I tensorflow/compiler/jit/xla_gpu_device.cc:99] Not creating XLA devices, tf_xla_enable_xla_devices not set
mse_error/peak_error 0 47.0
[32m[I 2021-04-07 10:08:27,932][0m Trial 743 finished with value: 47.0 and parameters: {'Vahp': -30.5, 'Vth': -23.0, 'Vmax': 37.0, 't_ref': 5.5, 'R': 0.4, 'tau_m': 21.5, 'R_adp': 0.8, 'tau_w': 40.5, 'a': 61.5, 'delT': 2.5}. Best is trial 483 with value: 2.0.[0m
2021-04-07 10:08:28.202061: I tensorflow/compiler/jit/xla_gpu_device.cc:99] Not creating XLA devices, tf_xla_enable_xla_devices not set
mse_error/peak_error 0 330
[32m[I 2021-04-07 10:08:50,881][0m Trial 744 finished with value: 330.0 and parameters: {'Vahp': -30.0, 'Vth': -23.0, 'Vmax': 30.5, 't_ref': 5.5, 'R': 0.5, 'tau_m': 23.0, 'R_adp': 0.8, 'tau_w': 37.0, 'a': 65.5, 'delT': 2.0}. Best is trial 483 with value: 2.0.[0m
2021-04-07 10:08:51.145382: I tensorflow/compiler/jit/xla_gpu_device.cc:99] Not creating XLA devices, tf_xla_enable_xla_devices not set
mse_error/peak_error 0 28.0
[32m[I 2021-04-07 10:09:13,982][0m Trial 745 finished with value: 28.0 and parameters: {'Vahp': -29.5, 'Vth': -23.0, 'Vmax': 30.5, 't_ref': 6.0, 'R': 0.4, 'tau_m': 25.0, 'R_adp': 0.8, 'tau_w': 38.0, 'a': 64.0, 'delT': 2.0}. Best is trial 483 with value: 2.0.[0m
2021-04-07 10:09:14.247298: I tensorflow/compiler/jit/xla_gpu_device.cc:99] Not creating XLA devices, tf_xla_enable_xla_devices not set
mse_error/peak_error 0 12.0
[32m[I 2021-04-07 10:09:36,941][0m Trial 746 finished with value: 12.0 and parameters: {'Vahp': -31.5, 'Vth': -23.5, 'Vmax': 29.5, 't_ref': 5.0, 'R': 0.4, 'tau_m': 27.0, 'R_adp': 0.8, 'tau_w': 42.5, 'a': 70.0, 'delT': 2.0}. Best is trial 483 with value: 2.0.[0m
2021-04-07 10:09:37.208529: I tensorflow/compiler/jit/xla_gpu_device.cc:99] Not creating XLA devices, tf_xla_enable_xla_devices not set
mse_error/peak_error 0 12.0
