[32m[I 2021-04-07 08:13:28,979][0m Trial 241 finished with value: 32.0 and parameters: {'Vahp': -27.0, 'Vth': -22.0, 'Vmax': 25.5, 't_ref': 2.5, 'R': 0.4, 'tau_m': 26.5, 'R_adp': 0.7000000000000001, 'tau_w': 46.0, 'a': 77.5, 'delT': 1.5}. Best is trial 227 with value: 13.0.[0m
2021-04-07 08:13:29.202856: I tensorflow/compiler/jit/xla_gpu_device.cc:99] Not creating XLA devices, tf_xla_enable_xla_devices not set
mse_error/peak_error 0 33.0
[32m[I 2021-04-07 08:13:34,969][0m Trial 242 finished with value: 33.0 and parameters: {'Vahp': -26.5, 'Vth': -22.0, 'Vmax': 25.5, 't_ref': 2.5, 'R': 0.4, 'tau_m': 26.0, 'R_adp': 0.7000000000000001, 'tau_w': 46.5, 'a': 80.0, 'delT': 2.0}. Best is trial 227 with value: 13.0.[0m
2021-04-07 08:13:35.190824: I tensorflow/compiler/jit/xla_gpu_device.cc:99] Not creating XLA devices, tf_xla_enable_xla_devices not set
mse_error/peak_error 0 33.0
[32m[I 2021-04-07 08:13:41,088][0m Trial 243 finished with value: 33.0 and parameters: {'Vahp': -26.5, 'Vth': -22.0, 'Vmax': 25.5, 't_ref': 2.5, 'R': 0.4, 'tau_m': 27.0, 'R_adp': 0.7000000000000001, 'tau_w': 46.0, 'a': 79.0, 'delT': 2.0}. Best is trial 227 with value: 13.0.[0m
2021-04-07 08:13:41.323387: I tensorflow/compiler/jit/xla_gpu_device.cc:99] Not creating XLA devices, tf_xla_enable_xla_devices not set
mse_error/peak_error 0 53.0
[32m[I 2021-04-07 08:13:47,191][0m Trial 244 finished with value: 53.0 and parameters: {'Vahp': -26.5, 'Vth': -22.0, 'Vmax': 25.0, 't_ref': 2.5, 'R': 0.4, 'tau_m': 24.0, 'R_adp': 0.7000000000000001, 'tau_w': 46.0, 'a': 80.5, 'delT': 2.0}. Best is trial 227 with value: 13.0.[0m
2021-04-07 08:13:47.433010: I tensorflow/compiler/jit/xla_gpu_device.cc:99] Not creating XLA devices, tf_xla_enable_xla_devices not set
mse_error/peak_error 0 29.0
[32m[I 2021-04-07 08:13:53,299][0m Trial 245 finished with value: 29.0 and parameters: {'Vahp': -27.5, 'Vth': -22.5, 'Vmax': 25.5, 't_ref': 2.5, 'R': 0.4, 'tau_m': 26.5, 'R_adp': 0.7000000000000001, 'tau_w': 44.5, 'a': 78.0, 'delT': 1.5}. Best is trial 227 with value: 13.0.[0m
2021-04-07 08:13:53.525373: I tensorflow/compiler/jit/xla_gpu_device.cc:99] Not creating XLA devices, tf_xla_enable_xla_devices not set
mse_error/peak_error 0 28.0
[32m[I 2021-04-07 08:13:59,376][0m Trial 246 finished with value: 28.0 and parameters: {'Vahp': -28.5, 'Vth': -22.5, 'Vmax': 24.5, 't_ref': 2.5, 'R': 0.4, 'tau_m': 26.0, 'R_adp': 0.7000000000000001, 'tau_w': 44.5, 'a': 80.5, 'delT': 2.0}. Best is trial 227 with value: 13.0.[0m
2021-04-07 08:13:59.632112: I tensorflow/compiler/jit/xla_gpu_device.cc:99] Not creating XLA devices, tf_xla_enable_xla_devices not set
mse_error/peak_error 0 30.0
[32m[I 2021-04-07 08:14:05,535][0m Trial 247 finished with value: 30.0 and parameters: {'Vahp': -29.0, 'Vth': -22.5, 'Vmax': 25.0, 't_ref': 2.5, 'R': 0.4, 'tau_m': 26.5, 'R_adp': 0.7000000000000001, 'tau_w': 45.5, 'a': 80.5, 'delT': 2.0}. Best is trial 227 with value: 13.0.[0m
2021-04-07 08:14:05.762580: I tensorflow/compiler/jit/xla_gpu_device.cc:99] Not creating XLA devices, tf_xla_enable_xla_devices not set
mse_error/peak_error 0 30.0
[32m[I 2021-04-07 08:14:11,654][0m Trial 248 finished with value: 30.0 and parameters: {'Vahp': -29.5, 'Vth': -22.0, 'Vmax': 24.5, 't_ref': 2.5, 'R': 0.4, 'tau_m': 25.5, 'R_adp': 0.7000000000000001, 'tau_w': 45.0, 'a': 80.5, 'delT': 2.0}. Best is trial 227 with value: 13.0.[0m
2021-04-07 08:14:11.896640: I tensorflow/compiler/jit/xla_gpu_device.cc:99] Not creating XLA devices, tf_xla_enable_xla_devices not set
mse_error/peak_error 0 25.0
[32m[I 2021-04-07 08:14:17,803][0m Trial 249 finished with value: 25.0 and parameters: {'Vahp': -29.5, 'Vth': -22.5, 'Vmax': 24.0, 't_ref': 2.5, 'R': 0.4, 'tau_m': 24.5, 'R_adp': 0.7000000000000001, 'tau_w': 45.0, 'a': 82.0, 'delT': 2.5}. Best is trial 227 with value: 13.0.[0m
2021-04-07 08:14:18.031419: I tensorflow/compiler/jit/xla_gpu_device.cc:99] Not creating XLA devices, tf_xla_enable_xla_devices not set
mse_error/peak_error 0 45.0
[32m[I 2021-04-07 08:14:23,974][0m Trial 250 finished with value: 45.0 and parameters: {'Vahp': -30.5, 'Vth': -22.5, 'Vmax': 24.0, 't_ref': 2.5, 'R': 0.4, 'tau_m': 23.5, 'R_adp': 0.7000000000000001, 'tau_w': 45.0, 'a': 81.5, 'delT': 2.5}. Best is trial 227 with value: 13.0.[0m
2021-04-07 08:14:24.211739: I tensorflow/compiler/jit/xla_gpu_device.cc:99] Not creating XLA devices, tf_xla_enable_xla_devices not set
mse_error/peak_error 0 24.0
[32m[I 2021-04-07 08:14:30,246][0m Trial 251 finished with value: 24.0 and parameters: {'Vahp': -29.0, 'Vth': -22.5, 'Vmax': 24.5, 't_ref': 2.5, 'R': 0.4, 'tau_m': 25.0, 'R_adp': 0.7000000000000001, 'tau_w': 44.5, 'a': 82.0, 'delT': 2.5}. Best is trial 227 with value: 13.0.[0m
2021-04-07 08:14:30.466458: I tensorflow/compiler/jit/xla_gpu_device.cc:99] Not creating XLA devices, tf_xla_enable_xla_devices not set
mse_error/peak_error 0 703
[32m[I 2021-04-07 08:14:36,494][0m Trial 252 finished with value: 703.0 and parameters: {'Vahp': -29.5, 'Vth': -22.5, 'Vmax': 24.5, 't_ref': 2.5, 'R': 0.4, 'tau_m': 24.5, 'R_adp': 0.1, 'tau_w': 44.5, 'a': 84.0, 'delT': 2.5}. Best is trial 227 with value: 13.0.[0m
2021-04-07 08:14:37.020860: I tensorflow/compiler/jit/xla_gpu_device.cc:99] Not creating XLA devices, tf_xla_enable_xla_devices not set
mse_error/peak_error 0 55.0
[32m[I 2021-04-07 08:14:43,057][0m Trial 253 finished with value: 55.0 and parameters: {'Vahp': -29.0, 'Vth': -22.5, 'Vmax': 24.5, 't_ref': 3.0, 'R': 0.4, 'tau_m': 23.5, 'R_adp': 0.7000000000000001, 'tau_w': 50.0, 'a': 80.5, 'delT': 2.5}. Best is trial 227 with value: 13.0.[0m
2021-04-07 08:14:43.291584: I tensorflow/compiler/jit/xla_gpu_device.cc:99] Not creating XLA devices, tf_xla_enable_xla_devices not set
mse_error/peak_error 0 205
[32m[I 2021-04-07 08:14:49,383][0m Trial 254 finished with value: 205.0 and parameters: {'Vahp': -30.0, 'Vth': -22.5, 'Vmax': 24.0, 't_ref': 2.5, 'R': 0.5, 'tau_m': 26.0, 'R_adp': 0.7000000000000001, 'tau_w': 44.0, 'a': 82.5, 'delT': 2.5}. Best is trial 227 with value: 13.0.[0m
2021-04-07 08:14:49.620535: I tensorflow/compiler/jit/xla_gpu_device.cc:99] Not creating XLA devices, tf_xla_enable_xla_devices not set
mse_error/peak_error 0 32.0
[32m[I 2021-04-07 08:14:55,646][0m Trial 255 finished with value: 32.0 and parameters: {'Vahp': -28.5, 'Vth': -23.0, 'Vmax': 23.5, 't_ref': 3.0, 'R': 0.4, 'tau_m': 25.5, 'R_adp': 0.7000000000000001, 'tau_w': 48.5, 'a': 78.5, 'delT': 2.5}. Best is trial 227 with value: 13.0.[0m
2021-04-07 08:14:55.884050: I tensorflow/compiler/jit/xla_gpu_device.cc:99] Not creating XLA devices, tf_xla_enable_xla_devices not set
mse_error/peak_error 0 36.0
[32m[I 2021-04-07 08:15:01,940][0m Trial 256 finished with value: 36.0 and parameters: {'Vahp': -28.5, 'Vth': -23.0, 'Vmax': 23.0, 't_ref': 2.5, 'R': 0.4, 'tau_m': 23.0, 'R_adp': 0.7000000000000001, 'tau_w': 44.0, 'a': 78.5, 'delT': 2.5}. Best is trial 227 with value: 13.0.[0m
2021-04-07 08:15:02.161538: I tensorflow/compiler/jit/xla_gpu_device.cc:99] Not creating XLA devices, tf_xla_enable_xla_devices not set
mse_error/peak_error 0 421
[32m[I 2021-04-07 08:15:08,335][0m Trial 257 finished with value: 421.0 and parameters: {'Vahp': -29.0, 'Vth': -22.5, 'Vmax': 25.0, 't_ref': 3.5, 'R': 0.30000000000000004, 'tau_m': 25.5, 'R_adp': 0.7000000000000001, 'tau_w': 53.0, 'a': 81.5, 'delT': 1.5}. Best is trial 227 with value: 13.0.[0m
2021-04-07 08:15:08.561870: I tensorflow/compiler/jit/xla_gpu_device.cc:99] Not creating XLA devices, tf_xla_enable_xla_devices not set
mse_error/peak_error 0 65.0
[32m[I 2021-04-07 08:15:14,728][0m Trial 258 finished with value: 65.0 and parameters: {'Vahp': -31.0, 'Vth': -22.5, 'Vmax': 24.5, 't_ref': 3.0, 'R': 0.4, 'tau_m': 23.0, 'R_adp': 0.7000000000000001, 'tau_w': 46.0, 'a': 84.0, 'delT': 2.0}. Best is trial 227 with value: 13.0.[0m
2021-04-07 08:15:14.960138: I tensorflow/compiler/jit/xla_gpu_device.cc:99] Not creating XLA devices, tf_xla_enable_xla_devices not set
mse_error/peak_error 0 58.0
[32m[I 2021-04-07 08:15:21,189][0m Trial 259 finished with value: 58.0 and parameters: {'Vahp': -29.5, 'Vth': -23.0, 'Vmax': 25.0, 't_ref': 2.5, 'R': 0.4, 'tau_m': 26.5, 'R_adp': 0.6, 'tau_w': 43.5, 'a': 77.0, 'delT': 1.5}. Best is trial 227 with value: 13.0.[0m
2021-04-07 08:15:21.418518: I tensorflow/compiler/jit/xla_gpu_device.cc:99] Not creating XLA devices, tf_xla_enable_xla_devices not set
mse_error/peak_error 0 120
[32m[I 2021-04-07 08:15:27,637][0m Trial 260 finished with value: 120.0 and parameters: {'Vahp': -28.0, 'Vth': -22.5, 'Vmax': 24.5, 't_ref': 2.0, 'R': 0.4, 'tau_m': 24.5, 'R_adp': 0.7000000000000001, 'tau_w': 50.5, 'a': 79.5, 'delT': 2.5}. Best is trial 227 with value: 13.0.[0m
2021-04-07 08:15:27.879630: I tensorflow/compiler/jit/xla_gpu_device.cc:99] Not creating XLA devices, tf_xla_enable_xla_devices not set
mse_error/peak_error 0 854
[32m[I 2021-04-07 08:15:34,104][0m Trial 261 finished with value: 854.0 and parameters: {'Vahp': -28.0, 'Vth': -22.5, 'Vmax': 24.0, 't_ref': 13.0, 'R': 0.4, 'tau_m': 85.0, 'R_adp': 0.7000000000000001, 'tau_w': 47.0, 'a': 83.0, 'delT': 2.0}. Best is trial 227 with value: 13.0.[0m
2021-04-07 08:15:34.325438: I tensorflow/compiler/jit/xla_gpu_device.cc:99] Not creating XLA devices, tf_xla_enable_xla_devices not set
mse_error/peak_error 0 282
[32m[I 2021-04-07 08:15:40,629][0m Trial 262 finished with value: 282.0 and parameters: {'Vahp': -27.5, 'Vth': -22.5, 'Vmax': 25.5, 't_ref': 3.0, 'R': 0.30000000000000004, 'tau_m': 23.0, 'R_adp': 0.7000000000000001, 'tau_w': 45.0, 'a': 77.5, 'delT': 1.5}. Best is trial 227 with value: 13.0.[0m
2021-04-07 08:15:40.866645: I tensorflow/compiler/jit/xla_gpu_device.cc:99] Not creating XLA devices, tf_xla_enable_xla_devices not set
mse_error/peak_error 0 202
[32m[I 2021-04-07 08:15:47,182][0m Trial 263 finished with value: 202.0 and parameters: {'Vahp': -30.0, 'Vth': -23.0, 'Vmax': 24.0, 't_ref': 3.0, 'R': 0.5, 'tau_m': 26.0, 'R_adp': 0.7000000000000001, 'tau_w': 49.0, 'a': 81.5, 'delT': 2.5}. Best is trial 227 with value: 13.0.[0m
2021-04-07 08:15:47.413138: I tensorflow/compiler/jit/xla_gpu_device.cc:99] Not creating XLA devices, tf_xla_enable_xla_devices not set
mse_error/peak_error 0 50.0
[32m[I 2021-04-07 08:15:53,817][0m Trial 264 finished with value: 50.0 and parameters: {'Vahp': -28.5, 'Vth': -22.0, 'Vmax': 25.5, 't_ref': 2.5, 'R': 0.4, 'tau_m': 27.5, 'R_adp': 0.7000000000000001, 'tau_w': 43.0, 'a': 86.0, 'delT': 2.0}. Best is trial 227 with value: 13.0.[0m
2021-04-07 08:15:54.054034: I tensorflow/compiler/jit/xla_gpu_device.cc:99] Not creating XLA devices, tf_xla_enable_xla_devices not set
mse_error/peak_error 0 40.0
[32m[I 2021-04-07 08:16:00,487][0m Trial 265 finished with value: 40.0 and parameters: {'Vahp': -27.5, 'Vth': -22.0, 'Vmax': 26.0, 't_ref': 4.0, 'R': 0.4, 'tau_m': 24.5, 'R_adp': 0.7000000000000001, 'tau_w': 47.0, 'a': 77.0, 'delT': 2.0}. Best is trial 227 with value: 13.0.[0m
2021-04-07 08:16:00.745823: I tensorflow/compiler/jit/xla_gpu_device.cc:99] Not creating XLA devices, tf_xla_enable_xla_devices not set
mse_error/peak_error 0 62.0
[32m[I 2021-04-07 08:16:07,273][0m Trial 266 finished with value: 62.0 and parameters: {'Vahp': -28.5, 'Vth': -23.0, 'Vmax': 24.0, 't_ref': 3.5, 'R': 0.4, 'tau_m': 21.5, 'R_adp': 0.7000000000000001, 'tau_w': 49.0, 'a': 80.0, 'delT': 2.5}. Best is trial 227 with value: 13.0.[0m
2021-04-07 08:16:07.500777: I tensorflow/compiler/jit/xla_gpu_device.cc:99] Not creating XLA devices, tf_xla_enable_xla_devices not set
mse_error/peak_error 0 132
[32m[I 2021-04-07 08:16:13,915][0m Trial 267 finished with value: 132.0 and parameters: {'Vahp': -29.5, 'Vth': -22.5, 'Vmax': 23.5, 't_ref': 3.0, 'R': 0.4, 'tau_m': 25.5, 'R_adp': 0.8, 'tau_w': 53.0, 'a': 79.5, 'delT': 2.5}. Best is trial 227 with value: 13.0.[0m
2021-04-07 08:16:14.137775: I tensorflow/compiler/jit/xla_gpu_device.cc:99] Not creating XLA devices, tf_xla_enable_xla_devices not set
mse_error/peak_error 0 48.0
[32m[I 2021-04-07 08:16:20,641][0m Trial 268 finished with value: 48.0 and parameters: {'Vahp': -29.0, 'Vth': -21.0, 'Vmax': 23.5, 't_ref': 2.0, 'R': 0.4, 'tau_m': 22.5, 'R_adp': 0.6, 'tau_w': 45.0, 'a': 78.0, 'delT': 2.5}. Best is trial 227 with value: 13.0.[0m
2021-04-07 08:16:20.908939: I tensorflow/compiler/jit/xla_gpu_device.cc:99] Not creating XLA devices, tf_xla_enable_xla_devices not set
mse_error/peak_error 0 96.0
[32m[I 2021-04-07 08:16:27,363][0m Trial 269 finished with value: 96.0 and parameters: {'Vahp': -28.0, 'Vth': -22.5, 'Vmax': 26.5, 't_ref': 3.0, 'R': 0.4, 'tau_m': 19.5, 'R_adp': 0.7000000000000001, 'tau_w': 57.0, 'a': 76.0, 'delT': 2.0}. Best is trial 227 with value: 13.0.[0m
2021-04-07 08:16:27.600947: I tensorflow/compiler/jit/xla_gpu_device.cc:99] Not creating XLA devices, tf_xla_enable_xla_devices not set
mse_error/peak_error 0 152
[32m[I 2021-04-07 08:16:34,120][0m Trial 270 finished with value: 152.0 and parameters: {'Vahp': -30.0, 'Vth': -21.0, 'Vmax': 24.5, 't_ref': 4.0, 'R': 0.4, 'tau_m': 27.0, 'R_adp': 0.7000000000000001, 'tau_w': 51.0, 'a': 82.5, 'delT': 2.5}. Best is trial 227 with value: 13.0.[0m
2021-04-07 08:16:34.346188: I tensorflow/compiler/jit/xla_gpu_device.cc:99] Not creating XLA devices, tf_xla_enable_xla_devices not set
mse_error/peak_error 0 398
[32m[I 2021-04-07 08:16:41,010][0m Trial 271 finished with value: 398.0 and parameters: {'Vahp': -32.0, 'Vth': -22.0, 'Vmax': 25.0, 't_ref': 2.5, 'R': 0.4, 'tau_m': 28.0, 'R_adp': 0.7000000000000001, 'tau_w': 43.5, 'a': 33.0, 'delT': 1.5}. Best is trial 227 with value: 13.0.[0m
2021-04-07 08:16:41.242881: I tensorflow/compiler/jit/xla_gpu_device.cc:99] Not creating XLA devices, tf_xla_enable_xla_devices not set
mse_error/peak_error 0 45.0
[32m[I 2021-04-07 08:16:47,909][0m Trial 272 finished with value: 45.0 and parameters: {'Vahp': -30.5, 'Vth': -23.0, 'Vmax': 26.5, 't_ref': 3.5, 'R': 0.4, 'tau_m': 24.5, 'R_adp': 0.7000000000000001, 'tau_w': 48.5, 'a': 79.0, 'delT': 2.0}. Best is trial 227 with value: 13.0.[0m
2021-04-07 08:16:48.143657: I tensorflow/compiler/jit/xla_gpu_device.cc:99] Not creating XLA devices, tf_xla_enable_xla_devices not set
mse_error/peak_error 0 54.0
[32m[I 2021-04-07 08:16:54,738][0m Trial 273 finished with value: 54.0 and parameters: {'Vahp': -28.5, 'Vth': -22.5, 'Vmax': 23.5, 't_ref': 2.0, 'R': 0.4, 'tau_m': 29.0, 'R_adp': 0.7000000000000001, 'tau_w': 48.0, 'a': 76.5, 'delT': 2.5}. Best is trial 227 with value: 13.0.[0m
2021-04-07 08:16:54.965407: I tensorflow/compiler/jit/xla_gpu_device.cc:99] Not creating XLA devices, tf_xla_enable_xla_devices not set
mse_error/peak_error 0 365
[32m[I 2021-04-07 08:17:01,641][0m Trial 274 finished with value: 365.0 and parameters: {'Vahp': -27.0, 'Vth': -22.5, 'Vmax': 25.5, 't_ref': 2.5, 'R': 0.5, 'tau_m': 25.5, 'R_adp': 0.6, 'tau_w': 43.5, 'a': 78.0, 'delT': 1.5}. Best is trial 227 with value: 13.0.[0m
2021-04-07 08:17:01.864816: I tensorflow/compiler/jit/xla_gpu_device.cc:99] Not creating XLA devices, tf_xla_enable_xla_devices not set
mse_error/peak_error 0 387
[32m[I 2021-04-07 08:17:08,430][0m Trial 275 finished with value: 387.0 and parameters: {'Vahp': -29.0, 'Vth': -22.0, 'Vmax': 23.0, 't_ref': 3.0, 'R': 0.30000000000000004, 'tau_m': 22.5, 'R_adp': 0.7000000000000001, 'tau_w': 51.0, 'a': 80.5, 'delT': 2.0}. Best is trial 227 with value: 13.0.[0m
2021-04-07 08:17:08.653816: I tensorflow/compiler/jit/xla_gpu_device.cc:99] Not creating XLA devices, tf_xla_enable_xla_devices not set
mse_error/peak_error 0 160
[32m[I 2021-04-07 08:17:15,317][0m Trial 276 finished with value: 160.0 and parameters: {'Vahp': -27.0, 'Vth': -22.5, 'Vmax': 25.0, 't_ref': 1.5, 'R': 0.4, 'tau_m': 24.0, 'R_adp': 0.8, 'tau_w': 46.0, 'a': 84.5, 'delT': 1.5}. Best is trial 227 with value: 13.0.[0m
2021-04-07 08:17:15.540711: I tensorflow/compiler/jit/xla_gpu_device.cc:99] Not creating XLA devices, tf_xla_enable_xla_devices not set
mse_error/peak_error 0 68.0
[32m[I 2021-04-07 08:17:22,257][0m Trial 277 finished with value: 68.0 and parameters: {'Vahp': -28.0, 'Vth': -22.0, 'Vmax': 27.0, 't_ref': 3.5, 'R': 0.4, 'tau_m': 20.5, 'R_adp': 0.7000000000000001, 'tau_w': 43.5, 'a': 76.0, 'delT': 2.0}. Best is trial 227 with value: 13.0.[0m
2021-04-07 08:17:22.489227: I tensorflow/compiler/jit/xla_gpu_device.cc:99] Not creating XLA devices, tf_xla_enable_xla_devices not set
mse_error/peak_error 0 40.0
[32m[I 2021-04-07 08:17:29,255][0m Trial 278 finished with value: 40.0 and parameters: {'Vahp': -26.0, 'Vth': -22.5, 'Vmax': 29.5, 't_ref': 2.0, 'R': 0.4, 'tau_m': 26.5, 'R_adp': 0.7000000000000001, 'tau_w': 45.5, 'a': 82.0, 'delT': 2.5}. Best is trial 227 with value: 13.0.[0m
2021-04-07 08:17:29.480290: I tensorflow/compiler/jit/xla_gpu_device.cc:99] Not creating XLA devices, tf_xla_enable_xla_devices not set
mse_error/peak_error 0 48.0
[32m[I 2021-04-07 08:17:36,259][0m Trial 279 finished with value: 48.0 and parameters: {'Vahp': -27.0, 'Vth': -22.0, 'Vmax': 26.0, 't_ref': 2.5, 'R': 0.4, 'tau_m': 29.0, 'R_adp': 0.7000000000000001, 'tau_w': 46.5, 'a': 76.0, 'delT': 2.0}. Best is trial 227 with value: 13.0.[0m
2021-04-07 08:17:36.493439: I tensorflow/compiler/jit/xla_gpu_device.cc:99] Not creating XLA devices, tf_xla_enable_xla_devices not set
mse_error/peak_error 0 44.0
[32m[I 2021-04-07 08:17:43,311][0m Trial 280 finished with value: 44.0 and parameters: {'Vahp': -31.5, 'Vth': -21.0, 'Vmax': 24.5, 't_ref': 2.0, 'R': 0.4, 'tau_m': 25.0, 'R_adp': 0.7000000000000001, 'tau_w': 44.5, 'a': 79.0, 'delT': 3.0}. Best is trial 227 with value: 13.0.[0m
2021-04-07 08:17:43.540902: I tensorflow/compiler/jit/xla_gpu_device.cc:99] Not creating XLA devices, tf_xla_enable_xla_devices not set
mse_error/peak_error 0 21.0
[32m[I 2021-04-07 08:17:50,288][0m Trial 281 finished with value: 21.0 and parameters: {'Vahp': -26.0, 'Vth': -22.0, 'Vmax': 26.5, 't_ref': 2.5, 'R': 0.4, 'tau_m': 27.5, 'R_adp': 0.7000000000000001, 'tau_w': 42.5, 'a': 75.5, 'delT': 1.5}. Best is trial 227 with value: 13.0.[0m
2021-04-07 08:17:50.520355: I tensorflow/compiler/jit/xla_gpu_device.cc:99] Not creating XLA devices, tf_xla_enable_xla_devices not set
mse_error/peak_error 0 43.0
[32m[I 2021-04-07 08:17:57,374][0m Trial 282 finished with value: 43.0 and parameters: {'Vahp': -26.0, 'Vth': -22.5, 'Vmax': 27.0, 't_ref': 3.0, 'R': 0.4, 'tau_m': 29.0, 'R_adp': 0.7000000000000001, 'tau_w': 39.5, 'a': 75.0, 'delT': 2.5}. Best is trial 227 with value: 13.0.[0m
2021-04-07 08:17:57.628915: I tensorflow/compiler/jit/xla_gpu_device.cc:99] Not creating XLA devices, tf_xla_enable_xla_devices not set
mse_error/peak_error 0 705
[32m[I 2021-04-07 08:18:04,657][0m Trial 283 finished with value: 705.0 and parameters: {'Vahp': -26.0, 'Vth': -22.0, 'Vmax': 26.5, 't_ref': 2.5, 'R': 0.4, 'tau_m': 27.5, 'R_adp': 0.7000000000000001, 'tau_w': 42.5, 'a': 20.0, 'delT': 1.5}. Best is trial 227 with value: 13.0.[0m
2021-04-07 08:18:04.885127: I tensorflow/compiler/jit/xla_gpu_device.cc:99] Not creating XLA devices, tf_xla_enable_xla_devices not set
mse_error/peak_error 0 66.0
[32m[I 2021-04-07 08:18:11,811][0m Trial 284 finished with value: 66.0 and parameters: {'Vahp': -27.0, 'Vth': -22.0, 'Vmax': 25.5, 't_ref': 1.5, 'R': 0.4, 'tau_m': 22.0, 'R_adp': 0.7000000000000001, 'tau_w': 42.5, 'a': 77.0, 'delT': 1.5}. Best is trial 227 with value: 13.0.[0m
2021-04-07 08:18:12.037083: I tensorflow/compiler/jit/xla_gpu_device.cc:99] Not creating XLA devices, tf_xla_enable_xla_devices not set
mse_error/peak_error 0 257
[32m[I 2021-04-07 08:18:19,006][0m Trial 285 finished with value: 257.0 and parameters: {'Vahp': -29.5, 'Vth': -23.0, 'Vmax': 29.0, 't_ref': 3.0, 'R': 0.30000000000000004, 'tau_m': 24.0, 'R_adp': 0.7000000000000001, 'tau_w': 39.5, 'a': 72.5, 'delT': 2.0}. Best is trial 227 with value: 13.0.[0m
2021-04-07 08:18:19.240998: I tensorflow/compiler/jit/xla_gpu_device.cc:99] Not creating XLA devices, tf_xla_enable_xla_devices not set
mse_error/peak_error 0 48.0
[32m[I 2021-04-07 08:18:26,291][0m Trial 286 finished with value: 48.0 and parameters: {'Vahp': -26.5, 'Vth': -22.0, 'Vmax': 27.0, 't_ref': 2.0, 'R': 0.4, 'tau_m': 30.0, 'R_adp': 0.8, 'tau_w': 42.5, 'a': 74.5, 'delT': 1.5}. Best is trial 227 with value: 13.0.[0m
2021-04-07 08:18:26.531183: I tensorflow/compiler/jit/xla_gpu_device.cc:99] Not creating XLA devices, tf_xla_enable_xla_devices not set
mse_error/peak_error 0 229
[32m[I 2021-04-07 08:18:33,527][0m Trial 287 finished with value: 229.0 and parameters: {'Vahp': -25.5, 'Vth': -22.5, 'Vmax': 26.5, 't_ref': 2.5, 'R': 0.5, 'tau_m': 27.0, 'R_adp': 0.7000000000000001, 'tau_w': 44.5, 'a': 80.5, 'delT': 1.5}. Best is trial 227 with value: 13.0.[0m
2021-04-07 08:18:33.765012: I tensorflow/compiler/jit/xla_gpu_device.cc:99] Not creating XLA devices, tf_xla_enable_xla_devices not set
mse_error/peak_error 0 36.0
[32m[I 2021-04-07 08:18:40,871][0m Trial 288 finished with value: 36.0 and parameters: {'Vahp': -27.0, 'Vth': -22.0, 'Vmax': 26.0, 't_ref': 2.0, 'R': 0.4, 'tau_m': 30.0, 'R_adp': 0.7000000000000001, 'tau_w': 47.0, 'a': 66.0, 'delT': 1.5}. Best is trial 227 with value: 13.0.[0m
2021-04-07 08:18:41.120092: I tensorflow/compiler/jit/xla_gpu_device.cc:99] Not creating XLA devices, tf_xla_enable_xla_devices not set
mse_error/peak_error 0 944
[32m[I 2021-04-07 08:18:48,202][0m Trial 289 finished with value: 944.0 and parameters: {'Vahp': -28.0, 'Vth': -21.0, 'Vmax': 27.5, 't_ref': 3.0, 'R': 0.4, 'tau_m': 20.0, 'R_adp': 0.6, 'tau_w': 40.0, 'a': 7.5, 'delT': 2.5}. Best is trial 227 with value: 13.0.[0m
2021-04-07 08:18:48.455855: I tensorflow/compiler/jit/xla_gpu_device.cc:99] Not creating XLA devices, tf_xla_enable_xla_devices not set
mse_error/peak_error 0 34.0
