[32m[I 2021-04-07 08:18:55,445][0m Trial 290 finished with value: 34.0 and parameters: {'Vahp': -28.5, 'Vth': -21.0, 'Vmax': 24.0, 't_ref': 2.5, 'R': 0.4, 'tau_m': 25.0, 'R_adp': 0.7000000000000001, 'tau_w': 48.0, 'a': 78.5, 'delT': 2.0}. Best is trial 227 with value: 13.0.[0m
2021-04-07 08:18:55.689544: I tensorflow/compiler/jit/xla_gpu_device.cc:99] Not creating XLA devices, tf_xla_enable_xla_devices not set
mse_error/peak_error 0 10.0
[32m[I 2021-04-07 08:19:02,820][0m Trial 291 finished with value: 10.0 and parameters: {'Vahp': -27.5, 'Vth': -22.0, 'Vmax': 26.0, 't_ref': 3.5, 'R': 0.4, 'tau_m': 27.5, 'R_adp': 0.7000000000000001, 'tau_w': 42.0, 'a': 71.5, 'delT': 2.0}. Best is trial 291 with value: 10.0.[0m
2021-04-07 08:19:03.058584: I tensorflow/compiler/jit/xla_gpu_device.cc:99] Not creating XLA devices, tf_xla_enable_xla_devices not set
mse_error/peak_error 0 200
[32m[I 2021-04-07 08:19:10,003][0m Trial 292 finished with value: 200.0 and parameters: {'Vahp': -26.0, 'Vth': -21.5, 'Vmax': 26.5, 't_ref': 4.0, 'R': 0.5, 'tau_m': 28.0, 'R_adp': 0.7000000000000001, 'tau_w': 42.5, 'a': 71.5, 'delT': 2.0}. Best is trial 291 with value: 10.0.[0m
2021-04-07 08:19:10.231777: I tensorflow/compiler/jit/xla_gpu_device.cc:99] Not creating XLA devices, tf_xla_enable_xla_devices not set
mse_error/peak_error 0 170
[32m[I 2021-04-07 08:19:17,238][0m Trial 293 finished with value: 170.0 and parameters: {'Vahp': -24.5, 'Vth': -21.5, 'Vmax': 27.0, 't_ref': 1.5, 'R': 0.4, 'tau_m': 23.5, 'R_adp': 0.7000000000000001, 'tau_w': 36.5, 'a': 67.5, 'delT': 2.0}. Best is trial 291 with value: 10.0.[0m
2021-04-07 08:19:17.468179: I tensorflow/compiler/jit/xla_gpu_device.cc:99] Not creating XLA devices, tf_xla_enable_xla_devices not set
mse_error/peak_error 0 64.0
[32m[I 2021-04-07 08:19:24,469][0m Trial 294 finished with value: 64.0 and parameters: {'Vahp': -27.5, 'Vth': -22.0, 'Vmax': 29.0, 't_ref': 3.5, 'R': 0.4, 'tau_m': 22.0, 'R_adp': 0.7000000000000001, 'tau_w': 40.0, 'a': 71.0, 'delT': 2.0}. Best is trial 291 with value: 10.0.[0m
2021-04-07 08:19:24.703360: I tensorflow/compiler/jit/xla_gpu_device.cc:99] Not creating XLA devices, tf_xla_enable_xla_devices not set
mse_error/peak_error 0 22.0
[32m[I 2021-04-07 08:19:31,916][0m Trial 295 finished with value: 22.0 and parameters: {'Vahp': -25.5, 'Vth': -22.5, 'Vmax': 30.0, 't_ref': 2.0, 'R': 0.4, 'tau_m': 30.0, 'R_adp': 0.7000000000000001, 'tau_w': 38.5, 'a': 70.0, 'delT': 2.0}. Best is trial 291 with value: 10.0.[0m
2021-04-07 08:19:32.150539: I tensorflow/compiler/jit/xla_gpu_device.cc:99] Not creating XLA devices, tf_xla_enable_xla_devices not set
mse_error/peak_error 0 329
[32m[I 2021-04-07 08:19:39,430][0m Trial 296 finished with value: 329.0 and parameters: {'Vahp': -25.5, 'Vth': -22.5, 'Vmax': 30.0, 't_ref': 4.0, 'R': 0.30000000000000004, 'tau_m': 30.5, 'R_adp': 0.6, 'tau_w': 35.0, 'a': 73.5, 'delT': 2.0}. Best is trial 291 with value: 10.0.[0m
2021-04-07 08:19:39.661707: I tensorflow/compiler/jit/xla_gpu_device.cc:99] Not creating XLA devices, tf_xla_enable_xla_devices not set
mse_error/peak_error 0 38.0
[32m[I 2021-04-07 08:19:46,916][0m Trial 297 finished with value: 38.0 and parameters: {'Vahp': -30.5, 'Vth': -21.0, 'Vmax': 30.5, 't_ref': 2.0, 'R': 0.4, 'tau_m': 26.5, 'R_adp': 0.8, 'tau_w': 39.0, 'a': 72.0, 'delT': 2.5}. Best is trial 291 with value: 10.0.[0m
2021-04-07 08:19:47.173386: I tensorflow/compiler/jit/xla_gpu_device.cc:99] Not creating XLA devices, tf_xla_enable_xla_devices not set
mse_error/peak_error 0 45.0
[32m[I 2021-04-07 08:19:54,402][0m Trial 298 finished with value: 45.0 and parameters: {'Vahp': -26.5, 'Vth': -22.5, 'Vmax': 30.0, 't_ref': 1.0, 'R': 0.4, 'tau_m': 28.0, 'R_adp': 0.7000000000000001, 'tau_w': 37.0, 'a': 69.5, 'delT': 2.0}. Best is trial 291 with value: 10.0.[0m
2021-04-07 08:19:54.661285: I tensorflow/compiler/jit/xla_gpu_device.cc:99] Not creating XLA devices, tf_xla_enable_xla_devices not set
mse_error/peak_error 0 18.0
[32m[I 2021-04-07 08:20:02,025][0m Trial 299 finished with value: 18.0 and parameters: {'Vahp': -25.5, 'Vth': -22.5, 'Vmax': 29.5, 't_ref': 2.0, 'R': 0.4, 'tau_m': 30.5, 'R_adp': 0.7000000000000001, 'tau_w': 42.0, 'a': 69.0, 'delT': 2.0}. Best is trial 291 with value: 10.0.[0m
2021-04-07 08:20:02.274446: I tensorflow/compiler/jit/xla_gpu_device.cc:99] Not creating XLA devices, tf_xla_enable_xla_devices not set
mse_error/peak_error 0 236
[32m[I 2021-04-07 08:20:09,580][0m Trial 300 finished with value: 236.0 and parameters: {'Vahp': -24.0, 'Vth': -22.5, 'Vmax': 29.5, 't_ref': 1.5, 'R': 0.4, 'tau_m': 18.5, 'R_adp': 0.7000000000000001, 'tau_w': 42.5, 'a': 66.0, 'delT': 2.0}. Best is trial 291 with value: 10.0.[0m
2021-04-07 08:20:09.838512: I tensorflow/compiler/jit/xla_gpu_device.cc:99] Not creating XLA devices, tf_xla_enable_xla_devices not set
mse_error/peak_error 0 46.0
[32m[I 2021-04-07 08:20:17,072][0m Trial 301 finished with value: 46.0 and parameters: {'Vahp': -25.5, 'Vth': -22.5, 'Vmax': 29.0, 't_ref': 2.0, 'R': 0.4, 'tau_m': 31.0, 'R_adp': 0.7000000000000001, 'tau_w': 37.5, 'a': 68.0, 'delT': 2.5}. Best is trial 291 with value: 10.0.[0m
2021-04-07 08:20:17.310328: I tensorflow/compiler/jit/xla_gpu_device.cc:99] Not creating XLA devices, tf_xla_enable_xla_devices not set
mse_error/peak_error 0 323
[32m[I 2021-04-07 08:20:24,504][0m Trial 302 finished with value: 323.0 and parameters: {'Vahp': -26.0, 'Vth': -22.5, 'Vmax': 31.0, 't_ref': 1.5, 'R': 0.5, 'tau_m': 30.0, 'R_adp': 0.7000000000000001, 'tau_w': 39.5, 'a': 70.5, 'delT': 2.0}. Best is trial 291 with value: 10.0.[0m
2021-04-07 08:20:24.757652: I tensorflow/compiler/jit/xla_gpu_device.cc:99] Not creating XLA devices, tf_xla_enable_xla_devices not set
mse_error/peak_error 0 64.0
[32m[I 2021-04-07 08:20:31,968][0m Trial 303 finished with value: 64.0 and parameters: {'Vahp': -29.5, 'Vth': -23.0, 'Vmax': 29.5, 't_ref': 2.5, 'R': 0.4, 'tau_m': 23.5, 'R_adp': 0.7000000000000001, 'tau_w': 44.0, 'a': 72.0, 'delT': 2.0}. Best is trial 291 with value: 10.0.[0m
2021-04-07 08:20:32.222603: I tensorflow/compiler/jit/xla_gpu_device.cc:99] Not creating XLA devices, tf_xla_enable_xla_devices not set
mse_error/peak_error 0 320
[32m[I 2021-04-07 08:20:39,444][0m Trial 304 finished with value: 320.0 and parameters: {'Vahp': -27.5, 'Vth': -22.5, 'Vmax': 30.5, 't_ref': 2.0, 'R': 0.4, 'tau_m': 21.0, 'R_adp': 0.7000000000000001, 'tau_w': 41.5, 'a': 52.0, 'delT': 2.5}. Best is trial 291 with value: 10.0.[0m
2021-04-07 08:20:39.681354: I tensorflow/compiler/jit/xla_gpu_device.cc:99] Not creating XLA devices, tf_xla_enable_xla_devices not set
mse_error/peak_error 0 23.0
[32m[I 2021-04-07 08:20:46,936][0m Trial 305 finished with value: 23.0 and parameters: {'Vahp': -25.5, 'Vth': -22.5, 'Vmax': 28.5, 't_ref': 2.5, 'R': 0.4, 'tau_m': 25.5, 'R_adp': 0.7000000000000001, 'tau_w': 38.5, 'a': 85.5, 'delT': 2.0}. Best is trial 291 with value: 10.0.[0m
2021-04-07 08:20:47.184497: I tensorflow/compiler/jit/xla_gpu_device.cc:99] Not creating XLA devices, tf_xla_enable_xla_devices not set
mse_error/peak_error 0 32.0
[32m[I 2021-04-07 08:20:54,560][0m Trial 306 finished with value: 32.0 and parameters: {'Vahp': -24.5, 'Vth': -22.5, 'Vmax': 28.5, 't_ref': 2.0, 'R': 0.4, 'tau_m': 25.5, 'R_adp': 0.7000000000000001, 'tau_w': 34.5, 'a': 87.0, 'delT': 3.0}. Best is trial 291 with value: 10.0.[0m
2021-04-07 08:20:54.795136: I tensorflow/compiler/jit/xla_gpu_device.cc:99] Not creating XLA devices, tf_xla_enable_xla_devices not set
mse_error/peak_error 0 44.0
[32m[I 2021-04-07 08:21:02,133][0m Trial 307 finished with value: 44.0 and parameters: {'Vahp': -25.5, 'Vth': -22.5, 'Vmax': 29.5, 't_ref': 3.0, 'R': 0.4, 'tau_m': 24.5, 'R_adp': 0.6, 'tau_w': 38.0, 'a': 84.0, 'delT': 2.0}. Best is trial 291 with value: 10.0.[0m
2021-04-07 08:21:02.366553: I tensorflow/compiler/jit/xla_gpu_device.cc:99] Not creating XLA devices, tf_xla_enable_xla_devices not set
mse_error/peak_error 0 502
[32m[I 2021-04-07 08:21:09,746][0m Trial 308 finished with value: 502.0 and parameters: {'Vahp': -24.0, 'Vth': -22.5, 'Vmax': 29.0, 't_ref': 1.5, 'R': 0.30000000000000004, 'tau_m': 26.5, 'R_adp': 0.8, 'tau_w': 36.0, 'a': 88.0, 'delT': 2.0}. Best is trial 291 with value: 10.0.[0m
2021-04-07 08:21:09.973283: I tensorflow/compiler/jit/xla_gpu_device.cc:99] Not creating XLA devices, tf_xla_enable_xla_devices not set
mse_error/peak_error 0 52.0
[32m[I 2021-04-07 08:21:17,375][0m Trial 309 finished with value: 52.0 and parameters: {'Vahp': -25.5, 'Vth': -22.5, 'Vmax': 30.0, 't_ref': 2.5, 'R': 0.4, 'tau_m': 22.5, 'R_adp': 0.7000000000000001, 'tau_w': 44.5, 'a': 85.5, 'delT': 2.5}. Best is trial 291 with value: 10.0.[0m
2021-04-07 08:21:17.624365: I tensorflow/compiler/jit/xla_gpu_device.cc:99] Not creating XLA devices, tf_xla_enable_xla_devices not set
mse_error/peak_error 0 28.0
[32m[I 2021-04-07 08:21:25,060][0m Trial 310 finished with value: 28.0 and parameters: {'Vahp': -26.0, 'Vth': -22.5, 'Vmax': 28.5, 't_ref': 3.0, 'R': 0.4, 'tau_m': 30.5, 'R_adp': 0.7000000000000001, 'tau_w': 40.0, 'a': 70.0, 'delT': 2.0}. Best is trial 291 with value: 10.0.[0m
2021-04-07 08:21:25.288087: I tensorflow/compiler/jit/xla_gpu_device.cc:99] Not creating XLA devices, tf_xla_enable_xla_devices not set
mse_error/peak_error 0 158
[32m[I 2021-04-07 08:21:32,744][0m Trial 311 finished with value: 158.0 and parameters: {'Vahp': -25.5, 'Vth': -22.5, 'Vmax': 28.5, 't_ref': 3.0, 'R': 0.4, 'tau_m': 31.5, 'R_adp': 0.7000000000000001, 'tau_w': 33.0, 'a': 69.0, 'delT': 2.5}. Best is trial 291 with value: 10.0.[0m
2021-04-07 08:21:32.977786: I tensorflow/compiler/jit/xla_gpu_device.cc:99] Not creating XLA devices, tf_xla_enable_xla_devices not set
mse_error/peak_error 0 90.0
[32m[I 2021-04-07 08:21:40,515][0m Trial 312 finished with value: 90.0 and parameters: {'Vahp': -26.5, 'Vth': -21.5, 'Vmax': 28.5, 't_ref': 3.0, 'R': 0.4, 'tau_m': 33.5, 'R_adp': 0.7000000000000001, 'tau_w': 39.0, 'a': 67.0, 'delT': 2.5}. Best is trial 291 with value: 10.0.[0m
2021-04-07 08:21:40.746791: I tensorflow/compiler/jit/xla_gpu_device.cc:99] Not creating XLA devices, tf_xla_enable_xla_devices not set
mse_error/peak_error 0 28.0
[32m[I 2021-04-07 08:21:48,235][0m Trial 313 finished with value: 28.0 and parameters: {'Vahp': -24.5, 'Vth': -22.5, 'Vmax': 29.0, 't_ref': 3.5, 'R': 0.4, 'tau_m': 30.0, 'R_adp': 0.7000000000000001, 'tau_w': 40.0, 'a': 70.5, 'delT': 2.0}. Best is trial 291 with value: 10.0.[0m
2021-04-07 08:21:48.467315: I tensorflow/compiler/jit/xla_gpu_device.cc:99] Not creating XLA devices, tf_xla_enable_xla_devices not set
mse_error/peak_error 0 477
[32m[I 2021-04-07 08:21:56,022][0m Trial 314 finished with value: 477.0 and parameters: {'Vahp': -23.5, 'Vth': -22.5, 'Vmax': 29.5, 't_ref': 3.5, 'R': 0.4, 'tau_m': 30.0, 'R_adp': 0.2, 'tau_w': 37.0, 'a': 64.0, 'delT': 2.0}. Best is trial 291 with value: 10.0.[0m
2021-04-07 08:21:56.271698: I tensorflow/compiler/jit/xla_gpu_device.cc:99] Not creating XLA devices, tf_xla_enable_xla_devices not set
mse_error/peak_error 0 397
[32m[I 2021-04-07 08:22:03,791][0m Trial 315 finished with value: 397.0 and parameters: {'Vahp': -24.5, 'Vth': -22.5, 'Vmax': 31.0, 't_ref': 4.5, 'R': 0.30000000000000004, 'tau_m': 29.5, 'R_adp': 0.8, 'tau_w': 40.0, 'a': 70.0, 'delT': 2.0}. Best is trial 291 with value: 10.0.[0m
2021-04-07 08:22:04.027725: I tensorflow/compiler/jit/xla_gpu_device.cc:99] Not creating XLA devices, tf_xla_enable_xla_devices not set
mse_error/peak_error 0 630.0
[32m[I 2021-04-07 08:22:11,683][0m Trial 316 finished with value: 630.0 and parameters: {'Vahp': -25.0, 'Vth': -22.5, 'Vmax': 29.0, 't_ref': 4.0, 'R': 0.5, 'tau_m': 28.5, 'R_adp': 0.7000000000000001, 'tau_w': 39.0, 'a': 25.0, 'delT': 2.0}. Best is trial 291 with value: 10.0.[0m
2021-04-07 08:22:11.918038: I tensorflow/compiler/jit/xla_gpu_device.cc:99] Not creating XLA devices, tf_xla_enable_xla_devices not set
mse_error/peak_error 0 196
[32m[I 2021-04-07 08:22:19,565][0m Trial 317 finished with value: 196.0 and parameters: {'Vahp': -23.5, 'Vth': -22.5, 'Vmax': 30.0, 't_ref': 3.5, 'R': 0.4, 'tau_m': 19.0, 'R_adp': 0.7000000000000001, 'tau_w': 35.5, 'a': 68.0, 'delT': 2.5}. Best is trial 291 with value: 10.0.[0m
2021-04-07 08:22:19.793690: I tensorflow/compiler/jit/xla_gpu_device.cc:99] Not creating XLA devices, tf_xla_enable_xla_devices not set
mse_error/peak_error 0 70.0
[32m[I 2021-04-07 08:22:27,510][0m Trial 318 finished with value: 70.0 and parameters: {'Vahp': -24.5, 'Vth': -22.5, 'Vmax': 28.0, 't_ref': 3.0, 'R': 0.4, 'tau_m': 33.5, 'R_adp': 0.7000000000000001, 'tau_w': 42.0, 'a': 71.5, 'delT': 2.0}. Best is trial 291 with value: 10.0.[0m
2021-04-07 08:22:27.748984: I tensorflow/compiler/jit/xla_gpu_device.cc:99] Not creating XLA devices, tf_xla_enable_xla_devices not set
mse_error/peak_error 0 10.0
[32m[I 2021-04-07 08:22:35,478][0m Trial 319 finished with value: 10.0 and parameters: {'Vahp': -26.0, 'Vth': -23.0, 'Vmax': 28.5, 't_ref': 4.0, 'R': 0.4, 'tau_m': 28.0, 'R_adp': 0.7000000000000001, 'tau_w': 41.0, 'a': 73.5, 'delT': 2.0}. Best is trial 291 with value: 10.0.[0m
2021-04-07 08:22:35.705452: I tensorflow/compiler/jit/xla_gpu_device.cc:99] Not creating XLA devices, tf_xla_enable_xla_devices not set
mse_error/peak_error 0 63.0
[32m[I 2021-04-07 08:22:43,440][0m Trial 320 finished with value: 63.0 and parameters: {'Vahp': -25.5, 'Vth': -22.5, 'Vmax': 28.5, 't_ref': 4.5, 'R': 0.4, 'tau_m': 31.5, 'R_adp': 0.7000000000000001, 'tau_w': 38.0, 'a': 70.0, 'delT': 2.5}. Best is trial 291 with value: 10.0.[0m
2021-04-07 08:22:43.673803: I tensorflow/compiler/jit/xla_gpu_device.cc:99] Not creating XLA devices, tf_xla_enable_xla_devices not set
mse_error/peak_error 0 18.0
[32m[I 2021-04-07 08:22:51,440][0m Trial 321 finished with value: 18.0 and parameters: {'Vahp': -26.0, 'Vth': -23.0, 'Vmax': 29.0, 't_ref': 4.5, 'R': 0.4, 'tau_m': 28.5, 'R_adp': 0.7000000000000001, 'tau_w': 40.5, 'a': 73.5, 'delT': 2.0}. Best is trial 291 with value: 10.0.[0m
2021-04-07 08:22:51.690723: I tensorflow/compiler/jit/xla_gpu_device.cc:99] Not creating XLA devices, tf_xla_enable_xla_devices not set
mse_error/peak_error 0 123
[32m[I 2021-04-07 08:22:59,510][0m Trial 322 finished with value: 123.0 and parameters: {'Vahp': -25.0, 'Vth': -23.5, 'Vmax': 29.5, 't_ref': 4.0, 'R': 0.4, 'tau_m': 29.0, 'R_adp': 0.7000000000000001, 'tau_w': 40.5, 'a': 65.5, 'delT': 2.0}. Best is trial 291 with value: 10.0.[0m
2021-04-07 08:22:59.769852: I tensorflow/compiler/jit/xla_gpu_device.cc:99] Not creating XLA devices, tf_xla_enable_xla_devices not set
mse_error/peak_error 0 64.0
[32m[I 2021-04-07 08:23:07,577][0m Trial 323 finished with value: 64.0 and parameters: {'Vahp': -26.0, 'Vth': -23.0, 'Vmax': 29.0, 't_ref': 4.5, 'R': 0.4, 'tau_m': 30.5, 'R_adp': 0.7000000000000001, 'tau_w': 37.5, 'a': 73.5, 'delT': 2.5}. Best is trial 291 with value: 10.0.[0m
2021-04-07 08:23:07.804553: I tensorflow/compiler/jit/xla_gpu_device.cc:99] Not creating XLA devices, tf_xla_enable_xla_devices not set
mse_error/peak_error 0 289
[32m[I 2021-04-07 08:23:15,619][0m Trial 324 finished with value: 289.0 and parameters: {'Vahp': -24.0, 'Vth': -24.0, 'Vmax': 30.5, 't_ref': 4.0, 'R': 0.5, 'tau_m': 32.5, 'R_adp': 0.6, 'tau_w': 41.0, 'a': 71.0, 'delT': 2.0}. Best is trial 291 with value: 10.0.[0m
2021-04-07 08:23:15.867682: I tensorflow/compiler/jit/xla_gpu_device.cc:99] Not creating XLA devices, tf_xla_enable_xla_devices not set
mse_error/peak_error 0 133
[32m[I 2021-04-07 08:23:23,713][0m Trial 325 finished with value: 133.0 and parameters: {'Vahp': -25.0, 'Vth': -22.5, 'Vmax': 28.5, 't_ref': 4.5, 'R': 0.4, 'tau_m': 28.5, 'R_adp': 0.7000000000000001, 'tau_w': 33.5, 'a': 68.0, 'delT': 2.0}. Best is trial 291 with value: 10.0.[0m
2021-04-07 08:23:23.950605: I tensorflow/compiler/jit/xla_gpu_device.cc:99] Not creating XLA devices, tf_xla_enable_xla_devices not set
mse_error/peak_error 0 23.0
[32m[I 2021-04-07 08:23:31,793][0m Trial 326 finished with value: 23.0 and parameters: {'Vahp': -26.0, 'Vth': -23.0, 'Vmax': 30.0, 't_ref': 4.0, 'R': 0.4, 'tau_m': 23.0, 'R_adp': 0.7000000000000001, 'tau_w': 39.0, 'a': 73.5, 'delT': 3.0}. Best is trial 291 with value: 10.0.[0m
2021-04-07 08:23:32.024985: I tensorflow/compiler/jit/xla_gpu_device.cc:99] Not creating XLA devices, tf_xla_enable_xla_devices not set
mse_error/peak_error 0 331
[32m[I 2021-04-07 08:23:39,953][0m Trial 327 finished with value: 331.0 and parameters: {'Vahp': -26.5, 'Vth': -23.0, 'Vmax': 30.0, 't_ref': 4.0, 'R': 0.30000000000000004, 'tau_m': 24.0, 'R_adp': 0.8, 'tau_w': 38.5, 'a': 69.5, 'delT': 3.0}. Best is trial 291 with value: 10.0.[0m
2021-04-07 08:23:40.181525: I tensorflow/compiler/jit/xla_gpu_device.cc:99] Not creating XLA devices, tf_xla_enable_xla_devices not set
mse_error/peak_error 0 150
[32m[I 2021-04-07 08:23:48,106][0m Trial 328 finished with value: 150.0 and parameters: {'Vahp': -26.0, 'Vth': -23.5, 'Vmax': 29.5, 't_ref': 4.5, 'R': 0.4, 'tau_m': 21.0, 'R_adp': 0.7000000000000001, 'tau_w': 35.5, 'a': 73.5, 'delT': 3.0}. Best is trial 291 with value: 10.0.[0m
2021-04-07 08:23:48.376967: I tensorflow/compiler/jit/xla_gpu_device.cc:99] Not creating XLA devices, tf_xla_enable_xla_devices not set
mse_error/peak_error 0 62.0
[32m[I 2021-04-07 08:23:56,306][0m Trial 329 finished with value: 62.0 and parameters: {'Vahp': -24.5, 'Vth': -23.0, 'Vmax': 28.5, 't_ref': 3.5, 'R': 0.4, 'tau_m': 22.0, 'R_adp': 0.7000000000000001, 'tau_w': 39.5, 'a': 74.0, 'delT': 2.0}. Best is trial 291 with value: 10.0.[0m
2021-04-07 08:23:56.532941: I tensorflow/compiler/jit/xla_gpu_device.cc:99] Not creating XLA devices, tf_xla_enable_xla_devices not set
mse_error/peak_error 0 139
[32m[I 2021-04-07 08:24:04,633][0m Trial 330 finished with value: 139.0 and parameters: {'Vahp': -25.5, 'Vth': -23.0, 'Vmax': 31.0, 't_ref': 4.0, 'R': 0.4, 'tau_m': 23.5, 'R_adp': 0.7000000000000001, 'tau_w': 37.0, 'a': 72.0, 'delT': 2.5}. Best is trial 291 with value: 10.0.[0m
2021-04-07 08:24:04.902665: I tensorflow/compiler/jit/xla_gpu_device.cc:99] Not creating XLA devices, tf_xla_enable_xla_devices not set
mse_error/peak_error 0 16.0
[32m[I 2021-04-07 08:24:12,998][0m Trial 331 finished with value: 16.0 and parameters: {'Vahp': -27.0, 'Vth': -23.0, 'Vmax': 30.5, 't_ref': 3.5, 'R': 0.4, 'tau_m': 27.5, 'R_adp': 0.7000000000000001, 'tau_w': 40.0, 'a': 70.0, 'delT': 2.0}. Best is trial 291 with value: 10.0.[0m
2021-04-07 08:24:13.573187: I tensorflow/compiler/jit/xla_gpu_device.cc:99] Not creating XLA devices, tf_xla_enable_xla_devices not set
mse_error/peak_error 0 572
[32m[I 2021-04-07 08:24:21,694][0m Trial 332 finished with value: 572.0 and parameters: {'Vahp': -27.0, 'Vth': -23.0, 'Vmax': 29.0, 't_ref': 3.5, 'R': 0.4, 'tau_m': 73.5, 'R_adp': 0.6, 'tau_w': 42.0, 'a': 75.0, 'delT': 2.0}. Best is trial 291 with value: 10.0.[0m
2021-04-07 08:24:21.926429: I tensorflow/compiler/jit/xla_gpu_device.cc:99] Not creating XLA devices, tf_xla_enable_xla_devices not set
mse_error/peak_error 0 283
[32m[I 2021-04-07 08:24:30,023][0m Trial 333 finished with value: 283.0 and parameters: {'Vahp': -26.5, 'Vth': -23.0, 'Vmax': 31.5, 't_ref': 4.0, 'R': 0.30000000000000004, 'tau_m': 27.5, 'R_adp': 0.7000000000000001, 'tau_w': 42.5, 'a': 65.5, 'delT': 2.0}. Best is trial 291 with value: 10.0.[0m
2021-04-07 08:24:30.262772: I tensorflow/compiler/jit/xla_gpu_device.cc:99] Not creating XLA devices, tf_xla_enable_xla_devices not set
mse_error/peak_error 0 81.0
[32m[I 2021-04-07 08:24:38,440][0m Trial 334 finished with value: 81.0 and parameters: {'Vahp': -27.5, 'Vth': -23.5, 'Vmax': 30.5, 't_ref': 3.5, 'R': 0.4, 'tau_m': 20.0, 'R_adp': 0.7000000000000001, 'tau_w': 41.0, 'a': 72.5, 'delT': 2.5}. Best is trial 291 with value: 10.0.[0m
2021-04-07 08:24:38.681846: I tensorflow/compiler/jit/xla_gpu_device.cc:99] Not creating XLA devices, tf_xla_enable_xla_devices not set
mse_error/peak_error 0 33.0
[32m[I 2021-04-07 08:24:46,910][0m Trial 335 finished with value: 33.0 and parameters: {'Vahp': -26.0, 'Vth': -23.0, 'Vmax': 30.0, 't_ref': 3.5, 'R': 0.4, 'tau_m': 31.0, 'R_adp': 0.7000000000000001, 'tau_w': 39.5, 'a': 68.0, 'delT': 2.0}. Best is trial 291 with value: 10.0.[0m
2021-04-07 08:24:47.141730: I tensorflow/compiler/jit/xla_gpu_device.cc:99] Not creating XLA devices, tf_xla_enable_xla_devices not set
mse_error/peak_error 0 10.0
[32m[I 2021-04-07 08:24:55,296][0m Trial 336 finished with value: 10.0 and parameters: {'Vahp': -28.0, 'Vth': -23.5, 'Vmax': 31.5, 't_ref': 5.0, 'R': 0.4, 'tau_m': 25.0, 'R_adp': 0.7000000000000001, 'tau_w': 35.5, 'a': 74.0, 'delT': 2.5}. Best is trial 291 with value: 10.0.[0m
2021-04-07 08:24:55.535924: I tensorflow/compiler/jit/xla_gpu_device.cc:99] Not creating XLA devices, tf_xla_enable_xla_devices not set
mse_error/peak_error 0 113
[32m[I 2021-04-07 08:25:03,770][0m Trial 337 finished with value: 113.0 and parameters: {'Vahp': -27.0, 'Vth': -23.5, 'Vmax': 30.5, 't_ref': 4.5, 'R': 0.4, 'tau_m': 25.0, 'R_adp': 0.7000000000000001, 'tau_w': 32.5, 'a': 75.0, 'delT': 2.5}. Best is trial 291 with value: 10.0.[0m
2021-04-07 08:25:04.008386: I tensorflow/compiler/jit/xla_gpu_device.cc:99] Not creating XLA devices, tf_xla_enable_xla_devices not set
mse_error/peak_error 0 118
[32m[I 2021-04-07 08:25:12,236][0m Trial 338 finished with value: 118.0 and parameters: {'Vahp': -28.0, 'Vth': -23.5, 'Vmax': 32.0, 't_ref': 5.0, 'R': 0.4, 'tau_m': 25.5, 'R_adp': 0.7000000000000001, 'tau_w': 35.5, 'a': 71.5, 'delT': 3.0}. Best is trial 291 with value: 10.0.[0m
2021-04-07 08:25:12.474767: I tensorflow/compiler/jit/xla_gpu_device.cc:99] Not creating XLA devices, tf_xla_enable_xla_devices not set
mse_error/peak_error 0 177
