2021-04-07 08:00:56.871710: W tensorflow/stream_executor/platform/default/dso_loader.cc:60] Could not load dynamic library 'libcudart.so.11.0'; dlerror: libcudart.so.11.0: cannot open shared object file: No such file or directory
2021-04-07 08:00:56.871758: I tensorflow/stream_executor/cuda/cudart_stub.cc:29] Ignore above cudart dlerror if you do not have a GPU set up on your machine.
/home/yuz615/.local/lib/python3.6/site-packages/sklearn/ensemble/weight_boosting.py:29: DeprecationWarning: numpy.core.umath_tests is an internal NumPy module and should not be imported. It will be removed in a future NumPy release.
  from numpy.core.umath_tests import inner1d
[32m[I 2021-04-07 08:00:59,424][0m A new study created in memory with name: no-name-9cb8188b-21f2-4de4-b451-4916b0161b04[0m
2021-04-07 08:00:59.617306: I tensorflow/compiler/jit/xla_cpu_device.cc:41] Not creating XLA devices, tf_xla_enable_xla_devices not set
2021-04-07 08:00:59.618263: I tensorflow/stream_executor/platform/default/dso_loader.cc:49] Successfully opened dynamic library libcuda.so.1
2021-04-07 08:01:00.537442: E tensorflow/stream_executor/cuda/cuda_driver.cc:328] failed call to cuInit: CUDA_ERROR_NO_DEVICE: no CUDA-capable device is detected
2021-04-07 08:01:00.537504: I tensorflow/stream_executor/cuda/cuda_diagnostics.cc:169] retrieving CUDA diagnostic information for host: comparch-t640
2021-04-07 08:01:00.537513: I tensorflow/stream_executor/cuda/cuda_diagnostics.cc:176] hostname: comparch-t640
2021-04-07 08:01:00.537661: I tensorflow/stream_executor/cuda/cuda_diagnostics.cc:200] libcuda reported version is: 450.66.0
2021-04-07 08:01:00.537694: I tensorflow/stream_executor/cuda/cuda_diagnostics.cc:204] kernel reported version is: 450.66.0
2021-04-07 08:01:00.537701: I tensorflow/stream_executor/cuda/cuda_diagnostics.cc:310] kernel version seems to match DSO: 450.66.0
2021-04-07 08:01:00.538046: I tensorflow/core/platform/cpu_feature_guard.cc:142] This TensorFlow binary is optimized with oneAPI Deep Neural Network Library (oneDNN) to use the following CPU instructions in performance-critical operations:  AVX512F
To enable them in other operations, rebuild TensorFlow with the appropriate compiler flags.
2021-04-07 08:01:00.540279: I tensorflow/compiler/jit/xla_gpu_device.cc:99] Not creating XLA devices, tf_xla_enable_xla_devices not set
2021-04-07 08:01:00.548678: I tensorflow/compiler/mlir/mlir_graph_optimization_pass.cc:196] None of the MLIR optimization passes are enabled (registered 0 passes)
2021-04-07 08:01:00.552334: I tensorflow/core/platform/profile_utils/cpu_utils.cc:112] CPU Frequency: 2100000000 Hz
mse_error/peak_error 0 1055
[32m[I 2021-04-07 08:01:00,988][0m Trial 0 finished with value: 1055.0 and parameters: {'Vahp': -60.0, 'Vth': -31.5, 'Vmax': 31.0, 't_ref': 4.5, 'R': 0.30000000000000004, 'tau_m': 76.0, 'R_adp': 0.4, 'tau_w': 31.5, 'a': 80.5, 'delT': 6.5}. Best is trial 0 with value: 1055.0.[0m
2021-04-07 08:01:01.168164: I tensorflow/compiler/jit/xla_gpu_device.cc:99] Not creating XLA devices, tf_xla_enable_xla_devices not set
mse_error/peak_error 0 782.0
[32m[I 2021-04-07 08:01:01,609][0m Trial 1 finished with value: 782.0 and parameters: {'Vahp': -26.0, 'Vth': -23.5, 'Vmax': 22.0, 't_ref': 9.5, 'R': 0.5, 'tau_m': 3.5, 'R_adp': 0.8, 'tau_w': 22.5, 'a': 21.0, 'delT': 8.0}. Best is trial 1 with value: 782.0.[0m
2021-04-07 08:01:01.804969: I tensorflow/compiler/jit/xla_gpu_device.cc:99] Not creating XLA devices, tf_xla_enable_xla_devices not set
mse_error/peak_error 0 209
[32m[I 2021-04-07 08:01:02,235][0m Trial 2 finished with value: 209.0 and parameters: {'Vahp': -41.5, 'Vth': -37.0, 'Vmax': 21.5, 't_ref': 9.5, 'R': 0.9, 'tau_m': 72.0, 'R_adp': 0.2, 'tau_w': 83.5, 'a': 70.5, 'delT': 7.5}. Best is trial 2 with value: 209.0.[0m
2021-04-07 08:01:02.419454: I tensorflow/compiler/jit/xla_gpu_device.cc:99] Not creating XLA devices, tf_xla_enable_xla_devices not set
mse_error/peak_error 0 937
[32m[I 2021-04-07 08:01:02,860][0m Trial 3 finished with value: 937.0 and parameters: {'Vahp': -52.5, 'Vth': -36.5, 'Vmax': 36.0, 't_ref': 13.5, 'R': 0.2, 'tau_m': 63.0, 'R_adp': 0.4, 'tau_w': 26.5, 'a': 58.0, 'delT': 2.5}. Best is trial 2 with value: 209.0.[0m
2021-04-07 08:01:03.033471: I tensorflow/compiler/jit/xla_gpu_device.cc:99] Not creating XLA devices, tf_xla_enable_xla_devices not set
mse_error/peak_error 0 84.0
[32m[I 2021-04-07 08:01:03,486][0m Trial 4 finished with value: 84.0 and parameters: {'Vahp': -23.5, 'Vth': -21.5, 'Vmax': 30.5, 't_ref': 16.5, 'R': 0.6, 'tau_m': 11.0, 'R_adp': 0.8, 'tau_w': 60.0, 'a': 97.0, 'delT': 9.0}. Best is trial 4 with value: 84.0.[0m
2021-04-07 08:01:03.661579: I tensorflow/compiler/jit/xla_gpu_device.cc:99] Not creating XLA devices, tf_xla_enable_xla_devices not set
mse_error/peak_error 0 271
[32m[I 2021-04-07 08:01:04,143][0m Trial 5 finished with value: 271.0 and parameters: {'Vahp': -34.5, 'Vth': -25.5, 'Vmax': 21.5, 't_ref': 10.0, 'R': 0.7000000000000001, 'tau_m': 36.0, 'R_adp': 0.5, 'tau_w': 24.5, 'a': 13.0, 'delT': 4.0}. Best is trial 4 with value: 84.0.[0m
2021-04-07 08:01:04.324449: I tensorflow/compiler/jit/xla_gpu_device.cc:99] Not creating XLA devices, tf_xla_enable_xla_devices not set
mse_error/peak_error 0 432
[32m[I 2021-04-07 08:01:04,806][0m Trial 6 finished with value: 432.0 and parameters: {'Vahp': -33.0, 'Vth': -28.5, 'Vmax': 27.0, 't_ref': 6.0, 'R': 0.8, 'tau_m': 29.5, 'R_adp': 0.6, 'tau_w': 76.5, 'a': 62.5, 'delT': 9.0}. Best is trial 4 with value: 84.0.[0m
2021-04-07 08:01:04.991666: I tensorflow/compiler/jit/xla_gpu_device.cc:99] Not creating XLA devices, tf_xla_enable_xla_devices not set
mse_error/peak_error 0 536
[32m[I 2021-04-07 08:01:05,498][0m Trial 7 finished with value: 536.0 and parameters: {'Vahp': -21.5, 'Vth': -20.0, 'Vmax': 13.5, 't_ref': 2.0, 'R': 0.8, 'tau_m': 78.0, 'R_adp': 0.6, 'tau_w': 32.0, 'a': 55.0, 'delT': 2.5}. Best is trial 4 with value: 84.0.[0m
2021-04-07 08:01:05.681005: I tensorflow/compiler/jit/xla_gpu_device.cc:99] Not creating XLA devices, tf_xla_enable_xla_devices not set
mse_error/peak_error 0 1900
[32m[I 2021-04-07 08:01:06,191][0m Trial 8 finished with value: 1900.0 and parameters: {'Vahp': -23.5, 'Vth': -21.0, 'Vmax': 10.0, 't_ref': 14.0, 'R': 0.1, 'tau_m': 28.0, 'R_adp': 0.1, 'tau_w': 72.0, 'a': 4.0, 'delT': 4.5}. Best is trial 4 with value: 84.0.[0m
2021-04-07 08:01:06.375239: I tensorflow/compiler/jit/xla_gpu_device.cc:99] Not creating XLA devices, tf_xla_enable_xla_devices not set
mse_error/peak_error 0 769
[32m[I 2021-04-07 08:01:06,896][0m Trial 9 finished with value: 769.0 and parameters: {'Vahp': -54.5, 'Vth': -28.5, 'Vmax': 16.0, 't_ref': 20.0, 'R': 0.30000000000000004, 'tau_m': 85.0, 'R_adp': 0.6, 'tau_w': 42.0, 'a': 19.5, 'delT': 0.5}. Best is trial 4 with value: 84.0.[0m
2021-04-07 08:01:07.089134: I tensorflow/compiler/jit/xla_gpu_device.cc:99] Not creating XLA devices, tf_xla_enable_xla_devices not set
mse_error/peak_error 0 220
[32m[I 2021-04-07 08:01:07,636][0m Trial 10 finished with value: 220.0 and parameters: {'Vahp': -43.5, 'Vth': -43.5, 'Vmax': 39.5, 't_ref': 19.5, 'R': 0.5, 'tau_m': 7.0, 'R_adp': 0.9, 'tau_w': 1.5, 'a': 94.0, 'delT': 10.0}. Best is trial 4 with value: 84.0.[0m
2021-04-07 08:01:07.830733: I tensorflow/compiler/jit/xla_gpu_device.cc:99] Not creating XLA devices, tf_xla_enable_xla_devices not set
mse_error/peak_error 0 291.0
[32m[I 2021-04-07 08:01:08,392][0m Trial 11 finished with value: 291.0 and parameters: {'Vahp': -43.5, 'Vth': -38.0, 'Vmax': 28.0, 't_ref': 16.0, 'R': 1.0, 'tau_m': 97.0, 'R_adp': 0.1, 'tau_w': 93.0, 'a': 98.5, 'delT': 7.5}. Best is trial 4 with value: 84.0.[0m
2021-04-07 08:01:08.583540: I tensorflow/compiler/jit/xla_gpu_device.cc:99] Not creating XLA devices, tf_xla_enable_xla_devices not set
mse_error/peak_error 0 158
[32m[I 2021-04-07 08:01:09,145][0m Trial 12 finished with value: 158.0 and parameters: {'Vahp': -37.0, 'Vth': -34.0, 'Vmax': 33.5, 't_ref': 8.0, 'R': 1.0, 'tau_m': 53.0, 'R_adp': 1.0, 'tau_w': 62.5, 'a': 77.0, 'delT': 10.0}. Best is trial 4 with value: 84.0.[0m
2021-04-07 08:01:09.343381: I tensorflow/compiler/jit/xla_gpu_device.cc:99] Not creating XLA devices, tf_xla_enable_xla_devices not set
mse_error/peak_error 0 140
[32m[I 2021-04-07 08:01:09,915][0m Trial 13 finished with value: 140.0 and parameters: {'Vahp': -30.5, 'Vth': -22.5, 'Vmax': 33.5, 't_ref': 6.5, 'R': 1.0, 'tau_m': 49.0, 'R_adp': 1.0, 'tau_w': 59.5, 'a': 87.5, 'delT': 10.0}. Best is trial 4 with value: 84.0.[0m
2021-04-07 08:01:10.111050: I tensorflow/compiler/jit/xla_gpu_device.cc:99] Not creating XLA devices, tf_xla_enable_xla_devices not set
mse_error/peak_error 0 282
[32m[I 2021-04-07 08:01:10,705][0m Trial 14 finished with value: 282.0 and parameters: {'Vahp': -28.5, 'Vth': -22.0, 'Vmax': 39.5, 't_ref': 1.5, 'R': 0.6, 'tau_m': 14.5, 'R_adp': 0.8, 'tau_w': 56.0, 'a': 91.5, 'delT': 10.0}. Best is trial 4 with value: 84.0.[0m
2021-04-07 08:01:11.004413: I tensorflow/compiler/jit/xla_gpu_device.cc:99] Not creating XLA devices, tf_xla_enable_xla_devices not set
mse_error/peak_error 0 533
[32m[I 2021-04-07 08:01:11,619][0m Trial 15 finished with value: 533.0 and parameters: {'Vahp': -20.0, 'Vth': -20.0, 'Vmax': 35.0, 't_ref': 17.0, 'R': 0.4, 'tau_m': 41.0, 'R_adp': 1.0, 'tau_w': 48.0, 'a': 36.0, 'delT': 6.0}. Best is trial 4 with value: 84.0.[0m
2021-04-07 08:01:11.815911: I tensorflow/compiler/jit/xla_gpu_device.cc:99] Not creating XLA devices, tf_xla_enable_xla_devices not set
mse_error/peak_error 0 187
[32m[I 2021-04-07 08:01:12,434][0m Trial 16 finished with value: 187.0 and parameters: {'Vahp': -29.0, 'Vth': -23.0, 'Vmax': 30.5, 't_ref': 12.5, 'R': 0.7000000000000001, 'tau_m': 20.0, 'R_adp': 0.8, 'tau_w': 68.5, 'a': 41.0, 'delT': 8.5}. Best is trial 4 with value: 84.0.[0m
2021-04-07 08:01:12.629908: I tensorflow/compiler/jit/xla_gpu_device.cc:99] Not creating XLA devices, tf_xla_enable_xla_devices not set
mse_error/peak_error 0 53.0
[32m[I 2021-04-07 08:01:13,261][0m Trial 17 finished with value: 53.0 and parameters: {'Vahp': -31.0, 'Vth': -24.5, 'Vmax': 38.0, 't_ref': 5.0, 'R': 0.9, 'tau_m': 51.5, 'R_adp': 0.9, 'tau_w': 95.0, 'a': 86.5, 'delT': 9.0}. Best is trial 17 with value: 53.0.[0m
2021-04-07 08:01:13.460550: I tensorflow/compiler/jit/xla_gpu_device.cc:99] Not creating XLA devices, tf_xla_enable_xla_devices not set
mse_error/peak_error 0 325
[32m[I 2021-04-07 08:01:14,124][0m Trial 18 finished with value: 325.0 and parameters: {'Vahp': -25.5, 'Vth': -24.5, 'Vmax': 39.0, 't_ref': 4.5, 'R': 0.6, 'tau_m': 53.0, 'R_adp': 0.7000000000000001, 'tau_w': 93.0, 'a': 98.5, 'delT': 6.5}. Best is trial 17 with value: 53.0.[0m
2021-04-07 08:01:14.325016: I tensorflow/compiler/jit/xla_gpu_device.cc:99] Not creating XLA devices, tf_xla_enable_xla_devices not set
mse_error/peak_error 0 390
[32m[I 2021-04-07 08:01:14,980][0m Trial 19 finished with value: 390.0 and parameters: {'Vahp': -37.0, 'Vth': -26.5, 'Vmax': 38.0, 't_ref': 17.5, 'R': 0.8, 'tau_m': 63.5, 'R_adp': 0.9, 'tau_w': 98.5, 'a': 68.5, 'delT': 9.0}. Best is trial 17 with value: 53.0.[0m
2021-04-07 08:01:15.175547: I tensorflow/compiler/jit/xla_gpu_device.cc:99] Not creating XLA devices, tf_xla_enable_xla_devices not set
mse_error/peak_error 0 712
[32m[I 2021-04-07 08:01:15,849][0m Trial 20 finished with value: 712.0 and parameters: {'Vahp': -20.0, 'Vth': -20.0, 'Vmax': 24.5, 't_ref': 3.0, 'R': 0.9, 'tau_m': 44.5, 'R_adp': 0.9, 'tau_w': 0.5, 'a': 82.0, 'delT': 5.5}. Best is trial 17 with value: 53.0.[0m
2021-04-07 08:01:16.044613: I tensorflow/compiler/jit/xla_gpu_device.cc:99] Not creating XLA devices, tf_xla_enable_xla_devices not set
mse_error/peak_error 0 106.0
[32m[I 2021-04-07 08:01:16,739][0m Trial 21 finished with value: 106.0 and parameters: {'Vahp': -31.5, 'Vth': -22.0, 'Vmax': 32.0, 't_ref': 7.0, 'R': 1.0, 'tau_m': 59.5, 'R_adp': 1.0, 'tau_w': 56.5, 'a': 87.0, 'delT': 9.5}. Best is trial 17 with value: 53.0.[0m
2021-04-07 08:01:16.931796: I tensorflow/compiler/jit/xla_gpu_device.cc:99] Not creating XLA devices, tf_xla_enable_xla_devices not set
mse_error/peak_error 0 201.0
[32m[I 2021-04-07 08:01:17,612][0m Trial 22 finished with value: 201.0 and parameters: {'Vahp': -32.5, 'Vth': -21.5, 'Vmax': 30.5, 't_ref': 7.5, 'R': 0.9, 'tau_m': 64.5, 'R_adp': 0.9, 'tau_w': 43.0, 'a': 100.0, 'delT': 9.0}. Best is trial 17 with value: 53.0.[0m
2021-04-07 08:01:17.813045: I tensorflow/compiler/jit/xla_gpu_device.cc:99] Not creating XLA devices, tf_xla_enable_xla_devices not set
mse_error/peak_error 0 349
[32m[I 2021-04-07 08:01:18,545][0m Trial 23 finished with value: 349.0 and parameters: {'Vahp': -27.0, 'Vth': -24.5, 'Vmax': 36.5, 't_ref': 12.0, 'R': 0.7000000000000001, 'tau_m': 57.5, 'R_adp': 0.7000000000000001, 'tau_w': 81.5, 'a': 87.0, 'delT': 7.5}. Best is trial 17 with value: 53.0.[0m
2021-04-07 08:01:18.742142: I tensorflow/compiler/jit/xla_gpu_device.cc:99] Not creating XLA devices, tf_xla_enable_xla_devices not set
mse_error/peak_error 0 341
[32m[I 2021-04-07 08:01:19,489][0m Trial 24 finished with value: 341.0 and parameters: {'Vahp': -37.5, 'Vth': -26.0, 'Vmax': 32.5, 't_ref': 4.5, 'R': 1.0, 'tau_m': 35.5, 'R_adp': 1.0, 'tau_w': 52.0, 'a': 74.5, 'delT': 9.0}. Best is trial 17 with value: 53.0.[0m
2021-04-07 08:01:19.685914: I tensorflow/compiler/jit/xla_gpu_device.cc:99] Not creating XLA devices, tf_xla_enable_xla_devices not set
mse_error/peak_error 0 281.0
[32m[I 2021-04-07 08:01:20,439][0m Trial 25 finished with value: 281.0 and parameters: {'Vahp': -23.5, 'Vth': -21.0, 'Vmax': 29.0, 't_ref': 6.0, 'R': 0.9, 'tau_m': 88.5, 'R_adp': 0.7000000000000001, 'tau_w': 12.0, 'a': 85.0, 'delT': 8.0}. Best is trial 17 with value: 53.0.[0m
2021-04-07 08:01:20.636365: I tensorflow/compiler/jit/xla_gpu_device.cc:99] Not creating XLA devices, tf_xla_enable_xla_devices not set
mse_error/peak_error 0 232.0
[32m[I 2021-04-07 08:01:21,408][0m Trial 26 finished with value: 232.0 and parameters: {'Vahp': -31.0, 'Vth': -24.0, 'Vmax': 26.0, 't_ref': 8.0, 'R': 0.8, 'tau_m': 67.5, 'R_adp': 0.8, 'tau_w': 63.5, 'a': 46.5, 'delT': 9.5}. Best is trial 17 with value: 53.0.[0m
2021-04-07 08:01:21.607776: I tensorflow/compiler/jit/xla_gpu_device.cc:99] Not creating XLA devices, tf_xla_enable_xla_devices not set
mse_error/peak_error 0 877
[32m[I 2021-04-07 08:01:22,479][0m Trial 27 finished with value: 877.0 and parameters: {'Vahp': -35.5, 'Vth': -27.0, 'Vmax': 36.0, 't_ref': 11.5, 'R': 0.4, 'tau_m': 57.5, 'R_adp': 0.9, 'tau_w': 88.0, 'a': 92.5, 'delT': 8.0}. Best is trial 17 with value: 53.0.[0m
2021-04-07 08:01:22.675095: I tensorflow/compiler/jit/xla_gpu_device.cc:99] Not creating XLA devices, tf_xla_enable_xla_devices not set
mse_error/peak_error 0 183
[32m[I 2021-04-07 08:01:23,484][0m Trial 28 finished with value: 183.0 and parameters: {'Vahp': -39.5, 'Vth': -30.5, 'Vmax': 24.0, 't_ref': 3.0, 'R': 0.6, 'tau_m': 45.5, 'R_adp': 1.0, 'tau_w': 40.0, 'a': 63.0, 'delT': 7.0}. Best is trial 17 with value: 53.0.[0m
2021-04-07 08:01:23.693684: I tensorflow/compiler/jit/xla_gpu_device.cc:99] Not creating XLA devices, tf_xla_enable_xla_devices not set
mse_error/peak_error 0 192
[32m[I 2021-04-07 08:01:24,573][0m Trial 29 finished with value: 192.0 and parameters: {'Vahp': -47.0, 'Vth': -32.0, 'Vmax': 32.0, 't_ref': 0.5, 'R': 0.9, 'tau_m': 77.5, 'R_adp': 0.8, 'tau_w': 66.5, 'a': 77.5, 'delT': 6.5}. Best is trial 17 with value: 53.0.[0m
2021-04-07 08:01:24.773712: I tensorflow/compiler/jit/xla_gpu_device.cc:99] Not creating XLA devices, tf_xla_enable_xla_devices not set
mse_error/peak_error 0 52.0
[32m[I 2021-04-07 08:01:25,635][0m Trial 30 finished with value: 52.0 and parameters: {'Vahp': -23.5, 'Vth': -21.5, 'Vmax': 29.0, 't_ref': 5.0, 'R': 0.4, 'tau_m': 19.5, 'R_adp': 0.7000000000000001, 'tau_w': 35.5, 'a': 82.0, 'delT': 9.5}. Best is trial 30 with value: 52.0.[0m
2021-04-07 08:01:25.867262: I tensorflow/compiler/jit/xla_gpu_device.cc:99] Not creating XLA devices, tf_xla_enable_xla_devices not set
mse_error/peak_error 0 85.0
[32m[I 2021-04-07 08:01:26,772][0m Trial 31 finished with value: 85.0 and parameters: {'Vahp': -23.0, 'Vth': -21.5, 'Vmax': 29.5, 't_ref': 5.0, 'R': 0.4, 'tau_m': 13.0, 'R_adp': 0.7000000000000001, 'tau_w': 38.0, 'a': 82.0, 'delT': 9.5}. Best is trial 30 with value: 52.0.[0m
2021-04-07 08:01:26.974108: I tensorflow/compiler/jit/xla_gpu_device.cc:99] Not creating XLA devices, tf_xla_enable_xla_devices not set
mse_error/peak_error 0 554
[32m[I 2021-04-07 08:01:27,874][0m Trial 32 finished with value: 554.0 and parameters: {'Vahp': -23.0, 'Vth': -21.5, 'Vmax': 29.0, 't_ref': 5.0, 'R': 0.4, 'tau_m': 1.0, 'R_adp': 0.7000000000000001, 'tau_w': 36.0, 'a': 81.5, 'delT': 9.5}. Best is trial 30 with value: 52.0.[0m
2021-04-07 08:01:28.086800: I tensorflow/compiler/jit/xla_gpu_device.cc:99] Not creating XLA devices, tf_xla_enable_xla_devices not set
mse_error/peak_error 0 292
[32m[I 2021-04-07 08:01:28,997][0m Trial 33 finished with value: 292.0 and parameters: {'Vahp': -26.0, 'Vth': -20.5, 'Vmax': 20.0, 't_ref': 3.5, 'R': 0.30000000000000004, 'tau_m': 10.0, 'R_adp': 0.5, 'tau_w': 16.0, 'a': 95.0, 'delT': 8.5}. Best is trial 30 with value: 52.0.[0m
2021-04-07 08:01:29.193397: I tensorflow/compiler/jit/xla_gpu_device.cc:99] Not creating XLA devices, tf_xla_enable_xla_devices not set
mse_error/peak_error 0 982
[32m[I 2021-04-07 08:01:30,125][0m Trial 34 finished with value: 982.0 and parameters: {'Vahp': -20.0, 'Vth': -20.0, 'Vmax': 23.5, 't_ref': 0.5, 'R': 0.2, 'tau_m': 20.5, 'R_adp': 0.7000000000000001, 'tau_w': 30.0, 'a': 71.5, 'delT': 8.5}. Best is trial 30 with value: 52.0.[0m
2021-04-07 08:01:30.328039: I tensorflow/compiler/jit/xla_gpu_device.cc:99] Not creating XLA devices, tf_xla_enable_xla_devices not set
mse_error/peak_error 0 149
[32m[I 2021-04-07 08:01:31,294][0m Trial 35 finished with value: 149.0 and parameters: {'Vahp': -24.5, 'Vth': -21.5, 'Vmax': 29.5, 't_ref': 9.0, 'R': 0.5, 'tau_m': 18.0, 'R_adp': 0.8, 'tau_w': 48.5, 'a': 69.0, 'delT': 10.0}. Best is trial 30 with value: 52.0.[0m
2021-04-07 08:01:31.507305: I tensorflow/compiler/jit/xla_gpu_device.cc:99] Not creating XLA devices, tf_xla_enable_xla_devices not set
mse_error/peak_error 0 768
[32m[I 2021-04-07 08:01:32,489][0m Trial 36 finished with value: 768.0 and parameters: {'Vahp': -28.0, 'Vth': -23.0, 'Vmax': 26.5, 't_ref': 5.5, 'R': 0.2, 'tau_m': 24.0, 'R_adp': 0.4, 'tau_w': 13.5, 'a': 100.0, 'delT': 8.0}. Best is trial 30 with value: 52.0.[0m
2021-04-07 08:01:32.819298: I tensorflow/compiler/jit/xla_gpu_device.cc:99] Not creating XLA devices, tf_xla_enable_xla_devices not set
mse_error/peak_error 0 741.0
[32m[I 2021-04-07 08:01:33,834][0m Trial 37 finished with value: 741.0 and parameters: {'Vahp': -22.0, 'Vth': -22.0, 'Vmax': 27.5, 't_ref': 3.5, 'R': 0.5, 'tau_m': 11.5, 'R_adp': 0.5, 'tau_w': 18.0, 'a': 80.5, 'delT': 9.5}. Best is trial 30 with value: 52.0.[0m
2021-04-07 08:01:34.038125: I tensorflow/compiler/jit/xla_gpu_device.cc:99] Not creating XLA devices, tf_xla_enable_xla_devices not set
mse_error/peak_error 0 745
[32m[I 2021-04-07 08:01:35,054][0m Trial 38 finished with value: 745.0 and parameters: {'Vahp': -21.5, 'Vth': -21.5, 'Vmax': 19.5, 't_ref': 9.0, 'R': 0.4, 'tau_m': 0.5, 'R_adp': 0.6, 'tau_w': 36.5, 'a': 64.0, 'delT': 7.0}. Best is trial 30 with value: 52.0.[0m
2021-04-07 08:01:35.254009: I tensorflow/compiler/jit/xla_gpu_device.cc:99] Not creating XLA devices, tf_xla_enable_xla_devices not set
mse_error/peak_error 0 731
[32m[I 2021-04-07 08:01:36,283][0m Trial 39 finished with value: 731.0 and parameters: {'Vahp': -25.5, 'Vth': -21.0, 'Vmax': 34.5, 't_ref': 2.0, 'R': 0.30000000000000004, 'tau_m': 33.5, 'R_adp': 0.7000000000000001, 'tau_w': 30.5, 'a': 89.0, 'delT': 8.5}. Best is trial 30 with value: 52.0.[0m
2021-04-07 08:01:36.487135: I tensorflow/compiler/jit/xla_gpu_device.cc:99] Not creating XLA devices, tf_xla_enable_xla_devices not set
mse_error/peak_error 0 1900
[32m[I 2021-04-07 08:01:37,512][0m Trial 40 finished with value: 1900.0 and parameters: {'Vahp': -29.0, 'Vth': -23.5, 'Vmax': 22.0, 't_ref': 10.5, 'R': 0.1, 'tau_m': 7.0, 'R_adp': 0.6, 'tau_w': 21.0, 'a': 95.0, 'delT': 3.5}. Best is trial 30 with value: 52.0.[0m
2021-04-07 08:01:37.718433: I tensorflow/compiler/jit/xla_gpu_device.cc:99] Not creating XLA devices, tf_xla_enable_xla_devices not set
mse_error/peak_error 0 1067
[32m[I 2021-04-07 08:01:38,793][0m Trial 41 finished with value: 1067.0 and parameters: {'Vahp': -32.5, 'Vth': -22.5, 'Vmax': 32.0, 't_ref': 7.0, 'R': 0.4, 'tau_m': 70.0, 'R_adp': 0.8, 'tau_w': 52.5, 'a': 83.5, 'delT': 9.5}. Best is trial 30 with value: 52.0.[0m
2021-04-07 08:01:38.995369: I tensorflow/compiler/jit/xla_gpu_device.cc:99] Not creating XLA devices, tf_xla_enable_xla_devices not set
mse_error/peak_error 0 353
[32m[I 2021-04-07 08:01:40,072][0m Trial 42 finished with value: 353.0 and parameters: {'Vahp': -34.5, 'Vth': -25.5, 'Vmax': 31.0, 't_ref': 4.5, 'R': 0.30000000000000004, 'tau_m': 25.5, 'R_adp': 0.9, 'tau_w': 46.0, 'a': 74.0, 'delT': 0.5}. Best is trial 30 with value: 52.0.[0m
2021-04-07 08:01:40.270611: I tensorflow/compiler/jit/xla_gpu_device.cc:99] Not creating XLA devices, tf_xla_enable_xla_devices not set
mse_error/peak_error 0 682
[32m[I 2021-04-07 08:01:41,376][0m Trial 43 finished with value: 682.0 and parameters: {'Vahp': -31.0, 'Vth': -22.5, 'Vmax': 25.5, 't_ref': 6.5, 'R': 0.5, 'tau_m': 58.5, 'R_adp': 0.9, 'tau_w': 77.5, 'a': 85.0, 'delT': 9.5}. Best is trial 30 with value: 52.0.[0m
2021-04-07 08:01:41.584103: I tensorflow/compiler/jit/xla_gpu_device.cc:99] Not creating XLA devices, tf_xla_enable_xla_devices not set
mse_error/peak_error 0 253.0
