[32m[I 2021-04-07 08:03:16,181][0m Trial 94 finished with value: 129.0 and parameters: {'Vahp': -22.0, 'Vth': -21.0, 'Vmax': 24.0, 't_ref': 5.0, 'R': 0.4, 'tau_m': 13.0, 'R_adp': 0.7000000000000001, 'tau_w': 43.5, 'a': 77.0, 'delT': 2.5}. Best is trial 81 with value: 28.0.[0m
2021-04-07 08:03:16.414311: I tensorflow/compiler/jit/xla_gpu_device.cc:99] Not creating XLA devices, tf_xla_enable_xla_devices not set
mse_error/peak_error 0 622
[32m[I 2021-04-07 08:03:18,653][0m Trial 95 finished with value: 622.0 and parameters: {'Vahp': -25.5, 'Vth': -21.5, 'Vmax': 22.5, 't_ref': 6.5, 'R': 0.30000000000000004, 'tau_m': 32.5, 'R_adp': 0.6, 'tau_w': 38.0, 'a': 71.0, 'delT': 10.0}. Best is trial 81 with value: 28.0.[0m
2021-04-07 08:03:18.877487: I tensorflow/compiler/jit/xla_gpu_device.cc:99] Not creating XLA devices, tf_xla_enable_xla_devices not set
mse_error/peak_error 0 140.0
[32m[I 2021-04-07 08:03:21,169][0m Trial 96 finished with value: 140.0 and parameters: {'Vahp': -21.0, 'Vth': -21.0, 'Vmax': 26.5, 't_ref': 7.0, 'R': 0.4, 'tau_m': 24.5, 'R_adp': 0.8, 'tau_w': 32.0, 'a': 61.5, 'delT': 9.5}. Best is trial 81 with value: 28.0.[0m
2021-04-07 08:03:21.560600: I tensorflow/compiler/jit/xla_gpu_device.cc:99] Not creating XLA devices, tf_xla_enable_xla_devices not set
mse_error/peak_error 0 246
[32m[I 2021-04-07 08:03:23,821][0m Trial 97 finished with value: 246.0 and parameters: {'Vahp': -23.0, 'Vth': -21.0, 'Vmax': 28.5, 't_ref': 3.5, 'R': 0.5, 'tau_m': 19.0, 'R_adp': 0.7000000000000001, 'tau_w': 45.5, 'a': 78.5, 'delT': 4.0}. Best is trial 81 with value: 28.0.[0m
2021-04-07 08:03:24.044950: I tensorflow/compiler/jit/xla_gpu_device.cc:99] Not creating XLA devices, tf_xla_enable_xla_devices not set
mse_error/peak_error 0 398
[32m[I 2021-04-07 08:03:26,375][0m Trial 98 finished with value: 398.0 and parameters: {'Vahp': -24.0, 'Vth': -21.5, 'Vmax': 26.0, 't_ref': 6.0, 'R': 0.30000000000000004, 'tau_m': 27.0, 'R_adp': 0.8, 'tau_w': 35.0, 'a': 65.5, 'delT': 3.5}. Best is trial 81 with value: 28.0.[0m
2021-04-07 08:03:26.610192: I tensorflow/compiler/jit/xla_gpu_device.cc:99] Not creating XLA devices, tf_xla_enable_xla_devices not set
mse_error/peak_error 0 1297
[32m[I 2021-04-07 08:03:28,916][0m Trial 99 finished with value: 1297.0 and parameters: {'Vahp': -25.0, 'Vth': -20.5, 'Vmax': 24.5, 't_ref': 7.5, 'R': 0.2, 'tau_m': 30.0, 'R_adp': 0.7000000000000001, 'tau_w': 25.5, 'a': 76.0, 'delT': 3.0}. Best is trial 81 with value: 28.0.[0m
2021-04-07 08:03:29.131281: I tensorflow/compiler/jit/xla_gpu_device.cc:99] Not creating XLA devices, tf_xla_enable_xla_devices not set
mse_error/peak_error 0 87.0
[32m[I 2021-04-07 08:03:31,441][0m Trial 100 finished with value: 87.0 and parameters: {'Vahp': -30.5, 'Vth': -22.5, 'Vmax': 31.5, 't_ref': 5.5, 'R': 0.4, 'tau_m': 17.5, 'R_adp': 0.6, 'tau_w': 42.0, 'a': 88.5, 'delT': 2.0}. Best is trial 81 with value: 28.0.[0m
2021-04-07 08:03:31.665250: I tensorflow/compiler/jit/xla_gpu_device.cc:99] Not creating XLA devices, tf_xla_enable_xla_devices not set
mse_error/peak_error 0 197.0
[32m[I 2021-04-07 08:03:34,027][0m Trial 101 finished with value: 197.0 and parameters: {'Vahp': -22.0, 'Vth': -21.0, 'Vmax': 27.5, 't_ref': 4.5, 'R': 0.4, 'tau_m': 9.0, 'R_adp': 0.7000000000000001, 'tau_w': 39.5, 'a': 83.0, 'delT': 2.5}. Best is trial 81 with value: 28.0.[0m
2021-04-07 08:03:34.250164: I tensorflow/compiler/jit/xla_gpu_device.cc:99] Not creating XLA devices, tf_xla_enable_xla_devices not set
mse_error/peak_error 0 62.0
[32m[I 2021-04-07 08:03:36,628][0m Trial 102 finished with value: 62.0 and parameters: {'Vahp': -36.0, 'Vth': -22.5, 'Vmax': 29.0, 't_ref': 5.5, 'R': 0.4, 'tau_m': 28.5, 'R_adp': 0.7000000000000001, 'tau_w': 48.5, 'a': 69.0, 'delT': 2.5}. Best is trial 81 with value: 28.0.[0m
2021-04-07 08:03:36.839721: I tensorflow/compiler/jit/xla_gpu_device.cc:99] Not creating XLA devices, tf_xla_enable_xla_devices not set
mse_error/peak_error 0 140
[32m[I 2021-04-07 08:03:39,220][0m Trial 103 finished with value: 140.0 and parameters: {'Vahp': -24.0, 'Vth': -21.0, 'Vmax': 30.0, 't_ref': 6.0, 'R': 0.4, 'tau_m': 23.5, 'R_adp': 0.7000000000000001, 'tau_w': 35.5, 'a': 74.0, 'delT': 1.5}. Best is trial 81 with value: 28.0.[0m
2021-04-07 08:03:39.450476: I tensorflow/compiler/jit/xla_gpu_device.cc:99] Not creating XLA devices, tf_xla_enable_xla_devices not set
mse_error/peak_error 0 355
[32m[I 2021-04-07 08:03:41,866][0m Trial 104 finished with value: 355.0 and parameters: {'Vahp': -26.5, 'Vth': -24.0, 'Vmax': 28.5, 't_ref': 7.0, 'R': 0.5, 'tau_m': 19.5, 'R_adp': 0.8, 'tau_w': 29.0, 'a': 81.0, 'delT': 2.5}. Best is trial 81 with value: 28.0.[0m
2021-04-07 08:03:42.084994: I tensorflow/compiler/jit/xla_gpu_device.cc:99] Not creating XLA devices, tf_xla_enable_xla_devices not set
mse_error/peak_error 0 597
[32m[I 2021-04-07 08:03:44,525][0m Trial 105 finished with value: 597.0 and parameters: {'Vahp': -23.0, 'Vth': -21.0, 'Vmax': 12.5, 't_ref': 6.5, 'R': 0.4, 'tau_m': 60.5, 'R_adp': 0.6, 'tau_w': 38.5, 'a': 97.0, 'delT': 3.0}. Best is trial 81 with value: 28.0.[0m
2021-04-07 08:03:44.739670: I tensorflow/compiler/jit/xla_gpu_device.cc:99] Not creating XLA devices, tf_xla_enable_xla_devices not set
mse_error/peak_error 0 200
[32m[I 2021-04-07 08:03:47,168][0m Trial 106 finished with value: 200.0 and parameters: {'Vahp': -20.5, 'Vth': -20.0, 'Vmax': 25.5, 't_ref': 8.0, 'R': 0.4, 'tau_m': 15.5, 'R_adp': 0.9, 'tau_w': 42.5, 'a': 86.0, 'delT': 9.5}. Best is trial 81 with value: 28.0.[0m
2021-04-07 08:03:47.397229: I tensorflow/compiler/jit/xla_gpu_device.cc:99] Not creating XLA devices, tf_xla_enable_xla_devices not set
mse_error/peak_error 0 712.0
[32m[I 2021-04-07 08:03:49,897][0m Trial 107 finished with value: 712.0 and parameters: {'Vahp': -28.5, 'Vth': -22.0, 'Vmax': 27.0, 't_ref': 5.0, 'R': 0.5, 'tau_m': 12.5, 'R_adp': 0.30000000000000004, 'tau_w': 33.5, 'a': 64.5, 'delT': 9.0}. Best is trial 81 with value: 28.0.[0m
2021-04-07 08:03:50.108111: I tensorflow/compiler/jit/xla_gpu_device.cc:99] Not creating XLA devices, tf_xla_enable_xla_devices not set
mse_error/peak_error 0 362
[32m[I 2021-04-07 08:03:52,585][0m Trial 108 finished with value: 362.0 and parameters: {'Vahp': -22.5, 'Vth': -21.0, 'Vmax': 32.5, 't_ref': 4.5, 'R': 0.30000000000000004, 'tau_m': 22.0, 'R_adp': 0.7000000000000001, 'tau_w': 21.5, 'a': 93.0, 'delT': 6.0}. Best is trial 81 with value: 28.0.[0m
2021-04-07 08:03:52.802675: I tensorflow/compiler/jit/xla_gpu_device.cc:99] Not creating XLA devices, tf_xla_enable_xla_devices not set
mse_error/peak_error 0 354
[32m[I 2021-04-07 08:03:55,370][0m Trial 109 finished with value: 354.0 and parameters: {'Vahp': -24.5, 'Vth': -21.5, 'Vmax': 23.5, 't_ref': 6.5, 'R': 0.6, 'tau_m': 25.0, 'R_adp': 0.7000000000000001, 'tau_w': 52.5, 'a': 72.0, 'delT': 2.0}. Best is trial 81 with value: 28.0.[0m
2021-04-07 08:03:55.596818: I tensorflow/compiler/jit/xla_gpu_device.cc:99] Not creating XLA devices, tf_xla_enable_xla_devices not set
mse_error/peak_error 0 599
[32m[I 2021-04-07 08:03:58,126][0m Trial 110 finished with value: 599.0 and parameters: {'Vahp': -25.5, 'Vth': -20.5, 'Vmax': 39.5, 't_ref': 4.0, 'R': 0.30000000000000004, 'tau_m': 31.0, 'R_adp': 0.6, 'tau_w': 50.5, 'a': 78.5, 'delT': 5.5}. Best is trial 81 with value: 28.0.[0m
2021-04-07 08:03:58.349850: I tensorflow/compiler/jit/xla_gpu_device.cc:99] Not creating XLA devices, tf_xla_enable_xla_devices not set
mse_error/peak_error 0 61.0
[32m[I 2021-04-07 08:04:00,904][0m Trial 111 finished with value: 61.0 and parameters: {'Vahp': -35.5, 'Vth': -22.5, 'Vmax': 29.5, 't_ref': 5.5, 'R': 0.4, 'tau_m': 28.5, 'R_adp': 0.7000000000000001, 'tau_w': 49.0, 'a': 68.5, 'delT': 2.5}. Best is trial 81 with value: 28.0.[0m
2021-04-07 08:04:01.123821: I tensorflow/compiler/jit/xla_gpu_device.cc:99] Not creating XLA devices, tf_xla_enable_xla_devices not set
mse_error/peak_error 0 266
[32m[I 2021-04-07 08:04:03,769][0m Trial 112 finished with value: 266.0 and parameters: {'Vahp': -33.5, 'Vth': -23.0, 'Vmax': 27.5, 't_ref': 5.5, 'R': 0.4, 'tau_m': 38.5, 'R_adp': 0.7000000000000001, 'tau_w': 54.5, 'a': 68.0, 'delT': 2.5}. Best is trial 81 with value: 28.0.[0m
2021-04-07 08:04:03.983198: I tensorflow/compiler/jit/xla_gpu_device.cc:99] Not creating XLA devices, tf_xla_enable_xla_devices not set
mse_error/peak_error 0 175
[32m[I 2021-04-07 08:04:06,580][0m Trial 113 finished with value: 175.0 and parameters: {'Vahp': -29.5, 'Vth': -22.0, 'Vmax': 30.0, 't_ref': 5.0, 'R': 0.4, 'tau_m': 28.5, 'R_adp': 0.7000000000000001, 'tau_w': 58.5, 'a': 75.0, 'delT': 3.0}. Best is trial 81 with value: 28.0.[0m
2021-04-07 08:04:06.789658: I tensorflow/compiler/jit/xla_gpu_device.cc:99] Not creating XLA devices, tf_xla_enable_xla_devices not set
mse_error/peak_error 0 227
[32m[I 2021-04-07 08:04:09,413][0m Trial 114 finished with value: 227.0 and parameters: {'Vahp': -27.5, 'Vth': -21.5, 'Vmax': 30.5, 't_ref': 6.0, 'R': 0.4, 'tau_m': 34.5, 'R_adp': 0.8, 'tau_w': 47.5, 'a': 70.0, 'delT': 2.0}. Best is trial 81 with value: 28.0.[0m
2021-04-07 08:04:09.622184: I tensorflow/compiler/jit/xla_gpu_device.cc:99] Not creating XLA devices, tf_xla_enable_xla_devices not set
mse_error/peak_error 0 276.0
[32m[I 2021-04-07 08:04:12,280][0m Trial 115 finished with value: 276.0 and parameters: {'Vahp': -31.0, 'Vth': -22.5, 'Vmax': 28.5, 't_ref': 7.5, 'R': 0.4, 'tau_m': 41.5, 'R_adp': 0.7000000000000001, 'tau_w': 41.0, 'a': 67.0, 'delT': 3.5}. Best is trial 81 with value: 28.0.[0m
2021-04-07 08:04:12.511934: I tensorflow/compiler/jit/xla_gpu_device.cc:99] Not creating XLA devices, tf_xla_enable_xla_devices not set
mse_error/peak_error 0 218
[32m[I 2021-04-07 08:04:15,200][0m Trial 116 finished with value: 218.0 and parameters: {'Vahp': -38.0, 'Vth': -23.0, 'Vmax': 31.5, 't_ref': 3.0, 'R': 0.5, 'tau_m': 48.0, 'R_adp': 0.6, 'tau_w': 45.0, 'a': 63.0, 'delT': 2.5}. Best is trial 81 with value: 28.0.[0m
2021-04-07 08:04:15.424787: I tensorflow/compiler/jit/xla_gpu_device.cc:99] Not creating XLA devices, tf_xla_enable_xla_devices not set
mse_error/peak_error 0 180
[32m[I 2021-04-07 08:04:18,123][0m Trial 117 finished with value: 180.0 and parameters: {'Vahp': -21.5, 'Vth': -21.0, 'Vmax': 29.5, 't_ref': 5.5, 'R': 0.4, 'tau_m': 21.0, 'R_adp': 0.7000000000000001, 'tau_w': 43.0, 'a': 83.5, 'delT': 8.5}. Best is trial 81 with value: 28.0.[0m
2021-04-07 08:04:18.337688: I tensorflow/compiler/jit/xla_gpu_device.cc:99] Not creating XLA devices, tf_xla_enable_xla_devices not set
mse_error/peak_error 0 746
[32m[I 2021-04-07 08:04:21,040][0m Trial 118 finished with value: 746.0 and parameters: {'Vahp': -23.5, 'Vth': -21.5, 'Vmax': 33.5, 't_ref': 7.0, 'R': 0.30000000000000004, 'tau_m': 52.5, 'R_adp': 0.7000000000000001, 'tau_w': 36.5, 'a': 60.5, 'delT': 2.0}. Best is trial 81 with value: 28.0.[0m
2021-04-07 08:04:21.257681: I tensorflow/compiler/jit/xla_gpu_device.cc:99] Not creating XLA devices, tf_xla_enable_xla_devices not set
mse_error/peak_error 0 264
[32m[I 2021-04-07 08:04:24,007][0m Trial 119 finished with value: 264.0 and parameters: {'Vahp': -35.5, 'Vth': -22.0, 'Vmax': 37.0, 't_ref': 5.0, 'R': 0.4, 'tau_m': 28.5, 'R_adp': 0.8, 'tau_w': 16.5, 'a': 58.0, 'delT': 3.0}. Best is trial 81 with value: 28.0.[0m
2021-04-07 08:04:24.228965: I tensorflow/compiler/jit/xla_gpu_device.cc:99] Not creating XLA devices, tf_xla_enable_xla_devices not set
mse_error/peak_error 0 163
[32m[I 2021-04-07 08:04:26,992][0m Trial 120 finished with value: 163.0 and parameters: {'Vahp': -43.5, 'Vth': -32.5, 'Vmax': 21.5, 't_ref': 6.0, 'R': 0.5, 'tau_m': 24.5, 'R_adp': 0.6, 'tau_w': 46.0, 'a': 72.5, 'delT': 9.0}. Best is trial 81 with value: 28.0.[0m
2021-04-07 08:04:27.208588: I tensorflow/compiler/jit/xla_gpu_device.cc:99] Not creating XLA devices, tf_xla_enable_xla_devices not set
mse_error/peak_error 0 123.0
[32m[I 2021-04-07 08:04:30,051][0m Trial 121 finished with value: 123.0 and parameters: {'Vahp': -37.0, 'Vth': -22.5, 'Vmax': 29.0, 't_ref': 6.5, 'R': 0.4, 'tau_m': 32.5, 'R_adp': 0.7000000000000001, 'tau_w': 49.5, 'a': 69.5, 'delT': 2.5}. Best is trial 81 with value: 28.0.[0m
2021-04-07 08:04:30.288299: I tensorflow/compiler/jit/xla_gpu_device.cc:99] Not creating XLA devices, tf_xla_enable_xla_devices not set
mse_error/peak_error 0 37.0
[32m[I 2021-04-07 08:04:33,124][0m Trial 122 finished with value: 37.0 and parameters: {'Vahp': -40.0, 'Vth': -29.5, 'Vmax': 28.0, 't_ref': 5.5, 'R': 0.4, 'tau_m': 29.0, 'R_adp': 0.7000000000000001, 'tau_w': 49.0, 'a': 76.5, 'delT': 1.5}. Best is trial 81 with value: 28.0.[0m
2021-04-07 08:04:33.349771: I tensorflow/compiler/jit/xla_gpu_device.cc:99] Not creating XLA devices, tf_xla_enable_xla_devices not set
mse_error/peak_error 0 131.0
[32m[I 2021-04-07 08:04:36,201][0m Trial 123 finished with value: 131.0 and parameters: {'Vahp': -44.5, 'Vth': -29.0, 'Vmax': 26.5, 't_ref': 3.5, 'R': 0.4, 'tau_m': 19.5, 'R_adp': 0.7000000000000001, 'tau_w': 52.0, 'a': 80.0, 'delT': 1.5}. Best is trial 81 with value: 28.0.[0m
2021-04-07 08:04:36.424448: I tensorflow/compiler/jit/xla_gpu_device.cc:99] Not creating XLA devices, tf_xla_enable_xla_devices not set
mse_error/peak_error 0 89.0
[32m[I 2021-04-07 08:04:39,292][0m Trial 124 finished with value: 89.0 and parameters: {'Vahp': -40.5, 'Vth': -23.5, 'Vmax': 28.0, 't_ref': 4.5, 'R': 0.4, 'tau_m': 22.5, 'R_adp': 0.7000000000000001, 'tau_w': 40.0, 'a': 77.5, 'delT': 1.0}. Best is trial 81 with value: 28.0.[0m
2021-04-07 08:04:39.520354: I tensorflow/compiler/jit/xla_gpu_device.cc:99] Not creating XLA devices, tf_xla_enable_xla_devices not set
mse_error/peak_error 0 250
[32m[I 2021-04-07 08:04:42,450][0m Trial 125 finished with value: 250.0 and parameters: {'Vahp': -39.0, 'Vth': -35.5, 'Vmax': 26.0, 't_ref': 6.0, 'R': 0.4, 'tau_m': 30.5, 'R_adp': 0.8, 'tau_w': 31.0, 'a': 76.0, 'delT': 0.5}. Best is trial 81 with value: 28.0.[0m
2021-04-07 08:04:42.671738: I tensorflow/compiler/jit/xla_gpu_device.cc:99] Not creating XLA devices, tf_xla_enable_xla_devices not set
mse_error/peak_error 0 522
[32m[I 2021-04-07 08:04:45,634][0m Trial 126 finished with value: 522.0 and parameters: {'Vahp': -34.5, 'Vth': -20.0, 'Vmax': 35.5, 't_ref': 5.5, 'R': 0.8, 'tau_m': 26.5, 'R_adp': 0.7000000000000001, 'tau_w': 87.5, 'a': 74.0, 'delT': 1.5}. Best is trial 81 with value: 28.0.[0m
2021-04-07 08:04:45.857605: I tensorflow/compiler/jit/xla_gpu_device.cc:99] Not creating XLA devices, tf_xla_enable_xla_devices not set
mse_error/peak_error 0 410
[32m[I 2021-04-07 08:04:48,797][0m Trial 127 finished with value: 410.0 and parameters: {'Vahp': -27.0, 'Vth': -20.5, 'Vmax': 25.0, 't_ref': 4.0, 'R': 0.30000000000000004, 'tau_m': 15.0, 'R_adp': 0.8, 'tau_w': 44.0, 'a': 87.5, 'delT': 2.0}. Best is trial 81 with value: 28.0.[0m
2021-04-07 08:04:49.023398: I tensorflow/compiler/jit/xla_gpu_device.cc:99] Not creating XLA devices, tf_xla_enable_xla_devices not set
mse_error/peak_error 0 362
[32m[I 2021-04-07 08:04:52,021][0m Trial 128 finished with value: 362.0 and parameters: {'Vahp': -32.5, 'Vth': -31.0, 'Vmax': 27.5, 't_ref': 8.0, 'R': 0.4, 'tau_m': 36.0, 'R_adp': 0.7000000000000001, 'tau_w': 39.0, 'a': 90.0, 'delT': 10.0}. Best is trial 81 with value: 28.0.[0m
2021-04-07 08:04:52.235635: I tensorflow/compiler/jit/xla_gpu_device.cc:99] Not creating XLA devices, tf_xla_enable_xla_devices not set
mse_error/peak_error 0 223.0
[32m[I 2021-04-07 08:04:55,205][0m Trial 129 finished with value: 223.0 and parameters: {'Vahp': -25.0, 'Vth': -21.0, 'Vmax': 38.5, 't_ref': 5.0, 'R': 0.30000000000000004, 'tau_m': 24.5, 'R_adp': 0.6, 'tau_w': 23.5, 'a': 85.5, 'delT': 3.0}. Best is trial 81 with value: 28.0.[0m
2021-04-07 08:04:55.435587: I tensorflow/compiler/jit/xla_gpu_device.cc:99] Not creating XLA devices, tf_xla_enable_xla_devices not set
mse_error/peak_error 0 87.0
[32m[I 2021-04-07 08:04:58,483][0m Trial 130 finished with value: 87.0 and parameters: {'Vahp': -22.5, 'Vth': -21.0, 'Vmax': 22.5, 't_ref': 6.5, 'R': 0.5, 'tau_m': 17.0, 'R_adp': 0.9, 'tau_w': 63.0, 'a': 64.0, 'delT': 7.5}. Best is trial 81 with value: 28.0.[0m
2021-04-07 08:04:58.709562: I tensorflow/compiler/jit/xla_gpu_device.cc:99] Not creating XLA devices, tf_xla_enable_xla_devices not set
mse_error/peak_error 0 64.0
[32m[I 2021-04-07 08:05:01,767][0m Trial 131 finished with value: 64.0 and parameters: {'Vahp': -36.0, 'Vth': -22.5, 'Vmax': 29.0, 't_ref': 5.5, 'R': 0.4, 'tau_m': 28.5, 'R_adp': 0.7000000000000001, 'tau_w': 49.5, 'a': 69.5, 'delT': 2.5}. Best is trial 81 with value: 28.0.[0m
2021-04-07 08:05:01.987017: I tensorflow/compiler/jit/xla_gpu_device.cc:99] Not creating XLA devices, tf_xla_enable_xla_devices not set
mse_error/peak_error 0 28.0
[32m[I 2021-04-07 08:05:05,099][0m Trial 132 finished with value: 28.0 and parameters: {'Vahp': -36.5, 'Vth': -30.0, 'Vmax': 31.0, 't_ref': 4.5, 'R': 0.4, 'tau_m': 33.5, 'R_adp': 0.7000000000000001, 'tau_w': 48.0, 'a': 67.5, 'delT': 2.5}. Best is trial 81 with value: 28.0.[0m
2021-04-07 08:05:05.321180: I tensorflow/compiler/jit/xla_gpu_device.cc:99] Not creating XLA devices, tf_xla_enable_xla_devices not set
mse_error/peak_error 0 87.0
[32m[I 2021-04-07 08:05:08,438][0m Trial 133 finished with value: 87.0 and parameters: {'Vahp': -24.0, 'Vth': -21.0, 'Vmax': 30.5, 't_ref': 4.5, 'R': 0.4, 'tau_m': 33.5, 'R_adp': 0.7000000000000001, 'tau_w': 46.5, 'a': 66.0, 'delT': 2.0}. Best is trial 81 with value: 28.0.[0m
2021-04-07 08:05:08.665107: I tensorflow/compiler/jit/xla_gpu_device.cc:99] Not creating XLA devices, tf_xla_enable_xla_devices not set
mse_error/peak_error 0 27.0
[32m[I 2021-04-07 08:05:11,789][0m Trial 134 finished with value: 27.0 and parameters: {'Vahp': -42.0, 'Vth': -28.0, 'Vmax': 31.0, 't_ref': 7.0, 'R': 0.4, 'tau_m': 26.5, 'R_adp': 0.7000000000000001, 'tau_w': 41.5, 'a': 71.5, 'delT': 2.5}. Best is trial 134 with value: 27.0.[0m
2021-04-07 08:05:12.024438: I tensorflow/compiler/jit/xla_gpu_device.cc:99] Not creating XLA devices, tf_xla_enable_xla_devices not set
mse_error/peak_error 0 39.0
[32m[I 2021-04-07 08:05:15,144][0m Trial 135 finished with value: 39.0 and parameters: {'Vahp': -41.5, 'Vth': -28.0, 'Vmax': 32.0, 't_ref': 8.5, 'R': 0.4, 'tau_m': 21.5, 'R_adp': 0.7000000000000001, 'tau_w': 41.5, 'a': 73.0, 'delT': 3.0}. Best is trial 134 with value: 27.0.[0m
2021-04-07 08:05:15.368586: I tensorflow/compiler/jit/xla_gpu_device.cc:99] Not creating XLA devices, tf_xla_enable_xla_devices not set
mse_error/peak_error 0 62.0
[32m[I 2021-04-07 08:05:18,564][0m Trial 136 finished with value: 62.0 and parameters: {'Vahp': -42.0, 'Vth': -29.5, 'Vmax': 32.0, 't_ref': 9.5, 'R': 0.4, 'tau_m': 19.0, 'R_adp': 0.7000000000000001, 'tau_w': 41.5, 'a': 81.5, 'delT': 3.0}. Best is trial 134 with value: 27.0.[0m
2021-04-07 08:05:18.794367: I tensorflow/compiler/jit/xla_gpu_device.cc:99] Not creating XLA devices, tf_xla_enable_xla_devices not set
mse_error/peak_error 0 160
[32m[I 2021-04-07 08:05:21,997][0m Trial 137 finished with value: 160.0 and parameters: {'Vahp': -42.5, 'Vth': -30.0, 'Vmax': 31.0, 't_ref': 8.5, 'R': 0.5, 'tau_m': 21.5, 'R_adp': 0.8, 'tau_w': 36.0, 'a': 72.5, 'delT': 9.5}. Best is trial 134 with value: 27.0.[0m
2021-04-07 08:05:22.223161: I tensorflow/compiler/jit/xla_gpu_device.cc:99] Not creating XLA devices, tf_xla_enable_xla_devices not set
mse_error/peak_error 0 46.0
[32m[I 2021-04-07 08:05:25,680][0m Trial 138 finished with value: 46.0 and parameters: {'Vahp': -39.5, 'Vth': -28.0, 'Vmax': 33.0, 't_ref': 9.0, 'R': 0.4, 'tau_m': 25.5, 'R_adp': 0.7000000000000001, 'tau_w': 43.5, 'a': 75.0, 'delT': 3.5}. Best is trial 134 with value: 27.0.[0m
2021-04-07 08:05:25.894565: I tensorflow/compiler/jit/xla_gpu_device.cc:99] Not creating XLA devices, tf_xla_enable_xla_devices not set
mse_error/peak_error 0 188
[32m[I 2021-04-07 08:05:29,132][0m Trial 139 finished with value: 188.0 and parameters: {'Vahp': -40.0, 'Vth': -27.5, 'Vmax': 35.0, 't_ref': 9.0, 'R': 0.4, 'tau_m': 26.0, 'R_adp': 1.0, 'tau_w': 44.0, 'a': 75.0, 'delT': 3.5}. Best is trial 134 with value: 27.0.[0m
2021-04-07 08:05:29.344330: I tensorflow/compiler/jit/xla_gpu_device.cc:99] Not creating XLA devices, tf_xla_enable_xla_devices not set
mse_error/peak_error 0 141
[32m[I 2021-04-07 08:05:32,645][0m Trial 140 finished with value: 141.0 and parameters: {'Vahp': -44.5, 'Vth': -28.0, 'Vmax': 33.0, 't_ref': 7.5, 'R': 0.4, 'tau_m': 23.5, 'R_adp': 0.6, 'tau_w': 33.5, 'a': 78.5, 'delT': 3.0}. Best is trial 134 with value: 27.0.[0m
2021-04-07 08:05:32.862239: I tensorflow/compiler/jit/xla_gpu_device.cc:99] Not creating XLA devices, tf_xla_enable_xla_devices not set
mse_error/peak_error 0 249
[32m[I 2021-04-07 08:05:36,181][0m Trial 141 finished with value: 249.0 and parameters: {'Vahp': -41.0, 'Vth': -29.0, 'Vmax': 32.5, 't_ref': 10.0, 'R': 0.4, 'tau_m': 11.5, 'R_adp': 0.7000000000000001, 'tau_w': 41.0, 'a': 76.5, 'delT': 4.5}. Best is trial 134 with value: 27.0.[0m
2021-04-07 08:05:36.401681: I tensorflow/compiler/jit/xla_gpu_device.cc:99] Not creating XLA devices, tf_xla_enable_xla_devices not set
mse_error/peak_error 0 146
[32m[I 2021-04-07 08:05:39,688][0m Trial 142 finished with value: 146.0 and parameters: {'Vahp': -39.0, 'Vth': -30.5, 'Vmax': 31.5, 't_ref': 8.5, 'R': 0.4, 'tau_m': 25.5, 'R_adp': 0.7000000000000001, 'tau_w': 37.0, 'a': 72.5, 'delT': 2.5}. Best is trial 134 with value: 27.0.[0m
2021-04-07 08:05:39.922545: I tensorflow/compiler/jit/xla_gpu_device.cc:99] Not creating XLA devices, tf_xla_enable_xla_devices not set
mse_error/peak_error 0 78.0
