[32m[I 2021-04-07 08:01:42,692][0m Trial 44 finished with value: 253.0 and parameters: {'Vahp': -27.0, 'Vth': -20.5, 'Vmax': 37.5, 't_ref': 5.5, 'R': 0.5, 'tau_m': 40.0, 'R_adp': 0.8, 'tau_w': 56.5, 'a': 55.0, 'delT': 9.0}. Best is trial 30 with value: 52.0.[0m
2021-04-07 08:01:42.896415: I tensorflow/compiler/jit/xla_gpu_device.cc:99] Not creating XLA devices, tf_xla_enable_xla_devices not set
mse_error/peak_error 0 416
[32m[I 2021-04-07 08:01:44,052][0m Trial 45 finished with value: 416.0 and parameters: {'Vahp': -23.5, 'Vth': -22.0, 'Vmax': 28.0, 't_ref': 14.5, 'R': 0.7000000000000001, 'tau_m': 5.0, 'R_adp': 0.6, 'tau_w': 34.0, 'a': 89.0, 'delT': 10.0}. Best is trial 30 with value: 52.0.[0m
2021-04-07 08:01:44.251429: I tensorflow/compiler/jit/xla_gpu_device.cc:99] Not creating XLA devices, tf_xla_enable_xla_devices not set
mse_error/peak_error 0 49.0
[32m[I 2021-04-07 08:01:45,437][0m Trial 46 finished with value: 49.0 and parameters: {'Vahp': -20.0, 'Vth': -20.0, 'Vmax': 34.5, 't_ref': 8.0, 'R': 0.4, 'tau_m': 16.0, 'R_adp': 0.7000000000000001, 'tau_w': 26.5, 'a': 94.5, 'delT': 7.5}. Best is trial 46 with value: 49.0.[0m
2021-04-07 08:01:45.638238: I tensorflow/compiler/jit/xla_gpu_device.cc:99] Not creating XLA devices, tf_xla_enable_xla_devices not set
mse_error/peak_error 0 372
[32m[I 2021-04-07 08:01:46,823][0m Trial 47 finished with value: 372.0 and parameters: {'Vahp': -20.0, 'Vth': -20.0, 'Vmax': 34.0, 't_ref': 8.5, 'R': 0.4, 'tau_m': 15.0, 'R_adp': 0.7000000000000001, 'tau_w': 6.0, 'a': 95.5, 'delT': 7.5}. Best is trial 46 with value: 49.0.[0m
2021-04-07 08:01:47.086457: I tensorflow/compiler/jit/xla_gpu_device.cc:99] Not creating XLA devices, tf_xla_enable_xla_devices not set
mse_error/peak_error 0 1333
[32m[I 2021-04-07 08:01:48,308][0m Trial 48 finished with value: 1333.0 and parameters: {'Vahp': -21.5, 'Vth': -21.5, 'Vmax': 35.5, 't_ref': 18.5, 'R': 0.2, 'tau_m': 30.5, 'R_adp': 0.6, 'tau_w': 28.5, 'a': 77.5, 'delT': 8.5}. Best is trial 46 with value: 49.0.[0m
2021-04-07 08:01:48.516319: I tensorflow/compiler/jit/xla_gpu_device.cc:99] Not creating XLA devices, tf_xla_enable_xla_devices not set
mse_error/peak_error 0 383
[32m[I 2021-04-07 08:01:49,742][0m Trial 49 finished with value: 383.0 and parameters: {'Vahp': -24.5, 'Vth': -20.5, 'Vmax': 37.5, 't_ref': 10.5, 'R': 0.6, 'tau_m': 11.0, 'R_adp': 0.7000000000000001, 'tau_w': 25.0, 'a': 100.0, 'delT': 5.0}. Best is trial 46 with value: 49.0.[0m
2021-04-07 08:01:49.965727: I tensorflow/compiler/jit/xla_gpu_device.cc:99] Not creating XLA devices, tf_xla_enable_xla_devices not set
mse_error/peak_error 0 315
[32m[I 2021-04-07 08:01:51,225][0m Trial 50 finished with value: 315.0 and parameters: {'Vahp': -20.0, 'Vth': -20.0, 'Vmax': 40.0, 't_ref': 3.5, 'R': 0.30000000000000004, 'tau_m': 23.5, 'R_adp': 0.4, 'tau_w': 39.5, 'a': 29.5, 'delT': 8.0}. Best is trial 46 with value: 49.0.[0m
2021-04-07 08:01:51.454853: I tensorflow/compiler/jit/xla_gpu_device.cc:99] Not creating XLA devices, tf_xla_enable_xla_devices not set
mse_error/peak_error 0 445
[32m[I 2021-04-07 08:01:52,750][0m Trial 51 finished with value: 445.0 and parameters: {'Vahp': -58.5, 'Vth': -54.5, 'Vmax': 33.0, 't_ref': 7.0, 'R': 1.0, 'tau_m': 50.5, 'R_adp': 0.30000000000000004, 'tau_w': 44.5, 'a': 93.0, 'delT': 9.0}. Best is trial 46 with value: 49.0.[0m
2021-04-07 08:01:52.965487: I tensorflow/compiler/jit/xla_gpu_device.cc:99] Not creating XLA devices, tf_xla_enable_xla_devices not set
mse_error/peak_error 0 50.0
[32m[I 2021-04-07 08:01:54,258][0m Trial 52 finished with value: 50.0 and parameters: {'Vahp': -30.0, 'Vth': -23.0, 'Vmax': 30.0, 't_ref': 6.0, 'R': 0.4, 'tau_m': 16.0, 'R_adp': 0.9, 'tau_w': 22.0, 'a': 90.0, 'delT': 9.5}. Best is trial 46 with value: 49.0.[0m
2021-04-07 08:01:54.463413: I tensorflow/compiler/jit/xla_gpu_device.cc:99] Not creating XLA devices, tf_xla_enable_xla_devices not set
mse_error/peak_error 0 144
[32m[I 2021-04-07 08:01:55,763][0m Trial 53 finished with value: 144.0 and parameters: {'Vahp': -22.0, 'Vth': -21.5, 'Vmax': 30.0, 't_ref': 6.0, 'R': 0.4, 'tau_m': 16.5, 'R_adp': 0.8, 'tau_w': 20.0, 'a': 91.0, 'delT': 10.0}. Best is trial 46 with value: 49.0.[0m
2021-04-07 08:01:55.965100: I tensorflow/compiler/jit/xla_gpu_device.cc:99] Not creating XLA devices, tf_xla_enable_xla_devices not set
mse_error/peak_error 0 250
[32m[I 2021-04-07 08:01:57,293][0m Trial 54 finished with value: 250.0 and parameters: {'Vahp': -29.0, 'Vth': -23.5, 'Vmax': 28.0, 't_ref': 5.0, 'R': 0.5, 'tau_m': 13.5, 'R_adp': 0.9, 'tau_w': 25.0, 'a': 97.0, 'delT': 7.0}. Best is trial 46 with value: 49.0.[0m
2021-04-07 08:01:57.495614: I tensorflow/compiler/jit/xla_gpu_device.cc:99] Not creating XLA devices, tf_xla_enable_xla_devices not set
mse_error/peak_error 0 458
[32m[I 2021-04-07 08:01:58,823][0m Trial 55 finished with value: 458.0 and parameters: {'Vahp': -27.0, 'Vth': -24.5, 'Vmax': 31.0, 't_ref': 8.0, 'R': 0.30000000000000004, 'tau_m': 7.0, 'R_adp': 0.8, 'tau_w': 10.0, 'a': 78.5, 'delT': 9.0}. Best is trial 46 with value: 49.0.[0m
2021-04-07 08:01:59.036877: I tensorflow/compiler/jit/xla_gpu_device.cc:99] Not creating XLA devices, tf_xla_enable_xla_devices not set
mse_error/peak_error 0 69.0
[32m[I 2021-04-07 08:02:00,388][0m Trial 56 finished with value: 69.0 and parameters: {'Vahp': -25.0, 'Vth': -23.0, 'Vmax': 29.0, 't_ref': 4.0, 'R': 0.4, 'tau_m': 20.5, 'R_adp': 0.8, 'tau_w': 34.5, 'a': 91.0, 'delT': 1.5}. Best is trial 46 with value: 49.0.[0m
2021-04-07 08:02:00.602747: I tensorflow/compiler/jit/xla_gpu_device.cc:99] Not creating XLA devices, tf_xla_enable_xla_devices not set
mse_error/peak_error 0 965
[32m[I 2021-04-07 08:02:01,979][0m Trial 57 finished with value: 965.0 and parameters: {'Vahp': -25.0, 'Vth': -24.0, 'Vmax': 38.5, 't_ref': 4.0, 'R': 0.2, 'tau_m': 29.5, 'R_adp': 0.9, 'tau_w': 23.0, 'a': 90.0, 'delT': 1.0}. Best is trial 46 with value: 49.0.[0m
2021-04-07 08:02:02.191966: I tensorflow/compiler/jit/xla_gpu_device.cc:99] Not creating XLA devices, tf_xla_enable_xla_devices not set
mse_error/peak_error 0 269
[32m[I 2021-04-07 08:02:03,615][0m Trial 58 finished with value: 269.0 and parameters: {'Vahp': -30.0, 'Vth': -23.0, 'Vmax': 34.5, 't_ref': 2.5, 'R': 0.5, 'tau_m': 20.5, 'R_adp': 0.8, 'tau_w': 27.5, 'a': 100.0, 'delT': 1.5}. Best is trial 46 with value: 49.0.[0m
2021-04-07 08:02:03.904957: I tensorflow/compiler/jit/xla_gpu_device.cc:99] Not creating XLA devices, tf_xla_enable_xla_devices not set
mse_error/peak_error 0 139.0
[32m[I 2021-04-07 08:02:05,348][0m Trial 59 finished with value: 139.0 and parameters: {'Vahp': -27.0, 'Vth': -25.0, 'Vmax': 26.5, 't_ref': 1.5, 'R': 0.30000000000000004, 'tau_m': 3.0, 'R_adp': 0.9, 'tau_w': 33.0, 'a': 86.0, 'delT': 6.0}. Best is trial 46 with value: 49.0.[0m
2021-04-07 08:02:05.581339: I tensorflow/compiler/jit/xla_gpu_device.cc:99] Not creating XLA devices, tf_xla_enable_xla_devices not set
mse_error/peak_error 0 256
[32m[I 2021-04-07 08:02:07,096][0m Trial 60 finished with value: 256.0 and parameters: {'Vahp': -34.5, 'Vth': -28.5, 'Vmax': 33.0, 't_ref': 9.5, 'R': 0.4, 'tau_m': 39.5, 'R_adp': 1.0, 'tau_w': 7.0, 'a': 4.5, 'delT': 3.5}. Best is trial 46 with value: 49.0.[0m
2021-04-07 08:02:07.307659: I tensorflow/compiler/jit/xla_gpu_device.cc:99] Not creating XLA devices, tf_xla_enable_xla_devices not set
mse_error/peak_error 0 54.0
[32m[I 2021-04-07 08:02:08,768][0m Trial 61 finished with value: 54.0 and parameters: {'Vahp': -23.0, 'Vth': -21.0, 'Vmax': 29.0, 't_ref': 5.5, 'R': 0.4, 'tau_m': 18.5, 'R_adp': 0.7000000000000001, 'tau_w': 41.0, 'a': 81.0, 'delT': 2.5}. Best is trial 46 with value: 49.0.[0m
2021-04-07 08:02:08.977285: I tensorflow/compiler/jit/xla_gpu_device.cc:99] Not creating XLA devices, tf_xla_enable_xla_devices not set
mse_error/peak_error 0 389
[32m[I 2021-04-07 08:02:10,458][0m Trial 62 finished with value: 389.0 and parameters: {'Vahp': -21.0, 'Vth': -21.0, 'Vmax': 31.5, 't_ref': 6.5, 'R': 0.6, 'tau_m': 18.5, 'R_adp': 0.8, 'tau_w': 33.5, 'a': 91.5, 'delT': 2.0}. Best is trial 46 with value: 49.0.[0m
2021-04-07 08:02:10.699055: I tensorflow/compiler/jit/xla_gpu_device.cc:99] Not creating XLA devices, tf_xla_enable_xla_devices not set
mse_error/peak_error 0 48.0
[32m[I 2021-04-07 08:02:12,178][0m Trial 63 finished with value: 48.0 and parameters: {'Vahp': -24.5, 'Vth': -21.0, 'Vmax': 29.0, 't_ref': 7.5, 'R': 0.4, 'tau_m': 25.5, 'R_adp': 0.7000000000000001, 'tau_w': 41.5, 'a': 73.5, 'delT': 2.5}. Best is trial 63 with value: 48.0.[0m
2021-04-07 08:02:12.552323: I tensorflow/compiler/jit/xla_gpu_device.cc:99] Not creating XLA devices, tf_xla_enable_xla_devices not set
mse_error/peak_error 0 65.0
[32m[I 2021-04-07 08:02:14,078][0m Trial 64 finished with value: 65.0 and parameters: {'Vahp': -24.0, 'Vth': -20.5, 'Vmax': 28.0, 't_ref': 5.5, 'R': 0.4, 'tau_m': 27.0, 'R_adp': 0.7000000000000001, 'tau_w': 42.0, 'a': 75.5, 'delT': 2.5}. Best is trial 63 with value: 48.0.[0m
2021-04-07 08:02:14.290482: I tensorflow/compiler/jit/xla_gpu_device.cc:99] Not creating XLA devices, tf_xla_enable_xla_devices not set
mse_error/peak_error 0 329
[32m[I 2021-04-07 08:02:15,819][0m Trial 65 finished with value: 329.0 and parameters: {'Vahp': -28.0, 'Vth': -20.5, 'Vmax': 27.5, 't_ref': 7.5, 'R': 0.30000000000000004, 'tau_m': 26.5, 'R_adp': 0.5, 'tau_w': 41.0, 'a': 66.0, 'delT': 3.0}. Best is trial 63 with value: 48.0.[0m
2021-04-07 08:02:16.042290: I tensorflow/compiler/jit/xla_gpu_device.cc:99] Not creating XLA devices, tf_xla_enable_xla_devices not set
mse_error/peak_error 0 139.0
[32m[I 2021-04-07 08:02:17,622][0m Trial 66 finished with value: 139.0 and parameters: {'Vahp': -23.0, 'Vth': -21.0, 'Vmax': 25.5, 't_ref': 5.5, 'R': 0.4, 'tau_m': 35.0, 'R_adp': 0.7000000000000001, 'tau_w': 50.5, 'a': 59.5, 'delT': 2.5}. Best is trial 63 with value: 48.0.[0m
2021-04-07 08:02:17.829466: I tensorflow/compiler/jit/xla_gpu_device.cc:99] Not creating XLA devices, tf_xla_enable_xla_devices not set
mse_error/peak_error 0 153
[32m[I 2021-04-07 08:02:19,429][0m Trial 67 finished with value: 153.0 and parameters: {'Vahp': -26.0, 'Vth': -20.5, 'Vmax': 28.5, 't_ref': 7.5, 'R': 0.5, 'tau_m': 32.0, 'R_adp': 0.6, 'tau_w': 44.5, 'a': 73.5, 'delT': 3.0}. Best is trial 63 with value: 48.0.[0m
2021-04-07 08:02:19.637149: I tensorflow/compiler/jit/xla_gpu_device.cc:99] Not creating XLA devices, tf_xla_enable_xla_devices not set
mse_error/peak_error 0 168
[32m[I 2021-04-07 08:02:21,261][0m Trial 68 finished with value: 168.0 and parameters: {'Vahp': -30.0, 'Vth': -22.5, 'Vmax': 23.0, 't_ref': 6.5, 'R': 0.5, 'tau_m': 23.0, 'R_adp': 0.7000000000000001, 'tau_w': 41.5, 'a': 79.5, 'delT': 4.5}. Best is trial 63 with value: 48.0.[0m
2021-04-07 08:02:21.466893: I tensorflow/compiler/jit/xla_gpu_device.cc:99] Not creating XLA devices, tf_xla_enable_xla_devices not set
mse_error/peak_error 0 159.0
[32m[I 2021-04-07 08:02:23,101][0m Trial 69 finished with value: 159.0 and parameters: {'Vahp': -41.0, 'Vth': -27.0, 'Vmax': 30.5, 't_ref': 5.5, 'R': 0.4, 'tau_m': 45.5, 'R_adp': 0.6, 'tau_w': 47.0, 'a': 75.5, 'delT': 2.0}. Best is trial 63 with value: 48.0.[0m
2021-04-07 08:02:23.322480: I tensorflow/compiler/jit/xla_gpu_device.cc:99] Not creating XLA devices, tf_xla_enable_xla_devices not set
mse_error/peak_error 0 54.0
[32m[I 2021-04-07 08:02:24,973][0m Trial 70 finished with value: 54.0 and parameters: {'Vahp': -24.0, 'Vth': -21.0, 'Vmax': 27.0, 't_ref': 6.0, 'R': 0.4, 'tau_m': 28.5, 'R_adp': 0.7000000000000001, 'tau_w': 37.5, 'a': 71.0, 'delT': 2.5}. Best is trial 63 with value: 48.0.[0m
2021-04-07 08:02:25.186382: I tensorflow/compiler/jit/xla_gpu_device.cc:99] Not creating XLA devices, tf_xla_enable_xla_devices not set
mse_error/peak_error 0 47.0
[32m[I 2021-04-07 08:02:26,857][0m Trial 71 finished with value: 47.0 and parameters: {'Vahp': -24.0, 'Vth': -21.0, 'Vmax': 24.5, 't_ref': 6.0, 'R': 0.4, 'tau_m': 28.0, 'R_adp': 0.7000000000000001, 'tau_w': 37.0, 'a': 68.0, 'delT': 2.5}. Best is trial 71 with value: 47.0.[0m
2021-04-07 08:02:27.088260: I tensorflow/compiler/jit/xla_gpu_device.cc:99] Not creating XLA devices, tf_xla_enable_xla_devices not set
mse_error/peak_error 0 199
[32m[I 2021-04-07 08:02:28,837][0m Trial 72 finished with value: 199.0 and parameters: {'Vahp': -21.0, 'Vth': -21.0, 'Vmax': 24.5, 't_ref': 6.0, 'R': 0.4, 'tau_m': 16.0, 'R_adp': 0.7000000000000001, 'tau_w': 37.5, 'a': 71.0, 'delT': 3.0}. Best is trial 71 with value: 47.0.[0m
2021-04-07 08:02:29.063195: I tensorflow/compiler/jit/xla_gpu_device.cc:99] Not creating XLA devices, tf_xla_enable_xla_devices not set
mse_error/peak_error 0 147.0
[32m[I 2021-04-07 08:02:30,767][0m Trial 73 finished with value: 147.0 and parameters: {'Vahp': -22.5, 'Vth': -21.0, 'Vmax': 27.0, 't_ref': 8.5, 'R': 0.30000000000000004, 'tau_m': 22.5, 'R_adp': 0.7000000000000001, 'tau_w': 30.0, 'a': 65.5, 'delT': 2.0}. Best is trial 71 with value: 47.0.[0m
2021-04-07 08:02:30.993374: I tensorflow/compiler/jit/xla_gpu_device.cc:99] Not creating XLA devices, tf_xla_enable_xla_devices not set
mse_error/peak_error 0 517
[32m[I 2021-04-07 08:02:32,732][0m Trial 74 finished with value: 517.0 and parameters: {'Vahp': -26.0, 'Vth': -21.0, 'Vmax': 36.5, 't_ref': 7.0, 'R': 0.30000000000000004, 'tau_m': 37.0, 'R_adp': 0.6, 'tau_w': 26.5, 'a': 59.0, 'delT': 3.5}. Best is trial 71 with value: 47.0.[0m
2021-04-07 08:02:32.940970: I tensorflow/compiler/jit/xla_gpu_device.cc:99] Not creating XLA devices, tf_xla_enable_xla_devices not set
mse_error/peak_error 0 46.0
[32m[I 2021-04-07 08:02:34,699][0m Trial 75 finished with value: 46.0 and parameters: {'Vahp': -24.0, 'Vth': -21.0, 'Vmax': 22.5, 't_ref': 4.5, 'R': 0.4, 'tau_m': 28.5, 'R_adp': 0.7000000000000001, 'tau_w': 37.5, 'a': 68.0, 'delT': 2.5}. Best is trial 75 with value: 46.0.[0m
2021-04-07 08:02:34.923496: I tensorflow/compiler/jit/xla_gpu_device.cc:99] Not creating XLA devices, tf_xla_enable_xla_devices not set
mse_error/peak_error 0 804.0
[32m[I 2021-04-07 08:02:36,676][0m Trial 76 finished with value: 804.0 and parameters: {'Vahp': -33.5, 'Vth': -22.0, 'Vmax': 19.5, 't_ref': 4.0, 'R': 0.5, 'tau_m': 9.0, 'R_adp': 0.6, 'tau_w': 31.0, 'a': 68.0, 'delT': 4.0}. Best is trial 75 with value: 46.0.[0m
2021-04-07 08:02:36.886664: I tensorflow/compiler/jit/xla_gpu_device.cc:99] Not creating XLA devices, tf_xla_enable_xla_devices not set
mse_error/peak_error 0 373
[32m[I 2021-04-07 08:02:38,687][0m Trial 77 finished with value: 373.0 and parameters: {'Vahp': -38.5, 'Vth': -23.5, 'Vmax': 21.0, 't_ref': 4.5, 'R': 0.4, 'tau_m': 29.0, 'R_adp': 0.5, 'tau_w': 37.0, 'a': 54.5, 'delT': 1.5}. Best is trial 75 with value: 46.0.[0m
2021-04-07 08:02:38.902207: I tensorflow/compiler/jit/xla_gpu_device.cc:99] Not creating XLA devices, tf_xla_enable_xla_devices not set
mse_error/peak_error 0 109.0
[32m[I 2021-04-07 08:02:40,735][0m Trial 78 finished with value: 109.0 and parameters: {'Vahp': -47.5, 'Vth': -40.0, 'Vmax': 25.0, 't_ref': 5.0, 'R': 0.30000000000000004, 'tau_m': 43.0, 'R_adp': 0.8, 'tau_w': 19.0, 'a': 82.5, 'delT': 2.0}. Best is trial 75 with value: 46.0.[0m
2021-04-07 08:02:40.962312: I tensorflow/compiler/jit/xla_gpu_device.cc:99] Not creating XLA devices, tf_xla_enable_xla_devices not set
mse_error/peak_error 0 321
[32m[I 2021-04-07 08:02:42,760][0m Trial 79 finished with value: 321.0 and parameters: {'Vahp': -27.5, 'Vth': -20.5, 'Vmax': 18.0, 't_ref': 10.0, 'R': 0.5, 'tau_m': 48.5, 'R_adp': 0.7000000000000001, 'tau_w': 23.0, 'a': 48.0, 'delT': 1.0}. Best is trial 75 with value: 46.0.[0m
2021-04-07 08:02:42.966688: I tensorflow/compiler/jit/xla_gpu_device.cc:99] Not creating XLA devices, tf_xla_enable_xla_devices not set
mse_error/peak_error 0 195
[32m[I 2021-04-07 08:02:44,786][0m Trial 80 finished with value: 195.0 and parameters: {'Vahp': -21.0, 'Vth': -21.0, 'Vmax': 23.0, 't_ref': 3.0, 'R': 0.4, 'tau_m': 18.0, 'R_adp': 0.6, 'tau_w': 100.0, 'a': 87.5, 'delT': 3.0}. Best is trial 75 with value: 46.0.[0m
2021-04-07 08:02:45.002146: I tensorflow/compiler/jit/xla_gpu_device.cc:99] Not creating XLA devices, tf_xla_enable_xla_devices not set
mse_error/peak_error 0 28.0
[32m[I 2021-04-07 08:02:46,853][0m Trial 81 finished with value: 28.0 and parameters: {'Vahp': -24.0, 'Vth': -21.0, 'Vmax': 26.0, 't_ref': 6.0, 'R': 0.4, 'tau_m': 25.5, 'R_adp': 0.7000000000000001, 'tau_w': 39.0, 'a': 71.5, 'delT': 2.5}. Best is trial 81 with value: 28.0.[0m
2021-04-07 08:02:47.069118: I tensorflow/compiler/jit/xla_gpu_device.cc:99] Not creating XLA devices, tf_xla_enable_xla_devices not set
mse_error/peak_error 0 40.0
[32m[I 2021-04-07 08:02:48,961][0m Trial 82 finished with value: 40.0 and parameters: {'Vahp': -26.0, 'Vth': -21.5, 'Vmax': 22.0, 't_ref': 6.5, 'R': 0.4, 'tau_m': 26.0, 'R_adp': 0.7000000000000001, 'tau_w': 44.5, 'a': 61.5, 'delT': 2.5}. Best is trial 81 with value: 28.0.[0m
2021-04-07 08:02:49.177303: I tensorflow/compiler/jit/xla_gpu_device.cc:99] Not creating XLA devices, tf_xla_enable_xla_devices not set
mse_error/peak_error 0 81.0
[32m[I 2021-04-07 08:02:51,095][0m Trial 83 finished with value: 81.0 and parameters: {'Vahp': -26.0, 'Vth': -22.0, 'Vmax': 22.0, 't_ref': 7.5, 'R': 0.4, 'tau_m': 25.0, 'R_adp': 0.8, 'tau_w': 54.0, 'a': 61.0, 'delT': 4.0}. Best is trial 81 with value: 28.0.[0m
2021-04-07 08:02:51.326284: I tensorflow/compiler/jit/xla_gpu_device.cc:99] Not creating XLA devices, tf_xla_enable_xla_devices not set
mse_error/peak_error 0 262.0
[32m[I 2021-04-07 08:02:53,262][0m Trial 84 finished with value: 262.0 and parameters: {'Vahp': -29.0, 'Vth': -21.5, 'Vmax': 20.5, 't_ref': 6.5, 'R': 0.5, 'tau_m': 55.0, 'R_adp': 0.7000000000000001, 'tau_w': 49.5, 'a': 68.0, 'delT': 3.5}. Best is trial 81 with value: 28.0.[0m
2021-04-07 08:02:53.480962: I tensorflow/compiler/jit/xla_gpu_device.cc:99] Not creating XLA devices, tf_xla_enable_xla_devices not set
mse_error/peak_error 0 187.0
[32m[I 2021-04-07 08:02:55,447][0m Trial 85 finished with value: 187.0 and parameters: {'Vahp': -24.5, 'Vth': -21.5, 'Vmax': 24.0, 't_ref': 8.0, 'R': 0.4, 'tau_m': 37.5, 'R_adp': 0.6, 'tau_w': 35.0, 'a': 56.5, 'delT': 3.0}. Best is trial 81 with value: 28.0.[0m
2021-04-07 08:02:55.659580: I tensorflow/compiler/jit/xla_gpu_device.cc:99] Not creating XLA devices, tf_xla_enable_xla_devices not set
mse_error/peak_error 0 403
[32m[I 2021-04-07 08:02:57,668][0m Trial 86 finished with value: 403.0 and parameters: {'Vahp': -22.5, 'Vth': -21.0, 'Vmax': 18.0, 't_ref': 8.5, 'R': 0.30000000000000004, 'tau_m': 31.5, 'R_adp': 0.7000000000000001, 'tau_w': 39.5, 'a': 63.0, 'delT': 2.0}. Best is trial 81 with value: 28.0.[0m
2021-04-07 08:02:57.890108: I tensorflow/compiler/jit/xla_gpu_device.cc:99] Not creating XLA devices, tf_xla_enable_xla_devices not set
mse_error/peak_error 0 79.0
[32m[I 2021-04-07 08:02:59,921][0m Trial 87 finished with value: 79.0 and parameters: {'Vahp': -25.0, 'Vth': -22.0, 'Vmax': 23.0, 't_ref': 5.0, 'R': 0.5, 'tau_m': 22.0, 'R_adp': 1.0, 'tau_w': 44.0, 'a': 73.0, 'delT': 2.5}. Best is trial 81 with value: 28.0.[0m
2021-04-07 08:03:00.135154: I tensorflow/compiler/jit/xla_gpu_device.cc:99] Not creating XLA devices, tf_xla_enable_xla_devices not set
mse_error/peak_error 0 364
[32m[I 2021-04-07 08:03:02,161][0m Trial 88 finished with value: 364.0 and parameters: {'Vahp': -32.0, 'Vth': -20.0, 'Vmax': 26.0, 't_ref': 7.0, 'R': 0.30000000000000004, 'tau_m': 34.0, 'R_adp': 0.8, 'tau_w': 47.0, 'a': 51.0, 'delT': 1.0}. Best is trial 81 with value: 28.0.[0m
2021-04-07 08:03:02.374203: I tensorflow/compiler/jit/xla_gpu_device.cc:99] Not creating XLA devices, tf_xla_enable_xla_devices not set
mse_error/peak_error 0 471
[32m[I 2021-04-07 08:03:04,389][0m Trial 89 finished with value: 471.0 and parameters: {'Vahp': -26.5, 'Vth': -20.5, 'Vmax': 25.0, 't_ref': 6.0, 'R': 0.4, 'tau_m': 14.0, 'R_adp': 0.9, 'tau_w': 16.0, 'a': 66.5, 'delT': 2.5}. Best is trial 81 with value: 28.0.[0m
2021-04-07 08:03:04.598540: I tensorflow/compiler/jit/xla_gpu_device.cc:99] Not creating XLA devices, tf_xla_enable_xla_devices not set
mse_error/peak_error 0 131
[32m[I 2021-04-07 08:03:06,650][0m Trial 90 finished with value: 131.0 and parameters: {'Vahp': -28.0, 'Vth': -25.0, 'Vmax': 21.5, 't_ref': 9.0, 'R': 0.4, 'tau_m': 26.0, 'R_adp': 0.7000000000000001, 'tau_w': 32.0, 'a': 84.5, 'delT': 1.5}. Best is trial 81 with value: 28.0.[0m
2021-04-07 08:03:06.881372: I tensorflow/compiler/jit/xla_gpu_device.cc:99] Not creating XLA devices, tf_xla_enable_xla_devices not set
mse_error/peak_error 0 78.0
[32m[I 2021-04-07 08:03:08,968][0m Trial 91 finished with value: 78.0 and parameters: {'Vahp': -23.5, 'Vth': -21.5, 'Vmax': 29.5, 't_ref': 4.0, 'R': 0.4, 'tau_m': 16.5, 'R_adp': 0.7000000000000001, 'tau_w': 40.0, 'a': 80.5, 'delT': 3.0}. Best is trial 81 with value: 28.0.[0m
2021-04-07 08:03:09.192549: I tensorflow/compiler/jit/xla_gpu_device.cc:99] Not creating XLA devices, tf_xla_enable_xla_devices not set
mse_error/peak_error 0 152
[32m[I 2021-04-07 08:03:11,359][0m Trial 92 finished with value: 152.0 and parameters: {'Vahp': -20.0, 'Vth': -20.0, 'Vmax': 30.0, 't_ref': 4.5, 'R': 0.4, 'tau_m': 21.0, 'R_adp': 0.7000000000000001, 'tau_w': 28.5, 'a': 70.0, 'delT': 2.5}. Best is trial 81 with value: 28.0.[0m
2021-04-07 08:03:11.573309: I tensorflow/compiler/jit/xla_gpu_device.cc:99] Not creating XLA devices, tf_xla_enable_xla_devices not set
mse_error/peak_error 0 174
[32m[I 2021-04-07 08:03:13,779][0m Trial 93 finished with value: 174.0 and parameters: {'Vahp': -24.0, 'Vth': -21.0, 'Vmax': 27.0, 't_ref': 6.0, 'R': 0.5, 'tau_m': 27.0, 'R_adp': 0.8, 'tau_w': 37.0, 'a': 72.0, 'delT': 2.0}. Best is trial 81 with value: 28.0.[0m
2021-04-07 08:03:13.993880: I tensorflow/compiler/jit/xla_gpu_device.cc:99] Not creating XLA devices, tf_xla_enable_xla_devices not set
mse_error/peak_error 0 129.0
