[32m[I 2021-04-07 10:54:08,946][0m Trial 849 finished with value: 612.0 and parameters: {'Vahp': -24.0, 'Vth': -23.0, 'Vmax': 25.0, 't_ref': 6.0, 'R': 0.2, 'tau_m': 27.5, 'R_adp': 0.8, 'tau_w': 38.5, 'a': 24.5, 'delT': 1.5}. Best is trial 483 with value: 2.0.[0m
2021-04-07 10:54:09.225699: I tensorflow/compiler/jit/xla_gpu_device.cc:99] Not creating XLA devices, tf_xla_enable_xla_devices not set
mse_error/peak_error 0 68.0
[32m[I 2021-04-07 10:54:37,131][0m Trial 850 finished with value: 68.0 and parameters: {'Vahp': -25.0, 'Vth': -23.0, 'Vmax': 23.0, 't_ref': 5.0, 'R': 0.4, 'tau_m': 33.0, 'R_adp': 0.8, 'tau_w': 34.5, 'a': 73.0, 'delT': 1.5}. Best is trial 483 with value: 2.0.[0m
2021-04-07 10:54:37.408037: I tensorflow/compiler/jit/xla_gpu_device.cc:99] Not creating XLA devices, tf_xla_enable_xla_devices not set
mse_error/peak_error 0 32.0
[32m[I 2021-04-07 10:55:05,596][0m Trial 851 finished with value: 32.0 and parameters: {'Vahp': -22.0, 'Vth': -20.5, 'Vmax': 25.0, 't_ref': 5.5, 'R': 0.4, 'tau_m': 27.5, 'R_adp': 0.8, 'tau_w': 37.0, 'a': 70.5, 'delT': 1.5}. Best is trial 483 with value: 2.0.[0m
2021-04-07 10:55:05.872586: I tensorflow/compiler/jit/xla_gpu_device.cc:99] Not creating XLA devices, tf_xla_enable_xla_devices not set
mse_error/peak_error 0 46.0
[32m[I 2021-04-07 10:55:34,547][0m Trial 852 finished with value: 46.0 and parameters: {'Vahp': -23.0, 'Vth': -23.0, 'Vmax': 26.0, 't_ref': 4.5, 'R': 0.4, 'tau_m': 30.5, 'R_adp': 0.8, 'tau_w': 32.5, 'a': 73.5, 'delT': 2.0}. Best is trial 483 with value: 2.0.[0m
2021-04-07 10:55:34.846882: I tensorflow/compiler/jit/xla_gpu_device.cc:99] Not creating XLA devices, tf_xla_enable_xla_devices not set
mse_error/peak_error 0 152.0
[32m[I 2021-04-07 10:56:03,393][0m Trial 853 finished with value: 152.0 and parameters: {'Vahp': -24.0, 'Vth': -23.0, 'Vmax': 24.5, 't_ref': 5.0, 'R': 0.5, 'tau_m': 58.0, 'R_adp': 0.8, 'tau_w': 40.0, 'a': 69.0, 'delT': 1.5}. Best is trial 483 with value: 2.0.[0m
2021-04-07 10:56:03.677542: I tensorflow/compiler/jit/xla_gpu_device.cc:99] Not creating XLA devices, tf_xla_enable_xla_devices not set
mse_error/peak_error 0 21.0
[32m[I 2021-04-07 10:56:32,557][0m Trial 854 finished with value: 21.0 and parameters: {'Vahp': -25.0, 'Vth': -23.0, 'Vmax': 25.5, 't_ref': 4.5, 'R': 0.4, 'tau_m': 25.0, 'R_adp': 0.8, 'tau_w': 33.0, 'a': 73.0, 'delT': 2.0}. Best is trial 483 with value: 2.0.[0m
2021-04-07 10:56:32.841984: I tensorflow/compiler/jit/xla_gpu_device.cc:99] Not creating XLA devices, tf_xla_enable_xla_devices not set
mse_error/peak_error 0 87.0
[32m[I 2021-04-07 10:57:01,508][0m Trial 855 finished with value: 87.0 and parameters: {'Vahp': -23.0, 'Vth': -23.0, 'Vmax': 24.0, 't_ref': 15.0, 'R': 0.4, 'tau_m': 27.0, 'R_adp': 0.8, 'tau_w': 36.5, 'a': 71.0, 'delT': 2.0}. Best is trial 483 with value: 2.0.[0m
2021-04-07 10:57:01.841438: I tensorflow/compiler/jit/xla_gpu_device.cc:99] Not creating XLA devices, tf_xla_enable_xla_devices not set
mse_error/peak_error 0 11.0
[32m[I 2021-04-07 10:57:30,601][0m Trial 856 finished with value: 11.0 and parameters: {'Vahp': -21.5, 'Vth': -21.0, 'Vmax': 25.0, 't_ref': 4.5, 'R': 0.4, 'tau_m': 24.0, 'R_adp': 0.8, 'tau_w': 34.5, 'a': 71.5, 'delT': 2.5}. Best is trial 483 with value: 2.0.[0m
2021-04-07 10:57:30.871233: I tensorflow/compiler/jit/xla_gpu_device.cc:99] Not creating XLA devices, tf_xla_enable_xla_devices not set
mse_error/peak_error 0 846.0
[32m[I 2021-04-07 10:57:59,836][0m Trial 857 finished with value: 846.0 and parameters: {'Vahp': -20.0, 'Vth': -20.0, 'Vmax': 26.5, 't_ref': 5.0, 'R': 0.4, 'tau_m': 4.0, 'R_adp': 0.4, 'tau_w': 38.5, 'a': 68.0, 'delT': 1.5}. Best is trial 483 with value: 2.0.[0m
2021-04-07 10:58:00.117896: I tensorflow/compiler/jit/xla_gpu_device.cc:99] Not creating XLA devices, tf_xla_enable_xla_devices not set
mse_error/peak_error 0 218
[32m[I 2021-04-07 10:58:29,310][0m Trial 858 finished with value: 218.0 and parameters: {'Vahp': -24.5, 'Vth': -23.0, 'Vmax': 26.0, 't_ref': 6.0, 'R': 0.30000000000000004, 'tau_m': 20.0, 'R_adp': 0.8, 'tau_w': 34.5, 'a': 71.5, 'delT': 2.0}. Best is trial 483 with value: 2.0.[0m
2021-04-07 10:58:29.593525: I tensorflow/compiler/jit/xla_gpu_device.cc:99] Not creating XLA devices, tf_xla_enable_xla_devices not set
mse_error/peak_error 0 79.0
[32m[I 2021-04-07 10:58:58,960][0m Trial 859 finished with value: 79.0 and parameters: {'Vahp': -23.5, 'Vth': -23.0, 'Vmax': 26.5, 't_ref': 11.0, 'R': 0.4, 'tau_m': 31.0, 'R_adp': 0.8, 'tau_w': 37.5, 'a': 66.5, 'delT': 1.5}. Best is trial 483 with value: 2.0.[0m
2021-04-07 10:58:59.286029: I tensorflow/compiler/jit/xla_gpu_device.cc:99] Not creating XLA devices, tf_xla_enable_xla_devices not set
mse_error/peak_error 0 28.0
[32m[I 2021-04-07 10:59:28,578][0m Trial 860 finished with value: 28.0 and parameters: {'Vahp': -22.5, 'Vth': -20.5, 'Vmax': 25.0, 't_ref': 5.0, 'R': 0.4, 'tau_m': 28.5, 'R_adp': 0.8, 'tau_w': 40.5, 'a': 68.5, 'delT': 1.5}. Best is trial 483 with value: 2.0.[0m
2021-04-07 10:59:28.856449: I tensorflow/compiler/jit/xla_gpu_device.cc:99] Not creating XLA devices, tf_xla_enable_xla_devices not set
mse_error/peak_error 0 147
[32m[I 2021-04-07 10:59:57,718][0m Trial 861 finished with value: 147.0 and parameters: {'Vahp': -57.5, 'Vth': -26.5, 'Vmax': 26.0, 't_ref': 4.5, 'R': 0.4, 'tau_m': 26.0, 'R_adp': 0.8, 'tau_w': 32.0, 'a': 73.5, 'delT': 2.0}. Best is trial 483 with value: 2.0.[0m
2021-04-07 10:59:58.001532: I tensorflow/compiler/jit/xla_gpu_device.cc:99] Not creating XLA devices, tf_xla_enable_xla_devices not set
mse_error/peak_error 0 309
[32m[I 2021-04-07 11:00:26,268][0m Trial 862 finished with value: 309.0 and parameters: {'Vahp': -24.0, 'Vth': -23.0, 'Vmax': 23.5, 't_ref': 5.5, 'R': 0.5, 'tau_m': 28.5, 'R_adp': 0.8, 'tau_w': 36.5, 'a': 69.0, 'delT': 1.5}. Best is trial 483 with value: 2.0.[0m
2021-04-07 11:00:26.560389: I tensorflow/compiler/jit/xla_gpu_device.cc:99] Not creating XLA devices, tf_xla_enable_xla_devices not set
mse_error/peak_error 0 38.0
[32m[I 2021-04-07 11:00:55,212][0m Trial 863 finished with value: 38.0 and parameters: {'Vahp': -25.5, 'Vth': -23.0, 'Vmax': 28.0, 't_ref': 5.0, 'R': 0.4, 'tau_m': 32.5, 'R_adp': 0.8, 'tau_w': 33.0, 'a': 72.5, 'delT': 1.5}. Best is trial 483 with value: 2.0.[0m
2021-04-07 11:00:55.519772: I tensorflow/compiler/jit/xla_gpu_device.cc:99] Not creating XLA devices, tf_xla_enable_xla_devices not set
mse_error/peak_error 0 18.0
[32m[I 2021-04-07 11:01:24,225][0m Trial 864 finished with value: 18.0 and parameters: {'Vahp': -21.5, 'Vth': -20.5, 'Vmax': 24.5, 't_ref': 5.5, 'R': 0.4, 'tau_m': 23.5, 'R_adp': 0.8, 'tau_w': 39.0, 'a': 66.5, 'delT': 2.0}. Best is trial 483 with value: 2.0.[0m
2021-04-07 11:01:24.511617: I tensorflow/compiler/jit/xla_gpu_device.cc:99] Not creating XLA devices, tf_xla_enable_xla_devices not set
mse_error/peak_error 0 21.0
[32m[I 2021-04-07 11:01:53,278][0m Trial 865 finished with value: 21.0 and parameters: {'Vahp': -25.0, 'Vth': -23.0, 'Vmax': 27.0, 't_ref': 5.0, 'R': 0.4, 'tau_m': 30.5, 'R_adp': 0.8, 'tau_w': 36.5, 'a': 70.5, 'delT': 1.5}. Best is trial 483 with value: 2.0.[0m
2021-04-07 11:01:53.565508: I tensorflow/compiler/jit/xla_gpu_device.cc:99] Not creating XLA devices, tf_xla_enable_xla_devices not set
mse_error/peak_error 0 32.0
[32m[I 2021-04-07 11:02:22,549][0m Trial 866 finished with value: 32.0 and parameters: {'Vahp': -22.5, 'Vth': -20.5, 'Vmax': 25.5, 't_ref': 5.5, 'R': 0.4, 'tau_m': 26.0, 'R_adp': 0.8, 'tau_w': 34.5, 'a': 64.0, 'delT': 2.0}. Best is trial 483 with value: 2.0.[0m
2021-04-07 11:02:22.833713: I tensorflow/compiler/jit/xla_gpu_device.cc:99] Not creating XLA devices, tf_xla_enable_xla_devices not set
mse_error/peak_error 0 194
[32m[I 2021-04-07 11:02:51,872][0m Trial 867 finished with value: 194.0 and parameters: {'Vahp': -24.5, 'Vth': -23.0, 'Vmax': 27.5, 't_ref': 4.5, 'R': 0.4, 'tau_m': 17.5, 'R_adp': 0.8, 'tau_w': 32.0, 'a': 73.0, 'delT': 2.5}. Best is trial 483 with value: 2.0.[0m
2021-04-07 11:02:52.153350: I tensorflow/compiler/jit/xla_gpu_device.cc:99] Not creating XLA devices, tf_xla_enable_xla_devices not set
mse_error/peak_error 0 7.0
[32m[I 2021-04-07 11:03:21,094][0m Trial 868 finished with value: 7.0 and parameters: {'Vahp': -23.0, 'Vth': -23.0, 'Vmax': 26.5, 't_ref': 5.0, 'R': 0.4, 'tau_m': 28.5, 'R_adp': 0.8, 'tau_w': 41.5, 'a': 69.0, 'delT': 1.5}. Best is trial 483 with value: 2.0.[0m
2021-04-07 11:03:21.382925: I tensorflow/compiler/jit/xla_gpu_device.cc:99] Not creating XLA devices, tf_xla_enable_xla_devices not set
mse_error/peak_error 0 193
[32m[I 2021-04-07 11:03:50,571][0m Trial 869 finished with value: 193.0 and parameters: {'Vahp': -25.5, 'Vth': -23.0, 'Vmax': 28.0, 't_ref': 4.5, 'R': 0.4, 'tau_m': 30.5, 'R_adp': 0.8, 'tau_w': 33.5, 'a': 94.0, 'delT': 2.0}. Best is trial 483 with value: 2.0.[0m
2021-04-07 11:03:50.844465: I tensorflow/compiler/jit/xla_gpu_device.cc:99] Not creating XLA devices, tf_xla_enable_xla_devices not set
mse_error/peak_error 0 354
[32m[I 2021-04-07 11:04:19,947][0m Trial 870 finished with value: 354.0 and parameters: {'Vahp': -20.0, 'Vth': -20.0, 'Vmax': 26.0, 't_ref': 4.0, 'R': 0.30000000000000004, 'tau_m': 24.5, 'R_adp': 0.8, 'tau_w': 34.5, 'a': 66.0, 'delT': 2.5}. Best is trial 483 with value: 2.0.[0m
2021-04-07 11:04:20.229230: I tensorflow/compiler/jit/xla_gpu_device.cc:99] Not creating XLA devices, tf_xla_enable_xla_devices not set
mse_error/peak_error 0 10.0
[32m[I 2021-04-07 11:04:49,462][0m Trial 871 finished with value: 10.0 and parameters: {'Vahp': -22.0, 'Vth': -21.0, 'Vmax': 25.5, 't_ref': 5.0, 'R': 0.4, 'tau_m': 26.0, 'R_adp': 0.8, 'tau_w': 39.0, 'a': 70.5, 'delT': 2.0}. Best is trial 483 with value: 2.0.[0m
2021-04-07 11:04:49.748742: I tensorflow/compiler/jit/xla_gpu_device.cc:99] Not creating XLA devices, tf_xla_enable_xla_devices not set
mse_error/peak_error 0 53.0
[32m[I 2021-04-07 11:05:18,889][0m Trial 872 finished with value: 53.0 and parameters: {'Vahp': -24.0, 'Vth': -23.0, 'Vmax': 27.0, 't_ref': 4.5, 'R': 0.4, 'tau_m': 22.0, 'R_adp': 0.8, 'tau_w': 32.5, 'a': 73.0, 'delT': 2.0}. Best is trial 483 with value: 2.0.[0m
2021-04-07 11:05:19.193678: I tensorflow/compiler/jit/xla_gpu_device.cc:99] Not creating XLA devices, tf_xla_enable_xla_devices not set
mse_error/peak_error 0 47.0
[32m[I 2021-04-07 11:05:48,480][0m Trial 873 finished with value: 47.0 and parameters: {'Vahp': -25.5, 'Vth': -23.0, 'Vmax': 27.5, 't_ref': 0.5, 'R': 0.4, 'tau_m': 34.0, 'R_adp': 0.8, 'tau_w': 35.0, 'a': 72.0, 'delT': 1.5}. Best is trial 483 with value: 2.0.[0m
2021-04-07 11:05:48.765767: I tensorflow/compiler/jit/xla_gpu_device.cc:99] Not creating XLA devices, tf_xla_enable_xla_devices not set
mse_error/peak_error 0 85.0
[32m[I 2021-04-07 11:06:18,099][0m Trial 874 finished with value: 85.0 and parameters: {'Vahp': -21.0, 'Vth': -21.0, 'Vmax': 24.5, 't_ref': 4.0, 'R': 0.4, 'tau_m': 26.5, 'R_adp': 0.8, 'tau_w': 32.5, 'a': 68.0, 'delT': 4.5}. Best is trial 483 with value: 2.0.[0m
2021-04-07 11:06:18.384804: I tensorflow/compiler/jit/xla_gpu_device.cc:99] Not creating XLA devices, tf_xla_enable_xla_devices not set
mse_error/peak_error 0 334
[32m[I 2021-04-07 11:06:47,569][0m Trial 875 finished with value: 334.0 and parameters: {'Vahp': -24.5, 'Vth': -23.0, 'Vmax': 26.5, 't_ref': 4.5, 'R': 0.5, 'tau_m': 24.0, 'R_adp': 0.8, 'tau_w': 35.5, 'a': 73.5, 'delT': 2.0}. Best is trial 483 with value: 2.0.[0m
2021-04-07 11:06:47.853730: I tensorflow/compiler/jit/xla_gpu_device.cc:99] Not creating XLA devices, tf_xla_enable_xla_devices not set
mse_error/peak_error 0 1.0
[32m[I 2021-04-07 11:07:17,013][0m Trial 876 finished with value: 1.0 and parameters: {'Vahp': -23.5, 'Vth': -23.0, 'Vmax': 27.0, 't_ref': 6.0, 'R': 0.4, 'tau_m': 28.0, 'R_adp': 0.8, 'tau_w': 38.0, 'a': 70.0, 'delT': 1.5}. Best is trial 876 with value: 1.0.[0m
2021-04-07 11:07:17.286287: I tensorflow/compiler/jit/xla_gpu_device.cc:99] Not creating XLA devices, tf_xla_enable_xla_devices not set
mse_error/peak_error 0 68.0
[32m[I 2021-04-07 11:07:46,735][0m Trial 877 finished with value: 68.0 and parameters: {'Vahp': -23.5, 'Vth': -23.0, 'Vmax': 27.0, 't_ref': 6.0, 'R': 0.4, 'tau_m': 21.0, 'R_adp': 0.8, 'tau_w': 39.0, 'a': 69.5, 'delT': 1.5}. Best is trial 876 with value: 1.0.[0m
2021-04-07 11:07:47.017730: I tensorflow/compiler/jit/xla_gpu_device.cc:99] Not creating XLA devices, tf_xla_enable_xla_devices not set
mse_error/peak_error 0 16.0
[32m[I 2021-04-07 11:08:16,782][0m Trial 878 finished with value: 16.0 and parameters: {'Vahp': -22.5, 'Vth': -20.0, 'Vmax': 26.5, 't_ref': 6.0, 'R': 0.4, 'tau_m': 28.5, 'R_adp': 0.8, 'tau_w': 43.0, 'a': 66.0, 'delT': 1.0}. Best is trial 876 with value: 1.0.[0m
2021-04-07 11:08:17.081701: I tensorflow/compiler/jit/xla_gpu_device.cc:99] Not creating XLA devices, tf_xla_enable_xla_devices not set
mse_error/peak_error 0 67.0
[32m[I 2021-04-07 11:08:46,696][0m Trial 879 finished with value: 67.0 and parameters: {'Vahp': -24.5, 'Vth': -23.0, 'Vmax': 27.5, 't_ref': 6.5, 'R': 0.4, 'tau_m': 31.5, 'R_adp': 0.8, 'tau_w': 41.5, 'a': 71.0, 'delT': 1.5}. Best is trial 876 with value: 1.0.[0m
2021-04-07 11:08:47.677858: I tensorflow/compiler/jit/xla_gpu_device.cc:99] Not creating XLA devices, tf_xla_enable_xla_devices not set
mse_error/peak_error 0 10.0
[32m[I 2021-04-07 11:09:17,243][0m Trial 880 finished with value: 10.0 and parameters: {'Vahp': -23.0, 'Vth': -23.0, 'Vmax': 26.0, 't_ref': 6.5, 'R': 0.4, 'tau_m': 28.5, 'R_adp': 0.8, 'tau_w': 37.5, 'a': 68.5, 'delT': 1.5}. Best is trial 876 with value: 1.0.[0m
2021-04-07 11:09:17.547721: I tensorflow/compiler/jit/xla_gpu_device.cc:99] Not creating XLA devices, tf_xla_enable_xla_devices not set
mse_error/peak_error 0 264
[32m[I 2021-04-07 11:09:46,888][0m Trial 881 finished with value: 264.0 and parameters: {'Vahp': -25.0, 'Vth': -23.0, 'Vmax': 18.5, 't_ref': 5.5, 'R': 0.4, 'tau_m': 30.0, 'R_adp': 0.8, 'tau_w': 33.5, 'a': 90.5, 'delT': 5.0}. Best is trial 876 with value: 1.0.[0m
2021-04-07 11:09:47.172299: I tensorflow/compiler/jit/xla_gpu_device.cc:99] Not creating XLA devices, tf_xla_enable_xla_devices not set
mse_error/peak_error 0 31.0
[32m[I 2021-04-07 11:10:16,916][0m Trial 882 finished with value: 31.0 and parameters: {'Vahp': -23.5, 'Vth': -23.0, 'Vmax': 27.0, 't_ref': 5.5, 'R': 0.4, 'tau_m': 27.0, 'R_adp': 0.8, 'tau_w': 40.0, 'a': 67.5, 'delT': 1.0}. Best is trial 876 with value: 1.0.[0m
2021-04-07 11:10:17.219662: I tensorflow/compiler/jit/xla_gpu_device.cc:99] Not creating XLA devices, tf_xla_enable_xla_devices not set
mse_error/peak_error 0 196
[32m[I 2021-04-07 11:10:46,686][0m Trial 883 finished with value: 196.0 and parameters: {'Vahp': -22.0, 'Vth': -20.5, 'Vmax': 28.0, 't_ref': 5.5, 'R': 0.5, 'tau_m': 24.5, 'R_adp': 0.8, 'tau_w': 37.5, 'a': 70.0, 'delT': 2.0}. Best is trial 876 with value: 1.0.[0m
2021-04-07 11:10:46.989365: I tensorflow/compiler/jit/xla_gpu_device.cc:99] Not creating XLA devices, tf_xla_enable_xla_devices not set
mse_error/peak_error 0 234
[32m[I 2021-04-07 11:11:16,967][0m Trial 884 finished with value: 234.0 and parameters: {'Vahp': -24.0, 'Vth': -23.0, 'Vmax': 25.0, 't_ref': 6.0, 'R': 0.30000000000000004, 'tau_m': 22.5, 'R_adp': 0.8, 'tau_w': 36.0, 'a': 64.5, 'delT': 2.0}. Best is trial 876 with value: 1.0.[0m
2021-04-07 11:11:17.268945: I tensorflow/compiler/jit/xla_gpu_device.cc:99] Not creating XLA devices, tf_xla_enable_xla_devices not set
mse_error/peak_error 0 122.0
[32m[I 2021-04-07 11:11:46,754][0m Trial 885 finished with value: 122.0 and parameters: {'Vahp': -23.0, 'Vth': -23.0, 'Vmax': 25.5, 't_ref': 19.0, 'R': 0.4, 'tau_m': 27.0, 'R_adp': 0.8, 'tau_w': 40.5, 'a': 67.0, 'delT': 1.5}. Best is trial 876 with value: 1.0.[0m
2021-04-07 11:11:47.068163: I tensorflow/compiler/jit/xla_gpu_device.cc:99] Not creating XLA devices, tf_xla_enable_xla_devices not set
mse_error/peak_error 0 141
[32m[I 2021-04-07 11:12:17,055][0m Trial 886 finished with value: 141.0 and parameters: {'Vahp': -21.0, 'Vth': -20.0, 'Vmax': 27.0, 't_ref': 5.0, 'R': 0.4, 'tau_m': 25.0, 'R_adp': 0.8, 'tau_w': 36.5, 'a': 87.5, 'delT': 2.0}. Best is trial 876 with value: 1.0.[0m
2021-04-07 11:12:17.350014: I tensorflow/compiler/jit/xla_gpu_device.cc:99] Not creating XLA devices, tf_xla_enable_xla_devices not set
mse_error/peak_error 0 37.0
[32m[I 2021-04-07 11:12:47,050][0m Trial 887 finished with value: 37.0 and parameters: {'Vahp': -22.0, 'Vth': -20.5, 'Vmax': 28.0, 't_ref': 5.5, 'R': 0.4, 'tau_m': 26.5, 'R_adp': 0.8, 'tau_w': 38.5, 'a': 70.5, 'delT': 2.0}. Best is trial 876 with value: 1.0.[0m
2021-04-07 11:12:47.341881: I tensorflow/compiler/jit/xla_gpu_device.cc:99] Not creating XLA devices, tf_xla_enable_xla_devices not set
mse_error/peak_error 0 77.0
[32m[I 2021-04-07 11:13:16,679][0m Trial 888 finished with value: 77.0 and parameters: {'Vahp': -26.0, 'Vth': -23.0, 'Vmax': 15.5, 't_ref': 4.0, 'R': 0.4, 'tau_m': 32.0, 'R_adp': 0.8, 'tau_w': 32.0, 'a': 73.0, 'delT': 2.5}. Best is trial 876 with value: 1.0.[0m
2021-04-07 11:13:16.955916: I tensorflow/compiler/jit/xla_gpu_device.cc:99] Not creating XLA devices, tf_xla_enable_xla_devices not set
mse_error/peak_error 0 33.0
[32m[I 2021-04-07 11:13:47,073][0m Trial 889 finished with value: 33.0 and parameters: {'Vahp': -25.0, 'Vth': -23.0, 'Vmax': 28.0, 't_ref': 5.0, 'R': 0.4, 'tau_m': 29.5, 'R_adp': 0.8, 'tau_w': 43.0, 'a': 70.5, 'delT': 1.5}. Best is trial 876 with value: 1.0.[0m
2021-04-07 11:13:47.361258: I tensorflow/compiler/jit/xla_gpu_device.cc:99] Not creating XLA devices, tf_xla_enable_xla_devices not set
mse_error/peak_error 0 13.0
[32m[I 2021-04-07 11:14:17,559][0m Trial 890 finished with value: 13.0 and parameters: {'Vahp': -23.5, 'Vth': -23.0, 'Vmax': 26.5, 't_ref': 4.5, 'R': 0.4, 'tau_m': 23.5, 'R_adp': 0.8, 'tau_w': 35.5, 'a': 74.0, 'delT': 2.5}. Best is trial 876 with value: 1.0.[0m
2021-04-07 11:14:17.846997: I tensorflow/compiler/jit/xla_gpu_device.cc:99] Not creating XLA devices, tf_xla_enable_xla_devices not set
mse_error/peak_error 0 304
[32m[I 2021-04-07 11:14:47,488][0m Trial 891 finished with value: 304.0 and parameters: {'Vahp': -24.0, 'Vth': -23.0, 'Vmax': 26.0, 't_ref': 5.5, 'R': 0.30000000000000004, 'tau_m': 28.0, 'R_adp': 0.8, 'tau_w': 36.0, 'a': 59.5, 'delT': 2.0}. Best is trial 876 with value: 1.0.[0m
2021-04-07 11:14:47.774069: I tensorflow/compiler/jit/xla_gpu_device.cc:99] Not creating XLA devices, tf_xla_enable_xla_devices not set
mse_error/peak_error 0 111
[32m[I 2021-04-07 11:15:17,984][0m Trial 892 finished with value: 111.0 and parameters: {'Vahp': -22.5, 'Vth': -20.0, 'Vmax': 24.0, 't_ref': 5.0, 'R': 0.4, 'tau_m': 25.0, 'R_adp': 0.8, 'tau_w': 34.5, 'a': 63.5, 'delT': 2.0}. Best is trial 876 with value: 1.0.[0m
2021-04-07 11:15:18.295006: I tensorflow/compiler/jit/xla_gpu_device.cc:99] Not creating XLA devices, tf_xla_enable_xla_devices not set
mse_error/peak_error 0 22.0
[32m[I 2021-04-07 11:15:48,598][0m Trial 893 finished with value: 22.0 and parameters: {'Vahp': -20.5, 'Vth': -20.0, 'Vmax': 27.0, 't_ref': 6.0, 'R': 0.4, 'tau_m': 29.5, 'R_adp': 0.8, 'tau_w': 38.5, 'a': 68.5, 'delT': 1.0}. Best is trial 876 with value: 1.0.[0m
2021-04-07 11:15:48.878734: I tensorflow/compiler/jit/xla_gpu_device.cc:99] Not creating XLA devices, tf_xla_enable_xla_devices not set
mse_error/peak_error 0 59.0
[32m[I 2021-04-07 11:16:18,914][0m Trial 894 finished with value: 59.0 and parameters: {'Vahp': -23.0, 'Vth': -23.0, 'Vmax': 27.5, 't_ref': 5.0, 'R': 0.4, 'tau_m': 20.0, 'R_adp': 0.8, 'tau_w': 40.5, 'a': 71.5, 'delT': 2.0}. Best is trial 876 with value: 1.0.[0m
2021-04-07 11:16:19.195889: I tensorflow/compiler/jit/xla_gpu_device.cc:99] Not creating XLA devices, tf_xla_enable_xla_devices not set
mse_error/peak_error 0 280
[32m[I 2021-04-07 11:16:49,493][0m Trial 895 finished with value: 280.0 and parameters: {'Vahp': -25.5, 'Vth': -23.0, 'Vmax': 28.5, 't_ref': 4.0, 'R': 0.5, 'tau_m': 32.0, 'R_adp': 0.8, 'tau_w': 31.5, 'a': 74.0, 'delT': 1.5}. Best is trial 876 with value: 1.0.[0m
2021-04-07 11:16:49.797620: I tensorflow/compiler/jit/xla_gpu_device.cc:99] Not creating XLA devices, tf_xla_enable_xla_devices not set
mse_error/peak_error 0 48.0
[32m[I 2021-04-07 11:17:19,973][0m Trial 896 finished with value: 48.0 and parameters: {'Vahp': -21.5, 'Vth': -20.0, 'Vmax': 25.5, 't_ref': 4.5, 'R': 0.4, 'tau_m': 26.5, 'R_adp': 0.8, 'tau_w': 37.0, 'a': 66.0, 'delT': 2.5}. Best is trial 876 with value: 1.0.[0m
2021-04-07 11:17:20.259850: I tensorflow/compiler/jit/xla_gpu_device.cc:99] Not creating XLA devices, tf_xla_enable_xla_devices not set
mse_error/peak_error 0 12.0
[32m[I 2021-04-07 11:17:50,916][0m Trial 897 finished with value: 12.0 and parameters: {'Vahp': -25.5, 'Vth': -23.0, 'Vmax': 27.5, 't_ref': 4.0, 'R': 0.4, 'tau_m': 30.0, 'R_adp': 0.8, 'tau_w': 34.0, 'a': 73.5, 'delT': 1.5}. Best is trial 876 with value: 1.0.[0m
2021-04-07 11:17:51.195600: I tensorflow/compiler/jit/xla_gpu_device.cc:99] Not creating XLA devices, tf_xla_enable_xla_devices not set
mse_error/peak_error 0 243.0
[32m[I 2021-04-07 11:18:21,465][0m Trial 898 finished with value: 243.0 and parameters: {'Vahp': -25.0, 'Vth': -23.0, 'Vmax': 28.0, 't_ref': 4.5, 'R': 0.4, 'tau_m': 34.0, 'R_adp': 0.8, 'tau_w': 32.0, 'a': 72.0, 'delT': 6.5}. Best is trial 876 with value: 1.0.[0m
2021-04-07 11:18:21.739274: I tensorflow/compiler/jit/xla_gpu_device.cc:99] Not creating XLA devices, tf_xla_enable_xla_devices not set
mse_error/peak_error 0 48.0
[32m[I 2021-04-07 11:18:51,846][0m Trial 899 finished with value: 48.0 and parameters: {'Vahp': -24.0, 'Vth': -23.0, 'Vmax': 39.0, 't_ref': 5.0, 'R': 0.4, 'tau_m': 21.5, 'R_adp': 0.8, 'tau_w': 38.5, 'a': 69.0, 'delT': 2.0}. Best is trial 876 with value: 1.0.[0m
2021-04-07 11:18:52.129522: I tensorflow/compiler/jit/xla_gpu_device.cc:99] Not creating XLA devices, tf_xla_enable_xla_devices not set
mse_error/peak_error 0 143
