[32m[I 2021-04-07 11:46:58,968][0m Trial 951 finished with value: 11.0 and parameters: {'Vahp': -22.5, 'Vth': -20.5, 'Vmax': 28.0, 't_ref': 4.0, 'R': 0.4, 'tau_m': 24.0, 'R_adp': 0.8, 'tau_w': 35.5, 'a': 69.5, 'delT': 2.0}. Best is trial 876 with value: 1.0.[0m
2021-04-07 11:46:59.253525: I tensorflow/compiler/jit/xla_gpu_device.cc:99] Not creating XLA devices, tf_xla_enable_xla_devices not set
mse_error/peak_error 0 24.0
[32m[I 2021-04-07 11:47:31,428][0m Trial 952 finished with value: 24.0 and parameters: {'Vahp': -25.0, 'Vth': -23.0, 'Vmax': 39.0, 't_ref': 4.5, 'R': 0.4, 'tau_m': 26.5, 'R_adp': 0.8, 'tau_w': 42.0, 'a': 71.5, 'delT': 2.0}. Best is trial 876 with value: 1.0.[0m
2021-04-07 11:47:31.715151: I tensorflow/compiler/jit/xla_gpu_device.cc:99] Not creating XLA devices, tf_xla_enable_xla_devices not set
mse_error/peak_error 0 21.0
[32m[I 2021-04-07 11:48:03,389][0m Trial 953 finished with value: 21.0 and parameters: {'Vahp': -21.5, 'Vth': -20.5, 'Vmax': 22.5, 't_ref': 5.5, 'R': 0.4, 'tau_m': 23.0, 'R_adp': 0.8, 'tau_w': 37.5, 'a': 68.0, 'delT': 1.5}. Best is trial 876 with value: 1.0.[0m
2021-04-07 11:48:03.682371: I tensorflow/compiler/jit/xla_gpu_device.cc:99] Not creating XLA devices, tf_xla_enable_xla_devices not set
mse_error/peak_error 0 356
[32m[I 2021-04-07 11:48:36,322][0m Trial 954 finished with value: 356.0 and parameters: {'Vahp': -24.5, 'Vth': -23.0, 'Vmax': 40.0, 't_ref': 4.0, 'R': 0.30000000000000004, 'tau_m': 26.0, 'R_adp': 0.8, 'tau_w': 34.5, 'a': 74.0, 'delT': 2.5}. Best is trial 876 with value: 1.0.[0m
2021-04-07 11:48:36.614839: I tensorflow/compiler/jit/xla_gpu_device.cc:99] Not creating XLA devices, tf_xla_enable_xla_devices not set
mse_error/peak_error 0 225
[32m[I 2021-04-07 11:49:09,661][0m Trial 955 finished with value: 225.0 and parameters: {'Vahp': -21.5, 'Vth': -20.5, 'Vmax': 26.0, 't_ref': 5.0, 'R': 0.4, 'tau_m': 16.0, 'R_adp': 0.8, 'tau_w': 37.0, 'a': 64.5, 'delT': 2.0}. Best is trial 876 with value: 1.0.[0m
2021-04-07 11:49:09.954960: I tensorflow/compiler/jit/xla_gpu_device.cc:99] Not creating XLA devices, tf_xla_enable_xla_devices not set
mse_error/peak_error 0 61.0
[32m[I 2021-04-07 11:49:42,933][0m Trial 956 finished with value: 61.0 and parameters: {'Vahp': -23.5, 'Vth': -23.0, 'Vmax': 25.0, 't_ref': 4.5, 'R': 0.4, 'tau_m': 21.5, 'R_adp': 0.8, 'tau_w': 40.0, 'a': 72.0, 'delT': 2.0}. Best is trial 876 with value: 1.0.[0m
2021-04-07 11:49:43.228704: I tensorflow/compiler/jit/xla_gpu_device.cc:99] Not creating XLA devices, tf_xla_enable_xla_devices not set
mse_error/peak_error 0 227
[32m[I 2021-04-07 11:50:15,840][0m Trial 957 finished with value: 227.0 and parameters: {'Vahp': -20.5, 'Vth': -20.5, 'Vmax': 29.0, 't_ref': 5.0, 'R': 0.5, 'tau_m': 27.0, 'R_adp': 0.8, 'tau_w': 39.0, 'a': 70.0, 'delT': 1.0}. Best is trial 876 with value: 1.0.[0m
2021-04-07 11:50:16.124876: I tensorflow/compiler/jit/xla_gpu_device.cc:99] Not creating XLA devices, tf_xla_enable_xla_devices not set
mse_error/peak_error 0 165
[32m[I 2021-04-07 11:50:49,178][0m Trial 958 finished with value: 165.0 and parameters: {'Vahp': -22.0, 'Vth': -20.5, 'Vmax': 26.0, 't_ref': 5.5, 'R': 0.4, 'tau_m': 19.0, 'R_adp': 0.8, 'tau_w': 36.5, 'a': 65.0, 'delT': 2.5}. Best is trial 876 with value: 1.0.[0m
2021-04-07 11:50:49.465041: I tensorflow/compiler/jit/xla_gpu_device.cc:99] Not creating XLA devices, tf_xla_enable_xla_devices not set
mse_error/peak_error 0 44.0
[32m[I 2021-04-07 11:51:22,838][0m Trial 959 finished with value: 44.0 and parameters: {'Vahp': -23.0, 'Vth': -23.0, 'Vmax': 27.5, 't_ref': 5.0, 'R': 0.4, 'tau_m': 24.0, 'R_adp': 0.8, 'tau_w': 41.5, 'a': 68.0, 'delT': 1.5}. Best is trial 876 with value: 1.0.[0m
2021-04-07 11:51:23.116588: I tensorflow/compiler/jit/xla_gpu_device.cc:99] Not creating XLA devices, tf_xla_enable_xla_devices not set
mse_error/peak_error 0 254
[32m[I 2021-04-07 11:51:56,299][0m Trial 960 finished with value: 254.0 and parameters: {'Vahp': -24.5, 'Vth': -23.0, 'Vmax': 38.0, 't_ref': 4.0, 'R': 0.4, 'tau_m': 29.0, 'R_adp': 0.8, 'tau_w': 33.5, 'a': 44.0, 'delT': 2.0}. Best is trial 876 with value: 1.0.[0m
2021-04-07 11:51:56.578092: I tensorflow/compiler/jit/xla_gpu_device.cc:99] Not creating XLA devices, tf_xla_enable_xla_devices not set
mse_error/peak_error 0 640
[32m[I 2021-04-07 11:52:29,960][0m Trial 961 finished with value: 640.0 and parameters: {'Vahp': -20.0, 'Vth': -20.0, 'Vmax': 28.5, 't_ref': 5.5, 'R': 0.4, 'tau_m': 74.0, 'R_adp': 0.8, 'tau_w': 39.0, 'a': 70.5, 'delT': 1.5}. Best is trial 876 with value: 1.0.[0m
2021-04-07 11:52:30.236947: I tensorflow/compiler/jit/xla_gpu_device.cc:99] Not creating XLA devices, tf_xla_enable_xla_devices not set
mse_error/peak_error 0 19.0
[32m[I 2021-04-07 11:53:03,294][0m Trial 962 finished with value: 19.0 and parameters: {'Vahp': -37.0, 'Vth': -22.5, 'Vmax': 27.0, 't_ref': 6.0, 'R': 0.4, 'tau_m': 25.5, 'R_adp': 0.8, 'tau_w': 41.0, 'a': 69.0, 'delT': 1.5}. Best is trial 876 with value: 1.0.[0m
2021-04-07 11:53:03.583108: I tensorflow/compiler/jit/xla_gpu_device.cc:99] Not creating XLA devices, tf_xla_enable_xla_devices not set
mse_error/peak_error 0 538
[32m[I 2021-04-07 11:53:36,717][0m Trial 963 finished with value: 538.0 and parameters: {'Vahp': -25.5, 'Vth': -23.0, 'Vmax': 27.0, 't_ref': 4.5, 'R': 0.4, 'tau_m': 66.0, 'R_adp': 0.8, 'tau_w': 33.0, 'a': 72.0, 'delT': 2.0}. Best is trial 876 with value: 1.0.[0m
2021-04-07 11:53:36.998802: I tensorflow/compiler/jit/xla_gpu_device.cc:99] Not creating XLA devices, tf_xla_enable_xla_devices not set
mse_error/peak_error 0 438
[32m[I 2021-04-07 11:54:10,234][0m Trial 964 finished with value: 438.0 and parameters: {'Vahp': -24.0, 'Vth': -23.0, 'Vmax': 38.0, 't_ref': 4.5, 'R': 0.30000000000000004, 'tau_m': 27.0, 'R_adp': 0.8, 'tau_w': 44.5, 'a': 74.0, 'delT': 2.0}. Best is trial 876 with value: 1.0.[0m
2021-04-07 11:54:10.518663: I tensorflow/compiler/jit/xla_gpu_device.cc:99] Not creating XLA devices, tf_xla_enable_xla_devices not set
mse_error/peak_error 0 137
[32m[I 2021-04-07 11:54:44,380][0m Trial 965 finished with value: 137.0 and parameters: {'Vahp': -22.5, 'Vth': -20.5, 'Vmax': 24.0, 't_ref': 6.0, 'R': 0.4, 'tau_m': 30.5, 'R_adp': 0.8, 'tau_w': 35.5, 'a': 62.5, 'delT': 1.0}. Best is trial 876 with value: 1.0.[0m
2021-04-07 11:54:44.680323: I tensorflow/compiler/jit/xla_gpu_device.cc:99] Not creating XLA devices, tf_xla_enable_xla_devices not set
mse_error/peak_error 0 332
[32m[I 2021-04-07 11:55:18,672][0m Trial 966 finished with value: 332.0 and parameters: {'Vahp': -25.5, 'Vth': -23.0, 'Vmax': 28.0, 't_ref': 5.0, 'R': 0.5, 'tau_m': 23.0, 'R_adp': 0.8, 'tau_w': 34.0, 'a': 66.5, 'delT': 2.5}. Best is trial 876 with value: 1.0.[0m
2021-04-07 11:55:18.982698: I tensorflow/compiler/jit/xla_gpu_device.cc:99] Not creating XLA devices, tf_xla_enable_xla_devices not set
mse_error/peak_error 0 470
[32m[I 2021-04-07 11:55:52,198][0m Trial 967 finished with value: 470.0 and parameters: {'Vahp': -22.5, 'Vth': -20.5, 'Vmax': 25.0, 't_ref': 5.5, 'R': 0.6, 'tau_m': 24.5, 'R_adp': 0.8, 'tau_w': 37.0, 'a': 62.0, 'delT': 2.0}. Best is trial 876 with value: 1.0.[0m
2021-04-07 11:55:52.482322: I tensorflow/compiler/jit/xla_gpu_device.cc:99] Not creating XLA devices, tf_xla_enable_xla_devices not set
mse_error/peak_error 0 22.0
[32m[I 2021-04-07 11:56:25,539][0m Trial 968 finished with value: 22.0 and parameters: {'Vahp': -23.5, 'Vth': -23.0, 'Vmax': 29.0, 't_ref': 4.0, 'R': 0.4, 'tau_m': 28.5, 'R_adp': 0.8, 'tau_w': 33.0, 'a': 74.5, 'delT': 2.0}. Best is trial 876 with value: 1.0.[0m
2021-04-07 11:56:25.822977: I tensorflow/compiler/jit/xla_gpu_device.cc:99] Not creating XLA devices, tf_xla_enable_xla_devices not set
mse_error/peak_error 0 257
[32m[I 2021-04-07 11:56:58,893][0m Trial 969 finished with value: 257.0 and parameters: {'Vahp': -24.0, 'Vth': -23.0, 'Vmax': 27.0, 't_ref': 6.5, 'R': 0.4, 'tau_m': 26.5, 'R_adp': 0.8, 'tau_w': 69.5, 'a': 71.5, 'delT': 7.0}. Best is trial 876 with value: 1.0.[0m
2021-04-07 11:56:59.184604: I tensorflow/compiler/jit/xla_gpu_device.cc:99] Not creating XLA devices, tf_xla_enable_xla_devices not set
mse_error/peak_error 0 108.0
[32m[I 2021-04-07 11:57:32,112][0m Trial 970 finished with value: 108.0 and parameters: {'Vahp': -23.0, 'Vth': -23.0, 'Vmax': 25.5, 't_ref': 5.0, 'R': 0.4, 'tau_m': 38.0, 'R_adp': 0.8, 'tau_w': 38.0, 'a': 68.0, 'delT': 1.5}. Best is trial 876 with value: 1.0.[0m
2021-04-07 11:57:32.409508: I tensorflow/compiler/jit/xla_gpu_device.cc:99] Not creating XLA devices, tf_xla_enable_xla_devices not set
mse_error/peak_error 0 750
[32m[I 2021-04-07 11:58:05,616][0m Trial 971 finished with value: 750.0 and parameters: {'Vahp': -21.5, 'Vth': -20.5, 'Vmax': 29.5, 't_ref': 5.0, 'R': 0.4, 'tau_m': 20.5, 'R_adp': 0.8, 'tau_w': 39.5, 'a': 8.0, 'delT': 1.5}. Best is trial 876 with value: 1.0.[0m
2021-04-07 11:58:05.901772: I tensorflow/compiler/jit/xla_gpu_device.cc:99] Not creating XLA devices, tf_xla_enable_xla_devices not set
mse_error/peak_error 0 30.0
[32m[I 2021-04-07 11:58:39,033][0m Trial 972 finished with value: 30.0 and parameters: {'Vahp': -24.0, 'Vth': -23.0, 'Vmax': 28.5, 't_ref': 5.5, 'R': 0.4, 'tau_m': 29.0, 'R_adp': 0.8, 'tau_w': 38.5, 'a': 70.0, 'delT': 1.5}. Best is trial 876 with value: 1.0.[0m
2021-04-07 11:58:39.316127: I tensorflow/compiler/jit/xla_gpu_device.cc:99] Not creating XLA devices, tf_xla_enable_xla_devices not set
mse_error/peak_error 0 353.0
[32m[I 2021-04-07 11:59:12,538][0m Trial 973 finished with value: 353.0 and parameters: {'Vahp': -25.0, 'Vth': -23.0, 'Vmax': 37.5, 't_ref': 4.0, 'R': 0.4, 'tau_m': 60.5, 'R_adp': 0.8, 'tau_w': 35.0, 'a': 53.0, 'delT': 2.0}. Best is trial 876 with value: 1.0.[0m
2021-04-07 11:59:12.819921: I tensorflow/compiler/jit/xla_gpu_device.cc:99] Not creating XLA devices, tf_xla_enable_xla_devices not set
mse_error/peak_error 0 19.0
[32m[I 2021-04-07 11:59:46,309][0m Trial 974 finished with value: 19.0 and parameters: {'Vahp': -26.0, 'Vth': -22.5, 'Vmax': 26.5, 't_ref': 4.5, 'R': 0.4, 'tau_m': 25.0, 'R_adp': 0.8, 'tau_w': 36.0, 'a': 73.0, 'delT': 2.0}. Best is trial 876 with value: 1.0.[0m
2021-04-07 11:59:46.615424: I tensorflow/compiler/jit/xla_gpu_device.cc:99] Not creating XLA devices, tf_xla_enable_xla_devices not set
mse_error/peak_error 0 28.0
[32m[I 2021-04-07 12:00:19,906][0m Trial 975 finished with value: 28.0 and parameters: {'Vahp': -23.5, 'Vth': -23.0, 'Vmax': 27.5, 't_ref': 5.0, 'R': 0.4, 'tau_m': 30.5, 'R_adp': 0.8, 'tau_w': 42.5, 'a': 68.0, 'delT': 1.5}. Best is trial 876 with value: 1.0.[0m
2021-04-07 12:00:20.217351: I tensorflow/compiler/jit/xla_gpu_device.cc:99] Not creating XLA devices, tf_xla_enable_xla_devices not set
mse_error/peak_error 0 319
[32m[I 2021-04-07 12:00:53,922][0m Trial 976 finished with value: 319.0 and parameters: {'Vahp': -22.0, 'Vth': -21.0, 'Vmax': 25.5, 't_ref': 5.5, 'R': 0.5, 'tau_m': 22.5, 'R_adp': 0.8, 'tau_w': 37.0, 'a': 65.5, 'delT': 2.5}. Best is trial 876 with value: 1.0.[0m
2021-04-07 12:00:54.217902: I tensorflow/compiler/jit/xla_gpu_device.cc:99] Not creating XLA devices, tf_xla_enable_xla_devices not set
mse_error/peak_error 0 17.0
[32m[I 2021-04-07 12:01:27,406][0m Trial 977 finished with value: 17.0 and parameters: {'Vahp': -20.5, 'Vth': -20.5, 'Vmax': 28.5, 't_ref': 5.0, 'R': 0.4, 'tau_m': 27.5, 'R_adp': 0.8, 'tau_w': 40.5, 'a': 70.5, 'delT': 1.0}. Best is trial 876 with value: 1.0.[0m
2021-04-07 12:01:27.705308: I tensorflow/compiler/jit/xla_gpu_device.cc:99] Not creating XLA devices, tf_xla_enable_xla_devices not set
mse_error/peak_error 0 39.0
[32m[I 2021-04-07 12:02:01,087][0m Trial 978 finished with value: 39.0 and parameters: {'Vahp': -21.0, 'Vth': -20.5, 'Vmax': 26.0, 't_ref': 5.5, 'R': 0.4, 'tau_m': 23.0, 'R_adp': 0.8, 'tau_w': 36.5, 'a': 59.0, 'delT': 4.0}. Best is trial 876 with value: 1.0.[0m
2021-04-07 12:02:01.394239: I tensorflow/compiler/jit/xla_gpu_device.cc:99] Not creating XLA devices, tf_xla_enable_xla_devices not set
mse_error/peak_error 0 5.0
[32m[I 2021-04-07 12:02:35,124][0m Trial 979 finished with value: 5.0 and parameters: {'Vahp': -26.5, 'Vth': -22.5, 'Vmax': 27.5, 't_ref': 4.5, 'R': 0.4, 'tau_m': 26.5, 'R_adp': 0.8, 'tau_w': 32.0, 'a': 72.5, 'delT': 2.0}. Best is trial 876 with value: 1.0.[0m
2021-04-07 12:02:35.403724: I tensorflow/compiler/jit/xla_gpu_device.cc:99] Not creating XLA devices, tf_xla_enable_xla_devices not set
mse_error/peak_error 0 64.0
[32m[I 2021-04-07 12:03:09,056][0m Trial 980 finished with value: 64.0 and parameters: {'Vahp': -20.0, 'Vth': -20.0, 'Vmax': 24.5, 't_ref': 6.0, 'R': 0.4, 'tau_m': 32.0, 'R_adp': 0.8, 'tau_w': 35.5, 'a': 67.0, 'delT': 1.5}. Best is trial 876 with value: 1.0.[0m
2021-04-07 12:03:09.335154: I tensorflow/compiler/jit/xla_gpu_device.cc:99] Not creating XLA devices, tf_xla_enable_xla_devices not set
mse_error/peak_error 0 368
[32m[I 2021-04-07 12:03:43,009][0m Trial 981 finished with value: 368.0 and parameters: {'Vahp': -24.5, 'Vth': -23.0, 'Vmax': 29.5, 't_ref': 5.0, 'R': 0.30000000000000004, 'tau_m': 28.5, 'R_adp': 0.8, 'tau_w': 44.0, 'a': 71.0, 'delT': 1.5}. Best is trial 876 with value: 1.0.[0m
2021-04-07 12:03:43.295744: I tensorflow/compiler/jit/xla_gpu_device.cc:99] Not creating XLA devices, tf_xla_enable_xla_devices not set
mse_error/peak_error 0 25.0
[32m[I 2021-04-07 12:04:17,360][0m Trial 982 finished with value: 25.0 and parameters: {'Vahp': -25.5, 'Vth': -23.0, 'Vmax': 27.0, 't_ref': 4.0, 'R': 0.4, 'tau_m': 25.0, 'R_adp': 0.9, 'tau_w': 34.0, 'a': 74.5, 'delT': 2.0}. Best is trial 876 with value: 1.0.[0m
2021-04-07 12:04:17.644424: I tensorflow/compiler/jit/xla_gpu_device.cc:99] Not creating XLA devices, tf_xla_enable_xla_devices not set
mse_error/peak_error 0 5.0
[32m[I 2021-04-07 12:04:51,526][0m Trial 983 finished with value: 5.0 and parameters: {'Vahp': -26.0, 'Vth': -22.5, 'Vmax': 28.0, 't_ref': 4.5, 'R': 0.4, 'tau_m': 26.0, 'R_adp': 0.8, 'tau_w': 32.0, 'a': 72.5, 'delT': 2.0}. Best is trial 876 with value: 1.0.[0m
2021-04-07 12:04:51.818107: I tensorflow/compiler/jit/xla_gpu_device.cc:99] Not creating XLA devices, tf_xla_enable_xla_devices not set
mse_error/peak_error 0 23.0
[32m[I 2021-04-07 12:05:25,537][0m Trial 984 finished with value: 23.0 and parameters: {'Vahp': -21.5, 'Vth': -20.5, 'Vmax': 25.5, 't_ref': 5.0, 'R': 0.4, 'tau_m': 22.5, 'R_adp': 0.8, 'tau_w': 37.5, 'a': 64.5, 'delT': 2.5}. Best is trial 876 with value: 1.0.[0m
2021-04-07 12:05:25.818357: I tensorflow/compiler/jit/xla_gpu_device.cc:99] Not creating XLA devices, tf_xla_enable_xla_devices not set
mse_error/peak_error 0 26.0
[32m[I 2021-04-07 12:05:59,703][0m Trial 985 finished with value: 26.0 and parameters: {'Vahp': -23.0, 'Vth': -23.0, 'Vmax': 26.5, 't_ref': 6.0, 'R': 0.4, 'tau_m': 30.0, 'R_adp': 0.8, 'tau_w': 34.0, 'a': 87.0, 'delT': 1.0}. Best is trial 876 with value: 1.0.[0m
2021-04-07 12:05:59.983228: I tensorflow/compiler/jit/xla_gpu_device.cc:99] Not creating XLA devices, tf_xla_enable_xla_devices not set
mse_error/peak_error 0 296
[32m[I 2021-04-07 12:06:33,497][0m Trial 986 finished with value: 296.0 and parameters: {'Vahp': -26.5, 'Vth': -22.5, 'Vmax': 28.5, 't_ref': 4.0, 'R': 0.30000000000000004, 'tau_m': 24.0, 'R_adp': 0.8, 'tau_w': 39.0, 'a': 69.0, 'delT': 2.0}. Best is trial 876 with value: 1.0.[0m
2021-04-07 12:06:33.773737: I tensorflow/compiler/jit/xla_gpu_device.cc:99] Not creating XLA devices, tf_xla_enable_xla_devices not set
mse_error/peak_error 0 22.0
[32m[I 2021-04-07 12:07:06,785][0m Trial 987 finished with value: 22.0 and parameters: {'Vahp': -24.5, 'Vth': -23.0, 'Vmax': 26.5, 't_ref': 4.5, 'R': 0.4, 'tau_m': 28.0, 'R_adp': 0.8, 'tau_w': 32.0, 'a': 70.0, 'delT': 2.0}. Best is trial 876 with value: 1.0.[0m
2021-04-07 12:07:07.064756: I tensorflow/compiler/jit/xla_gpu_device.cc:99] Not creating XLA devices, tf_xla_enable_xla_devices not set
mse_error/peak_error 0 45.0
[32m[I 2021-04-07 12:07:40,292][0m Trial 988 finished with value: 45.0 and parameters: {'Vahp': -25.5, 'Vth': -23.0, 'Vmax': 27.5, 't_ref': 4.0, 'R': 0.4, 'tau_m': 21.0, 'R_adp': 0.8, 'tau_w': 35.0, 'a': 74.5, 'delT': 2.5}. Best is trial 876 with value: 1.0.[0m
2021-04-07 12:07:40.570262: I tensorflow/compiler/jit/xla_gpu_device.cc:99] Not creating XLA devices, tf_xla_enable_xla_devices not set
mse_error/peak_error 0 23.0
[32m[I 2021-04-07 12:08:14,413][0m Trial 989 finished with value: 23.0 and parameters: {'Vahp': -25.5, 'Vth': -23.0, 'Vmax': 28.0, 't_ref': 4.5, 'R': 0.4, 'tau_m': 25.5, 'R_adp': 0.8, 'tau_w': 33.0, 'a': 72.0, 'delT': 2.0}. Best is trial 876 with value: 1.0.[0m
2021-04-07 12:08:14.696225: I tensorflow/compiler/jit/xla_gpu_device.cc:99] Not creating XLA devices, tf_xla_enable_xla_devices not set
mse_error/peak_error 0 1.0
[32m[I 2021-04-07 12:08:48,513][0m Trial 990 finished with value: 1.0 and parameters: {'Vahp': -32.0, 'Vth': -22.5, 'Vmax': 29.0, 't_ref': 5.5, 'R': 0.4, 'tau_m': 28.0, 'R_adp': 0.8, 'tau_w': 40.0, 'a': 66.5, 'delT': 1.5}. Best is trial 876 with value: 1.0.[0m
2021-04-07 12:08:48.791620: I tensorflow/compiler/jit/xla_gpu_device.cc:99] Not creating XLA devices, tf_xla_enable_xla_devices not set
mse_error/peak_error 0 171
[32m[I 2021-04-07 12:09:22,214][0m Trial 991 finished with value: 171.0 and parameters: {'Vahp': -32.0, 'Vth': -22.5, 'Vmax': 28.5, 't_ref': 6.0, 'R': 0.5, 'tau_m': 31.5, 'R_adp': 0.8, 'tau_w': 42.0, 'a': 64.0, 'delT': 1.5}. Best is trial 876 with value: 1.0.[0m
2021-04-07 12:09:22.501282: I tensorflow/compiler/jit/xla_gpu_device.cc:99] Not creating XLA devices, tf_xla_enable_xla_devices not set
mse_error/peak_error 0 193
[32m[I 2021-04-07 12:09:56,261][0m Trial 992 finished with value: 193.0 and parameters: {'Vahp': -33.0, 'Vth': -32.5, 'Vmax': 29.0, 't_ref': 6.5, 'R': 0.4, 'tau_m': 26.5, 'R_adp': 0.8, 'tau_w': 41.0, 'a': 66.0, 'delT': 1.5}. Best is trial 876 with value: 1.0.[0m
2021-04-07 12:09:56.541853: I tensorflow/compiler/jit/xla_gpu_device.cc:99] Not creating XLA devices, tf_xla_enable_xla_devices not set
mse_error/peak_error 0 37.0
[32m[I 2021-04-07 12:10:30,362][0m Trial 993 finished with value: 37.0 and parameters: {'Vahp': -32.0, 'Vth': -22.5, 'Vmax': 29.0, 't_ref': 5.5, 'R': 0.4, 'tau_m': 29.5, 'R_adp': 0.8, 'tau_w': 44.0, 'a': 67.0, 'delT': 1.5}. Best is trial 876 with value: 1.0.[0m
2021-04-07 12:10:30.645543: I tensorflow/compiler/jit/xla_gpu_device.cc:99] Not creating XLA devices, tf_xla_enable_xla_devices not set
mse_error/peak_error 0 485
[32m[I 2021-04-07 12:11:04,633][0m Trial 994 finished with value: 485.0 and parameters: {'Vahp': -22.5, 'Vth': -20.5, 'Vmax': 28.0, 't_ref': 5.5, 'R': 0.4, 'tau_m': 24.5, 'R_adp': 0.30000000000000004, 'tau_w': 40.5, 'a': 64.0, 'delT': 1.5}. Best is trial 876 with value: 1.0.[0m
2021-04-07 12:11:04.916066: I tensorflow/compiler/jit/xla_gpu_device.cc:99] Not creating XLA devices, tf_xla_enable_xla_devices not set
mse_error/peak_error 0 5.0
[32m[I 2021-04-07 12:11:39,030][0m Trial 995 finished with value: 5.0 and parameters: {'Vahp': -31.5, 'Vth': -22.5, 'Vmax': 29.5, 't_ref': 6.5, 'R': 0.4, 'tau_m': 28.0, 'R_adp': 0.9, 'tau_w': 43.5, 'a': 60.5, 'delT': 1.0}. Best is trial 876 with value: 1.0.[0m
2021-04-07 12:11:39.319520: I tensorflow/compiler/jit/xla_gpu_device.cc:99] Not creating XLA devices, tf_xla_enable_xla_devices not set
mse_error/peak_error 0 618
[32m[I 2021-04-07 12:12:13,468][0m Trial 996 finished with value: 618.0 and parameters: {'Vahp': -23.5, 'Vth': -23.0, 'Vmax': 12.5, 't_ref': 5.5, 'R': 0.4, 'tau_m': 80.5, 'R_adp': 0.8, 'tau_w': 39.5, 'a': 62.5, 'delT': 1.5}. Best is trial 876 with value: 1.0.[0m
2021-04-07 12:12:13.763017: I tensorflow/compiler/jit/xla_gpu_device.cc:99] Not creating XLA devices, tf_xla_enable_xla_devices not set
mse_error/peak_error 0 10.0
[32m[I 2021-04-07 12:12:47,058][0m Trial 997 finished with value: 10.0 and parameters: {'Vahp': -31.0, 'Vth': -22.5, 'Vmax': 27.5, 't_ref': 6.0, 'R': 0.4, 'tau_m': 26.5, 'R_adp': 0.8, 'tau_w': 38.5, 'a': 67.0, 'delT': 2.0}. Best is trial 876 with value: 1.0.[0m
2021-04-07 12:12:47.330975: I tensorflow/compiler/jit/xla_gpu_device.cc:99] Not creating XLA devices, tf_xla_enable_xla_devices not set
mse_error/peak_error 0 412
[32m[I 2021-04-07 12:13:20,298][0m Trial 998 finished with value: 412.0 and parameters: {'Vahp': -23.0, 'Vth': -23.0, 'Vmax': 29.0, 't_ref': 7.0, 'R': 0.30000000000000004, 'tau_m': 33.0, 'R_adp': 0.8, 'tau_w': 40.5, 'a': 65.5, 'delT': 2.0}. Best is trial 876 with value: 1.0.[0m
2021-04-07 12:13:20.574874: I tensorflow/compiler/jit/xla_gpu_device.cc:99] Not creating XLA devices, tf_xla_enable_xla_devices not set
mse_error/peak_error 0 102.0
[32m[I 2021-04-07 12:13:53,213][0m Trial 999 finished with value: 102.0 and parameters: {'Vahp': -24.0, 'Vth': -23.0, 'Vmax': 24.5, 't_ref': 5.0, 'R': 0.4, 'tau_m': 20.0, 'R_adp': 0.8, 'tau_w': 42.5, 'a': 68.0, 'delT': 1.0}. Best is trial 876 with value: 1.0.[0m
