[32m[I 2021-04-07 09:07:01,159][0m Trial 548 finished with value: 446.0 and parameters: {'Vahp': -44.5, 'Vth': -42.0, 'Vmax': 15.5, 't_ref': 9.5, 'R': 0.2, 'tau_m': 57.0, 'R_adp': 0.9, 'tau_w': 65.0, 'a': 49.0}. Best is trial 414 with value: 2.0.[0m
2021-04-07 09:07:01.408166: I tensorflow/compiler/jit/xla_gpu_device.cc:99] Not creating XLA devices, tf_xla_enable_xla_devices not set
mse_error/peak_error 0 35.0
[32m[I 2021-04-07 09:07:16,614][0m Trial 549 finished with value: 35.0 and parameters: {'Vahp': -43.5, 'Vth': -40.0, 'Vmax': 20.5, 't_ref': 9.0, 'R': 0.30000000000000004, 'tau_m': 62.0, 'R_adp': 0.7000000000000001, 'tau_w': 52.5, 'a': 52.0}. Best is trial 414 with value: 2.0.[0m
2021-04-07 09:07:16.851872: I tensorflow/compiler/jit/xla_gpu_device.cc:99] Not creating XLA devices, tf_xla_enable_xla_devices not set
mse_error/peak_error 0 105.0
[32m[I 2021-04-07 09:07:32,094][0m Trial 550 finished with value: 105.0 and parameters: {'Vahp': -41.0, 'Vth': -41.0, 'Vmax': 16.5, 't_ref': 7.0, 'R': 0.30000000000000004, 'tau_m': 55.0, 'R_adp': 0.8, 'tau_w': 66.5, 'a': 45.5}. Best is trial 414 with value: 2.0.[0m
2021-04-07 09:07:32.330839: I tensorflow/compiler/jit/xla_gpu_device.cc:99] Not creating XLA devices, tf_xla_enable_xla_devices not set
mse_error/peak_error 0 183
[32m[I 2021-04-07 09:07:47,588][0m Trial 551 finished with value: 183.0 and parameters: {'Vahp': -42.5, 'Vth': -41.5, 'Vmax': 19.5, 't_ref': 8.0, 'R': 0.30000000000000004, 'tau_m': 60.0, 'R_adp': 0.7000000000000001, 'tau_w': 60.5, 'a': 43.5}. Best is trial 414 with value: 2.0.[0m
2021-04-07 09:07:47.834043: I tensorflow/compiler/jit/xla_gpu_device.cc:99] Not creating XLA devices, tf_xla_enable_xla_devices not set
mse_error/peak_error 0 32.0
[32m[I 2021-04-07 09:08:03,245][0m Trial 552 finished with value: 32.0 and parameters: {'Vahp': -44.0, 'Vth': -42.0, 'Vmax': 22.0, 't_ref': 6.0, 'R': 0.30000000000000004, 'tau_m': 63.5, 'R_adp': 0.9, 'tau_w': 58.5, 'a': 49.5}. Best is trial 414 with value: 2.0.[0m
2021-04-07 09:08:03.485167: I tensorflow/compiler/jit/xla_gpu_device.cc:99] Not creating XLA devices, tf_xla_enable_xla_devices not set
mse_error/peak_error 0 29.0
[32m[I 2021-04-07 09:08:18,714][0m Trial 553 finished with value: 29.0 and parameters: {'Vahp': -45.5, 'Vth': -42.5, 'Vmax': 17.5, 't_ref': 8.5, 'R': 0.30000000000000004, 'tau_m': 57.5, 'R_adp': 0.8, 'tau_w': 63.0, 'a': 47.0}. Best is trial 414 with value: 2.0.[0m
2021-04-07 09:08:18.961182: I tensorflow/compiler/jit/xla_gpu_device.cc:99] Not creating XLA devices, tf_xla_enable_xla_devices not set
mse_error/peak_error 0 4.0
[32m[I 2021-04-07 09:08:34,494][0m Trial 554 finished with value: 4.0 and parameters: {'Vahp': -43.0, 'Vth': -40.5, 'Vmax': 17.0, 't_ref': 7.5, 'R': 0.30000000000000004, 'tau_m': 60.5, 'R_adp': 0.7000000000000001, 'tau_w': 61.5, 'a': 53.0}. Best is trial 414 with value: 2.0.[0m
2021-04-07 09:08:34.731488: I tensorflow/compiler/jit/xla_gpu_device.cc:99] Not creating XLA devices, tf_xla_enable_xla_devices not set
mse_error/peak_error 0 15.0
[32m[I 2021-04-07 09:08:50,149][0m Trial 555 finished with value: 15.0 and parameters: {'Vahp': -44.5, 'Vth': -41.5, 'Vmax': 18.5, 't_ref': 7.5, 'R': 0.30000000000000004, 'tau_m': 65.5, 'R_adp': 0.7000000000000001, 'tau_w': 64.5, 'a': 53.5}. Best is trial 414 with value: 2.0.[0m
2021-04-07 09:08:50.413314: I tensorflow/compiler/jit/xla_gpu_device.cc:99] Not creating XLA devices, tf_xla_enable_xla_devices not set
mse_error/peak_error 0 27.0
[32m[I 2021-04-07 09:09:05,924][0m Trial 556 finished with value: 27.0 and parameters: {'Vahp': -43.5, 'Vth': -40.5, 'Vmax': 18.0, 't_ref': 7.0, 'R': 0.30000000000000004, 'tau_m': 61.5, 'R_adp': 0.9, 'tau_w': 67.0, 'a': 41.5}. Best is trial 414 with value: 2.0.[0m
2021-04-07 09:09:06.170409: I tensorflow/compiler/jit/xla_gpu_device.cc:99] Not creating XLA devices, tf_xla_enable_xla_devices not set
mse_error/peak_error 0 19.0
[32m[I 2021-04-07 09:09:21,833][0m Trial 557 finished with value: 19.0 and parameters: {'Vahp': -43.0, 'Vth': -41.0, 'Vmax': 17.0, 't_ref': 7.5, 'R': 0.30000000000000004, 'tau_m': 63.0, 'R_adp': 0.8, 'tau_w': 62.0, 'a': 54.0}. Best is trial 414 with value: 2.0.[0m
2021-04-07 09:09:22.076428: I tensorflow/compiler/jit/xla_gpu_device.cc:99] Not creating XLA devices, tf_xla_enable_xla_devices not set
mse_error/peak_error 0 63.0
[32m[I 2021-04-07 09:09:37,806][0m Trial 558 finished with value: 63.0 and parameters: {'Vahp': -45.0, 'Vth': -39.5, 'Vmax': 20.0, 't_ref': 6.5, 'R': 0.30000000000000004, 'tau_m': 60.5, 'R_adp': 0.7000000000000001, 'tau_w': 57.0, 'a': 50.5}. Best is trial 414 with value: 2.0.[0m
2021-04-07 09:09:38.061973: I tensorflow/compiler/jit/xla_gpu_device.cc:99] Not creating XLA devices, tf_xla_enable_xla_devices not set
mse_error/peak_error 0 23.0
[32m[I 2021-04-07 09:09:53,838][0m Trial 559 finished with value: 23.0 and parameters: {'Vahp': -44.0, 'Vth': -41.5, 'Vmax': 16.5, 't_ref': 7.5, 'R': 0.30000000000000004, 'tau_m': 67.5, 'R_adp': 0.8, 'tau_w': 60.5, 'a': 44.5}. Best is trial 414 with value: 2.0.[0m
2021-04-07 09:09:54.081021: I tensorflow/compiler/jit/xla_gpu_device.cc:99] Not creating XLA devices, tf_xla_enable_xla_devices not set
mse_error/peak_error 0 168
[32m[I 2021-04-07 09:10:09,652][0m Trial 560 finished with value: 168.0 and parameters: {'Vahp': -43.0, 'Vth': -40.5, 'Vmax': 17.0, 't_ref': 8.0, 'R': 0.30000000000000004, 'tau_m': 64.5, 'R_adp': 0.6, 'tau_w': 63.5, 'a': 88.0}. Best is trial 414 with value: 2.0.[0m
2021-04-07 09:10:09.915234: I tensorflow/compiler/jit/xla_gpu_device.cc:99] Not creating XLA devices, tf_xla_enable_xla_devices not set
mse_error/peak_error 0 46.0
[32m[I 2021-04-07 09:10:25,197][0m Trial 561 finished with value: 46.0 and parameters: {'Vahp': -46.5, 'Vth': -43.0, 'Vmax': 17.5, 't_ref': 7.0, 'R': 0.30000000000000004, 'tau_m': 60.0, 'R_adp': 0.9, 'tau_w': 61.5, 'a': 39.0}. Best is trial 414 with value: 2.0.[0m
2021-04-07 09:10:25.439246: I tensorflow/compiler/jit/xla_gpu_device.cc:99] Not creating XLA devices, tf_xla_enable_xla_devices not set
mse_error/peak_error 0 467
[32m[I 2021-04-07 09:10:40,786][0m Trial 562 finished with value: 467.0 and parameters: {'Vahp': -41.5, 'Vth': -41.0, 'Vmax': 19.0, 't_ref': 7.5, 'R': 0.4, 'tau_m': 62.5, 'R_adp': 0.7000000000000001, 'tau_w': 59.0, 'a': 48.5}. Best is trial 414 with value: 2.0.[0m
2021-04-07 09:10:41.027901: I tensorflow/compiler/jit/xla_gpu_device.cc:99] Not creating XLA devices, tf_xla_enable_xla_devices not set
mse_error/peak_error 0 408
[32m[I 2021-04-07 09:10:56,413][0m Trial 563 finished with value: 408.0 and parameters: {'Vahp': -42.5, 'Vth': -40.5, 'Vmax': 16.5, 't_ref': 8.0, 'R': 0.2, 'tau_m': 58.5, 'R_adp': 0.7000000000000001, 'tau_w': 65.0, 'a': 51.0}. Best is trial 414 with value: 2.0.[0m
2021-04-07 09:10:56.679450: I tensorflow/compiler/jit/xla_gpu_device.cc:99] Not creating XLA devices, tf_xla_enable_xla_devices not set
mse_error/peak_error 0 1450
[32m[I 2021-04-07 09:11:11,971][0m Trial 564 finished with value: 1450.0 and parameters: {'Vahp': -44.0, 'Vth': -42.0, 'Vmax': 16.0, 't_ref': 8.5, 'R': 0.1, 'tau_m': 70.5, 'R_adp': 0.8, 'tau_w': 63.0, 'a': 46.5}. Best is trial 414 with value: 2.0.[0m
2021-04-07 09:11:12.215338: I tensorflow/compiler/jit/xla_gpu_device.cc:99] Not creating XLA devices, tf_xla_enable_xla_devices not set
mse_error/peak_error 0 190
[32m[I 2021-04-07 09:11:27,539][0m Trial 565 finished with value: 190.0 and parameters: {'Vahp': -45.5, 'Vth': -39.5, 'Vmax': 21.5, 't_ref': 8.5, 'R': 0.30000000000000004, 'tau_m': 61.5, 'R_adp': 0.9, 'tau_w': 66.5, 'a': 43.5}. Best is trial 414 with value: 2.0.[0m
2021-04-07 09:11:27.798975: I tensorflow/compiler/jit/xla_gpu_device.cc:99] Not creating XLA devices, tf_xla_enable_xla_devices not set
mse_error/peak_error 0 3.0
[32m[I 2021-04-07 09:11:43,331][0m Trial 566 finished with value: 3.0 and parameters: {'Vahp': -44.5, 'Vth': -41.5, 'Vmax': 22.5, 't_ref': 6.5, 'R': 0.30000000000000004, 'tau_m': 64.0, 'R_adp': 0.7000000000000001, 'tau_w': 57.0, 'a': 53.5}. Best is trial 414 with value: 2.0.[0m
2021-04-07 09:11:43.582902: I tensorflow/compiler/jit/xla_gpu_device.cc:99] Not creating XLA devices, tf_xla_enable_xla_devices not set
mse_error/peak_error 0 153
[32m[I 2021-04-07 09:11:59,008][0m Trial 567 finished with value: 153.0 and parameters: {'Vahp': -45.0, 'Vth': -42.0, 'Vmax': 22.0, 't_ref': 6.0, 'R': 0.30000000000000004, 'tau_m': 67.0, 'R_adp': 0.7000000000000001, 'tau_w': 54.5, 'a': 37.0}. Best is trial 414 with value: 2.0.[0m
2021-04-07 09:11:59.259325: I tensorflow/compiler/jit/xla_gpu_device.cc:99] Not creating XLA devices, tf_xla_enable_xla_devices not set
mse_error/peak_error 0 18.0
[32m[I 2021-04-07 09:12:14,814][0m Trial 568 finished with value: 18.0 and parameters: {'Vahp': -47.0, 'Vth': -42.0, 'Vmax': 22.5, 't_ref': 6.5, 'R': 0.30000000000000004, 'tau_m': 64.0, 'R_adp': 0.8, 'tau_w': 57.5, 'a': 41.5}. Best is trial 414 with value: 2.0.[0m
2021-04-07 09:12:15.058346: I tensorflow/compiler/jit/xla_gpu_device.cc:99] Not creating XLA devices, tf_xla_enable_xla_devices not set
mse_error/peak_error 0 157
[32m[I 2021-04-07 09:12:30,602][0m Trial 569 finished with value: 157.0 and parameters: {'Vahp': -46.0, 'Vth': -41.5, 'Vmax': 23.0, 't_ref': 7.0, 'R': 0.30000000000000004, 'tau_m': 65.0, 'R_adp': 0.9, 'tau_w': 55.0, 'a': 53.5}. Best is trial 414 with value: 2.0.[0m
2021-04-07 09:12:30.865272: I tensorflow/compiler/jit/xla_gpu_device.cc:99] Not creating XLA devices, tf_xla_enable_xla_devices not set
mse_error/peak_error 0 131
[32m[I 2021-04-07 09:12:46,388][0m Trial 570 finished with value: 131.0 and parameters: {'Vahp': -44.5, 'Vth': -41.5, 'Vmax': 31.5, 't_ref': 6.5, 'R': 0.30000000000000004, 'tau_m': 66.0, 'R_adp': 0.7000000000000001, 'tau_w': 53.0, 'a': 45.0}. Best is trial 414 with value: 2.0.[0m
2021-04-07 09:12:46.641059: I tensorflow/compiler/jit/xla_gpu_device.cc:99] Not creating XLA devices, tf_xla_enable_xla_devices not set
mse_error/peak_error 0 57.0
[32m[I 2021-04-07 09:13:02,350][0m Trial 571 finished with value: 57.0 and parameters: {'Vahp': -44.5, 'Vth': -42.5, 'Vmax': 24.0, 't_ref': 6.0, 'R': 0.30000000000000004, 'tau_m': 63.5, 'R_adp': 0.8, 'tau_w': 56.0, 'a': 48.0}. Best is trial 414 with value: 2.0.[0m
2021-04-07 09:13:02.614353: I tensorflow/compiler/jit/xla_gpu_device.cc:99] Not creating XLA devices, tf_xla_enable_xla_devices not set
mse_error/peak_error 0 142
[32m[I 2021-04-07 09:13:18,421][0m Trial 572 finished with value: 142.0 and parameters: {'Vahp': -45.5, 'Vth': -44.0, 'Vmax': 21.5, 't_ref': 6.5, 'R': 0.30000000000000004, 'tau_m': 68.5, 'R_adp': 1.0, 'tau_w': 59.0, 'a': 54.5}. Best is trial 414 with value: 2.0.[0m
2021-04-07 09:13:18.670956: I tensorflow/compiler/jit/xla_gpu_device.cc:99] Not creating XLA devices, tf_xla_enable_xla_devices not set
mse_error/peak_error 0 769
[32m[I 2021-04-07 09:13:34,424][0m Trial 573 finished with value: 769.0 and parameters: {'Vahp': -43.5, 'Vth': -41.0, 'Vmax': 22.5, 't_ref': 7.0, 'R': 0.4, 'tau_m': 62.5, 'R_adp': 0.9, 'tau_w': 60.5, 'a': 1.0}. Best is trial 414 with value: 2.0.[0m
2021-04-07 09:13:34.669712: I tensorflow/compiler/jit/xla_gpu_device.cc:99] Not creating XLA devices, tf_xla_enable_xla_devices not set
mse_error/peak_error 0 350
[32m[I 2021-04-07 09:13:50,665][0m Trial 574 finished with value: 350.0 and parameters: {'Vahp': -44.0, 'Vth': -41.5, 'Vmax': 23.0, 't_ref': 7.5, 'R': 0.2, 'tau_m': 66.0, 'R_adp': 0.7000000000000001, 'tau_w': 64.0, 'a': 40.0}. Best is trial 414 with value: 2.0.[0m
2021-04-07 09:13:50.940935: I tensorflow/compiler/jit/xla_gpu_device.cc:99] Not creating XLA devices, tf_xla_enable_xla_devices not set
mse_error/peak_error 0 48.0
[32m[I 2021-04-07 09:14:07,314][0m Trial 575 finished with value: 48.0 and parameters: {'Vahp': -43.0, 'Vth': -41.5, 'Vmax': 21.0, 't_ref': 5.5, 'R': 0.30000000000000004, 'tau_m': 60.5, 'R_adp': 0.8, 'tau_w': 57.0, 'a': 52.0}. Best is trial 414 with value: 2.0.[0m
2021-04-07 09:14:07.555427: I tensorflow/compiler/jit/xla_gpu_device.cc:99] Not creating XLA devices, tf_xla_enable_xla_devices not set
mse_error/peak_error 0 161
[32m[I 2021-04-07 09:14:23,860][0m Trial 576 finished with value: 161.0 and parameters: {'Vahp': -44.5, 'Vth': -42.0, 'Vmax': 24.5, 't_ref': 7.0, 'R': 0.30000000000000004, 'tau_m': 62.5, 'R_adp': 0.7000000000000001, 'tau_w': 67.0, 'a': 43.0}. Best is trial 414 with value: 2.0.[0m
2021-04-07 09:14:24.127328: I tensorflow/compiler/jit/xla_gpu_device.cc:99] Not creating XLA devices, tf_xla_enable_xla_devices not set
mse_error/peak_error 0 150
[32m[I 2021-04-07 09:14:39,965][0m Trial 577 finished with value: 150.0 and parameters: {'Vahp': -43.5, 'Vth': -41.0, 'Vmax': 19.5, 't_ref': 6.5, 'R': 0.30000000000000004, 'tau_m': 60.5, 'R_adp': 0.6, 'tau_w': 62.0, 'a': 46.5}. Best is trial 414 with value: 2.0.[0m
2021-04-07 09:14:40.216052: I tensorflow/compiler/jit/xla_gpu_device.cc:99] Not creating XLA devices, tf_xla_enable_xla_devices not set
mse_error/peak_error 0 48.0
[32m[I 2021-04-07 09:14:56,492][0m Trial 578 finished with value: 48.0 and parameters: {'Vahp': -45.0, 'Vth': -42.5, 'Vmax': 26.5, 't_ref': 9.5, 'R': 0.30000000000000004, 'tau_m': 63.5, 'R_adp': 0.9, 'tau_w': 59.0, 'a': 50.5}. Best is trial 414 with value: 2.0.[0m
2021-04-07 09:14:56.742890: I tensorflow/compiler/jit/xla_gpu_device.cc:99] Not creating XLA devices, tf_xla_enable_xla_devices not set
mse_error/peak_error 0 35.0
[32m[I 2021-04-07 09:15:12,963][0m Trial 579 finished with value: 35.0 and parameters: {'Vahp': -42.0, 'Vth': -40.5, 'Vmax': 18.0, 't_ref': 7.5, 'R': 0.30000000000000004, 'tau_m': 59.0, 'R_adp': 0.7000000000000001, 'tau_w': 65.0, 'a': 48.5}. Best is trial 414 with value: 2.0.[0m
2021-04-07 09:15:13.212234: I tensorflow/compiler/jit/xla_gpu_device.cc:99] Not creating XLA devices, tf_xla_enable_xla_devices not set
mse_error/peak_error 0 22.0
[32m[I 2021-04-07 09:15:29,612][0m Trial 580 finished with value: 22.0 and parameters: {'Vahp': -43.0, 'Vth': -41.0, 'Vmax': 20.5, 't_ref': 8.0, 'R': 0.30000000000000004, 'tau_m': 65.5, 'R_adp': 0.8, 'tau_w': 63.0, 'a': 42.5}. Best is trial 414 with value: 2.0.[0m
2021-04-07 09:15:29.851478: I tensorflow/compiler/jit/xla_gpu_device.cc:99] Not creating XLA devices, tf_xla_enable_xla_devices not set
mse_error/peak_error 0 46.0
[32m[I 2021-04-07 09:15:46,401][0m Trial 581 finished with value: 46.0 and parameters: {'Vahp': -46.0, 'Vth': -43.0, 'Vmax': 23.5, 't_ref': 9.0, 'R': 0.30000000000000004, 'tau_m': 61.5, 'R_adp': 0.9, 'tau_w': 51.0, 'a': 54.5}. Best is trial 414 with value: 2.0.[0m
2021-04-07 09:15:46.646332: I tensorflow/compiler/jit/xla_gpu_device.cc:99] Not creating XLA devices, tf_xla_enable_xla_devices not set
mse_error/peak_error 0 363
[32m[I 2021-04-07 09:16:03,150][0m Trial 582 finished with value: 363.0 and parameters: {'Vahp': -44.0, 'Vth': -41.5, 'Vmax': 18.5, 't_ref': 7.5, 'R': 0.30000000000000004, 'tau_m': 64.5, 'R_adp': 0.30000000000000004, 'tau_w': 60.5, 'a': 45.0}. Best is trial 414 with value: 2.0.[0m
2021-04-07 09:16:03.391518: I tensorflow/compiler/jit/xla_gpu_device.cc:99] Not creating XLA devices, tf_xla_enable_xla_devices not set
mse_error/peak_error 0 48.0
[32m[I 2021-04-07 09:16:19,819][0m Trial 583 finished with value: 48.0 and parameters: {'Vahp': -42.0, 'Vth': -40.5, 'Vmax': 17.5, 't_ref': 10.0, 'R': 0.30000000000000004, 'tau_m': 68.0, 'R_adp': 0.7000000000000001, 'tau_w': 57.5, 'a': 49.5}. Best is trial 414 with value: 2.0.[0m
2021-04-07 09:16:20.059278: I tensorflow/compiler/jit/xla_gpu_device.cc:99] Not creating XLA devices, tf_xla_enable_xla_devices not set
mse_error/peak_error 0 34.0
[32m[I 2021-04-07 09:16:36,385][0m Trial 584 finished with value: 34.0 and parameters: {'Vahp': -43.5, 'Vth': -41.0, 'Vmax': 22.5, 't_ref': 9.0, 'R': 0.30000000000000004, 'tau_m': 59.0, 'R_adp': 0.8, 'tau_w': 67.5, 'a': 40.0}. Best is trial 414 with value: 2.0.[0m
2021-04-07 09:16:36.623889: I tensorflow/compiler/jit/xla_gpu_device.cc:99] Not creating XLA devices, tf_xla_enable_xla_devices not set
mse_error/peak_error 0 562
[32m[I 2021-04-07 09:16:53,077][0m Trial 585 finished with value: 562.0 and parameters: {'Vahp': -45.0, 'Vth': -42.5, 'Vmax': 20.0, 't_ref': 7.0, 'R': 0.2, 'tau_m': 72.0, 'R_adp': 0.9, 'tau_w': 64.5, 'a': 52.5}. Best is trial 414 with value: 2.0.[0m
2021-04-07 09:16:53.324717: I tensorflow/compiler/jit/xla_gpu_device.cc:99] Not creating XLA devices, tf_xla_enable_xla_devices not set
mse_error/peak_error 0 315
[32m[I 2021-04-07 09:17:09,847][0m Trial 586 finished with value: 315.0 and parameters: {'Vahp': -43.0, 'Vth': -40.0, 'Vmax': 19.0, 't_ref': 8.0, 'R': 0.4, 'tau_m': 61.5, 'R_adp': 0.7000000000000001, 'tau_w': 62.0, 'a': 46.5}. Best is trial 414 with value: 2.0.[0m
2021-04-07 09:17:10.090124: I tensorflow/compiler/jit/xla_gpu_device.cc:99] Not creating XLA devices, tf_xla_enable_xla_devices not set
mse_error/peak_error 0 347
[32m[I 2021-04-07 09:17:26,776][0m Trial 587 finished with value: 347.0 and parameters: {'Vahp': -42.0, 'Vth': -32.0, 'Vmax': 18.0, 't_ref': 6.5, 'R': 0.30000000000000004, 'tau_m': 57.0, 'R_adp': 0.7000000000000001, 'tau_w': 59.5, 'a': 50.5}. Best is trial 414 with value: 2.0.[0m
2021-04-07 09:17:27.017712: I tensorflow/compiler/jit/xla_gpu_device.cc:99] Not creating XLA devices, tf_xla_enable_xla_devices not set
mse_error/peak_error 0 21.0
[32m[I 2021-04-07 09:17:43,554][0m Trial 588 finished with value: 21.0 and parameters: {'Vahp': -44.0, 'Vth': -40.5, 'Vmax': 23.5, 't_ref': 9.0, 'R': 0.30000000000000004, 'tau_m': 59.5, 'R_adp': 0.8, 'tau_w': 65.5, 'a': 44.0}. Best is trial 414 with value: 2.0.[0m
2021-04-07 09:17:43.795552: I tensorflow/compiler/jit/xla_gpu_device.cc:99] Not creating XLA devices, tf_xla_enable_xla_devices not set
mse_error/peak_error 0 176
[32m[I 2021-04-07 09:18:00,362][0m Trial 589 finished with value: 176.0 and parameters: {'Vahp': -42.5, 'Vth': -41.0, 'Vmax': 17.0, 't_ref': 6.0, 'R': 0.30000000000000004, 'tau_m': 62.5, 'R_adp': 0.7000000000000001, 'tau_w': 55.0, 'a': 41.5}. Best is trial 414 with value: 2.0.[0m
2021-04-07 09:18:00.616324: I tensorflow/compiler/jit/xla_gpu_device.cc:99] Not creating XLA devices, tf_xla_enable_xla_devices not set
mse_error/peak_error 0 42.0
[32m[I 2021-04-07 09:18:16,829][0m Trial 590 finished with value: 42.0 and parameters: {'Vahp': -45.5, 'Vth': -43.5, 'Vmax': 18.5, 't_ref': 8.5, 'R': 0.30000000000000004, 'tau_m': 64.0, 'R_adp': 0.8, 'tau_w': 62.0, 'a': 52.5}. Best is trial 414 with value: 2.0.[0m
2021-04-07 09:18:17.071443: I tensorflow/compiler/jit/xla_gpu_device.cc:99] Not creating XLA devices, tf_xla_enable_xla_devices not set
mse_error/peak_error 0 27.0
[32m[I 2021-04-07 09:18:33,626][0m Trial 591 finished with value: 27.0 and parameters: {'Vahp': -44.5, 'Vth': -42.0, 'Vmax': 21.0, 't_ref': 9.5, 'R': 0.30000000000000004, 'tau_m': 60.5, 'R_adp': 0.9, 'tau_w': 59.0, 'a': 47.0}. Best is trial 414 with value: 2.0.[0m
2021-04-07 09:18:33.875378: I tensorflow/compiler/jit/xla_gpu_device.cc:99] Not creating XLA devices, tf_xla_enable_xla_devices not set
mse_error/peak_error 0 276
[32m[I 2021-04-07 09:18:50,690][0m Trial 592 finished with value: 276.0 and parameters: {'Vahp': -47.5, 'Vth': -47.5, 'Vmax': 20.0, 't_ref': 8.0, 'R': 0.30000000000000004, 'tau_m': 58.0, 'R_adp': 0.8, 'tau_w': 63.5, 'a': 49.0}. Best is trial 414 with value: 2.0.[0m
2021-04-07 09:18:50.939332: I tensorflow/compiler/jit/xla_gpu_device.cc:99] Not creating XLA devices, tf_xla_enable_xla_devices not set
mse_error/peak_error 0 350
[32m[I 2021-04-07 09:19:07,669][0m Trial 593 finished with value: 350.0 and parameters: {'Vahp': -43.0, 'Vth': -41.5, 'Vmax': 15.5, 't_ref': 7.5, 'R': 0.2, 'tau_m': 67.0, 'R_adp': 0.9, 'tau_w': 57.0, 'a': 38.0}. Best is trial 414 with value: 2.0.[0m
2021-04-07 09:19:07.909473: I tensorflow/compiler/jit/xla_gpu_device.cc:99] Not creating XLA devices, tf_xla_enable_xla_devices not set
mse_error/peak_error 0 216
[32m[I 2021-04-07 09:19:24,592][0m Trial 594 finished with value: 216.0 and parameters: {'Vahp': -46.5, 'Vth': -42.5, 'Vmax': 22.0, 't_ref': 7.0, 'R': 0.4, 'tau_m': 65.0, 'R_adp': 0.7000000000000001, 'tau_w': 60.5, 'a': 54.5}. Best is trial 414 with value: 2.0.[0m
2021-04-07 09:19:24.832814: I tensorflow/compiler/jit/xla_gpu_device.cc:99] Not creating XLA devices, tf_xla_enable_xla_devices not set
mse_error/peak_error 0 34.0
[32m[I 2021-04-07 09:19:41,687][0m Trial 595 finished with value: 34.0 and parameters: {'Vahp': -44.0, 'Vth': -40.0, 'Vmax': 19.0, 't_ref': 8.5, 'R': 0.30000000000000004, 'tau_m': 56.0, 'R_adp': 0.7000000000000001, 'tau_w': 67.5, 'a': 50.0}. Best is trial 414 with value: 2.0.[0m
2021-04-07 09:19:41.926403: I tensorflow/compiler/jit/xla_gpu_device.cc:99] Not creating XLA devices, tf_xla_enable_xla_devices not set
mse_error/peak_error 0 36.0
[32m[I 2021-04-07 09:19:58,730][0m Trial 596 finished with value: 36.0 and parameters: {'Vahp': -41.5, 'Vth': -40.5, 'Vmax': 17.0, 't_ref': 9.5, 'R': 0.30000000000000004, 'tau_m': 54.5, 'R_adp': 0.9, 'tau_w': 65.0, 'a': 45.5}. Best is trial 414 with value: 2.0.[0m
2021-04-07 09:19:58.972993: I tensorflow/compiler/jit/xla_gpu_device.cc:99] Not creating XLA devices, tf_xla_enable_xla_devices not set
mse_error/peak_error 0 143
[32m[I 2021-04-07 09:20:15,858][0m Trial 597 finished with value: 143.0 and parameters: {'Vahp': -43.5, 'Vth': -41.0, 'Vmax': 21.5, 't_ref': 8.0, 'R': 0.30000000000000004, 'tau_m': 61.5, 'R_adp': 0.6, 'tau_w': 62.5, 'a': 42.5}. Best is trial 414 with value: 2.0.[0m
2021-04-07 09:20:16.099440: I tensorflow/compiler/jit/xla_gpu_device.cc:99] Not creating XLA devices, tf_xla_enable_xla_devices not set
mse_error/peak_error 0 219
