[32m[I 2021-04-07 09:20:33,079][0m Trial 598 finished with value: 219.0 and parameters: {'Vahp': -45.0, 'Vth': -39.5, 'Vmax': 16.0, 't_ref': 9.0, 'R': 0.30000000000000004, 'tau_m': 59.5, 'R_adp': 1.0, 'tau_w': 60.5, 'a': 51.5}. Best is trial 414 with value: 2.0.[0m
2021-04-07 09:20:33.333670: I tensorflow/compiler/jit/xla_gpu_device.cc:99] Not creating XLA devices, tf_xla_enable_xla_devices not set
mse_error/peak_error 0 216
[32m[I 2021-04-07 09:20:50,450][0m Trial 599 finished with value: 216.0 and parameters: {'Vahp': -60.0, 'Vth': -44.5, 'Vmax': 19.5, 't_ref': 7.0, 'R': 0.30000000000000004, 'tau_m': 63.0, 'R_adp': 0.7000000000000001, 'tau_w': 53.5, 'a': 48.0}. Best is trial 414 with value: 2.0.[0m
2021-04-07 09:20:50.694969: I tensorflow/compiler/jit/xla_gpu_device.cc:99] Not creating XLA devices, tf_xla_enable_xla_devices not set
mse_error/peak_error 0 35.0
[32m[I 2021-04-07 09:21:07,846][0m Trial 600 finished with value: 35.0 and parameters: {'Vahp': -42.0, 'Vth': -40.5, 'Vmax': 17.0, 't_ref': 6.0, 'R': 0.30000000000000004, 'tau_m': 58.0, 'R_adp': 0.8, 'tau_w': 58.0, 'a': 54.5}. Best is trial 414 with value: 2.0.[0m
2021-04-07 09:21:08.092552: I tensorflow/compiler/jit/xla_gpu_device.cc:99] Not creating XLA devices, tf_xla_enable_xla_devices not set
mse_error/peak_error 0 146
[32m[I 2021-04-07 09:21:25,099][0m Trial 601 finished with value: 146.0 and parameters: {'Vahp': -42.5, 'Vth': -41.5, 'Vmax': 17.5, 't_ref': 10.0, 'R': 0.4, 'tau_m': 84.5, 'R_adp': 0.9, 'tau_w': 63.5, 'a': 44.5}. Best is trial 414 with value: 2.0.[0m
2021-04-07 09:21:25.355675: I tensorflow/compiler/jit/xla_gpu_device.cc:99] Not creating XLA devices, tf_xla_enable_xla_devices not set
mse_error/peak_error 0 163
[32m[I 2021-04-07 09:21:42,294][0m Trial 602 finished with value: 163.0 and parameters: {'Vahp': -41.0, 'Vth': -41.0, 'Vmax': 18.0, 't_ref': 8.5, 'R': 0.30000000000000004, 'tau_m': 60.5, 'R_adp': 0.8, 'tau_w': 66.5, 'a': 40.0}. Best is trial 414 with value: 2.0.[0m
2021-04-07 09:21:42.544819: I tensorflow/compiler/jit/xla_gpu_device.cc:99] Not creating XLA devices, tf_xla_enable_xla_devices not set
mse_error/peak_error 0 146
[32m[I 2021-04-07 09:21:59,319][0m Trial 603 finished with value: 146.0 and parameters: {'Vahp': -46.0, 'Vth': -42.0, 'Vmax': 16.0, 't_ref': 7.5, 'R': 0.30000000000000004, 'tau_m': 70.0, 'R_adp': 0.7000000000000001, 'tau_w': 56.0, 'a': 35.5}. Best is trial 414 with value: 2.0.[0m
2021-04-07 09:21:59.562295: I tensorflow/compiler/jit/xla_gpu_device.cc:99] Not creating XLA devices, tf_xla_enable_xla_devices not set
mse_error/peak_error 0 58.0
[32m[I 2021-04-07 09:22:16,431][0m Trial 604 finished with value: 58.0 and parameters: {'Vahp': -44.5, 'Vth': -40.0, 'Vmax': 22.5, 't_ref': 6.5, 'R': 0.30000000000000004, 'tau_m': 63.5, 'R_adp': 0.7000000000000001, 'tau_w': 61.5, 'a': 52.5}. Best is trial 414 with value: 2.0.[0m
2021-04-07 09:22:16.673724: I tensorflow/compiler/jit/xla_gpu_device.cc:99] Not creating XLA devices, tf_xla_enable_xla_devices not set
mse_error/peak_error 0 35.0
[32m[I 2021-04-07 09:22:33,690][0m Trial 605 finished with value: 35.0 and parameters: {'Vahp': -43.5, 'Vth': -41.5, 'Vmax': 20.5, 't_ref': 8.0, 'R': 0.30000000000000004, 'tau_m': 66.5, 'R_adp': 0.9, 'tau_w': 59.0, 'a': 48.5}. Best is trial 414 with value: 2.0.[0m
2021-04-07 09:22:33.932920: I tensorflow/compiler/jit/xla_gpu_device.cc:99] Not creating XLA devices, tf_xla_enable_xla_devices not set
mse_error/peak_error 0 27.0
[32m[I 2021-04-07 09:22:51,102][0m Trial 606 finished with value: 27.0 and parameters: {'Vahp': -42.5, 'Vth': -40.5, 'Vmax': 18.5, 't_ref': 9.0, 'R': 0.30000000000000004, 'tau_m': 56.5, 'R_adp': 0.8, 'tau_w': 64.5, 'a': 51.0}. Best is trial 414 with value: 2.0.[0m
2021-04-07 09:22:51.350671: I tensorflow/compiler/jit/xla_gpu_device.cc:99] Not creating XLA devices, tf_xla_enable_xla_devices not set
mse_error/peak_error 0 325
[32m[I 2021-04-07 09:23:08,669][0m Trial 607 finished with value: 325.0 and parameters: {'Vahp': -43.0, 'Vth': -41.0, 'Vmax': 19.5, 't_ref': 8.5, 'R': 0.2, 'tau_m': 61.5, 'R_adp': 0.7000000000000001, 'tau_w': 61.0, 'a': 42.5}. Best is trial 414 with value: 2.0.[0m
2021-04-07 09:23:08.916003: I tensorflow/compiler/jit/xla_gpu_device.cc:99] Not creating XLA devices, tf_xla_enable_xla_devices not set
mse_error/peak_error 0 142
[32m[I 2021-04-07 09:23:26,086][0m Trial 608 finished with value: 142.0 and parameters: {'Vahp': -44.0, 'Vth': -40.0, 'Vmax': 16.5, 't_ref': 9.0, 'R': 0.30000000000000004, 'tau_m': 59.0, 'R_adp': 0.9, 'tau_w': 63.0, 'a': 46.0}. Best is trial 414 with value: 2.0.[0m
2021-04-07 09:23:26.333187: I tensorflow/compiler/jit/xla_gpu_device.cc:99] Not creating XLA devices, tf_xla_enable_xla_devices not set
mse_error/peak_error 0 156
[32m[I 2021-04-07 09:23:43,391][0m Trial 609 finished with value: 156.0 and parameters: {'Vahp': -45.0, 'Vth': -39.5, 'Vmax': 15.5, 't_ref': 7.5, 'R': 0.30000000000000004, 'tau_m': 54.5, 'R_adp': 0.8, 'tau_w': 67.5, 'a': 53.0}. Best is trial 414 with value: 2.0.[0m
2021-04-07 09:23:43.636113: I tensorflow/compiler/jit/xla_gpu_device.cc:99] Not creating XLA devices, tf_xla_enable_xla_devices not set
mse_error/peak_error 0 149
[32m[I 2021-04-07 09:24:00,881][0m Trial 610 finished with value: 149.0 and parameters: {'Vahp': -41.5, 'Vth': -41.0, 'Vmax': 17.5, 't_ref': 9.5, 'R': 0.30000000000000004, 'tau_m': 64.5, 'R_adp': 0.7000000000000001, 'tau_w': 58.5, 'a': 47.5}. Best is trial 414 with value: 2.0.[0m
2021-04-07 09:24:01.125770: I tensorflow/compiler/jit/xla_gpu_device.cc:99] Not creating XLA devices, tf_xla_enable_xla_devices not set
mse_error/peak_error 0 138
[32m[I 2021-04-07 09:24:18,417][0m Trial 611 finished with value: 138.0 and parameters: {'Vahp': -43.0, 'Vth': -40.5, 'Vmax': 23.0, 't_ref': 8.0, 'R': 0.30000000000000004, 'tau_m': 62.0, 'R_adp': 0.9, 'tau_w': 65.5, 'a': 50.0}. Best is trial 414 with value: 2.0.[0m
2021-04-07 09:24:18.667657: I tensorflow/compiler/jit/xla_gpu_device.cc:99] Not creating XLA devices, tf_xla_enable_xla_devices not set
mse_error/peak_error 0 160
[32m[I 2021-04-07 09:24:35,993][0m Trial 612 finished with value: 160.0 and parameters: {'Vahp': -44.0, 'Vth': -42.0, 'Vmax': 18.0, 't_ref': 7.0, 'R': 0.30000000000000004, 'tau_m': 59.5, 'R_adp': 0.8, 'tau_w': 61.0, 'a': 41.5}. Best is trial 414 with value: 2.0.[0m
2021-04-07 09:24:36.249323: I tensorflow/compiler/jit/xla_gpu_device.cc:99] Not creating XLA devices, tf_xla_enable_xla_devices not set
mse_error/peak_error 0 171
[32m[I 2021-04-07 09:24:53,722][0m Trial 613 finished with value: 171.0 and parameters: {'Vahp': -45.5, 'Vth': -42.5, 'Vmax': 19.0, 't_ref': 6.5, 'R': 0.30000000000000004, 'tau_m': 57.0, 'R_adp': 0.7000000000000001, 'tau_w': 63.5, 'a': 43.5}. Best is trial 414 with value: 2.0.[0m
2021-04-07 09:24:54.011482: I tensorflow/compiler/jit/xla_gpu_device.cc:99] Not creating XLA devices, tf_xla_enable_xla_devices not set
mse_error/peak_error 0 50.0
[32m[I 2021-04-07 09:25:11,330][0m Trial 614 finished with value: 50.0 and parameters: {'Vahp': -42.0, 'Vth': -41.5, 'Vmax': 17.0, 't_ref': 5.5, 'R': 0.30000000000000004, 'tau_m': 68.5, 'R_adp': 0.8, 'tau_w': 56.5, 'a': 54.5}. Best is trial 414 with value: 2.0.[0m
2021-04-07 09:25:11.577534: I tensorflow/compiler/jit/xla_gpu_device.cc:99] Not creating XLA devices, tf_xla_enable_xla_devices not set
mse_error/peak_error 0 537
[32m[I 2021-04-07 09:25:28,796][0m Trial 615 finished with value: 537.0 and parameters: {'Vahp': -41.0, 'Vth': -41.0, 'Vmax': 16.0, 't_ref': 8.5, 'R': 0.4, 'tau_m': 65.0, 'R_adp': 0.7000000000000001, 'tau_w': 60.0, 'a': 39.5}. Best is trial 414 with value: 2.0.[0m
2021-04-07 09:25:29.043745: I tensorflow/compiler/jit/xla_gpu_device.cc:99] Not creating XLA devices, tf_xla_enable_xla_devices not set
mse_error/peak_error 0 43.0
[32m[I 2021-04-07 09:25:46,390][0m Trial 616 finished with value: 43.0 and parameters: {'Vahp': -43.5, 'Vth': -40.0, 'Vmax': 17.5, 't_ref': 8.0, 'R': 0.30000000000000004, 'tau_m': 62.5, 'R_adp': 0.6, 'tau_w': 65.5, 'a': 45.5}. Best is trial 414 with value: 2.0.[0m
2021-04-07 09:25:46.642899: I tensorflow/compiler/jit/xla_gpu_device.cc:99] Not creating XLA devices, tf_xla_enable_xla_devices not set
mse_error/peak_error 0 643
[32m[I 2021-04-07 09:26:04,155][0m Trial 617 finished with value: 643.0 and parameters: {'Vahp': -44.5, 'Vth': -39.5, 'Vmax': 21.5, 't_ref': 10.0, 'R': 0.2, 'tau_m': 60.0, 'R_adp': 0.9, 'tau_w': 62.5, 'a': 51.0}. Best is trial 414 with value: 2.0.[0m
2021-04-07 09:26:04.402173: I tensorflow/compiler/jit/xla_gpu_device.cc:99] Not creating XLA devices, tf_xla_enable_xla_devices not set
mse_error/peak_error 0 19.0
[32m[I 2021-04-07 09:26:21,977][0m Trial 618 finished with value: 19.0 and parameters: {'Vahp': -42.5, 'Vth': -40.5, 'Vmax': 18.5, 't_ref': 9.0, 'R': 0.30000000000000004, 'tau_m': 58.0, 'R_adp': 0.7000000000000001, 'tau_w': 58.0, 'a': 48.0}. Best is trial 414 with value: 2.0.[0m
2021-04-07 09:26:22.222555: I tensorflow/compiler/jit/xla_gpu_device.cc:99] Not creating XLA devices, tf_xla_enable_xla_devices not set
mse_error/peak_error 0 38.0
[32m[I 2021-04-07 09:26:39,775][0m Trial 619 finished with value: 38.0 and parameters: {'Vahp': -42.0, 'Vth': -41.5, 'Vmax': 20.0, 't_ref': 7.5, 'R': 0.30000000000000004, 'tau_m': 63.5, 'R_adp': 0.8, 'tau_w': 64.0, 'a': 53.0}. Best is trial 414 with value: 2.0.[0m
2021-04-07 09:26:40.022002: I tensorflow/compiler/jit/xla_gpu_device.cc:99] Not creating XLA devices, tf_xla_enable_xla_devices not set
mse_error/peak_error 0 53.0
[32m[I 2021-04-07 09:26:57,530][0m Trial 620 finished with value: 53.0 and parameters: {'Vahp': -47.0, 'Vth': -42.5, 'Vmax': 16.5, 't_ref': 9.5, 'R': 0.30000000000000004, 'tau_m': 60.5, 'R_adp': 0.9, 'tau_w': 54.0, 'a': 44.5}. Best is trial 414 with value: 2.0.[0m
2021-04-07 09:26:57.799322: I tensorflow/compiler/jit/xla_gpu_device.cc:99] Not creating XLA devices, tf_xla_enable_xla_devices not set
mse_error/peak_error 0 50.0
[32m[I 2021-04-07 09:27:15,570][0m Trial 621 finished with value: 50.0 and parameters: {'Vahp': -43.0, 'Vth': -40.5, 'Vmax': 19.5, 't_ref': 7.0, 'R': 0.30000000000000004, 'tau_m': 54.5, 'R_adp': 0.7000000000000001, 'tau_w': 61.5, 'a': 49.5}. Best is trial 414 with value: 2.0.[0m
2021-04-07 09:27:15.825961: I tensorflow/compiler/jit/xla_gpu_device.cc:99] Not creating XLA devices, tf_xla_enable_xla_devices not set
mse_error/peak_error 0 424
[32m[I 2021-04-07 09:27:33,653][0m Trial 622 finished with value: 424.0 and parameters: {'Vahp': -45.5, 'Vth': -42.0, 'Vmax': 24.0, 't_ref': 8.5, 'R': 0.30000000000000004, 'tau_m': 65.5, 'R_adp': 0.9, 'tau_w': 68.0, 'a': 96.0}. Best is trial 414 with value: 2.0.[0m
2021-04-07 09:27:33.906634: I tensorflow/compiler/jit/xla_gpu_device.cc:99] Not creating XLA devices, tf_xla_enable_xla_devices not set
mse_error/peak_error 0 131
[32m[I 2021-04-07 09:27:51,480][0m Trial 623 finished with value: 131.0 and parameters: {'Vahp': -44.5, 'Vth': -39.5, 'Vmax': 15.5, 't_ref': 8.0, 'R': 0.30000000000000004, 'tau_m': 57.0, 'R_adp': 0.7000000000000001, 'tau_w': 59.5, 'a': 37.0}. Best is trial 414 with value: 2.0.[0m
2021-04-07 09:27:51.730610: I tensorflow/compiler/jit/xla_gpu_device.cc:99] Not creating XLA devices, tf_xla_enable_xla_devices not set
mse_error/peak_error 0 514
[32m[I 2021-04-07 09:28:09,267][0m Trial 624 finished with value: 514.0 and parameters: {'Vahp': -43.5, 'Vth': -40.0, 'Vmax': 20.5, 't_ref': 8.5, 'R': 0.2, 'tau_m': 61.0, 'R_adp': 0.8, 'tau_w': 66.0, 'a': 46.5}. Best is trial 414 with value: 2.0.[0m
2021-04-07 09:28:09.513548: I tensorflow/compiler/jit/xla_gpu_device.cc:99] Not creating XLA devices, tf_xla_enable_xla_devices not set
mse_error/peak_error 0 62.0
[32m[I 2021-04-07 09:28:27,069][0m Trial 625 finished with value: 62.0 and parameters: {'Vahp': -41.0, 'Vth': -41.0, 'Vmax': 18.5, 't_ref': 9.0, 'R': 0.30000000000000004, 'tau_m': 58.5, 'R_adp': 1.0, 'tau_w': 55.5, 'a': 41.5}. Best is trial 414 with value: 2.0.[0m
2021-04-07 09:28:27.312960: I tensorflow/compiler/jit/xla_gpu_device.cc:99] Not creating XLA devices, tf_xla_enable_xla_devices not set
mse_error/peak_error 0 41.0
[32m[I 2021-04-07 09:28:45,149][0m Trial 626 finished with value: 41.0 and parameters: {'Vahp': -42.5, 'Vth': -41.5, 'Vmax': 16.5, 't_ref': 7.5, 'R': 0.30000000000000004, 'tau_m': 62.5, 'R_adp': 0.7000000000000001, 'tau_w': 63.0, 'a': 52.5}. Best is trial 414 with value: 2.0.[0m
2021-04-07 09:28:45.393498: I tensorflow/compiler/jit/xla_gpu_device.cc:99] Not creating XLA devices, tf_xla_enable_xla_devices not set
mse_error/peak_error 0 16.0
[32m[I 2021-04-07 09:29:03,413][0m Trial 627 finished with value: 16.0 and parameters: {'Vahp': -44.0, 'Vth': -41.0, 'Vmax': 18.0, 't_ref': 6.0, 'R': 0.30000000000000004, 'tau_m': 66.5, 'R_adp': 0.8, 'tau_w': 60.0, 'a': 43.5}. Best is trial 414 with value: 2.0.[0m
2021-04-07 09:29:03.662679: I tensorflow/compiler/jit/xla_gpu_device.cc:99] Not creating XLA devices, tf_xla_enable_xla_devices not set
mse_error/peak_error 0 87.0
[32m[I 2021-04-07 09:29:21,701][0m Trial 628 finished with value: 87.0 and parameters: {'Vahp': -46.0, 'Vth': -42.0, 'Vmax': 22.5, 't_ref': 9.5, 'R': 0.4, 'tau_m': 59.5, 'R_adp': 0.9, 'tau_w': 58.0, 'a': 55.0}. Best is trial 414 with value: 2.0.[0m
2021-04-07 09:29:21.951661: I tensorflow/compiler/jit/xla_gpu_device.cc:99] Not creating XLA devices, tf_xla_enable_xla_devices not set
mse_error/peak_error 0 133
[32m[I 2021-04-07 09:29:40,060][0m Trial 629 finished with value: 133.0 and parameters: {'Vahp': -45.0, 'Vth': -40.0, 'Vmax': 19.0, 't_ref': 6.5, 'R': 0.30000000000000004, 'tau_m': 56.0, 'R_adp': 0.7000000000000001, 'tau_w': 64.5, 'a': 33.0}. Best is trial 414 with value: 2.0.[0m
2021-04-07 09:29:40.313888: I tensorflow/compiler/jit/xla_gpu_device.cc:99] Not creating XLA devices, tf_xla_enable_xla_devices not set
mse_error/peak_error 0 43.0
[32m[I 2021-04-07 09:29:58,486][0m Trial 630 finished with value: 43.0 and parameters: {'Vahp': -42.0, 'Vth': -40.5, 'Vmax': 17.0, 't_ref': 5.0, 'R': 0.30000000000000004, 'tau_m': 63.0, 'R_adp': 0.8, 'tau_w': 61.5, 'a': 50.0}. Best is trial 414 with value: 2.0.[0m
2021-04-07 09:29:58.729857: I tensorflow/compiler/jit/xla_gpu_device.cc:99] Not creating XLA devices, tf_xla_enable_xla_devices not set
mse_error/peak_error 0 124
[32m[I 2021-04-07 09:30:16,823][0m Trial 631 finished with value: 124.0 and parameters: {'Vahp': -43.5, 'Vth': -41.0, 'Vmax': 22.0, 't_ref': 8.5, 'R': 0.30000000000000004, 'tau_m': 61.0, 'R_adp': 0.9, 'tau_w': 66.0, 'a': 48.0}. Best is trial 414 with value: 2.0.[0m
2021-04-07 09:30:17.068668: I tensorflow/compiler/jit/xla_gpu_device.cc:99] Not creating XLA devices, tf_xla_enable_xla_devices not set
mse_error/peak_error 0 260
[32m[I 2021-04-07 09:30:35,178][0m Trial 632 finished with value: 260.0 and parameters: {'Vahp': -43.0, 'Vth': -41.5, 'Vmax': 17.5, 't_ref': 8.0, 'R': 0.30000000000000004, 'tau_m': 64.5, 'R_adp': 0.7000000000000001, 'tau_w': 52.5, 'a': 38.5}. Best is trial 414 with value: 2.0.[0m
2021-04-07 09:30:35.428171: I tensorflow/compiler/jit/xla_gpu_device.cc:99] Not creating XLA devices, tf_xla_enable_xla_devices not set
mse_error/peak_error 0 170
[32m[I 2021-04-07 09:30:53,534][0m Trial 633 finished with value: 170.0 and parameters: {'Vahp': -41.5, 'Vth': -40.5, 'Vmax': 21.0, 't_ref': 7.0, 'R': 0.30000000000000004, 'tau_m': 59.0, 'R_adp': 0.6, 'tau_w': 62.5, 'a': 51.5}. Best is trial 414 with value: 2.0.[0m
2021-04-07 09:30:53.802888: I tensorflow/compiler/jit/xla_gpu_device.cc:99] Not creating XLA devices, tf_xla_enable_xla_devices not set
mse_error/peak_error 0 224
[32m[I 2021-04-07 09:31:11,982][0m Trial 634 finished with value: 224.0 and parameters: {'Vahp': -44.5, 'Vth': -39.5, 'Vmax': 15.5, 't_ref': 9.0, 'R': 0.30000000000000004, 'tau_m': 68.5, 'R_adp': 0.9, 'tau_w': 57.5, 'a': 45.0}. Best is trial 414 with value: 2.0.[0m
2021-04-07 09:31:12.227987: I tensorflow/compiler/jit/xla_gpu_device.cc:99] Not creating XLA devices, tf_xla_enable_xla_devices not set
mse_error/peak_error 0 137
[32m[I 2021-04-07 09:31:30,466][0m Trial 635 finished with value: 137.0 and parameters: {'Vahp': -42.5, 'Vth': -41.5, 'Vmax': 16.5, 't_ref': 10.0, 'R': 0.30000000000000004, 'tau_m': 62.0, 'R_adp': 0.7000000000000001, 'tau_w': 60.0, 'a': 47.0}. Best is trial 414 with value: 2.0.[0m
2021-04-07 09:31:30.714746: I tensorflow/compiler/jit/xla_gpu_device.cc:99] Not creating XLA devices, tf_xla_enable_xla_devices not set
mse_error/peak_error 0 327
[32m[I 2021-04-07 09:31:49,180][0m Trial 636 finished with value: 327.0 and parameters: {'Vahp': -43.5, 'Vth': -33.0, 'Vmax': 18.0, 't_ref': 8.0, 'R': 0.30000000000000004, 'tau_m': 57.0, 'R_adp': 0.8, 'tau_w': 64.0, 'a': 41.0}. Best is trial 414 with value: 2.0.[0m
2021-04-07 09:31:49.428502: I tensorflow/compiler/jit/xla_gpu_device.cc:99] Not creating XLA devices, tf_xla_enable_xla_devices not set
mse_error/peak_error 0 239
[32m[I 2021-04-07 09:32:07,939][0m Trial 637 finished with value: 239.0 and parameters: {'Vahp': -45.0, 'Vth': -43.0, 'Vmax': 20.0, 't_ref': 8.5, 'R': 0.2, 'tau_m': 54.5, 'R_adp': 0.7000000000000001, 'tau_w': 67.0, 'a': 50.0}. Best is trial 414 with value: 2.0.[0m
2021-04-07 09:32:08.201469: I tensorflow/compiler/jit/xla_gpu_device.cc:99] Not creating XLA devices, tf_xla_enable_xla_devices not set
mse_error/peak_error 0 74.0
[32m[I 2021-04-07 09:32:26,748][0m Trial 638 finished with value: 74.0 and parameters: {'Vahp': -44.0, 'Vth': -40.0, 'Vmax': 19.0, 't_ref': 7.5, 'R': 0.4, 'tau_m': 64.0, 'R_adp': 0.8, 'tau_w': 62.0, 'a': 55.0}. Best is trial 414 with value: 2.0.[0m
2021-04-07 09:32:27.015101: I tensorflow/compiler/jit/xla_gpu_device.cc:99] Not creating XLA devices, tf_xla_enable_xla_devices not set
mse_error/peak_error 0 39.0
[32m[I 2021-04-07 09:32:45,571][0m Trial 639 finished with value: 39.0 and parameters: {'Vahp': -40.5, 'Vth': -40.5, 'Vmax': 16.0, 't_ref': 9.5, 'R': 0.30000000000000004, 'tau_m': 66.5, 'R_adp': 0.9, 'tau_w': 56.0, 'a': 43.0}. Best is trial 414 with value: 2.0.[0m
2021-04-07 09:32:45.817510: I tensorflow/compiler/jit/xla_gpu_device.cc:99] Not creating XLA devices, tf_xla_enable_xla_devices not set
mse_error/peak_error 0 43.0
[32m[I 2021-04-07 09:33:04,376][0m Trial 640 finished with value: 43.0 and parameters: {'Vahp': -41.5, 'Vth': -41.0, 'Vmax': 25.5, 't_ref': 9.0, 'R': 0.30000000000000004, 'tau_m': 60.5, 'R_adp': 0.7000000000000001, 'tau_w': 64.0, 'a': 53.0}. Best is trial 414 with value: 2.0.[0m
2021-04-07 09:33:04.651614: I tensorflow/compiler/jit/xla_gpu_device.cc:99] Not creating XLA devices, tf_xla_enable_xla_devices not set
mse_error/peak_error 0 30.0
[32m[I 2021-04-07 09:33:23,293][0m Trial 641 finished with value: 30.0 and parameters: {'Vahp': -46.0, 'Vth': -42.0, 'Vmax': 17.5, 't_ref': 6.5, 'R': 0.30000000000000004, 'tau_m': 58.5, 'R_adp': 0.8, 'tau_w': 59.5, 'a': 48.5}. Best is trial 414 with value: 2.0.[0m
2021-04-07 09:33:23.545097: I tensorflow/compiler/jit/xla_gpu_device.cc:99] Not creating XLA devices, tf_xla_enable_xla_devices not set
mse_error/peak_error 0 30.0
[32m[I 2021-04-07 09:33:41,975][0m Trial 642 finished with value: 30.0 and parameters: {'Vahp': -43.0, 'Vth': -41.5, 'Vmax': 23.0, 't_ref': 7.0, 'R': 0.30000000000000004, 'tau_m': 62.0, 'R_adp': 0.9, 'tau_w': 68.5, 'a': 45.5}. Best is trial 414 with value: 2.0.[0m
2021-04-07 09:33:42.221194: I tensorflow/compiler/jit/xla_gpu_device.cc:99] Not creating XLA devices, tf_xla_enable_xla_devices not set
mse_error/peak_error 0 37.0
[32m[I 2021-04-07 09:34:00,758][0m Trial 643 finished with value: 37.0 and parameters: {'Vahp': -44.5, 'Vth': -39.5, 'Vmax': 17.0, 't_ref': 7.5, 'R': 0.30000000000000004, 'tau_m': 56.5, 'R_adp': 0.7000000000000001, 'tau_w': 61.0, 'a': 51.5}. Best is trial 414 with value: 2.0.[0m
2021-04-07 09:34:01.011113: I tensorflow/compiler/jit/xla_gpu_device.cc:99] Not creating XLA devices, tf_xla_enable_xla_devices not set
mse_error/peak_error 0 29.0
[32m[I 2021-04-07 09:34:19,670][0m Trial 644 finished with value: 29.0 and parameters: {'Vahp': -42.0, 'Vth': -40.5, 'Vmax': 19.5, 't_ref': 9.0, 'R': 0.30000000000000004, 'tau_m': 64.0, 'R_adp': 0.8, 'tau_w': 65.0, 'a': 40.0}. Best is trial 414 with value: 2.0.[0m
2021-04-07 09:34:19.917683: I tensorflow/compiler/jit/xla_gpu_device.cc:99] Not creating XLA devices, tf_xla_enable_xla_devices not set
mse_error/peak_error 0 131
[32m[I 2021-04-07 09:34:38,450][0m Trial 645 finished with value: 131.0 and parameters: {'Vahp': -43.0, 'Vth': -41.0, 'Vmax': 18.5, 't_ref': 8.0, 'R': 0.30000000000000004, 'tau_m': 60.0, 'R_adp': 0.7000000000000001, 'tau_w': 58.0, 'a': 47.0}. Best is trial 414 with value: 2.0.[0m
2021-04-07 09:34:38.702700: I tensorflow/compiler/jit/xla_gpu_device.cc:99] Not creating XLA devices, tf_xla_enable_xla_devices not set
mse_error/peak_error 0 233
[32m[I 2021-04-07 09:34:57,417][0m Trial 646 finished with value: 233.0 and parameters: {'Vahp': -44.0, 'Vth': -42.0, 'Vmax': 30.0, 't_ref': 8.5, 'R': 0.4, 'tau_m': 58.5, 'R_adp': 0.9, 'tau_w': 62.5, 'a': 49.5}. Best is trial 414 with value: 2.0.[0m
2021-04-07 09:34:57.668339: I tensorflow/compiler/jit/xla_gpu_device.cc:99] Not creating XLA devices, tf_xla_enable_xla_devices not set
mse_error/peak_error 0 400
[32m[I 2021-04-07 09:35:16,527][0m Trial 647 finished with value: 400.0 and parameters: {'Vahp': -41.0, 'Vth': -40.5, 'Vmax': 21.5, 't_ref': 9.5, 'R': 0.30000000000000004, 'tau_m': 7.0, 'R_adp': 0.8, 'tau_w': 60.5, 'a': 43.0}. Best is trial 414 with value: 2.0.[0m
2021-04-07 09:35:16.772980: I tensorflow/compiler/jit/xla_gpu_device.cc:99] Not creating XLA devices, tf_xla_enable_xla_devices not set
mse_error/peak_error 0 200
