[32m[I 2021-04-07 08:02:33,968][0m Trial 45 finished with value: 256.0 and parameters: {'Vahp': -32.5, 'Vth': -25.5, 'Vmax': 20.0, 't_ref': 13.0, 'R': 1.0, 'tau_m': 92.5, 'R_adp': 0.5, 'tau_w': 44.5, 'a': 67.5}. Best is trial 22 with value: 44.0.[0m
2021-04-07 08:02:34.190094: I tensorflow/compiler/jit/xla_gpu_device.cc:99] Not creating XLA devices, tf_xla_enable_xla_devices not set
mse_error/peak_error 0 176
[32m[I 2021-04-07 08:02:35,401][0m Trial 46 finished with value: 176.0 and parameters: {'Vahp': -28.5, 'Vth': -26.5, 'Vmax': 10.5, 't_ref': 18.5, 'R': 0.8, 'tau_m': 88.5, 'R_adp': 0.8, 'tau_w': 70.0, 'a': 47.0}. Best is trial 22 with value: 44.0.[0m
2021-04-07 08:02:35.600437: I tensorflow/compiler/jit/xla_gpu_device.cc:99] Not creating XLA devices, tf_xla_enable_xla_devices not set
mse_error/peak_error 0 192
[32m[I 2021-04-07 08:02:36,787][0m Trial 47 finished with value: 192.0 and parameters: {'Vahp': -20.0, 'Vth': -20.0, 'Vmax': 13.0, 't_ref': 20.0, 'R': 0.9, 'tau_m': 93.0, 'R_adp': 0.4, 'tau_w': 63.0, 'a': 32.0}. Best is trial 22 with value: 44.0.[0m
2021-04-07 08:02:36.995869: I tensorflow/compiler/jit/xla_gpu_device.cc:99] Not creating XLA devices, tf_xla_enable_xla_devices not set
mse_error/peak_error 0 657
[32m[I 2021-04-07 08:02:38,205][0m Trial 48 finished with value: 657.0 and parameters: {'Vahp': -23.0, 'Vth': -21.0, 'Vmax': 31.0, 't_ref': 9.0, 'R': 0.30000000000000004, 'tau_m': 72.0, 'R_adp': 0.7000000000000001, 'tau_w': 29.5, 'a': 53.5}. Best is trial 22 with value: 44.0.[0m
2021-04-07 08:02:38.426874: I tensorflow/compiler/jit/xla_gpu_device.cc:99] Not creating XLA devices, tf_xla_enable_xla_devices not set
mse_error/peak_error 0 385
[32m[I 2021-04-07 08:02:39,655][0m Trial 49 finished with value: 385.0 and parameters: {'Vahp': -29.0, 'Vth': -26.0, 'Vmax': 16.0, 't_ref': 16.5, 'R': 1.0, 'tau_m': 28.0, 'R_adp': 0.6, 'tau_w': 21.5, 'a': 37.5}. Best is trial 22 with value: 44.0.[0m
2021-04-07 08:02:39.874671: I tensorflow/compiler/jit/xla_gpu_device.cc:99] Not creating XLA devices, tf_xla_enable_xla_devices not set
mse_error/peak_error 0 1900
[32m[I 2021-04-07 08:02:41,114][0m Trial 50 finished with value: 1900.0 and parameters: {'Vahp': -38.0, 'Vth': -27.0, 'Vmax': 18.5, 't_ref': 15.5, 'R': 0.1, 'tau_m': 100.0, 'R_adp': 0.30000000000000004, 'tau_w': 33.0, 'a': 94.0}. Best is trial 22 with value: 44.0.[0m
2021-04-07 08:02:41.316306: I tensorflow/compiler/jit/xla_gpu_device.cc:99] Not creating XLA devices, tf_xla_enable_xla_devices not set
mse_error/peak_error 0 195
[32m[I 2021-04-07 08:02:42,580][0m Trial 51 finished with value: 195.0 and parameters: {'Vahp': -47.5, 'Vth': -41.0, 'Vmax': 12.5, 't_ref': 19.0, 'R': 0.6, 'tau_m': 49.5, 'R_adp': 0.5, 'tau_w': 47.5, 'a': 63.5}. Best is trial 22 with value: 44.0.[0m
2021-04-07 08:02:42.778686: I tensorflow/compiler/jit/xla_gpu_device.cc:99] Not creating XLA devices, tf_xla_enable_xla_devices not set
mse_error/peak_error 0 126.0
[32m[I 2021-04-07 08:02:44,069][0m Trial 52 finished with value: 126.0 and parameters: {'Vahp': -52.0, 'Vth': -38.5, 'Vmax': 11.5, 't_ref': 18.0, 'R': 0.7000000000000001, 'tau_m': 88.0, 'R_adp': 0.5, 'tau_w': 50.5, 'a': 60.0}. Best is trial 22 with value: 44.0.[0m
2021-04-07 08:02:44.278741: I tensorflow/compiler/jit/xla_gpu_device.cc:99] Not creating XLA devices, tf_xla_enable_xla_devices not set
mse_error/peak_error 0 189
[32m[I 2021-04-07 08:02:45,626][0m Trial 53 finished with value: 189.0 and parameters: {'Vahp': -21.5, 'Vth': -20.5, 'Vmax': 10.0, 't_ref': 20.0, 'R': 0.5, 'tau_m': 22.0, 'R_adp': 0.6, 'tau_w': 42.0, 'a': 71.5}. Best is trial 22 with value: 44.0.[0m
2021-04-07 08:02:45.852997: I tensorflow/compiler/jit/xla_gpu_device.cc:99] Not creating XLA devices, tf_xla_enable_xla_devices not set
mse_error/peak_error 0 1270
[32m[I 2021-04-07 08:02:47,196][0m Trial 54 finished with value: 1270.0 and parameters: {'Vahp': -54.5, 'Vth': -34.0, 'Vmax': 13.5, 't_ref': 17.0, 'R': 0.2, 'tau_m': 76.0, 'R_adp': 0.4, 'tau_w': 58.5, 'a': 65.5}. Best is trial 22 with value: 44.0.[0m
2021-04-07 08:02:47.427436: I tensorflow/compiler/jit/xla_gpu_device.cc:99] Not creating XLA devices, tf_xla_enable_xla_devices not set
mse_error/peak_error 0 207
[32m[I 2021-04-07 08:02:48,766][0m Trial 55 finished with value: 207.0 and parameters: {'Vahp': -43.0, 'Vth': -37.5, 'Vmax': 14.0, 't_ref': 19.0, 'R': 0.8, 'tau_m': 56.0, 'R_adp': 0.5, 'tau_w': 63.0, 'a': 76.0}. Best is trial 22 with value: 44.0.[0m
2021-04-07 08:02:48.968928: I tensorflow/compiler/jit/xla_gpu_device.cc:99] Not creating XLA devices, tf_xla_enable_xla_devices not set
mse_error/peak_error 0 107.0
[32m[I 2021-04-07 08:02:50,340][0m Trial 56 finished with value: 107.0 and parameters: {'Vahp': -49.0, 'Vth': -40.5, 'Vmax': 11.0, 't_ref': 8.0, 'R': 0.30000000000000004, 'tau_m': 66.0, 'R_adp': 0.5, 'tau_w': 55.0, 'a': 55.0}. Best is trial 22 with value: 44.0.[0m
2021-04-07 08:02:50.543286: I tensorflow/compiler/jit/xla_gpu_device.cc:99] Not creating XLA devices, tf_xla_enable_xla_devices not set
mse_error/peak_error 0 772
[32m[I 2021-04-07 08:02:51,903][0m Trial 57 finished with value: 772.0 and parameters: {'Vahp': -34.0, 'Vth': -28.5, 'Vmax': 11.0, 't_ref': 7.0, 'R': 0.30000000000000004, 'tau_m': 95.5, 'R_adp': 0.6, 'tau_w': 56.0, 'a': 54.5}. Best is trial 22 with value: 44.0.[0m
2021-04-07 08:02:52.103075: I tensorflow/compiler/jit/xla_gpu_device.cc:99] Not creating XLA devices, tf_xla_enable_xla_devices not set
mse_error/peak_error 0 182
[32m[I 2021-04-07 08:02:53,484][0m Trial 58 finished with value: 182.0 and parameters: {'Vahp': -45.0, 'Vth': -43.5, 'Vmax': 24.5, 't_ref': 8.0, 'R': 0.30000000000000004, 'tau_m': 64.5, 'R_adp': 0.7000000000000001, 'tau_w': 68.5, 'a': 46.0}. Best is trial 22 with value: 44.0.[0m
2021-04-07 08:02:53.694322: I tensorflow/compiler/jit/xla_gpu_device.cc:99] Not creating XLA devices, tf_xla_enable_xla_devices not set
mse_error/peak_error 0 138
[32m[I 2021-04-07 08:02:55,109][0m Trial 59 finished with value: 138.0 and parameters: {'Vahp': -48.5, 'Vth': -40.5, 'Vmax': 17.0, 't_ref': 4.5, 'R': 0.4, 'tau_m': 84.0, 'R_adp': 0.4, 'tau_w': 52.0, 'a': 69.0}. Best is trial 22 with value: 44.0.[0m
2021-04-07 08:02:55.323576: I tensorflow/compiler/jit/xla_gpu_device.cc:99] Not creating XLA devices, tf_xla_enable_xla_devices not set
mse_error/peak_error 0 580
[32m[I 2021-04-07 08:02:56,793][0m Trial 60 finished with value: 580.0 and parameters: {'Vahp': -41.5, 'Vth': -30.5, 'Vmax': 26.0, 't_ref': 5.5, 'R': 0.2, 'tau_m': 37.5, 'R_adp': 0.5, 'tau_w': 60.0, 'a': 49.5}. Best is trial 22 with value: 44.0.[0m
2021-04-07 08:02:57.002305: I tensorflow/compiler/jit/xla_gpu_device.cc:99] Not creating XLA devices, tf_xla_enable_xla_devices not set
mse_error/peak_error 0 372
[32m[I 2021-04-07 08:02:58,467][0m Trial 61 finished with value: 372.0 and parameters: {'Vahp': -52.0, 'Vth': -40.0, 'Vmax': 13.0, 't_ref': 10.5, 'R': 0.7000000000000001, 'tau_m': 56.5, 'R_adp': 0.5, 'tau_w': 47.5, 'a': 61.5}. Best is trial 22 with value: 44.0.[0m
2021-04-07 08:02:58.684652: I tensorflow/compiler/jit/xla_gpu_device.cc:99] Not creating XLA devices, tf_xla_enable_xla_devices not set
mse_error/peak_error 0 643
[32m[I 2021-04-07 08:03:00,172][0m Trial 62 finished with value: 643.0 and parameters: {'Vahp': -49.5, 'Vth': -37.0, 'Vmax': 10.0, 't_ref': 8.0, 'R': 0.6, 'tau_m': 30.5, 'R_adp': 0.6, 'tau_w': 36.5, 'a': 57.5}. Best is trial 22 with value: 44.0.[0m
2021-04-07 08:03:00.520969: I tensorflow/compiler/jit/xla_gpu_device.cc:99] Not creating XLA devices, tf_xla_enable_xla_devices not set
mse_error/peak_error 0 167
[32m[I 2021-04-07 08:03:02,022][0m Trial 63 finished with value: 167.0 and parameters: {'Vahp': -52.0, 'Vth': -43.0, 'Vmax': 14.5, 't_ref': 9.5, 'R': 0.4, 'tau_m': 63.0, 'R_adp': 0.5, 'tau_w': 43.5, 'a': 52.0}. Best is trial 22 with value: 44.0.[0m
2021-04-07 08:03:02.236727: I tensorflow/compiler/jit/xla_gpu_device.cc:99] Not creating XLA devices, tf_xla_enable_xla_devices not set
mse_error/peak_error 0 97.0
[32m[I 2021-04-07 08:03:03,756][0m Trial 64 finished with value: 97.0 and parameters: {'Vahp': -54.0, 'Vth': -41.5, 'Vmax': 12.5, 't_ref': 11.5, 'R': 0.30000000000000004, 'tau_m': 45.0, 'R_adp': 0.4, 'tau_w': 55.5, 'a': 64.5}. Best is trial 22 with value: 44.0.[0m
2021-04-07 08:03:03.966646: I tensorflow/compiler/jit/xla_gpu_device.cc:99] Not creating XLA devices, tf_xla_enable_xla_devices not set
mse_error/peak_error 0 106.0
[32m[I 2021-04-07 08:03:05,483][0m Trial 65 finished with value: 106.0 and parameters: {'Vahp': -57.0, 'Vth': -41.5, 'Vmax': 11.5, 't_ref': 11.5, 'R': 0.30000000000000004, 'tau_m': 34.0, 'R_adp': 0.4, 'tau_w': 85.0, 'a': 72.5}. Best is trial 22 with value: 44.0.[0m
2021-04-07 08:03:05.686526: I tensorflow/compiler/jit/xla_gpu_device.cc:99] Not creating XLA devices, tf_xla_enable_xla_devices not set
mse_error/peak_error 0 121.0
[32m[I 2021-04-07 08:03:07,225][0m Trial 66 finished with value: 121.0 and parameters: {'Vahp': -59.0, 'Vth': -46.5, 'Vmax': 15.0, 't_ref': 11.5, 'R': 0.30000000000000004, 'tau_m': 32.5, 'R_adp': 0.30000000000000004, 'tau_w': 82.0, 'a': 84.5}. Best is trial 22 with value: 44.0.[0m
2021-04-07 08:03:07.426310: I tensorflow/compiler/jit/xla_gpu_device.cc:99] Not creating XLA devices, tf_xla_enable_xla_devices not set
mse_error/peak_error 0 466
[32m[I 2021-04-07 08:03:09,014][0m Trial 67 finished with value: 466.0 and parameters: {'Vahp': -57.5, 'Vth': -42.0, 'Vmax': 16.0, 't_ref': 12.5, 'R': 0.2, 'tau_m': 46.5, 'R_adp': 0.4, 'tau_w': 72.0, 'a': 74.0}. Best is trial 22 with value: 44.0.[0m
2021-04-07 08:03:09.221883: I tensorflow/compiler/jit/xla_gpu_device.cc:99] Not creating XLA devices, tf_xla_enable_xla_devices not set
mse_error/peak_error 0 391
[32m[I 2021-04-07 08:03:10,819][0m Trial 68 finished with value: 391.0 and parameters: {'Vahp': -54.0, 'Vth': -44.0, 'Vmax': 29.0, 't_ref': 11.0, 'R': 0.30000000000000004, 'tau_m': 25.5, 'R_adp': 0.2, 'tau_w': 88.0, 'a': 69.0}. Best is trial 22 with value: 44.0.[0m
2021-04-07 08:03:11.048523: I tensorflow/compiler/jit/xla_gpu_device.cc:99] Not creating XLA devices, tf_xla_enable_xla_devices not set
mse_error/peak_error 0 243
[32m[I 2021-04-07 08:03:12,729][0m Trial 69 finished with value: 243.0 and parameters: {'Vahp': -55.5, 'Vth': -44.5, 'Vmax': 12.0, 't_ref': 13.0, 'R': 0.4, 'tau_m': 39.0, 'R_adp': 0.30000000000000004, 'tau_w': 66.0, 'a': 65.0}. Best is trial 22 with value: 44.0.[0m
2021-04-07 08:03:12.947102: I tensorflow/compiler/jit/xla_gpu_device.cc:99] Not creating XLA devices, tf_xla_enable_xla_devices not set
mse_error/peak_error 0 258
[32m[I 2021-04-07 08:03:14,599][0m Trial 70 finished with value: 258.0 and parameters: {'Vahp': -58.0, 'Vth': -35.5, 'Vmax': 13.5, 't_ref': 14.5, 'R': 0.9, 'tau_m': 41.5, 'R_adp': 0.4, 'tau_w': 86.5, 'a': 72.5}. Best is trial 22 with value: 44.0.[0m
2021-04-07 08:03:14.803208: I tensorflow/compiler/jit/xla_gpu_device.cc:99] Not creating XLA devices, tf_xla_enable_xla_devices not set
mse_error/peak_error 0 58.0
[32m[I 2021-04-07 08:03:16,454][0m Trial 71 finished with value: 58.0 and parameters: {'Vahp': -48.5, 'Vth': -41.5, 'Vmax': 10.5, 't_ref': 12.0, 'R': 0.30000000000000004, 'tau_m': 37.0, 'R_adp': 0.6, 'tau_w': 77.0, 'a': 55.5}. Best is trial 22 with value: 44.0.[0m
2021-04-07 08:03:16.653253: I tensorflow/compiler/jit/xla_gpu_device.cc:99] Not creating XLA devices, tf_xla_enable_xla_devices not set
mse_error/peak_error 0 103.0
[32m[I 2021-04-07 08:03:18,344][0m Trial 72 finished with value: 103.0 and parameters: {'Vahp': -53.0, 'Vth': -41.5, 'Vmax': 11.5, 't_ref': 12.0, 'R': 0.30000000000000004, 'tau_m': 34.0, 'R_adp': 0.6, 'tau_w': 77.5, 'a': 60.5}. Best is trial 22 with value: 44.0.[0m
2021-04-07 08:03:18.545748: I tensorflow/compiler/jit/xla_gpu_device.cc:99] Not creating XLA devices, tf_xla_enable_xla_devices not set
mse_error/peak_error 0 215
[32m[I 2021-04-07 08:03:20,254][0m Trial 73 finished with value: 215.0 and parameters: {'Vahp': -54.0, 'Vth': -39.0, 'Vmax': 27.5, 't_ref': 13.5, 'R': 0.4, 'tau_m': 45.0, 'R_adp': 0.7000000000000001, 'tau_w': 75.5, 'a': 61.5}. Best is trial 22 with value: 44.0.[0m
2021-04-07 08:03:20.476934: I tensorflow/compiler/jit/xla_gpu_device.cc:99] Not creating XLA devices, tf_xla_enable_xla_devices not set
mse_error/peak_error 0 167.0
[32m[I 2021-04-07 08:03:22,247][0m Trial 74 finished with value: 167.0 and parameters: {'Vahp': -47.5, 'Vth': -42.5, 'Vmax': 10.0, 't_ref': 12.5, 'R': 0.30000000000000004, 'tau_m': 21.5, 'R_adp': 0.6, 'tau_w': 79.0, 'a': 58.5}. Best is trial 22 with value: 44.0.[0m
2021-04-07 08:03:22.451563: I tensorflow/compiler/jit/xla_gpu_device.cc:99] Not creating XLA devices, tf_xla_enable_xla_devices not set
mse_error/peak_error 0 417
[32m[I 2021-04-07 08:03:24,194][0m Trial 75 finished with value: 417.0 and parameters: {'Vahp': -53.0, 'Vth': -39.5, 'Vmax': 12.5, 't_ref': 12.0, 'R': 0.2, 'tau_m': 36.5, 'R_adp': 0.6, 'tau_w': 77.0, 'a': 53.0}. Best is trial 22 with value: 44.0.[0m
2021-04-07 08:03:24.411282: I tensorflow/compiler/jit/xla_gpu_device.cc:99] Not creating XLA devices, tf_xla_enable_xla_devices not set
mse_error/peak_error 0 47.0
[32m[I 2021-04-07 08:03:26,154][0m Trial 76 finished with value: 47.0 and parameters: {'Vahp': -27.0, 'Vth': -22.0, 'Vmax': 17.5, 't_ref': 13.5, 'R': 0.4, 'tau_m': 27.0, 'R_adp': 0.7000000000000001, 'tau_w': 71.0, 'a': 61.0}. Best is trial 22 with value: 44.0.[0m
2021-04-07 08:03:26.378627: I tensorflow/compiler/jit/xla_gpu_device.cc:99] Not creating XLA devices, tf_xla_enable_xla_devices not set
mse_error/peak_error 0 300
[32m[I 2021-04-07 08:03:28,194][0m Trial 77 finished with value: 300.0 and parameters: {'Vahp': -27.5, 'Vth': -23.0, 'Vmax': 17.5, 't_ref': 13.5, 'R': 0.5, 'tau_m': 15.0, 'R_adp': 0.7000000000000001, 'tau_w': 61.0, 'a': 65.0}. Best is trial 22 with value: 44.0.[0m
2021-04-07 08:03:28.422325: I tensorflow/compiler/jit/xla_gpu_device.cc:99] Not creating XLA devices, tf_xla_enable_xla_devices not set
mse_error/peak_error 0 186
[32m[I 2021-04-07 08:03:30,213][0m Trial 78 finished with value: 186.0 and parameters: {'Vahp': -31.0, 'Vth': -24.5, 'Vmax': 20.5, 't_ref': 14.5, 'R': 0.4, 'tau_m': 26.5, 'R_adp': 0.8, 'tau_w': 65.5, 'a': 77.5}. Best is trial 22 with value: 44.0.[0m
2021-04-07 08:03:30.421484: I tensorflow/compiler/jit/xla_gpu_device.cc:99] Not creating XLA devices, tf_xla_enable_xla_devices not set
mse_error/peak_error 0 425
[32m[I 2021-04-07 08:03:32,238][0m Trial 79 finished with value: 425.0 and parameters: {'Vahp': -22.0, 'Vth': -21.5, 'Vmax': 15.5, 't_ref': 11.0, 'R': 0.5, 'tau_m': 16.5, 'R_adp': 0.7000000000000001, 'tau_w': 72.0, 'a': 57.5}. Best is trial 22 with value: 44.0.[0m
2021-04-07 08:03:32.451468: I tensorflow/compiler/jit/xla_gpu_device.cc:99] Not creating XLA devices, tf_xla_enable_xla_devices not set
mse_error/peak_error 0 379
[32m[I 2021-04-07 08:03:34,290][0m Trial 80 finished with value: 379.0 and parameters: {'Vahp': -26.0, 'Vth': -24.0, 'Vmax': 18.5, 't_ref': 15.5, 'R': 1.0, 'tau_m': 32.0, 'R_adp': 0.7000000000000001, 'tau_w': 69.5, 'a': 69.0}. Best is trial 22 with value: 44.0.[0m
2021-04-07 08:03:34.495781: I tensorflow/compiler/jit/xla_gpu_device.cc:99] Not creating XLA devices, tf_xla_enable_xla_devices not set
mse_error/peak_error 0 115.0
[32m[I 2021-04-07 08:03:36,371][0m Trial 81 finished with value: 115.0 and parameters: {'Vahp': -50.5, 'Vth': -41.5, 'Vmax': 14.0, 't_ref': 12.0, 'R': 0.4, 'tau_m': 39.5, 'R_adp': 0.6, 'tau_w': 78.0, 'a': 61.5}. Best is trial 22 with value: 44.0.[0m
2021-04-07 08:03:36.576589: I tensorflow/compiler/jit/xla_gpu_device.cc:99] Not creating XLA devices, tf_xla_enable_xla_devices not set
mse_error/peak_error 0 170
[32m[I 2021-04-07 08:03:38,457][0m Trial 82 finished with value: 170.0 and parameters: {'Vahp': -24.0, 'Vth': -22.0, 'Vmax': 13.0, 't_ref': 10.0, 'R': 0.30000000000000004, 'tau_m': 28.5, 'R_adp': 0.6, 'tau_w': 82.0, 'a': 60.0}. Best is trial 22 with value: 44.0.[0m
2021-04-07 08:03:38.660682: I tensorflow/compiler/jit/xla_gpu_device.cc:99] Not creating XLA devices, tf_xla_enable_xla_devices not set
mse_error/peak_error 0 1037
[32m[I 2021-04-07 08:03:40,581][0m Trial 83 finished with value: 1037.0 and parameters: {'Vahp': -30.0, 'Vth': -23.5, 'Vmax': 14.5, 't_ref': 13.0, 'R': 0.2, 'tau_m': 43.5, 'R_adp': 0.6, 'tau_w': 56.5, 'a': 50.0}. Best is trial 22 with value: 44.0.[0m
2021-04-07 08:03:40.814124: I tensorflow/compiler/jit/xla_gpu_device.cc:99] Not creating XLA devices, tf_xla_enable_xla_devices not set
mse_error/peak_error 0 284
[32m[I 2021-04-07 08:03:42,750][0m Trial 84 finished with value: 284.0 and parameters: {'Vahp': -27.5, 'Vth': -22.5, 'Vmax': 16.5, 't_ref': 14.0, 'R': 0.30000000000000004, 'tau_m': 35.0, 'R_adp': 0.5, 'tau_w': 73.0, 'a': 66.5}. Best is trial 22 with value: 44.0.[0m
2021-04-07 08:03:42.974761: I tensorflow/compiler/jit/xla_gpu_device.cc:99] Not creating XLA devices, tf_xla_enable_xla_devices not set
mse_error/peak_error 0 566
[32m[I 2021-04-07 08:03:44,940][0m Trial 85 finished with value: 566.0 and parameters: {'Vahp': -52.5, 'Vth': -39.5, 'Vmax': 25.5, 't_ref': 10.5, 'R': 0.9, 'tau_m': 31.0, 'R_adp': 0.6, 'tau_w': 65.0, 'a': 55.0}. Best is trial 22 with value: 44.0.[0m
2021-04-07 08:03:45.161464: I tensorflow/compiler/jit/xla_gpu_device.cc:99] Not creating XLA devices, tf_xla_enable_xla_devices not set
mse_error/peak_error 0 118.0
[32m[I 2021-04-07 08:03:47,120][0m Trial 86 finished with value: 118.0 and parameters: {'Vahp': -25.0, 'Vth': -23.0, 'Vmax': 11.0, 't_ref': 15.0, 'R': 0.4, 'tau_m': 47.5, 'R_adp': 0.7000000000000001, 'tau_w': 60.5, 'a': 62.5}. Best is trial 22 with value: 44.0.[0m
2021-04-07 08:03:47.336879: I tensorflow/compiler/jit/xla_gpu_device.cc:99] Not creating XLA devices, tf_xla_enable_xla_devices not set
mse_error/peak_error 0 926
[32m[I 2021-04-07 08:03:49,325][0m Trial 87 finished with value: 926.0 and parameters: {'Vahp': -20.0, 'Vth': -20.0, 'Vmax': 17.5, 't_ref': 11.5, 'R': 0.30000000000000004, 'tau_m': 96.5, 'R_adp': 0.9, 'tau_w': 39.5, 'a': 42.0}. Best is trial 22 with value: 44.0.[0m
2021-04-07 08:03:49.545150: I tensorflow/compiler/jit/xla_gpu_device.cc:99] Not creating XLA devices, tf_xla_enable_xla_devices not set
mse_error/peak_error 0 281
[32m[I 2021-04-07 08:03:51,582][0m Trial 88 finished with value: 281.0 and parameters: {'Vahp': -34.0, 'Vth': -21.5, 'Vmax': 12.0, 't_ref': 12.5, 'R': 0.4, 'tau_m': 23.5, 'R_adp': 0.1, 'tau_w': 49.5, 'a': 57.5}. Best is trial 22 with value: 44.0.[0m
2021-04-07 08:03:51.787646: I tensorflow/compiler/jit/xla_gpu_device.cc:99] Not creating XLA devices, tf_xla_enable_xla_devices not set
mse_error/peak_error 0 76.0
[32m[I 2021-04-07 08:03:53,846][0m Trial 89 finished with value: 76.0 and parameters: {'Vahp': -55.0, 'Vth': -45.5, 'Vmax': 15.5, 't_ref': 13.0, 'R': 0.30000000000000004, 'tau_m': 37.0, 'R_adp': 0.5, 'tau_w': 67.5, 'a': 70.0}. Best is trial 22 with value: 44.0.[0m
2021-04-07 08:03:54.047156: I tensorflow/compiler/jit/xla_gpu_device.cc:99] Not creating XLA devices, tf_xla_enable_xla_devices not set
mse_error/peak_error 0 212
[32m[I 2021-04-07 08:03:56,095][0m Trial 90 finished with value: 212.0 and parameters: {'Vahp': -56.0, 'Vth': -48.0, 'Vmax': 15.5, 't_ref': 9.5, 'R': 0.2, 'tau_m': 37.0, 'R_adp': 0.5, 'tau_w': 52.5, 'a': 70.0}. Best is trial 22 with value: 44.0.[0m
2021-04-07 08:03:56.309530: I tensorflow/compiler/jit/xla_gpu_device.cc:99] Not creating XLA devices, tf_xla_enable_xla_devices not set
mse_error/peak_error 0 139.0
[32m[I 2021-04-07 08:03:58,396][0m Trial 91 finished with value: 139.0 and parameters: {'Vahp': -53.5, 'Vth': -46.0, 'Vmax': 23.0, 't_ref': 13.5, 'R': 0.30000000000000004, 'tau_m': 28.0, 'R_adp': 0.5, 'tau_w': 71.0, 'a': 64.5}. Best is trial 22 with value: 44.0.[0m
2021-04-07 08:03:58.599796: I tensorflow/compiler/jit/xla_gpu_device.cc:99] Not creating XLA devices, tf_xla_enable_xla_devices not set
mse_error/peak_error 0 271
[32m[I 2021-04-07 08:04:00,707][0m Trial 92 finished with value: 271.0 and parameters: {'Vahp': -55.0, 'Vth': -49.5, 'Vmax': 19.5, 't_ref': 14.0, 'R': 0.30000000000000004, 'tau_m': 34.0, 'R_adp': 0.6, 'tau_w': 62.0, 'a': 60.0}. Best is trial 22 with value: 44.0.[0m
2021-04-07 08:04:00.925671: I tensorflow/compiler/jit/xla_gpu_device.cc:99] Not creating XLA devices, tf_xla_enable_xla_devices not set
mse_error/peak_error 0 66.0
[32m[I 2021-04-07 08:04:03,107][0m Trial 93 finished with value: 66.0 and parameters: {'Vahp': -51.0, 'Vth': -43.5, 'Vmax': 13.5, 't_ref': 13.0, 'R': 0.30000000000000004, 'tau_m': 42.0, 'R_adp': 0.5, 'tau_w': 68.0, 'a': 66.5}. Best is trial 22 with value: 44.0.[0m
2021-04-07 08:04:03.336377: I tensorflow/compiler/jit/xla_gpu_device.cc:99] Not creating XLA devices, tf_xla_enable_xla_devices not set
mse_error/peak_error 0 347
[32m[I 2021-04-07 08:04:05,471][0m Trial 94 finished with value: 347.0 and parameters: {'Vahp': -51.0, 'Vth': -45.0, 'Vmax': 14.0, 't_ref': 13.0, 'R': 0.2, 'tau_m': 42.0, 'R_adp': 0.5, 'tau_w': 67.0, 'a': 82.5}. Best is trial 22 with value: 44.0.[0m
2021-04-07 08:04:05.852722: I tensorflow/compiler/jit/xla_gpu_device.cc:99] Not creating XLA devices, tf_xla_enable_xla_devices not set
mse_error/peak_error 0 417
[32m[I 2021-04-07 08:04:08,038][0m Trial 95 finished with value: 417.0 and parameters: {'Vahp': -49.5, 'Vth': -43.5, 'Vmax': 16.5, 't_ref': 14.5, 'R': 0.9, 'tau_m': 40.0, 'R_adp': 0.5, 'tau_w': 58.5, 'a': 68.0}. Best is trial 22 with value: 44.0.[0m
2021-04-07 08:04:08.260919: I tensorflow/compiler/jit/xla_gpu_device.cc:99] Not creating XLA devices, tf_xla_enable_xla_devices not set
mse_error/peak_error 0 265
