[32m[I 2021-04-07 09:52:37,191][0m Trial 699 finished with value: 80.0 and parameters: {'Vahp': -47.5, 'Vth': -42.5, 'Vmax': 22.0, 't_ref': 7.5, 'R': 0.30000000000000004, 'tau_m': 74.0, 'R_adp': 0.9, 'tau_w': 57.0, 'a': 42.5}. Best is trial 414 with value: 2.0.[0m
2021-04-07 09:52:37.487731: I tensorflow/compiler/jit/xla_gpu_device.cc:99] Not creating XLA devices, tf_xla_enable_xla_devices not set
mse_error/peak_error 0 15.0
[32m[I 2021-04-07 09:52:58,272][0m Trial 700 finished with value: 15.0 and parameters: {'Vahp': -43.5, 'Vth': -42.0, 'Vmax': 16.5, 't_ref': 8.0, 'R': 0.30000000000000004, 'tau_m': 69.5, 'R_adp': 0.9, 'tau_w': 54.0, 'a': 45.0}. Best is trial 414 with value: 2.0.[0m
2021-04-07 09:52:58.545045: I tensorflow/compiler/jit/xla_gpu_device.cc:99] Not creating XLA devices, tf_xla_enable_xla_devices not set
mse_error/peak_error 0 18.0
[32m[I 2021-04-07 09:53:19,508][0m Trial 701 finished with value: 18.0 and parameters: {'Vahp': -45.0, 'Vth': -43.5, 'Vmax': 22.5, 't_ref': 7.5, 'R': 0.30000000000000004, 'tau_m': 70.5, 'R_adp': 0.9, 'tau_w': 57.5, 'a': 43.5}. Best is trial 414 with value: 2.0.[0m
2021-04-07 09:53:19.768123: I tensorflow/compiler/jit/xla_gpu_device.cc:99] Not creating XLA devices, tf_xla_enable_xla_devices not set
mse_error/peak_error 0 43.0
[32m[I 2021-04-07 09:53:40,579][0m Trial 702 finished with value: 43.0 and parameters: {'Vahp': -44.0, 'Vth': -41.5, 'Vmax': 16.0, 't_ref': 8.5, 'R': 0.30000000000000004, 'tau_m': 67.0, 'R_adp': 0.9, 'tau_w': 58.5, 'a': 44.5}. Best is trial 414 with value: 2.0.[0m
2021-04-07 09:53:40.833348: I tensorflow/compiler/jit/xla_gpu_device.cc:99] Not creating XLA devices, tf_xla_enable_xla_devices not set
mse_error/peak_error 0 346
[32m[I 2021-04-07 09:54:01,304][0m Trial 703 finished with value: 346.0 and parameters: {'Vahp': -41.0, 'Vth': -41.0, 'Vmax': 15.5, 't_ref': 8.5, 'R': 0.2, 'tau_m': 63.5, 'R_adp': 0.9, 'tau_w': 52.5, 'a': 47.5}. Best is trial 414 with value: 2.0.[0m
2021-04-07 09:54:01.558610: I tensorflow/compiler/jit/xla_gpu_device.cc:99] Not creating XLA devices, tf_xla_enable_xla_devices not set
mse_error/peak_error 0 55.0
[32m[I 2021-04-07 09:54:22,002][0m Trial 704 finished with value: 55.0 and parameters: {'Vahp': -43.0, 'Vth': -41.5, 'Vmax': 23.0, 't_ref': 6.0, 'R': 0.30000000000000004, 'tau_m': 61.5, 'R_adp': 0.9, 'tau_w': 55.5, 'a': 40.5}. Best is trial 414 with value: 2.0.[0m
2021-04-07 09:54:22.249279: I tensorflow/compiler/jit/xla_gpu_device.cc:99] Not creating XLA devices, tf_xla_enable_xla_devices not set
mse_error/peak_error 0 181
[32m[I 2021-04-07 09:54:42,656][0m Trial 705 finished with value: 181.0 and parameters: {'Vahp': -42.5, 'Vth': -41.5, 'Vmax': 23.5, 't_ref': 7.0, 'R': 0.30000000000000004, 'tau_m': 61.0, 'R_adp': 0.9, 'tau_w': 59.5, 'a': 38.5}. Best is trial 414 with value: 2.0.[0m
2021-04-07 09:54:42.918548: I tensorflow/compiler/jit/xla_gpu_device.cc:99] Not creating XLA devices, tf_xla_enable_xla_devices not set
mse_error/peak_error 0 20.0
[32m[I 2021-04-07 09:55:03,402][0m Trial 706 finished with value: 20.0 and parameters: {'Vahp': -44.0, 'Vth': -41.5, 'Vmax': 21.5, 't_ref': 8.0, 'R': 0.30000000000000004, 'tau_m': 65.5, 'R_adp': 1.0, 'tau_w': 57.5, 'a': 42.0}. Best is trial 414 with value: 2.0.[0m
2021-04-07 09:55:03.663100: I tensorflow/compiler/jit/xla_gpu_device.cc:99] Not creating XLA devices, tf_xla_enable_xla_devices not set
mse_error/peak_error 0 14.0
[32m[I 2021-04-07 09:55:24,291][0m Trial 707 finished with value: 14.0 and parameters: {'Vahp': -44.5, 'Vth': -42.0, 'Vmax': 20.5, 't_ref': 8.5, 'R': 0.30000000000000004, 'tau_m': 63.0, 'R_adp': 0.9, 'tau_w': 60.5, 'a': 41.0}. Best is trial 414 with value: 2.0.[0m
2021-04-07 09:55:24.553974: I tensorflow/compiler/jit/xla_gpu_device.cc:99] Not creating XLA devices, tf_xla_enable_xla_devices not set
mse_error/peak_error 0 14.0
[32m[I 2021-04-07 09:55:45,158][0m Trial 708 finished with value: 14.0 and parameters: {'Vahp': -44.0, 'Vth': -42.0, 'Vmax': 17.0, 't_ref': 8.5, 'R': 0.30000000000000004, 'tau_m': 66.5, 'R_adp': 0.9, 'tau_w': 58.5, 'a': 46.0}. Best is trial 414 with value: 2.0.[0m
2021-04-07 09:55:45.411138: I tensorflow/compiler/jit/xla_gpu_device.cc:99] Not creating XLA devices, tf_xla_enable_xla_devices not set
mse_error/peak_error 0 335
[32m[I 2021-04-07 09:56:06,316][0m Trial 709 finished with value: 335.0 and parameters: {'Vahp': -45.5, 'Vth': -43.0, 'Vmax': 22.0, 't_ref': 7.5, 'R': 0.4, 'tau_m': 69.0, 'R_adp': 0.8, 'tau_w': 56.5, 'a': 42.5}. Best is trial 414 with value: 2.0.[0m
2021-04-07 09:56:06.571421: I tensorflow/compiler/jit/xla_gpu_device.cc:99] Not creating XLA devices, tf_xla_enable_xla_devices not set
mse_error/peak_error 0 191
[32m[I 2021-04-07 09:56:27,067][0m Trial 710 finished with value: 191.0 and parameters: {'Vahp': -41.5, 'Vth': -40.5, 'Vmax': 19.5, 't_ref': 10.0, 'R': 0.30000000000000004, 'tau_m': 79.0, 'R_adp': 0.9, 'tau_w': 61.5, 'a': 47.5}. Best is trial 414 with value: 2.0.[0m
2021-04-07 09:56:27.326280: I tensorflow/compiler/jit/xla_gpu_device.cc:99] Not creating XLA devices, tf_xla_enable_xla_devices not set
mse_error/peak_error 0 563
[32m[I 2021-04-07 09:56:48,026][0m Trial 711 finished with value: 563.0 and parameters: {'Vahp': -43.0, 'Vth': -31.0, 'Vmax': 19.0, 't_ref': 8.0, 'R': 0.30000000000000004, 'tau_m': 64.5, 'R_adp': 0.9, 'tau_w': 59.5, 'a': 48.5}. Best is trial 414 with value: 2.0.[0m
2021-04-07 09:56:48.281545: I tensorflow/compiler/jit/xla_gpu_device.cc:99] Not creating XLA devices, tf_xla_enable_xla_devices not set
mse_error/peak_error 0 27.0
[32m[I 2021-04-07 09:57:09,128][0m Trial 712 finished with value: 27.0 and parameters: {'Vahp': -46.0, 'Vth': -42.5, 'Vmax': 24.0, 't_ref': 7.5, 'R': 0.30000000000000004, 'tau_m': 65.0, 'R_adp': 0.9, 'tau_w': 61.0, 'a': 44.0}. Best is trial 414 with value: 2.0.[0m
2021-04-07 09:57:09.380520: I tensorflow/compiler/jit/xla_gpu_device.cc:99] Not creating XLA devices, tf_xla_enable_xla_devices not set
mse_error/peak_error 0 236
[32m[I 2021-04-07 09:57:30,240][0m Trial 713 finished with value: 236.0 and parameters: {'Vahp': -44.0, 'Vth': -41.0, 'Vmax': 21.0, 't_ref': 8.5, 'R': 0.30000000000000004, 'tau_m': 62.5, 'R_adp': 0.9, 'tau_w': 26.0, 'a': 41.0}. Best is trial 414 with value: 2.0.[0m
2021-04-07 09:57:30.504671: I tensorflow/compiler/jit/xla_gpu_device.cc:99] Not creating XLA devices, tf_xla_enable_xla_devices not set
mse_error/peak_error 0 564
[32m[I 2021-04-07 09:57:51,435][0m Trial 714 finished with value: 564.0 and parameters: {'Vahp': -41.5, 'Vth': -40.5, 'Vmax': 18.0, 't_ref': 9.5, 'R': 0.2, 'tau_m': 67.5, 'R_adp': 1.0, 'tau_w': 62.5, 'a': 47.5}. Best is trial 414 with value: 2.0.[0m
2021-04-07 09:57:51.692861: I tensorflow/compiler/jit/xla_gpu_device.cc:99] Not creating XLA devices, tf_xla_enable_xla_devices not set
mse_error/peak_error 0 24.0
[32m[I 2021-04-07 09:58:12,526][0m Trial 715 finished with value: 24.0 and parameters: {'Vahp': -42.5, 'Vth': -40.0, 'Vmax': 18.5, 't_ref': 9.5, 'R': 0.30000000000000004, 'tau_m': 58.5, 'R_adp': 0.6, 'tau_w': 58.0, 'a': 53.5}. Best is trial 414 with value: 2.0.[0m
2021-04-07 09:58:12.782715: I tensorflow/compiler/jit/xla_gpu_device.cc:99] Not creating XLA devices, tf_xla_enable_xla_devices not set
mse_error/peak_error 0 24.0
[32m[I 2021-04-07 09:58:33,838][0m Trial 716 finished with value: 24.0 and parameters: {'Vahp': -43.5, 'Vth': -41.0, 'Vmax': 22.5, 't_ref': 7.0, 'R': 0.30000000000000004, 'tau_m': 62.0, 'R_adp': 0.9, 'tau_w': 56.0, 'a': 39.0}. Best is trial 414 with value: 2.0.[0m
2021-04-07 09:58:34.106966: I tensorflow/compiler/jit/xla_gpu_device.cc:99] Not creating XLA devices, tf_xla_enable_xla_devices not set
mse_error/peak_error 0 39.0
[32m[I 2021-04-07 09:58:54,977][0m Trial 717 finished with value: 39.0 and parameters: {'Vahp': -43.0, 'Vth': -41.5, 'Vmax': 38.0, 't_ref': 6.5, 'R': 0.30000000000000004, 'tau_m': 64.0, 'R_adp': 0.9, 'tau_w': 54.0, 'a': 43.0}. Best is trial 414 with value: 2.0.[0m
2021-04-07 09:58:55.230517: I tensorflow/compiler/jit/xla_gpu_device.cc:99] Not creating XLA devices, tf_xla_enable_xla_devices not set
mse_error/peak_error 0 337
[32m[I 2021-04-07 09:59:16,239][0m Trial 718 finished with value: 337.0 and parameters: {'Vahp': -42.0, 'Vth': -40.0, 'Vmax': 23.5, 't_ref': 9.0, 'R': 0.4, 'tau_m': 60.0, 'R_adp': 0.9, 'tau_w': 60.5, 'a': 37.0}. Best is trial 414 with value: 2.0.[0m
2021-04-07 09:59:16.491411: I tensorflow/compiler/jit/xla_gpu_device.cc:99] Not creating XLA devices, tf_xla_enable_xla_devices not set
mse_error/peak_error 0 36.0
[32m[I 2021-04-07 09:59:37,469][0m Trial 719 finished with value: 36.0 and parameters: {'Vahp': -45.0, 'Vth': -42.0, 'Vmax': 20.0, 't_ref': 8.0, 'R': 0.30000000000000004, 'tau_m': 65.0, 'R_adp': 0.9, 'tau_w': 63.5, 'a': 46.0}. Best is trial 414 with value: 2.0.[0m
2021-04-07 09:59:37.719074: I tensorflow/compiler/jit/xla_gpu_device.cc:99] Not creating XLA devices, tf_xla_enable_xla_devices not set
mse_error/peak_error 0 22.0
[32m[I 2021-04-07 09:59:58,445][0m Trial 720 finished with value: 22.0 and parameters: {'Vahp': -40.5, 'Vth': -40.5, 'Vmax': 15.5, 't_ref': 10.5, 'R': 0.30000000000000004, 'tau_m': 60.0, 'R_adp': 0.9, 'tau_w': 59.0, 'a': 50.0}. Best is trial 414 with value: 2.0.[0m
2021-04-07 09:59:58.702522: I tensorflow/compiler/jit/xla_gpu_device.cc:99] Not creating XLA devices, tf_xla_enable_xla_devices not set
mse_error/peak_error 0 17.0
[32m[I 2021-04-07 10:00:19,752][0m Trial 721 finished with value: 17.0 and parameters: {'Vahp': -42.0, 'Vth': -39.5, 'Vmax': 17.5, 't_ref': 9.0, 'R': 0.30000000000000004, 'tau_m': 55.0, 'R_adp': 0.7000000000000001, 'tau_w': 62.0, 'a': 56.0}. Best is trial 414 with value: 2.0.[0m
2021-04-07 10:00:20.009790: I tensorflow/compiler/jit/xla_gpu_device.cc:99] Not creating XLA devices, tf_xla_enable_xla_devices not set
mse_error/peak_error 0 199
[32m[I 2021-04-07 10:00:41,379][0m Trial 722 finished with value: 199.0 and parameters: {'Vahp': -43.0, 'Vth': -39.5, 'Vmax': 18.5, 't_ref': 8.0, 'R': 0.30000000000000004, 'tau_m': 66.5, 'R_adp': 0.9, 'tau_w': 60.0, 'a': 48.5}. Best is trial 414 with value: 2.0.[0m
2021-04-07 10:00:41.635352: I tensorflow/compiler/jit/xla_gpu_device.cc:99] Not creating XLA devices, tf_xla_enable_xla_devices not set
mse_error/peak_error 0 490
[32m[I 2021-04-07 10:01:02,868][0m Trial 723 finished with value: 490.0 and parameters: {'Vahp': -45.0, 'Vth': -42.0, 'Vmax': 21.5, 't_ref': 7.5, 'R': 0.2, 'tau_m': 68.0, 'R_adp': 0.9, 'tau_w': 55.5, 'a': 44.5}. Best is trial 414 with value: 2.0.[0m
2021-04-07 10:01:03.128460: I tensorflow/compiler/jit/xla_gpu_device.cc:99] Not creating XLA devices, tf_xla_enable_xla_devices not set
mse_error/peak_error 0 889
[32m[I 2021-04-07 10:01:24,632][0m Trial 724 finished with value: 889.0 and parameters: {'Vahp': -43.5, 'Vth': -41.0, 'Vmax': 17.0, 't_ref': 9.0, 'R': 1.0, 'tau_m': 60.5, 'R_adp': 0.9, 'tau_w': 57.5, 'a': 50.0}. Best is trial 414 with value: 2.0.[0m
2021-04-07 10:01:24.896356: I tensorflow/compiler/jit/xla_gpu_device.cc:99] Not creating XLA devices, tf_xla_enable_xla_devices not set
mse_error/peak_error 0 213
[32m[I 2021-04-07 10:01:46,306][0m Trial 725 finished with value: 213.0 and parameters: {'Vahp': -44.5, 'Vth': -41.5, 'Vmax': 22.0, 't_ref': 9.0, 'R': 0.4, 'tau_m': 58.0, 'R_adp': 0.9, 'tau_w': 62.5, 'a': 52.0}. Best is trial 414 with value: 2.0.[0m
2021-04-07 10:01:46.569952: I tensorflow/compiler/jit/xla_gpu_device.cc:99] Not creating XLA devices, tf_xla_enable_xla_devices not set
mse_error/peak_error 0 19.0
[32m[I 2021-04-07 10:02:07,856][0m Trial 726 finished with value: 19.0 and parameters: {'Vahp': -44.0, 'Vth': -40.5, 'Vmax': 19.0, 't_ref': 6.0, 'R': 0.30000000000000004, 'tau_m': 61.5, 'R_adp': 1.0, 'tau_w': 51.0, 'a': 38.0}. Best is trial 414 with value: 2.0.[0m
2021-04-07 10:02:08.275841: I tensorflow/compiler/jit/xla_gpu_device.cc:99] Not creating XLA devices, tf_xla_enable_xla_devices not set
mse_error/peak_error 0 36.0
[32m[I 2021-04-07 10:02:29,463][0m Trial 727 finished with value: 36.0 and parameters: {'Vahp': -41.0, 'Vth': -40.0, 'Vmax': 17.5, 't_ref': 9.5, 'R': 0.30000000000000004, 'tau_m': 54.0, 'R_adp': 0.7000000000000001, 'tau_w': 60.5, 'a': 55.0}. Best is trial 414 with value: 2.0.[0m
2021-04-07 10:02:29.717642: I tensorflow/compiler/jit/xla_gpu_device.cc:99] Not creating XLA devices, tf_xla_enable_xla_devices not set
mse_error/peak_error 0 34.0
[32m[I 2021-04-07 10:02:50,896][0m Trial 728 finished with value: 34.0 and parameters: {'Vahp': -44.0, 'Vth': -41.5, 'Vmax': 16.5, 't_ref': 8.5, 'R': 0.30000000000000004, 'tau_m': 65.0, 'R_adp': 0.9, 'tau_w': 65.0, 'a': 45.5}. Best is trial 414 with value: 2.0.[0m
2021-04-07 10:02:51.148131: I tensorflow/compiler/jit/xla_gpu_device.cc:99] Not creating XLA devices, tf_xla_enable_xla_devices not set
mse_error/peak_error 0 47.0
[32m[I 2021-04-07 10:03:12,429][0m Trial 729 finished with value: 47.0 and parameters: {'Vahp': -46.0, 'Vth': -43.5, 'Vmax': 23.0, 't_ref': 8.0, 'R': 0.30000000000000004, 'tau_m': 63.5, 'R_adp': 0.8, 'tau_w': 66.0, 'a': 44.0}. Best is trial 414 with value: 2.0.[0m
2021-04-07 10:03:12.690043: I tensorflow/compiler/jit/xla_gpu_device.cc:99] Not creating XLA devices, tf_xla_enable_xla_devices not set
mse_error/peak_error 0 158
[32m[I 2021-04-07 10:03:34,336][0m Trial 730 finished with value: 158.0 and parameters: {'Vahp': -43.5, 'Vth': -41.0, 'Vmax': 16.5, 't_ref': 8.5, 'R': 0.30000000000000004, 'tau_m': 70.5, 'R_adp': 0.9, 'tau_w': 63.5, 'a': 46.5}. Best is trial 414 with value: 2.0.[0m
2021-04-07 10:03:34.598828: I tensorflow/compiler/jit/xla_gpu_device.cc:99] Not creating XLA devices, tf_xla_enable_xla_devices not set
mse_error/peak_error 0 29.0
[32m[I 2021-04-07 10:03:56,170][0m Trial 731 finished with value: 29.0 and parameters: {'Vahp': -45.5, 'Vth': -42.5, 'Vmax': 21.0, 't_ref': 7.0, 'R': 0.30000000000000004, 'tau_m': 62.5, 'R_adp': 0.9, 'tau_w': 53.0, 'a': 41.5}. Best is trial 414 with value: 2.0.[0m
2021-04-07 10:03:56.421874: I tensorflow/compiler/jit/xla_gpu_device.cc:99] Not creating XLA devices, tf_xla_enable_xla_devices not set
mse_error/peak_error 0 32.0
[32m[I 2021-04-07 10:04:18,089][0m Trial 732 finished with value: 32.0 and parameters: {'Vahp': -42.5, 'Vth': -40.5, 'Vmax': 19.5, 't_ref': 6.5, 'R': 0.30000000000000004, 'tau_m': 58.5, 'R_adp': 0.7000000000000001, 'tau_w': 58.5, 'a': 51.0}. Best is trial 414 with value: 2.0.[0m
2021-04-07 10:04:18.364272: I tensorflow/compiler/jit/xla_gpu_device.cc:99] Not creating XLA devices, tf_xla_enable_xla_devices not set
mse_error/peak_error 0 357
[32m[I 2021-04-07 10:04:39,958][0m Trial 733 finished with value: 357.0 and parameters: {'Vahp': -43.0, 'Vth': -41.0, 'Vmax': 18.0, 't_ref': 7.0, 'R': 0.4, 'tau_m': 60.0, 'R_adp': 0.7000000000000001, 'tau_w': 62.0, 'a': 53.0}. Best is trial 414 with value: 2.0.[0m
2021-04-07 10:04:40.214132: I tensorflow/compiler/jit/xla_gpu_device.cc:99] Not creating XLA devices, tf_xla_enable_xla_devices not set
mse_error/peak_error 0 106.0
[32m[I 2021-04-07 10:05:02,021][0m Trial 734 finished with value: 106.0 and parameters: {'Vahp': -44.5, 'Vth': -39.0, 'Vmax': 24.0, 't_ref': 9.0, 'R': 0.30000000000000004, 'tau_m': 61.0, 'R_adp': 0.9, 'tau_w': 57.5, 'a': 40.0}. Best is trial 414 with value: 2.0.[0m
2021-04-07 10:05:02.289649: I tensorflow/compiler/jit/xla_gpu_device.cc:99] Not creating XLA devices, tf_xla_enable_xla_devices not set
mse_error/peak_error 0 12.0
[32m[I 2021-04-07 10:05:24,217][0m Trial 735 finished with value: 12.0 and parameters: {'Vahp': -42.0, 'Vth': -40.0, 'Vmax': 19.0, 't_ref': 9.5, 'R': 0.30000000000000004, 'tau_m': 56.5, 'R_adp': 0.7000000000000001, 'tau_w': 60.5, 'a': 53.0}. Best is trial 414 with value: 2.0.[0m
2021-04-07 10:05:24.488373: I tensorflow/compiler/jit/xla_gpu_device.cc:99] Not creating XLA devices, tf_xla_enable_xla_devices not set
mse_error/peak_error 0 284
[32m[I 2021-04-07 10:05:46,389][0m Trial 736 finished with value: 284.0 and parameters: {'Vahp': -41.5, 'Vth': -41.0, 'Vmax': 24.5, 't_ref': 5.5, 'R': 0.2, 'tau_m': 63.0, 'R_adp': 0.8, 'tau_w': 68.0, 'a': 42.5}. Best is trial 414 with value: 2.0.[0m
2021-04-07 10:05:46.659891: I tensorflow/compiler/jit/xla_gpu_device.cc:99] Not creating XLA devices, tf_xla_enable_xla_devices not set
mse_error/peak_error 0 134
[32m[I 2021-04-07 10:06:08,513][0m Trial 737 finished with value: 134.0 and parameters: {'Vahp': -43.0, 'Vth': -40.5, 'Vmax': 20.0, 't_ref': 7.5, 'R': 0.30000000000000004, 'tau_m': 58.5, 'R_adp': 0.6, 'tau_w': 63.0, 'a': 49.0}. Best is trial 414 with value: 2.0.[0m
2021-04-07 10:06:08.771319: I tensorflow/compiler/jit/xla_gpu_device.cc:99] Not creating XLA devices, tf_xla_enable_xla_devices not set
mse_error/peak_error 0 8.0
[32m[I 2021-04-07 10:06:30,506][0m Trial 738 finished with value: 8.0 and parameters: {'Vahp': -41.5, 'Vth': -40.0, 'Vmax': 17.5, 't_ref': 10.0, 'R': 0.30000000000000004, 'tau_m': 56.5, 'R_adp': 0.7000000000000001, 'tau_w': 56.0, 'a': 55.5}. Best is trial 414 with value: 2.0.[0m
2021-04-07 10:06:30.761078: I tensorflow/compiler/jit/xla_gpu_device.cc:99] Not creating XLA devices, tf_xla_enable_xla_devices not set
mse_error/peak_error 0 26.0
[32m[I 2021-04-07 10:06:52,723][0m Trial 739 finished with value: 26.0 and parameters: {'Vahp': -46.5, 'Vth': -42.5, 'Vmax': 22.5, 't_ref': 7.5, 'R': 0.30000000000000004, 'tau_m': 66.5, 'R_adp': 0.8, 'tau_w': 54.0, 'a': 40.5}. Best is trial 414 with value: 2.0.[0m
2021-04-07 10:06:53.011059: I tensorflow/compiler/jit/xla_gpu_device.cc:99] Not creating XLA devices, tf_xla_enable_xla_devices not set
mse_error/peak_error 0 158
[32m[I 2021-04-07 10:07:14,985][0m Trial 740 finished with value: 158.0 and parameters: {'Vahp': -40.5, 'Vth': -40.5, 'Vmax': 18.5, 't_ref': 6.5, 'R': 0.30000000000000004, 'tau_m': 60.0, 'R_adp': 1.0, 'tau_w': 55.5, 'a': 55.5}. Best is trial 414 with value: 2.0.[0m
2021-04-07 10:07:15.237792: I tensorflow/compiler/jit/xla_gpu_device.cc:99] Not creating XLA devices, tf_xla_enable_xla_devices not set
mse_error/peak_error 0 6.0
[32m[I 2021-04-07 10:07:37,081][0m Trial 741 finished with value: 6.0 and parameters: {'Vahp': -41.0, 'Vth': -39.5, 'Vmax': 18.0, 't_ref': 9.5, 'R': 0.30000000000000004, 'tau_m': 54.0, 'R_adp': 0.7000000000000001, 'tau_w': 56.0, 'a': 56.0}. Best is trial 414 with value: 2.0.[0m
2021-04-07 10:07:37.344502: I tensorflow/compiler/jit/xla_gpu_device.cc:99] Not creating XLA devices, tf_xla_enable_xla_devices not set
mse_error/peak_error 0 10.0
[32m[I 2021-04-07 10:07:59,232][0m Trial 742 finished with value: 10.0 and parameters: {'Vahp': -41.0, 'Vth': -40.0, 'Vmax': 18.0, 't_ref': 10.5, 'R': 0.30000000000000004, 'tau_m': 56.0, 'R_adp': 0.9, 'tau_w': 51.0, 'a': 46.0}. Best is trial 414 with value: 2.0.[0m
2021-04-07 10:07:59.488702: I tensorflow/compiler/jit/xla_gpu_device.cc:99] Not creating XLA devices, tf_xla_enable_xla_devices not set
mse_error/peak_error 0 26.0
[32m[I 2021-04-07 10:08:21,576][0m Trial 743 finished with value: 26.0 and parameters: {'Vahp': -40.5, 'Vth': -39.5, 'Vmax': 18.0, 't_ref': 10.5, 'R': 0.30000000000000004, 'tau_m': 54.0, 'R_adp': 0.9, 'tau_w': 49.0, 'a': 56.5}. Best is trial 414 with value: 2.0.[0m
2021-04-07 10:08:21.855280: I tensorflow/compiler/jit/xla_gpu_device.cc:99] Not creating XLA devices, tf_xla_enable_xla_devices not set
mse_error/peak_error 0 48.0
[32m[I 2021-04-07 10:08:43,898][0m Trial 744 finished with value: 48.0 and parameters: {'Vahp': -40.0, 'Vth': -40.0, 'Vmax': 18.5, 't_ref': 10.0, 'R': 0.30000000000000004, 'tau_m': 54.0, 'R_adp': 0.9, 'tau_w': 53.0, 'a': 56.0}. Best is trial 414 with value: 2.0.[0m
2021-04-07 10:08:44.152648: I tensorflow/compiler/jit/xla_gpu_device.cc:99] Not creating XLA devices, tf_xla_enable_xla_devices not set
mse_error/peak_error 0 20.0
[32m[I 2021-04-07 10:09:06,218][0m Trial 745 finished with value: 20.0 and parameters: {'Vahp': -40.5, 'Vth': -39.5, 'Vmax': 19.0, 't_ref': 10.5, 'R': 0.30000000000000004, 'tau_m': 53.0, 'R_adp': 0.9, 'tau_w': 48.5, 'a': 55.0}. Best is trial 414 with value: 2.0.[0m
2021-04-07 10:09:06.479761: I tensorflow/compiler/jit/xla_gpu_device.cc:99] Not creating XLA devices, tf_xla_enable_xla_devices not set
mse_error/peak_error 0 20.0
[32m[I 2021-04-07 10:09:28,891][0m Trial 746 finished with value: 20.0 and parameters: {'Vahp': -41.0, 'Vth': -39.5, 'Vmax': 18.0, 't_ref': 10.5, 'R': 0.30000000000000004, 'tau_m': 56.0, 'R_adp': 0.9, 'tau_w': 43.5, 'a': 47.0}. Best is trial 414 with value: 2.0.[0m
2021-04-07 10:09:29.166471: I tensorflow/compiler/jit/xla_gpu_device.cc:99] Not creating XLA devices, tf_xla_enable_xla_devices not set
mse_error/peak_error 0 126
[32m[I 2021-04-07 10:09:51,534][0m Trial 747 finished with value: 126.0 and parameters: {'Vahp': -41.0, 'Vth': -40.0, 'Vmax': 18.5, 't_ref': 10.0, 'R': 0.30000000000000004, 'tau_m': 53.5, 'R_adp': 0.9, 'tau_w': 54.5, 'a': 56.5}. Best is trial 414 with value: 2.0.[0m
2021-04-07 10:09:51.795347: I tensorflow/compiler/jit/xla_gpu_device.cc:99] Not creating XLA devices, tf_xla_enable_xla_devices not set
mse_error/peak_error 0 35.0
[32m[I 2021-04-07 10:10:14,284][0m Trial 748 finished with value: 35.0 and parameters: {'Vahp': -41.0, 'Vth': -40.0, 'Vmax': 17.5, 't_ref': 10.0, 'R': 0.30000000000000004, 'tau_m': 55.0, 'R_adp': 0.9, 'tau_w': 50.5, 'a': 47.5}. Best is trial 414 with value: 2.0.[0m
2021-04-07 10:10:14.558813: I tensorflow/compiler/jit/xla_gpu_device.cc:99] Not creating XLA devices, tf_xla_enable_xla_devices not set
mse_error/peak_error 0 16.0
