[32m[I 2021-04-07 11:43:32,566][0m Trial 948 finished with value: 140.0 and parameters: {'Vahp': -44.5, 'Vth': -42.0, 'Vmax': 20.0, 't_ref': 6.0, 'R': 0.30000000000000004, 'tau_m': 76.0, 'R_adp': 0.8, 'tau_w': 55.0, 'a': 39.5}. Best is trial 414 with value: 2.0.[0m
2021-04-07 11:43:32.839686: I tensorflow/compiler/jit/xla_gpu_device.cc:99] Not creating XLA devices, tf_xla_enable_xla_devices not set
mse_error/peak_error 0 42.0
[32m[I 2021-04-07 11:44:05,198][0m Trial 949 finished with value: 42.0 and parameters: {'Vahp': -47.5, 'Vth': -42.5, 'Vmax': 21.0, 't_ref': 8.0, 'R': 0.30000000000000004, 'tau_m': 67.0, 'R_adp': 0.8, 'tau_w': 58.5, 'a': 44.5}. Best is trial 414 with value: 2.0.[0m
2021-04-07 11:44:05.467037: I tensorflow/compiler/jit/xla_gpu_device.cc:99] Not creating XLA devices, tf_xla_enable_xla_devices not set
mse_error/peak_error 0 30.0
[32m[I 2021-04-07 11:44:37,866][0m Trial 950 finished with value: 30.0 and parameters: {'Vahp': -44.5, 'Vth': -42.0, 'Vmax': 19.5, 't_ref': 7.5, 'R': 0.30000000000000004, 'tau_m': 70.5, 'R_adp': 0.8, 'tau_w': 61.5, 'a': 41.0}. Best is trial 414 with value: 2.0.[0m
2021-04-07 11:44:38.135276: I tensorflow/compiler/jit/xla_gpu_device.cc:99] Not creating XLA devices, tf_xla_enable_xla_devices not set
mse_error/peak_error 0 3.0
[32m[I 2021-04-07 11:45:10,896][0m Trial 951 finished with value: 3.0 and parameters: {'Vahp': -45.5, 'Vth': -42.5, 'Vmax': 19.0, 't_ref': 6.5, 'R': 0.30000000000000004, 'tau_m': 66.5, 'R_adp': 0.8, 'tau_w': 56.0, 'a': 47.5}. Best is trial 414 with value: 2.0.[0m
2021-04-07 11:45:11.163705: I tensorflow/compiler/jit/xla_gpu_device.cc:99] Not creating XLA devices, tf_xla_enable_xla_devices not set
mse_error/peak_error 0 28.0
[32m[I 2021-04-07 11:45:43,779][0m Trial 952 finished with value: 28.0 and parameters: {'Vahp': -47.5, 'Vth': -43.0, 'Vmax': 19.0, 't_ref': 6.0, 'R': 0.30000000000000004, 'tau_m': 69.0, 'R_adp': 0.8, 'tau_w': 60.0, 'a': 47.5}. Best is trial 414 with value: 2.0.[0m
2021-04-07 11:45:44.055418: I tensorflow/compiler/jit/xla_gpu_device.cc:99] Not creating XLA devices, tf_xla_enable_xla_devices not set
mse_error/peak_error 0 349
[32m[I 2021-04-07 11:46:16,511][0m Trial 953 finished with value: 349.0 and parameters: {'Vahp': -47.0, 'Vth': -43.5, 'Vmax': 19.5, 't_ref': 6.5, 'R': 0.4, 'tau_m': 68.0, 'R_adp': 0.8, 'tau_w': 57.5, 'a': 46.5}. Best is trial 414 with value: 2.0.[0m
2021-04-07 11:46:16.779914: I tensorflow/compiler/jit/xla_gpu_device.cc:99] Not creating XLA devices, tf_xla_enable_xla_devices not set
mse_error/peak_error 0 168
[32m[I 2021-04-07 11:46:49,445][0m Trial 954 finished with value: 168.0 and parameters: {'Vahp': -46.0, 'Vth': -44.0, 'Vmax': 20.5, 't_ref': 6.0, 'R': 0.30000000000000004, 'tau_m': 71.0, 'R_adp': 0.8, 'tau_w': 53.0, 'a': 45.0}. Best is trial 414 with value: 2.0.[0m
2021-04-07 11:46:49.753082: I tensorflow/compiler/jit/xla_gpu_device.cc:99] Not creating XLA devices, tf_xla_enable_xla_devices not set
mse_error/peak_error 0 690
[32m[I 2021-04-07 11:47:22,098][0m Trial 955 finished with value: 690.0 and parameters: {'Vahp': -24.0, 'Vth': -21.0, 'Vmax': 18.5, 't_ref': 5.5, 'R': 0.30000000000000004, 'tau_m': 66.5, 'R_adp': 0.8, 'tau_w': 50.0, 'a': 48.5}. Best is trial 414 with value: 2.0.[0m
2021-04-07 11:47:22.370161: I tensorflow/compiler/jit/xla_gpu_device.cc:99] Not creating XLA devices, tf_xla_enable_xla_devices not set
mse_error/peak_error 0 21.0
[32m[I 2021-04-07 11:47:55,080][0m Trial 956 finished with value: 21.0 and parameters: {'Vahp': -46.0, 'Vth': -42.0, 'Vmax': 22.0, 't_ref': 6.5, 'R': 0.30000000000000004, 'tau_m': 65.5, 'R_adp': 0.9, 'tau_w': 54.5, 'a': 42.5}. Best is trial 414 with value: 2.0.[0m
2021-04-07 11:47:55.347691: I tensorflow/compiler/jit/xla_gpu_device.cc:99] Not creating XLA devices, tf_xla_enable_xla_devices not set
mse_error/peak_error 0 15.0
[32m[I 2021-04-07 11:48:27,868][0m Trial 957 finished with value: 15.0 and parameters: {'Vahp': -44.5, 'Vth': -42.0, 'Vmax': 18.5, 't_ref': 5.5, 'R': 0.30000000000000004, 'tau_m': 66.5, 'R_adp': 0.9, 'tau_w': 53.0, 'a': 48.0}. Best is trial 414 with value: 2.0.[0m
2021-04-07 11:48:28.135545: I tensorflow/compiler/jit/xla_gpu_device.cc:99] Not creating XLA devices, tf_xla_enable_xla_devices not set
mse_error/peak_error 0 10.0
[32m[I 2021-04-07 11:49:00,743][0m Trial 958 finished with value: 10.0 and parameters: {'Vahp': -46.5, 'Vth': -43.0, 'Vmax': 19.0, 't_ref': 6.5, 'R': 0.30000000000000004, 'tau_m': 69.5, 'R_adp': 0.8, 'tau_w': 59.5, 'a': 45.0}. Best is trial 414 with value: 2.0.[0m
2021-04-07 11:49:01.015208: I tensorflow/compiler/jit/xla_gpu_device.cc:99] Not creating XLA devices, tf_xla_enable_xla_devices not set
mse_error/peak_error 0 9.0
[32m[I 2021-04-07 11:49:33,692][0m Trial 959 finished with value: 9.0 and parameters: {'Vahp': -45.5, 'Vth': -42.5, 'Vmax': 18.5, 't_ref': 8.0, 'R': 0.30000000000000004, 'tau_m': 69.0, 'R_adp': 0.8, 'tau_w': 55.0, 'a': 48.5}. Best is trial 414 with value: 2.0.[0m
2021-04-07 11:49:33.962054: I tensorflow/compiler/jit/xla_gpu_device.cc:99] Not creating XLA devices, tf_xla_enable_xla_devices not set
mse_error/peak_error 0 3.0
[32m[I 2021-04-07 11:50:06,765][0m Trial 960 finished with value: 3.0 and parameters: {'Vahp': -45.5, 'Vth': -43.0, 'Vmax': 20.0, 't_ref': 7.0, 'R': 0.30000000000000004, 'tau_m': 72.0, 'R_adp': 0.8, 'tau_w': 61.5, 'a': 46.5}. Best is trial 414 with value: 2.0.[0m
2021-04-07 11:50:07.034087: I tensorflow/compiler/jit/xla_gpu_device.cc:99] Not creating XLA devices, tf_xla_enable_xla_devices not set
mse_error/peak_error 0 363
[32m[I 2021-04-07 11:50:40,068][0m Trial 961 finished with value: 363.0 and parameters: {'Vahp': -46.5, 'Vth': -44.0, 'Vmax': 20.0, 't_ref': 6.5, 'R': 0.4, 'tau_m': 70.5, 'R_adp': 0.8, 'tau_w': 62.5, 'a': 47.0}. Best is trial 414 with value: 2.0.[0m
2021-04-07 11:50:40.347861: I tensorflow/compiler/jit/xla_gpu_device.cc:99] Not creating XLA devices, tf_xla_enable_xla_devices not set
mse_error/peak_error 0 348
[32m[I 2021-04-07 11:51:13,193][0m Trial 962 finished with value: 348.0 and parameters: {'Vahp': -45.5, 'Vth': -43.5, 'Vmax': 20.0, 't_ref': 7.0, 'R': 0.2, 'tau_m': 71.0, 'R_adp': 0.8, 'tau_w': 62.0, 'a': 46.0}. Best is trial 414 with value: 2.0.[0m
2021-04-07 11:51:13.465243: I tensorflow/compiler/jit/xla_gpu_device.cc:99] Not creating XLA devices, tf_xla_enable_xla_devices not set
mse_error/peak_error 0 25.0
[32m[I 2021-04-07 11:51:46,230][0m Trial 963 finished with value: 25.0 and parameters: {'Vahp': -46.5, 'Vth': -43.0, 'Vmax': 21.0, 't_ref': 6.5, 'R': 0.30000000000000004, 'tau_m': 66.0, 'R_adp': 0.8, 'tau_w': 62.0, 'a': 43.5}. Best is trial 414 with value: 2.0.[0m
2021-04-07 11:51:46.501721: I tensorflow/compiler/jit/xla_gpu_device.cc:99] Not creating XLA devices, tf_xla_enable_xla_devices not set
mse_error/peak_error 0 1378
[32m[I 2021-04-07 11:52:19,781][0m Trial 964 finished with value: 1378.0 and parameters: {'Vahp': -48.0, 'Vth': -44.0, 'Vmax': 19.0, 't_ref': 6.0, 'R': 0.1, 'tau_m': 76.5, 'R_adp': 0.8, 'tau_w': 51.0, 'a': 35.0}. Best is trial 414 with value: 2.0.[0m
2021-04-07 11:52:20.062102: I tensorflow/compiler/jit/xla_gpu_device.cc:99] Not creating XLA devices, tf_xla_enable_xla_devices not set
mse_error/peak_error 0 12.0
[32m[I 2021-04-07 11:52:53,486][0m Trial 965 finished with value: 12.0 and parameters: {'Vahp': -47.0, 'Vth': -43.5, 'Vmax': 19.5, 't_ref': 7.0, 'R': 0.30000000000000004, 'tau_m': 67.0, 'R_adp': 0.8, 'tau_w': 61.5, 'a': 47.0}. Best is trial 414 with value: 2.0.[0m
2021-04-07 11:52:53.766401: I tensorflow/compiler/jit/xla_gpu_device.cc:99] Not creating XLA devices, tf_xla_enable_xla_devices not set
mse_error/peak_error 0 29.0
[32m[I 2021-04-07 11:53:27,141][0m Trial 966 finished with value: 29.0 and parameters: {'Vahp': -45.5, 'Vth': -43.0, 'Vmax': 20.5, 't_ref': 6.0, 'R': 0.30000000000000004, 'tau_m': 73.0, 'R_adp': 0.8, 'tau_w': 60.5, 'a': 44.0}. Best is trial 414 with value: 2.0.[0m
2021-04-07 11:53:27.411673: I tensorflow/compiler/jit/xla_gpu_device.cc:99] Not creating XLA devices, tf_xla_enable_xla_devices not set
mse_error/peak_error 0 59.0
[32m[I 2021-04-07 11:54:00,850][0m Trial 967 finished with value: 59.0 and parameters: {'Vahp': -45.0, 'Vth': -42.0, 'Vmax': 18.5, 't_ref': 8.5, 'R': 0.30000000000000004, 'tau_m': 75.0, 'R_adp': 0.8, 'tau_w': 57.0, 'a': 38.5}. Best is trial 414 with value: 2.0.[0m
2021-04-07 11:54:01.126429: I tensorflow/compiler/jit/xla_gpu_device.cc:99] Not creating XLA devices, tf_xla_enable_xla_devices not set
mse_error/peak_error 0 174
[32m[I 2021-04-07 11:54:34,474][0m Trial 968 finished with value: 174.0 and parameters: {'Vahp': -46.0, 'Vth': -44.5, 'Vmax': 21.0, 't_ref': 7.0, 'R': 0.30000000000000004, 'tau_m': 75.5, 'R_adp': 0.8, 'tau_w': 63.0, 'a': 41.0}. Best is trial 414 with value: 2.0.[0m
2021-04-07 11:54:34.753312: I tensorflow/compiler/jit/xla_gpu_device.cc:99] Not creating XLA devices, tf_xla_enable_xla_devices not set
mse_error/peak_error 0 39.0
[32m[I 2021-04-07 11:55:08,084][0m Trial 969 finished with value: 39.0 and parameters: {'Vahp': -44.0, 'Vth': -42.5, 'Vmax': 20.0, 't_ref': 8.5, 'R': 0.30000000000000004, 'tau_m': 77.5, 'R_adp': 0.8, 'tau_w': 56.0, 'a': 48.5}. Best is trial 414 with value: 2.0.[0m
2021-04-07 11:55:08.356054: I tensorflow/compiler/jit/xla_gpu_device.cc:99] Not creating XLA devices, tf_xla_enable_xla_devices not set
mse_error/peak_error 0 46.0
[32m[I 2021-04-07 11:55:41,719][0m Trial 970 finished with value: 46.0 and parameters: {'Vahp': -45.5, 'Vth': -43.5, 'Vmax': 19.5, 't_ref': 4.0, 'R': 0.30000000000000004, 'tau_m': 72.5, 'R_adp': 0.8, 'tau_w': 60.0, 'a': 46.5}. Best is trial 414 with value: 2.0.[0m
2021-04-07 11:55:41.988472: I tensorflow/compiler/jit/xla_gpu_device.cc:99] Not creating XLA devices, tf_xla_enable_xla_devices not set
mse_error/peak_error 0 14.0
[32m[I 2021-04-07 11:56:15,416][0m Trial 971 finished with value: 14.0 and parameters: {'Vahp': -44.5, 'Vth': -42.5, 'Vmax': 21.5, 't_ref': 6.5, 'R': 0.30000000000000004, 'tau_m': 71.5, 'R_adp': 0.9, 'tau_w': 58.5, 'a': 42.5}. Best is trial 414 with value: 2.0.[0m
2021-04-07 11:56:15.694346: I tensorflow/compiler/jit/xla_gpu_device.cc:99] Not creating XLA devices, tf_xla_enable_xla_devices not set
mse_error/peak_error 0 9.0
[32m[I 2021-04-07 11:56:49,039][0m Trial 972 finished with value: 9.0 and parameters: {'Vahp': -44.5, 'Vth': -42.0, 'Vmax': 20.5, 't_ref': 6.5, 'R': 0.30000000000000004, 'tau_m': 65.5, 'R_adp': 0.9, 'tau_w': 62.5, 'a': 44.5}. Best is trial 414 with value: 2.0.[0m
2021-04-07 11:56:49.315275: I tensorflow/compiler/jit/xla_gpu_device.cc:99] Not creating XLA devices, tf_xla_enable_xla_devices not set
mse_error/peak_error 0 186
[32m[I 2021-04-07 11:57:22,776][0m Trial 973 finished with value: 186.0 and parameters: {'Vahp': -49.0, 'Vth': -43.0, 'Vmax': 20.0, 't_ref': 7.0, 'R': 0.4, 'tau_m': 72.5, 'R_adp': 0.8, 'tau_w': 60.5, 'a': 47.5}. Best is trial 414 with value: 2.0.[0m
2021-04-07 11:57:23.049801: I tensorflow/compiler/jit/xla_gpu_device.cc:99] Not creating XLA devices, tf_xla_enable_xla_devices not set
mse_error/peak_error 0 29.0
[32m[I 2021-04-07 11:57:56,733][0m Trial 974 finished with value: 29.0 and parameters: {'Vahp': -46.0, 'Vth': -42.5, 'Vmax': 22.0, 't_ref': 6.0, 'R': 0.30000000000000004, 'tau_m': 73.5, 'R_adp': 0.9, 'tau_w': 57.5, 'a': 41.5}. Best is trial 414 with value: 2.0.[0m
2021-04-07 11:57:57.002058: I tensorflow/compiler/jit/xla_gpu_device.cc:99] Not creating XLA devices, tf_xla_enable_xla_devices not set
mse_error/peak_error 0 16.0
[32m[I 2021-04-07 11:58:30,537][0m Trial 975 finished with value: 16.0 and parameters: {'Vahp': -44.0, 'Vth': -42.0, 'Vmax': 20.5, 't_ref': 7.0, 'R': 0.30000000000000004, 'tau_m': 65.5, 'R_adp': 0.9, 'tau_w': 63.5, 'a': 44.0}. Best is trial 414 with value: 2.0.[0m
2021-04-07 11:58:30.819904: I tensorflow/compiler/jit/xla_gpu_device.cc:99] Not creating XLA devices, tf_xla_enable_xla_devices not set
mse_error/peak_error 0 20.0
[32m[I 2021-04-07 11:59:04,600][0m Trial 976 finished with value: 20.0 and parameters: {'Vahp': -44.0, 'Vth': -42.0, 'Vmax': 18.0, 't_ref': 8.0, 'R': 0.30000000000000004, 'tau_m': 69.5, 'R_adp': 0.8, 'tau_w': 55.5, 'a': 49.0}. Best is trial 414 with value: 2.0.[0m
2021-04-07 11:59:04.869818: I tensorflow/compiler/jit/xla_gpu_device.cc:99] Not creating XLA devices, tf_xla_enable_xla_devices not set
mse_error/peak_error 0 458
[32m[I 2021-04-07 11:59:38,875][0m Trial 977 finished with value: 458.0 and parameters: {'Vahp': -45.0, 'Vth': -42.0, 'Vmax': 19.0, 't_ref': 6.5, 'R': 0.2, 'tau_m': 68.0, 'R_adp': 0.9, 'tau_w': 58.0, 'a': 39.0}. Best is trial 414 with value: 2.0.[0m
2021-04-07 11:59:39.149048: I tensorflow/compiler/jit/xla_gpu_device.cc:99] Not creating XLA devices, tf_xla_enable_xla_devices not set
mse_error/peak_error 0 4.0
[32m[I 2021-04-07 12:00:12,927][0m Trial 978 finished with value: 4.0 and parameters: {'Vahp': -45.5, 'Vth': -42.5, 'Vmax': 21.5, 't_ref': 7.0, 'R': 0.30000000000000004, 'tau_m': 65.5, 'R_adp': 0.8, 'tau_w': 61.0, 'a': 45.5}. Best is trial 414 with value: 2.0.[0m
2021-04-07 12:00:13.212948: I tensorflow/compiler/jit/xla_gpu_device.cc:99] Not creating XLA devices, tf_xla_enable_xla_devices not set
mse_error/peak_error 0 672.0
[32m[I 2021-04-07 12:00:47,100][0m Trial 979 finished with value: 672.0 and parameters: {'Vahp': -47.5, 'Vth': -43.5, 'Vmax': 21.0, 't_ref': 7.0, 'R': 0.4, 'tau_m': 67.5, 'R_adp': 0.8, 'tau_w': 63.5, 'a': 6.5}. Best is trial 414 with value: 2.0.[0m
2021-04-07 12:00:47.399709: I tensorflow/compiler/jit/xla_gpu_device.cc:99] Not creating XLA devices, tf_xla_enable_xla_devices not set
mse_error/peak_error 0 16.0
[32m[I 2021-04-07 12:01:21,300][0m Trial 980 finished with value: 16.0 and parameters: {'Vahp': -47.0, 'Vth': -44.5, 'Vmax': 21.0, 't_ref': 6.0, 'R': 0.30000000000000004, 'tau_m': 79.5, 'R_adp': 0.8, 'tau_w': 61.5, 'a': 45.5}. Best is trial 414 with value: 2.0.[0m
2021-04-07 12:01:21.577258: I tensorflow/compiler/jit/xla_gpu_device.cc:99] Not creating XLA devices, tf_xla_enable_xla_devices not set
mse_error/peak_error 0 32.0
[32m[I 2021-04-07 12:01:55,382][0m Trial 981 finished with value: 32.0 and parameters: {'Vahp': -46.5, 'Vth': -43.5, 'Vmax': 21.0, 't_ref': 5.5, 'R': 0.30000000000000004, 'tau_m': 65.5, 'R_adp': 0.8, 'tau_w': 65.0, 'a': 48.0}. Best is trial 414 with value: 2.0.[0m
2021-04-07 12:01:55.656480: I tensorflow/compiler/jit/xla_gpu_device.cc:99] Not creating XLA devices, tf_xla_enable_xla_devices not set
mse_error/peak_error 0 30.0
[32m[I 2021-04-07 12:02:29,886][0m Trial 982 finished with value: 30.0 and parameters: {'Vahp': -46.0, 'Vth': -43.0, 'Vmax': 21.0, 't_ref': 7.0, 'R': 0.30000000000000004, 'tau_m': 65.5, 'R_adp': 0.8, 'tau_w': 61.5, 'a': 43.0}. Best is trial 414 with value: 2.0.[0m
2021-04-07 12:02:30.164238: I tensorflow/compiler/jit/xla_gpu_device.cc:99] Not creating XLA devices, tf_xla_enable_xla_devices not set
mse_error/peak_error 0 29.0
[32m[I 2021-04-07 12:03:04,191][0m Trial 983 finished with value: 29.0 and parameters: {'Vahp': -45.5, 'Vth': -43.0, 'Vmax': 20.5, 't_ref': 7.5, 'R': 0.30000000000000004, 'tau_m': 74.5, 'R_adp': 0.8, 'tau_w': 63.5, 'a': 47.0}. Best is trial 414 with value: 2.0.[0m
2021-04-07 12:03:04.463862: I tensorflow/compiler/jit/xla_gpu_device.cc:99] Not creating XLA devices, tf_xla_enable_xla_devices not set
mse_error/peak_error 0 10.0
[32m[I 2021-04-07 12:03:38,406][0m Trial 984 finished with value: 10.0 and parameters: {'Vahp': -46.5, 'Vth': -43.0, 'Vmax': 21.5, 't_ref': 7.0, 'R': 0.30000000000000004, 'tau_m': 68.5, 'R_adp': 0.8, 'tau_w': 60.5, 'a': 45.5}. Best is trial 414 with value: 2.0.[0m
2021-04-07 12:03:38.680557: I tensorflow/compiler/jit/xla_gpu_device.cc:99] Not creating XLA devices, tf_xla_enable_xla_devices not set
mse_error/peak_error 0 432
[32m[I 2021-04-07 12:04:12,972][0m Trial 985 finished with value: 432.0 and parameters: {'Vahp': -45.0, 'Vth': -42.5, 'Vmax': 22.0, 't_ref': 6.5, 'R': 0.2, 'tau_m': 67.0, 'R_adp': 0.8, 'tau_w': 64.5, 'a': 48.5}. Best is trial 414 with value: 2.0.[0m
2021-04-07 12:04:13.249469: I tensorflow/compiler/jit/xla_gpu_device.cc:99] Not creating XLA devices, tf_xla_enable_xla_devices not set
mse_error/peak_error 0 26.0
[32m[I 2021-04-07 12:04:47,087][0m Trial 986 finished with value: 26.0 and parameters: {'Vahp': -45.5, 'Vth': -42.5, 'Vmax': 20.0, 't_ref': 7.5, 'R': 0.30000000000000004, 'tau_m': 70.5, 'R_adp': 0.8, 'tau_w': 62.0, 'a': 45.0}. Best is trial 414 with value: 2.0.[0m
2021-04-07 12:04:47.364431: I tensorflow/compiler/jit/xla_gpu_device.cc:99] Not creating XLA devices, tf_xla_enable_xla_devices not set
mse_error/peak_error 0 163
[32m[I 2021-04-07 12:05:21,777][0m Trial 987 finished with value: 163.0 and parameters: {'Vahp': -44.5, 'Vth': -42.5, 'Vmax': 19.5, 't_ref': 6.5, 'R': 0.30000000000000004, 'tau_m': 65.0, 'R_adp': 0.8, 'tau_w': 60.0, 'a': 40.0}. Best is trial 414 with value: 2.0.[0m
2021-04-07 12:05:22.046846: I tensorflow/compiler/jit/xla_gpu_device.cc:99] Not creating XLA devices, tf_xla_enable_xla_devices not set
mse_error/peak_error 0 26.0
[32m[I 2021-04-07 12:05:56,213][0m Trial 988 finished with value: 26.0 and parameters: {'Vahp': -47.5, 'Vth': -43.0, 'Vmax': 21.5, 't_ref': 7.5, 'R': 0.30000000000000004, 'tau_m': 68.5, 'R_adp': 0.8, 'tau_w': 59.5, 'a': 42.0}. Best is trial 414 with value: 2.0.[0m
2021-04-07 12:05:56.487982: I tensorflow/compiler/jit/xla_gpu_device.cc:99] Not creating XLA devices, tf_xla_enable_xla_devices not set
mse_error/peak_error 0 33.0
[32m[I 2021-04-07 12:06:31,144][0m Trial 989 finished with value: 33.0 and parameters: {'Vahp': -44.0, 'Vth': -42.0, 'Vmax': 21.5, 't_ref': 5.0, 'R': 0.30000000000000004, 'tau_m': 64.5, 'R_adp': 0.8, 'tau_w': 62.5, 'a': 49.5}. Best is trial 414 with value: 2.0.[0m
2021-04-07 12:06:31.417710: I tensorflow/compiler/jit/xla_gpu_device.cc:99] Not creating XLA devices, tf_xla_enable_xla_devices not set
mse_error/peak_error 0 18.0
[32m[I 2021-04-07 12:07:05,788][0m Trial 990 finished with value: 18.0 and parameters: {'Vahp': -45.5, 'Vth': -42.0, 'Vmax': 20.5, 't_ref': 7.5, 'R': 0.30000000000000004, 'tau_m': 66.0, 'R_adp': 0.8, 'tau_w': 66.0, 'a': 43.5}. Best is trial 414 with value: 2.0.[0m
2021-04-07 12:07:06.060319: I tensorflow/compiler/jit/xla_gpu_device.cc:99] Not creating XLA devices, tf_xla_enable_xla_devices not set
mse_error/peak_error 0 28.0
[32m[I 2021-04-07 12:07:40,014][0m Trial 991 finished with value: 28.0 and parameters: {'Vahp': -45.0, 'Vth': -42.0, 'Vmax': 20.0, 't_ref': 7.0, 'R': 0.30000000000000004, 'tau_m': 72.0, 'R_adp': 0.8, 'tau_w': 59.0, 'a': 46.5}. Best is trial 414 with value: 2.0.[0m
2021-04-07 12:07:40.283593: I tensorflow/compiler/jit/xla_gpu_device.cc:99] Not creating XLA devices, tf_xla_enable_xla_devices not set
mse_error/peak_error 0 22.0
[32m[I 2021-04-07 12:08:14,157][0m Trial 992 finished with value: 22.0 and parameters: {'Vahp': -46.5, 'Vth': -43.5, 'Vmax': 19.0, 't_ref': 6.5, 'R': 0.30000000000000004, 'tau_m': 69.5, 'R_adp': 0.8, 'tau_w': 62.0, 'a': 48.0}. Best is trial 414 with value: 2.0.[0m
2021-04-07 12:08:14.470223: I tensorflow/compiler/jit/xla_gpu_device.cc:99] Not creating XLA devices, tf_xla_enable_xla_devices not set
mse_error/peak_error 0 363
[32m[I 2021-04-07 12:08:48,310][0m Trial 993 finished with value: 363.0 and parameters: {'Vahp': -44.0, 'Vth': -42.0, 'Vmax': 18.5, 't_ref': 8.0, 'R': 0.2, 'tau_m': 66.5, 'R_adp': 0.8, 'tau_w': 58.0, 'a': 45.0}. Best is trial 414 with value: 2.0.[0m
2021-04-07 12:08:48.626766: I tensorflow/compiler/jit/xla_gpu_device.cc:99] Not creating XLA devices, tf_xla_enable_xla_devices not set
mse_error/peak_error 0 418
[32m[I 2021-04-07 12:09:22,399][0m Trial 994 finished with value: 418.0 and parameters: {'Vahp': -44.5, 'Vth': -32.5, 'Vmax': 20.5, 't_ref': 7.0, 'R': 0.30000000000000004, 'tau_m': 64.0, 'R_adp': 0.8, 'tau_w': 64.5, 'a': 37.0}. Best is trial 414 with value: 2.0.[0m
2021-04-07 12:09:22.668779: I tensorflow/compiler/jit/xla_gpu_device.cc:99] Not creating XLA devices, tf_xla_enable_xla_devices not set
mse_error/peak_error 0 28.0
[32m[I 2021-04-07 12:09:56,418][0m Trial 995 finished with value: 28.0 and parameters: {'Vahp': -48.5, 'Vth': -44.0, 'Vmax': 19.5, 't_ref': 7.5, 'R': 0.30000000000000004, 'tau_m': 67.5, 'R_adp': 0.8, 'tau_w': 60.0, 'a': 40.0}. Best is trial 414 with value: 2.0.[0m
2021-04-07 12:09:56.684679: I tensorflow/compiler/jit/xla_gpu_device.cc:99] Not creating XLA devices, tf_xla_enable_xla_devices not set
mse_error/peak_error 0 346
[32m[I 2021-04-07 12:10:30,525][0m Trial 996 finished with value: 346.0 and parameters: {'Vahp': -46.0, 'Vth': -42.5, 'Vmax': 21.5, 't_ref': 5.5, 'R': 0.4, 'tau_m': 64.5, 'R_adp': 0.8, 'tau_w': 56.5, 'a': 42.5}. Best is trial 414 with value: 2.0.[0m
2021-04-07 12:10:30.795151: I tensorflow/compiler/jit/xla_gpu_device.cc:99] Not creating XLA devices, tf_xla_enable_xla_devices not set
mse_error/peak_error 0 14.0
[32m[I 2021-04-07 12:11:04,759][0m Trial 997 finished with value: 14.0 and parameters: {'Vahp': -44.0, 'Vth': -42.5, 'Vmax': 19.0, 't_ref': 8.0, 'R': 0.30000000000000004, 'tau_m': 73.5, 'R_adp': 0.8, 'tau_w': 60.5, 'a': 49.5}. Best is trial 414 with value: 2.0.[0m
2021-04-07 12:11:05.028286: I tensorflow/compiler/jit/xla_gpu_device.cc:99] Not creating XLA devices, tf_xla_enable_xla_devices not set
mse_error/peak_error 0 14.0
[32m[I 2021-04-07 12:11:39,294][0m Trial 998 finished with value: 14.0 and parameters: {'Vahp': -45.0, 'Vth': -42.0, 'Vmax': 20.0, 't_ref': 6.0, 'R': 0.30000000000000004, 'tau_m': 69.5, 'R_adp': 0.8, 'tau_w': 63.5, 'a': 46.0}. Best is trial 414 with value: 2.0.[0m
2021-04-07 12:11:39.574681: I tensorflow/compiler/jit/xla_gpu_device.cc:99] Not creating XLA devices, tf_xla_enable_xla_devices not set
mse_error/peak_error 0 12.0
