[32m[I 2021-04-07 08:14:35,516][0m Trial 246 finished with value: 43.0 and parameters: {'Vahp': -39.5, 'Vth': -39.5, 'Vmax': 15.5, 't_ref': 11.0, 'R': 0.30000000000000004, 'tau_m': 50.5, 'R_adp': 0.7000000000000001, 'tau_w': 65.5, 'a': 62.0}. Best is trial 211 with value: 13.0.[0m
2021-04-07 08:14:35.734522: I tensorflow/compiler/jit/xla_gpu_device.cc:99] Not creating XLA devices, tf_xla_enable_xla_devices not set
mse_error/peak_error 0 23.0
[32m[I 2021-04-07 08:14:41,559][0m Trial 247 finished with value: 23.0 and parameters: {'Vahp': -38.5, 'Vth': -38.5, 'Vmax': 16.0, 't_ref': 11.5, 'R': 0.30000000000000004, 'tau_m': 52.5, 'R_adp': 0.7000000000000001, 'tau_w': 72.0, 'a': 57.5}. Best is trial 211 with value: 13.0.[0m
2021-04-07 08:14:41.783469: I tensorflow/compiler/jit/xla_gpu_device.cc:99] Not creating XLA devices, tf_xla_enable_xla_devices not set
mse_error/peak_error 0 19.0
[32m[I 2021-04-07 08:14:47,573][0m Trial 248 finished with value: 19.0 and parameters: {'Vahp': -37.5, 'Vth': -37.5, 'Vmax': 16.0, 't_ref': 11.5, 'R': 0.30000000000000004, 'tau_m': 50.5, 'R_adp': 0.7000000000000001, 'tau_w': 67.5, 'a': 60.0}. Best is trial 211 with value: 13.0.[0m
2021-04-07 08:14:48.070840: I tensorflow/compiler/jit/xla_gpu_device.cc:99] Not creating XLA devices, tf_xla_enable_xla_devices not set
mse_error/peak_error 0 138
[32m[I 2021-04-07 08:14:53,966][0m Trial 249 finished with value: 138.0 and parameters: {'Vahp': -35.0, 'Vth': -35.0, 'Vmax': 14.5, 't_ref': 11.5, 'R': 0.30000000000000004, 'tau_m': 49.5, 'R_adp': 0.7000000000000001, 'tau_w': 67.0, 'a': 60.0}. Best is trial 211 with value: 13.0.[0m
2021-04-07 08:14:54.185865: I tensorflow/compiler/jit/xla_gpu_device.cc:99] Not creating XLA devices, tf_xla_enable_xla_devices not set
mse_error/peak_error 0 135
[32m[I 2021-04-07 08:15:00,102][0m Trial 250 finished with value: 135.0 and parameters: {'Vahp': -37.5, 'Vth': -37.5, 'Vmax': 14.0, 't_ref': 12.0, 'R': 0.30000000000000004, 'tau_m': 56.0, 'R_adp': 0.7000000000000001, 'tau_w': 65.0, 'a': 62.0}. Best is trial 211 with value: 13.0.[0m
2021-04-07 08:15:00.333628: I tensorflow/compiler/jit/xla_gpu_device.cc:99] Not creating XLA devices, tf_xla_enable_xla_devices not set
mse_error/peak_error 0 172
[32m[I 2021-04-07 08:15:06,217][0m Trial 251 finished with value: 172.0 and parameters: {'Vahp': -36.5, 'Vth': -36.5, 'Vmax': 15.0, 't_ref': 12.0, 'R': 0.30000000000000004, 'tau_m': 59.0, 'R_adp': 0.7000000000000001, 'tau_w': 70.0, 'a': 60.0}. Best is trial 211 with value: 13.0.[0m
2021-04-07 08:15:06.451667: I tensorflow/compiler/jit/xla_gpu_device.cc:99] Not creating XLA devices, tf_xla_enable_xla_devices not set
mse_error/peak_error 0 21.0
[32m[I 2021-04-07 08:15:12,355][0m Trial 252 finished with value: 21.0 and parameters: {'Vahp': -40.0, 'Vth': -39.0, 'Vmax': 16.0, 't_ref': 11.5, 'R': 0.30000000000000004, 'tau_m': 54.0, 'R_adp': 0.7000000000000001, 'tau_w': 68.0, 'a': 58.0}. Best is trial 211 with value: 13.0.[0m
2021-04-07 08:15:12.570077: I tensorflow/compiler/jit/xla_gpu_device.cc:99] Not creating XLA devices, tf_xla_enable_xla_devices not set
mse_error/peak_error 0 22.0
[32m[I 2021-04-07 08:15:18,337][0m Trial 253 finished with value: 22.0 and parameters: {'Vahp': -40.5, 'Vth': -39.5, 'Vmax': 18.0, 't_ref': 11.5, 'R': 0.30000000000000004, 'tau_m': 53.5, 'R_adp': 0.7000000000000001, 'tau_w': 68.0, 'a': 58.5}. Best is trial 211 with value: 13.0.[0m
2021-04-07 08:15:18.552339: I tensorflow/compiler/jit/xla_gpu_device.cc:99] Not creating XLA devices, tf_xla_enable_xla_devices not set
mse_error/peak_error 0 113
[32m[I 2021-04-07 08:15:24,394][0m Trial 254 finished with value: 113.0 and parameters: {'Vahp': -40.5, 'Vth': -39.5, 'Vmax': 18.0, 't_ref': 11.5, 'R': 0.30000000000000004, 'tau_m': 51.0, 'R_adp': 0.7000000000000001, 'tau_w': 67.5, 'a': 63.0}. Best is trial 211 with value: 13.0.[0m
2021-04-07 08:15:24.612324: I tensorflow/compiler/jit/xla_gpu_device.cc:99] Not creating XLA devices, tf_xla_enable_xla_devices not set
mse_error/peak_error 0 130
[32m[I 2021-04-07 08:15:30,424][0m Trial 255 finished with value: 130.0 and parameters: {'Vahp': -41.0, 'Vth': -39.0, 'Vmax': 16.0, 't_ref': 12.0, 'R': 0.30000000000000004, 'tau_m': 54.0, 'R_adp': 0.7000000000000001, 'tau_w': 65.5, 'a': 59.5}. Best is trial 211 with value: 13.0.[0m
2021-04-07 08:15:30.652867: I tensorflow/compiler/jit/xla_gpu_device.cc:99] Not creating XLA devices, tf_xla_enable_xla_devices not set
mse_error/peak_error 0 39.0
[32m[I 2021-04-07 08:15:36,465][0m Trial 256 finished with value: 39.0 and parameters: {'Vahp': -40.0, 'Vth': -39.5, 'Vmax': 16.0, 't_ref': 12.5, 'R': 0.30000000000000004, 'tau_m': 49.5, 'R_adp': 0.7000000000000001, 'tau_w': 67.5, 'a': 58.5}. Best is trial 211 with value: 13.0.[0m
2021-04-07 08:15:36.713609: I tensorflow/compiler/jit/xla_gpu_device.cc:99] Not creating XLA devices, tf_xla_enable_xla_devices not set
mse_error/peak_error 0 101
[32m[I 2021-04-07 08:15:42,766][0m Trial 257 finished with value: 101.0 and parameters: {'Vahp': -39.0, 'Vth': -39.0, 'Vmax': 14.5, 't_ref': 11.5, 'R': 0.30000000000000004, 'tau_m': 53.5, 'R_adp': 0.7000000000000001, 'tau_w': 75.5, 'a': 60.5}. Best is trial 211 with value: 13.0.[0m
2021-04-07 08:15:43.002089: I tensorflow/compiler/jit/xla_gpu_device.cc:99] Not creating XLA devices, tf_xla_enable_xla_devices not set
mse_error/peak_error 0 25.0
[32m[I 2021-04-07 08:15:49,134][0m Trial 258 finished with value: 25.0 and parameters: {'Vahp': -40.0, 'Vth': -39.0, 'Vmax': 16.5, 't_ref': 10.5, 'R': 0.30000000000000004, 'tau_m': 57.0, 'R_adp': 0.7000000000000001, 'tau_w': 65.0, 'a': 54.5}. Best is trial 211 with value: 13.0.[0m
2021-04-07 08:15:49.356685: I tensorflow/compiler/jit/xla_gpu_device.cc:99] Not creating XLA devices, tf_xla_enable_xla_devices not set
mse_error/peak_error 0 458
[32m[I 2021-04-07 08:15:55,547][0m Trial 259 finished with value: 458.0 and parameters: {'Vahp': -41.0, 'Vth': -39.5, 'Vmax': 16.5, 't_ref': 10.5, 'R': 0.2, 'tau_m': 58.5, 'R_adp': 0.7000000000000001, 'tau_w': 64.5, 'a': 54.0}. Best is trial 211 with value: 13.0.[0m
2021-04-07 08:15:55.770559: I tensorflow/compiler/jit/xla_gpu_device.cc:99] Not creating XLA devices, tf_xla_enable_xla_devices not set
mse_error/peak_error 0 33.0
[32m[I 2021-04-07 08:16:02,015][0m Trial 260 finished with value: 33.0 and parameters: {'Vahp': -40.0, 'Vth': -39.0, 'Vmax': 14.0, 't_ref': 11.5, 'R': 0.30000000000000004, 'tau_m': 56.5, 'R_adp': 0.7000000000000001, 'tau_w': 67.5, 'a': 54.5}. Best is trial 211 with value: 13.0.[0m
2021-04-07 08:16:02.238890: I tensorflow/compiler/jit/xla_gpu_device.cc:99] Not creating XLA devices, tf_xla_enable_xla_devices not set
mse_error/peak_error 0 25.0
[32m[I 2021-04-07 08:16:08,469][0m Trial 261 finished with value: 25.0 and parameters: {'Vahp': -39.0, 'Vth': -39.0, 'Vmax': 15.5, 't_ref': 12.5, 'R': 0.30000000000000004, 'tau_m': 51.0, 'R_adp': 0.7000000000000001, 'tau_w': 65.5, 'a': 58.0}. Best is trial 211 with value: 13.0.[0m
2021-04-07 08:16:08.689366: I tensorflow/compiler/jit/xla_gpu_device.cc:99] Not creating XLA devices, tf_xla_enable_xla_devices not set
mse_error/peak_error 0 39.0
[32m[I 2021-04-07 08:16:14,894][0m Trial 262 finished with value: 39.0 and parameters: {'Vahp': -39.5, 'Vth': -39.5, 'Vmax': 15.5, 't_ref': 12.5, 'R': 0.30000000000000004, 'tau_m': 50.0, 'R_adp': 0.7000000000000001, 'tau_w': 65.5, 'a': 55.0}. Best is trial 211 with value: 13.0.[0m
2021-04-07 08:16:15.115819: I tensorflow/compiler/jit/xla_gpu_device.cc:99] Not creating XLA devices, tf_xla_enable_xla_devices not set
mse_error/peak_error 0 160
[32m[I 2021-04-07 08:16:21,414][0m Trial 263 finished with value: 160.0 and parameters: {'Vahp': -41.5, 'Vth': -39.0, 'Vmax': 15.5, 't_ref': 12.0, 'R': 0.30000000000000004, 'tau_m': 57.0, 'R_adp': 0.7000000000000001, 'tau_w': 64.5, 'a': 62.0}. Best is trial 211 with value: 13.0.[0m
2021-04-07 08:16:21.640002: I tensorflow/compiler/jit/xla_gpu_device.cc:99] Not creating XLA devices, tf_xla_enable_xla_devices not set
mse_error/peak_error 0 22.0
[32m[I 2021-04-07 08:16:27,894][0m Trial 264 finished with value: 22.0 and parameters: {'Vahp': -39.0, 'Vth': -38.5, 'Vmax': 14.5, 't_ref': 12.5, 'R': 0.30000000000000004, 'tau_m': 51.0, 'R_adp': 0.7000000000000001, 'tau_w': 67.0, 'a': 59.5}. Best is trial 211 with value: 13.0.[0m
2021-04-07 08:16:28.109545: I tensorflow/compiler/jit/xla_gpu_device.cc:99] Not creating XLA devices, tf_xla_enable_xla_devices not set
mse_error/peak_error 0 614
[32m[I 2021-04-07 08:16:34,412][0m Trial 265 finished with value: 614.0 and parameters: {'Vahp': -40.0, 'Vth': -38.0, 'Vmax': 14.5, 't_ref': 12.5, 'R': 0.2, 'tau_m': 61.0, 'R_adp': 0.7000000000000001, 'tau_w': 66.5, 'a': 60.0}. Best is trial 211 with value: 13.0.[0m
2021-04-07 08:16:34.628340: I tensorflow/compiler/jit/xla_gpu_device.cc:99] Not creating XLA devices, tf_xla_enable_xla_devices not set
mse_error/peak_error 0 126
[32m[I 2021-04-07 08:16:41,077][0m Trial 266 finished with value: 126.0 and parameters: {'Vahp': -41.0, 'Vth': -39.5, 'Vmax': 14.0, 't_ref': 12.0, 'R': 0.30000000000000004, 'tau_m': 49.5, 'R_adp': 0.7000000000000001, 'tau_w': 72.0, 'a': 63.5}. Best is trial 211 with value: 13.0.[0m
2021-04-07 08:16:41.292592: I tensorflow/compiler/jit/xla_gpu_device.cc:99] Not creating XLA devices, tf_xla_enable_xla_devices not set
mse_error/peak_error 0 32.0
[32m[I 2021-04-07 08:16:47,666][0m Trial 267 finished with value: 32.0 and parameters: {'Vahp': -39.0, 'Vth': -39.0, 'Vmax': 14.5, 't_ref': 12.5, 'R': 0.30000000000000004, 'tau_m': 51.5, 'R_adp': 0.7000000000000001, 'tau_w': 71.0, 'a': 58.5}. Best is trial 211 with value: 13.0.[0m
2021-04-07 08:16:47.899761: I tensorflow/compiler/jit/xla_gpu_device.cc:99] Not creating XLA devices, tf_xla_enable_xla_devices not set
mse_error/peak_error 0 140
[32m[I 2021-04-07 08:16:54,109][0m Trial 268 finished with value: 140.0 and parameters: {'Vahp': -40.0, 'Vth': -38.5, 'Vmax': 15.5, 't_ref': 12.0, 'R': 0.30000000000000004, 'tau_m': 55.5, 'R_adp': 0.7000000000000001, 'tau_w': 67.0, 'a': 60.5}. Best is trial 211 with value: 13.0.[0m
2021-04-07 08:16:54.345402: I tensorflow/compiler/jit/xla_gpu_device.cc:99] Not creating XLA devices, tf_xla_enable_xla_devices not set
mse_error/peak_error 0 34.0
[32m[I 2021-04-07 08:17:00,574][0m Trial 269 finished with value: 34.0 and parameters: {'Vahp': -39.0, 'Vth': -39.0, 'Vmax': 15.0, 't_ref': 10.0, 'R': 0.30000000000000004, 'tau_m': 54.5, 'R_adp': 0.7000000000000001, 'tau_w': 64.5, 'a': 58.5}. Best is trial 211 with value: 13.0.[0m
2021-04-07 08:17:00.816182: I tensorflow/compiler/jit/xla_gpu_device.cc:99] Not creating XLA devices, tf_xla_enable_xla_devices not set
mse_error/peak_error 0 129
[32m[I 2021-04-07 08:17:07,146][0m Trial 270 finished with value: 129.0 and parameters: {'Vahp': -40.5, 'Vth': -38.0, 'Vmax': 14.0, 't_ref': 11.5, 'R': 0.30000000000000004, 'tau_m': 49.0, 'R_adp': 0.7000000000000001, 'tau_w': 74.5, 'a': 54.5}. Best is trial 211 with value: 13.0.[0m
2021-04-07 08:17:07.362588: I tensorflow/compiler/jit/xla_gpu_device.cc:99] Not creating XLA devices, tf_xla_enable_xla_devices not set
mse_error/peak_error 0 109
[32m[I 2021-04-07 08:17:13,679][0m Trial 271 finished with value: 109.0 and parameters: {'Vahp': -38.0, 'Vth': -38.0, 'Vmax': 16.0, 't_ref': 10.5, 'R': 0.30000000000000004, 'tau_m': 51.0, 'R_adp': 0.7000000000000001, 'tau_w': 68.0, 'a': 62.0}. Best is trial 211 with value: 13.0.[0m
2021-04-07 08:17:13.897947: I tensorflow/compiler/jit/xla_gpu_device.cc:99] Not creating XLA devices, tf_xla_enable_xla_devices not set
mse_error/peak_error 0 30.0
[32m[I 2021-04-07 08:17:20,250][0m Trial 272 finished with value: 30.0 and parameters: {'Vahp': -39.5, 'Vth': -39.5, 'Vmax': 15.0, 't_ref': 12.5, 'R': 0.30000000000000004, 'tau_m': 51.5, 'R_adp': 0.7000000000000001, 'tau_w': 71.0, 'a': 58.0}. Best is trial 211 with value: 13.0.[0m
2021-04-07 08:17:20.474899: I tensorflow/compiler/jit/xla_gpu_device.cc:99] Not creating XLA devices, tf_xla_enable_xla_devices not set
mse_error/peak_error 0 50.0
[32m[I 2021-04-07 08:17:27,071][0m Trial 273 finished with value: 50.0 and parameters: {'Vahp': -41.0, 'Vth': -38.5, 'Vmax': 19.0, 't_ref': 11.5, 'R': 0.30000000000000004, 'tau_m': 54.0, 'R_adp': 0.7000000000000001, 'tau_w': 69.0, 'a': 54.0}. Best is trial 211 with value: 13.0.[0m
2021-04-07 08:17:27.291491: I tensorflow/compiler/jit/xla_gpu_device.cc:99] Not creating XLA devices, tf_xla_enable_xla_devices not set
mse_error/peak_error 0 51.0
[32m[I 2021-04-07 08:17:33,852][0m Trial 274 finished with value: 51.0 and parameters: {'Vahp': -39.0, 'Vth': -39.0, 'Vmax': 13.5, 't_ref': 9.5, 'R': 0.30000000000000004, 'tau_m': 51.0, 'R_adp': 0.7000000000000001, 'tau_w': 64.5, 'a': 56.0}. Best is trial 211 with value: 13.0.[0m
2021-04-07 08:17:34.089389: I tensorflow/compiler/jit/xla_gpu_device.cc:99] Not creating XLA devices, tf_xla_enable_xla_devices not set
mse_error/peak_error 0 453
[32m[I 2021-04-07 08:17:40,555][0m Trial 275 finished with value: 453.0 and parameters: {'Vahp': -38.0, 'Vth': -38.0, 'Vmax': 16.0, 't_ref': 12.0, 'R': 0.2, 'tau_m': 58.5, 'R_adp': 0.7000000000000001, 'tau_w': 66.5, 'a': 60.0}. Best is trial 211 with value: 13.0.[0m
2021-04-07 08:17:40.778180: I tensorflow/compiler/jit/xla_gpu_device.cc:99] Not creating XLA devices, tf_xla_enable_xla_devices not set
mse_error/peak_error 0 129
[32m[I 2021-04-07 08:17:47,284][0m Trial 276 finished with value: 129.0 and parameters: {'Vahp': -41.5, 'Vth': -39.5, 'Vmax': 17.5, 't_ref': 11.5, 'R': 0.30000000000000004, 'tau_m': 48.5, 'R_adp': 0.7000000000000001, 'tau_w': 73.0, 'a': 58.0}. Best is trial 211 with value: 13.0.[0m
2021-04-07 08:17:47.506740: I tensorflow/compiler/jit/xla_gpu_device.cc:99] Not creating XLA devices, tf_xla_enable_xla_devices not set
mse_error/peak_error 0 117
[32m[I 2021-04-07 08:17:54,018][0m Trial 277 finished with value: 117.0 and parameters: {'Vahp': -40.0, 'Vth': -39.0, 'Vmax': 14.5, 't_ref': 10.5, 'R': 0.30000000000000004, 'tau_m': 53.5, 'R_adp': 0.7000000000000001, 'tau_w': 69.0, 'a': 64.0}. Best is trial 211 with value: 13.0.[0m
2021-04-07 08:17:54.242030: I tensorflow/compiler/jit/xla_gpu_device.cc:99] Not creating XLA devices, tf_xla_enable_xla_devices not set
mse_error/peak_error 0 19.0
[32m[I 2021-04-07 08:18:00,775][0m Trial 278 finished with value: 19.0 and parameters: {'Vahp': -39.0, 'Vth': -39.0, 'Vmax': 16.0, 't_ref': 12.5, 'R': 0.30000000000000004, 'tau_m': 51.5, 'R_adp': 0.7000000000000001, 'tau_w': 71.0, 'a': 52.5}. Best is trial 211 with value: 13.0.[0m
2021-04-07 08:18:01.020706: I tensorflow/compiler/jit/xla_gpu_device.cc:99] Not creating XLA devices, tf_xla_enable_xla_devices not set
mse_error/peak_error 0 38.0
[32m[I 2021-04-07 08:18:07,676][0m Trial 279 finished with value: 38.0 and parameters: {'Vahp': -39.5, 'Vth': -39.5, 'Vmax': 15.0, 't_ref': 12.5, 'R': 0.30000000000000004, 'tau_m': 49.5, 'R_adp': 0.7000000000000001, 'tau_w': 71.5, 'a': 53.0}. Best is trial 211 with value: 13.0.[0m
2021-04-07 08:18:07.902599: I tensorflow/compiler/jit/xla_gpu_device.cc:99] Not creating XLA devices, tf_xla_enable_xla_devices not set
mse_error/peak_error 0 12.0
[32m[I 2021-04-07 08:18:14,559][0m Trial 280 finished with value: 12.0 and parameters: {'Vahp': -40.5, 'Vth': -40.0, 'Vmax': 14.0, 't_ref': 12.0, 'R': 0.30000000000000004, 'tau_m': 57.0, 'R_adp': 0.7000000000000001, 'tau_w': 74.5, 'a': 52.5}. Best is trial 280 with value: 12.0.[0m
2021-04-07 08:18:14.776798: I tensorflow/compiler/jit/xla_gpu_device.cc:99] Not creating XLA devices, tf_xla_enable_xla_devices not set
mse_error/peak_error 0 146
[32m[I 2021-04-07 08:18:21,483][0m Trial 281 finished with value: 146.0 and parameters: {'Vahp': -40.5, 'Vth': -38.5, 'Vmax': 16.0, 't_ref': 12.0, 'R': 0.30000000000000004, 'tau_m': 57.0, 'R_adp': 0.7000000000000001, 'tau_w': 78.5, 'a': 53.0}. Best is trial 280 with value: 12.0.[0m
2021-04-07 08:18:21.703503: I tensorflow/compiler/jit/xla_gpu_device.cc:99] Not creating XLA devices, tf_xla_enable_xla_devices not set
mse_error/peak_error 0 40.0
[32m[I 2021-04-07 08:18:28,542][0m Trial 282 finished with value: 40.0 and parameters: {'Vahp': -39.0, 'Vth': -39.0, 'Vmax': 13.5, 't_ref': 12.5, 'R': 0.30000000000000004, 'tau_m': 59.5, 'R_adp': 0.7000000000000001, 'tau_w': 75.0, 'a': 53.0}. Best is trial 280 with value: 12.0.[0m
2021-04-07 08:18:28.762924: I tensorflow/compiler/jit/xla_gpu_device.cc:99] Not creating XLA devices, tf_xla_enable_xla_devices not set
mse_error/peak_error 0 36.0
[32m[I 2021-04-07 08:18:35,616][0m Trial 283 finished with value: 36.0 and parameters: {'Vahp': -41.5, 'Vth': -40.0, 'Vmax': 14.0, 't_ref': 13.0, 'R': 0.30000000000000004, 'tau_m': 55.0, 'R_adp': 0.7000000000000001, 'tau_w': 74.0, 'a': 54.5}. Best is trial 280 with value: 12.0.[0m
2021-04-07 08:18:35.853950: I tensorflow/compiler/jit/xla_gpu_device.cc:99] Not creating XLA devices, tf_xla_enable_xla_devices not set
mse_error/peak_error 0 353
[32m[I 2021-04-07 08:18:42,664][0m Trial 284 finished with value: 353.0 and parameters: {'Vahp': -40.0, 'Vth': -40.0, 'Vmax': 14.5, 't_ref': 12.0, 'R': 0.2, 'tau_m': 57.0, 'R_adp': 0.7000000000000001, 'tau_w': 76.5, 'a': 56.5}. Best is trial 280 with value: 12.0.[0m
2021-04-07 08:18:42.904369: I tensorflow/compiler/jit/xla_gpu_device.cc:99] Not creating XLA devices, tf_xla_enable_xla_devices not set
mse_error/peak_error 0 1495
[32m[I 2021-04-07 08:18:49,751][0m Trial 285 finished with value: 1495.0 and parameters: {'Vahp': -38.0, 'Vth': -38.0, 'Vmax': 15.5, 't_ref': 11.5, 'R': 0.1, 'tau_m': 51.5, 'R_adp': 0.7000000000000001, 'tau_w': 71.0, 'a': 61.0}. Best is trial 280 with value: 12.0.[0m
2021-04-07 08:18:49.989883: I tensorflow/compiler/jit/xla_gpu_device.cc:99] Not creating XLA devices, tf_xla_enable_xla_devices not set
mse_error/peak_error 0 57.0
[32m[I 2021-04-07 08:18:56,828][0m Trial 286 finished with value: 57.0 and parameters: {'Vahp': -39.0, 'Vth': -39.0, 'Vmax': 15.0, 't_ref': 12.0, 'R': 0.30000000000000004, 'tau_m': 48.5, 'R_adp': 0.7000000000000001, 'tau_w': 73.0, 'a': 58.5}. Best is trial 280 with value: 12.0.[0m
2021-04-07 08:18:57.060894: I tensorflow/compiler/jit/xla_gpu_device.cc:99] Not creating XLA devices, tf_xla_enable_xla_devices not set
mse_error/peak_error 0 142
[32m[I 2021-04-07 08:19:03,997][0m Trial 287 finished with value: 142.0 and parameters: {'Vahp': -41.0, 'Vth': -38.5, 'Vmax': 16.5, 't_ref': 11.5, 'R': 0.30000000000000004, 'tau_m': 51.0, 'R_adp': 0.7000000000000001, 'tau_w': 70.5, 'a': 60.0}. Best is trial 280 with value: 12.0.[0m
2021-04-07 08:19:04.235653: I tensorflow/compiler/jit/xla_gpu_device.cc:99] Not creating XLA devices, tf_xla_enable_xla_devices not set
mse_error/peak_error 0 40.0
[32m[I 2021-04-07 08:19:11,149][0m Trial 288 finished with value: 40.0 and parameters: {'Vahp': -38.0, 'Vth': -38.0, 'Vmax': 13.5, 't_ref': 12.5, 'R': 0.30000000000000004, 'tau_m': 54.0, 'R_adp': 0.7000000000000001, 'tau_w': 68.5, 'a': 55.0}. Best is trial 280 with value: 12.0.[0m
2021-04-07 08:19:11.368613: I tensorflow/compiler/jit/xla_gpu_device.cc:99] Not creating XLA devices, tf_xla_enable_xla_devices not set
mse_error/peak_error 0 50.0
[32m[I 2021-04-07 08:19:18,270][0m Trial 289 finished with value: 50.0 and parameters: {'Vahp': -39.5, 'Vth': -39.5, 'Vmax': 15.0, 't_ref': 10.0, 'R': 0.30000000000000004, 'tau_m': 52.5, 'R_adp': 0.7000000000000001, 'tau_w': 64.0, 'a': 57.0}. Best is trial 280 with value: 12.0.[0m
2021-04-07 08:19:18.486610: I tensorflow/compiler/jit/xla_gpu_device.cc:99] Not creating XLA devices, tf_xla_enable_xla_devices not set
mse_error/peak_error 0 186
[32m[I 2021-04-07 08:19:25,399][0m Trial 290 finished with value: 186.0 and parameters: {'Vahp': -40.5, 'Vth': -39.0, 'Vmax': 16.0, 't_ref': 12.5, 'R': 0.4, 'tau_m': 55.0, 'R_adp': 0.7000000000000001, 'tau_w': 73.0, 'a': 52.5}. Best is trial 280 with value: 12.0.[0m
2021-04-07 08:19:25.615598: I tensorflow/compiler/jit/xla_gpu_device.cc:99] Not creating XLA devices, tf_xla_enable_xla_devices not set
mse_error/peak_error 0 13.0
[32m[I 2021-04-07 08:19:32,554][0m Trial 291 finished with value: 13.0 and parameters: {'Vahp': -40.0, 'Vth': -40.0, 'Vmax': 14.5, 't_ref': 12.0, 'R': 0.30000000000000004, 'tau_m': 56.5, 'R_adp': 0.7000000000000001, 'tau_w': 66.5, 'a': 55.5}. Best is trial 280 with value: 12.0.[0m
2021-04-07 08:19:32.780139: I tensorflow/compiler/jit/xla_gpu_device.cc:99] Not creating XLA devices, tf_xla_enable_xla_devices not set
mse_error/peak_error 0 41.0
[32m[I 2021-04-07 08:19:39,873][0m Trial 292 finished with value: 41.0 and parameters: {'Vahp': -41.5, 'Vth': -40.0, 'Vmax': 14.0, 't_ref': 12.0, 'R': 0.30000000000000004, 'tau_m': 62.0, 'R_adp': 0.7000000000000001, 'tau_w': 65.5, 'a': 55.0}. Best is trial 280 with value: 12.0.[0m
2021-04-07 08:19:40.097989: I tensorflow/compiler/jit/xla_gpu_device.cc:99] Not creating XLA devices, tf_xla_enable_xla_devices not set
mse_error/peak_error 0 15.0
[32m[I 2021-04-07 08:19:47,206][0m Trial 293 finished with value: 15.0 and parameters: {'Vahp': -40.5, 'Vth': -39.5, 'Vmax': 15.0, 't_ref': 11.5, 'R': 0.30000000000000004, 'tau_m': 57.0, 'R_adp': 0.7000000000000001, 'tau_w': 63.5, 'a': 57.0}. Best is trial 280 with value: 12.0.[0m
2021-04-07 08:19:47.445127: I tensorflow/compiler/jit/xla_gpu_device.cc:99] Not creating XLA devices, tf_xla_enable_xla_devices not set
mse_error/peak_error 0 60.0
[32m[I 2021-04-07 08:19:54,381][0m Trial 294 finished with value: 60.0 and parameters: {'Vahp': -40.5, 'Vth': -39.0, 'Vmax': 15.0, 't_ref': 11.5, 'R': 0.30000000000000004, 'tau_m': 60.5, 'R_adp': 0.7000000000000001, 'tau_w': 63.0, 'a': 55.5}. Best is trial 280 with value: 12.0.[0m
2021-04-07 08:19:54.629528: I tensorflow/compiler/jit/xla_gpu_device.cc:99] Not creating XLA devices, tf_xla_enable_xla_devices not set
mse_error/peak_error 0 41.0
