[32m[I 2021-04-07 12:12:14,014][0m Trial 999 finished with value: 12.0 and parameters: {'Vahp': -44.0, 'Vth': -41.5, 'Vmax': 18.5, 't_ref': 7.5, 'R': 0.30000000000000004, 'tau_m': 65.0, 'R_adp': 0.8, 'tau_w': 58.0, 'a': 43.5}. Best is trial 414 with value: 2.0.[0m
