[32m[I 2021-04-07 08:06:43,844][0m Trial 147 finished with value: 73.0 and parameters: {'Vahp': -44.0, 'Vth': -41.5, 'Vmax': 11.5, 't_ref': 17.0, 'R': 0.30000000000000004, 'tau_m': 49.0, 'R_adp': 0.8, 'tau_w': 41.0, 'a': 55.5}. Best is trial 22 with value: 44.0.[0m
2021-04-07 08:06:44.072521: I tensorflow/compiler/jit/xla_gpu_device.cc:99] Not creating XLA devices, tf_xla_enable_xla_devices not set
mse_error/peak_error 0 251
[32m[I 2021-04-07 08:06:47,480][0m Trial 148 finished with value: 251.0 and parameters: {'Vahp': -41.0, 'Vth': -41.0, 'Vmax': 10.5, 't_ref': 17.0, 'R': 0.2, 'tau_m': 51.0, 'R_adp': 0.8, 'tau_w': 40.5, 'a': 56.5}. Best is trial 22 with value: 44.0.[0m
2021-04-07 08:06:47.694094: I tensorflow/compiler/jit/xla_gpu_device.cc:99] Not creating XLA devices, tf_xla_enable_xla_devices not set
mse_error/peak_error 0 174
[32m[I 2021-04-07 08:06:51,102][0m Trial 149 finished with value: 174.0 and parameters: {'Vahp': -44.0, 'Vth': -42.5, 'Vmax': 11.5, 't_ref': 18.0, 'R': 0.30000000000000004, 'tau_m': 49.5, 'R_adp': 0.9, 'tau_w': 43.5, 'a': 4.5}. Best is trial 22 with value: 44.0.[0m
2021-04-07 08:06:51.311125: I tensorflow/compiler/jit/xla_gpu_device.cc:99] Not creating XLA devices, tf_xla_enable_xla_devices not set
mse_error/peak_error 0 323
[32m[I 2021-04-07 08:06:54,716][0m Trial 150 finished with value: 323.0 and parameters: {'Vahp': -42.5, 'Vth': -41.5, 'Vmax': 24.5, 't_ref': 17.0, 'R': 0.2, 'tau_m': 55.5, 'R_adp': 0.8, 'tau_w': 38.0, 'a': 60.5}. Best is trial 22 with value: 44.0.[0m
2021-04-07 08:06:54.942821: I tensorflow/compiler/jit/xla_gpu_device.cc:99] Not creating XLA devices, tf_xla_enable_xla_devices not set
mse_error/peak_error 0 49.0
[32m[I 2021-04-07 08:06:58,421][0m Trial 151 finished with value: 49.0 and parameters: {'Vahp': -39.5, 'Vth': -39.5, 'Vmax': 12.5, 't_ref': 15.5, 'R': 0.30000000000000004, 'tau_m': 46.5, 'R_adp': 0.8, 'tau_w': 49.5, 'a': 54.0}. Best is trial 22 with value: 44.0.[0m
2021-04-07 08:06:58.638554: I tensorflow/compiler/jit/xla_gpu_device.cc:99] Not creating XLA devices, tf_xla_enable_xla_devices not set
mse_error/peak_error 0 118.0
[32m[I 2021-04-07 08:07:02,103][0m Trial 152 finished with value: 118.0 and parameters: {'Vahp': -45.5, 'Vth': -40.0, 'Vmax': 12.5, 't_ref': 15.5, 'R': 0.30000000000000004, 'tau_m': 47.5, 'R_adp': 0.8, 'tau_w': 49.5, 'a': 54.5}. Best is trial 22 with value: 44.0.[0m
2021-04-07 08:07:02.320048: I tensorflow/compiler/jit/xla_gpu_device.cc:99] Not creating XLA devices, tf_xla_enable_xla_devices not set
mse_error/peak_error 0 162
[32m[I 2021-04-07 08:07:05,828][0m Trial 153 finished with value: 162.0 and parameters: {'Vahp': -39.5, 'Vth': -39.5, 'Vmax': 13.5, 't_ref': 16.5, 'R': 0.30000000000000004, 'tau_m': 48.5, 'R_adp': 0.8, 'tau_w': 45.0, 'a': 50.5}. Best is trial 22 with value: 44.0.[0m
2021-04-07 08:07:06.041825: I tensorflow/compiler/jit/xla_gpu_device.cc:99] Not creating XLA devices, tf_xla_enable_xla_devices not set
mse_error/peak_error 0 89.0
[32m[I 2021-04-07 08:07:09,584][0m Trial 154 finished with value: 89.0 and parameters: {'Vahp': -46.5, 'Vth': -43.0, 'Vmax': 12.5, 't_ref': 16.0, 'R': 0.30000000000000004, 'tau_m': 60.0, 'R_adp': 0.8, 'tau_w': 48.0, 'a': 52.5}. Best is trial 22 with value: 44.0.[0m
2021-04-07 08:07:09.798715: I tensorflow/compiler/jit/xla_gpu_device.cc:99] Not creating XLA devices, tf_xla_enable_xla_devices not set
mse_error/peak_error 0 83.0
[32m[I 2021-04-07 08:07:13,388][0m Trial 155 finished with value: 83.0 and parameters: {'Vahp': -44.5, 'Vth': -41.5, 'Vmax': 10.0, 't_ref': 17.5, 'R': 0.30000000000000004, 'tau_m': 52.0, 'R_adp': 0.7000000000000001, 'tau_w': 36.0, 'a': 56.0}. Best is trial 22 with value: 44.0.[0m
2021-04-07 08:07:13.605370: I tensorflow/compiler/jit/xla_gpu_device.cc:99] Not creating XLA devices, tf_xla_enable_xla_devices not set
mse_error/peak_error 0 216
[32m[I 2021-04-07 08:07:17,171][0m Trial 156 finished with value: 216.0 and parameters: {'Vahp': -42.0, 'Vth': -42.0, 'Vmax': 11.0, 't_ref': 15.0, 'R': 0.4, 'tau_m': 54.5, 'R_adp': 0.8, 'tau_w': 52.0, 'a': 64.0}. Best is trial 22 with value: 44.0.[0m
2021-04-07 08:07:17.387251: I tensorflow/compiler/jit/xla_gpu_device.cc:99] Not creating XLA devices, tf_xla_enable_xla_devices not set
mse_error/peak_error 0 170
[32m[I 2021-04-07 08:07:20,913][0m Trial 157 finished with value: 170.0 and parameters: {'Vahp': -43.5, 'Vth': -42.5, 'Vmax': 12.0, 't_ref': 16.5, 'R': 0.30000000000000004, 'tau_m': 46.0, 'R_adp': 0.7000000000000001, 'tau_w': 49.5, 'a': 22.5}. Best is trial 22 with value: 44.0.[0m
2021-04-07 08:07:21.128995: I tensorflow/compiler/jit/xla_gpu_device.cc:99] Not creating XLA devices, tf_xla_enable_xla_devices not set
mse_error/peak_error 0 207
[32m[I 2021-04-07 08:07:24,800][0m Trial 158 finished with value: 207.0 and parameters: {'Vahp': -44.5, 'Vth': -40.5, 'Vmax': 11.5, 't_ref': 15.5, 'R': 0.30000000000000004, 'tau_m': 42.0, 'R_adp': 1.0, 'tau_w': 56.0, 'a': 58.5}. Best is trial 22 with value: 44.0.[0m
2021-04-07 08:07:25.014706: I tensorflow/compiler/jit/xla_gpu_device.cc:99] Not creating XLA devices, tf_xla_enable_xla_devices not set
mse_error/peak_error 0 202
[32m[I 2021-04-07 08:07:28,715][0m Trial 159 finished with value: 202.0 and parameters: {'Vahp': -41.0, 'Vth': -41.0, 'Vmax': 10.5, 't_ref': 18.5, 'R': 0.4, 'tau_m': 40.5, 'R_adp': 0.9, 'tau_w': 54.0, 'a': 61.0}. Best is trial 22 with value: 44.0.[0m
2021-04-07 08:07:28.925259: I tensorflow/compiler/jit/xla_gpu_device.cc:99] Not creating XLA devices, tf_xla_enable_xla_devices not set
mse_error/peak_error 0 94.0
[32m[I 2021-04-07 08:07:32,611][0m Trial 160 finished with value: 94.0 and parameters: {'Vahp': -45.5, 'Vth': -40.0, 'Vmax': 13.0, 't_ref': 17.0, 'R': 0.30000000000000004, 'tau_m': 44.0, 'R_adp': 0.7000000000000001, 'tau_w': 41.0, 'a': 53.5}. Best is trial 22 with value: 44.0.[0m
2021-04-07 08:07:32.823515: I tensorflow/compiler/jit/xla_gpu_device.cc:99] Not creating XLA devices, tf_xla_enable_xla_devices not set
mse_error/peak_error 0 95.0
[32m[I 2021-04-07 08:07:36,541][0m Trial 161 finished with value: 95.0 and parameters: {'Vahp': -48.0, 'Vth': -39.0, 'Vmax': 12.0, 't_ref': 9.5, 'R': 0.30000000000000004, 'tau_m': 38.5, 'R_adp': 0.8, 'tau_w': 51.5, 'a': 55.5}. Best is trial 22 with value: 44.0.[0m
2021-04-07 08:07:36.752566: I tensorflow/compiler/jit/xla_gpu_device.cc:99] Not creating XLA devices, tf_xla_enable_xla_devices not set
mse_error/peak_error 0 202
[32m[I 2021-04-07 08:07:40,533][0m Trial 162 finished with value: 202.0 and parameters: {'Vahp': -43.0, 'Vth': -41.5, 'Vmax': 13.5, 't_ref': 16.0, 'R': 0.30000000000000004, 'tau_m': 32.5, 'R_adp': 0.7000000000000001, 'tau_w': 47.0, 'a': 58.5}. Best is trial 22 with value: 44.0.[0m
2021-04-07 08:07:40.753941: I tensorflow/compiler/jit/xla_gpu_device.cc:99] Not creating XLA devices, tf_xla_enable_xla_devices not set
mse_error/peak_error 0 92.0
[32m[I 2021-04-07 08:07:44,481][0m Trial 163 finished with value: 92.0 and parameters: {'Vahp': -46.5, 'Vth': -42.5, 'Vmax': 26.5, 't_ref': 18.0, 'R': 0.30000000000000004, 'tau_m': 30.0, 'R_adp': 0.8, 'tau_w': 77.0, 'a': 49.5}. Best is trial 22 with value: 44.0.[0m
2021-04-07 08:07:44.729620: I tensorflow/compiler/jit/xla_gpu_device.cc:99] Not creating XLA devices, tf_xla_enable_xla_devices not set
mse_error/peak_error 0 53.0
[32m[I 2021-04-07 08:07:48,444][0m Trial 164 finished with value: 53.0 and parameters: {'Vahp': -44.5, 'Vth': -42.0, 'Vmax': 11.5, 't_ref': 15.0, 'R': 0.30000000000000004, 'tau_m': 50.5, 'R_adp': 0.7000000000000001, 'tau_w': 57.5, 'a': 46.5}. Best is trial 22 with value: 44.0.[0m
2021-04-07 08:07:48.664246: I tensorflow/compiler/jit/xla_gpu_device.cc:99] Not creating XLA devices, tf_xla_enable_xla_devices not set
mse_error/peak_error 0 45.0
[32m[I 2021-04-07 08:07:52,441][0m Trial 165 finished with value: 45.0 and parameters: {'Vahp': -44.0, 'Vth': -42.0, 'Vmax': 11.0, 't_ref': 14.0, 'R': 0.30000000000000004, 'tau_m': 50.5, 'R_adp': 0.8, 'tau_w': 57.5, 'a': 47.0}. Best is trial 22 with value: 44.0.[0m
2021-04-07 08:07:52.659301: I tensorflow/compiler/jit/xla_gpu_device.cc:99] Not creating XLA devices, tf_xla_enable_xla_devices not set
mse_error/peak_error 0 239
[32m[I 2021-04-07 08:07:56,351][0m Trial 166 finished with value: 239.0 and parameters: {'Vahp': -42.5, 'Vth': -42.0, 'Vmax': 11.0, 't_ref': 15.0, 'R': 0.2, 'tau_m': 52.0, 'R_adp': 0.8, 'tau_w': 57.0, 'a': 46.5}. Best is trial 22 with value: 44.0.[0m
2021-04-07 08:07:56.563671: I tensorflow/compiler/jit/xla_gpu_device.cc:99] Not creating XLA devices, tf_xla_enable_xla_devices not set
mse_error/peak_error 0 158
[32m[I 2021-04-07 08:08:00,347][0m Trial 167 finished with value: 158.0 and parameters: {'Vahp': -43.5, 'Vth': -42.5, 'Vmax': 10.0, 't_ref': 14.5, 'R': 0.30000000000000004, 'tau_m': 50.0, 'R_adp': 0.8, 'tau_w': 54.0, 'a': 45.0}. Best is trial 22 with value: 44.0.[0m
2021-04-07 08:08:00.566115: I tensorflow/compiler/jit/xla_gpu_device.cc:99] Not creating XLA devices, tf_xla_enable_xla_devices not set
mse_error/peak_error 0 217
[32m[I 2021-04-07 08:08:04,453][0m Trial 168 finished with value: 217.0 and parameters: {'Vahp': -46.0, 'Vth': -38.0, 'Vmax': 12.5, 't_ref': 15.0, 'R': 0.30000000000000004, 'tau_m': 45.5, 'R_adp': 0.7000000000000001, 'tau_w': 75.5, 'a': 51.0}. Best is trial 22 with value: 44.0.[0m
2021-04-07 08:08:04.669262: I tensorflow/compiler/jit/xla_gpu_device.cc:99] Not creating XLA devices, tf_xla_enable_xla_devices not set
mse_error/peak_error 0 192
[32m[I 2021-04-07 08:08:08,540][0m Trial 169 finished with value: 192.0 and parameters: {'Vahp': -44.5, 'Vth': -43.5, 'Vmax': 11.5, 't_ref': 14.0, 'R': 0.30000000000000004, 'tau_m': 49.0, 'R_adp': 0.8, 'tau_w': 58.0, 'a': 40.0}. Best is trial 22 with value: 44.0.[0m
2021-04-07 08:08:08.764330: I tensorflow/compiler/jit/xla_gpu_device.cc:99] Not creating XLA devices, tf_xla_enable_xla_devices not set
mse_error/peak_error 0 71.0
[32m[I 2021-04-07 08:08:12,699][0m Trial 170 finished with value: 71.0 and parameters: {'Vahp': -45.5, 'Vth': -40.5, 'Vmax': 10.5, 't_ref': 15.5, 'R': 0.4, 'tau_m': 47.5, 'R_adp': 0.9, 'tau_w': 55.5, 'a': 47.5}. Best is trial 22 with value: 44.0.[0m
2021-04-07 08:08:12.938836: I tensorflow/compiler/jit/xla_gpu_device.cc:99] Not creating XLA devices, tf_xla_enable_xla_devices not set
mse_error/peak_error 0 188
[32m[I 2021-04-07 08:08:16,905][0m Trial 171 finished with value: 188.0 and parameters: {'Vahp': -47.0, 'Vth': -43.0, 'Vmax': 10.5, 't_ref': 15.5, 'R': 0.4, 'tau_m': 47.5, 'R_adp': 0.9, 'tau_w': 56.5, 'a': 48.0}. Best is trial 22 with value: 44.0.[0m
2021-04-07 08:08:17.145283: I tensorflow/compiler/jit/xla_gpu_device.cc:99] Not creating XLA devices, tf_xla_enable_xla_devices not set
mse_error/peak_error 0 76.0
[32m[I 2021-04-07 08:08:21,132][0m Trial 172 finished with value: 76.0 and parameters: {'Vahp': -45.5, 'Vth': -40.5, 'Vmax': 10.0, 't_ref': 16.0, 'R': 0.4, 'tau_m': 53.5, 'R_adp': 0.9, 'tau_w': 61.5, 'a': 44.0}. Best is trial 22 with value: 44.0.[0m
2021-04-07 08:08:21.358223: I tensorflow/compiler/jit/xla_gpu_device.cc:99] Not creating XLA devices, tf_xla_enable_xla_devices not set
mse_error/peak_error 0 169
[32m[I 2021-04-07 08:08:25,272][0m Trial 173 finished with value: 169.0 and parameters: {'Vahp': -48.0, 'Vth': -43.5, 'Vmax': 12.0, 't_ref': 14.5, 'R': 0.4, 'tau_m': 57.5, 'R_adp': 0.9, 'tau_w': 52.5, 'a': 47.5}. Best is trial 22 with value: 44.0.[0m
2021-04-07 08:08:25.494075: I tensorflow/compiler/jit/xla_gpu_device.cc:99] Not creating XLA devices, tf_xla_enable_xla_devices not set
mse_error/peak_error 0 86.0
[32m[I 2021-04-07 08:08:29,524][0m Trial 174 finished with value: 86.0 and parameters: {'Vahp': -45.0, 'Vth': -42.0, 'Vmax': 11.0, 't_ref': 16.5, 'R': 0.30000000000000004, 'tau_m': 41.5, 'R_adp': 1.0, 'tau_w': 50.0, 'a': 51.5}. Best is trial 22 with value: 44.0.[0m
2021-04-07 08:08:29.770341: I tensorflow/compiler/jit/xla_gpu_device.cc:99] Not creating XLA devices, tf_xla_enable_xla_devices not set
mse_error/peak_error 0 155
[32m[I 2021-04-07 08:08:33,770][0m Trial 175 finished with value: 155.0 and parameters: {'Vahp': -44.0, 'Vth': -41.5, 'Vmax': 11.0, 't_ref': 14.5, 'R': 0.30000000000000004, 'tau_m': 51.0, 'R_adp': 0.7000000000000001, 'tau_w': 55.0, 'a': 46.0}. Best is trial 22 with value: 44.0.[0m
2021-04-07 08:08:33.985583: I tensorflow/compiler/jit/xla_gpu_device.cc:99] Not creating XLA devices, tf_xla_enable_xla_devices not set
mse_error/peak_error 0 354
[32m[I 2021-04-07 08:08:38,003][0m Trial 176 finished with value: 354.0 and parameters: {'Vahp': -42.0, 'Vth': -41.5, 'Vmax': 12.0, 't_ref': 15.0, 'R': 0.5, 'tau_m': 46.5, 'R_adp': 0.8, 'tau_w': 64.0, 'a': 49.5}. Best is trial 22 with value: 44.0.[0m
2021-04-07 08:08:38.222546: I tensorflow/compiler/jit/xla_gpu_device.cc:99] Not creating XLA devices, tf_xla_enable_xla_devices not set
mse_error/peak_error 0 334
[32m[I 2021-04-07 08:08:42,211][0m Trial 177 finished with value: 334.0 and parameters: {'Vahp': -43.0, 'Vth': -40.5, 'Vmax': 10.0, 't_ref': 15.5, 'R': 0.30000000000000004, 'tau_m': 8.0, 'R_adp': 0.8, 'tau_w': 58.0, 'a': 42.5}. Best is trial 22 with value: 44.0.[0m
2021-04-07 08:08:42.443272: I tensorflow/compiler/jit/xla_gpu_device.cc:99] Not creating XLA devices, tf_xla_enable_xla_devices not set
mse_error/peak_error 0 46.0
[32m[I 2021-04-07 08:08:46,432][0m Trial 178 finished with value: 46.0 and parameters: {'Vahp': -44.5, 'Vth': -41.0, 'Vmax': 11.5, 't_ref': 14.0, 'R': 0.30000000000000004, 'tau_m': 43.5, 'R_adp': 0.7000000000000001, 'tau_w': 59.5, 'a': 53.0}. Best is trial 22 with value: 44.0.[0m
2021-04-07 08:08:46.640243: I tensorflow/compiler/jit/xla_gpu_device.cc:99] Not creating XLA devices, tf_xla_enable_xla_devices not set
mse_error/peak_error 0 55.0
[32m[I 2021-04-07 08:08:50,741][0m Trial 179 finished with value: 55.0 and parameters: {'Vahp': -46.5, 'Vth': -42.0, 'Vmax': 11.5, 't_ref': 14.0, 'R': 0.30000000000000004, 'tau_m': 43.0, 'R_adp': 0.7000000000000001, 'tau_w': 62.5, 'a': 53.0}. Best is trial 22 with value: 44.0.[0m
2021-04-07 08:08:50.953500: I tensorflow/compiler/jit/xla_gpu_device.cc:99] Not creating XLA devices, tf_xla_enable_xla_devices not set
mse_error/peak_error 0 236
[32m[I 2021-04-07 08:08:55,091][0m Trial 180 finished with value: 236.0 and parameters: {'Vahp': -46.5, 'Vth': -42.5, 'Vmax': 10.5, 't_ref': 14.0, 'R': 0.4, 'tau_m': 43.5, 'R_adp': 0.7000000000000001, 'tau_w': 61.5, 'a': 52.0}. Best is trial 22 with value: 44.0.[0m
2021-04-07 08:08:55.299217: I tensorflow/compiler/jit/xla_gpu_device.cc:99] Not creating XLA devices, tf_xla_enable_xla_devices not set
mse_error/peak_error 0 80.0
[32m[I 2021-04-07 08:08:59,423][0m Trial 181 finished with value: 80.0 and parameters: {'Vahp': -47.5, 'Vth': -42.0, 'Vmax': 11.5, 't_ref': 14.0, 'R': 0.30000000000000004, 'tau_m': 49.0, 'R_adp': 0.7000000000000001, 'tau_w': 65.5, 'a': 49.0}. Best is trial 22 with value: 44.0.[0m
2021-04-07 08:08:59.633360: I tensorflow/compiler/jit/xla_gpu_device.cc:99] Not creating XLA devices, tf_xla_enable_xla_devices not set
mse_error/peak_error 0 66.0
[32m[I 2021-04-07 08:09:03,678][0m Trial 182 finished with value: 66.0 and parameters: {'Vahp': -44.5, 'Vth': -41.0, 'Vmax': 12.5, 't_ref': 14.5, 'R': 0.30000000000000004, 'tau_m': 44.5, 'R_adp': 0.7000000000000001, 'tau_w': 61.5, 'a': 54.0}. Best is trial 22 with value: 44.0.[0m
2021-04-07 08:09:03.896942: I tensorflow/compiler/jit/xla_gpu_device.cc:99] Not creating XLA devices, tf_xla_enable_xla_devices not set
mse_error/peak_error 0 44.0
[32m[I 2021-04-07 08:09:08,007][0m Trial 183 finished with value: 44.0 and parameters: {'Vahp': -44.0, 'Vth': -41.5, 'Vmax': 12.5, 't_ref': 14.0, 'R': 0.30000000000000004, 'tau_m': 44.5, 'R_adp': 0.7000000000000001, 'tau_w': 59.5, 'a': 54.0}. Best is trial 22 with value: 44.0.[0m
2021-04-07 08:09:08.216668: I tensorflow/compiler/jit/xla_gpu_device.cc:99] Not creating XLA devices, tf_xla_enable_xla_devices not set
mse_error/peak_error 0 69.0
[32m[I 2021-04-07 08:09:12,467][0m Trial 184 finished with value: 69.0 and parameters: {'Vahp': -45.0, 'Vth': -40.5, 'Vmax': 12.5, 't_ref': 13.5, 'R': 0.30000000000000004, 'tau_m': 44.5, 'R_adp': 0.7000000000000001, 'tau_w': 62.5, 'a': 53.5}. Best is trial 22 with value: 44.0.[0m
2021-04-07 08:09:12.691482: I tensorflow/compiler/jit/xla_gpu_device.cc:99] Not creating XLA devices, tf_xla_enable_xla_devices not set
mse_error/peak_error 0 82.0
[32m[I 2021-04-07 08:09:16,942][0m Trial 185 finished with value: 82.0 and parameters: {'Vahp': -45.0, 'Vth': -40.5, 'Vmax': 13.0, 't_ref': 14.5, 'R': 0.30000000000000004, 'tau_m': 45.5, 'R_adp': 0.7000000000000001, 'tau_w': 63.0, 'a': 53.0}. Best is trial 22 with value: 44.0.[0m
2021-04-07 08:09:17.409659: I tensorflow/compiler/jit/xla_gpu_device.cc:99] Not creating XLA devices, tf_xla_enable_xla_devices not set
mse_error/peak_error 0 93.0
[32m[I 2021-04-07 08:09:21,750][0m Trial 186 finished with value: 93.0 and parameters: {'Vahp': -43.0, 'Vth': -42.0, 'Vmax': 14.0, 't_ref': 12.5, 'R': 0.30000000000000004, 'tau_m': 43.5, 'R_adp': 0.7000000000000001, 'tau_w': 59.0, 'a': 54.0}. Best is trial 22 with value: 44.0.[0m
2021-04-07 08:09:21.985669: I tensorflow/compiler/jit/xla_gpu_device.cc:99] Not creating XLA devices, tf_xla_enable_xla_devices not set
mse_error/peak_error 0 316
[32m[I 2021-04-07 08:09:26,312][0m Trial 187 finished with value: 316.0 and parameters: {'Vahp': -44.0, 'Vth': -31.0, 'Vmax': 21.5, 't_ref': 14.0, 'R': 0.30000000000000004, 'tau_m': 40.5, 'R_adp': 0.7000000000000001, 'tau_w': 63.0, 'a': 57.0}. Best is trial 22 with value: 44.0.[0m
2021-04-07 08:09:26.536017: I tensorflow/compiler/jit/xla_gpu_device.cc:99] Not creating XLA devices, tf_xla_enable_xla_devices not set
mse_error/peak_error 0 234
[32m[I 2021-04-07 08:09:30,894][0m Trial 188 finished with value: 234.0 and parameters: {'Vahp': -45.0, 'Vth': -42.5, 'Vmax': 12.5, 't_ref': 13.0, 'R': 0.2, 'tau_m': 45.0, 'R_adp': 0.7000000000000001, 'tau_w': 61.0, 'a': 53.0}. Best is trial 22 with value: 44.0.[0m
2021-04-07 08:09:31.113013: I tensorflow/compiler/jit/xla_gpu_device.cc:99] Not creating XLA devices, tf_xla_enable_xla_devices not set
mse_error/peak_error 0 39.0
[32m[I 2021-04-07 08:09:35,537][0m Trial 189 finished with value: 39.0 and parameters: {'Vahp': -42.5, 'Vth': -41.0, 'Vmax': 12.5, 't_ref': 14.0, 'R': 0.30000000000000004, 'tau_m': 47.5, 'R_adp': 0.7000000000000001, 'tau_w': 66.5, 'a': 51.0}. Best is trial 189 with value: 39.0.[0m
2021-04-07 08:09:35.747778: I tensorflow/compiler/jit/xla_gpu_device.cc:99] Not creating XLA devices, tf_xla_enable_xla_devices not set
mse_error/peak_error 0 98.0
[32m[I 2021-04-07 08:09:40,172][0m Trial 190 finished with value: 98.0 and parameters: {'Vahp': -41.0, 'Vth': -41.0, 'Vmax': 12.5, 't_ref': 13.5, 'R': 0.30000000000000004, 'tau_m': 42.0, 'R_adp': 0.7000000000000001, 'tau_w': 66.0, 'a': 51.0}. Best is trial 189 with value: 39.0.[0m
2021-04-07 08:09:40.388410: I tensorflow/compiler/jit/xla_gpu_device.cc:99] Not creating XLA devices, tf_xla_enable_xla_devices not set
mse_error/peak_error 0 182
[32m[I 2021-04-07 08:09:44,823][0m Trial 191 finished with value: 182.0 and parameters: {'Vahp': -42.0, 'Vth': -41.5, 'Vmax': 13.0, 't_ref': 14.0, 'R': 0.30000000000000004, 'tau_m': 47.5, 'R_adp': 0.7000000000000001, 'tau_w': 69.0, 'a': 47.0}. Best is trial 189 with value: 39.0.[0m
2021-04-07 08:09:45.040767: I tensorflow/compiler/jit/xla_gpu_device.cc:99] Not creating XLA devices, tf_xla_enable_xla_devices not set
mse_error/peak_error 0 71.0
[32m[I 2021-04-07 08:09:49,542][0m Trial 192 finished with value: 71.0 and parameters: {'Vahp': -43.5, 'Vth': -40.0, 'Vmax': 12.0, 't_ref': 14.5, 'R': 0.30000000000000004, 'tau_m': 44.0, 'R_adp': 0.7000000000000001, 'tau_w': 64.5, 'a': 54.5}. Best is trial 189 with value: 39.0.[0m
2021-04-07 08:09:49.765662: I tensorflow/compiler/jit/xla_gpu_device.cc:99] Not creating XLA devices, tf_xla_enable_xla_devices not set
mse_error/peak_error 0 49.0
[32m[I 2021-04-07 08:09:54,081][0m Trial 193 finished with value: 49.0 and parameters: {'Vahp': -43.0, 'Vth': -41.0, 'Vmax': 11.0, 't_ref': 13.5, 'R': 0.30000000000000004, 'tau_m': 47.0, 'R_adp': 0.7000000000000001, 'tau_w': 59.0, 'a': 49.5}. Best is trial 189 with value: 39.0.[0m
2021-04-07 08:09:54.300910: I tensorflow/compiler/jit/xla_gpu_device.cc:99] Not creating XLA devices, tf_xla_enable_xla_devices not set
mse_error/peak_error 0 39.0
[32m[I 2021-04-07 08:09:58,655][0m Trial 194 finished with value: 39.0 and parameters: {'Vahp': -40.0, 'Vth': -40.0, 'Vmax': 12.5, 't_ref': 13.5, 'R': 0.30000000000000004, 'tau_m': 51.0, 'R_adp': 0.7000000000000001, 'tau_w': 66.5, 'a': 51.0}. Best is trial 189 with value: 39.0.[0m
2021-04-07 08:09:58.875849: I tensorflow/compiler/jit/xla_gpu_device.cc:99] Not creating XLA devices, tf_xla_enable_xla_devices not set
mse_error/peak_error 0 28.0
[32m[I 2021-04-07 08:10:03,300][0m Trial 195 finished with value: 28.0 and parameters: {'Vahp': -40.0, 'Vth': -40.0, 'Vmax': 13.5, 't_ref': 13.0, 'R': 0.30000000000000004, 'tau_m': 54.5, 'R_adp': 0.7000000000000001, 'tau_w': 67.5, 'a': 51.0}. Best is trial 195 with value: 28.0.[0m
2021-04-07 08:10:03.515770: I tensorflow/compiler/jit/xla_gpu_device.cc:99] Not creating XLA devices, tf_xla_enable_xla_devices not set
mse_error/peak_error 0 396
[32m[I 2021-04-07 08:10:08,006][0m Trial 196 finished with value: 396.0 and parameters: {'Vahp': -38.5, 'Vth': -30.0, 'Vmax': 11.0, 't_ref': 13.0, 'R': 0.30000000000000004, 'tau_m': 54.0, 'R_adp': 0.7000000000000001, 'tau_w': 72.0, 'a': 50.5}. Best is trial 195 with value: 28.0.[0m
2021-04-07 08:10:08.226140: I tensorflow/compiler/jit/xla_gpu_device.cc:99] Not creating XLA devices, tf_xla_enable_xla_devices not set
mse_error/peak_error 0 21.0
