[32m[I 2021-04-07 08:26:36,273][0m Trial 344 finished with value: 433.0 and parameters: {'Vahp': -43.0, 'Vth': -40.5, 'Vmax': 19.0, 't_ref': 8.5, 'R': 0.2, 'tau_m': 59.5, 'R_adp': 0.8, 'tau_w': 58.5, 'a': 44.5}. Best is trial 318 with value: 5.0.[0m
2021-04-07 08:26:36.497327: I tensorflow/compiler/jit/xla_gpu_device.cc:99] Not creating XLA devices, tf_xla_enable_xla_devices not set
mse_error/peak_error 0 31.0
[32m[I 2021-04-07 08:26:45,123][0m Trial 345 finished with value: 31.0 and parameters: {'Vahp': -43.0, 'Vth': -40.5, 'Vmax': 18.5, 't_ref': 8.5, 'R': 0.30000000000000004, 'tau_m': 62.0, 'R_adp': 0.8, 'tau_w': 61.5, 'a': 47.5}. Best is trial 318 with value: 5.0.[0m
2021-04-07 08:26:45.353980: I tensorflow/compiler/jit/xla_gpu_device.cc:99] Not creating XLA devices, tf_xla_enable_xla_devices not set
mse_error/peak_error 0 13.0
[32m[I 2021-04-07 08:26:54,028][0m Trial 346 finished with value: 13.0 and parameters: {'Vahp': -43.5, 'Vth': -41.0, 'Vmax': 19.5, 't_ref': 9.0, 'R': 0.30000000000000004, 'tau_m': 59.0, 'R_adp': 0.8, 'tau_w': 63.5, 'a': 45.5}. Best is trial 318 with value: 5.0.[0m
2021-04-07 08:26:54.264781: I tensorflow/compiler/jit/xla_gpu_device.cc:99] Not creating XLA devices, tf_xla_enable_xla_devices not set
mse_error/peak_error 0 35.0
[32m[I 2021-04-07 08:27:02,923][0m Trial 347 finished with value: 35.0 and parameters: {'Vahp': -43.5, 'Vth': -41.0, 'Vmax': 20.0, 't_ref': 9.0, 'R': 0.30000000000000004, 'tau_m': 58.5, 'R_adp': 0.8, 'tau_w': 60.0, 'a': 41.5}. Best is trial 318 with value: 5.0.[0m
2021-04-07 08:27:03.180509: I tensorflow/compiler/jit/xla_gpu_device.cc:99] Not creating XLA devices, tf_xla_enable_xla_devices not set
mse_error/peak_error 0 17.0
[32m[I 2021-04-07 08:27:11,884][0m Trial 348 finished with value: 17.0 and parameters: {'Vahp': -42.5, 'Vth': -40.5, 'Vmax': 21.5, 't_ref': 9.5, 'R': 0.30000000000000004, 'tau_m': 60.0, 'R_adp': 0.8, 'tau_w': 63.5, 'a': 43.5}. Best is trial 318 with value: 5.0.[0m
2021-04-07 08:27:12.116557: I tensorflow/compiler/jit/xla_gpu_device.cc:99] Not creating XLA devices, tf_xla_enable_xla_devices not set
mse_error/peak_error 0 28.0
[32m[I 2021-04-07 08:27:20,768][0m Trial 349 finished with value: 28.0 and parameters: {'Vahp': -42.5, 'Vth': -40.5, 'Vmax': 21.0, 't_ref': 9.0, 'R': 0.30000000000000004, 'tau_m': 65.0, 'R_adp': 0.8, 'tau_w': 57.5, 'a': 44.0}. Best is trial 318 with value: 5.0.[0m
2021-04-07 08:27:21.000466: I tensorflow/compiler/jit/xla_gpu_device.cc:99] Not creating XLA devices, tf_xla_enable_xla_devices not set
mse_error/peak_error 0 10.0
[32m[I 2021-04-07 08:27:29,709][0m Trial 350 finished with value: 10.0 and parameters: {'Vahp': -42.5, 'Vth': -41.0, 'Vmax': 19.5, 't_ref': 9.5, 'R': 0.30000000000000004, 'tau_m': 60.0, 'R_adp': 0.8, 'tau_w': 63.0, 'a': 45.5}. Best is trial 318 with value: 5.0.[0m
2021-04-07 08:27:29.941774: I tensorflow/compiler/jit/xla_gpu_device.cc:99] Not creating XLA devices, tf_xla_enable_xla_devices not set
mse_error/peak_error 0 18.0
[32m[I 2021-04-07 08:27:38,618][0m Trial 351 finished with value: 18.0 and parameters: {'Vahp': -43.5, 'Vth': -41.0, 'Vmax': 19.5, 't_ref': 9.5, 'R': 0.30000000000000004, 'tau_m': 62.5, 'R_adp': 0.8, 'tau_w': 62.5, 'a': 45.5}. Best is trial 318 with value: 5.0.[0m
2021-04-07 08:27:38.850012: I tensorflow/compiler/jit/xla_gpu_device.cc:99] Not creating XLA devices, tf_xla_enable_xla_devices not set
mse_error/peak_error 0 417
[32m[I 2021-04-07 08:27:47,649][0m Trial 352 finished with value: 417.0 and parameters: {'Vahp': -42.5, 'Vth': -40.5, 'Vmax': 20.5, 't_ref': 9.0, 'R': 0.2, 'tau_m': 60.0, 'R_adp': 0.8, 'tau_w': 63.0, 'a': 43.5}. Best is trial 318 with value: 5.0.[0m
2021-04-07 08:27:47.880125: I tensorflow/compiler/jit/xla_gpu_device.cc:99] Not creating XLA devices, tf_xla_enable_xla_devices not set
mse_error/peak_error 0 25.0
[32m[I 2021-04-07 08:27:56,570][0m Trial 353 finished with value: 25.0 and parameters: {'Vahp': -43.5, 'Vth': -41.0, 'Vmax': 19.5, 't_ref': 8.0, 'R': 0.30000000000000004, 'tau_m': 58.5, 'R_adp': 0.8, 'tau_w': 60.0, 'a': 46.0}. Best is trial 318 with value: 5.0.[0m
2021-04-07 08:27:56.800873: I tensorflow/compiler/jit/xla_gpu_device.cc:99] Not creating XLA devices, tf_xla_enable_xla_devices not set
mse_error/peak_error 0 22.0
[32m[I 2021-04-07 08:28:05,487][0m Trial 354 finished with value: 22.0 and parameters: {'Vahp': -43.5, 'Vth': -41.0, 'Vmax': 19.5, 't_ref': 9.5, 'R': 0.30000000000000004, 'tau_m': 62.5, 'R_adp': 0.8, 'tau_w': 62.5, 'a': 43.0}. Best is trial 318 with value: 5.0.[0m
2021-04-07 08:28:05.710247: I tensorflow/compiler/jit/xla_gpu_device.cc:99] Not creating XLA devices, tf_xla_enable_xla_devices not set
mse_error/peak_error 0 293
[32m[I 2021-04-07 08:28:14,410][0m Trial 355 finished with value: 293.0 and parameters: {'Vahp': -43.0, 'Vth': -41.0, 'Vmax': 20.0, 't_ref': 9.5, 'R': 0.4, 'tau_m': 64.0, 'R_adp': 0.8, 'tau_w': 61.5, 'a': 44.5}. Best is trial 318 with value: 5.0.[0m
2021-04-07 08:28:14.636620: I tensorflow/compiler/jit/xla_gpu_device.cc:99] Not creating XLA devices, tf_xla_enable_xla_devices not set
mse_error/peak_error 0 20.0
[32m[I 2021-04-07 08:28:23,553][0m Trial 356 finished with value: 20.0 and parameters: {'Vahp': -42.0, 'Vth': -40.0, 'Vmax': 18.5, 't_ref': 9.0, 'R': 0.30000000000000004, 'tau_m': 60.5, 'R_adp': 0.8, 'tau_w': 58.0, 'a': 48.5}. Best is trial 318 with value: 5.0.[0m
2021-04-07 08:28:23.877385: I tensorflow/compiler/jit/xla_gpu_device.cc:99] Not creating XLA devices, tf_xla_enable_xla_devices not set
mse_error/peak_error 0 16.0
[32m[I 2021-04-07 08:28:32,763][0m Trial 357 finished with value: 16.0 and parameters: {'Vahp': -41.5, 'Vth': -40.0, 'Vmax': 21.5, 't_ref': 8.5, 'R': 0.30000000000000004, 'tau_m': 59.0, 'R_adp': 0.8, 'tau_w': 64.5, 'a': 48.0}. Best is trial 318 with value: 5.0.[0m
2021-04-07 08:28:33.015268: I tensorflow/compiler/jit/xla_gpu_device.cc:99] Not creating XLA devices, tf_xla_enable_xla_devices not set
mse_error/peak_error 0 6.0
[32m[I 2021-04-07 08:28:42,017][0m Trial 358 finished with value: 6.0 and parameters: {'Vahp': -42.5, 'Vth': -40.5, 'Vmax': 18.5, 't_ref': 8.5, 'R': 0.30000000000000004, 'tau_m': 58.5, 'R_adp': 0.8, 'tau_w': 64.0, 'a': 47.5}. Best is trial 318 with value: 5.0.[0m
2021-04-07 08:28:42.242469: I tensorflow/compiler/jit/xla_gpu_device.cc:99] Not creating XLA devices, tf_xla_enable_xla_devices not set
mse_error/peak_error 0 22.0
[32m[I 2021-04-07 08:28:51,205][0m Trial 359 finished with value: 22.0 and parameters: {'Vahp': -41.5, 'Vth': -40.0, 'Vmax': 18.5, 't_ref': 7.5, 'R': 0.30000000000000004, 'tau_m': 58.0, 'R_adp': 0.8, 'tau_w': 60.5, 'a': 48.5}. Best is trial 318 with value: 5.0.[0m
2021-04-07 08:28:51.427553: I tensorflow/compiler/jit/xla_gpu_device.cc:99] Not creating XLA devices, tf_xla_enable_xla_devices not set
mse_error/peak_error 0 123
[32m[I 2021-04-07 08:29:00,416][0m Trial 360 finished with value: 123.0 and parameters: {'Vahp': -42.5, 'Vth': -40.5, 'Vmax': 19.5, 't_ref': 8.5, 'R': 0.30000000000000004, 'tau_m': 60.5, 'R_adp': 0.8, 'tau_w': 63.5, 'a': 38.5}. Best is trial 318 with value: 5.0.[0m
2021-04-07 08:29:00.655306: I tensorflow/compiler/jit/xla_gpu_device.cc:99] Not creating XLA devices, tf_xla_enable_xla_devices not set
mse_error/peak_error 0 26.0
[32m[I 2021-04-07 08:29:09,665][0m Trial 361 finished with value: 26.0 and parameters: {'Vahp': -41.5, 'Vth': -40.0, 'Vmax': 18.5, 't_ref': 8.0, 'R': 0.30000000000000004, 'tau_m': 58.0, 'R_adp': 0.8, 'tau_w': 59.0, 'a': 47.5}. Best is trial 318 with value: 5.0.[0m
2021-04-07 08:29:09.888976: I tensorflow/compiler/jit/xla_gpu_device.cc:99] Not creating XLA devices, tf_xla_enable_xla_devices not set
mse_error/peak_error 0 364
[32m[I 2021-04-07 08:29:18,896][0m Trial 362 finished with value: 364.0 and parameters: {'Vahp': -43.5, 'Vth': -41.5, 'Vmax': 20.5, 't_ref': 8.0, 'R': 0.4, 'tau_m': 57.5, 'R_adp': 0.8, 'tau_w': 64.0, 'a': 46.5}. Best is trial 318 with value: 5.0.[0m
2021-04-07 08:29:19.118873: I tensorflow/compiler/jit/xla_gpu_device.cc:99] Not creating XLA devices, tf_xla_enable_xla_devices not set
mse_error/peak_error 0 6.0
[32m[I 2021-04-07 08:29:28,228][0m Trial 363 finished with value: 6.0 and parameters: {'Vahp': -42.5, 'Vth': -40.5, 'Vmax': 19.0, 't_ref': 9.0, 'R': 0.30000000000000004, 'tau_m': 61.0, 'R_adp': 0.8, 'tau_w': 61.0, 'a': 49.5}. Best is trial 318 with value: 5.0.[0m
2021-04-07 08:29:28.453372: I tensorflow/compiler/jit/xla_gpu_device.cc:99] Not creating XLA devices, tf_xla_enable_xla_devices not set
mse_error/peak_error 0 8.0
[32m[I 2021-04-07 08:29:37,558][0m Trial 364 finished with value: 8.0 and parameters: {'Vahp': -43.0, 'Vth': -41.0, 'Vmax': 19.0, 't_ref': 8.5, 'R': 0.30000000000000004, 'tau_m': 62.0, 'R_adp': 0.8, 'tau_w': 64.0, 'a': 49.5}. Best is trial 318 with value: 5.0.[0m
2021-04-07 08:29:37.786375: I tensorflow/compiler/jit/xla_gpu_device.cc:99] Not creating XLA devices, tf_xla_enable_xla_devices not set
mse_error/peak_error 0 440
[32m[I 2021-04-07 08:29:46,938][0m Trial 365 finished with value: 440.0 and parameters: {'Vahp': -44.0, 'Vth': -41.5, 'Vmax': 19.0, 't_ref': 9.0, 'R': 0.2, 'tau_m': 62.0, 'R_adp': 0.8, 'tau_w': 56.5, 'a': 49.5}. Best is trial 318 with value: 5.0.[0m
2021-04-07 08:29:47.162464: I tensorflow/compiler/jit/xla_gpu_device.cc:99] Not creating XLA devices, tf_xla_enable_xla_devices not set
mse_error/peak_error 0 34.0
[32m[I 2021-04-07 08:29:56,261][0m Trial 366 finished with value: 34.0 and parameters: {'Vahp': -43.0, 'Vth': -41.0, 'Vmax': 18.0, 't_ref': 9.0, 'R': 0.30000000000000004, 'tau_m': 66.0, 'R_adp': 0.8, 'tau_w': 61.5, 'a': 50.0}. Best is trial 318 with value: 5.0.[0m
2021-04-07 08:29:56.482887: I tensorflow/compiler/jit/xla_gpu_device.cc:99] Not creating XLA devices, tf_xla_enable_xla_devices not set
mse_error/peak_error 0 23.0
[32m[I 2021-04-07 08:30:05,591][0m Trial 367 finished with value: 23.0 and parameters: {'Vahp': -42.5, 'Vth': -40.5, 'Vmax': 19.0, 't_ref': 8.5, 'R': 0.30000000000000004, 'tau_m': 63.5, 'R_adp': 0.8, 'tau_w': 59.0, 'a': 45.5}. Best is trial 318 with value: 5.0.[0m
2021-04-07 08:30:05.818777: I tensorflow/compiler/jit/xla_gpu_device.cc:99] Not creating XLA devices, tf_xla_enable_xla_devices not set
mse_error/peak_error 0 16.0
[32m[I 2021-04-07 08:30:14,966][0m Trial 368 finished with value: 16.0 and parameters: {'Vahp': -44.0, 'Vth': -41.0, 'Vmax': 18.0, 't_ref': 9.0, 'R': 0.30000000000000004, 'tau_m': 61.5, 'R_adp': 0.8, 'tau_w': 64.0, 'a': 41.0}. Best is trial 318 with value: 5.0.[0m
2021-04-07 08:30:15.199699: I tensorflow/compiler/jit/xla_gpu_device.cc:99] Not creating XLA devices, tf_xla_enable_xla_devices not set
mse_error/peak_error 0 29.0
[32m[I 2021-04-07 08:30:24,441][0m Trial 369 finished with value: 29.0 and parameters: {'Vahp': -43.0, 'Vth': -40.5, 'Vmax': 18.5, 't_ref': 9.5, 'R': 0.30000000000000004, 'tau_m': 60.0, 'R_adp': 0.8, 'tau_w': 61.5, 'a': 50.5}. Best is trial 318 with value: 5.0.[0m
2021-04-07 08:30:24.669411: I tensorflow/compiler/jit/xla_gpu_device.cc:99] Not creating XLA devices, tf_xla_enable_xla_devices not set
mse_error/peak_error 0 27.0
[32m[I 2021-04-07 08:30:33,893][0m Trial 370 finished with value: 27.0 and parameters: {'Vahp': -41.5, 'Vth': -40.5, 'Vmax': 20.0, 't_ref': 8.5, 'R': 0.30000000000000004, 'tau_m': 61.5, 'R_adp': 0.8, 'tau_w': 64.0, 'a': 46.5}. Best is trial 318 with value: 5.0.[0m
2021-04-07 08:30:34.115959: I tensorflow/compiler/jit/xla_gpu_device.cc:99] Not creating XLA devices, tf_xla_enable_xla_devices not set
mse_error/peak_error 0 19.0
[32m[I 2021-04-07 08:30:43,383][0m Trial 371 finished with value: 19.0 and parameters: {'Vahp': -43.5, 'Vth': -41.5, 'Vmax': 18.0, 't_ref': 9.5, 'R': 0.30000000000000004, 'tau_m': 57.5, 'R_adp': 0.9, 'tau_w': 59.5, 'a': 48.0}. Best is trial 318 with value: 5.0.[0m
2021-04-07 08:30:43.616275: I tensorflow/compiler/jit/xla_gpu_device.cc:99] Not creating XLA devices, tf_xla_enable_xla_devices not set
mse_error/peak_error 0 458
[32m[I 2021-04-07 08:30:52,892][0m Trial 372 finished with value: 458.0 and parameters: {'Vahp': -42.5, 'Vth': -41.0, 'Vmax': 19.5, 't_ref': 7.0, 'R': 0.2, 'tau_m': 64.5, 'R_adp': 0.8, 'tau_w': 63.5, 'a': 50.5}. Best is trial 318 with value: 5.0.[0m
2021-04-07 08:30:53.125755: I tensorflow/compiler/jit/xla_gpu_device.cc:99] Not creating XLA devices, tf_xla_enable_xla_devices not set
mse_error/peak_error 0 23.0
[32m[I 2021-04-07 08:31:02,515][0m Trial 373 finished with value: 23.0 and parameters: {'Vahp': -42.0, 'Vth': -40.5, 'Vmax': 18.5, 't_ref': 8.0, 'R': 0.30000000000000004, 'tau_m': 59.5, 'R_adp': 0.8, 'tau_w': 61.0, 'a': 48.5}. Best is trial 318 with value: 5.0.[0m
2021-04-07 08:31:02.745498: I tensorflow/compiler/jit/xla_gpu_device.cc:99] Not creating XLA devices, tf_xla_enable_xla_devices not set
mse_error/peak_error 0 20.0
[32m[I 2021-04-07 08:31:12,223][0m Trial 374 finished with value: 20.0 and parameters: {'Vahp': -44.0, 'Vth': -41.5, 'Vmax': 19.0, 't_ref': 9.0, 'R': 0.30000000000000004, 'tau_m': 57.0, 'R_adp': 0.8, 'tau_w': 64.5, 'a': 51.0}. Best is trial 318 with value: 5.0.[0m
2021-04-07 08:31:12.450278: I tensorflow/compiler/jit/xla_gpu_device.cc:99] Not creating XLA devices, tf_xla_enable_xla_devices not set
mse_error/peak_error 0 76.0
[32m[I 2021-04-07 08:31:22,008][0m Trial 375 finished with value: 76.0 and parameters: {'Vahp': -43.0, 'Vth': -40.0, 'Vmax': 17.5, 't_ref': 8.5, 'R': 0.30000000000000004, 'tau_m': 69.5, 'R_adp': 0.8, 'tau_w': 57.5, 'a': 46.0}. Best is trial 318 with value: 5.0.[0m
2021-04-07 08:31:22.235995: I tensorflow/compiler/jit/xla_gpu_device.cc:99] Not creating XLA devices, tf_xla_enable_xla_devices not set
mse_error/peak_error 0 239
[32m[I 2021-04-07 08:31:31,678][0m Trial 376 finished with value: 239.0 and parameters: {'Vahp': -41.5, 'Vth': -40.5, 'Vmax': 17.5, 't_ref': 7.5, 'R': 0.4, 'tau_m': 61.5, 'R_adp': 0.9, 'tau_w': 62.5, 'a': 49.0}. Best is trial 318 with value: 5.0.[0m
2021-04-07 08:31:31.906479: I tensorflow/compiler/jit/xla_gpu_device.cc:99] Not creating XLA devices, tf_xla_enable_xla_devices not set
mse_error/peak_error 0 22.0
[32m[I 2021-04-07 08:31:41,400][0m Trial 377 finished with value: 22.0 and parameters: {'Vahp': -42.5, 'Vth': -40.0, 'Vmax': 18.5, 't_ref': 9.0, 'R': 0.30000000000000004, 'tau_m': 59.0, 'R_adp': 0.8, 'tau_w': 60.5, 'a': 51.5}. Best is trial 318 with value: 5.0.[0m
2021-04-07 08:31:41.632457: I tensorflow/compiler/jit/xla_gpu_device.cc:99] Not creating XLA devices, tf_xla_enable_xla_devices not set
mse_error/peak_error 0 384
[32m[I 2021-04-07 08:31:51,079][0m Trial 378 finished with value: 384.0 and parameters: {'Vahp': -41.0, 'Vth': -40.0, 'Vmax': 19.5, 't_ref': 8.5, 'R': 0.2, 'tau_m': 56.5, 'R_adp': 0.8, 'tau_w': 65.0, 'a': 47.0}. Best is trial 318 with value: 5.0.[0m
2021-04-07 08:31:51.302694: I tensorflow/compiler/jit/xla_gpu_device.cc:99] Not creating XLA devices, tf_xla_enable_xla_devices not set
mse_error/peak_error 0 20.0
[32m[I 2021-04-07 08:32:00,761][0m Trial 379 finished with value: 20.0 and parameters: {'Vahp': -43.5, 'Vth': -41.0, 'Vmax': 17.5, 't_ref': 9.0, 'R': 0.30000000000000004, 'tau_m': 63.0, 'R_adp': 0.8, 'tau_w': 62.5, 'a': 50.5}. Best is trial 318 with value: 5.0.[0m
2021-04-07 08:32:00.986055: I tensorflow/compiler/jit/xla_gpu_device.cc:99] Not creating XLA devices, tf_xla_enable_xla_devices not set
mse_error/peak_error 0 39.0
[32m[I 2021-04-07 08:32:10,541][0m Trial 380 finished with value: 39.0 and parameters: {'Vahp': -44.5, 'Vth': -41.5, 'Vmax': 20.5, 't_ref': 9.5, 'R': 0.30000000000000004, 'tau_m': 60.0, 'R_adp': 0.8, 'tau_w': 59.0, 'a': 52.5}. Best is trial 318 with value: 5.0.[0m
2021-04-07 08:32:10.764384: I tensorflow/compiler/jit/xla_gpu_device.cc:99] Not creating XLA devices, tf_xla_enable_xla_devices not set
mse_error/peak_error 0 50.0
[32m[I 2021-04-07 08:32:20,345][0m Trial 381 finished with value: 50.0 and parameters: {'Vahp': -42.0, 'Vth': -41.0, 'Vmax': 18.0, 't_ref': 8.5, 'R': 0.30000000000000004, 'tau_m': 57.0, 'R_adp': 0.8, 'tau_w': 65.0, 'a': 45.5}. Best is trial 318 with value: 5.0.[0m
2021-04-07 08:32:20.569514: I tensorflow/compiler/jit/xla_gpu_device.cc:99] Not creating XLA devices, tf_xla_enable_xla_devices not set
mse_error/peak_error 0 1432
[32m[I 2021-04-07 08:32:30,179][0m Trial 382 finished with value: 1432.0 and parameters: {'Vahp': -41.0, 'Vth': -40.5, 'Vmax': 19.0, 't_ref': 8.0, 'R': 0.1, 'tau_m': 59.0, 'R_adp': 0.8, 'tau_w': 56.0, 'a': 49.0}. Best is trial 318 with value: 5.0.[0m
2021-04-07 08:32:30.403735: I tensorflow/compiler/jit/xla_gpu_device.cc:99] Not creating XLA devices, tf_xla_enable_xla_devices not set
mse_error/peak_error 0 149
[32m[I 2021-04-07 08:32:40,139][0m Trial 383 finished with value: 149.0 and parameters: {'Vahp': -43.0, 'Vth': -40.0, 'Vmax': 23.0, 't_ref': 9.5, 'R': 0.30000000000000004, 'tau_m': 61.5, 'R_adp': 0.8, 'tau_w': 62.0, 'a': 52.0}. Best is trial 318 with value: 5.0.[0m
2021-04-07 08:32:40.368673: I tensorflow/compiler/jit/xla_gpu_device.cc:99] Not creating XLA devices, tf_xla_enable_xla_devices not set
mse_error/peak_error 0 15.0
[32m[I 2021-04-07 08:32:49,993][0m Trial 384 finished with value: 15.0 and parameters: {'Vahp': -42.0, 'Vth': -40.5, 'Vmax': 17.5, 't_ref': 9.0, 'R': 0.30000000000000004, 'tau_m': 64.0, 'R_adp': 0.9, 'tau_w': 63.0, 'a': 42.5}. Best is trial 318 with value: 5.0.[0m
2021-04-07 08:32:50.221263: I tensorflow/compiler/jit/xla_gpu_device.cc:99] Not creating XLA devices, tf_xla_enable_xla_devices not set
mse_error/peak_error 0 23.0
[32m[I 2021-04-07 08:32:59,908][0m Trial 385 finished with value: 23.0 and parameters: {'Vahp': -41.5, 'Vth': -40.0, 'Vmax': 19.0, 't_ref': 7.5, 'R': 0.30000000000000004, 'tau_m': 56.5, 'R_adp': 0.8, 'tau_w': 60.0, 'a': 48.0}. Best is trial 318 with value: 5.0.[0m
2021-04-07 08:33:00.145667: I tensorflow/compiler/jit/xla_gpu_device.cc:99] Not creating XLA devices, tf_xla_enable_xla_devices not set
mse_error/peak_error 0 36.0
[32m[I 2021-04-07 08:33:09,932][0m Trial 386 finished with value: 36.0 and parameters: {'Vahp': -42.0, 'Vth': -40.5, 'Vmax': 17.0, 't_ref': 10.0, 'R': 0.30000000000000004, 'tau_m': 65.5, 'R_adp': 0.9, 'tau_w': 65.0, 'a': 35.5}. Best is trial 318 with value: 5.0.[0m
2021-04-07 08:33:10.176875: I tensorflow/compiler/jit/xla_gpu_device.cc:99] Not creating XLA devices, tf_xla_enable_xla_devices not set
mse_error/peak_error 0 181
[32m[I 2021-04-07 08:33:19,942][0m Trial 387 finished with value: 181.0 and parameters: {'Vahp': -44.0, 'Vth': -41.0, 'Vmax': 17.5, 't_ref': 9.0, 'R': 0.4, 'tau_m': 68.5, 'R_adp': 1.0, 'tau_w': 62.5, 'a': 42.5}. Best is trial 318 with value: 5.0.[0m
2021-04-07 08:33:20.191953: I tensorflow/compiler/jit/xla_gpu_device.cc:99] Not creating XLA devices, tf_xla_enable_xla_devices not set
mse_error/peak_error 0 24.0
[32m[I 2021-04-07 08:33:29,888][0m Trial 388 finished with value: 24.0 and parameters: {'Vahp': -41.0, 'Vth': -40.0, 'Vmax': 18.5, 't_ref': 8.5, 'R': 0.30000000000000004, 'tau_m': 58.5, 'R_adp': 0.8, 'tau_w': 57.5, 'a': 50.0}. Best is trial 318 with value: 5.0.[0m
2021-04-07 08:33:30.119592: I tensorflow/compiler/jit/xla_gpu_device.cc:99] Not creating XLA devices, tf_xla_enable_xla_devices not set
mse_error/peak_error 0 616
[32m[I 2021-04-07 08:33:39,866][0m Trial 389 finished with value: 616.0 and parameters: {'Vahp': -43.0, 'Vth': -41.0, 'Vmax': 20.0, 't_ref': 9.5, 'R': 0.6, 'tau_m': 60.5, 'R_adp': 0.6, 'tau_w': 60.5, 'a': 52.5}. Best is trial 318 with value: 5.0.[0m
2021-04-07 08:33:40.093472: I tensorflow/compiler/jit/xla_gpu_device.cc:99] Not creating XLA devices, tf_xla_enable_xla_devices not set
mse_error/peak_error 0 27.0
[32m[I 2021-04-07 08:33:49,918][0m Trial 390 finished with value: 27.0 and parameters: {'Vahp': -42.5, 'Vth': -40.5, 'Vmax': 18.0, 't_ref': 8.0, 'R': 0.30000000000000004, 'tau_m': 64.5, 'R_adp': 0.9, 'tau_w': 62.5, 'a': 44.0}. Best is trial 318 with value: 5.0.[0m
2021-04-07 08:33:50.147319: I tensorflow/compiler/jit/xla_gpu_device.cc:99] Not creating XLA devices, tf_xla_enable_xla_devices not set
mse_error/peak_error 0 22.0
[32m[I 2021-04-07 08:34:00,012][0m Trial 391 finished with value: 22.0 and parameters: {'Vahp': -43.5, 'Vth': -41.5, 'Vmax': 17.5, 't_ref': 9.0, 'R': 0.30000000000000004, 'tau_m': 61.0, 'R_adp': 1.0, 'tau_w': 59.0, 'a': 40.0}. Best is trial 318 with value: 5.0.[0m
2021-04-07 08:34:00.236737: I tensorflow/compiler/jit/xla_gpu_device.cc:99] Not creating XLA devices, tf_xla_enable_xla_devices not set
mse_error/peak_error 0 465
[32m[I 2021-04-07 08:34:10,176][0m Trial 392 finished with value: 465.0 and parameters: {'Vahp': -44.5, 'Vth': -41.5, 'Vmax': 19.5, 't_ref': 8.5, 'R': 0.2, 'tau_m': 63.0, 'R_adp': 0.8, 'tau_w': 64.5, 'a': 46.5}. Best is trial 318 with value: 5.0.[0m
2021-04-07 08:34:10.402642: I tensorflow/compiler/jit/xla_gpu_device.cc:99] Not creating XLA devices, tf_xla_enable_xla_devices not set
mse_error/peak_error 0 36.0
[32m[I 2021-04-07 08:34:20,364][0m Trial 393 finished with value: 36.0 and parameters: {'Vahp': -41.0, 'Vth': -40.0, 'Vmax': 18.5, 't_ref': 8.0, 'R': 0.30000000000000004, 'tau_m': 57.0, 'R_adp': 0.8, 'tau_w': 65.0, 'a': 50.5}. Best is trial 318 with value: 5.0.[0m
2021-04-07 08:34:20.591502: I tensorflow/compiler/jit/xla_gpu_device.cc:99] Not creating XLA devices, tf_xla_enable_xla_devices not set
mse_error/peak_error 0 34.0
[32m[I 2021-04-07 08:34:30,663][0m Trial 394 finished with value: 34.0 and parameters: {'Vahp': -42.0, 'Vth': -40.5, 'Vmax': 17.0, 't_ref': 10.0, 'R': 0.30000000000000004, 'tau_m': 63.5, 'R_adp': 0.9, 'tau_w': 62.0, 'a': 45.0}. Best is trial 318 with value: 5.0.[0m
2021-04-07 08:34:30.897738: I tensorflow/compiler/jit/xla_gpu_device.cc:99] Not creating XLA devices, tf_xla_enable_xla_devices not set
mse_error/peak_error 0 351
