[32m[I 2021-04-07 08:34:40,839][0m Trial 395 finished with value: 351.0 and parameters: {'Vahp': -43.0, 'Vth': -41.0, 'Vmax': 17.5, 't_ref': 9.0, 'R': 0.30000000000000004, 'tau_m': 59.5, 'R_adp': 0.9, 'tau_w': 15.5, 'a': 42.5}. Best is trial 318 with value: 5.0.[0m
2021-04-07 08:34:41.066088: I tensorflow/compiler/jit/xla_gpu_device.cc:99] Not creating XLA devices, tf_xla_enable_xla_devices not set
mse_error/peak_error 0 130
[32m[I 2021-04-07 08:34:50,914][0m Trial 396 finished with value: 130.0 and parameters: {'Vahp': -41.5, 'Vth': -39.5, 'Vmax': 17.0, 't_ref': 10.0, 'R': 0.30000000000000004, 'tau_m': 56.0, 'R_adp': 0.9, 'tau_w': 63.5, 'a': 53.0}. Best is trial 318 with value: 5.0.[0m
2021-04-07 08:34:51.149585: I tensorflow/compiler/jit/xla_gpu_device.cc:99] Not creating XLA devices, tf_xla_enable_xla_devices not set
mse_error/peak_error 0 146
[32m[I 2021-04-07 08:35:01,187][0m Trial 397 finished with value: 146.0 and parameters: {'Vahp': -42.0, 'Vth': -40.0, 'Vmax': 18.0, 't_ref': 9.5, 'R': 0.30000000000000004, 'tau_m': 62.5, 'R_adp': 0.6, 'tau_w': 64.0, 'a': 48.0}. Best is trial 318 with value: 5.0.[0m
2021-04-07 08:35:01.431722: I tensorflow/compiler/jit/xla_gpu_device.cc:99] Not creating XLA devices, tf_xla_enable_xla_devices not set
mse_error/peak_error 0 851
[32m[I 2021-04-07 08:35:11,396][0m Trial 398 finished with value: 851.0 and parameters: {'Vahp': -41.0, 'Vth': -40.5, 'Vmax': 16.5, 't_ref': 9.0, 'R': 0.7000000000000001, 'tau_m': 58.0, 'R_adp': 0.6, 'tau_w': 65.5, 'a': 50.0}. Best is trial 318 with value: 5.0.[0m
2021-04-07 08:35:11.645668: I tensorflow/compiler/jit/xla_gpu_device.cc:99] Not creating XLA devices, tf_xla_enable_xla_devices not set
mse_error/peak_error 0 318
[32m[I 2021-04-07 08:35:21,747][0m Trial 399 finished with value: 318.0 and parameters: {'Vahp': -42.5, 'Vth': -41.0, 'Vmax': 19.0, 't_ref': 8.5, 'R': 0.4, 'tau_m': 67.0, 'R_adp': 0.8, 'tau_w': 60.5, 'a': 45.5}. Best is trial 318 with value: 5.0.[0m
2021-04-07 08:35:21.984005: I tensorflow/compiler/jit/xla_gpu_device.cc:99] Not creating XLA devices, tf_xla_enable_xla_devices not set
mse_error/peak_error 0 138
[32m[I 2021-04-07 08:35:31,891][0m Trial 400 finished with value: 138.0 and parameters: {'Vahp': -43.5, 'Vth': -40.5, 'Vmax': 18.0, 't_ref': 8.5, 'R': 0.30000000000000004, 'tau_m': 60.5, 'R_adp': 1.0, 'tau_w': 58.0, 'a': 48.0}. Best is trial 318 with value: 5.0.[0m
2021-04-07 08:35:32.129459: I tensorflow/compiler/jit/xla_gpu_device.cc:99] Not creating XLA devices, tf_xla_enable_xla_devices not set
mse_error/peak_error 0 43.0
[32m[I 2021-04-07 08:35:42,078][0m Trial 401 finished with value: 43.0 and parameters: {'Vahp': -41.0, 'Vth': -39.5, 'Vmax': 16.5, 't_ref': 7.5, 'R': 0.30000000000000004, 'tau_m': 56.0, 'R_adp': 0.8, 'tau_w': 65.5, 'a': 39.5}. Best is trial 318 with value: 5.0.[0m
2021-04-07 08:35:42.320054: I tensorflow/compiler/jit/xla_gpu_device.cc:99] Not creating XLA devices, tf_xla_enable_xla_devices not set
mse_error/peak_error 0 488
[32m[I 2021-04-07 08:35:52,382][0m Trial 402 finished with value: 488.0 and parameters: {'Vahp': -42.0, 'Vth': -32.0, 'Vmax': 17.0, 't_ref': 9.5, 'R': 0.30000000000000004, 'tau_m': 58.0, 'R_adp': 0.9, 'tau_w': 62.5, 'a': 52.0}. Best is trial 318 with value: 5.0.[0m
2021-04-07 08:35:52.632731: I tensorflow/compiler/jit/xla_gpu_device.cc:99] Not creating XLA devices, tf_xla_enable_xla_devices not set
mse_error/peak_error 0 25.0
[32m[I 2021-04-07 08:36:02,958][0m Trial 403 finished with value: 25.0 and parameters: {'Vahp': -41.5, 'Vth': -40.0, 'Vmax': 17.5, 't_ref': 8.0, 'R': 0.30000000000000004, 'tau_m': 62.0, 'R_adp': 0.7000000000000001, 'tau_w': 61.0, 'a': 53.0}. Best is trial 318 with value: 5.0.[0m
2021-04-07 08:36:03.191320: I tensorflow/compiler/jit/xla_gpu_device.cc:99] Not creating XLA devices, tf_xla_enable_xla_devices not set
mse_error/peak_error 0 546
[32m[I 2021-04-07 08:36:13,421][0m Trial 404 finished with value: 546.0 and parameters: {'Vahp': -44.5, 'Vth': -39.5, 'Vmax': 19.5, 't_ref': 8.5, 'R': 0.2, 'tau_m': 59.0, 'R_adp': 0.8, 'tau_w': 55.5, 'a': 49.5}. Best is trial 318 with value: 5.0.[0m
2021-04-07 08:36:13.657291: I tensorflow/compiler/jit/xla_gpu_device.cc:99] Not creating XLA devices, tf_xla_enable_xla_devices not set
mse_error/peak_error 0 524
[32m[I 2021-04-07 08:36:23,991][0m Trial 405 finished with value: 524.0 and parameters: {'Vahp': -42.5, 'Vth': -40.0, 'Vmax': 18.5, 't_ref': 9.0, 'R': 0.4, 'tau_m': 64.0, 'R_adp': 0.1, 'tau_w': 63.5, 'a': 51.0}. Best is trial 318 with value: 5.0.[0m
2021-04-07 08:36:24.228747: I tensorflow/compiler/jit/xla_gpu_device.cc:99] Not creating XLA devices, tf_xla_enable_xla_devices not set
mse_error/peak_error 0 34.0
[32m[I 2021-04-07 08:36:34,541][0m Trial 406 finished with value: 34.0 and parameters: {'Vahp': -43.5, 'Vth': -39.5, 'Vmax': 21.0, 't_ref': 2.5, 'R': 0.30000000000000004, 'tau_m': 56.5, 'R_adp': 0.8, 'tau_w': 65.5, 'a': 41.0}. Best is trial 318 with value: 5.0.[0m
2021-04-07 08:36:34.785091: I tensorflow/compiler/jit/xla_gpu_device.cc:99] Not creating XLA devices, tf_xla_enable_xla_devices not set
mse_error/peak_error 0 35.0
[32m[I 2021-04-07 08:36:45,233][0m Trial 407 finished with value: 35.0 and parameters: {'Vahp': -44.0, 'Vth': -41.5, 'Vmax': 16.5, 't_ref': 9.5, 'R': 0.30000000000000004, 'tau_m': 58.5, 'R_adp': 0.8, 'tau_w': 63.0, 'a': 53.5}. Best is trial 318 with value: 5.0.[0m
2021-04-07 08:36:45.471587: I tensorflow/compiler/jit/xla_gpu_device.cc:99] Not creating XLA devices, tf_xla_enable_xla_devices not set
mse_error/peak_error 0 40.0
[32m[I 2021-04-07 08:36:55,950][0m Trial 408 finished with value: 40.0 and parameters: {'Vahp': -41.0, 'Vth': -40.5, 'Vmax': 17.0, 't_ref': 10.0, 'R': 0.30000000000000004, 'tau_m': 61.0, 'R_adp': 0.7000000000000001, 'tau_w': 61.0, 'a': 51.0}. Best is trial 318 with value: 5.0.[0m
2021-04-07 08:36:56.195312: I tensorflow/compiler/jit/xla_gpu_device.cc:99] Not creating XLA devices, tf_xla_enable_xla_devices not set
mse_error/peak_error 0 34.0
[32m[I 2021-04-07 08:37:06,676][0m Trial 409 finished with value: 34.0 and parameters: {'Vahp': -43.0, 'Vth': -41.0, 'Vmax': 19.0, 't_ref': 8.0, 'R': 0.30000000000000004, 'tau_m': 55.5, 'R_adp': 0.8, 'tau_w': 59.0, 'a': 48.0}. Best is trial 318 with value: 5.0.[0m
2021-04-07 08:37:06.915706: I tensorflow/compiler/jit/xla_gpu_device.cc:99] Not creating XLA devices, tf_xla_enable_xla_devices not set
mse_error/peak_error 0 51.0
[32m[I 2021-04-07 08:37:17,411][0m Trial 410 finished with value: 51.0 and parameters: {'Vahp': -42.0, 'Vth': -40.0, 'Vmax': 18.0, 't_ref': 9.0, 'R': 0.30000000000000004, 'tau_m': 66.5, 'R_adp': 0.7000000000000001, 'tau_w': 65.5, 'a': 53.5}. Best is trial 318 with value: 5.0.[0m
2021-04-07 08:37:17.648043: I tensorflow/compiler/jit/xla_gpu_device.cc:99] Not creating XLA devices, tf_xla_enable_xla_devices not set
mse_error/peak_error 0 19.0
[32m[I 2021-04-07 08:37:28,197][0m Trial 411 finished with value: 19.0 and parameters: {'Vahp': -45.0, 'Vth': -42.0, 'Vmax': 20.5, 't_ref': 8.5, 'R': 0.30000000000000004, 'tau_m': 60.5, 'R_adp': 0.8, 'tau_w': 59.5, 'a': 44.0}. Best is trial 318 with value: 5.0.[0m
2021-04-07 08:37:28.432572: I tensorflow/compiler/jit/xla_gpu_device.cc:99] Not creating XLA devices, tf_xla_enable_xla_devices not set
mse_error/peak_error 0 28.0
[32m[I 2021-04-07 08:37:39,070][0m Trial 412 finished with value: 28.0 and parameters: {'Vahp': -41.0, 'Vth': -40.0, 'Vmax': 17.0, 't_ref': 9.5, 'R': 0.30000000000000004, 'tau_m': 57.0, 'R_adp': 0.7000000000000001, 'tau_w': 63.5, 'a': 49.5}. Best is trial 318 with value: 5.0.[0m
2021-04-07 08:37:39.305123: I tensorflow/compiler/jit/xla_gpu_device.cc:99] Not creating XLA devices, tf_xla_enable_xla_devices not set
mse_error/peak_error 0 66.0
[32m[I 2021-04-07 08:37:49,960][0m Trial 413 finished with value: 66.0 and parameters: {'Vahp': -42.5, 'Vth': -40.5, 'Vmax': 16.5, 't_ref': 9.0, 'R': 0.30000000000000004, 'tau_m': 70.5, 'R_adp': 0.6, 'tau_w': 61.0, 'a': 51.5}. Best is trial 318 with value: 5.0.[0m
2021-04-07 08:37:50.189290: I tensorflow/compiler/jit/xla_gpu_device.cc:99] Not creating XLA devices, tf_xla_enable_xla_devices not set
mse_error/peak_error 0 2.0
[32m[I 2021-04-07 08:38:00,693][0m Trial 414 finished with value: 2.0 and parameters: {'Vahp': -43.5, 'Vth': -41.0, 'Vmax': 18.5, 't_ref': 8.0, 'R': 0.30000000000000004, 'tau_m': 62.5, 'R_adp': 0.9, 'tau_w': 57.5, 'a': 42.5}. Best is trial 414 with value: 2.0.[0m
2021-04-07 08:38:00.927132: I tensorflow/compiler/jit/xla_gpu_device.cc:99] Not creating XLA devices, tf_xla_enable_xla_devices not set
mse_error/peak_error 0 5.0
[32m[I 2021-04-07 08:38:11,436][0m Trial 415 finished with value: 5.0 and parameters: {'Vahp': -44.0, 'Vth': -41.5, 'Vmax': 20.0, 't_ref': 8.0, 'R': 0.30000000000000004, 'tau_m': 64.5, 'R_adp': 0.9, 'tau_w': 59.0, 'a': 41.0}. Best is trial 414 with value: 2.0.[0m
2021-04-07 08:38:11.680884: I tensorflow/compiler/jit/xla_gpu_device.cc:99] Not creating XLA devices, tf_xla_enable_xla_devices not set
mse_error/peak_error 0 214
[32m[I 2021-04-07 08:38:22,407][0m Trial 416 finished with value: 214.0 and parameters: {'Vahp': -45.0, 'Vth': -42.0, 'Vmax': 19.0, 't_ref': 7.5, 'R': 0.4, 'tau_m': 65.5, 'R_adp': 0.9, 'tau_w': 55.5, 'a': 47.5}. Best is trial 414 with value: 2.0.[0m
2021-04-07 08:38:22.640485: I tensorflow/compiler/jit/xla_gpu_device.cc:99] Not creating XLA devices, tf_xla_enable_xla_devices not set
mse_error/peak_error 0 17.0
[32m[I 2021-04-07 08:38:33,180][0m Trial 417 finished with value: 17.0 and parameters: {'Vahp': -44.0, 'Vth': -41.5, 'Vmax': 18.0, 't_ref': 8.0, 'R': 0.30000000000000004, 'tau_m': 63.5, 'R_adp': 0.9, 'tau_w': 57.0, 'a': 37.5}. Best is trial 414 with value: 2.0.[0m
2021-04-07 08:38:33.417085: I tensorflow/compiler/jit/xla_gpu_device.cc:99] Not creating XLA devices, tf_xla_enable_xla_devices not set
mse_error/peak_error 0 14.0
[32m[I 2021-04-07 08:38:43,973][0m Trial 418 finished with value: 14.0 and parameters: {'Vahp': -44.5, 'Vth': -41.5, 'Vmax': 18.5, 't_ref': 7.0, 'R': 0.30000000000000004, 'tau_m': 61.5, 'R_adp': 0.9, 'tau_w': 59.5, 'a': 46.5}. Best is trial 414 with value: 2.0.[0m
2021-04-07 08:38:44.224460: I tensorflow/compiler/jit/xla_gpu_device.cc:99] Not creating XLA devices, tf_xla_enable_xla_devices not set
mse_error/peak_error 0 21.0
[32m[I 2021-04-07 08:38:54,889][0m Trial 419 finished with value: 21.0 and parameters: {'Vahp': -45.0, 'Vth': -42.0, 'Vmax': 19.5, 't_ref': 6.5, 'R': 0.30000000000000004, 'tau_m': 62.5, 'R_adp': 0.9, 'tau_w': 58.5, 'a': 42.0}. Best is trial 414 with value: 2.0.[0m
2021-04-07 08:38:55.124654: I tensorflow/compiler/jit/xla_gpu_device.cc:99] Not creating XLA devices, tf_xla_enable_xla_devices not set
mse_error/peak_error 0 29.0
[32m[I 2021-04-07 08:39:05,878][0m Trial 420 finished with value: 29.0 and parameters: {'Vahp': -45.5, 'Vth': -42.0, 'Vmax': 19.0, 't_ref': 7.5, 'R': 0.30000000000000004, 'tau_m': 60.0, 'R_adp': 0.9, 'tau_w': 57.0, 'a': 46.5}. Best is trial 414 with value: 2.0.[0m
2021-04-07 08:39:06.115904: I tensorflow/compiler/jit/xla_gpu_device.cc:99] Not creating XLA devices, tf_xla_enable_xla_devices not set
mse_error/peak_error 0 483
[32m[I 2021-04-07 08:39:16,874][0m Trial 421 finished with value: 483.0 and parameters: {'Vahp': -44.5, 'Vth': -41.0, 'Vmax': 20.0, 't_ref': 6.0, 'R': 0.2, 'tau_m': 66.0, 'R_adp': 0.9, 'tau_w': 56.5, 'a': 37.5}. Best is trial 414 with value: 2.0.[0m
2021-04-07 08:39:17.501879: I tensorflow/compiler/jit/xla_gpu_device.cc:99] Not creating XLA devices, tf_xla_enable_xla_devices not set
mse_error/peak_error 0 5.0
[32m[I 2021-04-07 08:39:28,273][0m Trial 422 finished with value: 5.0 and parameters: {'Vahp': -44.0, 'Vth': -41.0, 'Vmax': 21.0, 't_ref': 7.0, 'R': 0.30000000000000004, 'tau_m': 59.5, 'R_adp': 0.9, 'tau_w': 58.5, 'a': 44.0}. Best is trial 414 with value: 2.0.[0m
2021-04-07 08:39:28.521910: I tensorflow/compiler/jit/xla_gpu_device.cc:99] Not creating XLA devices, tf_xla_enable_xla_devices not set
mse_error/peak_error 0 3.0
[32m[I 2021-04-07 08:39:39,509][0m Trial 423 finished with value: 3.0 and parameters: {'Vahp': -44.0, 'Vth': -41.0, 'Vmax': 19.5, 't_ref': 7.0, 'R': 0.30000000000000004, 'tau_m': 62.0, 'R_adp': 0.9, 'tau_w': 59.5, 'a': 42.0}. Best is trial 414 with value: 2.0.[0m
2021-04-07 08:39:39.748176: I tensorflow/compiler/jit/xla_gpu_device.cc:99] Not creating XLA devices, tf_xla_enable_xla_devices not set
mse_error/peak_error 0 17.0
[32m[I 2021-04-07 08:39:50,688][0m Trial 424 finished with value: 17.0 and parameters: {'Vahp': -44.5, 'Vth': -41.5, 'Vmax': 20.0, 't_ref': 7.5, 'R': 0.30000000000000004, 'tau_m': 62.5, 'R_adp': 0.9, 'tau_w': 54.0, 'a': 40.0}. Best is trial 414 with value: 2.0.[0m
2021-04-07 08:39:50.922498: I tensorflow/compiler/jit/xla_gpu_device.cc:99] Not creating XLA devices, tf_xla_enable_xla_devices not set
mse_error/peak_error 0 14.0
[32m[I 2021-04-07 08:40:01,831][0m Trial 425 finished with value: 14.0 and parameters: {'Vahp': -44.0, 'Vth': -41.5, 'Vmax': 20.5, 't_ref': 6.5, 'R': 0.30000000000000004, 'tau_m': 67.0, 'R_adp': 0.9, 'tau_w': 54.5, 'a': 42.5}. Best is trial 414 with value: 2.0.[0m
2021-04-07 08:40:02.075573: I tensorflow/compiler/jit/xla_gpu_device.cc:99] Not creating XLA devices, tf_xla_enable_xla_devices not set
mse_error/peak_error 0 49.0
[32m[I 2021-04-07 08:40:13,035][0m Trial 426 finished with value: 49.0 and parameters: {'Vahp': -44.0, 'Vth': -41.0, 'Vmax': 21.0, 't_ref': 6.0, 'R': 0.30000000000000004, 'tau_m': 75.0, 'R_adp': 0.9, 'tau_w': 59.5, 'a': 36.5}. Best is trial 414 with value: 2.0.[0m
2021-04-07 08:40:13.270435: I tensorflow/compiler/jit/xla_gpu_device.cc:99] Not creating XLA devices, tf_xla_enable_xla_devices not set
mse_error/peak_error 0 62.0
[32m[I 2021-04-07 08:40:24,295][0m Trial 427 finished with value: 62.0 and parameters: {'Vahp': -44.0, 'Vth': -42.5, 'Vmax': 19.5, 't_ref': 6.5, 'R': 0.30000000000000004, 'tau_m': 61.5, 'R_adp': 0.9, 'tau_w': 59.0, 'a': 41.0}. Best is trial 414 with value: 2.0.[0m
2021-04-07 08:40:24.539766: I tensorflow/compiler/jit/xla_gpu_device.cc:99] Not creating XLA devices, tf_xla_enable_xla_devices not set
mse_error/peak_error 0 29.0
[32m[I 2021-04-07 08:40:35,440][0m Trial 428 finished with value: 29.0 and parameters: {'Vahp': -45.5, 'Vth': -41.5, 'Vmax': 19.5, 't_ref': 7.0, 'R': 0.30000000000000004, 'tau_m': 65.0, 'R_adp': 0.9, 'tau_w': 57.5, 'a': 44.0}. Best is trial 414 with value: 2.0.[0m
2021-04-07 08:40:35.667661: I tensorflow/compiler/jit/xla_gpu_device.cc:99] Not creating XLA devices, tf_xla_enable_xla_devices not set
mse_error/peak_error 0 16.0
[32m[I 2021-04-07 08:40:46,685][0m Trial 429 finished with value: 16.0 and parameters: {'Vahp': -43.5, 'Vth': -41.0, 'Vmax': 22.0, 't_ref': 7.0, 'R': 0.30000000000000004, 'tau_m': 60.0, 'R_adp': 0.9, 'tau_w': 60.5, 'a': 45.0}. Best is trial 414 with value: 2.0.[0m
2021-04-07 08:40:46.919056: I tensorflow/compiler/jit/xla_gpu_device.cc:99] Not creating XLA devices, tf_xla_enable_xla_devices not set
mse_error/peak_error 0 24.0
[32m[I 2021-04-07 08:40:57,989][0m Trial 430 finished with value: 24.0 and parameters: {'Vahp': -45.5, 'Vth': -42.0, 'Vmax': 21.0, 't_ref': 7.0, 'R': 0.30000000000000004, 'tau_m': 62.5, 'R_adp': 0.9, 'tau_w': 61.0, 'a': 39.5}. Best is trial 414 with value: 2.0.[0m
2021-04-07 08:40:58.220664: I tensorflow/compiler/jit/xla_gpu_device.cc:99] Not creating XLA devices, tf_xla_enable_xla_devices not set
mse_error/peak_error 0 474
[32m[I 2021-04-07 08:41:09,332][0m Trial 431 finished with value: 474.0 and parameters: {'Vahp': -44.5, 'Vth': -41.5, 'Vmax': 20.5, 't_ref': 6.0, 'R': 0.2, 'tau_m': 68.0, 'R_adp': 0.9, 'tau_w': 58.0, 'a': 42.0}. Best is trial 414 with value: 2.0.[0m
2021-04-07 08:41:09.569511: I tensorflow/compiler/jit/xla_gpu_device.cc:99] Not creating XLA devices, tf_xla_enable_xla_devices not set
mse_error/peak_error 0 319
[32m[I 2021-04-07 08:41:20,793][0m Trial 432 finished with value: 319.0 and parameters: {'Vahp': -43.5, 'Vth': -41.5, 'Vmax': 20.5, 't_ref': 8.0, 'R': 0.4, 'tau_m': 68.0, 'R_adp': 1.0, 'tau_w': 53.5, 'a': 34.5}. Best is trial 414 with value: 2.0.[0m
2021-04-07 08:41:21.025151: I tensorflow/compiler/jit/xla_gpu_device.cc:99] Not creating XLA devices, tf_xla_enable_xla_devices not set
mse_error/peak_error 0 24.0
[32m[I 2021-04-07 08:41:32,196][0m Trial 433 finished with value: 24.0 and parameters: {'Vahp': -43.0, 'Vth': -41.0, 'Vmax': 20.0, 't_ref': 6.0, 'R': 0.30000000000000004, 'tau_m': 66.0, 'R_adp': 0.9, 'tau_w': 56.0, 'a': 42.5}. Best is trial 414 with value: 2.0.[0m
2021-04-07 08:41:32.425112: I tensorflow/compiler/jit/xla_gpu_device.cc:99] Not creating XLA devices, tf_xla_enable_xla_devices not set
mse_error/peak_error 0 39.0
[32m[I 2021-04-07 08:41:43,573][0m Trial 434 finished with value: 39.0 and parameters: {'Vahp': -43.5, 'Vth': -41.0, 'Vmax': 21.0, 't_ref': 5.0, 'R': 0.30000000000000004, 'tau_m': 72.5, 'R_adp': 0.9, 'tau_w': 53.5, 'a': 41.0}. Best is trial 414 with value: 2.0.[0m
2021-04-07 08:41:43.806325: I tensorflow/compiler/jit/xla_gpu_device.cc:99] Not creating XLA devices, tf_xla_enable_xla_devices not set
mse_error/peak_error 0 20.0
[32m[I 2021-04-07 08:41:54,956][0m Trial 435 finished with value: 20.0 and parameters: {'Vahp': -46.0, 'Vth': -42.5, 'Vmax': 19.5, 't_ref': 7.5, 'R': 0.30000000000000004, 'tau_m': 65.0, 'R_adp': 0.9, 'tau_w': 54.5, 'a': 44.0}. Best is trial 414 with value: 2.0.[0m
2021-04-07 08:41:55.185978: I tensorflow/compiler/jit/xla_gpu_device.cc:99] Not creating XLA devices, tf_xla_enable_xla_devices not set
mse_error/peak_error 0 471
[32m[I 2021-04-07 08:42:06,157][0m Trial 436 finished with value: 471.0 and parameters: {'Vahp': -45.0, 'Vth': -41.5, 'Vmax': 18.5, 't_ref': 8.0, 'R': 0.2, 'tau_m': 59.0, 'R_adp': 0.9, 'tau_w': 62.0, 'a': 46.5}. Best is trial 414 with value: 2.0.[0m
2021-04-07 08:42:06.389153: I tensorflow/compiler/jit/xla_gpu_device.cc:99] Not creating XLA devices, tf_xla_enable_xla_devices not set
mse_error/peak_error 0 25.0
[32m[I 2021-04-07 08:42:17,665][0m Trial 437 finished with value: 25.0 and parameters: {'Vahp': -43.0, 'Vth': -41.0, 'Vmax': 20.5, 't_ref': 8.5, 'R': 0.30000000000000004, 'tau_m': 59.0, 'R_adp': 0.9, 'tau_w': 56.5, 'a': 43.0}. Best is trial 414 with value: 2.0.[0m
2021-04-07 08:42:17.898325: I tensorflow/compiler/jit/xla_gpu_device.cc:99] Not creating XLA devices, tf_xla_enable_xla_devices not set
mse_error/peak_error 0 134
[32m[I 2021-04-07 08:42:29,070][0m Trial 438 finished with value: 134.0 and parameters: {'Vahp': -42.5, 'Vth': -40.5, 'Vmax': 18.5, 't_ref': 8.0, 'R': 0.30000000000000004, 'tau_m': 55.5, 'R_adp': 1.0, 'tau_w': 65.5, 'a': 49.5}. Best is trial 414 with value: 2.0.[0m
2021-04-07 08:42:29.299416: I tensorflow/compiler/jit/xla_gpu_device.cc:99] Not creating XLA devices, tf_xla_enable_xla_devices not set
mse_error/peak_error 0 32.0
[32m[I 2021-04-07 08:42:40,647][0m Trial 439 finished with value: 32.0 and parameters: {'Vahp': -44.0, 'Vth': -42.0, 'Vmax': 19.0, 't_ref': 6.5, 'R': 0.30000000000000004, 'tau_m': 62.0, 'R_adp': 0.9, 'tau_w': 59.5, 'a': 46.0}. Best is trial 414 with value: 2.0.[0m
2021-04-07 08:42:40.876819: I tensorflow/compiler/jit/xla_gpu_device.cc:99] Not creating XLA devices, tf_xla_enable_xla_devices not set
mse_error/peak_error 0 3.0
[32m[I 2021-04-07 08:42:52,171][0m Trial 440 finished with value: 3.0 and parameters: {'Vahp': -44.5, 'Vth': -41.5, 'Vmax': 22.5, 't_ref': 7.0, 'R': 0.30000000000000004, 'tau_m': 64.0, 'R_adp': 0.9, 'tau_w': 56.0, 'a': 44.0}. Best is trial 414 with value: 2.0.[0m
2021-04-07 08:42:52.400263: I tensorflow/compiler/jit/xla_gpu_device.cc:99] Not creating XLA devices, tf_xla_enable_xla_devices not set
mse_error/peak_error 0 333
[32m[I 2021-04-07 08:43:03,789][0m Trial 441 finished with value: 333.0 and parameters: {'Vahp': -45.0, 'Vth': -42.0, 'Vmax': 22.0, 't_ref': 7.5, 'R': 0.4, 'tau_m': 63.0, 'R_adp': 0.9, 'tau_w': 59.0, 'a': 39.0}. Best is trial 414 with value: 2.0.[0m
2021-04-07 08:43:04.022860: I tensorflow/compiler/jit/xla_gpu_device.cc:99] Not creating XLA devices, tf_xla_enable_xla_devices not set
mse_error/peak_error 0 133
[32m[I 2021-04-07 08:43:15,340][0m Trial 442 finished with value: 133.0 and parameters: {'Vahp': -43.0, 'Vth': -41.0, 'Vmax': 25.5, 't_ref': 7.0, 'R': 0.30000000000000004, 'tau_m': 56.0, 'R_adp': 0.9, 'tau_w': 62.0, 'a': 51.5}. Best is trial 414 with value: 2.0.[0m
2021-04-07 08:43:15.569955: I tensorflow/compiler/jit/xla_gpu_device.cc:99] Not creating XLA devices, tf_xla_enable_xla_devices not set
mse_error/peak_error 0 7.0
[32m[I 2021-04-07 08:43:26,945][0m Trial 443 finished with value: 7.0 and parameters: {'Vahp': -44.5, 'Vth': -41.5, 'Vmax': 22.5, 't_ref': 7.0, 'R': 0.30000000000000004, 'tau_m': 63.5, 'R_adp': 0.9, 'tau_w': 58.0, 'a': 44.5}. Best is trial 414 with value: 2.0.[0m
2021-04-07 08:43:27.180981: I tensorflow/compiler/jit/xla_gpu_device.cc:99] Not creating XLA devices, tf_xla_enable_xla_devices not set
mse_error/peak_error 0 30.0
[32m[I 2021-04-07 08:43:38,484][0m Trial 444 finished with value: 30.0 and parameters: {'Vahp': -46.0, 'Vth': -42.0, 'Vmax': 23.5, 't_ref': 7.0, 'R': 0.30000000000000004, 'tau_m': 64.5, 'R_adp': 0.9, 'tau_w': 56.5, 'a': 45.0}. Best is trial 414 with value: 2.0.[0m
2021-04-07 08:43:38.716458: I tensorflow/compiler/jit/xla_gpu_device.cc:99] Not creating XLA devices, tf_xla_enable_xla_devices not set
mse_error/peak_error 0 26.0
[32m[I 2021-04-07 08:43:50,273][0m Trial 445 finished with value: 26.0 and parameters: {'Vahp': -44.0, 'Vth': -41.0, 'Vmax': 25.0, 't_ref': 7.5, 'R': 0.30000000000000004, 'tau_m': 64.0, 'R_adp': 0.9, 'tau_w': 58.0, 'a': 41.0}. Best is trial 414 with value: 2.0.[0m
2021-04-07 08:43:50.510432: I tensorflow/compiler/jit/xla_gpu_device.cc:99] Not creating XLA devices, tf_xla_enable_xla_devices not set
mse_error/peak_error 0 24.0
