2021-04-07 08:01:45.329340: W tensorflow/stream_executor/platform/default/dso_loader.cc:60] Could not load dynamic library 'libcudart.so.11.0'; dlerror: libcudart.so.11.0: cannot open shared object file: No such file or directory
2021-04-07 08:01:45.329387: I tensorflow/stream_executor/cuda/cudart_stub.cc:29] Ignore above cudart dlerror if you do not have a GPU set up on your machine.
/home/yuz615/.local/lib/python3.6/site-packages/sklearn/ensemble/weight_boosting.py:29: DeprecationWarning: numpy.core.umath_tests is an internal NumPy module and should not be imported. It will be removed in a future NumPy release.
  from numpy.core.umath_tests import inner1d
[32m[I 2021-04-07 08:01:48,110][0m A new study created in memory with name: no-name-9e1eb524-d4ca-4a16-a02d-7bf8e415917a[0m
2021-04-07 08:01:48.318299: I tensorflow/compiler/jit/xla_cpu_device.cc:41] Not creating XLA devices, tf_xla_enable_xla_devices not set
2021-04-07 08:01:48.319282: I tensorflow/stream_executor/platform/default/dso_loader.cc:49] Successfully opened dynamic library libcuda.so.1
2021-04-07 08:01:49.278401: E tensorflow/stream_executor/cuda/cuda_driver.cc:328] failed call to cuInit: CUDA_ERROR_NO_DEVICE: no CUDA-capable device is detected
2021-04-07 08:01:49.278471: I tensorflow/stream_executor/cuda/cuda_diagnostics.cc:169] retrieving CUDA diagnostic information for host: comparch-t640
2021-04-07 08:01:49.278480: I tensorflow/stream_executor/cuda/cuda_diagnostics.cc:176] hostname: comparch-t640
2021-04-07 08:01:49.278633: I tensorflow/stream_executor/cuda/cuda_diagnostics.cc:200] libcuda reported version is: 450.66.0
2021-04-07 08:01:49.278669: I tensorflow/stream_executor/cuda/cuda_diagnostics.cc:204] kernel reported version is: 450.66.0
2021-04-07 08:01:49.278677: I tensorflow/stream_executor/cuda/cuda_diagnostics.cc:310] kernel version seems to match DSO: 450.66.0
2021-04-07 08:01:49.279027: I tensorflow/core/platform/cpu_feature_guard.cc:142] This TensorFlow binary is optimized with oneAPI Deep Neural Network Library (oneDNN) to use the following CPU instructions in performance-critical operations:  AVX512F
To enable them in other operations, rebuild TensorFlow with the appropriate compiler flags.
2021-04-07 08:01:49.281336: I tensorflow/compiler/jit/xla_gpu_device.cc:99] Not creating XLA devices, tf_xla_enable_xla_devices not set
2021-04-07 08:01:49.298951: I tensorflow/compiler/mlir/mlir_graph_optimization_pass.cc:196] None of the MLIR optimization passes are enabled (registered 0 passes)
2021-04-07 08:01:49.303433: I tensorflow/core/platform/profile_utils/cpu_utils.cc:112] CPU Frequency: 2100000000 Hz
mse_error/peak_error 0 581
[32m[I 2021-04-07 08:01:49,737][0m Trial 0 finished with value: 581.0 and parameters: {'Vahp': -49.0, 'Vth': -35.5, 'Vmax': 31.0, 't_ref': 1.5, 'R': 0.2, 'tau_m': 61.5, 'R_adp': 0.2, 'tau_w': 11.0, 'a': 84.5}. Best is trial 0 with value: 581.0.[0m
2021-04-07 08:01:49.922768: I tensorflow/compiler/jit/xla_gpu_device.cc:99] Not creating XLA devices, tf_xla_enable_xla_devices not set
mse_error/peak_error 0 1858
[32m[I 2021-04-07 08:01:50,360][0m Trial 1 finished with value: 1858.0 and parameters: {'Vahp': -27.0, 'Vth': -22.0, 'Vmax': 22.0, 't_ref': 0.5, 'R': 0.5, 'tau_m': 49.0, 'R_adp': 0.2, 'tau_w': 84.0, 'a': 10.0}. Best is trial 0 with value: 581.0.[0m
2021-04-07 08:01:50.555143: I tensorflow/compiler/jit/xla_gpu_device.cc:99] Not creating XLA devices, tf_xla_enable_xla_devices not set
mse_error/peak_error 0 361
[32m[I 2021-04-07 08:01:50,986][0m Trial 2 finished with value: 361.0 and parameters: {'Vahp': -48.5, 'Vth': -24.5, 'Vmax': 19.0, 't_ref': 13.0, 'R': 0.6, 'tau_m': 87.0, 'R_adp': 0.6, 'tau_w': 48.0, 'a': 57.5}. Best is trial 2 with value: 361.0.[0m
2021-04-07 08:01:51.169967: I tensorflow/compiler/jit/xla_gpu_device.cc:99] Not creating XLA devices, tf_xla_enable_xla_devices not set
mse_error/peak_error 0 844
[32m[I 2021-04-07 08:01:51,642][0m Trial 3 finished with value: 844.0 and parameters: {'Vahp': -36.0, 'Vth': -20.0, 'Vmax': 16.5, 't_ref': 1.5, 'R': 0.9, 'tau_m': 71.5, 'R_adp': 0.1, 'tau_w': 14.5, 'a': 11.0}. Best is trial 2 with value: 361.0.[0m
2021-04-07 08:01:51.833604: I tensorflow/compiler/jit/xla_gpu_device.cc:99] Not creating XLA devices, tf_xla_enable_xla_devices not set
mse_error/peak_error 0 185
[32m[I 2021-04-07 08:01:52,298][0m Trial 4 finished with value: 185.0 and parameters: {'Vahp': -50.0, 'Vth': -39.5, 'Vmax': 11.0, 't_ref': 15.0, 'R': 0.30000000000000004, 'tau_m': 26.0, 'R_adp': 0.5, 'tau_w': 41.5, 'a': 55.0}. Best is trial 4 with value: 185.0.[0m
2021-04-07 08:01:52.491129: I tensorflow/compiler/jit/xla_gpu_device.cc:99] Not creating XLA devices, tf_xla_enable_xla_devices not set
mse_error/peak_error 0 549
[32m[I 2021-04-07 08:01:52,957][0m Trial 5 finished with value: 549.0 and parameters: {'Vahp': -40.0, 'Vth': -24.5, 'Vmax': 10.0, 't_ref': 7.5, 'R': 0.8, 'tau_m': 25.5, 'R_adp': 0.8, 'tau_w': 42.0, 'a': 89.0}. Best is trial 4 with value: 185.0.[0m
2021-04-07 08:01:53.145935: I tensorflow/compiler/jit/xla_gpu_device.cc:99] Not creating XLA devices, tf_xla_enable_xla_devices not set
mse_error/peak_error 0 584
[32m[I 2021-04-07 08:01:53,636][0m Trial 6 finished with value: 584.0 and parameters: {'Vahp': -60.0, 'Vth': -23.0, 'Vmax': 34.5, 't_ref': 6.5, 'R': 0.4, 'tau_m': 58.5, 'R_adp': 1.0, 'tau_w': 34.0, 'a': 69.5}. Best is trial 4 with value: 185.0.[0m
2021-04-07 08:01:53.824608: I tensorflow/compiler/jit/xla_gpu_device.cc:99] Not creating XLA devices, tf_xla_enable_xla_devices not set
mse_error/peak_error 0 488
[32m[I 2021-04-07 08:01:54,354][0m Trial 7 finished with value: 488.0 and parameters: {'Vahp': -28.5, 'Vth': -21.0, 'Vmax': 32.5, 't_ref': 15.5, 'R': 0.5, 'tau_m': 96.0, 'R_adp': 0.8, 'tau_w': 82.0, 'a': 21.5}. Best is trial 4 with value: 185.0.[0m
2021-04-07 08:01:54.536431: I tensorflow/compiler/jit/xla_gpu_device.cc:99] Not creating XLA devices, tf_xla_enable_xla_devices not set
mse_error/peak_error 0 2740
[32m[I 2021-04-07 08:01:55,043][0m Trial 8 finished with value: 2740.0 and parameters: {'Vahp': -48.5, 'Vth': -45.5, 'Vmax': 32.0, 't_ref': 2.0, 'R': 0.4, 'tau_m': 46.5, 'R_adp': 0.9, 'tau_w': 0.5, 'a': 98.5}. Best is trial 4 with value: 185.0.[0m
2021-04-07 08:01:55.228836: I tensorflow/compiler/jit/xla_gpu_device.cc:99] Not creating XLA devices, tf_xla_enable_xla_devices not set
mse_error/peak_error 0 1900
[32m[I 2021-04-07 08:01:55,757][0m Trial 9 finished with value: 1900.0 and parameters: {'Vahp': -30.0, 'Vth': -20.5, 'Vmax': 33.0, 't_ref': 20.0, 'R': 0.1, 'tau_m': 68.0, 'R_adp': 0.4, 'tau_w': 48.5, 'a': 17.5}. Best is trial 4 with value: 185.0.[0m
2021-04-07 08:01:55.952459: I tensorflow/compiler/jit/xla_gpu_device.cc:99] Not creating XLA devices, tf_xla_enable_xla_devices not set
mse_error/peak_error 0 1900
[32m[I 2021-04-07 08:01:56,502][0m Trial 10 finished with value: 1900.0 and parameters: {'Vahp': -59.0, 'Vth': -59.0, 'Vmax': 10.0, 't_ref': 20.0, 'R': 0.2, 'tau_m': 3.5, 'R_adp': 0.5, 'tau_w': 68.0, 'a': 40.5}. Best is trial 4 with value: 185.0.[0m
2021-04-07 08:01:56.698791: I tensorflow/compiler/jit/xla_gpu_device.cc:99] Not creating XLA devices, tf_xla_enable_xla_devices not set
mse_error/peak_error 0 84.0
[32m[I 2021-04-07 08:01:57,224][0m Trial 11 finished with value: 84.0 and parameters: {'Vahp': -51.0, 'Vth': -39.0, 'Vmax': 16.0, 't_ref': 14.0, 'R': 0.7000000000000001, 'tau_m': 100.0, 'R_adp': 0.6, 'tau_w': 60.5, 'a': 54.5}. Best is trial 11 with value: 84.0.[0m
2021-04-07 08:01:57.418628: I tensorflow/compiler/jit/xla_gpu_device.cc:99] Not creating XLA devices, tf_xla_enable_xla_devices not set
mse_error/peak_error 0 403
[32m[I 2021-04-07 08:01:57,997][0m Trial 12 finished with value: 403.0 and parameters: {'Vahp': -53.5, 'Vth': -40.5, 'Vmax': 14.5, 't_ref': 16.0, 'R': 0.7000000000000001, 'tau_m': 22.0, 'R_adp': 0.6, 'tau_w': 67.5, 'a': 41.5}. Best is trial 11 with value: 84.0.[0m
2021-04-07 08:01:58.191326: I tensorflow/compiler/jit/xla_gpu_device.cc:99] Not creating XLA devices, tf_xla_enable_xla_devices not set
mse_error/peak_error 0 543
[32m[I 2021-04-07 08:01:58,755][0m Trial 13 finished with value: 543.0 and parameters: {'Vahp': -53.0, 'Vth': -33.0, 'Vmax': 12.5, 't_ref': 12.0, 'R': 1.0, 'tau_m': 29.5, 'R_adp': 0.4, 'tau_w': 30.5, 'a': 61.5}. Best is trial 11 with value: 84.0.[0m
2021-04-07 08:01:58.952632: I tensorflow/compiler/jit/xla_gpu_device.cc:99] Not creating XLA devices, tf_xla_enable_xla_devices not set
mse_error/peak_error 0 442
[32m[I 2021-04-07 08:01:59,579][0m Trial 14 finished with value: 442.0 and parameters: {'Vahp': -42.5, 'Vth': -42.5, 'Vmax': 24.5, 't_ref': 16.5, 'R': 0.30000000000000004, 'tau_m': 1.0, 'R_adp': 0.7000000000000001, 'tau_w': 66.0, 'a': 35.0}. Best is trial 11 with value: 84.0.[0m
2021-04-07 08:01:59.882640: I tensorflow/compiler/jit/xla_gpu_device.cc:99] Not creating XLA devices, tf_xla_enable_xla_devices not set
mse_error/peak_error 0 701
[32m[I 2021-04-07 08:02:00,498][0m Trial 15 finished with value: 701.0 and parameters: {'Vahp': -56.0, 'Vth': -53.0, 'Vmax': 40.0, 't_ref': 10.5, 'R': 0.7000000000000001, 'tau_m': 38.5, 'R_adp': 0.4, 'tau_w': 97.0, 'a': 72.0}. Best is trial 11 with value: 84.0.[0m
2021-04-07 08:02:00.692083: I tensorflow/compiler/jit/xla_gpu_device.cc:99] Not creating XLA devices, tf_xla_enable_xla_devices not set
mse_error/peak_error 0 391
[32m[I 2021-04-07 08:02:01,313][0m Trial 16 finished with value: 391.0 and parameters: {'Vahp': -44.0, 'Vth': -38.0, 'Vmax': 19.0, 't_ref': 18.0, 'R': 0.6, 'tau_m': 16.0, 'R_adp': 0.5, 'tau_w': 60.5, 'a': 51.0}. Best is trial 11 with value: 84.0.[0m
2021-04-07 08:02:01.515589: I tensorflow/compiler/jit/xla_gpu_device.cc:99] Not creating XLA devices, tf_xla_enable_xla_devices not set
mse_error/peak_error 0 278
[32m[I 2021-04-07 08:02:02,185][0m Trial 17 finished with value: 278.0 and parameters: {'Vahp': -34.5, 'Vth': -31.0, 'Vmax': 13.5, 't_ref': 14.0, 'R': 0.8, 'tau_m': 81.0, 'R_adp': 0.7000000000000001, 'tau_w': 28.0, 'a': 31.5}. Best is trial 11 with value: 84.0.[0m
2021-04-07 08:02:02.387104: I tensorflow/compiler/jit/xla_gpu_device.cc:99] Not creating XLA devices, tf_xla_enable_xla_devices not set
mse_error/peak_error 0 289
[32m[I 2021-04-07 08:02:03,075][0m Trial 18 finished with value: 289.0 and parameters: {'Vahp': -46.0, 'Vth': -46.0, 'Vmax': 10.0, 't_ref': 7.5, 'R': 0.1, 'tau_m': 11.5, 'R_adp': 0.30000000000000004, 'tau_w': 58.0, 'a': 71.0}. Best is trial 11 with value: 84.0.[0m
2021-04-07 08:02:03.296806: I tensorflow/compiler/jit/xla_gpu_device.cc:99] Not creating XLA devices, tf_xla_enable_xla_devices not set
mse_error/peak_error 0 215
[32m[I 2021-04-07 08:02:03,972][0m Trial 19 finished with value: 215.0 and parameters: {'Vahp': -21.5, 'Vth': -21.5, 'Vmax': 27.0, 't_ref': 10.0, 'R': 0.30000000000000004, 'tau_m': 35.5, 'R_adp': 0.7000000000000001, 'tau_w': 79.5, 'a': 51.0}. Best is trial 11 with value: 84.0.[0m
2021-04-07 08:02:04.182974: I tensorflow/compiler/jit/xla_gpu_device.cc:99] Not creating XLA devices, tf_xla_enable_xla_devices not set
mse_error/peak_error 0 410
[32m[I 2021-04-07 08:02:04,887][0m Trial 20 finished with value: 410.0 and parameters: {'Vahp': -53.0, 'Vth': -29.0, 'Vmax': 17.0, 't_ref': 18.0, 'R': 1.0, 'tau_m': 9.5, 'R_adp': 0.5, 'tau_w': 41.0, 'a': 0.5}. Best is trial 11 with value: 84.0.[0m
2021-04-07 08:02:05.094431: I tensorflow/compiler/jit/xla_gpu_device.cc:99] Not creating XLA devices, tf_xla_enable_xla_devices not set
mse_error/peak_error 0 256
[32m[I 2021-04-07 08:02:05,863][0m Trial 21 finished with value: 256.0 and parameters: {'Vahp': -20.0, 'Vth': -20.0, 'Vmax': 27.5, 't_ref': 10.0, 'R': 0.30000000000000004, 'tau_m': 36.0, 'R_adp': 0.7000000000000001, 'tau_w': 80.0, 'a': 51.5}. Best is trial 11 with value: 84.0.[0m
2021-04-07 08:02:06.064848: I tensorflow/compiler/jit/xla_gpu_device.cc:99] Not creating XLA devices, tf_xla_enable_xla_devices not set
mse_error/peak_error 0 44.0
[32m[I 2021-04-07 08:02:06,828][0m Trial 22 finished with value: 44.0 and parameters: {'Vahp': -20.0, 'Vth': -20.0, 'Vmax': 27.0, 't_ref': 10.0, 'R': 0.4, 'tau_m': 34.5, 'R_adp': 0.6, 'tau_w': 73.0, 'a': 61.5}. Best is trial 22 with value: 44.0.[0m
2021-04-07 08:02:07.047577: I tensorflow/compiler/jit/xla_gpu_device.cc:99] Not creating XLA devices, tf_xla_enable_xla_devices not set
mse_error/peak_error 0 126.0
[32m[I 2021-04-07 08:02:07,813][0m Trial 23 finished with value: 126.0 and parameters: {'Vahp': -56.5, 'Vth': -47.5, 'Vmax': 22.5, 't_ref': 14.0, 'R': 0.4, 'tau_m': 43.0, 'R_adp': 0.6, 'tau_w': 96.0, 'a': 63.0}. Best is trial 22 with value: 44.0.[0m
2021-04-07 08:02:08.014468: I tensorflow/compiler/jit/xla_gpu_device.cc:99] Not creating XLA devices, tf_xla_enable_xla_devices not set
mse_error/peak_error 0 188.0
[32m[I 2021-04-07 08:02:08,836][0m Trial 24 finished with value: 188.0 and parameters: {'Vahp': -58.0, 'Vth': -51.5, 'Vmax': 22.0, 't_ref': 12.0, 'R': 0.4, 'tau_m': 45.0, 'R_adp': 0.6, 'tau_w': 99.0, 'a': 80.0}. Best is trial 22 with value: 44.0.[0m
2021-04-07 08:02:09.034847: I tensorflow/compiler/jit/xla_gpu_device.cc:99] Not creating XLA devices, tf_xla_enable_xla_devices not set
mse_error/peak_error 0 378
[32m[I 2021-04-07 08:02:09,824][0m Trial 25 finished with value: 378.0 and parameters: {'Vahp': -56.5, 'Vth': -51.0, 'Vmax': 23.5, 't_ref': 5.0, 'R': 0.5, 'tau_m': 60.0, 'R_adp': 0.8, 'tau_w': 89.0, 'a': 63.5}. Best is trial 22 with value: 44.0.[0m
2021-04-07 08:02:10.050990: I tensorflow/compiler/jit/xla_gpu_device.cc:99] Not creating XLA devices, tf_xla_enable_xla_devices not set
mse_error/peak_error 0 331
[32m[I 2021-04-07 08:02:10,836][0m Trial 26 finished with value: 331.0 and parameters: {'Vahp': -39.0, 'Vth': -27.5, 'Vmax': 28.5, 't_ref': 11.5, 'R': 0.7000000000000001, 'tau_m': 42.5, 'R_adp': 0.6, 'tau_w': 73.0, 'a': 66.5}. Best is trial 22 with value: 44.0.[0m
2021-04-07 08:02:11.046260: I tensorflow/compiler/jit/xla_gpu_device.cc:99] Not creating XLA devices, tf_xla_enable_xla_devices not set
mse_error/peak_error 0 252
[32m[I 2021-04-07 08:02:11,898][0m Trial 27 finished with value: 252.0 and parameters: {'Vahp': -23.5, 'Vth': -22.5, 'Vmax': 20.5, 't_ref': 14.0, 'R': 0.6, 'tau_m': 52.0, 'R_adp': 0.9, 'tau_w': 92.0, 'a': 43.5}. Best is trial 22 with value: 44.0.[0m
2021-04-07 08:02:12.112562: I tensorflow/compiler/jit/xla_gpu_device.cc:99] Not creating XLA devices, tf_xla_enable_xla_devices not set
mse_error/peak_error 0 597
[32m[I 2021-04-07 08:02:12,990][0m Trial 28 finished with value: 597.0 and parameters: {'Vahp': -60.0, 'Vth': -56.5, 'Vmax': 36.5, 't_ref': 9.0, 'R': 0.4, 'tau_m': 98.0, 'R_adp': 0.4, 'tau_w': 58.0, 'a': 80.5}. Best is trial 22 with value: 44.0.[0m
2021-04-07 08:02:13.196454: I tensorflow/compiler/jit/xla_gpu_device.cc:99] Not creating XLA devices, tf_xla_enable_xla_devices not set
mse_error/peak_error 0 201
[32m[I 2021-04-07 08:02:14,080][0m Trial 29 finished with value: 201.0 and parameters: {'Vahp': -55.0, 'Vth': -35.0, 'Vmax': 29.5, 't_ref': 13.5, 'R': 0.8, 'tau_m': 52.5, 'R_adp': 0.6, 'tau_w': 75.0, 'a': 91.5}. Best is trial 22 with value: 44.0.[0m
2021-04-07 08:02:14.283484: I tensorflow/compiler/jit/xla_gpu_device.cc:99] Not creating XLA devices, tf_xla_enable_xla_devices not set
mse_error/peak_error 0 361
[32m[I 2021-04-07 08:02:15,159][0m Trial 30 finished with value: 361.0 and parameters: {'Vahp': -50.0, 'Vth': -45.0, 'Vmax': 26.0, 't_ref': 17.5, 'R': 0.2, 'tau_m': 67.5, 'R_adp': 0.30000000000000004, 'tau_w': 90.5, 'a': 79.0}. Best is trial 22 with value: 44.0.[0m
2021-04-07 08:02:15.367403: I tensorflow/compiler/jit/xla_gpu_device.cc:99] Not creating XLA devices, tf_xla_enable_xla_devices not set
mse_error/peak_error 0 84.0
[32m[I 2021-04-07 08:02:16,242][0m Trial 31 finished with value: 84.0 and parameters: {'Vahp': -50.0, 'Vth': -39.0, 'Vmax': 12.0, 't_ref': 15.0, 'R': 0.30000000000000004, 'tau_m': 29.5, 'R_adp': 0.5, 'tau_w': 53.0, 'a': 57.5}. Best is trial 22 with value: 44.0.[0m
2021-04-07 08:02:16.444735: I tensorflow/compiler/jit/xla_gpu_device.cc:99] Not creating XLA devices, tf_xla_enable_xla_devices not set
mse_error/peak_error 0 244
[32m[I 2021-04-07 08:02:17,354][0m Trial 32 finished with value: 244.0 and parameters: {'Vahp': -46.0, 'Vth': -36.5, 'Vmax': 15.0, 't_ref': 14.5, 'R': 0.5, 'tau_m': 30.0, 'R_adp': 0.5, 'tau_w': 55.5, 'a': 59.0}. Best is trial 22 with value: 44.0.[0m
2021-04-07 08:02:17.557399: I tensorflow/compiler/jit/xla_gpu_device.cc:99] Not creating XLA devices, tf_xla_enable_xla_devices not set
mse_error/peak_error 0 468
[32m[I 2021-04-07 08:02:18,474][0m Trial 33 finished with value: 468.0 and parameters: {'Vahp': -51.0, 'Vth': -48.5, 'Vmax': 18.5, 't_ref': 12.5, 'R': 0.4, 'tau_m': 19.0, 'R_adp': 0.7000000000000001, 'tau_w': 53.0, 'a': 74.0}. Best is trial 22 with value: 44.0.[0m
2021-04-07 08:02:18.671681: I tensorflow/compiler/jit/xla_gpu_device.cc:99] Not creating XLA devices, tf_xla_enable_xla_devices not set
mse_error/peak_error 0 171
[32m[I 2021-04-07 08:02:19,648][0m Trial 34 finished with value: 171.0 and parameters: {'Vahp': -47.0, 'Vth': -42.0, 'Vmax': 22.0, 't_ref': 11.0, 'R': 0.2, 'tau_m': 33.5, 'R_adp': 0.6, 'tau_w': 63.5, 'a': 44.0}. Best is trial 22 with value: 44.0.[0m
2021-04-07 08:02:19.849762: I tensorflow/compiler/jit/xla_gpu_device.cc:99] Not creating XLA devices, tf_xla_enable_xla_devices not set
mse_error/peak_error 0 180
[32m[I 2021-04-07 08:02:20,879][0m Trial 35 finished with value: 180.0 and parameters: {'Vahp': -42.5, 'Vth': -33.0, 'Vmax': 16.5, 't_ref': 17.0, 'R': 0.5, 'tau_m': 40.5, 'R_adp': 0.30000000000000004, 'tau_w': 75.0, 'a': 56.5}. Best is trial 22 with value: 44.0.[0m
2021-04-07 08:02:21.203422: I tensorflow/compiler/jit/xla_gpu_device.cc:99] Not creating XLA devices, tf_xla_enable_xla_devices not set
mse_error/peak_error 0 110.0
[32m[I 2021-04-07 08:02:22,204][0m Trial 36 finished with value: 110.0 and parameters: {'Vahp': -51.5, 'Vth': -38.0, 'Vmax': 12.5, 't_ref': 19.0, 'R': 0.6, 'tau_m': 50.5, 'R_adp': 0.5, 'tau_w': 47.5, 'a': 63.5}. Best is trial 22 with value: 44.0.[0m
2021-04-07 08:02:22.407096: I tensorflow/compiler/jit/xla_gpu_device.cc:99] Not creating XLA devices, tf_xla_enable_xla_devices not set
mse_error/peak_error 0 178
[32m[I 2021-04-07 08:02:23,411][0m Trial 37 finished with value: 178.0 and parameters: {'Vahp': -36.5, 'Vth': -36.5, 'Vmax': 12.0, 't_ref': 19.5, 'R': 0.6, 'tau_m': 81.5, 'R_adp': 0.2, 'tau_w': 21.0, 'a': 48.5}. Best is trial 22 with value: 44.0.[0m
2021-04-07 08:02:23.613846: I tensorflow/compiler/jit/xla_gpu_device.cc:99] Not creating XLA devices, tf_xla_enable_xla_devices not set
mse_error/peak_error 0 794.0
[32m[I 2021-04-07 08:02:24,684][0m Trial 38 finished with value: 794.0 and parameters: {'Vahp': -50.5, 'Vth': -39.0, 'Vmax': 11.5, 't_ref': 9.0, 'R': 0.7000000000000001, 'tau_m': 25.0, 'R_adp': 0.4, 'tau_w': 45.5, 'a': 56.0}. Best is trial 22 with value: 44.0.[0m
2021-04-07 08:02:24.899070: I tensorflow/compiler/jit/xla_gpu_device.cc:99] Not creating XLA devices, tf_xla_enable_xla_devices not set
mse_error/peak_error 0 90.0
[32m[I 2021-04-07 08:02:25,932][0m Trial 39 finished with value: 90.0 and parameters: {'Vahp': -32.0, 'Vth': -24.5, 'Vmax': 15.0, 't_ref': 19.0, 'R': 0.9, 'tau_m': 91.5, 'R_adp': 0.5, 'tau_w': 39.0, 'a': 67.5}. Best is trial 22 with value: 44.0.[0m
2021-04-07 08:02:26.144079: I tensorflow/compiler/jit/xla_gpu_device.cc:99] Not creating XLA devices, tf_xla_enable_xla_devices not set
mse_error/peak_error 0 630.0
[32m[I 2021-04-07 08:02:27,246][0m Trial 40 finished with value: 630.0 and parameters: {'Vahp': -31.5, 'Vth': -25.0, 'Vmax': 15.5, 't_ref': 4.5, 'R': 0.9, 'tau_m': 87.0, 'R_adp': 0.5, 'tau_w': 37.0, 'a': 86.0}. Best is trial 22 with value: 44.0.[0m
2021-04-07 08:02:27.469139: I tensorflow/compiler/jit/xla_gpu_device.cc:99] Not creating XLA devices, tf_xla_enable_xla_devices not set
mse_error/peak_error 0 74.0
[32m[I 2021-04-07 08:02:28,621][0m Trial 41 finished with value: 74.0 and parameters: {'Vahp': -25.5, 'Vth': -23.5, 'Vmax': 13.5, 't_ref': 19.5, 'R': 0.9, 'tau_m': 93.5, 'R_adp': 0.5, 'tau_w': 51.0, 'a': 68.5}. Best is trial 22 with value: 44.0.[0m
2021-04-07 08:02:28.851103: I tensorflow/compiler/jit/xla_gpu_device.cc:99] Not creating XLA devices, tf_xla_enable_xla_devices not set
mse_error/peak_error 0 192
[32m[I 2021-04-07 08:02:29,962][0m Trial 42 finished with value: 192.0 and parameters: {'Vahp': -25.5, 'Vth': -23.5, 'Vmax': 17.5, 't_ref': 19.0, 'R': 0.9, 'tau_m': 100.0, 'R_adp': 0.5, 'tau_w': 50.5, 'a': 76.0}. Best is trial 22 with value: 44.0.[0m
2021-04-07 08:02:30.171889: I tensorflow/compiler/jit/xla_gpu_device.cc:99] Not creating XLA devices, tf_xla_enable_xla_devices not set
mse_error/peak_error 0 256
[32m[I 2021-04-07 08:02:31,264][0m Trial 43 finished with value: 256.0 and parameters: {'Vahp': -26.5, 'Vth': -24.0, 'Vmax': 15.0, 't_ref': 15.0, 'R': 0.9, 'tau_m': 92.5, 'R_adp': 0.4, 'tau_w': 38.5, 'a': 67.5}. Best is trial 22 with value: 44.0.[0m
2021-04-07 08:02:31.480423: I tensorflow/compiler/jit/xla_gpu_device.cc:99] Not creating XLA devices, tf_xla_enable_xla_devices not set
mse_error/peak_error 0 153
[32m[I 2021-04-07 08:02:32,630][0m Trial 44 finished with value: 153.0 and parameters: {'Vahp': -24.5, 'Vth': -22.5, 'Vmax': 14.0, 't_ref': 16.0, 'R': 0.8, 'tau_m': 78.5, 'R_adp': 0.6, 'tau_w': 53.5, 'a': 59.0}. Best is trial 22 with value: 44.0.[0m
2021-04-07 08:02:32.828770: I tensorflow/compiler/jit/xla_gpu_device.cc:99] Not creating XLA devices, tf_xla_enable_xla_devices not set
mse_error/peak_error 0 256
