[32m[I 2021-04-07 08:20:01,842][0m Trial 295 finished with value: 41.0 and parameters: {'Vahp': -39.0, 'Vth': -38.5, 'Vmax': 15.5, 't_ref': 12.0, 'R': 0.30000000000000004, 'tau_m': 58.0, 'R_adp': 0.7000000000000001, 'tau_w': 70.5, 'a': 57.0}. Best is trial 280 with value: 12.0.[0m
2021-04-07 08:20:02.081576: I tensorflow/compiler/jit/xla_gpu_device.cc:99] Not creating XLA devices, tf_xla_enable_xla_devices not set
mse_error/peak_error 0 27.0
[32m[I 2021-04-07 08:20:09,258][0m Trial 296 finished with value: 27.0 and parameters: {'Vahp': -41.5, 'Vth': -39.5, 'Vmax': 14.5, 't_ref': 11.5, 'R': 0.30000000000000004, 'tau_m': 57.0, 'R_adp': 0.6, 'tau_w': 65.5, 'a': 61.0}. Best is trial 280 with value: 12.0.[0m
2021-04-07 08:20:09.479044: I tensorflow/compiler/jit/xla_gpu_device.cc:99] Not creating XLA devices, tf_xla_enable_xla_devices not set
mse_error/peak_error 0 345
[32m[I 2021-04-07 08:20:16,698][0m Trial 297 finished with value: 345.0 and parameters: {'Vahp': -39.5, 'Vth': -39.5, 'Vmax': 14.0, 't_ref': 10.5, 'R': 0.2, 'tau_m': 56.5, 'R_adp': 0.7000000000000001, 'tau_w': 63.5, 'a': 53.0}. Best is trial 280 with value: 12.0.[0m
2021-04-07 08:20:16.918077: I tensorflow/compiler/jit/xla_gpu_device.cc:99] Not creating XLA devices, tf_xla_enable_xla_devices not set
mse_error/peak_error 0 87.0
[32m[I 2021-04-07 08:20:24,149][0m Trial 298 finished with value: 87.0 and parameters: {'Vahp': -41.5, 'Vth': -40.0, 'Vmax': 15.5, 't_ref': 11.5, 'R': 0.4, 'tau_m': 59.0, 'R_adp': 0.7000000000000001, 'tau_w': 77.0, 'a': 62.5}. Best is trial 280 with value: 12.0.[0m
2021-04-07 08:20:24.374983: I tensorflow/compiler/jit/xla_gpu_device.cc:99] Not creating XLA devices, tf_xla_enable_xla_devices not set
mse_error/peak_error 0 129
[32m[I 2021-04-07 08:20:31,573][0m Trial 299 finished with value: 129.0 and parameters: {'Vahp': -37.5, 'Vth': -37.5, 'Vmax': 16.0, 't_ref': 12.5, 'R': 0.30000000000000004, 'tau_m': 54.0, 'R_adp': 0.7000000000000001, 'tau_w': 72.0, 'a': 58.5}. Best is trial 280 with value: 12.0.[0m
2021-04-07 08:20:31.810807: I tensorflow/compiler/jit/xla_gpu_device.cc:99] Not creating XLA devices, tf_xla_enable_xla_devices not set
mse_error/peak_error 0 59.0
[32m[I 2021-04-07 08:20:39,050][0m Trial 300 finished with value: 59.0 and parameters: {'Vahp': -38.5, 'Vth': -38.5, 'Vmax': 34.5, 't_ref': 11.5, 'R': 0.30000000000000004, 'tau_m': 64.5, 'R_adp': 0.6, 'tau_w': 66.0, 'a': 61.0}. Best is trial 280 with value: 12.0.[0m
2021-04-07 08:20:39.291758: I tensorflow/compiler/jit/xla_gpu_device.cc:99] Not creating XLA devices, tf_xla_enable_xla_devices not set
mse_error/peak_error 0 49.0
[32m[I 2021-04-07 08:20:46,609][0m Trial 301 finished with value: 49.0 and parameters: {'Vahp': -41.0, 'Vth': -39.0, 'Vmax': 14.5, 't_ref': 11.0, 'R': 0.30000000000000004, 'tau_m': 57.0, 'R_adp': 0.6, 'tau_w': 69.0, 'a': 64.5}. Best is trial 280 with value: 12.0.[0m
2021-04-07 08:20:46.834661: I tensorflow/compiler/jit/xla_gpu_device.cc:99] Not creating XLA devices, tf_xla_enable_xla_devices not set
mse_error/peak_error 0 26.0
[32m[I 2021-04-07 08:20:54,188][0m Trial 302 finished with value: 26.0 and parameters: {'Vahp': -40.0, 'Vth': -39.5, 'Vmax': 15.0, 't_ref': 12.0, 'R': 0.30000000000000004, 'tau_m': 60.5, 'R_adp': 0.6, 'tau_w': 74.0, 'a': 59.5}. Best is trial 280 with value: 12.0.[0m
2021-04-07 08:20:54.448621: I tensorflow/compiler/jit/xla_gpu_device.cc:99] Not creating XLA devices, tf_xla_enable_xla_devices not set
mse_error/peak_error 0 39.0
[32m[I 2021-04-07 08:21:01,756][0m Trial 303 finished with value: 39.0 and parameters: {'Vahp': -39.5, 'Vth': -39.5, 'Vmax': 15.5, 't_ref': 12.0, 'R': 0.30000000000000004, 'tau_m': 60.5, 'R_adp': 0.7000000000000001, 'tau_w': 75.5, 'a': 55.0}. Best is trial 280 with value: 12.0.[0m
2021-04-07 08:21:02.003155: I tensorflow/compiler/jit/xla_gpu_device.cc:99] Not creating XLA devices, tf_xla_enable_xla_devices not set
mse_error/peak_error 0 572
[32m[I 2021-04-07 08:21:09,312][0m Trial 304 finished with value: 572.0 and parameters: {'Vahp': -36.5, 'Vth': -26.5, 'Vmax': 15.0, 't_ref': 11.0, 'R': 0.30000000000000004, 'tau_m': 55.5, 'R_adp': 0.7000000000000001, 'tau_w': 73.0, 'a': 59.5}. Best is trial 280 with value: 12.0.[0m
2021-04-07 08:21:09.536852: I tensorflow/compiler/jit/xla_gpu_device.cc:99] Not creating XLA devices, tf_xla_enable_xla_devices not set
mse_error/peak_error 0 126
[32m[I 2021-04-07 08:21:16,846][0m Trial 305 finished with value: 126.0 and parameters: {'Vahp': -40.0, 'Vth': -39.0, 'Vmax': 17.5, 't_ref': 12.0, 'R': 0.30000000000000004, 'tau_m': 59.5, 'R_adp': 0.7000000000000001, 'tau_w': 74.0, 'a': 56.5}. Best is trial 280 with value: 12.0.[0m
2021-04-07 08:21:17.081606: I tensorflow/compiler/jit/xla_gpu_device.cc:99] Not creating XLA devices, tf_xla_enable_xla_devices not set
mse_error/peak_error 0 57.0
[32m[I 2021-04-07 08:21:24,460][0m Trial 306 finished with value: 57.0 and parameters: {'Vahp': -38.5, 'Vth': -38.5, 'Vmax': 16.0, 't_ref': 10.5, 'R': 0.30000000000000004, 'tau_m': 63.5, 'R_adp': 0.7000000000000001, 'tau_w': 70.0, 'a': 52.0}. Best is trial 280 with value: 12.0.[0m
2021-04-07 08:21:24.682955: I tensorflow/compiler/jit/xla_gpu_device.cc:99] Not creating XLA devices, tf_xla_enable_xla_devices not set
mse_error/peak_error 0 200
[32m[I 2021-04-07 08:21:32,111][0m Trial 307 finished with value: 200.0 and parameters: {'Vahp': -37.5, 'Vth': -37.5, 'Vmax': 15.0, 't_ref': 11.5, 'R': 0.30000000000000004, 'tau_m': 50.0, 'R_adp': 0.7000000000000001, 'tau_w': 75.5, 'a': 100.0}. Best is trial 280 with value: 12.0.[0m
2021-04-07 08:21:32.336843: I tensorflow/compiler/jit/xla_gpu_device.cc:99] Not creating XLA devices, tf_xla_enable_xla_devices not set
mse_error/peak_error 0 393
[32m[I 2021-04-07 08:21:39,870][0m Trial 308 finished with value: 393.0 and parameters: {'Vahp': -39.5, 'Vth': -39.0, 'Vmax': 16.5, 't_ref': 11.0, 'R': 0.2, 'tau_m': 53.5, 'R_adp': 0.7000000000000001, 'tau_w': 71.5, 'a': 54.5}. Best is trial 280 with value: 12.0.[0m
2021-04-07 08:21:40.095534: I tensorflow/compiler/jit/xla_gpu_device.cc:99] Not creating XLA devices, tf_xla_enable_xla_devices not set
mse_error/peak_error 0 316
[32m[I 2021-04-07 08:21:47,639][0m Trial 309 finished with value: 316.0 and parameters: {'Vahp': -40.5, 'Vth': -40.0, 'Vmax': 15.5, 't_ref': 12.0, 'R': 0.4, 'tau_m': 55.5, 'R_adp': 0.6, 'tau_w': 67.5, 'a': 59.0}. Best is trial 280 with value: 12.0.[0m
2021-04-07 08:21:47.865302: I tensorflow/compiler/jit/xla_gpu_device.cc:99] Not creating XLA devices, tf_xla_enable_xla_devices not set
mse_error/peak_error 0 112
[32m[I 2021-04-07 08:21:55,414][0m Trial 310 finished with value: 112.0 and parameters: {'Vahp': -39.0, 'Vth': -38.5, 'Vmax': 14.5, 't_ref': 12.5, 'R': 0.30000000000000004, 'tau_m': 48.5, 'R_adp': 0.7000000000000001, 'tau_w': 79.5, 'a': 56.5}. Best is trial 280 with value: 12.0.[0m
2021-04-07 08:21:55.648756: I tensorflow/compiler/jit/xla_gpu_device.cc:99] Not creating XLA devices, tf_xla_enable_xla_devices not set
mse_error/peak_error 0 192
[32m[I 2021-04-07 08:22:03,155][0m Trial 311 finished with value: 192.0 and parameters: {'Vahp': -38.0, 'Vth': -38.0, 'Vmax': 16.0, 't_ref': 11.5, 'R': 0.30000000000000004, 'tau_m': 68.0, 'R_adp': 0.7000000000000001, 'tau_w': 70.0, 'a': 62.0}. Best is trial 280 with value: 12.0.[0m
2021-04-07 08:22:03.376130: I tensorflow/compiler/jit/xla_gpu_device.cc:99] Not creating XLA devices, tf_xla_enable_xla_devices not set
mse_error/peak_error 0 26.0
[32m[I 2021-04-07 08:22:10,935][0m Trial 312 finished with value: 26.0 and parameters: {'Vahp': -40.5, 'Vth': -39.5, 'Vmax': 14.0, 't_ref': 10.5, 'R': 0.30000000000000004, 'tau_m': 51.5, 'R_adp': 0.7000000000000001, 'tau_w': 68.5, 'a': 54.0}. Best is trial 280 with value: 12.0.[0m
2021-04-07 08:22:11.165556: I tensorflow/compiler/jit/xla_gpu_device.cc:99] Not creating XLA devices, tf_xla_enable_xla_devices not set
mse_error/peak_error 0 31.0
[32m[I 2021-04-07 08:22:18,842][0m Trial 313 finished with value: 31.0 and parameters: {'Vahp': -38.5, 'Vth': -38.5, 'Vmax': 13.5, 't_ref': 9.5, 'R': 0.30000000000000004, 'tau_m': 51.5, 'R_adp': 0.7000000000000001, 'tau_w': 68.5, 'a': 52.5}. Best is trial 280 with value: 12.0.[0m
2021-04-07 08:22:19.074144: I tensorflow/compiler/jit/xla_gpu_device.cc:99] Not creating XLA devices, tf_xla_enable_xla_devices not set
mse_error/peak_error 0 15.0
[32m[I 2021-04-07 08:22:26,707][0m Trial 314 finished with value: 15.0 and parameters: {'Vahp': -41.0, 'Vth': -40.0, 'Vmax': 15.0, 't_ref': 10.0, 'R': 0.30000000000000004, 'tau_m': 58.0, 'R_adp': 0.7000000000000001, 'tau_w': 64.0, 'a': 54.0}. Best is trial 280 with value: 12.0.[0m
2021-04-07 08:22:26.954128: I tensorflow/compiler/jit/xla_gpu_device.cc:99] Not creating XLA devices, tf_xla_enable_xla_devices not set
mse_error/peak_error 0 11.0
[32m[I 2021-04-07 08:22:34,685][0m Trial 315 finished with value: 11.0 and parameters: {'Vahp': -42.0, 'Vth': -40.0, 'Vmax': 14.5, 't_ref': 10.0, 'R': 0.30000000000000004, 'tau_m': 57.0, 'R_adp': 0.7000000000000001, 'tau_w': 63.5, 'a': 52.0}. Best is trial 315 with value: 11.0.[0m
2021-04-07 08:22:34.916347: I tensorflow/compiler/jit/xla_gpu_device.cc:99] Not creating XLA devices, tf_xla_enable_xla_devices not set
mse_error/peak_error 0 8.0
[32m[I 2021-04-07 08:22:42,635][0m Trial 316 finished with value: 8.0 and parameters: {'Vahp': -42.0, 'Vth': -40.0, 'Vmax': 16.5, 't_ref': 9.0, 'R': 0.30000000000000004, 'tau_m': 58.0, 'R_adp': 0.7000000000000001, 'tau_w': 62.0, 'a': 51.5}. Best is trial 316 with value: 8.0.[0m
2021-04-07 08:22:42.877482: I tensorflow/compiler/jit/xla_gpu_device.cc:99] Not creating XLA devices, tf_xla_enable_xla_devices not set
mse_error/peak_error 0 346
[32m[I 2021-04-07 08:22:50,662][0m Trial 317 finished with value: 346.0 and parameters: {'Vahp': -42.0, 'Vth': -40.0, 'Vmax': 18.0, 't_ref': 7.5, 'R': 0.4, 'tau_m': 58.5, 'R_adp': 0.7000000000000001, 'tau_w': 62.5, 'a': 51.0}. Best is trial 316 with value: 8.0.[0m
2021-04-07 08:22:50.893451: I tensorflow/compiler/jit/xla_gpu_device.cc:99] Not creating XLA devices, tf_xla_enable_xla_devices not set
mse_error/peak_error 0 5.0
[32m[I 2021-04-07 08:22:58,663][0m Trial 318 finished with value: 5.0 and parameters: {'Vahp': -42.0, 'Vth': -40.0, 'Vmax': 16.5, 't_ref': 8.5, 'R': 0.30000000000000004, 'tau_m': 58.0, 'R_adp': 0.7000000000000001, 'tau_w': 63.5, 'a': 52.0}. Best is trial 318 with value: 5.0.[0m
2021-04-07 08:22:58.913488: I tensorflow/compiler/jit/xla_gpu_device.cc:99] Not creating XLA devices, tf_xla_enable_xla_devices not set
mse_error/peak_error 0 443
[32m[I 2021-04-07 08:23:06,450][0m Trial 319 finished with value: 443.0 and parameters: {'Vahp': -41.5, 'Vth': -40.0, 'Vmax': 17.0, 't_ref': 9.0, 'R': 0.2, 'tau_m': 62.5, 'R_adp': 0.7000000000000001, 'tau_w': 63.5, 'a': 50.0}. Best is trial 318 with value: 5.0.[0m
2021-04-07 08:23:06.669516: I tensorflow/compiler/jit/xla_gpu_device.cc:99] Not creating XLA devices, tf_xla_enable_xla_devices not set
mse_error/peak_error 0 6.0
[32m[I 2021-04-07 08:23:14,479][0m Trial 320 finished with value: 6.0 and parameters: {'Vahp': -42.0, 'Vth': -40.0, 'Vmax': 16.0, 't_ref': 8.5, 'R': 0.30000000000000004, 'tau_m': 58.0, 'R_adp': 0.7000000000000001, 'tau_w': 61.5, 'a': 52.0}. Best is trial 318 with value: 5.0.[0m
2021-04-07 08:23:14.709920: I tensorflow/compiler/jit/xla_gpu_device.cc:99] Not creating XLA devices, tf_xla_enable_xla_devices not set
mse_error/peak_error 0 17.0
[32m[I 2021-04-07 08:23:22,533][0m Trial 321 finished with value: 17.0 and parameters: {'Vahp': -42.0, 'Vth': -40.0, 'Vmax': 16.5, 't_ref': 8.0, 'R': 0.30000000000000004, 'tau_m': 58.0, 'R_adp': 0.7000000000000001, 'tau_w': 61.0, 'a': 52.0}. Best is trial 318 with value: 5.0.[0m
2021-04-07 08:23:22.771292: I tensorflow/compiler/jit/xla_gpu_device.cc:99] Not creating XLA devices, tf_xla_enable_xla_devices not set
mse_error/peak_error 0 37.0
[32m[I 2021-04-07 08:23:30,668][0m Trial 322 finished with value: 37.0 and parameters: {'Vahp': -42.0, 'Vth': -40.5, 'Vmax': 17.5, 't_ref': 8.0, 'R': 0.30000000000000004, 'tau_m': 61.0, 'R_adp': 0.7000000000000001, 'tau_w': 61.5, 'a': 49.0}. Best is trial 318 with value: 5.0.[0m
2021-04-07 08:23:30.892997: I tensorflow/compiler/jit/xla_gpu_device.cc:99] Not creating XLA devices, tf_xla_enable_xla_devices not set
mse_error/peak_error 0 8.0
[32m[I 2021-04-07 08:23:38,753][0m Trial 323 finished with value: 8.0 and parameters: {'Vahp': -42.0, 'Vth': -40.0, 'Vmax': 16.5, 't_ref': 8.5, 'R': 0.30000000000000004, 'tau_m': 59.0, 'R_adp': 0.7000000000000001, 'tau_w': 61.0, 'a': 51.5}. Best is trial 318 with value: 5.0.[0m
2021-04-07 08:23:38.974739: I tensorflow/compiler/jit/xla_gpu_device.cc:99] Not creating XLA devices, tf_xla_enable_xla_devices not set
mse_error/peak_error 0 12.0
[32m[I 2021-04-07 08:23:46,892][0m Trial 324 finished with value: 12.0 and parameters: {'Vahp': -42.5, 'Vth': -40.0, 'Vmax': 16.5, 't_ref': 8.5, 'R': 0.30000000000000004, 'tau_m': 58.0, 'R_adp': 0.7000000000000001, 'tau_w': 61.0, 'a': 51.5}. Best is trial 318 with value: 5.0.[0m
2021-04-07 08:23:47.132576: I tensorflow/compiler/jit/xla_gpu_device.cc:99] Not creating XLA devices, tf_xla_enable_xla_devices not set
mse_error/peak_error 0 425
[32m[I 2021-04-07 08:23:55,043][0m Trial 325 finished with value: 425.0 and parameters: {'Vahp': -42.5, 'Vth': -40.5, 'Vmax': 17.0, 't_ref': 8.5, 'R': 0.2, 'tau_m': 59.0, 'R_adp': 0.7000000000000001, 'tau_w': 61.5, 'a': 51.0}. Best is trial 318 with value: 5.0.[0m
2021-04-07 08:23:55.271110: I tensorflow/compiler/jit/xla_gpu_device.cc:99] Not creating XLA devices, tf_xla_enable_xla_devices not set
mse_error/peak_error 0 22.0
[32m[I 2021-04-07 08:24:03,196][0m Trial 326 finished with value: 22.0 and parameters: {'Vahp': -42.0, 'Vth': -40.0, 'Vmax': 18.0, 't_ref': 8.0, 'R': 0.30000000000000004, 'tau_m': 61.0, 'R_adp': 0.7000000000000001, 'tau_w': 60.5, 'a': 49.0}. Best is trial 318 with value: 5.0.[0m
2021-04-07 08:24:03.757122: I tensorflow/compiler/jit/xla_gpu_device.cc:99] Not creating XLA devices, tf_xla_enable_xla_devices not set
mse_error/peak_error 0 34.0
[32m[I 2021-04-07 08:24:11,846][0m Trial 327 finished with value: 34.0 and parameters: {'Vahp': -42.0, 'Vth': -40.0, 'Vmax': 19.0, 't_ref': 8.0, 'R': 0.30000000000000004, 'tau_m': 65.0, 'R_adp': 0.7000000000000001, 'tau_w': 61.0, 'a': 49.5}. Best is trial 318 with value: 5.0.[0m
2021-04-07 08:24:12.073062: I tensorflow/compiler/jit/xla_gpu_device.cc:99] Not creating XLA devices, tf_xla_enable_xla_devices not set
mse_error/peak_error 0 15.0
[32m[I 2021-04-07 08:24:20,159][0m Trial 328 finished with value: 15.0 and parameters: {'Vahp': -42.5, 'Vth': -40.5, 'Vmax': 18.5, 't_ref': 8.5, 'R': 0.30000000000000004, 'tau_m': 61.0, 'R_adp': 0.7000000000000001, 'tau_w': 61.0, 'a': 48.5}. Best is trial 318 with value: 5.0.[0m
2021-04-07 08:24:20.380956: I tensorflow/compiler/jit/xla_gpu_device.cc:99] Not creating XLA devices, tf_xla_enable_xla_devices not set
mse_error/peak_error 0 46.0
[32m[I 2021-04-07 08:24:28,404][0m Trial 329 finished with value: 46.0 and parameters: {'Vahp': -42.5, 'Vth': -40.5, 'Vmax': 20.0, 't_ref': 8.5, 'R': 0.30000000000000004, 'tau_m': 66.5, 'R_adp': 0.7000000000000001, 'tau_w': 60.5, 'a': 47.5}. Best is trial 318 with value: 5.0.[0m
2021-04-07 08:24:28.625034: I tensorflow/compiler/jit/xla_gpu_device.cc:99] Not creating XLA devices, tf_xla_enable_xla_devices not set
mse_error/peak_error 0 202
[32m[I 2021-04-07 08:24:36,696][0m Trial 330 finished with value: 202.0 and parameters: {'Vahp': -42.5, 'Vth': -40.0, 'Vmax': 19.0, 't_ref': 8.5, 'R': 0.4, 'tau_m': 63.0, 'R_adp': 0.7000000000000001, 'tau_w': 63.0, 'a': 49.5}. Best is trial 318 with value: 5.0.[0m
2021-04-07 08:24:36.937931: I tensorflow/compiler/jit/xla_gpu_device.cc:99] Not creating XLA devices, tf_xla_enable_xla_devices not set
mse_error/peak_error 0 44.0
[32m[I 2021-04-07 08:24:45,045][0m Trial 331 finished with value: 44.0 and parameters: {'Vahp': -41.5, 'Vth': -40.5, 'Vmax': 18.5, 't_ref': 7.5, 'R': 0.30000000000000004, 'tau_m': 61.5, 'R_adp': 0.7000000000000001, 'tau_w': 60.0, 'a': 51.5}. Best is trial 318 with value: 5.0.[0m
2021-04-07 08:24:45.271296: I tensorflow/compiler/jit/xla_gpu_device.cc:99] Not creating XLA devices, tf_xla_enable_xla_devices not set
mse_error/peak_error 0 13.0
[32m[I 2021-04-07 08:24:53,317][0m Trial 332 finished with value: 13.0 and parameters: {'Vahp': -42.0, 'Vth': -40.0, 'Vmax': 18.0, 't_ref': 8.5, 'R': 0.30000000000000004, 'tau_m': 59.0, 'R_adp': 0.7000000000000001, 'tau_w': 62.5, 'a': 48.5}. Best is trial 318 with value: 5.0.[0m
2021-04-07 08:24:53.567656: I tensorflow/compiler/jit/xla_gpu_device.cc:99] Not creating XLA devices, tf_xla_enable_xla_devices not set
mse_error/peak_error 0 8.0
[32m[I 2021-04-07 08:25:01,733][0m Trial 333 finished with value: 8.0 and parameters: {'Vahp': -42.0, 'Vth': -40.0, 'Vmax': 17.5, 't_ref': 8.5, 'R': 0.30000000000000004, 'tau_m': 59.0, 'R_adp': 0.7000000000000001, 'tau_w': 63.0, 'a': 51.0}. Best is trial 318 with value: 5.0.[0m
2021-04-07 08:25:01.977792: I tensorflow/compiler/jit/xla_gpu_device.cc:99] Not creating XLA devices, tf_xla_enable_xla_devices not set
mse_error/peak_error 0 37.0
[32m[I 2021-04-07 08:25:10,200][0m Trial 334 finished with value: 37.0 and parameters: {'Vahp': -42.5, 'Vth': -40.0, 'Vmax': 18.0, 't_ref': 8.5, 'R': 0.30000000000000004, 'tau_m': 61.5, 'R_adp': 0.7000000000000001, 'tau_w': 62.0, 'a': 45.5}. Best is trial 318 with value: 5.0.[0m
2021-04-07 08:25:10.428509: I tensorflow/compiler/jit/xla_gpu_device.cc:99] Not creating XLA devices, tf_xla_enable_xla_devices not set
mse_error/peak_error 0 37.0
[32m[I 2021-04-07 08:25:18,646][0m Trial 335 finished with value: 37.0 and parameters: {'Vahp': -42.0, 'Vth': -40.5, 'Vmax': 17.5, 't_ref': 7.0, 'R': 0.30000000000000004, 'tau_m': 59.0, 'R_adp': 0.7000000000000001, 'tau_w': 64.0, 'a': 51.5}. Best is trial 318 with value: 5.0.[0m
2021-04-07 08:25:18.872925: I tensorflow/compiler/jit/xla_gpu_device.cc:99] Not creating XLA devices, tf_xla_enable_xla_devices not set
mse_error/peak_error 0 29.0
[32m[I 2021-04-07 08:25:27,098][0m Trial 336 finished with value: 29.0 and parameters: {'Vahp': -42.0, 'Vth': -40.0, 'Vmax': 17.5, 't_ref': 9.0, 'R': 0.30000000000000004, 'tau_m': 60.0, 'R_adp': 0.7000000000000001, 'tau_w': 59.5, 'a': 49.5}. Best is trial 318 with value: 5.0.[0m
2021-04-07 08:25:27.332177: I tensorflow/compiler/jit/xla_gpu_device.cc:99] Not creating XLA devices, tf_xla_enable_xla_devices not set
mse_error/peak_error 0 11.0
[32m[I 2021-04-07 08:25:35,509][0m Trial 337 finished with value: 11.0 and parameters: {'Vahp': -43.0, 'Vth': -40.5, 'Vmax': 17.0, 't_ref': 9.0, 'R': 0.30000000000000004, 'tau_m': 58.0, 'R_adp': 0.7000000000000001, 'tau_w': 63.0, 'a': 51.5}. Best is trial 318 with value: 5.0.[0m
2021-04-07 08:25:35.728930: I tensorflow/compiler/jit/xla_gpu_device.cc:99] Not creating XLA devices, tf_xla_enable_xla_devices not set
mse_error/peak_error 0 11.0
[32m[I 2021-04-07 08:25:44,050][0m Trial 338 finished with value: 11.0 and parameters: {'Vahp': -43.0, 'Vth': -40.5, 'Vmax': 17.0, 't_ref': 9.0, 'R': 0.30000000000000004, 'tau_m': 58.5, 'R_adp': 0.7000000000000001, 'tau_w': 63.0, 'a': 52.0}. Best is trial 318 with value: 5.0.[0m
2021-04-07 08:25:44.271797: I tensorflow/compiler/jit/xla_gpu_device.cc:99] Not creating XLA devices, tf_xla_enable_xla_devices not set
mse_error/peak_error 0 322
[32m[I 2021-04-07 08:25:52,630][0m Trial 339 finished with value: 322.0 and parameters: {'Vahp': -43.5, 'Vth': -40.5, 'Vmax': 17.0, 't_ref': 9.0, 'R': 0.4, 'tau_m': 57.5, 'R_adp': 0.7000000000000001, 'tau_w': 62.5, 'a': 47.5}. Best is trial 318 with value: 5.0.[0m
2021-04-07 08:25:52.853211: I tensorflow/compiler/jit/xla_gpu_device.cc:99] Not creating XLA devices, tf_xla_enable_xla_devices not set
mse_error/peak_error 0 28.0
[32m[I 2021-04-07 08:26:01,351][0m Trial 340 finished with value: 28.0 and parameters: {'Vahp': -43.0, 'Vth': -40.5, 'Vmax': 17.0, 't_ref': 8.5, 'R': 0.30000000000000004, 'tau_m': 63.5, 'R_adp': 0.7000000000000001, 'tau_w': 62.0, 'a': 52.0}. Best is trial 318 with value: 5.0.[0m
2021-04-07 08:26:01.606735: I tensorflow/compiler/jit/xla_gpu_device.cc:99] Not creating XLA devices, tf_xla_enable_xla_devices not set
mse_error/peak_error 0 10.0
[32m[I 2021-04-07 08:26:10,073][0m Trial 341 finished with value: 10.0 and parameters: {'Vahp': -43.0, 'Vth': -40.5, 'Vmax': 18.5, 't_ref': 9.0, 'R': 0.30000000000000004, 'tau_m': 59.0, 'R_adp': 0.7000000000000001, 'tau_w': 63.5, 'a': 51.5}. Best is trial 318 with value: 5.0.[0m
2021-04-07 08:26:10.294862: I tensorflow/compiler/jit/xla_gpu_device.cc:99] Not creating XLA devices, tf_xla_enable_xla_devices not set
mse_error/peak_error 0 14.0
[32m[I 2021-04-07 08:26:18,780][0m Trial 342 finished with value: 14.0 and parameters: {'Vahp': -43.0, 'Vth': -40.5, 'Vmax': 18.5, 't_ref': 8.5, 'R': 0.30000000000000004, 'tau_m': 59.5, 'R_adp': 0.8, 'tau_w': 63.0, 'a': 48.0}. Best is trial 318 with value: 5.0.[0m
2021-04-07 08:26:19.003842: I tensorflow/compiler/jit/xla_gpu_device.cc:99] Not creating XLA devices, tf_xla_enable_xla_devices not set
mse_error/peak_error 0 15.0
[32m[I 2021-04-07 08:26:27,484][0m Trial 343 finished with value: 15.0 and parameters: {'Vahp': -43.0, 'Vth': -40.5, 'Vmax': 20.0, 't_ref': 8.5, 'R': 0.30000000000000004, 'tau_m': 59.0, 'R_adp': 0.8, 'tau_w': 58.0, 'a': 45.0}. Best is trial 318 with value: 5.0.[0m
2021-04-07 08:26:27.713290: I tensorflow/compiler/jit/xla_gpu_device.cc:99] Not creating XLA devices, tf_xla_enable_xla_devices not set
mse_error/peak_error 0 433
