[32m[I 2021-04-07 10:52:27,168][0m Trial 848 finished with value: 14.0 and parameters: {'Vahp': -45.5, 'Vth': -43.0, 'Vmax': 21.0, 't_ref': 9.0, 'R': 0.30000000000000004, 'tau_m': 64.5, 'R_adp': 0.7000000000000001, 'tau_w': 63.5, 'a': 56.0}. Best is trial 414 with value: 2.0.[0m
2021-04-07 10:52:27.433391: I tensorflow/compiler/jit/xla_gpu_device.cc:99] Not creating XLA devices, tf_xla_enable_xla_devices not set
mse_error/peak_error 0 23.0
[32m[I 2021-04-07 10:52:55,096][0m Trial 849 finished with value: 23.0 and parameters: {'Vahp': -43.5, 'Vth': -41.5, 'Vmax': 22.0, 't_ref': 8.0, 'R': 0.30000000000000004, 'tau_m': 66.0, 'R_adp': 0.7000000000000001, 'tau_w': 61.0, 'a': 56.0}. Best is trial 414 with value: 2.0.[0m
2021-04-07 10:52:55.383957: I tensorflow/compiler/jit/xla_gpu_device.cc:99] Not creating XLA devices, tf_xla_enable_xla_devices not set
mse_error/peak_error 0 26.0
[32m[I 2021-04-07 10:53:22,805][0m Trial 850 finished with value: 26.0 and parameters: {'Vahp': -45.0, 'Vth': -42.5, 'Vmax': 21.5, 't_ref': 8.5, 'R': 0.30000000000000004, 'tau_m': 65.0, 'R_adp': 0.7000000000000001, 'tau_w': 57.5, 'a': 60.5}. Best is trial 414 with value: 2.0.[0m
2021-04-07 10:53:23.066050: I tensorflow/compiler/jit/xla_gpu_device.cc:99] Not creating XLA devices, tf_xla_enable_xla_devices not set
mse_error/peak_error 0 220
[32m[I 2021-04-07 10:53:50,551][0m Trial 851 finished with value: 220.0 and parameters: {'Vahp': -44.5, 'Vth': -42.0, 'Vmax': 20.5, 't_ref': 6.5, 'R': 0.4, 'tau_m': 69.0, 'R_adp': 0.7000000000000001, 'tau_w': 60.0, 'a': 57.5}. Best is trial 414 with value: 2.0.[0m
2021-04-07 10:53:50.842630: I tensorflow/compiler/jit/xla_gpu_device.cc:99] Not creating XLA devices, tf_xla_enable_xla_devices not set
mse_error/peak_error 0 40.0
[32m[I 2021-04-07 10:54:19,105][0m Trial 852 finished with value: 40.0 and parameters: {'Vahp': -43.5, 'Vth': -42.0, 'Vmax': 23.0, 't_ref': 5.5, 'R': 0.30000000000000004, 'tau_m': 63.5, 'R_adp': 0.7000000000000001, 'tau_w': 63.5, 'a': 55.0}. Best is trial 414 with value: 2.0.[0m
2021-04-07 10:54:19.373957: I tensorflow/compiler/jit/xla_gpu_device.cc:99] Not creating XLA devices, tf_xla_enable_xla_devices not set
mse_error/peak_error 0 18.0
[32m[I 2021-04-07 10:54:47,224][0m Trial 853 finished with value: 18.0 and parameters: {'Vahp': -46.5, 'Vth': -43.0, 'Vmax': 21.5, 't_ref': 9.0, 'R': 0.30000000000000004, 'tau_m': 65.0, 'R_adp': 0.7000000000000001, 'tau_w': 56.5, 'a': 53.5}. Best is trial 414 with value: 2.0.[0m
2021-04-07 10:54:47.490455: I tensorflow/compiler/jit/xla_gpu_device.cc:99] Not creating XLA devices, tf_xla_enable_xla_devices not set
mse_error/peak_error 0 34.0
[32m[I 2021-04-07 10:55:15,654][0m Trial 854 finished with value: 34.0 and parameters: {'Vahp': -44.0, 'Vth': -41.5, 'Vmax': 22.5, 't_ref': 7.5, 'R': 0.30000000000000004, 'tau_m': 67.0, 'R_adp': 0.7000000000000001, 'tau_w': 59.0, 'a': 57.0}. Best is trial 414 with value: 2.0.[0m
2021-04-07 10:55:15.925107: I tensorflow/compiler/jit/xla_gpu_device.cc:99] Not creating XLA devices, tf_xla_enable_xla_devices not set
mse_error/peak_error 0 24.0
[32m[I 2021-04-07 10:55:44,353][0m Trial 855 finished with value: 24.0 and parameters: {'Vahp': -45.0, 'Vth': -42.5, 'Vmax': 20.0, 't_ref': 8.5, 'R': 0.30000000000000004, 'tau_m': 62.0, 'R_adp': 0.7000000000000001, 'tau_w': 61.5, 'a': 61.5}. Best is trial 414 with value: 2.0.[0m
2021-04-07 10:55:44.614743: I tensorflow/compiler/jit/xla_gpu_device.cc:99] Not creating XLA devices, tf_xla_enable_xla_devices not set
mse_error/peak_error 0 458
[32m[I 2021-04-07 10:56:12,753][0m Trial 856 finished with value: 458.0 and parameters: {'Vahp': -43.5, 'Vth': -41.0, 'Vmax': 16.5, 't_ref': 8.0, 'R': 0.2, 'tau_m': 63.5, 'R_adp': 0.7000000000000001, 'tau_w': 56.5, 'a': 53.5}. Best is trial 414 with value: 2.0.[0m
2021-04-07 10:56:13.022436: I tensorflow/compiler/jit/xla_gpu_device.cc:99] Not creating XLA devices, tf_xla_enable_xla_devices not set
mse_error/peak_error 0 35.0
[32m[I 2021-04-07 10:56:41,137][0m Trial 857 finished with value: 35.0 and parameters: {'Vahp': -43.0, 'Vth': -42.0, 'Vmax': 21.0, 't_ref': 7.0, 'R': 0.30000000000000004, 'tau_m': 66.5, 'R_adp': 0.7000000000000001, 'tau_w': 62.5, 'a': 55.0}. Best is trial 414 with value: 2.0.[0m
2021-04-07 10:56:41.400707: I tensorflow/compiler/jit/xla_gpu_device.cc:99] Not creating XLA devices, tf_xla_enable_xla_devices not set
mse_error/peak_error 0 788.0
[32m[I 2021-04-07 10:57:09,517][0m Trial 858 finished with value: 788.0 and parameters: {'Vahp': -45.5, 'Vth': -43.0, 'Vmax': 16.0, 't_ref': 9.0, 'R': 0.9, 'tau_m': 62.0, 'R_adp': 0.6, 'tau_w': 59.0, 'a': 59.5}. Best is trial 414 with value: 2.0.[0m
2021-04-07 10:57:09.789336: I tensorflow/compiler/jit/xla_gpu_device.cc:99] Not creating XLA devices, tf_xla_enable_xla_devices not set
mse_error/peak_error 0 39.0
[32m[I 2021-04-07 10:57:38,440][0m Trial 859 finished with value: 39.0 and parameters: {'Vahp': -42.0, 'Vth': -41.0, 'Vmax': 20.5, 't_ref': 8.0, 'R': 0.30000000000000004, 'tau_m': 64.5, 'R_adp': 0.7000000000000001, 'tau_w': 64.5, 'a': 52.0}. Best is trial 414 with value: 2.0.[0m
2021-04-07 10:57:38.713213: I tensorflow/compiler/jit/xla_gpu_device.cc:99] Not creating XLA devices, tf_xla_enable_xla_devices not set
mse_error/peak_error 0 15.0
[32m[I 2021-04-07 10:58:07,215][0m Trial 860 finished with value: 15.0 and parameters: {'Vahp': -44.5, 'Vth': -41.5, 'Vmax': 17.5, 't_ref': 7.5, 'R': 0.30000000000000004, 'tau_m': 61.5, 'R_adp': 0.7000000000000001, 'tau_w': 61.0, 'a': 55.5}. Best is trial 414 with value: 2.0.[0m
2021-04-07 10:58:07.496911: I tensorflow/compiler/jit/xla_gpu_device.cc:99] Not creating XLA devices, tf_xla_enable_xla_devices not set
mse_error/peak_error 0 61.0
[32m[I 2021-04-07 10:58:36,128][0m Trial 861 finished with value: 61.0 and parameters: {'Vahp': -43.5, 'Vth': -41.0, 'Vmax': 17.0, 't_ref': 8.5, 'R': 0.30000000000000004, 'tau_m': 69.5, 'R_adp': 0.7000000000000001, 'tau_w': 54.5, 'a': 58.0}. Best is trial 414 with value: 2.0.[0m
2021-04-07 10:58:36.397834: I tensorflow/compiler/jit/xla_gpu_device.cc:99] Not creating XLA devices, tf_xla_enable_xla_devices not set
mse_error/peak_error 0 170
[32m[I 2021-04-07 10:59:04,639][0m Trial 862 finished with value: 170.0 and parameters: {'Vahp': -42.5, 'Vth': -41.5, 'Vmax': 24.0, 't_ref': 9.0, 'R': 0.30000000000000004, 'tau_m': 60.0, 'R_adp': 0.6, 'tau_w': 57.5, 'a': 53.5}. Best is trial 414 with value: 2.0.[0m
2021-04-07 10:59:04.947499: I tensorflow/compiler/jit/xla_gpu_device.cc:99] Not creating XLA devices, tf_xla_enable_xla_devices not set
mse_error/peak_error 0 347
[32m[I 2021-04-07 10:59:33,399][0m Trial 863 finished with value: 347.0 and parameters: {'Vahp': -44.0, 'Vth': -42.0, 'Vmax': 25.5, 't_ref': 8.0, 'R': 0.4, 'tau_m': 63.5, 'R_adp': 0.7000000000000001, 'tau_w': 59.5, 'a': 51.0}. Best is trial 414 with value: 2.0.[0m
2021-04-07 10:59:33.722637: I tensorflow/compiler/jit/xla_gpu_device.cc:99] Not creating XLA devices, tf_xla_enable_xla_devices not set
mse_error/peak_error 0 144
[32m[I 2021-04-07 11:00:02,413][0m Trial 864 finished with value: 144.0 and parameters: {'Vahp': -46.0, 'Vth': -42.5, 'Vmax': 15.0, 't_ref': 8.5, 'R': 0.30000000000000004, 'tau_m': 66.0, 'R_adp': 0.7000000000000001, 'tau_w': 64.0, 'a': 63.0}. Best is trial 414 with value: 2.0.[0m
2021-04-07 11:00:02.684962: I tensorflow/compiler/jit/xla_gpu_device.cc:99] Not creating XLA devices, tf_xla_enable_xla_devices not set
mse_error/peak_error 0 21.0
[32m[I 2021-04-07 11:00:31,217][0m Trial 865 finished with value: 21.0 and parameters: {'Vahp': -43.0, 'Vth': -41.0, 'Vmax': 22.5, 't_ref': 6.5, 'R': 0.30000000000000004, 'tau_m': 61.5, 'R_adp': 0.7000000000000001, 'tau_w': 62.5, 'a': 53.5}. Best is trial 414 with value: 2.0.[0m
2021-04-07 11:00:31.481895: I tensorflow/compiler/jit/xla_gpu_device.cc:99] Not creating XLA devices, tf_xla_enable_xla_devices not set
mse_error/peak_error 0 152
[32m[I 2021-04-07 11:00:59,698][0m Trial 866 finished with value: 152.0 and parameters: {'Vahp': -42.0, 'Vth': -41.0, 'Vmax': 20.0, 't_ref': 9.5, 'R': 0.30000000000000004, 'tau_m': 59.0, 'R_adp': 0.7000000000000001, 'tau_w': 55.5, 'a': 51.0}. Best is trial 414 with value: 2.0.[0m
2021-04-07 11:00:59.979932: I tensorflow/compiler/jit/xla_gpu_device.cc:99] Not creating XLA devices, tf_xla_enable_xla_devices not set
mse_error/peak_error 0 14.0
[32m[I 2021-04-07 11:01:28,689][0m Trial 867 finished with value: 14.0 and parameters: {'Vahp': -44.5, 'Vth': -42.0, 'Vmax': 15.5, 't_ref': 6.0, 'R': 0.30000000000000004, 'tau_m': 68.0, 'R_adp': 0.7000000000000001, 'tau_w': 58.5, 'a': 56.5}. Best is trial 414 with value: 2.0.[0m
2021-04-07 11:01:28.958094: I tensorflow/compiler/jit/xla_gpu_device.cc:99] Not creating XLA devices, tf_xla_enable_xla_devices not set
mse_error/peak_error 0 15.0
[32m[I 2021-04-07 11:01:57,802][0m Trial 868 finished with value: 15.0 and parameters: {'Vahp': -43.0, 'Vth': -40.5, 'Vmax': 16.5, 't_ref': 7.0, 'R': 0.30000000000000004, 'tau_m': 63.0, 'R_adp': 0.7000000000000001, 'tau_w': 61.0, 'a': 55.0}. Best is trial 414 with value: 2.0.[0m
2021-04-07 11:01:58.776922: I tensorflow/compiler/jit/xla_gpu_device.cc:99] Not creating XLA devices, tf_xla_enable_xla_devices not set
mse_error/peak_error 0 103.0
[32m[I 2021-04-07 11:02:27,462][0m Trial 869 finished with value: 103.0 and parameters: {'Vahp': -44.5, 'Vth': -40.0, 'Vmax': 18.5, 't_ref': 7.5, 'R': 0.30000000000000004, 'tau_m': 71.0, 'R_adp': 0.7000000000000001, 'tau_w': 56.5, 'a': 52.0}. Best is trial 414 with value: 2.0.[0m
2021-04-07 11:02:27.757195: I tensorflow/compiler/jit/xla_gpu_device.cc:99] Not creating XLA devices, tf_xla_enable_xla_devices not set
mse_error/peak_error 0 46.0
[32m[I 2021-04-07 11:02:56,497][0m Trial 870 finished with value: 46.0 and parameters: {'Vahp': -48.0, 'Vth': -44.0, 'Vmax': 19.0, 't_ref': 9.0, 'R': 0.30000000000000004, 'tau_m': 60.5, 'R_adp': 0.7000000000000001, 'tau_w': 60.0, 'a': 49.0}. Best is trial 414 with value: 2.0.[0m
2021-04-07 11:02:56.768350: I tensorflow/compiler/jit/xla_gpu_device.cc:99] Not creating XLA devices, tf_xla_enable_xla_devices not set
mse_error/peak_error 0 36.0
[32m[I 2021-04-07 11:03:25,559][0m Trial 871 finished with value: 36.0 and parameters: {'Vahp': -42.0, 'Vth': -41.5, 'Vmax': 16.0, 't_ref': 8.0, 'R': 0.30000000000000004, 'tau_m': 65.0, 'R_adp': 0.7000000000000001, 'tau_w': 64.0, 'a': 58.0}. Best is trial 414 with value: 2.0.[0m
2021-04-07 11:03:25.829419: I tensorflow/compiler/jit/xla_gpu_device.cc:99] Not creating XLA devices, tf_xla_enable_xla_devices not set
mse_error/peak_error 0 321
[32m[I 2021-04-07 11:03:54,625][0m Trial 872 finished with value: 321.0 and parameters: {'Vahp': -43.5, 'Vth': -40.5, 'Vmax': 17.5, 't_ref': 8.5, 'R': 0.4, 'tau_m': 58.5, 'R_adp': 0.7000000000000001, 'tau_w': 53.5, 'a': 53.0}. Best is trial 414 with value: 2.0.[0m
2021-04-07 11:03:54.898590: I tensorflow/compiler/jit/xla_gpu_device.cc:99] Not creating XLA devices, tf_xla_enable_xla_devices not set
mse_error/peak_error 0 249
[32m[I 2021-04-07 11:04:23,887][0m Trial 873 finished with value: 249.0 and parameters: {'Vahp': -45.5, 'Vth': -43.5, 'Vmax': 21.5, 't_ref': 0.5, 'R': 0.30000000000000004, 'tau_m': 63.0, 'R_adp': 0.6, 'tau_w': 62.5, 'a': 50.5}. Best is trial 414 with value: 2.0.[0m
2021-04-07 11:04:24.168839: I tensorflow/compiler/jit/xla_gpu_device.cc:99] Not creating XLA devices, tf_xla_enable_xla_devices not set
mse_error/peak_error 0 6.0
[32m[I 2021-04-07 11:04:53,683][0m Trial 874 finished with value: 6.0 and parameters: {'Vahp': -42.5, 'Vth': -41.0, 'Vmax': 19.5, 't_ref': 9.5, 'R': 0.30000000000000004, 'tau_m': 60.0, 'R_adp': 0.7000000000000001, 'tau_w': 58.0, 'a': 56.0}. Best is trial 414 with value: 2.0.[0m
2021-04-07 11:04:53.960932: I tensorflow/compiler/jit/xla_gpu_device.cc:99] Not creating XLA devices, tf_xla_enable_xla_devices not set
mse_error/peak_error 0 50.0
[32m[I 2021-04-07 11:05:23,516][0m Trial 875 finished with value: 50.0 and parameters: {'Vahp': -41.5, 'Vth': -41.0, 'Vmax': 19.5, 't_ref': 9.5, 'R': 0.30000000000000004, 'tau_m': 58.0, 'R_adp': 0.7000000000000001, 'tau_w': 55.0, 'a': 58.5}. Best is trial 414 with value: 2.0.[0m
2021-04-07 11:05:23.823575: I tensorflow/compiler/jit/xla_gpu_device.cc:99] Not creating XLA devices, tf_xla_enable_xla_devices not set
mse_error/peak_error 0 425
[32m[I 2021-04-07 11:05:53,209][0m Trial 876 finished with value: 425.0 and parameters: {'Vahp': -41.5, 'Vth': -40.5, 'Vmax': 20.5, 't_ref': 9.5, 'R': 0.2, 'tau_m': 60.5, 'R_adp': 0.7000000000000001, 'tau_w': 57.0, 'a': 59.0}. Best is trial 414 with value: 2.0.[0m
2021-04-07 11:05:53.474951: I tensorflow/compiler/jit/xla_gpu_device.cc:99] Not creating XLA devices, tf_xla_enable_xla_devices not set
mse_error/peak_error 0 23.0
[32m[I 2021-04-07 11:06:22,794][0m Trial 877 finished with value: 23.0 and parameters: {'Vahp': -42.5, 'Vth': -41.0, 'Vmax': 19.5, 't_ref': 9.5, 'R': 0.30000000000000004, 'tau_m': 58.5, 'R_adp': 0.7000000000000001, 'tau_w': 57.5, 'a': 60.5}. Best is trial 414 with value: 2.0.[0m
2021-04-07 11:06:23.064885: I tensorflow/compiler/jit/xla_gpu_device.cc:99] Not creating XLA devices, tf_xla_enable_xla_devices not set
mse_error/peak_error 0 6.0
[32m[I 2021-04-07 11:06:52,302][0m Trial 878 finished with value: 6.0 and parameters: {'Vahp': -42.0, 'Vth': -40.5, 'Vmax': 20.0, 't_ref': 9.5, 'R': 0.30000000000000004, 'tau_m': 57.5, 'R_adp': 0.7000000000000001, 'tau_w': 54.5, 'a': 57.5}. Best is trial 414 with value: 2.0.[0m
2021-04-07 11:06:52.565190: I tensorflow/compiler/jit/xla_gpu_device.cc:99] Not creating XLA devices, tf_xla_enable_xla_devices not set
mse_error/peak_error 0 33.0
[32m[I 2021-04-07 11:07:21,707][0m Trial 879 finished with value: 33.0 and parameters: {'Vahp': -41.0, 'Vth': -40.5, 'Vmax': 20.5, 't_ref': 9.5, 'R': 0.30000000000000004, 'tau_m': 54.0, 'R_adp': 0.7000000000000001, 'tau_w': 54.0, 'a': 65.0}. Best is trial 414 with value: 2.0.[0m
2021-04-07 11:07:21.980109: I tensorflow/compiler/jit/xla_gpu_device.cc:99] Not creating XLA devices, tf_xla_enable_xla_devices not set
mse_error/peak_error 0 147
[32m[I 2021-04-07 11:07:51,326][0m Trial 880 finished with value: 147.0 and parameters: {'Vahp': -42.5, 'Vth': -41.0, 'Vmax': 20.0, 't_ref': 9.5, 'R': 0.30000000000000004, 'tau_m': 57.0, 'R_adp': 1.0, 'tau_w': 52.0, 'a': 60.5}. Best is trial 414 with value: 2.0.[0m
2021-04-07 11:07:51.597180: I tensorflow/compiler/jit/xla_gpu_device.cc:99] Not creating XLA devices, tf_xla_enable_xla_devices not set
mse_error/peak_error 0 35.0
[32m[I 2021-04-07 11:08:20,907][0m Trial 881 finished with value: 35.0 and parameters: {'Vahp': -42.0, 'Vth': -41.0, 'Vmax': 20.0, 't_ref': 10.0, 'R': 0.30000000000000004, 'tau_m': 57.0, 'R_adp': 0.7000000000000001, 'tau_w': 53.5, 'a': 60.0}. Best is trial 414 with value: 2.0.[0m
2021-04-07 11:08:21.178869: I tensorflow/compiler/jit/xla_gpu_device.cc:99] Not creating XLA devices, tf_xla_enable_xla_devices not set
mse_error/peak_error 0 254
[32m[I 2021-04-07 11:08:50,776][0m Trial 882 finished with value: 254.0 and parameters: {'Vahp': -40.5, 'Vth': -40.0, 'Vmax': 20.5, 't_ref': 9.5, 'R': 0.4, 'tau_m': 52.5, 'R_adp': 0.7000000000000001, 'tau_w': 55.0, 'a': 63.0}. Best is trial 414 with value: 2.0.[0m
2021-04-07 11:08:51.090339: I tensorflow/compiler/jit/xla_gpu_device.cc:99] Not creating XLA devices, tf_xla_enable_xla_devices not set
mse_error/peak_error 0 191
[32m[I 2021-04-07 11:09:20,808][0m Trial 883 finished with value: 191.0 and parameters: {'Vahp': -43.0, 'Vth': -41.5, 'Vmax': 19.5, 't_ref': 5.0, 'R': 0.30000000000000004, 'tau_m': 60.0, 'R_adp': 0.6, 'tau_w': 54.5, 'a': 57.5}. Best is trial 414 with value: 2.0.[0m
2021-04-07 11:09:21.078854: I tensorflow/compiler/jit/xla_gpu_device.cc:99] Not creating XLA devices, tf_xla_enable_xla_devices not set
mse_error/peak_error 0 23.0
[32m[I 2021-04-07 11:09:50,378][0m Trial 884 finished with value: 23.0 and parameters: {'Vahp': -42.0, 'Vth': -40.5, 'Vmax': 21.0, 't_ref': 7.0, 'R': 0.30000000000000004, 'tau_m': 61.5, 'R_adp': 0.7000000000000001, 'tau_w': 56.0, 'a': 56.5}. Best is trial 414 with value: 2.0.[0m
2021-04-07 11:09:50.648823: I tensorflow/compiler/jit/xla_gpu_device.cc:99] Not creating XLA devices, tf_xla_enable_xla_devices not set
mse_error/peak_error 0 416
[32m[I 2021-04-07 11:10:20,278][0m Trial 885 finished with value: 416.0 and parameters: {'Vahp': -41.5, 'Vth': -40.0, 'Vmax': 20.0, 't_ref': 9.5, 'R': 0.2, 'tau_m': 56.0, 'R_adp': 0.7000000000000001, 'tau_w': 52.0, 'a': 58.5}. Best is trial 414 with value: 2.0.[0m
2021-04-07 11:10:20.564671: I tensorflow/compiler/jit/xla_gpu_device.cc:99] Not creating XLA devices, tf_xla_enable_xla_devices not set
mse_error/peak_error 0 183
[32m[I 2021-04-07 11:10:50,413][0m Trial 886 finished with value: 183.0 and parameters: {'Vahp': -43.0, 'Vth': -41.0, 'Vmax': 19.0, 't_ref': 2.5, 'R': 0.30000000000000004, 'tau_m': 58.5, 'R_adp': 0.9, 'tau_w': 95.5, 'a': 56.5}. Best is trial 414 with value: 2.0.[0m
2021-04-07 11:10:50.705359: I tensorflow/compiler/jit/xla_gpu_device.cc:99] Not creating XLA devices, tf_xla_enable_xla_devices not set
mse_error/peak_error 0 30.0
[32m[I 2021-04-07 11:11:20,536][0m Trial 887 finished with value: 30.0 and parameters: {'Vahp': -43.5, 'Vth': -41.5, 'Vmax': 20.0, 't_ref': 6.5, 'R': 0.30000000000000004, 'tau_m': 60.0, 'R_adp': 0.7000000000000001, 'tau_w': 53.0, 'a': 62.5}. Best is trial 414 with value: 2.0.[0m
2021-04-07 11:11:20.801317: I tensorflow/compiler/jit/xla_gpu_device.cc:99] Not creating XLA devices, tf_xla_enable_xla_devices not set
mse_error/peak_error 0 340
[32m[I 2021-04-07 11:11:50,368][0m Trial 888 finished with value: 340.0 and parameters: {'Vahp': -41.5, 'Vth': -40.5, 'Vmax': 20.5, 't_ref': 9.0, 'R': 0.30000000000000004, 'tau_m': 18.0, 'R_adp': 0.7000000000000001, 'tau_w': 56.0, 'a': 56.0}. Best is trial 414 with value: 2.0.[0m
2021-04-07 11:11:50.640426: I tensorflow/compiler/jit/xla_gpu_device.cc:99] Not creating XLA devices, tf_xla_enable_xla_devices not set
mse_error/peak_error 0 121
[32m[I 2021-04-07 11:12:20,403][0m Trial 889 finished with value: 121.0 and parameters: {'Vahp': -42.5, 'Vth': -41.5, 'Vmax': 19.5, 't_ref': 9.0, 'R': 0.30000000000000004, 'tau_m': 61.5, 'R_adp': 0.9, 'tau_w': 56.0, 'a': 58.5}. Best is trial 414 with value: 2.0.[0m
2021-04-07 11:12:20.675365: I tensorflow/compiler/jit/xla_gpu_device.cc:99] Not creating XLA devices, tf_xla_enable_xla_devices not set
mse_error/peak_error 0 14.0
[32m[I 2021-04-07 11:12:50,398][0m Trial 890 finished with value: 14.0 and parameters: {'Vahp': -43.5, 'Vth': -40.5, 'Vmax': 21.0, 't_ref': 6.0, 'R': 0.30000000000000004, 'tau_m': 59.0, 'R_adp': 0.6, 'tau_w': 57.5, 'a': 61.5}. Best is trial 414 with value: 2.0.[0m
2021-04-07 11:12:50.664646: I tensorflow/compiler/jit/xla_gpu_device.cc:99] Not creating XLA devices, tf_xla_enable_xla_devices not set
mse_error/peak_error 0 39.0
[32m[I 2021-04-07 11:13:20,624][0m Trial 891 finished with value: 39.0 and parameters: {'Vahp': -42.5, 'Vth': -41.0, 'Vmax': 19.0, 't_ref': 7.0, 'R': 0.30000000000000004, 'tau_m': 61.5, 'R_adp': 0.7000000000000001, 'tau_w': 53.0, 'a': 55.5}. Best is trial 414 with value: 2.0.[0m
2021-04-07 11:13:20.893234: I tensorflow/compiler/jit/xla_gpu_device.cc:99] Not creating XLA devices, tf_xla_enable_xla_devices not set
mse_error/peak_error 0 146
[32m[I 2021-04-07 11:13:51,075][0m Trial 892 finished with value: 146.0 and parameters: {'Vahp': -44.0, 'Vth': -41.5, 'Vmax': 19.5, 't_ref': 7.5, 'R': 0.30000000000000004, 'tau_m': 63.5, 'R_adp': 0.9, 'tau_w': 58.5, 'a': 59.5}. Best is trial 414 with value: 2.0.[0m
2021-04-07 11:13:51.350467: I tensorflow/compiler/jit/xla_gpu_device.cc:99] Not creating XLA devices, tf_xla_enable_xla_devices not set
mse_error/peak_error 0 340
[32m[I 2021-04-07 11:14:21,619][0m Trial 893 finished with value: 340.0 and parameters: {'Vahp': -43.0, 'Vth': -41.0, 'Vmax': 19.0, 't_ref': 10.0, 'R': 0.4, 'tau_m': 54.5, 'R_adp': 0.7000000000000001, 'tau_w': 55.0, 'a': 57.0}. Best is trial 414 with value: 2.0.[0m
2021-04-07 11:14:21.895642: I tensorflow/compiler/jit/xla_gpu_device.cc:99] Not creating XLA devices, tf_xla_enable_xla_devices not set
mse_error/peak_error 0 172
[32m[I 2021-04-07 11:14:51,887][0m Trial 894 finished with value: 172.0 and parameters: {'Vahp': -44.5, 'Vth': -40.0, 'Vmax': 20.5, 't_ref': 9.0, 'R': 0.30000000000000004, 'tau_m': 60.0, 'R_adp': 0.9, 'tau_w': 61.0, 'a': 48.0}. Best is trial 414 with value: 2.0.[0m
2021-04-07 11:14:52.158879: I tensorflow/compiler/jit/xla_gpu_device.cc:99] Not creating XLA devices, tf_xla_enable_xla_devices not set
mse_error/peak_error 0 146
[32m[I 2021-04-07 11:15:22,808][0m Trial 895 finished with value: 146.0 and parameters: {'Vahp': -42.5, 'Vth': -41.0, 'Vmax': 21.0, 't_ref': 8.5, 'R': 0.30000000000000004, 'tau_m': 62.0, 'R_adp': 0.7000000000000001, 'tau_w': 65.0, 'a': 37.5}. Best is trial 414 with value: 2.0.[0m
2021-04-07 11:15:23.087763: I tensorflow/compiler/jit/xla_gpu_device.cc:99] Not creating XLA devices, tf_xla_enable_xla_devices not set
mse_error/peak_error 0 521
[32m[I 2021-04-07 11:15:53,699][0m Trial 896 finished with value: 521.0 and parameters: {'Vahp': -41.0, 'Vth': -30.5, 'Vmax': 18.5, 't_ref': 9.5, 'R': 0.30000000000000004, 'tau_m': 57.0, 'R_adp': 0.9, 'tau_w': 57.5, 'a': 54.5}. Best is trial 414 with value: 2.0.[0m
2021-04-07 11:15:53.966433: I tensorflow/compiler/jit/xla_gpu_device.cc:99] Not creating XLA devices, tf_xla_enable_xla_devices not set
mse_error/peak_error 0 629
