[32m[I 2021-04-07 11:16:23,898][0m Trial 897 finished with value: 629.0 and parameters: {'Vahp': -45.0, 'Vth': -39.5, 'Vmax': 20.0, 't_ref': 7.5, 'R': 0.2, 'tau_m': 65.5, 'R_adp': 0.7000000000000001, 'tau_w': 58.0, 'a': 56.5}. Best is trial 414 with value: 2.0.[0m
2021-04-07 11:16:24.171795: I tensorflow/compiler/jit/xla_gpu_device.cc:99] Not creating XLA devices, tf_xla_enable_xla_devices not set
mse_error/peak_error 0 19.0
[32m[I 2021-04-07 11:16:54,593][0m Trial 898 finished with value: 19.0 and parameters: {'Vahp': -43.5, 'Vth': -40.5, 'Vmax': 18.5, 't_ref': 8.0, 'R': 0.30000000000000004, 'tau_m': 58.0, 'R_adp': 0.7000000000000001, 'tau_w': 55.5, 'a': 60.0}. Best is trial 414 with value: 2.0.[0m
2021-04-07 11:16:54.857679: I tensorflow/compiler/jit/xla_gpu_device.cc:99] Not creating XLA devices, tf_xla_enable_xla_devices not set
mse_error/peak_error 0 15.0
[32m[I 2021-04-07 11:17:24,903][0m Trial 899 finished with value: 15.0 and parameters: {'Vahp': -44.0, 'Vth': -41.5, 'Vmax': 21.5, 't_ref': 9.0, 'R': 0.30000000000000004, 'tau_m': 60.0, 'R_adp': 1.0, 'tau_w': 61.5, 'a': 39.5}. Best is trial 414 with value: 2.0.[0m
2021-04-07 11:17:25.169955: I tensorflow/compiler/jit/xla_gpu_device.cc:99] Not creating XLA devices, tf_xla_enable_xla_devices not set
mse_error/peak_error 0 65.0
[32m[I 2021-04-07 11:17:55,282][0m Trial 900 finished with value: 65.0 and parameters: {'Vahp': -42.0, 'Vth': -40.5, 'Vmax': 19.0, 't_ref': 5.5, 'R': 0.30000000000000004, 'tau_m': 55.0, 'R_adp': 0.9, 'tau_w': 53.5, 'a': 55.0}. Best is trial 414 with value: 2.0.[0m
2021-04-07 11:17:55.556461: I tensorflow/compiler/jit/xla_gpu_device.cc:99] Not creating XLA devices, tf_xla_enable_xla_devices not set
mse_error/peak_error 0 27.0
[32m[I 2021-04-07 11:18:25,866][0m Trial 901 finished with value: 27.0 and parameters: {'Vahp': -40.5, 'Vth': -40.0, 'Vmax': 17.0, 't_ref': 10.0, 'R': 0.30000000000000004, 'tau_m': 57.0, 'R_adp': 0.7000000000000001, 'tau_w': 59.0, 'a': 57.0}. Best is trial 414 with value: 2.0.[0m
2021-04-07 11:18:26.134740: I tensorflow/compiler/jit/xla_gpu_device.cc:99] Not creating XLA devices, tf_xla_enable_xla_devices not set
mse_error/peak_error 0 261
[32m[I 2021-04-07 11:18:56,590][0m Trial 902 finished with value: 261.0 and parameters: {'Vahp': -46.0, 'Vth': -39.5, 'Vmax': 19.5, 't_ref': 6.5, 'R': 0.30000000000000004, 'tau_m': 66.5, 'R_adp': 0.9, 'tau_w': 56.0, 'a': 54.5}. Best is trial 414 with value: 2.0.[0m
2021-04-07 11:18:56.880147: I tensorflow/compiler/jit/xla_gpu_device.cc:99] Not creating XLA devices, tf_xla_enable_xla_devices not set
mse_error/peak_error 0 17.0
[32m[I 2021-04-07 11:19:27,506][0m Trial 903 finished with value: 17.0 and parameters: {'Vahp': -41.5, 'Vth': -41.0, 'Vmax': 20.0, 't_ref': 9.5, 'R': 0.30000000000000004, 'tau_m': 64.0, 'R_adp': 0.7000000000000001, 'tau_w': 57.5, 'a': 58.0}. Best is trial 414 with value: 2.0.[0m
2021-04-07 11:19:27.771231: I tensorflow/compiler/jit/xla_gpu_device.cc:99] Not creating XLA devices, tf_xla_enable_xla_devices not set
mse_error/peak_error 0 236
[32m[I 2021-04-07 11:19:57,903][0m Trial 904 finished with value: 236.0 and parameters: {'Vahp': -43.0, 'Vth': -41.5, 'Vmax': 21.0, 't_ref': 9.5, 'R': 0.30000000000000004, 'tau_m': 62.0, 'R_adp': 0.6, 'tau_w': 59.0, 'a': 41.0}. Best is trial 414 with value: 2.0.[0m
2021-04-07 11:19:58.172912: I tensorflow/compiler/jit/xla_gpu_device.cc:99] Not creating XLA devices, tf_xla_enable_xla_devices not set
mse_error/peak_error 0 339
[32m[I 2021-04-07 11:20:28,353][0m Trial 905 finished with value: 339.0 and parameters: {'Vahp': -45.0, 'Vth': -42.0, 'Vmax': 19.0, 't_ref': 9.0, 'R': 0.4, 'tau_m': 58.5, 'R_adp': 0.9, 'tau_w': 54.0, 'a': 43.5}. Best is trial 414 with value: 2.0.[0m
2021-04-07 11:20:28.630823: I tensorflow/compiler/jit/xla_gpu_device.cc:99] Not creating XLA devices, tf_xla_enable_xla_devices not set
mse_error/peak_error 0 38.0
[32m[I 2021-04-07 11:20:59,130][0m Trial 906 finished with value: 38.0 and parameters: {'Vahp': -44.0, 'Vth': -41.5, 'Vmax': 20.5, 't_ref': 8.5, 'R': 0.30000000000000004, 'tau_m': 60.5, 'R_adp': 0.9, 'tau_w': 63.5, 'a': 48.0}. Best is trial 414 with value: 2.0.[0m
2021-04-07 11:20:59.403345: I tensorflow/compiler/jit/xla_gpu_device.cc:99] Not creating XLA devices, tf_xla_enable_xla_devices not set
mse_error/peak_error 0 31.0
[32m[I 2021-04-07 11:21:29,479][0m Trial 907 finished with value: 31.0 and parameters: {'Vahp': -42.5, 'Vth': -40.5, 'Vmax': 18.5, 't_ref': 10.0, 'R': 0.30000000000000004, 'tau_m': 52.0, 'R_adp': 0.7000000000000001, 'tau_w': 56.5, 'a': 61.0}. Best is trial 414 with value: 2.0.[0m
2021-04-07 11:21:29.750826: I tensorflow/compiler/jit/xla_gpu_device.cc:99] Not creating XLA devices, tf_xla_enable_xla_devices not set
mse_error/peak_error 0 78.0
[32m[I 2021-04-07 11:22:00,709][0m Trial 908 finished with value: 78.0 and parameters: {'Vahp': -40.5, 'Vth': -40.0, 'Vmax': 15.0, 't_ref': 7.0, 'R': 0.30000000000000004, 'tau_m': 55.0, 'R_adp': 0.7000000000000001, 'tau_w': 59.5, 'a': 54.5}. Best is trial 414 with value: 2.0.[0m
2021-04-07 11:22:00.974501: I tensorflow/compiler/jit/xla_gpu_device.cc:99] Not creating XLA devices, tf_xla_enable_xla_devices not set
mse_error/peak_error 0 47.0
[32m[I 2021-04-07 11:22:31,904][0m Trial 909 finished with value: 47.0 and parameters: {'Vahp': -39.5, 'Vth': -39.5, 'Vmax': 16.0, 't_ref': 9.0, 'R': 0.30000000000000004, 'tau_m': 57.5, 'R_adp': 0.7000000000000001, 'tau_w': 60.0, 'a': 54.0}. Best is trial 414 with value: 2.0.[0m
2021-04-07 11:22:32.175077: I tensorflow/compiler/jit/xla_gpu_device.cc:99] Not creating XLA devices, tf_xla_enable_xla_devices not set
mse_error/peak_error 0 63.0
[32m[I 2021-04-07 11:23:03,185][0m Trial 910 finished with value: 63.0 and parameters: {'Vahp': -41.5, 'Vth': -40.5, 'Vmax': 16.5, 't_ref': 6.5, 'R': 0.30000000000000004, 'tau_m': 56.0, 'R_adp': 0.7000000000000001, 'tau_w': 57.5, 'a': 56.5}. Best is trial 414 with value: 2.0.[0m
2021-04-07 11:23:03.478423: I tensorflow/compiler/jit/xla_gpu_device.cc:99] Not creating XLA devices, tf_xla_enable_xla_devices not set
mse_error/peak_error 0 280
[32m[I 2021-04-07 11:23:34,944][0m Trial 911 finished with value: 280.0 and parameters: {'Vahp': -40.0, 'Vth': -40.0, 'Vmax': 17.5, 't_ref': 9.5, 'R': 0.2, 'tau_m': 58.0, 'R_adp': 0.7000000000000001, 'tau_w': 50.5, 'a': 58.0}. Best is trial 414 with value: 2.0.[0m
2021-04-07 11:23:35.216578: I tensorflow/compiler/jit/xla_gpu_device.cc:99] Not creating XLA devices, tf_xla_enable_xla_devices not set
mse_error/peak_error 0 56.0
[32m[I 2021-04-07 11:24:06,714][0m Trial 912 finished with value: 56.0 and parameters: {'Vahp': -41.5, 'Vth': -40.0, 'Vmax': 17.0, 't_ref': 7.0, 'R': 0.30000000000000004, 'tau_m': 54.0, 'R_adp': 0.7000000000000001, 'tau_w': 60.5, 'a': 53.0}. Best is trial 414 with value: 2.0.[0m
2021-04-07 11:24:06.991536: I tensorflow/compiler/jit/xla_gpu_device.cc:99] Not creating XLA devices, tf_xla_enable_xla_devices not set
mse_error/peak_error 0 126
[32m[I 2021-04-07 11:24:38,326][0m Trial 913 finished with value: 126.0 and parameters: {'Vahp': -43.0, 'Vth': -41.0, 'Vmax': 20.0, 't_ref': 8.0, 'R': 0.30000000000000004, 'tau_m': 63.5, 'R_adp': 0.9, 'tau_w': 65.5, 'a': 49.5}. Best is trial 414 with value: 2.0.[0m
2021-04-07 11:24:38.604859: I tensorflow/compiler/jit/xla_gpu_device.cc:99] Not creating XLA devices, tf_xla_enable_xla_devices not set
mse_error/peak_error 0 230
[32m[I 2021-04-07 11:25:10,193][0m Trial 914 finished with value: 230.0 and parameters: {'Vahp': -43.5, 'Vth': -41.5, 'Vmax': 21.5, 't_ref': 7.5, 'R': 0.4, 'tau_m': 66.0, 'R_adp': 1.0, 'tau_w': 56.0, 'a': 42.0}. Best is trial 414 with value: 2.0.[0m
2021-04-07 11:25:10.482482: I tensorflow/compiler/jit/xla_gpu_device.cc:99] Not creating XLA devices, tf_xla_enable_xla_devices not set
mse_error/peak_error 0 5.0
[32m[I 2021-04-07 11:25:41,648][0m Trial 915 finished with value: 5.0 and parameters: {'Vahp': -44.5, 'Vth': -42.0, 'Vmax': 18.0, 't_ref': 8.0, 'R': 0.30000000000000004, 'tau_m': 67.5, 'R_adp': 0.8, 'tau_w': 58.0, 'a': 46.5}. Best is trial 414 with value: 2.0.[0m
2021-04-07 11:25:41.922096: I tensorflow/compiler/jit/xla_gpu_device.cc:99] Not creating XLA devices, tf_xla_enable_xla_devices not set
mse_error/peak_error 0 136
[32m[I 2021-04-07 11:26:13,716][0m Trial 916 finished with value: 136.0 and parameters: {'Vahp': -46.5, 'Vth': -42.5, 'Vmax': 18.0, 't_ref': 7.5, 'R': 0.30000000000000004, 'tau_m': 69.5, 'R_adp': 0.5, 'tau_w': 53.5, 'a': 44.0}. Best is trial 414 with value: 2.0.[0m
2021-04-07 11:26:14.011629: I tensorflow/compiler/jit/xla_gpu_device.cc:99] Not creating XLA devices, tf_xla_enable_xla_devices not set
mse_error/peak_error 0 370
[32m[I 2021-04-07 11:26:45,571][0m Trial 917 finished with value: 370.0 and parameters: {'Vahp': -46.0, 'Vth': -43.0, 'Vmax': 19.5, 't_ref': 8.0, 'R': 0.2, 'tau_m': 68.0, 'R_adp': 0.8, 'tau_w': 55.5, 'a': 46.0}. Best is trial 414 with value: 2.0.[0m
2021-04-07 11:26:45.856689: I tensorflow/compiler/jit/xla_gpu_device.cc:99] Not creating XLA devices, tf_xla_enable_xla_devices not set
mse_error/peak_error 0 5.0
[32m[I 2021-04-07 11:27:17,355][0m Trial 918 finished with value: 5.0 and parameters: {'Vahp': -45.0, 'Vth': -42.5, 'Vmax': 19.5, 't_ref': 8.0, 'R': 0.30000000000000004, 'tau_m': 69.0, 'R_adp': 0.8, 'tau_w': 59.0, 'a': 46.5}. Best is trial 414 with value: 2.0.[0m
2021-04-07 11:27:17.623191: I tensorflow/compiler/jit/xla_gpu_device.cc:99] Not creating XLA devices, tf_xla_enable_xla_devices not set
mse_error/peak_error 0 18.0
[32m[I 2021-04-07 11:27:48,885][0m Trial 919 finished with value: 18.0 and parameters: {'Vahp': -47.5, 'Vth': -43.5, 'Vmax': 20.5, 't_ref': 7.5, 'R': 0.30000000000000004, 'tau_m': 67.5, 'R_adp': 0.8, 'tau_w': 58.5, 'a': 45.0}. Best is trial 414 with value: 2.0.[0m
2021-04-07 11:27:49.161933: I tensorflow/compiler/jit/xla_gpu_device.cc:99] Not creating XLA devices, tf_xla_enable_xla_devices not set
mse_error/peak_error 0 36.0
[32m[I 2021-04-07 11:28:20,598][0m Trial 920 finished with value: 36.0 and parameters: {'Vahp': -47.0, 'Vth': -44.0, 'Vmax': 18.5, 't_ref': 7.0, 'R': 0.30000000000000004, 'tau_m': 71.5, 'R_adp': 0.8, 'tau_w': 55.0, 'a': 42.5}. Best is trial 414 with value: 2.0.[0m
2021-04-07 11:28:20.871615: I tensorflow/compiler/jit/xla_gpu_device.cc:99] Not creating XLA devices, tf_xla_enable_xla_devices not set
mse_error/peak_error 0 34.0
[32m[I 2021-04-07 11:28:52,378][0m Trial 921 finished with value: 34.0 and parameters: {'Vahp': -45.5, 'Vth': -42.5, 'Vmax': 19.5, 't_ref': 7.5, 'R': 0.30000000000000004, 'tau_m': 71.0, 'R_adp': 0.8, 'tau_w': 52.0, 'a': 44.0}. Best is trial 414 with value: 2.0.[0m
2021-04-07 11:28:52.673735: I tensorflow/compiler/jit/xla_gpu_device.cc:99] Not creating XLA devices, tf_xla_enable_xla_devices not set
mse_error/peak_error 0 333
[32m[I 2021-04-07 11:29:24,789][0m Trial 922 finished with value: 333.0 and parameters: {'Vahp': -45.5, 'Vth': -43.0, 'Vmax': 21.0, 't_ref': 8.0, 'R': 0.4, 'tau_m': 69.0, 'R_adp': 0.8, 'tau_w': 58.5, 'a': 46.5}. Best is trial 414 with value: 2.0.[0m
2021-04-07 11:29:25.061225: I tensorflow/compiler/jit/xla_gpu_device.cc:99] Not creating XLA devices, tf_xla_enable_xla_devices not set
mse_error/peak_error 0 27.0
[32m[I 2021-04-07 11:29:57,164][0m Trial 923 finished with value: 27.0 and parameters: {'Vahp': -46.0, 'Vth': -43.5, 'Vmax': 20.0, 't_ref': 7.5, 'R': 0.30000000000000004, 'tau_m': 69.0, 'R_adp': 0.8, 'tau_w': 58.0, 'a': 46.5}. Best is trial 414 with value: 2.0.[0m
2021-04-07 11:29:57.438133: I tensorflow/compiler/jit/xla_gpu_device.cc:99] Not creating XLA devices, tf_xla_enable_xla_devices not set
mse_error/peak_error 0 5.0
[32m[I 2021-04-07 11:30:29,465][0m Trial 924 finished with value: 5.0 and parameters: {'Vahp': -45.0, 'Vth': -42.5, 'Vmax': 19.0, 't_ref': 8.0, 'R': 0.30000000000000004, 'tau_m': 67.5, 'R_adp': 0.8, 'tau_w': 60.5, 'a': 46.0}. Best is trial 414 with value: 2.0.[0m
2021-04-07 11:30:29.736705: I tensorflow/compiler/jit/xla_gpu_device.cc:99] Not creating XLA devices, tf_xla_enable_xla_devices not set
mse_error/peak_error 0 12.0
[32m[I 2021-04-07 11:31:01,653][0m Trial 925 finished with value: 12.0 and parameters: {'Vahp': -45.5, 'Vth': -43.0, 'Vmax': 19.5, 't_ref': 8.0, 'R': 0.30000000000000004, 'tau_m': 71.0, 'R_adp': 0.8, 'tau_w': 59.5, 'a': 44.0}. Best is trial 414 with value: 2.0.[0m
2021-04-07 11:31:01.922733: I tensorflow/compiler/jit/xla_gpu_device.cc:99] Not creating XLA devices, tf_xla_enable_xla_devices not set
mse_error/peak_error 0 120
[32m[I 2021-04-07 11:31:33,862][0m Trial 926 finished with value: 120.0 and parameters: {'Vahp': -45.0, 'Vth': -42.5, 'Vmax': 19.0, 't_ref': 7.5, 'R': 0.30000000000000004, 'tau_m': 69.5, 'R_adp': 0.8, 'tau_w': 57.5, 'a': 40.5}. Best is trial 414 with value: 2.0.[0m
2021-04-07 11:31:34.155557: I tensorflow/compiler/jit/xla_gpu_device.cc:99] Not creating XLA devices, tf_xla_enable_xla_devices not set
mse_error/peak_error 0 19.0
[32m[I 2021-04-07 11:32:06,451][0m Trial 927 finished with value: 19.0 and parameters: {'Vahp': -46.5, 'Vth': -43.0, 'Vmax': 20.0, 't_ref': 8.0, 'R': 0.30000000000000004, 'tau_m': 71.5, 'R_adp': 0.8, 'tau_w': 60.5, 'a': 43.0}. Best is trial 414 with value: 2.0.[0m
2021-04-07 11:32:06.726272: I tensorflow/compiler/jit/xla_gpu_device.cc:99] Not creating XLA devices, tf_xla_enable_xla_devices not set
mse_error/peak_error 0 26.0
[32m[I 2021-04-07 11:32:38,791][0m Trial 928 finished with value: 26.0 and parameters: {'Vahp': -47.0, 'Vth': -44.0, 'Vmax': 19.0, 't_ref': 7.0, 'R': 0.30000000000000004, 'tau_m': 72.5, 'R_adp': 0.8, 'tau_w': 57.0, 'a': 46.0}. Best is trial 414 with value: 2.0.[0m
2021-04-07 11:32:39.059190: I tensorflow/compiler/jit/xla_gpu_device.cc:99] Not creating XLA devices, tf_xla_enable_xla_devices not set
mse_error/peak_error 0 7.0
[32m[I 2021-04-07 11:33:11,119][0m Trial 929 finished with value: 7.0 and parameters: {'Vahp': -45.0, 'Vth': -42.5, 'Vmax': 19.5, 't_ref': 7.5, 'R': 0.30000000000000004, 'tau_m': 68.0, 'R_adp': 0.8, 'tau_w': 59.0, 'a': 46.0}. Best is trial 414 with value: 2.0.[0m
2021-04-07 11:33:11.387983: I tensorflow/compiler/jit/xla_gpu_device.cc:99] Not creating XLA devices, tf_xla_enable_xla_devices not set
mse_error/peak_error 0 12.0
[32m[I 2021-04-07 11:33:43,291][0m Trial 930 finished with value: 12.0 and parameters: {'Vahp': -46.0, 'Vth': -43.5, 'Vmax': 20.0, 't_ref': 7.5, 'R': 0.30000000000000004, 'tau_m': 73.0, 'R_adp': 0.8, 'tau_w': 57.5, 'a': 44.5}. Best is trial 414 with value: 2.0.[0m
2021-04-07 11:33:43.588851: I tensorflow/compiler/jit/xla_gpu_device.cc:99] Not creating XLA devices, tf_xla_enable_xla_devices not set
mse_error/peak_error 0 42.0
[32m[I 2021-04-07 11:34:15,951][0m Trial 931 finished with value: 42.0 and parameters: {'Vahp': -48.5, 'Vth': -45.0, 'Vmax': 19.5, 't_ref': 7.0, 'R': 0.30000000000000004, 'tau_m': 72.0, 'R_adp': 0.8, 'tau_w': 59.0, 'a': 42.0}. Best is trial 414 with value: 2.0.[0m
2021-04-07 11:34:16.225534: I tensorflow/compiler/jit/xla_gpu_device.cc:99] Not creating XLA devices, tf_xla_enable_xla_devices not set
mse_error/peak_error 0 642
[32m[I 2021-04-07 11:34:48,725][0m Trial 932 finished with value: 642.0 and parameters: {'Vahp': -46.0, 'Vth': -43.0, 'Vmax': 19.5, 't_ref': 6.5, 'R': 0.6, 'tau_m': 70.0, 'R_adp': 0.8, 'tau_w': 55.0, 'a': 45.0}. Best is trial 414 with value: 2.0.[0m
2021-04-07 11:34:48.998157: I tensorflow/compiler/jit/xla_gpu_device.cc:99] Not creating XLA devices, tf_xla_enable_xla_devices not set
mse_error/peak_error 0 388
[32m[I 2021-04-07 11:35:21,112][0m Trial 933 finished with value: 388.0 and parameters: {'Vahp': -45.0, 'Vth': -42.5, 'Vmax': 20.5, 't_ref': 7.0, 'R': 0.2, 'tau_m': 73.0, 'R_adp': 0.8, 'tau_w': 59.5, 'a': 43.0}. Best is trial 414 with value: 2.0.[0m
2021-04-07 11:35:21.385887: I tensorflow/compiler/jit/xla_gpu_device.cc:99] Not creating XLA devices, tf_xla_enable_xla_devices not set
mse_error/peak_error 0 19.0
[32m[I 2021-04-07 11:35:53,245][0m Trial 934 finished with value: 19.0 and parameters: {'Vahp': -46.5, 'Vth': -43.0, 'Vmax': 19.0, 't_ref': 7.5, 'R': 0.30000000000000004, 'tau_m': 70.0, 'R_adp': 0.8, 'tau_w': 57.0, 'a': 47.0}. Best is trial 414 with value: 2.0.[0m
2021-04-07 11:35:53.519848: I tensorflow/compiler/jit/xla_gpu_device.cc:99] Not creating XLA devices, tf_xla_enable_xla_devices not set
mse_error/peak_error 0 29.0
[32m[I 2021-04-07 11:36:25,432][0m Trial 935 finished with value: 29.0 and parameters: {'Vahp': -45.0, 'Vth': -42.5, 'Vmax': 20.5, 't_ref': 6.0, 'R': 0.30000000000000004, 'tau_m': 67.5, 'R_adp': 0.8, 'tau_w': 58.5, 'a': 45.0}. Best is trial 414 with value: 2.0.[0m
2021-04-07 11:36:25.701886: I tensorflow/compiler/jit/xla_gpu_device.cc:99] Not creating XLA devices, tf_xla_enable_xla_devices not set
mse_error/peak_error 0 181
[32m[I 2021-04-07 11:36:57,429][0m Trial 936 finished with value: 181.0 and parameters: {'Vahp': -45.5, 'Vth': -44.0, 'Vmax': 20.0, 't_ref': 7.0, 'R': 0.30000000000000004, 'tau_m': 68.5, 'R_adp': 0.8, 'tau_w': 54.0, 'a': 40.0}. Best is trial 414 with value: 2.0.[0m
2021-04-07 11:36:57.702746: I tensorflow/compiler/jit/xla_gpu_device.cc:99] Not creating XLA devices, tf_xla_enable_xla_devices not set
mse_error/peak_error 0 333
[32m[I 2021-04-07 11:37:29,578][0m Trial 937 finished with value: 333.0 and parameters: {'Vahp': -45.0, 'Vth': -42.5, 'Vmax': 19.0, 't_ref': 7.5, 'R': 0.4, 'tau_m': 69.5, 'R_adp': 0.8, 'tau_w': 56.5, 'a': 46.0}. Best is trial 414 with value: 2.0.[0m
2021-04-07 11:37:29.858518: I tensorflow/compiler/jit/xla_gpu_device.cc:99] Not creating XLA devices, tf_xla_enable_xla_devices not set
mse_error/peak_error 0 28.0
[32m[I 2021-04-07 11:38:02,067][0m Trial 938 finished with value: 28.0 and parameters: {'Vahp': -47.0, 'Vth': -43.5, 'Vmax': 19.5, 't_ref': 6.5, 'R': 0.30000000000000004, 'tau_m': 75.5, 'R_adp': 0.8, 'tau_w': 61.0, 'a': 42.5}. Best is trial 414 with value: 2.0.[0m
2021-04-07 11:38:02.338055: I tensorflow/compiler/jit/xla_gpu_device.cc:99] Not creating XLA devices, tf_xla_enable_xla_devices not set
mse_error/peak_error 0 25.0
[32m[I 2021-04-07 11:38:34,418][0m Trial 939 finished with value: 25.0 and parameters: {'Vahp': -46.0, 'Vth': -42.5, 'Vmax': 21.5, 't_ref': 7.0, 'R': 0.30000000000000004, 'tau_m': 73.5, 'R_adp': 0.8, 'tau_w': 60.0, 'a': 44.0}. Best is trial 414 with value: 2.0.[0m
2021-04-07 11:38:34.699144: I tensorflow/compiler/jit/xla_gpu_device.cc:99] Not creating XLA devices, tf_xla_enable_xla_devices not set
mse_error/peak_error 0 489
[32m[I 2021-04-07 11:39:07,358][0m Trial 940 finished with value: 489.0 and parameters: {'Vahp': -45.0, 'Vth': -42.5, 'Vmax': 20.5, 't_ref': 8.0, 'R': 0.5, 'tau_m': 68.5, 'R_adp': 0.8, 'tau_w': 57.0, 'a': 46.5}. Best is trial 414 with value: 2.0.[0m
2021-04-07 11:39:07.650467: I tensorflow/compiler/jit/xla_gpu_device.cc:99] Not creating XLA devices, tf_xla_enable_xla_devices not set
mse_error/peak_error 0 344
[32m[I 2021-04-07 11:39:40,384][0m Trial 941 finished with value: 344.0 and parameters: {'Vahp': -44.5, 'Vth': -42.0, 'Vmax': 18.5, 't_ref': 7.5, 'R': 0.2, 'tau_m': 67.0, 'R_adp': 0.8, 'tau_w': 54.5, 'a': 40.5}. Best is trial 414 with value: 2.0.[0m
2021-04-07 11:39:40.662540: I tensorflow/compiler/jit/xla_gpu_device.cc:99] Not creating XLA devices, tf_xla_enable_xla_devices not set
mse_error/peak_error 0 29.0
[32m[I 2021-04-07 11:40:13,572][0m Trial 942 finished with value: 29.0 and parameters: {'Vahp': -45.5, 'Vth': -42.5, 'Vmax': 19.5, 't_ref': 8.0, 'R': 0.30000000000000004, 'tau_m': 71.5, 'R_adp': 0.8, 'tau_w': 59.0, 'a': 47.0}. Best is trial 414 with value: 2.0.[0m
2021-04-07 11:40:13.869505: I tensorflow/compiler/jit/xla_gpu_device.cc:99] Not creating XLA devices, tf_xla_enable_xla_devices not set
mse_error/peak_error 0 23.0
[32m[I 2021-04-07 11:40:46,489][0m Trial 943 finished with value: 23.0 and parameters: {'Vahp': -44.5, 'Vth': -42.0, 'Vmax': 21.0, 't_ref': 6.5, 'R': 0.30000000000000004, 'tau_m': 68.0, 'R_adp': 0.8, 'tau_w': 61.5, 'a': 42.0}. Best is trial 414 with value: 2.0.[0m
2021-04-07 11:40:46.770929: I tensorflow/compiler/jit/xla_gpu_device.cc:99] Not creating XLA devices, tf_xla_enable_xla_devices not set
mse_error/peak_error 0 17.0
[32m[I 2021-04-07 11:41:19,867][0m Trial 944 finished with value: 17.0 and parameters: {'Vahp': -46.5, 'Vth': -43.5, 'Vmax': 20.0, 't_ref': 7.5, 'R': 0.30000000000000004, 'tau_m': 70.5, 'R_adp': 0.8, 'tau_w': 56.5, 'a': 44.5}. Best is trial 414 with value: 2.0.[0m
2021-04-07 11:41:20.140141: I tensorflow/compiler/jit/xla_gpu_device.cc:99] Not creating XLA devices, tf_xla_enable_xla_devices not set
mse_error/peak_error 0 28.0
[32m[I 2021-04-07 11:41:52,838][0m Trial 945 finished with value: 28.0 and parameters: {'Vahp': -45.0, 'Vth': -43.0, 'Vmax': 19.0, 't_ref': 8.0, 'R': 0.30000000000000004, 'tau_m': 74.5, 'R_adp': 0.8, 'tau_w': 52.5, 'a': 47.0}. Best is trial 414 with value: 2.0.[0m
2021-04-07 11:41:53.111341: I tensorflow/compiler/jit/xla_gpu_device.cc:99] Not creating XLA devices, tf_xla_enable_xla_devices not set
mse_error/peak_error 0 332
[32m[I 2021-04-07 11:42:25,646][0m Trial 946 finished with value: 332.0 and parameters: {'Vahp': -44.5, 'Vth': -42.0, 'Vmax': 18.5, 't_ref': 7.5, 'R': 0.2, 'tau_m': 67.0, 'R_adp': 0.8, 'tau_w': 58.5, 'a': 37.0}. Best is trial 414 with value: 2.0.[0m
2021-04-07 11:42:25.928710: I tensorflow/compiler/jit/xla_gpu_device.cc:99] Not creating XLA devices, tf_xla_enable_xla_devices not set
mse_error/peak_error 0 24.0
[32m[I 2021-04-07 11:42:59,205][0m Trial 947 finished with value: 24.0 and parameters: {'Vahp': -45.5, 'Vth': -43.0, 'Vmax': 22.0, 't_ref': 7.0, 'R': 0.30000000000000004, 'tau_m': 68.0, 'R_adp': 0.8, 'tau_w': 60.5, 'a': 43.0}. Best is trial 414 with value: 2.0.[0m
2021-04-07 11:42:59.509419: I tensorflow/compiler/jit/xla_gpu_device.cc:99] Not creating XLA devices, tf_xla_enable_xla_devices not set
mse_error/peak_error 0 140
