[32m[I 2021-04-07 10:30:26,022][0m Trial 799 finished with value: 45.0 and parameters: {'Vahp': -42.0, 'Vth': -40.0, 'Vmax': 35.0, 't_ref': 7.5, 'R': 0.30000000000000004, 'tau_m': 53.5, 'R_adp': 0.7000000000000001, 'tau_w': 53.5, 'a': 52.0}. Best is trial 414 with value: 2.0.[0m
2021-04-07 10:30:26.280296: I tensorflow/compiler/jit/xla_gpu_device.cc:99] Not creating XLA devices, tf_xla_enable_xla_devices not set
mse_error/peak_error 0 13.0
[32m[I 2021-04-07 10:30:51,439][0m Trial 800 finished with value: 13.0 and parameters: {'Vahp': -44.5, 'Vth': -42.0, 'Vmax': 21.5, 't_ref': 9.0, 'R': 0.30000000000000004, 'tau_m': 62.5, 'R_adp': 0.7000000000000001, 'tau_w': 58.5, 'a': 54.5}. Best is trial 414 with value: 2.0.[0m
2021-04-07 10:30:51.700023: I tensorflow/compiler/jit/xla_gpu_device.cc:99] Not creating XLA devices, tf_xla_enable_xla_devices not set
mse_error/peak_error 0 154
[32m[I 2021-04-07 10:31:17,443][0m Trial 801 finished with value: 154.0 and parameters: {'Vahp': -43.5, 'Vth': -39.5, 'Vmax': 17.0, 't_ref': 7.0, 'R': 0.4, 'tau_m': 69.5, 'R_adp': 0.7000000000000001, 'tau_w': 55.0, 'a': 58.0}. Best is trial 414 with value: 2.0.[0m
2021-04-07 10:31:17.713233: I tensorflow/compiler/jit/xla_gpu_device.cc:99] Not creating XLA devices, tf_xla_enable_xla_devices not set
mse_error/peak_error 0 183
[32m[I 2021-04-07 10:31:43,127][0m Trial 802 finished with value: 183.0 and parameters: {'Vahp': -41.0, 'Vth': -41.0, 'Vmax': 16.5, 't_ref': 6.0, 'R': 0.30000000000000004, 'tau_m': 65.5, 'R_adp': 0.9, 'tau_w': 56.5, 'a': 41.0}. Best is trial 414 with value: 2.0.[0m
2021-04-07 10:31:43.395701: I tensorflow/compiler/jit/xla_gpu_device.cc:99] Not creating XLA devices, tf_xla_enable_xla_devices not set
mse_error/peak_error 0 111.0
[32m[I 2021-04-07 10:32:08,944][0m Trial 803 finished with value: 111.0 and parameters: {'Vahp': -45.0, 'Vth': -39.0, 'Vmax': 16.0, 't_ref': 8.0, 'R': 0.30000000000000004, 'tau_m': 63.5, 'R_adp': 0.7000000000000001, 'tau_w': 52.0, 'a': 55.5}. Best is trial 414 with value: 2.0.[0m
2021-04-07 10:32:09.208037: I tensorflow/compiler/jit/xla_gpu_device.cc:99] Not creating XLA devices, tf_xla_enable_xla_devices not set
mse_error/peak_error 0 408
[32m[I 2021-04-07 10:32:34,571][0m Trial 804 finished with value: 408.0 and parameters: {'Vahp': -42.5, 'Vth': -40.5, 'Vmax': 18.0, 't_ref': 8.5, 'R': 0.2, 'tau_m': 58.0, 'R_adp': 0.7000000000000001, 'tau_w': 56.5, 'a': 53.5}. Best is trial 414 with value: 2.0.[0m
2021-04-07 10:32:34.857901: I tensorflow/compiler/jit/xla_gpu_device.cc:99] Not creating XLA devices, tf_xla_enable_xla_devices not set
mse_error/peak_error 0 269
[32m[I 2021-04-07 10:33:00,179][0m Trial 805 finished with value: 269.0 and parameters: {'Vahp': -41.5, 'Vth': -34.0, 'Vmax': 17.5, 't_ref': 8.0, 'R': 0.30000000000000004, 'tau_m': 56.0, 'R_adp': 0.7000000000000001, 'tau_w': 53.0, 'a': 52.0}. Best is trial 414 with value: 2.0.[0m
2021-04-07 10:33:00.444424: I tensorflow/compiler/jit/xla_gpu_device.cc:99] Not creating XLA devices, tf_xla_enable_xla_devices not set
mse_error/peak_error 0 286
[32m[I 2021-04-07 10:33:25,679][0m Trial 806 finished with value: 286.0 and parameters: {'Vahp': -40.0, 'Vth': -40.0, 'Vmax': 18.0, 't_ref': 7.5, 'R': 0.30000000000000004, 'tau_m': 59.5, 'R_adp': 0.6, 'tau_w': 54.5, 'a': 50.5}. Best is trial 414 with value: 2.0.[0m
2021-04-07 10:33:25.955045: I tensorflow/compiler/jit/xla_gpu_device.cc:99] Not creating XLA devices, tf_xla_enable_xla_devices not set
mse_error/peak_error 0 169
[32m[I 2021-04-07 10:33:51,705][0m Trial 807 finished with value: 169.0 and parameters: {'Vahp': -42.5, 'Vth': -41.0, 'Vmax': 17.0, 't_ref': 6.5, 'R': 0.30000000000000004, 'tau_m': 57.5, 'R_adp': 0.7000000000000001, 'tau_w': 58.5, 'a': 49.0}. Best is trial 414 with value: 2.0.[0m
2021-04-07 10:33:51.982071: I tensorflow/compiler/jit/xla_gpu_device.cc:99] Not creating XLA devices, tf_xla_enable_xla_devices not set
mse_error/peak_error 0 37.0
[32m[I 2021-04-07 10:34:17,772][0m Trial 808 finished with value: 37.0 and parameters: {'Vahp': -44.0, 'Vth': -42.0, 'Vmax': 16.0, 't_ref': 7.0, 'R': 0.30000000000000004, 'tau_m': 61.5, 'R_adp': 1.0, 'tau_w': 57.0, 'a': 44.5}. Best is trial 414 with value: 2.0.[0m
2021-04-07 10:34:18.049520: I tensorflow/compiler/jit/xla_gpu_device.cc:99] Not creating XLA devices, tf_xla_enable_xla_devices not set
mse_error/peak_error 0 6.0
[32m[I 2021-04-07 10:34:43,951][0m Trial 809 finished with value: 6.0 and parameters: {'Vahp': -43.5, 'Vth': -41.5, 'Vmax': 20.0, 't_ref': 9.0, 'R': 0.30000000000000004, 'tau_m': 61.5, 'R_adp': 0.7000000000000001, 'tau_w': 60.5, 'a': 57.5}. Best is trial 414 with value: 2.0.[0m
2021-04-07 10:34:44.220023: I tensorflow/compiler/jit/xla_gpu_device.cc:99] Not creating XLA devices, tf_xla_enable_xla_devices not set
mse_error/peak_error 0 29.0
[32m[I 2021-04-07 10:35:10,215][0m Trial 810 finished with value: 29.0 and parameters: {'Vahp': -44.5, 'Vth': -42.0, 'Vmax': 20.0, 't_ref': 9.0, 'R': 0.30000000000000004, 'tau_m': 66.0, 'R_adp': 0.7000000000000001, 'tau_w': 61.0, 'a': 59.0}. Best is trial 414 with value: 2.0.[0m
2021-04-07 10:35:10.501962: I tensorflow/compiler/jit/xla_gpu_device.cc:99] Not creating XLA devices, tf_xla_enable_xla_devices not set
mse_error/peak_error 0 395
[32m[I 2021-04-07 10:35:36,840][0m Trial 811 finished with value: 395.0 and parameters: {'Vahp': -45.5, 'Vth': -42.5, 'Vmax': 21.0, 't_ref': 8.0, 'R': 0.5, 'tau_m': 63.5, 'R_adp': 0.7000000000000001, 'tau_w': 59.0, 'a': 57.5}. Best is trial 414 with value: 2.0.[0m
2021-04-07 10:35:37.107298: I tensorflow/compiler/jit/xla_gpu_device.cc:99] Not creating XLA devices, tf_xla_enable_xla_devices not set
mse_error/peak_error 0 22.0
[32m[I 2021-04-07 10:36:03,607][0m Trial 812 finished with value: 22.0 and parameters: {'Vahp': -43.5, 'Vth': -41.5, 'Vmax': 20.0, 't_ref': 8.5, 'R': 0.30000000000000004, 'tau_m': 60.5, 'R_adp': 0.7000000000000001, 'tau_w': 61.5, 'a': 56.0}. Best is trial 414 with value: 2.0.[0m
2021-04-07 10:36:03.875922: I tensorflow/compiler/jit/xla_gpu_device.cc:99] Not creating XLA devices, tf_xla_enable_xla_devices not set
mse_error/peak_error 0 861
[32m[I 2021-04-07 10:36:30,357][0m Trial 813 finished with value: 861.0 and parameters: {'Vahp': -44.0, 'Vth': -41.5, 'Vmax': 21.5, 't_ref': 7.5, 'R': 0.8, 'tau_m': 64.5, 'R_adp': 0.6, 'tau_w': 55.0, 'a': 59.0}. Best is trial 414 with value: 2.0.[0m
2021-04-07 10:36:30.615925: I tensorflow/compiler/jit/xla_gpu_device.cc:99] Not creating XLA devices, tf_xla_enable_xla_devices not set
mse_error/peak_error 0 235
[32m[I 2021-04-07 10:36:56,723][0m Trial 814 finished with value: 235.0 and parameters: {'Vahp': -43.0, 'Vth': -41.5, 'Vmax': 20.5, 't_ref': 9.0, 'R': 0.4, 'tau_m': 63.0, 'R_adp': 0.7000000000000001, 'tau_w': 59.5, 'a': 56.5}. Best is trial 414 with value: 2.0.[0m
2021-04-07 10:36:56.989847: I tensorflow/compiler/jit/xla_gpu_device.cc:99] Not creating XLA devices, tf_xla_enable_xla_devices not set
mse_error/peak_error 0 585
[32m[I 2021-04-07 10:37:23,173][0m Trial 815 finished with value: 585.0 and parameters: {'Vahp': -45.0, 'Vth': -42.0, 'Vmax': 23.0, 't_ref': 7.0, 'R': 0.2, 'tau_m': 66.5, 'R_adp': 0.9, 'tau_w': 57.0, 'a': 57.5}. Best is trial 414 with value: 2.0.[0m
2021-04-07 10:37:23.435330: I tensorflow/compiler/jit/xla_gpu_device.cc:99] Not creating XLA devices, tf_xla_enable_xla_devices not set
mse_error/peak_error 0 22.0
[32m[I 2021-04-07 10:37:49,487][0m Trial 816 finished with value: 22.0 and parameters: {'Vahp': -42.0, 'Vth': -41.0, 'Vmax': 19.5, 't_ref': 8.0, 'R': 0.30000000000000004, 'tau_m': 60.5, 'R_adp': 0.7000000000000001, 'tau_w': 58.0, 'a': 58.0}. Best is trial 414 with value: 2.0.[0m
2021-04-07 10:37:49.747286: I tensorflow/compiler/jit/xla_gpu_device.cc:99] Not creating XLA devices, tf_xla_enable_xla_devices not set
mse_error/peak_error 0 43.0
[32m[I 2021-04-07 10:38:15,839][0m Trial 817 finished with value: 43.0 and parameters: {'Vahp': -41.0, 'Vth': -41.0, 'Vmax': 20.5, 't_ref': 8.5, 'R': 0.30000000000000004, 'tau_m': 61.5, 'R_adp': 0.7000000000000001, 'tau_w': 54.0, 'a': 60.0}. Best is trial 414 with value: 2.0.[0m
2021-04-07 10:38:16.121503: I tensorflow/compiler/jit/xla_gpu_device.cc:99] Not creating XLA devices, tf_xla_enable_xla_devices not set
mse_error/peak_error 0 55.0
[32m[I 2021-04-07 10:38:42,919][0m Trial 818 finished with value: 55.0 and parameters: {'Vahp': -42.5, 'Vth': -41.0, 'Vmax': 19.5, 't_ref': 8.0, 'R': 0.30000000000000004, 'tau_m': 58.5, 'R_adp': 0.7000000000000001, 'tau_w': 50.5, 'a': 54.5}. Best is trial 414 with value: 2.0.[0m
2021-04-07 10:38:43.181848: I tensorflow/compiler/jit/xla_gpu_device.cc:99] Not creating XLA devices, tf_xla_enable_xla_devices not set
mse_error/peak_error 0 12.0
[32m[I 2021-04-07 10:39:09,843][0m Trial 819 finished with value: 12.0 and parameters: {'Vahp': -44.5, 'Vth': -42.0, 'Vmax': 22.0, 't_ref': 9.0, 'R': 0.30000000000000004, 'tau_m': 64.0, 'R_adp': 0.7000000000000001, 'tau_w': 61.0, 'a': 55.5}. Best is trial 414 with value: 2.0.[0m
2021-04-07 10:39:10.110688: I tensorflow/compiler/jit/xla_gpu_device.cc:99] Not creating XLA devices, tf_xla_enable_xla_devices not set
mse_error/peak_error 0 19.0
[32m[I 2021-04-07 10:39:36,634][0m Trial 820 finished with value: 19.0 and parameters: {'Vahp': -43.5, 'Vth': -41.5, 'Vmax': 15.5, 't_ref': 8.5, 'R': 0.30000000000000004, 'tau_m': 68.0, 'R_adp': 0.7000000000000001, 'tau_w': 60.5, 'a': 53.5}. Best is trial 414 with value: 2.0.[0m
2021-04-07 10:39:36.899433: I tensorflow/compiler/jit/xla_gpu_device.cc:99] Not creating XLA devices, tf_xla_enable_xla_devices not set
mse_error/peak_error 0 433
[32m[I 2021-04-07 10:40:03,905][0m Trial 821 finished with value: 433.0 and parameters: {'Vahp': -43.0, 'Vth': -41.0, 'Vmax': 19.5, 't_ref': 9.0, 'R': 0.2, 'tau_m': 61.0, 'R_adp': 0.7000000000000001, 'tau_w': 62.5, 'a': 52.5}. Best is trial 414 with value: 2.0.[0m
2021-04-07 10:40:04.165264: I tensorflow/compiler/jit/xla_gpu_device.cc:99] Not creating XLA devices, tf_xla_enable_xla_devices not set
mse_error/peak_error 0 148
[32m[I 2021-04-07 10:40:30,714][0m Trial 822 finished with value: 148.0 and parameters: {'Vahp': -45.0, 'Vth': -43.0, 'Vmax': 25.0, 't_ref': 7.5, 'R': 0.30000000000000004, 'tau_m': 65.5, 'R_adp': 0.9, 'tau_w': 56.0, 'a': 38.5}. Best is trial 414 with value: 2.0.[0m
2021-04-07 10:40:30.991458: I tensorflow/compiler/jit/xla_gpu_device.cc:99] Not creating XLA devices, tf_xla_enable_xla_devices not set
mse_error/peak_error 0 430
[32m[I 2021-04-07 10:40:57,664][0m Trial 823 finished with value: 430.0 and parameters: {'Vahp': -28.5, 'Vth': -26.0, 'Vmax': 21.0, 't_ref': 9.5, 'R': 0.30000000000000004, 'tau_m': 62.0, 'R_adp': 0.6, 'tau_w': 60.0, 'a': 56.0}. Best is trial 414 with value: 2.0.[0m
2021-04-07 10:40:57.940747: I tensorflow/compiler/jit/xla_gpu_device.cc:99] Not creating XLA devices, tf_xla_enable_xla_devices not set
mse_error/peak_error 0 9.0
[32m[I 2021-04-07 10:41:24,841][0m Trial 824 finished with value: 9.0 and parameters: {'Vahp': -44.0, 'Vth': -42.0, 'Vmax': 24.0, 't_ref': 8.5, 'R': 0.30000000000000004, 'tau_m': 63.5, 'R_adp': 0.7000000000000001, 'tau_w': 59.5, 'a': 53.0}. Best is trial 414 with value: 2.0.[0m
2021-04-07 10:41:25.105036: I tensorflow/compiler/jit/xla_gpu_device.cc:99] Not creating XLA devices, tf_xla_enable_xla_devices not set
mse_error/peak_error 0 13.0
[32m[I 2021-04-07 10:41:52,021][0m Trial 825 finished with value: 13.0 and parameters: {'Vahp': -45.5, 'Vth': -43.5, 'Vmax': 23.5, 't_ref': 8.5, 'R': 0.30000000000000004, 'tau_m': 73.0, 'R_adp': 0.7000000000000001, 'tau_w': 58.5, 'a': 55.0}. Best is trial 414 with value: 2.0.[0m
2021-04-07 10:41:52.284469: I tensorflow/compiler/jit/xla_gpu_device.cc:99] Not creating XLA devices, tf_xla_enable_xla_devices not set
mse_error/peak_error 0 43.0
[32m[I 2021-04-07 10:42:19,421][0m Trial 826 finished with value: 43.0 and parameters: {'Vahp': -44.0, 'Vth': -42.5, 'Vmax': 23.5, 't_ref': 8.0, 'R': 0.30000000000000004, 'tau_m': 62.5, 'R_adp': 0.7000000000000001, 'tau_w': 57.0, 'a': 57.5}. Best is trial 414 with value: 2.0.[0m
2021-04-07 10:42:19.695456: I tensorflow/compiler/jit/xla_gpu_device.cc:99] Not creating XLA devices, tf_xla_enable_xla_devices not set
mse_error/peak_error 0 44.0
[32m[I 2021-04-07 10:42:46,960][0m Trial 827 finished with value: 44.0 and parameters: {'Vahp': -44.5, 'Vth': -42.5, 'Vmax': 24.5, 't_ref': 7.5, 'R': 0.30000000000000004, 'tau_m': 62.0, 'R_adp': 0.7000000000000001, 'tau_w': 54.5, 'a': 52.5}. Best is trial 414 with value: 2.0.[0m
2021-04-07 10:42:47.244226: I tensorflow/compiler/jit/xla_gpu_device.cc:99] Not creating XLA devices, tf_xla_enable_xla_devices not set
mse_error/peak_error 0 26.0
[32m[I 2021-04-07 10:43:14,348][0m Trial 828 finished with value: 26.0 and parameters: {'Vahp': -44.0, 'Vth': -42.0, 'Vmax': 24.5, 't_ref': 8.5, 'R': 0.30000000000000004, 'tau_m': 60.0, 'R_adp': 0.7000000000000001, 'tau_w': 59.0, 'a': 54.5}. Best is trial 414 with value: 2.0.[0m
2021-04-07 10:43:14.630211: I tensorflow/compiler/jit/xla_gpu_device.cc:99] Not creating XLA devices, tf_xla_enable_xla_devices not set
mse_error/peak_error 0 738.0
[32m[I 2021-04-07 10:43:41,607][0m Trial 829 finished with value: 738.0 and parameters: {'Vahp': -45.5, 'Vth': -43.0, 'Vmax': 24.0, 't_ref': 8.5, 'R': 0.7000000000000001, 'tau_m': 70.0, 'R_adp': 0.7000000000000001, 'tau_w': 20.5, 'a': 60.5}. Best is trial 414 with value: 2.0.[0m
2021-04-07 10:43:41.877236: I tensorflow/compiler/jit/xla_gpu_device.cc:99] Not creating XLA devices, tf_xla_enable_xla_devices not set
mse_error/peak_error 0 348
[32m[I 2021-04-07 10:44:09,361][0m Trial 830 finished with value: 348.0 and parameters: {'Vahp': -43.5, 'Vth': -42.0, 'Vmax': 24.0, 't_ref': 8.0, 'R': 0.4, 'tau_m': 66.5, 'R_adp': 0.7000000000000001, 'tau_w': 60.5, 'a': 53.5}. Best is trial 414 with value: 2.0.[0m
2021-04-07 10:44:09.643030: I tensorflow/compiler/jit/xla_gpu_device.cc:99] Not creating XLA devices, tf_xla_enable_xla_devices not set
mse_error/peak_error 0 44.0
[32m[I 2021-04-07 10:44:36,735][0m Trial 831 finished with value: 44.0 and parameters: {'Vahp': -46.0, 'Vth': -39.0, 'Vmax': 16.5, 't_ref': 6.5, 'R': 0.30000000000000004, 'tau_m': 53.0, 'R_adp': 0.7000000000000001, 'tau_w': 52.5, 'a': 51.0}. Best is trial 414 with value: 2.0.[0m
2021-04-07 10:44:37.006296: I tensorflow/compiler/jit/xla_gpu_device.cc:99] Not creating XLA devices, tf_xla_enable_xla_devices not set
mse_error/peak_error 0 31.0
[32m[I 2021-04-07 10:45:04,474][0m Trial 832 finished with value: 31.0 and parameters: {'Vahp': -42.0, 'Vth': -40.5, 'Vmax': 17.0, 't_ref': 6.0, 'R': 0.30000000000000004, 'tau_m': 64.0, 'R_adp': 0.7000000000000001, 'tau_w': 57.0, 'a': 57.0}. Best is trial 414 with value: 2.0.[0m
2021-04-07 10:45:04.760813: I tensorflow/compiler/jit/xla_gpu_device.cc:99] Not creating XLA devices, tf_xla_enable_xla_devices not set
mse_error/peak_error 0 20.0
[32m[I 2021-04-07 10:45:32,227][0m Trial 833 finished with value: 20.0 and parameters: {'Vahp': -43.0, 'Vth': -41.5, 'Vmax': 20.5, 't_ref': 9.0, 'R': 0.30000000000000004, 'tau_m': 62.5, 'R_adp': 0.7000000000000001, 'tau_w': 62.0, 'a': 52.5}. Best is trial 414 with value: 2.0.[0m
2021-04-07 10:45:32.504275: I tensorflow/compiler/jit/xla_gpu_device.cc:99] Not creating XLA devices, tf_xla_enable_xla_devices not set
mse_error/peak_error 0 27.0
[32m[I 2021-04-07 10:45:59,659][0m Trial 834 finished with value: 27.0 and parameters: {'Vahp': -44.5, 'Vth': -39.5, 'Vmax': 16.0, 't_ref': 8.0, 'R': 0.30000000000000004, 'tau_m': 57.0, 'R_adp': 0.6, 'tau_w': 55.0, 'a': 55.0}. Best is trial 414 with value: 2.0.[0m
2021-04-07 10:45:59.950566: I tensorflow/compiler/jit/xla_gpu_device.cc:99] Not creating XLA devices, tf_xla_enable_xla_devices not set
mse_error/peak_error 0 443
[32m[I 2021-04-07 10:46:27,515][0m Trial 835 finished with value: 443.0 and parameters: {'Vahp': -43.0, 'Vth': -41.5, 'Vmax': 15.0, 't_ref': 8.5, 'R': 0.2, 'tau_m': 59.0, 'R_adp': 0.2, 'tau_w': 8.5, 'a': 51.5}. Best is trial 414 with value: 2.0.[0m
2021-04-07 10:46:27.806490: I tensorflow/compiler/jit/xla_gpu_device.cc:99] Not creating XLA devices, tf_xla_enable_xla_devices not set
mse_error/peak_error 0 1423
[32m[I 2021-04-07 10:46:55,135][0m Trial 836 finished with value: 1423.0 and parameters: {'Vahp': -40.5, 'Vth': -40.0, 'Vmax': 17.0, 't_ref': 7.0, 'R': 0.1, 'tau_m': 55.5, 'R_adp': 0.7000000000000001, 'tau_w': 58.0, 'a': 49.5}. Best is trial 414 with value: 2.0.[0m
2021-04-07 10:46:55.419395: I tensorflow/compiler/jit/xla_gpu_device.cc:99] Not creating XLA devices, tf_xla_enable_xla_devices not set
mse_error/peak_error 0 19.0
[32m[I 2021-04-07 10:47:23,029][0m Trial 837 finished with value: 19.0 and parameters: {'Vahp': -45.0, 'Vth': -42.5, 'Vmax': 23.5, 't_ref': 7.5, 'R': 0.30000000000000004, 'tau_m': 68.5, 'R_adp': 0.7000000000000001, 'tau_w': 60.0, 'a': 59.0}. Best is trial 414 with value: 2.0.[0m
2021-04-07 10:47:23.315997: I tensorflow/compiler/jit/xla_gpu_device.cc:99] Not creating XLA devices, tf_xla_enable_xla_devices not set
mse_error/peak_error 0 251
[32m[I 2021-04-07 10:47:51,157][0m Trial 838 finished with value: 251.0 and parameters: {'Vahp': -44.0, 'Vth': -42.0, 'Vmax': 19.0, 't_ref': 9.0, 'R': 0.4, 'tau_m': 61.0, 'R_adp': 0.7000000000000001, 'tau_w': 62.0, 'a': 55.5}. Best is trial 414 with value: 2.0.[0m
2021-04-07 10:47:51.442349: I tensorflow/compiler/jit/xla_gpu_device.cc:99] Not creating XLA devices, tf_xla_enable_xla_devices not set
mse_error/peak_error 0 17.0
[32m[I 2021-04-07 10:48:18,762][0m Trial 839 finished with value: 17.0 and parameters: {'Vahp': -42.5, 'Vth': -41.0, 'Vmax': 20.0, 't_ref': 8.5, 'R': 0.30000000000000004, 'tau_m': 64.0, 'R_adp': 0.7000000000000001, 'tau_w': 59.0, 'a': 54.0}. Best is trial 414 with value: 2.0.[0m
2021-04-07 10:48:19.045217: I tensorflow/compiler/jit/xla_gpu_device.cc:99] Not creating XLA devices, tf_xla_enable_xla_devices not set
mse_error/peak_error 0 35.0
[32m[I 2021-04-07 10:48:46,282][0m Trial 840 finished with value: 35.0 and parameters: {'Vahp': -43.0, 'Vth': -41.5, 'Vmax': 22.0, 't_ref': 8.0, 'R': 0.30000000000000004, 'tau_m': 61.5, 'R_adp': 0.7000000000000001, 'tau_w': 62.0, 'a': 50.5}. Best is trial 414 with value: 2.0.[0m
2021-04-07 10:48:46.552769: I tensorflow/compiler/jit/xla_gpu_device.cc:99] Not creating XLA devices, tf_xla_enable_xla_devices not set
mse_error/peak_error 0 179
[32m[I 2021-04-07 10:49:13,524][0m Trial 841 finished with value: 179.0 and parameters: {'Vahp': -39.5, 'Vth': -39.5, 'Vmax': 16.5, 't_ref': 7.0, 'R': 0.30000000000000004, 'tau_m': 59.0, 'R_adp': 0.7000000000000001, 'tau_w': 48.5, 'a': 53.0}. Best is trial 414 with value: 2.0.[0m
2021-04-07 10:49:13.811252: I tensorflow/compiler/jit/xla_gpu_device.cc:99] Not creating XLA devices, tf_xla_enable_xla_devices not set
mse_error/peak_error 0 13.0
[32m[I 2021-04-07 10:49:41,255][0m Trial 842 finished with value: 13.0 and parameters: {'Vahp': -44.0, 'Vth': -42.5, 'Vmax': 25.0, 't_ref': 7.5, 'R': 0.30000000000000004, 'tau_m': 66.0, 'R_adp': 0.7000000000000001, 'tau_w': 58.0, 'a': 57.5}. Best is trial 414 with value: 2.0.[0m
2021-04-07 10:49:41.537576: I tensorflow/compiler/jit/xla_gpu_device.cc:99] Not creating XLA devices, tf_xla_enable_xla_devices not set
mse_error/peak_error 0 176
[32m[I 2021-04-07 10:50:08,804][0m Trial 843 finished with value: 176.0 and parameters: {'Vahp': -41.5, 'Vth': -40.5, 'Vmax': 17.5, 't_ref': 8.0, 'R': 0.30000000000000004, 'tau_m': 56.0, 'R_adp': 0.7000000000000001, 'tau_w': 56.0, 'a': 48.0}. Best is trial 414 with value: 2.0.[0m
2021-04-07 10:50:09.088406: I tensorflow/compiler/jit/xla_gpu_device.cc:99] Not creating XLA devices, tf_xla_enable_xla_devices not set
mse_error/peak_error 0 35.0
[32m[I 2021-04-07 10:50:36,339][0m Trial 844 finished with value: 35.0 and parameters: {'Vahp': -44.5, 'Vth': -40.5, 'Vmax': 16.0, 't_ref': 8.5, 'R': 0.30000000000000004, 'tau_m': 60.0, 'R_adp': 0.7000000000000001, 'tau_w': 61.5, 'a': 52.5}. Best is trial 414 with value: 2.0.[0m
2021-04-07 10:50:36.601478: I tensorflow/compiler/jit/xla_gpu_device.cc:99] Not creating XLA devices, tf_xla_enable_xla_devices not set
mse_error/peak_error 0 287
[32m[I 2021-04-07 10:51:03,811][0m Trial 845 finished with value: 287.0 and parameters: {'Vahp': -42.5, 'Vth': -41.5, 'Vmax': 15.5, 't_ref': 9.0, 'R': 0.2, 'tau_m': 63.0, 'R_adp': 0.6, 'tau_w': 60.0, 'a': 50.0}. Best is trial 414 with value: 2.0.[0m
2021-04-07 10:51:04.078627: I tensorflow/compiler/jit/xla_gpu_device.cc:99] Not creating XLA devices, tf_xla_enable_xla_devices not set
mse_error/peak_error 0 6.0
[32m[I 2021-04-07 10:51:31,342][0m Trial 846 finished with value: 6.0 and parameters: {'Vahp': -43.5, 'Vth': -41.5, 'Vmax': 20.5, 't_ref': 9.0, 'R': 0.30000000000000004, 'tau_m': 64.5, 'R_adp': 0.7000000000000001, 'tau_w': 63.0, 'a': 55.5}. Best is trial 414 with value: 2.0.[0m
2021-04-07 10:51:31.618318: I tensorflow/compiler/jit/xla_gpu_device.cc:99] Not creating XLA devices, tf_xla_enable_xla_devices not set
mse_error/peak_error 0 74.0
[32m[I 2021-04-07 10:51:59,370][0m Trial 847 finished with value: 74.0 and parameters: {'Vahp': -47.0, 'Vth': -45.5, 'Vmax': 21.0, 't_ref': 8.5, 'R': 0.30000000000000004, 'tau_m': 67.5, 'R_adp': 0.7000000000000001, 'tau_w': 58.5, 'a': 58.5}. Best is trial 414 with value: 2.0.[0m
2021-04-07 10:51:59.658056: I tensorflow/compiler/jit/xla_gpu_device.cc:99] Not creating XLA devices, tf_xla_enable_xla_devices not set
mse_error/peak_error 0 14.0
