[32m[I 2021-04-07 09:35:35,521][0m Trial 648 finished with value: 200.0 and parameters: {'Vahp': -42.5, 'Vth': -40.0, 'Vmax': 16.0, 't_ref': 7.5, 'R': 0.30000000000000004, 'tau_m': 66.0, 'R_adp': 1.0, 'tau_w': 66.0, 'a': 54.5}. Best is trial 414 with value: 2.0.[0m
2021-04-07 09:35:35.775051: I tensorflow/compiler/jit/xla_gpu_device.cc:99] Not creating XLA devices, tf_xla_enable_xla_devices not set
mse_error/peak_error 0 305
[32m[I 2021-04-07 09:35:54,781][0m Trial 649 finished with value: 305.0 and parameters: {'Vahp': -45.5, 'Vth': -43.0, 'Vmax': 16.5, 't_ref': 8.0, 'R': 0.2, 'tau_m': 63.0, 'R_adp': 0.7000000000000001, 'tau_w': 56.0, 'a': 51.5}. Best is trial 414 with value: 2.0.[0m
2021-04-07 09:35:55.036131: I tensorflow/compiler/jit/xla_gpu_device.cc:99] Not creating XLA devices, tf_xla_enable_xla_devices not set
mse_error/peak_error 0 158
[32m[I 2021-04-07 09:36:13,809][0m Trial 650 finished with value: 158.0 and parameters: {'Vahp': -43.5, 'Vth': -41.5, 'Vmax': 18.0, 't_ref': 9.0, 'R': 0.30000000000000004, 'tau_m': 61.0, 'R_adp': 0.6, 'tau_w': 63.5, 'a': 47.5}. Best is trial 414 with value: 2.0.[0m
2021-04-07 09:36:14.060289: I tensorflow/compiler/jit/xla_gpu_device.cc:99] Not creating XLA devices, tf_xla_enable_xla_devices not set
mse_error/peak_error 0 870
[32m[I 2021-04-07 09:36:32,726][0m Trial 651 finished with value: 870.0 and parameters: {'Vahp': -42.0, 'Vth': -41.0, 'Vmax': 15.5, 't_ref': 8.5, 'R': 0.8, 'tau_m': 54.5, 'R_adp': 0.9, 'tau_w': 59.0, 'a': 45.0}. Best is trial 414 with value: 2.0.[0m
2021-04-07 09:36:32.996130: I tensorflow/compiler/jit/xla_gpu_device.cc:99] Not creating XLA devices, tf_xla_enable_xla_devices not set
mse_error/peak_error 0 22.0
[32m[I 2021-04-07 09:36:51,891][0m Trial 652 finished with value: 22.0 and parameters: {'Vahp': -44.5, 'Vth': -40.0, 'Vmax': 19.0, 't_ref': 7.0, 'R': 0.30000000000000004, 'tau_m': 58.0, 'R_adp': 0.7000000000000001, 'tau_w': 61.5, 'a': 41.5}. Best is trial 414 with value: 2.0.[0m
2021-04-07 09:36:52.194685: I tensorflow/compiler/jit/xla_gpu_device.cc:99] Not creating XLA devices, tf_xla_enable_xla_devices not set
mse_error/peak_error 0 84.0
[32m[I 2021-04-07 09:37:11,229][0m Trial 653 finished with value: 84.0 and parameters: {'Vahp': -46.5, 'Vth': -39.5, 'Vmax': 20.5, 't_ref': 6.0, 'R': 0.30000000000000004, 'tau_m': 62.0, 'R_adp': 0.8, 'tau_w': 68.0, 'a': 38.5}. Best is trial 414 with value: 2.0.[0m
2021-04-07 09:37:11.478731: I tensorflow/compiler/jit/xla_gpu_device.cc:99] Not creating XLA devices, tf_xla_enable_xla_devices not set
mse_error/peak_error 0 464
[32m[I 2021-04-07 09:37:30,613][0m Trial 654 finished with value: 464.0 and parameters: {'Vahp': -43.0, 'Vth': -40.5, 'Vmax': 17.0, 't_ref': 10.0, 'R': 0.5, 'tau_m': 64.5, 'R_adp': 0.7000000000000001, 'tau_w': 54.5, 'a': 52.5}. Best is trial 414 with value: 2.0.[0m
2021-04-07 09:37:30.860496: I tensorflow/compiler/jit/xla_gpu_device.cc:99] Not creating XLA devices, tf_xla_enable_xla_devices not set
mse_error/peak_error 0 72.0
[32m[I 2021-04-07 09:37:49,816][0m Trial 655 finished with value: 72.0 and parameters: {'Vahp': -40.5, 'Vth': -40.5, 'Vmax': 20.0, 't_ref': 7.0, 'R': 0.30000000000000004, 'tau_m': 56.0, 'R_adp': 0.9, 'tau_w': 64.5, 'a': 49.0}. Best is trial 414 with value: 2.0.[0m
2021-04-07 09:37:50.075282: I tensorflow/compiler/jit/xla_gpu_device.cc:99] Not creating XLA devices, tf_xla_enable_xla_devices not set
mse_error/peak_error 0 157
[32m[I 2021-04-07 09:38:09,039][0m Trial 656 finished with value: 157.0 and parameters: {'Vahp': -41.5, 'Vth': -41.0, 'Vmax': 17.5, 't_ref': 8.5, 'R': 0.30000000000000004, 'tau_m': 59.5, 'R_adp': 0.8, 'tau_w': 58.0, 'a': 43.5}. Best is trial 414 with value: 2.0.[0m
2021-04-07 09:38:09.299706: I tensorflow/compiler/jit/xla_gpu_device.cc:99] Not creating XLA devices, tf_xla_enable_xla_devices not set
mse_error/peak_error 0 33.0
[32m[I 2021-04-07 09:38:28,348][0m Trial 657 finished with value: 33.0 and parameters: {'Vahp': -45.0, 'Vth': -42.0, 'Vmax': 18.5, 't_ref': 8.0, 'R': 0.30000000000000004, 'tau_m': 68.5, 'R_adp': 0.7000000000000001, 'tau_w': 62.0, 'a': 54.0}. Best is trial 414 with value: 2.0.[0m
2021-04-07 09:38:28.612259: I tensorflow/compiler/jit/xla_gpu_device.cc:99] Not creating XLA devices, tf_xla_enable_xla_devices not set
mse_error/peak_error 0 14.0
[32m[I 2021-04-07 09:38:47,788][0m Trial 658 finished with value: 14.0 and parameters: {'Vahp': -44.0, 'Vth': -41.5, 'Vmax': 22.0, 't_ref': 9.0, 'R': 0.30000000000000004, 'tau_m': 60.5, 'R_adp': 0.8, 'tau_w': 60.0, 'a': 50.5}. Best is trial 414 with value: 2.0.[0m
2021-04-07 09:38:48.058979: I tensorflow/compiler/jit/xla_gpu_device.cc:99] Not creating XLA devices, tf_xla_enable_xla_devices not set
mse_error/peak_error 0 260
[32m[I 2021-04-07 09:39:07,329][0m Trial 659 finished with value: 260.0 and parameters: {'Vahp': -42.5, 'Vth': -41.0, 'Vmax': 19.5, 't_ref': 6.5, 'R': 0.30000000000000004, 'tau_m': 62.5, 'R_adp': 0.9, 'tau_w': 31.0, 'a': 46.0}. Best is trial 414 with value: 2.0.[0m
2021-04-07 09:39:07.587756: I tensorflow/compiler/jit/xla_gpu_device.cc:99] Not creating XLA devices, tf_xla_enable_xla_devices not set
mse_error/peak_error 0 125
[32m[I 2021-04-07 09:39:27,100][0m Trial 660 finished with value: 125.0 and parameters: {'Vahp': -43.5, 'Vth': -40.0, 'Vmax': 33.0, 't_ref': 7.5, 'R': 0.30000000000000004, 'tau_m': 57.5, 'R_adp': 0.7000000000000001, 'tau_w': 51.5, 'a': 40.5}. Best is trial 414 with value: 2.0.[0m
2021-04-07 09:39:27.351393: I tensorflow/compiler/jit/xla_gpu_device.cc:99] Not creating XLA devices, tf_xla_enable_xla_devices not set
mse_error/peak_error 0 369
[32m[I 2021-04-07 09:39:46,646][0m Trial 661 finished with value: 369.0 and parameters: {'Vahp': -44.5, 'Vth': -42.0, 'Vmax': 21.0, 't_ref': 9.5, 'R': 0.2, 'tau_m': 65.0, 'R_adp': 0.9, 'tau_w': 66.0, 'a': 36.0}. Best is trial 414 with value: 2.0.[0m
2021-04-07 09:39:46.920668: I tensorflow/compiler/jit/xla_gpu_device.cc:99] Not creating XLA devices, tf_xla_enable_xla_devices not set
mse_error/peak_error 0 135
[32m[I 2021-04-07 09:40:06,397][0m Trial 662 finished with value: 135.0 and parameters: {'Vahp': -45.5, 'Vth': -42.0, 'Vmax': 17.0, 't_ref': 8.5, 'R': 0.30000000000000004, 'tau_m': 59.5, 'R_adp': 0.8, 'tau_w': 63.5, 'a': 55.5}. Best is trial 414 with value: 2.0.[0m
2021-04-07 09:40:06.646562: I tensorflow/compiler/jit/xla_gpu_device.cc:99] Not creating XLA devices, tf_xla_enable_xla_devices not set
mse_error/peak_error 0 322
[32m[I 2021-04-07 09:40:25,812][0m Trial 663 finished with value: 322.0 and parameters: {'Vahp': -42.0, 'Vth': -41.0, 'Vmax': 16.0, 't_ref': 9.0, 'R': 0.4, 'tau_m': 67.0, 'R_adp': 0.7000000000000001, 'tau_w': 57.0, 'a': 48.5}. Best is trial 414 with value: 2.0.[0m
2021-04-07 09:40:26.062468: I tensorflow/compiler/jit/xla_gpu_device.cc:99] Not creating XLA devices, tf_xla_enable_xla_devices not set
mse_error/peak_error 0 148
[32m[I 2021-04-07 09:40:45,375][0m Trial 664 finished with value: 148.0 and parameters: {'Vahp': -43.0, 'Vth': -41.5, 'Vmax': 15.0, 't_ref': 8.0, 'R': 0.30000000000000004, 'tau_m': 63.0, 'R_adp': 0.7000000000000001, 'tau_w': 61.5, 'a': 44.0}. Best is trial 414 with value: 2.0.[0m
2021-04-07 09:40:45.628256: I tensorflow/compiler/jit/xla_gpu_device.cc:99] Not creating XLA devices, tf_xla_enable_xla_devices not set
mse_error/peak_error 0 306
[32m[I 2021-04-07 09:41:05,035][0m Trial 665 finished with value: 306.0 and parameters: {'Vahp': -41.0, 'Vth': -40.5, 'Vmax': 24.0, 't_ref': 7.5, 'R': 0.30000000000000004, 'tau_m': 54.5, 'R_adp': 0.9, 'tau_w': 59.0, 'a': 29.5}. Best is trial 414 with value: 2.0.[0m
2021-04-07 09:41:05.304459: I tensorflow/compiler/jit/xla_gpu_device.cc:99] Not creating XLA devices, tf_xla_enable_xla_devices not set
mse_error/peak_error 0 30.0
[32m[I 2021-04-07 09:41:24,887][0m Trial 666 finished with value: 30.0 and parameters: {'Vahp': -44.0, 'Vth': -40.0, 'Vmax': 18.0, 't_ref': 6.5, 'R': 0.30000000000000004, 'tau_m': 61.0, 'R_adp': 0.6, 'tau_w': 65.5, 'a': 52.0}. Best is trial 414 with value: 2.0.[0m
2021-04-07 09:41:25.134752: I tensorflow/compiler/jit/xla_gpu_device.cc:99] Not creating XLA devices, tf_xla_enable_xla_devices not set
mse_error/peak_error 0 36.0
[32m[I 2021-04-07 09:41:44,231][0m Trial 667 finished with value: 36.0 and parameters: {'Vahp': -42.0, 'Vth': -35.5, 'Vmax': 16.5, 't_ref': 8.5, 'R': 0.4, 'tau_m': 57.0, 'R_adp': 0.8, 'tau_w': 63.5, 'a': 46.5}. Best is trial 414 with value: 2.0.[0m
2021-04-07 09:41:44.481872: I tensorflow/compiler/jit/xla_gpu_device.cc:99] Not creating XLA devices, tf_xla_enable_xla_devices not set
mse_error/peak_error 0 245
[32m[I 2021-04-07 09:42:03,792][0m Trial 668 finished with value: 245.0 and parameters: {'Vahp': -47.0, 'Vth': -46.5, 'Vmax': 19.0, 't_ref': 9.5, 'R': 0.30000000000000004, 'tau_m': 59.0, 'R_adp': 0.7000000000000001, 'tau_w': 67.5, 'a': 49.5}. Best is trial 414 with value: 2.0.[0m
2021-04-07 09:42:04.064960: I tensorflow/compiler/jit/xla_gpu_device.cc:99] Not creating XLA devices, tf_xla_enable_xla_devices not set
mse_error/peak_error 0 10.0
[32m[I 2021-04-07 09:42:23,667][0m Trial 669 finished with value: 10.0 and parameters: {'Vahp': -43.5, 'Vth': -41.5, 'Vmax': 23.0, 't_ref': 10.0, 'R': 0.30000000000000004, 'tau_m': 64.5, 'R_adp': 0.9, 'tau_w': 60.5, 'a': 42.0}. Best is trial 414 with value: 2.0.[0m
2021-04-07 09:42:23.942066: I tensorflow/compiler/jit/xla_gpu_device.cc:99] Not creating XLA devices, tf_xla_enable_xla_devices not set
mse_error/peak_error 0 24.0
[32m[I 2021-04-07 09:42:43,653][0m Trial 670 finished with value: 24.0 and parameters: {'Vahp': -45.0, 'Vth': -43.0, 'Vmax': 20.5, 't_ref': 10.0, 'R': 0.30000000000000004, 'tau_m': 70.5, 'R_adp': 0.9, 'tau_w': 55.0, 'a': 38.5}. Best is trial 414 with value: 2.0.[0m
2021-04-07 09:42:43.905079: I tensorflow/compiler/jit/xla_gpu_device.cc:99] Not creating XLA devices, tf_xla_enable_xla_devices not set
mse_error/peak_error 0 464
[32m[I 2021-04-07 09:43:03,711][0m Trial 671 finished with value: 464.0 and parameters: {'Vahp': -46.0, 'Vth': -42.5, 'Vmax': 23.0, 't_ref': 10.0, 'R': 0.2, 'tau_m': 66.5, 'R_adp': 0.9, 'tau_w': 57.0, 'a': 42.5}. Best is trial 414 with value: 2.0.[0m
2021-04-07 09:43:03.987937: I tensorflow/compiler/jit/xla_gpu_device.cc:99] Not creating XLA devices, tf_xla_enable_xla_devices not set
mse_error/peak_error 0 19.0
[32m[I 2021-04-07 09:43:23,857][0m Trial 672 finished with value: 19.0 and parameters: {'Vahp': -43.0, 'Vth': -41.0, 'Vmax': 24.0, 't_ref': 10.0, 'R': 0.30000000000000004, 'tau_m': 62.0, 'R_adp': 0.9, 'tau_w': 59.5, 'a': 39.0}. Best is trial 414 with value: 2.0.[0m
2021-04-07 09:43:24.123608: I tensorflow/compiler/jit/xla_gpu_device.cc:99] Not creating XLA devices, tf_xla_enable_xla_devices not set
mse_error/peak_error 0 36.0
[32m[I 2021-04-07 09:43:43,821][0m Trial 673 finished with value: 36.0 and parameters: {'Vahp': -44.0, 'Vth': -42.0, 'Vmax': 23.5, 't_ref': 5.5, 'R': 0.30000000000000004, 'tau_m': 65.0, 'R_adp': 0.9, 'tau_w': 61.0, 'a': 41.0}. Best is trial 414 with value: 2.0.[0m
2021-04-07 09:43:44.094801: I tensorflow/compiler/jit/xla_gpu_device.cc:99] Not creating XLA devices, tf_xla_enable_xla_devices not set
mse_error/peak_error 0 14.0
[32m[I 2021-04-07 09:44:03,938][0m Trial 674 finished with value: 14.0 and parameters: {'Vahp': -45.0, 'Vth': -42.5, 'Vmax': 21.5, 't_ref': 7.0, 'R': 0.30000000000000004, 'tau_m': 68.5, 'R_adp': 0.9, 'tau_w': 58.0, 'a': 42.0}. Best is trial 414 with value: 2.0.[0m
2021-04-07 09:44:04.212595: I tensorflow/compiler/jit/xla_gpu_device.cc:99] Not creating XLA devices, tf_xla_enable_xla_devices not set
mse_error/peak_error 0 65.0
[32m[I 2021-04-07 09:44:24,079][0m Trial 675 finished with value: 65.0 and parameters: {'Vahp': -42.5, 'Vth': -41.5, 'Vmax': 22.0, 't_ref': 9.5, 'R': 0.30000000000000004, 'tau_m': 56.0, 'R_adp': 1.0, 'tau_w': 60.0, 'a': 36.5}. Best is trial 414 with value: 2.0.[0m
2021-04-07 09:44:24.352421: I tensorflow/compiler/jit/xla_gpu_device.cc:99] Not creating XLA devices, tf_xla_enable_xla_devices not set
mse_error/peak_error 0 2.0
[32m[I 2021-04-07 09:44:44,228][0m Trial 676 finished with value: 2.0 and parameters: {'Vahp': -44.0, 'Vth': -41.5, 'Vmax': 23.0, 't_ref': 8.0, 'R': 0.30000000000000004, 'tau_m': 64.5, 'R_adp': 0.9, 'tau_w': 56.0, 'a': 44.0}. Best is trial 414 with value: 2.0.[0m
2021-04-07 09:44:44.500617: I tensorflow/compiler/jit/xla_gpu_device.cc:99] Not creating XLA devices, tf_xla_enable_xla_devices not set
mse_error/peak_error 0 22.0
[32m[I 2021-04-07 09:45:04,063][0m Trial 677 finished with value: 22.0 and parameters: {'Vahp': -44.5, 'Vth': -42.5, 'Vmax': 24.5, 't_ref': 8.0, 'R': 0.30000000000000004, 'tau_m': 71.5, 'R_adp': 0.9, 'tau_w': 55.0, 'a': 43.5}. Best is trial 414 with value: 2.0.[0m
2021-04-07 09:45:04.325370: I tensorflow/compiler/jit/xla_gpu_device.cc:99] Not creating XLA devices, tf_xla_enable_xla_devices not set
mse_error/peak_error 0 43.0
[32m[I 2021-04-07 09:45:24,202][0m Trial 678 finished with value: 43.0 and parameters: {'Vahp': -41.5, 'Vth': -41.5, 'Vmax': 23.5, 't_ref': 10.0, 'R': 0.30000000000000004, 'tau_m': 60.0, 'R_adp': 0.9, 'tau_w': 54.0, 'a': 53.5}. Best is trial 414 with value: 2.0.[0m
2021-04-07 09:45:24.460696: I tensorflow/compiler/jit/xla_gpu_device.cc:99] Not creating XLA devices, tf_xla_enable_xla_devices not set
mse_error/peak_error 0 150
[32m[I 2021-04-07 09:45:44,749][0m Trial 679 finished with value: 150.0 and parameters: {'Vahp': -43.5, 'Vth': -41.5, 'Vmax': 23.0, 't_ref': 6.0, 'R': 0.30000000000000004, 'tau_m': 64.0, 'R_adp': 0.9, 'tau_w': 52.0, 'a': 39.0}. Best is trial 414 with value: 2.0.[0m
2021-04-07 09:45:45.006982: I tensorflow/compiler/jit/xla_gpu_device.cc:99] Not creating XLA devices, tf_xla_enable_xla_devices not set
mse_error/peak_error 0 209
[32m[I 2021-04-07 09:46:05,448][0m Trial 680 finished with value: 209.0 and parameters: {'Vahp': -43.5, 'Vth': -41.0, 'Vmax': 23.0, 't_ref': 8.0, 'R': 0.4, 'tau_m': 67.0, 'R_adp': 0.9, 'tau_w': 56.5, 'a': 45.0}. Best is trial 414 with value: 2.0.[0m
2021-04-07 09:46:05.709764: I tensorflow/compiler/jit/xla_gpu_device.cc:99] Not creating XLA devices, tf_xla_enable_xla_devices not set
mse_error/peak_error 0 47.0
[32m[I 2021-04-07 09:46:25,777][0m Trial 681 finished with value: 47.0 and parameters: {'Vahp': -40.5, 'Vth': -40.5, 'Vmax': 22.5, 't_ref': 10.5, 'R': 0.30000000000000004, 'tau_m': 66.0, 'R_adp': 0.9, 'tau_w': 50.5, 'a': 45.0}. Best is trial 414 with value: 2.0.[0m
2021-04-07 09:46:26.022045: I tensorflow/compiler/jit/xla_gpu_device.cc:99] Not creating XLA devices, tf_xla_enable_xla_devices not set
mse_error/peak_error 0 144
[32m[I 2021-04-07 09:46:46,040][0m Trial 682 finished with value: 144.0 and parameters: {'Vahp': -42.5, 'Vth': -40.0, 'Vmax': 23.5, 't_ref': 9.0, 'R': 0.30000000000000004, 'tau_m': 63.5, 'R_adp': 0.9, 'tau_w': 57.5, 'a': 51.0}. Best is trial 414 with value: 2.0.[0m
2021-04-07 09:46:46.286134: I tensorflow/compiler/jit/xla_gpu_device.cc:99] Not creating XLA devices, tf_xla_enable_xla_devices not set
mse_error/peak_error 0 29.0
[32m[I 2021-04-07 09:47:05,932][0m Trial 683 finished with value: 29.0 and parameters: {'Vahp': -44.0, 'Vth': -42.0, 'Vmax': 22.0, 't_ref': 8.5, 'R': 0.30000000000000004, 'tau_m': 68.0, 'R_adp': 0.9, 'tau_w': 53.5, 'a': 46.5}. Best is trial 414 with value: 2.0.[0m
2021-04-07 09:47:06.209355: I tensorflow/compiler/jit/xla_gpu_device.cc:99] Not creating XLA devices, tf_xla_enable_xla_devices not set
mse_error/peak_error 0 380
[32m[I 2021-04-07 09:47:26,489][0m Trial 684 finished with value: 380.0 and parameters: {'Vahp': -45.5, 'Vth': -42.5, 'Vmax': 23.0, 't_ref': 7.0, 'R': 0.2, 'tau_m': 65.5, 'R_adp': 0.9, 'tau_w': 54.5, 'a': 42.0}. Best is trial 414 with value: 2.0.[0m
2021-04-07 09:47:26.771723: I tensorflow/compiler/jit/xla_gpu_device.cc:99] Not creating XLA devices, tf_xla_enable_xla_devices not set
mse_error/peak_error 0 21.0
[32m[I 2021-04-07 09:47:46,942][0m Trial 685 finished with value: 21.0 and parameters: {'Vahp': -42.5, 'Vth': -40.5, 'Vmax': 22.5, 't_ref': 9.5, 'R': 0.30000000000000004, 'tau_m': 58.0, 'R_adp': 0.9, 'tau_w': 56.0, 'a': 40.0}. Best is trial 414 with value: 2.0.[0m
2021-04-07 09:47:47.197626: I tensorflow/compiler/jit/xla_gpu_device.cc:99] Not creating XLA devices, tf_xla_enable_xla_devices not set
mse_error/peak_error 0 118
[32m[I 2021-04-07 09:48:07,638][0m Trial 686 finished with value: 118.0 and parameters: {'Vahp': -41.5, 'Vth': -41.0, 'Vmax': 22.5, 't_ref': 10.5, 'R': 0.30000000000000004, 'tau_m': 61.5, 'R_adp': 1.0, 'tau_w': 58.5, 'a': 55.0}. Best is trial 414 with value: 2.0.[0m
2021-04-07 09:48:08.462254: I tensorflow/compiler/jit/xla_gpu_device.cc:99] Not creating XLA devices, tf_xla_enable_xla_devices not set
mse_error/peak_error 0 22.0
[32m[I 2021-04-07 09:48:28,830][0m Trial 687 finished with value: 22.0 and parameters: {'Vahp': -45.0, 'Vth': -41.5, 'Vmax': 25.0, 't_ref': 7.5, 'R': 0.30000000000000004, 'tau_m': 64.5, 'R_adp': 0.9, 'tau_w': 56.5, 'a': 43.0}. Best is trial 414 with value: 2.0.[0m
2021-04-07 09:48:29.079712: I tensorflow/compiler/jit/xla_gpu_device.cc:99] Not creating XLA devices, tf_xla_enable_xla_devices not set
mse_error/peak_error 0 40.0
[32m[I 2021-04-07 09:48:49,130][0m Trial 688 finished with value: 40.0 and parameters: {'Vahp': -46.5, 'Vth': -42.5, 'Vmax': 22.5, 't_ref': 7.5, 'R': 0.30000000000000004, 'tau_m': 68.5, 'R_adp': 0.9, 'tau_w': 59.0, 'a': 44.0}. Best is trial 414 with value: 2.0.[0m
2021-04-07 09:48:49.382221: I tensorflow/compiler/jit/xla_gpu_device.cc:99] Not creating XLA devices, tf_xla_enable_xla_devices not set
mse_error/peak_error 0 345
[32m[I 2021-04-07 09:49:09,801][0m Trial 689 finished with value: 345.0 and parameters: {'Vahp': -44.5, 'Vth': -42.0, 'Vmax': 23.5, 't_ref': 7.0, 'R': 0.4, 'tau_m': 65.5, 'R_adp': 0.9, 'tau_w': 61.0, 'a': 40.0}. Best is trial 414 with value: 2.0.[0m
2021-04-07 09:49:10.058922: I tensorflow/compiler/jit/xla_gpu_device.cc:99] Not creating XLA devices, tf_xla_enable_xla_devices not set
mse_error/peak_error 0 1218
[32m[I 2021-04-07 09:49:30,668][0m Trial 690 finished with value: 1218.0 and parameters: {'Vahp': -43.0, 'Vth': -40.0, 'Vmax': 21.0, 't_ref': 9.0, 'R': 0.1, 'tau_m': 58.0, 'R_adp': 0.1, 'tau_w': 53.0, 'a': 51.5}. Best is trial 414 with value: 2.0.[0m
2021-04-07 09:49:30.927965: I tensorflow/compiler/jit/xla_gpu_device.cc:99] Not creating XLA devices, tf_xla_enable_xla_devices not set
mse_error/peak_error 0 19.0
[32m[I 2021-04-07 09:49:51,378][0m Trial 691 finished with value: 19.0 and parameters: {'Vahp': -43.5, 'Vth': -41.5, 'Vmax': 17.5, 't_ref': 8.5, 'R': 0.30000000000000004, 'tau_m': 63.5, 'R_adp': 0.9, 'tau_w': 59.0, 'a': 47.0}. Best is trial 414 with value: 2.0.[0m
2021-04-07 09:49:51.631653: I tensorflow/compiler/jit/xla_gpu_device.cc:99] Not creating XLA devices, tf_xla_enable_xla_devices not set
mse_error/peak_error 0 154
[32m[I 2021-04-07 09:50:12,118][0m Trial 692 finished with value: 154.0 and parameters: {'Vahp': -42.0, 'Vth': -28.5, 'Vmax': 19.5, 't_ref': 9.5, 'R': 0.6, 'tau_m': 55.0, 'R_adp': 0.9, 'tau_w': 62.0, 'a': 49.0}. Best is trial 414 with value: 2.0.[0m
2021-04-07 09:50:12.367484: I tensorflow/compiler/jit/xla_gpu_device.cc:99] Not creating XLA devices, tf_xla_enable_xla_devices not set
mse_error/peak_error 0 34.0
[32m[I 2021-04-07 09:50:32,682][0m Trial 693 finished with value: 34.0 and parameters: {'Vahp': -43.5, 'Vth': -41.0, 'Vmax': 18.5, 't_ref': 8.0, 'R': 0.30000000000000004, 'tau_m': 63.5, 'R_adp': 0.9, 'tau_w': 56.5, 'a': 45.5}. Best is trial 414 with value: 2.0.[0m
2021-04-07 09:50:32.930813: I tensorflow/compiler/jit/xla_gpu_device.cc:99] Not creating XLA devices, tf_xla_enable_xla_devices not set
mse_error/peak_error 0 432
[32m[I 2021-04-07 09:50:53,428][0m Trial 694 finished with value: 432.0 and parameters: {'Vahp': -46.0, 'Vth': -43.0, 'Vmax': 21.5, 't_ref': 6.5, 'R': 0.2, 'tau_m': 67.0, 'R_adp': 0.9, 'tau_w': 60.0, 'a': 41.5}. Best is trial 414 with value: 2.0.[0m
2021-04-07 09:50:53.689936: I tensorflow/compiler/jit/xla_gpu_device.cc:99] Not creating XLA devices, tf_xla_enable_xla_devices not set
mse_error/peak_error 0 49.0
[32m[I 2021-04-07 09:51:14,351][0m Trial 695 finished with value: 49.0 and parameters: {'Vahp': -40.5, 'Vth': -40.5, 'Vmax': 20.0, 't_ref': 9.0, 'R': 0.30000000000000004, 'tau_m': 60.0, 'R_adp': 0.7000000000000001, 'tau_w': 62.0, 'a': 53.0}. Best is trial 414 with value: 2.0.[0m
2021-04-07 09:51:14.603513: I tensorflow/compiler/jit/xla_gpu_device.cc:99] Not creating XLA devices, tf_xla_enable_xla_devices not set
mse_error/peak_error 0 150
[32m[I 2021-04-07 09:51:35,340][0m Trial 696 finished with value: 150.0 and parameters: {'Vahp': -42.5, 'Vth': -41.0, 'Vmax': 24.5, 't_ref': 6.5, 'R': 0.30000000000000004, 'tau_m': 62.0, 'R_adp': 1.0, 'tau_w': 49.5, 'a': 36.5}. Best is trial 414 with value: 2.0.[0m
2021-04-07 09:51:35.619497: I tensorflow/compiler/jit/xla_gpu_device.cc:99] Not creating XLA devices, tf_xla_enable_xla_devices not set
mse_error/peak_error 0 4.0
[32m[I 2021-04-07 09:51:56,193][0m Trial 697 finished with value: 4.0 and parameters: {'Vahp': -43.5, 'Vth': -41.5, 'Vmax': 16.5, 't_ref': 8.5, 'R': 0.30000000000000004, 'tau_m': 65.5, 'R_adp': 0.9, 'tau_w': 58.0, 'a': 44.5}. Best is trial 414 with value: 2.0.[0m
2021-04-07 09:51:56.467783: I tensorflow/compiler/jit/xla_gpu_device.cc:99] Not creating XLA devices, tf_xla_enable_xla_devices not set
mse_error/peak_error 0 39.0
[32m[I 2021-04-07 09:52:16,682][0m Trial 698 finished with value: 39.0 and parameters: {'Vahp': -42.0, 'Vth': -39.5, 'Vmax': 18.0, 't_ref': 9.0, 'R': 0.30000000000000004, 'tau_m': 56.5, 'R_adp': 0.9, 'tau_w': 55.0, 'a': 50.5}. Best is trial 414 with value: 2.0.[0m
2021-04-07 09:52:16.937101: I tensorflow/compiler/jit/xla_gpu_device.cc:99] Not creating XLA devices, tf_xla_enable_xla_devices not set
mse_error/peak_error 0 80.0
