[32m[I 2021-04-07 08:10:12,721][0m Trial 197 finished with value: 21.0 and parameters: {'Vahp': -40.0, 'Vth': -39.5, 'Vmax': 14.5, 't_ref': 12.5, 'R': 0.30000000000000004, 'tau_m': 51.5, 'R_adp': 0.7000000000000001, 'tau_w': 67.0, 'a': 57.0}. Best is trial 197 with value: 21.0.[0m
2021-04-07 08:10:12.967681: I tensorflow/compiler/jit/xla_gpu_device.cc:99] Not creating XLA devices, tf_xla_enable_xla_devices not set
mse_error/peak_error 0 28.0
[32m[I 2021-04-07 08:10:17,545][0m Trial 198 finished with value: 28.0 and parameters: {'Vahp': -40.0, 'Vth': -39.5, 'Vmax': 14.5, 't_ref': 14.0, 'R': 0.30000000000000004, 'tau_m': 50.0, 'R_adp': 0.7000000000000001, 'tau_w': 67.0, 'a': 57.5}. Best is trial 197 with value: 21.0.[0m
2021-04-07 08:10:17.771683: I tensorflow/compiler/jit/xla_gpu_device.cc:99] Not creating XLA devices, tf_xla_enable_xla_devices not set
mse_error/peak_error 0 27.0
[32m[I 2021-04-07 08:10:22,369][0m Trial 199 finished with value: 27.0 and parameters: {'Vahp': -40.5, 'Vth': -39.5, 'Vmax': 14.0, 't_ref': 12.5, 'R': 0.30000000000000004, 'tau_m': 52.5, 'R_adp': 0.7000000000000001, 'tau_w': 66.5, 'a': 57.5}. Best is trial 197 with value: 21.0.[0m
2021-04-07 08:10:22.592455: I tensorflow/compiler/jit/xla_gpu_device.cc:99] Not creating XLA devices, tf_xla_enable_xla_devices not set
mse_error/peak_error 0 853
[32m[I 2021-04-07 08:10:27,164][0m Trial 200 finished with value: 853.0 and parameters: {'Vahp': -37.5, 'Vth': -20.5, 'Vmax': 14.5, 't_ref': 13.0, 'R': 0.30000000000000004, 'tau_m': 57.5, 'R_adp': 0.7000000000000001, 'tau_w': 66.5, 'a': 57.5}. Best is trial 197 with value: 21.0.[0m
2021-04-07 08:10:27.396706: I tensorflow/compiler/jit/xla_gpu_device.cc:99] Not creating XLA devices, tf_xla_enable_xla_devices not set
mse_error/peak_error 0 23.0
[32m[I 2021-04-07 08:10:32,015][0m Trial 201 finished with value: 23.0 and parameters: {'Vahp': -40.0, 'Vth': -39.0, 'Vmax': 13.0, 't_ref': 12.0, 'R': 0.30000000000000004, 'tau_m': 51.5, 'R_adp': 0.7000000000000001, 'tau_w': 69.5, 'a': 58.5}. Best is trial 197 with value: 21.0.[0m
2021-04-07 08:10:32.239529: I tensorflow/compiler/jit/xla_gpu_device.cc:99] Not creating XLA devices, tf_xla_enable_xla_devices not set
mse_error/peak_error 0 26.0
[32m[I 2021-04-07 08:10:36,979][0m Trial 202 finished with value: 26.0 and parameters: {'Vahp': -40.0, 'Vth': -39.5, 'Vmax': 14.0, 't_ref': 12.5, 'R': 0.30000000000000004, 'tau_m': 52.0, 'R_adp': 0.7000000000000001, 'tau_w': 71.0, 'a': 59.0}. Best is trial 197 with value: 21.0.[0m
2021-04-07 08:10:37.203025: I tensorflow/compiler/jit/xla_gpu_device.cc:99] Not creating XLA devices, tf_xla_enable_xla_devices not set
mse_error/peak_error 0 23.0
[32m[I 2021-04-07 08:10:41,887][0m Trial 203 finished with value: 23.0 and parameters: {'Vahp': -40.0, 'Vth': -39.0, 'Vmax': 14.0, 't_ref': 12.0, 'R': 0.30000000000000004, 'tau_m': 52.5, 'R_adp': 0.7000000000000001, 'tau_w': 70.5, 'a': 58.0}. Best is trial 197 with value: 21.0.[0m
2021-04-07 08:10:42.096973: I tensorflow/compiler/jit/xla_gpu_device.cc:99] Not creating XLA devices, tf_xla_enable_xla_devices not set
mse_error/peak_error 0 21.0
[32m[I 2021-04-07 08:10:46,827][0m Trial 204 finished with value: 21.0 and parameters: {'Vahp': -40.0, 'Vth': -39.0, 'Vmax': 15.0, 't_ref': 11.5, 'R': 0.30000000000000004, 'tau_m': 52.5, 'R_adp': 0.7000000000000001, 'tau_w': 70.5, 'a': 56.5}. Best is trial 197 with value: 21.0.[0m
2021-04-07 08:10:47.036727: I tensorflow/compiler/jit/xla_gpu_device.cc:99] Not creating XLA devices, tf_xla_enable_xla_devices not set
mse_error/peak_error 0 109
[32m[I 2021-04-07 08:10:51,802][0m Trial 205 finished with value: 109.0 and parameters: {'Vahp': -40.0, 'Vth': -39.0, 'Vmax': 14.5, 't_ref': 12.0, 'R': 0.30000000000000004, 'tau_m': 53.0, 'R_adp': 0.7000000000000001, 'tau_w': 70.0, 'a': 59.0}. Best is trial 197 with value: 21.0.[0m
2021-04-07 08:10:52.015143: I tensorflow/compiler/jit/xla_gpu_device.cc:99] Not creating XLA devices, tf_xla_enable_xla_devices not set
mse_error/peak_error 0 30.0
[32m[I 2021-04-07 08:10:56,842][0m Trial 206 finished with value: 30.0 and parameters: {'Vahp': -39.5, 'Vth': -38.5, 'Vmax': 15.0, 't_ref': 11.0, 'R': 0.30000000000000004, 'tau_m': 55.5, 'R_adp': 0.7000000000000001, 'tau_w': 69.5, 'a': 56.0}. Best is trial 197 with value: 21.0.[0m
2021-04-07 08:10:57.059688: I tensorflow/compiler/jit/xla_gpu_device.cc:99] Not creating XLA devices, tf_xla_enable_xla_devices not set
mse_error/peak_error 0 39.0
[32m[I 2021-04-07 08:11:01,870][0m Trial 207 finished with value: 39.0 and parameters: {'Vahp': -39.5, 'Vth': -38.5, 'Vmax': 15.0, 't_ref': 11.5, 'R': 0.30000000000000004, 'tau_m': 55.5, 'R_adp': 0.7000000000000001, 'tau_w': 71.0, 'a': 56.0}. Best is trial 197 with value: 21.0.[0m
2021-04-07 08:11:02.082841: I tensorflow/compiler/jit/xla_gpu_device.cc:99] Not creating XLA devices, tf_xla_enable_xla_devices not set
mse_error/peak_error 0 25.0
[32m[I 2021-04-07 08:11:06,855][0m Trial 208 finished with value: 25.0 and parameters: {'Vahp': -39.0, 'Vth': -38.5, 'Vmax': 15.0, 't_ref': 11.0, 'R': 0.30000000000000004, 'tau_m': 55.5, 'R_adp': 0.7000000000000001, 'tau_w': 69.5, 'a': 56.5}. Best is trial 197 with value: 21.0.[0m
2021-04-07 08:11:07.071953: I tensorflow/compiler/jit/xla_gpu_device.cc:99] Not creating XLA devices, tf_xla_enable_xla_devices not set
mse_error/peak_error 0 525
[32m[I 2021-04-07 08:11:11,833][0m Trial 209 finished with value: 525.0 and parameters: {'Vahp': -39.5, 'Vth': -38.5, 'Vmax': 15.5, 't_ref': 11.0, 'R': 0.2, 'tau_m': 60.5, 'R_adp': 0.7000000000000001, 'tau_w': 72.0, 'a': 57.0}. Best is trial 197 with value: 21.0.[0m
2021-04-07 08:11:12.061190: I tensorflow/compiler/jit/xla_gpu_device.cc:99] Not creating XLA devices, tf_xla_enable_xla_devices not set
mse_error/peak_error 0 147
[32m[I 2021-04-07 08:11:16,955][0m Trial 210 finished with value: 147.0 and parameters: {'Vahp': -38.5, 'Vth': -37.5, 'Vmax': 15.0, 't_ref': 10.5, 'R': 0.30000000000000004, 'tau_m': 56.0, 'R_adp': 0.7000000000000001, 'tau_w': 70.0, 'a': 58.0}. Best is trial 197 with value: 21.0.[0m
2021-04-07 08:11:17.167253: I tensorflow/compiler/jit/xla_gpu_device.cc:99] Not creating XLA devices, tf_xla_enable_xla_devices not set
mse_error/peak_error 0 13.0
[32m[I 2021-04-07 08:11:22,074][0m Trial 211 finished with value: 13.0 and parameters: {'Vahp': -39.5, 'Vth': -39.0, 'Vmax': 15.0, 't_ref': 11.5, 'R': 0.30000000000000004, 'tau_m': 55.0, 'R_adp': 0.7000000000000001, 'tau_w': 69.0, 'a': 55.5}. Best is trial 211 with value: 13.0.[0m
2021-04-07 08:11:22.288816: I tensorflow/compiler/jit/xla_gpu_device.cc:99] Not creating XLA devices, tf_xla_enable_xla_devices not set
mse_error/peak_error 0 18.0
[32m[I 2021-04-07 08:11:27,246][0m Trial 212 finished with value: 18.0 and parameters: {'Vahp': -40.0, 'Vth': -39.0, 'Vmax': 15.0, 't_ref': 11.5, 'R': 0.30000000000000004, 'tau_m': 55.0, 'R_adp': 0.7000000000000001, 'tau_w': 67.5, 'a': 56.0}. Best is trial 211 with value: 13.0.[0m
2021-04-07 08:11:27.470098: I tensorflow/compiler/jit/xla_gpu_device.cc:99] Not creating XLA devices, tf_xla_enable_xla_devices not set
mse_error/peak_error 0 69.0
[32m[I 2021-04-07 08:11:32,517][0m Trial 213 finished with value: 69.0 and parameters: {'Vahp': -39.5, 'Vth': -38.0, 'Vmax': 15.0, 't_ref': 11.5, 'R': 0.30000000000000004, 'tau_m': 58.0, 'R_adp': 0.7000000000000001, 'tau_w': 68.0, 'a': 56.0}. Best is trial 211 with value: 13.0.[0m
2021-04-07 08:11:32.741515: I tensorflow/compiler/jit/xla_gpu_device.cc:99] Not creating XLA devices, tf_xla_enable_xla_devices not set
mse_error/peak_error 0 109
[32m[I 2021-04-07 08:11:37,714][0m Trial 214 finished with value: 109.0 and parameters: {'Vahp': -40.0, 'Vth': -39.0, 'Vmax': 16.0, 't_ref': 11.5, 'R': 0.30000000000000004, 'tau_m': 54.5, 'R_adp': 0.7000000000000001, 'tau_w': 71.0, 'a': 58.5}. Best is trial 211 with value: 13.0.[0m
2021-04-07 08:11:37.924750: I tensorflow/compiler/jit/xla_gpu_device.cc:99] Not creating XLA devices, tf_xla_enable_xla_devices not set
mse_error/peak_error 0 31.0
[32m[I 2021-04-07 08:11:42,902][0m Trial 215 finished with value: 31.0 and parameters: {'Vahp': -38.0, 'Vth': -38.0, 'Vmax': 15.0, 't_ref': 10.5, 'R': 0.30000000000000004, 'tau_m': 52.5, 'R_adp': 0.7000000000000001, 'tau_w': 73.0, 'a': 55.5}. Best is trial 211 with value: 13.0.[0m
2021-04-07 08:11:43.116873: I tensorflow/compiler/jit/xla_gpu_device.cc:99] Not creating XLA devices, tf_xla_enable_xla_devices not set
mse_error/peak_error 0 26.0
[32m[I 2021-04-07 08:11:48,104][0m Trial 216 finished with value: 26.0 and parameters: {'Vahp': -38.0, 'Vth': -37.5, 'Vmax': 15.0, 't_ref': 10.5, 'R': 0.30000000000000004, 'tau_m': 52.5, 'R_adp': 0.7000000000000001, 'tau_w': 72.5, 'a': 55.5}. Best is trial 211 with value: 13.0.[0m
2021-04-07 08:11:48.314728: I tensorflow/compiler/jit/xla_gpu_device.cc:99] Not creating XLA devices, tf_xla_enable_xla_devices not set
mse_error/peak_error 0 33.0
[32m[I 2021-04-07 08:11:53,322][0m Trial 217 finished with value: 33.0 and parameters: {'Vahp': -38.0, 'Vth': -38.0, 'Vmax': 16.0, 't_ref': 10.5, 'R': 0.30000000000000004, 'tau_m': 55.5, 'R_adp': 0.7000000000000001, 'tau_w': 74.0, 'a': 56.0}. Best is trial 211 with value: 13.0.[0m
2021-04-07 08:11:53.533933: I tensorflow/compiler/jit/xla_gpu_device.cc:99] Not creating XLA devices, tf_xla_enable_xla_devices not set
mse_error/peak_error 0 152
[32m[I 2021-04-07 08:11:58,658][0m Trial 218 finished with value: 152.0 and parameters: {'Vahp': -38.0, 'Vth': -37.5, 'Vmax': 15.0, 't_ref': 10.5, 'R': 0.30000000000000004, 'tau_m': 59.0, 'R_adp': 0.7000000000000001, 'tau_w': 73.5, 'a': 56.0}. Best is trial 211 with value: 13.0.[0m
2021-04-07 08:11:58.881879: I tensorflow/compiler/jit/xla_gpu_device.cc:99] Not creating XLA devices, tf_xla_enable_xla_devices not set
mse_error/peak_error 0 36.0
[32m[I 2021-04-07 08:12:03,967][0m Trial 219 finished with value: 36.0 and parameters: {'Vahp': -38.5, 'Vth': -38.5, 'Vmax': 16.0, 't_ref': 10.0, 'R': 0.30000000000000004, 'tau_m': 55.5, 'R_adp': 0.7000000000000001, 'tau_w': 68.5, 'a': 59.5}. Best is trial 211 with value: 13.0.[0m
2021-04-07 08:12:04.182402: I tensorflow/compiler/jit/xla_gpu_device.cc:99] Not creating XLA devices, tf_xla_enable_xla_devices not set
mse_error/peak_error 0 249
[32m[I 2021-04-07 08:12:09,271][0m Trial 220 finished with value: 249.0 and parameters: {'Vahp': -36.0, 'Vth': -33.5, 'Vmax': 16.0, 't_ref': 10.0, 'R': 0.30000000000000004, 'tau_m': 56.5, 'R_adp': 0.7000000000000001, 'tau_w': 69.0, 'a': 59.5}. Best is trial 211 with value: 13.0.[0m
2021-04-07 08:12:09.484918: I tensorflow/compiler/jit/xla_gpu_device.cc:99] Not creating XLA devices, tf_xla_enable_xla_devices not set
mse_error/peak_error 0 31.0
[32m[I 2021-04-07 08:12:14,608][0m Trial 221 finished with value: 31.0 and parameters: {'Vahp': -38.5, 'Vth': -38.5, 'Vmax': 15.5, 't_ref': 11.0, 'R': 0.30000000000000004, 'tau_m': 52.5, 'R_adp': 0.7000000000000001, 'tau_w': 72.5, 'a': 56.5}. Best is trial 211 with value: 13.0.[0m
2021-04-07 08:12:14.819227: I tensorflow/compiler/jit/xla_gpu_device.cc:99] Not creating XLA devices, tf_xla_enable_xla_devices not set
mse_error/peak_error 0 30.0
[32m[I 2021-04-07 08:12:20,022][0m Trial 222 finished with value: 30.0 and parameters: {'Vahp': -38.5, 'Vth': -38.5, 'Vmax': 16.5, 't_ref': 11.0, 'R': 0.30000000000000004, 'tau_m': 52.0, 'R_adp': 0.7000000000000001, 'tau_w': 72.0, 'a': 57.0}. Best is trial 211 with value: 13.0.[0m
2021-04-07 08:12:20.241785: I tensorflow/compiler/jit/xla_gpu_device.cc:99] Not creating XLA devices, tf_xla_enable_xla_devices not set
mse_error/peak_error 0 113
[32m[I 2021-04-07 08:12:25,422][0m Trial 223 finished with value: 113.0 and parameters: {'Vahp': -37.0, 'Vth': -37.0, 'Vmax': 16.5, 't_ref': 11.0, 'R': 0.30000000000000004, 'tau_m': 53.0, 'R_adp': 0.7000000000000001, 'tau_w': 73.5, 'a': 57.0}. Best is trial 211 with value: 13.0.[0m
2021-04-07 08:12:25.636249: I tensorflow/compiler/jit/xla_gpu_device.cc:99] Not creating XLA devices, tf_xla_enable_xla_devices not set
mse_error/peak_error 0 111
[32m[I 2021-04-07 08:12:30,863][0m Trial 224 finished with value: 111.0 and parameters: {'Vahp': -38.0, 'Vth': -38.0, 'Vmax': 15.5, 't_ref': 10.5, 'R': 0.30000000000000004, 'tau_m': 55.0, 'R_adp': 0.7000000000000001, 'tau_w': 72.0, 'a': 59.0}. Best is trial 211 with value: 13.0.[0m
2021-04-07 08:12:31.075289: I tensorflow/compiler/jit/xla_gpu_device.cc:99] Not creating XLA devices, tf_xla_enable_xla_devices not set
mse_error/peak_error 0 21.0
[32m[I 2021-04-07 08:12:36,236][0m Trial 225 finished with value: 21.0 and parameters: {'Vahp': -39.0, 'Vth': -38.5, 'Vmax': 14.5, 't_ref': 11.0, 'R': 0.30000000000000004, 'tau_m': 52.0, 'R_adp': 0.7000000000000001, 'tau_w': 67.0, 'a': 56.0}. Best is trial 211 with value: 13.0.[0m
2021-04-07 08:12:36.458636: I tensorflow/compiler/jit/xla_gpu_device.cc:99] Not creating XLA devices, tf_xla_enable_xla_devices not set
mse_error/peak_error 0 29.0
[32m[I 2021-04-07 08:12:41,665][0m Trial 226 finished with value: 29.0 and parameters: {'Vahp': -38.5, 'Vth': -38.5, 'Vmax': 15.5, 't_ref': 11.0, 'R': 0.30000000000000004, 'tau_m': 55.5, 'R_adp': 0.7000000000000001, 'tau_w': 67.0, 'a': 56.5}. Best is trial 211 with value: 13.0.[0m
2021-04-07 08:12:41.877973: I tensorflow/compiler/jit/xla_gpu_device.cc:99] Not creating XLA devices, tf_xla_enable_xla_devices not set
mse_error/peak_error 0 22.0
[32m[I 2021-04-07 08:12:47,008][0m Trial 227 finished with value: 22.0 and parameters: {'Vahp': -39.0, 'Vth': -38.5, 'Vmax': 15.5, 't_ref': 11.0, 'R': 0.30000000000000004, 'tau_m': 52.5, 'R_adp': 0.7000000000000001, 'tau_w': 68.5, 'a': 56.5}. Best is trial 211 with value: 13.0.[0m
2021-04-07 08:12:47.244596: I tensorflow/compiler/jit/xla_gpu_device.cc:99] Not creating XLA devices, tf_xla_enable_xla_devices not set
mse_error/peak_error 0 29.0
[32m[I 2021-04-07 08:12:52,432][0m Trial 228 finished with value: 29.0 and parameters: {'Vahp': -38.5, 'Vth': -38.5, 'Vmax': 16.5, 't_ref': 11.0, 'R': 0.30000000000000004, 'tau_m': 52.5, 'R_adp': 0.7000000000000001, 'tau_w': 68.5, 'a': 56.0}. Best is trial 211 with value: 13.0.[0m
2021-04-07 08:12:52.644180: I tensorflow/compiler/jit/xla_gpu_device.cc:99] Not creating XLA devices, tf_xla_enable_xla_devices not set
mse_error/peak_error 0 35.0
[32m[I 2021-04-07 08:12:57,845][0m Trial 229 finished with value: 35.0 and parameters: {'Vahp': -38.5, 'Vth': -38.5, 'Vmax': 16.5, 't_ref': 10.0, 'R': 0.30000000000000004, 'tau_m': 52.5, 'R_adp': 0.7000000000000001, 'tau_w': 68.0, 'a': 59.0}. Best is trial 211 with value: 13.0.[0m
2021-04-07 08:12:58.082367: I tensorflow/compiler/jit/xla_gpu_device.cc:99] Not creating XLA devices, tf_xla_enable_xla_devices not set
mse_error/peak_error 0 24.0
[32m[I 2021-04-07 08:13:03,394][0m Trial 230 finished with value: 24.0 and parameters: {'Vahp': -39.0, 'Vth': -38.5, 'Vmax': 16.5, 't_ref': 11.0, 'R': 0.30000000000000004, 'tau_m': 53.0, 'R_adp': 0.7000000000000001, 'tau_w': 68.5, 'a': 58.5}. Best is trial 211 with value: 13.0.[0m
2021-04-07 08:13:03.614168: I tensorflow/compiler/jit/xla_gpu_device.cc:99] Not creating XLA devices, tf_xla_enable_xla_devices not set
mse_error/peak_error 0 28.0
[32m[I 2021-04-07 08:13:08,903][0m Trial 231 finished with value: 28.0 and parameters: {'Vahp': -38.5, 'Vth': -38.5, 'Vmax': 16.5, 't_ref': 11.0, 'R': 0.30000000000000004, 'tau_m': 52.5, 'R_adp': 0.7000000000000001, 'tau_w': 68.5, 'a': 59.0}. Best is trial 211 with value: 13.0.[0m
2021-04-07 08:13:09.122594: I tensorflow/compiler/jit/xla_gpu_device.cc:99] Not creating XLA devices, tf_xla_enable_xla_devices not set
mse_error/peak_error 0 30.0
[32m[I 2021-04-07 08:13:14,406][0m Trial 232 finished with value: 30.0 and parameters: {'Vahp': -37.5, 'Vth': -37.5, 'Vmax': 17.0, 't_ref': 11.0, 'R': 0.30000000000000004, 'tau_m': 53.0, 'R_adp': 0.7000000000000001, 'tau_w': 69.5, 'a': 57.5}. Best is trial 211 with value: 13.0.[0m
2021-04-07 08:13:14.619510: I tensorflow/compiler/jit/xla_gpu_device.cc:99] Not creating XLA devices, tf_xla_enable_xla_devices not set
mse_error/peak_error 0 30.0
[32m[I 2021-04-07 08:13:19,980][0m Trial 233 finished with value: 30.0 and parameters: {'Vahp': -37.0, 'Vth': -37.0, 'Vmax': 17.0, 't_ref': 11.0, 'R': 0.30000000000000004, 'tau_m': 53.0, 'R_adp': 0.7000000000000001, 'tau_w': 70.0, 'a': 57.0}. Best is trial 211 with value: 13.0.[0m
2021-04-07 08:13:20.192890: I tensorflow/compiler/jit/xla_gpu_device.cc:99] Not creating XLA devices, tf_xla_enable_xla_devices not set
mse_error/peak_error 0 29.0
[32m[I 2021-04-07 08:13:25,552][0m Trial 234 finished with value: 29.0 and parameters: {'Vahp': -37.0, 'Vth': -37.0, 'Vmax': 17.0, 't_ref': 11.0, 'R': 0.30000000000000004, 'tau_m': 52.5, 'R_adp': 0.7000000000000001, 'tau_w': 69.5, 'a': 57.5}. Best is trial 211 with value: 13.0.[0m
2021-04-07 08:13:25.776006: I tensorflow/compiler/jit/xla_gpu_device.cc:99] Not creating XLA devices, tf_xla_enable_xla_devices not set
mse_error/peak_error 0 169
[32m[I 2021-04-07 08:13:31,173][0m Trial 235 finished with value: 169.0 and parameters: {'Vahp': -37.0, 'Vth': -37.0, 'Vmax': 17.0, 't_ref': 11.0, 'R': 0.30000000000000004, 'tau_m': 62.5, 'R_adp': 0.7000000000000001, 'tau_w': 69.5, 'a': 62.5}. Best is trial 211 with value: 13.0.[0m
2021-04-07 08:13:31.384710: I tensorflow/compiler/jit/xla_gpu_device.cc:99] Not creating XLA devices, tf_xla_enable_xla_devices not set
mse_error/peak_error 0 128
[32m[I 2021-04-07 08:13:36,804][0m Trial 236 finished with value: 128.0 and parameters: {'Vahp': -36.0, 'Vth': -36.0, 'Vmax': 17.5, 't_ref': 11.0, 'R': 0.30000000000000004, 'tau_m': 53.5, 'R_adp': 0.7000000000000001, 'tau_w': 69.5, 'a': 57.5}. Best is trial 211 with value: 13.0.[0m
2021-04-07 08:13:37.025830: I tensorflow/compiler/jit/xla_gpu_device.cc:99] Not creating XLA devices, tf_xla_enable_xla_devices not set
mse_error/peak_error 0 31.0
[32m[I 2021-04-07 08:13:42,617][0m Trial 237 finished with value: 31.0 and parameters: {'Vahp': -40.5, 'Vth': -39.0, 'Vmax': 17.0, 't_ref': 11.5, 'R': 0.30000000000000004, 'tau_m': 51.5, 'R_adp': 0.7000000000000001, 'tau_w': 67.5, 'a': 58.0}. Best is trial 211 with value: 13.0.[0m
2021-04-07 08:13:42.848870: I tensorflow/compiler/jit/xla_gpu_device.cc:99] Not creating XLA devices, tf_xla_enable_xla_devices not set
mse_error/peak_error 0 31.0
[32m[I 2021-04-07 08:13:48,483][0m Trial 238 finished with value: 31.0 and parameters: {'Vahp': -40.5, 'Vth': -39.0, 'Vmax': 17.0, 't_ref': 11.5, 'R': 0.30000000000000004, 'tau_m': 51.5, 'R_adp': 0.7000000000000001, 'tau_w': 67.0, 'a': 58.5}. Best is trial 211 with value: 13.0.[0m
2021-04-07 08:13:48.717845: I tensorflow/compiler/jit/xla_gpu_device.cc:99] Not creating XLA devices, tf_xla_enable_xla_devices not set
mse_error/peak_error 0 110
[32m[I 2021-04-07 08:13:54,304][0m Trial 239 finished with value: 110.0 and parameters: {'Vahp': -39.0, 'Vth': -39.0, 'Vmax': 18.0, 't_ref': 11.0, 'R': 0.30000000000000004, 'tau_m': 58.0, 'R_adp': 0.7000000000000001, 'tau_w': 70.0, 'a': 61.0}. Best is trial 211 with value: 13.0.[0m
2021-04-07 08:13:54.521195: I tensorflow/compiler/jit/xla_gpu_device.cc:99] Not creating XLA devices, tf_xla_enable_xla_devices not set
mse_error/peak_error 0 52.0
[32m[I 2021-04-07 08:14:00,104][0m Trial 240 finished with value: 52.0 and parameters: {'Vahp': -37.0, 'Vth': -37.0, 'Vmax': 17.0, 't_ref': 12.0, 'R': 0.30000000000000004, 'tau_m': 54.5, 'R_adp': 0.7000000000000001, 'tau_w': 66.0, 'a': 59.0}. Best is trial 211 with value: 13.0.[0m
2021-04-07 08:14:00.316787: I tensorflow/compiler/jit/xla_gpu_device.cc:99] Not creating XLA devices, tf_xla_enable_xla_devices not set
mse_error/peak_error 0 167
[32m[I 2021-04-07 08:14:05,797][0m Trial 241 finished with value: 167.0 and parameters: {'Vahp': -40.5, 'Vth': -37.5, 'Vmax': 14.5, 't_ref': 11.5, 'R': 0.30000000000000004, 'tau_m': 52.5, 'R_adp': 0.7000000000000001, 'tau_w': 71.0, 'a': 55.5}. Best is trial 211 with value: 13.0.[0m
2021-04-07 08:14:06.013150: I tensorflow/compiler/jit/xla_gpu_device.cc:99] Not creating XLA devices, tf_xla_enable_xla_devices not set
mse_error/peak_error 0 14.0
[32m[I 2021-04-07 08:14:11,663][0m Trial 242 finished with value: 14.0 and parameters: {'Vahp': -39.0, 'Vth': -38.0, 'Vmax': 16.5, 't_ref': 11.0, 'R': 0.30000000000000004, 'tau_m': 51.5, 'R_adp': 0.7000000000000001, 'tau_w': 67.5, 'a': 57.5}. Best is trial 211 with value: 13.0.[0m
2021-04-07 08:14:11.898284: I tensorflow/compiler/jit/xla_gpu_device.cc:99] Not creating XLA devices, tf_xla_enable_xla_devices not set
mse_error/peak_error 0 31.0
[32m[I 2021-04-07 08:14:17,585][0m Trial 243 finished with value: 31.0 and parameters: {'Vahp': -39.0, 'Vth': -38.0, 'Vmax': 15.5, 't_ref': 10.5, 'R': 0.30000000000000004, 'tau_m': 54.5, 'R_adp': 0.7000000000000001, 'tau_w': 69.0, 'a': 56.0}. Best is trial 211 with value: 13.0.[0m
2021-04-07 08:14:17.798858: I tensorflow/compiler/jit/xla_gpu_device.cc:99] Not creating XLA devices, tf_xla_enable_xla_devices not set
mse_error/peak_error 0 32.0
[32m[I 2021-04-07 08:14:23,508][0m Trial 244 finished with value: 32.0 and parameters: {'Vahp': -39.0, 'Vth': -38.5, 'Vmax': 14.0, 't_ref': 11.0, 'R': 0.30000000000000004, 'tau_m': 57.0, 'R_adp': 0.7000000000000001, 'tau_w': 68.5, 'a': 57.5}. Best is trial 211 with value: 13.0.[0m
2021-04-07 08:14:23.730919: I tensorflow/compiler/jit/xla_gpu_device.cc:99] Not creating XLA devices, tf_xla_enable_xla_devices not set
mse_error/peak_error 0 38.0
[32m[I 2021-04-07 08:14:29,495][0m Trial 245 finished with value: 38.0 and parameters: {'Vahp': -37.5, 'Vth': -37.5, 'Vmax': 16.5, 't_ref': 12.0, 'R': 0.30000000000000004, 'tau_m': 53.5, 'R_adp': 0.7000000000000001, 'tau_w': 71.5, 'a': 55.0}. Best is trial 211 with value: 13.0.[0m
2021-04-07 08:14:29.758112: I tensorflow/compiler/jit/xla_gpu_device.cc:99] Not creating XLA devices, tf_xla_enable_xla_devices not set
mse_error/peak_error 0 43.0
