[32m[I 2021-04-07 08:44:02,072][0m Trial 446 finished with value: 24.0 and parameters: {'Vahp': -43.5, 'Vth': -41.5, 'Vmax': 23.0, 't_ref': 9.0, 'R': 0.30000000000000004, 'tau_m': 60.5, 'R_adp': 1.0, 'tau_w': 60.0, 'a': 44.0}. Best is trial 414 with value: 2.0.[0m
2021-04-07 08:44:02.305520: I tensorflow/compiler/jit/xla_gpu_device.cc:99] Not creating XLA devices, tf_xla_enable_xla_devices not set
mse_error/peak_error 0 25.0
[32m[I 2021-04-07 08:44:13,881][0m Trial 447 finished with value: 25.0 and parameters: {'Vahp': -42.0, 'Vth': -40.5, 'Vmax': 22.5, 't_ref': 6.5, 'R': 0.30000000000000004, 'tau_m': 58.0, 'R_adp': 0.9, 'tau_w': 55.5, 'a': 49.0}. Best is trial 414 with value: 2.0.[0m
2021-04-07 08:44:14.123112: I tensorflow/compiler/jit/xla_gpu_device.cc:99] Not creating XLA devices, tf_xla_enable_xla_devices not set
mse_error/peak_error 0 133
[32m[I 2021-04-07 08:44:25,828][0m Trial 448 finished with value: 133.0 and parameters: {'Vahp': -45.0, 'Vth': -41.0, 'Vmax': 24.0, 't_ref': 8.0, 'R': 0.30000000000000004, 'tau_m': 61.5, 'R_adp': 0.9, 'tau_w': 61.5, 'a': 46.5}. Best is trial 414 with value: 2.0.[0m
2021-04-07 08:44:26.060206: I tensorflow/compiler/jit/xla_gpu_device.cc:99] Not creating XLA devices, tf_xla_enable_xla_devices not set
mse_error/peak_error 0 188
[32m[I 2021-04-07 08:44:37,666][0m Trial 449 finished with value: 188.0 and parameters: {'Vahp': -42.5, 'Vth': -40.0, 'Vmax': 22.0, 't_ref': 9.5, 'R': 0.4, 'tau_m': 63.5, 'R_adp': 0.9, 'tau_w': 57.5, 'a': 44.0}. Best is trial 414 with value: 2.0.[0m
2021-04-07 08:44:37.901646: I tensorflow/compiler/jit/xla_gpu_device.cc:99] Not creating XLA devices, tf_xla_enable_xla_devices not set
mse_error/peak_error 0 39.0
[32m[I 2021-04-07 08:44:49,635][0m Trial 450 finished with value: 39.0 and parameters: {'Vahp': -43.5, 'Vth': -41.0, 'Vmax': 20.0, 't_ref': 7.0, 'R': 0.30000000000000004, 'tau_m': 58.0, 'R_adp': 0.9, 'tau_w': 61.0, 'a': 39.0}. Best is trial 414 with value: 2.0.[0m
2021-04-07 08:44:49.865904: I tensorflow/compiler/jit/xla_gpu_device.cc:99] Not creating XLA devices, tf_xla_enable_xla_devices not set
mse_error/peak_error 0 18.0
[32m[I 2021-04-07 08:45:01,558][0m Trial 451 finished with value: 18.0 and parameters: {'Vahp': -42.0, 'Vth': -40.5, 'Vmax': 22.0, 't_ref': 8.5, 'R': 0.30000000000000004, 'tau_m': 60.0, 'R_adp': 0.9, 'tau_w': 59.0, 'a': 50.0}. Best is trial 414 with value: 2.0.[0m
2021-04-07 08:45:01.795541: I tensorflow/compiler/jit/xla_gpu_device.cc:99] Not creating XLA devices, tf_xla_enable_xla_devices not set
mse_error/peak_error 0 118
[32m[I 2021-04-07 08:45:13,558][0m Trial 452 finished with value: 118.0 and parameters: {'Vahp': -44.0, 'Vth': -41.5, 'Vmax': 23.5, 't_ref': 8.0, 'R': 0.30000000000000004, 'tau_m': 58.0, 'R_adp': 0.9, 'tau_w': 62.5, 'a': 51.0}. Best is trial 414 with value: 2.0.[0m
2021-04-07 08:45:13.795381: I tensorflow/compiler/jit/xla_gpu_device.cc:99] Not creating XLA devices, tf_xla_enable_xla_devices not set
mse_error/peak_error 0 21.0
[32m[I 2021-04-07 08:45:25,577][0m Trial 453 finished with value: 21.0 and parameters: {'Vahp': -42.5, 'Vth': -40.0, 'Vmax': 23.0, 't_ref': 7.5, 'R': 0.30000000000000004, 'tau_m': 62.5, 'R_adp': 0.9, 'tau_w': 61.0, 'a': 41.5}. Best is trial 414 with value: 2.0.[0m
2021-04-07 08:45:25.814497: I tensorflow/compiler/jit/xla_gpu_device.cc:99] Not creating XLA devices, tf_xla_enable_xla_devices not set
mse_error/peak_error 0 444
[32m[I 2021-04-07 08:45:37,619][0m Trial 454 finished with value: 444.0 and parameters: {'Vahp': -44.5, 'Vth': -43.0, 'Vmax': 21.0, 't_ref': 9.0, 'R': 0.2, 'tau_m': 56.0, 'R_adp': 1.0, 'tau_w': 84.5, 'a': 47.5}. Best is trial 414 with value: 2.0.[0m
2021-04-07 08:45:37.858241: I tensorflow/compiler/jit/xla_gpu_device.cc:99] Not creating XLA devices, tf_xla_enable_xla_devices not set
mse_error/peak_error 0 120
[32m[I 2021-04-07 08:45:49,802][0m Trial 455 finished with value: 120.0 and parameters: {'Vahp': -43.0, 'Vth': -41.0, 'Vmax': 17.5, 't_ref': 8.5, 'R': 0.30000000000000004, 'tau_m': 60.0, 'R_adp': 0.9, 'tau_w': 64.5, 'a': 52.0}. Best is trial 414 with value: 2.0.[0m
2021-04-07 08:45:50.034661: I tensorflow/compiler/jit/xla_gpu_device.cc:99] Not creating XLA devices, tf_xla_enable_xla_devices not set
mse_error/peak_error 0 39.0
[32m[I 2021-04-07 08:46:01,872][0m Trial 456 finished with value: 39.0 and parameters: {'Vahp': -41.5, 'Vth': -40.5, 'Vmax': 21.5, 't_ref': 9.5, 'R': 0.30000000000000004, 'tau_m': 66.0, 'R_adp': 0.9, 'tau_w': 58.0, 'a': 44.5}. Best is trial 414 with value: 2.0.[0m
2021-04-07 08:46:02.103805: I tensorflow/compiler/jit/xla_gpu_device.cc:99] Not creating XLA devices, tf_xla_enable_xla_devices not set
mse_error/peak_error 0 144
[32m[I 2021-04-07 08:46:13,991][0m Trial 457 finished with value: 144.0 and parameters: {'Vahp': -46.0, 'Vth': -43.0, 'Vmax': 19.5, 't_ref': 9.0, 'R': 0.30000000000000004, 'tau_m': 57.5, 'R_adp': 0.9, 'tau_w': 63.0, 'a': 52.5}. Best is trial 414 with value: 2.0.[0m
2021-04-07 08:46:14.226395: I tensorflow/compiler/jit/xla_gpu_device.cc:99] Not creating XLA devices, tf_xla_enable_xla_devices not set
mse_error/peak_error 0 188
[32m[I 2021-04-07 08:46:26,190][0m Trial 458 finished with value: 188.0 and parameters: {'Vahp': -43.5, 'Vth': -39.5, 'Vmax': 19.0, 't_ref': 7.5, 'R': 0.30000000000000004, 'tau_m': 61.0, 'R_adp': 0.9, 'tau_w': 92.5, 'a': 49.0}. Best is trial 414 with value: 2.0.[0m
2021-04-07 08:46:26.421164: I tensorflow/compiler/jit/xla_gpu_device.cc:99] Not creating XLA devices, tf_xla_enable_xla_devices not set
mse_error/peak_error 0 47.0
[32m[I 2021-04-07 08:46:38,352][0m Trial 459 finished with value: 47.0 and parameters: {'Vahp': -42.0, 'Vth': -40.5, 'Vmax': 20.0, 't_ref': 6.5, 'R': 0.30000000000000004, 'tau_m': 55.5, 'R_adp': 0.9, 'tau_w': 55.5, 'a': 46.5}. Best is trial 414 with value: 2.0.[0m
2021-04-07 08:46:38.596689: I tensorflow/compiler/jit/xla_gpu_device.cc:99] Not creating XLA devices, tf_xla_enable_xla_devices not set
mse_error/peak_error 0 126
[32m[I 2021-04-07 08:46:50,632][0m Trial 460 finished with value: 126.0 and parameters: {'Vahp': -44.5, 'Vth': -42.5, 'Vmax': 18.0, 't_ref': 8.0, 'R': 0.30000000000000004, 'tau_m': 64.5, 'R_adp': 0.9, 'tau_w': 60.0, 'a': 53.5}. Best is trial 414 with value: 2.0.[0m
2021-04-07 08:46:50.863996: I tensorflow/compiler/jit/xla_gpu_device.cc:99] Not creating XLA devices, tf_xla_enable_xla_devices not set
mse_error/peak_error 0 32.0
[32m[I 2021-04-07 08:47:02,925][0m Trial 461 finished with value: 32.0 and parameters: {'Vahp': -43.0, 'Vth': -41.5, 'Vmax': 17.5, 't_ref': 8.5, 'R': 0.30000000000000004, 'tau_m': 59.5, 'R_adp': 0.9, 'tau_w': 66.0, 'a': 42.5}. Best is trial 414 with value: 2.0.[0m
2021-04-07 08:47:03.156481: I tensorflow/compiler/jit/xla_gpu_device.cc:99] Not creating XLA devices, tf_xla_enable_xla_devices not set
mse_error/peak_error 0 354
[32m[I 2021-04-07 08:47:15,257][0m Trial 462 finished with value: 354.0 and parameters: {'Vahp': -41.5, 'Vth': -40.0, 'Vmax': 19.0, 't_ref': 9.0, 'R': 0.2, 'tau_m': 62.5, 'R_adp': 0.6, 'tau_w': 61.5, 'a': 50.0}. Best is trial 414 with value: 2.0.[0m
2021-04-07 08:47:15.498030: I tensorflow/compiler/jit/xla_gpu_device.cc:99] Not creating XLA devices, tf_xla_enable_xla_devices not set
mse_error/peak_error 0 42.0
[32m[I 2021-04-07 08:47:27,711][0m Trial 463 finished with value: 42.0 and parameters: {'Vahp': -45.5, 'Vth': -39.5, 'Vmax': 18.0, 't_ref': 9.5, 'R': 0.4, 'tau_m': 57.5, 'R_adp': 1.0, 'tau_w': 64.0, 'a': 45.5}. Best is trial 414 with value: 2.0.[0m
2021-04-07 08:47:27.944706: I tensorflow/compiler/jit/xla_gpu_device.cc:99] Not creating XLA devices, tf_xla_enable_xla_devices not set
mse_error/peak_error 0 143
[32m[I 2021-04-07 08:47:40,153][0m Trial 464 finished with value: 143.0 and parameters: {'Vahp': -42.5, 'Vth': -41.0, 'Vmax': 24.0, 't_ref': 8.0, 'R': 0.30000000000000004, 'tau_m': 59.5, 'R_adp': 0.7000000000000001, 'tau_w': 58.0, 'a': 48.0}. Best is trial 414 with value: 2.0.[0m
2021-04-07 08:47:40.386889: I tensorflow/compiler/jit/xla_gpu_device.cc:99] Not creating XLA devices, tf_xla_enable_xla_devices not set
mse_error/peak_error 0 252
[32m[I 2021-04-07 08:47:52,691][0m Trial 465 finished with value: 252.0 and parameters: {'Vahp': -43.5, 'Vth': -40.5, 'Vmax': 16.5, 't_ref': 8.5, 'R': 0.30000000000000004, 'tau_m': 61.5, 'R_adp': 0.6, 'tau_w': 66.0, 'a': 26.5}. Best is trial 414 with value: 2.0.[0m
2021-04-07 08:47:52.934915: I tensorflow/compiler/jit/xla_gpu_device.cc:99] Not creating XLA devices, tf_xla_enable_xla_devices not set
mse_error/peak_error 0 109
[32m[I 2021-04-07 08:48:05,028][0m Trial 466 finished with value: 109.0 and parameters: {'Vahp': -41.5, 'Vth': -40.0, 'Vmax': 19.5, 't_ref': 9.0, 'R': 0.30000000000000004, 'tau_m': 56.0, 'R_adp': 0.9, 'tau_w': 62.0, 'a': 51.5}. Best is trial 414 with value: 2.0.[0m
2021-04-07 08:48:05.260562: I tensorflow/compiler/jit/xla_gpu_device.cc:99] Not creating XLA devices, tf_xla_enable_xla_devices not set
mse_error/peak_error 0 14.0
[32m[I 2021-04-07 08:48:17,577][0m Trial 467 finished with value: 14.0 and parameters: {'Vahp': -44.0, 'Vth': -42.0, 'Vmax': 17.0, 't_ref': 7.0, 'R': 0.30000000000000004, 'tau_m': 69.5, 'R_adp': 0.7000000000000001, 'tau_w': 60.0, 'a': 53.5}. Best is trial 414 with value: 2.0.[0m
2021-04-07 08:48:17.818593: I tensorflow/compiler/jit/xla_gpu_device.cc:99] Not creating XLA devices, tf_xla_enable_xla_devices not set
mse_error/peak_error 0 147
[32m[I 2021-04-07 08:48:29,875][0m Trial 468 finished with value: 147.0 and parameters: {'Vahp': -43.0, 'Vth': -41.0, 'Vmax': 20.0, 't_ref': 10.0, 'R': 0.30000000000000004, 'tau_m': 64.0, 'R_adp': 0.7000000000000001, 'tau_w': 64.0, 'a': 40.5}. Best is trial 414 with value: 2.0.[0m
2021-04-07 08:48:30.107887: I tensorflow/compiler/jit/xla_gpu_device.cc:99] Not creating XLA devices, tf_xla_enable_xla_devices not set
mse_error/peak_error 0 408
[32m[I 2021-04-07 08:48:42,438][0m Trial 469 finished with value: 408.0 and parameters: {'Vahp': -42.0, 'Vth': -40.5, 'Vmax': 21.5, 't_ref': 7.5, 'R': 0.2, 'tau_m': 58.5, 'R_adp': 0.8, 'tau_w': 56.0, 'a': 50.0}. Best is trial 414 with value: 2.0.[0m
2021-04-07 08:48:42.671023: I tensorflow/compiler/jit/xla_gpu_device.cc:99] Not creating XLA devices, tf_xla_enable_xla_devices not set
mse_error/peak_error 0 142
[32m[I 2021-04-07 08:48:55,178][0m Trial 470 finished with value: 142.0 and parameters: {'Vahp': -44.5, 'Vth': -41.5, 'Vmax': 22.5, 't_ref': 8.5, 'R': 0.30000000000000004, 'tau_m': 66.5, 'R_adp': 0.7000000000000001, 'tau_w': 52.0, 'a': 43.5}. Best is trial 414 with value: 2.0.[0m
2021-04-07 08:48:55.435013: I tensorflow/compiler/jit/xla_gpu_device.cc:99] Not creating XLA devices, tf_xla_enable_xla_devices not set
mse_error/peak_error 0 37.0
[32m[I 2021-04-07 08:49:07,810][0m Trial 471 finished with value: 37.0 and parameters: {'Vahp': -42.5, 'Vth': -39.5, 'Vmax': 39.0, 't_ref': 9.0, 'R': 0.30000000000000004, 'tau_m': 55.0, 'R_adp': 0.9, 'tau_w': 60.0, 'a': 47.0}. Best is trial 414 with value: 2.0.[0m
2021-04-07 08:49:08.046923: I tensorflow/compiler/jit/xla_gpu_device.cc:99] Not creating XLA devices, tf_xla_enable_xla_devices not set
mse_error/peak_error 0 27.0
[32m[I 2021-04-07 08:49:20,520][0m Trial 472 finished with value: 27.0 and parameters: {'Vahp': -41.0, 'Vth': -40.0, 'Vmax': 18.5, 't_ref': 9.5, 'R': 0.30000000000000004, 'tau_m': 60.5, 'R_adp': 0.7000000000000001, 'tau_w': 82.0, 'a': 52.5}. Best is trial 414 with value: 2.0.[0m
2021-04-07 08:49:20.758322: I tensorflow/compiler/jit/xla_gpu_device.cc:99] Not creating XLA devices, tf_xla_enable_xla_devices not set
mse_error/peak_error 0 64.0
[32m[I 2021-04-07 08:49:33,225][0m Trial 473 finished with value: 64.0 and parameters: {'Vahp': -45.0, 'Vth': -42.5, 'Vmax': 17.5, 't_ref': 8.0, 'R': 0.30000000000000004, 'tau_m': 57.5, 'R_adp': 0.7000000000000001, 'tau_w': 62.5, 'a': 48.5}. Best is trial 414 with value: 2.0.[0m
2021-04-07 08:49:33.471883: I tensorflow/compiler/jit/xla_gpu_device.cc:99] Not creating XLA devices, tf_xla_enable_xla_devices not set
mse_error/peak_error 0 11.0
[32m[I 2021-04-07 08:49:46,011][0m Trial 474 finished with value: 11.0 and parameters: {'Vahp': -43.5, 'Vth': -41.0, 'Vmax': 16.0, 't_ref': 8.5, 'R': 0.30000000000000004, 'tau_m': 63.0, 'R_adp': 0.8, 'tau_w': 65.5, 'a': 44.5}. Best is trial 414 with value: 2.0.[0m
2021-04-07 08:49:46.267127: I tensorflow/compiler/jit/xla_gpu_device.cc:99] Not creating XLA devices, tf_xla_enable_xla_devices not set
mse_error/peak_error 0 21.0
[32m[I 2021-04-07 08:49:58,767][0m Trial 475 finished with value: 21.0 and parameters: {'Vahp': -44.0, 'Vth': -41.5, 'Vmax': 16.0, 't_ref': 9.0, 'R': 0.30000000000000004, 'tau_m': 64.0, 'R_adp': 0.8, 'tau_w': 65.5, 'a': 37.5}. Best is trial 414 with value: 2.0.[0m
2021-04-07 08:49:59.011636: I tensorflow/compiler/jit/xla_gpu_device.cc:99] Not creating XLA devices, tf_xla_enable_xla_devices not set
mse_error/peak_error 0 323
[32m[I 2021-04-07 08:50:11,392][0m Trial 476 finished with value: 323.0 and parameters: {'Vahp': -43.5, 'Vth': -41.0, 'Vmax': 17.0, 't_ref': 8.5, 'R': 0.4, 'tau_m': 62.5, 'R_adp': 0.8, 'tau_w': 58.5, 'a': 44.5}. Best is trial 414 with value: 2.0.[0m
2021-04-07 08:50:11.627014: I tensorflow/compiler/jit/xla_gpu_device.cc:99] Not creating XLA devices, tf_xla_enable_xla_devices not set
mse_error/peak_error 0 23.0
[32m[I 2021-04-07 08:50:24,288][0m Trial 477 finished with value: 23.0 and parameters: {'Vahp': -43.0, 'Vth': -41.0, 'Vmax': 18.0, 't_ref': 7.5, 'R': 0.30000000000000004, 'tau_m': 67.0, 'R_adp': 0.8, 'tau_w': 61.5, 'a': 42.5}. Best is trial 414 with value: 2.0.[0m
2021-04-07 08:50:24.528489: I tensorflow/compiler/jit/xla_gpu_device.cc:99] Not creating XLA devices, tf_xla_enable_xla_devices not set
mse_error/peak_error 0 11.0
[32m[I 2021-04-07 08:50:37,173][0m Trial 478 finished with value: 11.0 and parameters: {'Vahp': -45.0, 'Vth': -42.0, 'Vmax': 16.5, 't_ref': 8.0, 'R': 0.30000000000000004, 'tau_m': 65.0, 'R_adp': 0.8, 'tau_w': 64.0, 'a': 45.5}. Best is trial 414 with value: 2.0.[0m
2021-04-07 08:50:37.441810: I tensorflow/compiler/jit/xla_gpu_device.cc:99] Not creating XLA devices, tf_xla_enable_xla_devices not set
mse_error/peak_error 0 353
[32m[I 2021-04-07 08:50:49,992][0m Trial 479 finished with value: 353.0 and parameters: {'Vahp': -45.5, 'Vth': -42.5, 'Vmax': 16.5, 't_ref': 8.0, 'R': 0.30000000000000004, 'tau_m': 66.0, 'R_adp': 0.8, 'tau_w': 57.5, 'a': 12.0}. Best is trial 414 with value: 2.0.[0m
2021-04-07 08:50:50.226797: I tensorflow/compiler/jit/xla_gpu_device.cc:99] Not creating XLA devices, tf_xla_enable_xla_devices not set
mse_error/peak_error 0 36.0
[32m[I 2021-04-07 08:51:02,829][0m Trial 480 finished with value: 36.0 and parameters: {'Vahp': -45.0, 'Vth': -42.0, 'Vmax': 17.5, 't_ref': 8.5, 'R': 0.30000000000000004, 'tau_m': 68.0, 'R_adp': 0.8, 'tau_w': 54.0, 'a': 45.0}. Best is trial 414 with value: 2.0.[0m
2021-04-07 08:51:03.073148: I tensorflow/compiler/jit/xla_gpu_device.cc:99] Not creating XLA devices, tf_xla_enable_xla_devices not set
mse_error/peak_error 0 28.0
[32m[I 2021-04-07 08:51:15,547][0m Trial 481 finished with value: 28.0 and parameters: {'Vahp': -46.5, 'Vth': -43.0, 'Vmax': 16.0, 't_ref': 6.5, 'R': 0.30000000000000004, 'tau_m': 65.0, 'R_adp': 0.8, 'tau_w': 66.5, 'a': 41.0}. Best is trial 414 with value: 2.0.[0m
2021-04-07 08:51:15.779590: I tensorflow/compiler/jit/xla_gpu_device.cc:99] Not creating XLA devices, tf_xla_enable_xla_devices not set
mse_error/peak_error 0 33.0
[32m[I 2021-04-07 08:51:28,569][0m Trial 482 finished with value: 33.0 and parameters: {'Vahp': -44.0, 'Vth': -42.0, 'Vmax': 17.0, 't_ref': 8.0, 'R': 0.30000000000000004, 'tau_m': 63.0, 'R_adp': 0.8, 'tau_w': 64.0, 'a': 46.5}. Best is trial 414 with value: 2.0.[0m
2021-04-07 08:51:28.810803: I tensorflow/compiler/jit/xla_gpu_device.cc:99] Not creating XLA devices, tf_xla_enable_xla_devices not set
mse_error/peak_error 0 26.0
[32m[I 2021-04-07 08:51:41,605][0m Trial 483 finished with value: 26.0 and parameters: {'Vahp': -46.0, 'Vth': -42.0, 'Vmax': 16.5, 't_ref': 5.5, 'R': 0.30000000000000004, 'tau_m': 68.5, 'R_adp': 0.8, 'tau_w': 60.0, 'a': 43.5}. Best is trial 414 with value: 2.0.[0m
2021-04-07 08:51:41.847159: I tensorflow/compiler/jit/xla_gpu_device.cc:99] Not creating XLA devices, tf_xla_enable_xla_devices not set
mse_error/peak_error 0 288
[32m[I 2021-04-07 08:51:54,571][0m Trial 484 finished with value: 288.0 and parameters: {'Vahp': -44.5, 'Vth': -41.5, 'Vmax': 18.5, 't_ref': 7.5, 'R': 0.4, 'tau_m': 72.0, 'R_adp': 0.8, 'tau_w': 62.5, 'a': 34.0}. Best is trial 414 with value: 2.0.[0m
2021-04-07 08:51:54.810189: I tensorflow/compiler/jit/xla_gpu_device.cc:99] Not creating XLA devices, tf_xla_enable_xla_devices not set
mse_error/peak_error 0 11.0
[32m[I 2021-04-07 08:52:07,578][0m Trial 485 finished with value: 11.0 and parameters: {'Vahp': -45.0, 'Vth': -41.5, 'Vmax': 22.5, 't_ref': 7.0, 'R': 0.30000000000000004, 'tau_m': 62.0, 'R_adp': 0.8, 'tau_w': 65.0, 'a': 40.5}. Best is trial 414 with value: 2.0.[0m
2021-04-07 08:52:07.817178: I tensorflow/compiler/jit/xla_gpu_device.cc:99] Not creating XLA devices, tf_xla_enable_xla_devices not set
mse_error/peak_error 0 446
[32m[I 2021-04-07 08:52:20,762][0m Trial 486 finished with value: 446.0 and parameters: {'Vahp': -46.0, 'Vth': -43.0, 'Vmax': 23.0, 't_ref': 7.0, 'R': 0.2, 'tau_m': 64.5, 'R_adp': 0.8, 'tau_w': 4.0, 'a': 40.5}. Best is trial 414 with value: 2.0.[0m
2021-04-07 08:52:20.997492: I tensorflow/compiler/jit/xla_gpu_device.cc:99] Not creating XLA devices, tf_xla_enable_xla_devices not set
mse_error/peak_error 0 163
[32m[I 2021-04-07 08:52:33,909][0m Trial 487 finished with value: 163.0 and parameters: {'Vahp': -45.0, 'Vth': -42.5, 'Vmax': 22.5, 't_ref': 7.0, 'R': 0.30000000000000004, 'tau_m': 63.5, 'R_adp': 0.8, 'tau_w': 65.5, 'a': 37.5}. Best is trial 414 with value: 2.0.[0m
2021-04-07 08:52:34.142904: I tensorflow/compiler/jit/xla_gpu_device.cc:99] Not creating XLA devices, tf_xla_enable_xla_devices not set
mse_error/peak_error 0 32.0
[32m[I 2021-04-07 08:52:46,973][0m Trial 488 finished with value: 32.0 and parameters: {'Vahp': -45.5, 'Vth': -42.0, 'Vmax': 24.0, 't_ref': 6.5, 'R': 0.30000000000000004, 'tau_m': 61.5, 'R_adp': 0.8, 'tau_w': 65.5, 'a': 39.5}. Best is trial 414 with value: 2.0.[0m
2021-04-07 08:52:47.206878: I tensorflow/compiler/jit/xla_gpu_device.cc:99] Not creating XLA devices, tf_xla_enable_xla_devices not set
mse_error/peak_error 0 19.0
[32m[I 2021-04-07 08:52:59,876][0m Trial 489 finished with value: 19.0 and parameters: {'Vahp': -44.5, 'Vth': -41.5, 'Vmax': 21.0, 't_ref': 7.5, 'R': 0.30000000000000004, 'tau_m': 65.0, 'R_adp': 0.8, 'tau_w': 87.0, 'a': 42.0}. Best is trial 414 with value: 2.0.[0m
2021-04-07 08:53:00.122238: I tensorflow/compiler/jit/xla_gpu_device.cc:99] Not creating XLA devices, tf_xla_enable_xla_devices not set
mse_error/peak_error 0 132
[32m[I 2021-04-07 08:53:12,833][0m Trial 490 finished with value: 132.0 and parameters: {'Vahp': -43.5, 'Vth': -41.5, 'Vmax': 21.5, 't_ref': 9.5, 'R': 0.30000000000000004, 'tau_m': 62.0, 'R_adp': 0.8, 'tau_w': 56.5, 'a': 38.5}. Best is trial 414 with value: 2.0.[0m
2021-04-07 08:53:13.074053: I tensorflow/compiler/jit/xla_gpu_device.cc:99] Not creating XLA devices, tf_xla_enable_xla_devices not set
mse_error/peak_error 0 16.0
[32m[I 2021-04-07 08:53:26,099][0m Trial 491 finished with value: 16.0 and parameters: {'Vahp': -46.5, 'Vth': -42.5, 'Vmax': 22.0, 't_ref': 8.0, 'R': 0.30000000000000004, 'tau_m': 67.0, 'R_adp': 0.8, 'tau_w': 60.5, 'a': 43.5}. Best is trial 414 with value: 2.0.[0m
2021-04-07 08:53:26.351406: I tensorflow/compiler/jit/xla_gpu_device.cc:99] Not creating XLA devices, tf_xla_enable_xla_devices not set
mse_error/peak_error 0 5.0
[32m[I 2021-04-07 08:53:39,401][0m Trial 492 finished with value: 5.0 and parameters: {'Vahp': -45.0, 'Vth': -41.5, 'Vmax': 16.0, 't_ref': 6.0, 'R': 0.30000000000000004, 'tau_m': 62.0, 'R_adp': 0.9, 'tau_w': 63.5, 'a': 41.0}. Best is trial 414 with value: 2.0.[0m
2021-04-07 08:53:39.657539: I tensorflow/compiler/jit/xla_gpu_device.cc:99] Not creating XLA devices, tf_xla_enable_xla_devices not set
mse_error/peak_error 0 333
[32m[I 2021-04-07 08:53:52,806][0m Trial 493 finished with value: 333.0 and parameters: {'Vahp': -45.5, 'Vth': -42.0, 'Vmax': 16.0, 't_ref': 7.0, 'R': 0.4, 'tau_m': 63.5, 'R_adp': 0.9, 'tau_w': 59.0, 'a': 39.5}. Best is trial 414 with value: 2.0.[0m
2021-04-07 08:53:53.045568: I tensorflow/compiler/jit/xla_gpu_device.cc:99] Not creating XLA devices, tf_xla_enable_xla_devices not set
mse_error/peak_error 0 21.0
[32m[I 2021-04-07 08:54:06,278][0m Trial 494 finished with value: 21.0 and parameters: {'Vahp': -45.0, 'Vth': -42.0, 'Vmax': 16.5, 't_ref': 5.5, 'R': 0.30000000000000004, 'tau_m': 65.0, 'R_adp': 0.9, 'tau_w': 63.5, 'a': 37.0}. Best is trial 414 with value: 2.0.[0m
2021-04-07 08:54:06.518625: I tensorflow/compiler/jit/xla_gpu_device.cc:99] Not creating XLA devices, tf_xla_enable_xla_devices not set
mse_error/peak_error 0 22.0
[32m[I 2021-04-07 08:54:19,706][0m Trial 495 finished with value: 22.0 and parameters: {'Vahp': -44.5, 'Vth': -41.5, 'Vmax': 16.0, 't_ref': 5.0, 'R': 0.30000000000000004, 'tau_m': 61.5, 'R_adp': 0.9, 'tau_w': 61.5, 'a': 40.5}. Best is trial 414 with value: 2.0.[0m
2021-04-07 08:54:19.964737: I tensorflow/compiler/jit/xla_gpu_device.cc:99] Not creating XLA devices, tf_xla_enable_xla_devices not set
mse_error/peak_error 0 19.0
[32m[I 2021-04-07 08:54:33,104][0m Trial 496 finished with value: 19.0 and parameters: {'Vahp': -44.0, 'Vth': -41.0, 'Vmax': 17.0, 't_ref': 6.5, 'R': 0.30000000000000004, 'tau_m': 66.0, 'R_adp': 0.9, 'tau_w': 57.5, 'a': 41.5}. Best is trial 414 with value: 2.0.[0m
2021-04-07 08:54:33.347312: I tensorflow/compiler/jit/xla_gpu_device.cc:99] Not creating XLA devices, tf_xla_enable_xla_devices not set
mse_error/peak_error 0 336
