[32m[I 2021-04-07 10:10:36,830][0m Trial 749 finished with value: 16.0 and parameters: {'Vahp': -41.5, 'Vth': -39.0, 'Vmax': 19.0, 't_ref': 10.0, 'R': 0.30000000000000004, 'tau_m': 55.5, 'R_adp': 0.9, 'tau_w': 51.5, 'a': 44.5}. Best is trial 414 with value: 2.0.[0m
2021-04-07 10:10:37.088657: I tensorflow/compiler/jit/xla_gpu_device.cc:99] Not creating XLA devices, tf_xla_enable_xla_devices not set
mse_error/peak_error 0 29.0
[32m[I 2021-04-07 10:10:59,454][0m Trial 750 finished with value: 29.0 and parameters: {'Vahp': -40.0, 'Vth': -40.0, 'Vmax': 19.5, 't_ref': 10.0, 'R': 0.30000000000000004, 'tau_m': 56.0, 'R_adp': 0.9, 'tau_w': 53.5, 'a': 54.5}. Best is trial 414 with value: 2.0.[0m
2021-04-07 10:10:59.712368: I tensorflow/compiler/jit/xla_gpu_device.cc:99] Not creating XLA devices, tf_xla_enable_xla_devices not set
mse_error/peak_error 0 330
[32m[I 2021-04-07 10:11:22,202][0m Trial 751 finished with value: 330.0 and parameters: {'Vahp': -40.5, 'Vth': -40.5, 'Vmax': 18.0, 't_ref': 10.5, 'R': 0.4, 'tau_m': 57.0, 'R_adp': 0.9, 'tau_w': 52.0, 'a': 46.0}. Best is trial 414 with value: 2.0.[0m
2021-04-07 10:11:22.457778: I tensorflow/compiler/jit/xla_gpu_device.cc:99] Not creating XLA devices, tf_xla_enable_xla_devices not set
mse_error/peak_error 0 215
[32m[I 2021-04-07 10:11:44,926][0m Trial 752 finished with value: 215.0 and parameters: {'Vahp': -41.5, 'Vth': -39.5, 'Vmax': 17.5, 't_ref': 10.5, 'R': 0.30000000000000004, 'tau_m': 54.0, 'R_adp': 0.9, 'tau_w': 51.5, 'a': 81.5}. Best is trial 414 with value: 2.0.[0m
2021-04-07 10:11:45.180757: I tensorflow/compiler/jit/xla_gpu_device.cc:99] Not creating XLA devices, tf_xla_enable_xla_devices not set
mse_error/peak_error 0 424
[32m[I 2021-04-07 10:12:07,652][0m Trial 753 finished with value: 424.0 and parameters: {'Vahp': -41.5, 'Vth': -40.5, 'Vmax': 18.5, 't_ref': 9.5, 'R': 0.2, 'tau_m': 57.5, 'R_adp': 0.9, 'tau_w': 55.5, 'a': 48.5}. Best is trial 414 with value: 2.0.[0m
2021-04-07 10:12:07.910448: I tensorflow/compiler/jit/xla_gpu_device.cc:99] Not creating XLA devices, tf_xla_enable_xla_devices not set
mse_error/peak_error 0 75.0
[32m[I 2021-04-07 10:12:30,517][0m Trial 754 finished with value: 75.0 and parameters: {'Vahp': -40.0, 'Vth': -40.0, 'Vmax': 19.5, 't_ref': 5.0, 'R': 0.30000000000000004, 'tau_m': 56.5, 'R_adp': 1.0, 'tau_w': 46.0, 'a': 43.5}. Best is trial 414 with value: 2.0.[0m
2021-04-07 10:12:30.777342: I tensorflow/compiler/jit/xla_gpu_device.cc:99] Not creating XLA devices, tf_xla_enable_xla_devices not set
mse_error/peak_error 0 29.0
[32m[I 2021-04-07 10:12:53,269][0m Trial 755 finished with value: 29.0 and parameters: {'Vahp': -41.5, 'Vth': -41.0, 'Vmax': 17.5, 't_ref': 10.0, 'R': 0.30000000000000004, 'tau_m': 58.5, 'R_adp': 0.9, 'tau_w': 47.5, 'a': 53.5}. Best is trial 414 with value: 2.0.[0m
2021-04-07 10:12:53.533655: I tensorflow/compiler/jit/xla_gpu_device.cc:99] Not creating XLA devices, tf_xla_enable_xla_devices not set
mse_error/peak_error 0 37.0
[32m[I 2021-04-07 10:13:16,177][0m Trial 756 finished with value: 37.0 and parameters: {'Vahp': -42.0, 'Vth': -39.5, 'Vmax': 19.0, 't_ref': 9.5, 'R': 0.30000000000000004, 'tau_m': 55.0, 'R_adp': 0.9, 'tau_w': 55.5, 'a': 50.0}. Best is trial 414 with value: 2.0.[0m
2021-04-07 10:13:16.435866: I tensorflow/compiler/jit/xla_gpu_device.cc:99] Not creating XLA devices, tf_xla_enable_xla_devices not set
mse_error/peak_error 0 150
[32m[I 2021-04-07 10:13:39,250][0m Trial 757 finished with value: 150.0 and parameters: {'Vahp': -40.5, 'Vth': -40.5, 'Vmax': 18.0, 't_ref': 10.5, 'R': 0.30000000000000004, 'tau_m': 59.0, 'R_adp': 0.7000000000000001, 'tau_w': 56.0, 'a': 46.5}. Best is trial 414 with value: 2.0.[0m
2021-04-07 10:13:39.508609: I tensorflow/compiler/jit/xla_gpu_device.cc:99] Not creating XLA devices, tf_xla_enable_xla_devices not set
mse_error/peak_error 0 17.0
[32m[I 2021-04-07 10:14:02,272][0m Trial 758 finished with value: 17.0 and parameters: {'Vahp': -42.0, 'Vth': -39.5, 'Vmax': 19.0, 't_ref': 9.5, 'R': 0.30000000000000004, 'tau_m': 53.0, 'R_adp': 0.7000000000000001, 'tau_w': 49.5, 'a': 56.5}. Best is trial 414 with value: 2.0.[0m
2021-04-07 10:14:02.534361: I tensorflow/compiler/jit/xla_gpu_device.cc:99] Not creating XLA devices, tf_xla_enable_xla_devices not set
mse_error/peak_error 0 375
[32m[I 2021-04-07 10:14:25,388][0m Trial 759 finished with value: 375.0 and parameters: {'Vahp': -41.0, 'Vth': -41.0, 'Vmax': 20.0, 't_ref': 8.5, 'R': 0.4, 'tau_m': 57.0, 'R_adp': 0.9, 'tau_w': 53.0, 'a': 43.5}. Best is trial 414 with value: 2.0.[0m
2021-04-07 10:14:25.648062: I tensorflow/compiler/jit/xla_gpu_device.cc:99] Not creating XLA devices, tf_xla_enable_xla_devices not set
mse_error/peak_error 0 210
[32m[I 2021-04-07 10:14:48,423][0m Trial 760 finished with value: 210.0 and parameters: {'Vahp': -42.5, 'Vth': -39.0, 'Vmax': 18.5, 't_ref': 9.5, 'R': 0.2, 'tau_m': 13.5, 'R_adp': 0.9, 'tau_w': 54.5, 'a': 48.0}. Best is trial 414 with value: 2.0.[0m
2021-04-07 10:14:48.683533: I tensorflow/compiler/jit/xla_gpu_device.cc:99] Not creating XLA devices, tf_xla_enable_xla_devices not set
mse_error/peak_error 0 20.0
[32m[I 2021-04-07 10:15:11,441][0m Trial 761 finished with value: 20.0 and parameters: {'Vahp': -42.0, 'Vth': -40.0, 'Vmax': 17.5, 't_ref': 9.0, 'R': 0.30000000000000004, 'tau_m': 60.5, 'R_adp': 0.7000000000000001, 'tau_w': 56.5, 'a': 54.5}. Best is trial 414 with value: 2.0.[0m
2021-04-07 10:15:11.699777: I tensorflow/compiler/jit/xla_gpu_device.cc:99] Not creating XLA devices, tf_xla_enable_xla_devices not set
mse_error/peak_error 0 53.0
[32m[I 2021-04-07 10:15:34,580][0m Trial 762 finished with value: 53.0 and parameters: {'Vahp': -42.5, 'Vth': -41.5, 'Vmax': 20.5, 't_ref': 8.0, 'R': 0.30000000000000004, 'tau_m': 57.0, 'R_adp': 0.9, 'tau_w': 57.5, 'a': 45.0}. Best is trial 414 with value: 2.0.[0m
2021-04-07 10:15:34.839979: I tensorflow/compiler/jit/xla_gpu_device.cc:99] Not creating XLA devices, tf_xla_enable_xla_devices not set
mse_error/peak_error 0 158
[32m[I 2021-04-07 10:15:57,597][0m Trial 763 finished with value: 158.0 and parameters: {'Vahp': -41.0, 'Vth': -40.5, 'Vmax': 18.5, 't_ref': 8.5, 'R': 0.30000000000000004, 'tau_m': 59.0, 'R_adp': 0.7000000000000001, 'tau_w': 55.0, 'a': 50.0}. Best is trial 414 with value: 2.0.[0m
2021-04-07 10:15:57.860458: I tensorflow/compiler/jit/xla_gpu_device.cc:99] Not creating XLA devices, tf_xla_enable_xla_devices not set
mse_error/peak_error 0 165
[32m[I 2021-04-07 10:16:20,610][0m Trial 764 finished with value: 165.0 and parameters: {'Vahp': -42.5, 'Vth': -39.0, 'Vmax': 18.0, 't_ref': 10.0, 'R': 0.30000000000000004, 'tau_m': 61.0, 'R_adp': 0.6, 'tau_w': 52.0, 'a': 43.0}. Best is trial 414 with value: 2.0.[0m
2021-04-07 10:16:20.871097: I tensorflow/compiler/jit/xla_gpu_device.cc:99] Not creating XLA devices, tf_xla_enable_xla_devices not set
mse_error/peak_error 0 104.0
[32m[I 2021-04-07 10:16:43,812][0m Trial 765 finished with value: 104.0 and parameters: {'Vahp': -41.5, 'Vth': -41.0, 'Vmax': 19.5, 't_ref': 1.5, 'R': 0.30000000000000004, 'tau_m': 55.5, 'R_adp': 0.9, 'tau_w': 57.5, 'a': 51.5}. Best is trial 414 with value: 2.0.[0m
2021-04-07 10:16:44.066723: I tensorflow/compiler/jit/xla_gpu_device.cc:99] Not creating XLA devices, tf_xla_enable_xla_devices not set
mse_error/peak_error 0 187
[32m[I 2021-04-07 10:17:07,158][0m Trial 766 finished with value: 187.0 and parameters: {'Vahp': -40.0, 'Vth': -40.0, 'Vmax': 17.5, 't_ref': 9.0, 'R': 0.30000000000000004, 'tau_m': 53.5, 'R_adp': 0.7000000000000001, 'tau_w': 57.0, 'a': 46.0}. Best is trial 414 with value: 2.0.[0m
2021-04-07 10:17:07.419486: I tensorflow/compiler/jit/xla_gpu_device.cc:99] Not creating XLA devices, tf_xla_enable_xla_devices not set
mse_error/peak_error 0 603
[32m[I 2021-04-07 10:17:30,696][0m Trial 767 finished with value: 603.0 and parameters: {'Vahp': -42.5, 'Vth': -39.5, 'Vmax': 17.0, 't_ref': 8.0, 'R': 0.2, 'tau_m': 59.5, 'R_adp': 1.0, 'tau_w': 54.0, 'a': 48.5}. Best is trial 414 with value: 2.0.[0m
2021-04-07 10:17:30.955407: I tensorflow/compiler/jit/xla_gpu_device.cc:99] Not creating XLA devices, tf_xla_enable_xla_devices not set
mse_error/peak_error 0 20.0
[32m[I 2021-04-07 10:17:53,878][0m Trial 768 finished with value: 20.0 and parameters: {'Vahp': -41.5, 'Vth': -41.0, 'Vmax': 20.0, 't_ref': 9.5, 'R': 0.30000000000000004, 'tau_m': 62.0, 'R_adp': 0.9, 'tau_w': 56.0, 'a': 52.5}. Best is trial 414 with value: 2.0.[0m
2021-04-07 10:17:54.145627: I tensorflow/compiler/jit/xla_gpu_device.cc:99] Not creating XLA devices, tf_xla_enable_xla_devices not set
mse_error/peak_error 0 41.0
[32m[I 2021-04-07 10:18:17,192][0m Trial 769 finished with value: 41.0 and parameters: {'Vahp': -43.0, 'Vth': -39.0, 'Vmax': 19.0, 't_ref': 9.0, 'R': 0.30000000000000004, 'tau_m': 59.0, 'R_adp': 0.7000000000000001, 'tau_w': 58.0, 'a': 42.5}. Best is trial 414 with value: 2.0.[0m
2021-04-07 10:18:17.452649: I tensorflow/compiler/jit/xla_gpu_device.cc:99] Not creating XLA devices, tf_xla_enable_xla_devices not set
mse_error/peak_error 0 711
[32m[I 2021-04-07 10:18:40,643][0m Trial 770 finished with value: 711.0 and parameters: {'Vahp': -40.5, 'Vth': -25.0, 'Vmax': 18.0, 't_ref': 8.5, 'R': 0.30000000000000004, 'tau_m': 57.0, 'R_adp': 0.9, 'tau_w': 53.5, 'a': 56.5}. Best is trial 414 with value: 2.0.[0m
2021-04-07 10:18:40.909012: I tensorflow/compiler/jit/xla_gpu_device.cc:99] Not creating XLA devices, tf_xla_enable_xla_devices not set
mse_error/peak_error 0 188
[32m[I 2021-04-07 10:19:04,068][0m Trial 771 finished with value: 188.0 and parameters: {'Vahp': -42.0, 'Vth': -40.5, 'Vmax': 17.0, 't_ref': 10.5, 'R': 0.4, 'tau_m': 63.5, 'R_adp': 0.9, 'tau_w': 58.5, 'a': 47.0}. Best is trial 414 with value: 2.0.[0m
2021-04-07 10:19:04.333159: I tensorflow/compiler/jit/xla_gpu_device.cc:99] Not creating XLA devices, tf_xla_enable_xla_devices not set
mse_error/peak_error 0 19.0
[32m[I 2021-04-07 10:19:27,632][0m Trial 772 finished with value: 19.0 and parameters: {'Vahp': -43.5, 'Vth': -41.5, 'Vmax': 20.5, 't_ref': 8.0, 'R': 0.30000000000000004, 'tau_m': 61.5, 'R_adp': 0.7000000000000001, 'tau_w': 56.0, 'a': 54.0}. Best is trial 414 with value: 2.0.[0m
2021-04-07 10:19:27.897552: I tensorflow/compiler/jit/xla_gpu_device.cc:99] Not creating XLA devices, tf_xla_enable_xla_devices not set
mse_error/peak_error 0 650
[32m[I 2021-04-07 10:19:51,208][0m Trial 773 finished with value: 650.0 and parameters: {'Vahp': -30.5, 'Vth': -23.0, 'Vmax': 19.5, 't_ref': 6.0, 'R': 0.30000000000000004, 'tau_m': 57.5, 'R_adp': 0.9, 'tau_w': 58.0, 'a': 50.0}. Best is trial 414 with value: 2.0.[0m
2021-04-07 10:19:51.466539: I tensorflow/compiler/jit/xla_gpu_device.cc:99] Not creating XLA devices, tf_xla_enable_xla_devices not set
mse_error/peak_error 0 141
[32m[I 2021-04-07 10:20:14,963][0m Trial 774 finished with value: 141.0 and parameters: {'Vahp': -42.5, 'Vth': -41.5, 'Vmax': 18.0, 't_ref': 9.5, 'R': 0.30000000000000004, 'tau_m': 64.5, 'R_adp': 0.7000000000000001, 'tau_w': 59.5, 'a': 44.5}. Best is trial 414 with value: 2.0.[0m
2021-04-07 10:20:15.219056: I tensorflow/compiler/jit/xla_gpu_device.cc:99] Not creating XLA devices, tf_xla_enable_xla_devices not set
mse_error/peak_error 0 35.0
[32m[I 2021-04-07 10:20:38,913][0m Trial 775 finished with value: 35.0 and parameters: {'Vahp': -41.0, 'Vth': -40.5, 'Vmax': 18.5, 't_ref': 7.5, 'R': 0.30000000000000004, 'tau_m': 60.5, 'R_adp': 0.9, 'tau_w': 59.0, 'a': 48.0}. Best is trial 414 with value: 2.0.[0m
2021-04-07 10:20:39.173342: I tensorflow/compiler/jit/xla_gpu_device.cc:99] Not creating XLA devices, tf_xla_enable_xla_devices not set
mse_error/peak_error 0 26.0
[32m[I 2021-04-07 10:21:02,700][0m Trial 776 finished with value: 26.0 and parameters: {'Vahp': -43.5, 'Vth': -39.0, 'Vmax': 17.0, 't_ref': 8.5, 'R': 0.30000000000000004, 'tau_m': 55.0, 'R_adp': 0.7000000000000001, 'tau_w': 51.0, 'a': 51.5}. Best is trial 414 with value: 2.0.[0m
2021-04-07 10:21:02.982368: I tensorflow/compiler/jit/xla_gpu_device.cc:99] Not creating XLA devices, tf_xla_enable_xla_devices not set
mse_error/peak_error 0 162
[32m[I 2021-04-07 10:21:26,463][0m Trial 777 finished with value: 162.0 and parameters: {'Vahp': -43.0, 'Vth': -39.5, 'Vmax': 17.5, 't_ref': 9.0, 'R': 0.30000000000000004, 'tau_m': 62.5, 'R_adp': 0.6, 'tau_w': 55.0, 'a': 41.5}. Best is trial 414 with value: 2.0.[0m
2021-04-07 10:21:26.722263: I tensorflow/compiler/jit/xla_gpu_device.cc:99] Not creating XLA devices, tf_xla_enable_xla_devices not set
mse_error/peak_error 0 164
[32m[I 2021-04-07 10:21:50,515][0m Trial 778 finished with value: 164.0 and parameters: {'Vahp': -42.0, 'Vth': -41.0, 'Vmax': 19.0, 't_ref': 8.0, 'R': 0.30000000000000004, 'tau_m': 59.0, 'R_adp': 0.9, 'tau_w': 48.0, 'a': 45.0}. Best is trial 414 with value: 2.0.[0m
2021-04-07 10:21:50.782296: I tensorflow/compiler/jit/xla_gpu_device.cc:99] Not creating XLA devices, tf_xla_enable_xla_devices not set
mse_error/peak_error 0 564
[32m[I 2021-04-07 10:22:14,192][0m Trial 779 finished with value: 564.0 and parameters: {'Vahp': -44.0, 'Vth': -40.0, 'Vmax': 20.0, 't_ref': 10.0, 'R': 0.2, 'tau_m': 65.5, 'R_adp': 0.7000000000000001, 'tau_w': 57.0, 'a': 54.0}. Best is trial 414 with value: 2.0.[0m
2021-04-07 10:22:14.447706: I tensorflow/compiler/jit/xla_gpu_device.cc:99] Not creating XLA devices, tf_xla_enable_xla_devices not set
mse_error/peak_error 0 230
[32m[I 2021-04-07 10:22:37,600][0m Trial 780 finished with value: 230.0 and parameters: {'Vahp': -42.5, 'Vth': -41.0, 'Vmax': 17.0, 't_ref': 8.5, 'R': 0.4, 'tau_m': 61.0, 'R_adp': 0.9, 'tau_w': 52.5, 'a': 49.5}. Best is trial 414 with value: 2.0.[0m
2021-04-07 10:22:37.862083: I tensorflow/compiler/jit/xla_gpu_device.cc:99] Not creating XLA devices, tf_xla_enable_xla_devices not set
mse_error/peak_error 0 169
[32m[I 2021-04-07 10:23:01,506][0m Trial 781 finished with value: 169.0 and parameters: {'Vahp': -41.5, 'Vth': -40.5, 'Vmax': 18.5, 't_ref': 7.0, 'R': 0.30000000000000004, 'tau_m': 57.5, 'R_adp': 0.7000000000000001, 'tau_w': 59.5, 'a': 46.0}. Best is trial 414 with value: 2.0.[0m
2021-04-07 10:23:01.764522: I tensorflow/compiler/jit/xla_gpu_device.cc:99] Not creating XLA devices, tf_xla_enable_xla_devices not set
mse_error/peak_error 0 592.0
[32m[I 2021-04-07 10:23:25,569][0m Trial 782 finished with value: 592.0 and parameters: {'Vahp': -40.0, 'Vth': -40.0, 'Vmax': 26.0, 't_ref': 7.5, 'R': 0.30000000000000004, 'tau_m': 63.5, 'R_adp': 1.0, 'tau_w': 56.5, 'a': 16.5}. Best is trial 414 with value: 2.0.[0m
2021-04-07 10:23:25.868577: I tensorflow/compiler/jit/xla_gpu_device.cc:99] Not creating XLA devices, tf_xla_enable_xla_devices not set
mse_error/peak_error 0 383
[32m[I 2021-04-07 10:23:49,660][0m Trial 783 finished with value: 383.0 and parameters: {'Vahp': -33.0, 'Vth': -29.0, 'Vmax': 20.5, 't_ref': 8.0, 'R': 0.30000000000000004, 'tau_m': 59.5, 'R_adp': 0.9, 'tau_w': 59.0, 'a': 43.5}. Best is trial 414 with value: 2.0.[0m
2021-04-07 10:23:49.929686: I tensorflow/compiler/jit/xla_gpu_device.cc:99] Not creating XLA devices, tf_xla_enable_xla_devices not set
mse_error/peak_error 0 35.0
[32m[I 2021-04-07 10:24:13,803][0m Trial 784 finished with value: 35.0 and parameters: {'Vahp': -44.0, 'Vth': -39.0, 'Vmax': 16.5, 't_ref': 9.5, 'R': 0.30000000000000004, 'tau_m': 55.5, 'R_adp': 0.9, 'tau_w': 60.0, 'a': 34.5}. Best is trial 414 with value: 2.0.[0m
2021-04-07 10:24:14.063185: I tensorflow/compiler/jit/xla_gpu_device.cc:99] Not creating XLA devices, tf_xla_enable_xla_devices not set
mse_error/peak_error 0 364
[32m[I 2021-04-07 10:24:37,823][0m Trial 785 finished with value: 364.0 and parameters: {'Vahp': -43.0, 'Vth': -41.5, 'Vmax': 19.5, 't_ref': 9.0, 'R': 0.30000000000000004, 'tau_m': 62.0, 'R_adp': 0.4, 'tau_w': 54.0, 'a': 41.5}. Best is trial 414 with value: 2.0.[0m
2021-04-07 10:24:38.113622: I tensorflow/compiler/jit/xla_gpu_device.cc:99] Not creating XLA devices, tf_xla_enable_xla_devices not set
mse_error/peak_error 0 50.0
[32m[I 2021-04-07 10:25:01,917][0m Trial 786 finished with value: 50.0 and parameters: {'Vahp': -44.5, 'Vth': -39.5, 'Vmax': 18.0, 't_ref': 8.5, 'R': 0.30000000000000004, 'tau_m': 54.0, 'R_adp': 0.7000000000000001, 'tau_w': 57.0, 'a': 56.0}. Best is trial 414 with value: 2.0.[0m
2021-04-07 10:25:02.180073: I tensorflow/compiler/jit/xla_gpu_device.cc:99] Not creating XLA devices, tf_xla_enable_xla_devices not set
mse_error/peak_error 0 155
[32m[I 2021-04-07 10:25:26,413][0m Trial 787 finished with value: 155.0 and parameters: {'Vahp': -41.0, 'Vth': -41.0, 'Vmax': 17.5, 't_ref': 5.5, 'R': 0.30000000000000004, 'tau_m': 67.5, 'R_adp': 0.9, 'tau_w': 60.5, 'a': 52.5}. Best is trial 414 with value: 2.0.[0m
2021-04-07 10:25:26.671084: I tensorflow/compiler/jit/xla_gpu_device.cc:99] Not creating XLA devices, tf_xla_enable_xla_devices not set
mse_error/peak_error 0 153
[32m[I 2021-04-07 10:25:50,795][0m Trial 788 finished with value: 153.0 and parameters: {'Vahp': -42.0, 'Vth': -40.5, 'Vmax': 21.0, 't_ref': 6.5, 'R': 0.30000000000000004, 'tau_m': 58.0, 'R_adp': 0.7000000000000001, 'tau_w': 58.0, 'a': 48.0}. Best is trial 414 with value: 2.0.[0m
2021-04-07 10:25:51.055390: I tensorflow/compiler/jit/xla_gpu_device.cc:99] Not creating XLA devices, tf_xla_enable_xla_devices not set
mse_error/peak_error 0 313
[32m[I 2021-04-07 10:26:15,113][0m Trial 789 finished with value: 313.0 and parameters: {'Vahp': -43.5, 'Vth': -42.0, 'Vmax': 18.5, 't_ref': 10.5, 'R': 0.4, 'tau_m': 65.0, 'R_adp': 0.9, 'tau_w': 46.0, 'a': 39.0}. Best is trial 414 with value: 2.0.[0m
2021-04-07 10:26:15.372409: I tensorflow/compiler/jit/xla_gpu_device.cc:99] Not creating XLA devices, tf_xla_enable_xla_devices not set
mse_error/peak_error 0 173
[32m[I 2021-04-07 10:26:39,591][0m Trial 790 finished with value: 173.0 and parameters: {'Vahp': -42.5, 'Vth': -41.5, 'Vmax': 28.0, 't_ref': 7.5, 'R': 0.30000000000000004, 'tau_m': 60.5, 'R_adp': 0.7000000000000001, 'tau_w': 55.0, 'a': 50.5}. Best is trial 414 with value: 2.0.[0m
2021-04-07 10:26:39.856968: I tensorflow/compiler/jit/xla_gpu_device.cc:99] Not creating XLA devices, tf_xla_enable_xla_devices not set
mse_error/peak_error 0 156
[32m[I 2021-04-07 10:27:04,093][0m Trial 791 finished with value: 156.0 and parameters: {'Vahp': -44.0, 'Vth': -40.0, 'Vmax': 16.0, 't_ref': 9.5, 'R': 0.30000000000000004, 'tau_m': 63.5, 'R_adp': 0.5, 'tau_w': 60.0, 'a': 45.5}. Best is trial 414 with value: 2.0.[0m
2021-04-07 10:27:04.348865: I tensorflow/compiler/jit/xla_gpu_device.cc:99] Not creating XLA devices, tf_xla_enable_xla_devices not set
mse_error/peak_error 0 474
[32m[I 2021-04-07 10:27:28,919][0m Trial 792 finished with value: 474.0 and parameters: {'Vahp': -58.5, 'Vth': -44.5, 'Vmax': 19.0, 't_ref': 9.0, 'R': 0.2, 'tau_m': 56.5, 'R_adp': 0.9, 'tau_w': 51.0, 'a': 43.0}. Best is trial 414 with value: 2.0.[0m
2021-04-07 10:27:29.192580: I tensorflow/compiler/jit/xla_gpu_device.cc:99] Not creating XLA devices, tf_xla_enable_xla_devices not set
mse_error/peak_error 0 7.0
[32m[I 2021-04-07 10:27:54,348][0m Trial 793 finished with value: 7.0 and parameters: {'Vahp': -43.0, 'Vth': -41.0, 'Vmax': 17.0, 't_ref': 8.5, 'R': 0.30000000000000004, 'tau_m': 61.5, 'R_adp': 0.7000000000000001, 'tau_w': 56.0, 'a': 55.0}. Best is trial 414 with value: 2.0.[0m
2021-04-07 10:27:54.608332: I tensorflow/compiler/jit/xla_gpu_device.cc:99] Not creating XLA devices, tf_xla_enable_xla_devices not set
mse_error/peak_error 0 44.0
[32m[I 2021-04-07 10:28:19,597][0m Trial 794 finished with value: 44.0 and parameters: {'Vahp': -43.5, 'Vth': -42.0, 'Vmax': 16.5, 't_ref': 8.0, 'R': 0.30000000000000004, 'tau_m': 62.5, 'R_adp': 0.7000000000000001, 'tau_w': 55.5, 'a': 57.5}. Best is trial 414 with value: 2.0.[0m
2021-04-07 10:28:19.857132: I tensorflow/compiler/jit/xla_gpu_device.cc:99] Not creating XLA devices, tf_xla_enable_xla_devices not set
mse_error/peak_error 0 33.0
[32m[I 2021-04-07 10:28:44,870][0m Trial 795 finished with value: 33.0 and parameters: {'Vahp': -41.5, 'Vth': -40.5, 'Vmax': 17.5, 't_ref': 8.5, 'R': 0.30000000000000004, 'tau_m': 59.0, 'R_adp': 0.7000000000000001, 'tau_w': 53.0, 'a': 56.0}. Best is trial 414 with value: 2.0.[0m
2021-04-07 10:28:45.135496: I tensorflow/compiler/jit/xla_gpu_device.cc:99] Not creating XLA devices, tf_xla_enable_xla_devices not set
mse_error/peak_error 0 348
[32m[I 2021-04-07 10:29:10,259][0m Trial 796 finished with value: 348.0 and parameters: {'Vahp': -44.5, 'Vth': -36.0, 'Vmax': 16.5, 't_ref': 8.0, 'R': 0.30000000000000004, 'tau_m': 67.5, 'R_adp': 0.7000000000000001, 'tau_w': 56.0, 'a': 57.0}. Best is trial 414 with value: 2.0.[0m
2021-04-07 10:29:10.528703: I tensorflow/compiler/jit/xla_gpu_device.cc:99] Not creating XLA devices, tf_xla_enable_xla_devices not set
mse_error/peak_error 0 158
[32m[I 2021-04-07 10:29:35,475][0m Trial 797 finished with value: 158.0 and parameters: {'Vahp': -40.5, 'Vth': -40.5, 'Vmax': 17.0, 't_ref': 8.5, 'R': 0.30000000000000004, 'tau_m': 60.5, 'R_adp': 0.7000000000000001, 'tau_w': 50.5, 'a': 54.0}. Best is trial 414 with value: 2.0.[0m
2021-04-07 10:29:35.735705: I tensorflow/compiler/jit/xla_gpu_device.cc:99] Not creating XLA devices, tf_xla_enable_xla_devices not set
mse_error/peak_error 0 135
[32m[I 2021-04-07 10:30:00,671][0m Trial 798 finished with value: 135.0 and parameters: {'Vahp': -43.0, 'Vth': -41.5, 'Vmax': 15.5, 't_ref': 8.5, 'R': 0.30000000000000004, 'tau_m': 65.0, 'R_adp': 0.6, 'tau_w': 58.0, 'a': 54.5}. Best is trial 414 with value: 2.0.[0m
2021-04-07 10:30:00.938781: I tensorflow/compiler/jit/xla_gpu_device.cc:99] Not creating XLA devices, tf_xla_enable_xla_devices not set
mse_error/peak_error 0 45.0
