[32m[I 2021-04-07 08:54:46,393][0m Trial 497 finished with value: 336.0 and parameters: {'Vahp': -47.5, 'Vth': -43.0, 'Vmax': 16.5, 't_ref': 7.5, 'R': 0.2, 'tau_m': 62.5, 'R_adp': 0.9, 'tau_w': 55.0, 'a': 36.0}. Best is trial 414 with value: 2.0.[0m
2021-04-07 08:54:46.683072: I tensorflow/compiler/jit/xla_gpu_device.cc:99] Not creating XLA devices, tf_xla_enable_xla_devices not set
mse_error/peak_error 0 44.0
[32m[I 2021-04-07 08:54:59,976][0m Trial 498 finished with value: 44.0 and parameters: {'Vahp': -45.5, 'Vth': -41.5, 'Vmax': 22.5, 't_ref': 8.0, 'R': 0.30000000000000004, 'tau_m': 60.5, 'R_adp': 0.9, 'tau_w': 60.5, 'a': 45.5}. Best is trial 414 with value: 2.0.[0m
2021-04-07 08:55:00.218496: I tensorflow/compiler/jit/xla_gpu_device.cc:99] Not creating XLA devices, tf_xla_enable_xla_devices not set
mse_error/peak_error 0 393
[32m[I 2021-04-07 08:55:13,572][0m Trial 499 finished with value: 393.0 and parameters: {'Vahp': -43.0, 'Vth': -41.0, 'Vmax': 17.5, 't_ref': 5.5, 'R': 0.30000000000000004, 'tau_m': 63.5, 'R_adp': 0.9, 'tau_w': 64.0, 'a': 92.5}. Best is trial 414 with value: 2.0.[0m
2021-04-07 08:55:13.825489: I tensorflow/compiler/jit/xla_gpu_device.cc:99] Not creating XLA devices, tf_xla_enable_xla_devices not set
mse_error/peak_error 0 134
[32m[I 2021-04-07 08:55:27,035][0m Trial 500 finished with value: 134.0 and parameters: {'Vahp': -46.5, 'Vth': -42.0, 'Vmax': 16.0, 't_ref': 6.5, 'R': 0.30000000000000004, 'tau_m': 61.0, 'R_adp': 1.0, 'tau_w': 62.0, 'a': 42.5}. Best is trial 414 with value: 2.0.[0m
2021-04-07 08:55:27.278277: I tensorflow/compiler/jit/xla_gpu_device.cc:99] Not creating XLA devices, tf_xla_enable_xla_devices not set
mse_error/peak_error 0 154
[32m[I 2021-04-07 08:55:40,568][0m Trial 501 finished with value: 154.0 and parameters: {'Vahp': -44.5, 'Vth': -41.5, 'Vmax': 17.0, 't_ref': 4.0, 'R': 0.30000000000000004, 'tau_m': 68.5, 'R_adp': 0.9, 'tau_w': 59.0, 'a': 32.5}. Best is trial 414 with value: 2.0.[0m
2021-04-07 08:55:40.808805: I tensorflow/compiler/jit/xla_gpu_device.cc:99] Not creating XLA devices, tf_xla_enable_xla_devices not set
mse_error/peak_error 0 474
[32m[I 2021-04-07 08:55:54,153][0m Trial 502 finished with value: 474.0 and parameters: {'Vahp': -43.0, 'Vth': -40.5, 'Vmax': 21.0, 't_ref': 7.0, 'R': 0.30000000000000004, 'tau_m': 70.0, 'R_adp': 0.2, 'tau_w': 64.5, 'a': 38.5}. Best is trial 414 with value: 2.0.[0m
2021-04-07 08:55:54.389756: I tensorflow/compiler/jit/xla_gpu_device.cc:99] Not creating XLA devices, tf_xla_enable_xla_devices not set
mse_error/peak_error 0 26.0
[32m[I 2021-04-07 08:56:07,807][0m Trial 503 finished with value: 26.0 and parameters: {'Vahp': -44.0, 'Vth': -34.5, 'Vmax': 23.0, 't_ref': 6.0, 'R': 0.4, 'tau_m': 60.5, 'R_adp': 0.9, 'tau_w': 61.5, 'a': 43.5}. Best is trial 414 with value: 2.0.[0m
2021-04-07 08:56:08.042472: I tensorflow/compiler/jit/xla_gpu_device.cc:99] Not creating XLA devices, tf_xla_enable_xla_devices not set
mse_error/peak_error 0 134
[32m[I 2021-04-07 08:56:21,620][0m Trial 504 finished with value: 134.0 and parameters: {'Vahp': -42.5, 'Vth': -41.0, 'Vmax': 23.5, 't_ref': 8.5, 'R': 0.30000000000000004, 'tau_m': 66.0, 'R_adp': 0.9, 'tau_w': 99.5, 'a': 47.0}. Best is trial 414 with value: 2.0.[0m
2021-04-07 08:56:21.859127: I tensorflow/compiler/jit/xla_gpu_device.cc:99] Not creating XLA devices, tf_xla_enable_xla_devices not set
mse_error/peak_error 0 17.0
[32m[I 2021-04-07 08:56:35,466][0m Trial 505 finished with value: 17.0 and parameters: {'Vahp': -45.0, 'Vth': -42.0, 'Vmax': 17.5, 't_ref': 8.0, 'R': 0.30000000000000004, 'tau_m': 62.5, 'R_adp': 0.9, 'tau_w': 52.5, 'a': 42.0}. Best is trial 414 with value: 2.0.[0m
2021-04-07 08:56:35.710073: I tensorflow/compiler/jit/xla_gpu_device.cc:99] Not creating XLA devices, tf_xla_enable_xla_devices not set
mse_error/peak_error 0 13.0
[32m[I 2021-04-07 08:56:49,307][0m Trial 506 finished with value: 13.0 and parameters: {'Vahp': -43.5, 'Vth': -40.5, 'Vmax': 16.0, 't_ref': 9.0, 'R': 0.30000000000000004, 'tau_m': 59.5, 'R_adp': 0.8, 'tau_w': 57.0, 'a': 45.0}. Best is trial 414 with value: 2.0.[0m
2021-04-07 08:56:49.542130: I tensorflow/compiler/jit/xla_gpu_device.cc:99] Not creating XLA devices, tf_xla_enable_xla_devices not set
mse_error/peak_error 0 514
[32m[I 2021-04-07 08:57:03,074][0m Trial 507 finished with value: 514.0 and parameters: {'Vahp': -42.5, 'Vth': -41.0, 'Vmax': 16.5, 't_ref': 6.0, 'R': 0.2, 'tau_m': 65.0, 'R_adp': 0.9, 'tau_w': 63.5, 'a': 50.0}. Best is trial 414 with value: 2.0.[0m
2021-04-07 08:57:03.311353: I tensorflow/compiler/jit/xla_gpu_device.cc:99] Not creating XLA devices, tf_xla_enable_xla_devices not set
mse_error/peak_error 0 28.0
[32m[I 2021-04-07 08:57:16,807][0m Trial 508 finished with value: 28.0 and parameters: {'Vahp': -44.5, 'Vth': -42.5, 'Vmax': 17.0, 't_ref': 8.5, 'R': 0.30000000000000004, 'tau_m': 63.0, 'R_adp': 0.8, 'tau_w': 59.5, 'a': 47.0}. Best is trial 414 with value: 2.0.[0m
2021-04-07 08:57:17.074184: I tensorflow/compiler/jit/xla_gpu_device.cc:99] Not creating XLA devices, tf_xla_enable_xla_devices not set
mse_error/peak_error 0 40.0
[32m[I 2021-04-07 08:57:30,553][0m Trial 509 finished with value: 40.0 and parameters: {'Vahp': -46.0, 'Vth': -42.5, 'Vmax': 19.0, 't_ref': 7.5, 'R': 0.30000000000000004, 'tau_m': 60.0, 'R_adp': 0.8, 'tau_w': 66.0, 'a': 40.5}. Best is trial 414 with value: 2.0.[0m
2021-04-07 08:57:30.790316: I tensorflow/compiler/jit/xla_gpu_device.cc:99] Not creating XLA devices, tf_xla_enable_xla_devices not set
mse_error/peak_error 0 133
[32m[I 2021-04-07 08:57:44,537][0m Trial 510 finished with value: 133.0 and parameters: {'Vahp': -42.0, 'Vth': -40.5, 'Vmax': 20.5, 't_ref': 10.0, 'R': 0.30000000000000004, 'tau_m': 61.5, 'R_adp': 0.9, 'tau_w': 62.0, 'a': 50.5}. Best is trial 414 with value: 2.0.[0m
2021-04-07 08:57:44.772874: I tensorflow/compiler/jit/xla_gpu_device.cc:99] Not creating XLA devices, tf_xla_enable_xla_devices not set
mse_error/peak_error 0 38.0
[32m[I 2021-04-07 08:57:58,387][0m Trial 511 finished with value: 38.0 and parameters: {'Vahp': -47.0, 'Vth': -43.5, 'Vmax': 18.0, 't_ref': 9.0, 'R': 0.30000000000000004, 'tau_m': 58.0, 'R_adp': 0.9, 'tau_w': 59.0, 'a': 44.0}. Best is trial 414 with value: 2.0.[0m
2021-04-07 08:57:58.628796: I tensorflow/compiler/jit/xla_gpu_device.cc:99] Not creating XLA devices, tf_xla_enable_xla_devices not set
mse_error/peak_error 0 661
[32m[I 2021-04-07 08:58:12,259][0m Trial 512 finished with value: 661.0 and parameters: {'Vahp': -43.5, 'Vth': -29.5, 'Vmax': 15.5, 't_ref': 9.5, 'R': 0.30000000000000004, 'tau_m': 63.5, 'R_adp': 1.0, 'tau_w': 64.5, 'a': 48.5}. Best is trial 414 with value: 2.0.[0m
2021-04-07 08:58:12.508926: I tensorflow/compiler/jit/xla_gpu_device.cc:99] Not creating XLA devices, tf_xla_enable_xla_devices not set
mse_error/peak_error 0 120.0
[32m[I 2021-04-07 08:58:26,340][0m Trial 513 finished with value: 120.0 and parameters: {'Vahp': -43.0, 'Vth': -27.5, 'Vmax': 25.0, 't_ref': 8.0, 'R': 0.5, 'tau_m': 67.0, 'R_adp': 0.8, 'tau_w': 62.5, 'a': 51.5}. Best is trial 414 with value: 2.0.[0m
2021-04-07 08:58:26.597871: I tensorflow/compiler/jit/xla_gpu_device.cc:99] Not creating XLA devices, tf_xla_enable_xla_devices not set
mse_error/peak_error 0 21.0
[32m[I 2021-04-07 08:58:40,331][0m Trial 514 finished with value: 21.0 and parameters: {'Vahp': -44.0, 'Vth': -41.5, 'Vmax': 22.0, 't_ref': 8.5, 'R': 0.30000000000000004, 'tau_m': 59.5, 'R_adp': 0.9, 'tau_w': 60.5, 'a': 39.0}. Best is trial 414 with value: 2.0.[0m
2021-04-07 08:58:40.580275: I tensorflow/compiler/jit/xla_gpu_device.cc:99] Not creating XLA devices, tf_xla_enable_xla_devices not set
mse_error/peak_error 0 172
[32m[I 2021-04-07 08:58:54,431][0m Trial 515 finished with value: 172.0 and parameters: {'Vahp': -41.5, 'Vth': -41.0, 'Vmax': 20.0, 't_ref': 7.0, 'R': 0.30000000000000004, 'tau_m': 61.0, 'R_adp': 0.8, 'tau_w': 55.5, 'a': 45.5}. Best is trial 414 with value: 2.0.[0m
2021-04-07 08:58:54.671522: I tensorflow/compiler/jit/xla_gpu_device.cc:99] Not creating XLA devices, tf_xla_enable_xla_devices not set
mse_error/peak_error 0 192
[32m[I 2021-04-07 08:59:08,295][0m Trial 516 finished with value: 192.0 and parameters: {'Vahp': -42.5, 'Vth': -40.5, 'Vmax': 16.5, 't_ref': 8.5, 'R': 0.4, 'tau_m': 64.5, 'R_adp': 0.9, 'tau_w': 66.5, 'a': 48.5}. Best is trial 414 with value: 2.0.[0m
2021-04-07 08:59:08.531468: I tensorflow/compiler/jit/xla_gpu_device.cc:99] Not creating XLA devices, tf_xla_enable_xla_devices not set
mse_error/peak_error 0 31.0
[32m[I 2021-04-07 08:59:22,544][0m Trial 517 finished with value: 31.0 and parameters: {'Vahp': -45.0, 'Vth': -41.5, 'Vmax': 19.0, 't_ref': 9.5, 'R': 0.30000000000000004, 'tau_m': 58.0, 'R_adp': 0.8, 'tau_w': 58.5, 'a': 42.5}. Best is trial 414 with value: 2.0.[0m
2021-04-07 08:59:22.808395: I tensorflow/compiler/jit/xla_gpu_device.cc:99] Not creating XLA devices, tf_xla_enable_xla_devices not set
mse_error/peak_error 0 151
[32m[I 2021-04-07 08:59:36,708][0m Trial 518 finished with value: 151.0 and parameters: {'Vahp': -44.0, 'Vth': -40.5, 'Vmax': 17.0, 't_ref': 7.5, 'R': 0.30000000000000004, 'tau_m': 62.5, 'R_adp': 0.8, 'tau_w': 63.5, 'a': 52.5}. Best is trial 414 with value: 2.0.[0m
2021-04-07 08:59:36.945613: I tensorflow/compiler/jit/xla_gpu_device.cc:99] Not creating XLA devices, tf_xla_enable_xla_devices not set
mse_error/peak_error 0 43.0
[32m[I 2021-04-07 08:59:50,944][0m Trial 519 finished with value: 43.0 and parameters: {'Vahp': -42.0, 'Vth': -41.0, 'Vmax': 18.0, 't_ref': 6.0, 'R': 0.30000000000000004, 'tau_m': 60.0, 'R_adp': 0.9, 'tau_w': 61.0, 'a': 47.0}. Best is trial 414 with value: 2.0.[0m
2021-04-07 08:59:51.185558: I tensorflow/compiler/jit/xla_gpu_device.cc:99] Not creating XLA devices, tf_xla_enable_xla_devices not set
mse_error/peak_error 0 135
[32m[I 2021-04-07 09:00:05,268][0m Trial 520 finished with value: 135.0 and parameters: {'Vahp': -43.5, 'Vth': -40.0, 'Vmax': 16.0, 't_ref': 8.0, 'R': 0.30000000000000004, 'tau_m': 57.5, 'R_adp': 0.9, 'tau_w': 57.0, 'a': 50.0}. Best is trial 414 with value: 2.0.[0m
2021-04-07 09:00:05.504844: I tensorflow/compiler/jit/xla_gpu_device.cc:99] Not creating XLA devices, tf_xla_enable_xla_devices not set
mse_error/peak_error 0 415
[32m[I 2021-04-07 09:00:19,590][0m Trial 521 finished with value: 415.0 and parameters: {'Vahp': -45.0, 'Vth': -42.0, 'Vmax': 19.5, 't_ref': 9.0, 'R': 0.2, 'tau_m': 61.5, 'R_adp': 0.8, 'tau_w': 65.0, 'a': 44.0}. Best is trial 414 with value: 2.0.[0m
2021-04-07 09:00:19.830984: I tensorflow/compiler/jit/xla_gpu_device.cc:99] Not creating XLA devices, tf_xla_enable_xla_devices not set
mse_error/peak_error 0 39.0
[32m[I 2021-04-07 09:00:34,029][0m Trial 522 finished with value: 39.0 and parameters: {'Vahp': -42.5, 'Vth': -40.5, 'Vmax': 17.5, 't_ref': 8.5, 'R': 0.30000000000000004, 'tau_m': 65.0, 'R_adp': 0.8, 'tau_w': 62.5, 'a': 50.5}. Best is trial 414 with value: 2.0.[0m
2021-04-07 09:00:34.264980: I tensorflow/compiler/jit/xla_gpu_device.cc:99] Not creating XLA devices, tf_xla_enable_xla_devices not set
mse_error/peak_error 0 155
[32m[I 2021-04-07 09:00:48,514][0m Trial 523 finished with value: 155.0 and parameters: {'Vahp': -41.5, 'Vth': -41.0, 'Vmax': 15.5, 't_ref': 6.5, 'R': 0.30000000000000004, 'tau_m': 59.0, 'R_adp': 0.9, 'tau_w': 60.0, 'a': 53.5}. Best is trial 414 with value: 2.0.[0m
2021-04-07 09:00:48.749679: I tensorflow/compiler/jit/xla_gpu_device.cc:99] Not creating XLA devices, tf_xla_enable_xla_devices not set
mse_error/peak_error 0 55.0
[32m[I 2021-04-07 09:01:02,810][0m Trial 524 finished with value: 55.0 and parameters: {'Vahp': -45.5, 'Vth': -39.5, 'Vmax': 18.5, 't_ref': 7.5, 'R': 0.30000000000000004, 'tau_m': 56.5, 'R_adp': 0.9, 'tau_w': 54.0, 'a': 40.5}. Best is trial 414 with value: 2.0.[0m
2021-04-07 09:01:03.072099: I tensorflow/compiler/jit/xla_gpu_device.cc:99] Not creating XLA devices, tf_xla_enable_xla_devices not set
mse_error/peak_error 0 497
[32m[I 2021-04-07 09:01:17,250][0m Trial 525 finished with value: 497.0 and parameters: {'Vahp': -43.0, 'Vth': -41.5, 'Vmax': 21.5, 't_ref': 10.0, 'R': 0.6, 'tau_m': 67.5, 'R_adp': 0.8, 'tau_w': 66.5, 'a': 47.5}. Best is trial 414 with value: 2.0.[0m
2021-04-07 09:01:17.495128: I tensorflow/compiler/jit/xla_gpu_device.cc:99] Not creating XLA devices, tf_xla_enable_xla_devices not set
mse_error/peak_error 0 58.0
[32m[I 2021-04-07 09:01:31,734][0m Trial 526 finished with value: 58.0 and parameters: {'Vahp': -44.0, 'Vth': -40.0, 'Vmax': 16.5, 't_ref': 8.0, 'R': 0.30000000000000004, 'tau_m': 63.0, 'R_adp': 0.8, 'tau_w': 63.5, 'a': 46.0}. Best is trial 414 with value: 2.0.[0m
2021-04-07 09:01:31.982880: I tensorflow/compiler/jit/xla_gpu_device.cc:99] Not creating XLA devices, tf_xla_enable_xla_devices not set
mse_error/peak_error 0 37.0
[32m[I 2021-04-07 09:01:46,078][0m Trial 527 finished with value: 37.0 and parameters: {'Vahp': -41.0, 'Vth': -41.0, 'Vmax': 20.5, 't_ref': 9.0, 'R': 0.30000000000000004, 'tau_m': 61.0, 'R_adp': 1.0, 'tau_w': 58.0, 'a': 43.0}. Best is trial 414 with value: 2.0.[0m
2021-04-07 09:01:46.313468: I tensorflow/compiler/jit/xla_gpu_device.cc:99] Not creating XLA devices, tf_xla_enable_xla_devices not set
mse_error/peak_error 0 127
[32m[I 2021-04-07 09:02:00,378][0m Trial 528 finished with value: 127.0 and parameters: {'Vahp': -43.0, 'Vth': -40.5, 'Vmax': 24.5, 't_ref': 8.5, 'R': 0.30000000000000004, 'tau_m': 59.0, 'R_adp': 0.9, 'tau_w': 61.0, 'a': 51.5}. Best is trial 414 with value: 2.0.[0m
2021-04-07 09:02:00.633320: I tensorflow/compiler/jit/xla_gpu_device.cc:99] Not creating XLA devices, tf_xla_enable_xla_devices not set
mse_error/peak_error 0 369
[32m[I 2021-04-07 09:02:14,960][0m Trial 529 finished with value: 369.0 and parameters: {'Vahp': -42.0, 'Vth': -41.5, 'Vmax': 18.5, 't_ref': 7.0, 'R': 0.2, 'tau_m': 64.0, 'R_adp': 0.8, 'tau_w': 64.5, 'a': 49.5}. Best is trial 414 with value: 2.0.[0m
2021-04-07 09:02:15.201993: I tensorflow/compiler/jit/xla_gpu_device.cc:99] Not creating XLA devices, tf_xla_enable_xla_devices not set
mse_error/peak_error 0 172
[32m[I 2021-04-07 09:02:29,642][0m Trial 530 finished with value: 172.0 and parameters: {'Vahp': -44.5, 'Vth': -42.0, 'Vmax': 22.5, 't_ref': 9.0, 'R': 0.30000000000000004, 'tau_m': 56.5, 'R_adp': 0.6, 'tau_w': 61.5, 'a': 41.5}. Best is trial 414 with value: 2.0.[0m
2021-04-07 09:02:29.880358: I tensorflow/compiler/jit/xla_gpu_device.cc:99] Not creating XLA devices, tf_xla_enable_xla_devices not set
mse_error/peak_error 0 208
[32m[I 2021-04-07 09:02:44,514][0m Trial 531 finished with value: 208.0 and parameters: {'Vahp': -46.0, 'Vth': -39.5, 'Vmax': 17.0, 't_ref': 9.5, 'R': 0.30000000000000004, 'tau_m': 61.5, 'R_adp': 0.9, 'tau_w': 59.5, 'a': 45.0}. Best is trial 414 with value: 2.0.[0m
2021-04-07 09:02:44.753810: I tensorflow/compiler/jit/xla_gpu_device.cc:99] Not creating XLA devices, tf_xla_enable_xla_devices not set
mse_error/peak_error 0 208
[32m[I 2021-04-07 09:02:59,408][0m Trial 532 finished with value: 208.0 and parameters: {'Vahp': -43.5, 'Vth': -40.0, 'Vmax': 19.0, 't_ref': 8.0, 'R': 0.4, 'tau_m': 59.5, 'R_adp': 0.8, 'tau_w': 66.5, 'a': 53.0}. Best is trial 414 with value: 2.0.[0m
2021-04-07 09:02:59.645602: I tensorflow/compiler/jit/xla_gpu_device.cc:99] Not creating XLA devices, tf_xla_enable_xla_devices not set
mse_error/peak_error 0 181
[32m[I 2021-04-07 09:03:13,962][0m Trial 533 finished with value: 181.0 and parameters: {'Vahp': -42.5, 'Vth': -41.0, 'Vmax': 16.0, 't_ref': 4.5, 'R': 0.30000000000000004, 'tau_m': 66.0, 'R_adp': 0.8, 'tau_w': 56.5, 'a': 38.0}. Best is trial 414 with value: 2.0.[0m
2021-04-07 09:03:14.200707: I tensorflow/compiler/jit/xla_gpu_device.cc:99] Not creating XLA devices, tf_xla_enable_xla_devices not set
mse_error/peak_error 0 63.0
[32m[I 2021-04-07 09:03:28,796][0m Trial 534 finished with value: 63.0 and parameters: {'Vahp': -41.5, 'Vth': -40.5, 'Vmax': 17.5, 't_ref': 5.5, 'R': 0.30000000000000004, 'tau_m': 55.5, 'R_adp': 0.9, 'tau_w': 63.0, 'a': 48.5}. Best is trial 414 with value: 2.0.[0m
2021-04-07 09:03:29.053347: I tensorflow/compiler/jit/xla_gpu_device.cc:99] Not creating XLA devices, tf_xla_enable_xla_devices not set
mse_error/peak_error 0 24.0
[32m[I 2021-04-07 09:03:43,554][0m Trial 535 finished with value: 24.0 and parameters: {'Vahp': -44.0, 'Vth': -41.5, 'Vmax': 18.0, 't_ref': 7.5, 'R': 0.30000000000000004, 'tau_m': 58.0, 'R_adp': 0.7000000000000001, 'tau_w': 65.0, 'a': 51.5}. Best is trial 414 with value: 2.0.[0m
2021-04-07 09:03:43.799403: I tensorflow/compiler/jit/xla_gpu_device.cc:99] Not creating XLA devices, tf_xla_enable_xla_devices not set
mse_error/peak_error 0 38.0
[32m[I 2021-04-07 09:03:58,581][0m Trial 536 finished with value: 38.0 and parameters: {'Vahp': -43.0, 'Vth': -40.5, 'Vmax': 19.5, 't_ref': 8.5, 'R': 0.30000000000000004, 'tau_m': 63.0, 'R_adp': 0.7000000000000001, 'tau_w': 58.5, 'a': 46.5}. Best is trial 414 with value: 2.0.[0m
2021-04-07 09:03:58.815772: I tensorflow/compiler/jit/xla_gpu_device.cc:99] Not creating XLA devices, tf_xla_enable_xla_devices not set
mse_error/peak_error 0 540
[32m[I 2021-04-07 09:04:13,483][0m Trial 537 finished with value: 540.0 and parameters: {'Vahp': -45.5, 'Vth': -39.5, 'Vmax': 16.5, 't_ref': 9.0, 'R': 0.30000000000000004, 'tau_m': 1.5, 'R_adp': 0.9, 'tau_w': 55.0, 'a': 35.5}. Best is trial 414 with value: 2.0.[0m
2021-04-07 09:04:13.724086: I tensorflow/compiler/jit/xla_gpu_device.cc:99] Not creating XLA devices, tf_xla_enable_xla_devices not set
mse_error/peak_error 0 181
[32m[I 2021-04-07 09:04:28,637][0m Trial 538 finished with value: 181.0 and parameters: {'Vahp': -44.5, 'Vth': -40.0, 'Vmax': 15.5, 't_ref': 9.5, 'R': 0.30000000000000004, 'tau_m': 62.0, 'R_adp': 0.8, 'tau_w': 61.5, 'a': 54.0}. Best is trial 414 with value: 2.0.[0m
2021-04-07 09:04:28.883462: I tensorflow/compiler/jit/xla_gpu_device.cc:99] Not creating XLA devices, tf_xla_enable_xla_devices not set
mse_error/peak_error 0 190
[32m[I 2021-04-07 09:04:43,665][0m Trial 539 finished with value: 190.0 and parameters: {'Vahp': -41.0, 'Vth': -41.0, 'Vmax': 20.0, 't_ref': 7.0, 'R': 0.30000000000000004, 'tau_m': 60.0, 'R_adp': 0.7000000000000001, 'tau_w': 64.5, 'a': 43.5}. Best is trial 414 with value: 2.0.[0m
2021-04-07 09:04:44.379784: I tensorflow/compiler/jit/xla_gpu_device.cc:99] Not creating XLA devices, tf_xla_enable_xla_devices not set
mse_error/peak_error 0 642
[32m[I 2021-04-07 09:04:59,117][0m Trial 540 finished with value: 642.0 and parameters: {'Vahp': -42.0, 'Vth': -40.5, 'Vmax': 17.0, 't_ref': 8.0, 'R': 0.7000000000000001, 'tau_m': 69.5, 'R_adp': 0.9, 'tau_w': 60.0, 'a': 49.0}. Best is trial 414 with value: 2.0.[0m
2021-04-07 09:04:59.362329: I tensorflow/compiler/jit/xla_gpu_device.cc:99] Not creating XLA devices, tf_xla_enable_xla_devices not set
mse_error/peak_error 0 278
[32m[I 2021-04-07 09:05:14,156][0m Trial 541 finished with value: 278.0 and parameters: {'Vahp': -43.5, 'Vth': -41.5, 'Vmax': 21.0, 't_ref': 8.5, 'R': 0.2, 'tau_m': 58.0, 'R_adp': 0.7000000000000001, 'tau_w': 66.5, 'a': 40.5}. Best is trial 414 with value: 2.0.[0m
2021-04-07 09:05:14.397445: I tensorflow/compiler/jit/xla_gpu_device.cc:99] Not creating XLA devices, tf_xla_enable_xla_devices not set
mse_error/peak_error 0 305
[32m[I 2021-04-07 09:05:29,281][0m Trial 542 finished with value: 305.0 and parameters: {'Vahp': -42.5, 'Vth': -41.0, 'Vmax': 18.5, 't_ref': 10.0, 'R': 0.4, 'tau_m': 65.0, 'R_adp': 0.8, 'tau_w': 62.0, 'a': 45.0}. Best is trial 414 with value: 2.0.[0m
2021-04-07 09:05:29.527250: I tensorflow/compiler/jit/xla_gpu_device.cc:99] Not creating XLA devices, tf_xla_enable_xla_devices not set
mse_error/peak_error 0 58.0
[32m[I 2021-04-07 09:05:44,614][0m Trial 543 finished with value: 58.0 and parameters: {'Vahp': -46.5, 'Vth': -42.5, 'Vmax': 17.5, 't_ref': 6.5, 'R': 0.30000000000000004, 'tau_m': 55.5, 'R_adp': 0.9, 'tau_w': 58.0, 'a': 51.0}. Best is trial 414 with value: 2.0.[0m
2021-04-07 09:05:44.854408: I tensorflow/compiler/jit/xla_gpu_device.cc:99] Not creating XLA devices, tf_xla_enable_xla_devices not set
mse_error/peak_error 0 113.0
[32m[I 2021-04-07 09:05:59,802][0m Trial 544 finished with value: 113.0 and parameters: {'Vahp': -45.0, 'Vth': -44.5, 'Vmax': 16.0, 't_ref': 7.5, 'R': 0.30000000000000004, 'tau_m': 61.0, 'R_adp': 0.8, 'tau_w': 63.5, 'a': 47.5}. Best is trial 414 with value: 2.0.[0m
2021-04-07 09:06:00.039705: I tensorflow/compiler/jit/xla_gpu_device.cc:99] Not creating XLA devices, tf_xla_enable_xla_devices not set
mse_error/peak_error 0 294
[32m[I 2021-04-07 09:06:15,125][0m Trial 545 finished with value: 294.0 and parameters: {'Vahp': -43.5, 'Vth': -40.0, 'Vmax': 18.0, 't_ref': 9.0, 'R': 0.4, 'tau_m': 64.0, 'R_adp': 0.6, 'tau_w': 60.0, 'a': 42.0}. Best is trial 414 with value: 2.0.[0m
2021-04-07 09:06:15.364006: I tensorflow/compiler/jit/xla_gpu_device.cc:99] Not creating XLA devices, tf_xla_enable_xla_devices not set
mse_error/peak_error 0 14.0
[32m[I 2021-04-07 09:06:30,377][0m Trial 546 finished with value: 14.0 and parameters: {'Vahp': -42.5, 'Vth': -41.0, 'Vmax': 19.0, 't_ref': 8.0, 'R': 0.30000000000000004, 'tau_m': 67.0, 'R_adp': 0.7000000000000001, 'tau_w': 62.5, 'a': 54.0}. Best is trial 414 with value: 2.0.[0m
2021-04-07 09:06:30.617189: I tensorflow/compiler/jit/xla_gpu_device.cc:99] Not creating XLA devices, tf_xla_enable_xla_devices not set
mse_error/peak_error 0 31.0
[32m[I 2021-04-07 09:06:45,758][0m Trial 547 finished with value: 31.0 and parameters: {'Vahp': -41.5, 'Vth': -40.5, 'Vmax': 23.5, 't_ref': 8.5, 'R': 0.30000000000000004, 'tau_m': 59.0, 'R_adp': 1.0, 'tau_w': 56.0, 'a': 39.0}. Best is trial 414 with value: 2.0.[0m
2021-04-07 09:06:46.041704: I tensorflow/compiler/jit/xla_gpu_device.cc:99] Not creating XLA devices, tf_xla_enable_xla_devices not set
mse_error/peak_error 0 446
