[32m[I 2021-04-07 08:04:10,462][0m Trial 96 finished with value: 265.0 and parameters: {'Vahp': -22.5, 'Vth': -20.5, 'Vmax': 15.0, 't_ref': 15.5, 'R': 0.8, 'tau_m': 53.5, 'R_adp': 0.4, 'tau_w': 68.0, 'a': 75.0}. Best is trial 22 with value: 44.0.[0m
2021-04-07 08:04:10.685652: I tensorflow/compiler/jit/xla_gpu_device.cc:99] Not creating XLA devices, tf_xla_enable_xla_devices not set
mse_error/peak_error 0 369
[32m[I 2021-04-07 08:04:12,890][0m Trial 97 finished with value: 369.0 and parameters: {'Vahp': -37.0, 'Vth': -25.0, 'Vmax': 13.5, 't_ref': 11.0, 'R': 0.30000000000000004, 'tau_m': 44.5, 'R_adp': 0.5, 'tau_w': 64.5, 'a': 46.5}. Best is trial 22 with value: 44.0.[0m
2021-04-07 08:04:13.103956: I tensorflow/compiler/jit/xla_gpu_device.cc:99] Not creating XLA devices, tf_xla_enable_xla_devices not set
mse_error/peak_error 0 759
[32m[I 2021-04-07 08:04:15,356][0m Trial 98 finished with value: 759.0 and parameters: {'Vahp': -35.5, 'Vth': -21.0, 'Vmax': 16.0, 't_ref': 12.5, 'R': 0.4, 'tau_m': 89.5, 'R_adp': 0.4, 'tau_w': 57.5, 'a': 66.0}. Best is trial 22 with value: 44.0.[0m
2021-04-07 08:04:15.564114: I tensorflow/compiler/jit/xla_gpu_device.cc:99] Not creating XLA devices, tf_xla_enable_xla_devices not set
mse_error/peak_error 0 249
[32m[I 2021-04-07 08:04:17,813][0m Trial 99 finished with value: 249.0 and parameters: {'Vahp': -21.0, 'Vth': -20.0, 'Vmax': 13.0, 't_ref': 16.0, 'R': 0.4, 'tau_m': 48.0, 'R_adp': 0.5, 'tau_w': 2.5, 'a': 56.0}. Best is trial 22 with value: 44.0.[0m
2021-04-07 08:04:18.035442: I tensorflow/compiler/jit/xla_gpu_device.cc:99] Not creating XLA devices, tf_xla_enable_xla_devices not set
mse_error/peak_error 0 1054
[32m[I 2021-04-07 08:04:20,325][0m Trial 100 finished with value: 1054.0 and parameters: {'Vahp': -48.0, 'Vth': -47.0, 'Vmax': 10.5, 't_ref': 13.0, 'R': 0.1, 'tau_m': 38.5, 'R_adp': 0.8, 'tau_w': 54.5, 'a': 72.0}. Best is trial 22 with value: 44.0.[0m
2021-04-07 08:04:20.532426: I tensorflow/compiler/jit/xla_gpu_device.cc:99] Not creating XLA devices, tf_xla_enable_xla_devices not set
mse_error/peak_error 0 73.0
[32m[I 2021-04-07 08:04:22,892][0m Trial 101 finished with value: 73.0 and parameters: {'Vahp': -46.5, 'Vth': -41.0, 'Vmax': 12.0, 't_ref': 13.5, 'R': 0.30000000000000004, 'tau_m': 36.0, 'R_adp': 0.6, 'tau_w': 74.5, 'a': 61.0}. Best is trial 22 with value: 44.0.[0m
2021-04-07 08:04:23.106628: I tensorflow/compiler/jit/xla_gpu_device.cc:99] Not creating XLA devices, tf_xla_enable_xla_devices not set
mse_error/peak_error 0 89.0
[32m[I 2021-04-07 08:04:25,445][0m Trial 102 finished with value: 89.0 and parameters: {'Vahp': -51.0, 'Vth': -43.0, 'Vmax': 12.5, 't_ref': 13.5, 'R': 0.30000000000000004, 'tau_m': 29.5, 'R_adp': 0.6, 'tau_w': 74.0, 'a': 63.0}. Best is trial 22 with value: 44.0.[0m
2021-04-07 08:04:25.652626: I tensorflow/compiler/jit/xla_gpu_device.cc:99] Not creating XLA devices, tf_xla_enable_xla_devices not set
mse_error/peak_error 0 129.0
[32m[I 2021-04-07 08:04:27,988][0m Trial 103 finished with value: 129.0 and parameters: {'Vahp': -46.0, 'Vth': -43.0, 'Vmax': 14.5, 't_ref': 13.5, 'R': 0.30000000000000004, 'tau_m': 30.0, 'R_adp': 0.6, 'tau_w': 74.5, 'a': 53.0}. Best is trial 22 with value: 44.0.[0m
2021-04-07 08:04:28.198212: I tensorflow/compiler/jit/xla_gpu_device.cc:99] Not creating XLA devices, tf_xla_enable_xla_devices not set
mse_error/peak_error 0 290
[32m[I 2021-04-07 08:04:30,636][0m Trial 104 finished with value: 290.0 and parameters: {'Vahp': -45.0, 'Vth': -42.5, 'Vmax': 12.0, 't_ref': 15.0, 'R': 0.2, 'tau_m': 35.5, 'R_adp': 0.6, 'tau_w': 80.0, 'a': 63.0}. Best is trial 22 with value: 44.0.[0m
2021-04-07 08:04:30.853335: I tensorflow/compiler/jit/xla_gpu_device.cc:99] Not creating XLA devices, tf_xla_enable_xla_devices not set
mse_error/peak_error 0 149.0
[32m[I 2021-04-07 08:04:33,237][0m Trial 105 finished with value: 149.0 and parameters: {'Vahp': -49.0, 'Vth': -45.5, 'Vmax': 10.5, 't_ref': 14.0, 'R': 0.30000000000000004, 'tau_m': 28.0, 'R_adp': 0.6, 'tau_w': 73.5, 'a': 67.5}. Best is trial 22 with value: 44.0.[0m
2021-04-07 08:04:33.450448: I tensorflow/compiler/jit/xla_gpu_device.cc:99] Not creating XLA devices, tf_xla_enable_xla_devices not set
mse_error/peak_error 0 375
[32m[I 2021-04-07 08:04:35,871][0m Trial 106 finished with value: 375.0 and parameters: {'Vahp': -47.0, 'Vth': -40.0, 'Vmax': 30.0, 't_ref': 13.5, 'R': 0.5, 'tau_m': 32.5, 'R_adp': 0.5, 'tau_w': 70.5, 'a': 70.5}. Best is trial 22 with value: 44.0.[0m
2021-04-07 08:04:36.093551: I tensorflow/compiler/jit/xla_gpu_device.cc:99] Not creating XLA devices, tf_xla_enable_xla_devices not set
mse_error/peak_error 0 149.0
[32m[I 2021-04-07 08:04:38,545][0m Trial 107 finished with value: 149.0 and parameters: {'Vahp': -50.0, 'Vth': -38.5, 'Vmax': 13.5, 't_ref': 19.5, 'R': 0.30000000000000004, 'tau_m': 24.5, 'R_adp': 0.6, 'tau_w': 67.5, 'a': 59.0}. Best is trial 22 with value: 44.0.[0m
2021-04-07 08:04:38.760032: I tensorflow/compiler/jit/xla_gpu_device.cc:99] Not creating XLA devices, tf_xla_enable_xla_devices not set
mse_error/peak_error 0 326
[32m[I 2021-04-07 08:04:41,265][0m Trial 108 finished with value: 326.0 and parameters: {'Vahp': -46.0, 'Vth': -44.0, 'Vmax': 27.0, 't_ref': 14.5, 'R': 0.4, 'tau_m': 20.0, 'R_adp': 0.5, 'tau_w': 76.0, 'a': 78.0}. Best is trial 22 with value: 44.0.[0m
2021-04-07 08:04:41.475514: I tensorflow/compiler/jit/xla_gpu_device.cc:99] Not creating XLA devices, tf_xla_enable_xla_devices not set
mse_error/peak_error 0 1432
[32m[I 2021-04-07 08:04:44,012][0m Trial 109 finished with value: 1432.0 and parameters: {'Vahp': -40.5, 'Vth': -32.5, 'Vmax': 17.0, 't_ref': 16.5, 'R': 0.2, 'tau_m': 98.5, 'R_adp': 0.7000000000000001, 'tau_w': 81.0, 'a': 63.0}. Best is trial 22 with value: 44.0.[0m
2021-04-07 08:04:44.220479: I tensorflow/compiler/jit/xla_gpu_device.cc:99] Not creating XLA devices, tf_xla_enable_xla_devices not set
mse_error/peak_error 0 206
[32m[I 2021-04-07 08:04:46,720][0m Trial 110 finished with value: 206.0 and parameters: {'Vahp': -50.5, 'Vth': -36.5, 'Vmax': 15.5, 't_ref': 12.0, 'R': 1.0, 'tau_m': 90.5, 'R_adp': 0.6, 'tau_w': 84.0, 'a': 55.5}. Best is trial 22 with value: 44.0.[0m
2021-04-07 08:04:46.922553: I tensorflow/compiler/jit/xla_gpu_device.cc:99] Not creating XLA devices, tf_xla_enable_xla_devices not set
mse_error/peak_error 0 92.0
[32m[I 2021-04-07 08:04:49,472][0m Trial 111 finished with value: 92.0 and parameters: {'Vahp': -51.0, 'Vth': -40.5, 'Vmax': 12.5, 't_ref': 11.5, 'R': 0.30000000000000004, 'tau_m': 41.0, 'R_adp': 0.5, 'tau_w': 63.0, 'a': 64.5}. Best is trial 22 with value: 44.0.[0m
2021-04-07 08:04:49.692497: I tensorflow/compiler/jit/xla_gpu_device.cc:99] Not creating XLA devices, tf_xla_enable_xla_devices not set
mse_error/peak_error 0 121.0
[32m[I 2021-04-07 08:04:52,244][0m Trial 112 finished with value: 121.0 and parameters: {'Vahp': -51.5, 'Vth': -40.5, 'Vmax': 13.0, 't_ref': 13.0, 'R': 0.30000000000000004, 'tau_m': 41.0, 'R_adp': 0.5, 'tau_w': 70.0, 'a': 66.5}. Best is trial 22 with value: 44.0.[0m
2021-04-07 08:04:52.450199: I tensorflow/compiler/jit/xla_gpu_device.cc:99] Not creating XLA devices, tf_xla_enable_xla_devices not set
mse_error/peak_error 0 65.0
[32m[I 2021-04-07 08:04:54,965][0m Trial 113 finished with value: 65.0 and parameters: {'Vahp': -48.5, 'Vth': -41.0, 'Vmax': 14.5, 't_ref': 12.5, 'R': 0.30000000000000004, 'tau_m': 38.0, 'R_adp': 0.5, 'tau_w': 63.0, 'a': 51.5}. Best is trial 22 with value: 44.0.[0m
2021-04-07 08:04:55.178820: I tensorflow/compiler/jit/xla_gpu_device.cc:99] Not creating XLA devices, tf_xla_enable_xla_devices not set
mse_error/peak_error 0 187
[32m[I 2021-04-07 08:04:57,718][0m Trial 114 finished with value: 187.0 and parameters: {'Vahp': -49.0, 'Vth': -43.0, 'Vmax': 14.5, 't_ref': 14.0, 'R': 0.30000000000000004, 'tau_m': 37.5, 'R_adp': 0.5, 'tau_w': 73.0, 'a': 51.5}. Best is trial 22 with value: 44.0.[0m
2021-04-07 08:04:57.932584: I tensorflow/compiler/jit/xla_gpu_device.cc:99] Not creating XLA devices, tf_xla_enable_xla_devices not set
mse_error/peak_error 0 502
[32m[I 2021-04-07 08:05:00,542][0m Trial 115 finished with value: 502.0 and parameters: {'Vahp': -47.5, 'Vth': -42.0, 'Vmax': 14.0, 't_ref': 12.5, 'R': 0.4, 'tau_m': 26.5, 'R_adp': 0.6, 'tau_w': 24.5, 'a': 57.5}. Best is trial 22 with value: 44.0.[0m
2021-04-07 08:05:00.754099: I tensorflow/compiler/jit/xla_gpu_device.cc:99] Not creating XLA devices, tf_xla_enable_xla_devices not set
mse_error/peak_error 0 278
[32m[I 2021-04-07 08:05:03,377][0m Trial 116 finished with value: 278.0 and parameters: {'Vahp': -48.5, 'Vth': -44.5, 'Vmax': 28.0, 't_ref': 18.5, 'R': 0.8, 'tau_m': 31.0, 'R_adp': 0.5, 'tau_w': 46.0, 'a': 48.0}. Best is trial 22 with value: 44.0.[0m
2021-04-07 08:05:03.608629: I tensorflow/compiler/jit/xla_gpu_device.cc:99] Not creating XLA devices, tf_xla_enable_xla_devices not set
mse_error/peak_error 0 1702
[32m[I 2021-04-07 08:05:06,301][0m Trial 117 finished with value: 1702.0 and parameters: {'Vahp': -32.5, 'Vth': -24.0, 'Vmax': 18.0, 't_ref': 14.0, 'R': 0.2, 'tau_m': 94.0, 'R_adp': 0.6, 'tau_w': 68.0, 'a': 53.5}. Best is trial 22 with value: 44.0.[0m
2021-04-07 08:05:06.522144: I tensorflow/compiler/jit/xla_gpu_device.cc:99] Not creating XLA devices, tf_xla_enable_xla_devices not set
mse_error/peak_error 0 79.0
[32m[I 2021-04-07 08:05:09,241][0m Trial 118 finished with value: 79.0 and parameters: {'Vahp': -47.0, 'Vth': -42.0, 'Vmax': 11.5, 't_ref': 13.5, 'R': 0.30000000000000004, 'tau_m': 36.0, 'R_adp': 0.6, 'tau_w': 60.0, 'a': 59.5}. Best is trial 22 with value: 44.0.[0m
2021-04-07 08:05:09.462640: I tensorflow/compiler/jit/xla_gpu_device.cc:99] Not creating XLA devices, tf_xla_enable_xla_devices not set
mse_error/peak_error 0 74.0
[32m[I 2021-04-07 08:05:12,153][0m Trial 119 finished with value: 74.0 and parameters: {'Vahp': -44.5, 'Vth': -41.0, 'Vmax': 11.5, 't_ref': 13.5, 'R': 0.30000000000000004, 'tau_m': 36.0, 'R_adp': 0.6, 'tau_w': 59.0, 'a': 60.5}. Best is trial 22 with value: 44.0.[0m
2021-04-07 08:05:12.361211: I tensorflow/compiler/jit/xla_gpu_device.cc:99] Not creating XLA devices, tf_xla_enable_xla_devices not set
mse_error/peak_error 0 66.0
[32m[I 2021-04-07 08:05:15,122][0m Trial 120 finished with value: 66.0 and parameters: {'Vahp': -44.5, 'Vth': -41.0, 'Vmax': 11.5, 't_ref': 15.0, 'R': 0.30000000000000004, 'tau_m': 36.0, 'R_adp': 0.7000000000000001, 'tau_w': 59.0, 'a': 49.5}. Best is trial 22 with value: 44.0.[0m
2021-04-07 08:05:15.334193: I tensorflow/compiler/jit/xla_gpu_device.cc:99] Not creating XLA devices, tf_xla_enable_xla_devices not set
mse_error/peak_error 0 73.0
[32m[I 2021-04-07 08:05:18,067][0m Trial 121 finished with value: 73.0 and parameters: {'Vahp': -47.0, 'Vth': -41.0, 'Vmax': 11.5, 't_ref': 15.0, 'R': 0.30000000000000004, 'tau_m': 36.0, 'R_adp': 0.7000000000000001, 'tau_w': 60.5, 'a': 49.5}. Best is trial 22 with value: 44.0.[0m
2021-04-07 08:05:18.288619: I tensorflow/compiler/jit/xla_gpu_device.cc:99] Not creating XLA devices, tf_xla_enable_xla_devices not set
mse_error/peak_error 0 95.0
[32m[I 2021-04-07 08:05:21,102][0m Trial 122 finished with value: 95.0 and parameters: {'Vahp': -45.0, 'Vth': -42.0, 'Vmax': 11.0, 't_ref': 14.5, 'R': 0.30000000000000004, 'tau_m': 36.0, 'R_adp': 0.8, 'tau_w': 58.5, 'a': 45.5}. Best is trial 22 with value: 44.0.[0m
2021-04-07 08:05:21.330088: I tensorflow/compiler/jit/xla_gpu_device.cc:99] Not creating XLA devices, tf_xla_enable_xla_devices not set
mse_error/peak_error 0 97.0
[32m[I 2021-04-07 08:05:24,177][0m Trial 123 finished with value: 97.0 and parameters: {'Vahp': -44.5, 'Vth': -41.5, 'Vmax': 11.5, 't_ref': 12.5, 'R': 0.30000000000000004, 'tau_m': 38.0, 'R_adp': 0.7000000000000001, 'tau_w': 60.0, 'a': 50.5}. Best is trial 22 with value: 44.0.[0m
2021-04-07 08:05:24.381664: I tensorflow/compiler/jit/xla_gpu_device.cc:99] Not creating XLA devices, tf_xla_enable_xla_devices not set
mse_error/peak_error 0 162
[32m[I 2021-04-07 08:05:27,243][0m Trial 124 finished with value: 162.0 and parameters: {'Vahp': -43.5, 'Vth': -41.0, 'Vmax': 10.0, 't_ref': 15.0, 'R': 0.30000000000000004, 'tau_m': 43.0, 'R_adp': 0.7000000000000001, 'tau_w': 62.0, 'a': 40.5}. Best is trial 22 with value: 44.0.[0m
2021-04-07 08:05:27.452728: I tensorflow/compiler/jit/xla_gpu_device.cc:99] Not creating XLA devices, tf_xla_enable_xla_devices not set
mse_error/peak_error 0 271
[32m[I 2021-04-07 08:05:30,327][0m Trial 125 finished with value: 271.0 and parameters: {'Vahp': -46.0, 'Vth': -40.0, 'Vmax': 10.5, 't_ref': 13.5, 'R': 0.2, 'tau_m': 34.5, 'R_adp': 0.7000000000000001, 'tau_w': 64.5, 'a': 49.0}. Best is trial 22 with value: 44.0.[0m
2021-04-07 08:05:30.536909: I tensorflow/compiler/jit/xla_gpu_device.cc:99] Not creating XLA devices, tf_xla_enable_xla_devices not set
mse_error/peak_error 0 187
[32m[I 2021-04-07 08:05:33,403][0m Trial 126 finished with value: 187.0 and parameters: {'Vahp': -46.5, 'Vth': -41.0, 'Vmax': 12.0, 't_ref': 15.0, 'R': 0.30000000000000004, 'tau_m': 32.5, 'R_adp': 0.7000000000000001, 'tau_w': 66.0, 'a': 38.5}. Best is trial 22 with value: 44.0.[0m
2021-04-07 08:05:33.618543: I tensorflow/compiler/jit/xla_gpu_device.cc:99] Not creating XLA devices, tf_xla_enable_xla_devices not set
mse_error/peak_error 0 506
[32m[I 2021-04-07 08:05:36,493][0m Trial 127 finished with value: 506.0 and parameters: {'Vahp': -42.0, 'Vth': -41.0, 'Vmax': 11.5, 't_ref': 0.5, 'R': 0.4, 'tau_m': 39.5, 'R_adp': 0.7000000000000001, 'tau_w': 52.5, 'a': 60.0}. Best is trial 22 with value: 44.0.[0m
2021-04-07 08:05:36.721967: I tensorflow/compiler/jit/xla_gpu_device.cc:99] Not creating XLA devices, tf_xla_enable_xla_devices not set
mse_error/peak_error 0 208
[32m[I 2021-04-07 08:05:39,587][0m Trial 128 finished with value: 208.0 and parameters: {'Vahp': -47.0, 'Vth': -42.5, 'Vmax': 13.5, 't_ref': 13.0, 'R': 0.30000000000000004, 'tau_m': 37.5, 'R_adp': 0.7000000000000001, 'tau_w': 63.5, 'a': 44.5}. Best is trial 22 with value: 44.0.[0m
2021-04-07 08:05:39.824043: I tensorflow/compiler/jit/xla_gpu_device.cc:99] Not creating XLA devices, tf_xla_enable_xla_devices not set
mse_error/peak_error 0 176
[32m[I 2021-04-07 08:05:42,638][0m Trial 129 finished with value: 176.0 and parameters: {'Vahp': -44.0, 'Vth': -39.5, 'Vmax': 10.5, 't_ref': 15.5, 'R': 0.4, 'tau_m': 46.0, 'R_adp': 0.6, 'tau_w': 60.0, 'a': 54.5}. Best is trial 22 with value: 44.0.[0m
2021-04-07 08:05:42.863503: I tensorflow/compiler/jit/xla_gpu_device.cc:99] Not creating XLA devices, tf_xla_enable_xla_devices not set
mse_error/peak_error 0 239
[32m[I 2021-04-07 08:05:45,840][0m Trial 130 finished with value: 239.0 and parameters: {'Vahp': -48.0, 'Vth': -44.0, 'Vmax': 11.0, 't_ref': 12.0, 'R': 0.30000000000000004, 'tau_m': 35.5, 'R_adp': 0.6, 'tau_w': 71.0, 'a': 52.5}. Best is trial 22 with value: 44.0.[0m
2021-04-07 08:05:46.049902: I tensorflow/compiler/jit/xla_gpu_device.cc:99] Not creating XLA devices, tf_xla_enable_xla_devices not set
mse_error/peak_error 0 324
[32m[I 2021-04-07 08:05:49,078][0m Trial 131 finished with value: 324.0 and parameters: {'Vahp': -49.5, 'Vth': -38.5, 'Vmax': 12.0, 't_ref': 14.5, 'R': 0.2, 'tau_m': 32.0, 'R_adp': 0.6, 'tau_w': 56.5, 'a': 57.5}. Best is trial 22 with value: 44.0.[0m
2021-04-07 08:05:49.297336: I tensorflow/compiler/jit/xla_gpu_device.cc:99] Not creating XLA devices, tf_xla_enable_xla_devices not set
mse_error/peak_error 0 74.0
[32m[I 2021-04-07 08:05:52,360][0m Trial 132 finished with value: 74.0 and parameters: {'Vahp': -45.5, 'Vth': -40.0, 'Vmax': 13.0, 't_ref': 16.0, 'R': 0.30000000000000004, 'tau_m': 33.5, 'R_adp': 0.7000000000000001, 'tau_w': 50.0, 'a': 55.5}. Best is trial 22 with value: 44.0.[0m
2021-04-07 08:05:52.587507: I tensorflow/compiler/jit/xla_gpu_device.cc:99] Not creating XLA devices, tf_xla_enable_xla_devices not set
mse_error/peak_error 0 86.0
[32m[I 2021-04-07 08:05:55,591][0m Trial 133 finished with value: 86.0 and parameters: {'Vahp': -45.0, 'Vth': -40.0, 'Vmax': 13.0, 't_ref': 17.0, 'R': 0.30000000000000004, 'tau_m': 33.5, 'R_adp': 0.7000000000000001, 'tau_w': 54.5, 'a': 56.5}. Best is trial 22 with value: 44.0.[0m
2021-04-07 08:05:55.816924: I tensorflow/compiler/jit/xla_gpu_device.cc:99] Not creating XLA devices, tf_xla_enable_xla_devices not set
mse_error/peak_error 0 63.0
[32m[I 2021-04-07 08:05:58,830][0m Trial 134 finished with value: 63.0 and parameters: {'Vahp': -43.0, 'Vth': -40.5, 'Vmax': 11.5, 't_ref': 16.0, 'R': 0.30000000000000004, 'tau_m': 36.0, 'R_adp': 0.7000000000000001, 'tau_w': 48.0, 'a': 61.0}. Best is trial 22 with value: 44.0.[0m
2021-04-07 08:05:59.238705: I tensorflow/compiler/jit/xla_gpu_device.cc:99] Not creating XLA devices, tf_xla_enable_xla_devices not set
mse_error/peak_error 0 64.0
[32m[I 2021-04-07 08:06:02,339][0m Trial 135 finished with value: 64.0 and parameters: {'Vahp': -43.0, 'Vth': -42.0, 'Vmax': 10.0, 't_ref': 17.5, 'R': 0.30000000000000004, 'tau_m': 39.5, 'R_adp': 0.8, 'tau_w': 51.0, 'a': 60.5}. Best is trial 22 with value: 44.0.[0m
2021-04-07 08:06:02.565346: I tensorflow/compiler/jit/xla_gpu_device.cc:99] Not creating XLA devices, tf_xla_enable_xla_devices not set
mse_error/peak_error 0 156
[32m[I 2021-04-07 08:06:05,708][0m Trial 136 finished with value: 156.0 and parameters: {'Vahp': -40.5, 'Vth': -40.5, 'Vmax': 10.0, 't_ref': 17.5, 'R': 0.30000000000000004, 'tau_m': 42.5, 'R_adp': 0.8, 'tau_w': 69.0, 'a': 61.5}. Best is trial 22 with value: 44.0.[0m
2021-04-07 08:06:05.912300: I tensorflow/compiler/jit/xla_gpu_device.cc:99] Not creating XLA devices, tf_xla_enable_xla_devices not set
mse_error/peak_error 0 59.0
[32m[I 2021-04-07 08:06:09,009][0m Trial 137 finished with value: 59.0 and parameters: {'Vahp': -42.5, 'Vth': -41.0, 'Vmax': 11.0, 't_ref': 16.0, 'R': 0.30000000000000004, 'tau_m': 40.0, 'R_adp': 0.8, 'tau_w': 51.0, 'a': 51.0}. Best is trial 22 with value: 44.0.[0m
2021-04-07 08:06:09.221012: I tensorflow/compiler/jit/xla_gpu_device.cc:99] Not creating XLA devices, tf_xla_enable_xla_devices not set
mse_error/peak_error 0 236
[32m[I 2021-04-07 08:06:12,369][0m Trial 138 finished with value: 236.0 and parameters: {'Vahp': -43.0, 'Vth': -41.0, 'Vmax': 11.0, 't_ref': 16.5, 'R': 0.2, 'tau_m': 40.5, 'R_adp': 0.8, 'tau_w': 50.5, 'a': 48.5}. Best is trial 22 with value: 44.0.[0m
2021-04-07 08:06:12.579418: I tensorflow/compiler/jit/xla_gpu_device.cc:99] Not creating XLA devices, tf_xla_enable_xla_devices not set
mse_error/peak_error 0 341
[32m[I 2021-04-07 08:06:15,687][0m Trial 139 finished with value: 341.0 and parameters: {'Vahp': -42.0, 'Vth': -41.5, 'Vmax': 10.0, 't_ref': 16.0, 'R': 0.4, 'tau_m': 39.0, 'R_adp': 0.9, 'tau_w': 49.0, 'a': 43.0}. Best is trial 22 with value: 44.0.[0m
2021-04-07 08:06:15.911275: I tensorflow/compiler/jit/xla_gpu_device.cc:99] Not creating XLA devices, tf_xla_enable_xla_devices not set
mse_error/peak_error 0 175
[32m[I 2021-04-07 08:06:19,136][0m Trial 140 finished with value: 175.0 and parameters: {'Vahp': -44.0, 'Vth': -42.0, 'Vmax': 39.5, 't_ref': 17.5, 'R': 0.30000000000000004, 'tau_m': 34.0, 'R_adp': 0.8, 'tau_w': 46.5, 'a': 50.5}. Best is trial 22 with value: 44.0.[0m
2021-04-07 08:06:19.369333: I tensorflow/compiler/jit/xla_gpu_device.cc:99] Not creating XLA devices, tf_xla_enable_xla_devices not set
mse_error/peak_error 0 158
[32m[I 2021-04-07 08:06:22,633][0m Trial 141 finished with value: 158.0 and parameters: {'Vahp': -41.5, 'Vth': -41.0, 'Vmax': 12.5, 't_ref': 16.0, 'R': 0.30000000000000004, 'tau_m': 43.0, 'R_adp': 0.8, 'tau_w': 43.0, 'a': 54.5}. Best is trial 22 with value: 44.0.[0m
2021-04-07 08:06:22.839216: I tensorflow/compiler/jit/xla_gpu_device.cc:99] Not creating XLA devices, tf_xla_enable_xla_devices not set
mse_error/peak_error 0 326
[32m[I 2021-04-07 08:06:26,120][0m Trial 142 finished with value: 326.0 and parameters: {'Vahp': -39.0, 'Vth': -28.5, 'Vmax': 13.0, 't_ref': 16.5, 'R': 0.30000000000000004, 'tau_m': 37.0, 'R_adp': 0.8, 'tau_w': 51.0, 'a': 61.5}. Best is trial 22 with value: 44.0.[0m
2021-04-07 08:06:26.335224: I tensorflow/compiler/jit/xla_gpu_device.cc:99] Not creating XLA devices, tf_xla_enable_xla_devices not set
mse_error/peak_error 0 166
[32m[I 2021-04-07 08:06:29,653][0m Trial 143 finished with value: 166.0 and parameters: {'Vahp': -43.0, 'Vth': -40.5, 'Vmax': 11.0, 't_ref': 15.5, 'R': 0.30000000000000004, 'tau_m': 39.0, 'R_adp': 0.7000000000000001, 'tau_w': 48.0, 'a': 52.0}. Best is trial 22 with value: 44.0.[0m
2021-04-07 08:06:29.876917: I tensorflow/compiler/jit/xla_gpu_device.cc:99] Not creating XLA devices, tf_xla_enable_xla_devices not set
mse_error/peak_error 0 95.0
[32m[I 2021-04-07 08:06:33,201][0m Trial 144 finished with value: 95.0 and parameters: {'Vahp': -45.5, 'Vth': -39.5, 'Vmax': 14.0, 't_ref': 16.0, 'R': 0.30000000000000004, 'tau_m': 35.5, 'R_adp': 0.9, 'tau_w': 53.5, 'a': 47.5}. Best is trial 22 with value: 44.0.[0m
2021-04-07 08:06:33.410157: I tensorflow/compiler/jit/xla_gpu_device.cc:99] Not creating XLA devices, tf_xla_enable_xla_devices not set
mse_error/peak_error 0 63.0
[32m[I 2021-04-07 08:06:36,734][0m Trial 145 finished with value: 63.0 and parameters: {'Vahp': -44.0, 'Vth': -42.5, 'Vmax': 12.5, 't_ref': 17.0, 'R': 0.30000000000000004, 'tau_m': 50.0, 'R_adp': 0.8, 'tau_w': 49.0, 'a': 57.0}. Best is trial 22 with value: 44.0.[0m
2021-04-07 08:06:36.953091: I tensorflow/compiler/jit/xla_gpu_device.cc:99] Not creating XLA devices, tf_xla_enable_xla_devices not set
mse_error/peak_error 0 215
[32m[I 2021-04-07 08:06:40,280][0m Trial 146 finished with value: 215.0 and parameters: {'Vahp': -43.5, 'Vth': -43.5, 'Vmax': 12.0, 't_ref': 17.5, 'R': 0.4, 'tau_m': 44.5, 'R_adp': 0.8, 'tau_w': 45.5, 'a': 58.5}. Best is trial 22 with value: 44.0.[0m
2021-04-07 08:06:40.499252: I tensorflow/compiler/jit/xla_gpu_device.cc:99] Not creating XLA devices, tf_xla_enable_xla_devices not set
mse_error/peak_error 0 73.0
