[32m[I 2021-04-07 11:59:52,274][0m Trial 976 finished with value: 344.0 and parameters: {'Vahp': -26.5, 'Vth': -20.0, 'Vmax': 34.5, 't_ref': 11.0, 'R': 1.0, 'tau_m': 94.5}. Best is trial 75 with value: 82.0.[0m
2021-04-07 11:59:52.520671: I tensorflow/compiler/jit/xla_gpu_device.cc:99] Not creating XLA devices, tf_xla_enable_xla_devices not set
mse_error/peak_error 0 82.0
[32m[I 2021-04-07 12:00:26,683][0m Trial 977 finished with value: 82.0 and parameters: {'Vahp': -35.5, 'Vth': -21.5, 'Vmax': 12.5, 't_ref': 15.5, 'R': 0.9, 'tau_m': 90.5}. Best is trial 75 with value: 82.0.[0m
2021-04-07 12:00:26.937924: I tensorflow/compiler/jit/xla_gpu_device.cc:99] Not creating XLA devices, tf_xla_enable_xla_devices not set
mse_error/peak_error 0 176
[32m[I 2021-04-07 12:01:01,303][0m Trial 978 finished with value: 176.0 and parameters: {'Vahp': -34.0, 'Vth': -21.0, 'Vmax': 13.5, 't_ref': 16.0, 'R': 0.9, 'tau_m': 83.5}. Best is trial 75 with value: 82.0.[0m
2021-04-07 12:01:01.547677: I tensorflow/compiler/jit/xla_gpu_device.cc:99] Not creating XLA devices, tf_xla_enable_xla_devices not set
mse_error/peak_error 0 161
[32m[I 2021-04-07 12:01:35,981][0m Trial 979 finished with value: 161.0 and parameters: {'Vahp': -26.0, 'Vth': -20.0, 'Vmax': 37.0, 't_ref': 16.0, 'R': 1.0, 'tau_m': 94.5}. Best is trial 75 with value: 82.0.[0m
2021-04-07 12:01:36.226788: I tensorflow/compiler/jit/xla_gpu_device.cc:99] Not creating XLA devices, tf_xla_enable_xla_devices not set
mse_error/peak_error 0 82.0
[32m[I 2021-04-07 12:02:10,144][0m Trial 980 finished with value: 82.0 and parameters: {'Vahp': -30.0, 'Vth': -21.0, 'Vmax': 38.0, 't_ref': 17.5, 'R': 0.9, 'tau_m': 89.0}. Best is trial 75 with value: 82.0.[0m
2021-04-07 12:02:10.391152: I tensorflow/compiler/jit/xla_gpu_device.cc:99] Not creating XLA devices, tf_xla_enable_xla_devices not set
mse_error/peak_error 0 82.0
[32m[I 2021-04-07 12:02:44,352][0m Trial 981 finished with value: 82.0 and parameters: {'Vahp': -33.0, 'Vth': -20.5, 'Vmax': 11.0, 't_ref': 16.5, 'R': 0.9, 'tau_m': 86.5}. Best is trial 75 with value: 82.0.[0m
2021-04-07 12:02:44.601397: I tensorflow/compiler/jit/xla_gpu_device.cc:99] Not creating XLA devices, tf_xla_enable_xla_devices not set
mse_error/peak_error 0 83.0
[32m[I 2021-04-07 12:03:18,410][0m Trial 982 finished with value: 83.0 and parameters: {'Vahp': -33.0, 'Vth': -20.5, 'Vmax': 11.0, 't_ref': 16.5, 'R': 0.9, 'tau_m': 83.0}. Best is trial 75 with value: 82.0.[0m
2021-04-07 12:03:18.679987: I tensorflow/compiler/jit/xla_gpu_device.cc:99] Not creating XLA devices, tf_xla_enable_xla_devices not set
mse_error/peak_error 0 162
[32m[I 2021-04-07 12:03:53,070][0m Trial 983 finished with value: 162.0 and parameters: {'Vahp': -37.5, 'Vth': -22.0, 'Vmax': 15.0, 't_ref': 12.0, 'R': 1.0, 'tau_m': 98.0}. Best is trial 75 with value: 82.0.[0m
2021-04-07 12:03:53.318690: I tensorflow/compiler/jit/xla_gpu_device.cc:99] Not creating XLA devices, tf_xla_enable_xla_devices not set
mse_error/peak_error 0 372
[32m[I 2021-04-07 12:04:27,621][0m Trial 984 finished with value: 372.0 and parameters: {'Vahp': -51.0, 'Vth': -48.5, 'Vmax': 32.0, 't_ref': 17.5, 'R': 0.9, 'tau_m': 90.0}. Best is trial 75 with value: 82.0.[0m
2021-04-07 12:04:27.873791: I tensorflow/compiler/jit/xla_gpu_device.cc:99] Not creating XLA devices, tf_xla_enable_xla_devices not set
mse_error/peak_error 0 115.0
[32m[I 2021-04-07 12:05:02,198][0m Trial 985 finished with value: 115.0 and parameters: {'Vahp': -40.5, 'Vth': -21.5, 'Vmax': 32.5, 't_ref': 16.5, 'R': 0.9, 'tau_m': 88.5}. Best is trial 75 with value: 82.0.[0m
2021-04-07 12:05:02.448404: I tensorflow/compiler/jit/xla_gpu_device.cc:99] Not creating XLA devices, tf_xla_enable_xla_devices not set
mse_error/peak_error 0 82.0
[32m[I 2021-04-07 12:05:36,338][0m Trial 986 finished with value: 82.0 and parameters: {'Vahp': -34.0, 'Vth': -21.5, 'Vmax': 35.0, 't_ref': 15.5, 'R': 0.8, 'tau_m': 79.0}. Best is trial 75 with value: 82.0.[0m
2021-04-07 12:05:36.581503: I tensorflow/compiler/jit/xla_gpu_device.cc:99] Not creating XLA devices, tf_xla_enable_xla_devices not set
mse_error/peak_error 0 82.0
[32m[I 2021-04-07 12:06:10,841][0m Trial 987 finished with value: 82.0 and parameters: {'Vahp': -33.0, 'Vth': -21.0, 'Vmax': 34.5, 't_ref': 16.5, 'R': 1.0, 'tau_m': 98.0}. Best is trial 75 with value: 82.0.[0m
2021-04-07 12:06:11.087218: I tensorflow/compiler/jit/xla_gpu_device.cc:99] Not creating XLA devices, tf_xla_enable_xla_devices not set
mse_error/peak_error 0 161
[32m[I 2021-04-07 12:06:44,861][0m Trial 988 finished with value: 161.0 and parameters: {'Vahp': -24.0, 'Vth': -21.0, 'Vmax': 34.0, 't_ref': 16.5, 'R': 1.0, 'tau_m': 98.0}. Best is trial 75 with value: 82.0.[0m
2021-04-07 12:06:45.104467: I tensorflow/compiler/jit/xla_gpu_device.cc:99] Not creating XLA devices, tf_xla_enable_xla_devices not set
mse_error/peak_error 0 176
[32m[I 2021-04-07 12:07:18,507][0m Trial 989 finished with value: 176.0 and parameters: {'Vahp': -33.5, 'Vth': -21.0, 'Vmax': 39.0, 't_ref': 15.5, 'R': 1.0, 'tau_m': 95.5}. Best is trial 75 with value: 82.0.[0m
2021-04-07 12:07:18.785450: I tensorflow/compiler/jit/xla_gpu_device.cc:99] Not creating XLA devices, tf_xla_enable_xla_devices not set
mse_error/peak_error 0 178
[32m[I 2021-04-07 12:07:52,385][0m Trial 990 finished with value: 178.0 and parameters: {'Vahp': -38.0, 'Vth': -32.5, 'Vmax': 36.0, 't_ref': 18.0, 'R': 0.8, 'tau_m': 90.0}. Best is trial 75 with value: 82.0.[0m
2021-04-07 12:07:52.628324: I tensorflow/compiler/jit/xla_gpu_device.cc:99] Not creating XLA devices, tf_xla_enable_xla_devices not set
mse_error/peak_error 0 127.0
[32m[I 2021-04-07 12:08:26,441][0m Trial 991 finished with value: 127.0 and parameters: {'Vahp': -36.5, 'Vth': -22.5, 'Vmax': 36.5, 't_ref': 15.5, 'R': 0.8, 'tau_m': 94.5}. Best is trial 75 with value: 82.0.[0m
2021-04-07 12:08:26.688530: I tensorflow/compiler/jit/xla_gpu_device.cc:99] Not creating XLA devices, tf_xla_enable_xla_devices not set
mse_error/peak_error 0 568
[32m[I 2021-04-07 12:09:00,431][0m Trial 992 finished with value: 568.0 and parameters: {'Vahp': -37.0, 'Vth': -21.5, 'Vmax': 37.0, 't_ref': 14.5, 'R': 0.7000000000000001, 'tau_m': 0.5}. Best is trial 75 with value: 82.0.[0m
2021-04-07 12:09:00.675012: I tensorflow/compiler/jit/xla_gpu_device.cc:99] Not creating XLA devices, tf_xla_enable_xla_devices not set
mse_error/peak_error 0 99.0
[32m[I 2021-04-07 12:09:34,558][0m Trial 993 finished with value: 99.0 and parameters: {'Vahp': -29.0, 'Vth': -20.0, 'Vmax': 35.5, 't_ref': 18.0, 'R': 0.9, 'tau_m': 93.0}. Best is trial 75 with value: 82.0.[0m
2021-04-07 12:09:34.802943: I tensorflow/compiler/jit/xla_gpu_device.cc:99] Not creating XLA devices, tf_xla_enable_xla_devices not set
mse_error/peak_error 0 82.0
[32m[I 2021-04-07 12:10:08,742][0m Trial 994 finished with value: 82.0 and parameters: {'Vahp': -32.0, 'Vth': -21.0, 'Vmax': 40.0, 't_ref': 16.5, 'R': 0.9, 'tau_m': 86.0}. Best is trial 75 with value: 82.0.[0m
2021-04-07 12:10:08.982979: I tensorflow/compiler/jit/xla_gpu_device.cc:99] Not creating XLA devices, tf_xla_enable_xla_devices not set
mse_error/peak_error 0 82.0
[32m[I 2021-04-07 12:10:42,403][0m Trial 995 finished with value: 82.0 and parameters: {'Vahp': -32.5, 'Vth': -21.0, 'Vmax': 40.0, 't_ref': 16.5, 'R': 0.9, 'tau_m': 86.0}. Best is trial 75 with value: 82.0.[0m
2021-04-07 12:10:42.648673: I tensorflow/compiler/jit/xla_gpu_device.cc:99] Not creating XLA devices, tf_xla_enable_xla_devices not set
mse_error/peak_error 0 82.0
[32m[I 2021-04-07 12:11:16,362][0m Trial 996 finished with value: 82.0 and parameters: {'Vahp': -32.5, 'Vth': -21.0, 'Vmax': 40.0, 't_ref': 16.5, 'R': 0.9, 'tau_m': 88.0}. Best is trial 75 with value: 82.0.[0m
2021-04-07 12:11:16.605787: I tensorflow/compiler/jit/xla_gpu_device.cc:99] Not creating XLA devices, tf_xla_enable_xla_devices not set
mse_error/peak_error 0 89.0
[32m[I 2021-04-07 12:11:50,642][0m Trial 997 finished with value: 89.0 and parameters: {'Vahp': -28.5, 'Vth': -20.0, 'Vmax': 31.5, 't_ref': 18.5, 'R': 0.9, 'tau_m': 85.5}. Best is trial 75 with value: 82.0.[0m
2021-04-07 12:11:50.886072: I tensorflow/compiler/jit/xla_gpu_device.cc:99] Not creating XLA devices, tf_xla_enable_xla_devices not set
mse_error/peak_error 0 127.0
[32m[I 2021-04-07 12:12:24,952][0m Trial 998 finished with value: 127.0 and parameters: {'Vahp': -33.0, 'Vth': -20.5, 'Vmax': 11.0, 't_ref': 17.0, 'R': 0.9, 'tau_m': 99.5}. Best is trial 75 with value: 82.0.[0m
2021-04-07 12:12:25.197114: I tensorflow/compiler/jit/xla_gpu_device.cc:99] Not creating XLA devices, tf_xla_enable_xla_devices not set
mse_error/peak_error 0 83.0
[32m[I 2021-04-07 12:12:58,691][0m Trial 999 finished with value: 83.0 and parameters: {'Vahp': -34.5, 'Vth': -21.0, 'Vmax': 38.0, 't_ref': 15.5, 'R': 1.0, 'tau_m': 93.0}. Best is trial 75 with value: 82.0.[0m
