[32m[I 2021-04-07 10:58:47,803][0m Trial 860 finished with value: 83.0 and parameters: {'Vahp': -29.0, 'Vth': -20.0, 'Vmax': 31.0, 't_ref': 18.0, 'R': 1.0, 'tau_m': 91.5}. Best is trial 75 with value: 82.0.[0m
2021-04-07 10:58:48.043731: I tensorflow/compiler/jit/xla_gpu_device.cc:99] Not creating XLA devices, tf_xla_enable_xla_devices not set
mse_error/peak_error 0 127.0
[32m[I 2021-04-07 10:59:16,718][0m Trial 861 finished with value: 127.0 and parameters: {'Vahp': -29.5, 'Vth': -20.5, 'Vmax': 24.5, 't_ref': 17.5, 'R': 0.9, 'tau_m': 97.5}. Best is trial 75 with value: 82.0.[0m
2021-04-07 10:59:16.959024: I tensorflow/compiler/jit/xla_gpu_device.cc:99] Not creating XLA devices, tf_xla_enable_xla_devices not set
mse_error/peak_error 0 82.0
[32m[I 2021-04-07 10:59:45,624][0m Trial 862 finished with value: 82.0 and parameters: {'Vahp': -32.0, 'Vth': -20.5, 'Vmax': 32.0, 't_ref': 16.5, 'R': 0.9, 'tau_m': 86.0}. Best is trial 75 with value: 82.0.[0m
2021-04-07 10:59:45.866900: I tensorflow/compiler/jit/xla_gpu_device.cc:99] Not creating XLA devices, tf_xla_enable_xla_devices not set
mse_error/peak_error 0 366
[32m[I 2021-04-07 11:00:13,957][0m Trial 863 finished with value: 366.0 and parameters: {'Vahp': -35.0, 'Vth': -21.5, 'Vmax': 12.5, 't_ref': 15.5, 'R': 0.9, 'tau_m': 30.5}. Best is trial 75 with value: 82.0.[0m
2021-04-07 11:00:14.204170: I tensorflow/compiler/jit/xla_gpu_device.cc:99] Not creating XLA devices, tf_xla_enable_xla_devices not set
mse_error/peak_error 0 82.0
[32m[I 2021-04-07 11:00:42,297][0m Trial 864 finished with value: 82.0 and parameters: {'Vahp': -35.5, 'Vth': -21.0, 'Vmax': 11.5, 't_ref': 15.5, 'R': 0.9, 'tau_m': 90.0}. Best is trial 75 with value: 82.0.[0m
2021-04-07 11:00:42.545179: I tensorflow/compiler/jit/xla_gpu_device.cc:99] Not creating XLA devices, tf_xla_enable_xla_devices not set
mse_error/peak_error 0 83.0
[32m[I 2021-04-07 11:01:11,347][0m Trial 865 finished with value: 83.0 and parameters: {'Vahp': -30.0, 'Vth': -20.5, 'Vmax': 11.0, 't_ref': 17.5, 'R': 0.9, 'tau_m': 84.0}. Best is trial 75 with value: 82.0.[0m
2021-04-07 11:01:11.589220: I tensorflow/compiler/jit/xla_gpu_device.cc:99] Not creating XLA devices, tf_xla_enable_xla_devices not set
mse_error/peak_error 0 134.0
[32m[I 2021-04-07 11:01:40,329][0m Trial 866 finished with value: 134.0 and parameters: {'Vahp': -30.0, 'Vth': -20.5, 'Vmax': 40.0, 't_ref': 19.5, 'R': 0.9, 'tau_m': 91.0}. Best is trial 75 with value: 82.0.[0m
2021-04-07 11:01:40.578977: I tensorflow/compiler/jit/xla_gpu_device.cc:99] Not creating XLA devices, tf_xla_enable_xla_devices not set
mse_error/peak_error 0 82.0
[32m[I 2021-04-07 11:02:09,790][0m Trial 867 finished with value: 82.0 and parameters: {'Vahp': -29.0, 'Vth': -20.0, 'Vmax': 30.5, 't_ref': 18.0, 'R': 0.9, 'tau_m': 88.0}. Best is trial 75 with value: 82.0.[0m
2021-04-07 11:02:10.028260: I tensorflow/compiler/jit/xla_gpu_device.cc:99] Not creating XLA devices, tf_xla_enable_xla_devices not set
mse_error/peak_error 0 83.0
[32m[I 2021-04-07 11:02:39,108][0m Trial 868 finished with value: 83.0 and parameters: {'Vahp': -28.5, 'Vth': -20.0, 'Vmax': 29.0, 't_ref': 18.0, 'R': 1.0, 'tau_m': 92.5}. Best is trial 75 with value: 82.0.[0m
2021-04-07 11:02:39.367830: I tensorflow/compiler/jit/xla_gpu_device.cc:99] Not creating XLA devices, tf_xla_enable_xla_devices not set
mse_error/peak_error 0 146.0
[32m[I 2021-04-07 11:03:08,255][0m Trial 869 finished with value: 146.0 and parameters: {'Vahp': -27.5, 'Vth': -20.0, 'Vmax': 36.0, 't_ref': 18.5, 'R': 0.8, 'tau_m': 91.0}. Best is trial 75 with value: 82.0.[0m
2021-04-07 11:03:08.498680: I tensorflow/compiler/jit/xla_gpu_device.cc:99] Not creating XLA devices, tf_xla_enable_xla_devices not set
mse_error/peak_error 0 82.0
[32m[I 2021-04-07 11:03:37,784][0m Trial 870 finished with value: 82.0 and parameters: {'Vahp': -32.5, 'Vth': -21.0, 'Vmax': 30.0, 't_ref': 16.5, 'R': 0.9, 'tau_m': 89.5}. Best is trial 75 with value: 82.0.[0m
2021-04-07 11:03:38.028731: I tensorflow/compiler/jit/xla_gpu_device.cc:99] Not creating XLA devices, tf_xla_enable_xla_devices not set
mse_error/peak_error 0 176
[32m[I 2021-04-07 11:04:07,374][0m Trial 871 finished with value: 176.0 and parameters: {'Vahp': -33.5, 'Vth': -21.0, 'Vmax': 38.5, 't_ref': 16.0, 'R': 0.9, 'tau_m': 84.0}. Best is trial 75 with value: 82.0.[0m
2021-04-07 11:04:08.321848: I tensorflow/compiler/jit/xla_gpu_device.cc:99] Not creating XLA devices, tf_xla_enable_xla_devices not set
mse_error/peak_error 0 83.0
[32m[I 2021-04-07 11:04:37,442][0m Trial 872 finished with value: 83.0 and parameters: {'Vahp': -34.5, 'Vth': -21.0, 'Vmax': 12.0, 't_ref': 16.0, 'R': 0.9, 'tau_m': 83.5}. Best is trial 75 with value: 82.0.[0m
2021-04-07 11:04:37.690039: I tensorflow/compiler/jit/xla_gpu_device.cc:99] Not creating XLA devices, tf_xla_enable_xla_devices not set
mse_error/peak_error 0 175
[32m[I 2021-04-07 11:05:07,037][0m Trial 873 finished with value: 175.0 and parameters: {'Vahp': -30.0, 'Vth': -20.5, 'Vmax': 33.5, 't_ref': 17.0, 'R': 0.9, 'tau_m': 87.0}. Best is trial 75 with value: 82.0.[0m
2021-04-07 11:05:07.288479: I tensorflow/compiler/jit/xla_gpu_device.cc:99] Not creating XLA devices, tf_xla_enable_xla_devices not set
mse_error/peak_error 0 82.0
[32m[I 2021-04-07 11:05:36,905][0m Trial 874 finished with value: 82.0 and parameters: {'Vahp': -29.5, 'Vth': -20.5, 'Vmax': 25.0, 't_ref': 17.5, 'R': 0.9, 'tau_m': 87.5}. Best is trial 75 with value: 82.0.[0m
2021-04-07 11:05:37.152661: I tensorflow/compiler/jit/xla_gpu_device.cc:99] Not creating XLA devices, tf_xla_enable_xla_devices not set
mse_error/peak_error 0 89.0
[32m[I 2021-04-07 11:06:06,250][0m Trial 875 finished with value: 89.0 and parameters: {'Vahp': -31.5, 'Vth': -20.5, 'Vmax': 10.5, 't_ref': 17.5, 'R': 0.9, 'tau_m': 86.0}. Best is trial 75 with value: 82.0.[0m
2021-04-07 11:06:06.498056: I tensorflow/compiler/jit/xla_gpu_device.cc:99] Not creating XLA devices, tf_xla_enable_xla_devices not set
mse_error/peak_error 0 83.0
[32m[I 2021-04-07 11:06:35,996][0m Trial 876 finished with value: 83.0 and parameters: {'Vahp': -35.5, 'Vth': -21.5, 'Vmax': 12.0, 't_ref': 15.5, 'R': 0.9, 'tau_m': 81.0}. Best is trial 75 with value: 82.0.[0m
2021-04-07 11:06:36.238975: I tensorflow/compiler/jit/xla_gpu_device.cc:99] Not creating XLA devices, tf_xla_enable_xla_devices not set
mse_error/peak_error 0 176
[32m[I 2021-04-07 11:07:05,502][0m Trial 877 finished with value: 176.0 and parameters: {'Vahp': -30.5, 'Vth': -20.5, 'Vmax': 22.0, 't_ref': 16.5, 'R': 0.9, 'tau_m': 83.5}. Best is trial 75 with value: 82.0.[0m
2021-04-07 11:07:05.743630: I tensorflow/compiler/jit/xla_gpu_device.cc:99] Not creating XLA devices, tf_xla_enable_xla_devices not set
mse_error/peak_error 0 82.0
[32m[I 2021-04-07 11:07:35,376][0m Trial 878 finished with value: 82.0 and parameters: {'Vahp': -31.5, 'Vth': -20.5, 'Vmax': 10.0, 't_ref': 17.0, 'R': 0.9, 'tau_m': 89.5}. Best is trial 75 with value: 82.0.[0m
2021-04-07 11:07:35.616040: I tensorflow/compiler/jit/xla_gpu_device.cc:99] Not creating XLA devices, tf_xla_enable_xla_devices not set
mse_error/peak_error 0 90.0
[32m[I 2021-04-07 11:08:04,923][0m Trial 879 finished with value: 90.0 and parameters: {'Vahp': -28.5, 'Vth': -20.0, 'Vmax': 28.5, 't_ref': 18.5, 'R': 1.0, 'tau_m': 93.0}. Best is trial 75 with value: 82.0.[0m
2021-04-07 11:08:05.162895: I tensorflow/compiler/jit/xla_gpu_device.cc:99] Not creating XLA devices, tf_xla_enable_xla_devices not set
mse_error/peak_error 0 176
[32m[I 2021-04-07 11:08:34,639][0m Trial 880 finished with value: 176.0 and parameters: {'Vahp': -24.5, 'Vth': -20.0, 'Vmax': 27.5, 't_ref': 18.5, 'R': 0.9, 'tau_m': 83.0}. Best is trial 75 with value: 82.0.[0m
2021-04-07 11:08:34.884656: I tensorflow/compiler/jit/xla_gpu_device.cc:99] Not creating XLA devices, tf_xla_enable_xla_devices not set
mse_error/peak_error 0 83.0
[32m[I 2021-04-07 11:09:04,391][0m Trial 881 finished with value: 83.0 and parameters: {'Vahp': -32.0, 'Vth': -21.0, 'Vmax': 32.0, 't_ref': 17.0, 'R': 0.9, 'tau_m': 85.5}. Best is trial 75 with value: 82.0.[0m
2021-04-07 11:09:04.632437: I tensorflow/compiler/jit/xla_gpu_device.cc:99] Not creating XLA devices, tf_xla_enable_xla_devices not set
mse_error/peak_error 0 278
[32m[I 2021-04-07 11:09:33,607][0m Trial 882 finished with value: 278.0 and parameters: {'Vahp': -23.0, 'Vth': -22.0, 'Vmax': 38.5, 't_ref': 19.0, 'R': 0.8, 'tau_m': 15.0}. Best is trial 75 with value: 82.0.[0m
2021-04-07 11:09:33.846369: I tensorflow/compiler/jit/xla_gpu_device.cc:99] Not creating XLA devices, tf_xla_enable_xla_devices not set
mse_error/peak_error 0 82.0
[32m[I 2021-04-07 11:10:03,522][0m Trial 883 finished with value: 82.0 and parameters: {'Vahp': -31.5, 'Vth': -20.5, 'Vmax': 10.0, 't_ref': 17.0, 'R': 0.9, 'tau_m': 85.0}. Best is trial 75 with value: 82.0.[0m
2021-04-07 11:10:03.759760: I tensorflow/compiler/jit/xla_gpu_device.cc:99] Not creating XLA devices, tf_xla_enable_xla_devices not set
mse_error/peak_error 0 175
[32m[I 2021-04-07 11:10:33,369][0m Trial 884 finished with value: 175.0 and parameters: {'Vahp': -26.0, 'Vth': -20.5, 'Vmax': 29.5, 't_ref': 18.0, 'R': 1.0, 'tau_m': 100.0}. Best is trial 75 with value: 82.0.[0m
2021-04-07 11:10:33.633911: I tensorflow/compiler/jit/xla_gpu_device.cc:99] Not creating XLA devices, tf_xla_enable_xla_devices not set
mse_error/peak_error 0 82.0
[32m[I 2021-04-07 11:11:03,773][0m Trial 885 finished with value: 82.0 and parameters: {'Vahp': -32.5, 'Vth': -21.0, 'Vmax': 31.5, 't_ref': 17.0, 'R': 0.9, 'tau_m': 90.5}. Best is trial 75 with value: 82.0.[0m
2021-04-07 11:11:04.012959: I tensorflow/compiler/jit/xla_gpu_device.cc:99] Not creating XLA devices, tf_xla_enable_xla_devices not set
mse_error/peak_error 0 161
[32m[I 2021-04-07 11:11:33,872][0m Trial 886 finished with value: 161.0 and parameters: {'Vahp': -27.0, 'Vth': -20.0, 'Vmax': 38.0, 't_ref': 16.0, 'R': 1.0, 'tau_m': 95.5}. Best is trial 75 with value: 82.0.[0m
2021-04-07 11:11:34.123762: I tensorflow/compiler/jit/xla_gpu_device.cc:99] Not creating XLA devices, tf_xla_enable_xla_devices not set
mse_error/peak_error 0 89.0
[32m[I 2021-04-07 11:12:03,933][0m Trial 887 finished with value: 89.0 and parameters: {'Vahp': -33.5, 'Vth': -20.5, 'Vmax': 10.5, 't_ref': 16.5, 'R': 0.9, 'tau_m': 87.0}. Best is trial 75 with value: 82.0.[0m
2021-04-07 11:12:04.194473: I tensorflow/compiler/jit/xla_gpu_device.cc:99] Not creating XLA devices, tf_xla_enable_xla_devices not set
mse_error/peak_error 0 83.0
[32m[I 2021-04-07 11:12:34,064][0m Trial 888 finished with value: 83.0 and parameters: {'Vahp': -35.0, 'Vth': -21.0, 'Vmax': 12.5, 't_ref': 16.0, 'R': 0.9, 'tau_m': 84.0}. Best is trial 75 with value: 82.0.[0m
2021-04-07 11:12:34.312090: I tensorflow/compiler/jit/xla_gpu_device.cc:99] Not creating XLA devices, tf_xla_enable_xla_devices not set
mse_error/peak_error 0 83.0
[32m[I 2021-04-07 11:13:03,976][0m Trial 889 finished with value: 83.0 and parameters: {'Vahp': -33.0, 'Vth': -21.0, 'Vmax': 34.5, 't_ref': 16.5, 'R': 1.0, 'tau_m': 94.5}. Best is trial 75 with value: 82.0.[0m
2021-04-07 11:13:04.218639: I tensorflow/compiler/jit/xla_gpu_device.cc:99] Not creating XLA devices, tf_xla_enable_xla_devices not set
mse_error/peak_error 0 175
[32m[I 2021-04-07 11:13:34,414][0m Trial 890 finished with value: 175.0 and parameters: {'Vahp': -33.0, 'Vth': -21.0, 'Vmax': 39.5, 't_ref': 16.0, 'R': 0.9, 'tau_m': 90.0}. Best is trial 75 with value: 82.0.[0m
2021-04-07 11:13:34.661064: I tensorflow/compiler/jit/xla_gpu_device.cc:99] Not creating XLA devices, tf_xla_enable_xla_devices not set
mse_error/peak_error 0 102.0
[32m[I 2021-04-07 11:14:04,523][0m Trial 891 finished with value: 102.0 and parameters: {'Vahp': -29.0, 'Vth': -20.5, 'Vmax': 38.0, 't_ref': 19.5, 'R': 1.0, 'tau_m': 97.0}. Best is trial 75 with value: 82.0.[0m
2021-04-07 11:14:04.765690: I tensorflow/compiler/jit/xla_gpu_device.cc:99] Not creating XLA devices, tf_xla_enable_xla_devices not set
mse_error/peak_error 0 82.0
[32m[I 2021-04-07 11:14:34,502][0m Trial 892 finished with value: 82.0 and parameters: {'Vahp': -25.5, 'Vth': -20.0, 'Vmax': 28.5, 't_ref': 19.0, 'R': 1.0, 'tau_m': 98.0}. Best is trial 75 with value: 82.0.[0m
2021-04-07 11:14:34.745942: I tensorflow/compiler/jit/xla_gpu_device.cc:99] Not creating XLA devices, tf_xla_enable_xla_devices not set
mse_error/peak_error 0 99.0
[32m[I 2021-04-07 11:15:04,703][0m Trial 893 finished with value: 99.0 and parameters: {'Vahp': -28.0, 'Vth': -20.0, 'Vmax': 30.0, 't_ref': 18.0, 'R': 0.9, 'tau_m': 93.5}. Best is trial 75 with value: 82.0.[0m
2021-04-07 11:15:04.948780: I tensorflow/compiler/jit/xla_gpu_device.cc:99] Not creating XLA devices, tf_xla_enable_xla_devices not set
mse_error/peak_error 0 89.0
[32m[I 2021-04-07 11:15:35,252][0m Trial 894 finished with value: 89.0 and parameters: {'Vahp': -30.5, 'Vth': -20.0, 'Vmax': 28.0, 't_ref': 17.5, 'R': 0.9, 'tau_m': 88.5}. Best is trial 75 with value: 82.0.[0m
2021-04-07 11:15:35.496930: I tensorflow/compiler/jit/xla_gpu_device.cc:99] Not creating XLA devices, tf_xla_enable_xla_devices not set
mse_error/peak_error 0 83.0
[32m[I 2021-04-07 11:16:05,861][0m Trial 895 finished with value: 83.0 and parameters: {'Vahp': -34.5, 'Vth': -21.0, 'Vmax': 32.5, 't_ref': 16.0, 'R': 0.9, 'tau_m': 84.5}. Best is trial 75 with value: 82.0.[0m
2021-04-07 11:16:06.106229: I tensorflow/compiler/jit/xla_gpu_device.cc:99] Not creating XLA devices, tf_xla_enable_xla_devices not set
mse_error/peak_error 0 133.0
[32m[I 2021-04-07 11:16:36,629][0m Trial 896 finished with value: 133.0 and parameters: {'Vahp': -24.0, 'Vth': -20.0, 'Vmax': 36.5, 't_ref': 19.0, 'R': 0.7000000000000001, 'tau_m': 81.0}. Best is trial 75 with value: 82.0.[0m
2021-04-07 11:16:36.882946: I tensorflow/compiler/jit/xla_gpu_device.cc:99] Not creating XLA devices, tf_xla_enable_xla_devices not set
mse_error/peak_error 0 82.0
[32m[I 2021-04-07 11:17:07,526][0m Trial 897 finished with value: 82.0 and parameters: {'Vahp': -30.5, 'Vth': -20.5, 'Vmax': 35.0, 't_ref': 17.0, 'R': 0.9, 'tau_m': 87.5}. Best is trial 75 with value: 82.0.[0m
2021-04-07 11:17:07.765724: I tensorflow/compiler/jit/xla_gpu_device.cc:99] Not creating XLA devices, tf_xla_enable_xla_devices not set
mse_error/peak_error 0 175
[32m[I 2021-04-07 11:17:38,049][0m Trial 898 finished with value: 175.0 and parameters: {'Vahp': -30.5, 'Vth': -20.5, 'Vmax': 30.5, 't_ref': 17.0, 'R': 0.9, 'tau_m': 86.0}. Best is trial 75 with value: 82.0.[0m
2021-04-07 11:17:38.297020: I tensorflow/compiler/jit/xla_gpu_device.cc:99] Not creating XLA devices, tf_xla_enable_xla_devices not set
mse_error/peak_error 0 89.0
[32m[I 2021-04-07 11:18:09,197][0m Trial 899 finished with value: 89.0 and parameters: {'Vahp': -30.5, 'Vth': -20.5, 'Vmax': 37.5, 't_ref': 17.5, 'R': 0.9, 'tau_m': 86.5}. Best is trial 75 with value: 82.0.[0m
2021-04-07 11:18:09.439805: I tensorflow/compiler/jit/xla_gpu_device.cc:99] Not creating XLA devices, tf_xla_enable_xla_devices not set
mse_error/peak_error 0 171
[32m[I 2021-04-07 11:18:40,166][0m Trial 900 finished with value: 171.0 and parameters: {'Vahp': -34.5, 'Vth': -28.0, 'Vmax': 12.0, 't_ref': 15.5, 'R': 0.9, 'tau_m': 83.0}. Best is trial 75 with value: 82.0.[0m
2021-04-07 11:18:40.425284: I tensorflow/compiler/jit/xla_gpu_device.cc:99] Not creating XLA devices, tf_xla_enable_xla_devices not set
mse_error/peak_error 0 198
[32m[I 2021-04-07 11:19:10,802][0m Trial 901 finished with value: 198.0 and parameters: {'Vahp': -56.5, 'Vth': -44.0, 'Vmax': 31.0, 't_ref': 17.5, 'R': 0.9, 'tau_m': 87.0}. Best is trial 75 with value: 82.0.[0m
2021-04-07 11:19:11.050859: I tensorflow/compiler/jit/xla_gpu_device.cc:99] Not creating XLA devices, tf_xla_enable_xla_devices not set
mse_error/peak_error 0 82.0
[32m[I 2021-04-07 11:19:41,577][0m Trial 902 finished with value: 82.0 and parameters: {'Vahp': -29.5, 'Vth': -20.0, 'Vmax': 33.0, 't_ref': 17.5, 'R': 0.9, 'tau_m': 86.0}. Best is trial 75 with value: 82.0.[0m
2021-04-07 11:19:41.821183: I tensorflow/compiler/jit/xla_gpu_device.cc:99] Not creating XLA devices, tf_xla_enable_xla_devices not set
mse_error/peak_error 0 89.0
[32m[I 2021-04-07 11:20:12,339][0m Trial 903 finished with value: 89.0 and parameters: {'Vahp': -26.0, 'Vth': -20.0, 'Vmax': 37.0, 't_ref': 19.5, 'R': 1.0, 'tau_m': 94.5}. Best is trial 75 with value: 82.0.[0m
2021-04-07 11:20:12.584177: I tensorflow/compiler/jit/xla_gpu_device.cc:99] Not creating XLA devices, tf_xla_enable_xla_devices not set
mse_error/peak_error 0 161
[32m[I 2021-04-07 11:20:42,428][0m Trial 904 finished with value: 161.0 and parameters: {'Vahp': -23.0, 'Vth': -20.0, 'Vmax': 39.0, 't_ref': 16.5, 'R': 0.9, 'tau_m': 85.5}. Best is trial 75 with value: 82.0.[0m
2021-04-07 11:20:42.677760: I tensorflow/compiler/jit/xla_gpu_device.cc:99] Not creating XLA devices, tf_xla_enable_xla_devices not set
mse_error/peak_error 0 82.0
[32m[I 2021-04-07 11:21:13,283][0m Trial 905 finished with value: 82.0 and parameters: {'Vahp': -27.0, 'Vth': -20.0, 'Vmax': 10.0, 't_ref': 18.5, 'R': 0.9, 'tau_m': 88.5}. Best is trial 75 with value: 82.0.[0m
2021-04-07 11:21:13.524763: I tensorflow/compiler/jit/xla_gpu_device.cc:99] Not creating XLA devices, tf_xla_enable_xla_devices not set
mse_error/peak_error 0 176
[32m[I 2021-04-07 11:21:44,042][0m Trial 906 finished with value: 176.0 and parameters: {'Vahp': -30.5, 'Vth': -20.5, 'Vmax': 38.0, 't_ref': 17.0, 'R': 1.0, 'tau_m': 93.5}. Best is trial 75 with value: 82.0.[0m
2021-04-07 11:21:44.289470: I tensorflow/compiler/jit/xla_gpu_device.cc:99] Not creating XLA devices, tf_xla_enable_xla_devices not set
mse_error/peak_error 0 82.0
[32m[I 2021-04-07 11:22:15,310][0m Trial 907 finished with value: 82.0 and parameters: {'Vahp': -35.5, 'Vth': -21.0, 'Vmax': 11.5, 't_ref': 16.0, 'R': 1.0, 'tau_m': 96.0}. Best is trial 75 with value: 82.0.[0m
2021-04-07 11:22:15.567981: I tensorflow/compiler/jit/xla_gpu_device.cc:99] Not creating XLA devices, tf_xla_enable_xla_devices not set
mse_error/peak_error 0 176
[32m[I 2021-04-07 11:22:46,836][0m Trial 908 finished with value: 176.0 and parameters: {'Vahp': -33.5, 'Vth': -21.0, 'Vmax': 11.5, 't_ref': 16.0, 'R': 0.9, 'tau_m': 85.5}. Best is trial 75 with value: 82.0.[0m
2021-04-07 11:22:47.084333: I tensorflow/compiler/jit/xla_gpu_device.cc:99] Not creating XLA devices, tf_xla_enable_xla_devices not set
mse_error/peak_error 0 82.0
[32m[I 2021-04-07 11:23:17,980][0m Trial 909 finished with value: 82.0 and parameters: {'Vahp': -36.0, 'Vth': -21.5, 'Vmax': 13.0, 't_ref': 15.5, 'R': 0.9, 'tau_m': 87.5}. Best is trial 75 with value: 82.0.[0m
2021-04-07 11:23:18.226408: I tensorflow/compiler/jit/xla_gpu_device.cc:99] Not creating XLA devices, tf_xla_enable_xla_devices not set
mse_error/peak_error 0 82.0
[32m[I 2021-04-07 11:23:49,461][0m Trial 910 finished with value: 82.0 and parameters: {'Vahp': -32.0, 'Vth': -20.5, 'Vmax': 33.5, 't_ref': 17.0, 'R': 0.9, 'tau_m': 87.0}. Best is trial 75 with value: 82.0.[0m
2021-04-07 11:23:49.704482: I tensorflow/compiler/jit/xla_gpu_device.cc:99] Not creating XLA devices, tf_xla_enable_xla_devices not set
mse_error/peak_error 0 83.0
[32m[I 2021-04-07 11:24:20,928][0m Trial 911 finished with value: 83.0 and parameters: {'Vahp': -28.5, 'Vth': -20.0, 'Vmax': 35.5, 't_ref': 18.0, 'R': 1.0, 'tau_m': 92.0}. Best is trial 75 with value: 82.0.[0m
2021-04-07 11:24:21.187967: I tensorflow/compiler/jit/xla_gpu_device.cc:99] Not creating XLA devices, tf_xla_enable_xla_devices not set
mse_error/peak_error 0 175
[32m[I 2021-04-07 11:24:52,229][0m Trial 912 finished with value: 175.0 and parameters: {'Vahp': -36.5, 'Vth': -22.0, 'Vmax': 34.0, 't_ref': 14.0, 'R': 0.8, 'tau_m': 79.5}. Best is trial 75 with value: 82.0.[0m
2021-04-07 11:24:52.476781: I tensorflow/compiler/jit/xla_gpu_device.cc:99] Not creating XLA devices, tf_xla_enable_xla_devices not set
mse_error/peak_error 0 82.0
[32m[I 2021-04-07 11:25:23,903][0m Trial 913 finished with value: 82.0 and parameters: {'Vahp': -31.0, 'Vth': -20.5, 'Vmax': 31.5, 't_ref': 17.0, 'R': 0.9, 'tau_m': 90.0}. Best is trial 75 with value: 82.0.[0m
2021-04-07 11:25:24.151162: I tensorflow/compiler/jit/xla_gpu_device.cc:99] Not creating XLA devices, tf_xla_enable_xla_devices not set
mse_error/peak_error 0 806
[32m[I 2021-04-07 11:25:55,530][0m Trial 914 finished with value: 806.0 and parameters: {'Vahp': -31.5, 'Vth': -20.5, 'Vmax': 31.5, 't_ref': 3.0, 'R': 0.9, 'tau_m': 89.0}. Best is trial 75 with value: 82.0.[0m
2021-04-07 11:25:55.781349: I tensorflow/compiler/jit/xla_gpu_device.cc:99] Not creating XLA devices, tf_xla_enable_xla_devices not set
mse_error/peak_error 0 146.0
[32m[I 2021-04-07 11:26:27,525][0m Trial 915 finished with value: 146.0 and parameters: {'Vahp': -27.5, 'Vth': -20.0, 'Vmax': 31.5, 't_ref': 18.5, 'R': 0.8, 'tau_m': 90.5}. Best is trial 75 with value: 82.0.[0m
2021-04-07 11:26:27.772822: I tensorflow/compiler/jit/xla_gpu_device.cc:99] Not creating XLA devices, tf_xla_enable_xla_devices not set
mse_error/peak_error 0 176
[32m[I 2021-04-07 11:26:59,097][0m Trial 916 finished with value: 176.0 and parameters: {'Vahp': -33.0, 'Vth': -21.5, 'Vmax': 40.0, 't_ref': 16.0, 'R': 0.9, 'tau_m': 84.0}. Best is trial 75 with value: 82.0.[0m
2021-04-07 11:26:59.344740: I tensorflow/compiler/jit/xla_gpu_device.cc:99] Not creating XLA devices, tf_xla_enable_xla_devices not set
mse_error/peak_error 0 82.0
[32m[I 2021-04-07 11:27:30,817][0m Trial 917 finished with value: 82.0 and parameters: {'Vahp': -34.5, 'Vth': -21.0, 'Vmax': 26.5, 't_ref': 15.5, 'R': 0.9, 'tau_m': 89.0}. Best is trial 75 with value: 82.0.[0m
2021-04-07 11:27:31.064457: I tensorflow/compiler/jit/xla_gpu_device.cc:99] Not creating XLA devices, tf_xla_enable_xla_devices not set
mse_error/peak_error 0 82.0
