[32m[I 2021-04-07 09:48:22,918][0m Trial 686 finished with value: 82.0 and parameters: {'Vahp': -31.0, 'Vth': -20.5, 'Vmax': 38.5, 't_ref': 16.5, 'R': 0.9, 'tau_m': 87.0}. Best is trial 75 with value: 82.0.[0m
2021-04-07 09:48:23.154399: I tensorflow/compiler/jit/xla_gpu_device.cc:99] Not creating XLA devices, tf_xla_enable_xla_devices not set
mse_error/peak_error 0 83.0
[32m[I 2021-04-07 09:48:43,224][0m Trial 687 finished with value: 83.0 and parameters: {'Vahp': -32.5, 'Vth': -21.0, 'Vmax': 34.0, 't_ref': 16.5, 'R': 0.9, 'tau_m': 85.5}. Best is trial 75 with value: 82.0.[0m
2021-04-07 09:48:43.450881: I tensorflow/compiler/jit/xla_gpu_device.cc:99] Not creating XLA devices, tf_xla_enable_xla_devices not set
mse_error/peak_error 0 82.0
[32m[I 2021-04-07 09:49:03,197][0m Trial 688 finished with value: 82.0 and parameters: {'Vahp': -33.0, 'Vth': -21.0, 'Vmax': 33.5, 't_ref': 16.5, 'R': 1.0, 'tau_m': 97.0}. Best is trial 75 with value: 82.0.[0m
2021-04-07 09:49:03.979700: I tensorflow/compiler/jit/xla_gpu_device.cc:99] Not creating XLA devices, tf_xla_enable_xla_devices not set
mse_error/peak_error 0 82.0
[32m[I 2021-04-07 09:49:24,079][0m Trial 689 finished with value: 82.0 and parameters: {'Vahp': -31.5, 'Vth': -20.5, 'Vmax': 10.0, 't_ref': 17.0, 'R': 0.9, 'tau_m': 86.0}. Best is trial 75 with value: 82.0.[0m
2021-04-07 09:49:24.308925: I tensorflow/compiler/jit/xla_gpu_device.cc:99] Not creating XLA devices, tf_xla_enable_xla_devices not set
mse_error/peak_error 0 82.0
[32m[I 2021-04-07 09:49:44,437][0m Trial 690 finished with value: 82.0 and parameters: {'Vahp': -31.5, 'Vth': -20.5, 'Vmax': 10.0, 't_ref': 17.0, 'R': 0.9, 'tau_m': 85.5}. Best is trial 75 with value: 82.0.[0m
2021-04-07 09:49:44.666988: I tensorflow/compiler/jit/xla_gpu_device.cc:99] Not creating XLA devices, tf_xla_enable_xla_devices not set
mse_error/peak_error 0 176
[32m[I 2021-04-07 09:50:04,873][0m Trial 691 finished with value: 176.0 and parameters: {'Vahp': -31.0, 'Vth': -20.5, 'Vmax': 38.0, 't_ref': 16.0, 'R': 0.9, 'tau_m': 83.5}. Best is trial 75 with value: 82.0.[0m
2021-04-07 09:50:05.122341: I tensorflow/compiler/jit/xla_gpu_device.cc:99] Not creating XLA devices, tf_xla_enable_xla_devices not set
mse_error/peak_error 0 82.0
[32m[I 2021-04-07 09:50:25,385][0m Trial 692 finished with value: 82.0 and parameters: {'Vahp': -30.0, 'Vth': -20.0, 'Vmax': 30.5, 't_ref': 17.5, 'R': 0.9, 'tau_m': 85.0}. Best is trial 75 with value: 82.0.[0m
2021-04-07 09:50:25.613733: I tensorflow/compiler/jit/xla_gpu_device.cc:99] Not creating XLA devices, tf_xla_enable_xla_devices not set
mse_error/peak_error 0 253
[32m[I 2021-04-07 09:50:45,925][0m Trial 693 finished with value: 253.0 and parameters: {'Vahp': -31.0, 'Vth': -20.5, 'Vmax': 38.5, 't_ref': 10.5, 'R': 1.0, 'tau_m': 83.5}. Best is trial 75 with value: 82.0.[0m
2021-04-07 09:50:46.152183: I tensorflow/compiler/jit/xla_gpu_device.cc:99] Not creating XLA devices, tf_xla_enable_xla_devices not set
mse_error/peak_error 0 115.0
[32m[I 2021-04-07 09:51:06,461][0m Trial 694 finished with value: 115.0 and parameters: {'Vahp': -34.0, 'Vth': -20.5, 'Vmax': 36.5, 't_ref': 18.5, 'R': 1.0, 'tau_m': 99.5}. Best is trial 75 with value: 82.0.[0m
2021-04-07 09:51:06.691634: I tensorflow/compiler/jit/xla_gpu_device.cc:99] Not creating XLA devices, tf_xla_enable_xla_devices not set
mse_error/peak_error 0 82.0
[32m[I 2021-04-07 09:51:27,119][0m Trial 695 finished with value: 82.0 and parameters: {'Vahp': -31.5, 'Vth': -20.5, 'Vmax': 10.5, 't_ref': 17.0, 'R': 0.9, 'tau_m': 89.5}. Best is trial 75 with value: 82.0.[0m
2021-04-07 09:51:27.352383: I tensorflow/compiler/jit/xla_gpu_device.cc:99] Not creating XLA devices, tf_xla_enable_xla_devices not set
mse_error/peak_error 0 90.0
[32m[I 2021-04-07 09:51:47,958][0m Trial 696 finished with value: 90.0 and parameters: {'Vahp': -32.5, 'Vth': -21.0, 'Vmax': 38.0, 't_ref': 17.5, 'R': 1.0, 'tau_m': 95.0}. Best is trial 75 with value: 82.0.[0m
2021-04-07 09:51:48.191690: I tensorflow/compiler/jit/xla_gpu_device.cc:99] Not creating XLA devices, tf_xla_enable_xla_devices not set
mse_error/peak_error 0 89.0
[32m[I 2021-04-07 09:52:08,709][0m Trial 697 finished with value: 89.0 and parameters: {'Vahp': -28.5, 'Vth': -20.5, 'Vmax': 29.5, 't_ref': 19.0, 'R': 1.0, 'tau_m': 100.0}. Best is trial 75 with value: 82.0.[0m
2021-04-07 09:52:08.991192: I tensorflow/compiler/jit/xla_gpu_device.cc:99] Not creating XLA devices, tf_xla_enable_xla_devices not set
mse_error/peak_error 0 341
[32m[I 2021-04-07 09:52:29,530][0m Trial 698 finished with value: 341.0 and parameters: {'Vahp': -26.5, 'Vth': -20.0, 'Vmax': 36.5, 't_ref': 9.5, 'R': 1.0, 'tau_m': 98.5}. Best is trial 75 with value: 82.0.[0m
2021-04-07 09:52:29.759513: I tensorflow/compiler/jit/xla_gpu_device.cc:99] Not creating XLA devices, tf_xla_enable_xla_devices not set
mse_error/peak_error 0 83.0
[32m[I 2021-04-07 09:52:50,147][0m Trial 699 finished with value: 83.0 and parameters: {'Vahp': -35.5, 'Vth': -21.0, 'Vmax': 11.5, 't_ref': 15.5, 'R': 1.0, 'tau_m': 90.5}. Best is trial 75 with value: 82.0.[0m
2021-04-07 09:52:50.376133: I tensorflow/compiler/jit/xla_gpu_device.cc:99] Not creating XLA devices, tf_xla_enable_xla_devices not set
mse_error/peak_error 0 82.0
[32m[I 2021-04-07 09:53:10,888][0m Trial 700 finished with value: 82.0 and parameters: {'Vahp': -32.0, 'Vth': -20.5, 'Vmax': 10.5, 't_ref': 17.0, 'R': 0.9, 'tau_m': 88.0}. Best is trial 75 with value: 82.0.[0m
2021-04-07 09:53:11.126682: I tensorflow/compiler/jit/xla_gpu_device.cc:99] Not creating XLA devices, tf_xla_enable_xla_devices not set
mse_error/peak_error 0 99.0
[32m[I 2021-04-07 09:53:32,094][0m Trial 701 finished with value: 99.0 and parameters: {'Vahp': -33.5, 'Vth': -21.0, 'Vmax': 34.5, 't_ref': 16.0, 'R': 0.9, 'tau_m': 93.0}. Best is trial 75 with value: 82.0.[0m
2021-04-07 09:53:32.324132: I tensorflow/compiler/jit/xla_gpu_device.cc:99] Not creating XLA devices, tf_xla_enable_xla_devices not set
mse_error/peak_error 0 175
[32m[I 2021-04-07 09:53:52,934][0m Trial 702 finished with value: 175.0 and parameters: {'Vahp': -36.0, 'Vth': -21.5, 'Vmax': 13.0, 't_ref': 14.5, 'R': 1.0, 'tau_m': 100.0}. Best is trial 75 with value: 82.0.[0m
2021-04-07 09:53:53.168969: I tensorflow/compiler/jit/xla_gpu_device.cc:99] Not creating XLA devices, tf_xla_enable_xla_devices not set
mse_error/peak_error 0 82.0
[32m[I 2021-04-07 09:54:13,403][0m Trial 703 finished with value: 82.0 and parameters: {'Vahp': -29.0, 'Vth': -20.0, 'Vmax': 32.0, 't_ref': 18.0, 'R': 0.9, 'tau_m': 85.5}. Best is trial 75 with value: 82.0.[0m
2021-04-07 09:54:13.633203: I tensorflow/compiler/jit/xla_gpu_device.cc:99] Not creating XLA devices, tf_xla_enable_xla_devices not set
mse_error/peak_error 0 159
[32m[I 2021-04-07 09:54:33,907][0m Trial 704 finished with value: 159.0 and parameters: {'Vahp': -24.0, 'Vth': -21.0, 'Vmax': 35.5, 't_ref': 16.0, 'R': 1.0, 'tau_m': 94.5}. Best is trial 75 with value: 82.0.[0m
2021-04-07 09:54:34.136892: I tensorflow/compiler/jit/xla_gpu_device.cc:99] Not creating XLA devices, tf_xla_enable_xla_devices not set
mse_error/peak_error 0 89.0
[32m[I 2021-04-07 09:54:54,358][0m Trial 705 finished with value: 89.0 and parameters: {'Vahp': -31.5, 'Vth': -20.5, 'Vmax': 31.5, 't_ref': 17.5, 'R': 0.9, 'tau_m': 86.0}. Best is trial 75 with value: 82.0.[0m
2021-04-07 09:54:54.594977: I tensorflow/compiler/jit/xla_gpu_device.cc:99] Not creating XLA devices, tf_xla_enable_xla_devices not set
mse_error/peak_error 0 712
[32m[I 2021-04-07 09:55:14,932][0m Trial 706 finished with value: 712.0 and parameters: {'Vahp': -28.0, 'Vth': -20.0, 'Vmax': 36.0, 't_ref': 4.5, 'R': 1.0, 'tau_m': 93.0}. Best is trial 75 with value: 82.0.[0m
2021-04-07 09:55:15.164209: I tensorflow/compiler/jit/xla_gpu_device.cc:99] Not creating XLA devices, tf_xla_enable_xla_devices not set
mse_error/peak_error 0 171
[32m[I 2021-04-07 09:55:35,821][0m Trial 707 finished with value: 171.0 and parameters: {'Vahp': -30.0, 'Vth': -27.5, 'Vmax': 30.0, 't_ref': 18.0, 'R': 0.9, 'tau_m': 82.5}. Best is trial 75 with value: 82.0.[0m
2021-04-07 09:55:36.056920: I tensorflow/compiler/jit/xla_gpu_device.cc:99] Not creating XLA devices, tf_xla_enable_xla_devices not set
mse_error/peak_error 0 84.0
[32m[I 2021-04-07 09:55:56,969][0m Trial 708 finished with value: 84.0 and parameters: {'Vahp': -29.5, 'Vth': -20.0, 'Vmax': 37.5, 't_ref': 17.5, 'R': 1.0, 'tau_m': 82.0}. Best is trial 75 with value: 82.0.[0m
2021-04-07 09:55:57.200017: I tensorflow/compiler/jit/xla_gpu_device.cc:99] Not creating XLA devices, tf_xla_enable_xla_devices not set
mse_error/peak_error 0 175
[32m[I 2021-04-07 09:56:17,642][0m Trial 709 finished with value: 175.0 and parameters: {'Vahp': -34.5, 'Vth': -21.5, 'Vmax': 39.0, 't_ref': 15.0, 'R': 0.9, 'tau_m': 92.0}. Best is trial 75 with value: 82.0.[0m
2021-04-07 09:56:17.873729: I tensorflow/compiler/jit/xla_gpu_device.cc:99] Not creating XLA devices, tf_xla_enable_xla_devices not set
mse_error/peak_error 0 109.0
[32m[I 2021-04-07 09:56:38,477][0m Trial 710 finished with value: 109.0 and parameters: {'Vahp': -30.5, 'Vth': -22.0, 'Vmax': 37.5, 't_ref': 15.5, 'R': 0.8, 'tau_m': 90.5}. Best is trial 75 with value: 82.0.[0m
2021-04-07 09:56:38.710584: I tensorflow/compiler/jit/xla_gpu_device.cc:99] Not creating XLA devices, tf_xla_enable_xla_devices not set
mse_error/peak_error 0 176
[32m[I 2021-04-07 09:57:00,077][0m Trial 711 finished with value: 176.0 and parameters: {'Vahp': -38.5, 'Vth': -22.0, 'Vmax': 13.0, 't_ref': 14.0, 'R': 0.8, 'tau_m': 77.0}. Best is trial 75 with value: 82.0.[0m
2021-04-07 09:57:00.310197: I tensorflow/compiler/jit/xla_gpu_device.cc:99] Not creating XLA devices, tf_xla_enable_xla_devices not set
mse_error/peak_error 0 82.0
[32m[I 2021-04-07 09:57:21,484][0m Trial 712 finished with value: 82.0 and parameters: {'Vahp': -27.0, 'Vth': -20.0, 'Vmax': 32.5, 't_ref': 18.5, 'R': 0.9, 'tau_m': 84.0}. Best is trial 75 with value: 82.0.[0m
2021-04-07 09:57:21.712852: I tensorflow/compiler/jit/xla_gpu_device.cc:99] Not creating XLA devices, tf_xla_enable_xla_devices not set
mse_error/peak_error 0 175
[32m[I 2021-04-07 09:57:42,892][0m Trial 713 finished with value: 175.0 and parameters: {'Vahp': -30.5, 'Vth': -21.0, 'Vmax': 35.5, 't_ref': 16.5, 'R': 1.0, 'tau_m': 96.0}. Best is trial 75 with value: 82.0.[0m
2021-04-07 09:57:43.122422: I tensorflow/compiler/jit/xla_gpu_device.cc:99] Not creating XLA devices, tf_xla_enable_xla_devices not set
mse_error/peak_error 0 83.0
[32m[I 2021-04-07 09:58:04,228][0m Trial 714 finished with value: 83.0 and parameters: {'Vahp': -35.0, 'Vth': -21.5, 'Vmax': 12.0, 't_ref': 15.5, 'R': 0.9, 'tau_m': 84.0}. Best is trial 75 with value: 82.0.[0m
2021-04-07 09:58:04.456423: I tensorflow/compiler/jit/xla_gpu_device.cc:99] Not creating XLA devices, tf_xla_enable_xla_devices not set
mse_error/peak_error 0 99.0
[32m[I 2021-04-07 09:58:25,649][0m Trial 715 finished with value: 99.0 and parameters: {'Vahp': -33.5, 'Vth': -21.0, 'Vmax': 38.0, 't_ref': 16.0, 'R': 0.9, 'tau_m': 92.0}. Best is trial 75 with value: 82.0.[0m
2021-04-07 09:58:25.878293: I tensorflow/compiler/jit/xla_gpu_device.cc:99] Not creating XLA devices, tf_xla_enable_xla_devices not set
mse_error/peak_error 0 175
[32m[I 2021-04-07 09:58:46,781][0m Trial 716 finished with value: 175.0 and parameters: {'Vahp': -35.0, 'Vth': -21.0, 'Vmax': 12.5, 't_ref': 15.0, 'R': 1.0, 'tau_m': 100.0}. Best is trial 75 with value: 82.0.[0m
2021-04-07 09:58:47.011326: I tensorflow/compiler/jit/xla_gpu_device.cc:99] Not creating XLA devices, tf_xla_enable_xla_devices not set
mse_error/peak_error 0 284
[32m[I 2021-04-07 09:59:08,425][0m Trial 717 finished with value: 284.0 and parameters: {'Vahp': -34.5, 'Vth': -32.5, 'Vmax': 11.5, 't_ref': 16.0, 'R': 0.9, 'tau_m': 89.5}. Best is trial 75 with value: 82.0.[0m
2021-04-07 09:59:08.669633: I tensorflow/compiler/jit/xla_gpu_device.cc:99] Not creating XLA devices, tf_xla_enable_xla_devices not set
mse_error/peak_error 0 127.0
[32m[I 2021-04-07 09:59:30,243][0m Trial 718 finished with value: 127.0 and parameters: {'Vahp': -36.5, 'Vth': -21.5, 'Vmax': 12.0, 't_ref': 15.5, 'R': 0.8, 'tau_m': 89.0}. Best is trial 75 with value: 82.0.[0m
2021-04-07 09:59:30.471563: I tensorflow/compiler/jit/xla_gpu_device.cc:99] Not creating XLA devices, tf_xla_enable_xla_devices not set
mse_error/peak_error 0 82.0
[32m[I 2021-04-07 09:59:51,538][0m Trial 719 finished with value: 82.0 and parameters: {'Vahp': -34.0, 'Vth': -21.0, 'Vmax': 11.0, 't_ref': 16.0, 'R': 0.9, 'tau_m': 87.0}. Best is trial 75 with value: 82.0.[0m
2021-04-07 09:59:51.768327: I tensorflow/compiler/jit/xla_gpu_device.cc:99] Not creating XLA devices, tf_xla_enable_xla_devices not set
mse_error/peak_error 0 82.0
[32m[I 2021-04-07 10:00:12,868][0m Trial 720 finished with value: 82.0 and parameters: {'Vahp': -30.5, 'Vth': -20.0, 'Vmax': 26.5, 't_ref': 17.0, 'R': 0.9, 'tau_m': 88.0}. Best is trial 75 with value: 82.0.[0m
2021-04-07 10:00:13.102069: I tensorflow/compiler/jit/xla_gpu_device.cc:99] Not creating XLA devices, tf_xla_enable_xla_devices not set
mse_error/peak_error 0 89.0
[32m[I 2021-04-07 10:00:34,371][0m Trial 721 finished with value: 89.0 and parameters: {'Vahp': -33.0, 'Vth': -21.0, 'Vmax': 40.0, 't_ref': 16.5, 'R': 0.9, 'tau_m': 91.0}. Best is trial 75 with value: 82.0.[0m
2021-04-07 10:00:34.634856: I tensorflow/compiler/jit/xla_gpu_device.cc:99] Not creating XLA devices, tf_xla_enable_xla_devices not set
mse_error/peak_error 0 82.0
[32m[I 2021-04-07 10:00:56,145][0m Trial 722 finished with value: 82.0 and parameters: {'Vahp': -31.0, 'Vth': -21.0, 'Vmax': 37.0, 't_ref': 16.5, 'R': 0.9, 'tau_m': 91.5}. Best is trial 75 with value: 82.0.[0m
2021-04-07 10:00:56.376901: I tensorflow/compiler/jit/xla_gpu_device.cc:99] Not creating XLA devices, tf_xla_enable_xla_devices not set
mse_error/peak_error 0 99.0
[32m[I 2021-04-07 10:01:17,939][0m Trial 723 finished with value: 99.0 and parameters: {'Vahp': -31.0, 'Vth': -21.0, 'Vmax': 39.0, 't_ref': 16.5, 'R': 0.9, 'tau_m': 92.0}. Best is trial 75 with value: 82.0.[0m
2021-04-07 10:01:18.170392: I tensorflow/compiler/jit/xla_gpu_device.cc:99] Not creating XLA devices, tf_xla_enable_xla_devices not set
mse_error/peak_error 0 165
[32m[I 2021-04-07 10:01:39,912][0m Trial 724 finished with value: 165.0 and parameters: {'Vahp': -32.5, 'Vth': -28.5, 'Vmax': 39.5, 't_ref': 16.0, 'R': 0.9, 'tau_m': 92.0}. Best is trial 75 with value: 82.0.[0m
2021-04-07 10:01:40.148973: I tensorflow/compiler/jit/xla_gpu_device.cc:99] Not creating XLA devices, tf_xla_enable_xla_devices not set
mse_error/peak_error 0 82.0
[32m[I 2021-04-07 10:02:01,746][0m Trial 725 finished with value: 82.0 and parameters: {'Vahp': -28.5, 'Vth': -20.5, 'Vmax': 32.5, 't_ref': 18.0, 'R': 0.9, 'tau_m': 87.0}. Best is trial 75 with value: 82.0.[0m
2021-04-07 10:02:01.999590: I tensorflow/compiler/jit/xla_gpu_device.cc:99] Not creating XLA devices, tf_xla_enable_xla_devices not set
mse_error/peak_error 0 82.0
[32m[I 2021-04-07 10:02:23,640][0m Trial 726 finished with value: 82.0 and parameters: {'Vahp': -30.5, 'Vth': -20.5, 'Vmax': 40.0, 't_ref': 17.0, 'R': 0.9, 'tau_m': 88.5}. Best is trial 75 with value: 82.0.[0m
2021-04-07 10:02:23.874388: I tensorflow/compiler/jit/xla_gpu_device.cc:99] Not creating XLA devices, tf_xla_enable_xla_devices not set
mse_error/peak_error 0 82.0
[32m[I 2021-04-07 10:02:45,406][0m Trial 727 finished with value: 82.0 and parameters: {'Vahp': -29.0, 'Vth': -20.0, 'Vmax': 20.5, 't_ref': 17.5, 'R': 0.9, 'tau_m': 84.0}. Best is trial 75 with value: 82.0.[0m
2021-04-07 10:02:45.637068: I tensorflow/compiler/jit/xla_gpu_device.cc:99] Not creating XLA devices, tf_xla_enable_xla_devices not set
mse_error/peak_error 0 83.0
[32m[I 2021-04-07 10:03:06,860][0m Trial 728 finished with value: 83.0 and parameters: {'Vahp': -29.5, 'Vth': -20.0, 'Vmax': 31.5, 't_ref': 17.5, 'R': 0.9, 'tau_m': 81.5}. Best is trial 75 with value: 82.0.[0m
2021-04-07 10:03:07.090121: I tensorflow/compiler/jit/xla_gpu_device.cc:99] Not creating XLA devices, tf_xla_enable_xla_devices not set
mse_error/peak_error 0 1958
[32m[I 2021-04-07 10:03:28,586][0m Trial 729 finished with value: 1958.0 and parameters: {'Vahp': -27.5, 'Vth': -20.5, 'Vmax': 20.0, 't_ref': 0.5, 'R': 1.0, 'tau_m': 96.5}. Best is trial 75 with value: 82.0.[0m
2021-04-07 10:03:28.816220: I tensorflow/compiler/jit/xla_gpu_device.cc:99] Not creating XLA devices, tf_xla_enable_xla_devices not set
mse_error/peak_error 0 82.0
[32m[I 2021-04-07 10:03:50,391][0m Trial 730 finished with value: 82.0 and parameters: {'Vahp': -30.5, 'Vth': -20.5, 'Vmax': 39.0, 't_ref': 16.5, 'R': 0.9, 'tau_m': 86.5}. Best is trial 75 with value: 82.0.[0m
2021-04-07 10:03:50.630211: I tensorflow/compiler/jit/xla_gpu_device.cc:99] Not creating XLA devices, tf_xla_enable_xla_devices not set
mse_error/peak_error 0 175
[32m[I 2021-04-07 10:04:11,981][0m Trial 731 finished with value: 175.0 and parameters: {'Vahp': -33.0, 'Vth': -21.5, 'Vmax': 38.5, 't_ref': 16.0, 'R': 0.9, 'tau_m': 90.5}. Best is trial 75 with value: 82.0.[0m
2021-04-07 10:04:12.211010: I tensorflow/compiler/jit/xla_gpu_device.cc:99] Not creating XLA devices, tf_xla_enable_xla_devices not set
mse_error/peak_error 0 90.0
[32m[I 2021-04-07 10:04:34,157][0m Trial 732 finished with value: 90.0 and parameters: {'Vahp': -30.0, 'Vth': -20.5, 'Vmax': 10.0, 't_ref': 18.5, 'R': 0.9, 'tau_m': 79.5}. Best is trial 75 with value: 82.0.[0m
2021-04-07 10:04:34.389772: I tensorflow/compiler/jit/xla_gpu_device.cc:99] Not creating XLA devices, tf_xla_enable_xla_devices not set
mse_error/peak_error 0 82.0
[32m[I 2021-04-07 10:04:56,225][0m Trial 733 finished with value: 82.0 and parameters: {'Vahp': -26.0, 'Vth': -20.0, 'Vmax': 36.5, 't_ref': 18.5, 'R': 1.0, 'tau_m': 98.0}. Best is trial 75 with value: 82.0.[0m
2021-04-07 10:04:56.456787: I tensorflow/compiler/jit/xla_gpu_device.cc:99] Not creating XLA devices, tf_xla_enable_xla_devices not set
mse_error/peak_error 0 99.0
[32m[I 2021-04-07 10:05:18,453][0m Trial 734 finished with value: 99.0 and parameters: {'Vahp': -29.5, 'Vth': -20.5, 'Vmax': 36.0, 't_ref': 17.5, 'R': 0.9, 'tau_m': 95.5}. Best is trial 75 with value: 82.0.[0m
2021-04-07 10:05:18.686898: I tensorflow/compiler/jit/xla_gpu_device.cc:99] Not creating XLA devices, tf_xla_enable_xla_devices not set
mse_error/peak_error 0 175
[32m[I 2021-04-07 10:05:40,904][0m Trial 735 finished with value: 175.0 and parameters: {'Vahp': -35.0, 'Vth': -22.0, 'Vmax': 13.5, 't_ref': 14.5, 'R': 0.8, 'tau_m': 79.0}. Best is trial 75 with value: 82.0.[0m
2021-04-07 10:05:41.302566: I tensorflow/compiler/jit/xla_gpu_device.cc:99] Not creating XLA devices, tf_xla_enable_xla_devices not set
mse_error/peak_error 0 82.0
[32m[I 2021-04-07 10:06:03,288][0m Trial 736 finished with value: 82.0 and parameters: {'Vahp': -30.0, 'Vth': -20.0, 'Vmax': 31.5, 't_ref': 17.5, 'R': 0.9, 'tau_m': 84.5}. Best is trial 75 with value: 82.0.[0m
2021-04-07 10:06:03.527570: I tensorflow/compiler/jit/xla_gpu_device.cc:99] Not creating XLA devices, tf_xla_enable_xla_devices not set
mse_error/peak_error 0 99.0
[32m[I 2021-04-07 10:06:25,563][0m Trial 737 finished with value: 99.0 and parameters: {'Vahp': -29.5, 'Vth': -20.0, 'Vmax': 35.0, 't_ref': 17.0, 'R': 0.9, 'tau_m': 93.0}. Best is trial 75 with value: 82.0.[0m
2021-04-07 10:06:25.791650: I tensorflow/compiler/jit/xla_gpu_device.cc:99] Not creating XLA devices, tf_xla_enable_xla_devices not set
mse_error/peak_error 0 115.0
[32m[I 2021-04-07 10:06:47,899][0m Trial 738 finished with value: 115.0 and parameters: {'Vahp': -34.5, 'Vth': -21.0, 'Vmax': 11.5, 't_ref': 18.5, 'R': 0.9, 'tau_m': 89.5}. Best is trial 75 with value: 82.0.[0m
2021-04-07 10:06:48.138053: I tensorflow/compiler/jit/xla_gpu_device.cc:99] Not creating XLA devices, tf_xla_enable_xla_devices not set
mse_error/peak_error 0 168
[32m[I 2021-04-07 10:07:10,304][0m Trial 739 finished with value: 168.0 and parameters: {'Vahp': -25.0, 'Vth': -20.0, 'Vmax': 38.5, 't_ref': 17.0, 'R': 0.9, 'tau_m': 85.5}. Best is trial 75 with value: 82.0.[0m
2021-04-07 10:07:10.542513: I tensorflow/compiler/jit/xla_gpu_device.cc:99] Not creating XLA devices, tf_xla_enable_xla_devices not set
mse_error/peak_error 0 1900
[32m[I 2021-04-07 10:07:32,720][0m Trial 740 finished with value: 1900.0 and parameters: {'Vahp': -28.0, 'Vth': -20.0, 'Vmax': 33.0, 't_ref': 18.0, 'R': 0.1, 'tau_m': 88.5}. Best is trial 75 with value: 82.0.[0m
2021-04-07 10:07:32.952201: I tensorflow/compiler/jit/xla_gpu_device.cc:99] Not creating XLA devices, tf_xla_enable_xla_devices not set
mse_error/peak_error 0 82.0
[32m[I 2021-04-07 10:07:55,101][0m Trial 741 finished with value: 82.0 and parameters: {'Vahp': -32.0, 'Vth': -20.5, 'Vmax': 33.0, 't_ref': 16.5, 'R': 0.9, 'tau_m': 87.0}. Best is trial 75 with value: 82.0.[0m
2021-04-07 10:07:55.389116: I tensorflow/compiler/jit/xla_gpu_device.cc:99] Not creating XLA devices, tf_xla_enable_xla_devices not set
mse_error/peak_error 0 192
[32m[I 2021-04-07 10:08:17,984][0m Trial 742 finished with value: 192.0 and parameters: {'Vahp': -29.5, 'Vth': -20.0, 'Vmax': 37.0, 't_ref': 15.5, 'R': 0.9, 'tau_m': 93.5}. Best is trial 75 with value: 82.0.[0m
2021-04-07 10:08:18.222163: I tensorflow/compiler/jit/xla_gpu_device.cc:99] Not creating XLA devices, tf_xla_enable_xla_devices not set
mse_error/peak_error 0 127.0
[32m[I 2021-04-07 10:08:40,911][0m Trial 743 finished with value: 127.0 and parameters: {'Vahp': -29.0, 'Vth': -20.5, 'Vmax': 38.0, 't_ref': 17.5, 'R': 0.8, 'tau_m': 90.0}. Best is trial 75 with value: 82.0.[0m
2021-04-07 10:08:41.163285: I tensorflow/compiler/jit/xla_gpu_device.cc:99] Not creating XLA devices, tf_xla_enable_xla_devices not set
mse_error/peak_error 0 82.0
