[32m[I 2021-04-07 08:58:52,154][0m Trial 512 finished with value: 89.0 and parameters: {'Vahp': -30.0, 'Vth': -20.0, 'Vmax': 37.5, 't_ref': 17.5, 'R': 0.9, 'tau_m': 87.5}. Best is trial 75 with value: 82.0.[0m
2021-04-07 08:58:52.371343: I tensorflow/compiler/jit/xla_gpu_device.cc:99] Not creating XLA devices, tf_xla_enable_xla_devices not set
mse_error/peak_error 0 286.0
[32m[I 2021-04-07 08:59:05,860][0m Trial 513 finished with value: 286.0 and parameters: {'Vahp': -31.0, 'Vth': -20.5, 'Vmax': 34.5, 't_ref': 17.0, 'R': 0.6, 'tau_m': 92.0}. Best is trial 75 with value: 82.0.[0m
2021-04-07 08:59:06.077691: I tensorflow/compiler/jit/xla_gpu_device.cc:99] Not creating XLA devices, tf_xla_enable_xla_devices not set
mse_error/peak_error 0 82.0
[32m[I 2021-04-07 08:59:19,662][0m Trial 514 finished with value: 82.0 and parameters: {'Vahp': -29.0, 'Vth': -20.0, 'Vmax': 30.5, 't_ref': 18.0, 'R': 0.9, 'tau_m': 89.0}. Best is trial 75 with value: 82.0.[0m
2021-04-07 08:59:19.900913: I tensorflow/compiler/jit/xla_gpu_device.cc:99] Not creating XLA devices, tf_xla_enable_xla_devices not set
mse_error/peak_error 0 176
[32m[I 2021-04-07 08:59:33,691][0m Trial 515 finished with value: 176.0 and parameters: {'Vahp': -28.0, 'Vth': -20.0, 'Vmax': 29.5, 't_ref': 18.0, 'R': 1.0, 'tau_m': 90.0}. Best is trial 75 with value: 82.0.[0m
2021-04-07 08:59:33.928690: I tensorflow/compiler/jit/xla_gpu_device.cc:99] Not creating XLA devices, tf_xla_enable_xla_devices not set
mse_error/peak_error 0 82.0
[32m[I 2021-04-07 08:59:47,686][0m Trial 516 finished with value: 82.0 and parameters: {'Vahp': -26.0, 'Vth': -20.0, 'Vmax': 29.0, 't_ref': 18.5, 'R': 1.0, 'tau_m': 99.5}. Best is trial 75 with value: 82.0.[0m
2021-04-07 08:59:47.917865: I tensorflow/compiler/jit/xla_gpu_device.cc:99] Not creating XLA devices, tf_xla_enable_xla_devices not set
mse_error/peak_error 0 159
[32m[I 2021-04-07 09:00:01,708][0m Trial 517 finished with value: 159.0 and parameters: {'Vahp': -23.0, 'Vth': -20.5, 'Vmax': 28.5, 't_ref': 17.0, 'R': 1.0, 'tau_m': 90.0}. Best is trial 75 with value: 82.0.[0m
2021-04-07 09:00:01.926997: I tensorflow/compiler/jit/xla_gpu_device.cc:99] Not creating XLA devices, tf_xla_enable_xla_devices not set
mse_error/peak_error 0 82.0
[32m[I 2021-04-07 09:00:15,558][0m Trial 518 finished with value: 82.0 and parameters: {'Vahp': -31.5, 'Vth': -20.5, 'Vmax': 28.0, 't_ref': 17.0, 'R': 0.9, 'tau_m': 90.0}. Best is trial 75 with value: 82.0.[0m
2021-04-07 09:00:15.798039: I tensorflow/compiler/jit/xla_gpu_device.cc:99] Not creating XLA devices, tf_xla_enable_xla_devices not set
mse_error/peak_error 0 82.0
[32m[I 2021-04-07 09:00:29,599][0m Trial 519 finished with value: 82.0 and parameters: {'Vahp': -29.0, 'Vth': -20.0, 'Vmax': 31.0, 't_ref': 17.5, 'R': 0.9, 'tau_m': 85.5}. Best is trial 75 with value: 82.0.[0m
2021-04-07 09:00:29.824079: I tensorflow/compiler/jit/xla_gpu_device.cc:99] Not creating XLA devices, tf_xla_enable_xla_devices not set
mse_error/peak_error 0 82.0
[32m[I 2021-04-07 09:00:43,672][0m Trial 520 finished with value: 82.0 and parameters: {'Vahp': -29.0, 'Vth': -20.0, 'Vmax': 31.5, 't_ref': 17.5, 'R': 0.9, 'tau_m': 85.5}. Best is trial 75 with value: 82.0.[0m
2021-04-07 09:00:43.914491: I tensorflow/compiler/jit/xla_gpu_device.cc:99] Not creating XLA devices, tf_xla_enable_xla_devices not set
mse_error/peak_error 0 83.0
[32m[I 2021-04-07 09:00:57,952][0m Trial 521 finished with value: 83.0 and parameters: {'Vahp': -33.0, 'Vth': -21.0, 'Vmax': 39.0, 't_ref': 17.0, 'R': 1.0, 'tau_m': 94.0}. Best is trial 75 with value: 82.0.[0m
2021-04-07 09:00:58.175270: I tensorflow/compiler/jit/xla_gpu_device.cc:99] Not creating XLA devices, tf_xla_enable_xla_devices not set
mse_error/peak_error 0 178
[32m[I 2021-04-07 09:01:12,139][0m Trial 522 finished with value: 178.0 and parameters: {'Vahp': -35.0, 'Vth': -21.5, 'Vmax': 12.5, 't_ref': 15.5, 'R': 1.0, 'tau_m': 82.0}. Best is trial 75 with value: 82.0.[0m
2021-04-07 09:01:12.356292: I tensorflow/compiler/jit/xla_gpu_device.cc:99] Not creating XLA devices, tf_xla_enable_xla_devices not set
mse_error/peak_error 0 82.0
[32m[I 2021-04-07 09:01:26,301][0m Trial 523 finished with value: 82.0 and parameters: {'Vahp': -30.5, 'Vth': -21.0, 'Vmax': 37.0, 't_ref': 17.5, 'R': 1.0, 'tau_m': 96.5}. Best is trial 75 with value: 82.0.[0m
2021-04-07 09:01:26.520842: I tensorflow/compiler/jit/xla_gpu_device.cc:99] Not creating XLA devices, tf_xla_enable_xla_devices not set
mse_error/peak_error 0 82.0
[32m[I 2021-04-07 09:01:40,541][0m Trial 524 finished with value: 82.0 and parameters: {'Vahp': -31.0, 'Vth': -20.5, 'Vmax': 38.0, 't_ref': 17.0, 'R': 0.9, 'tau_m': 88.5}. Best is trial 75 with value: 82.0.[0m
2021-04-07 09:01:40.767953: I tensorflow/compiler/jit/xla_gpu_device.cc:99] Not creating XLA devices, tf_xla_enable_xla_devices not set
mse_error/peak_error 0 176
[32m[I 2021-04-07 09:01:54,812][0m Trial 525 finished with value: 176.0 and parameters: {'Vahp': -34.5, 'Vth': -21.0, 'Vmax': 12.0, 't_ref': 15.0, 'R': 0.9, 'tau_m': 83.0}. Best is trial 75 with value: 82.0.[0m
2021-04-07 09:01:55.032901: I tensorflow/compiler/jit/xla_gpu_device.cc:99] Not creating XLA devices, tf_xla_enable_xla_devices not set
mse_error/peak_error 0 262
[32m[I 2021-04-07 09:02:09,133][0m Trial 526 finished with value: 262.0 and parameters: {'Vahp': -24.5, 'Vth': -20.5, 'Vmax': 12.0, 't_ref': 14.5, 'R': 1.0, 'tau_m': 80.0}. Best is trial 75 with value: 82.0.[0m
2021-04-07 09:02:09.354749: I tensorflow/compiler/jit/xla_gpu_device.cc:99] Not creating XLA devices, tf_xla_enable_xla_devices not set
mse_error/peak_error 0 99.0
[32m[I 2021-04-07 09:02:23,478][0m Trial 527 finished with value: 99.0 and parameters: {'Vahp': -29.5, 'Vth': -21.0, 'Vmax': 32.0, 't_ref': 17.5, 'R': 0.9, 'tau_m': 92.0}. Best is trial 75 with value: 82.0.[0m
2021-04-07 09:02:23.695265: I tensorflow/compiler/jit/xla_gpu_device.cc:99] Not creating XLA devices, tf_xla_enable_xla_devices not set
mse_error/peak_error 0 161
[32m[I 2021-04-07 09:02:37,790][0m Trial 528 finished with value: 161.0 and parameters: {'Vahp': -27.0, 'Vth': -22.5, 'Vmax': 39.5, 't_ref': 16.5, 'R': 0.8, 'tau_m': 82.0}. Best is trial 75 with value: 82.0.[0m
2021-04-07 09:02:38.010460: I tensorflow/compiler/jit/xla_gpu_device.cc:99] Not creating XLA devices, tf_xla_enable_xla_devices not set
mse_error/peak_error 0 162
[32m[I 2021-04-07 09:02:52,059][0m Trial 529 finished with value: 162.0 and parameters: {'Vahp': -26.5, 'Vth': -22.0, 'Vmax': 33.0, 't_ref': 16.5, 'R': 1.0, 'tau_m': 98.0}. Best is trial 75 with value: 82.0.[0m
2021-04-07 09:02:52.279384: I tensorflow/compiler/jit/xla_gpu_device.cc:99] Not creating XLA devices, tf_xla_enable_xla_devices not set
mse_error/peak_error 0 175
[32m[I 2021-04-07 09:03:06,054][0m Trial 530 finished with value: 175.0 and parameters: {'Vahp': -36.5, 'Vth': -21.5, 'Vmax': 13.5, 't_ref': 14.5, 'R': 1.0, 'tau_m': 98.0}. Best is trial 75 with value: 82.0.[0m
2021-04-07 09:03:06.280262: I tensorflow/compiler/jit/xla_gpu_device.cc:99] Not creating XLA devices, tf_xla_enable_xla_devices not set
mse_error/peak_error 0 108.0
[32m[I 2021-04-07 09:03:20,238][0m Trial 531 finished with value: 108.0 and parameters: {'Vahp': -27.0, 'Vth': -20.0, 'Vmax': 30.0, 't_ref': 18.5, 'R': 0.9, 'tau_m': 92.0}. Best is trial 75 with value: 82.0.[0m
2021-04-07 09:03:20.454658: I tensorflow/compiler/jit/xla_gpu_device.cc:99] Not creating XLA devices, tf_xla_enable_xla_devices not set
mse_error/peak_error 0 83.0
[32m[I 2021-04-07 09:03:34,780][0m Trial 532 finished with value: 83.0 and parameters: {'Vahp': -30.5, 'Vth': -21.0, 'Vmax': 36.5, 't_ref': 17.5, 'R': 1.0, 'tau_m': 95.0}. Best is trial 75 with value: 82.0.[0m
2021-04-07 09:03:35.020775: I tensorflow/compiler/jit/xla_gpu_device.cc:99] Not creating XLA devices, tf_xla_enable_xla_devices not set
mse_error/peak_error 0 175
[32m[I 2021-04-07 09:03:49,609][0m Trial 533 finished with value: 175.0 and parameters: {'Vahp': -30.0, 'Vth': -20.5, 'Vmax': 33.5, 't_ref': 17.0, 'R': 0.9, 'tau_m': 89.0}. Best is trial 75 with value: 82.0.[0m
2021-04-07 09:03:49.837702: I tensorflow/compiler/jit/xla_gpu_device.cc:99] Not creating XLA devices, tf_xla_enable_xla_devices not set
mse_error/peak_error 0 99.0
[32m[I 2021-04-07 09:04:04,342][0m Trial 534 finished with value: 99.0 and parameters: {'Vahp': -26.5, 'Vth': -20.0, 'Vmax': 30.0, 't_ref': 18.5, 'R': 1.0, 'tau_m': 100.0}. Best is trial 75 with value: 82.0.[0m
2021-04-07 09:04:04.563837: I tensorflow/compiler/jit/xla_gpu_device.cc:99] Not creating XLA devices, tf_xla_enable_xla_devices not set
mse_error/peak_error 0 99.0
[32m[I 2021-04-07 09:04:19,204][0m Trial 535 finished with value: 99.0 and parameters: {'Vahp': -28.0, 'Vth': -20.0, 'Vmax': 30.0, 't_ref': 17.5, 'R': 0.9, 'tau_m': 91.5}. Best is trial 75 with value: 82.0.[0m
2021-04-07 09:04:19.421374: I tensorflow/compiler/jit/xla_gpu_device.cc:99] Not creating XLA devices, tf_xla_enable_xla_devices not set
mse_error/peak_error 0 99.0
[32m[I 2021-04-07 09:04:34,050][0m Trial 536 finished with value: 99.0 and parameters: {'Vahp': -28.0, 'Vth': -20.0, 'Vmax': 29.5, 't_ref': 17.5, 'R': 0.9, 'tau_m': 89.5}. Best is trial 75 with value: 82.0.[0m
2021-04-07 09:04:34.277545: I tensorflow/compiler/jit/xla_gpu_device.cc:99] Not creating XLA devices, tf_xla_enable_xla_devices not set
mse_error/peak_error 0 82.0
[32m[I 2021-04-07 09:04:48,987][0m Trial 537 finished with value: 82.0 and parameters: {'Vahp': -32.5, 'Vth': -20.0, 'Vmax': 39.5, 't_ref': 16.5, 'R': 0.9, 'tau_m': 84.0}. Best is trial 75 with value: 82.0.[0m
2021-04-07 09:04:49.220252: I tensorflow/compiler/jit/xla_gpu_device.cc:99] Not creating XLA devices, tf_xla_enable_xla_devices not set
mse_error/peak_error 0 83.0
[32m[I 2021-04-07 09:05:03,882][0m Trial 538 finished with value: 83.0 and parameters: {'Vahp': -33.0, 'Vth': -20.5, 'Vmax': 40.0, 't_ref': 16.5, 'R': 0.9, 'tau_m': 83.5}. Best is trial 75 with value: 82.0.[0m
2021-04-07 09:05:04.117920: I tensorflow/compiler/jit/xla_gpu_device.cc:99] Not creating XLA devices, tf_xla_enable_xla_devices not set
mse_error/peak_error 0 693
[32m[I 2021-04-07 09:05:18,913][0m Trial 539 finished with value: 693.0 and parameters: {'Vahp': -30.0, 'Vth': -20.5, 'Vmax': 35.0, 't_ref': 5.0, 'R': 0.9, 'tau_m': 87.0}. Best is trial 75 with value: 82.0.[0m
2021-04-07 09:05:19.153289: I tensorflow/compiler/jit/xla_gpu_device.cc:99] Not creating XLA devices, tf_xla_enable_xla_devices not set
mse_error/peak_error 0 82.0
[32m[I 2021-04-07 09:05:33,761][0m Trial 540 finished with value: 82.0 and parameters: {'Vahp': -32.0, 'Vth': -20.0, 'Vmax': 36.5, 't_ref': 16.5, 'R': 0.9, 'tau_m': 85.0}. Best is trial 75 with value: 82.0.[0m
2021-04-07 09:05:33.982948: I tensorflow/compiler/jit/xla_gpu_device.cc:99] Not creating XLA devices, tf_xla_enable_xla_devices not set
mse_error/peak_error 0 82.0
[32m[I 2021-04-07 09:05:48,721][0m Trial 541 finished with value: 82.0 and parameters: {'Vahp': -31.0, 'Vth': -20.5, 'Vmax': 32.5, 't_ref': 17.0, 'R': 0.9, 'tau_m': 88.5}. Best is trial 75 with value: 82.0.[0m
2021-04-07 09:05:48.944566: I tensorflow/compiler/jit/xla_gpu_device.cc:99] Not creating XLA devices, tf_xla_enable_xla_devices not set
mse_error/peak_error 0 99.0
[32m[I 2021-04-07 09:06:03,686][0m Trial 542 finished with value: 99.0 and parameters: {'Vahp': -31.0, 'Vth': -20.5, 'Vmax': 37.5, 't_ref': 17.0, 'R': 0.9, 'tau_m': 90.5}. Best is trial 75 with value: 82.0.[0m
2021-04-07 09:06:04.369651: I tensorflow/compiler/jit/xla_gpu_device.cc:99] Not creating XLA devices, tf_xla_enable_xla_devices not set
mse_error/peak_error 0 83.0
[32m[I 2021-04-07 09:06:19,086][0m Trial 543 finished with value: 83.0 and parameters: {'Vahp': -31.5, 'Vth': -21.0, 'Vmax': 33.5, 't_ref': 17.0, 'R': 1.0, 'tau_m': 93.5}. Best is trial 75 with value: 82.0.[0m
2021-04-07 09:06:19.305476: I tensorflow/compiler/jit/xla_gpu_device.cc:99] Not creating XLA devices, tf_xla_enable_xla_devices not set
mse_error/peak_error 0 99.0
[32m[I 2021-04-07 09:06:34,085][0m Trial 544 finished with value: 99.0 and parameters: {'Vahp': -30.0, 'Vth': -20.5, 'Vmax': 35.0, 't_ref': 17.0, 'R': 0.9, 'tau_m': 92.5}. Best is trial 75 with value: 82.0.[0m
2021-04-07 09:06:34.310908: I tensorflow/compiler/jit/xla_gpu_device.cc:99] Not creating XLA devices, tf_xla_enable_xla_devices not set
mse_error/peak_error 0 99.0
[32m[I 2021-04-07 09:06:49,281][0m Trial 545 finished with value: 99.0 and parameters: {'Vahp': -33.0, 'Vth': -21.0, 'Vmax': 39.0, 't_ref': 16.0, 'R': 0.9, 'tau_m': 94.5}. Best is trial 75 with value: 82.0.[0m
2021-04-07 09:06:49.505146: I tensorflow/compiler/jit/xla_gpu_device.cc:99] Not creating XLA devices, tf_xla_enable_xla_devices not set
mse_error/peak_error 0 99.0
[32m[I 2021-04-07 09:07:04,378][0m Trial 546 finished with value: 99.0 and parameters: {'Vahp': -31.0, 'Vth': -21.0, 'Vmax': 40.0, 't_ref': 16.5, 'R': 0.9, 'tau_m': 93.5}. Best is trial 75 with value: 82.0.[0m
2021-04-07 09:07:04.600923: I tensorflow/compiler/jit/xla_gpu_device.cc:99] Not creating XLA devices, tf_xla_enable_xla_devices not set
mse_error/peak_error 0 507
[32m[I 2021-04-07 09:07:19,533][0m Trial 547 finished with value: 507.0 and parameters: {'Vahp': -27.5, 'Vth': -20.5, 'Vmax': 29.0, 't_ref': 18.5, 'R': 0.5, 'tau_m': 96.0}. Best is trial 75 with value: 82.0.[0m
2021-04-07 09:07:19.752786: I tensorflow/compiler/jit/xla_gpu_device.cc:99] Not creating XLA devices, tf_xla_enable_xla_devices not set
mse_error/peak_error 0 82.0
[32m[I 2021-04-07 09:07:34,759][0m Trial 548 finished with value: 82.0 and parameters: {'Vahp': -29.0, 'Vth': -20.0, 'Vmax': 32.0, 't_ref': 18.0, 'R': 0.9, 'tau_m': 86.0}. Best is trial 75 with value: 82.0.[0m
2021-04-07 09:07:34.977655: I tensorflow/compiler/jit/xla_gpu_device.cc:99] Not creating XLA devices, tf_xla_enable_xla_devices not set
mse_error/peak_error 0 99.0
[32m[I 2021-04-07 09:07:50,085][0m Trial 549 finished with value: 99.0 and parameters: {'Vahp': -30.0, 'Vth': -20.0, 'Vmax': 36.0, 't_ref': 17.0, 'R': 0.9, 'tau_m': 90.5}. Best is trial 75 with value: 82.0.[0m
2021-04-07 09:07:50.308241: I tensorflow/compiler/jit/xla_gpu_device.cc:99] Not creating XLA devices, tf_xla_enable_xla_devices not set
mse_error/peak_error 0 82.0
[32m[I 2021-04-07 09:08:05,462][0m Trial 550 finished with value: 82.0 and parameters: {'Vahp': -31.0, 'Vth': -21.0, 'Vmax': 31.5, 't_ref': 16.5, 'R': 0.9, 'tau_m': 91.0}. Best is trial 75 with value: 82.0.[0m
2021-04-07 09:08:05.681033: I tensorflow/compiler/jit/xla_gpu_device.cc:99] Not creating XLA devices, tf_xla_enable_xla_devices not set
mse_error/peak_error 0 89.0
[32m[I 2021-04-07 09:08:20,750][0m Trial 551 finished with value: 89.0 and parameters: {'Vahp': -37.0, 'Vth': -21.5, 'Vmax': 39.0, 't_ref': 15.5, 'R': 0.8, 'tau_m': 81.0}. Best is trial 75 with value: 82.0.[0m
2021-04-07 09:08:20.985693: I tensorflow/compiler/jit/xla_gpu_device.cc:99] Not creating XLA devices, tf_xla_enable_xla_devices not set
mse_error/peak_error 0 170
[32m[I 2021-04-07 09:08:36,158][0m Trial 552 finished with value: 170.0 and parameters: {'Vahp': -25.5, 'Vth': -24.0, 'Vmax': 27.0, 't_ref': 19.0, 'R': 0.6, 'tau_m': 55.5}. Best is trial 75 with value: 82.0.[0m
2021-04-07 09:08:36.378692: I tensorflow/compiler/jit/xla_gpu_device.cc:99] Not creating XLA devices, tf_xla_enable_xla_devices not set
mse_error/peak_error 0 1477
[32m[I 2021-04-07 09:08:51,395][0m Trial 553 finished with value: 1477.0 and parameters: {'Vahp': -35.0, 'Vth': -28.0, 'Vmax': 12.5, 't_ref': 15.0, 'R': 0.2, 'tau_m': 84.5}. Best is trial 75 with value: 82.0.[0m
2021-04-07 09:08:51.620221: I tensorflow/compiler/jit/xla_gpu_device.cc:99] Not creating XLA devices, tf_xla_enable_xla_devices not set
mse_error/peak_error 0 82.0
[32m[I 2021-04-07 09:09:06,793][0m Trial 554 finished with value: 82.0 and parameters: {'Vahp': -28.5, 'Vth': -20.0, 'Vmax': 32.5, 't_ref': 18.0, 'R': 0.9, 'tau_m': 88.5}. Best is trial 75 with value: 82.0.[0m
2021-04-07 09:09:07.065214: I tensorflow/compiler/jit/xla_gpu_device.cc:99] Not creating XLA devices, tf_xla_enable_xla_devices not set
mse_error/peak_error 0 176
[32m[I 2021-04-07 09:09:22,358][0m Trial 555 finished with value: 176.0 and parameters: {'Vahp': -28.5, 'Vth': -20.5, 'Vmax': 33.0, 't_ref': 16.5, 'R': 1.0, 'tau_m': 93.5}. Best is trial 75 with value: 82.0.[0m
2021-04-07 09:09:22.580466: I tensorflow/compiler/jit/xla_gpu_device.cc:99] Not creating XLA devices, tf_xla_enable_xla_devices not set
mse_error/peak_error 0 82.0
[32m[I 2021-04-07 09:09:37,888][0m Trial 556 finished with value: 82.0 and parameters: {'Vahp': -33.5, 'Vth': -20.5, 'Vmax': 10.5, 't_ref': 16.0, 'R': 0.9, 'tau_m': 90.0}. Best is trial 75 with value: 82.0.[0m
2021-04-07 09:09:38.118815: I tensorflow/compiler/jit/xla_gpu_device.cc:99] Not creating XLA devices, tf_xla_enable_xla_devices not set
mse_error/peak_error 0 183
[32m[I 2021-04-07 09:09:53,656][0m Trial 557 finished with value: 183.0 and parameters: {'Vahp': -30.0, 'Vth': -20.5, 'Vmax': 34.0, 't_ref': 17.0, 'R': 0.9, 'tau_m': 48.0}. Best is trial 75 with value: 82.0.[0m
2021-04-07 09:09:53.880563: I tensorflow/compiler/jit/xla_gpu_device.cc:99] Not creating XLA devices, tf_xla_enable_xla_devices not set
mse_error/peak_error 0 170
[32m[I 2021-04-07 09:10:09,360][0m Trial 558 finished with value: 170.0 and parameters: {'Vahp': -25.0, 'Vth': -24.5, 'Vmax': 38.5, 't_ref': 19.0, 'R': 1.0, 'tau_m': 93.5}. Best is trial 75 with value: 82.0.[0m
2021-04-07 09:10:09.585206: I tensorflow/compiler/jit/xla_gpu_device.cc:99] Not creating XLA devices, tf_xla_enable_xla_devices not set
mse_error/peak_error 0 82.0
[32m[I 2021-04-07 09:10:25,123][0m Trial 559 finished with value: 82.0 and parameters: {'Vahp': -28.0, 'Vth': -20.0, 'Vmax': 32.0, 't_ref': 18.0, 'R': 0.9, 'tau_m': 86.5}. Best is trial 75 with value: 82.0.[0m
2021-04-07 09:10:25.353242: I tensorflow/compiler/jit/xla_gpu_device.cc:99] Not creating XLA devices, tf_xla_enable_xla_devices not set
mse_error/peak_error 0 99.0
[32m[I 2021-04-07 09:10:41,050][0m Trial 560 finished with value: 99.0 and parameters: {'Vahp': -26.0, 'Vth': -20.0, 'Vmax': 36.5, 't_ref': 18.5, 'R': 0.8, 'tau_m': 82.5}. Best is trial 75 with value: 82.0.[0m
2021-04-07 09:10:41.272648: I tensorflow/compiler/jit/xla_gpu_device.cc:99] Not creating XLA devices, tf_xla_enable_xla_devices not set
mse_error/peak_error 0 89.0
[32m[I 2021-04-07 09:10:56,948][0m Trial 561 finished with value: 89.0 and parameters: {'Vahp': -25.5, 'Vth': -20.5, 'Vmax': 38.0, 't_ref': 19.5, 'R': 1.0, 'tau_m': 98.0}. Best is trial 75 with value: 82.0.[0m
2021-04-07 09:10:57.182208: I tensorflow/compiler/jit/xla_gpu_device.cc:99] Not creating XLA devices, tf_xla_enable_xla_devices not set
mse_error/peak_error 0 99.0
[32m[I 2021-04-07 09:11:12,725][0m Trial 562 finished with value: 99.0 and parameters: {'Vahp': -27.0, 'Vth': -20.0, 'Vmax': 36.0, 't_ref': 18.5, 'R': 1.0, 'tau_m': 100.0}. Best is trial 75 with value: 82.0.[0m
2021-04-07 09:11:12.951546: I tensorflow/compiler/jit/xla_gpu_device.cc:99] Not creating XLA devices, tf_xla_enable_xla_devices not set
mse_error/peak_error 0 322
[32m[I 2021-04-07 09:11:28,651][0m Trial 563 finished with value: 322.0 and parameters: {'Vahp': -26.5, 'Vth': -23.5, 'Vmax': 38.0, 't_ref': 15.5, 'R': 1.0, 'tau_m': 53.5}. Best is trial 75 with value: 82.0.[0m
2021-04-07 09:11:28.870035: I tensorflow/compiler/jit/xla_gpu_device.cc:99] Not creating XLA devices, tf_xla_enable_xla_devices not set
mse_error/peak_error 0 324
[32m[I 2021-04-07 09:11:44,721][0m Trial 564 finished with value: 324.0 and parameters: {'Vahp': -22.0, 'Vth': -20.0, 'Vmax': 39.5, 't_ref': 16.0, 'R': 0.6, 'tau_m': 91.0}. Best is trial 75 with value: 82.0.[0m
2021-04-07 09:11:44.945884: I tensorflow/compiler/jit/xla_gpu_device.cc:99] Not creating XLA devices, tf_xla_enable_xla_devices not set
mse_error/peak_error 0 82.0
[32m[I 2021-04-07 09:12:00,483][0m Trial 565 finished with value: 82.0 and parameters: {'Vahp': -29.0, 'Vth': -20.0, 'Vmax': 28.0, 't_ref': 17.5, 'R': 1.0, 'tau_m': 99.5}. Best is trial 75 with value: 82.0.[0m
2021-04-07 09:12:00.713754: I tensorflow/compiler/jit/xla_gpu_device.cc:99] Not creating XLA devices, tf_xla_enable_xla_devices not set
mse_error/peak_error 0 82.0
[32m[I 2021-04-07 09:12:16,450][0m Trial 566 finished with value: 82.0 and parameters: {'Vahp': -30.0, 'Vth': -20.0, 'Vmax': 34.5, 't_ref': 17.0, 'R': 0.9, 'tau_m': 88.0}. Best is trial 75 with value: 82.0.[0m
2021-04-07 09:12:16.686304: I tensorflow/compiler/jit/xla_gpu_device.cc:99] Not creating XLA devices, tf_xla_enable_xla_devices not set
mse_error/peak_error 0 175
[32m[I 2021-04-07 09:12:32,451][0m Trial 567 finished with value: 175.0 and parameters: {'Vahp': -30.0, 'Vth': -20.5, 'Vmax': 34.0, 't_ref': 17.0, 'R': 0.9, 'tau_m': 88.0}. Best is trial 75 with value: 82.0.[0m
2021-04-07 09:12:32.684089: I tensorflow/compiler/jit/xla_gpu_device.cc:99] Not creating XLA devices, tf_xla_enable_xla_devices not set
mse_error/peak_error 0 82.0
[32m[I 2021-04-07 09:12:48,588][0m Trial 568 finished with value: 82.0 and parameters: {'Vahp': -32.0, 'Vth': -20.5, 'Vmax': 10.0, 't_ref': 17.0, 'R': 0.9, 'tau_m': 87.5}. Best is trial 75 with value: 82.0.[0m
2021-04-07 09:12:48.809315: I tensorflow/compiler/jit/xla_gpu_device.cc:99] Not creating XLA devices, tf_xla_enable_xla_devices not set
mse_error/peak_error 0 82.0
[32m[I 2021-04-07 09:13:04,712][0m Trial 569 finished with value: 82.0 and parameters: {'Vahp': -29.5, 'Vth': -20.0, 'Vmax': 33.0, 't_ref': 17.5, 'R': 0.9, 'tau_m': 87.5}. Best is trial 75 with value: 82.0.[0m
2021-04-07 09:13:04.931309: I tensorflow/compiler/jit/xla_gpu_device.cc:99] Not creating XLA devices, tf_xla_enable_xla_devices not set
mse_error/peak_error 0 82.0
