[32m[I 2021-04-07 08:19:31,099][0m Trial 280 finished with value: 108.0 and parameters: {'Vahp': -31.5, 'Vth': -20.0, 'Vmax': 11.0, 't_ref': 17.5, 'R': 0.9, 'tau_m': 90.5}. Best is trial 75 with value: 82.0.[0m
2021-04-07 08:19:31.334787: I tensorflow/compiler/jit/xla_gpu_device.cc:99] Not creating XLA devices, tf_xla_enable_xla_devices not set
mse_error/peak_error 0 108.0
[32m[I 2021-04-07 08:19:38,106][0m Trial 281 finished with value: 108.0 and parameters: {'Vahp': -30.5, 'Vth': -20.5, 'Vmax': 11.0, 't_ref': 17.5, 'R': 0.9, 'tau_m': 93.5}. Best is trial 75 with value: 82.0.[0m
2021-04-07 08:19:38.357203: I tensorflow/compiler/jit/xla_gpu_device.cc:99] Not creating XLA devices, tf_xla_enable_xla_devices not set
mse_error/peak_error 0 82.0
[32m[I 2021-04-07 08:19:45,154][0m Trial 282 finished with value: 82.0 and parameters: {'Vahp': -31.5, 'Vth': -20.0, 'Vmax': 39.0, 't_ref': 17.0, 'R': 0.9, 'tau_m': 89.0}. Best is trial 75 with value: 82.0.[0m
2021-04-07 08:19:45.369908: I tensorflow/compiler/jit/xla_gpu_device.cc:99] Not creating XLA devices, tf_xla_enable_xla_devices not set
mse_error/peak_error 0 82.0
[32m[I 2021-04-07 08:19:52,125][0m Trial 283 finished with value: 82.0 and parameters: {'Vahp': -31.5, 'Vth': -20.0, 'Vmax': 30.5, 't_ref': 17.0, 'R': 0.9, 'tau_m': 88.5}. Best is trial 75 with value: 82.0.[0m
2021-04-07 08:19:52.343579: I tensorflow/compiler/jit/xla_gpu_device.cc:99] Not creating XLA devices, tf_xla_enable_xla_devices not set
mse_error/peak_error 0 82.0
[32m[I 2021-04-07 08:19:59,066][0m Trial 284 finished with value: 82.0 and parameters: {'Vahp': -30.0, 'Vth': -20.0, 'Vmax': 32.0, 't_ref': 17.0, 'R': 0.9, 'tau_m': 87.0}. Best is trial 75 with value: 82.0.[0m
2021-04-07 08:19:59.282371: I tensorflow/compiler/jit/xla_gpu_device.cc:99] Not creating XLA devices, tf_xla_enable_xla_devices not set
mse_error/peak_error 0 89.0
[32m[I 2021-04-07 08:20:06,084][0m Trial 285 finished with value: 89.0 and parameters: {'Vahp': -30.0, 'Vth': -20.0, 'Vmax': 37.0, 't_ref': 17.5, 'R': 0.9, 'tau_m': 87.0}. Best is trial 75 with value: 82.0.[0m
2021-04-07 08:20:06.308070: I tensorflow/compiler/jit/xla_gpu_device.cc:99] Not creating XLA devices, tf_xla_enable_xla_devices not set
mse_error/peak_error 0 99.0
[32m[I 2021-04-07 08:20:13,062][0m Trial 286 finished with value: 99.0 and parameters: {'Vahp': -31.5, 'Vth': -20.0, 'Vmax': 29.5, 't_ref': 17.0, 'R': 0.9, 'tau_m': 92.0}. Best is trial 75 with value: 82.0.[0m
2021-04-07 08:20:13.281340: I tensorflow/compiler/jit/xla_gpu_device.cc:99] Not creating XLA devices, tf_xla_enable_xla_devices not set
mse_error/peak_error 0 90.0
[32m[I 2021-04-07 08:20:20,164][0m Trial 287 finished with value: 90.0 and parameters: {'Vahp': -31.0, 'Vth': -20.0, 'Vmax': 27.0, 't_ref': 17.5, 'R': 1.0, 'tau_m': 88.5}. Best is trial 75 with value: 82.0.[0m
2021-04-07 08:20:20.376579: I tensorflow/compiler/jit/xla_gpu_device.cc:99] Not creating XLA devices, tf_xla_enable_xla_devices not set
mse_error/peak_error 0 82.0
[32m[I 2021-04-07 08:20:27,248][0m Trial 288 finished with value: 82.0 and parameters: {'Vahp': -32.0, 'Vth': -20.0, 'Vmax': 29.5, 't_ref': 16.5, 'R': 0.9, 'tau_m': 86.5}. Best is trial 75 with value: 82.0.[0m
2021-04-07 08:20:27.453019: I tensorflow/compiler/jit/xla_gpu_device.cc:99] Not creating XLA devices, tf_xla_enable_xla_devices not set
mse_error/peak_error 0 99.0
[32m[I 2021-04-07 08:20:34,261][0m Trial 289 finished with value: 99.0 and parameters: {'Vahp': -30.0, 'Vth': -20.0, 'Vmax': 29.0, 't_ref': 17.0, 'R': 0.9, 'tau_m': 90.0}. Best is trial 75 with value: 82.0.[0m
2021-04-07 08:20:34.469765: I tensorflow/compiler/jit/xla_gpu_device.cc:99] Not creating XLA devices, tf_xla_enable_xla_devices not set
mse_error/peak_error 0 82.0
[32m[I 2021-04-07 08:20:41,282][0m Trial 290 finished with value: 82.0 and parameters: {'Vahp': -32.0, 'Vth': -20.0, 'Vmax': 35.0, 't_ref': 16.5, 'R': 0.9, 'tau_m': 87.0}. Best is trial 75 with value: 82.0.[0m
2021-04-07 08:20:41.506281: I tensorflow/compiler/jit/xla_gpu_device.cc:99] Not creating XLA devices, tf_xla_enable_xla_devices not set
mse_error/peak_error 0 108.0
[32m[I 2021-04-07 08:20:48,485][0m Trial 291 finished with value: 108.0 and parameters: {'Vahp': -33.0, 'Vth': -20.0, 'Vmax': 30.5, 't_ref': 16.5, 'R': 0.9, 'tau_m': 91.5}. Best is trial 75 with value: 82.0.[0m
2021-04-07 08:20:48.710364: I tensorflow/compiler/jit/xla_gpu_device.cc:99] Not creating XLA devices, tf_xla_enable_xla_devices not set
mse_error/peak_error 0 82.0
[32m[I 2021-04-07 08:20:55,630][0m Trial 292 finished with value: 82.0 and parameters: {'Vahp': -30.5, 'Vth': -20.5, 'Vmax': 31.0, 't_ref': 17.5, 'R': 0.9, 'tau_m': 86.0}. Best is trial 75 with value: 82.0.[0m
2021-04-07 08:20:55.854390: I tensorflow/compiler/jit/xla_gpu_device.cc:99] Not creating XLA devices, tf_xla_enable_xla_devices not set
mse_error/peak_error 0 82.0
[32m[I 2021-04-07 08:21:02,758][0m Trial 293 finished with value: 82.0 and parameters: {'Vahp': -32.0, 'Vth': -20.5, 'Vmax': 38.0, 't_ref': 16.5, 'R': 0.9, 'tau_m': 85.5}. Best is trial 75 with value: 82.0.[0m
2021-04-07 08:21:02.992174: I tensorflow/compiler/jit/xla_gpu_device.cc:99] Not creating XLA devices, tf_xla_enable_xla_devices not set
mse_error/peak_error 0 82.0
[32m[I 2021-04-07 08:21:09,980][0m Trial 294 finished with value: 82.0 and parameters: {'Vahp': -32.5, 'Vth': -20.5, 'Vmax': 31.5, 't_ref': 16.5, 'R': 0.9, 'tau_m': 85.5}. Best is trial 75 with value: 82.0.[0m
2021-04-07 08:21:10.199747: I tensorflow/compiler/jit/xla_gpu_device.cc:99] Not creating XLA devices, tf_xla_enable_xla_devices not set
mse_error/peak_error 0 83.0
[32m[I 2021-04-07 08:21:17,278][0m Trial 295 finished with value: 83.0 and parameters: {'Vahp': -33.0, 'Vth': -21.0, 'Vmax': 39.0, 't_ref': 16.5, 'R': 0.9, 'tau_m': 85.5}. Best is trial 75 with value: 82.0.[0m
2021-04-07 08:21:17.506169: I tensorflow/compiler/jit/xla_gpu_device.cc:99] Not creating XLA devices, tf_xla_enable_xla_devices not set
mse_error/peak_error 0 175
[32m[I 2021-04-07 08:21:24,603][0m Trial 296 finished with value: 175.0 and parameters: {'Vahp': -33.5, 'Vth': -20.0, 'Vmax': 32.5, 't_ref': 14.5, 'R': 0.9, 'tau_m': 84.0}. Best is trial 75 with value: 82.0.[0m
2021-04-07 08:21:24.813958: I tensorflow/compiler/jit/xla_gpu_device.cc:99] Not creating XLA devices, tf_xla_enable_xla_devices not set
mse_error/peak_error 0 84.0
[32m[I 2021-04-07 08:21:31,830][0m Trial 297 finished with value: 84.0 and parameters: {'Vahp': -30.5, 'Vth': -20.5, 'Vmax': 34.0, 't_ref': 17.5, 'R': 1.0, 'tau_m': 86.5}. Best is trial 75 with value: 82.0.[0m
2021-04-07 08:21:32.046775: I tensorflow/compiler/jit/xla_gpu_device.cc:99] Not creating XLA devices, tf_xla_enable_xla_devices not set
mse_error/peak_error 0 89.0
[32m[I 2021-04-07 08:21:39,067][0m Trial 298 finished with value: 89.0 and parameters: {'Vahp': -31.5, 'Vth': -20.5, 'Vmax': 33.0, 't_ref': 17.5, 'R': 0.9, 'tau_m': 85.0}. Best is trial 75 with value: 82.0.[0m
2021-04-07 08:21:39.290234: I tensorflow/compiler/jit/xla_gpu_device.cc:99] Not creating XLA devices, tf_xla_enable_xla_devices not set
mse_error/peak_error 0 175
[32m[I 2021-04-07 08:21:46,263][0m Trial 299 finished with value: 175.0 and parameters: {'Vahp': -29.5, 'Vth': -20.5, 'Vmax': 31.5, 't_ref': 17.0, 'R': 0.9, 'tau_m': 90.0}. Best is trial 75 with value: 82.0.[0m
2021-04-07 08:21:46.475312: I tensorflow/compiler/jit/xla_gpu_device.cc:99] Not creating XLA devices, tf_xla_enable_xla_devices not set
mse_error/peak_error 0 683
[32m[I 2021-04-07 08:21:53,533][0m Trial 300 finished with value: 683.0 and parameters: {'Vahp': -32.0, 'Vth': -20.5, 'Vmax': 39.5, 't_ref': 17.0, 'R': 0.4, 'tau_m': 89.0}. Best is trial 75 with value: 82.0.[0m
2021-04-07 08:21:53.757867: I tensorflow/compiler/jit/xla_gpu_device.cc:99] Not creating XLA devices, tf_xla_enable_xla_devices not set
mse_error/peak_error 0 108.0
[32m[I 2021-04-07 08:22:00,947][0m Trial 301 finished with value: 108.0 and parameters: {'Vahp': -30.5, 'Vth': -20.5, 'Vmax': 31.5, 't_ref': 17.5, 'R': 0.9, 'tau_m': 92.5}. Best is trial 75 with value: 82.0.[0m
2021-04-07 08:22:01.152262: I tensorflow/compiler/jit/xla_gpu_device.cc:99] Not creating XLA devices, tf_xla_enable_xla_devices not set
mse_error/peak_error 0 185
[32m[I 2021-04-07 08:22:08,255][0m Trial 302 finished with value: 185.0 and parameters: {'Vahp': -33.0, 'Vth': -21.0, 'Vmax': 10.5, 't_ref': 13.5, 'R': 0.9, 'tau_m': 94.0}. Best is trial 75 with value: 82.0.[0m
2021-04-07 08:22:08.473420: I tensorflow/compiler/jit/xla_gpu_device.cc:99] Not creating XLA devices, tf_xla_enable_xla_devices not set
mse_error/peak_error 0 395
[32m[I 2021-04-07 08:22:15,748][0m Trial 303 finished with value: 395.0 and parameters: {'Vahp': -31.0, 'Vth': -20.5, 'Vmax': 10.0, 't_ref': 6.0, 'R': 0.5, 'tau_m': 91.0}. Best is trial 75 with value: 82.0.[0m
2021-04-07 08:22:15.976612: I tensorflow/compiler/jit/xla_gpu_device.cc:99] Not creating XLA devices, tf_xla_enable_xla_devices not set
mse_error/peak_error 0 82.0
[32m[I 2021-04-07 08:22:23,311][0m Trial 304 finished with value: 82.0 and parameters: {'Vahp': -29.0, 'Vth': -20.0, 'Vmax': 30.5, 't_ref': 18.0, 'R': 0.9, 'tau_m': 88.5}. Best is trial 75 with value: 82.0.[0m
2021-04-07 08:22:23.520106: I tensorflow/compiler/jit/xla_gpu_device.cc:99] Not creating XLA devices, tf_xla_enable_xla_devices not set
mse_error/peak_error 0 90.0
[32m[I 2021-04-07 08:22:30,845][0m Trial 305 finished with value: 90.0 and parameters: {'Vahp': -32.5, 'Vth': -21.0, 'Vmax': 28.0, 't_ref': 18.0, 'R': 0.9, 'tau_m': 84.0}. Best is trial 75 with value: 82.0.[0m
2021-04-07 08:22:31.054697: I tensorflow/compiler/jit/xla_gpu_device.cc:99] Not creating XLA devices, tf_xla_enable_xla_devices not set
mse_error/peak_error 0 89.0
[32m[I 2021-04-07 08:22:38,369][0m Trial 306 finished with value: 89.0 and parameters: {'Vahp': -33.5, 'Vth': -21.0, 'Vmax': 24.0, 't_ref': 16.5, 'R': 0.9, 'tau_m': 87.5}. Best is trial 75 with value: 82.0.[0m
2021-04-07 08:22:38.574127: I tensorflow/compiler/jit/xla_gpu_device.cc:99] Not creating XLA devices, tf_xla_enable_xla_devices not set
mse_error/peak_error 0 83.0
[32m[I 2021-04-07 08:22:45,896][0m Trial 307 finished with value: 83.0 and parameters: {'Vahp': -31.5, 'Vth': -20.5, 'Vmax': 21.5, 't_ref': 17.0, 'R': 1.0, 'tau_m': 89.5}. Best is trial 75 with value: 82.0.[0m
2021-04-07 08:22:46.104294: I tensorflow/compiler/jit/xla_gpu_device.cc:99] Not creating XLA devices, tf_xla_enable_xla_devices not set
mse_error/peak_error 0 175
[32m[I 2021-04-07 08:22:53,517][0m Trial 308 finished with value: 175.0 and parameters: {'Vahp': -29.5, 'Vth': -20.5, 'Vmax': 38.5, 't_ref': 17.0, 'R': 0.9, 'tau_m': 88.0}. Best is trial 75 with value: 82.0.[0m
2021-04-07 08:22:53.727108: I tensorflow/compiler/jit/xla_gpu_device.cc:99] Not creating XLA devices, tf_xla_enable_xla_devices not set
mse_error/peak_error 0 185
[32m[I 2021-04-07 08:23:01,206][0m Trial 309 finished with value: 185.0 and parameters: {'Vahp': -31.0, 'Vth': -20.5, 'Vmax': 11.0, 't_ref': 15.0, 'R': 0.9, 'tau_m': 96.0}. Best is trial 75 with value: 82.0.[0m
2021-04-07 08:23:01.416927: I tensorflow/compiler/jit/xla_gpu_device.cc:99] Not creating XLA devices, tf_xla_enable_xla_devices not set
mse_error/peak_error 0 82.0
[32m[I 2021-04-07 08:23:08,839][0m Trial 310 finished with value: 82.0 and parameters: {'Vahp': -32.0, 'Vth': -20.0, 'Vmax': 37.0, 't_ref': 16.5, 'R': 0.9, 'tau_m': 85.5}. Best is trial 75 with value: 82.0.[0m
2021-04-07 08:23:09.051394: I tensorflow/compiler/jit/xla_gpu_device.cc:99] Not creating XLA devices, tf_xla_enable_xla_devices not set
mse_error/peak_error 0 90.0
[32m[I 2021-04-07 08:23:16,596][0m Trial 311 finished with value: 90.0 and parameters: {'Vahp': -34.0, 'Vth': -21.0, 'Vmax': 11.0, 't_ref': 16.5, 'R': 0.9, 'tau_m': 84.0}. Best is trial 75 with value: 82.0.[0m
2021-04-07 08:23:16.805764: I tensorflow/compiler/jit/xla_gpu_device.cc:99] Not creating XLA devices, tf_xla_enable_xla_devices not set
mse_error/peak_error 0 99.0
[32m[I 2021-04-07 08:23:24,398][0m Trial 312 finished with value: 99.0 and parameters: {'Vahp': -29.0, 'Vth': -20.5, 'Vmax': 11.5, 't_ref': 18.0, 'R': 0.9, 'tau_m': 91.0}. Best is trial 75 with value: 82.0.[0m
2021-04-07 08:23:24.612420: I tensorflow/compiler/jit/xla_gpu_device.cc:99] Not creating XLA devices, tf_xla_enable_xla_devices not set
mse_error/peak_error 0 82.0
[32m[I 2021-04-07 08:23:32,127][0m Trial 313 finished with value: 82.0 and parameters: {'Vahp': -29.5, 'Vth': -20.0, 'Vmax': 37.0, 't_ref': 17.5, 'R': 0.9, 'tau_m': 88.5}. Best is trial 75 with value: 82.0.[0m
2021-04-07 08:23:32.337753: I tensorflow/compiler/jit/xla_gpu_device.cc:99] Not creating XLA devices, tf_xla_enable_xla_devices not set
mse_error/peak_error 0 102.0
[32m[I 2021-04-07 08:23:39,915][0m Trial 314 finished with value: 102.0 and parameters: {'Vahp': -34.5, 'Vth': -21.0, 'Vmax': 10.5, 't_ref': 17.5, 'R': 0.9, 'tau_m': 87.0}. Best is trial 75 with value: 82.0.[0m
2021-04-07 08:23:40.124922: I tensorflow/compiler/jit/xla_gpu_device.cc:99] Not creating XLA devices, tf_xla_enable_xla_devices not set
mse_error/peak_error 0 159
[32m[I 2021-04-07 08:23:47,683][0m Trial 315 finished with value: 159.0 and parameters: {'Vahp': -28.0, 'Vth': -20.5, 'Vmax': 10.0, 't_ref': 15.0, 'R': 1.0, 'tau_m': 91.5}. Best is trial 75 with value: 82.0.[0m
2021-04-07 08:23:47.889929: I tensorflow/compiler/jit/xla_gpu_device.cc:99] Not creating XLA devices, tf_xla_enable_xla_devices not set
mse_error/peak_error 0 82.0
[32m[I 2021-04-07 08:23:55,478][0m Trial 316 finished with value: 82.0 and parameters: {'Vahp': -30.0, 'Vth': -20.0, 'Vmax': 30.0, 't_ref': 17.0, 'R': 0.9, 'tau_m': 89.0}. Best is trial 75 with value: 82.0.[0m
2021-04-07 08:23:55.695021: I tensorflow/compiler/jit/xla_gpu_device.cc:99] Not creating XLA devices, tf_xla_enable_xla_devices not set
mse_error/peak_error 0 82.0
[32m[I 2021-04-07 08:24:03,388][0m Trial 317 finished with value: 82.0 and parameters: {'Vahp': -30.5, 'Vth': -20.0, 'Vmax': 35.0, 't_ref': 17.0, 'R': 0.9, 'tau_m': 88.0}. Best is trial 75 with value: 82.0.[0m
2021-04-07 08:24:03.600619: I tensorflow/compiler/jit/xla_gpu_device.cc:99] Not creating XLA devices, tf_xla_enable_xla_devices not set
mse_error/peak_error 0 82.0
[32m[I 2021-04-07 08:24:11,394][0m Trial 318 finished with value: 82.0 and parameters: {'Vahp': -30.0, 'Vth': -20.0, 'Vmax': 35.5, 't_ref': 17.0, 'R': 0.9, 'tau_m': 88.5}. Best is trial 75 with value: 82.0.[0m
2021-04-07 08:24:11.608262: I tensorflow/compiler/jit/xla_gpu_device.cc:99] Not creating XLA devices, tf_xla_enable_xla_devices not set
mse_error/peak_error 0 1900
[32m[I 2021-04-07 08:24:19,302][0m Trial 319 finished with value: 1900.0 and parameters: {'Vahp': -31.5, 'Vth': -20.5, 'Vmax': 10.0, 't_ref': 15.5, 'R': 0.2, 'tau_m': 94.0}. Best is trial 75 with value: 82.0.[0m
2021-04-07 08:24:19.517264: I tensorflow/compiler/jit/xla_gpu_device.cc:99] Not creating XLA devices, tf_xla_enable_xla_devices not set
mse_error/peak_error 0 89.0
[32m[I 2021-04-07 08:24:27,184][0m Trial 320 finished with value: 89.0 and parameters: {'Vahp': -33.0, 'Vth': -20.0, 'Vmax': 38.5, 't_ref': 16.5, 'R': 0.9, 'tau_m': 84.5}. Best is trial 75 with value: 82.0.[0m
2021-04-07 08:24:27.390768: I tensorflow/compiler/jit/xla_gpu_device.cc:99] Not creating XLA devices, tf_xla_enable_xla_devices not set
mse_error/peak_error 0 99.0
[32m[I 2021-04-07 08:24:35,079][0m Trial 321 finished with value: 99.0 and parameters: {'Vahp': -31.0, 'Vth': -20.5, 'Vmax': 25.0, 't_ref': 17.0, 'R': 0.9, 'tau_m': 90.5}. Best is trial 75 with value: 82.0.[0m
2021-04-07 08:24:35.311511: I tensorflow/compiler/jit/xla_gpu_device.cc:99] Not creating XLA devices, tf_xla_enable_xla_devices not set
mse_error/peak_error 0 175
[32m[I 2021-04-07 08:24:43,075][0m Trial 322 finished with value: 175.0 and parameters: {'Vahp': -32.0, 'Vth': -21.0, 'Vmax': 11.0, 't_ref': 16.0, 'R': 0.9, 'tau_m': 91.0}. Best is trial 75 with value: 82.0.[0m
2021-04-07 08:24:43.304128: I tensorflow/compiler/jit/xla_gpu_device.cc:99] Not creating XLA devices, tf_xla_enable_xla_devices not set
mse_error/peak_error 0 89.0
[32m[I 2021-04-07 08:24:51,052][0m Trial 323 finished with value: 89.0 and parameters: {'Vahp': -32.0, 'Vth': -20.0, 'Vmax': 31.0, 't_ref': 17.5, 'R': 0.9, 'tau_m': 87.0}. Best is trial 75 with value: 82.0.[0m
2021-04-07 08:24:51.273533: I tensorflow/compiler/jit/xla_gpu_device.cc:99] Not creating XLA devices, tf_xla_enable_xla_devices not set
mse_error/peak_error 0 99.0
[32m[I 2021-04-07 08:24:59,076][0m Trial 324 finished with value: 99.0 and parameters: {'Vahp': -30.5, 'Vth': -20.0, 'Vmax': 10.0, 't_ref': 17.0, 'R': 0.9, 'tau_m': 93.0}. Best is trial 75 with value: 82.0.[0m
2021-04-07 08:24:59.288880: I tensorflow/compiler/jit/xla_gpu_device.cc:99] Not creating XLA devices, tf_xla_enable_xla_devices not set
mse_error/peak_error 0 89.0
[32m[I 2021-04-07 08:25:07,115][0m Trial 325 finished with value: 89.0 and parameters: {'Vahp': -30.0, 'Vth': -20.0, 'Vmax': 30.0, 't_ref': 17.5, 'R': 0.9, 'tau_m': 89.0}. Best is trial 75 with value: 82.0.[0m
2021-04-07 08:25:07.321988: I tensorflow/compiler/jit/xla_gpu_device.cc:99] Not creating XLA devices, tf_xla_enable_xla_devices not set
mse_error/peak_error 0 83.0
[32m[I 2021-04-07 08:25:15,176][0m Trial 326 finished with value: 83.0 and parameters: {'Vahp': -31.0, 'Vth': -20.0, 'Vmax': 30.5, 't_ref': 17.0, 'R': 1.0, 'tau_m': 89.0}. Best is trial 75 with value: 82.0.[0m
2021-04-07 08:25:15.722687: I tensorflow/compiler/jit/xla_gpu_device.cc:99] Not creating XLA devices, tf_xla_enable_xla_devices not set
mse_error/peak_error 0 89.0
[32m[I 2021-04-07 08:25:23,591][0m Trial 327 finished with value: 89.0 and parameters: {'Vahp': -32.0, 'Vth': -20.0, 'Vmax': 29.5, 't_ref': 18.0, 'R': 0.9, 'tau_m': 86.5}. Best is trial 75 with value: 82.0.[0m
2021-04-07 08:25:23.806934: I tensorflow/compiler/jit/xla_gpu_device.cc:99] Not creating XLA devices, tf_xla_enable_xla_devices not set
mse_error/peak_error 0 90.0
[32m[I 2021-04-07 08:25:31,781][0m Trial 328 finished with value: 90.0 and parameters: {'Vahp': -31.5, 'Vth': -20.5, 'Vmax': 31.0, 't_ref': 17.5, 'R': 0.9, 'tau_m': 83.0}. Best is trial 75 with value: 82.0.[0m
2021-04-07 08:25:31.992867: I tensorflow/compiler/jit/xla_gpu_device.cc:99] Not creating XLA devices, tf_xla_enable_xla_devices not set
mse_error/peak_error 0 82.0
[32m[I 2021-04-07 08:25:39,927][0m Trial 329 finished with value: 82.0 and parameters: {'Vahp': -32.0, 'Vth': -20.5, 'Vmax': 34.0, 't_ref': 16.5, 'R': 0.9, 'tau_m': 86.5}. Best is trial 75 with value: 82.0.[0m
2021-04-07 08:25:40.148764: I tensorflow/compiler/jit/xla_gpu_device.cc:99] Not creating XLA devices, tf_xla_enable_xla_devices not set
mse_error/peak_error 0 442
[32m[I 2021-04-07 08:25:48,198][0m Trial 330 finished with value: 442.0 and parameters: {'Vahp': -32.0, 'Vth': -20.0, 'Vmax': 33.0, 't_ref': 16.5, 'R': 0.9, 'tau_m': 2.5}. Best is trial 75 with value: 82.0.[0m
2021-04-07 08:25:48.416381: I tensorflow/compiler/jit/xla_gpu_device.cc:99] Not creating XLA devices, tf_xla_enable_xla_devices not set
mse_error/peak_error 0 176
[32m[I 2021-04-07 08:25:56,332][0m Trial 331 finished with value: 176.0 and parameters: {'Vahp': -33.5, 'Vth': -21.0, 'Vmax': 37.0, 't_ref': 15.5, 'R': 0.9, 'tau_m': 84.5}. Best is trial 75 with value: 82.0.[0m
2021-04-07 08:25:56.540061: I tensorflow/compiler/jit/xla_gpu_device.cc:99] Not creating XLA devices, tf_xla_enable_xla_devices not set
mse_error/peak_error 0 175
[32m[I 2021-04-07 08:26:04,334][0m Trial 332 finished with value: 175.0 and parameters: {'Vahp': -29.0, 'Vth': -20.0, 'Vmax': 31.5, 't_ref': 16.5, 'R': 0.9, 'tau_m': 86.0}. Best is trial 75 with value: 82.0.[0m
2021-04-07 08:26:04.583214: I tensorflow/compiler/jit/xla_gpu_device.cc:99] Not creating XLA devices, tf_xla_enable_xla_devices not set
mse_error/peak_error 0 108.0
[32m[I 2021-04-07 08:26:12,419][0m Trial 333 finished with value: 108.0 and parameters: {'Vahp': -32.5, 'Vth': -21.0, 'Vmax': 35.0, 't_ref': 16.5, 'R': 0.9, 'tau_m': 96.0}. Best is trial 75 with value: 82.0.[0m
2021-04-07 08:26:12.627584: I tensorflow/compiler/jit/xla_gpu_device.cc:99] Not creating XLA devices, tf_xla_enable_xla_devices not set
mse_error/peak_error 0 170
[32m[I 2021-04-07 08:26:20,728][0m Trial 334 finished with value: 170.0 and parameters: {'Vahp': -30.5, 'Vth': -20.5, 'Vmax': 32.5, 't_ref': 16.0, 'R': 1.0, 'tau_m': 83.0}. Best is trial 75 with value: 82.0.[0m
2021-04-07 08:26:20.936952: I tensorflow/compiler/jit/xla_gpu_device.cc:99] Not creating XLA devices, tf_xla_enable_xla_devices not set
mse_error/peak_error 0 82.0
[32m[I 2021-04-07 08:26:29,077][0m Trial 335 finished with value: 82.0 and parameters: {'Vahp': -29.0, 'Vth': -20.0, 'Vmax': 31.0, 't_ref': 18.0, 'R': 0.9, 'tau_m': 85.5}. Best is trial 75 with value: 82.0.[0m
2021-04-07 08:26:29.298172: I tensorflow/compiler/jit/xla_gpu_device.cc:99] Not creating XLA devices, tf_xla_enable_xla_devices not set
mse_error/peak_error 0 82.0
[32m[I 2021-04-07 08:26:37,397][0m Trial 336 finished with value: 82.0 and parameters: {'Vahp': -28.5, 'Vth': -20.0, 'Vmax': 30.5, 't_ref': 18.0, 'R': 0.9, 'tau_m': 84.5}. Best is trial 75 with value: 82.0.[0m
2021-04-07 08:26:37.605725: I tensorflow/compiler/jit/xla_gpu_device.cc:99] Not creating XLA devices, tf_xla_enable_xla_devices not set
mse_error/peak_error 0 108.0
[32m[I 2021-04-07 08:26:45,742][0m Trial 337 finished with value: 108.0 and parameters: {'Vahp': -33.0, 'Vth': -20.0, 'Vmax': 28.5, 't_ref': 17.0, 'R': 0.9, 'tau_m': 90.0}. Best is trial 75 with value: 82.0.[0m
2021-04-07 08:26:45.953736: I tensorflow/compiler/jit/xla_gpu_device.cc:99] Not creating XLA devices, tf_xla_enable_xla_devices not set
mse_error/peak_error 0 89.0
