[32m[I 2021-04-07 08:46:30,304][0m Trial 454 finished with value: 99.0 and parameters: {'Vahp': -34.0, 'Vth': -21.0, 'Vmax': 34.5, 't_ref': 15.5, 'R': 0.9, 'tau_m': 92.0}. Best is trial 75 with value: 82.0.[0m
2021-04-07 08:46:30.518297: I tensorflow/compiler/jit/xla_gpu_device.cc:99] Not creating XLA devices, tf_xla_enable_xla_devices not set
mse_error/peak_error 0 82.0
[32m[I 2021-04-07 08:46:42,156][0m Trial 455 finished with value: 82.0 and parameters: {'Vahp': -30.0, 'Vth': -21.0, 'Vmax': 35.0, 't_ref': 17.5, 'R': 0.9, 'tau_m': 91.5}. Best is trial 75 with value: 82.0.[0m
2021-04-07 08:46:42.371456: I tensorflow/compiler/jit/xla_gpu_device.cc:99] Not creating XLA devices, tf_xla_enable_xla_devices not set
mse_error/peak_error 0 108.0
[32m[I 2021-04-07 08:46:54,004][0m Trial 456 finished with value: 108.0 and parameters: {'Vahp': -29.5, 'Vth': -20.0, 'Vmax': 35.5, 't_ref': 18.0, 'R': 0.9, 'tau_m': 93.0}. Best is trial 75 with value: 82.0.[0m
2021-04-07 08:46:54.223962: I tensorflow/compiler/jit/xla_gpu_device.cc:99] Not creating XLA devices, tf_xla_enable_xla_devices not set
mse_error/peak_error 0 83.0
[32m[I 2021-04-07 08:47:05,886][0m Trial 457 finished with value: 83.0 and parameters: {'Vahp': -35.0, 'Vth': -21.5, 'Vmax': 35.0, 't_ref': 16.0, 'R': 0.9, 'tau_m': 82.0}. Best is trial 75 with value: 82.0.[0m
2021-04-07 08:47:06.099977: I tensorflow/compiler/jit/xla_gpu_device.cc:99] Not creating XLA devices, tf_xla_enable_xla_devices not set
mse_error/peak_error 0 297
[32m[I 2021-04-07 08:47:17,764][0m Trial 458 finished with value: 297.0 and parameters: {'Vahp': -36.5, 'Vth': -34.0, 'Vmax': 37.0, 't_ref': 15.0, 'R': 0.8, 'tau_m': 78.5}. Best is trial 75 with value: 82.0.[0m
2021-04-07 08:47:17.980055: I tensorflow/compiler/jit/xla_gpu_device.cc:99] Not creating XLA devices, tf_xla_enable_xla_devices not set
mse_error/peak_error 0 89.0
[32m[I 2021-04-07 08:47:29,597][0m Trial 459 finished with value: 89.0 and parameters: {'Vahp': -32.0, 'Vth': -20.5, 'Vmax': 33.0, 't_ref': 17.5, 'R': 0.9, 'tau_m': 86.0}. Best is trial 75 with value: 82.0.[0m
2021-04-07 08:47:29.813680: I tensorflow/compiler/jit/xla_gpu_device.cc:99] Not creating XLA devices, tf_xla_enable_xla_devices not set
mse_error/peak_error 0 175
[32m[I 2021-04-07 08:47:41,598][0m Trial 460 finished with value: 175.0 and parameters: {'Vahp': -30.5, 'Vth': -21.0, 'Vmax': 34.5, 't_ref': 17.0, 'R': 0.9, 'tau_m': 90.0}. Best is trial 75 with value: 82.0.[0m
2021-04-07 08:47:41.817273: I tensorflow/compiler/jit/xla_gpu_device.cc:99] Not creating XLA devices, tf_xla_enable_xla_devices not set
mse_error/peak_error 0 89.0
[32m[I 2021-04-07 08:47:53,564][0m Trial 461 finished with value: 89.0 and parameters: {'Vahp': -28.0, 'Vth': -20.0, 'Vmax': 36.5, 't_ref': 19.0, 'R': 0.9, 'tau_m': 88.0}. Best is trial 75 with value: 82.0.[0m
2021-04-07 08:47:53.779662: I tensorflow/compiler/jit/xla_gpu_device.cc:99] Not creating XLA devices, tf_xla_enable_xla_devices not set
mse_error/peak_error 0 221
[32m[I 2021-04-07 08:48:05,527][0m Trial 462 finished with value: 221.0 and parameters: {'Vahp': -32.5, 'Vth': -21.0, 'Vmax': 40.0, 't_ref': 17.5, 'R': 0.9, 'tau_m': 31.0}. Best is trial 75 with value: 82.0.[0m
2021-04-07 08:48:05.743929: I tensorflow/compiler/jit/xla_gpu_device.cc:99] Not creating XLA devices, tf_xla_enable_xla_devices not set
mse_error/peak_error 0 116.0
[32m[I 2021-04-07 08:48:17,726][0m Trial 463 finished with value: 116.0 and parameters: {'Vahp': -31.0, 'Vth': -20.5, 'Vmax': 31.5, 't_ref': 17.0, 'R': 0.8, 'tau_m': 88.5}. Best is trial 75 with value: 82.0.[0m
2021-04-07 08:48:17.947765: I tensorflow/compiler/jit/xla_gpu_device.cc:99] Not creating XLA devices, tf_xla_enable_xla_devices not set
mse_error/peak_error 0 99.0
[32m[I 2021-04-07 08:48:29,859][0m Trial 464 finished with value: 99.0 and parameters: {'Vahp': -31.0, 'Vth': -21.0, 'Vmax': 40.0, 't_ref': 17.0, 'R': 0.9, 'tau_m': 94.5}. Best is trial 75 with value: 82.0.[0m
2021-04-07 08:48:30.076066: I tensorflow/compiler/jit/xla_gpu_device.cc:99] Not creating XLA devices, tf_xla_enable_xla_devices not set
mse_error/peak_error 0 82.0
[32m[I 2021-04-07 08:48:41,971][0m Trial 465 finished with value: 82.0 and parameters: {'Vahp': -30.5, 'Vth': -20.5, 'Vmax': 11.0, 't_ref': 17.0, 'R': 0.9, 'tau_m': 89.5}. Best is trial 75 with value: 82.0.[0m
2021-04-07 08:48:42.185634: I tensorflow/compiler/jit/xla_gpu_device.cc:99] Not creating XLA devices, tf_xla_enable_xla_devices not set
mse_error/peak_error 0 267.0
[32m[I 2021-04-07 08:48:54,089][0m Trial 466 finished with value: 267.0 and parameters: {'Vahp': -29.0, 'Vth': -20.5, 'Vmax': 10.0, 't_ref': 18.5, 'R': 0.6, 'tau_m': 87.5}. Best is trial 75 with value: 82.0.[0m
2021-04-07 08:48:54.332528: I tensorflow/compiler/jit/xla_gpu_device.cc:99] Not creating XLA devices, tf_xla_enable_xla_devices not set
mse_error/peak_error 0 82.0
[32m[I 2021-04-07 08:49:06,316][0m Trial 467 finished with value: 82.0 and parameters: {'Vahp': -29.5, 'Vth': -20.0, 'Vmax': 36.0, 't_ref': 18.0, 'R': 1.0, 'tau_m': 99.0}. Best is trial 75 with value: 82.0.[0m
2021-04-07 08:49:06.540005: I tensorflow/compiler/jit/xla_gpu_device.cc:99] Not creating XLA devices, tf_xla_enable_xla_devices not set
mse_error/peak_error 0 89.0
[32m[I 2021-04-07 08:49:18,649][0m Trial 468 finished with value: 89.0 and parameters: {'Vahp': -29.0, 'Vth': -20.0, 'Vmax': 37.0, 't_ref': 18.5, 'R': 1.0, 'tau_m': 98.0}. Best is trial 75 with value: 82.0.[0m
2021-04-07 08:49:18.865362: I tensorflow/compiler/jit/xla_gpu_device.cc:99] Not creating XLA devices, tf_xla_enable_xla_devices not set
mse_error/peak_error 0 82.0
[32m[I 2021-04-07 08:49:30,855][0m Trial 469 finished with value: 82.0 and parameters: {'Vahp': -29.5, 'Vth': -20.5, 'Vmax': 36.0, 't_ref': 18.0, 'R': 0.9, 'tau_m': 88.0}. Best is trial 75 with value: 82.0.[0m
2021-04-07 08:49:31.076469: I tensorflow/compiler/jit/xla_gpu_device.cc:99] Not creating XLA devices, tf_xla_enable_xla_devices not set
mse_error/peak_error 0 82.0
[32m[I 2021-04-07 08:49:43,365][0m Trial 470 finished with value: 82.0 and parameters: {'Vahp': -29.5, 'Vth': -20.0, 'Vmax': 35.5, 't_ref': 18.0, 'R': 0.9, 'tau_m': 88.0}. Best is trial 75 with value: 82.0.[0m
2021-04-07 08:49:43.584381: I tensorflow/compiler/jit/xla_gpu_device.cc:99] Not creating XLA devices, tf_xla_enable_xla_devices not set
mse_error/peak_error 0 82.0
[32m[I 2021-04-07 08:49:55,851][0m Trial 471 finished with value: 82.0 and parameters: {'Vahp': -29.5, 'Vth': -20.0, 'Vmax': 30.5, 't_ref': 17.5, 'R': 0.9, 'tau_m': 89.0}. Best is trial 75 with value: 82.0.[0m
2021-04-07 08:49:56.090659: I tensorflow/compiler/jit/xla_gpu_device.cc:99] Not creating XLA devices, tf_xla_enable_xla_devices not set
mse_error/peak_error 0 82.0
[32m[I 2021-04-07 08:50:08,298][0m Trial 472 finished with value: 82.0 and parameters: {'Vahp': -29.5, 'Vth': -20.0, 'Vmax': 30.5, 't_ref': 17.5, 'R': 0.9, 'tau_m': 89.0}. Best is trial 75 with value: 82.0.[0m
2021-04-07 08:50:08.518747: I tensorflow/compiler/jit/xla_gpu_device.cc:99] Not creating XLA devices, tf_xla_enable_xla_devices not set
mse_error/peak_error 0 82.0
[32m[I 2021-04-07 08:50:20,820][0m Trial 473 finished with value: 82.0 and parameters: {'Vahp': -28.5, 'Vth': -20.0, 'Vmax': 31.0, 't_ref': 18.0, 'R': 0.9, 'tau_m': 89.0}. Best is trial 75 with value: 82.0.[0m
2021-04-07 08:50:21.041219: I tensorflow/compiler/jit/xla_gpu_device.cc:99] Not creating XLA devices, tf_xla_enable_xla_devices not set
mse_error/peak_error 0 82.0
[32m[I 2021-04-07 08:50:33,215][0m Trial 474 finished with value: 82.0 and parameters: {'Vahp': -29.0, 'Vth': -20.0, 'Vmax': 31.5, 't_ref': 17.5, 'R': 0.9, 'tau_m': 86.0}. Best is trial 75 with value: 82.0.[0m
2021-04-07 08:50:33.431335: I tensorflow/compiler/jit/xla_gpu_device.cc:99] Not creating XLA devices, tf_xla_enable_xla_devices not set
mse_error/peak_error 0 175
[32m[I 2021-04-07 08:50:45,467][0m Trial 475 finished with value: 175.0 and parameters: {'Vahp': -30.0, 'Vth': -20.0, 'Vmax': 28.5, 't_ref': 16.5, 'R': 0.9, 'tau_m': 85.0}. Best is trial 75 with value: 82.0.[0m
2021-04-07 08:50:45.692470: I tensorflow/compiler/jit/xla_gpu_device.cc:99] Not creating XLA devices, tf_xla_enable_xla_devices not set
mse_error/peak_error 0 169
[32m[I 2021-04-07 08:50:58,228][0m Trial 476 finished with value: 169.0 and parameters: {'Vahp': -26.5, 'Vth': -20.5, 'Vmax': 10.0, 't_ref': 17.0, 'R': 0.9, 'tau_m': 84.0}. Best is trial 75 with value: 82.0.[0m
2021-04-07 08:50:58.469627: I tensorflow/compiler/jit/xla_gpu_device.cc:99] Not creating XLA devices, tf_xla_enable_xla_devices not set
mse_error/peak_error 0 634.0
[32m[I 2021-04-07 08:51:10,884][0m Trial 477 finished with value: 634.0 and parameters: {'Vahp': -28.0, 'Vth': -20.5, 'Vmax': 37.5, 't_ref': 3.5, 'R': 0.6, 'tau_m': 84.5}. Best is trial 75 with value: 82.0.[0m
2021-04-07 08:51:11.101549: I tensorflow/compiler/jit/xla_gpu_device.cc:99] Not creating XLA devices, tf_xla_enable_xla_devices not set
mse_error/peak_error 0 82.0
[32m[I 2021-04-07 08:51:23,527][0m Trial 478 finished with value: 82.0 and parameters: {'Vahp': -28.5, 'Vth': -20.0, 'Vmax': 32.0, 't_ref': 18.0, 'R': 0.9, 'tau_m': 85.0}. Best is trial 75 with value: 82.0.[0m
2021-04-07 08:51:23.742852: I tensorflow/compiler/jit/xla_gpu_device.cc:99] Not creating XLA devices, tf_xla_enable_xla_devices not set
mse_error/peak_error 0 175
[32m[I 2021-04-07 08:51:36,124][0m Trial 479 finished with value: 175.0 and parameters: {'Vahp': -28.5, 'Vth': -20.0, 'Vmax': 32.5, 't_ref': 16.5, 'R': 0.9, 'tau_m': 85.5}. Best is trial 75 with value: 82.0.[0m
2021-04-07 08:51:36.342557: I tensorflow/compiler/jit/xla_gpu_device.cc:99] Not creating XLA devices, tf_xla_enable_xla_devices not set
mse_error/peak_error 0 82.0
[32m[I 2021-04-07 08:51:48,836][0m Trial 480 finished with value: 82.0 and parameters: {'Vahp': -34.5, 'Vth': -21.5, 'Vmax': 39.5, 't_ref': 15.5, 'R': 0.9, 'tau_m': 91.5}. Best is trial 75 with value: 82.0.[0m
2021-04-07 08:51:49.062646: I tensorflow/compiler/jit/xla_gpu_device.cc:99] Not creating XLA devices, tf_xla_enable_xla_devices not set
mse_error/peak_error 0 82.0
[32m[I 2021-04-07 08:52:01,509][0m Trial 481 finished with value: 82.0 and parameters: {'Vahp': -32.0, 'Vth': -20.0, 'Vmax': 34.0, 't_ref': 16.5, 'R': 0.9, 'tau_m': 86.0}. Best is trial 75 with value: 82.0.[0m
2021-04-07 08:52:01.723419: I tensorflow/compiler/jit/xla_gpu_device.cc:99] Not creating XLA devices, tf_xla_enable_xla_devices not set
mse_error/peak_error 0 82.0
[32m[I 2021-04-07 08:52:14,280][0m Trial 482 finished with value: 82.0 and parameters: {'Vahp': -32.0, 'Vth': -20.0, 'Vmax': 34.0, 't_ref': 16.5, 'R': 0.9, 'tau_m': 86.5}. Best is trial 75 with value: 82.0.[0m
2021-04-07 08:52:14.502716: I tensorflow/compiler/jit/xla_gpu_device.cc:99] Not creating XLA devices, tf_xla_enable_xla_devices not set
mse_error/peak_error 0 1064
[32m[I 2021-04-07 08:52:27,087][0m Trial 483 finished with value: 1064.0 and parameters: {'Vahp': -30.0, 'Vth': -20.0, 'Vmax': 34.0, 't_ref': 17.5, 'R': 0.30000000000000004, 'tau_m': 86.5}. Best is trial 75 with value: 82.0.[0m
2021-04-07 08:52:27.324984: I tensorflow/compiler/jit/xla_gpu_device.cc:99] Not creating XLA devices, tf_xla_enable_xla_devices not set
mse_error/peak_error 0 121.0
[32m[I 2021-04-07 08:52:39,966][0m Trial 484 finished with value: 121.0 and parameters: {'Vahp': -30.5, 'Vth': -20.0, 'Vmax': 31.0, 't_ref': 18.5, 'R': 0.9, 'tau_m': 91.0}. Best is trial 75 with value: 82.0.[0m
2021-04-07 08:52:40.184036: I tensorflow/compiler/jit/xla_gpu_device.cc:99] Not creating XLA devices, tf_xla_enable_xla_devices not set
mse_error/peak_error 0 115.0
[32m[I 2021-04-07 08:52:52,724][0m Trial 485 finished with value: 115.0 and parameters: {'Vahp': -33.0, 'Vth': -20.0, 'Vmax': 36.5, 't_ref': 19.0, 'R': 0.9, 'tau_m': 83.5}. Best is trial 75 with value: 82.0.[0m
2021-04-07 08:52:52.939491: I tensorflow/compiler/jit/xla_gpu_device.cc:99] Not creating XLA devices, tf_xla_enable_xla_devices not set
mse_error/peak_error 0 176
[32m[I 2021-04-07 08:53:05,579][0m Trial 486 finished with value: 176.0 and parameters: {'Vahp': -33.0, 'Vth': -21.0, 'Vmax': 34.5, 't_ref': 16.0, 'R': 0.9, 'tau_m': 81.5}. Best is trial 75 with value: 82.0.[0m
2021-04-07 08:53:05.817733: I tensorflow/compiler/jit/xla_gpu_device.cc:99] Not creating XLA devices, tf_xla_enable_xla_devices not set
mse_error/peak_error 0 176
[32m[I 2021-04-07 08:53:18,490][0m Trial 487 finished with value: 176.0 and parameters: {'Vahp': -34.0, 'Vth': -21.5, 'Vmax': 11.5, 't_ref': 15.5, 'R': 1.0, 'tau_m': 95.0}. Best is trial 75 with value: 82.0.[0m
2021-04-07 08:53:18.714785: I tensorflow/compiler/jit/xla_gpu_device.cc:99] Not creating XLA devices, tf_xla_enable_xla_devices not set
mse_error/peak_error 0 83.0
[32m[I 2021-04-07 08:53:31,529][0m Trial 488 finished with value: 83.0 and parameters: {'Vahp': -33.5, 'Vth': -21.0, 'Vmax': 29.5, 't_ref': 16.5, 'R': 1.0, 'tau_m': 93.5}. Best is trial 75 with value: 82.0.[0m
2021-04-07 08:53:31.748433: I tensorflow/compiler/jit/xla_gpu_device.cc:99] Not creating XLA devices, tf_xla_enable_xla_devices not set
mse_error/peak_error 0 82.0
[32m[I 2021-04-07 08:53:44,504][0m Trial 489 finished with value: 82.0 and parameters: {'Vahp': -29.5, 'Vth': -20.0, 'Vmax': 37.5, 't_ref': 17.5, 'R': 0.9, 'tau_m': 87.0}. Best is trial 75 with value: 82.0.[0m
2021-04-07 08:53:44.720097: I tensorflow/compiler/jit/xla_gpu_device.cc:99] Not creating XLA devices, tf_xla_enable_xla_devices not set
mse_error/peak_error 0 89.0
[32m[I 2021-04-07 08:53:57,493][0m Trial 490 finished with value: 89.0 and parameters: {'Vahp': -30.5, 'Vth': -20.0, 'Vmax': 31.5, 't_ref': 17.5, 'R': 0.9, 'tau_m': 87.5}. Best is trial 75 with value: 82.0.[0m
2021-04-07 08:53:57.722597: I tensorflow/compiler/jit/xla_gpu_device.cc:99] Not creating XLA devices, tf_xla_enable_xla_devices not set
mse_error/peak_error 0 82.0
[32m[I 2021-04-07 08:54:10,708][0m Trial 491 finished with value: 82.0 and parameters: {'Vahp': -33.5, 'Vth': -21.5, 'Vmax': 37.0, 't_ref': 16.0, 'R': 0.9, 'tau_m': 91.5}. Best is trial 75 with value: 82.0.[0m
2021-04-07 08:54:10.926555: I tensorflow/compiler/jit/xla_gpu_device.cc:99] Not creating XLA devices, tf_xla_enable_xla_devices not set
mse_error/peak_error 0 83.0
[32m[I 2021-04-07 08:54:23,832][0m Trial 492 finished with value: 83.0 and parameters: {'Vahp': -35.5, 'Vth': -21.5, 'Vmax': 35.5, 't_ref': 15.5, 'R': 1.0, 'tau_m': 93.5}. Best is trial 75 with value: 82.0.[0m
2021-04-07 08:54:24.054543: I tensorflow/compiler/jit/xla_gpu_device.cc:99] Not creating XLA devices, tf_xla_enable_xla_devices not set
mse_error/peak_error 0 171
[32m[I 2021-04-07 08:54:37,072][0m Trial 493 finished with value: 171.0 and parameters: {'Vahp': -36.0, 'Vth': -30.5, 'Vmax': 29.5, 't_ref': 16.0, 'R': 0.9, 'tau_m': 90.5}. Best is trial 75 with value: 82.0.[0m
2021-04-07 08:54:37.292116: I tensorflow/compiler/jit/xla_gpu_device.cc:99] Not creating XLA devices, tf_xla_enable_xla_devices not set
mse_error/peak_error 0 83.0
[32m[I 2021-04-07 08:54:50,306][0m Trial 494 finished with value: 83.0 and parameters: {'Vahp': -28.0, 'Vth': -20.0, 'Vmax': 36.0, 't_ref': 18.0, 'R': 0.9, 'tau_m': 82.0}. Best is trial 75 with value: 82.0.[0m
2021-04-07 08:54:50.521586: I tensorflow/compiler/jit/xla_gpu_device.cc:99] Not creating XLA devices, tf_xla_enable_xla_devices not set
mse_error/peak_error 0 83.0
[32m[I 2021-04-07 08:55:03,569][0m Trial 495 finished with value: 83.0 and parameters: {'Vahp': -31.5, 'Vth': -20.5, 'Vmax': 28.5, 't_ref': 16.5, 'R': 0.9, 'tau_m': 83.5}. Best is trial 75 with value: 82.0.[0m
2021-04-07 08:55:03.790424: I tensorflow/compiler/jit/xla_gpu_device.cc:99] Not creating XLA devices, tf_xla_enable_xla_devices not set
mse_error/peak_error 0 82.0
[32m[I 2021-04-07 08:55:16,886][0m Trial 496 finished with value: 82.0 and parameters: {'Vahp': -32.0, 'Vth': -20.0, 'Vmax': 38.5, 't_ref': 16.5, 'R': 0.9, 'tau_m': 84.0}. Best is trial 75 with value: 82.0.[0m
2021-04-07 08:55:17.102827: I tensorflow/compiler/jit/xla_gpu_device.cc:99] Not creating XLA devices, tf_xla_enable_xla_devices not set
mse_error/peak_error 0 99.0
[32m[I 2021-04-07 08:55:30,086][0m Trial 497 finished with value: 99.0 and parameters: {'Vahp': -31.5, 'Vth': -20.0, 'Vmax': 38.5, 't_ref': 17.0, 'R': 0.8, 'tau_m': 80.5}. Best is trial 75 with value: 82.0.[0m
2021-04-07 08:55:30.308174: I tensorflow/compiler/jit/xla_gpu_device.cc:99] Not creating XLA devices, tf_xla_enable_xla_devices not set
mse_error/peak_error 0 82.0
[32m[I 2021-04-07 08:55:43,379][0m Trial 498 finished with value: 82.0 and parameters: {'Vahp': -25.0, 'Vth': -20.0, 'Vmax': 36.5, 't_ref': 19.0, 'R': 1.0, 'tau_m': 99.0}. Best is trial 75 with value: 82.0.[0m
2021-04-07 08:55:43.598371: I tensorflow/compiler/jit/xla_gpu_device.cc:99] Not creating XLA devices, tf_xla_enable_xla_devices not set
mse_error/peak_error 0 443
[32m[I 2021-04-07 08:55:56,612][0m Trial 499 finished with value: 443.0 and parameters: {'Vahp': -30.0, 'Vth': -25.0, 'Vmax': 35.0, 't_ref': 19.5, 'R': 0.5, 'tau_m': 97.5}. Best is trial 75 with value: 82.0.[0m
2021-04-07 08:55:56.828082: I tensorflow/compiler/jit/xla_gpu_device.cc:99] Not creating XLA devices, tf_xla_enable_xla_devices not set
mse_error/peak_error 0 161
[32m[I 2021-04-07 08:56:09,883][0m Trial 500 finished with value: 161.0 and parameters: {'Vahp': -32.5, 'Vth': -21.0, 'Vmax': 38.5, 't_ref': 14.0, 'R': 1.0, 'tau_m': 96.5}. Best is trial 75 with value: 82.0.[0m
2021-04-07 08:56:10.105459: I tensorflow/compiler/jit/xla_gpu_device.cc:99] Not creating XLA devices, tf_xla_enable_xla_devices not set
mse_error/peak_error 0 83.0
[32m[I 2021-04-07 08:56:23,015][0m Trial 501 finished with value: 83.0 and parameters: {'Vahp': -31.0, 'Vth': -20.5, 'Vmax': 30.0, 't_ref': 17.0, 'R': 1.0, 'tau_m': 93.0}. Best is trial 75 with value: 82.0.[0m
2021-04-07 08:56:23.241691: I tensorflow/compiler/jit/xla_gpu_device.cc:99] Not creating XLA devices, tf_xla_enable_xla_devices not set
mse_error/peak_error 0 82.0
[32m[I 2021-04-07 08:56:36,303][0m Trial 502 finished with value: 82.0 and parameters: {'Vahp': -35.0, 'Vth': -21.5, 'Vmax': 39.0, 't_ref': 15.5, 'R': 0.9, 'tau_m': 90.5}. Best is trial 75 with value: 82.0.[0m
2021-04-07 08:56:36.533740: I tensorflow/compiler/jit/xla_gpu_device.cc:99] Not creating XLA devices, tf_xla_enable_xla_devices not set
mse_error/peak_error 0 89.0
[32m[I 2021-04-07 08:56:49,538][0m Trial 503 finished with value: 89.0 and parameters: {'Vahp': -30.5, 'Vth': -20.5, 'Vmax': 38.0, 't_ref': 17.5, 'R': 0.9, 'tau_m': 87.5}. Best is trial 75 with value: 82.0.[0m
2021-04-07 08:56:49.761121: I tensorflow/compiler/jit/xla_gpu_device.cc:99] Not creating XLA devices, tf_xla_enable_xla_devices not set
mse_error/peak_error 0 82.0
[32m[I 2021-04-07 08:57:02,772][0m Trial 504 finished with value: 82.0 and parameters: {'Vahp': -32.5, 'Vth': -21.0, 'Vmax': 39.5, 't_ref': 16.5, 'R': 0.9, 'tau_m': 91.5}. Best is trial 75 with value: 82.0.[0m
2021-04-07 08:57:02.990294: I tensorflow/compiler/jit/xla_gpu_device.cc:99] Not creating XLA devices, tf_xla_enable_xla_devices not set
mse_error/peak_error 0 175
[32m[I 2021-04-07 08:57:16,482][0m Trial 505 finished with value: 175.0 and parameters: {'Vahp': -34.5, 'Vth': -21.0, 'Vmax': 13.0, 't_ref': 15.0, 'R': 0.9, 'tau_m': 87.0}. Best is trial 75 with value: 82.0.[0m
2021-04-07 08:57:16.700722: I tensorflow/compiler/jit/xla_gpu_device.cc:99] Not creating XLA devices, tf_xla_enable_xla_devices not set
mse_error/peak_error 0 253
[32m[I 2021-04-07 08:57:29,762][0m Trial 506 finished with value: 253.0 and parameters: {'Vahp': -27.5, 'Vth': -24.0, 'Vmax': 11.0, 't_ref': 17.0, 'R': 0.6, 'tau_m': 84.0}. Best is trial 75 with value: 82.0.[0m
2021-04-07 08:57:29.988135: I tensorflow/compiler/jit/xla_gpu_device.cc:99] Not creating XLA devices, tf_xla_enable_xla_devices not set
mse_error/peak_error 0 82.0
[32m[I 2021-04-07 08:57:43,422][0m Trial 507 finished with value: 82.0 and parameters: {'Vahp': -29.5, 'Vth': -20.5, 'Vmax': 35.5, 't_ref': 18.0, 'R': 0.9, 'tau_m': 87.0}. Best is trial 75 with value: 82.0.[0m
2021-04-07 08:57:43.651390: I tensorflow/compiler/jit/xla_gpu_device.cc:99] Not creating XLA devices, tf_xla_enable_xla_devices not set
mse_error/peak_error 0 82.0
[32m[I 2021-04-07 08:57:57,037][0m Trial 508 finished with value: 82.0 and parameters: {'Vahp': -29.0, 'Vth': -20.5, 'Vmax': 32.0, 't_ref': 18.0, 'R': 0.9, 'tau_m': 86.0}. Best is trial 75 with value: 82.0.[0m
2021-04-07 08:57:57.270290: I tensorflow/compiler/jit/xla_gpu_device.cc:99] Not creating XLA devices, tf_xla_enable_xla_devices not set
mse_error/peak_error 0 687
[32m[I 2021-04-07 08:58:10,722][0m Trial 509 finished with value: 687.0 and parameters: {'Vahp': -25.5, 'Vth': -20.5, 'Vmax': 26.0, 't_ref': 19.0, 'R': 0.4, 'tau_m': 95.5}. Best is trial 75 with value: 82.0.[0m
2021-04-07 08:58:10.960363: I tensorflow/compiler/jit/xla_gpu_device.cc:99] Not creating XLA devices, tf_xla_enable_xla_devices not set
mse_error/peak_error 0 82.0
[32m[I 2021-04-07 08:58:24,575][0m Trial 510 finished with value: 82.0 and parameters: {'Vahp': -27.5, 'Vth': -20.0, 'Vmax': 32.0, 't_ref': 18.5, 'R': 0.9, 'tau_m': 85.5}. Best is trial 75 with value: 82.0.[0m
2021-04-07 08:58:24.803452: I tensorflow/compiler/jit/xla_gpu_device.cc:99] Not creating XLA devices, tf_xla_enable_xla_devices not set
mse_error/peak_error 0 82.0
[32m[I 2021-04-07 08:58:38,442][0m Trial 511 finished with value: 82.0 and parameters: {'Vahp': -28.5, 'Vth': -20.0, 'Vmax': 33.0, 't_ref': 17.5, 'R': 0.9, 'tau_m': 88.5}. Best is trial 75 with value: 82.0.[0m
2021-04-07 08:58:38.658639: I tensorflow/compiler/jit/xla_gpu_device.cc:99] Not creating XLA devices, tf_xla_enable_xla_devices not set
mse_error/peak_error 0 89.0
