[32m[I 2021-04-07 08:26:54,173][0m Trial 338 finished with value: 89.0 and parameters: {'Vahp': -32.5, 'Vth': -20.0, 'Vmax': 34.0, 't_ref': 18.0, 'R': 0.9, 'tau_m': 86.0}. Best is trial 75 with value: 82.0.[0m
2021-04-07 08:26:54.391070: I tensorflow/compiler/jit/xla_gpu_device.cc:99] Not creating XLA devices, tf_xla_enable_xla_devices not set
mse_error/peak_error 0 423
[32m[I 2021-04-07 08:27:02,720][0m Trial 339 finished with value: 423.0 and parameters: {'Vahp': -31.0, 'Vth': -20.5, 'Vmax': 10.5, 't_ref': 17.0, 'R': 0.9, 'tau_m': 10.0}. Best is trial 75 with value: 82.0.[0m
2021-04-07 08:27:02.932858: I tensorflow/compiler/jit/xla_gpu_device.cc:99] Not creating XLA devices, tf_xla_enable_xla_devices not set
mse_error/peak_error 0 82.0
[32m[I 2021-04-07 08:27:11,187][0m Trial 340 finished with value: 82.0 and parameters: {'Vahp': -29.5, 'Vth': -20.0, 'Vmax': 37.5, 't_ref': 17.5, 'R': 0.9, 'tau_m': 88.5}. Best is trial 75 with value: 82.0.[0m
2021-04-07 08:27:11.414688: I tensorflow/compiler/jit/xla_gpu_device.cc:99] Not creating XLA devices, tf_xla_enable_xla_devices not set
mse_error/peak_error 0 499
[32m[I 2021-04-07 08:27:19,584][0m Trial 341 finished with value: 499.0 and parameters: {'Vahp': -34.5, 'Vth': -21.0, 'Vmax': 11.5, 't_ref': 14.5, 'R': 0.5, 'tau_m': 92.5}. Best is trial 75 with value: 82.0.[0m
2021-04-07 08:27:19.799161: I tensorflow/compiler/jit/xla_gpu_device.cc:99] Not creating XLA devices, tf_xla_enable_xla_devices not set
mse_error/peak_error 0 82.0
[32m[I 2021-04-07 08:27:28,209][0m Trial 342 finished with value: 82.0 and parameters: {'Vahp': -29.5, 'Vth': -20.0, 'Vmax': 36.5, 't_ref': 17.5, 'R': 0.9, 'tau_m': 89.0}. Best is trial 75 with value: 82.0.[0m
2021-04-07 08:27:28.419944: I tensorflow/compiler/jit/xla_gpu_device.cc:99] Not creating XLA devices, tf_xla_enable_xla_devices not set
mse_error/peak_error 0 192
[32m[I 2021-04-07 08:27:36,711][0m Trial 343 finished with value: 192.0 and parameters: {'Vahp': -34.5, 'Vth': -21.0, 'Vmax': 11.0, 't_ref': 15.0, 'R': 0.9, 'tau_m': 92.5}. Best is trial 75 with value: 82.0.[0m
2021-04-07 08:27:36.926410: I tensorflow/compiler/jit/xla_gpu_device.cc:99] Not creating XLA devices, tf_xla_enable_xla_devices not set
mse_error/peak_error 0 168
[32m[I 2021-04-07 08:27:45,341][0m Trial 344 finished with value: 168.0 and parameters: {'Vahp': -28.0, 'Vth': -20.5, 'Vmax': 36.0, 't_ref': 16.5, 'R': 0.9, 'tau_m': 85.0}. Best is trial 75 with value: 82.0.[0m
2021-04-07 08:27:45.558509: I tensorflow/compiler/jit/xla_gpu_device.cc:99] Not creating XLA devices, tf_xla_enable_xla_devices not set
mse_error/peak_error 0 82.0
[32m[I 2021-04-07 08:27:54,099][0m Trial 345 finished with value: 82.0 and parameters: {'Vahp': -32.0, 'Vth': -20.5, 'Vmax': 38.0, 't_ref': 16.5, 'R': 0.9, 'tau_m': 87.0}. Best is trial 75 with value: 82.0.[0m
2021-04-07 08:27:54.311449: I tensorflow/compiler/jit/xla_gpu_device.cc:99] Not creating XLA devices, tf_xla_enable_xla_devices not set
mse_error/peak_error 0 82.0
[32m[I 2021-04-07 08:28:02,826][0m Trial 346 finished with value: 82.0 and parameters: {'Vahp': -32.0, 'Vth': -20.5, 'Vmax': 32.0, 't_ref': 16.5, 'R': 0.9, 'tau_m': 85.5}. Best is trial 75 with value: 82.0.[0m
2021-04-07 08:28:03.040657: I tensorflow/compiler/jit/xla_gpu_device.cc:99] Not creating XLA devices, tf_xla_enable_xla_devices not set
mse_error/peak_error 0 82.0
[32m[I 2021-04-07 08:28:11,634][0m Trial 347 finished with value: 82.0 and parameters: {'Vahp': -31.0, 'Vth': -20.5, 'Vmax': 33.0, 't_ref': 17.0, 'R': 0.9, 'tau_m': 86.5}. Best is trial 75 with value: 82.0.[0m
2021-04-07 08:28:11.851274: I tensorflow/compiler/jit/xla_gpu_device.cc:99] Not creating XLA devices, tf_xla_enable_xla_devices not set
mse_error/peak_error 0 89.0
[32m[I 2021-04-07 08:28:20,512][0m Trial 348 finished with value: 89.0 and parameters: {'Vahp': -31.5, 'Vth': -20.0, 'Vmax': 37.5, 't_ref': 18.0, 'R': 0.9, 'tau_m': 88.5}. Best is trial 75 with value: 82.0.[0m
2021-04-07 08:28:20.720997: I tensorflow/compiler/jit/xla_gpu_device.cc:99] Not creating XLA devices, tf_xla_enable_xla_devices not set
mse_error/peak_error 0 108.0
[32m[I 2021-04-07 08:28:29,320][0m Trial 349 finished with value: 108.0 and parameters: {'Vahp': -33.0, 'Vth': -20.5, 'Vmax': 30.0, 't_ref': 16.5, 'R': 0.9, 'tau_m': 91.0}. Best is trial 75 with value: 82.0.[0m
2021-04-07 08:28:29.536704: I tensorflow/compiler/jit/xla_gpu_device.cc:99] Not creating XLA devices, tf_xla_enable_xla_devices not set
mse_error/peak_error 0 84.0
[32m[I 2021-04-07 08:28:38,096][0m Trial 350 finished with value: 84.0 and parameters: {'Vahp': -30.0, 'Vth': -20.0, 'Vmax': 38.0, 't_ref': 17.5, 'R': 1.0, 'tau_m': 82.5}. Best is trial 75 with value: 82.0.[0m
2021-04-07 08:28:38.305520: I tensorflow/compiler/jit/xla_gpu_device.cc:99] Not creating XLA devices, tf_xla_enable_xla_devices not set
mse_error/peak_error 0 82.0
[32m[I 2021-04-07 08:28:46,948][0m Trial 351 finished with value: 82.0 and parameters: {'Vahp': -31.5, 'Vth': -20.5, 'Vmax': 40.0, 't_ref': 17.0, 'R': 0.9, 'tau_m': 87.0}. Best is trial 75 with value: 82.0.[0m
2021-04-07 08:28:47.154457: I tensorflow/compiler/jit/xla_gpu_device.cc:99] Not creating XLA devices, tf_xla_enable_xla_devices not set
mse_error/peak_error 0 82.0
[32m[I 2021-04-07 08:28:55,734][0m Trial 352 finished with value: 82.0 and parameters: {'Vahp': -30.5, 'Vth': -20.5, 'Vmax': 31.5, 't_ref': 17.0, 'R': 0.9, 'tau_m': 87.5}. Best is trial 75 with value: 82.0.[0m
2021-04-07 08:28:55.961213: I tensorflow/compiler/jit/xla_gpu_device.cc:99] Not creating XLA devices, tf_xla_enable_xla_devices not set
mse_error/peak_error 0 89.0
[32m[I 2021-04-07 08:29:04,661][0m Trial 353 finished with value: 89.0 and parameters: {'Vahp': -30.5, 'Vth': -20.5, 'Vmax': 38.5, 't_ref': 17.5, 'R': 0.9, 'tau_m': 88.0}. Best is trial 75 with value: 82.0.[0m
2021-04-07 08:29:04.880597: I tensorflow/compiler/jit/xla_gpu_device.cc:99] Not creating XLA devices, tf_xla_enable_xla_devices not set
mse_error/peak_error 0 344
[32m[I 2021-04-07 08:29:13,677][0m Trial 354 finished with value: 344.0 and parameters: {'Vahp': -29.5, 'Vth': -20.0, 'Vmax': 34.5, 't_ref': 10.0, 'R': 0.9, 'tau_m': 87.5}. Best is trial 75 with value: 82.0.[0m
2021-04-07 08:29:13.885140: I tensorflow/compiler/jit/xla_gpu_device.cc:99] Not creating XLA devices, tf_xla_enable_xla_devices not set
mse_error/peak_error 0 99.0
[32m[I 2021-04-07 08:29:22,667][0m Trial 355 finished with value: 99.0 and parameters: {'Vahp': -29.0, 'Vth': -20.5, 'Vmax': 35.5, 't_ref': 17.5, 'R': 0.9, 'tau_m': 90.5}. Best is trial 75 with value: 82.0.[0m
2021-04-07 08:29:22.882404: I tensorflow/compiler/jit/xla_gpu_device.cc:99] Not creating XLA devices, tf_xla_enable_xla_devices not set
mse_error/peak_error 0 82.0
[32m[I 2021-04-07 08:29:31,777][0m Trial 356 finished with value: 82.0 and parameters: {'Vahp': -28.5, 'Vth': -20.0, 'Vmax': 37.5, 't_ref': 17.5, 'R': 1.0, 'tau_m': 94.5}. Best is trial 75 with value: 82.0.[0m
2021-04-07 08:29:32.008098: I tensorflow/compiler/jit/xla_gpu_device.cc:99] Not creating XLA devices, tf_xla_enable_xla_devices not set
mse_error/peak_error 0 82.0
[32m[I 2021-04-07 08:29:40,848][0m Trial 357 finished with value: 82.0 and parameters: {'Vahp': -34.0, 'Vth': -21.0, 'Vmax': 12.5, 't_ref': 15.5, 'R': 1.0, 'tau_m': 97.5}. Best is trial 75 with value: 82.0.[0m
2021-04-07 08:29:41.076126: I tensorflow/compiler/jit/xla_gpu_device.cc:99] Not creating XLA devices, tf_xla_enable_xla_devices not set
mse_error/peak_error 0 176
[32m[I 2021-04-07 08:29:49,957][0m Trial 358 finished with value: 176.0 and parameters: {'Vahp': -33.5, 'Vth': -21.0, 'Vmax': 12.0, 't_ref': 16.0, 'R': 1.0, 'tau_m': 93.5}. Best is trial 75 with value: 82.0.[0m
2021-04-07 08:29:50.166254: I tensorflow/compiler/jit/xla_gpu_device.cc:99] Not creating XLA devices, tf_xla_enable_xla_devices not set
mse_error/peak_error 0 168
[32m[I 2021-04-07 08:29:58,918][0m Trial 359 finished with value: 168.0 and parameters: {'Vahp': -28.0, 'Vth': -20.5, 'Vmax': 37.0, 't_ref': 16.0, 'R': 1.0, 'tau_m': 99.5}. Best is trial 75 with value: 82.0.[0m
2021-04-07 08:29:59.144883: I tensorflow/compiler/jit/xla_gpu_device.cc:99] Not creating XLA devices, tf_xla_enable_xla_devices not set
mse_error/peak_error 0 391
[32m[I 2021-04-07 08:30:08,022][0m Trial 360 finished with value: 391.0 and parameters: {'Vahp': -57.5, 'Vth': -53.0, 'Vmax': 36.0, 't_ref': 16.5, 'R': 0.9, 'tau_m': 91.5}. Best is trial 75 with value: 82.0.[0m
2021-04-07 08:30:08.230981: I tensorflow/compiler/jit/xla_gpu_device.cc:99] Not creating XLA devices, tf_xla_enable_xla_devices not set
mse_error/peak_error 0 372
[32m[I 2021-04-07 08:30:17,068][0m Trial 361 finished with value: 372.0 and parameters: {'Vahp': -29.5, 'Vth': -20.5, 'Vmax': 10.5, 't_ref': 18.0, 'R': 0.9, 'tau_m': 21.5}. Best is trial 75 with value: 82.0.[0m
2021-04-07 08:30:17.361394: I tensorflow/compiler/jit/xla_gpu_device.cc:99] Not creating XLA devices, tf_xla_enable_xla_devices not set
mse_error/peak_error 0 1900
[32m[I 2021-04-07 08:30:26,283][0m Trial 362 finished with value: 1900.0 and parameters: {'Vahp': -29.0, 'Vth': -20.0, 'Vmax': 36.5, 't_ref': 18.0, 'R': 0.2, 'tau_m': 89.5}. Best is trial 75 with value: 82.0.[0m
2021-04-07 08:30:26.492169: I tensorflow/compiler/jit/xla_gpu_device.cc:99] Not creating XLA devices, tf_xla_enable_xla_devices not set
mse_error/peak_error 0 176
[32m[I 2021-04-07 08:30:35,356][0m Trial 363 finished with value: 176.0 and parameters: {'Vahp': -28.0, 'Vth': -20.5, 'Vmax': 35.5, 't_ref': 18.0, 'R': 0.9, 'tau_m': 83.5}. Best is trial 75 with value: 82.0.[0m
2021-04-07 08:30:35.565231: I tensorflow/compiler/jit/xla_gpu_device.cc:99] Not creating XLA devices, tf_xla_enable_xla_devices not set
mse_error/peak_error 0 176
[32m[I 2021-04-07 08:30:44,488][0m Trial 364 finished with value: 176.0 and parameters: {'Vahp': -29.5, 'Vth': -20.0, 'Vmax': 37.0, 't_ref': 17.0, 'R': 0.9, 'tau_m': 81.0}. Best is trial 75 with value: 82.0.[0m
2021-04-07 08:30:44.698618: I tensorflow/compiler/jit/xla_gpu_device.cc:99] Not creating XLA devices, tf_xla_enable_xla_devices not set
mse_error/peak_error 0 253
[32m[I 2021-04-07 08:30:53,789][0m Trial 365 finished with value: 253.0 and parameters: {'Vahp': -30.0, 'Vth': -20.0, 'Vmax': 36.5, 't_ref': 11.5, 'R': 0.9, 'tau_m': 83.0}. Best is trial 75 with value: 82.0.[0m
2021-04-07 08:30:54.005047: I tensorflow/compiler/jit/xla_gpu_device.cc:99] Not creating XLA devices, tf_xla_enable_xla_devices not set
mse_error/peak_error 0 82.0
[32m[I 2021-04-07 08:31:03,037][0m Trial 366 finished with value: 82.0 and parameters: {'Vahp': -31.5, 'Vth': -21.0, 'Vmax': 10.0, 't_ref': 17.0, 'R': 0.9, 'tau_m': 89.5}. Best is trial 75 with value: 82.0.[0m
2021-04-07 08:31:03.253653: I tensorflow/compiler/jit/xla_gpu_device.cc:99] Not creating XLA devices, tf_xla_enable_xla_devices not set
mse_error/peak_error 0 82.0
[32m[I 2021-04-07 08:31:12,382][0m Trial 367 finished with value: 82.0 and parameters: {'Vahp': -31.0, 'Vth': -21.0, 'Vmax': 10.0, 't_ref': 17.0, 'R': 0.9, 'tau_m': 90.5}. Best is trial 75 with value: 82.0.[0m
2021-04-07 08:31:12.596058: I tensorflow/compiler/jit/xla_gpu_device.cc:99] Not creating XLA devices, tf_xla_enable_xla_devices not set
mse_error/peak_error 0 82.0
[32m[I 2021-04-07 08:31:21,745][0m Trial 368 finished with value: 82.0 and parameters: {'Vahp': -32.5, 'Vth': -21.0, 'Vmax': 39.0, 't_ref': 16.5, 'R': 0.9, 'tau_m': 91.5}. Best is trial 75 with value: 82.0.[0m
2021-04-07 08:31:21.954663: I tensorflow/compiler/jit/xla_gpu_device.cc:99] Not creating XLA devices, tf_xla_enable_xla_devices not set
mse_error/peak_error 0 99.0
[32m[I 2021-04-07 08:31:31,095][0m Trial 369 finished with value: 99.0 and parameters: {'Vahp': -32.0, 'Vth': -21.0, 'Vmax': 39.5, 't_ref': 16.5, 'R': 0.9, 'tau_m': 92.5}. Best is trial 75 with value: 82.0.[0m
2021-04-07 08:31:31.311419: I tensorflow/compiler/jit/xla_gpu_device.cc:99] Not creating XLA devices, tf_xla_enable_xla_devices not set
mse_error/peak_error 0 82.0
[32m[I 2021-04-07 08:31:40,501][0m Trial 370 finished with value: 82.0 and parameters: {'Vahp': -31.0, 'Vth': -20.5, 'Vmax': 32.0, 't_ref': 17.0, 'R': 0.9, 'tau_m': 85.5}. Best is trial 75 with value: 82.0.[0m
2021-04-07 08:31:40.732176: I tensorflow/compiler/jit/xla_gpu_device.cc:99] Not creating XLA devices, tf_xla_enable_xla_devices not set
mse_error/peak_error 0 82.0
[32m[I 2021-04-07 08:31:49,884][0m Trial 371 finished with value: 82.0 and parameters: {'Vahp': -35.0, 'Vth': -21.0, 'Vmax': 11.5, 't_ref': 15.5, 'R': 0.9, 'tau_m': 89.5}. Best is trial 75 with value: 82.0.[0m
2021-04-07 08:31:50.124963: I tensorflow/compiler/jit/xla_gpu_device.cc:99] Not creating XLA devices, tf_xla_enable_xla_devices not set
mse_error/peak_error 0 176
[32m[I 2021-04-07 08:31:59,221][0m Trial 372 finished with value: 176.0 and parameters: {'Vahp': -34.0, 'Vth': -21.0, 'Vmax': 11.0, 't_ref': 14.5, 'R': 0.9, 'tau_m': 84.5}. Best is trial 75 with value: 82.0.[0m
2021-04-07 08:31:59.429274: I tensorflow/compiler/jit/xla_gpu_device.cc:99] Not creating XLA devices, tf_xla_enable_xla_devices not set
mse_error/peak_error 0 82.0
[32m[I 2021-04-07 08:32:08,645][0m Trial 373 finished with value: 82.0 and parameters: {'Vahp': -30.0, 'Vth': -20.0, 'Vmax': 35.0, 't_ref': 17.0, 'R': 0.9, 'tau_m': 88.0}. Best is trial 75 with value: 82.0.[0m
2021-04-07 08:32:08.852248: I tensorflow/compiler/jit/xla_gpu_device.cc:99] Not creating XLA devices, tf_xla_enable_xla_devices not set
mse_error/peak_error 0 175
[32m[I 2021-04-07 08:32:18,026][0m Trial 374 finished with value: 175.0 and parameters: {'Vahp': -27.0, 'Vth': -20.0, 'Vmax': 30.5, 't_ref': 17.5, 'R': 0.9, 'tau_m': 89.0}. Best is trial 75 with value: 82.0.[0m
2021-04-07 08:32:18.242602: I tensorflow/compiler/jit/xla_gpu_device.cc:99] Not creating XLA devices, tf_xla_enable_xla_devices not set
mse_error/peak_error 0 82.0
[32m[I 2021-04-07 08:32:27,547][0m Trial 375 finished with value: 82.0 and parameters: {'Vahp': -30.0, 'Vth': -20.0, 'Vmax': 35.0, 't_ref': 16.5, 'R': 0.9, 'tau_m': 87.5}. Best is trial 75 with value: 82.0.[0m
2021-04-07 08:32:27.759268: I tensorflow/compiler/jit/xla_gpu_device.cc:99] Not creating XLA devices, tf_xla_enable_xla_devices not set
mse_error/peak_error 0 89.0
[32m[I 2021-04-07 08:32:37,216][0m Trial 376 finished with value: 89.0 and parameters: {'Vahp': -30.5, 'Vth': -20.0, 'Vmax': 29.0, 't_ref': 17.5, 'R': 0.9, 'tau_m': 85.0}. Best is trial 75 with value: 82.0.[0m
2021-04-07 08:32:37.434763: I tensorflow/compiler/jit/xla_gpu_device.cc:99] Not creating XLA devices, tf_xla_enable_xla_devices not set
mse_error/peak_error 0 82.0
[32m[I 2021-04-07 08:32:46,759][0m Trial 377 finished with value: 82.0 and parameters: {'Vahp': -33.0, 'Vth': -20.0, 'Vmax': 34.0, 't_ref': 16.0, 'R': 0.9, 'tau_m': 85.0}. Best is trial 75 with value: 82.0.[0m
2021-04-07 08:32:46.987496: I tensorflow/compiler/jit/xla_gpu_device.cc:99] Not creating XLA devices, tf_xla_enable_xla_devices not set
mse_error/peak_error 0 102.0
[32m[I 2021-04-07 08:32:56,232][0m Trial 378 finished with value: 102.0 and parameters: {'Vahp': -30.5, 'Vth': -20.0, 'Vmax': 30.0, 't_ref': 18.5, 'R': 0.9, 'tau_m': 88.5}. Best is trial 75 with value: 82.0.[0m
2021-04-07 08:32:56.444055: I tensorflow/compiler/jit/xla_gpu_device.cc:99] Not creating XLA devices, tf_xla_enable_xla_devices not set
mse_error/peak_error 0 162
[32m[I 2021-04-07 08:33:05,818][0m Trial 379 finished with value: 162.0 and parameters: {'Vahp': -32.5, 'Vth': -20.0, 'Vmax': 29.5, 't_ref': 14.0, 'R': 0.9, 'tau_m': 82.5}. Best is trial 75 with value: 82.0.[0m
2021-04-07 08:33:06.048851: I tensorflow/compiler/jit/xla_gpu_device.cc:99] Not creating XLA devices, tf_xla_enable_xla_devices not set
mse_error/peak_error 0 82.0
[32m[I 2021-04-07 08:33:15,517][0m Trial 380 finished with value: 82.0 and parameters: {'Vahp': -29.0, 'Vth': -20.0, 'Vmax': 30.0, 't_ref': 17.5, 'R': 0.9, 'tau_m': 87.0}. Best is trial 75 with value: 82.0.[0m
2021-04-07 08:33:15.730559: I tensorflow/compiler/jit/xla_gpu_device.cc:99] Not creating XLA devices, tf_xla_enable_xla_devices not set
mse_error/peak_error 0 1065
[32m[I 2021-04-07 08:33:25,143][0m Trial 381 finished with value: 1065.0 and parameters: {'Vahp': -28.5, 'Vth': -20.0, 'Vmax': 30.0, 't_ref': 17.5, 'R': 0.30000000000000004, 'tau_m': 88.5}. Best is trial 75 with value: 82.0.[0m
2021-04-07 08:33:25.360908: I tensorflow/compiler/jit/xla_gpu_device.cc:99] Not creating XLA devices, tf_xla_enable_xla_devices not set
mse_error/peak_error 0 341
[32m[I 2021-04-07 08:33:34,890][0m Trial 382 finished with value: 341.0 and parameters: {'Vahp': -28.5, 'Vth': -20.5, 'Vmax': 26.0, 't_ref': 8.5, 'R': 1.0, 'tau_m': 95.5}. Best is trial 75 with value: 82.0.[0m
2021-04-07 08:33:35.105362: I tensorflow/compiler/jit/xla_gpu_device.cc:99] Not creating XLA devices, tf_xla_enable_xla_devices not set
mse_error/peak_error 0 1019
[32m[I 2021-04-07 08:33:44,581][0m Trial 383 finished with value: 1019.0 and parameters: {'Vahp': -33.5, 'Vth': -21.0, 'Vmax': 12.5, 't_ref': 1.5, 'R': 1.0, 'tau_m': 97.0}. Best is trial 75 with value: 82.0.[0m
2021-04-07 08:33:44.792965: I tensorflow/compiler/jit/xla_gpu_device.cc:99] Not creating XLA devices, tf_xla_enable_xla_devices not set
mse_error/peak_error 0 175
[32m[I 2021-04-07 08:33:54,310][0m Trial 384 finished with value: 175.0 and parameters: {'Vahp': -33.5, 'Vth': -21.0, 'Vmax': 23.0, 't_ref': 15.0, 'R': 1.0, 'tau_m': 100.0}. Best is trial 75 with value: 82.0.[0m
2021-04-07 08:33:54.521996: I tensorflow/compiler/jit/xla_gpu_device.cc:99] Not creating XLA devices, tf_xla_enable_xla_devices not set
mse_error/peak_error 0 90.0
[32m[I 2021-04-07 08:34:04,061][0m Trial 385 finished with value: 90.0 and parameters: {'Vahp': -29.5, 'Vth': -20.0, 'Vmax': 34.5, 't_ref': 18.5, 'R': 0.9, 'tau_m': 81.5}. Best is trial 75 with value: 82.0.[0m
2021-04-07 08:34:04.270320: I tensorflow/compiler/jit/xla_gpu_device.cc:99] Not creating XLA devices, tf_xla_enable_xla_devices not set
mse_error/peak_error 0 99.0
[32m[I 2021-04-07 08:34:13,896][0m Trial 386 finished with value: 99.0 and parameters: {'Vahp': -32.0, 'Vth': -20.5, 'Vmax': 31.0, 't_ref': 16.5, 'R': 0.9, 'tau_m': 91.5}. Best is trial 75 with value: 82.0.[0m
2021-04-07 08:34:14.116742: I tensorflow/compiler/jit/xla_gpu_device.cc:99] Not creating XLA devices, tf_xla_enable_xla_devices not set
mse_error/peak_error 0 82.0
[32m[I 2021-04-07 08:34:23,763][0m Trial 387 finished with value: 82.0 and parameters: {'Vahp': -32.5, 'Vth': -20.0, 'Vmax': 38.0, 't_ref': 16.5, 'R': 0.9, 'tau_m': 86.5}. Best is trial 75 with value: 82.0.[0m
2021-04-07 08:34:23.974199: I tensorflow/compiler/jit/xla_gpu_device.cc:99] Not creating XLA devices, tf_xla_enable_xla_devices not set
mse_error/peak_error 0 82.0
[32m[I 2021-04-07 08:34:33,620][0m Trial 388 finished with value: 82.0 and parameters: {'Vahp': -33.0, 'Vth': -20.5, 'Vmax': 39.0, 't_ref': 16.0, 'R': 0.9, 'tau_m': 87.0}. Best is trial 75 with value: 82.0.[0m
2021-04-07 08:34:33.832373: I tensorflow/compiler/jit/xla_gpu_device.cc:99] Not creating XLA devices, tf_xla_enable_xla_devices not set
mse_error/peak_error 0 82.0
[32m[I 2021-04-07 08:34:43,509][0m Trial 389 finished with value: 82.0 and parameters: {'Vahp': -31.0, 'Vth': -20.5, 'Vmax': 39.5, 't_ref': 16.5, 'R': 0.9, 'tau_m': 86.5}. Best is trial 75 with value: 82.0.[0m
2021-04-07 08:34:43.721959: I tensorflow/compiler/jit/xla_gpu_device.cc:99] Not creating XLA devices, tf_xla_enable_xla_devices not set
mse_error/peak_error 0 83.0
[32m[I 2021-04-07 08:34:53,409][0m Trial 390 finished with value: 83.0 and parameters: {'Vahp': -32.0, 'Vth': -20.5, 'Vmax': 39.5, 't_ref': 17.0, 'R': 0.9, 'tau_m': 83.0}. Best is trial 75 with value: 82.0.[0m
2021-04-07 08:34:53.624794: I tensorflow/compiler/jit/xla_gpu_device.cc:99] Not creating XLA devices, tf_xla_enable_xla_devices not set
mse_error/peak_error 0 108.0
[32m[I 2021-04-07 08:35:03,338][0m Trial 391 finished with value: 108.0 and parameters: {'Vahp': -30.5, 'Vth': -20.5, 'Vmax': 32.0, 't_ref': 17.5, 'R': 0.9, 'tau_m': 90.5}. Best is trial 75 with value: 82.0.[0m
2021-04-07 08:35:03.549989: I tensorflow/compiler/jit/xla_gpu_device.cc:99] Not creating XLA devices, tf_xla_enable_xla_devices not set
mse_error/peak_error 0 175
[32m[I 2021-04-07 08:35:13,273][0m Trial 392 finished with value: 175.0 and parameters: {'Vahp': -27.5, 'Vth': -20.0, 'Vmax': 33.5, 't_ref': 17.0, 'R': 0.9, 'tau_m': 89.0}. Best is trial 75 with value: 82.0.[0m
2021-04-07 08:35:13.486973: I tensorflow/compiler/jit/xla_gpu_device.cc:99] Not creating XLA devices, tf_xla_enable_xla_devices not set
mse_error/peak_error 0 83.0
[32m[I 2021-04-07 08:35:23,398][0m Trial 393 finished with value: 83.0 and parameters: {'Vahp': -29.0, 'Vth': -20.5, 'Vmax': 38.0, 't_ref': 18.0, 'R': 0.9, 'tau_m': 84.0}. Best is trial 75 with value: 82.0.[0m
2021-04-07 08:35:23.616662: I tensorflow/compiler/jit/xla_gpu_device.cc:99] Not creating XLA devices, tf_xla_enable_xla_devices not set
mse_error/peak_error 0 143.0
[32m[I 2021-04-07 08:35:33,359][0m Trial 394 finished with value: 143.0 and parameters: {'Vahp': -27.5, 'Vth': -24.0, 'Vmax': 33.0, 't_ref': 18.0, 'R': 0.6, 'tau_m': 80.0}. Best is trial 75 with value: 82.0.[0m
2021-04-07 08:35:33.583185: I tensorflow/compiler/jit/xla_gpu_device.cc:99] Not creating XLA devices, tf_xla_enable_xla_devices not set
mse_error/peak_error 0 82.0
[32m[I 2021-04-07 08:35:43,181][0m Trial 395 finished with value: 82.0 and parameters: {'Vahp': -30.0, 'Vth': -20.0, 'Vmax': 37.0, 't_ref': 18.0, 'R': 0.9, 'tau_m': 84.5}. Best is trial 75 with value: 82.0.[0m
2021-04-07 08:35:43.403043: I tensorflow/compiler/jit/xla_gpu_device.cc:99] Not creating XLA devices, tf_xla_enable_xla_devices not set
mse_error/peak_error 0 82.0
