[32m[I 2021-04-07 10:32:17,898][0m Trial 802 finished with value: 82.0 and parameters: {'Vahp': -32.0, 'Vth': -21.0, 'Vmax': 33.5, 't_ref': 17.0, 'R': 0.9, 'tau_m': 87.5}. Best is trial 75 with value: 82.0.[0m
2021-04-07 10:32:18.147554: I tensorflow/compiler/jit/xla_gpu_device.cc:99] Not creating XLA devices, tf_xla_enable_xla_devices not set
mse_error/peak_error 0 82.0
[32m[I 2021-04-07 10:32:43,780][0m Trial 803 finished with value: 82.0 and parameters: {'Vahp': -30.0, 'Vth': -20.0, 'Vmax': 34.0, 't_ref': 17.5, 'R': 0.9, 'tau_m': 84.5}. Best is trial 75 with value: 82.0.[0m
2021-04-07 10:32:44.047668: I tensorflow/compiler/jit/xla_gpu_device.cc:99] Not creating XLA devices, tf_xla_enable_xla_devices not set
mse_error/peak_error 0 83.0
[32m[I 2021-04-07 10:33:09,712][0m Trial 804 finished with value: 83.0 and parameters: {'Vahp': -29.0, 'Vth': -20.0, 'Vmax': 31.0, 't_ref': 18.0, 'R': 0.9, 'tau_m': 83.0}. Best is trial 75 with value: 82.0.[0m
2021-04-07 10:33:09.950408: I tensorflow/compiler/jit/xla_gpu_device.cc:99] Not creating XLA devices, tf_xla_enable_xla_devices not set
mse_error/peak_error 0 108.0
[32m[I 2021-04-07 10:33:35,637][0m Trial 805 finished with value: 108.0 and parameters: {'Vahp': -27.5, 'Vth': -20.0, 'Vmax': 36.0, 't_ref': 18.5, 'R': 1.0, 'tau_m': 100.0}. Best is trial 75 with value: 82.0.[0m
2021-04-07 10:33:35.887964: I tensorflow/compiler/jit/xla_gpu_device.cc:99] Not creating XLA devices, tf_xla_enable_xla_devices not set
mse_error/peak_error 0 82.0
[32m[I 2021-04-07 10:34:01,256][0m Trial 806 finished with value: 82.0 and parameters: {'Vahp': -31.5, 'Vth': -20.5, 'Vmax': 10.5, 't_ref': 17.0, 'R': 0.9, 'tau_m': 86.5}. Best is trial 75 with value: 82.0.[0m
2021-04-07 10:34:01.498337: I tensorflow/compiler/jit/xla_gpu_device.cc:99] Not creating XLA devices, tf_xla_enable_xla_devices not set
mse_error/peak_error 0 175
[32m[I 2021-04-07 10:34:27,450][0m Trial 807 finished with value: 175.0 and parameters: {'Vahp': -27.0, 'Vth': -20.0, 'Vmax': 36.0, 't_ref': 18.0, 'R': 1.0, 'tau_m': 99.5}. Best is trial 75 with value: 82.0.[0m
2021-04-07 10:34:27.693255: I tensorflow/compiler/jit/xla_gpu_device.cc:99] Not creating XLA devices, tf_xla_enable_xla_devices not set
mse_error/peak_error 0 82.0
[32m[I 2021-04-07 10:34:53,734][0m Trial 808 finished with value: 82.0 and parameters: {'Vahp': -33.0, 'Vth': -21.0, 'Vmax': 39.0, 't_ref': 16.5, 'R': 0.9, 'tau_m': 87.5}. Best is trial 75 with value: 82.0.[0m
2021-04-07 10:34:53.991523: I tensorflow/compiler/jit/xla_gpu_device.cc:99] Not creating XLA devices, tf_xla_enable_xla_devices not set
mse_error/peak_error 0 89.0
[32m[I 2021-04-07 10:35:20,014][0m Trial 809 finished with value: 89.0 and parameters: {'Vahp': -31.5, 'Vth': -20.5, 'Vmax': 10.5, 't_ref': 17.5, 'R': 0.9, 'tau_m': 89.0}. Best is trial 75 with value: 82.0.[0m
2021-04-07 10:35:20.298776: I tensorflow/compiler/jit/xla_gpu_device.cc:99] Not creating XLA devices, tf_xla_enable_xla_devices not set
mse_error/peak_error 0 175
[32m[I 2021-04-07 10:35:46,505][0m Trial 810 finished with value: 175.0 and parameters: {'Vahp': -27.5, 'Vth': -20.5, 'Vmax': 11.0, 't_ref': 18.0, 'R': 0.9, 'tau_m': 89.5}. Best is trial 75 with value: 82.0.[0m
2021-04-07 10:35:46.748019: I tensorflow/compiler/jit/xla_gpu_device.cc:99] Not creating XLA devices, tf_xla_enable_xla_devices not set
mse_error/peak_error 0 82.0
[32m[I 2021-04-07 10:36:13,128][0m Trial 811 finished with value: 82.0 and parameters: {'Vahp': -32.5, 'Vth': -21.0, 'Vmax': 11.0, 't_ref': 16.5, 'R': 0.9, 'tau_m': 86.5}. Best is trial 75 with value: 82.0.[0m
2021-04-07 10:36:13.365725: I tensorflow/compiler/jit/xla_gpu_device.cc:99] Not creating XLA devices, tf_xla_enable_xla_devices not set
mse_error/peak_error 0 82.0
[32m[I 2021-04-07 10:36:39,420][0m Trial 812 finished with value: 82.0 and parameters: {'Vahp': -32.0, 'Vth': -21.0, 'Vmax': 34.5, 't_ref': 16.5, 'R': 0.9, 'tau_m': 89.5}. Best is trial 75 with value: 82.0.[0m
2021-04-07 10:36:39.675155: I tensorflow/compiler/jit/xla_gpu_device.cc:99] Not creating XLA devices, tf_xla_enable_xla_devices not set
mse_error/peak_error 0 82.0
[32m[I 2021-04-07 10:37:06,076][0m Trial 813 finished with value: 82.0 and parameters: {'Vahp': -36.5, 'Vth': -22.0, 'Vmax': 13.0, 't_ref': 14.5, 'R': 0.8, 'tau_m': 79.5}. Best is trial 75 with value: 82.0.[0m
2021-04-07 10:37:06.313493: I tensorflow/compiler/jit/xla_gpu_device.cc:99] Not creating XLA devices, tf_xla_enable_xla_devices not set
mse_error/peak_error 0 176
[32m[I 2021-04-07 10:37:32,630][0m Trial 814 finished with value: 176.0 and parameters: {'Vahp': -36.5, 'Vth': -22.0, 'Vmax': 13.0, 't_ref': 14.5, 'R': 0.8, 'tau_m': 73.5}. Best is trial 75 with value: 82.0.[0m
2021-04-07 10:37:32.869689: I tensorflow/compiler/jit/xla_gpu_device.cc:99] Not creating XLA devices, tf_xla_enable_xla_devices not set
mse_error/peak_error 0 82.0
[32m[I 2021-04-07 10:37:59,069][0m Trial 815 finished with value: 82.0 and parameters: {'Vahp': -33.5, 'Vth': -21.5, 'Vmax': 40.0, 't_ref': 16.0, 'R': 0.9, 'tau_m': 91.0}. Best is trial 75 with value: 82.0.[0m
2021-04-07 10:37:59.315888: I tensorflow/compiler/jit/xla_gpu_device.cc:99] Not creating XLA devices, tf_xla_enable_xla_devices not set
mse_error/peak_error 0 175
[32m[I 2021-04-07 10:38:25,732][0m Trial 816 finished with value: 175.0 and parameters: {'Vahp': -29.5, 'Vth': -20.0, 'Vmax': 30.0, 't_ref': 17.0, 'R': 0.9, 'tau_m': 88.0}. Best is trial 75 with value: 82.0.[0m
2021-04-07 10:38:25.975987: I tensorflow/compiler/jit/xla_gpu_device.cc:99] Not creating XLA devices, tf_xla_enable_xla_devices not set
mse_error/peak_error 0 271
[32m[I 2021-04-07 10:38:52,363][0m Trial 817 finished with value: 271.0 and parameters: {'Vahp': -37.0, 'Vth': -31.5, 'Vmax': 38.5, 't_ref': 15.5, 'R': 0.9, 'tau_m': 81.5}. Best is trial 75 with value: 82.0.[0m
2021-04-07 10:38:52.603130: I tensorflow/compiler/jit/xla_gpu_device.cc:99] Not creating XLA devices, tf_xla_enable_xla_devices not set
mse_error/peak_error 0 82.0
[32m[I 2021-04-07 10:39:18,308][0m Trial 818 finished with value: 82.0 and parameters: {'Vahp': -31.5, 'Vth': -20.5, 'Vmax': 32.0, 't_ref': 17.0, 'R': 0.9, 'tau_m': 88.0}. Best is trial 75 with value: 82.0.[0m
2021-04-07 10:39:18.561399: I tensorflow/compiler/jit/xla_gpu_device.cc:99] Not creating XLA devices, tf_xla_enable_xla_devices not set
mse_error/peak_error 0 175
[32m[I 2021-04-07 10:39:44,313][0m Trial 819 finished with value: 175.0 and parameters: {'Vahp': -27.0, 'Vth': -20.0, 'Vmax': 37.5, 't_ref': 18.0, 'R': 1.0, 'tau_m': 94.0}. Best is trial 75 with value: 82.0.[0m
2021-04-07 10:39:44.559208: I tensorflow/compiler/jit/xla_gpu_device.cc:99] Not creating XLA devices, tf_xla_enable_xla_devices not set
mse_error/peak_error 0 82.0
[32m[I 2021-04-07 10:40:10,906][0m Trial 820 finished with value: 82.0 and parameters: {'Vahp': -30.0, 'Vth': -20.0, 'Vmax': 34.5, 't_ref': 17.5, 'R': 0.9, 'tau_m': 84.5}. Best is trial 75 with value: 82.0.[0m
2021-04-07 10:40:11.144851: I tensorflow/compiler/jit/xla_gpu_device.cc:99] Not creating XLA devices, tf_xla_enable_xla_devices not set
mse_error/peak_error 0 82.0
[32m[I 2021-04-07 10:40:37,930][0m Trial 821 finished with value: 82.0 and parameters: {'Vahp': -26.0, 'Vth': -20.0, 'Vmax': 37.5, 't_ref': 18.5, 'R': 1.0, 'tau_m': 94.0}. Best is trial 75 with value: 82.0.[0m
2021-04-07 10:40:38.168206: I tensorflow/compiler/jit/xla_gpu_device.cc:99] Not creating XLA devices, tf_xla_enable_xla_devices not set
mse_error/peak_error 0 82.0
[32m[I 2021-04-07 10:41:04,756][0m Trial 822 finished with value: 82.0 and parameters: {'Vahp': -27.0, 'Vth': -20.0, 'Vmax': 36.5, 't_ref': 18.5, 'R': 1.0, 'tau_m': 96.0}. Best is trial 75 with value: 82.0.[0m
2021-04-07 10:41:04.996608: I tensorflow/compiler/jit/xla_gpu_device.cc:99] Not creating XLA devices, tf_xla_enable_xla_devices not set
mse_error/peak_error 0 108.0
[32m[I 2021-04-07 10:41:31,871][0m Trial 823 finished with value: 108.0 and parameters: {'Vahp': -28.5, 'Vth': -20.0, 'Vmax': 35.5, 't_ref': 19.0, 'R': 0.9, 'tau_m': 89.5}. Best is trial 75 with value: 82.0.[0m
2021-04-07 10:41:32.110908: I tensorflow/compiler/jit/xla_gpu_device.cc:99] Not creating XLA devices, tf_xla_enable_xla_devices not set
mse_error/peak_error 0 175
[32m[I 2021-04-07 10:41:58,544][0m Trial 824 finished with value: 175.0 and parameters: {'Vahp': -36.0, 'Vth': -21.5, 'Vmax': 14.0, 't_ref': 15.0, 'R': 1.0, 'tau_m': 98.5}. Best is trial 75 with value: 82.0.[0m
2021-04-07 10:41:58.807435: I tensorflow/compiler/jit/xla_gpu_device.cc:99] Not creating XLA devices, tf_xla_enable_xla_devices not set
mse_error/peak_error 0 82.0
[32m[I 2021-04-07 10:42:26,137][0m Trial 825 finished with value: 82.0 and parameters: {'Vahp': -30.5, 'Vth': -20.5, 'Vmax': 34.5, 't_ref': 17.0, 'R': 0.9, 'tau_m': 87.0}. Best is trial 75 with value: 82.0.[0m
2021-04-07 10:42:26.376063: I tensorflow/compiler/jit/xla_gpu_device.cc:99] Not creating XLA devices, tf_xla_enable_xla_devices not set
mse_error/peak_error 0 82.0
[32m[I 2021-04-07 10:42:53,218][0m Trial 826 finished with value: 82.0 and parameters: {'Vahp': -26.0, 'Vth': -20.0, 'Vmax': 36.5, 't_ref': 18.5, 'R': 1.0, 'tau_m': 99.5}. Best is trial 75 with value: 82.0.[0m
2021-04-07 10:42:53.467153: I tensorflow/compiler/jit/xla_gpu_device.cc:99] Not creating XLA devices, tf_xla_enable_xla_devices not set
mse_error/peak_error 0 116.0
[32m[I 2021-04-07 10:43:20,838][0m Trial 827 finished with value: 116.0 and parameters: {'Vahp': -36.0, 'Vth': -22.0, 'Vmax': 12.5, 't_ref': 15.0, 'R': 0.7000000000000001, 'tau_m': 80.5}. Best is trial 75 with value: 82.0.[0m
2021-04-07 10:43:21.084868: I tensorflow/compiler/jit/xla_gpu_device.cc:99] Not creating XLA devices, tf_xla_enable_xla_devices not set
mse_error/peak_error 0 99.0
[32m[I 2021-04-07 10:43:47,931][0m Trial 828 finished with value: 99.0 and parameters: {'Vahp': -31.0, 'Vth': -21.0, 'Vmax': 33.5, 't_ref': 17.0, 'R': 0.9, 'tau_m': 92.0}. Best is trial 75 with value: 82.0.[0m
2021-04-07 10:43:48.183375: I tensorflow/compiler/jit/xla_gpu_device.cc:99] Not creating XLA devices, tf_xla_enable_xla_devices not set
mse_error/peak_error 0 90.0
[32m[I 2021-04-07 10:44:15,162][0m Trial 829 finished with value: 90.0 and parameters: {'Vahp': -31.0, 'Vth': -20.5, 'Vmax': 38.0, 't_ref': 17.5, 'R': 0.9, 'tau_m': 83.5}. Best is trial 75 with value: 82.0.[0m
2021-04-07 10:44:15.404480: I tensorflow/compiler/jit/xla_gpu_device.cc:99] Not creating XLA devices, tf_xla_enable_xla_devices not set
mse_error/peak_error 0 82.0
[32m[I 2021-04-07 10:44:42,936][0m Trial 830 finished with value: 82.0 and parameters: {'Vahp': -39.0, 'Vth': -22.5, 'Vmax': 31.5, 't_ref': 15.0, 'R': 0.8, 'tau_m': 81.0}. Best is trial 75 with value: 82.0.[0m
2021-04-07 10:44:43.181150: I tensorflow/compiler/jit/xla_gpu_device.cc:99] Not creating XLA devices, tf_xla_enable_xla_devices not set
mse_error/peak_error 0 249
[32m[I 2021-04-07 10:45:10,458][0m Trial 831 finished with value: 249.0 and parameters: {'Vahp': -42.5, 'Vth': -22.0, 'Vmax': 32.0, 't_ref': 19.5, 'R': 0.8, 'tau_m': 82.0}. Best is trial 75 with value: 82.0.[0m
2021-04-07 10:45:10.703056: I tensorflow/compiler/jit/xla_gpu_device.cc:99] Not creating XLA devices, tf_xla_enable_xla_devices not set
mse_error/peak_error 0 178
[32m[I 2021-04-07 10:45:37,891][0m Trial 832 finished with value: 178.0 and parameters: {'Vahp': -21.5, 'Vth': -20.0, 'Vmax': 26.0, 't_ref': 18.0, 'R': 0.9, 'tau_m': 89.5}. Best is trial 75 with value: 82.0.[0m
2021-04-07 10:45:38.148609: I tensorflow/compiler/jit/xla_gpu_device.cc:99] Not creating XLA devices, tf_xla_enable_xla_devices not set
mse_error/peak_error 0 89.0
[32m[I 2021-04-07 10:46:05,118][0m Trial 833 finished with value: 89.0 and parameters: {'Vahp': -33.5, 'Vth': -21.5, 'Vmax': 24.0, 't_ref': 16.5, 'R': 0.9, 'tau_m': 91.0}. Best is trial 75 with value: 82.0.[0m
2021-04-07 10:46:05.365392: I tensorflow/compiler/jit/xla_gpu_device.cc:99] Not creating XLA devices, tf_xla_enable_xla_devices not set
mse_error/peak_error 0 192
[32m[I 2021-04-07 10:46:33,007][0m Trial 834 finished with value: 192.0 and parameters: {'Vahp': -35.0, 'Vth': -21.5, 'Vmax': 12.0, 't_ref': 14.5, 'R': 0.8, 'tau_m': 82.5}. Best is trial 75 with value: 82.0.[0m
2021-04-07 10:46:33.244395: I tensorflow/compiler/jit/xla_gpu_device.cc:99] Not creating XLA devices, tf_xla_enable_xla_devices not set
mse_error/peak_error 0 89.0
[32m[I 2021-04-07 10:47:00,626][0m Trial 835 finished with value: 89.0 and parameters: {'Vahp': -28.0, 'Vth': -20.0, 'Vmax': 36.5, 't_ref': 19.0, 'R': 1.0, 'tau_m': 95.0}. Best is trial 75 with value: 82.0.[0m
2021-04-07 10:47:00.881293: I tensorflow/compiler/jit/xla_gpu_device.cc:99] Not creating XLA devices, tf_xla_enable_xla_devices not set
mse_error/peak_error 0 176
[32m[I 2021-04-07 10:47:28,709][0m Trial 836 finished with value: 176.0 and parameters: {'Vahp': -35.0, 'Vth': -22.5, 'Vmax': 13.5, 't_ref': 15.0, 'R': 0.8, 'tau_m': 77.5}. Best is trial 75 with value: 82.0.[0m
2021-04-07 10:47:28.952572: I tensorflow/compiler/jit/xla_gpu_device.cc:99] Not creating XLA devices, tf_xla_enable_xla_devices not set
mse_error/peak_error 0 89.0
[32m[I 2021-04-07 10:47:56,659][0m Trial 837 finished with value: 89.0 and parameters: {'Vahp': -31.0, 'Vth': -20.5, 'Vmax': 10.5, 't_ref': 17.5, 'R': 0.9, 'tau_m': 85.5}. Best is trial 75 with value: 82.0.[0m
2021-04-07 10:47:56.900000: I tensorflow/compiler/jit/xla_gpu_device.cc:99] Not creating XLA devices, tf_xla_enable_xla_devices not set
mse_error/peak_error 0 284
[32m[I 2021-04-07 10:48:24,144][0m Trial 838 finished with value: 284.0 and parameters: {'Vahp': -36.5, 'Vth': -35.0, 'Vmax': 21.0, 't_ref': 15.5, 'R': 0.8, 'tau_m': 82.0}. Best is trial 75 with value: 82.0.[0m
2021-04-07 10:48:24.395181: I tensorflow/compiler/jit/xla_gpu_device.cc:99] Not creating XLA devices, tf_xla_enable_xla_devices not set
mse_error/peak_error 0 83.0
[32m[I 2021-04-07 10:48:51,492][0m Trial 839 finished with value: 83.0 and parameters: {'Vahp': -33.5, 'Vth': -20.5, 'Vmax': 35.5, 't_ref': 16.0, 'R': 0.9, 'tau_m': 84.0}. Best is trial 75 with value: 82.0.[0m
2021-04-07 10:48:51.735173: I tensorflow/compiler/jit/xla_gpu_device.cc:99] Not creating XLA devices, tf_xla_enable_xla_devices not set
mse_error/peak_error 0 99.0
[32m[I 2021-04-07 10:49:18,517][0m Trial 840 finished with value: 99.0 and parameters: {'Vahp': -25.5, 'Vth': -20.0, 'Vmax': 37.0, 't_ref': 19.0, 'R': 1.0, 'tau_m': 100.0}. Best is trial 75 with value: 82.0.[0m
2021-04-07 10:49:18.777174: I tensorflow/compiler/jit/xla_gpu_device.cc:99] Not creating XLA devices, tf_xla_enable_xla_devices not set
mse_error/peak_error 0 82.0
[32m[I 2021-04-07 10:49:46,465][0m Trial 841 finished with value: 82.0 and parameters: {'Vahp': -31.5, 'Vth': -20.5, 'Vmax': 10.0, 't_ref': 17.0, 'R': 0.9, 'tau_m': 86.0}. Best is trial 75 with value: 82.0.[0m
2021-04-07 10:49:46.705875: I tensorflow/compiler/jit/xla_gpu_device.cc:99] Not creating XLA devices, tf_xla_enable_xla_devices not set
mse_error/peak_error 0 82.0
[32m[I 2021-04-07 10:50:14,207][0m Trial 842 finished with value: 82.0 and parameters: {'Vahp': -32.0, 'Vth': -20.5, 'Vmax': 31.0, 't_ref': 17.0, 'R': 0.9, 'tau_m': 87.0}. Best is trial 75 with value: 82.0.[0m
2021-04-07 10:50:14.470019: I tensorflow/compiler/jit/xla_gpu_device.cc:99] Not creating XLA devices, tf_xla_enable_xla_devices not set
mse_error/peak_error 0 82.0
[32m[I 2021-04-07 10:50:42,672][0m Trial 843 finished with value: 82.0 and parameters: {'Vahp': -32.5, 'Vth': -21.0, 'Vmax': 39.5, 't_ref': 16.5, 'R': 0.9, 'tau_m': 91.5}. Best is trial 75 with value: 82.0.[0m
2021-04-07 10:50:42.934079: I tensorflow/compiler/jit/xla_gpu_device.cc:99] Not creating XLA devices, tf_xla_enable_xla_devices not set
mse_error/peak_error 0 83.0
[32m[I 2021-04-07 10:51:11,333][0m Trial 844 finished with value: 83.0 and parameters: {'Vahp': -32.5, 'Vth': -21.0, 'Vmax': 40.0, 't_ref': 16.5, 'R': 0.9, 'tau_m': 85.5}. Best is trial 75 with value: 82.0.[0m
2021-04-07 10:51:11.572570: I tensorflow/compiler/jit/xla_gpu_device.cc:99] Not creating XLA devices, tf_xla_enable_xla_devices not set
mse_error/peak_error 0 82.0
[32m[I 2021-04-07 10:51:39,889][0m Trial 845 finished with value: 82.0 and parameters: {'Vahp': -28.0, 'Vth': -20.0, 'Vmax': 30.0, 't_ref': 18.0, 'R': 1.0, 'tau_m': 93.5}. Best is trial 75 with value: 82.0.[0m
2021-04-07 10:51:40.143738: I tensorflow/compiler/jit/xla_gpu_device.cc:99] Not creating XLA devices, tf_xla_enable_xla_devices not set
mse_error/peak_error 0 82.0
[32m[I 2021-04-07 10:52:08,581][0m Trial 846 finished with value: 82.0 and parameters: {'Vahp': -27.0, 'Vth': -20.5, 'Vmax': 36.0, 't_ref': 18.5, 'R': 1.0, 'tau_m': 100.0}. Best is trial 75 with value: 82.0.[0m
2021-04-07 10:52:08.818450: I tensorflow/compiler/jit/xla_gpu_device.cc:99] Not creating XLA devices, tf_xla_enable_xla_devices not set
mse_error/peak_error 0 89.0
[32m[I 2021-04-07 10:52:35,980][0m Trial 847 finished with value: 89.0 and parameters: {'Vahp': -31.0, 'Vth': -20.5, 'Vmax': 11.0, 't_ref': 17.5, 'R': 0.9, 'tau_m': 88.5}. Best is trial 75 with value: 82.0.[0m
2021-04-07 10:52:36.220312: I tensorflow/compiler/jit/xla_gpu_device.cc:99] Not creating XLA devices, tf_xla_enable_xla_devices not set
mse_error/peak_error 0 127.0
[32m[I 2021-04-07 10:53:04,180][0m Trial 848 finished with value: 127.0 and parameters: {'Vahp': -36.0, 'Vth': -22.0, 'Vmax': 14.0, 't_ref': 15.5, 'R': 0.7000000000000001, 'tau_m': 78.5}. Best is trial 75 with value: 82.0.[0m
2021-04-07 10:53:04.425458: I tensorflow/compiler/jit/xla_gpu_device.cc:99] Not creating XLA devices, tf_xla_enable_xla_devices not set
mse_error/peak_error 0 83.0
[32m[I 2021-04-07 10:53:32,552][0m Trial 849 finished with value: 83.0 and parameters: {'Vahp': -29.0, 'Vth': -21.0, 'Vmax': 31.0, 't_ref': 18.0, 'R': 0.9, 'tau_m': 84.5}. Best is trial 75 with value: 82.0.[0m
2021-04-07 10:53:32.812269: I tensorflow/compiler/jit/xla_gpu_device.cc:99] Not creating XLA devices, tf_xla_enable_xla_devices not set
mse_error/peak_error 0 175
[32m[I 2021-04-07 10:54:00,956][0m Trial 850 finished with value: 175.0 and parameters: {'Vahp': -30.5, 'Vth': -21.0, 'Vmax': 32.5, 't_ref': 17.0, 'R': 0.9, 'tau_m': 88.0}. Best is trial 75 with value: 82.0.[0m
2021-04-07 10:54:01.217899: I tensorflow/compiler/jit/xla_gpu_device.cc:99] Not creating XLA devices, tf_xla_enable_xla_devices not set
mse_error/peak_error 0 101.0
[32m[I 2021-04-07 10:54:29,324][0m Trial 851 finished with value: 101.0 and parameters: {'Vahp': -38.5, 'Vth': -22.5, 'Vmax': 31.5, 't_ref': 17.0, 'R': 0.8, 'tau_m': 75.5}. Best is trial 75 with value: 82.0.[0m
2021-04-07 10:54:29.561149: I tensorflow/compiler/jit/xla_gpu_device.cc:99] Not creating XLA devices, tf_xla_enable_xla_devices not set
mse_error/peak_error 0 82.0
[32m[I 2021-04-07 10:54:57,503][0m Trial 852 finished with value: 82.0 and parameters: {'Vahp': -30.5, 'Vth': -20.5, 'Vmax': 34.0, 't_ref': 17.0, 'R': 0.9, 'tau_m': 88.0}. Best is trial 75 with value: 82.0.[0m
2021-04-07 10:54:57.751907: I tensorflow/compiler/jit/xla_gpu_device.cc:99] Not creating XLA devices, tf_xla_enable_xla_devices not set
mse_error/peak_error 0 89.0
[32m[I 2021-04-07 10:55:25,897][0m Trial 853 finished with value: 89.0 and parameters: {'Vahp': -28.0, 'Vth': -20.0, 'Vmax': 36.0, 't_ref': 18.5, 'R': 1.0, 'tau_m': 96.5}. Best is trial 75 with value: 82.0.[0m
2021-04-07 10:55:26.142520: I tensorflow/compiler/jit/xla_gpu_device.cc:99] Not creating XLA devices, tf_xla_enable_xla_devices not set
mse_error/peak_error 0 99.0
[32m[I 2021-04-07 10:55:54,616][0m Trial 854 finished with value: 99.0 and parameters: {'Vahp': -34.5, 'Vth': -21.5, 'Vmax': 13.5, 't_ref': 15.5, 'R': 0.8, 'tau_m': 82.0}. Best is trial 75 with value: 82.0.[0m
2021-04-07 10:55:54.855342: I tensorflow/compiler/jit/xla_gpu_device.cc:99] Not creating XLA devices, tf_xla_enable_xla_devices not set
mse_error/peak_error 0 82.0
[32m[I 2021-04-07 10:56:23,248][0m Trial 855 finished with value: 82.0 and parameters: {'Vahp': -32.0, 'Vth': -20.5, 'Vmax': 11.0, 't_ref': 17.0, 'R': 0.9, 'tau_m': 89.0}. Best is trial 75 with value: 82.0.[0m
2021-04-07 10:56:23.497284: I tensorflow/compiler/jit/xla_gpu_device.cc:99] Not creating XLA devices, tf_xla_enable_xla_devices not set
mse_error/peak_error 0 82.0
[32m[I 2021-04-07 10:56:52,122][0m Trial 856 finished with value: 82.0 and parameters: {'Vahp': -28.0, 'Vth': -20.0, 'Vmax': 36.0, 't_ref': 18.0, 'R': 1.0, 'tau_m': 96.0}. Best is trial 75 with value: 82.0.[0m
2021-04-07 10:56:52.360435: I tensorflow/compiler/jit/xla_gpu_device.cc:99] Not creating XLA devices, tf_xla_enable_xla_devices not set
mse_error/peak_error 0 82.0
[32m[I 2021-04-07 10:57:20,622][0m Trial 857 finished with value: 82.0 and parameters: {'Vahp': -28.0, 'Vth': -20.0, 'Vmax': 35.5, 't_ref': 18.0, 'R': 1.0, 'tau_m': 93.5}. Best is trial 75 with value: 82.0.[0m
2021-04-07 10:57:20.859530: I tensorflow/compiler/jit/xla_gpu_device.cc:99] Not creating XLA devices, tf_xla_enable_xla_devices not set
mse_error/peak_error 0 83.0
[32m[I 2021-04-07 10:57:49,512][0m Trial 858 finished with value: 83.0 and parameters: {'Vahp': -28.0, 'Vth': -20.0, 'Vmax': 35.0, 't_ref': 18.0, 'R': 1.0, 'tau_m': 92.5}. Best is trial 75 with value: 82.0.[0m
2021-04-07 10:57:49.760395: I tensorflow/compiler/jit/xla_gpu_device.cc:99] Not creating XLA devices, tf_xla_enable_xla_devices not set
mse_error/peak_error 0 83.0
[32m[I 2021-04-07 10:58:18,587][0m Trial 859 finished with value: 83.0 and parameters: {'Vahp': -28.5, 'Vth': -20.0, 'Vmax': 35.0, 't_ref': 18.0, 'R': 1.0, 'tau_m': 92.0}. Best is trial 75 with value: 82.0.[0m
2021-04-07 10:58:18.835732: I tensorflow/compiler/jit/xla_gpu_device.cc:99] Not creating XLA devices, tf_xla_enable_xla_devices not set
mse_error/peak_error 0 83.0
