[32m[I 2021-04-07 10:09:03,486][0m Trial 744 finished with value: 82.0 and parameters: {'Vahp': -31.5, 'Vth': -20.5, 'Vmax': 10.0, 't_ref': 17.0, 'R': 0.9, 'tau_m': 85.5}. Best is trial 75 with value: 82.0.[0m
2021-04-07 10:09:03.729193: I tensorflow/compiler/jit/xla_gpu_device.cc:99] Not creating XLA devices, tf_xla_enable_xla_devices not set
mse_error/peak_error 0 82.0
[32m[I 2021-04-07 10:09:25,966][0m Trial 745 finished with value: 82.0 and parameters: {'Vahp': -32.0, 'Vth': -21.0, 'Vmax': 37.5, 't_ref': 17.0, 'R': 0.9, 'tau_m': 86.0}. Best is trial 75 with value: 82.0.[0m
2021-04-07 10:09:26.194085: I tensorflow/compiler/jit/xla_gpu_device.cc:99] Not creating XLA devices, tf_xla_enable_xla_devices not set
mse_error/peak_error 0 83.0
[32m[I 2021-04-07 10:09:48,434][0m Trial 746 finished with value: 83.0 and parameters: {'Vahp': -32.5, 'Vth': -21.5, 'Vmax': 37.5, 't_ref': 16.5, 'R': 0.9, 'tau_m': 86.5}. Best is trial 75 with value: 82.0.[0m
2021-04-07 10:09:48.667290: I tensorflow/compiler/jit/xla_gpu_device.cc:99] Not creating XLA devices, tf_xla_enable_xla_devices not set
mse_error/peak_error 0 82.0
[32m[I 2021-04-07 10:10:11,007][0m Trial 747 finished with value: 82.0 and parameters: {'Vahp': -30.5, 'Vth': -20.5, 'Vmax': 29.0, 't_ref': 16.5, 'R': 0.9, 'tau_m': 88.5}. Best is trial 75 with value: 82.0.[0m
2021-04-07 10:10:11.243963: I tensorflow/compiler/jit/xla_gpu_device.cc:99] Not creating XLA devices, tf_xla_enable_xla_devices not set
mse_error/peak_error 0 168
[32m[I 2021-04-07 10:10:33,990][0m Trial 748 finished with value: 168.0 and parameters: {'Vahp': -28.5, 'Vth': -20.0, 'Vmax': 37.0, 't_ref': 15.5, 'R': 1.0, 'tau_m': 94.5}. Best is trial 75 with value: 82.0.[0m
2021-04-07 10:10:34.230584: I tensorflow/compiler/jit/xla_gpu_device.cc:99] Not creating XLA devices, tf_xla_enable_xla_devices not set
mse_error/peak_error 0 109.0
[32m[I 2021-04-07 10:10:57,029][0m Trial 749 finished with value: 109.0 and parameters: {'Vahp': -35.0, 'Vth': -22.0, 'Vmax': 10.5, 't_ref': 14.0, 'R': 0.8, 'tau_m': 90.0}. Best is trial 75 with value: 82.0.[0m
2021-04-07 10:10:57.264580: I tensorflow/compiler/jit/xla_gpu_device.cc:99] Not creating XLA devices, tf_xla_enable_xla_devices not set
mse_error/peak_error 0 82.0
[32m[I 2021-04-07 10:11:19,803][0m Trial 750 finished with value: 82.0 and parameters: {'Vahp': -29.0, 'Vth': -20.0, 'Vmax': 35.5, 't_ref': 18.0, 'R': 0.9, 'tau_m': 88.5}. Best is trial 75 with value: 82.0.[0m
2021-04-07 10:11:20.037238: I tensorflow/compiler/jit/xla_gpu_device.cc:99] Not creating XLA devices, tf_xla_enable_xla_devices not set
mse_error/peak_error 0 82.0
[32m[I 2021-04-07 10:11:42,820][0m Trial 751 finished with value: 82.0 and parameters: {'Vahp': -29.0, 'Vth': -20.0, 'Vmax': 38.0, 't_ref': 17.5, 'R': 1.0, 'tau_m': 94.5}. Best is trial 75 with value: 82.0.[0m
2021-04-07 10:11:43.056327: I tensorflow/compiler/jit/xla_gpu_device.cc:99] Not creating XLA devices, tf_xla_enable_xla_devices not set
mse_error/peak_error 0 82.0
[32m[I 2021-04-07 10:12:05,794][0m Trial 752 finished with value: 82.0 and parameters: {'Vahp': -28.5, 'Vth': -20.0, 'Vmax': 35.5, 't_ref': 18.0, 'R': 1.0, 'tau_m': 94.5}. Best is trial 75 with value: 82.0.[0m
2021-04-07 10:12:06.029848: I tensorflow/compiler/jit/xla_gpu_device.cc:99] Not creating XLA devices, tf_xla_enable_xla_devices not set
mse_error/peak_error 0 82.0
[32m[I 2021-04-07 10:12:28,826][0m Trial 753 finished with value: 82.0 and parameters: {'Vahp': -26.5, 'Vth': -20.0, 'Vmax': 37.0, 't_ref': 19.0, 'R': 1.0, 'tau_m': 98.0}. Best is trial 75 with value: 82.0.[0m
2021-04-07 10:12:29.068059: I tensorflow/compiler/jit/xla_gpu_device.cc:99] Not creating XLA devices, tf_xla_enable_xla_devices not set
mse_error/peak_error 0 82.0
[32m[I 2021-04-07 10:12:51,844][0m Trial 754 finished with value: 82.0 and parameters: {'Vahp': -26.5, 'Vth': -20.0, 'Vmax': 36.5, 't_ref': 19.0, 'R': 1.0, 'tau_m': 98.5}. Best is trial 75 with value: 82.0.[0m
2021-04-07 10:12:52.081208: I tensorflow/compiler/jit/xla_gpu_device.cc:99] Not creating XLA devices, tf_xla_enable_xla_devices not set
mse_error/peak_error 0 175
[32m[I 2021-04-07 10:13:14,805][0m Trial 755 finished with value: 175.0 and parameters: {'Vahp': -33.5, 'Vth': -21.5, 'Vmax': 37.0, 't_ref': 15.5, 'R': 1.0, 'tau_m': 97.5}. Best is trial 75 with value: 82.0.[0m
2021-04-07 10:13:15.046610: I tensorflow/compiler/jit/xla_gpu_device.cc:99] Not creating XLA devices, tf_xla_enable_xla_devices not set
mse_error/peak_error 0 90.0
[32m[I 2021-04-07 10:13:37,781][0m Trial 756 finished with value: 90.0 and parameters: {'Vahp': -31.0, 'Vth': -20.0, 'Vmax': 34.0, 't_ref': 17.5, 'R': 0.9, 'tau_m': 83.0}. Best is trial 75 with value: 82.0.[0m
2021-04-07 10:13:38.028956: I tensorflow/compiler/jit/xla_gpu_device.cc:99] Not creating XLA devices, tf_xla_enable_xla_devices not set
mse_error/peak_error 0 89.0
[32m[I 2021-04-07 10:14:00,701][0m Trial 757 finished with value: 89.0 and parameters: {'Vahp': -29.5, 'Vth': -20.0, 'Vmax': 32.0, 't_ref': 18.5, 'R': 0.9, 'tau_m': 88.0}. Best is trial 75 with value: 82.0.[0m
2021-04-07 10:14:00.941117: I tensorflow/compiler/jit/xla_gpu_device.cc:99] Not creating XLA devices, tf_xla_enable_xla_devices not set
mse_error/peak_error 0 82.0
[32m[I 2021-04-07 10:14:23,770][0m Trial 758 finished with value: 82.0 and parameters: {'Vahp': -29.5, 'Vth': -20.0, 'Vmax': 32.0, 't_ref': 18.0, 'R': 0.9, 'tau_m': 88.0}. Best is trial 75 with value: 82.0.[0m
2021-04-07 10:14:24.021855: I tensorflow/compiler/jit/xla_gpu_device.cc:99] Not creating XLA devices, tf_xla_enable_xla_devices not set
mse_error/peak_error 0 89.0
[32m[I 2021-04-07 10:14:46,961][0m Trial 759 finished with value: 89.0 and parameters: {'Vahp': -30.0, 'Vth': -20.0, 'Vmax': 30.5, 't_ref': 17.5, 'R': 0.9, 'tau_m': 87.5}. Best is trial 75 with value: 82.0.[0m
2021-04-07 10:14:47.210717: I tensorflow/compiler/jit/xla_gpu_device.cc:99] Not creating XLA devices, tf_xla_enable_xla_devices not set
mse_error/peak_error 0 82.0
[32m[I 2021-04-07 10:15:10,410][0m Trial 760 finished with value: 82.0 and parameters: {'Vahp': -28.5, 'Vth': -20.5, 'Vmax': 32.5, 't_ref': 18.0, 'R': 0.9, 'tau_m': 90.0}. Best is trial 75 with value: 82.0.[0m
2021-04-07 10:15:10.641140: I tensorflow/compiler/jit/xla_gpu_device.cc:99] Not creating XLA devices, tf_xla_enable_xla_devices not set
mse_error/peak_error 0 175
[32m[I 2021-04-07 10:15:33,712][0m Trial 761 finished with value: 175.0 and parameters: {'Vahp': -33.0, 'Vth': -21.5, 'Vmax': 39.5, 't_ref': 16.0, 'R': 0.9, 'tau_m': 91.5}. Best is trial 75 with value: 82.0.[0m
2021-04-07 10:15:33.944926: I tensorflow/compiler/jit/xla_gpu_device.cc:99] Not creating XLA devices, tf_xla_enable_xla_devices not set
mse_error/peak_error 0 83.0
[32m[I 2021-04-07 10:15:56,914][0m Trial 762 finished with value: 83.0 and parameters: {'Vahp': -32.5, 'Vth': -21.0, 'Vmax': 30.5, 't_ref': 17.0, 'R': 0.9, 'tau_m': 82.0}. Best is trial 75 with value: 82.0.[0m
2021-04-07 10:15:57.151681: I tensorflow/compiler/jit/xla_gpu_device.cc:99] Not creating XLA devices, tf_xla_enable_xla_devices not set
mse_error/peak_error 0 83.0
[32m[I 2021-04-07 10:16:20,512][0m Trial 763 finished with value: 83.0 and parameters: {'Vahp': -33.5, 'Vth': -21.0, 'Vmax': 25.5, 't_ref': 17.0, 'R': 0.9, 'tau_m': 85.0}. Best is trial 75 with value: 82.0.[0m
2021-04-07 10:16:20.752663: I tensorflow/compiler/jit/xla_gpu_device.cc:99] Not creating XLA devices, tf_xla_enable_xla_devices not set
mse_error/peak_error 0 82.0
[32m[I 2021-04-07 10:16:44,066][0m Trial 764 finished with value: 82.0 and parameters: {'Vahp': -34.0, 'Vth': -21.5, 'Vmax': 38.0, 't_ref': 16.0, 'R': 0.9, 'tau_m': 92.5}. Best is trial 75 with value: 82.0.[0m
2021-04-07 10:16:44.302324: I tensorflow/compiler/jit/xla_gpu_device.cc:99] Not creating XLA devices, tf_xla_enable_xla_devices not set
mse_error/peak_error 0 175
[32m[I 2021-04-07 10:17:07,728][0m Trial 765 finished with value: 175.0 and parameters: {'Vahp': -33.0, 'Vth': -21.0, 'Vmax': 38.5, 't_ref': 16.0, 'R': 0.9, 'tau_m': 87.0}. Best is trial 75 with value: 82.0.[0m
2021-04-07 10:17:07.968071: I tensorflow/compiler/jit/xla_gpu_device.cc:99] Not creating XLA devices, tf_xla_enable_xla_devices not set
mse_error/peak_error 0 99.0
[32m[I 2021-04-07 10:17:31,410][0m Trial 766 finished with value: 99.0 and parameters: {'Vahp': -31.5, 'Vth': -21.0, 'Vmax': 33.5, 't_ref': 16.5, 'R': 0.9, 'tau_m': 92.0}. Best is trial 75 with value: 82.0.[0m
2021-04-07 10:17:31.641733: I tensorflow/compiler/jit/xla_gpu_device.cc:99] Not creating XLA devices, tf_xla_enable_xla_devices not set
mse_error/peak_error 0 127.0
[32m[I 2021-04-07 10:17:54,715][0m Trial 767 finished with value: 127.0 and parameters: {'Vahp': -25.0, 'Vth': -20.0, 'Vmax': 32.5, 't_ref': 19.5, 'R': 0.9, 'tau_m': 100.0}. Best is trial 75 with value: 82.0.[0m
2021-04-07 10:17:54.951171: I tensorflow/compiler/jit/xla_gpu_device.cc:99] Not creating XLA devices, tf_xla_enable_xla_devices not set
mse_error/peak_error 0 99.0
[32m[I 2021-04-07 10:18:18,339][0m Trial 768 finished with value: 99.0 and parameters: {'Vahp': -30.0, 'Vth': -20.5, 'Vmax': 27.5, 't_ref': 16.5, 'R': 0.8, 'tau_m': 81.5}. Best is trial 75 with value: 82.0.[0m
2021-04-07 10:18:18.576496: I tensorflow/compiler/jit/xla_gpu_device.cc:99] Not creating XLA devices, tf_xla_enable_xla_devices not set
mse_error/peak_error 0 83.0
[32m[I 2021-04-07 10:18:41,862][0m Trial 769 finished with value: 83.0 and parameters: {'Vahp': -36.0, 'Vth': -21.5, 'Vmax': 12.0, 't_ref': 15.5, 'R': 1.0, 'tau_m': 90.5}. Best is trial 75 with value: 82.0.[0m
2021-04-07 10:18:42.160868: I tensorflow/compiler/jit/xla_gpu_device.cc:99] Not creating XLA devices, tf_xla_enable_xla_devices not set
mse_error/peak_error 0 82.0
[32m[I 2021-04-07 10:19:05,870][0m Trial 770 finished with value: 82.0 and parameters: {'Vahp': -31.5, 'Vth': -20.5, 'Vmax': 34.5, 't_ref': 17.0, 'R': 0.9, 'tau_m': 86.0}. Best is trial 75 with value: 82.0.[0m
2021-04-07 10:19:06.111454: I tensorflow/compiler/jit/xla_gpu_device.cc:99] Not creating XLA devices, tf_xla_enable_xla_devices not set
mse_error/peak_error 0 83.0
[32m[I 2021-04-07 10:19:29,748][0m Trial 771 finished with value: 83.0 and parameters: {'Vahp': -27.5, 'Vth': -20.5, 'Vmax': 29.5, 't_ref': 18.5, 'R': 1.0, 'tau_m': 94.0}. Best is trial 75 with value: 82.0.[0m
2021-04-07 10:19:29.993345: I tensorflow/compiler/jit/xla_gpu_device.cc:99] Not creating XLA devices, tf_xla_enable_xla_devices not set
mse_error/peak_error 0 357
[32m[I 2021-04-07 10:19:53,808][0m Trial 772 finished with value: 357.0 and parameters: {'Vahp': -38.0, 'Vth': -21.5, 'Vmax': 35.5, 't_ref': 18.5, 'R': 0.7000000000000001, 'tau_m': 96.5}. Best is trial 75 with value: 82.0.[0m
2021-04-07 10:19:54.050046: I tensorflow/compiler/jit/xla_gpu_device.cc:99] Not creating XLA devices, tf_xla_enable_xla_devices not set
mse_error/peak_error 0 82.0
[32m[I 2021-04-07 10:20:17,751][0m Trial 773 finished with value: 82.0 and parameters: {'Vahp': -31.5, 'Vth': -20.0, 'Vmax': 30.0, 't_ref': 17.0, 'R': 0.9, 'tau_m': 84.0}. Best is trial 75 with value: 82.0.[0m
2021-04-07 10:20:17.981702: I tensorflow/compiler/jit/xla_gpu_device.cc:99] Not creating XLA devices, tf_xla_enable_xla_devices not set
mse_error/peak_error 0 114.0
[32m[I 2021-04-07 10:20:41,031][0m Trial 774 finished with value: 114.0 and parameters: {'Vahp': -34.0, 'Vth': -20.0, 'Vmax': 32.5, 't_ref': 19.0, 'R': 0.9, 'tau_m': 82.5}. Best is trial 75 with value: 82.0.[0m
2021-04-07 10:20:41.274830: I tensorflow/compiler/jit/xla_gpu_device.cc:99] Not creating XLA devices, tf_xla_enable_xla_devices not set
mse_error/peak_error 0 82.0
[32m[I 2021-04-07 10:21:04,666][0m Trial 775 finished with value: 82.0 and parameters: {'Vahp': -32.0, 'Vth': -20.5, 'Vmax': 10.0, 't_ref': 17.0, 'R': 0.9, 'tau_m': 87.5}. Best is trial 75 with value: 82.0.[0m
2021-04-07 10:21:04.897993: I tensorflow/compiler/jit/xla_gpu_device.cc:99] Not creating XLA devices, tf_xla_enable_xla_devices not set
mse_error/peak_error 0 192
[32m[I 2021-04-07 10:21:28,610][0m Trial 776 finished with value: 192.0 and parameters: {'Vahp': -31.0, 'Vth': -20.5, 'Vmax': 29.5, 't_ref': 16.0, 'R': 0.9, 'tau_m': 91.0}. Best is trial 75 with value: 82.0.[0m
2021-04-07 10:21:28.843594: I tensorflow/compiler/jit/xla_gpu_device.cc:99] Not creating XLA devices, tf_xla_enable_xla_devices not set
mse_error/peak_error 0 92.0
[32m[I 2021-04-07 10:21:52,819][0m Trial 777 finished with value: 92.0 and parameters: {'Vahp': -40.0, 'Vth': -22.5, 'Vmax': 39.0, 't_ref': 17.0, 'R': 1.0, 'tau_m': 84.0}. Best is trial 75 with value: 82.0.[0m
2021-04-07 10:21:53.050817: I tensorflow/compiler/jit/xla_gpu_device.cc:99] Not creating XLA devices, tf_xla_enable_xla_devices not set
mse_error/peak_error 0 127.0
[32m[I 2021-04-07 10:22:16,952][0m Trial 778 finished with value: 127.0 and parameters: {'Vahp': -37.5, 'Vth': -21.0, 'Vmax': 12.5, 't_ref': 15.0, 'R': 0.8, 'tau_m': 90.0}. Best is trial 75 with value: 82.0.[0m
2021-04-07 10:22:17.184944: I tensorflow/compiler/jit/xla_gpu_device.cc:99] Not creating XLA devices, tf_xla_enable_xla_devices not set
mse_error/peak_error 0 82.0
[32m[I 2021-04-07 10:22:41,281][0m Trial 779 finished with value: 82.0 and parameters: {'Vahp': -28.5, 'Vth': -20.5, 'Vmax': 33.0, 't_ref': 18.0, 'R': 0.9, 'tau_m': 88.5}. Best is trial 75 with value: 82.0.[0m
2021-04-07 10:22:41.517567: I tensorflow/compiler/jit/xla_gpu_device.cc:99] Not creating XLA devices, tf_xla_enable_xla_devices not set
mse_error/peak_error 0 99.0
[32m[I 2021-04-07 10:23:05,844][0m Trial 780 finished with value: 99.0 and parameters: {'Vahp': -32.5, 'Vth': -20.5, 'Vmax': 30.0, 't_ref': 16.0, 'R': 0.9, 'tau_m': 92.5}. Best is trial 75 with value: 82.0.[0m
2021-04-07 10:23:06.085096: I tensorflow/compiler/jit/xla_gpu_device.cc:99] Not creating XLA devices, tf_xla_enable_xla_devices not set
mse_error/peak_error 0 82.0
[32m[I 2021-04-07 10:23:30,507][0m Trial 781 finished with value: 82.0 and parameters: {'Vahp': -29.5, 'Vth': -20.0, 'Vmax': 31.0, 't_ref': 18.0, 'R': 0.9, 'tau_m': 89.0}. Best is trial 75 with value: 82.0.[0m
2021-04-07 10:23:30.740843: I tensorflow/compiler/jit/xla_gpu_device.cc:99] Not creating XLA devices, tf_xla_enable_xla_devices not set
mse_error/peak_error 0 82.0
[32m[I 2021-04-07 10:23:54,896][0m Trial 782 finished with value: 82.0 and parameters: {'Vahp': -26.5, 'Vth': -20.0, 'Vmax': 28.5, 't_ref': 18.5, 'R': 1.0, 'tau_m': 96.0}. Best is trial 75 with value: 82.0.[0m
2021-04-07 10:23:55.129188: I tensorflow/compiler/jit/xla_gpu_device.cc:99] Not creating XLA devices, tf_xla_enable_xla_devices not set
mse_error/peak_error 0 89.0
[32m[I 2021-04-07 10:24:19,420][0m Trial 783 finished with value: 89.0 and parameters: {'Vahp': -31.0, 'Vth': -20.5, 'Vmax': 28.5, 't_ref': 17.5, 'R': 0.9, 'tau_m': 86.0}. Best is trial 75 with value: 82.0.[0m
2021-04-07 10:24:19.654331: I tensorflow/compiler/jit/xla_gpu_device.cc:99] Not creating XLA devices, tf_xla_enable_xla_devices not set
mse_error/peak_error 0 391
[32m[I 2021-04-07 10:24:43,822][0m Trial 784 finished with value: 391.0 and parameters: {'Vahp': -54.0, 'Vth': -51.5, 'Vmax': 10.5, 't_ref': 17.5, 'R': 0.9, 'tau_m': 89.0}. Best is trial 75 with value: 82.0.[0m
2021-04-07 10:24:44.129629: I tensorflow/compiler/jit/xla_gpu_device.cc:99] Not creating XLA devices, tf_xla_enable_xla_devices not set
mse_error/peak_error 0 83.0
[32m[I 2021-04-07 10:25:08,177][0m Trial 785 finished with value: 83.0 and parameters: {'Vahp': -32.0, 'Vth': -21.0, 'Vmax': 33.0, 't_ref': 16.5, 'R': 0.9, 'tau_m': 84.5}. Best is trial 75 with value: 82.0.[0m
2021-04-07 10:25:08.445720: I tensorflow/compiler/jit/xla_gpu_device.cc:99] Not creating XLA devices, tf_xla_enable_xla_devices not set
mse_error/peak_error 0 89.0
[32m[I 2021-04-07 10:25:32,743][0m Trial 786 finished with value: 89.0 and parameters: {'Vahp': -31.0, 'Vth': -20.5, 'Vmax': 10.0, 't_ref': 17.5, 'R': 0.9, 'tau_m': 89.5}. Best is trial 75 with value: 82.0.[0m
2021-04-07 10:25:32.979521: I tensorflow/compiler/jit/xla_gpu_device.cc:99] Not creating XLA devices, tf_xla_enable_xla_devices not set
mse_error/peak_error 0 192
[32m[I 2021-04-07 10:25:57,161][0m Trial 787 finished with value: 192.0 and parameters: {'Vahp': -24.0, 'Vth': -20.0, 'Vmax': 32.0, 't_ref': 18.5, 'R': 0.9, 'tau_m': 91.0}. Best is trial 75 with value: 82.0.[0m
2021-04-07 10:25:57.406194: I tensorflow/compiler/jit/xla_gpu_device.cc:99] Not creating XLA devices, tf_xla_enable_xla_devices not set
mse_error/peak_error 0 175
[32m[I 2021-04-07 10:26:21,636][0m Trial 788 finished with value: 175.0 and parameters: {'Vahp': -30.0, 'Vth': -20.5, 'Vmax': 31.0, 't_ref': 16.5, 'R': 0.9, 'tau_m': 85.0}. Best is trial 75 with value: 82.0.[0m
2021-04-07 10:26:21.876534: I tensorflow/compiler/jit/xla_gpu_device.cc:99] Not creating XLA devices, tf_xla_enable_xla_devices not set
mse_error/peak_error 0 82.0
[32m[I 2021-04-07 10:26:46,012][0m Trial 789 finished with value: 82.0 and parameters: {'Vahp': -26.0, 'Vth': -20.0, 'Vmax': 35.0, 't_ref': 19.0, 'R': 1.0, 'tau_m': 97.5}. Best is trial 75 with value: 82.0.[0m
2021-04-07 10:26:46.244427: I tensorflow/compiler/jit/xla_gpu_device.cc:99] Not creating XLA devices, tf_xla_enable_xla_devices not set
mse_error/peak_error 0 127.0
[32m[I 2021-04-07 10:27:10,537][0m Trial 790 finished with value: 127.0 and parameters: {'Vahp': -29.0, 'Vth': -20.0, 'Vmax': 34.5, 't_ref': 17.5, 'R': 0.8, 'tau_m': 85.5}. Best is trial 75 with value: 82.0.[0m
2021-04-07 10:27:10.771253: I tensorflow/compiler/jit/xla_gpu_device.cc:99] Not creating XLA devices, tf_xla_enable_xla_devices not set
mse_error/peak_error 0 89.0
[32m[I 2021-04-07 10:27:35,801][0m Trial 791 finished with value: 89.0 and parameters: {'Vahp': -30.5, 'Vth': -20.0, 'Vmax': 30.5, 't_ref': 17.5, 'R': 0.9, 'tau_m': 86.0}. Best is trial 75 with value: 82.0.[0m
2021-04-07 10:27:36.054536: I tensorflow/compiler/jit/xla_gpu_device.cc:99] Not creating XLA devices, tf_xla_enable_xla_devices not set
mse_error/peak_error 0 83.0
[32m[I 2021-04-07 10:28:00,877][0m Trial 792 finished with value: 83.0 and parameters: {'Vahp': -28.0, 'Vth': -20.0, 'Vmax': 29.5, 't_ref': 18.0, 'R': 1.0, 'tau_m': 93.0}. Best is trial 75 with value: 82.0.[0m
2021-04-07 10:28:01.115838: I tensorflow/compiler/jit/xla_gpu_device.cc:99] Not creating XLA devices, tf_xla_enable_xla_devices not set
mse_error/peak_error 0 82.0
[32m[I 2021-04-07 10:28:26,072][0m Trial 793 finished with value: 82.0 and parameters: {'Vahp': -25.5, 'Vth': -20.0, 'Vmax': 36.5, 't_ref': 18.5, 'R': 1.0, 'tau_m': 98.0}. Best is trial 75 with value: 82.0.[0m
2021-04-07 10:28:26.361185: I tensorflow/compiler/jit/xla_gpu_device.cc:99] Not creating XLA devices, tf_xla_enable_xla_devices not set
mse_error/peak_error 0 176
[32m[I 2021-04-07 10:28:51,725][0m Trial 794 finished with value: 176.0 and parameters: {'Vahp': -30.5, 'Vth': -20.5, 'Vmax': 36.0, 't_ref': 16.5, 'R': 1.0, 'tau_m': 94.5}. Best is trial 75 with value: 82.0.[0m
2021-04-07 10:28:51.970337: I tensorflow/compiler/jit/xla_gpu_device.cc:99] Not creating XLA devices, tf_xla_enable_xla_devices not set
mse_error/peak_error 0 82.0
[32m[I 2021-04-07 10:29:17,064][0m Trial 795 finished with value: 82.0 and parameters: {'Vahp': -25.0, 'Vth': -20.0, 'Vmax': 37.0, 't_ref': 19.0, 'R': 1.0, 'tau_m': 97.5}. Best is trial 75 with value: 82.0.[0m
2021-04-07 10:29:17.303817: I tensorflow/compiler/jit/xla_gpu_device.cc:99] Not creating XLA devices, tf_xla_enable_xla_devices not set
mse_error/peak_error 0 82.0
[32m[I 2021-04-07 10:29:42,727][0m Trial 796 finished with value: 82.0 and parameters: {'Vahp': -32.5, 'Vth': -21.0, 'Vmax': 25.5, 't_ref': 16.5, 'R': 0.9, 'tau_m': 87.5}. Best is trial 75 with value: 82.0.[0m
2021-04-07 10:29:42.974915: I tensorflow/compiler/jit/xla_gpu_device.cc:99] Not creating XLA devices, tf_xla_enable_xla_devices not set
mse_error/peak_error 0 175
[32m[I 2021-04-07 10:30:08,627][0m Trial 797 finished with value: 175.0 and parameters: {'Vahp': -24.5, 'Vth': -20.0, 'Vmax': 37.0, 't_ref': 19.0, 'R': 1.0, 'tau_m': 96.5}. Best is trial 75 with value: 82.0.[0m
2021-04-07 10:30:08.862020: I tensorflow/compiler/jit/xla_gpu_device.cc:99] Not creating XLA devices, tf_xla_enable_xla_devices not set
mse_error/peak_error 0 175
[32m[I 2021-04-07 10:30:34,390][0m Trial 798 finished with value: 175.0 and parameters: {'Vahp': -30.0, 'Vth': -20.5, 'Vmax': 30.5, 't_ref': 17.0, 'R': 0.9, 'tau_m': 85.0}. Best is trial 75 with value: 82.0.[0m
2021-04-07 10:30:34.632830: I tensorflow/compiler/jit/xla_gpu_device.cc:99] Not creating XLA devices, tf_xla_enable_xla_devices not set
mse_error/peak_error 0 168
[32m[I 2021-04-07 10:31:00,302][0m Trial 799 finished with value: 168.0 and parameters: {'Vahp': -37.0, 'Vth': -22.0, 'Vmax': 37.5, 't_ref': 13.5, 'R': 1.0, 'tau_m': 78.5}. Best is trial 75 with value: 82.0.[0m
2021-04-07 10:31:00.562749: I tensorflow/compiler/jit/xla_gpu_device.cc:99] Not creating XLA devices, tf_xla_enable_xla_devices not set
mse_error/peak_error 0 82.0
[32m[I 2021-04-07 10:31:26,315][0m Trial 800 finished with value: 82.0 and parameters: {'Vahp': -29.0, 'Vth': -20.0, 'Vmax': 35.0, 't_ref': 18.0, 'R': 1.0, 'tau_m': 95.0}. Best is trial 75 with value: 82.0.[0m
2021-04-07 10:31:26.558709: I tensorflow/compiler/jit/xla_gpu_device.cc:99] Not creating XLA devices, tf_xla_enable_xla_devices not set
mse_error/peak_error 0 83.0
[32m[I 2021-04-07 10:31:52,039][0m Trial 801 finished with value: 83.0 and parameters: {'Vahp': -29.5, 'Vth': -20.0, 'Vmax': 31.0, 't_ref': 17.5, 'R': 0.9, 'tau_m': 82.0}. Best is trial 75 with value: 82.0.[0m
2021-04-07 10:31:52.297553: I tensorflow/compiler/jit/xla_gpu_device.cc:99] Not creating XLA devices, tf_xla_enable_xla_devices not set
mse_error/peak_error 0 82.0
