[32m[I 2021-04-07 09:13:20,693][0m Trial 570 finished with value: 82.0 and parameters: {'Vahp': -30.5, 'Vth': -20.0, 'Vmax': 36.0, 't_ref': 16.5, 'R': 0.9, 'tau_m': 89.0}. Best is trial 75 with value: 82.0.[0m
2021-04-07 09:13:20.912614: I tensorflow/compiler/jit/xla_gpu_device.cc:99] Not creating XLA devices, tf_xla_enable_xla_devices not set
mse_error/peak_error 0 176
[32m[I 2021-04-07 09:13:36,673][0m Trial 571 finished with value: 176.0 and parameters: {'Vahp': -31.0, 'Vth': -21.0, 'Vmax': 32.5, 't_ref': 16.5, 'R': 1.0, 'tau_m': 94.5}. Best is trial 75 with value: 82.0.[0m
2021-04-07 09:13:36.901090: I tensorflow/compiler/jit/xla_gpu_device.cc:99] Not creating XLA devices, tf_xla_enable_xla_devices not set
mse_error/peak_error 0 109.0
[32m[I 2021-04-07 09:13:52,769][0m Trial 572 finished with value: 109.0 and parameters: {'Vahp': -24.0, 'Vth': -20.0, 'Vmax': 35.5, 't_ref': 19.0, 'R': 0.9, 'tau_m': 100.0}. Best is trial 75 with value: 82.0.[0m
2021-04-07 09:13:52.992254: I tensorflow/compiler/jit/xla_gpu_device.cc:99] Not creating XLA devices, tf_xla_enable_xla_devices not set
mse_error/peak_error 0 99.0
[32m[I 2021-04-07 09:14:08,894][0m Trial 573 finished with value: 99.0 and parameters: {'Vahp': -31.5, 'Vth': -20.5, 'Vmax': 30.5, 't_ref': 17.0, 'R': 0.9, 'tau_m': 91.0}. Best is trial 75 with value: 82.0.[0m
2021-04-07 09:14:09.119380: I tensorflow/compiler/jit/xla_gpu_device.cc:99] Not creating XLA devices, tf_xla_enable_xla_devices not set
mse_error/peak_error 0 82.0
[32m[I 2021-04-07 09:14:25,208][0m Trial 574 finished with value: 82.0 and parameters: {'Vahp': -32.5, 'Vth': -20.5, 'Vmax': 39.0, 't_ref': 16.5, 'R': 0.9, 'tau_m': 86.0}. Best is trial 75 with value: 82.0.[0m
2021-04-07 09:14:25.449191: I tensorflow/compiler/jit/xla_gpu_device.cc:99] Not creating XLA devices, tf_xla_enable_xla_devices not set
mse_error/peak_error 0 82.0
[32m[I 2021-04-07 09:14:41,410][0m Trial 575 finished with value: 82.0 and parameters: {'Vahp': -32.0, 'Vth': -21.0, 'Vmax': 31.5, 't_ref': 16.5, 'R': 0.9, 'tau_m': 91.5}. Best is trial 75 with value: 82.0.[0m
2021-04-07 09:14:41.636435: I tensorflow/compiler/jit/xla_gpu_device.cc:99] Not creating XLA devices, tf_xla_enable_xla_devices not set
mse_error/peak_error 0 215
[32m[I 2021-04-07 09:14:57,588][0m Trial 576 finished with value: 215.0 and parameters: {'Vahp': -43.5, 'Vth': -40.5, 'Vmax': 31.0, 't_ref': 16.5, 'R': 0.9, 'tau_m': 93.0}. Best is trial 75 with value: 82.0.[0m
2021-04-07 09:14:57.810457: I tensorflow/compiler/jit/xla_gpu_device.cc:99] Not creating XLA devices, tf_xla_enable_xla_devices not set
mse_error/peak_error 0 99.0
[32m[I 2021-04-07 09:15:13,820][0m Trial 577 finished with value: 99.0 and parameters: {'Vahp': -28.5, 'Vth': -20.0, 'Vmax': 27.5, 't_ref': 17.5, 'R': 0.9, 'tau_m': 89.5}. Best is trial 75 with value: 82.0.[0m
2021-04-07 09:15:14.043111: I tensorflow/compiler/jit/xla_gpu_device.cc:99] Not creating XLA devices, tf_xla_enable_xla_devices not set
mse_error/peak_error 0 175
[32m[I 2021-04-07 09:15:30,242][0m Trial 578 finished with value: 175.0 and parameters: {'Vahp': -27.5, 'Vth': -20.0, 'Vmax': 38.5, 't_ref': 18.0, 'R': 1.0, 'tau_m': 95.5}. Best is trial 75 with value: 82.0.[0m
2021-04-07 09:15:30.465330: I tensorflow/compiler/jit/xla_gpu_device.cc:99] Not creating XLA devices, tf_xla_enable_xla_devices not set
mse_error/peak_error 0 141.0
[32m[I 2021-04-07 09:15:46,633][0m Trial 579 finished with value: 141.0 and parameters: {'Vahp': -49.5, 'Vth': -22.5, 'Vmax': 37.5, 't_ref': 16.0, 'R': 0.9, 'tau_m': 90.5}. Best is trial 75 with value: 82.0.[0m
2021-04-07 09:15:46.859982: I tensorflow/compiler/jit/xla_gpu_device.cc:99] Not creating XLA devices, tf_xla_enable_xla_devices not set
mse_error/peak_error 0 108.0
[32m[I 2021-04-07 09:16:03,062][0m Trial 580 finished with value: 108.0 and parameters: {'Vahp': -27.5, 'Vth': -20.0, 'Vmax': 30.5, 't_ref': 18.5, 'R': 0.9, 'tau_m': 91.5}. Best is trial 75 with value: 82.0.[0m
2021-04-07 09:16:03.284953: I tensorflow/compiler/jit/xla_gpu_device.cc:99] Not creating XLA devices, tf_xla_enable_xla_devices not set
mse_error/peak_error 0 89.0
[32m[I 2021-04-07 09:16:19,538][0m Trial 581 finished with value: 89.0 and parameters: {'Vahp': -28.5, 'Vth': -20.0, 'Vmax': 35.5, 't_ref': 18.5, 'R': 0.9, 'tau_m': 86.0}. Best is trial 75 with value: 82.0.[0m
2021-04-07 09:16:19.763090: I tensorflow/compiler/jit/xla_gpu_device.cc:99] Not creating XLA devices, tf_xla_enable_xla_devices not set
mse_error/peak_error 0 133.0
[32m[I 2021-04-07 09:16:36,058][0m Trial 582 finished with value: 133.0 and parameters: {'Vahp': -32.5, 'Vth': -21.5, 'Vmax': 33.5, 't_ref': 16.0, 'R': 0.8, 'tau_m': 93.0}. Best is trial 75 with value: 82.0.[0m
2021-04-07 09:16:36.280478: I tensorflow/compiler/jit/xla_gpu_device.cc:99] Not creating XLA devices, tf_xla_enable_xla_devices not set
mse_error/peak_error 0 99.0
[32m[I 2021-04-07 09:16:52,687][0m Trial 583 finished with value: 99.0 and parameters: {'Vahp': -31.5, 'Vth': -20.5, 'Vmax': 10.5, 't_ref': 17.0, 'R': 0.9, 'tau_m': 96.0}. Best is trial 75 with value: 82.0.[0m
2021-04-07 09:16:52.909750: I tensorflow/compiler/jit/xla_gpu_device.cc:99] Not creating XLA devices, tf_xla_enable_xla_devices not set
mse_error/peak_error 0 82.0
[32m[I 2021-04-07 09:17:09,263][0m Trial 584 finished with value: 82.0 and parameters: {'Vahp': -27.5, 'Vth': -20.0, 'Vmax': 36.0, 't_ref': 18.0, 'R': 1.0, 'tau_m': 97.5}. Best is trial 75 with value: 82.0.[0m
2021-04-07 09:17:09.489191: I tensorflow/compiler/jit/xla_gpu_device.cc:99] Not creating XLA devices, tf_xla_enable_xla_devices not set
mse_error/peak_error 0 89.0
[32m[I 2021-04-07 09:17:26,122][0m Trial 585 finished with value: 89.0 and parameters: {'Vahp': -30.5, 'Vth': -20.5, 'Vmax': 34.5, 't_ref': 17.5, 'R': 0.9, 'tau_m': 87.0}. Best is trial 75 with value: 82.0.[0m
2021-04-07 09:17:26.345026: I tensorflow/compiler/jit/xla_gpu_device.cc:99] Not creating XLA devices, tf_xla_enable_xla_devices not set
mse_error/peak_error 0 99.0
[32m[I 2021-04-07 09:17:42,675][0m Trial 586 finished with value: 99.0 and parameters: {'Vahp': -31.0, 'Vth': -21.0, 'Vmax': 31.0, 't_ref': 17.0, 'R': 0.9, 'tau_m': 92.5}. Best is trial 75 with value: 82.0.[0m
2021-04-07 09:17:42.897335: I tensorflow/compiler/jit/xla_gpu_device.cc:99] Not creating XLA devices, tf_xla_enable_xla_devices not set
mse_error/peak_error 0 82.0
[32m[I 2021-04-07 09:17:59,263][0m Trial 587 finished with value: 82.0 and parameters: {'Vahp': -26.5, 'Vth': -20.0, 'Vmax': 37.5, 't_ref': 18.5, 'R': 1.0, 'tau_m': 95.5}. Best is trial 75 with value: 82.0.[0m
2021-04-07 09:17:59.493551: I tensorflow/compiler/jit/xla_gpu_device.cc:99] Not creating XLA devices, tf_xla_enable_xla_devices not set
mse_error/peak_error 0 83.0
[32m[I 2021-04-07 09:18:15,990][0m Trial 588 finished with value: 83.0 and parameters: {'Vahp': -32.5, 'Vth': -21.0, 'Vmax': 34.5, 't_ref': 16.5, 'R': 0.9, 'tau_m': 84.5}. Best is trial 75 with value: 82.0.[0m
2021-04-07 09:18:16.214225: I tensorflow/compiler/jit/xla_gpu_device.cc:99] Not creating XLA devices, tf_xla_enable_xla_devices not set
mse_error/peak_error 0 170
[32m[I 2021-04-07 09:18:32,602][0m Trial 589 finished with value: 170.0 and parameters: {'Vahp': -29.0, 'Vth': -24.0, 'Vmax': 36.5, 't_ref': 18.0, 'R': 1.0, 'tau_m': 97.0}. Best is trial 75 with value: 82.0.[0m
2021-04-07 09:18:32.832710: I tensorflow/compiler/jit/xla_gpu_device.cc:99] Not creating XLA devices, tf_xla_enable_xla_devices not set
mse_error/peak_error 0 89.0
[32m[I 2021-04-07 09:18:49,364][0m Trial 590 finished with value: 89.0 and parameters: {'Vahp': -31.5, 'Vth': -20.5, 'Vmax': 40.0, 't_ref': 18.0, 'R': 0.9, 'tau_m': 87.5}. Best is trial 75 with value: 82.0.[0m
2021-04-07 09:18:49.616428: I tensorflow/compiler/jit/xla_gpu_device.cc:99] Not creating XLA devices, tf_xla_enable_xla_devices not set
mse_error/peak_error 0 253
[32m[I 2021-04-07 09:19:06,222][0m Trial 591 finished with value: 253.0 and parameters: {'Vahp': -26.5, 'Vth': -23.5, 'Vmax': 37.0, 't_ref': 17.5, 'R': 0.6, 'tau_m': 84.0}. Best is trial 75 with value: 82.0.[0m
2021-04-07 09:19:06.453883: I tensorflow/compiler/jit/xla_gpu_device.cc:99] Not creating XLA devices, tf_xla_enable_xla_devices not set
mse_error/peak_error 0 82.0
[32m[I 2021-04-07 09:19:23,029][0m Trial 592 finished with value: 82.0 and parameters: {'Vahp': -29.5, 'Vth': -20.0, 'Vmax': 32.0, 't_ref': 17.5, 'R': 0.9, 'tau_m': 84.5}. Best is trial 75 with value: 82.0.[0m
2021-04-07 09:19:23.249847: I tensorflow/compiler/jit/xla_gpu_device.cc:99] Not creating XLA devices, tf_xla_enable_xla_devices not set
mse_error/peak_error 0 192
[32m[I 2021-04-07 09:19:39,878][0m Trial 593 finished with value: 192.0 and parameters: {'Vahp': -26.0, 'Vth': -23.5, 'Vmax': 32.0, 't_ref': 18.5, 'R': 0.8, 'tau_m': 88.5}. Best is trial 75 with value: 82.0.[0m
2021-04-07 09:19:40.140023: I tensorflow/compiler/jit/xla_gpu_device.cc:99] Not creating XLA devices, tf_xla_enable_xla_devices not set
mse_error/peak_error 0 90.0
[32m[I 2021-04-07 09:19:56,758][0m Trial 594 finished with value: 90.0 and parameters: {'Vahp': -30.5, 'Vth': -20.0, 'Vmax': 31.0, 't_ref': 18.0, 'R': 0.9, 'tau_m': 82.5}. Best is trial 75 with value: 82.0.[0m
2021-04-07 09:19:56.979707: I tensorflow/compiler/jit/xla_gpu_device.cc:99] Not creating XLA devices, tf_xla_enable_xla_devices not set
mse_error/peak_error 0 82.0
[32m[I 2021-04-07 09:20:13,620][0m Trial 595 finished with value: 82.0 and parameters: {'Vahp': -32.5, 'Vth': -21.0, 'Vmax': 39.0, 't_ref': 16.5, 'R': 0.9, 'tau_m': 87.0}. Best is trial 75 with value: 82.0.[0m
2021-04-07 09:20:13.840936: I tensorflow/compiler/jit/xla_gpu_device.cc:99] Not creating XLA devices, tf_xla_enable_xla_devices not set
mse_error/peak_error 0 83.0
[32m[I 2021-04-07 09:20:30,512][0m Trial 596 finished with value: 83.0 and parameters: {'Vahp': -30.5, 'Vth': -21.5, 'Vmax': 37.5, 't_ref': 17.5, 'R': 1.0, 'tau_m': 94.0}. Best is trial 75 with value: 82.0.[0m
2021-04-07 09:20:30.740654: I tensorflow/compiler/jit/xla_gpu_device.cc:99] Not creating XLA devices, tf_xla_enable_xla_devices not set
mse_error/peak_error 0 185
[32m[I 2021-04-07 09:20:47,446][0m Trial 597 finished with value: 185.0 and parameters: {'Vahp': -27.5, 'Vth': -20.0, 'Vmax': 36.0, 't_ref': 19.0, 'R': 1.0, 'tau_m': 79.5}. Best is trial 75 with value: 82.0.[0m
2021-04-07 09:20:47.698920: I tensorflow/compiler/jit/xla_gpu_device.cc:99] Not creating XLA devices, tf_xla_enable_xla_devices not set
mse_error/peak_error 0 115.0
[32m[I 2021-04-07 09:21:04,542][0m Trial 598 finished with value: 115.0 and parameters: {'Vahp': -32.0, 'Vth': -20.0, 'Vmax': 36.0, 't_ref': 19.5, 'R': 0.9, 'tau_m': 84.0}. Best is trial 75 with value: 82.0.[0m
2021-04-07 09:21:04.770161: I tensorflow/compiler/jit/xla_gpu_device.cc:99] Not creating XLA devices, tf_xla_enable_xla_devices not set
mse_error/peak_error 0 89.0
[32m[I 2021-04-07 09:21:21,680][0m Trial 599 finished with value: 89.0 and parameters: {'Vahp': -31.5, 'Vth': -21.0, 'Vmax': 10.0, 't_ref': 18.0, 'R': 0.9, 'tau_m': 90.0}. Best is trial 75 with value: 82.0.[0m
2021-04-07 09:21:21.908429: I tensorflow/compiler/jit/xla_gpu_device.cc:99] Not creating XLA devices, tf_xla_enable_xla_devices not set
mse_error/peak_error 0 109.0
[32m[I 2021-04-07 09:21:38,778][0m Trial 600 finished with value: 109.0 and parameters: {'Vahp': -26.0, 'Vth': -20.0, 'Vmax': 33.0, 't_ref': 18.0, 'R': 0.9, 'tau_m': 100.0}. Best is trial 75 with value: 82.0.[0m
2021-04-07 09:21:39.002594: I tensorflow/compiler/jit/xla_gpu_device.cc:99] Not creating XLA devices, tf_xla_enable_xla_devices not set
mse_error/peak_error 0 82.0
[32m[I 2021-04-07 09:21:55,868][0m Trial 601 finished with value: 82.0 and parameters: {'Vahp': -31.0, 'Vth': -20.5, 'Vmax': 37.0, 't_ref': 17.0, 'R': 0.9, 'tau_m': 89.5}. Best is trial 75 with value: 82.0.[0m
2021-04-07 09:21:56.107952: I tensorflow/compiler/jit/xla_gpu_device.cc:99] Not creating XLA devices, tf_xla_enable_xla_devices not set
mse_error/peak_error 0 341
[32m[I 2021-04-07 09:22:12,839][0m Trial 602 finished with value: 341.0 and parameters: {'Vahp': -29.0, 'Vth': -20.5, 'Vmax': 37.5, 't_ref': 8.5, 'R': 0.9, 'tau_m': 89.5}. Best is trial 75 with value: 82.0.[0m
2021-04-07 09:22:13.067254: I tensorflow/compiler/jit/xla_gpu_device.cc:99] Not creating XLA devices, tf_xla_enable_xla_devices not set
mse_error/peak_error 0 82.0
[32m[I 2021-04-07 09:22:29,877][0m Trial 603 finished with value: 82.0 and parameters: {'Vahp': -29.5, 'Vth': -20.0, 'Vmax': 26.5, 't_ref': 17.5, 'R': 0.9, 'tau_m': 88.5}. Best is trial 75 with value: 82.0.[0m
2021-04-07 09:22:30.109134: I tensorflow/compiler/jit/xla_gpu_device.cc:99] Not creating XLA devices, tf_xla_enable_xla_devices not set
mse_error/peak_error 0 83.0
[32m[I 2021-04-07 09:22:47,233][0m Trial 604 finished with value: 83.0 and parameters: {'Vahp': -28.0, 'Vth': -20.0, 'Vmax': 25.5, 't_ref': 18.0, 'R': 1.0, 'tau_m': 92.5}. Best is trial 75 with value: 82.0.[0m
2021-04-07 09:22:47.467414: I tensorflow/compiler/jit/xla_gpu_device.cc:99] Not creating XLA devices, tf_xla_enable_xla_devices not set
mse_error/peak_error 0 266.0
[32m[I 2021-04-07 09:23:04,537][0m Trial 605 finished with value: 266.0 and parameters: {'Vahp': -29.5, 'Vth': -24.5, 'Vmax': 21.5, 't_ref': 17.5, 'R': 0.5, 'tau_m': 85.0}. Best is trial 75 with value: 82.0.[0m
2021-04-07 09:23:04.759417: I tensorflow/compiler/jit/xla_gpu_device.cc:99] Not creating XLA devices, tf_xla_enable_xla_devices not set
mse_error/peak_error 0 83.0
[32m[I 2021-04-07 09:23:21,870][0m Trial 606 finished with value: 83.0 and parameters: {'Vahp': -28.0, 'Vth': -20.0, 'Vmax': 29.5, 't_ref': 17.5, 'R': 0.9, 'tau_m': 82.0}. Best is trial 75 with value: 82.0.[0m
2021-04-07 09:23:22.097287: I tensorflow/compiler/jit/xla_gpu_device.cc:99] Not creating XLA devices, tf_xla_enable_xla_devices not set
mse_error/peak_error 0 82.0
[32m[I 2021-04-07 09:23:39,127][0m Trial 607 finished with value: 82.0 and parameters: {'Vahp': -36.0, 'Vth': -21.5, 'Vmax': 13.5, 't_ref': 15.5, 'R': 1.0, 'tau_m': 98.0}. Best is trial 75 with value: 82.0.[0m
2021-04-07 09:23:39.350323: I tensorflow/compiler/jit/xla_gpu_device.cc:99] Not creating XLA devices, tf_xla_enable_xla_devices not set
mse_error/peak_error 0 82.0
[32m[I 2021-04-07 09:23:56,581][0m Trial 608 finished with value: 82.0 and parameters: {'Vahp': -36.0, 'Vth': -21.5, 'Vmax': 13.5, 't_ref': 15.5, 'R': 1.0, 'tau_m': 98.0}. Best is trial 75 with value: 82.0.[0m
2021-04-07 09:23:56.811560: I tensorflow/compiler/jit/xla_gpu_device.cc:99] Not creating XLA devices, tf_xla_enable_xla_devices not set
mse_error/peak_error 0 89.0
[32m[I 2021-04-07 09:24:14,140][0m Trial 609 finished with value: 89.0 and parameters: {'Vahp': -33.0, 'Vth': -20.5, 'Vmax': 34.0, 't_ref': 16.5, 'R': 0.9, 'tau_m': 87.0}. Best is trial 75 with value: 82.0.[0m
2021-04-07 09:24:14.364454: I tensorflow/compiler/jit/xla_gpu_device.cc:99] Not creating XLA devices, tf_xla_enable_xla_devices not set
mse_error/peak_error 0 455
[32m[I 2021-04-07 09:24:31,521][0m Trial 610 finished with value: 455.0 and parameters: {'Vahp': -33.5, 'Vth': -21.0, 'Vmax': 40.0, 't_ref': 16.0, 'R': 0.9, 'tau_m': 6.5}. Best is trial 75 with value: 82.0.[0m
2021-04-07 09:24:31.745616: I tensorflow/compiler/jit/xla_gpu_device.cc:99] Not creating XLA devices, tf_xla_enable_xla_devices not set
mse_error/peak_error 0 99.0
[32m[I 2021-04-07 09:24:48,820][0m Trial 611 finished with value: 99.0 and parameters: {'Vahp': -30.0, 'Vth': -20.0, 'Vmax': 35.0, 't_ref': 17.0, 'R': 0.9, 'tau_m': 89.5}. Best is trial 75 with value: 82.0.[0m
2021-04-07 09:24:49.047636: I tensorflow/compiler/jit/xla_gpu_device.cc:99] Not creating XLA devices, tf_xla_enable_xla_devices not set
mse_error/peak_error 0 108.0
[32m[I 2021-04-07 09:25:06,292][0m Trial 612 finished with value: 108.0 and parameters: {'Vahp': -28.5, 'Vth': -20.0, 'Vmax': 28.5, 't_ref': 18.5, 'R': 1.0, 'tau_m': 100.0}. Best is trial 75 with value: 82.0.[0m
2021-04-07 09:25:06.523597: I tensorflow/compiler/jit/xla_gpu_device.cc:99] Not creating XLA devices, tf_xla_enable_xla_devices not set
mse_error/peak_error 0 89.0
[32m[I 2021-04-07 09:25:23,693][0m Trial 613 finished with value: 89.0 and parameters: {'Vahp': -37.5, 'Vth': -22.0, 'Vmax': 12.5, 't_ref': 15.5, 'R': 0.8, 'tau_m': 80.0}. Best is trial 75 with value: 82.0.[0m
2021-04-07 09:25:23.920633: I tensorflow/compiler/jit/xla_gpu_device.cc:99] Not creating XLA devices, tf_xla_enable_xla_devices not set
mse_error/peak_error 0 159
[32m[I 2021-04-07 09:25:41,156][0m Trial 614 finished with value: 159.0 and parameters: {'Vahp': -33.0, 'Vth': -21.0, 'Vmax': 38.5, 't_ref': 12.5, 'R': 1.0, 'tau_m': 95.0}. Best is trial 75 with value: 82.0.[0m
2021-04-07 09:25:41.381431: I tensorflow/compiler/jit/xla_gpu_device.cc:99] Not creating XLA devices, tf_xla_enable_xla_devices not set
mse_error/peak_error 0 93.0
[32m[I 2021-04-07 09:25:58,882][0m Trial 615 finished with value: 93.0 and parameters: {'Vahp': -34.0, 'Vth': -21.5, 'Vmax': 11.0, 't_ref': 19.0, 'R': 0.6, 'tau_m': 42.0}. Best is trial 75 with value: 82.0.[0m
2021-04-07 09:25:59.105929: I tensorflow/compiler/jit/xla_gpu_device.cc:99] Not creating XLA devices, tf_xla_enable_xla_devices not set
mse_error/peak_error 0 109.0
[32m[I 2021-04-07 09:26:16,470][0m Trial 616 finished with value: 109.0 and parameters: {'Vahp': -28.5, 'Vth': -22.5, 'Vmax': 30.0, 't_ref': 18.0, 'R': 0.8, 'tau_m': 93.0}. Best is trial 75 with value: 82.0.[0m
2021-04-07 09:26:16.694926: I tensorflow/compiler/jit/xla_gpu_device.cc:99] Not creating XLA devices, tf_xla_enable_xla_devices not set
mse_error/peak_error 0 175
[32m[I 2021-04-07 09:26:33,954][0m Trial 617 finished with value: 175.0 and parameters: {'Vahp': -34.5, 'Vth': -20.5, 'Vmax': 12.0, 't_ref': 15.0, 'R': 0.9, 'tau_m': 86.0}. Best is trial 75 with value: 82.0.[0m
2021-04-07 09:26:34.177176: I tensorflow/compiler/jit/xla_gpu_device.cc:99] Not creating XLA devices, tf_xla_enable_xla_devices not set
mse_error/peak_error 0 83.0
[32m[I 2021-04-07 09:26:51,619][0m Trial 618 finished with value: 83.0 and parameters: {'Vahp': -29.5, 'Vth': -20.5, 'Vmax': 10.5, 't_ref': 18.0, 'R': 0.9, 'tau_m': 83.5}. Best is trial 75 with value: 82.0.[0m
2021-04-07 09:26:51.851832: I tensorflow/compiler/jit/xla_gpu_device.cc:99] Not creating XLA devices, tf_xla_enable_xla_devices not set
mse_error/peak_error 0 82.0
[32m[I 2021-04-07 09:27:09,440][0m Trial 619 finished with value: 82.0 and parameters: {'Vahp': -27.5, 'Vth': -20.0, 'Vmax': 32.0, 't_ref': 18.5, 'R': 0.9, 'tau_m': 85.5}. Best is trial 75 with value: 82.0.[0m
2021-04-07 09:27:09.666984: I tensorflow/compiler/jit/xla_gpu_device.cc:99] Not creating XLA devices, tf_xla_enable_xla_devices not set
mse_error/peak_error 0 84.0
[32m[I 2021-04-07 09:27:27,411][0m Trial 620 finished with value: 84.0 and parameters: {'Vahp': -27.5, 'Vth': -24.0, 'Vmax': 32.5, 't_ref': 19.5, 'R': 0.9, 'tau_m': 87.0}. Best is trial 75 with value: 82.0.[0m
2021-04-07 09:27:27.658857: I tensorflow/compiler/jit/xla_gpu_device.cc:99] Not creating XLA devices, tf_xla_enable_xla_devices not set
mse_error/peak_error 0 83.0
[32m[I 2021-04-07 09:27:45,381][0m Trial 621 finished with value: 83.0 and parameters: {'Vahp': -32.0, 'Vth': -20.5, 'Vmax': 38.0, 't_ref': 16.5, 'R': 1.0, 'tau_m': 91.5}. Best is trial 75 with value: 82.0.[0m
2021-04-07 09:27:45.605199: I tensorflow/compiler/jit/xla_gpu_device.cc:99] Not creating XLA devices, tf_xla_enable_xla_devices not set
mse_error/peak_error 0 83.0
[32m[I 2021-04-07 09:28:03,374][0m Trial 622 finished with value: 83.0 and parameters: {'Vahp': -32.0, 'Vth': -20.5, 'Vmax': 38.0, 't_ref': 16.5, 'R': 1.0, 'tau_m': 90.0}. Best is trial 75 with value: 82.0.[0m
2021-04-07 09:28:03.604824: I tensorflow/compiler/jit/xla_gpu_device.cc:99] Not creating XLA devices, tf_xla_enable_xla_devices not set
mse_error/peak_error 0 161
[32m[I 2021-04-07 09:28:21,067][0m Trial 623 finished with value: 161.0 and parameters: {'Vahp': -25.0, 'Vth': -21.0, 'Vmax': 36.5, 't_ref': 17.0, 'R': 1.0, 'tau_m': 97.0}. Best is trial 75 with value: 82.0.[0m
2021-04-07 09:28:21.293122: I tensorflow/compiler/jit/xla_gpu_device.cc:99] Not creating XLA devices, tf_xla_enable_xla_devices not set
mse_error/peak_error 0 161
[32m[I 2021-04-07 09:28:39,181][0m Trial 624 finished with value: 161.0 and parameters: {'Vahp': -23.5, 'Vth': -20.0, 'Vmax': 31.5, 't_ref': 16.5, 'R': 0.9, 'tau_m': 88.0}. Best is trial 75 with value: 82.0.[0m
2021-04-07 09:28:39.409196: I tensorflow/compiler/jit/xla_gpu_device.cc:99] Not creating XLA devices, tf_xla_enable_xla_devices not set
mse_error/peak_error 0 371
[32m[I 2021-04-07 09:28:56,915][0m Trial 625 finished with value: 371.0 and parameters: {'Vahp': -22.5, 'Vth': -21.5, 'Vmax': 37.0, 't_ref': 11.5, 'R': 0.8, 'tau_m': 92.0}. Best is trial 75 with value: 82.0.[0m
2021-04-07 09:28:57.142396: I tensorflow/compiler/jit/xla_gpu_device.cc:99] Not creating XLA devices, tf_xla_enable_xla_devices not set
mse_error/peak_error 0 161
[32m[I 2021-04-07 09:29:14,686][0m Trial 626 finished with value: 161.0 and parameters: {'Vahp': -26.5, 'Vth': -20.0, 'Vmax': 29.0, 't_ref': 16.0, 'R': 1.0, 'tau_m': 94.5}. Best is trial 75 with value: 82.0.[0m
2021-04-07 09:29:14.974762: I tensorflow/compiler/jit/xla_gpu_device.cc:99] Not creating XLA devices, tf_xla_enable_xla_devices not set
mse_error/peak_error 0 83.0
[32m[I 2021-04-07 09:29:32,908][0m Trial 627 finished with value: 83.0 and parameters: {'Vahp': -28.5, 'Vth': -20.0, 'Vmax': 22.5, 't_ref': 17.5, 'R': 1.0, 'tau_m': 87.0}. Best is trial 75 with value: 82.0.[0m
2021-04-07 09:29:33.133276: I tensorflow/compiler/jit/xla_gpu_device.cc:99] Not creating XLA devices, tf_xla_enable_xla_devices not set
mse_error/peak_error 0 82.0
