[32m[I 2021-04-07 09:29:51,081][0m Trial 628 finished with value: 82.0 and parameters: {'Vahp': -31.0, 'Vth': -20.5, 'Vmax': 33.0, 't_ref': 16.5, 'R': 0.9, 'tau_m': 90.0}. Best is trial 75 with value: 82.0.[0m
2021-04-07 09:29:51.306436: I tensorflow/compiler/jit/xla_gpu_device.cc:99] Not creating XLA devices, tf_xla_enable_xla_devices not set
mse_error/peak_error 0 83.0
[32m[I 2021-04-07 09:30:09,236][0m Trial 629 finished with value: 83.0 and parameters: {'Vahp': -37.0, 'Vth': -22.0, 'Vmax': 12.5, 't_ref': 15.0, 'R': 0.8, 'tau_m': 77.5}. Best is trial 75 with value: 82.0.[0m
2021-04-07 09:30:09.464381: I tensorflow/compiler/jit/xla_gpu_device.cc:99] Not creating XLA devices, tf_xla_enable_xla_devices not set
mse_error/peak_error 0 175
[32m[I 2021-04-07 09:30:27,567][0m Trial 630 finished with value: 175.0 and parameters: {'Vahp': -35.5, 'Vth': -21.5, 'Vmax': 13.0, 't_ref': 14.5, 'R': 0.8, 'tau_m': 78.5}. Best is trial 75 with value: 82.0.[0m
2021-04-07 09:30:27.792420: I tensorflow/compiler/jit/xla_gpu_device.cc:99] Not creating XLA devices, tf_xla_enable_xla_devices not set
mse_error/peak_error 0 82.0
[32m[I 2021-04-07 09:30:46,046][0m Trial 631 finished with value: 82.0 and parameters: {'Vahp': -32.0, 'Vth': -20.5, 'Vmax': 10.0, 't_ref': 17.0, 'R': 0.9, 'tau_m': 89.5}. Best is trial 75 with value: 82.0.[0m
2021-04-07 09:30:46.270480: I tensorflow/compiler/jit/xla_gpu_device.cc:99] Not creating XLA devices, tf_xla_enable_xla_devices not set
mse_error/peak_error 0 82.0
[32m[I 2021-04-07 09:31:04,264][0m Trial 632 finished with value: 82.0 and parameters: {'Vahp': -34.0, 'Vth': -21.0, 'Vmax': 11.5, 't_ref': 16.0, 'R': 0.9, 'tau_m': 91.0}. Best is trial 75 with value: 82.0.[0m
2021-04-07 09:31:04.491157: I tensorflow/compiler/jit/xla_gpu_device.cc:99] Not creating XLA devices, tf_xla_enable_xla_devices not set
mse_error/peak_error 0 175
[32m[I 2021-04-07 09:31:22,638][0m Trial 633 finished with value: 175.0 and parameters: {'Vahp': -33.0, 'Vth': -21.0, 'Vmax': 39.0, 't_ref': 16.0, 'R': 0.9, 'tau_m': 86.0}. Best is trial 75 with value: 82.0.[0m
2021-04-07 09:31:22.879331: I tensorflow/compiler/jit/xla_gpu_device.cc:99] Not creating XLA devices, tf_xla_enable_xla_devices not set
mse_error/peak_error 0 82.0
[32m[I 2021-04-07 09:31:41,039][0m Trial 634 finished with value: 82.0 and parameters: {'Vahp': -29.0, 'Vth': -20.0, 'Vmax': 30.5, 't_ref': 18.0, 'R': 0.9, 'tau_m': 88.5}. Best is trial 75 with value: 82.0.[0m
2021-04-07 09:31:41.263006: I tensorflow/compiler/jit/xla_gpu_device.cc:99] Not creating XLA devices, tf_xla_enable_xla_devices not set
mse_error/peak_error 0 486
[32m[I 2021-04-07 09:31:59,481][0m Trial 635 finished with value: 486.0 and parameters: {'Vahp': -30.5, 'Vth': -20.5, 'Vmax': 33.5, 't_ref': 7.0, 'R': 0.9, 'tau_m': 84.0}. Best is trial 75 with value: 82.0.[0m
2021-04-07 09:31:59.705050: I tensorflow/compiler/jit/xla_gpu_device.cc:99] Not creating XLA devices, tf_xla_enable_xla_devices not set
mse_error/peak_error 0 82.0
[32m[I 2021-04-07 09:32:17,917][0m Trial 636 finished with value: 82.0 and parameters: {'Vahp': -29.5, 'Vth': -21.0, 'Vmax': 35.5, 't_ref': 17.5, 'R': 0.9, 'tau_m': 88.0}. Best is trial 75 with value: 82.0.[0m
2021-04-07 09:32:18.133771: I tensorflow/compiler/jit/xla_gpu_device.cc:99] Not creating XLA devices, tf_xla_enable_xla_devices not set
mse_error/peak_error 0 156
[32m[I 2021-04-07 09:32:36,288][0m Trial 637 finished with value: 156.0 and parameters: {'Vahp': -20.0, 'Vth': -20.0, 'Vmax': 38.0, 't_ref': 17.0, 'R': 0.9, 'tau_m': 85.0}. Best is trial 75 with value: 82.0.[0m
2021-04-07 09:32:36.515221: I tensorflow/compiler/jit/xla_gpu_device.cc:99] Not creating XLA devices, tf_xla_enable_xla_devices not set
mse_error/peak_error 0 177
[32m[I 2021-04-07 09:32:54,713][0m Trial 638 finished with value: 177.0 and parameters: {'Vahp': -37.5, 'Vth': -36.5, 'Vmax': 36.0, 't_ref': 18.0, 'R': 0.8, 'tau_m': 81.0}. Best is trial 75 with value: 82.0.[0m
2021-04-07 09:32:54.937598: I tensorflow/compiler/jit/xla_gpu_device.cc:99] Not creating XLA devices, tf_xla_enable_xla_devices not set
mse_error/peak_error 0 82.0
[32m[I 2021-04-07 09:33:13,064][0m Trial 639 finished with value: 82.0 and parameters: {'Vahp': -27.0, 'Vth': -20.0, 'Vmax': 37.0, 't_ref': 18.5, 'R': 1.0, 'tau_m': 97.5}. Best is trial 75 with value: 82.0.[0m
2021-04-07 09:33:13.287487: I tensorflow/compiler/jit/xla_gpu_device.cc:99] Not creating XLA devices, tf_xla_enable_xla_devices not set
mse_error/peak_error 0 175
[32m[I 2021-04-07 09:33:31,620][0m Trial 640 finished with value: 175.0 and parameters: {'Vahp': -30.0, 'Vth': -20.5, 'Vmax': 35.0, 't_ref': 17.0, 'R': 0.9, 'tau_m': 87.5}. Best is trial 75 with value: 82.0.[0m
2021-04-07 09:33:31.846210: I tensorflow/compiler/jit/xla_gpu_device.cc:99] Not creating XLA devices, tf_xla_enable_xla_devices not set
mse_error/peak_error 0 89.0
[32m[I 2021-04-07 09:33:50,094][0m Trial 641 finished with value: 89.0 and parameters: {'Vahp': -31.0, 'Vth': -20.0, 'Vmax': 32.5, 't_ref': 17.5, 'R': 0.9, 'tau_m': 85.0}. Best is trial 75 with value: 82.0.[0m
2021-04-07 09:33:50.316909: I tensorflow/compiler/jit/xla_gpu_device.cc:99] Not creating XLA devices, tf_xla_enable_xla_devices not set
mse_error/peak_error 0 183
[32m[I 2021-04-07 09:34:08,221][0m Trial 642 finished with value: 183.0 and parameters: {'Vahp': -40.5, 'Vth': -34.0, 'Vmax': 29.5, 't_ref': 17.5, 'R': 1.0, 'tau_m': 93.0}. Best is trial 75 with value: 82.0.[0m
2021-04-07 09:34:08.449271: I tensorflow/compiler/jit/xla_gpu_device.cc:99] Not creating XLA devices, tf_xla_enable_xla_devices not set
mse_error/peak_error 0 175
[32m[I 2021-04-07 09:34:26,481][0m Trial 643 finished with value: 175.0 and parameters: {'Vahp': -33.5, 'Vth': -21.0, 'Vmax': 32.5, 't_ref': 16.0, 'R': 0.9, 'tau_m': 86.5}. Best is trial 75 with value: 82.0.[0m
2021-04-07 09:34:26.730902: I tensorflow/compiler/jit/xla_gpu_device.cc:99] Not creating XLA devices, tf_xla_enable_xla_devices not set
mse_error/peak_error 0 83.0
[32m[I 2021-04-07 09:34:45,086][0m Trial 644 finished with value: 83.0 and parameters: {'Vahp': -29.5, 'Vth': -20.0, 'Vmax': 34.0, 't_ref': 17.5, 'R': 0.9, 'tau_m': 83.0}. Best is trial 75 with value: 82.0.[0m
2021-04-07 09:34:45.319308: I tensorflow/compiler/jit/xla_gpu_device.cc:99] Not creating XLA devices, tf_xla_enable_xla_devices not set
mse_error/peak_error 0 404
[32m[I 2021-04-07 09:35:03,611][0m Trial 645 finished with value: 404.0 and parameters: {'Vahp': -32.0, 'Vth': -26.0, 'Vmax': 31.5, 't_ref': 16.5, 'R': 0.9, 'tau_m': 20.5}. Best is trial 75 with value: 82.0.[0m
2021-04-07 09:35:03.866749: I tensorflow/compiler/jit/xla_gpu_device.cc:99] Not creating XLA devices, tf_xla_enable_xla_devices not set
mse_error/peak_error 0 82.0
[32m[I 2021-04-07 09:35:22,306][0m Trial 646 finished with value: 82.0 and parameters: {'Vahp': -31.5, 'Vth': -20.5, 'Vmax': 31.0, 't_ref': 17.0, 'R': 0.9, 'tau_m': 89.0}. Best is trial 75 with value: 82.0.[0m
2021-04-07 09:35:22.539127: I tensorflow/compiler/jit/xla_gpu_device.cc:99] Not creating XLA devices, tf_xla_enable_xla_devices not set
mse_error/peak_error 0 162
[32m[I 2021-04-07 09:35:40,943][0m Trial 647 finished with value: 162.0 and parameters: {'Vahp': -31.5, 'Vth': -20.5, 'Vmax': 30.0, 't_ref': 13.5, 'R': 1.0, 'tau_m': 94.0}. Best is trial 75 with value: 82.0.[0m
2021-04-07 09:35:41.172302: I tensorflow/compiler/jit/xla_gpu_device.cc:99] Not creating XLA devices, tf_xla_enable_xla_devices not set
mse_error/peak_error 0 82.0
[32m[I 2021-04-07 09:35:59,568][0m Trial 648 finished with value: 82.0 and parameters: {'Vahp': -30.5, 'Vth': -20.5, 'Vmax': 11.0, 't_ref': 17.0, 'R': 0.9, 'tau_m': 88.0}. Best is trial 75 with value: 82.0.[0m
2021-04-07 09:35:59.794424: I tensorflow/compiler/jit/xla_gpu_device.cc:99] Not creating XLA devices, tf_xla_enable_xla_devices not set
mse_error/peak_error 0 175
[32m[I 2021-04-07 09:36:18,173][0m Trial 649 finished with value: 175.0 and parameters: {'Vahp': -36.0, 'Vth': -22.0, 'Vmax': 12.0, 't_ref': 15.0, 'R': 0.8, 'tau_m': 81.0}. Best is trial 75 with value: 82.0.[0m
2021-04-07 09:36:18.401179: I tensorflow/compiler/jit/xla_gpu_device.cc:99] Not creating XLA devices, tf_xla_enable_xla_devices not set
mse_error/peak_error 0 82.0
[32m[I 2021-04-07 09:36:36,725][0m Trial 650 finished with value: 82.0 and parameters: {'Vahp': -32.0, 'Vth': -20.5, 'Vmax': 38.5, 't_ref': 16.5, 'R': 0.9, 'tau_m': 86.0}. Best is trial 75 with value: 82.0.[0m
2021-04-07 09:36:36.955846: I tensorflow/compiler/jit/xla_gpu_device.cc:99] Not creating XLA devices, tf_xla_enable_xla_devices not set
mse_error/peak_error 0 99.0
[32m[I 2021-04-07 09:36:55,466][0m Trial 651 finished with value: 99.0 and parameters: {'Vahp': -33.5, 'Vth': -21.5, 'Vmax': 39.5, 't_ref': 15.5, 'R': 0.9, 'tau_m': 95.5}. Best is trial 75 with value: 82.0.[0m
2021-04-07 09:36:55.696056: I tensorflow/compiler/jit/xla_gpu_device.cc:99] Not creating XLA devices, tf_xla_enable_xla_devices not set
mse_error/peak_error 0 108.0
[32m[I 2021-04-07 09:37:14,009][0m Trial 652 finished with value: 108.0 and parameters: {'Vahp': -29.0, 'Vth': -20.5, 'Vmax': 35.5, 't_ref': 18.5, 'R': 0.9, 'tau_m': 91.5}. Best is trial 75 with value: 82.0.[0m
2021-04-07 09:37:14.257570: I tensorflow/compiler/jit/xla_gpu_device.cc:99] Not creating XLA devices, tf_xla_enable_xla_devices not set
mse_error/peak_error 0 114.0
[32m[I 2021-04-07 09:37:32,767][0m Trial 653 finished with value: 114.0 and parameters: {'Vahp': -31.0, 'Vth': -20.5, 'Vmax': 32.0, 't_ref': 19.5, 'R': 0.9, 'tau_m': 82.5}. Best is trial 75 with value: 82.0.[0m
2021-04-07 09:37:32.992792: I tensorflow/compiler/jit/xla_gpu_device.cc:99] Not creating XLA devices, tf_xla_enable_xla_devices not set
mse_error/peak_error 0 99.0
[32m[I 2021-04-07 09:37:51,452][0m Trial 654 finished with value: 99.0 and parameters: {'Vahp': -28.5, 'Vth': -20.5, 'Vmax': 31.0, 't_ref': 18.0, 'R': 0.9, 'tau_m': 91.0}. Best is trial 75 with value: 82.0.[0m
2021-04-07 09:37:51.685217: I tensorflow/compiler/jit/xla_gpu_device.cc:99] Not creating XLA devices, tf_xla_enable_xla_devices not set
mse_error/peak_error 0 82.0
[32m[I 2021-04-07 09:38:10,337][0m Trial 655 finished with value: 82.0 and parameters: {'Vahp': -29.0, 'Vth': -20.0, 'Vmax': 28.0, 't_ref': 18.0, 'R': 0.9, 'tau_m': 89.0}. Best is trial 75 with value: 82.0.[0m
2021-04-07 09:38:10.565166: I tensorflow/compiler/jit/xla_gpu_device.cc:99] Not creating XLA devices, tf_xla_enable_xla_devices not set
mse_error/peak_error 0 185
[32m[I 2021-04-07 09:38:29,141][0m Trial 656 finished with value: 185.0 and parameters: {'Vahp': -30.0, 'Vth': -21.0, 'Vmax': 37.5, 't_ref': 16.0, 'R': 0.9, 'tau_m': 95.5}. Best is trial 75 with value: 82.0.[0m
2021-04-07 09:38:29.368406: I tensorflow/compiler/jit/xla_gpu_device.cc:99] Not creating XLA devices, tf_xla_enable_xla_devices not set
mse_error/peak_error 0 82.0
[32m[I 2021-04-07 09:38:48,078][0m Trial 657 finished with value: 82.0 and parameters: {'Vahp': -29.0, 'Vth': -20.5, 'Vmax': 31.5, 't_ref': 18.0, 'R': 0.9, 'tau_m': 85.5}. Best is trial 75 with value: 82.0.[0m
2021-04-07 09:38:48.309010: I tensorflow/compiler/jit/xla_gpu_device.cc:99] Not creating XLA devices, tf_xla_enable_xla_devices not set
mse_error/peak_error 0 83.0
[32m[I 2021-04-07 09:39:07,490][0m Trial 658 finished with value: 83.0 and parameters: {'Vahp': -28.0, 'Vth': -20.0, 'Vmax': 29.0, 't_ref': 18.0, 'R': 1.0, 'tau_m': 92.5}. Best is trial 75 with value: 82.0.[0m
2021-04-07 09:39:07.720560: I tensorflow/compiler/jit/xla_gpu_device.cc:99] Not creating XLA devices, tf_xla_enable_xla_devices not set
mse_error/peak_error 0 168
[32m[I 2021-04-07 09:39:26,837][0m Trial 659 finished with value: 168.0 and parameters: {'Vahp': -30.0, 'Vth': -20.5, 'Vmax': 35.0, 't_ref': 16.0, 'R': 0.9, 'tau_m': 84.5}. Best is trial 75 with value: 82.0.[0m
2021-04-07 09:39:27.066892: I tensorflow/compiler/jit/xla_gpu_device.cc:99] Not creating XLA devices, tf_xla_enable_xla_devices not set
mse_error/peak_error 0 89.0
[32m[I 2021-04-07 09:39:46,034][0m Trial 660 finished with value: 89.0 and parameters: {'Vahp': -33.0, 'Vth': -20.5, 'Vmax': 10.5, 't_ref': 16.5, 'R': 0.9, 'tau_m': 87.5}. Best is trial 75 with value: 82.0.[0m
2021-04-07 09:39:46.281846: I tensorflow/compiler/jit/xla_gpu_device.cc:99] Not creating XLA devices, tf_xla_enable_xla_devices not set
mse_error/peak_error 0 89.0
[32m[I 2021-04-07 09:40:05,575][0m Trial 661 finished with value: 89.0 and parameters: {'Vahp': -27.5, 'Vth': -20.0, 'Vmax': 30.5, 't_ref': 18.5, 'R': 1.0, 'tau_m': 99.5}. Best is trial 75 with value: 82.0.[0m
2021-04-07 09:40:05.827833: I tensorflow/compiler/jit/xla_gpu_device.cc:99] Not creating XLA devices, tf_xla_enable_xla_devices not set
mse_error/peak_error 0 175
[32m[I 2021-04-07 09:40:25,105][0m Trial 662 finished with value: 175.0 and parameters: {'Vahp': -32.5, 'Vth': -21.0, 'Vmax': 39.0, 't_ref': 16.0, 'R': 0.9, 'tau_m': 87.0}. Best is trial 75 with value: 82.0.[0m
2021-04-07 09:40:25.344620: I tensorflow/compiler/jit/xla_gpu_device.cc:99] Not creating XLA devices, tf_xla_enable_xla_devices not set
mse_error/peak_error 0 99.0
[32m[I 2021-04-07 09:40:44,515][0m Trial 663 finished with value: 99.0 and parameters: {'Vahp': -28.0, 'Vth': -20.0, 'Vmax': 36.5, 't_ref': 17.5, 'R': 0.9, 'tau_m': 92.0}. Best is trial 75 with value: 82.0.[0m
2021-04-07 09:40:44.751464: I tensorflow/compiler/jit/xla_gpu_device.cc:99] Not creating XLA devices, tf_xla_enable_xla_devices not set
mse_error/peak_error 0 170
[32m[I 2021-04-07 09:41:04,292][0m Trial 664 finished with value: 170.0 and parameters: {'Vahp': -27.0, 'Vth': -24.5, 'Vmax': 31.0, 't_ref': 19.0, 'R': 1.0, 'tau_m': 96.5}. Best is trial 75 with value: 82.0.[0m
2021-04-07 09:41:04.522170: I tensorflow/compiler/jit/xla_gpu_device.cc:99] Not creating XLA devices, tf_xla_enable_xla_devices not set
mse_error/peak_error 0 82.0
[32m[I 2021-04-07 09:41:23,967][0m Trial 665 finished with value: 82.0 and parameters: {'Vahp': -35.5, 'Vth': -22.0, 'Vmax': 13.0, 't_ref': 15.5, 'R': 0.8, 'tau_m': 79.5}. Best is trial 75 with value: 82.0.[0m
2021-04-07 09:41:24.202101: I tensorflow/compiler/jit/xla_gpu_device.cc:99] Not creating XLA devices, tf_xla_enable_xla_devices not set
mse_error/peak_error 0 82.0
[32m[I 2021-04-07 09:41:43,708][0m Trial 666 finished with value: 82.0 and parameters: {'Vahp': -29.5, 'Vth': -20.0, 'Vmax': 33.0, 't_ref': 17.5, 'R': 0.9, 'tau_m': 88.0}. Best is trial 75 with value: 82.0.[0m
2021-04-07 09:41:43.958697: I tensorflow/compiler/jit/xla_gpu_device.cc:99] Not creating XLA devices, tf_xla_enable_xla_devices not set
mse_error/peak_error 0 176
[32m[I 2021-04-07 09:42:03,539][0m Trial 667 finished with value: 176.0 and parameters: {'Vahp': -36.5, 'Vth': -21.5, 'Vmax': 12.5, 't_ref': 15.0, 'R': 1.0, 'tau_m': 93.5}. Best is trial 75 with value: 82.0.[0m
2021-04-07 09:42:03.796851: I tensorflow/compiler/jit/xla_gpu_device.cc:99] Not creating XLA devices, tf_xla_enable_xla_devices not set
mse_error/peak_error 0 82.0
[32m[I 2021-04-07 09:42:23,322][0m Trial 668 finished with value: 82.0 and parameters: {'Vahp': -29.0, 'Vth': -20.0, 'Vmax': 30.0, 't_ref': 18.0, 'R': 0.9, 'tau_m': 85.0}. Best is trial 75 with value: 82.0.[0m
2021-04-07 09:42:23.580831: I tensorflow/compiler/jit/xla_gpu_device.cc:99] Not creating XLA devices, tf_xla_enable_xla_devices not set
mse_error/peak_error 0 140.0
[32m[I 2021-04-07 09:42:43,081][0m Trial 669 finished with value: 140.0 and parameters: {'Vahp': -46.0, 'Vth': -21.5, 'Vmax': 11.0, 't_ref': 17.0, 'R': 0.9, 'tau_m': 83.0}. Best is trial 75 with value: 82.0.[0m
2021-04-07 09:42:43.317850: I tensorflow/compiler/jit/xla_gpu_device.cc:99] Not creating XLA devices, tf_xla_enable_xla_devices not set
mse_error/peak_error 0 92.0
[32m[I 2021-04-07 09:43:02,820][0m Trial 670 finished with value: 92.0 and parameters: {'Vahp': -38.0, 'Vth': -30.0, 'Vmax': 32.5, 't_ref': 19.0, 'R': 0.8, 'tau_m': 80.5}. Best is trial 75 with value: 82.0.[0m
2021-04-07 09:43:03.049907: I tensorflow/compiler/jit/xla_gpu_device.cc:99] Not creating XLA devices, tf_xla_enable_xla_devices not set
mse_error/peak_error 0 192
[32m[I 2021-04-07 09:43:22,752][0m Trial 671 finished with value: 192.0 and parameters: {'Vahp': -30.5, 'Vth': -20.5, 'Vmax': 37.0, 't_ref': 15.5, 'R': 0.9, 'tau_m': 90.5}. Best is trial 75 with value: 82.0.[0m
2021-04-07 09:43:22.987606: I tensorflow/compiler/jit/xla_gpu_device.cc:99] Not creating XLA devices, tf_xla_enable_xla_devices not set
mse_error/peak_error 0 82.0
[32m[I 2021-04-07 09:43:42,590][0m Trial 672 finished with value: 82.0 and parameters: {'Vahp': -31.0, 'Vth': -21.0, 'Vmax': 37.0, 't_ref': 17.0, 'R': 0.9, 'tau_m': 89.0}. Best is trial 75 with value: 82.0.[0m
2021-04-07 09:43:42.823984: I tensorflow/compiler/jit/xla_gpu_device.cc:99] Not creating XLA devices, tf_xla_enable_xla_devices not set
mse_error/peak_error 0 82.0
[32m[I 2021-04-07 09:44:02,426][0m Trial 673 finished with value: 82.0 and parameters: {'Vahp': -32.5, 'Vth': -21.0, 'Vmax': 39.0, 't_ref': 16.5, 'R': 0.9, 'tau_m': 91.5}. Best is trial 75 with value: 82.0.[0m
2021-04-07 09:44:02.667660: I tensorflow/compiler/jit/xla_gpu_device.cc:99] Not creating XLA devices, tf_xla_enable_xla_devices not set
mse_error/peak_error 0 82.0
[32m[I 2021-04-07 09:44:22,593][0m Trial 674 finished with value: 82.0 and parameters: {'Vahp': -31.5, 'Vth': -21.0, 'Vmax': 31.5, 't_ref': 17.0, 'R': 0.9, 'tau_m': 91.0}. Best is trial 75 with value: 82.0.[0m
2021-04-07 09:44:22.840839: I tensorflow/compiler/jit/xla_gpu_device.cc:99] Not creating XLA devices, tf_xla_enable_xla_devices not set
mse_error/peak_error 0 127.0
[32m[I 2021-04-07 09:44:42,541][0m Trial 675 finished with value: 127.0 and parameters: {'Vahp': -35.0, 'Vth': -22.0, 'Vmax': 12.0, 't_ref': 15.5, 'R': 0.8, 'tau_m': 94.0}. Best is trial 75 with value: 82.0.[0m
2021-04-07 09:44:42.770448: I tensorflow/compiler/jit/xla_gpu_device.cc:99] Not creating XLA devices, tf_xla_enable_xla_devices not set
mse_error/peak_error 0 82.0
[32m[I 2021-04-07 09:45:02,538][0m Trial 676 finished with value: 82.0 and parameters: {'Vahp': -31.5, 'Vth': -20.5, 'Vmax': 10.0, 't_ref': 17.0, 'R': 0.9, 'tau_m': 88.0}. Best is trial 75 with value: 82.0.[0m
2021-04-07 09:45:02.793136: I tensorflow/compiler/jit/xla_gpu_device.cc:99] Not creating XLA devices, tf_xla_enable_xla_devices not set
mse_error/peak_error 0 82.0
[32m[I 2021-04-07 09:45:22,181][0m Trial 677 finished with value: 82.0 and parameters: {'Vahp': -33.0, 'Vth': -21.0, 'Vmax': 24.0, 't_ref': 16.0, 'R': 0.9, 'tau_m': 91.0}. Best is trial 75 with value: 82.0.[0m
2021-04-07 09:45:22.418490: I tensorflow/compiler/jit/xla_gpu_device.cc:99] Not creating XLA devices, tf_xla_enable_xla_devices not set
mse_error/peak_error 0 176
[32m[I 2021-04-07 09:45:42,060][0m Trial 678 finished with value: 176.0 and parameters: {'Vahp': -34.0, 'Vth': -21.5, 'Vmax': 23.5, 't_ref': 16.0, 'R': 1.0, 'tau_m': 92.5}. Best is trial 75 with value: 82.0.[0m
2021-04-07 09:45:42.291615: I tensorflow/compiler/jit/xla_gpu_device.cc:99] Not creating XLA devices, tf_xla_enable_xla_devices not set
mse_error/peak_error 0 168
[32m[I 2021-04-07 09:46:01,998][0m Trial 679 finished with value: 168.0 and parameters: {'Vahp': -24.5, 'Vth': -20.0, 'Vmax': 29.0, 't_ref': 17.5, 'R': 0.9, 'tau_m': 89.0}. Best is trial 75 with value: 82.0.[0m
2021-04-07 09:46:02.233407: I tensorflow/compiler/jit/xla_gpu_device.cc:99] Not creating XLA devices, tf_xla_enable_xla_devices not set
mse_error/peak_error 0 83.0
[32m[I 2021-04-07 09:46:21,867][0m Trial 680 finished with value: 83.0 and parameters: {'Vahp': -25.5, 'Vth': -20.0, 'Vmax': 31.0, 't_ref': 18.5, 'R': 1.0, 'tau_m': 90.0}. Best is trial 75 with value: 82.0.[0m
2021-04-07 09:46:22.097003: I tensorflow/compiler/jit/xla_gpu_device.cc:99] Not creating XLA devices, tf_xla_enable_xla_devices not set
mse_error/peak_error 0 99.0
[32m[I 2021-04-07 09:46:41,640][0m Trial 681 finished with value: 99.0 and parameters: {'Vahp': -30.0, 'Vth': -21.0, 'Vmax': 36.0, 't_ref': 17.5, 'R': 0.9, 'tau_m': 95.0}. Best is trial 75 with value: 82.0.[0m
2021-04-07 09:46:41.880589: I tensorflow/compiler/jit/xla_gpu_device.cc:99] Not creating XLA devices, tf_xla_enable_xla_devices not set
mse_error/peak_error 0 114.0
[32m[I 2021-04-07 09:47:01,924][0m Trial 682 finished with value: 114.0 and parameters: {'Vahp': -34.0, 'Vth': -21.5, 'Vmax': 39.5, 't_ref': 20.0, 'R': 0.9, 'tau_m': 83.0}. Best is trial 75 with value: 82.0.[0m
2021-04-07 09:47:02.164484: I tensorflow/compiler/jit/xla_gpu_device.cc:99] Not creating XLA devices, tf_xla_enable_xla_devices not set
mse_error/peak_error 0 82.0
[32m[I 2021-04-07 09:47:22,413][0m Trial 683 finished with value: 82.0 and parameters: {'Vahp': -32.0, 'Vth': -20.5, 'Vmax': 39.5, 't_ref': 16.5, 'R': 0.9, 'tau_m': 86.5}. Best is trial 75 with value: 82.0.[0m
2021-04-07 09:47:22.655800: I tensorflow/compiler/jit/xla_gpu_device.cc:99] Not creating XLA devices, tf_xla_enable_xla_devices not set
mse_error/peak_error 0 82.0
[32m[I 2021-04-07 09:47:42,599][0m Trial 684 finished with value: 82.0 and parameters: {'Vahp': -30.5, 'Vth': -20.5, 'Vmax': 30.5, 't_ref': 17.0, 'R': 0.9, 'tau_m': 87.5}. Best is trial 75 with value: 82.0.[0m
2021-04-07 09:47:42.848133: I tensorflow/compiler/jit/xla_gpu_device.cc:99] Not creating XLA devices, tf_xla_enable_xla_devices not set
mse_error/peak_error 0 82.0
[32m[I 2021-04-07 09:48:02,437][0m Trial 685 finished with value: 82.0 and parameters: {'Vahp': -32.5, 'Vth': -21.0, 'Vmax': 40.0, 't_ref': 16.5, 'R': 0.9, 'tau_m': 90.0}. Best is trial 75 with value: 82.0.[0m
2021-04-07 09:48:02.667970: I tensorflow/compiler/jit/xla_gpu_device.cc:99] Not creating XLA devices, tf_xla_enable_xla_devices not set
mse_error/peak_error 0 82.0
