[32m[I 2021-04-07 08:04:06,364][0m Trial 50 finished with value: 177.0 and parameters: {'Vahp': -22.5, 'Vth': -20.0, 'Vmax': 15.0, 't_ref': 20.0, 'R': 0.8, 'tau_m': 66.5}. Best is trial 49 with value: 90.0.[0m
2021-04-07 08:04:06.558333: I tensorflow/compiler/jit/xla_gpu_device.cc:99] Not creating XLA devices, tf_xla_enable_xla_devices not set
mse_error/peak_error 0 89.0
[32m[I 2021-04-07 08:04:07,813][0m Trial 51 finished with value: 89.0 and parameters: {'Vahp': -29.0, 'Vth': -24.0, 'Vmax': 17.0, 't_ref': 19.5, 'R': 0.7000000000000001, 'tau_m': 71.5}. Best is trial 51 with value: 89.0.[0m
2021-04-07 08:04:08.029289: I tensorflow/compiler/jit/xla_gpu_device.cc:99] Not creating XLA devices, tf_xla_enable_xla_devices not set
mse_error/peak_error 0 115.0
[32m[I 2021-04-07 08:04:09,310][0m Trial 52 finished with value: 115.0 and parameters: {'Vahp': -32.0, 'Vth': -22.5, 'Vmax': 17.0, 't_ref': 20.0, 'R': 0.7000000000000001, 'tau_m': 72.0}. Best is trial 51 with value: 89.0.[0m
2021-04-07 08:04:09.504701: I tensorflow/compiler/jit/xla_gpu_device.cc:99] Not creating XLA devices, tf_xla_enable_xla_devices not set
mse_error/peak_error 0 90.0
[32m[I 2021-04-07 08:04:10,801][0m Trial 53 finished with value: 90.0 and parameters: {'Vahp': -28.0, 'Vth': -22.5, 'Vmax': 16.5, 't_ref': 20.0, 'R': 0.7000000000000001, 'tau_m': 66.5}. Best is trial 51 with value: 89.0.[0m
2021-04-07 08:04:10.993508: I tensorflow/compiler/jit/xla_gpu_device.cc:99] Not creating XLA devices, tf_xla_enable_xla_devices not set
mse_error/peak_error 0 187
[32m[I 2021-04-07 08:04:12,328][0m Trial 54 finished with value: 187.0 and parameters: {'Vahp': -27.5, 'Vth': -23.0, 'Vmax': 16.0, 't_ref': 20.0, 'R': 0.8, 'tau_m': 54.0}. Best is trial 51 with value: 89.0.[0m
2021-04-07 08:04:12.539529: I tensorflow/compiler/jit/xla_gpu_device.cc:99] Not creating XLA devices, tf_xla_enable_xla_devices not set
mse_error/peak_error 0 4084
[32m[I 2021-04-07 08:04:13,875][0m Trial 55 finished with value: 4084.0 and parameters: {'Vahp': -20.0, 'Vth': -20.0, 'Vmax': 14.5, 't_ref': 0.5, 'R': 0.7000000000000001, 'tau_m': 66.0}. Best is trial 51 with value: 89.0.[0m
2021-04-07 08:04:14.078334: I tensorflow/compiler/jit/xla_gpu_device.cc:99] Not creating XLA devices, tf_xla_enable_xla_devices not set
mse_error/peak_error 0 89.0
[32m[I 2021-04-07 08:04:15,467][0m Trial 56 finished with value: 89.0 and parameters: {'Vahp': -28.5, 'Vth': -22.5, 'Vmax': 13.0, 't_ref': 19.5, 'R': 0.7000000000000001, 'tau_m': 71.5}. Best is trial 51 with value: 89.0.[0m
2021-04-07 08:04:15.658950: I tensorflow/compiler/jit/xla_gpu_device.cc:99] Not creating XLA devices, tf_xla_enable_xla_devices not set
mse_error/peak_error 0 179
[32m[I 2021-04-07 08:04:17,041][0m Trial 57 finished with value: 179.0 and parameters: {'Vahp': -25.5, 'Vth': -22.0, 'Vmax': 13.0, 't_ref': 19.0, 'R': 0.8, 'tau_m': 57.5}. Best is trial 51 with value: 89.0.[0m
2021-04-07 08:04:17.243587: I tensorflow/compiler/jit/xla_gpu_device.cc:99] Not creating XLA devices, tf_xla_enable_xla_devices not set
mse_error/peak_error 0 177
[32m[I 2021-04-07 08:04:18,636][0m Trial 58 finished with value: 177.0 and parameters: {'Vahp': -29.0, 'Vth': -24.0, 'Vmax': 11.0, 't_ref': 17.5, 'R': 0.7000000000000001, 'tau_m': 48.0}. Best is trial 51 with value: 89.0.[0m
2021-04-07 08:04:18.841650: I tensorflow/compiler/jit/xla_gpu_device.cc:99] Not creating XLA devices, tf_xla_enable_xla_devices not set
mse_error/peak_error 0 185
[32m[I 2021-04-07 08:04:20,265][0m Trial 59 finished with value: 185.0 and parameters: {'Vahp': -27.0, 'Vth': -23.0, 'Vmax': 12.0, 't_ref': 19.5, 'R': 0.8, 'tau_m': 64.5}. Best is trial 51 with value: 89.0.[0m
2021-04-07 08:04:20.460235: I tensorflow/compiler/jit/xla_gpu_device.cc:99] Not creating XLA devices, tf_xla_enable_xla_devices not set
mse_error/peak_error 0 174
[32m[I 2021-04-07 08:04:21,935][0m Trial 60 finished with value: 174.0 and parameters: {'Vahp': -24.0, 'Vth': -24.0, 'Vmax': 13.5, 't_ref': 18.5, 'R': 0.9, 'tau_m': 68.5}. Best is trial 51 with value: 89.0.[0m
2021-04-07 08:04:22.141791: I tensorflow/compiler/jit/xla_gpu_device.cc:99] Not creating XLA devices, tf_xla_enable_xla_devices not set
mse_error/peak_error 0 115.0
[32m[I 2021-04-07 08:04:23,614][0m Trial 61 finished with value: 115.0 and parameters: {'Vahp': -32.5, 'Vth': -22.5, 'Vmax': 17.0, 't_ref': 20.0, 'R': 0.7000000000000001, 'tau_m': 72.5}. Best is trial 51 with value: 89.0.[0m
2021-04-07 08:04:23.857808: I tensorflow/compiler/jit/xla_gpu_device.cc:99] Not creating XLA devices, tf_xla_enable_xla_devices not set
mse_error/peak_error 0 83.0
[32m[I 2021-04-07 08:04:25,333][0m Trial 62 finished with value: 83.0 and parameters: {'Vahp': -28.5, 'Vth': -24.5, 'Vmax': 16.0, 't_ref': 19.5, 'R': 0.7000000000000001, 'tau_m': 72.0}. Best is trial 62 with value: 83.0.[0m
2021-04-07 08:04:25.678289: I tensorflow/compiler/jit/xla_gpu_device.cc:99] Not creating XLA devices, tf_xla_enable_xla_devices not set
mse_error/peak_error 0 186
[32m[I 2021-04-07 08:04:27,169][0m Trial 63 finished with value: 186.0 and parameters: {'Vahp': -28.5, 'Vth': -24.5, 'Vmax': 15.0, 't_ref': 19.5, 'R': 0.8, 'tau_m': 60.5}. Best is trial 62 with value: 83.0.[0m
2021-04-07 08:04:27.379100: I tensorflow/compiler/jit/xla_gpu_device.cc:99] Not creating XLA devices, tf_xla_enable_xla_devices not set
mse_error/peak_error 0 161
[32m[I 2021-04-07 08:04:28,914][0m Trial 64 finished with value: 161.0 and parameters: {'Vahp': -25.5, 'Vth': -24.5, 'Vmax': 18.5, 't_ref': 18.0, 'R': 0.7000000000000001, 'tau_m': 75.0}. Best is trial 62 with value: 83.0.[0m
2021-04-07 08:04:29.114795: I tensorflow/compiler/jit/xla_gpu_device.cc:99] Not creating XLA devices, tf_xla_enable_xla_devices not set
mse_error/peak_error 0 115.0
[32m[I 2021-04-07 08:04:30,693][0m Trial 65 finished with value: 115.0 and parameters: {'Vahp': -35.5, 'Vth': -21.0, 'Vmax': 16.0, 't_ref': 17.5, 'R': 0.7000000000000001, 'tau_m': 69.0}. Best is trial 62 with value: 83.0.[0m
2021-04-07 08:04:30.894406: I tensorflow/compiler/jit/xla_gpu_device.cc:99] Not creating XLA devices, tf_xla_enable_xla_devices not set
mse_error/peak_error 0 179
[32m[I 2021-04-07 08:04:32,430][0m Trial 66 finished with value: 179.0 and parameters: {'Vahp': -29.5, 'Vth': -25.5, 'Vmax': 20.5, 't_ref': 18.5, 'R': 0.8, 'tau_m': 62.5}. Best is trial 62 with value: 83.0.[0m
2021-04-07 08:04:32.638526: I tensorflow/compiler/jit/xla_gpu_device.cc:99] Not creating XLA devices, tf_xla_enable_xla_devices not set
mse_error/peak_error 0 179
[32m[I 2021-04-07 08:04:34,242][0m Trial 67 finished with value: 179.0 and parameters: {'Vahp': -26.5, 'Vth': -24.5, 'Vmax': 15.0, 't_ref': 19.5, 'R': 0.7000000000000001, 'tau_m': 54.5}. Best is trial 62 with value: 83.0.[0m
2021-04-07 08:04:34.440313: I tensorflow/compiler/jit/xla_gpu_device.cc:99] Not creating XLA devices, tf_xla_enable_xla_devices not set
mse_error/peak_error 0 169
[32m[I 2021-04-07 08:04:36,049][0m Trial 68 finished with value: 169.0 and parameters: {'Vahp': -31.5, 'Vth': -25.0, 'Vmax': 19.0, 't_ref': 17.0, 'R': 0.7000000000000001, 'tau_m': 72.5}. Best is trial 62 with value: 83.0.[0m
2021-04-07 08:04:36.277359: I tensorflow/compiler/jit/xla_gpu_device.cc:99] Not creating XLA devices, tf_xla_enable_xla_devices not set
mse_error/peak_error 0 179
[32m[I 2021-04-07 08:04:37,880][0m Trial 69 finished with value: 179.0 and parameters: {'Vahp': -24.5, 'Vth': -24.0, 'Vmax': 13.0, 't_ref': 20.0, 'R': 0.8, 'tau_m': 64.0}. Best is trial 62 with value: 83.0.[0m
2021-04-07 08:04:38.091281: I tensorflow/compiler/jit/xla_gpu_device.cc:99] Not creating XLA devices, tf_xla_enable_xla_devices not set
mse_error/peak_error 0 202
[32m[I 2021-04-07 08:04:40,020][0m Trial 70 finished with value: 202.0 and parameters: {'Vahp': -23.0, 'Vth': -22.0, 'Vmax': 16.5, 't_ref': 18.5, 'R': 0.7000000000000001, 'tau_m': 78.0}. Best is trial 62 with value: 83.0.[0m
2021-04-07 08:04:40.231648: I tensorflow/compiler/jit/xla_gpu_device.cc:99] Not creating XLA devices, tf_xla_enable_xla_devices not set
mse_error/peak_error 0 115.0
[32m[I 2021-04-07 08:04:41,951][0m Trial 71 finished with value: 115.0 and parameters: {'Vahp': -33.5, 'Vth': -22.5, 'Vmax': 17.0, 't_ref': 20.0, 'R': 0.7000000000000001, 'tau_m': 72.0}. Best is trial 62 with value: 83.0.[0m
2021-04-07 08:04:42.164759: I tensorflow/compiler/jit/xla_gpu_device.cc:99] Not creating XLA devices, tf_xla_enable_xla_devices not set
mse_error/peak_error 0 127.0
[32m[I 2021-04-07 08:04:43,865][0m Trial 72 finished with value: 127.0 and parameters: {'Vahp': -28.0, 'Vth': -23.0, 'Vmax': 16.0, 't_ref': 19.5, 'R': 0.6, 'tau_m': 67.5}. Best is trial 62 with value: 83.0.[0m
2021-04-07 08:04:44.061758: I tensorflow/compiler/jit/xla_gpu_device.cc:99] Not creating XLA devices, tf_xla_enable_xla_devices not set
mse_error/peak_error 0 191.0
[32m[I 2021-04-07 08:04:45,748][0m Trial 73 finished with value: 191.0 and parameters: {'Vahp': -32.0, 'Vth': -21.5, 'Vmax': 10.0, 't_ref': 19.0, 'R': 0.7000000000000001, 'tau_m': 85.5}. Best is trial 62 with value: 83.0.[0m
2021-04-07 08:04:45.955207: I tensorflow/compiler/jit/xla_gpu_device.cc:99] Not creating XLA devices, tf_xla_enable_xla_devices not set
mse_error/peak_error 0 109.0
[32m[I 2021-04-07 08:04:47,682][0m Trial 74 finished with value: 109.0 and parameters: {'Vahp': -29.0, 'Vth': -23.5, 'Vmax': 11.5, 't_ref': 18.0, 'R': 0.6, 'tau_m': 70.5}. Best is trial 62 with value: 83.0.[0m
2021-04-07 08:04:47.903637: I tensorflow/compiler/jit/xla_gpu_device.cc:99] Not creating XLA devices, tf_xla_enable_xla_devices not set
mse_error/peak_error 0 82.0
[32m[I 2021-04-07 08:04:49,655][0m Trial 75 finished with value: 82.0 and parameters: {'Vahp': -30.5, 'Vth': -23.5, 'Vmax': 12.0, 't_ref': 17.5, 'R': 0.6, 'tau_m': 60.0}. Best is trial 75 with value: 82.0.[0m
2021-04-07 08:04:49.852216: I tensorflow/compiler/jit/xla_gpu_device.cc:99] Not creating XLA devices, tf_xla_enable_xla_devices not set
mse_error/peak_error 0 169
[32m[I 2021-04-07 08:04:51,649][0m Trial 76 finished with value: 169.0 and parameters: {'Vahp': -30.0, 'Vth': -25.5, 'Vmax': 13.5, 't_ref': 17.5, 'R': 0.6, 'tau_m': 59.5}. Best is trial 75 with value: 82.0.[0m
2021-04-07 08:04:51.864150: I tensorflow/compiler/jit/xla_gpu_device.cc:99] Not creating XLA devices, tf_xla_enable_xla_devices not set
mse_error/peak_error 0 280
[32m[I 2021-04-07 08:04:53,606][0m Trial 77 finished with value: 280.0 and parameters: {'Vahp': -27.0, 'Vth': -24.0, 'Vmax': 14.5, 't_ref': 16.0, 'R': 0.5, 'tau_m': 75.5}. Best is trial 75 with value: 82.0.[0m
2021-04-07 08:04:53.806720: I tensorflow/compiler/jit/xla_gpu_device.cc:99] Not creating XLA devices, tf_xla_enable_xla_devices not set
mse_error/peak_error 0 1900
[32m[I 2021-04-07 08:04:55,599][0m Trial 78 finished with value: 1900.0 and parameters: {'Vahp': -30.5, 'Vth': -23.5, 'Vmax': 12.0, 't_ref': 18.5, 'R': 0.1, 'tau_m': 57.0}. Best is trial 75 with value: 82.0.[0m
2021-04-07 08:04:55.802929: I tensorflow/compiler/jit/xla_gpu_device.cc:99] Not creating XLA devices, tf_xla_enable_xla_devices not set
mse_error/peak_error 0 1443
[32m[I 2021-04-07 08:04:57,620][0m Trial 79 finished with value: 1443.0 and parameters: {'Vahp': -21.5, 'Vth': -20.5, 'Vmax': 19.5, 't_ref': 3.5, 'R': 0.6, 'tau_m': 62.5}. Best is trial 75 with value: 82.0.[0m
2021-04-07 08:04:57.826228: I tensorflow/compiler/jit/xla_gpu_device.cc:99] Not creating XLA devices, tf_xla_enable_xla_devices not set
mse_error/peak_error 0 309
[32m[I 2021-04-07 08:04:59,669][0m Trial 80 finished with value: 309.0 and parameters: {'Vahp': -28.5, 'Vth': -25.0, 'Vmax': 15.5, 't_ref': 16.5, 'R': 0.7000000000000001, 'tau_m': 40.0}. Best is trial 75 with value: 82.0.[0m
2021-04-07 08:04:59.885464: I tensorflow/compiler/jit/xla_gpu_device.cc:99] Not creating XLA devices, tf_xla_enable_xla_devices not set
mse_error/peak_error 0 116.0
[32m[I 2021-04-07 08:05:01,757][0m Trial 81 finished with value: 116.0 and parameters: {'Vahp': -29.5, 'Vth': -23.5, 'Vmax': 11.0, 't_ref': 18.0, 'R': 0.6, 'tau_m': 71.0}. Best is trial 75 with value: 82.0.[0m
2021-04-07 08:05:01.958550: I tensorflow/compiler/jit/xla_gpu_device.cc:99] Not creating XLA devices, tf_xla_enable_xla_devices not set
mse_error/peak_error 0 185
[32m[I 2021-04-07 08:05:03,872][0m Trial 82 finished with value: 185.0 and parameters: {'Vahp': -26.5, 'Vth': -24.5, 'Vmax': 12.5, 't_ref': 18.0, 'R': 0.6, 'tau_m': 67.5}. Best is trial 75 with value: 82.0.[0m
2021-04-07 08:05:04.075396: I tensorflow/compiler/jit/xla_gpu_device.cc:99] Not creating XLA devices, tf_xla_enable_xla_devices not set
mse_error/peak_error 0 178
[32m[I 2021-04-07 08:05:05,988][0m Trial 83 finished with value: 178.0 and parameters: {'Vahp': -35.0, 'Vth': -33.0, 'Vmax': 11.0, 't_ref': 17.0, 'R': 0.5, 'tau_m': 74.5}. Best is trial 75 with value: 82.0.[0m
2021-04-07 08:05:06.200881: I tensorflow/compiler/jit/xla_gpu_device.cc:99] Not creating XLA devices, tf_xla_enable_xla_devices not set
mse_error/peak_error 0 210.0
[32m[I 2021-04-07 08:05:08,102][0m Trial 84 finished with value: 210.0 and parameters: {'Vahp': -31.0, 'Vth': -23.0, 'Vmax': 14.0, 't_ref': 19.5, 'R': 0.6, 'tau_m': 79.0}. Best is trial 75 with value: 82.0.[0m
2021-04-07 08:05:08.302386: I tensorflow/compiler/jit/xla_gpu_device.cc:99] Not creating XLA devices, tf_xla_enable_xla_devices not set
mse_error/peak_error 0 140.0
[32m[I 2021-04-07 08:05:10,238][0m Trial 85 finished with value: 140.0 and parameters: {'Vahp': -33.0, 'Vth': -23.5, 'Vmax': 18.0, 't_ref': 19.0, 'R': 0.7000000000000001, 'tau_m': 83.5}. Best is trial 75 with value: 82.0.[0m
2021-04-07 08:05:10.432912: I tensorflow/compiler/jit/xla_gpu_device.cc:99] Not creating XLA devices, tf_xla_enable_xla_devices not set
mse_error/peak_error 0 109.0
[32m[I 2021-04-07 08:05:12,416][0m Trial 86 finished with value: 109.0 and parameters: {'Vahp': -28.5, 'Vth': -24.0, 'Vmax': 10.0, 't_ref': 17.5, 'R': 0.6, 'tau_m': 70.0}. Best is trial 75 with value: 82.0.[0m
2021-04-07 08:05:12.628081: I tensorflow/compiler/jit/xla_gpu_device.cc:99] Not creating XLA devices, tf_xla_enable_xla_devices not set
mse_error/peak_error 0 171
[32m[I 2021-04-07 08:05:14,580][0m Trial 87 finished with value: 171.0 and parameters: {'Vahp': -26.0, 'Vth': -24.0, 'Vmax': 11.5, 't_ref': 18.5, 'R': 0.8, 'tau_m': 65.0}. Best is trial 75 with value: 82.0.[0m
2021-04-07 08:05:14.802034: I tensorflow/compiler/jit/xla_gpu_device.cc:99] Not creating XLA devices, tf_xla_enable_xla_devices not set
mse_error/peak_error 0 165
[32m[I 2021-04-07 08:05:16,792][0m Trial 88 finished with value: 165.0 and parameters: {'Vahp': -21.5, 'Vth': -21.5, 'Vmax': 10.0, 't_ref': 17.5, 'R': 0.6, 'tau_m': 51.5}. Best is trial 75 with value: 82.0.[0m
2021-04-07 08:05:17.002474: I tensorflow/compiler/jit/xla_gpu_device.cc:99] Not creating XLA devices, tf_xla_enable_xla_devices not set
mse_error/peak_error 0 168
[32m[I 2021-04-07 08:05:19,005][0m Trial 89 finished with value: 168.0 and parameters: {'Vahp': -28.0, 'Vth': -24.5, 'Vmax': 17.5, 't_ref': 17.0, 'R': 0.7000000000000001, 'tau_m': 59.5}. Best is trial 75 with value: 82.0.[0m
2021-04-07 08:05:19.204091: I tensorflow/compiler/jit/xla_gpu_device.cc:99] Not creating XLA devices, tf_xla_enable_xla_devices not set
mse_error/peak_error 0 127.0
[32m[I 2021-04-07 08:05:21,228][0m Trial 90 finished with value: 127.0 and parameters: {'Vahp': -36.5, 'Vth': -22.0, 'Vmax': 12.5, 't_ref': 16.0, 'R': 0.7000000000000001, 'tau_m': 77.5}. Best is trial 75 with value: 82.0.[0m
2021-04-07 08:05:21.442975: I tensorflow/compiler/jit/xla_gpu_device.cc:99] Not creating XLA devices, tf_xla_enable_xla_devices not set
mse_error/peak_error 0 116.0
[32m[I 2021-04-07 08:05:23,649][0m Trial 91 finished with value: 116.0 and parameters: {'Vahp': -29.5, 'Vth': -23.5, 'Vmax': 15.5, 't_ref': 18.0, 'R': 0.6, 'tau_m': 69.5}. Best is trial 75 with value: 82.0.[0m
2021-04-07 08:05:23.875142: I tensorflow/compiler/jit/xla_gpu_device.cc:99] Not creating XLA devices, tf_xla_enable_xla_devices not set
mse_error/peak_error 0 108.0
[32m[I 2021-04-07 08:05:25,937][0m Trial 92 finished with value: 108.0 and parameters: {'Vahp': -31.0, 'Vth': -23.0, 'Vmax': 13.5, 't_ref': 19.0, 'R': 0.6, 'tau_m': 66.5}. Best is trial 75 with value: 82.0.[0m
2021-04-07 08:05:26.129082: I tensorflow/compiler/jit/xla_gpu_device.cc:99] Not creating XLA devices, tf_xla_enable_xla_devices not set
mse_error/peak_error 0 210.0
[32m[I 2021-04-07 08:05:28,197][0m Trial 93 finished with value: 210.0 and parameters: {'Vahp': -31.5, 'Vth': -23.0, 'Vmax': 13.5, 't_ref': 19.0, 'R': 0.5, 'tau_m': 66.0}. Best is trial 75 with value: 82.0.[0m
2021-04-07 08:05:28.401044: I tensorflow/compiler/jit/xla_gpu_device.cc:99] Not creating XLA devices, tf_xla_enable_xla_devices not set
mse_error/peak_error 0 82.0
[32m[I 2021-04-07 08:05:30,506][0m Trial 94 finished with value: 82.0 and parameters: {'Vahp': -28.0, 'Vth': -24.0, 'Vmax': 14.5, 't_ref': 19.5, 'R': 0.6, 'tau_m': 64.0}. Best is trial 75 with value: 82.0.[0m
2021-04-07 08:05:30.706175: I tensorflow/compiler/jit/xla_gpu_device.cc:99] Not creating XLA devices, tf_xla_enable_xla_devices not set
mse_error/peak_error 0 101.0
[32m[I 2021-04-07 08:05:32,858][0m Trial 95 finished with value: 101.0 and parameters: {'Vahp': -30.5, 'Vth': -22.5, 'Vmax': 14.5, 't_ref': 19.5, 'R': 0.7000000000000001, 'tau_m': 63.5}. Best is trial 75 with value: 82.0.[0m
2021-04-07 08:05:33.246498: I tensorflow/compiler/jit/xla_gpu_device.cc:99] Not creating XLA devices, tf_xla_enable_xla_devices not set
mse_error/peak_error 0 186
[32m[I 2021-04-07 08:05:35,427][0m Trial 96 finished with value: 186.0 and parameters: {'Vahp': -27.5, 'Vth': -24.5, 'Vmax': 14.5, 't_ref': 19.5, 'R': 0.8, 'tau_m': 63.5}. Best is trial 75 with value: 82.0.[0m
2021-04-07 08:05:35.643149: I tensorflow/compiler/jit/xla_gpu_device.cc:99] Not creating XLA devices, tf_xla_enable_xla_devices not set
mse_error/peak_error 0 99.0
[32m[I 2021-04-07 08:05:37,818][0m Trial 97 finished with value: 99.0 and parameters: {'Vahp': -34.5, 'Vth': -26.0, 'Vmax': 16.5, 't_ref': 20.0, 'R': 0.7000000000000001, 'tau_m': 61.0}. Best is trial 75 with value: 82.0.[0m
2021-04-07 08:05:38.019194: I tensorflow/compiler/jit/xla_gpu_device.cc:99] Not creating XLA devices, tf_xla_enable_xla_devices not set
mse_error/peak_error 0 186
[32m[I 2021-04-07 08:05:40,212][0m Trial 98 finished with value: 186.0 and parameters: {'Vahp': -30.5, 'Vth': -26.0, 'Vmax': 14.0, 't_ref': 20.0, 'R': 0.7000000000000001, 'tau_m': 55.5}. Best is trial 75 with value: 82.0.[0m
2021-04-07 08:05:40.414900: I tensorflow/compiler/jit/xla_gpu_device.cc:99] Not creating XLA devices, tf_xla_enable_xla_devices not set
mse_error/peak_error 0 94.0
[32m[I 2021-04-07 08:05:42,620][0m Trial 99 finished with value: 94.0 and parameters: {'Vahp': -35.0, 'Vth': -25.5, 'Vmax': 15.5, 't_ref': 20.0, 'R': 0.7000000000000001, 'tau_m': 51.0}. Best is trial 75 with value: 82.0.[0m
2021-04-07 08:05:42.838645: I tensorflow/compiler/jit/xla_gpu_device.cc:99] Not creating XLA devices, tf_xla_enable_xla_devices not set
mse_error/peak_error 0 197
[32m[I 2021-04-07 08:05:45,052][0m Trial 100 finished with value: 197.0 and parameters: {'Vahp': -40.5, 'Vth': -30.0, 'Vmax': 15.5, 't_ref': 19.5, 'R': 0.8, 'tau_m': 47.0}. Best is trial 75 with value: 82.0.[0m
2021-04-07 08:05:45.255106: I tensorflow/compiler/jit/xla_gpu_device.cc:99] Not creating XLA devices, tf_xla_enable_xla_devices not set
mse_error/peak_error 0 93.0
[32m[I 2021-04-07 08:05:47,522][0m Trial 101 finished with value: 93.0 and parameters: {'Vahp': -31.5, 'Vth': -22.5, 'Vmax': 16.5, 't_ref': 19.5, 'R': 0.7000000000000001, 'tau_m': 51.5}. Best is trial 75 with value: 82.0.[0m
2021-04-07 08:05:47.733779: I tensorflow/compiler/jit/xla_gpu_device.cc:99] Not creating XLA devices, tf_xla_enable_xla_devices not set
mse_error/peak_error 0 94.0
[32m[I 2021-04-07 08:05:50,069][0m Trial 102 finished with value: 94.0 and parameters: {'Vahp': -34.5, 'Vth': -25.5, 'Vmax': 16.5, 't_ref': 20.0, 'R': 0.7000000000000001, 'tau_m': 52.0}. Best is trial 75 with value: 82.0.[0m
2021-04-07 08:05:50.280526: I tensorflow/compiler/jit/xla_gpu_device.cc:99] Not creating XLA devices, tf_xla_enable_xla_devices not set
mse_error/peak_error 0 101.0
[32m[I 2021-04-07 08:05:52,613][0m Trial 103 finished with value: 101.0 and parameters: {'Vahp': -38.0, 'Vth': -27.0, 'Vmax': 16.5, 't_ref': 20.0, 'R': 0.7000000000000001, 'tau_m': 52.0}. Best is trial 75 with value: 82.0.[0m
2021-04-07 08:05:52.811553: I tensorflow/compiler/jit/xla_gpu_device.cc:99] Not creating XLA devices, tf_xla_enable_xla_devices not set
mse_error/peak_error 0 574
[32m[I 2021-04-07 08:05:55,168][0m Trial 104 finished with value: 574.0 and parameters: {'Vahp': -35.0, 'Vth': -25.5, 'Vmax': 17.0, 't_ref': 9.5, 'R': 0.7000000000000001, 'tau_m': 41.5}. Best is trial 75 with value: 82.0.[0m
2021-04-07 08:05:55.385327: I tensorflow/compiler/jit/xla_gpu_device.cc:99] Not creating XLA devices, tf_xla_enable_xla_devices not set
mse_error/peak_error 0 196
[32m[I 2021-04-07 08:05:57,758][0m Trial 105 finished with value: 196.0 and parameters: {'Vahp': -39.0, 'Vth': -27.0, 'Vmax': 15.5, 't_ref': 20.0, 'R': 0.8, 'tau_m': 49.0}. Best is trial 75 with value: 82.0.[0m
2021-04-07 08:05:57.975878: I tensorflow/compiler/jit/xla_gpu_device.cc:99] Not creating XLA devices, tf_xla_enable_xla_devices not set
mse_error/peak_error 0 93.0
[32m[I 2021-04-07 08:06:00,314][0m Trial 106 finished with value: 93.0 and parameters: {'Vahp': -34.5, 'Vth': -26.0, 'Vmax': 16.5, 't_ref': 20.0, 'R': 0.7000000000000001, 'tau_m': 58.0}. Best is trial 75 with value: 82.0.[0m
2021-04-07 08:06:00.551551: I tensorflow/compiler/jit/xla_gpu_device.cc:99] Not creating XLA devices, tf_xla_enable_xla_devices not set
mse_error/peak_error 0 95.0
