[32m[I 2021-04-07 08:35:53,152][0m Trial 396 finished with value: 82.0 and parameters: {'Vahp': -26.5, 'Vth': -20.0, 'Vmax': 36.5, 't_ref': 18.5, 'R': 0.9, 'tau_m': 84.5}. Best is trial 75 with value: 82.0.[0m
2021-04-07 08:35:53.385466: I tensorflow/compiler/jit/xla_gpu_device.cc:99] Not creating XLA devices, tf_xla_enable_xla_devices not set
mse_error/peak_error 0 192
[32m[I 2021-04-07 08:36:03,443][0m Trial 397 finished with value: 192.0 and parameters: {'Vahp': -31.5, 'Vth': -20.5, 'Vmax': 10.5, 't_ref': 16.0, 'R': 0.9, 'tau_m': 92.5}. Best is trial 75 with value: 82.0.[0m
2021-04-07 08:36:03.662495: I tensorflow/compiler/jit/xla_gpu_device.cc:99] Not creating XLA devices, tf_xla_enable_xla_devices not set
mse_error/peak_error 0 83.0
[32m[I 2021-04-07 08:36:13,646][0m Trial 398 finished with value: 83.0 and parameters: {'Vahp': -31.5, 'Vth': -20.5, 'Vmax': 40.0, 't_ref': 17.0, 'R': 0.9, 'tau_m': 81.0}. Best is trial 75 with value: 82.0.[0m
2021-04-07 08:36:13.871202: I tensorflow/compiler/jit/xla_gpu_device.cc:99] Not creating XLA devices, tf_xla_enable_xla_devices not set
mse_error/peak_error 0 271
[32m[I 2021-04-07 08:36:23,802][0m Trial 399 finished with value: 271.0 and parameters: {'Vahp': -32.0, 'Vth': -31.5, 'Vmax': 31.5, 't_ref': 16.5, 'R': 0.9, 'tau_m': 86.5}. Best is trial 75 with value: 82.0.[0m
2021-04-07 08:36:24.033370: I tensorflow/compiler/jit/xla_gpu_device.cc:99] Not creating XLA devices, tf_xla_enable_xla_devices not set
mse_error/peak_error 0 176
[32m[I 2021-04-07 08:36:34,066][0m Trial 400 finished with value: 176.0 and parameters: {'Vahp': -31.0, 'Vth': -21.0, 'Vmax': 32.5, 't_ref': 17.0, 'R': 1.0, 'tau_m': 92.0}. Best is trial 75 with value: 82.0.[0m
2021-04-07 08:36:34.276143: I tensorflow/compiler/jit/xla_gpu_device.cc:99] Not creating XLA devices, tf_xla_enable_xla_devices not set
mse_error/peak_error 0 175
[32m[I 2021-04-07 08:36:44,312][0m Trial 401 finished with value: 175.0 and parameters: {'Vahp': -32.5, 'Vth': -20.5, 'Vmax': 31.5, 't_ref': 16.0, 'R': 0.9, 'tau_m': 86.0}. Best is trial 75 with value: 82.0.[0m
2021-04-07 08:36:44.534701: I tensorflow/compiler/jit/xla_gpu_device.cc:99] Not creating XLA devices, tf_xla_enable_xla_devices not set
mse_error/peak_error 0 82.0
[32m[I 2021-04-07 08:36:54,671][0m Trial 402 finished with value: 82.0 and parameters: {'Vahp': -29.0, 'Vth': -20.0, 'Vmax': 37.5, 't_ref': 17.5, 'R': 1.0, 'tau_m': 94.5}. Best is trial 75 with value: 82.0.[0m
2021-04-07 08:36:54.889284: I tensorflow/compiler/jit/xla_gpu_device.cc:99] Not creating XLA devices, tf_xla_enable_xla_devices not set
mse_error/peak_error 0 84.0
[32m[I 2021-04-07 08:37:05,037][0m Trial 403 finished with value: 84.0 and parameters: {'Vahp': -31.0, 'Vth': -20.5, 'Vmax': 32.0, 't_ref': 17.5, 'R': 1.0, 'tau_m': 82.5}. Best is trial 75 with value: 82.0.[0m
2021-04-07 08:37:05.251246: I tensorflow/compiler/jit/xla_gpu_device.cc:99] Not creating XLA devices, tf_xla_enable_xla_devices not set
mse_error/peak_error 0 99.0
[32m[I 2021-04-07 08:37:15,423][0m Trial 404 finished with value: 99.0 and parameters: {'Vahp': -33.0, 'Vth': -21.0, 'Vmax': 31.0, 't_ref': 16.0, 'R': 0.9, 'tau_m': 95.5}. Best is trial 75 with value: 82.0.[0m
2021-04-07 08:37:15.635999: I tensorflow/compiler/jit/xla_gpu_device.cc:99] Not creating XLA devices, tf_xla_enable_xla_devices not set
mse_error/peak_error 0 168
[32m[I 2021-04-07 08:37:25,739][0m Trial 405 finished with value: 168.0 and parameters: {'Vahp': -34.0, 'Vth': -29.0, 'Vmax': 34.5, 't_ref': 16.0, 'R': 0.9, 'tau_m': 84.5}. Best is trial 75 with value: 82.0.[0m
2021-04-07 08:37:25.962660: I tensorflow/compiler/jit/xla_gpu_device.cc:99] Not creating XLA devices, tf_xla_enable_xla_devices not set
mse_error/peak_error 0 90.0
[32m[I 2021-04-07 08:37:36,045][0m Trial 406 finished with value: 90.0 and parameters: {'Vahp': -32.0, 'Vth': -20.5, 'Vmax': 33.5, 't_ref': 18.0, 'R': 0.9, 'tau_m': 83.0}. Best is trial 75 with value: 82.0.[0m
2021-04-07 08:37:36.258141: I tensorflow/compiler/jit/xla_gpu_device.cc:99] Not creating XLA devices, tf_xla_enable_xla_devices not set
mse_error/peak_error 0 175
[32m[I 2021-04-07 08:37:46,622][0m Trial 407 finished with value: 175.0 and parameters: {'Vahp': -30.0, 'Vth': -20.0, 'Vmax': 35.5, 't_ref': 16.5, 'R': 0.9, 'tau_m': 86.0}. Best is trial 75 with value: 82.0.[0m
2021-04-07 08:37:46.840980: I tensorflow/compiler/jit/xla_gpu_device.cc:99] Not creating XLA devices, tf_xla_enable_xla_devices not set
mse_error/peak_error 0 169
[32m[I 2021-04-07 08:37:57,158][0m Trial 408 finished with value: 169.0 and parameters: {'Vahp': -28.0, 'Vth': -21.0, 'Vmax': 39.0, 't_ref': 16.5, 'R': 1.0, 'tau_m': 92.0}. Best is trial 75 with value: 82.0.[0m
2021-04-07 08:37:57.374672: I tensorflow/compiler/jit/xla_gpu_device.cc:99] Not creating XLA devices, tf_xla_enable_xla_devices not set
mse_error/peak_error 0 82.0
[32m[I 2021-04-07 08:38:07,755][0m Trial 409 finished with value: 82.0 and parameters: {'Vahp': -35.0, 'Vth': -21.5, 'Vmax': 36.0, 't_ref': 15.5, 'R': 1.0, 'tau_m': 99.0}. Best is trial 75 with value: 82.0.[0m
2021-04-07 08:38:07.966052: I tensorflow/compiler/jit/xla_gpu_device.cc:99] Not creating XLA devices, tf_xla_enable_xla_devices not set
mse_error/peak_error 0 82.0
[32m[I 2021-04-07 08:38:18,336][0m Trial 410 finished with value: 82.0 and parameters: {'Vahp': -30.5, 'Vth': -20.5, 'Vmax': 37.0, 't_ref': 17.0, 'R': 0.9, 'tau_m': 89.5}. Best is trial 75 with value: 82.0.[0m
2021-04-07 08:38:18.546032: I tensorflow/compiler/jit/xla_gpu_device.cc:99] Not creating XLA devices, tf_xla_enable_xla_devices not set
mse_error/peak_error 0 89.0
[32m[I 2021-04-07 08:38:28,891][0m Trial 411 finished with value: 89.0 and parameters: {'Vahp': -33.5, 'Vth': -21.0, 'Vmax': 10.0, 't_ref': 16.5, 'R': 0.9, 'tau_m': 87.5}. Best is trial 75 with value: 82.0.[0m
2021-04-07 08:38:29.111875: I tensorflow/compiler/jit/xla_gpu_device.cc:99] Not creating XLA devices, tf_xla_enable_xla_devices not set
mse_error/peak_error 0 82.0
[32m[I 2021-04-07 08:38:39,496][0m Trial 412 finished with value: 82.0 and parameters: {'Vahp': -30.5, 'Vth': -20.5, 'Vmax': 29.0, 't_ref': 17.0, 'R': 0.9, 'tau_m': 89.5}. Best is trial 75 with value: 82.0.[0m
2021-04-07 08:38:39.710304: I tensorflow/compiler/jit/xla_gpu_device.cc:99] Not creating XLA devices, tf_xla_enable_xla_devices not set
mse_error/peak_error 0 89.0
[32m[I 2021-04-07 08:38:50,115][0m Trial 413 finished with value: 89.0 and parameters: {'Vahp': -31.5, 'Vth': -20.5, 'Vmax': 29.0, 't_ref': 17.5, 'R': 0.9, 'tau_m': 89.5}. Best is trial 75 with value: 82.0.[0m
2021-04-07 08:38:50.327074: I tensorflow/compiler/jit/xla_gpu_device.cc:99] Not creating XLA devices, tf_xla_enable_xla_devices not set
mse_error/peak_error 0 108.0
[32m[I 2021-04-07 08:39:00,521][0m Trial 414 finished with value: 108.0 and parameters: {'Vahp': -28.5, 'Vth': -20.0, 'Vmax': 30.5, 't_ref': 18.5, 'R': 0.9, 'tau_m': 93.5}. Best is trial 75 with value: 82.0.[0m
2021-04-07 08:39:00.736937: I tensorflow/compiler/jit/xla_gpu_device.cc:99] Not creating XLA devices, tf_xla_enable_xla_devices not set
mse_error/peak_error 0 1900
[32m[I 2021-04-07 08:39:11,015][0m Trial 415 finished with value: 1900.0 and parameters: {'Vahp': -29.5, 'Vth': -20.0, 'Vmax': 32.5, 't_ref': 17.5, 'R': 0.1, 'tau_m': 85.0}. Best is trial 75 with value: 82.0.[0m
2021-04-07 08:39:11.229719: I tensorflow/compiler/jit/xla_gpu_device.cc:99] Not creating XLA devices, tf_xla_enable_xla_devices not set
mse_error/peak_error 0 82.0
[32m[I 2021-04-07 08:39:21,628][0m Trial 416 finished with value: 82.0 and parameters: {'Vahp': -35.0, 'Vth': -21.5, 'Vmax': 11.5, 't_ref': 15.5, 'R': 0.9, 'tau_m': 91.0}. Best is trial 75 with value: 82.0.[0m
2021-04-07 08:39:21.846875: I tensorflow/compiler/jit/xla_gpu_device.cc:99] Not creating XLA devices, tf_xla_enable_xla_devices not set
mse_error/peak_error 0 82.0
[32m[I 2021-04-07 08:39:32,375][0m Trial 417 finished with value: 82.0 and parameters: {'Vahp': -31.5, 'Vth': -20.5, 'Vmax': 31.0, 't_ref': 17.0, 'R': 0.9, 'tau_m': 85.5}. Best is trial 75 with value: 82.0.[0m
2021-04-07 08:39:32.608710: I tensorflow/compiler/jit/xla_gpu_device.cc:99] Not creating XLA devices, tf_xla_enable_xla_devices not set
mse_error/peak_error 0 175
[32m[I 2021-04-07 08:39:43,186][0m Trial 418 finished with value: 175.0 and parameters: {'Vahp': -31.5, 'Vth': -20.5, 'Vmax': 27.5, 't_ref': 15.5, 'R': 0.9, 'tau_m': 85.5}. Best is trial 75 with value: 82.0.[0m
2021-04-07 08:39:43.404148: I tensorflow/compiler/jit/xla_gpu_device.cc:99] Not creating XLA devices, tf_xla_enable_xla_devices not set
mse_error/peak_error 0 777
[32m[I 2021-04-07 08:39:53,957][0m Trial 419 finished with value: 777.0 and parameters: {'Vahp': -34.5, 'Vth': -21.5, 'Vmax': 32.5, 't_ref': 16.0, 'R': 0.4, 'tau_m': 96.5}. Best is trial 75 with value: 82.0.[0m
2021-04-07 08:39:54.170797: I tensorflow/compiler/jit/xla_gpu_device.cc:99] Not creating XLA devices, tf_xla_enable_xla_devices not set
mse_error/peak_error 0 161
[32m[I 2021-04-07 08:40:04,784][0m Trial 420 finished with value: 161.0 and parameters: {'Vahp': -35.5, 'Vth': -21.5, 'Vmax': 11.5, 't_ref': 13.0, 'R': 0.9, 'tau_m': 90.0}. Best is trial 75 with value: 82.0.[0m
2021-04-07 08:40:04.997445: I tensorflow/compiler/jit/xla_gpu_device.cc:99] Not creating XLA devices, tf_xla_enable_xla_devices not set
mse_error/peak_error 0 175
[32m[I 2021-04-07 08:40:15,665][0m Trial 421 finished with value: 175.0 and parameters: {'Vahp': -25.5, 'Vth': -20.0, 'Vmax': 36.5, 't_ref': 18.0, 'R': 0.9, 'tau_m': 88.0}. Best is trial 75 with value: 82.0.[0m
2021-04-07 08:40:15.898344: I tensorflow/compiler/jit/xla_gpu_device.cc:99] Not creating XLA devices, tf_xla_enable_xla_devices not set
mse_error/peak_error 0 82.0
[32m[I 2021-04-07 08:40:26,539][0m Trial 422 finished with value: 82.0 and parameters: {'Vahp': -29.0, 'Vth': -20.0, 'Vmax': 39.0, 't_ref': 18.0, 'R': 1.0, 'tau_m': 93.5}. Best is trial 75 with value: 82.0.[0m
2021-04-07 08:40:27.137543: I tensorflow/compiler/jit/xla_gpu_device.cc:99] Not creating XLA devices, tf_xla_enable_xla_devices not set
mse_error/peak_error 0 99.0
[32m[I 2021-04-07 08:40:37,663][0m Trial 423 finished with value: 99.0 and parameters: {'Vahp': -30.0, 'Vth': -20.0, 'Vmax': 38.0, 't_ref': 16.5, 'R': 0.9, 'tau_m': 93.5}. Best is trial 75 with value: 82.0.[0m
2021-04-07 08:40:37.878761: I tensorflow/compiler/jit/xla_gpu_device.cc:99] Not creating XLA devices, tf_xla_enable_xla_devices not set
mse_error/peak_error 0 168
[32m[I 2021-04-07 08:40:48,701][0m Trial 424 finished with value: 168.0 and parameters: {'Vahp': -27.0, 'Vth': -20.0, 'Vmax': 34.0, 't_ref': 17.0, 'R': 0.9, 'tau_m': 88.0}. Best is trial 75 with value: 82.0.[0m
2021-04-07 08:40:48.926629: I tensorflow/compiler/jit/xla_gpu_device.cc:99] Not creating XLA devices, tf_xla_enable_xla_devices not set
mse_error/peak_error 0 89.0
[32m[I 2021-04-07 08:40:59,710][0m Trial 425 finished with value: 89.0 and parameters: {'Vahp': -29.5, 'Vth': -20.0, 'Vmax': 37.5, 't_ref': 18.5, 'R': 0.9, 'tau_m': 85.5}. Best is trial 75 with value: 82.0.[0m
2021-04-07 08:40:59.921436: I tensorflow/compiler/jit/xla_gpu_device.cc:99] Not creating XLA devices, tf_xla_enable_xla_devices not set
mse_error/peak_error 0 82.0
[32m[I 2021-04-07 08:41:10,506][0m Trial 426 finished with value: 82.0 and parameters: {'Vahp': -30.5, 'Vth': -20.0, 'Vmax': 30.0, 't_ref': 16.5, 'R': 0.9, 'tau_m': 89.0}. Best is trial 75 with value: 82.0.[0m
2021-04-07 08:41:10.742959: I tensorflow/compiler/jit/xla_gpu_device.cc:99] Not creating XLA devices, tf_xla_enable_xla_devices not set
mse_error/peak_error 0 82.0
[32m[I 2021-04-07 08:41:21,583][0m Trial 427 finished with value: 82.0 and parameters: {'Vahp': -32.0, 'Vth': -20.5, 'Vmax': 31.5, 't_ref': 16.5, 'R': 0.9, 'tau_m': 88.0}. Best is trial 75 with value: 82.0.[0m
2021-04-07 08:41:21.801421: I tensorflow/compiler/jit/xla_gpu_device.cc:99] Not creating XLA devices, tf_xla_enable_xla_devices not set
mse_error/peak_error 0 83.0
[32m[I 2021-04-07 08:41:32,660][0m Trial 428 finished with value: 83.0 and parameters: {'Vahp': -31.0, 'Vth': -20.5, 'Vmax': 31.0, 't_ref': 16.5, 'R': 0.9, 'tau_m': 83.0}. Best is trial 75 with value: 82.0.[0m
2021-04-07 08:41:32.873572: I tensorflow/compiler/jit/xla_gpu_device.cc:99] Not creating XLA devices, tf_xla_enable_xla_devices not set
mse_error/peak_error 0 82.0
[32m[I 2021-04-07 08:41:43,725][0m Trial 429 finished with value: 82.0 and parameters: {'Vahp': -31.5, 'Vth': -20.5, 'Vmax': 29.5, 't_ref': 17.0, 'R': 0.9, 'tau_m': 90.0}. Best is trial 75 with value: 82.0.[0m
2021-04-07 08:41:43.938042: I tensorflow/compiler/jit/xla_gpu_device.cc:99] Not creating XLA devices, tf_xla_enable_xla_devices not set
mse_error/peak_error 0 169
[32m[I 2021-04-07 08:41:54,645][0m Trial 430 finished with value: 169.0 and parameters: {'Vahp': -30.5, 'Vth': -20.5, 'Vmax': 30.5, 't_ref': 16.0, 'R': 0.9, 'tau_m': 81.0}. Best is trial 75 with value: 82.0.[0m
2021-04-07 08:41:54.861939: I tensorflow/compiler/jit/xla_gpu_device.cc:99] Not creating XLA devices, tf_xla_enable_xla_devices not set
mse_error/peak_error 0 89.0
[32m[I 2021-04-07 08:42:05,605][0m Trial 431 finished with value: 89.0 and parameters: {'Vahp': -32.5, 'Vth': -21.0, 'Vmax': 33.0, 't_ref': 17.5, 'R': 1.0, 'tau_m': 96.5}. Best is trial 75 with value: 82.0.[0m
2021-04-07 08:42:05.827656: I tensorflow/compiler/jit/xla_gpu_device.cc:99] Not creating XLA devices, tf_xla_enable_xla_devices not set
mse_error/peak_error 0 168
[32m[I 2021-04-07 08:42:16,693][0m Trial 432 finished with value: 168.0 and parameters: {'Vahp': -27.5, 'Vth': -20.0, 'Vmax': 38.5, 't_ref': 16.0, 'R': 0.9, 'tau_m': 87.0}. Best is trial 75 with value: 82.0.[0m
2021-04-07 08:42:16.911611: I tensorflow/compiler/jit/xla_gpu_device.cc:99] Not creating XLA devices, tf_xla_enable_xla_devices not set
mse_error/peak_error 0 82.0
[32m[I 2021-04-07 08:42:27,768][0m Trial 433 finished with value: 82.0 and parameters: {'Vahp': -28.0, 'Vth': -20.0, 'Vmax': 36.0, 't_ref': 18.0, 'R': 1.0, 'tau_m': 98.0}. Best is trial 75 with value: 82.0.[0m
2021-04-07 08:42:27.980967: I tensorflow/compiler/jit/xla_gpu_device.cc:99] Not creating XLA devices, tf_xla_enable_xla_devices not set
mse_error/peak_error 0 82.0
[32m[I 2021-04-07 08:42:38,983][0m Trial 434 finished with value: 82.0 and parameters: {'Vahp': -31.0, 'Vth': -20.5, 'Vmax': 29.5, 't_ref': 16.5, 'R': 0.9, 'tau_m': 89.5}. Best is trial 75 with value: 82.0.[0m
2021-04-07 08:42:39.204312: I tensorflow/compiler/jit/xla_gpu_device.cc:99] Not creating XLA devices, tf_xla_enable_xla_devices not set
mse_error/peak_error 0 221
[32m[I 2021-04-07 08:42:50,292][0m Trial 435 finished with value: 221.0 and parameters: {'Vahp': -29.0, 'Vth': -20.0, 'Vmax': 30.5, 't_ref': 18.0, 'R': 0.9, 'tau_m': 35.0}. Best is trial 75 with value: 82.0.[0m
2021-04-07 08:42:50.528368: I tensorflow/compiler/jit/xla_gpu_device.cc:99] Not creating XLA devices, tf_xla_enable_xla_devices not set
mse_error/peak_error 0 175
[32m[I 2021-04-07 08:43:01,771][0m Trial 436 finished with value: 175.0 and parameters: {'Vahp': -34.0, 'Vth': -21.0, 'Vmax': 11.0, 't_ref': 15.0, 'R': 0.9, 'tau_m': 91.0}. Best is trial 75 with value: 82.0.[0m
2021-04-07 08:43:02.008219: I tensorflow/compiler/jit/xla_gpu_device.cc:99] Not creating XLA devices, tf_xla_enable_xla_devices not set
mse_error/peak_error 0 161
[32m[I 2021-04-07 08:43:13,213][0m Trial 437 finished with value: 161.0 and parameters: {'Vahp': -26.5, 'Vth': -20.5, 'Vmax': 40.0, 't_ref': 15.5, 'R': 1.0, 'tau_m': 95.5}. Best is trial 75 with value: 82.0.[0m
2021-04-07 08:43:13.425419: I tensorflow/compiler/jit/xla_gpu_device.cc:99] Not creating XLA devices, tf_xla_enable_xla_devices not set
mse_error/peak_error 0 176
[32m[I 2021-04-07 08:43:24,547][0m Trial 438 finished with value: 176.0 and parameters: {'Vahp': -34.5, 'Vth': -21.5, 'Vmax': 10.0, 't_ref': 15.5, 'R': 1.0, 'tau_m': 94.0}. Best is trial 75 with value: 82.0.[0m
2021-04-07 08:43:24.781418: I tensorflow/compiler/jit/xla_gpu_device.cc:99] Not creating XLA devices, tf_xla_enable_xla_devices not set
mse_error/peak_error 0 82.0
[32m[I 2021-04-07 08:43:35,971][0m Trial 439 finished with value: 82.0 and parameters: {'Vahp': -28.5, 'Vth': -20.0, 'Vmax': 38.5, 't_ref': 17.5, 'R': 0.9, 'tau_m': 87.0}. Best is trial 75 with value: 82.0.[0m
2021-04-07 08:43:36.191502: I tensorflow/compiler/jit/xla_gpu_device.cc:99] Not creating XLA devices, tf_xla_enable_xla_devices not set
mse_error/peak_error 0 82.0
[32m[I 2021-04-07 08:43:47,062][0m Trial 440 finished with value: 82.0 and parameters: {'Vahp': -28.5, 'Vth': -20.0, 'Vmax': 32.0, 't_ref': 17.5, 'R': 0.9, 'tau_m': 84.5}. Best is trial 75 with value: 82.0.[0m
2021-04-07 08:43:47.291833: I tensorflow/compiler/jit/xla_gpu_device.cc:99] Not creating XLA devices, tf_xla_enable_xla_devices not set
mse_error/peak_error 0 262
[32m[I 2021-04-07 08:43:58,670][0m Trial 441 finished with value: 262.0 and parameters: {'Vahp': -27.0, 'Vth': -21.0, 'Vmax': 32.0, 't_ref': 15.0, 'R': 1.0, 'tau_m': 80.5}. Best is trial 75 with value: 82.0.[0m
2021-04-07 08:43:58.885914: I tensorflow/compiler/jit/xla_gpu_device.cc:99] Not creating XLA devices, tf_xla_enable_xla_devices not set
mse_error/peak_error 0 509
[32m[I 2021-04-07 08:44:10,236][0m Trial 442 finished with value: 509.0 and parameters: {'Vahp': -30.0, 'Vth': -20.0, 'Vmax': 35.5, 't_ref': 18.5, 'R': 0.5, 'tau_m': 89.0}. Best is trial 75 with value: 82.0.[0m
2021-04-07 08:44:10.457810: I tensorflow/compiler/jit/xla_gpu_device.cc:99] Not creating XLA devices, tf_xla_enable_xla_devices not set
mse_error/peak_error 0 162
[32m[I 2021-04-07 08:44:21,719][0m Trial 443 finished with value: 162.0 and parameters: {'Vahp': -25.0, 'Vth': -21.5, 'Vmax': 37.5, 't_ref': 17.0, 'R': 0.9, 'tau_m': 83.5}. Best is trial 75 with value: 82.0.[0m
2021-04-07 08:44:21.940479: I tensorflow/compiler/jit/xla_gpu_device.cc:99] Not creating XLA devices, tf_xla_enable_xla_devices not set
mse_error/peak_error 0 168
[32m[I 2021-04-07 08:44:33,238][0m Trial 444 finished with value: 168.0 and parameters: {'Vahp': -30.5, 'Vth': -21.0, 'Vmax': 35.0, 't_ref': 16.0, 'R': 1.0, 'tau_m': 97.5}. Best is trial 75 with value: 82.0.[0m
2021-04-07 08:44:33.465623: I tensorflow/compiler/jit/xla_gpu_device.cc:99] Not creating XLA devices, tf_xla_enable_xla_devices not set
mse_error/peak_error 0 176
[32m[I 2021-04-07 08:44:44,750][0m Trial 445 finished with value: 176.0 and parameters: {'Vahp': -33.5, 'Vth': -21.0, 'Vmax': 33.5, 't_ref': 16.0, 'R': 1.0, 'tau_m': 92.0}. Best is trial 75 with value: 82.0.[0m
2021-04-07 08:44:44.967428: I tensorflow/compiler/jit/xla_gpu_device.cc:99] Not creating XLA devices, tf_xla_enable_xla_devices not set
mse_error/peak_error 0 82.0
[32m[I 2021-04-07 08:44:56,344][0m Trial 446 finished with value: 82.0 and parameters: {'Vahp': -26.5, 'Vth': -20.0, 'Vmax': 36.5, 't_ref': 18.5, 'R': 1.0, 'tau_m': 94.0}. Best is trial 75 with value: 82.0.[0m
2021-04-07 08:44:56.557333: I tensorflow/compiler/jit/xla_gpu_device.cc:99] Not creating XLA devices, tf_xla_enable_xla_devices not set
mse_error/peak_error 0 83.0
[32m[I 2021-04-07 08:45:08,026][0m Trial 447 finished with value: 83.0 and parameters: {'Vahp': -27.5, 'Vth': -21.0, 'Vmax': 33.5, 't_ref': 19.0, 'R': 1.0, 'tau_m': 95.0}. Best is trial 75 with value: 82.0.[0m
2021-04-07 08:45:08.253376: I tensorflow/compiler/jit/xla_gpu_device.cc:99] Not creating XLA devices, tf_xla_enable_xla_devices not set
mse_error/peak_error 0 127.0
[32m[I 2021-04-07 08:45:19,680][0m Trial 448 finished with value: 127.0 and parameters: {'Vahp': -35.5, 'Vth': -21.5, 'Vmax': 12.5, 't_ref': 15.5, 'R': 0.8, 'tau_m': 91.0}. Best is trial 75 with value: 82.0.[0m
2021-04-07 08:45:19.917288: I tensorflow/compiler/jit/xla_gpu_device.cc:99] Not creating XLA devices, tf_xla_enable_xla_devices not set
mse_error/peak_error 0 82.0
[32m[I 2021-04-07 08:45:31,431][0m Trial 449 finished with value: 82.0 and parameters: {'Vahp': -26.0, 'Vth': -20.0, 'Vmax': 37.5, 't_ref': 18.5, 'R': 1.0, 'tau_m': 99.5}. Best is trial 75 with value: 82.0.[0m
2021-04-07 08:45:31.651711: I tensorflow/compiler/jit/xla_gpu_device.cc:99] Not creating XLA devices, tf_xla_enable_xla_devices not set
mse_error/peak_error 0 177
[32m[I 2021-04-07 08:45:43,223][0m Trial 450 finished with value: 177.0 and parameters: {'Vahp': -35.5, 'Vth': -21.0, 'Vmax': 13.0, 't_ref': 16.0, 'R': 1.0, 'tau_m': 83.5}. Best is trial 75 with value: 82.0.[0m
2021-04-07 08:45:43.441049: I tensorflow/compiler/jit/xla_gpu_device.cc:99] Not creating XLA devices, tf_xla_enable_xla_devices not set
mse_error/peak_error 0 169
[32m[I 2021-04-07 08:45:54,891][0m Trial 451 finished with value: 169.0 and parameters: {'Vahp': -24.0, 'Vth': -20.5, 'Vmax': 10.5, 't_ref': 18.0, 'R': 0.9, 'tau_m': 83.5}. Best is trial 75 with value: 82.0.[0m
2021-04-07 08:45:55.122858: I tensorflow/compiler/jit/xla_gpu_device.cc:99] Not creating XLA devices, tf_xla_enable_xla_devices not set
mse_error/peak_error 0 175
[32m[I 2021-04-07 08:46:06,656][0m Trial 452 finished with value: 175.0 and parameters: {'Vahp': -33.0, 'Vth': -20.5, 'Vmax': 38.5, 't_ref': 16.0, 'R': 0.9, 'tau_m': 85.5}. Best is trial 75 with value: 82.0.[0m
2021-04-07 08:46:06.876874: I tensorflow/compiler/jit/xla_gpu_device.cc:99] Not creating XLA devices, tf_xla_enable_xla_devices not set
mse_error/peak_error 0 89.0
[32m[I 2021-04-07 08:46:18,510][0m Trial 453 finished with value: 89.0 and parameters: {'Vahp': -32.5, 'Vth': -21.0, 'Vmax': 38.0, 't_ref': 17.5, 'R': 0.9, 'tau_m': 87.0}. Best is trial 75 with value: 82.0.[0m
2021-04-07 08:46:18.746865: I tensorflow/compiler/jit/xla_gpu_device.cc:99] Not creating XLA devices, tf_xla_enable_xla_devices not set
mse_error/peak_error 0 99.0
