[32m[I 2021-04-07 08:06:02,940][0m Trial 107 finished with value: 95.0 and parameters: {'Vahp': -33.0, 'Vth': -25.0, 'Vmax': 18.5, 't_ref': 19.5, 'R': 0.7000000000000001, 'tau_m': 46.5}. Best is trial 75 with value: 82.0.[0m
2021-04-07 08:06:03.143441: I tensorflow/compiler/jit/xla_gpu_device.cc:99] Not creating XLA devices, tf_xla_enable_xla_devices not set
mse_error/peak_error 0 208
[32m[I 2021-04-07 08:06:05,581][0m Trial 108 finished with value: 208.0 and parameters: {'Vahp': -32.0, 'Vth': -26.5, 'Vmax': 17.5, 't_ref': 19.0, 'R': 0.8, 'tau_m': 37.0}. Best is trial 75 with value: 82.0.[0m
2021-04-07 08:06:05.776646: I tensorflow/compiler/jit/xla_gpu_device.cc:99] Not creating XLA devices, tf_xla_enable_xla_devices not set
mse_error/peak_error 0 171
[32m[I 2021-04-07 08:06:08,214][0m Trial 109 finished with value: 171.0 and parameters: {'Vahp': -24.5, 'Vth': -22.5, 'Vmax': 15.0, 't_ref': 18.5, 'R': 0.7000000000000001, 'tau_m': 58.0}. Best is trial 75 with value: 82.0.[0m
2021-04-07 08:06:08.438584: I tensorflow/compiler/jit/xla_gpu_device.cc:99] Not creating XLA devices, tf_xla_enable_xla_devices not set
mse_error/peak_error 0 101.0
[32m[I 2021-04-07 08:06:10,927][0m Trial 110 finished with value: 101.0 and parameters: {'Vahp': -36.0, 'Vth': -25.5, 'Vmax': 36.0, 't_ref': 19.5, 'R': 0.7000000000000001, 'tau_m': 51.5}. Best is trial 75 with value: 82.0.[0m
2021-04-07 08:06:11.122226: I tensorflow/compiler/jit/xla_gpu_device.cc:99] Not creating XLA devices, tf_xla_enable_xla_devices not set
mse_error/peak_error 0 95.0
[32m[I 2021-04-07 08:06:13,658][0m Trial 111 finished with value: 95.0 and parameters: {'Vahp': -33.0, 'Vth': -25.0, 'Vmax': 16.0, 't_ref': 20.0, 'R': 0.7000000000000001, 'tau_m': 46.0}. Best is trial 75 with value: 82.0.[0m
2021-04-07 08:06:13.855638: I tensorflow/compiler/jit/xla_gpu_device.cc:99] Not creating XLA devices, tf_xla_enable_xla_devices not set
mse_error/peak_error 0 188
[32m[I 2021-04-07 08:06:16,340][0m Trial 112 finished with value: 188.0 and parameters: {'Vahp': -31.5, 'Vth': -25.0, 'Vmax': 16.5, 't_ref': 20.0, 'R': 0.7000000000000001, 'tau_m': 44.5}. Best is trial 75 with value: 82.0.[0m
2021-04-07 08:06:16.554041: I tensorflow/compiler/jit/xla_gpu_device.cc:99] Not creating XLA devices, tf_xla_enable_xla_devices not set
mse_error/peak_error 0 125.0
[32m[I 2021-04-07 08:06:19,072][0m Trial 113 finished with value: 125.0 and parameters: {'Vahp': -42.5, 'Vth': -21.0, 'Vmax': 16.0, 't_ref': 19.0, 'R': 0.7000000000000001, 'tau_m': 53.0}. Best is trial 75 with value: 82.0.[0m
2021-04-07 08:06:19.287329: I tensorflow/compiler/jit/xla_gpu_device.cc:99] Not creating XLA devices, tf_xla_enable_xla_devices not set
mse_error/peak_error 0 187
[32m[I 2021-04-07 08:06:21,856][0m Trial 114 finished with value: 187.0 and parameters: {'Vahp': -29.5, 'Vth': -25.5, 'Vmax': 19.0, 't_ref': 19.5, 'R': 0.8, 'tau_m': 56.0}. Best is trial 75 with value: 82.0.[0m
2021-04-07 08:06:22.059400: I tensorflow/compiler/jit/xla_gpu_device.cc:99] Not creating XLA devices, tf_xla_enable_xla_devices not set
mse_error/peak_error 0 188
[32m[I 2021-04-07 08:06:24,646][0m Trial 115 finished with value: 188.0 and parameters: {'Vahp': -33.0, 'Vth': -26.0, 'Vmax': 13.0, 't_ref': 20.0, 'R': 0.7000000000000001, 'tau_m': 45.0}. Best is trial 75 with value: 82.0.[0m
2021-04-07 08:06:24.839524: I tensorflow/compiler/jit/xla_gpu_device.cc:99] Not creating XLA devices, tf_xla_enable_xla_devices not set
mse_error/peak_error 0 177
[32m[I 2021-04-07 08:06:27,406][0m Trial 116 finished with value: 177.0 and parameters: {'Vahp': -28.0, 'Vth': -25.0, 'Vmax': 15.0, 't_ref': 18.5, 'R': 0.7000000000000001, 'tau_m': 49.0}. Best is trial 75 with value: 82.0.[0m
2021-04-07 08:06:27.632826: I tensorflow/compiler/jit/xla_gpu_device.cc:99] Not creating XLA devices, tf_xla_enable_xla_devices not set
mse_error/peak_error 0 93.0
[32m[I 2021-04-07 08:06:30,242][0m Trial 117 finished with value: 93.0 and parameters: {'Vahp': -37.0, 'Vth': -27.0, 'Vmax': 17.5, 't_ref': 19.0, 'R': 0.7000000000000001, 'tau_m': 58.5}. Best is trial 75 with value: 82.0.[0m
2021-04-07 08:06:30.439239: I tensorflow/compiler/jit/xla_gpu_device.cc:99] Not creating XLA devices, tf_xla_enable_xla_devices not set
mse_error/peak_error 0 188
[32m[I 2021-04-07 08:06:33,039][0m Trial 118 finished with value: 188.0 and parameters: {'Vahp': -37.0, 'Vth': -28.0, 'Vmax': 17.5, 't_ref': 19.0, 'R': 0.8, 'tau_m': 58.0}. Best is trial 75 with value: 82.0.[0m
2021-04-07 08:06:33.236773: I tensorflow/compiler/jit/xla_gpu_device.cc:99] Not creating XLA devices, tf_xla_enable_xla_devices not set
mse_error/peak_error 0 662.0
[32m[I 2021-04-07 08:06:35,875][0m Trial 119 finished with value: 662.0 and parameters: {'Vahp': -36.0, 'Vth': -27.5, 'Vmax': 18.5, 't_ref': 7.5, 'R': 0.7000000000000001, 'tau_m': 55.0}. Best is trial 75 with value: 82.0.[0m
2021-04-07 08:06:36.082568: I tensorflow/compiler/jit/xla_gpu_device.cc:99] Not creating XLA devices, tf_xla_enable_xla_devices not set
mse_error/peak_error 0 134.0
[32m[I 2021-04-07 08:06:38,660][0m Trial 120 finished with value: 134.0 and parameters: {'Vahp': -34.0, 'Vth': -22.0, 'Vmax': 20.0, 't_ref': 18.5, 'R': 0.6, 'tau_m': 61.0}. Best is trial 75 with value: 82.0.[0m
2021-04-07 08:06:38.857665: I tensorflow/compiler/jit/xla_gpu_device.cc:99] Not creating XLA devices, tf_xla_enable_xla_devices not set
mse_error/peak_error 0 94.0
[32m[I 2021-04-07 08:06:41,532][0m Trial 121 finished with value: 94.0 and parameters: {'Vahp': -34.5, 'Vth': -26.5, 'Vmax': 16.0, 't_ref': 20.0, 'R': 0.7000000000000001, 'tau_m': 51.0}. Best is trial 75 with value: 82.0.[0m
2021-04-07 08:06:41.728531: I tensorflow/compiler/jit/xla_gpu_device.cc:99] Not creating XLA devices, tf_xla_enable_xla_devices not set
mse_error/peak_error 0 102.0
[32m[I 2021-04-07 08:06:44,432][0m Trial 122 finished with value: 102.0 and parameters: {'Vahp': -37.5, 'Vth': -26.5, 'Vmax': 14.0, 't_ref': 19.5, 'R': 0.7000000000000001, 'tau_m': 49.5}. Best is trial 75 with value: 82.0.[0m
2021-04-07 08:06:44.634628: I tensorflow/compiler/jit/xla_gpu_device.cc:99] Not creating XLA devices, tf_xla_enable_xla_devices not set
mse_error/peak_error 0 187
[32m[I 2021-04-07 08:06:47,414][0m Trial 123 finished with value: 187.0 and parameters: {'Vahp': -35.0, 'Vth': -27.0, 'Vmax': 17.0, 't_ref': 19.0, 'R': 0.7000000000000001, 'tau_m': 51.0}. Best is trial 75 with value: 82.0.[0m
2021-04-07 08:06:47.620924: I tensorflow/compiler/jit/xla_gpu_device.cc:99] Not creating XLA devices, tf_xla_enable_xla_devices not set
mse_error/peak_error 0 178
[32m[I 2021-04-07 08:06:50,350][0m Trial 124 finished with value: 178.0 and parameters: {'Vahp': -27.0, 'Vth': -26.5, 'Vmax': 12.5, 't_ref': 20.0, 'R': 0.6, 'tau_m': 53.5}. Best is trial 75 with value: 82.0.[0m
2021-04-07 08:06:50.567150: I tensorflow/compiler/jit/xla_gpu_device.cc:99] Not creating XLA devices, tf_xla_enable_xla_devices not set
mse_error/peak_error 0 178
[32m[I 2021-04-07 08:06:53,328][0m Trial 125 finished with value: 178.0 and parameters: {'Vahp': -28.5, 'Vth': -26.0, 'Vmax': 15.5, 't_ref': 19.5, 'R': 0.7000000000000001, 'tau_m': 62.0}. Best is trial 75 with value: 82.0.[0m
2021-04-07 08:06:53.531944: I tensorflow/compiler/jit/xla_gpu_device.cc:99] Not creating XLA devices, tf_xla_enable_xla_devices not set
mse_error/peak_error 0 186
[32m[I 2021-04-07 08:06:56,380][0m Trial 126 finished with value: 186.0 and parameters: {'Vahp': -30.0, 'Vth': -26.5, 'Vmax': 14.5, 't_ref': 20.0, 'R': 0.7000000000000001, 'tau_m': 56.5}. Best is trial 75 with value: 82.0.[0m
2021-04-07 08:06:56.576197: I tensorflow/compiler/jit/xla_gpu_device.cc:99] Not creating XLA devices, tf_xla_enable_xla_devices not set
mse_error/peak_error 0 112.0
[32m[I 2021-04-07 08:06:59,436][0m Trial 127 finished with value: 112.0 and parameters: {'Vahp': -60.0, 'Vth': -37.5, 'Vmax': 17.0, 't_ref': 18.5, 'R': 0.8, 'tau_m': 59.5}. Best is trial 75 with value: 82.0.[0m
2021-04-07 08:06:59.633023: I tensorflow/compiler/jit/xla_gpu_device.cc:99] Not creating XLA devices, tf_xla_enable_xla_devices not set
mse_error/peak_error 0 176
[32m[I 2021-04-07 08:07:02,454][0m Trial 128 finished with value: 176.0 and parameters: {'Vahp': -26.0, 'Vth': -22.5, 'Vmax': 16.5, 't_ref': 19.0, 'R': 0.7000000000000001, 'tau_m': 64.5}. Best is trial 75 with value: 82.0.[0m
2021-04-07 08:07:02.653057: I tensorflow/compiler/jit/xla_gpu_device.cc:99] Not creating XLA devices, tf_xla_enable_xla_devices not set
mse_error/peak_error 0 100.0
[32m[I 2021-04-07 08:07:05,521][0m Trial 129 finished with value: 100.0 and parameters: {'Vahp': -39.5, 'Vth': -31.5, 'Vmax': 15.0, 't_ref': 19.5, 'R': 0.6, 'tau_m': 58.5}. Best is trial 75 with value: 82.0.[0m
2021-04-07 08:07:05.716106: I tensorflow/compiler/jit/xla_gpu_device.cc:99] Not creating XLA devices, tf_xla_enable_xla_devices not set
mse_error/peak_error 0 101.0
[32m[I 2021-04-07 08:07:08,613][0m Trial 130 finished with value: 101.0 and parameters: {'Vahp': -34.0, 'Vth': -23.5, 'Vmax': 34.0, 't_ref': 18.5, 'R': 0.7000000000000001, 'tau_m': 68.0}. Best is trial 75 with value: 82.0.[0m
2021-04-07 08:07:08.810990: I tensorflow/compiler/jit/xla_gpu_device.cc:99] Not creating XLA devices, tf_xla_enable_xla_devices not set
mse_error/peak_error 0 95.0
[32m[I 2021-04-07 08:07:11,753][0m Trial 131 finished with value: 95.0 and parameters: {'Vahp': -33.0, 'Vth': -25.5, 'Vmax': 16.0, 't_ref': 20.0, 'R': 0.7000000000000001, 'tau_m': 46.0}. Best is trial 75 with value: 82.0.[0m
2021-04-07 08:07:11.970277: I tensorflow/compiler/jit/xla_gpu_device.cc:99] Not creating XLA devices, tf_xla_enable_xla_devices not set
mse_error/peak_error 0 100.0
[32m[I 2021-04-07 08:07:14,945][0m Trial 132 finished with value: 100.0 and parameters: {'Vahp': -35.5, 'Vth': -28.5, 'Vmax': 16.0, 't_ref': 20.0, 'R': 0.7000000000000001, 'tau_m': 73.5}. Best is trial 75 with value: 82.0.[0m
2021-04-07 08:07:15.162736: I tensorflow/compiler/jit/xla_gpu_device.cc:99] Not creating XLA devices, tf_xla_enable_xla_devices not set
mse_error/peak_error 0 188
[32m[I 2021-04-07 08:07:18,124][0m Trial 133 finished with value: 188.0 and parameters: {'Vahp': -32.0, 'Vth': -25.0, 'Vmax': 17.5, 't_ref': 19.5, 'R': 0.7000000000000001, 'tau_m': 43.5}. Best is trial 75 with value: 82.0.[0m
2021-04-07 08:07:18.332766: I tensorflow/compiler/jit/xla_gpu_device.cc:99] Not creating XLA devices, tf_xla_enable_xla_devices not set
mse_error/peak_error 0 187
[32m[I 2021-04-07 08:07:21,347][0m Trial 134 finished with value: 187.0 and parameters: {'Vahp': -29.5, 'Vth': -24.5, 'Vmax': 18.0, 't_ref': 20.0, 'R': 0.7000000000000001, 'tau_m': 50.5}. Best is trial 75 with value: 82.0.[0m
2021-04-07 08:07:21.559566: I tensorflow/compiler/jit/xla_gpu_device.cc:99] Not creating XLA devices, tf_xla_enable_xla_devices not set
mse_error/peak_error 0 94.0
[32m[I 2021-04-07 08:07:24,635][0m Trial 135 finished with value: 94.0 and parameters: {'Vahp': -36.5, 'Vth': -24.0, 'Vmax': 18.5, 't_ref': 19.0, 'R': 0.6, 'tau_m': 39.5}. Best is trial 75 with value: 82.0.[0m
2021-04-07 08:07:24.840191: I tensorflow/compiler/jit/xla_gpu_device.cc:99] Not creating XLA devices, tf_xla_enable_xla_devices not set
mse_error/peak_error 0 196
[32m[I 2021-04-07 08:07:27,961][0m Trial 136 finished with value: 196.0 and parameters: {'Vahp': -38.5, 'Vth': -24.0, 'Vmax': 13.5, 't_ref': 19.0, 'R': 0.6, 'tau_m': 33.0}. Best is trial 75 with value: 82.0.[0m
2021-04-07 08:07:28.375948: I tensorflow/compiler/jit/xla_gpu_device.cc:99] Not creating XLA devices, tf_xla_enable_xla_devices not set
mse_error/peak_error 0 234
[32m[I 2021-04-07 08:07:31,478][0m Trial 137 finished with value: 234.0 and parameters: {'Vahp': -28.5, 'Vth': -24.0, 'Vmax': 19.0, 't_ref': 18.0, 'R': 0.6, 'tau_m': 25.5}. Best is trial 75 with value: 82.0.[0m
2021-04-07 08:07:31.690301: I tensorflow/compiler/jit/xla_gpu_device.cc:99] Not creating XLA devices, tf_xla_enable_xla_devices not set
mse_error/peak_error 0 113.0
[32m[I 2021-04-07 08:07:34,767][0m Trial 138 finished with value: 113.0 and parameters: {'Vahp': -36.5, 'Vth': -23.0, 'Vmax': 14.0, 't_ref': 19.0, 'R': 0.6, 'tau_m': 54.0}. Best is trial 75 with value: 82.0.[0m
2021-04-07 08:07:34.974919: I tensorflow/compiler/jit/xla_gpu_device.cc:99] Not creating XLA devices, tf_xla_enable_xla_devices not set
mse_error/peak_error 0 196
[32m[I 2021-04-07 08:07:38,128][0m Trial 139 finished with value: 196.0 and parameters: {'Vahp': -37.0, 'Vth': -27.5, 'Vmax': 18.5, 't_ref': 19.5, 'R': 0.6, 'tau_m': 38.0}. Best is trial 75 with value: 82.0.[0m
2021-04-07 08:07:38.356921: I tensorflow/compiler/jit/xla_gpu_device.cc:99] Not creating XLA devices, tf_xla_enable_xla_devices not set
mse_error/peak_error 0 93.0
[32m[I 2021-04-07 08:07:41,606][0m Trial 140 finished with value: 93.0 and parameters: {'Vahp': -34.5, 'Vth': -24.5, 'Vmax': 15.0, 't_ref': 18.5, 'R': 0.8, 'tau_m': 61.0}. Best is trial 75 with value: 82.0.[0m
2021-04-07 08:07:41.816788: I tensorflow/compiler/jit/xla_gpu_device.cc:99] Not creating XLA devices, tf_xla_enable_xla_devices not set
mse_error/peak_error 0 93.0
[32m[I 2021-04-07 08:07:45,051][0m Trial 141 finished with value: 93.0 and parameters: {'Vahp': -35.5, 'Vth': -24.5, 'Vmax': 15.0, 't_ref': 18.5, 'R': 0.8, 'tau_m': 61.5}. Best is trial 75 with value: 82.0.[0m
2021-04-07 08:07:45.251928: I tensorflow/compiler/jit/xla_gpu_device.cc:99] Not creating XLA devices, tf_xla_enable_xla_devices not set
mse_error/peak_error 0 174
[32m[I 2021-04-07 08:07:48,461][0m Trial 142 finished with value: 174.0 and parameters: {'Vahp': -27.5, 'Vth': -24.5, 'Vmax': 14.5, 't_ref': 18.0, 'R': 0.9, 'tau_m': 62.0}. Best is trial 75 with value: 82.0.[0m
2021-04-07 08:07:48.667339: I tensorflow/compiler/jit/xla_gpu_device.cc:99] Not creating XLA devices, tf_xla_enable_xla_devices not set
mse_error/peak_error 0 187
[32m[I 2021-04-07 08:07:51,942][0m Trial 143 finished with value: 187.0 and parameters: {'Vahp': -34.5, 'Vth': -25.5, 'Vmax': 15.0, 't_ref': 18.5, 'R': 0.9, 'tau_m': 65.5}. Best is trial 75 with value: 82.0.[0m
2021-04-07 08:07:52.154409: I tensorflow/compiler/jit/xla_gpu_device.cc:99] Not creating XLA devices, tf_xla_enable_xla_devices not set
mse_error/peak_error 0 93.0
[32m[I 2021-04-07 08:07:55,445][0m Trial 144 finished with value: 93.0 and parameters: {'Vahp': -38.0, 'Vth': -23.5, 'Vmax': 16.5, 't_ref': 17.5, 'R': 0.8, 'tau_m': 60.0}. Best is trial 75 with value: 82.0.[0m
2021-04-07 08:07:55.662571: I tensorflow/compiler/jit/xla_gpu_device.cc:99] Not creating XLA devices, tf_xla_enable_xla_devices not set
mse_error/peak_error 0 92.0
[32m[I 2021-04-07 08:07:58,959][0m Trial 145 finished with value: 92.0 and parameters: {'Vahp': -39.0, 'Vth': -23.5, 'Vmax': 17.5, 't_ref': 17.0, 'R': 0.8, 'tau_m': 64.0}. Best is trial 75 with value: 82.0.[0m
2021-04-07 08:07:59.161512: I tensorflow/compiler/jit/xla_gpu_device.cc:99] Not creating XLA devices, tf_xla_enable_xla_devices not set
mse_error/peak_error 0 99.0
[32m[I 2021-04-07 08:08:02,488][0m Trial 146 finished with value: 99.0 and parameters: {'Vahp': -40.0, 'Vth': -21.5, 'Vmax': 13.0, 't_ref': 17.5, 'R': 0.8, 'tau_m': 61.0}. Best is trial 75 with value: 82.0.[0m
2021-04-07 08:08:02.691951: I tensorflow/compiler/jit/xla_gpu_device.cc:99] Not creating XLA devices, tf_xla_enable_xla_devices not set
mse_error/peak_error 0 92.0
[32m[I 2021-04-07 08:08:06,005][0m Trial 147 finished with value: 92.0 and parameters: {'Vahp': -41.0, 'Vth': -23.0, 'Vmax': 15.5, 't_ref': 17.0, 'R': 0.8, 'tau_m': 64.0}. Best is trial 75 with value: 82.0.[0m
2021-04-07 08:08:06.228957: I tensorflow/compiler/jit/xla_gpu_device.cc:99] Not creating XLA devices, tf_xla_enable_xla_devices not set
mse_error/peak_error 0 100.0
[32m[I 2021-04-07 08:08:09,670][0m Trial 148 finished with value: 100.0 and parameters: {'Vahp': -42.5, 'Vth': -22.0, 'Vmax': 17.0, 't_ref': 17.0, 'R': 0.9, 'tau_m': 66.5}. Best is trial 75 with value: 82.0.[0m
2021-04-07 08:08:09.871816: I tensorflow/compiler/jit/xla_gpu_device.cc:99] Not creating XLA devices, tf_xla_enable_xla_devices not set
mse_error/peak_error 0 202
[32m[I 2021-04-07 08:08:13,263][0m Trial 149 finished with value: 202.0 and parameters: {'Vahp': -44.5, 'Vth': -35.5, 'Vmax': 12.0, 't_ref': 16.5, 'R': 0.9, 'tau_m': 70.5}. Best is trial 75 with value: 82.0.[0m
2021-04-07 08:08:13.466655: I tensorflow/compiler/jit/xla_gpu_device.cc:99] Not creating XLA devices, tf_xla_enable_xla_devices not set
mse_error/peak_error 0 185
[32m[I 2021-04-07 08:08:16,867][0m Trial 150 finished with value: 185.0 and parameters: {'Vahp': -41.0, 'Vth': -23.0, 'Vmax': 17.5, 't_ref': 15.5, 'R': 0.8, 'tau_m': 63.5}. Best is trial 75 with value: 82.0.[0m
2021-04-07 08:08:17.079540: I tensorflow/compiler/jit/xla_gpu_device.cc:99] Not creating XLA devices, tf_xla_enable_xla_devices not set
mse_error/peak_error 0 93.0
[32m[I 2021-04-07 08:08:20,452][0m Trial 151 finished with value: 93.0 and parameters: {'Vahp': -38.0, 'Vth': -23.5, 'Vmax': 15.5, 't_ref': 17.5, 'R': 0.8, 'tau_m': 60.0}. Best is trial 75 with value: 82.0.[0m
2021-04-07 08:08:20.667024: I tensorflow/compiler/jit/xla_gpu_device.cc:99] Not creating XLA devices, tf_xla_enable_xla_devices not set
mse_error/peak_error 0 93.0
[32m[I 2021-04-07 08:08:24,096][0m Trial 152 finished with value: 93.0 and parameters: {'Vahp': -38.0, 'Vth': -23.5, 'Vmax': 15.5, 't_ref': 17.5, 'R': 0.8, 'tau_m': 59.5}. Best is trial 75 with value: 82.0.[0m
2021-04-07 08:08:24.302738: I tensorflow/compiler/jit/xla_gpu_device.cc:99] Not creating XLA devices, tf_xla_enable_xla_devices not set
mse_error/peak_error 0 186
[32m[I 2021-04-07 08:08:27,801][0m Trial 153 finished with value: 186.0 and parameters: {'Vahp': -39.5, 'Vth': -23.5, 'Vmax': 15.5, 't_ref': 17.0, 'R': 0.8, 'tau_m': 59.0}. Best is trial 75 with value: 82.0.[0m
2021-04-07 08:08:28.012038: I tensorflow/compiler/jit/xla_gpu_device.cc:99] Not creating XLA devices, tf_xla_enable_xla_devices not set
mse_error/peak_error 0 100.0
[32m[I 2021-04-07 08:08:31,545][0m Trial 154 finished with value: 100.0 and parameters: {'Vahp': -41.0, 'Vth': -22.5, 'Vmax': 14.5, 't_ref': 16.5, 'R': 0.8, 'tau_m': 68.5}. Best is trial 75 with value: 82.0.[0m
2021-04-07 08:08:31.741621: I tensorflow/compiler/jit/xla_gpu_device.cc:99] Not creating XLA devices, tf_xla_enable_xla_devices not set
mse_error/peak_error 0 92.0
[32m[I 2021-04-07 08:08:35,203][0m Trial 155 finished with value: 92.0 and parameters: {'Vahp': -38.5, 'Vth': -23.5, 'Vmax': 14.0, 't_ref': 17.5, 'R': 0.8, 'tau_m': 64.5}. Best is trial 75 with value: 82.0.[0m
2021-04-07 08:08:35.426743: I tensorflow/compiler/jit/xla_gpu_device.cc:99] Not creating XLA devices, tf_xla_enable_xla_devices not set
mse_error/peak_error 0 93.0
[32m[I 2021-04-07 08:08:39,017][0m Trial 156 finished with value: 93.0 and parameters: {'Vahp': -38.5, 'Vth': -23.5, 'Vmax': 16.5, 't_ref': 17.5, 'R': 0.8, 'tau_m': 63.5}. Best is trial 75 with value: 82.0.[0m
2021-04-07 08:08:39.232317: I tensorflow/compiler/jit/xla_gpu_device.cc:99] Not creating XLA devices, tf_xla_enable_xla_devices not set
mse_error/peak_error 0 99.0
[32m[I 2021-04-07 08:08:42,807][0m Trial 157 finished with value: 99.0 and parameters: {'Vahp': -42.0, 'Vth': -23.0, 'Vmax': 13.5, 't_ref': 17.0, 'R': 0.8, 'tau_m': 65.0}. Best is trial 75 with value: 82.0.[0m
2021-04-07 08:08:43.012551: I tensorflow/compiler/jit/xla_gpu_device.cc:99] Not creating XLA devices, tf_xla_enable_xla_devices not set
mse_error/peak_error 0 186
[32m[I 2021-04-07 08:08:46,603][0m Trial 158 finished with value: 186.0 and parameters: {'Vahp': -39.0, 'Vth': -23.0, 'Vmax': 14.0, 't_ref': 16.5, 'R': 0.9, 'tau_m': 67.0}. Best is trial 75 with value: 82.0.[0m
2021-04-07 08:08:46.801304: I tensorflow/compiler/jit/xla_gpu_device.cc:99] Not creating XLA devices, tf_xla_enable_xla_devices not set
mse_error/peak_error 0 93.0
[32m[I 2021-04-07 08:08:50,398][0m Trial 159 finished with value: 93.0 and parameters: {'Vahp': -38.5, 'Vth': -24.0, 'Vmax': 15.0, 't_ref': 18.0, 'R': 0.8, 'tau_m': 63.0}. Best is trial 75 with value: 82.0.[0m
2021-04-07 08:08:50.596096: I tensorflow/compiler/jit/xla_gpu_device.cc:99] Not creating XLA devices, tf_xla_enable_xla_devices not set
mse_error/peak_error 0 112.0
[32m[I 2021-04-07 08:08:54,195][0m Trial 160 finished with value: 112.0 and parameters: {'Vahp': -40.0, 'Vth': -21.5, 'Vmax': 40.0, 't_ref': 18.0, 'R': 0.9, 'tau_m': 72.0}. Best is trial 75 with value: 82.0.[0m
2021-04-07 08:08:54.404294: I tensorflow/compiler/jit/xla_gpu_device.cc:99] Not creating XLA devices, tf_xla_enable_xla_devices not set
mse_error/peak_error 0 93.0
[32m[I 2021-04-07 08:08:58,063][0m Trial 161 finished with value: 93.0 and parameters: {'Vahp': -38.0, 'Vth': -23.5, 'Vmax': 15.0, 't_ref': 17.5, 'R': 0.8, 'tau_m': 61.5}. Best is trial 75 with value: 82.0.[0m
2021-04-07 08:08:58.266166: I tensorflow/compiler/jit/xla_gpu_device.cc:99] Not creating XLA devices, tf_xla_enable_xla_devices not set
mse_error/peak_error 0 93.0
[32m[I 2021-04-07 08:09:01,880][0m Trial 162 finished with value: 93.0 and parameters: {'Vahp': -37.5, 'Vth': -24.0, 'Vmax': 13.0, 't_ref': 18.0, 'R': 0.8, 'tau_m': 63.0}. Best is trial 75 with value: 82.0.[0m
2021-04-07 08:09:02.081240: I tensorflow/compiler/jit/xla_gpu_device.cc:99] Not creating XLA devices, tf_xla_enable_xla_devices not set
mse_error/peak_error 0 185
[32m[I 2021-04-07 08:09:05,686][0m Trial 163 finished with value: 185.0 and parameters: {'Vahp': -40.5, 'Vth': -24.0, 'Vmax': 13.0, 't_ref': 16.0, 'R': 0.8, 'tau_m': 65.0}. Best is trial 75 with value: 82.0.[0m
2021-04-07 08:09:05.898588: I tensorflow/compiler/jit/xla_gpu_device.cc:99] Not creating XLA devices, tf_xla_enable_xla_devices not set
mse_error/peak_error 0 113.0
