[32m[I 2021-04-07 08:13:37,659][0m Trial 222 finished with value: 89.0 and parameters: {'Vahp': -35.0, 'Vth': -20.5, 'Vmax': 12.0, 't_ref': 16.5, 'R': 0.9, 'tau_m': 86.0}. Best is trial 75 with value: 82.0.[0m
2021-04-07 08:13:37.871876: I tensorflow/compiler/jit/xla_gpu_device.cc:99] Not creating XLA devices, tf_xla_enable_xla_devices not set
mse_error/peak_error 0 176
[32m[I 2021-04-07 08:13:43,087][0m Trial 223 finished with value: 176.0 and parameters: {'Vahp': -33.5, 'Vth': -21.0, 'Vmax': 12.5, 't_ref': 16.0, 'R': 1.0, 'tau_m': 90.5}. Best is trial 75 with value: 82.0.[0m
2021-04-07 08:13:43.309017: I tensorflow/compiler/jit/xla_gpu_device.cc:99] Not creating XLA devices, tf_xla_enable_xla_devices not set
mse_error/peak_error 0 175
[32m[I 2021-04-07 08:13:48,496][0m Trial 224 finished with value: 175.0 and parameters: {'Vahp': -34.0, 'Vth': -20.5, 'Vmax': 11.0, 't_ref': 15.0, 'R': 0.9, 'tau_m': 86.5}. Best is trial 75 with value: 82.0.[0m
2021-04-07 08:13:48.731608: I tensorflow/compiler/jit/xla_gpu_device.cc:99] Not creating XLA devices, tf_xla_enable_xla_devices not set
mse_error/peak_error 0 89.0
[32m[I 2021-04-07 08:13:53,913][0m Trial 225 finished with value: 89.0 and parameters: {'Vahp': -35.0, 'Vth': -20.0, 'Vmax': 12.5, 't_ref': 16.0, 'R': 0.9, 'tau_m': 88.0}. Best is trial 75 with value: 82.0.[0m
2021-04-07 08:13:54.128426: I tensorflow/compiler/jit/xla_gpu_device.cc:99] Not creating XLA devices, tf_xla_enable_xla_devices not set
mse_error/peak_error 0 121.0
[32m[I 2021-04-07 08:13:59,304][0m Trial 226 finished with value: 121.0 and parameters: {'Vahp': -36.0, 'Vth': -20.5, 'Vmax': 11.5, 't_ref': 16.5, 'R': 0.9, 'tau_m': 94.0}. Best is trial 75 with value: 82.0.[0m
2021-04-07 08:13:59.531055: I tensorflow/compiler/jit/xla_gpu_device.cc:99] Not creating XLA devices, tf_xla_enable_xla_devices not set
mse_error/peak_error 0 162
[32m[I 2021-04-07 08:14:04,755][0m Trial 227 finished with value: 162.0 and parameters: {'Vahp': -35.0, 'Vth': -21.0, 'Vmax': 12.0, 't_ref': 12.5, 'R': 0.9, 'tau_m': 85.5}. Best is trial 75 with value: 82.0.[0m
2021-04-07 08:14:04.969558: I tensorflow/compiler/jit/xla_gpu_device.cc:99] Not creating XLA devices, tf_xla_enable_xla_devices not set
mse_error/peak_error 0 176
[32m[I 2021-04-07 08:14:10,253][0m Trial 228 finished with value: 176.0 and parameters: {'Vahp': -34.5, 'Vth': -21.5, 'Vmax': 11.0, 't_ref': 16.0, 'R': 0.9, 'tau_m': 82.0}. Best is trial 75 with value: 82.0.[0m
2021-04-07 08:14:10.461212: I tensorflow/compiler/jit/xla_gpu_device.cc:99] Not creating XLA devices, tf_xla_enable_xla_devices not set
mse_error/peak_error 0 102.0
[32m[I 2021-04-07 08:14:15,780][0m Trial 229 finished with value: 102.0 and parameters: {'Vahp': -36.0, 'Vth': -20.0, 'Vmax': 12.5, 't_ref': 16.5, 'R': 0.9, 'tau_m': 84.5}. Best is trial 75 with value: 82.0.[0m
2021-04-07 08:14:16.008818: I tensorflow/compiler/jit/xla_gpu_device.cc:99] Not creating XLA devices, tf_xla_enable_xla_devices not set
mse_error/peak_error 0 99.0
[32m[I 2021-04-07 08:14:21,347][0m Trial 230 finished with value: 99.0 and parameters: {'Vahp': -35.0, 'Vth': -21.0, 'Vmax': 13.0, 't_ref': 15.5, 'R': 0.9, 'tau_m': 92.0}. Best is trial 75 with value: 82.0.[0m
2021-04-07 08:14:21.549709: I tensorflow/compiler/jit/xla_gpu_device.cc:99] Not creating XLA devices, tf_xla_enable_xla_devices not set
mse_error/peak_error 0 83.0
[32m[I 2021-04-07 08:14:26,876][0m Trial 231 finished with value: 83.0 and parameters: {'Vahp': -36.0, 'Vth': -21.0, 'Vmax': 12.0, 't_ref': 16.0, 'R': 0.9, 'tau_m': 81.5}. Best is trial 75 with value: 82.0.[0m
2021-04-07 08:14:27.077761: I tensorflow/compiler/jit/xla_gpu_device.cc:99] Not creating XLA devices, tf_xla_enable_xla_devices not set
mse_error/peak_error 0 176
[32m[I 2021-04-07 08:14:32,534][0m Trial 232 finished with value: 176.0 and parameters: {'Vahp': -36.5, 'Vth': -21.0, 'Vmax': 13.0, 't_ref': 15.0, 'R': 0.9, 'tau_m': 83.0}. Best is trial 75 with value: 82.0.[0m
2021-04-07 08:14:32.737313: I tensorflow/compiler/jit/xla_gpu_device.cc:99] Not creating XLA devices, tf_xla_enable_xla_devices not set
mse_error/peak_error 0 176
[32m[I 2021-04-07 08:14:38,114][0m Trial 233 finished with value: 176.0 and parameters: {'Vahp': -33.5, 'Vth': -20.5, 'Vmax': 13.0, 't_ref': 15.5, 'R': 1.0, 'tau_m': 88.5}. Best is trial 75 with value: 82.0.[0m
2021-04-07 08:14:38.326910: I tensorflow/compiler/jit/xla_gpu_device.cc:99] Not creating XLA devices, tf_xla_enable_xla_devices not set
mse_error/peak_error 0 83.0
[32m[I 2021-04-07 08:14:43,748][0m Trial 234 finished with value: 83.0 and parameters: {'Vahp': -35.5, 'Vth': -21.5, 'Vmax': 12.0, 't_ref': 16.0, 'R': 0.9, 'tau_m': 82.0}. Best is trial 75 with value: 82.0.[0m
2021-04-07 08:14:43.958606: I tensorflow/compiler/jit/xla_gpu_device.cc:99] Not creating XLA devices, tf_xla_enable_xla_devices not set
mse_error/peak_error 0 83.0
[32m[I 2021-04-07 08:14:49,413][0m Trial 235 finished with value: 83.0 and parameters: {'Vahp': -34.0, 'Vth': -21.5, 'Vmax': 11.5, 't_ref': 16.5, 'R': 0.9, 'tau_m': 85.0}. Best is trial 75 with value: 82.0.[0m
2021-04-07 08:14:49.615402: I tensorflow/compiler/jit/xla_gpu_device.cc:99] Not creating XLA devices, tf_xla_enable_xla_devices not set
mse_error/peak_error 0 83.0
[32m[I 2021-04-07 08:14:55,082][0m Trial 236 finished with value: 83.0 and parameters: {'Vahp': -34.0, 'Vth': -21.5, 'Vmax': 10.5, 't_ref': 16.5, 'R': 0.9, 'tau_m': 86.0}. Best is trial 75 with value: 82.0.[0m
2021-04-07 08:14:55.286707: I tensorflow/compiler/jit/xla_gpu_device.cc:99] Not creating XLA devices, tf_xla_enable_xla_devices not set
mse_error/peak_error 0 82.0
[32m[I 2021-04-07 08:15:00,649][0m Trial 237 finished with value: 82.0 and parameters: {'Vahp': -33.0, 'Vth': -21.0, 'Vmax': 10.0, 't_ref': 16.5, 'R': 0.9, 'tau_m': 87.5}. Best is trial 75 with value: 82.0.[0m
2021-04-07 08:15:00.850841: I tensorflow/compiler/jit/xla_gpu_device.cc:99] Not creating XLA devices, tf_xla_enable_xla_devices not set
mse_error/peak_error 0 175
[32m[I 2021-04-07 08:15:06,385][0m Trial 238 finished with value: 175.0 and parameters: {'Vahp': -33.0, 'Vth': -21.0, 'Vmax': 10.0, 't_ref': 16.0, 'R': 0.9, 'tau_m': 88.0}. Best is trial 75 with value: 82.0.[0m
2021-04-07 08:15:06.606665: I tensorflow/compiler/jit/xla_gpu_device.cc:99] Not creating XLA devices, tf_xla_enable_xla_devices not set
mse_error/peak_error 0 83.0
[32m[I 2021-04-07 08:15:12,158][0m Trial 239 finished with value: 83.0 and parameters: {'Vahp': -32.5, 'Vth': -21.5, 'Vmax': 10.5, 't_ref': 16.5, 'R': 0.9, 'tau_m': 85.5}. Best is trial 75 with value: 82.0.[0m
2021-04-07 08:15:12.362570: I tensorflow/compiler/jit/xla_gpu_device.cc:99] Not creating XLA devices, tf_xla_enable_xla_devices not set
mse_error/peak_error 0 83.0
[32m[I 2021-04-07 08:15:17,889][0m Trial 240 finished with value: 83.0 and parameters: {'Vahp': -33.0, 'Vth': -21.5, 'Vmax': 10.5, 't_ref': 16.5, 'R': 0.9, 'tau_m': 85.5}. Best is trial 75 with value: 82.0.[0m
2021-04-07 08:15:18.112017: I tensorflow/compiler/jit/xla_gpu_device.cc:99] Not creating XLA devices, tf_xla_enable_xla_devices not set
mse_error/peak_error 0 83.0
[32m[I 2021-04-07 08:15:23,723][0m Trial 241 finished with value: 83.0 and parameters: {'Vahp': -32.5, 'Vth': -20.5, 'Vmax': 10.5, 't_ref': 16.5, 'R': 0.9, 'tau_m': 82.0}. Best is trial 75 with value: 82.0.[0m
2021-04-07 08:15:23.939920: I tensorflow/compiler/jit/xla_gpu_device.cc:99] Not creating XLA devices, tf_xla_enable_xla_devices not set
mse_error/peak_error 0 83.0
[32m[I 2021-04-07 08:15:29,555][0m Trial 242 finished with value: 83.0 and parameters: {'Vahp': -32.5, 'Vth': -21.0, 'Vmax': 10.5, 't_ref': 16.5, 'R': 0.9, 'tau_m': 84.0}. Best is trial 75 with value: 82.0.[0m
2021-04-07 08:15:29.773580: I tensorflow/compiler/jit/xla_gpu_device.cc:99] Not creating XLA devices, tf_xla_enable_xla_devices not set
mse_error/peak_error 0 176
[32m[I 2021-04-07 08:15:35,400][0m Trial 243 finished with value: 176.0 and parameters: {'Vahp': -32.0, 'Vth': -20.5, 'Vmax': 11.0, 't_ref': 15.5, 'R': 0.9, 'tau_m': 83.5}. Best is trial 75 with value: 82.0.[0m
2021-04-07 08:15:35.611930: I tensorflow/compiler/jit/xla_gpu_device.cc:99] Not creating XLA devices, tf_xla_enable_xla_devices not set
mse_error/peak_error 0 83.0
[32m[I 2021-04-07 08:15:41,342][0m Trial 244 finished with value: 83.0 and parameters: {'Vahp': -33.5, 'Vth': -21.5, 'Vmax': 10.0, 't_ref': 16.5, 'R': 0.9, 'tau_m': 86.0}. Best is trial 75 with value: 82.0.[0m
2021-04-07 08:15:41.547922: I tensorflow/compiler/jit/xla_gpu_device.cc:99] Not creating XLA devices, tf_xla_enable_xla_devices not set
mse_error/peak_error 0 168
[32m[I 2021-04-07 08:15:47,242][0m Trial 245 finished with value: 168.0 and parameters: {'Vahp': -32.5, 'Vth': -20.5, 'Vmax': 10.0, 't_ref': 15.0, 'R': 0.9, 'tau_m': 88.5}. Best is trial 75 with value: 82.0.[0m
2021-04-07 08:15:47.453720: I tensorflow/compiler/jit/xla_gpu_device.cc:99] Not creating XLA devices, tf_xla_enable_xla_devices not set
mse_error/peak_error 0 177
[32m[I 2021-04-07 08:15:53,284][0m Trial 246 finished with value: 177.0 and parameters: {'Vahp': -35.0, 'Vth': -21.0, 'Vmax': 11.5, 't_ref': 16.0, 'R': 0.9, 'tau_m': 77.0}. Best is trial 75 with value: 82.0.[0m
2021-04-07 08:15:53.522686: I tensorflow/compiler/jit/xla_gpu_device.cc:99] Not creating XLA devices, tf_xla_enable_xla_devices not set
mse_error/peak_error 0 177
[32m[I 2021-04-07 08:15:59,346][0m Trial 247 finished with value: 177.0 and parameters: {'Vahp': -32.5, 'Vth': -21.5, 'Vmax': 10.5, 't_ref': 16.5, 'R': 1.0, 'tau_m': 86.5}. Best is trial 75 with value: 82.0.[0m
2021-04-07 08:15:59.558379: I tensorflow/compiler/jit/xla_gpu_device.cc:99] Not creating XLA devices, tf_xla_enable_xla_devices not set
mse_error/peak_error 0 250
[32m[I 2021-04-07 08:16:05,368][0m Trial 248 finished with value: 250.0 and parameters: {'Vahp': -32.5, 'Vth': -20.5, 'Vmax': 10.0, 't_ref': 11.0, 'R': 0.9, 'tau_m': 90.0}. Best is trial 75 with value: 82.0.[0m
2021-04-07 08:16:05.573288: I tensorflow/compiler/jit/xla_gpu_device.cc:99] Not creating XLA devices, tf_xla_enable_xla_devices not set
mse_error/peak_error 0 99.0
[32m[I 2021-04-07 08:16:11,433][0m Trial 249 finished with value: 99.0 and parameters: {'Vahp': -33.5, 'Vth': -21.0, 'Vmax': 13.5, 't_ref': 15.5, 'R': 0.9, 'tau_m': 92.0}. Best is trial 75 with value: 82.0.[0m
2021-04-07 08:16:11.904536: I tensorflow/compiler/jit/xla_gpu_device.cc:99] Not creating XLA devices, tf_xla_enable_xla_devices not set
mse_error/peak_error 0 108.0
[32m[I 2021-04-07 08:16:17,804][0m Trial 250 finished with value: 108.0 and parameters: {'Vahp': -34.5, 'Vth': -20.0, 'Vmax': 12.5, 't_ref': 16.0, 'R': 0.9, 'tau_m': 90.0}. Best is trial 75 with value: 82.0.[0m
2021-04-07 08:16:18.008490: I tensorflow/compiler/jit/xla_gpu_device.cc:99] Not creating XLA devices, tf_xla_enable_xla_devices not set
mse_error/peak_error 0 83.0
[32m[I 2021-04-07 08:16:23,909][0m Trial 251 finished with value: 83.0 and parameters: {'Vahp': -35.5, 'Vth': -21.5, 'Vmax': 12.0, 't_ref': 15.5, 'R': 0.9, 'tau_m': 82.0}. Best is trial 75 with value: 82.0.[0m
2021-04-07 08:16:24.122784: I tensorflow/compiler/jit/xla_gpu_device.cc:99] Not creating XLA devices, tf_xla_enable_xla_devices not set
mse_error/peak_error 0 176
[32m[I 2021-04-07 08:16:30,027][0m Trial 252 finished with value: 176.0 and parameters: {'Vahp': -35.5, 'Vth': -21.5, 'Vmax': 12.5, 't_ref': 14.5, 'R': 0.9, 'tau_m': 81.0}. Best is trial 75 with value: 82.0.[0m
2021-04-07 08:16:30.241299: I tensorflow/compiler/jit/xla_gpu_device.cc:99] Not creating XLA devices, tf_xla_enable_xla_devices not set
mse_error/peak_error 0 84.0
[32m[I 2021-04-07 08:16:36,199][0m Trial 253 finished with value: 84.0 and parameters: {'Vahp': -36.5, 'Vth': -21.0, 'Vmax': 12.0, 't_ref': 15.5, 'R': 0.9, 'tau_m': 74.5}. Best is trial 75 with value: 82.0.[0m
2021-04-07 08:16:36.409823: I tensorflow/compiler/jit/xla_gpu_device.cc:99] Not creating XLA devices, tf_xla_enable_xla_devices not set
mse_error/peak_error 0 176
[32m[I 2021-04-07 08:16:42,340][0m Trial 254 finished with value: 176.0 and parameters: {'Vahp': -31.0, 'Vth': -21.0, 'Vmax': 10.5, 't_ref': 16.5, 'R': 0.9, 'tau_m': 85.5}. Best is trial 75 with value: 82.0.[0m
2021-04-07 08:16:42.560032: I tensorflow/compiler/jit/xla_gpu_device.cc:99] Not creating XLA devices, tf_xla_enable_xla_devices not set
mse_error/peak_error 0 82.0
[32m[I 2021-04-07 08:16:48,561][0m Trial 255 finished with value: 82.0 and parameters: {'Vahp': -35.0, 'Vth': -20.0, 'Vmax': 11.5, 't_ref': 15.0, 'R': 0.9, 'tau_m': 88.0}. Best is trial 75 with value: 82.0.[0m
2021-04-07 08:16:48.764711: I tensorflow/compiler/jit/xla_gpu_device.cc:99] Not creating XLA devices, tf_xla_enable_xla_devices not set
mse_error/peak_error 0 82.0
[32m[I 2021-04-07 08:16:54,740][0m Trial 256 finished with value: 82.0 and parameters: {'Vahp': -32.0, 'Vth': -20.0, 'Vmax': 11.0, 't_ref': 17.0, 'R': 0.9, 'tau_m': 83.5}. Best is trial 75 with value: 82.0.[0m
2021-04-07 08:16:54.947728: I tensorflow/compiler/jit/xla_gpu_device.cc:99] Not creating XLA devices, tf_xla_enable_xla_devices not set
mse_error/peak_error 0 177
[32m[I 2021-04-07 08:17:00,954][0m Trial 257 finished with value: 177.0 and parameters: {'Vahp': -34.5, 'Vth': -20.0, 'Vmax': 11.5, 't_ref': 16.0, 'R': 1.0, 'tau_m': 83.5}. Best is trial 75 with value: 82.0.[0m
2021-04-07 08:17:01.173905: I tensorflow/compiler/jit/xla_gpu_device.cc:99] Not creating XLA devices, tf_xla_enable_xla_devices not set
mse_error/peak_error 0 170
[32m[I 2021-04-07 08:17:07,203][0m Trial 258 finished with value: 170.0 and parameters: {'Vahp': -37.0, 'Vth': -20.0, 'Vmax': 13.5, 't_ref': 14.0, 'R': 0.9, 'tau_m': 76.5}. Best is trial 75 with value: 82.0.[0m
2021-04-07 08:17:07.407221: I tensorflow/compiler/jit/xla_gpu_device.cc:99] Not creating XLA devices, tf_xla_enable_xla_devices not set
mse_error/peak_error 0 1121
[32m[I 2021-04-07 08:17:13,432][0m Trial 259 finished with value: 1121.0 and parameters: {'Vahp': -35.0, 'Vth': -20.0, 'Vmax': 11.5, 't_ref': 15.0, 'R': 0.30000000000000004, 'tau_m': 88.0}. Best is trial 75 with value: 82.0.[0m
2021-04-07 08:17:13.639165: I tensorflow/compiler/jit/xla_gpu_device.cc:99] Not creating XLA devices, tf_xla_enable_xla_devices not set
mse_error/peak_error 0 108.0
[32m[I 2021-04-07 08:17:19,685][0m Trial 260 finished with value: 108.0 and parameters: {'Vahp': -32.5, 'Vth': -20.5, 'Vmax': 11.0, 't_ref': 17.0, 'R': 0.9, 'tau_m': 91.5}. Best is trial 75 with value: 82.0.[0m
2021-04-07 08:17:19.910041: I tensorflow/compiler/jit/xla_gpu_device.cc:99] Not creating XLA devices, tf_xla_enable_xla_devices not set
mse_error/peak_error 0 82.0
[32m[I 2021-04-07 08:17:26,047][0m Trial 261 finished with value: 82.0 and parameters: {'Vahp': -34.5, 'Vth': -20.5, 'Vmax': 11.0, 't_ref': 15.5, 'R': 0.9, 'tau_m': 87.5}. Best is trial 75 with value: 82.0.[0m
2021-04-07 08:17:26.266921: I tensorflow/compiler/jit/xla_gpu_device.cc:99] Not creating XLA devices, tf_xla_enable_xla_devices not set
mse_error/peak_error 0 175
[32m[I 2021-04-07 08:17:32,417][0m Trial 262 finished with value: 175.0 and parameters: {'Vahp': -34.0, 'Vth': -20.5, 'Vmax': 12.0, 't_ref': 15.0, 'R': 0.9, 'tau_m': 88.0}. Best is trial 75 with value: 82.0.[0m
2021-04-07 08:17:32.636488: I tensorflow/compiler/jit/xla_gpu_device.cc:99] Not creating XLA devices, tf_xla_enable_xla_devices not set
mse_error/peak_error 0 90.0
[32m[I 2021-04-07 08:17:38,777][0m Trial 263 finished with value: 90.0 and parameters: {'Vahp': -36.5, 'Vth': -20.0, 'Vmax': 12.5, 't_ref': 15.5, 'R': 1.0, 'tau_m': 93.0}. Best is trial 75 with value: 82.0.[0m
2021-04-07 08:17:39.005968: I tensorflow/compiler/jit/xla_gpu_device.cc:99] Not creating XLA devices, tf_xla_enable_xla_devices not set
mse_error/peak_error 0 267
[32m[I 2021-04-07 08:17:45,231][0m Trial 264 finished with value: 267.0 and parameters: {'Vahp': -53.5, 'Vth': -20.0, 'Vmax': 11.5, 't_ref': 14.5, 'R': 0.9, 'tau_m': 90.0}. Best is trial 75 with value: 82.0.[0m
2021-04-07 08:17:45.448467: I tensorflow/compiler/jit/xla_gpu_device.cc:99] Not creating XLA devices, tf_xla_enable_xla_devices not set
mse_error/peak_error 0 82.0
[32m[I 2021-04-07 08:17:51,656][0m Trial 265 finished with value: 82.0 and parameters: {'Vahp': -31.5, 'Vth': -20.5, 'Vmax': 10.5, 't_ref': 17.0, 'R': 0.9, 'tau_m': 86.5}. Best is trial 75 with value: 82.0.[0m
2021-04-07 08:17:51.863459: I tensorflow/compiler/jit/xla_gpu_device.cc:99] Not creating XLA devices, tf_xla_enable_xla_devices not set
mse_error/peak_error 0 82.0
[32m[I 2021-04-07 08:17:58,159][0m Trial 266 finished with value: 82.0 and parameters: {'Vahp': -31.5, 'Vth': -20.5, 'Vmax': 11.0, 't_ref': 17.0, 'R': 0.9, 'tau_m': 87.0}. Best is trial 75 with value: 82.0.[0m
2021-04-07 08:17:58.389512: I tensorflow/compiler/jit/xla_gpu_device.cc:99] Not creating XLA devices, tf_xla_enable_xla_devices not set
mse_error/peak_error 0 175
[32m[I 2021-04-07 08:18:04,742][0m Trial 267 finished with value: 175.0 and parameters: {'Vahp': -31.0, 'Vth': -20.5, 'Vmax': 12.0, 't_ref': 16.0, 'R': 0.9, 'tau_m': 87.5}. Best is trial 75 with value: 82.0.[0m
2021-04-07 08:18:04.948949: I tensorflow/compiler/jit/xla_gpu_device.cc:99] Not creating XLA devices, tf_xla_enable_xla_devices not set
mse_error/peak_error 0 108.0
[32m[I 2021-04-07 08:18:11,220][0m Trial 268 finished with value: 108.0 and parameters: {'Vahp': -34.0, 'Vth': -20.5, 'Vmax': 11.0, 't_ref': 17.0, 'R': 0.9, 'tau_m': 95.5}. Best is trial 75 with value: 82.0.[0m
2021-04-07 08:18:11.446947: I tensorflow/compiler/jit/xla_gpu_device.cc:99] Not creating XLA devices, tf_xla_enable_xla_devices not set
mse_error/peak_error 0 82.0
[32m[I 2021-04-07 08:18:17,745][0m Trial 269 finished with value: 82.0 and parameters: {'Vahp': -31.0, 'Vth': -20.5, 'Vmax': 10.5, 't_ref': 17.0, 'R': 0.9, 'tau_m': 86.0}. Best is trial 75 with value: 82.0.[0m
2021-04-07 08:18:17.956872: I tensorflow/compiler/jit/xla_gpu_device.cc:99] Not creating XLA devices, tf_xla_enable_xla_devices not set
mse_error/peak_error 0 82.0
[32m[I 2021-04-07 08:18:24,144][0m Trial 270 finished with value: 82.0 and parameters: {'Vahp': -31.5, 'Vth': -20.5, 'Vmax': 10.0, 't_ref': 17.0, 'R': 0.9, 'tau_m': 87.0}. Best is trial 75 with value: 82.0.[0m
2021-04-07 08:18:24.347178: I tensorflow/compiler/jit/xla_gpu_device.cc:99] Not creating XLA devices, tf_xla_enable_xla_devices not set
mse_error/peak_error 0 82.0
[32m[I 2021-04-07 08:18:30,506][0m Trial 271 finished with value: 82.0 and parameters: {'Vahp': -31.5, 'Vth': -20.5, 'Vmax': 11.0, 't_ref': 17.0, 'R': 0.9, 'tau_m': 89.5}. Best is trial 75 with value: 82.0.[0m
2021-04-07 08:18:30.732564: I tensorflow/compiler/jit/xla_gpu_device.cc:99] Not creating XLA devices, tf_xla_enable_xla_devices not set
mse_error/peak_error 0 99.0
[32m[I 2021-04-07 08:18:37,160][0m Trial 272 finished with value: 99.0 and parameters: {'Vahp': -31.5, 'Vth': -20.5, 'Vmax': 11.0, 't_ref': 17.0, 'R': 0.9, 'tau_m': 94.0}. Best is trial 75 with value: 82.0.[0m
2021-04-07 08:18:37.386166: I tensorflow/compiler/jit/xla_gpu_device.cc:99] Not creating XLA devices, tf_xla_enable_xla_devices not set
mse_error/peak_error 0 82.0
[32m[I 2021-04-07 08:18:43,937][0m Trial 273 finished with value: 82.0 and parameters: {'Vahp': -31.5, 'Vth': -20.5, 'Vmax': 10.0, 't_ref': 17.0, 'R': 0.9, 'tau_m': 89.0}. Best is trial 75 with value: 82.0.[0m
2021-04-07 08:18:44.144604: I tensorflow/compiler/jit/xla_gpu_device.cc:99] Not creating XLA devices, tf_xla_enable_xla_devices not set
mse_error/peak_error 0 82.0
[32m[I 2021-04-07 08:18:50,568][0m Trial 274 finished with value: 82.0 and parameters: {'Vahp': -30.5, 'Vth': -20.5, 'Vmax': 10.0, 't_ref': 17.0, 'R': 0.9, 'tau_m': 89.5}. Best is trial 75 with value: 82.0.[0m
2021-04-07 08:18:50.772370: I tensorflow/compiler/jit/xla_gpu_device.cc:99] Not creating XLA devices, tf_xla_enable_xla_devices not set
mse_error/peak_error 0 116.0
[32m[I 2021-04-07 08:18:57,117][0m Trial 275 finished with value: 116.0 and parameters: {'Vahp': -30.5, 'Vth': -20.5, 'Vmax': 10.0, 't_ref': 17.0, 'R': 0.9, 'tau_m': 98.0}. Best is trial 75 with value: 82.0.[0m
2021-04-07 08:18:57.324906: I tensorflow/compiler/jit/xla_gpu_device.cc:99] Not creating XLA devices, tf_xla_enable_xla_devices not set
mse_error/peak_error 0 82.0
[32m[I 2021-04-07 08:19:03,754][0m Trial 276 finished with value: 82.0 and parameters: {'Vahp': -31.5, 'Vth': -20.5, 'Vmax': 10.0, 't_ref': 17.0, 'R': 0.9, 'tau_m': 89.0}. Best is trial 75 with value: 82.0.[0m
2021-04-07 08:19:03.962721: I tensorflow/compiler/jit/xla_gpu_device.cc:99] Not creating XLA devices, tf_xla_enable_xla_devices not set
mse_error/peak_error 0 99.0
[32m[I 2021-04-07 08:19:10,537][0m Trial 277 finished with value: 99.0 and parameters: {'Vahp': -31.0, 'Vth': -20.5, 'Vmax': 10.0, 't_ref': 17.0, 'R': 0.9, 'tau_m': 90.5}. Best is trial 75 with value: 82.0.[0m
2021-04-07 08:19:10.745854: I tensorflow/compiler/jit/xla_gpu_device.cc:99] Not creating XLA devices, tf_xla_enable_xla_devices not set
mse_error/peak_error 0 83.0
[32m[I 2021-04-07 08:19:17,415][0m Trial 278 finished with value: 83.0 and parameters: {'Vahp': -31.5, 'Vth': -20.0, 'Vmax': 10.0, 't_ref': 17.0, 'R': 1.0, 'tau_m': 89.0}. Best is trial 75 with value: 82.0.[0m
2021-04-07 08:19:17.628882: I tensorflow/compiler/jit/xla_gpu_device.cc:99] Not creating XLA devices, tf_xla_enable_xla_devices not set
mse_error/peak_error 0 175
[32m[I 2021-04-07 08:19:24,221][0m Trial 279 finished with value: 175.0 and parameters: {'Vahp': -30.0, 'Vth': -20.5, 'Vmax': 10.0, 't_ref': 17.0, 'R': 0.9, 'tau_m': 87.5}. Best is trial 75 with value: 82.0.[0m
2021-04-07 08:19:24.427867: I tensorflow/compiler/jit/xla_gpu_device.cc:99] Not creating XLA devices, tf_xla_enable_xla_devices not set
mse_error/peak_error 0 108.0
