2021-04-07 08:03:10.777747: W tensorflow/stream_executor/platform/default/dso_loader.cc:60] Could not load dynamic library 'libcudart.so.11.0'; dlerror: libcudart.so.11.0: cannot open shared object file: No such file or directory
2021-04-07 08:03:10.777799: I tensorflow/stream_executor/cuda/cudart_stub.cc:29] Ignore above cudart dlerror if you do not have a GPU set up on your machine.
/home/yuz615/.local/lib/python3.6/site-packages/sklearn/ensemble/weight_boosting.py:29: DeprecationWarning: numpy.core.umath_tests is an internal NumPy module and should not be imported. It will be removed in a future NumPy release.
  from numpy.core.umath_tests import inner1d
[32m[I 2021-04-07 08:03:13,680][0m A new study created in memory with name: no-name-091303aa-3dcd-4264-9d6e-4fa9d297d2ad[0m
2021-04-07 08:03:13.885101: I tensorflow/compiler/jit/xla_cpu_device.cc:41] Not creating XLA devices, tf_xla_enable_xla_devices not set
2021-04-07 08:03:13.886097: I tensorflow/stream_executor/platform/default/dso_loader.cc:49] Successfully opened dynamic library libcuda.so.1
2021-04-07 08:03:14.883119: E tensorflow/stream_executor/cuda/cuda_driver.cc:328] failed call to cuInit: CUDA_ERROR_NO_DEVICE: no CUDA-capable device is detected
2021-04-07 08:03:14.883193: I tensorflow/stream_executor/cuda/cuda_diagnostics.cc:169] retrieving CUDA diagnostic information for host: comparch-t640
2021-04-07 08:03:14.883203: I tensorflow/stream_executor/cuda/cuda_diagnostics.cc:176] hostname: comparch-t640
2021-04-07 08:03:14.883361: I tensorflow/stream_executor/cuda/cuda_diagnostics.cc:200] libcuda reported version is: 450.66.0
2021-04-07 08:03:14.883396: I tensorflow/stream_executor/cuda/cuda_diagnostics.cc:204] kernel reported version is: 450.66.0
2021-04-07 08:03:14.883403: I tensorflow/stream_executor/cuda/cuda_diagnostics.cc:310] kernel version seems to match DSO: 450.66.0
2021-04-07 08:03:14.883725: I tensorflow/core/platform/cpu_feature_guard.cc:142] This TensorFlow binary is optimized with oneAPI Deep Neural Network Library (oneDNN) to use the following CPU instructions in performance-critical operations:  AVX512F
To enable them in other operations, rebuild TensorFlow with the appropriate compiler flags.
2021-04-07 08:03:14.885865: I tensorflow/compiler/jit/xla_gpu_device.cc:99] Not creating XLA devices, tf_xla_enable_xla_devices not set
2021-04-07 08:03:14.902025: I tensorflow/compiler/mlir/mlir_graph_optimization_pass.cc:196] None of the MLIR optimization passes are enabled (registered 0 passes)
2021-04-07 08:03:14.923938: I tensorflow/core/platform/profile_utils/cpu_utils.cc:112] CPU Frequency: 2100000000 Hz
mse_error/peak_error 0 284
[32m[I 2021-04-07 08:03:15,330][0m Trial 0 finished with value: 284.0 and parameters: {'Vahp': -51.5, 'Vth': -50.0, 'Vmax': 32.5, 't_ref': 13.5, 'R': 0.1, 'tau_m': 27.0}. Best is trial 0 with value: 284.0.[0m
2021-04-07 08:03:15.525711: I tensorflow/compiler/jit/xla_gpu_device.cc:99] Not creating XLA devices, tf_xla_enable_xla_devices not set
mse_error/peak_error 0 524
[32m[I 2021-04-07 08:03:15,953][0m Trial 1 finished with value: 524.0 and parameters: {'Vahp': -59.5, 'Vth': -37.0, 'Vmax': 21.0, 't_ref': 10.5, 'R': 0.4, 'tau_m': 14.5}. Best is trial 0 with value: 284.0.[0m
2021-04-07 08:03:16.154665: I tensorflow/compiler/jit/xla_gpu_device.cc:99] Not creating XLA devices, tf_xla_enable_xla_devices not set
mse_error/peak_error 0 446
[32m[I 2021-04-07 08:03:16,578][0m Trial 2 finished with value: 446.0 and parameters: {'Vahp': -32.0, 'Vth': -30.5, 'Vmax': 26.0, 't_ref': 13.0, 'R': 0.30000000000000004, 'tau_m': 78.0}. Best is trial 0 with value: 284.0.[0m
2021-04-07 08:03:16.756839: I tensorflow/compiler/jit/xla_gpu_device.cc:99] Not creating XLA devices, tf_xla_enable_xla_devices not set
mse_error/peak_error 0 259
[32m[I 2021-04-07 08:03:17,175][0m Trial 3 finished with value: 259.0 and parameters: {'Vahp': -51.0, 'Vth': -38.0, 'Vmax': 35.5, 't_ref': 20.0, 'R': 0.4, 'tau_m': 73.0}. Best is trial 3 with value: 259.0.[0m
2021-04-07 08:03:17.358312: I tensorflow/compiler/jit/xla_gpu_device.cc:99] Not creating XLA devices, tf_xla_enable_xla_devices not set
mse_error/peak_error 0 844
[32m[I 2021-04-07 08:03:17,830][0m Trial 4 finished with value: 844.0 and parameters: {'Vahp': -42.0, 'Vth': -36.0, 'Vmax': 23.5, 't_ref': 3.5, 'R': 0.6, 'tau_m': 85.5}. Best is trial 3 with value: 259.0.[0m
2021-04-07 08:03:18.027589: I tensorflow/compiler/jit/xla_gpu_device.cc:99] Not creating XLA devices, tf_xla_enable_xla_devices not set
mse_error/peak_error 0 579
[32m[I 2021-04-07 08:03:18,541][0m Trial 5 finished with value: 579.0 and parameters: {'Vahp': -38.0, 'Vth': -21.0, 'Vmax': 27.0, 't_ref': 19.5, 'R': 0.5, 'tau_m': 94.0}. Best is trial 3 with value: 259.0.[0m
2021-04-07 08:03:18.724369: I tensorflow/compiler/jit/xla_gpu_device.cc:99] Not creating XLA devices, tf_xla_enable_xla_devices not set
mse_error/peak_error 0 524
[32m[I 2021-04-07 08:03:19,206][0m Trial 6 finished with value: 524.0 and parameters: {'Vahp': -58.5, 'Vth': -22.0, 'Vmax': 24.0, 't_ref': 10.5, 'R': 0.7000000000000001, 'tau_m': 15.5}. Best is trial 3 with value: 259.0.[0m
2021-04-07 08:03:19.409025: I tensorflow/compiler/jit/xla_gpu_device.cc:99] Not creating XLA devices, tf_xla_enable_xla_devices not set
mse_error/peak_error 0 908
[32m[I 2021-04-07 08:03:19,926][0m Trial 7 finished with value: 908.0 and parameters: {'Vahp': -22.0, 'Vth': -22.0, 'Vmax': 36.0, 't_ref': 8.5, 'R': 0.9, 'tau_m': 16.0}. Best is trial 3 with value: 259.0.[0m
2021-04-07 08:03:20.114976: I tensorflow/compiler/jit/xla_gpu_device.cc:99] Not creating XLA devices, tf_xla_enable_xla_devices not set
mse_error/peak_error 0 2310
[32m[I 2021-04-07 08:03:20,619][0m Trial 8 finished with value: 2310.0 and parameters: {'Vahp': -28.0, 'Vth': -22.5, 'Vmax': 29.5, 't_ref': 2.0, 'R': 0.7000000000000001, 'tau_m': 33.0}. Best is trial 3 with value: 259.0.[0m
2021-04-07 08:03:20.822997: I tensorflow/compiler/jit/xla_gpu_device.cc:99] Not creating XLA devices, tf_xla_enable_xla_devices not set
mse_error/peak_error 0 337
[32m[I 2021-04-07 08:03:21,323][0m Trial 9 finished with value: 337.0 and parameters: {'Vahp': -51.5, 'Vth': -28.5, 'Vmax': 32.0, 't_ref': 9.5, 'R': 0.2, 'tau_m': 26.5}. Best is trial 3 with value: 259.0.[0m
2021-04-07 08:03:21.518760: I tensorflow/compiler/jit/xla_gpu_device.cc:99] Not creating XLA devices, tf_xla_enable_xla_devices not set
mse_error/peak_error 0 246
[32m[I 2021-04-07 08:03:22,067][0m Trial 10 finished with value: 246.0 and parameters: {'Vahp': -44.0, 'Vth': -44.0, 'Vmax': 13.0, 't_ref': 20.0, 'R': 1.0, 'tau_m': 62.0}. Best is trial 10 with value: 246.0.[0m
2021-04-07 08:03:22.281723: I tensorflow/compiler/jit/xla_gpu_device.cc:99] Not creating XLA devices, tf_xla_enable_xla_devices not set
mse_error/peak_error 0 246
[32m[I 2021-04-07 08:03:22,836][0m Trial 11 finished with value: 246.0 and parameters: {'Vahp': -46.5, 'Vth': -44.0, 'Vmax': 12.0, 't_ref': 19.5, 'R': 1.0, 'tau_m': 62.0}. Best is trial 10 with value: 246.0.[0m
2021-04-07 08:03:23.046939: I tensorflow/compiler/jit/xla_gpu_device.cc:99] Not creating XLA devices, tf_xla_enable_xla_devices not set
mse_error/peak_error 0 385
[32m[I 2021-04-07 08:03:23,602][0m Trial 12 finished with value: 385.0 and parameters: {'Vahp': -43.5, 'Vth': -43.0, 'Vmax': 11.5, 't_ref': 17.0, 'R': 1.0, 'tau_m': 56.5}. Best is trial 10 with value: 246.0.[0m
2021-04-07 08:03:23.799022: I tensorflow/compiler/jit/xla_gpu_device.cc:99] Not creating XLA devices, tf_xla_enable_xla_devices not set
mse_error/peak_error 0 404
[32m[I 2021-04-07 08:03:24,361][0m Trial 13 finished with value: 404.0 and parameters: {'Vahp': -46.5, 'Vth': -46.5, 'Vmax': 10.5, 't_ref': 17.0, 'R': 1.0, 'tau_m': 59.0}. Best is trial 10 with value: 246.0.[0m
2021-04-07 08:03:24.552070: I tensorflow/compiler/jit/xla_gpu_device.cc:99] Not creating XLA devices, tf_xla_enable_xla_devices not set
mse_error/peak_error 0 353
[32m[I 2021-04-07 08:03:25,146][0m Trial 14 finished with value: 353.0 and parameters: {'Vahp': -36.0, 'Vth': -33.5, 'Vmax': 16.5, 't_ref': 17.5, 'R': 0.9, 'tau_m': 44.0}. Best is trial 10 with value: 246.0.[0m
2021-04-07 08:03:25.449265: I tensorflow/compiler/jit/xla_gpu_device.cc:99] Not creating XLA devices, tf_xla_enable_xla_devices not set
mse_error/peak_error 0 214
[32m[I 2021-04-07 08:03:26,077][0m Trial 15 finished with value: 214.0 and parameters: {'Vahp': -46.5, 'Vth': -42.0, 'Vmax': 16.0, 't_ref': 20.0, 'R': 0.8, 'tau_m': 62.5}. Best is trial 15 with value: 214.0.[0m
2021-04-07 08:03:26.284204: I tensorflow/compiler/jit/xla_gpu_device.cc:99] Not creating XLA devices, tf_xla_enable_xla_devices not set
mse_error/peak_error 0 562
[32m[I 2021-04-07 08:03:26,944][0m Trial 16 finished with value: 562.0 and parameters: {'Vahp': -54.0, 'Vth': -53.0, 'Vmax': 16.5, 't_ref': 14.0, 'R': 0.8, 'tau_m': 43.0}. Best is trial 15 with value: 214.0.[0m
2021-04-07 08:03:27.135299: I tensorflow/compiler/jit/xla_gpu_device.cc:99] Not creating XLA devices, tf_xla_enable_xla_devices not set
mse_error/peak_error 0 347
[32m[I 2021-04-07 08:03:27,810][0m Trial 17 finished with value: 347.0 and parameters: {'Vahp': -46.0, 'Vth': -41.0, 'Vmax': 15.5, 't_ref': 16.0, 'R': 0.8, 'tau_m': 70.0}. Best is trial 15 with value: 214.0.[0m
2021-04-07 08:03:28.028935: I tensorflow/compiler/jit/xla_gpu_device.cc:99] Not creating XLA devices, tf_xla_enable_xla_devices not set
mse_error/peak_error 0 1466
[32m[I 2021-04-07 08:03:28,678][0m Trial 18 finished with value: 1466.0 and parameters: {'Vahp': -56.0, 'Vth': -55.5, 'Vmax': 20.0, 't_ref': 5.5, 'R': 0.8, 'tau_m': 99.0}. Best is trial 15 with value: 214.0.[0m
2021-04-07 08:03:28.898096: I tensorflow/compiler/jit/xla_gpu_device.cc:99] Not creating XLA devices, tf_xla_enable_xla_devices not set
mse_error/peak_error 0 278
[32m[I 2021-04-07 08:03:29,599][0m Trial 19 finished with value: 278.0 and parameters: {'Vahp': -49.0, 'Vth': -47.5, 'Vmax': 14.0, 't_ref': 19.0, 'R': 0.9, 'tau_m': 49.5}. Best is trial 15 with value: 214.0.[0m
2021-04-07 08:03:29.808426: I tensorflow/compiler/jit/xla_gpu_device.cc:99] Not creating XLA devices, tf_xla_enable_xla_devices not set
mse_error/peak_error 0 278
[32m[I 2021-04-07 08:03:30,495][0m Trial 20 finished with value: 278.0 and parameters: {'Vahp': -39.5, 'Vth': -39.5, 'Vmax': 10.0, 't_ref': 15.0, 'R': 0.6, 'tau_m': 86.0}. Best is trial 15 with value: 214.0.[0m
2021-04-07 08:03:30.694664: I tensorflow/compiler/jit/xla_gpu_device.cc:99] Not creating XLA devices, tf_xla_enable_xla_devices not set
mse_error/peak_error 0 246
[32m[I 2021-04-07 08:03:31,414][0m Trial 21 finished with value: 246.0 and parameters: {'Vahp': -45.0, 'Vth': -44.0, 'Vmax': 12.5, 't_ref': 20.0, 'R': 1.0, 'tau_m': 65.0}. Best is trial 15 with value: 214.0.[0m
2021-04-07 08:03:31.611862: I tensorflow/compiler/jit/xla_gpu_device.cc:99] Not creating XLA devices, tf_xla_enable_xla_devices not set
mse_error/peak_error 0 189
[32m[I 2021-04-07 08:03:32,374][0m Trial 22 finished with value: 189.0 and parameters: {'Vahp': -36.0, 'Vth': -25.0, 'Vmax': 20.0, 't_ref': 18.5, 'R': 1.0, 'tau_m': 61.0}. Best is trial 22 with value: 189.0.[0m
2021-04-07 08:03:32.571672: I tensorflow/compiler/jit/xla_gpu_device.cc:99] Not creating XLA devices, tf_xla_enable_xla_devices not set
mse_error/peak_error 0 179
[32m[I 2021-04-07 08:03:33,341][0m Trial 23 finished with value: 179.0 and parameters: {'Vahp': -34.0, 'Vth': -24.5, 'Vmax': 19.5, 't_ref': 18.0, 'R': 0.9, 'tau_m': 69.0}. Best is trial 23 with value: 179.0.[0m
2021-04-07 08:03:33.550519: I tensorflow/compiler/jit/xla_gpu_device.cc:99] Not creating XLA devices, tf_xla_enable_xla_devices not set
mse_error/peak_error 0 108.0
[32m[I 2021-04-07 08:03:34,340][0m Trial 24 finished with value: 108.0 and parameters: {'Vahp': -33.0, 'Vth': -24.5, 'Vmax': 19.0, 't_ref': 18.0, 'R': 0.7000000000000001, 'tau_m': 79.5}. Best is trial 24 with value: 108.0.[0m
2021-04-07 08:03:34.531548: I tensorflow/compiler/jit/xla_gpu_device.cc:99] Not creating XLA devices, tf_xla_enable_xla_devices not set
mse_error/peak_error 0 168
[32m[I 2021-04-07 08:03:35,318][0m Trial 25 finished with value: 168.0 and parameters: {'Vahp': -29.0, 'Vth': -25.0, 'Vmax': 19.5, 't_ref': 17.5, 'R': 0.7000000000000001, 'tau_m': 77.5}. Best is trial 24 with value: 108.0.[0m
2021-04-07 08:03:35.510593: I tensorflow/compiler/jit/xla_gpu_device.cc:99] Not creating XLA devices, tf_xla_enable_xla_devices not set
mse_error/peak_error 0 356
[32m[I 2021-04-07 08:03:36,353][0m Trial 26 finished with value: 356.0 and parameters: {'Vahp': -25.5, 'Vth': -24.5, 'Vmax': 19.0, 't_ref': 12.0, 'R': 0.7000000000000001, 'tau_m': 82.0}. Best is trial 24 with value: 108.0.[0m
2021-04-07 08:03:36.547733: I tensorflow/compiler/jit/xla_gpu_device.cc:99] Not creating XLA devices, tf_xla_enable_xla_devices not set
mse_error/peak_error 0 160.0
[32m[I 2021-04-07 08:03:37,367][0m Trial 27 finished with value: 160.0 and parameters: {'Vahp': -31.0, 'Vth': -26.5, 'Vmax': 23.0, 't_ref': 16.5, 'R': 0.6, 'tau_m': 92.5}. Best is trial 24 with value: 108.0.[0m
2021-04-07 08:03:37.576921: I tensorflow/compiler/jit/xla_gpu_device.cc:99] Not creating XLA devices, tf_xla_enable_xla_devices not set
mse_error/peak_error 0 240.0
[32m[I 2021-04-07 08:03:38,420][0m Trial 28 finished with value: 240.0 and parameters: {'Vahp': -30.5, 'Vth': -26.5, 'Vmax': 22.0, 't_ref': 15.5, 'R': 0.5, 'tau_m': 93.0}. Best is trial 24 with value: 108.0.[0m
2021-04-07 08:03:38.611240: I tensorflow/compiler/jit/xla_gpu_device.cc:99] Not creating XLA devices, tf_xla_enable_xla_devices not set
mse_error/peak_error 0 320
[32m[I 2021-04-07 08:03:39,481][0m Trial 29 finished with value: 320.0 and parameters: {'Vahp': -20.0, 'Vth': -20.0, 'Vmax': 28.0, 't_ref': 13.5, 'R': 0.6, 'tau_m': 97.5}. Best is trial 24 with value: 108.0.[0m
2021-04-07 08:03:39.676925: I tensorflow/compiler/jit/xla_gpu_device.cc:99] Not creating XLA devices, tf_xla_enable_xla_devices not set
mse_error/peak_error 0 198
[32m[I 2021-04-07 08:03:40,573][0m Trial 30 finished with value: 198.0 and parameters: {'Vahp': -25.0, 'Vth': -25.0, 'Vmax': 18.0, 't_ref': 16.0, 'R': 0.7000000000000001, 'tau_m': 89.5}. Best is trial 24 with value: 108.0.[0m
2021-04-07 08:03:40.788775: I tensorflow/compiler/jit/xla_gpu_device.cc:99] Not creating XLA devices, tf_xla_enable_xla_devices not set
mse_error/peak_error 0 203.0
[32m[I 2021-04-07 08:03:41,718][0m Trial 31 finished with value: 203.0 and parameters: {'Vahp': -32.5, 'Vth': -26.5, 'Vmax': 22.5, 't_ref': 18.0, 'R': 0.5, 'tau_m': 76.5}. Best is trial 24 with value: 108.0.[0m
2021-04-07 08:03:41.911166: I tensorflow/compiler/jit/xla_gpu_device.cc:99] Not creating XLA devices, tf_xla_enable_xla_devices not set
mse_error/peak_error 0 152.0
[32m[I 2021-04-07 08:03:42,817][0m Trial 32 finished with value: 152.0 and parameters: {'Vahp': -34.0, 'Vth': -23.5, 'Vmax': 25.0, 't_ref': 14.5, 'R': 0.6, 'tau_m': 80.0}. Best is trial 24 with value: 108.0.[0m
2021-04-07 08:03:43.028001: I tensorflow/compiler/jit/xla_gpu_device.cc:99] Not creating XLA devices, tf_xla_enable_xla_devices not set
mse_error/peak_error 0 348.0
[32m[I 2021-04-07 08:03:43,971][0m Trial 33 finished with value: 348.0 and parameters: {'Vahp': -29.0, 'Vth': -23.5, 'Vmax': 25.0, 't_ref': 14.5, 'R': 0.4, 'tau_m': 78.0}. Best is trial 24 with value: 108.0.[0m
2021-04-07 08:03:44.180808: I tensorflow/compiler/jit/xla_gpu_device.cc:99] Not creating XLA devices, tf_xla_enable_xla_devices not set
mse_error/peak_error 0 349
[32m[I 2021-04-07 08:03:45,133][0m Trial 34 finished with value: 349.0 and parameters: {'Vahp': -26.5, 'Vth': -26.0, 'Vmax': 28.5, 't_ref': 13.0, 'R': 0.6, 'tau_m': 99.5}. Best is trial 24 with value: 108.0.[0m
2021-04-07 08:03:45.337440: I tensorflow/compiler/jit/xla_gpu_device.cc:99] Not creating XLA devices, tf_xla_enable_xla_devices not set
mse_error/peak_error 0 247
[32m[I 2021-04-07 08:03:46,301][0m Trial 35 finished with value: 247.0 and parameters: {'Vahp': -32.5, 'Vth': -27.5, 'Vmax': 21.5, 't_ref': 12.0, 'R': 0.7000000000000001, 'tau_m': 82.5}. Best is trial 24 with value: 108.0.[0m
2021-04-07 08:03:46.636038: I tensorflow/compiler/jit/xla_gpu_device.cc:99] Not creating XLA devices, tf_xla_enable_xla_devices not set
mse_error/peak_error 0 330.0
[32m[I 2021-04-07 08:03:47,604][0m Trial 36 finished with value: 330.0 and parameters: {'Vahp': -30.5, 'Vth': -23.5, 'Vmax': 26.0, 't_ref': 16.5, 'R': 0.5, 'tau_m': 92.0}. Best is trial 24 with value: 108.0.[0m
2021-04-07 08:03:47.796073: I tensorflow/compiler/jit/xla_gpu_device.cc:99] Not creating XLA devices, tf_xla_enable_xla_devices not set
mse_error/peak_error 0 378
[32m[I 2021-04-07 08:03:48,818][0m Trial 37 finished with value: 378.0 and parameters: {'Vahp': -23.5, 'Vth': -23.5, 'Vmax': 40.0, 't_ref': 15.0, 'R': 0.4, 'tau_m': 75.0}. Best is trial 24 with value: 108.0.[0m
2021-04-07 08:03:49.032237: I tensorflow/compiler/jit/xla_gpu_device.cc:99] Not creating XLA devices, tf_xla_enable_xla_devices not set
mse_error/peak_error 0 198
[32m[I 2021-04-07 08:03:50,051][0m Trial 38 finished with value: 198.0 and parameters: {'Vahp': -35.0, 'Vth': -28.0, 'Vmax': 24.5, 't_ref': 12.0, 'R': 0.6, 'tau_m': 84.5}. Best is trial 24 with value: 108.0.[0m
2021-04-07 08:03:50.242622: I tensorflow/compiler/jit/xla_gpu_device.cc:99] Not creating XLA devices, tf_xla_enable_xla_devices not set
mse_error/peak_error 0 537
[32m[I 2021-04-07 08:03:51,295][0m Trial 39 finished with value: 537.0 and parameters: {'Vahp': -38.5, 'Vth': -29.5, 'Vmax': 22.5, 't_ref': 18.0, 'R': 0.30000000000000004, 'tau_m': 70.0}. Best is trial 24 with value: 108.0.[0m
2021-04-07 08:03:51.642219: I tensorflow/compiler/jit/xla_gpu_device.cc:99] Not creating XLA devices, tf_xla_enable_xla_devices not set
mse_error/peak_error 0 195
[32m[I 2021-04-07 08:03:52,706][0m Trial 40 finished with value: 195.0 and parameters: {'Vahp': -27.5, 'Vth': -25.5, 'Vmax': 30.5, 't_ref': 16.5, 'R': 0.7000000000000001, 'tau_m': 89.0}. Best is trial 24 with value: 108.0.[0m
2021-04-07 08:03:52.908450: I tensorflow/compiler/jit/xla_gpu_device.cc:99] Not creating XLA devices, tf_xla_enable_xla_devices not set
mse_error/peak_error 0 108.0
[32m[I 2021-04-07 08:03:54,011][0m Trial 41 finished with value: 108.0 and parameters: {'Vahp': -34.0, 'Vth': -24.0, 'Vmax': 18.0, 't_ref': 18.0, 'R': 0.6, 'tau_m': 68.0}. Best is trial 24 with value: 108.0.[0m
2021-04-07 08:03:54.210784: I tensorflow/compiler/jit/xla_gpu_device.cc:99] Not creating XLA devices, tf_xla_enable_xla_devices not set
mse_error/peak_error 0 165.0
[32m[I 2021-04-07 08:03:55,312][0m Trial 42 finished with value: 165.0 and parameters: {'Vahp': -30.0, 'Vth': -24.0, 'Vmax': 18.0, 't_ref': 19.0, 'R': 0.6, 'tau_m': 80.5}. Best is trial 24 with value: 108.0.[0m
2021-04-07 08:03:55.522216: I tensorflow/compiler/jit/xla_gpu_device.cc:99] Not creating XLA devices, tf_xla_enable_xla_devices not set
mse_error/peak_error 0 377
[32m[I 2021-04-07 08:03:56,641][0m Trial 43 finished with value: 377.0 and parameters: {'Vahp': -41.0, 'Vth': -21.0, 'Vmax': 17.5, 't_ref': 18.5, 'R': 0.6, 'tau_m': 80.5}. Best is trial 24 with value: 108.0.[0m
2021-04-07 08:03:56.835411: I tensorflow/compiler/jit/xla_gpu_device.cc:99] Not creating XLA devices, tf_xla_enable_xla_devices not set
mse_error/peak_error 0 403
[32m[I 2021-04-07 08:03:57,993][0m Trial 44 finished with value: 403.0 and parameters: {'Vahp': -37.5, 'Vth': -22.5, 'Vmax': 23.5, 't_ref': 19.0, 'R': 0.5, 'tau_m': 73.5}. Best is trial 24 with value: 108.0.[0m
2021-04-07 08:03:58.189465: I tensorflow/compiler/jit/xla_gpu_device.cc:99] Not creating XLA devices, tf_xla_enable_xla_devices not set
mse_error/peak_error 0 1159
[32m[I 2021-04-07 08:03:59,300][0m Trial 45 finished with value: 1159.0 and parameters: {'Vahp': -33.5, 'Vth': -24.0, 'Vmax': 14.0, 't_ref': 7.5, 'R': 0.6, 'tau_m': 3.5}. Best is trial 24 with value: 108.0.[0m
2021-04-07 08:03:59.506491: I tensorflow/compiler/jit/xla_gpu_device.cc:99] Not creating XLA devices, tf_xla_enable_xla_devices not set
mse_error/peak_error 0 192
[32m[I 2021-04-07 08:04:00,677][0m Trial 46 finished with value: 192.0 and parameters: {'Vahp': -31.0, 'Vth': -23.0, 'Vmax': 21.0, 't_ref': 15.5, 'R': 0.5, 'tau_m': 54.0}. Best is trial 24 with value: 108.0.[0m
2021-04-07 08:04:00.874133: I tensorflow/compiler/jit/xla_gpu_device.cc:99] Not creating XLA devices, tf_xla_enable_xla_devices not set
mse_error/peak_error 0 439
[32m[I 2021-04-07 08:04:02,080][0m Trial 47 finished with value: 439.0 and parameters: {'Vahp': -37.0, 'Vth': -21.5, 'Vmax': 26.0, 't_ref': 19.0, 'R': 0.6, 'tau_m': 96.0}. Best is trial 24 with value: 108.0.[0m
2021-04-07 08:04:02.295613: I tensorflow/compiler/jit/xla_gpu_device.cc:99] Not creating XLA devices, tf_xla_enable_xla_devices not set
mse_error/peak_error 0 507
[32m[I 2021-04-07 08:04:03,522][0m Trial 48 finished with value: 507.0 and parameters: {'Vahp': -34.0, 'Vth': -26.0, 'Vmax': 18.0, 't_ref': 17.0, 'R': 0.4, 'tau_m': 88.5}. Best is trial 24 with value: 108.0.[0m
2021-04-07 08:04:03.749248: I tensorflow/compiler/jit/xla_gpu_device.cc:99] Not creating XLA devices, tf_xla_enable_xla_devices not set
mse_error/peak_error 0 90.0
[32m[I 2021-04-07 08:04:04,960][0m Trial 49 finished with value: 90.0 and parameters: {'Vahp': -29.0, 'Vth': -24.0, 'Vmax': 15.0, 't_ref': 20.0, 'R': 0.7000000000000001, 'tau_m': 66.5}. Best is trial 49 with value: 90.0.[0m
2021-04-07 08:04:05.160266: I tensorflow/compiler/jit/xla_gpu_device.cc:99] Not creating XLA devices, tf_xla_enable_xla_devices not set
mse_error/peak_error 0 177
