[32m[I 2021-04-07 08:09:09,622][0m Trial 164 finished with value: 113.0 and parameters: {'Vahp': -41.5, 'Vth': -22.0, 'Vmax': 11.5, 't_ref': 18.0, 'R': 0.8, 'tau_m': 69.0}. Best is trial 75 with value: 82.0.[0m
2021-04-07 08:09:09.839977: I tensorflow/compiler/jit/xla_gpu_device.cc:99] Not creating XLA devices, tf_xla_enable_xla_devices not set
mse_error/peak_error 0 99.0
[32m[I 2021-04-07 08:09:13,605][0m Trial 165 finished with value: 99.0 and parameters: {'Vahp': -39.0, 'Vth': -22.5, 'Vmax': 12.5, 't_ref': 17.5, 'R': 0.8, 'tau_m': 62.5}. Best is trial 75 with value: 82.0.[0m
2021-04-07 08:09:13.814048: I tensorflow/compiler/jit/xla_gpu_device.cc:99] Not creating XLA devices, tf_xla_enable_xla_devices not set
mse_error/peak_error 0 187
[32m[I 2021-04-07 08:09:17,609][0m Trial 166 finished with value: 187.0 and parameters: {'Vahp': -38.5, 'Vth': -23.0, 'Vmax': 16.0, 't_ref': 17.0, 'R': 0.8, 'tau_m': 56.5}. Best is trial 75 with value: 82.0.[0m
2021-04-07 08:09:17.813190: I tensorflow/compiler/jit/xla_gpu_device.cc:99] Not creating XLA devices, tf_xla_enable_xla_devices not set
mse_error/peak_error 0 180
[32m[I 2021-04-07 08:09:21,618][0m Trial 167 finished with value: 180.0 and parameters: {'Vahp': -29.0, 'Vth': -23.5, 'Vmax': 17.0, 't_ref': 18.5, 'R': 0.8, 'tau_m': 57.5}. Best is trial 75 with value: 82.0.[0m
2021-04-07 08:09:21.839950: I tensorflow/compiler/jit/xla_gpu_device.cc:99] Not creating XLA devices, tf_xla_enable_xla_devices not set
mse_error/peak_error 0 92.0
[32m[I 2021-04-07 08:09:25,712][0m Trial 168 finished with value: 92.0 and parameters: {'Vahp': -37.5, 'Vth': -23.5, 'Vmax': 14.0, 't_ref': 17.5, 'R': 0.8, 'tau_m': 66.5}. Best is trial 75 with value: 82.0.[0m
2021-04-07 08:09:25.925383: I tensorflow/compiler/jit/xla_gpu_device.cc:99] Not creating XLA devices, tf_xla_enable_xla_devices not set
mse_error/peak_error 0 90.0
[32m[I 2021-04-07 08:09:29,700][0m Trial 169 finished with value: 90.0 and parameters: {'Vahp': -37.5, 'Vth': -23.5, 'Vmax': 14.0, 't_ref': 17.0, 'R': 0.8, 'tau_m': 76.0}. Best is trial 75 with value: 82.0.[0m
2021-04-07 08:09:29.912983: I tensorflow/compiler/jit/xla_gpu_device.cc:99] Not creating XLA devices, tf_xla_enable_xla_devices not set
mse_error/peak_error 0 83.0
[32m[I 2021-04-07 08:09:33,678][0m Trial 170 finished with value: 83.0 and parameters: {'Vahp': -37.5, 'Vth': -22.5, 'Vmax': 14.0, 't_ref': 16.0, 'R': 0.8, 'tau_m': 75.5}. Best is trial 75 with value: 82.0.[0m
2021-04-07 08:09:33.898472: I tensorflow/compiler/jit/xla_gpu_device.cc:99] Not creating XLA devices, tf_xla_enable_xla_devices not set
mse_error/peak_error 0 83.0
[32m[I 2021-04-07 08:09:37,772][0m Trial 171 finished with value: 83.0 and parameters: {'Vahp': -37.5, 'Vth': -22.5, 'Vmax': 14.0, 't_ref': 15.5, 'R': 0.8, 'tau_m': 74.0}. Best is trial 75 with value: 82.0.[0m
2021-04-07 08:09:37.979232: I tensorflow/compiler/jit/xla_gpu_device.cc:99] Not creating XLA devices, tf_xla_enable_xla_devices not set
mse_error/peak_error 0 176
[32m[I 2021-04-07 08:09:41,887][0m Trial 172 finished with value: 176.0 and parameters: {'Vahp': -37.0, 'Vth': -23.0, 'Vmax': 14.0, 't_ref': 14.5, 'R': 0.8, 'tau_m': 74.5}. Best is trial 75 with value: 82.0.[0m
2021-04-07 08:09:42.087824: I tensorflow/compiler/jit/xla_gpu_device.cc:99] Not creating XLA devices, tf_xla_enable_xla_devices not set
mse_error/peak_error 0 177
[32m[I 2021-04-07 08:09:46,057][0m Trial 173 finished with value: 177.0 and parameters: {'Vahp': -35.5, 'Vth': -24.5, 'Vmax': 13.5, 't_ref': 16.0, 'R': 0.8, 'tau_m': 75.0}. Best is trial 75 with value: 82.0.[0m
2021-04-07 08:09:46.275264: I tensorflow/compiler/jit/xla_gpu_device.cc:99] Not creating XLA devices, tf_xla_enable_xla_devices not set
mse_error/peak_error 0 159
[32m[I 2021-04-07 08:09:50,166][0m Trial 174 finished with value: 159.0 and parameters: {'Vahp': -27.0, 'Vth': -22.5, 'Vmax': 14.5, 't_ref': 15.5, 'R': 0.8, 'tau_m': 77.0}. Best is trial 75 with value: 82.0.[0m
2021-04-07 08:09:50.367745: I tensorflow/compiler/jit/xla_gpu_device.cc:99] Not creating XLA devices, tf_xla_enable_xla_devices not set
mse_error/peak_error 0 100.0
[32m[I 2021-04-07 08:09:54,316][0m Trial 175 finished with value: 100.0 and parameters: {'Vahp': -39.5, 'Vth': -22.5, 'Vmax': 12.0, 't_ref': 16.5, 'R': 0.9, 'tau_m': 81.5}. Best is trial 75 with value: 82.0.[0m
2021-04-07 08:09:54.530672: I tensorflow/compiler/jit/xla_gpu_device.cc:99] Not creating XLA devices, tf_xla_enable_xla_devices not set
mse_error/peak_error 0 168
[32m[I 2021-04-07 08:09:58,473][0m Trial 176 finished with value: 168.0 and parameters: {'Vahp': -30.0, 'Vth': -24.0, 'Vmax': 14.0, 't_ref': 16.0, 'R': 0.8, 'tau_m': 70.0}. Best is trial 75 with value: 82.0.[0m
2021-04-07 08:09:58.723053: I tensorflow/compiler/jit/xla_gpu_device.cc:99] Not creating XLA devices, tf_xla_enable_xla_devices not set
mse_error/peak_error 0 170
[32m[I 2021-04-07 08:10:02,741][0m Trial 177 finished with value: 170.0 and parameters: {'Vahp': -36.5, 'Vth': -24.5, 'Vmax': 14.5, 't_ref': 15.0, 'R': 0.8, 'tau_m': 72.5}. Best is trial 75 with value: 82.0.[0m
2021-04-07 08:10:02.951670: I tensorflow/compiler/jit/xla_gpu_device.cc:99] Not creating XLA devices, tf_xla_enable_xla_devices not set
mse_error/peak_error 0 84.0
[32m[I 2021-04-07 08:10:07,019][0m Trial 178 finished with value: 84.0 and parameters: {'Vahp': -37.0, 'Vth': -23.0, 'Vmax': 13.0, 't_ref': 15.5, 'R': 0.8, 'tau_m': 72.0}. Best is trial 75 with value: 82.0.[0m
2021-04-07 08:10:07.230922: I tensorflow/compiler/jit/xla_gpu_device.cc:99] Not creating XLA devices, tf_xla_enable_xla_devices not set
mse_error/peak_error 0 186
[32m[I 2021-04-07 08:10:11,301][0m Trial 179 finished with value: 186.0 and parameters: {'Vahp': -38.5, 'Vth': -23.0, 'Vmax': 12.5, 't_ref': 16.5, 'R': 0.9, 'tau_m': 71.0}. Best is trial 75 with value: 82.0.[0m
2021-04-07 08:10:11.507567: I tensorflow/compiler/jit/xla_gpu_device.cc:99] Not creating XLA devices, tf_xla_enable_xla_devices not set
mse_error/peak_error 0 114.0
[32m[I 2021-04-07 08:10:15,658][0m Trial 180 finished with value: 114.0 and parameters: {'Vahp': -47.5, 'Vth': -21.5, 'Vmax': 10.5, 't_ref': 15.0, 'R': 0.8, 'tau_m': 75.5}. Best is trial 75 with value: 82.0.[0m
2021-04-07 08:10:15.858759: I tensorflow/compiler/jit/xla_gpu_device.cc:99] Not creating XLA devices, tf_xla_enable_xla_devices not set
mse_error/peak_error 0 89.0
[32m[I 2021-04-07 08:10:19,977][0m Trial 181 finished with value: 89.0 and parameters: {'Vahp': -36.0, 'Vth': -22.0, 'Vmax': 13.5, 't_ref': 17.0, 'R': 0.8, 'tau_m': 79.5}. Best is trial 75 with value: 82.0.[0m
2021-04-07 08:10:20.185575: I tensorflow/compiler/jit/xla_gpu_device.cc:99] Not creating XLA devices, tf_xla_enable_xla_devices not set
mse_error/peak_error 0 89.0
[32m[I 2021-04-07 08:10:24,371][0m Trial 182 finished with value: 89.0 and parameters: {'Vahp': -37.0, 'Vth': -22.0, 'Vmax': 13.0, 't_ref': 15.5, 'R': 0.8, 'tau_m': 79.0}. Best is trial 75 with value: 82.0.[0m
2021-04-07 08:10:24.577711: I tensorflow/compiler/jit/xla_gpu_device.cc:99] Not creating XLA devices, tf_xla_enable_xla_devices not set
mse_error/peak_error 0 89.0
[32m[I 2021-04-07 08:10:28,771][0m Trial 183 finished with value: 89.0 and parameters: {'Vahp': -37.5, 'Vth': -22.0, 'Vmax': 13.5, 't_ref': 15.5, 'R': 0.8, 'tau_m': 78.5}. Best is trial 75 with value: 82.0.[0m
2021-04-07 08:10:28.978506: I tensorflow/compiler/jit/xla_gpu_device.cc:99] Not creating XLA devices, tf_xla_enable_xla_devices not set
mse_error/peak_error 0 89.0
[32m[I 2021-04-07 08:10:33,165][0m Trial 184 finished with value: 89.0 and parameters: {'Vahp': -37.5, 'Vth': -22.0, 'Vmax': 13.0, 't_ref': 15.5, 'R': 0.8, 'tau_m': 79.0}. Best is trial 75 with value: 82.0.[0m
2021-04-07 08:10:33.392179: I tensorflow/compiler/jit/xla_gpu_device.cc:99] Not creating XLA devices, tf_xla_enable_xla_devices not set
mse_error/peak_error 0 82.0
[32m[I 2021-04-07 08:10:37,676][0m Trial 185 finished with value: 82.0 and parameters: {'Vahp': -37.5, 'Vth': -22.0, 'Vmax': 13.0, 't_ref': 14.5, 'R': 0.8, 'tau_m': 80.0}. Best is trial 75 with value: 82.0.[0m
2021-04-07 08:10:37.874203: I tensorflow/compiler/jit/xla_gpu_device.cc:99] Not creating XLA devices, tf_xla_enable_xla_devices not set
mse_error/peak_error 0 175
[32m[I 2021-04-07 08:10:42,009][0m Trial 186 finished with value: 175.0 and parameters: {'Vahp': -37.0, 'Vth': -21.0, 'Vmax': 13.0, 't_ref': 14.0, 'R': 0.8, 'tau_m': 79.5}. Best is trial 75 with value: 82.0.[0m
2021-04-07 08:10:42.440786: I tensorflow/compiler/jit/xla_gpu_device.cc:99] Not creating XLA devices, tf_xla_enable_xla_devices not set
mse_error/peak_error 0 108.0
[32m[I 2021-04-07 08:10:46,761][0m Trial 187 finished with value: 108.0 and parameters: {'Vahp': -36.0, 'Vth': -22.0, 'Vmax': 12.0, 't_ref': 15.5, 'R': 0.8, 'tau_m': 83.5}. Best is trial 75 with value: 82.0.[0m
2021-04-07 08:10:46.965482: I tensorflow/compiler/jit/xla_gpu_device.cc:99] Not creating XLA devices, tf_xla_enable_xla_devices not set
mse_error/peak_error 0 177
[32m[I 2021-04-07 08:10:51,281][0m Trial 188 finished with value: 177.0 and parameters: {'Vahp': -37.5, 'Vth': -22.0, 'Vmax': 11.0, 't_ref': 15.0, 'R': 0.9, 'tau_m': 78.0}. Best is trial 75 with value: 82.0.[0m
2021-04-07 08:10:51.487389: I tensorflow/compiler/jit/xla_gpu_device.cc:99] Not creating XLA devices, tf_xla_enable_xla_devices not set
mse_error/peak_error 0 116.0
[32m[I 2021-04-07 08:10:55,695][0m Trial 189 finished with value: 116.0 and parameters: {'Vahp': -37.5, 'Vth': -20.5, 'Vmax': 13.5, 't_ref': 14.0, 'R': 0.8, 'tau_m': 87.0}. Best is trial 75 with value: 82.0.[0m
2021-04-07 08:10:55.921644: I tensorflow/compiler/jit/xla_gpu_device.cc:99] Not creating XLA devices, tf_xla_enable_xla_devices not set
mse_error/peak_error 0 121.0
[32m[I 2021-04-07 08:11:00,234][0m Trial 190 finished with value: 121.0 and parameters: {'Vahp': -39.5, 'Vth': -21.5, 'Vmax': 12.5, 't_ref': 15.5, 'R': 0.8, 'tau_m': 82.0}. Best is trial 75 with value: 82.0.[0m
2021-04-07 08:11:00.434701: I tensorflow/compiler/jit/xla_gpu_device.cc:99] Not creating XLA devices, tf_xla_enable_xla_devices not set
mse_error/peak_error 0 83.0
[32m[I 2021-04-07 08:11:04,811][0m Trial 191 finished with value: 83.0 and parameters: {'Vahp': -36.5, 'Vth': -22.0, 'Vmax': 13.5, 't_ref': 16.0, 'R': 0.8, 'tau_m': 76.5}. Best is trial 75 with value: 82.0.[0m
2021-04-07 08:11:05.014924: I tensorflow/compiler/jit/xla_gpu_device.cc:99] Not creating XLA devices, tf_xla_enable_xla_devices not set
mse_error/peak_error 0 83.0
[32m[I 2021-04-07 08:11:09,352][0m Trial 192 finished with value: 83.0 and parameters: {'Vahp': -36.5, 'Vth': -22.0, 'Vmax': 13.0, 't_ref': 16.0, 'R': 0.8, 'tau_m': 76.5}. Best is trial 75 with value: 82.0.[0m
2021-04-07 08:11:09.555405: I tensorflow/compiler/jit/xla_gpu_device.cc:99] Not creating XLA devices, tf_xla_enable_xla_devices not set
mse_error/peak_error 0 83.0
[32m[I 2021-04-07 08:11:13,962][0m Trial 193 finished with value: 83.0 and parameters: {'Vahp': -36.0, 'Vth': -22.0, 'Vmax': 13.0, 't_ref': 16.0, 'R': 0.8, 'tau_m': 77.0}. Best is trial 75 with value: 82.0.[0m
2021-04-07 08:11:14.184228: I tensorflow/compiler/jit/xla_gpu_device.cc:99] Not creating XLA devices, tf_xla_enable_xla_devices not set
mse_error/peak_error 0 89.0
[32m[I 2021-04-07 08:11:18,613][0m Trial 194 finished with value: 89.0 and parameters: {'Vahp': -36.5, 'Vth': -22.0, 'Vmax': 11.5, 't_ref': 16.0, 'R': 0.8, 'tau_m': 79.5}. Best is trial 75 with value: 82.0.[0m
2021-04-07 08:11:18.828060: I tensorflow/compiler/jit/xla_gpu_device.cc:99] Not creating XLA devices, tf_xla_enable_xla_devices not set
mse_error/peak_error 0 89.0
[32m[I 2021-04-07 08:11:23,319][0m Trial 195 finished with value: 89.0 and parameters: {'Vahp': -36.5, 'Vth': -22.0, 'Vmax': 11.0, 't_ref': 15.5, 'R': 0.8, 'tau_m': 79.5}. Best is trial 75 with value: 82.0.[0m
2021-04-07 08:11:23.521677: I tensorflow/compiler/jit/xla_gpu_device.cc:99] Not creating XLA devices, tf_xla_enable_xla_devices not set
mse_error/peak_error 0 175
[32m[I 2021-04-07 08:11:27,953][0m Trial 196 finished with value: 175.0 and parameters: {'Vahp': -35.5, 'Vth': -22.0, 'Vmax': 11.5, 't_ref': 15.0, 'R': 0.8, 'tau_m': 78.5}. Best is trial 75 with value: 82.0.[0m
2021-04-07 08:11:28.171351: I tensorflow/compiler/jit/xla_gpu_device.cc:99] Not creating XLA devices, tf_xla_enable_xla_devices not set
mse_error/peak_error 0 176
[32m[I 2021-04-07 08:11:32,698][0m Trial 197 finished with value: 176.0 and parameters: {'Vahp': -36.5, 'Vth': -21.5, 'Vmax': 10.5, 't_ref': 14.5, 'R': 0.8, 'tau_m': 76.5}. Best is trial 75 with value: 82.0.[0m
2021-04-07 08:11:32.898732: I tensorflow/compiler/jit/xla_gpu_device.cc:99] Not creating XLA devices, tf_xla_enable_xla_devices not set
mse_error/peak_error 0 82.0
[32m[I 2021-04-07 08:11:37,314][0m Trial 198 finished with value: 82.0 and parameters: {'Vahp': -36.0, 'Vth': -22.0, 'Vmax': 12.0, 't_ref': 15.5, 'R': 0.8, 'tau_m': 80.5}. Best is trial 75 with value: 82.0.[0m
2021-04-07 08:11:37.514175: I tensorflow/compiler/jit/xla_gpu_device.cc:99] Not creating XLA devices, tf_xla_enable_xla_devices not set
mse_error/peak_error 0 83.0
[32m[I 2021-04-07 08:11:42,014][0m Trial 199 finished with value: 83.0 and parameters: {'Vahp': -36.0, 'Vth': -21.0, 'Vmax': 11.5, 't_ref': 15.5, 'R': 0.9, 'tau_m': 80.5}. Best is trial 75 with value: 82.0.[0m
2021-04-07 08:11:42.214905: I tensorflow/compiler/jit/xla_gpu_device.cc:99] Not creating XLA devices, tf_xla_enable_xla_devices not set
mse_error/peak_error 0 178
[32m[I 2021-04-07 08:11:46,779][0m Trial 200 finished with value: 178.0 and parameters: {'Vahp': -36.0, 'Vth': -21.0, 'Vmax': 11.5, 't_ref': 15.5, 'R': 1.0, 'tau_m': 80.5}. Best is trial 75 with value: 82.0.[0m
2021-04-07 08:11:46.981654: I tensorflow/compiler/jit/xla_gpu_device.cc:99] Not creating XLA devices, tf_xla_enable_xla_devices not set
mse_error/peak_error 0 84.0
[32m[I 2021-04-07 08:11:51,557][0m Trial 201 finished with value: 84.0 and parameters: {'Vahp': -36.0, 'Vth': -22.0, 'Vmax': 12.0, 't_ref': 16.0, 'R': 0.9, 'tau_m': 79.0}. Best is trial 75 with value: 82.0.[0m
2021-04-07 08:11:51.775549: I tensorflow/compiler/jit/xla_gpu_device.cc:99] Not creating XLA devices, tf_xla_enable_xla_devices not set
mse_error/peak_error 0 84.0
[32m[I 2021-04-07 08:11:56,318][0m Trial 202 finished with value: 84.0 and parameters: {'Vahp': -36.0, 'Vth': -22.0, 'Vmax': 12.0, 't_ref': 16.0, 'R': 0.9, 'tau_m': 80.0}. Best is trial 75 with value: 82.0.[0m
2021-04-07 08:11:56.540773: I tensorflow/compiler/jit/xla_gpu_device.cc:99] Not creating XLA devices, tf_xla_enable_xla_devices not set
mse_error/peak_error 0 83.0
[32m[I 2021-04-07 08:12:01,225][0m Trial 203 finished with value: 83.0 and parameters: {'Vahp': -36.0, 'Vth': -21.5, 'Vmax': 12.0, 't_ref': 16.0, 'R': 0.9, 'tau_m': 84.0}. Best is trial 75 with value: 82.0.[0m
2021-04-07 08:12:01.436208: I tensorflow/compiler/jit/xla_gpu_device.cc:99] Not creating XLA devices, tf_xla_enable_xla_devices not set
mse_error/peak_error 0 89.0
[32m[I 2021-04-07 08:12:05,991][0m Trial 204 finished with value: 89.0 and parameters: {'Vahp': -36.5, 'Vth': -20.5, 'Vmax': 12.0, 't_ref': 16.0, 'R': 0.9, 'tau_m': 84.5}. Best is trial 75 with value: 82.0.[0m
2021-04-07 08:12:06.202684: I tensorflow/compiler/jit/xla_gpu_device.cc:99] Not creating XLA devices, tf_xla_enable_xla_devices not set
mse_error/peak_error 0 82.0
[32m[I 2021-04-07 08:12:10,750][0m Trial 205 finished with value: 82.0 and parameters: {'Vahp': -35.5, 'Vth': -20.5, 'Vmax': 12.5, 't_ref': 16.0, 'R': 0.9, 'tau_m': 85.5}. Best is trial 75 with value: 82.0.[0m
2021-04-07 08:12:10.950314: I tensorflow/compiler/jit/xla_gpu_device.cc:99] Not creating XLA devices, tf_xla_enable_xla_devices not set
mse_error/peak_error 0 89.0
[32m[I 2021-04-07 08:12:15,491][0m Trial 206 finished with value: 89.0 and parameters: {'Vahp': -35.5, 'Vth': -20.5, 'Vmax': 12.5, 't_ref': 15.5, 'R': 0.9, 'tau_m': 87.5}. Best is trial 75 with value: 82.0.[0m
2021-04-07 08:12:15.701010: I tensorflow/compiler/jit/xla_gpu_device.cc:99] Not creating XLA devices, tf_xla_enable_xla_devices not set
mse_error/peak_error 0 82.0
[32m[I 2021-04-07 08:12:20,345][0m Trial 207 finished with value: 82.0 and parameters: {'Vahp': -35.5, 'Vth': -20.5, 'Vmax': 12.5, 't_ref': 15.0, 'R': 0.9, 'tau_m': 90.0}. Best is trial 75 with value: 82.0.[0m
2021-04-07 08:12:20.550916: I tensorflow/compiler/jit/xla_gpu_device.cc:99] Not creating XLA devices, tf_xla_enable_xla_devices not set
mse_error/peak_error 0 83.0
[32m[I 2021-04-07 08:12:25,330][0m Trial 208 finished with value: 83.0 and parameters: {'Vahp': -35.5, 'Vth': -21.5, 'Vmax': 11.5, 't_ref': 16.0, 'R': 0.9, 'tau_m': 82.5}. Best is trial 75 with value: 82.0.[0m
2021-04-07 08:12:25.532862: I tensorflow/compiler/jit/xla_gpu_device.cc:99] Not creating XLA devices, tf_xla_enable_xla_devices not set
mse_error/peak_error 0 176
[32m[I 2021-04-07 08:12:30,348][0m Trial 209 finished with value: 176.0 and parameters: {'Vahp': -35.5, 'Vth': -20.0, 'Vmax': 12.0, 't_ref': 14.5, 'R': 0.9, 'tau_m': 82.5}. Best is trial 75 with value: 82.0.[0m
2021-04-07 08:12:30.560027: I tensorflow/compiler/jit/xla_gpu_device.cc:99] Not creating XLA devices, tf_xla_enable_xla_devices not set
mse_error/peak_error 0 170
[32m[I 2021-04-07 08:12:35,352][0m Trial 210 finished with value: 170.0 and parameters: {'Vahp': -34.5, 'Vth': -21.5, 'Vmax': 10.5, 't_ref': 15.0, 'R': 1.0, 'tau_m': 90.0}. Best is trial 75 with value: 82.0.[0m
2021-04-07 08:12:35.569880: I tensorflow/compiler/jit/xla_gpu_device.cc:99] Not creating XLA devices, tf_xla_enable_xla_devices not set
mse_error/peak_error 0 83.0
[32m[I 2021-04-07 08:12:40,428][0m Trial 211 finished with value: 83.0 and parameters: {'Vahp': -36.0, 'Vth': -21.0, 'Vmax': 13.0, 't_ref': 16.0, 'R': 0.9, 'tau_m': 81.5}. Best is trial 75 with value: 82.0.[0m
2021-04-07 08:12:40.645163: I tensorflow/compiler/jit/xla_gpu_device.cc:99] Not creating XLA devices, tf_xla_enable_xla_devices not set
mse_error/peak_error 0 82.0
[32m[I 2021-04-07 08:12:45,552][0m Trial 212 finished with value: 82.0 and parameters: {'Vahp': -35.5, 'Vth': -20.5, 'Vmax': 12.0, 't_ref': 16.0, 'R': 0.9, 'tau_m': 85.0}. Best is trial 75 with value: 82.0.[0m
2021-04-07 08:12:45.761662: I tensorflow/compiler/jit/xla_gpu_device.cc:99] Not creating XLA devices, tf_xla_enable_xla_devices not set
mse_error/peak_error 0 82.0
[32m[I 2021-04-07 08:12:50,669][0m Trial 213 finished with value: 82.0 and parameters: {'Vahp': -35.5, 'Vth': -20.5, 'Vmax': 12.5, 't_ref': 16.0, 'R': 0.9, 'tau_m': 86.5}. Best is trial 75 with value: 82.0.[0m
2021-04-07 08:12:50.872723: I tensorflow/compiler/jit/xla_gpu_device.cc:99] Not creating XLA devices, tf_xla_enable_xla_devices not set
mse_error/peak_error 0 82.0
[32m[I 2021-04-07 08:12:55,783][0m Trial 214 finished with value: 82.0 and parameters: {'Vahp': -35.0, 'Vth': -20.5, 'Vmax': 12.5, 't_ref': 16.0, 'R': 0.9, 'tau_m': 86.5}. Best is trial 75 with value: 82.0.[0m
2021-04-07 08:12:55.985651: I tensorflow/compiler/jit/xla_gpu_device.cc:99] Not creating XLA devices, tf_xla_enable_xla_devices not set
mse_error/peak_error 0 82.0
[32m[I 2021-04-07 08:13:00,893][0m Trial 215 finished with value: 82.0 and parameters: {'Vahp': -33.5, 'Vth': -21.0, 'Vmax': 12.0, 't_ref': 16.0, 'R': 0.9, 'tau_m': 90.5}. Best is trial 75 with value: 82.0.[0m
2021-04-07 08:13:01.092735: I tensorflow/compiler/jit/xla_gpu_device.cc:99] Not creating XLA devices, tf_xla_enable_xla_devices not set
mse_error/peak_error 0 82.0
[32m[I 2021-04-07 08:13:06,016][0m Trial 216 finished with value: 82.0 and parameters: {'Vahp': -33.5, 'Vth': -21.0, 'Vmax': 11.5, 't_ref': 16.0, 'R': 0.9, 'tau_m': 90.5}. Best is trial 75 with value: 82.0.[0m
2021-04-07 08:13:06.216344: I tensorflow/compiler/jit/xla_gpu_device.cc:99] Not creating XLA devices, tf_xla_enable_xla_devices not set
mse_error/peak_error 0 99.0
[32m[I 2021-04-07 08:13:11,171][0m Trial 217 finished with value: 99.0 and parameters: {'Vahp': -33.5, 'Vth': -20.5, 'Vmax': 11.0, 't_ref': 16.0, 'R': 0.9, 'tau_m': 95.5}. Best is trial 75 with value: 82.0.[0m
2021-04-07 08:13:11.373717: I tensorflow/compiler/jit/xla_gpu_device.cc:99] Not creating XLA devices, tf_xla_enable_xla_devices not set
mse_error/peak_error 0 89.0
[32m[I 2021-04-07 08:13:16,375][0m Trial 218 finished with value: 89.0 and parameters: {'Vahp': -34.0, 'Vth': -21.0, 'Vmax': 11.5, 't_ref': 16.5, 'R': 0.9, 'tau_m': 89.5}. Best is trial 75 with value: 82.0.[0m
2021-04-07 08:13:16.643118: I tensorflow/compiler/jit/xla_gpu_device.cc:99] Not creating XLA devices, tf_xla_enable_xla_devices not set
mse_error/peak_error 0 108.0
[32m[I 2021-04-07 08:13:21,649][0m Trial 219 finished with value: 108.0 and parameters: {'Vahp': -35.5, 'Vth': -20.0, 'Vmax': 12.5, 't_ref': 16.0, 'R': 0.9, 'tau_m': 92.0}. Best is trial 75 with value: 82.0.[0m
2021-04-07 08:13:21.874462: I tensorflow/compiler/jit/xla_gpu_device.cc:99] Not creating XLA devices, tf_xla_enable_xla_devices not set
mse_error/peak_error 0 176
[32m[I 2021-04-07 08:13:26,992][0m Trial 220 finished with value: 176.0 and parameters: {'Vahp': -35.0, 'Vth': -21.0, 'Vmax': 10.0, 't_ref': 15.0, 'R': 0.9, 'tau_m': 84.0}. Best is trial 75 with value: 82.0.[0m
2021-04-07 08:13:27.194272: I tensorflow/compiler/jit/xla_gpu_device.cc:99] Not creating XLA devices, tf_xla_enable_xla_devices not set
mse_error/peak_error 0 82.0
[32m[I 2021-04-07 08:13:32,304][0m Trial 221 finished with value: 82.0 and parameters: {'Vahp': -35.0, 'Vth': -20.5, 'Vmax': 12.5, 't_ref': 16.0, 'R': 0.9, 'tau_m': 86.0}. Best is trial 75 with value: 82.0.[0m
2021-04-07 08:13:32.509847: I tensorflow/compiler/jit/xla_gpu_device.cc:99] Not creating XLA devices, tf_xla_enable_xla_devices not set
mse_error/peak_error 0 89.0
