[32m[I 2021-04-07 11:28:02,495][0m Trial 918 finished with value: 82.0 and parameters: {'Vahp': -29.0, 'Vth': -20.0, 'Vmax': 29.5, 't_ref': 18.0, 'R': 1.0, 'tau_m': 98.5}. Best is trial 75 with value: 82.0.[0m
2021-04-07 11:28:02.737562: I tensorflow/compiler/jit/xla_gpu_device.cc:99] Not creating XLA devices, tf_xla_enable_xla_devices not set
mse_error/peak_error 0 83.0
[32m[I 2021-04-07 11:28:34,483][0m Trial 919 finished with value: 83.0 and parameters: {'Vahp': -33.5, 'Vth': -21.0, 'Vmax': 28.0, 't_ref': 16.5, 'R': 0.9, 'tau_m': 85.0}. Best is trial 75 with value: 82.0.[0m
2021-04-07 11:28:34.750182: I tensorflow/compiler/jit/xla_gpu_device.cc:99] Not creating XLA devices, tf_xla_enable_xla_devices not set
mse_error/peak_error 0 82.0
[32m[I 2021-04-07 11:29:06,277][0m Trial 920 finished with value: 82.0 and parameters: {'Vahp': -29.5, 'Vth': -20.5, 'Vmax': 30.5, 't_ref': 18.0, 'R': 0.9, 'tau_m': 89.5}. Best is trial 75 with value: 82.0.[0m
2021-04-07 11:29:06.528129: I tensorflow/compiler/jit/xla_gpu_device.cc:99] Not creating XLA devices, tf_xla_enable_xla_devices not set
mse_error/peak_error 0 619
[32m[I 2021-04-07 11:29:38,107][0m Trial 921 finished with value: 619.0 and parameters: {'Vahp': -29.5, 'Vth': -20.5, 'Vmax': 33.0, 't_ref': 10.0, 'R': 0.4, 'tau_m': 93.5}. Best is trial 75 with value: 82.0.[0m
2021-04-07 11:29:38.369052: I tensorflow/compiler/jit/xla_gpu_device.cc:99] Not creating XLA devices, tf_xla_enable_xla_devices not set
mse_error/peak_error 0 205
[32m[I 2021-04-07 11:30:10,126][0m Trial 922 finished with value: 205.0 and parameters: {'Vahp': -28.5, 'Vth': -20.0, 'Vmax': 30.5, 't_ref': 12.5, 'R': 0.8, 'tau_m': 91.0}. Best is trial 75 with value: 82.0.[0m
2021-04-07 11:30:10.390063: I tensorflow/compiler/jit/xla_gpu_device.cc:99] Not creating XLA devices, tf_xla_enable_xla_devices not set
mse_error/peak_error 0 82.0
[32m[I 2021-04-07 11:30:41,857][0m Trial 923 finished with value: 82.0 and parameters: {'Vahp': -34.0, 'Vth': -21.5, 'Vmax': 11.5, 't_ref': 16.0, 'R': 0.9, 'tau_m': 91.5}. Best is trial 75 with value: 82.0.[0m
2021-04-07 11:30:42.111954: I tensorflow/compiler/jit/xla_gpu_device.cc:99] Not creating XLA devices, tf_xla_enable_xla_devices not set
mse_error/peak_error 0 90.0
[32m[I 2021-04-07 11:31:14,221][0m Trial 924 finished with value: 90.0 and parameters: {'Vahp': -32.5, 'Vth': -20.5, 'Vmax': 27.0, 't_ref': 17.5, 'R': 0.9, 'tau_m': 82.5}. Best is trial 75 with value: 82.0.[0m
2021-04-07 11:31:14.484729: I tensorflow/compiler/jit/xla_gpu_device.cc:99] Not creating XLA devices, tf_xla_enable_xla_devices not set
mse_error/peak_error 0 82.0
[32m[I 2021-04-07 11:31:46,332][0m Trial 925 finished with value: 82.0 and parameters: {'Vahp': -26.0, 'Vth': -20.0, 'Vmax': 36.5, 't_ref': 18.5, 'R': 1.0, 'tau_m': 95.5}. Best is trial 75 with value: 82.0.[0m
2021-04-07 11:31:46.636101: I tensorflow/compiler/jit/xla_gpu_device.cc:99] Not creating XLA devices, tf_xla_enable_xla_devices not set
mse_error/peak_error 0 82.0
[32m[I 2021-04-07 11:32:19,046][0m Trial 926 finished with value: 82.0 and parameters: {'Vahp': -26.0, 'Vth': -20.0, 'Vmax': 36.5, 't_ref': 18.5, 'R': 1.0, 'tau_m': 96.5}. Best is trial 75 with value: 82.0.[0m
2021-04-07 11:32:19.291895: I tensorflow/compiler/jit/xla_gpu_device.cc:99] Not creating XLA devices, tf_xla_enable_xla_devices not set
mse_error/peak_error 0 82.0
[32m[I 2021-04-07 11:32:51,331][0m Trial 927 finished with value: 82.0 and parameters: {'Vahp': -32.0, 'Vth': -20.5, 'Vmax': 38.5, 't_ref': 16.5, 'R': 0.9, 'tau_m': 86.0}. Best is trial 75 with value: 82.0.[0m
2021-04-07 11:32:51.576579: I tensorflow/compiler/jit/xla_gpu_device.cc:99] Not creating XLA devices, tf_xla_enable_xla_devices not set
mse_error/peak_error 0 82.0
[32m[I 2021-04-07 11:33:23,469][0m Trial 928 finished with value: 82.0 and parameters: {'Vahp': -32.0, 'Vth': -20.5, 'Vmax': 39.5, 't_ref': 16.5, 'R': 0.9, 'tau_m': 85.0}. Best is trial 75 with value: 82.0.[0m
2021-04-07 11:33:23.718527: I tensorflow/compiler/jit/xla_gpu_device.cc:99] Not creating XLA devices, tf_xla_enable_xla_devices not set
mse_error/peak_error 0 341
[32m[I 2021-04-07 11:33:56,114][0m Trial 929 finished with value: 341.0 and parameters: {'Vahp': -31.5, 'Vth': -20.5, 'Vmax': 10.0, 't_ref': 8.0, 'R': 0.9, 'tau_m': 88.5}. Best is trial 75 with value: 82.0.[0m
2021-04-07 11:33:56.357751: I tensorflow/compiler/jit/xla_gpu_device.cc:99] Not creating XLA devices, tf_xla_enable_xla_devices not set
mse_error/peak_error 0 253
[32m[I 2021-04-07 11:34:28,349][0m Trial 930 finished with value: 253.0 and parameters: {'Vahp': -32.5, 'Vth': -21.0, 'Vmax': 32.0, 't_ref': 11.5, 'R': 0.9, 'tau_m': 91.0}. Best is trial 75 with value: 82.0.[0m
2021-04-07 11:34:28.594465: I tensorflow/compiler/jit/xla_gpu_device.cc:99] Not creating XLA devices, tf_xla_enable_xla_devices not set
mse_error/peak_error 0 82.0
[32m[I 2021-04-07 11:35:00,458][0m Trial 931 finished with value: 82.0 and parameters: {'Vahp': -28.5, 'Vth': -20.0, 'Vmax': 29.0, 't_ref': 18.0, 'R': 1.0, 'tau_m': 93.5}. Best is trial 75 with value: 82.0.[0m
2021-04-07 11:35:00.704659: I tensorflow/compiler/jit/xla_gpu_device.cc:99] Not creating XLA devices, tf_xla_enable_xla_devices not set
mse_error/peak_error 0 127.0
[32m[I 2021-04-07 11:35:32,859][0m Trial 932 finished with value: 127.0 and parameters: {'Vahp': -27.0, 'Vth': -20.0, 'Vmax': 35.5, 't_ref': 19.0, 'R': 0.9, 'tau_m': 98.0}. Best is trial 75 with value: 82.0.[0m
2021-04-07 11:35:33.128042: I tensorflow/compiler/jit/xla_gpu_device.cc:99] Not creating XLA devices, tf_xla_enable_xla_devices not set
mse_error/peak_error 0 89.0
[32m[I 2021-04-07 11:36:05,265][0m Trial 933 finished with value: 89.0 and parameters: {'Vahp': -32.0, 'Vth': -20.5, 'Vmax': 31.0, 't_ref': 17.5, 'R': 0.9, 'tau_m': 87.0}. Best is trial 75 with value: 82.0.[0m
2021-04-07 11:36:05.518537: I tensorflow/compiler/jit/xla_gpu_device.cc:99] Not creating XLA devices, tf_xla_enable_xla_devices not set
mse_error/peak_error 0 83.0
[32m[I 2021-04-07 11:36:37,969][0m Trial 934 finished with value: 83.0 and parameters: {'Vahp': -35.5, 'Vth': -21.0, 'Vmax': 14.5, 't_ref': 16.0, 'R': 0.9, 'tau_m': 82.0}. Best is trial 75 with value: 82.0.[0m
2021-04-07 11:36:38.219180: I tensorflow/compiler/jit/xla_gpu_device.cc:99] Not creating XLA devices, tf_xla_enable_xla_devices not set
mse_error/peak_error 0 168
[32m[I 2021-04-07 11:37:10,383][0m Trial 935 finished with value: 168.0 and parameters: {'Vahp': -34.5, 'Vth': -29.0, 'Vmax': 13.0, 't_ref': 15.0, 'R': 0.9, 'tau_m': 81.5}. Best is trial 75 with value: 82.0.[0m
2021-04-07 11:37:10.633678: I tensorflow/compiler/jit/xla_gpu_device.cc:99] Not creating XLA devices, tf_xla_enable_xla_devices not set
mse_error/peak_error 0 176
[32m[I 2021-04-07 11:37:42,891][0m Trial 936 finished with value: 176.0 and parameters: {'Vahp': -35.5, 'Vth': -21.5, 'Vmax': 13.0, 't_ref': 15.0, 'R': 1.0, 'tau_m': 97.0}. Best is trial 75 with value: 82.0.[0m
2021-04-07 11:37:43.139357: I tensorflow/compiler/jit/xla_gpu_device.cc:99] Not creating XLA devices, tf_xla_enable_xla_devices not set
mse_error/peak_error 0 128.0
[32m[I 2021-04-07 11:38:15,378][0m Trial 937 finished with value: 128.0 and parameters: {'Vahp': -39.0, 'Vth': -22.5, 'Vmax': 31.5, 't_ref': 19.0, 'R': 0.8, 'tau_m': 81.0}. Best is trial 75 with value: 82.0.[0m
2021-04-07 11:38:15.625116: I tensorflow/compiler/jit/xla_gpu_device.cc:99] Not creating XLA devices, tf_xla_enable_xla_devices not set
mse_error/peak_error 0 156
[32m[I 2021-04-07 11:38:47,644][0m Trial 938 finished with value: 156.0 and parameters: {'Vahp': -24.0, 'Vth': -20.0, 'Vmax': 14.0, 't_ref': 16.0, 'R': 1.0, 'tau_m': 99.0}. Best is trial 75 with value: 82.0.[0m
2021-04-07 11:38:47.896450: I tensorflow/compiler/jit/xla_gpu_device.cc:99] Not creating XLA devices, tf_xla_enable_xla_devices not set
mse_error/peak_error 0 82.0
[32m[I 2021-04-07 11:39:20,548][0m Trial 939 finished with value: 82.0 and parameters: {'Vahp': -30.0, 'Vth': -20.5, 'Vmax': 24.5, 't_ref': 17.5, 'R': 0.9, 'tau_m': 84.5}. Best is trial 75 with value: 82.0.[0m
2021-04-07 11:39:20.800485: I tensorflow/compiler/jit/xla_gpu_device.cc:99] Not creating XLA devices, tf_xla_enable_xla_devices not set
mse_error/peak_error 0 108.0
[32m[I 2021-04-07 11:39:53,621][0m Trial 940 finished with value: 108.0 and parameters: {'Vahp': -27.5, 'Vth': -20.0, 'Vmax': 35.5, 't_ref': 18.5, 'R': 1.0, 'tau_m': 100.0}. Best is trial 75 with value: 82.0.[0m
2021-04-07 11:39:53.872406: I tensorflow/compiler/jit/xla_gpu_device.cc:99] Not creating XLA devices, tf_xla_enable_xla_devices not set
mse_error/peak_error 0 82.0
[32m[I 2021-04-07 11:40:26,856][0m Trial 941 finished with value: 82.0 and parameters: {'Vahp': -31.5, 'Vth': -20.0, 'Vmax': 30.0, 't_ref': 17.0, 'R': 0.9, 'tau_m': 88.5}. Best is trial 75 with value: 82.0.[0m
2021-04-07 11:40:27.102712: I tensorflow/compiler/jit/xla_gpu_device.cc:99] Not creating XLA devices, tf_xla_enable_xla_devices not set
mse_error/peak_error 0 108.0
[32m[I 2021-04-07 11:40:59,890][0m Trial 942 finished with value: 108.0 and parameters: {'Vahp': -28.0, 'Vth': -20.0, 'Vmax': 36.0, 't_ref': 18.5, 'R': 0.9, 'tau_m': 92.0}. Best is trial 75 with value: 82.0.[0m
2021-04-07 11:41:00.142935: I tensorflow/compiler/jit/xla_gpu_device.cc:99] Not creating XLA devices, tf_xla_enable_xla_devices not set
mse_error/peak_error 0 99.0
[32m[I 2021-04-07 11:41:33,122][0m Trial 943 finished with value: 99.0 and parameters: {'Vahp': -31.0, 'Vth': -20.0, 'Vmax': 30.0, 't_ref': 17.0, 'R': 0.9, 'tau_m': 89.5}. Best is trial 75 with value: 82.0.[0m
2021-04-07 11:41:33.372472: I tensorflow/compiler/jit/xla_gpu_device.cc:99] Not creating XLA devices, tf_xla_enable_xla_devices not set
mse_error/peak_error 0 82.0
[32m[I 2021-04-07 11:42:06,418][0m Trial 944 finished with value: 82.0 and parameters: {'Vahp': -31.5, 'Vth': -20.5, 'Vmax': 10.0, 't_ref': 17.0, 'R': 0.9, 'tau_m': 88.5}. Best is trial 75 with value: 82.0.[0m
2021-04-07 11:42:06.664524: I tensorflow/compiler/jit/xla_gpu_device.cc:99] Not creating XLA devices, tf_xla_enable_xla_devices not set
mse_error/peak_error 0 83.0
[32m[I 2021-04-07 11:42:39,363][0m Trial 945 finished with value: 83.0 and parameters: {'Vahp': -27.0, 'Vth': -20.0, 'Vmax': 36.5, 't_ref': 18.5, 'R': 1.0, 'tau_m': 92.5}. Best is trial 75 with value: 82.0.[0m
2021-04-07 11:42:39.607423: I tensorflow/compiler/jit/xla_gpu_device.cc:99] Not creating XLA devices, tf_xla_enable_xla_devices not set
mse_error/peak_error 0 189
[32m[I 2021-04-07 11:43:12,608][0m Trial 946 finished with value: 189.0 and parameters: {'Vahp': -27.5, 'Vth': -20.0, 'Vmax': 31.0, 't_ref': 19.0, 'R': 0.9, 'tau_m': 39.5}. Best is trial 75 with value: 82.0.[0m
2021-04-07 11:43:12.849413: I tensorflow/compiler/jit/xla_gpu_device.cc:99] Not creating XLA devices, tf_xla_enable_xla_devices not set
mse_error/peak_error 0 175
[32m[I 2021-04-07 11:43:45,014][0m Trial 947 finished with value: 175.0 and parameters: {'Vahp': -26.5, 'Vth': -20.0, 'Vmax': 37.5, 't_ref': 18.0, 'R': 1.0, 'tau_m': 94.5}. Best is trial 75 with value: 82.0.[0m
2021-04-07 11:43:45.256798: I tensorflow/compiler/jit/xla_gpu_device.cc:99] Not creating XLA devices, tf_xla_enable_xla_devices not set
mse_error/peak_error 0 146.0
[32m[I 2021-04-07 11:44:17,818][0m Trial 948 finished with value: 146.0 and parameters: {'Vahp': -37.0, 'Vth': -21.5, 'Vmax': 38.0, 't_ref': 14.5, 'R': 0.7000000000000001, 'tau_m': 81.0}. Best is trial 75 with value: 82.0.[0m
2021-04-07 11:44:18.071230: I tensorflow/compiler/jit/xla_gpu_device.cc:99] Not creating XLA devices, tf_xla_enable_xla_devices not set
mse_error/peak_error 0 83.0
[32m[I 2021-04-07 11:44:50,698][0m Trial 949 finished with value: 83.0 and parameters: {'Vahp': -30.0, 'Vth': -20.5, 'Vmax': 33.0, 't_ref': 17.5, 'R': 0.9, 'tau_m': 83.5}. Best is trial 75 with value: 82.0.[0m
2021-04-07 11:44:50.944709: I tensorflow/compiler/jit/xla_gpu_device.cc:99] Not creating XLA devices, tf_xla_enable_xla_devices not set
mse_error/peak_error 0 101.0
[32m[I 2021-04-07 11:45:23,495][0m Trial 950 finished with value: 101.0 and parameters: {'Vahp': -28.5, 'Vth': -20.0, 'Vmax': 31.5, 't_ref': 19.5, 'R': 0.9, 'tau_m': 83.0}. Best is trial 75 with value: 82.0.[0m
2021-04-07 11:45:23.735597: I tensorflow/compiler/jit/xla_gpu_device.cc:99] Not creating XLA devices, tf_xla_enable_xla_devices not set
mse_error/peak_error 0 82.0
[32m[I 2021-04-07 11:45:56,422][0m Trial 951 finished with value: 82.0 and parameters: {'Vahp': -31.0, 'Vth': -20.5, 'Vmax': 33.5, 't_ref': 17.0, 'R': 0.9, 'tau_m': 87.5}. Best is trial 75 with value: 82.0.[0m
2021-04-07 11:45:56.666519: I tensorflow/compiler/jit/xla_gpu_device.cc:99] Not creating XLA devices, tf_xla_enable_xla_devices not set
mse_error/peak_error 0 82.0
[32m[I 2021-04-07 11:46:29,167][0m Trial 952 finished with value: 82.0 and parameters: {'Vahp': -31.0, 'Vth': -20.5, 'Vmax': 33.0, 't_ref': 16.5, 'R': 0.9, 'tau_m': 89.5}. Best is trial 75 with value: 82.0.[0m
2021-04-07 11:46:29.412391: I tensorflow/compiler/jit/xla_gpu_device.cc:99] Not creating XLA devices, tf_xla_enable_xla_devices not set
mse_error/peak_error 0 82.0
[32m[I 2021-04-07 11:47:02,261][0m Trial 953 finished with value: 82.0 and parameters: {'Vahp': -29.0, 'Vth': -20.5, 'Vmax': 32.5, 't_ref': 17.5, 'R': 1.0, 'tau_m': 95.0}. Best is trial 75 with value: 82.0.[0m
2021-04-07 11:47:02.501233: I tensorflow/compiler/jit/xla_gpu_device.cc:99] Not creating XLA devices, tf_xla_enable_xla_devices not set
mse_error/peak_error 0 341
[32m[I 2021-04-07 11:47:35,110][0m Trial 954 finished with value: 341.0 and parameters: {'Vahp': -28.5, 'Vth': -20.5, 'Vmax': 32.5, 't_ref': 9.0, 'R': 1.0, 'tau_m': 95.5}. Best is trial 75 with value: 82.0.[0m
2021-04-07 11:47:35.354976: I tensorflow/compiler/jit/xla_gpu_device.cc:99] Not creating XLA devices, tf_xla_enable_xla_devices not set
mse_error/peak_error 0 89.0
[32m[I 2021-04-07 11:48:08,173][0m Trial 955 finished with value: 89.0 and parameters: {'Vahp': -25.5, 'Vth': -20.5, 'Vmax': 37.5, 't_ref': 19.5, 'R': 1.0, 'tau_m': 96.5}. Best is trial 75 with value: 82.0.[0m
2021-04-07 11:48:08.414715: I tensorflow/compiler/jit/xla_gpu_device.cc:99] Not creating XLA devices, tf_xla_enable_xla_devices not set
mse_error/peak_error 0 82.0
[32m[I 2021-04-07 11:48:41,178][0m Trial 956 finished with value: 82.0 and parameters: {'Vahp': -29.5, 'Vth': -20.0, 'Vmax': 27.0, 't_ref': 18.0, 'R': 1.0, 'tau_m': 99.5}. Best is trial 75 with value: 82.0.[0m
2021-04-07 11:48:41.420243: I tensorflow/compiler/jit/xla_gpu_device.cc:99] Not creating XLA devices, tf_xla_enable_xla_devices not set
mse_error/peak_error 0 108.0
[32m[I 2021-04-07 11:49:14,136][0m Trial 957 finished with value: 108.0 and parameters: {'Vahp': -27.5, 'Vth': -20.0, 'Vmax': 34.0, 't_ref': 18.5, 'R': 0.9, 'tau_m': 92.0}. Best is trial 75 with value: 82.0.[0m
2021-04-07 11:49:14.378211: I tensorflow/compiler/jit/xla_gpu_device.cc:99] Not creating XLA devices, tf_xla_enable_xla_devices not set
mse_error/peak_error 0 423
[32m[I 2021-04-07 11:49:47,271][0m Trial 958 finished with value: 423.0 and parameters: {'Vahp': -32.5, 'Vth': -21.0, 'Vmax': 39.0, 't_ref': 16.5, 'R': 0.9, 'tau_m': 12.0}. Best is trial 75 with value: 82.0.[0m
2021-04-07 11:49:47.514680: I tensorflow/compiler/jit/xla_gpu_device.cc:99] Not creating XLA devices, tf_xla_enable_xla_devices not set
mse_error/peak_error 0 82.0
[32m[I 2021-04-07 11:50:20,041][0m Trial 959 finished with value: 82.0 and parameters: {'Vahp': -29.0, 'Vth': -20.0, 'Vmax': 29.0, 't_ref': 18.0, 'R': 1.0, 'tau_m': 93.5}. Best is trial 75 with value: 82.0.[0m
2021-04-07 11:50:20.284244: I tensorflow/compiler/jit/xla_gpu_device.cc:99] Not creating XLA devices, tf_xla_enable_xla_devices not set
mse_error/peak_error 0 83.0
[32m[I 2021-04-07 11:50:53,407][0m Trial 960 finished with value: 83.0 and parameters: {'Vahp': -37.5, 'Vth': -22.0, 'Vmax': 29.5, 't_ref': 15.0, 'R': 0.8, 'tau_m': 77.0}. Best is trial 75 with value: 82.0.[0m
2021-04-07 11:50:53.647742: I tensorflow/compiler/jit/xla_gpu_device.cc:99] Not creating XLA devices, tf_xla_enable_xla_devices not set
mse_error/peak_error 0 82.0
[32m[I 2021-04-07 11:51:26,466][0m Trial 961 finished with value: 82.0 and parameters: {'Vahp': -28.0, 'Vth': -20.0, 'Vmax': 32.0, 't_ref': 18.0, 'R': 0.9, 'tau_m': 85.5}. Best is trial 75 with value: 82.0.[0m
2021-04-07 11:51:26.712894: I tensorflow/compiler/jit/xla_gpu_device.cc:99] Not creating XLA devices, tf_xla_enable_xla_devices not set
mse_error/peak_error 0 99.0
[32m[I 2021-04-07 11:51:59,783][0m Trial 962 finished with value: 99.0 and parameters: {'Vahp': -27.0, 'Vth': -20.0, 'Vmax': 35.0, 't_ref': 19.0, 'R': 0.9, 'tau_m': 91.0}. Best is trial 75 with value: 82.0.[0m
2021-04-07 11:52:00.052030: I tensorflow/compiler/jit/xla_gpu_device.cc:99] Not creating XLA devices, tf_xla_enable_xla_devices not set
mse_error/peak_error 0 82.0
[32m[I 2021-04-07 11:52:33,663][0m Trial 963 finished with value: 82.0 and parameters: {'Vahp': -31.5, 'Vth': -20.5, 'Vmax': 30.5, 't_ref': 16.5, 'R': 0.9, 'tau_m': 87.5}. Best is trial 75 with value: 82.0.[0m
2021-04-07 11:52:33.905859: I tensorflow/compiler/jit/xla_gpu_device.cc:99] Not creating XLA devices, tf_xla_enable_xla_devices not set
mse_error/peak_error 0 108.0
[32m[I 2021-04-07 11:53:07,153][0m Trial 964 finished with value: 108.0 and parameters: {'Vahp': -28.5, 'Vth': -20.0, 'Vmax': 34.5, 't_ref': 19.0, 'R': 0.9, 'tau_m': 91.5}. Best is trial 75 with value: 82.0.[0m
2021-04-07 11:53:07.397716: I tensorflow/compiler/jit/xla_gpu_device.cc:99] Not creating XLA devices, tf_xla_enable_xla_devices not set
mse_error/peak_error 0 82.0
[32m[I 2021-04-07 11:53:40,577][0m Trial 965 finished with value: 82.0 and parameters: {'Vahp': -32.5, 'Vth': -20.5, 'Vmax': 34.0, 't_ref': 16.5, 'R': 0.9, 'tau_m': 86.0}. Best is trial 75 with value: 82.0.[0m
2021-04-07 11:53:40.820973: I tensorflow/compiler/jit/xla_gpu_device.cc:99] Not creating XLA devices, tf_xla_enable_xla_devices not set
mse_error/peak_error 0 99.0
[32m[I 2021-04-07 11:54:14,172][0m Trial 966 finished with value: 99.0 and parameters: {'Vahp': -25.0, 'Vth': -20.0, 'Vmax': 35.0, 't_ref': 18.5, 'R': 0.9, 'tau_m': 91.5}. Best is trial 75 with value: 82.0.[0m
2021-04-07 11:54:14.418673: I tensorflow/compiler/jit/xla_gpu_device.cc:99] Not creating XLA devices, tf_xla_enable_xla_devices not set
mse_error/peak_error 0 175
[32m[I 2021-04-07 11:54:47,759][0m Trial 967 finished with value: 175.0 and parameters: {'Vahp': -34.5, 'Vth': -22.0, 'Vmax': 26.5, 't_ref': 14.5, 'R': 0.8, 'tau_m': 79.5}. Best is trial 75 with value: 82.0.[0m
2021-04-07 11:54:48.002910: I tensorflow/compiler/jit/xla_gpu_device.cc:99] Not creating XLA devices, tf_xla_enable_xla_devices not set
mse_error/peak_error 0 89.0
[32m[I 2021-04-07 11:55:21,075][0m Trial 968 finished with value: 89.0 and parameters: {'Vahp': -33.5, 'Vth': -21.0, 'Vmax': 10.5, 't_ref': 17.0, 'R': 0.9, 'tau_m': 90.5}. Best is trial 75 with value: 82.0.[0m
2021-04-07 11:55:21.334548: I tensorflow/compiler/jit/xla_gpu_device.cc:99] Not creating XLA devices, tf_xla_enable_xla_devices not set
mse_error/peak_error 0 82.0
[32m[I 2021-04-07 11:55:54,455][0m Trial 969 finished with value: 82.0 and parameters: {'Vahp': -32.5, 'Vth': -21.0, 'Vmax': 10.0, 't_ref': 17.0, 'R': 0.9, 'tau_m': 89.0}. Best is trial 75 with value: 82.0.[0m
2021-04-07 11:55:54.698879: I tensorflow/compiler/jit/xla_gpu_device.cc:99] Not creating XLA devices, tf_xla_enable_xla_devices not set
mse_error/peak_error 0 82.0
[32m[I 2021-04-07 11:56:28,183][0m Trial 970 finished with value: 82.0 and parameters: {'Vahp': -30.5, 'Vth': -20.5, 'Vmax': 33.5, 't_ref': 17.5, 'R': 0.9, 'tau_m': 84.5}. Best is trial 75 with value: 82.0.[0m
2021-04-07 11:56:28.428577: I tensorflow/compiler/jit/xla_gpu_device.cc:99] Not creating XLA devices, tf_xla_enable_xla_devices not set
mse_error/peak_error 0 82.0
[32m[I 2021-04-07 11:57:02,065][0m Trial 971 finished with value: 82.0 and parameters: {'Vahp': -30.0, 'Vth': -20.5, 'Vmax': 33.0, 't_ref': 17.5, 'R': 0.9, 'tau_m': 86.5}. Best is trial 75 with value: 82.0.[0m
2021-04-07 11:57:02.308560: I tensorflow/compiler/jit/xla_gpu_device.cc:99] Not creating XLA devices, tf_xla_enable_xla_devices not set
mse_error/peak_error 0 89.0
[32m[I 2021-04-07 11:57:36,050][0m Trial 972 finished with value: 89.0 and parameters: {'Vahp': -31.0, 'Vth': -20.0, 'Vmax': 31.0, 't_ref': 17.5, 'R': 0.9, 'tau_m': 84.5}. Best is trial 75 with value: 82.0.[0m
2021-04-07 11:57:36.294648: I tensorflow/compiler/jit/xla_gpu_device.cc:99] Not creating XLA devices, tf_xla_enable_xla_devices not set
mse_error/peak_error 0 89.0
[32m[I 2021-04-07 11:58:10,069][0m Trial 973 finished with value: 89.0 and parameters: {'Vahp': -25.0, 'Vth': -20.0, 'Vmax': 37.0, 't_ref': 19.5, 'R': 1.0, 'tau_m': 97.0}. Best is trial 75 with value: 82.0.[0m
2021-04-07 11:58:10.322232: I tensorflow/compiler/jit/xla_gpu_device.cc:99] Not creating XLA devices, tf_xla_enable_xla_devices not set
mse_error/peak_error 0 82.0
[32m[I 2021-04-07 11:58:44,345][0m Trial 974 finished with value: 82.0 and parameters: {'Vahp': -28.0, 'Vth': -20.0, 'Vmax': 33.5, 't_ref': 18.0, 'R': 0.9, 'tau_m': 87.0}. Best is trial 75 with value: 82.0.[0m
2021-04-07 11:58:44.590068: I tensorflow/compiler/jit/xla_gpu_device.cc:99] Not creating XLA devices, tf_xla_enable_xla_devices not set
mse_error/peak_error 0 82.0
[32m[I 2021-04-07 11:59:18,005][0m Trial 975 finished with value: 82.0 and parameters: {'Vahp': -27.5, 'Vth': -20.0, 'Vmax': 34.0, 't_ref': 18.0, 'R': 0.9, 'tau_m': 87.5}. Best is trial 75 with value: 82.0.[0m
2021-04-07 11:59:18.251445: I tensorflow/compiler/jit/xla_gpu_device.cc:99] Not creating XLA devices, tf_xla_enable_xla_devices not set
mse_error/peak_error 0 344
