[32m[I 2021-04-21 15:25:01,105][0m Trial 151 finished with values: [0.12656, 0.0] with parameters: {'Vahp': -44.0, 'Vth': -52.5, 'Vmax': 38.0, 't_ref': 19.5, 'R': 0.1, 'tau_m': 2.5, 'rate_low': 31.0, 'rate_high': 41.5}.[0m
2021-04-21 15:25:01.803974: I tensorflow/compiler/jit/xla_gpu_device.cc:99] Not creating XLA devices, tf_xla_enable_xla_devices not set
maxFreq at 10nA: 1000.0
2021-04-21 15:25:35.839171: I tensorflow/compiler/jit/xla_gpu_device.cc:99] Not creating XLA devices, tf_xla_enable_xla_devices not set
2021-04-21 15:26:00.536827: I tensorflow/compiler/jit/xla_gpu_device.cc:99] Not creating XLA devices, tf_xla_enable_xla_devices not set
mse and spike frequency: 0.12656 0.0
[32m[I 2021-04-21 15:26:25,074][0m Trial 152 finished with values: [0.12656, 0.0] with parameters: {'Vahp': -33.5, 'Vth': -55.0, 'Vmax': 13.0, 't_ref': 2.0, 'R': 0.7000000000000001, 'tau_m': 237.5, 'rate_low': 24.0, 'rate_high': 29.5}.[0m
2021-04-21 15:26:25.765573: I tensorflow/compiler/jit/xla_gpu_device.cc:99] Not creating XLA devices, tf_xla_enable_xla_devices not set
maxFreq at 10nA: 1000.0
2021-04-21 15:26:59.991052: I tensorflow/compiler/jit/xla_gpu_device.cc:99] Not creating XLA devices, tf_xla_enable_xla_devices not set
2021-04-21 15:27:25.254893: I tensorflow/compiler/jit/xla_gpu_device.cc:99] Not creating XLA devices, tf_xla_enable_xla_devices not set
mse and spike frequency: 0.12656 0.0
[32m[I 2021-04-21 15:27:50,212][0m Trial 153 finished with values: [0.12656, 0.0] with parameters: {'Vahp': -20.5, 'Vth': -50.5, 'Vmax': 15.5, 't_ref': 11.5, 'R': 0.5, 'tau_m': 487.5, 'rate_low': 10.5, 'rate_high': 43.5}.[0m
2021-04-21 15:27:50.928490: I tensorflow/compiler/jit/xla_gpu_device.cc:99] Not creating XLA devices, tf_xla_enable_xla_devices not set
maxFreq at 10nA: 334.0
2021-04-21 15:28:25.077016: I tensorflow/compiler/jit/xla_gpu_device.cc:99] Not creating XLA devices, tf_xla_enable_xla_devices not set
2021-04-21 15:28:50.527488: I tensorflow/compiler/jit/xla_gpu_device.cc:99] Not creating XLA devices, tf_xla_enable_xla_devices not set
mse and spike frequency: 0.12656 0.0
[32m[I 2021-04-21 15:29:14,949][0m Trial 154 finished with values: [0.12656, 0.0] with parameters: {'Vahp': -33.5, 'Vth': -32.0, 'Vmax': 10.0, 't_ref': 2.0, 'R': 0.7000000000000001, 'tau_m': 41.0, 'rate_low': 24.0, 'rate_high': 47.5}.[0m
2021-04-21 15:29:15.702647: I tensorflow/compiler/jit/xla_gpu_device.cc:99] Not creating XLA devices, tf_xla_enable_xla_devices not set
maxFreq at 10nA: 1000.0
2021-04-21 15:29:49.548463: I tensorflow/compiler/jit/xla_gpu_device.cc:99] Not creating XLA devices, tf_xla_enable_xla_devices not set
2021-04-21 15:30:14.839664: I tensorflow/compiler/jit/xla_gpu_device.cc:99] Not creating XLA devices, tf_xla_enable_xla_devices not set
mse and spike frequency: 0.12656 0.0
[32m[I 2021-04-21 15:30:39,198][0m Trial 155 finished with values: [0.12656, 0.0] with parameters: {'Vahp': -36.0, 'Vth': -52.0, 'Vmax': 32.5, 't_ref': 5.5, 'R': 0.1, 'tau_m': 60.5, 'rate_low': 26.5, 'rate_high': 43.5}.[0m
2021-04-21 15:30:39.955947: I tensorflow/compiler/jit/xla_gpu_device.cc:99] Not creating XLA devices, tf_xla_enable_xla_devices not set
maxFreq at 10nA: 1000.0
2021-04-21 15:31:13.465767: I tensorflow/compiler/jit/xla_gpu_device.cc:99] Not creating XLA devices, tf_xla_enable_xla_devices not set
2021-04-21 15:31:37.645363: I tensorflow/compiler/jit/xla_gpu_device.cc:99] Not creating XLA devices, tf_xla_enable_xla_devices not set
mse and spike frequency: 0.12656 0.0
[32m[I 2021-04-21 15:32:01,500][0m Trial 156 finished with values: [0.12656, 0.0] with parameters: {'Vahp': -50.0, 'Vth': -58.0, 'Vmax': 10.5, 't_ref': 10.0, 'R': 0.1, 'tau_m': 444.0, 'rate_low': 10.5, 'rate_high': 30.0}.[0m
2021-04-21 15:32:02.241969: I tensorflow/compiler/jit/xla_gpu_device.cc:99] Not creating XLA devices, tf_xla_enable_xla_devices not set
maxFreq at 10nA: 250.0
2021-04-21 15:32:35.593990: I tensorflow/compiler/jit/xla_gpu_device.cc:99] Not creating XLA devices, tf_xla_enable_xla_devices not set
2021-04-21 15:33:00.684460: I tensorflow/compiler/jit/xla_gpu_device.cc:99] Not creating XLA devices, tf_xla_enable_xla_devices not set
mse and spike frequency: 0.00217 85.3
[32m[I 2021-04-21 15:33:24,779][0m Trial 157 finished with values: [0.00217, 85.3] with parameters: {'Vahp': -56.5, 'Vth': -35.0, 'Vmax': 16.5, 't_ref': 2.5, 'R': 0.7000000000000001, 'tau_m': 31.0, 'rate_low': 46.0, 'rate_high': 48.0}.[0m
2021-04-21 15:33:25.545350: I tensorflow/compiler/jit/xla_gpu_device.cc:99] Not creating XLA devices, tf_xla_enable_xla_devices not set
maxFreq at 10nA: 1000.0
2021-04-21 15:33:59.880031: I tensorflow/compiler/jit/xla_gpu_device.cc:99] Not creating XLA devices, tf_xla_enable_xla_devices not set
2021-04-21 15:34:23.990379: I tensorflow/compiler/jit/xla_gpu_device.cc:99] Not creating XLA devices, tf_xla_enable_xla_devices not set
mse and spike frequency: 0.12656 0.0
[32m[I 2021-04-21 15:34:48,279][0m Trial 158 finished with values: [0.12656, 0.0] with parameters: {'Vahp': -44.0, 'Vth': -52.5, 'Vmax': 20.5, 't_ref': 18.5, 'R': 0.1, 'tau_m': 60.5, 'rate_low': 28.0, 'rate_high': 47.0}.[0m
2021-04-21 15:34:49.016863: I tensorflow/compiler/jit/xla_gpu_device.cc:99] Not creating XLA devices, tf_xla_enable_xla_devices not set
maxFreq at 10nA: 500.0
2021-04-21 15:35:24.040137: I tensorflow/compiler/jit/xla_gpu_device.cc:99] Not creating XLA devices, tf_xla_enable_xla_devices not set
2021-04-21 15:35:47.605666: I tensorflow/compiler/jit/xla_gpu_device.cc:99] Not creating XLA devices, tf_xla_enable_xla_devices not set
mse and spike frequency: 0.00045 19.06
[32m[I 2021-04-21 15:36:11,544][0m Trial 159 finished with values: [0.00045, 19.06] with parameters: {'Vahp': -55.5, 'Vth': -38.5, 'Vmax': 28.0, 't_ref': 1.0, 'R': 0.5, 'tau_m': 155.0, 'rate_low': 16.0, 'rate_high': 26.5}.[0m
2021-04-21 15:36:12.309316: I tensorflow/compiler/jit/xla_gpu_device.cc:99] Not creating XLA devices, tf_xla_enable_xla_devices not set
maxFreq at 10nA: 1000.0
2021-04-21 15:36:47.353887: I tensorflow/compiler/jit/xla_gpu_device.cc:99] Not creating XLA devices, tf_xla_enable_xla_devices not set
2021-04-21 15:37:10.346562: I tensorflow/compiler/jit/xla_gpu_device.cc:99] Not creating XLA devices, tf_xla_enable_xla_devices not set
mse and spike frequency: 0.12656 0.0
[32m[I 2021-04-21 15:37:34,861][0m Trial 160 finished with values: [0.12656, 0.0] with parameters: {'Vahp': -20.0, 'Vth': -43.0, 'Vmax': 20.5, 't_ref': 5.5, 'R': 0.5, 'tau_m': 204.0, 'rate_low': 27.5, 'rate_high': 9.5}.[0m
2021-04-21 15:37:35.602668: I tensorflow/compiler/jit/xla_gpu_device.cc:99] Not creating XLA devices, tf_xla_enable_xla_devices not set
maxFreq at 10nA: 1000.0
2021-04-21 15:38:11.377160: I tensorflow/compiler/jit/xla_gpu_device.cc:99] Not creating XLA devices, tf_xla_enable_xla_devices not set
2021-04-21 15:38:35.310155: I tensorflow/compiler/jit/xla_gpu_device.cc:99] Not creating XLA devices, tf_xla_enable_xla_devices not set
mse and spike frequency: 0.12656 0.0
[32m[I 2021-04-21 15:39:00,155][0m Trial 161 finished with values: [0.12656, 0.0] with parameters: {'Vahp': -30.5, 'Vth': -51.5, 'Vmax': 29.0, 't_ref': 1.5, 'R': 0.9, 'tau_m': 425.0, 'rate_low': 27.5, 'rate_high': 49.5}.[0m
2021-04-21 15:39:00.909342: I tensorflow/compiler/jit/xla_gpu_device.cc:99] Not creating XLA devices, tf_xla_enable_xla_devices not set
maxFreq at 10nA: 999.0
2021-04-21 15:39:36.409471: I tensorflow/compiler/jit/xla_gpu_device.cc:99] Not creating XLA devices, tf_xla_enable_xla_devices not set
2021-04-21 15:40:00.981056: I tensorflow/compiler/jit/xla_gpu_device.cc:99] Not creating XLA devices, tf_xla_enable_xla_devices not set
mse and spike frequency: 0.12656 0.0
[32m[I 2021-04-21 15:40:26,233][0m Trial 162 finished with values: [0.12656, 0.0] with parameters: {'Vahp': -29.5, 'Vth': -38.5, 'Vmax': 14.0, 't_ref': 11.5, 'R': 0.30000000000000004, 'tau_m': 163.0, 'rate_low': 7.5, 'rate_high': 49.0}.[0m
2021-04-21 15:40:27.018684: I tensorflow/compiler/jit/xla_gpu_device.cc:99] Not creating XLA devices, tf_xla_enable_xla_devices not set
maxFreq at 10nA: 996.0
2021-04-21 15:41:02.519910: I tensorflow/compiler/jit/xla_gpu_device.cc:99] Not creating XLA devices, tf_xla_enable_xla_devices not set
2021-04-21 15:41:27.291114: I tensorflow/compiler/jit/xla_gpu_device.cc:99] Not creating XLA devices, tf_xla_enable_xla_devices not set
mse and spike frequency: 0.12656 0.0
[32m[I 2021-04-21 15:41:52,624][0m Trial 163 finished with values: [0.12656, 0.0] with parameters: {'Vahp': -27.0, 'Vth': -38.5, 'Vmax': 16.5, 't_ref': 20.0, 'R': 0.1, 'tau_m': 204.0, 'rate_low': 35.0, 'rate_high': 43.5}.[0m
2021-04-21 15:41:53.373158: I tensorflow/compiler/jit/xla_gpu_device.cc:99] Not creating XLA devices, tf_xla_enable_xla_devices not set
maxFreq at 10nA: 1000.0
2021-04-21 15:42:29.342721: I tensorflow/compiler/jit/xla_gpu_device.cc:99] Not creating XLA devices, tf_xla_enable_xla_devices not set
2021-04-21 15:42:54.309157: I tensorflow/compiler/jit/xla_gpu_device.cc:99] Not creating XLA devices, tf_xla_enable_xla_devices not set
mse and spike frequency: 0.12656 0.0
[32m[I 2021-04-21 15:43:19,981][0m Trial 164 finished with values: [0.12656, 0.0] with parameters: {'Vahp': -39.5, 'Vth': -43.0, 'Vmax': 24.0, 't_ref': 11.5, 'R': 0.9, 'tau_m': 208.5, 'rate_low': 36.0, 'rate_high': 44.0}.[0m
2021-04-21 15:43:20.769864: I tensorflow/compiler/jit/xla_gpu_device.cc:99] Not creating XLA devices, tf_xla_enable_xla_devices not set
maxFreq at 10nA: 1000.0
2021-04-21 15:43:56.671368: I tensorflow/compiler/jit/xla_gpu_device.cc:99] Not creating XLA devices, tf_xla_enable_xla_devices not set
2021-04-21 15:44:21.706464: I tensorflow/compiler/jit/xla_gpu_device.cc:99] Not creating XLA devices, tf_xla_enable_xla_devices not set
mse and spike frequency: 0.12656 0.0
[32m[I 2021-04-21 15:44:46,994][0m Trial 165 finished with values: [0.12656, 0.0] with parameters: {'Vahp': -27.0, 'Vth': -55.0, 'Vmax': 20.5, 't_ref': 12.5, 'R': 0.1, 'tau_m': 107.5, 'rate_low': 37.5, 'rate_high': 47.5}.[0m
2021-04-21 15:44:47.730115: I tensorflow/compiler/jit/xla_gpu_device.cc:99] Not creating XLA devices, tf_xla_enable_xla_devices not set
maxFreq at 10nA: 1000.0
2021-04-21 15:45:23.811913: I tensorflow/compiler/jit/xla_gpu_device.cc:99] Not creating XLA devices, tf_xla_enable_xla_devices not set
2021-04-21 15:45:48.270177: I tensorflow/compiler/jit/xla_gpu_device.cc:99] Not creating XLA devices, tf_xla_enable_xla_devices not set
mse and spike frequency: 0.12656 0.0
[32m[I 2021-04-21 15:46:13,846][0m Trial 166 finished with values: [0.12656, 0.0] with parameters: {'Vahp': -42.0, 'Vth': -43.0, 'Vmax': 24.0, 't_ref': 2.0, 'R': 0.7000000000000001, 'tau_m': 194.0, 'rate_low': 48.5, 'rate_high': 35.5}.[0m
2021-04-21 15:46:14.565592: I tensorflow/compiler/jit/xla_gpu_device.cc:99] Not creating XLA devices, tf_xla_enable_xla_devices not set
maxFreq at 10nA: 1000.0
2021-04-21 15:46:50.824880: I tensorflow/compiler/jit/xla_gpu_device.cc:99] Not creating XLA devices, tf_xla_enable_xla_devices not set
2021-04-21 15:47:14.888347: I tensorflow/compiler/jit/xla_gpu_device.cc:99] Not creating XLA devices, tf_xla_enable_xla_devices not set
mse and spike frequency: 0.12656 0.0
[32m[I 2021-04-21 15:47:39,750][0m Trial 167 finished with values: [0.12656, 0.0] with parameters: {'Vahp': -39.0, 'Vth': -46.5, 'Vmax': 10.0, 't_ref': 12.5, 'R': 0.9, 'tau_m': 41.0, 'rate_low': 37.5, 'rate_high': 47.5}.[0m
2021-04-21 15:47:40.467116: I tensorflow/compiler/jit/xla_gpu_device.cc:99] Not creating XLA devices, tf_xla_enable_xla_devices not set
maxFreq at 10nA: 77.0
2021-04-21 15:48:17.529482: I tensorflow/compiler/jit/xla_gpu_device.cc:99] Not creating XLA devices, tf_xla_enable_xla_devices not set
2021-04-21 15:48:41.414038: I tensorflow/compiler/jit/xla_gpu_device.cc:99] Not creating XLA devices, tf_xla_enable_xla_devices not set
mse and spike frequency: 0.00398 35.93
[32m[I 2021-04-21 15:49:05,559][0m Trial 168 finished with values: [0.00398, 35.93] with parameters: {'Vahp': -39.0, 'Vth': -35.0, 'Vmax': 37.5, 't_ref': 11.5, 'R': 0.8, 'tau_m': 90.0, 'rate_low': 46.0, 'rate_high': 50.0}.[0m
2021-04-21 15:49:06.263551: I tensorflow/compiler/jit/xla_gpu_device.cc:99] Not creating XLA devices, tf_xla_enable_xla_devices not set
maxFreq at 10nA: 250.0
2021-04-21 15:49:42.397061: I tensorflow/compiler/jit/xla_gpu_device.cc:99] Not creating XLA devices, tf_xla_enable_xla_devices not set
2021-04-21 15:50:07.192321: I tensorflow/compiler/jit/xla_gpu_device.cc:99] Not creating XLA devices, tf_xla_enable_xla_devices not set
mse and spike frequency: 0.00091 25.24
[32m[I 2021-04-21 15:50:31,886][0m Trial 169 finished with values: [0.00091, 25.24] with parameters: {'Vahp': -52.5, 'Vth': -38.5, 'Vmax': 30.5, 't_ref': 2.5, 'R': 0.30000000000000004, 'tau_m': 174.5, 'rate_low': 36.0, 'rate_high': 26.0}.[0m
2021-04-21 15:50:32.674989: I tensorflow/compiler/jit/xla_gpu_device.cc:99] Not creating XLA devices, tf_xla_enable_xla_devices not set
maxFreq at 10nA: 1000.0
2021-04-21 15:51:08.096077: I tensorflow/compiler/jit/xla_gpu_device.cc:99] Not creating XLA devices, tf_xla_enable_xla_devices not set
2021-04-21 15:51:33.665113: I tensorflow/compiler/jit/xla_gpu_device.cc:99] Not creating XLA devices, tf_xla_enable_xla_devices not set
mse and spike frequency: 0.12656 0.0
[32m[I 2021-04-21 15:51:57,945][0m Trial 170 finished with values: [0.12656, 0.0] with parameters: {'Vahp': -42.0, 'Vth': -48.5, 'Vmax': 39.5, 't_ref': 19.5, 'R': 0.6, 'tau_m': 237.5, 'rate_low': 27.0, 'rate_high': 36.5}.[0m
2021-04-21 15:51:58.844828: I tensorflow/compiler/jit/xla_gpu_device.cc:99] Not creating XLA devices, tf_xla_enable_xla_devices not set
maxFreq at 10nA: 1000.0
2021-04-21 15:52:33.927569: I tensorflow/compiler/jit/xla_gpu_device.cc:99] Not creating XLA devices, tf_xla_enable_xla_devices not set
2021-04-21 15:53:00.752438: I tensorflow/compiler/jit/xla_gpu_device.cc:99] Not creating XLA devices, tf_xla_enable_xla_devices not set
mse and spike frequency: 0.12656 0.0
[32m[I 2021-04-21 15:53:25,787][0m Trial 171 finished with values: [0.12656, 0.0] with parameters: {'Vahp': -44.0, 'Vth': -55.0, 'Vmax': 13.0, 't_ref': 19.0, 'R': 0.7000000000000001, 'tau_m': 237.5, 'rate_low': 24.0, 'rate_high': 44.0}.[0m
2021-04-21 15:53:26.687629: I tensorflow/compiler/jit/xla_gpu_device.cc:99] Not creating XLA devices, tf_xla_enable_xla_devices not set
maxFreq at 10nA: 1000.0
2021-04-21 15:54:01.531757: I tensorflow/compiler/jit/xla_gpu_device.cc:99] Not creating XLA devices, tf_xla_enable_xla_devices not set
2021-04-21 15:54:27.989680: I tensorflow/compiler/jit/xla_gpu_device.cc:99] Not creating XLA devices, tf_xla_enable_xla_devices not set
mse and spike frequency: 0.12656 0.0
[32m[I 2021-04-21 15:54:53,237][0m Trial 172 finished with values: [0.12656, 0.0] with parameters: {'Vahp': -42.0, 'Vth': -48.5, 'Vmax': 30.5, 't_ref': 19.5, 'R': 0.6, 'tau_m': 112.5, 'rate_low': 27.0, 'rate_high': 36.5}.[0m
2021-04-21 15:54:54.294129: I tensorflow/compiler/jit/xla_gpu_device.cc:99] Not creating XLA devices, tf_xla_enable_xla_devices not set
maxFreq at 10nA: 200.0
2021-04-21 15:55:29.252030: I tensorflow/compiler/jit/xla_gpu_device.cc:99] Not creating XLA devices, tf_xla_enable_xla_devices not set
2021-04-21 15:55:55.754983: I tensorflow/compiler/jit/xla_gpu_device.cc:99] Not creating XLA devices, tf_xla_enable_xla_devices not set
mse and spike frequency: 0.12656 0.2
[32m[I 2021-04-21 15:56:21,401][0m Trial 173 finished with values: [0.12656, 0.2] with parameters: {'Vahp': -44.5, 'Vth': -37.0, 'Vmax': 29.0, 't_ref': 4.0, 'R': 0.4, 'tau_m': 51.0, 'rate_low': 33.0, 'rate_high': 46.5}.[0m
2021-04-21 15:56:22.181954: I tensorflow/compiler/jit/xla_gpu_device.cc:99] Not creating XLA devices, tf_xla_enable_xla_devices not set
maxFreq at 10nA: 999.0
2021-04-21 15:56:58.149139: I tensorflow/compiler/jit/xla_gpu_device.cc:99] Not creating XLA devices, tf_xla_enable_xla_devices not set
2021-04-21 15:57:24.833228: I tensorflow/compiler/jit/xla_gpu_device.cc:99] Not creating XLA devices, tf_xla_enable_xla_devices not set
mse and spike frequency: 0.12656 0.0
[32m[I 2021-04-21 15:57:50,366][0m Trial 174 finished with values: [0.12656, 0.0] with parameters: {'Vahp': -29.5, 'Vth': -35.0, 'Vmax': 32.5, 't_ref': 10.5, 'R': 0.6, 'tau_m': 487.5, 'rate_low': 36.0, 'rate_high': 44.0}.[0m
2021-04-21 15:57:51.326633: I tensorflow/compiler/jit/xla_gpu_device.cc:99] Not creating XLA devices, tf_xla_enable_xla_devices not set
maxFreq at 10nA: 999.0
2021-04-21 15:58:27.325869: I tensorflow/compiler/jit/xla_gpu_device.cc:99] Not creating XLA devices, tf_xla_enable_xla_devices not set
2021-04-21 15:58:54.300941: I tensorflow/compiler/jit/xla_gpu_device.cc:99] Not creating XLA devices, tf_xla_enable_xla_devices not set
mse and spike frequency: 0.12656 0.0
[32m[I 2021-04-21 15:59:20,121][0m Trial 175 finished with values: [0.12656, 0.0] with parameters: {'Vahp': -26.0, 'Vth': -43.0, 'Vmax': 14.5, 't_ref': 1.0, 'R': 0.30000000000000004, 'tau_m': 364.5, 'rate_low': 45.5, 'rate_high': 23.5}.[0m
2021-04-21 15:59:20.954910: I tensorflow/compiler/jit/xla_gpu_device.cc:99] Not creating XLA devices, tf_xla_enable_xla_devices not set
maxFreq at 10nA: 1000.0
2021-04-21 15:59:57.580069: I tensorflow/compiler/jit/xla_gpu_device.cc:99] Not creating XLA devices, tf_xla_enable_xla_devices not set
2021-04-21 16:00:25.024055: I tensorflow/compiler/jit/xla_gpu_device.cc:99] Not creating XLA devices, tf_xla_enable_xla_devices not set
mse and spike frequency: 0.12656 0.0
[32m[I 2021-04-21 16:00:51,391][0m Trial 176 finished with values: [0.12656, 0.0] with parameters: {'Vahp': -25.5, 'Vth': -34.0, 'Vmax': 39.5, 't_ref': 19.5, 'R': 0.7000000000000001, 'tau_m': 194.0, 'rate_low': 23.5, 'rate_high': 41.5}.[0m
2021-04-21 16:00:52.186593: I tensorflow/compiler/jit/xla_gpu_device.cc:99] Not creating XLA devices, tf_xla_enable_xla_devices not set
maxFreq at 10nA: 999.0
2021-04-21 16:01:29.658196: I tensorflow/compiler/jit/xla_gpu_device.cc:99] Not creating XLA devices, tf_xla_enable_xla_devices not set
2021-04-21 16:01:57.321110: I tensorflow/compiler/jit/xla_gpu_device.cc:99] Not creating XLA devices, tf_xla_enable_xla_devices not set
mse and spike frequency: 0.12656 0.0
[32m[I 2021-04-21 16:02:23,961][0m Trial 177 finished with values: [0.12656, 0.0] with parameters: {'Vahp': -25.5, 'Vth': -43.0, 'Vmax': 24.0, 't_ref': 2.0, 'R': 0.7000000000000001, 'tau_m': 469.5, 'rate_low': 23.5, 'rate_high': 46.5}.[0m
2021-04-21 16:02:24.737900: I tensorflow/compiler/jit/xla_gpu_device.cc:99] Not creating XLA devices, tf_xla_enable_xla_devices not set
maxFreq at 10nA: 1000.0
2021-04-21 16:03:01.994781: I tensorflow/compiler/jit/xla_gpu_device.cc:99] Not creating XLA devices, tf_xla_enable_xla_devices not set
2021-04-21 16:03:29.770086: I tensorflow/compiler/jit/xla_gpu_device.cc:99] Not creating XLA devices, tf_xla_enable_xla_devices not set
mse and spike frequency: 0.12656 0.0
[32m[I 2021-04-21 16:03:56,603][0m Trial 178 finished with values: [0.12656, 0.0] with parameters: {'Vahp': -30.5, 'Vth': -52.5, 'Vmax': 36.5, 't_ref': 16.5, 'R': 1.0, 'tau_m': 168.0, 'rate_low': 38.0, 'rate_high': 43.5}.[0m
2021-04-21 16:03:57.406711: I tensorflow/compiler/jit/xla_gpu_device.cc:99] Not creating XLA devices, tf_xla_enable_xla_devices not set
maxFreq at 10nA: 500.0
2021-04-21 16:04:34.832268: I tensorflow/compiler/jit/xla_gpu_device.cc:99] Not creating XLA devices, tf_xla_enable_xla_devices not set
2021-04-21 16:05:02.821546: I tensorflow/compiler/jit/xla_gpu_device.cc:99] Not creating XLA devices, tf_xla_enable_xla_devices not set
mse and spike frequency: 0.00105 90.82
[32m[I 2021-04-21 16:05:30,765][0m Trial 179 finished with values: [0.00105, 90.82] with parameters: {'Vahp': -56.0, 'Vth': -52.5, 'Vmax': 38.0, 't_ref': 1.0, 'R': 0.8, 'tau_m': 388.0, 'rate_low': 30.0, 'rate_high': 47.0}.[0m
2021-04-21 16:05:31.660261: I tensorflow/compiler/jit/xla_gpu_device.cc:99] Not creating XLA devices, tf_xla_enable_xla_devices not set
maxFreq at 10nA: 500.0
2021-04-21 16:06:09.503655: I tensorflow/compiler/jit/xla_gpu_device.cc:99] Not creating XLA devices, tf_xla_enable_xla_devices not set
2021-04-21 16:06:37.545484: I tensorflow/compiler/jit/xla_gpu_device.cc:99] Not creating XLA devices, tf_xla_enable_xla_devices not set
mse and spike frequency: 0.00081 8.8
[32m[I 2021-04-21 16:07:05,682][0m Trial 180 finished with values: [0.00081, 8.8] with parameters: {'Vahp': -56.0, 'Vth': -43.0, 'Vmax': 16.0, 't_ref': 1.0, 'R': 0.7000000000000001, 'tau_m': 442.0, 'rate_low': 1.5, 'rate_high': 46.5}.[0m
2021-04-21 16:07:06.505319: I tensorflow/compiler/jit/xla_gpu_device.cc:99] Not creating XLA devices, tf_xla_enable_xla_devices not set
maxFreq at 10nA: 67.0
2021-04-21 16:07:44.765884: I tensorflow/compiler/jit/xla_gpu_device.cc:99] Not creating XLA devices, tf_xla_enable_xla_devices not set
2021-04-21 16:08:13.109118: I tensorflow/compiler/jit/xla_gpu_device.cc:99] Not creating XLA devices, tf_xla_enable_xla_devices not set
mse and spike frequency: 0.01441 2.72
[32m[I 2021-04-21 16:08:40,395][0m Trial 181 finished with values: [0.01441, 2.72] with parameters: {'Vahp': -52.5, 'Vth': -22.0, 'Vmax': 10.5, 't_ref': 10.0, 'R': 0.30000000000000004, 'tau_m': 470.5, 'rate_low': 16.0, 'rate_high': 30.0}.[0m
2021-04-21 16:08:41.274025: I tensorflow/compiler/jit/xla_gpu_device.cc:99] Not creating XLA devices, tf_xla_enable_xla_devices not set
maxFreq at 10nA: 500.0
2021-04-21 16:09:18.899561: I tensorflow/compiler/jit/xla_gpu_device.cc:99] Not creating XLA devices, tf_xla_enable_xla_devices not set
2021-04-21 16:09:47.511185: I tensorflow/compiler/jit/xla_gpu_device.cc:99] Not creating XLA devices, tf_xla_enable_xla_devices not set
mse and spike frequency: 0.00076 16.35
