2021-04-21 13:09:36.397317: I tensorflow/stream_executor/platform/default/dso_loader.cc:49] Successfully opened dynamic library libcudart.so.11.0
Build finished in 0:00:01.                                                      
Simulation finished in 0:00:01.                                                 
[32m[I 2021-04-21 13:09:39,054][0m A new study created in memory with name: no-name-953b58a2-b5a6-485e-9317-005f9c6a860d[0m
2021-04-21 13:09:39.235865: I tensorflow/compiler/jit/xla_cpu_device.cc:41] Not creating XLA devices, tf_xla_enable_xla_devices not set
2021-04-21 13:09:39.236810: I tensorflow/stream_executor/platform/default/dso_loader.cc:49] Successfully opened dynamic library libcuda.so.1
2021-04-21 13:09:40.251479: E tensorflow/stream_executor/cuda/cuda_driver.cc:328] failed call to cuInit: CUDA_ERROR_NO_DEVICE: no CUDA-capable device is detected
2021-04-21 13:09:40.251538: I tensorflow/stream_executor/cuda/cuda_diagnostics.cc:169] retrieving CUDA diagnostic information for host: comparch-t640
2021-04-21 13:09:40.251547: I tensorflow/stream_executor/cuda/cuda_diagnostics.cc:176] hostname: comparch-t640
2021-04-21 13:09:40.251704: I tensorflow/stream_executor/cuda/cuda_diagnostics.cc:200] libcuda reported version is: 450.66.0
2021-04-21 13:09:40.251738: I tensorflow/stream_executor/cuda/cuda_diagnostics.cc:204] kernel reported version is: 450.66.0
2021-04-21 13:09:40.251747: I tensorflow/stream_executor/cuda/cuda_diagnostics.cc:310] kernel version seems to match DSO: 450.66.0
2021-04-21 13:09:40.252078: I tensorflow/core/platform/cpu_feature_guard.cc:142] This TensorFlow binary is optimized with oneAPI Deep Neural Network Library (oneDNN) to use the following CPU instructions in performance-critical operations:  AVX2 AVX512F FMA
To enable them in other operations, rebuild TensorFlow with the appropriate compiler flags.
2021-04-21 13:09:40.254316: I tensorflow/compiler/jit/xla_gpu_device.cc:99] Not creating XLA devices, tf_xla_enable_xla_devices not set
2021-04-21 13:09:40.266703: I tensorflow/compiler/mlir/mlir_graph_optimization_pass.cc:196] None of the MLIR optimization passes are enabled (registered 0 passes)
2021-04-21 13:09:40.291988: I tensorflow/core/platform/profile_utils/cpu_utils.cc:112] CPU Frequency: 2100000000 Hz
maxFreq at 10nA: 1000.0
2021-04-21 13:09:55.675973: I tensorflow/compiler/jit/xla_gpu_device.cc:99] Not creating XLA devices, tf_xla_enable_xla_devices not set
2021-04-21 13:10:02.526065: I tensorflow/compiler/jit/xla_gpu_device.cc:99] Not creating XLA devices, tf_xla_enable_xla_devices not set
mse and spike frequency: 0.12656 0.0
[32m[I 2021-04-21 13:10:08,653][0m Trial 0 finished with values: [0.12656, 0.0] with parameters: {'Vahp': -31.0, 'Vth': -32.5, 'Vmax': 19.0, 't_ref': 4.0, 'R': 0.4, 'tau_m': 43.0, 'rate_low': 41.0, 'rate_high': 46.0}.[0m
2021-04-21 13:10:08.952418: I tensorflow/compiler/jit/xla_gpu_device.cc:99] Not creating XLA devices, tf_xla_enable_xla_devices not set
maxFreq at 10nA: 1000.0
2021-04-21 13:10:24.223305: I tensorflow/compiler/jit/xla_gpu_device.cc:99] Not creating XLA devices, tf_xla_enable_xla_devices not set
2021-04-21 13:10:30.983532: I tensorflow/compiler/jit/xla_gpu_device.cc:99] Not creating XLA devices, tf_xla_enable_xla_devices not set
mse and spike frequency: 0.12401 1000.1
[32m[I 2021-04-21 13:10:36,940][0m Trial 1 finished with values: [0.12401, 1000.1] with parameters: {'Vahp': -20.5, 'Vth': -60.0, 'Vmax': 38.5, 't_ref': 11.0, 'R': 0.30000000000000004, 'tau_m': 132.5, 'rate_low': 20.0, 'rate_high': 46.0}.[0m
2021-04-21 13:10:37.239017: I tensorflow/compiler/jit/xla_gpu_device.cc:99] Not creating XLA devices, tf_xla_enable_xla_devices not set
maxFreq at 10nA: 63.0
2021-04-21 13:10:52.322502: I tensorflow/compiler/jit/xla_gpu_device.cc:99] Not creating XLA devices, tf_xla_enable_xla_devices not set
2021-04-21 13:10:59.132612: I tensorflow/compiler/jit/xla_gpu_device.cc:99] Not creating XLA devices, tf_xla_enable_xla_devices not set
mse and spike frequency: 0.00291 18.25
[32m[I 2021-04-21 13:11:05,391][0m Trial 2 finished with values: [0.00291, 18.25] with parameters: {'Vahp': -45.0, 'Vth': -25.0, 'Vmax': 33.5, 't_ref': 15.0, 'R': 0.8, 'tau_m': 303.0, 'rate_low': 47.0, 'rate_high': 48.5}.[0m
2021-04-21 13:11:05.688025: I tensorflow/compiler/jit/xla_gpu_device.cc:99] Not creating XLA devices, tf_xla_enable_xla_devices not set
maxFreq at 10nA: 56.0
2021-04-21 13:11:21.237970: I tensorflow/compiler/jit/xla_gpu_device.cc:99] Not creating XLA devices, tf_xla_enable_xla_devices not set
2021-04-21 13:11:28.119470: I tensorflow/compiler/jit/xla_gpu_device.cc:99] Not creating XLA devices, tf_xla_enable_xla_devices not set
mse and spike frequency: 0.00647 5.93
[32m[I 2021-04-21 13:11:34,420][0m Trial 3 finished with values: [0.00647, 5.93] with parameters: {'Vahp': -51.0, 'Vth': -43.5, 'Vmax': 21.5, 't_ref': 16.5, 'R': 0.5, 'tau_m': 71.5, 'rate_low': 3.5, 'rate_high': 42.0}.[0m
2021-04-21 13:11:34.742491: I tensorflow/compiler/jit/xla_gpu_device.cc:99] Not creating XLA devices, tf_xla_enable_xla_devices not set
maxFreq at 10nA: 999.0
2021-04-21 13:11:50.514685: I tensorflow/compiler/jit/xla_gpu_device.cc:99] Not creating XLA devices, tf_xla_enable_xla_devices not set
2021-04-21 13:11:57.517711: I tensorflow/compiler/jit/xla_gpu_device.cc:99] Not creating XLA devices, tf_xla_enable_xla_devices not set
mse and spike frequency: 0.12656 0.0
[32m[I 2021-04-21 13:12:03,899][0m Trial 4 finished with values: [0.12656, 0.0] with parameters: {'Vahp': -21.0, 'Vth': -27.5, 'Vmax': 35.0, 't_ref': 1.0, 'R': 0.2, 'tau_m': 99.0, 'rate_low': 21.0, 'rate_high': 33.0}.[0m
2021-04-21 13:12:04.231078: I tensorflow/compiler/jit/xla_gpu_device.cc:99] Not creating XLA devices, tf_xla_enable_xla_devices not set
maxFreq at 10nA: 999.0
2021-04-21 13:12:20.834779: I tensorflow/compiler/jit/xla_gpu_device.cc:99] Not creating XLA devices, tf_xla_enable_xla_devices not set
2021-04-21 13:12:27.292148: I tensorflow/compiler/jit/xla_gpu_device.cc:99] Not creating XLA devices, tf_xla_enable_xla_devices not set
mse and spike frequency: 0.12656 0.0
[32m[I 2021-04-21 13:12:33,500][0m Trial 5 finished with values: [0.12656, 0.0] with parameters: {'Vahp': -30.5, 'Vth': -40.5, 'Vmax': 14.5, 't_ref': 3.0, 'R': 0.6, 'tau_m': 357.5, 'rate_low': 38.0, 'rate_high': 39.0}.[0m
2021-04-21 13:12:33.911853: I tensorflow/compiler/jit/xla_gpu_device.cc:99] Not creating XLA devices, tf_xla_enable_xla_devices not set
maxFreq at 10nA: 143.0
2021-04-21 13:12:50.664706: I tensorflow/compiler/jit/xla_gpu_device.cc:99] Not creating XLA devices, tf_xla_enable_xla_devices not set
2021-04-21 13:12:57.130163: I tensorflow/compiler/jit/xla_gpu_device.cc:99] Not creating XLA devices, tf_xla_enable_xla_devices not set
mse and spike frequency: 0.00128 19.6
[32m[I 2021-04-21 13:13:03,252][0m Trial 6 finished with values: [0.00128, 19.6] with parameters: {'Vahp': -32.5, 'Vth': -22.5, 'Vmax': 32.5, 't_ref': 6.0, 'R': 0.6, 'tau_m': 382.0, 'rate_low': 23.0, 'rate_high': 36.0}.[0m
2021-04-21 13:13:03.730150: I tensorflow/compiler/jit/xla_gpu_device.cc:99] Not creating XLA devices, tf_xla_enable_xla_devices not set
maxFreq at 10nA: 999.0
2021-04-21 13:13:20.313866: I tensorflow/compiler/jit/xla_gpu_device.cc:99] Not creating XLA devices, tf_xla_enable_xla_devices not set
2021-04-21 13:13:26.665598: I tensorflow/compiler/jit/xla_gpu_device.cc:99] Not creating XLA devices, tf_xla_enable_xla_devices not set
mse and spike frequency: 0.12656 0.0
[32m[I 2021-04-21 13:13:32,732][0m Trial 7 finished with values: [0.12656, 0.0] with parameters: {'Vahp': -22.5, 'Vth': -40.5, 'Vmax': 15.0, 't_ref': 7.0, 'R': 0.5, 'tau_m': 356.0, 'rate_low': 29.0, 'rate_high': 33.0}.[0m
2021-04-21 13:13:33.155209: I tensorflow/compiler/jit/xla_gpu_device.cc:99] Not creating XLA devices, tf_xla_enable_xla_devices not set
maxFreq at 10nA: 48.0
2021-04-21 13:13:50.682810: I tensorflow/compiler/jit/xla_gpu_device.cc:99] Not creating XLA devices, tf_xla_enable_xla_devices not set
2021-04-21 13:13:57.105420: I tensorflow/compiler/jit/xla_gpu_device.cc:99] Not creating XLA devices, tf_xla_enable_xla_devices not set
mse and spike frequency: 0.00435 5.59
[32m[I 2021-04-21 13:14:03,442][0m Trial 8 finished with values: [0.00435, 5.59] with parameters: {'Vahp': -55.5, 'Vth': -51.0, 'Vmax': 38.0, 't_ref': 19.0, 'R': 0.1, 'tau_m': 300.5, 'rate_low': 8.5, 'rate_high': 43.5}.[0m
2021-04-21 13:14:03.859513: I tensorflow/compiler/jit/xla_gpu_device.cc:99] Not creating XLA devices, tf_xla_enable_xla_devices not set
maxFreq at 10nA: 50.0
2021-04-21 13:14:21.311051: I tensorflow/compiler/jit/xla_gpu_device.cc:99] Not creating XLA devices, tf_xla_enable_xla_devices not set
2021-04-21 13:14:27.820727: I tensorflow/compiler/jit/xla_gpu_device.cc:99] Not creating XLA devices, tf_xla_enable_xla_devices not set
mse and spike frequency: 0.12656 0.0
[32m[I 2021-04-21 13:14:33,849][0m Trial 9 finished with values: [0.12656, 0.0] with parameters: {'Vahp': -56.5, 'Vth': -50.5, 'Vmax': 16.0, 't_ref': 19.0, 'R': 0.9, 'tau_m': 11.0, 'rate_low': 0.5, 'rate_high': 41.0}.[0m
2021-04-21 13:14:34.287192: I tensorflow/compiler/jit/xla_gpu_device.cc:99] Not creating XLA devices, tf_xla_enable_xla_devices not set
maxFreq at 10nA: 1000.0
2021-04-21 13:14:52.015544: I tensorflow/compiler/jit/xla_gpu_device.cc:99] Not creating XLA devices, tf_xla_enable_xla_devices not set
2021-04-21 13:14:58.508629: I tensorflow/compiler/jit/xla_gpu_device.cc:99] Not creating XLA devices, tf_xla_enable_xla_devices not set
mse and spike frequency: 0.12656 0.0
[32m[I 2021-04-21 13:15:05,277][0m Trial 10 finished with values: [0.12656, 0.0] with parameters: {'Vahp': -21.5, 'Vth': -55.5, 'Vmax': 13.5, 't_ref': 19.0, 'R': 0.7000000000000001, 'tau_m': 46.5, 'rate_low': 13.5, 'rate_high': 30.0}.[0m
2021-04-21 13:15:05.717029: I tensorflow/compiler/jit/xla_gpu_device.cc:99] Not creating XLA devices, tf_xla_enable_xla_devices not set
maxFreq at 10nA: 1000.0
2021-04-21 13:15:23.809572: I tensorflow/compiler/jit/xla_gpu_device.cc:99] Not creating XLA devices, tf_xla_enable_xla_devices not set
2021-04-21 13:15:30.747268: I tensorflow/compiler/jit/xla_gpu_device.cc:99] Not creating XLA devices, tf_xla_enable_xla_devices not set
mse and spike frequency: 0.12656 0.0
[32m[I 2021-04-21 13:15:36,918][0m Trial 11 finished with values: [0.12656, 0.0] with parameters: {'Vahp': -24.0, 'Vth': -41.0, 'Vmax': 36.5, 't_ref': 15.5, 'R': 0.6, 'tau_m': 54.5, 'rate_low': 44.5, 'rate_high': 45.0}.[0m
2021-04-21 13:15:37.315516: I tensorflow/compiler/jit/xla_gpu_device.cc:99] Not creating XLA devices, tf_xla_enable_xla_devices not set
maxFreq at 10nA: 77.0
2021-04-21 13:15:55.485124: I tensorflow/compiler/jit/xla_gpu_device.cc:99] Not creating XLA devices, tf_xla_enable_xla_devices not set
2021-04-21 13:16:02.414490: I tensorflow/compiler/jit/xla_gpu_device.cc:99] Not creating XLA devices, tf_xla_enable_xla_devices not set
mse and spike frequency: 0.00389 2.35
[32m[I 2021-04-21 13:16:08,525][0m Trial 12 finished with values: [0.00389, 2.35] with parameters: {'Vahp': -53.5, 'Vth': -28.0, 'Vmax': 27.0, 't_ref': 12.0, 'R': 0.6, 'tau_m': 42.0, 'rate_low': 12.5, 'rate_high': 38.5}.[0m
2021-04-21 13:16:08.957072: I tensorflow/compiler/jit/xla_gpu_device.cc:99] Not creating XLA devices, tf_xla_enable_xla_devices not set
maxFreq at 10nA: 50.0
2021-04-21 13:16:26.922552: I tensorflow/compiler/jit/xla_gpu_device.cc:99] Not creating XLA devices, tf_xla_enable_xla_devices not set
2021-04-21 13:16:34.186064: I tensorflow/compiler/jit/xla_gpu_device.cc:99] Not creating XLA devices, tf_xla_enable_xla_devices not set
mse and spike frequency: 0.00356 15.82
[32m[I 2021-04-21 13:16:40,355][0m Trial 13 finished with values: [0.00356, 15.82] with parameters: {'Vahp': -43.0, 'Vth': -36.5, 'Vmax': 33.0, 't_ref': 19.0, 'R': 0.5, 'tau_m': 326.0, 'rate_low': 23.5, 'rate_high': 35.0}.[0m
2021-04-21 13:16:40.721509: I tensorflow/compiler/jit/xla_gpu_device.cc:99] Not creating XLA devices, tf_xla_enable_xla_devices not set
maxFreq at 10nA: 1000.0
2021-04-21 13:16:59.014759: I tensorflow/compiler/jit/xla_gpu_device.cc:99] Not creating XLA devices, tf_xla_enable_xla_devices not set
2021-04-21 13:17:06.348435: I tensorflow/compiler/jit/xla_gpu_device.cc:99] Not creating XLA devices, tf_xla_enable_xla_devices not set
mse and spike frequency: 0.12656 0.0
[32m[I 2021-04-21 13:17:12,473][0m Trial 14 finished with values: [0.12656, 0.0] with parameters: {'Vahp': -42.5, 'Vth': -57.0, 'Vmax': 20.5, 't_ref': 14.5, 'R': 0.4, 'tau_m': 353.0, 'rate_low': 1.5, 'rate_high': 4.5}.[0m
2021-04-21 13:17:12.825897: I tensorflow/compiler/jit/xla_gpu_device.cc:99] Not creating XLA devices, tf_xla_enable_xla_devices not set
maxFreq at 10nA: 1000.0
2021-04-21 13:17:31.297126: I tensorflow/compiler/jit/xla_gpu_device.cc:99] Not creating XLA devices, tf_xla_enable_xla_devices not set
2021-04-21 13:17:38.720379: I tensorflow/compiler/jit/xla_gpu_device.cc:99] Not creating XLA devices, tf_xla_enable_xla_devices not set
mse and spike frequency: 0.12656 0.0
[32m[I 2021-04-21 13:17:44,907][0m Trial 15 finished with values: [0.12656, 0.0] with parameters: {'Vahp': -21.0, 'Vth': -53.5, 'Vmax': 12.0, 't_ref': 9.5, 'R': 0.5, 'tau_m': 374.0, 'rate_low': 8.5, 'rate_high': 12.0}.[0m
2021-04-21 13:17:45.307766: I tensorflow/compiler/jit/xla_gpu_device.cc:99] Not creating XLA devices, tf_xla_enable_xla_devices not set
maxFreq at 10nA: 997.0
2021-04-21 13:18:04.047253: I tensorflow/compiler/jit/xla_gpu_device.cc:99] Not creating XLA devices, tf_xla_enable_xla_devices not set
2021-04-21 13:18:11.519631: I tensorflow/compiler/jit/xla_gpu_device.cc:99] Not creating XLA devices, tf_xla_enable_xla_devices not set
mse and spike frequency: 0.12656 0.0
[32m[I 2021-04-21 13:18:17,721][0m Trial 16 finished with values: [0.12656, 0.0] with parameters: {'Vahp': -30.0, 'Vth': -39.0, 'Vmax': 13.0, 't_ref': 2.5, 'R': 0.1, 'tau_m': 202.0, 'rate_low': 43.5, 'rate_high': 44.0}.[0m
2021-04-21 13:18:18.126769: I tensorflow/compiler/jit/xla_gpu_device.cc:99] Not creating XLA devices, tf_xla_enable_xla_devices not set
maxFreq at 10nA: 63.0
2021-04-21 13:18:37.055841: I tensorflow/compiler/jit/xla_gpu_device.cc:99] Not creating XLA devices, tf_xla_enable_xla_devices not set
2021-04-21 13:18:44.399926: I tensorflow/compiler/jit/xla_gpu_device.cc:99] Not creating XLA devices, tf_xla_enable_xla_devices not set
mse and spike frequency: 0.00282 18.23
[32m[I 2021-04-21 13:18:51,053][0m Trial 17 finished with values: [0.00282, 18.23] with parameters: {'Vahp': -51.0, 'Vth': -41.0, 'Vmax': 16.0, 't_ref': 15.0, 'R': 0.8, 'tau_m': 484.0, 'rate_low': 36.5, 'rate_high': 37.5}.[0m
2021-04-21 13:18:51.436786: I tensorflow/compiler/jit/xla_gpu_device.cc:99] Not creating XLA devices, tf_xla_enable_xla_devices not set
maxFreq at 10nA: 1000.0
2021-04-21 13:19:10.466590: I tensorflow/compiler/jit/xla_gpu_device.cc:99] Not creating XLA devices, tf_xla_enable_xla_devices not set
2021-04-21 13:19:17.914436: I tensorflow/compiler/jit/xla_gpu_device.cc:99] Not creating XLA devices, tf_xla_enable_xla_devices not set
mse and spike frequency: 0.12656 0.0
[32m[I 2021-04-21 13:19:24,672][0m Trial 18 finished with values: [0.12656, 0.0] with parameters: {'Vahp': -21.5, 'Vth': -55.5, 'Vmax': 19.5, 't_ref': 14.0, 'R': 0.1, 'tau_m': 89.0, 'rate_low': 17.0, 'rate_high': 35.0}.[0m
2021-04-21 13:19:25.064887: I tensorflow/compiler/jit/xla_gpu_device.cc:99] Not creating XLA devices, tf_xla_enable_xla_devices not set
maxFreq at 10nA: 999.0
2021-04-21 13:19:44.160805: I tensorflow/compiler/jit/xla_gpu_device.cc:99] Not creating XLA devices, tf_xla_enable_xla_devices not set
2021-04-21 13:19:52.262749: I tensorflow/compiler/jit/xla_gpu_device.cc:99] Not creating XLA devices, tf_xla_enable_xla_devices not set
mse and spike frequency: 0.12656 0.0
[32m[I 2021-04-21 13:19:59,199][0m Trial 19 finished with values: [0.12656, 0.0] with parameters: {'Vahp': -27.0, 'Vth': -33.5, 'Vmax': 21.0, 't_ref': 20.0, 'R': 0.9, 'tau_m': 445.5, 'rate_low': 30.5, 'rate_high': 44.5}.[0m
2021-04-21 13:19:59.584091: I tensorflow/compiler/jit/xla_gpu_device.cc:99] Not creating XLA devices, tf_xla_enable_xla_devices not set
maxFreq at 10nA: 1000.0
2021-04-21 13:20:18.514307: I tensorflow/compiler/jit/xla_gpu_device.cc:99] Not creating XLA devices, tf_xla_enable_xla_devices not set
2021-04-21 13:20:26.920393: I tensorflow/compiler/jit/xla_gpu_device.cc:99] Not creating XLA devices, tf_xla_enable_xla_devices not set
mse and spike frequency: 0.12656 0.0
[32m[I 2021-04-21 13:20:34,183][0m Trial 20 finished with values: [0.12656, 0.0] with parameters: {'Vahp': -43.0, 'Vth': -45.5, 'Vmax': 36.5, 't_ref': 1.5, 'R': 0.30000000000000004, 'tau_m': 45.5, 'rate_low': 7.0, 'rate_high': 26.0}.[0m
2021-04-21 13:20:34.582887: I tensorflow/compiler/jit/xla_gpu_device.cc:99] Not creating XLA devices, tf_xla_enable_xla_devices not set
maxFreq at 10nA: 1000.0
2021-04-21 13:20:54.082336: I tensorflow/compiler/jit/xla_gpu_device.cc:99] Not creating XLA devices, tf_xla_enable_xla_devices not set
2021-04-21 13:21:02.622282: I tensorflow/compiler/jit/xla_gpu_device.cc:99] Not creating XLA devices, tf_xla_enable_xla_devices not set
mse and spike frequency: 0.12656 0.0
[32m[I 2021-04-21 13:21:09,923][0m Trial 21 finished with values: [0.12656, 0.0] with parameters: {'Vahp': -21.5, 'Vth': -39.5, 'Vmax': 12.5, 't_ref': 7.5, 'R': 0.7000000000000001, 'tau_m': 182.5, 'rate_low': 4.0, 'rate_high': 7.0}.[0m
2021-04-21 13:21:10.296609: I tensorflow/compiler/jit/xla_gpu_device.cc:99] Not creating XLA devices, tf_xla_enable_xla_devices not set
maxFreq at 10nA: 999.0
2021-04-21 13:21:29.988372: I tensorflow/compiler/jit/xla_gpu_device.cc:99] Not creating XLA devices, tf_xla_enable_xla_devices not set
2021-04-21 13:21:37.705385: I tensorflow/compiler/jit/xla_gpu_device.cc:99] Not creating XLA devices, tf_xla_enable_xla_devices not set
mse and spike frequency: 0.12656 0.0
[32m[I 2021-04-21 13:21:44,827][0m Trial 22 finished with values: [0.12656, 0.0] with parameters: {'Vahp': -34.0, 'Vth': -41.5, 'Vmax': 19.0, 't_ref': 9.0, 'R': 0.6, 'tau_m': 410.5, 'rate_low': 48.0, 'rate_high': 49.0}.[0m
2021-04-21 13:21:45.236090: I tensorflow/compiler/jit/xla_gpu_device.cc:99] Not creating XLA devices, tf_xla_enable_xla_devices not set
maxFreq at 10nA: 56.0
2021-04-21 13:22:05.082776: I tensorflow/compiler/jit/xla_gpu_device.cc:99] Not creating XLA devices, tf_xla_enable_xla_devices not set
2021-04-21 13:22:12.809957: I tensorflow/compiler/jit/xla_gpu_device.cc:99] Not creating XLA devices, tf_xla_enable_xla_devices not set
mse and spike frequency: 0.00358 8.2
[32m[I 2021-04-21 13:22:20,193][0m Trial 23 finished with values: [0.00358, 8.2] with parameters: {'Vahp': -31.0, 'Vth': -24.5, 'Vmax': 25.5, 't_ref': 17.0, 'R': 0.9, 'tau_m': 188.5, 'rate_low': 3.0, 'rate_high': 34.5}.[0m
2021-04-21 13:22:20.570123: I tensorflow/compiler/jit/xla_gpu_device.cc:99] Not creating XLA devices, tf_xla_enable_xla_devices not set
maxFreq at 10nA: 1000.0
2021-04-21 13:22:40.306467: I tensorflow/compiler/jit/xla_gpu_device.cc:99] Not creating XLA devices, tf_xla_enable_xla_devices not set
2021-04-21 13:22:48.616417: I tensorflow/compiler/jit/xla_gpu_device.cc:99] Not creating XLA devices, tf_xla_enable_xla_devices not set
mse and spike frequency: 0.12656 0.0
[32m[I 2021-04-21 13:22:55,819][0m Trial 24 finished with values: [0.12656, 0.0] with parameters: {'Vahp': -38.5, 'Vth': -51.0, 'Vmax': 37.0, 't_ref': 1.5, 'R': 0.9, 'tau_m': 206.5, 'rate_low': 20.0, 'rate_high': 31.5}.[0m
2021-04-21 13:22:56.250539: I tensorflow/compiler/jit/xla_gpu_device.cc:99] Not creating XLA devices, tf_xla_enable_xla_devices not set
maxFreq at 10nA: 56.0
2021-04-21 13:23:15.900299: I tensorflow/compiler/jit/xla_gpu_device.cc:99] Not creating XLA devices, tf_xla_enable_xla_devices not set
2021-04-21 13:23:24.449842: I tensorflow/compiler/jit/xla_gpu_device.cc:99] Not creating XLA devices, tf_xla_enable_xla_devices not set
mse and spike frequency: 0.12656 0.0
[32m[I 2021-04-21 13:23:32,027][0m Trial 25 finished with values: [0.12656, 0.0] with parameters: {'Vahp': -29.5, 'Vth': -29.0, 'Vmax': 32.5, 't_ref': 16.5, 'R': 1.0, 'tau_m': 50.0, 'rate_low': 24.0, 'rate_high': 49.0}.[0m
2021-04-21 13:23:32.459362: I tensorflow/compiler/jit/xla_gpu_device.cc:99] Not creating XLA devices, tf_xla_enable_xla_devices not set
maxFreq at 10nA: 125.0
2021-04-21 13:23:52.908596: I tensorflow/compiler/jit/xla_gpu_device.cc:99] Not creating XLA devices, tf_xla_enable_xla_devices not set
2021-04-21 13:24:01.954564: I tensorflow/compiler/jit/xla_gpu_device.cc:99] Not creating XLA devices, tf_xla_enable_xla_devices not set
mse and spike frequency: 0.03041 1.8
[32m[I 2021-04-21 13:24:09,526][0m Trial 26 finished with values: [0.03041, 1.8] with parameters: {'Vahp': -45.5, 'Vth': -37.5, 'Vmax': 33.5, 't_ref': 6.0, 'R': 0.1, 'tau_m': 232.5, 'rate_low': 6.0, 'rate_high': 36.5}.[0m
2021-04-21 13:24:09.949717: I tensorflow/compiler/jit/xla_gpu_device.cc:99] Not creating XLA devices, tf_xla_enable_xla_devices not set
maxFreq at 10nA: 38.0
2021-04-21 13:24:30.768466: I tensorflow/compiler/jit/xla_gpu_device.cc:99] Not creating XLA devices, tf_xla_enable_xla_devices not set
2021-04-21 13:24:39.455400: I tensorflow/compiler/jit/xla_gpu_device.cc:99] Not creating XLA devices, tf_xla_enable_xla_devices not set
mse and spike frequency: 0.12656 0.0
