[32m[I 2021-04-21 14:12:06,678][0m Trial 84 finished with values: [1.91458, 35.05] with parameters: {'Vahp': -60.0, 'Vth': -38.5, 'Vmax': 36.5, 't_ref': 3.5, 'R': 0.9, 'tau_m': 88.5, 'R_adp': 0.2, 'tau_w': 483.0, 'a': 167.0, 'rate_low': 45.0, 'rate_high': 48.5}.[0m
2021-04-21 14:12:07.199013: I tensorflow/compiler/jit/xla_gpu_device.cc:99] Not creating XLA devices, tf_xla_enable_xla_devices not set
maxFreq at 10nA: 125.0
2021-04-21 14:12:33.340601: I tensorflow/compiler/jit/xla_gpu_device.cc:99] Not creating XLA devices, tf_xla_enable_xla_devices not set
2021-04-21 14:12:47.600936: I tensorflow/compiler/jit/xla_gpu_device.cc:99] Not creating XLA devices, tf_xla_enable_xla_devices not set
mse and spike frequency: 0.00157 10.85
[32m[I 2021-04-21 14:13:01,160][0m Trial 85 finished with values: [0.00157, 10.85] with parameters: {'Vahp': -42.5, 'Vth': -26.0, 'Vmax': 30.5, 't_ref': 6.5, 'R': 0.7000000000000001, 'tau_m': 254.0, 'R_adp': 0.5, 'tau_w': 1.0, 'a': 207.0, 'rate_low': 4.5, 'rate_high': 46.5}.[0m
2021-04-21 14:13:01.693426: I tensorflow/compiler/jit/xla_gpu_device.cc:99] Not creating XLA devices, tf_xla_enable_xla_devices not set
maxFreq at 10nA: 999.0
2021-04-21 14:13:28.039239: I tensorflow/compiler/jit/xla_gpu_device.cc:99] Not creating XLA devices, tf_xla_enable_xla_devices not set
2021-04-21 14:13:43.018217: I tensorflow/compiler/jit/xla_gpu_device.cc:99] Not creating XLA devices, tf_xla_enable_xla_devices not set
mse and spike frequency: 0.12656 0.0
[32m[I 2021-04-21 14:13:56,988][0m Trial 86 finished with values: [0.12656, 0.0] with parameters: {'Vahp': -36.5, 'Vth': -42.0, 'Vmax': 28.5, 't_ref': 2.5, 'R': 0.1, 'tau_m': 61.5, 'R_adp': 0.8, 'tau_w': 226.5, 'a': 336.0, 'rate_low': 37.0, 'rate_high': 42.5}.[0m
2021-04-21 14:13:57.610600: I tensorflow/compiler/jit/xla_gpu_device.cc:99] Not creating XLA devices, tf_xla_enable_xla_devices not set
maxFreq at 10nA: 1000.0
2021-04-21 14:14:24.870026: I tensorflow/compiler/jit/xla_gpu_device.cc:99] Not creating XLA devices, tf_xla_enable_xla_devices not set
2021-04-21 14:14:40.093299: I tensorflow/compiler/jit/xla_gpu_device.cc:99] Not creating XLA devices, tf_xla_enable_xla_devices not set
mse and spike frequency: 0.12656 0.0
[32m[I 2021-04-21 14:14:54,009][0m Trial 87 finished with values: [0.12656, 0.0] with parameters: {'Vahp': -42.5, 'Vth': -52.0, 'Vmax': 39.5, 't_ref': 6.5, 'R': 0.6, 'tau_m': 254.0, 'R_adp': 0.4, 'tau_w': 35.5, 'a': 331.0, 'rate_low': 3.0, 'rate_high': 46.5}.[0m
2021-04-21 14:14:54.717417: I tensorflow/compiler/jit/xla_gpu_device.cc:99] Not creating XLA devices, tf_xla_enable_xla_devices not set
maxFreq at 10nA: 1000.0
2021-04-21 14:15:21.358403: I tensorflow/compiler/jit/xla_gpu_device.cc:99] Not creating XLA devices, tf_xla_enable_xla_devices not set
2021-04-21 14:15:36.863069: I tensorflow/compiler/jit/xla_gpu_device.cc:99] Not creating XLA devices, tf_xla_enable_xla_devices not set
mse and spike frequency: 0.12656 0.0
[32m[I 2021-04-21 14:15:51,216][0m Trial 88 finished with values: [0.12656, 0.0] with parameters: {'Vahp': -37.0, 'Vth': -55.5, 'Vmax': 24.0, 't_ref': 3.0, 'R': 0.6, 'tau_m': 412.0, 'R_adp': 0.6, 'tau_w': 90.0, 'a': 5.0, 'rate_low': 2.5, 'rate_high': 49.5}.[0m
2021-04-21 14:15:51.797070: I tensorflow/compiler/jit/xla_gpu_device.cc:99] Not creating XLA devices, tf_xla_enable_xla_devices not set
maxFreq at 10nA: 62.0
2021-04-21 14:16:18.829799: I tensorflow/compiler/jit/xla_gpu_device.cc:99] Not creating XLA devices, tf_xla_enable_xla_devices not set
2021-04-21 14:16:34.782226: I tensorflow/compiler/jit/xla_gpu_device.cc:99] Not creating XLA devices, tf_xla_enable_xla_devices not set
mse and spike frequency: 0.33187 6.75
[32m[I 2021-04-21 14:16:49,482][0m Trial 89 finished with values: [0.33187, 6.75] with parameters: {'Vahp': -44.0, 'Vth': -26.5, 'Vmax': 37.0, 't_ref': 14.5, 'R': 0.9, 'tau_m': 243.5, 'R_adp': 1.0, 'tau_w': 500.0, 'a': 215.0, 'rate_low': 35.5, 'rate_high': 50.0}.[0m
2021-04-21 14:16:50.058811: I tensorflow/compiler/jit/xla_gpu_device.cc:99] Not creating XLA devices, tf_xla_enable_xla_devices not set
maxFreq at 10nA: 56.0
2021-04-21 14:17:17.366292: I tensorflow/compiler/jit/xla_gpu_device.cc:99] Not creating XLA devices, tf_xla_enable_xla_devices not set
2021-04-21 14:17:33.452710: I tensorflow/compiler/jit/xla_gpu_device.cc:99] Not creating XLA devices, tf_xla_enable_xla_devices not set
mse and spike frequency: 0.04179 15.1
[32m[I 2021-04-21 14:17:48,079][0m Trial 90 finished with values: [0.04179, 15.1] with parameters: {'Vahp': -36.5, 'Vth': -30.0, 'Vmax': 30.0, 't_ref': 16.5, 'R': 0.1, 'tau_m': 6.0, 'R_adp': 0.2, 'tau_w': 259.0, 'a': 13.5, 'rate_low': 29.5, 'rate_high': 42.0}.[0m
2021-04-21 14:17:48.687115: I tensorflow/compiler/jit/xla_gpu_device.cc:99] Not creating XLA devices, tf_xla_enable_xla_devices not set
maxFreq at 10nA: 112.0
2021-04-21 14:18:15.829887: I tensorflow/compiler/jit/xla_gpu_device.cc:99] Not creating XLA devices, tf_xla_enable_xla_devices not set
2021-04-21 14:18:32.129991: I tensorflow/compiler/jit/xla_gpu_device.cc:99] Not creating XLA devices, tf_xla_enable_xla_devices not set
mse and spike frequency: 0.00227 19.34
[32m[I 2021-04-21 14:18:46,961][0m Trial 91 finished with values: [0.00227, 19.34] with parameters: {'Vahp': -37.0, 'Vth': -25.5, 'Vmax': 24.0, 't_ref': 8.0, 'R': 0.8, 'tau_m': 98.5, 'R_adp': 0.2, 'tau_w': 333.5, 'a': 5.0, 'rate_low': 13.0, 'rate_high': 44.5}.[0m
2021-04-21 14:18:47.521500: I tensorflow/compiler/jit/xla_gpu_device.cc:99] Not creating XLA devices, tf_xla_enable_xla_devices not set
maxFreq at 10nA: 48.0
2021-04-21 14:19:15.242391: I tensorflow/compiler/jit/xla_gpu_device.cc:99] Not creating XLA devices, tf_xla_enable_xla_devices not set
2021-04-21 14:19:31.462492: I tensorflow/compiler/jit/xla_gpu_device.cc:99] Not creating XLA devices, tf_xla_enable_xla_devices not set
mse and spike frequency: 0.00364 14.11
[32m[I 2021-04-21 14:19:46,097][0m Trial 92 finished with values: [0.00364, 14.11] with parameters: {'Vahp': -45.5, 'Vth': -35.5, 'Vmax': 31.0, 't_ref': 19.5, 'R': 0.30000000000000004, 'tau_m': 85.0, 'R_adp': 0.8, 'tau_w': 28.0, 'a': 1.5, 'rate_low': 15.5, 'rate_high': 42.5}.[0m
2021-04-21 14:19:46.689135: I tensorflow/compiler/jit/xla_gpu_device.cc:99] Not creating XLA devices, tf_xla_enable_xla_devices not set
maxFreq at 10nA: 1000.0
2021-04-21 14:20:14.440236: I tensorflow/compiler/jit/xla_gpu_device.cc:99] Not creating XLA devices, tf_xla_enable_xla_devices not set
2021-04-21 14:20:30.565148: I tensorflow/compiler/jit/xla_gpu_device.cc:99] Not creating XLA devices, tf_xla_enable_xla_devices not set
mse and spike frequency: 0.12656 0.0
[32m[I 2021-04-21 14:20:45,086][0m Trial 93 finished with values: [0.12656, 0.0] with parameters: {'Vahp': -44.5, 'Vth': -57.5, 'Vmax': 16.5, 't_ref': 6.5, 'R': 0.30000000000000004, 'tau_m': 191.5, 'R_adp': 0.6, 'tau_w': 99.0, 'a': 490.5, 'rate_low': 49.5, 'rate_high': 49.0}.[0m
2021-04-21 14:20:45.629940: I tensorflow/compiler/jit/xla_gpu_device.cc:99] Not creating XLA devices, tf_xla_enable_xla_devices not set
maxFreq at 10nA: 1000.0
2021-04-21 14:21:13.490888: I tensorflow/compiler/jit/xla_gpu_device.cc:99] Not creating XLA devices, tf_xla_enable_xla_devices not set
2021-04-21 14:21:29.551686: I tensorflow/compiler/jit/xla_gpu_device.cc:99] Not creating XLA devices, tf_xla_enable_xla_devices not set
mse and spike frequency: 0.12656 0.0
[32m[I 2021-04-21 14:21:44,179][0m Trial 94 finished with values: [0.12656, 0.0] with parameters: {'Vahp': -43.0, 'Vth': -58.0, 'Vmax': 36.5, 't_ref': 7.5, 'R': 0.4, 'tau_m': 134.0, 'R_adp': 0.7000000000000001, 'tau_w': 339.5, 'a': 217.0, 'rate_low': 32.5, 'rate_high': 47.5}.[0m
2021-04-21 14:21:44.724911: I tensorflow/compiler/jit/xla_gpu_device.cc:99] Not creating XLA devices, tf_xla_enable_xla_devices not set
maxFreq at 10nA: 56.0
2021-04-21 14:22:12.882577: I tensorflow/compiler/jit/xla_gpu_device.cc:99] Not creating XLA devices, tf_xla_enable_xla_devices not set
2021-04-21 14:22:28.899871: I tensorflow/compiler/jit/xla_gpu_device.cc:99] Not creating XLA devices, tf_xla_enable_xla_devices not set
mse and spike frequency: 0.12656 0.0
[32m[I 2021-04-21 14:22:43,891][0m Trial 95 finished with values: [0.12656, 0.0] with parameters: {'Vahp': -36.5, 'Vth': -23.0, 'Vmax': 26.5, 't_ref': 16.5, 'R': 0.7000000000000001, 'tau_m': 6.0, 'R_adp': 0.9, 'tau_w': 63.5, 'a': 13.5, 'rate_low': 6.0, 'rate_high': 36.0}.[0m
2021-04-21 14:22:44.462294: I tensorflow/compiler/jit/xla_gpu_device.cc:99] Not creating XLA devices, tf_xla_enable_xla_devices not set
maxFreq at 10nA: 998.0
2021-04-21 14:23:13.030969: I tensorflow/compiler/jit/xla_gpu_device.cc:99] Not creating XLA devices, tf_xla_enable_xla_devices not set
2021-04-21 14:23:28.779550: I tensorflow/compiler/jit/xla_gpu_device.cc:99] Not creating XLA devices, tf_xla_enable_xla_devices not set
mse and spike frequency: 0.12656 0.0
[32m[I 2021-04-21 14:23:44,042][0m Trial 96 finished with values: [0.12656, 0.0] with parameters: {'Vahp': -33.0, 'Vth': -50.5, 'Vmax': 19.5, 't_ref': 13.5, 'R': 0.1, 'tau_m': 329.5, 'R_adp': 0.9, 'tau_w': 74.5, 'a': 342.5, 'rate_low': 27.0, 'rate_high': 48.0}.[0m
2021-04-21 14:23:44.629091: I tensorflow/compiler/jit/xla_gpu_device.cc:99] Not creating XLA devices, tf_xla_enable_xla_devices not set
maxFreq at 10nA: 63.0
2021-04-21 14:24:13.549857: I tensorflow/compiler/jit/xla_gpu_device.cc:99] Not creating XLA devices, tf_xla_enable_xla_devices not set
2021-04-21 14:24:29.528893: I tensorflow/compiler/jit/xla_gpu_device.cc:99] Not creating XLA devices, tf_xla_enable_xla_devices not set
mse and spike frequency: 0.00413 5.24
[32m[I 2021-04-21 14:24:45,225][0m Trial 97 finished with values: [0.00413, 5.24] with parameters: {'Vahp': -57.0, 'Vth': -41.0, 'Vmax': 10.5, 't_ref': 14.5, 'R': 0.8, 'tau_m': 329.5, 'R_adp': 0.1, 'tau_w': 181.5, 'a': 342.5, 'rate_low': 0.5, 'rate_high': 50.0}.[0m
2021-04-21 14:24:45.850032: I tensorflow/compiler/jit/xla_gpu_device.cc:99] Not creating XLA devices, tf_xla_enable_xla_devices not set
maxFreq at 10nA: 1000.0
2021-04-21 14:25:14.745854: I tensorflow/compiler/jit/xla_gpu_device.cc:99] Not creating XLA devices, tf_xla_enable_xla_devices not set
2021-04-21 14:25:31.213933: I tensorflow/compiler/jit/xla_gpu_device.cc:99] Not creating XLA devices, tf_xla_enable_xla_devices not set
mse and spike frequency: 0.12656 0.0
[32m[I 2021-04-21 14:25:47,487][0m Trial 98 finished with values: [0.12656, 0.0] with parameters: {'Vahp': -48.0, 'Vth': -56.0, 'Vmax': 37.5, 't_ref': 8.5, 'R': 0.8, 'tau_m': 452.5, 'R_adp': 0.2, 'tau_w': 42.0, 'a': 381.0, 'rate_low': 21.0, 'rate_high': 41.5}.[0m
2021-04-21 14:25:48.104683: I tensorflow/compiler/jit/xla_gpu_device.cc:99] Not creating XLA devices, tf_xla_enable_xla_devices not set
maxFreq at 10nA: 1000.0
2021-04-21 14:26:16.740770: I tensorflow/compiler/jit/xla_gpu_device.cc:99] Not creating XLA devices, tf_xla_enable_xla_devices not set
2021-04-21 14:26:33.600690: I tensorflow/compiler/jit/xla_gpu_device.cc:99] Not creating XLA devices, tf_xla_enable_xla_devices not set
mse and spike frequency: 0.12656 0.0
[32m[I 2021-04-21 14:26:49,982][0m Trial 99 finished with values: [0.12656, 0.0] with parameters: {'Vahp': -20.0, 'Vth': -51.0, 'Vmax': 10.5, 't_ref': 6.5, 'R': 0.5, 'tau_m': 317.5, 'R_adp': 0.2, 'tau_w': 11.5, 'a': 136.5, 'rate_low': 46.5, 'rate_high': 47.5}.[0m
2021-04-21 14:26:50.577087: I tensorflow/compiler/jit/xla_gpu_device.cc:99] Not creating XLA devices, tf_xla_enable_xla_devices not set
maxFreq at 10nA: 1000.0
2021-04-21 14:27:20.158834: I tensorflow/compiler/jit/xla_gpu_device.cc:99] Not creating XLA devices, tf_xla_enable_xla_devices not set
2021-04-21 14:27:37.353265: I tensorflow/compiler/jit/xla_gpu_device.cc:99] Not creating XLA devices, tf_xla_enable_xla_devices not set
mse and spike frequency: 0.12656 0.0
[32m[I 2021-04-21 14:27:54,211][0m Trial 100 finished with values: [0.12656, 0.0] with parameters: {'Vahp': -41.0, 'Vth': -58.0, 'Vmax': 36.5, 't_ref': 7.5, 'R': 0.4, 'tau_m': 134.0, 'R_adp': 0.9, 'tau_w': 339.5, 'a': 217.0, 'rate_low': 32.5, 'rate_high': 47.5}.[0m
2021-04-21 14:27:54.760739: I tensorflow/compiler/jit/xla_gpu_device.cc:99] Not creating XLA devices, tf_xla_enable_xla_devices not set
maxFreq at 10nA: 49.0
2021-04-21 14:28:23.263486: I tensorflow/compiler/jit/xla_gpu_device.cc:99] Not creating XLA devices, tf_xla_enable_xla_devices not set
2021-04-21 14:28:40.628714: I tensorflow/compiler/jit/xla_gpu_device.cc:99] Not creating XLA devices, tf_xla_enable_xla_devices not set
mse and spike frequency: 0.38315 5.35
[32m[I 2021-04-21 14:28:57,619][0m Trial 101 finished with values: [0.38315, 5.35] with parameters: {'Vahp': -37.0, 'Vth': -28.5, 'Vmax': 18.0, 't_ref': 18.0, 'R': 0.30000000000000004, 'tau_m': 191.5, 'R_adp': 0.30000000000000004, 'tau_w': 409.0, 'a': 490.5, 'rate_low': 49.5, 'rate_high': 49.5}.[0m
2021-04-21 14:28:58.178928: I tensorflow/compiler/jit/xla_gpu_device.cc:99] Not creating XLA devices, tf_xla_enable_xla_devices not set
maxFreq at 10nA: 1000.0
2021-04-21 14:29:27.166177: I tensorflow/compiler/jit/xla_gpu_device.cc:99] Not creating XLA devices, tf_xla_enable_xla_devices not set
2021-04-21 14:29:44.268442: I tensorflow/compiler/jit/xla_gpu_device.cc:99] Not creating XLA devices, tf_xla_enable_xla_devices not set
mse and spike frequency: 0.12656 0.0
[32m[I 2021-04-21 14:30:01,159][0m Trial 102 finished with values: [0.12656, 0.0] with parameters: {'Vahp': -30.0, 'Vth': -53.5, 'Vmax': 36.0, 't_ref': 6.5, 'R': 0.9, 'tau_m': 66.0, 'R_adp': 1.0, 'tau_w': 491.0, 'a': 331.0, 'rate_low': 3.0, 'rate_high': 38.0}.[0m
2021-04-21 14:30:01.791308: I tensorflow/compiler/jit/xla_gpu_device.cc:99] Not creating XLA devices, tf_xla_enable_xla_devices not set
maxFreq at 10nA: 46.0
2021-04-21 14:30:31.012231: I tensorflow/compiler/jit/xla_gpu_device.cc:99] Not creating XLA devices, tf_xla_enable_xla_devices not set
2021-04-21 14:30:48.875500: I tensorflow/compiler/jit/xla_gpu_device.cc:99] Not creating XLA devices, tf_xla_enable_xla_devices not set
mse and spike frequency: 0.08471 1.21
[32m[I 2021-04-21 14:31:05,995][0m Trial 103 finished with values: [0.08471, 1.21] with parameters: {'Vahp': -59.0, 'Vth': -49.0, 'Vmax': 19.5, 't_ref': 17.5, 'R': 0.1, 'tau_m': 279.0, 'R_adp': 0.30000000000000004, 'tau_w': 252.0, 'a': 86.5, 'rate_low': 12.0, 'rate_high': 13.5}.[0m
2021-04-21 14:31:06.594584: I tensorflow/compiler/jit/xla_gpu_device.cc:99] Not creating XLA devices, tf_xla_enable_xla_devices not set
maxFreq at 10nA: 1000.0
2021-04-21 14:31:36.145547: I tensorflow/compiler/jit/xla_gpu_device.cc:99] Not creating XLA devices, tf_xla_enable_xla_devices not set
2021-04-21 14:31:53.911656: I tensorflow/compiler/jit/xla_gpu_device.cc:99] Not creating XLA devices, tf_xla_enable_xla_devices not set
mse and spike frequency: 0.12656 0.0
[32m[I 2021-04-21 14:32:10,816][0m Trial 104 finished with values: [0.12656, 0.0] with parameters: {'Vahp': -41.0, 'Vth': -45.0, 'Vmax': 10.5, 't_ref': 17.5, 'R': 0.8, 'tau_m': 454.0, 'R_adp': 0.9, 'tau_w': 310.0, 'a': 367.0, 'rate_low': 13.0, 'rate_high': 45.5}.[0m
2021-04-21 14:32:11.381558: I tensorflow/compiler/jit/xla_gpu_device.cc:99] Not creating XLA devices, tf_xla_enable_xla_devices not set
maxFreq at 10nA: 1000.0
2021-04-21 14:32:41.109305: I tensorflow/compiler/jit/xla_gpu_device.cc:99] Not creating XLA devices, tf_xla_enable_xla_devices not set
2021-04-21 14:32:59.377316: I tensorflow/compiler/jit/xla_gpu_device.cc:99] Not creating XLA devices, tf_xla_enable_xla_devices not set
mse and spike frequency: 0.12656 0.0
[32m[I 2021-04-21 14:33:16,188][0m Trial 105 finished with values: [0.12656, 0.0] with parameters: {'Vahp': -42.5, 'Vth': -52.0, 'Vmax': 25.5, 't_ref': 5.5, 'R': 0.8, 'tau_m': 254.0, 'R_adp': 0.5, 'tau_w': 35.5, 'a': 331.0, 'rate_low': 24.5, 'rate_high': 35.0}.[0m
2021-04-21 14:33:16.769194: I tensorflow/compiler/jit/xla_gpu_device.cc:99] Not creating XLA devices, tf_xla_enable_xla_devices not set
maxFreq at 10nA: 1000.0
2021-04-21 14:33:46.771580: I tensorflow/compiler/jit/xla_gpu_device.cc:99] Not creating XLA devices, tf_xla_enable_xla_devices not set
2021-04-21 14:34:04.624656: I tensorflow/compiler/jit/xla_gpu_device.cc:99] Not creating XLA devices, tf_xla_enable_xla_devices not set
mse and spike frequency: 0.12656 0.0
[32m[I 2021-04-21 14:34:21,175][0m Trial 106 finished with values: [0.12656, 0.0] with parameters: {'Vahp': -42.5, 'Vth': -45.5, 'Vmax': 39.5, 't_ref': 6.5, 'R': 0.6, 'tau_m': 254.0, 'R_adp': 0.5, 'tau_w': 35.5, 'a': 331.0, 'rate_low': 21.0, 'rate_high': 41.5}.[0m
2021-04-21 14:34:21.753882: I tensorflow/compiler/jit/xla_gpu_device.cc:99] Not creating XLA devices, tf_xla_enable_xla_devices not set
maxFreq at 10nA: 1000.0
2021-04-21 14:34:51.876407: I tensorflow/compiler/jit/xla_gpu_device.cc:99] Not creating XLA devices, tf_xla_enable_xla_devices not set
2021-04-21 14:35:09.739672: I tensorflow/compiler/jit/xla_gpu_device.cc:99] Not creating XLA devices, tf_xla_enable_xla_devices not set
mse and spike frequency: 0.12656 0.0
[32m[I 2021-04-21 14:35:26,939][0m Trial 107 finished with values: [0.12656, 0.0] with parameters: {'Vahp': -29.5, 'Vth': -42.0, 'Vmax': 31.0, 't_ref': 1.5, 'R': 0.30000000000000004, 'tau_m': 47.5, 'R_adp': 0.7000000000000001, 'tau_w': 104.5, 'a': 389.5, 'rate_low': 32.0, 'rate_high': 39.5}.[0m
2021-04-21 14:35:27.503161: I tensorflow/compiler/jit/xla_gpu_device.cc:99] Not creating XLA devices, tf_xla_enable_xla_devices not set
maxFreq at 10nA: 1000.0
2021-04-21 14:35:57.757817: I tensorflow/compiler/jit/xla_gpu_device.cc:99] Not creating XLA devices, tf_xla_enable_xla_devices not set
2021-04-21 14:36:15.735061: I tensorflow/compiler/jit/xla_gpu_device.cc:99] Not creating XLA devices, tf_xla_enable_xla_devices not set
mse and spike frequency: 0.12656 0.0
[32m[I 2021-04-21 14:36:32,809][0m Trial 108 finished with values: [0.12656, 0.0] with parameters: {'Vahp': -21.0, 'Vth': -41.0, 'Vmax': 19.0, 't_ref': 10.0, 'R': 0.4, 'tau_m': 139.0, 'R_adp': 0.1, 'tau_w': 181.5, 'a': 121.5, 'rate_low': 48.0, 'rate_high': 50.0}.[0m
2021-04-21 14:36:33.375462: I tensorflow/compiler/jit/xla_gpu_device.cc:99] Not creating XLA devices, tf_xla_enable_xla_devices not set
maxFreq at 10nA: 1000.0
2021-04-21 14:37:03.312445: I tensorflow/compiler/jit/xla_gpu_device.cc:99] Not creating XLA devices, tf_xla_enable_xla_devices not set
2021-04-21 14:37:21.576383: I tensorflow/compiler/jit/xla_gpu_device.cc:99] Not creating XLA devices, tf_xla_enable_xla_devices not set
mse and spike frequency: 0.12656 0.0
[32m[I 2021-04-21 14:37:38,418][0m Trial 109 finished with values: [0.12656, 0.0] with parameters: {'Vahp': -29.5, 'Vth': -48.5, 'Vmax': 33.5, 't_ref': 15.5, 'R': 0.2, 'tau_m': 47.5, 'R_adp': 0.7000000000000001, 'tau_w': 104.5, 'a': 389.5, 'rate_low': 40.0, 'rate_high': 31.0}.[0m
2021-04-21 14:37:39.079367: I tensorflow/compiler/jit/xla_gpu_device.cc:99] Not creating XLA devices, tf_xla_enable_xla_devices not set
maxFreq at 10nA: 73.0
2021-04-21 14:38:08.942006: I tensorflow/compiler/jit/xla_gpu_device.cc:99] Not creating XLA devices, tf_xla_enable_xla_devices not set
2021-04-21 14:38:27.341379: I tensorflow/compiler/jit/xla_gpu_device.cc:99] Not creating XLA devices, tf_xla_enable_xla_devices not set
mse and spike frequency: 1.34547 5.05
[32m[I 2021-04-21 14:38:44,423][0m Trial 110 finished with values: [1.34547, 5.05] with parameters: {'Vahp': -45.5, 'Vth': -35.5, 'Vmax': 10.5, 't_ref': 6.5, 'R': 0.30000000000000004, 'tau_m': 317.5, 'R_adp': 0.8, 'tau_w': 430.5, 'a': 136.5, 'rate_low': 15.5, 'rate_high': 32.5}.[0m
2021-04-21 14:38:45.129249: I tensorflow/compiler/jit/xla_gpu_device.cc:99] Not creating XLA devices, tf_xla_enable_xla_devices not set
maxFreq at 10nA: 1000.0
2021-04-21 14:39:15.154332: I tensorflow/compiler/jit/xla_gpu_device.cc:99] Not creating XLA devices, tf_xla_enable_xla_devices not set
2021-04-21 14:39:33.595176: I tensorflow/compiler/jit/xla_gpu_device.cc:99] Not creating XLA devices, tf_xla_enable_xla_devices not set
mse and spike frequency: 0.12656 0.0
[32m[I 2021-04-21 14:39:50,708][0m Trial 111 finished with values: [0.12656, 0.0] with parameters: {'Vahp': -43.0, 'Vth': -45.0, 'Vmax': 19.0, 't_ref': 6.5, 'R': 0.5, 'tau_m': 317.5, 'R_adp': 0.6, 'tau_w': 122.0, 'a': 435.5, 'rate_low': 19.0, 'rate_high': 44.5}.[0m
2021-04-21 14:39:51.354951: I tensorflow/compiler/jit/xla_gpu_device.cc:99] Not creating XLA devices, tf_xla_enable_xla_devices not set
maxFreq at 10nA: 1000.0
2021-04-21 14:40:21.064981: I tensorflow/compiler/jit/xla_gpu_device.cc:99] Not creating XLA devices, tf_xla_enable_xla_devices not set
2021-04-21 14:40:39.617888: I tensorflow/compiler/jit/xla_gpu_device.cc:99] Not creating XLA devices, tf_xla_enable_xla_devices not set
mse and spike frequency: 0.12656 0.0
[32m[I 2021-04-21 14:40:57,003][0m Trial 112 finished with values: [0.12656, 0.0] with parameters: {'Vahp': -24.0, 'Vth': -48.5, 'Vmax': 33.5, 't_ref': 14.5, 'R': 1.0, 'tau_m': 485.5, 'R_adp': 0.4, 'tau_w': 181.5, 'a': 342.5, 'rate_low': 0.5, 'rate_high': 50.0}.[0m
2021-04-21 14:40:57.648209: I tensorflow/compiler/jit/xla_gpu_device.cc:99] Not creating XLA devices, tf_xla_enable_xla_devices not set
maxFreq at 10nA: 999.0
2021-04-21 14:41:27.396622: I tensorflow/compiler/jit/xla_gpu_device.cc:99] Not creating XLA devices, tf_xla_enable_xla_devices not set
2021-04-21 14:41:45.962580: I tensorflow/compiler/jit/xla_gpu_device.cc:99] Not creating XLA devices, tf_xla_enable_xla_devices not set
mse and spike frequency: 0.12656 0.0
