[32m[I 2021-04-21 13:26:54,465][0m Trial 26 finished with values: [0.00307, 13.87] with parameters: {'Vahp': -51.0, 'Vth': -34.5, 'Vmax': 15.0, 't_ref': 14.0, 'R': 0.5, 'tau_m': 286.5, 'R_adp': 0.5, 'tau_w': 54.5, 'a': 251.5, 'rate_low': 45.5, 'rate_high': 50.0}.[0m
2021-04-21 13:26:54.848591: I tensorflow/compiler/jit/xla_gpu_device.cc:99] Not creating XLA devices, tf_xla_enable_xla_devices not set
maxFreq at 10nA: 197.0
2021-04-21 13:27:15.759989: I tensorflow/compiler/jit/xla_gpu_device.cc:99] Not creating XLA devices, tf_xla_enable_xla_devices not set
2021-04-21 13:27:24.536772: I tensorflow/compiler/jit/xla_gpu_device.cc:99] Not creating XLA devices, tf_xla_enable_xla_devices not set
mse and spike frequency: 0.0033 8.39
[32m[I 2021-04-21 13:27:31,287][0m Trial 27 finished with values: [0.0033, 8.39] with parameters: {'Vahp': -45.5, 'Vth': -29.5, 'Vmax': 20.5, 't_ref': 2.5, 'R': 0.4, 'tau_m': 379.5, 'R_adp': 0.30000000000000004, 'tau_w': 152.5, 'a': 105.0, 'rate_low': 28.0, 'rate_high': 29.0}.[0m
2021-04-21 13:27:31.699665: I tensorflow/compiler/jit/xla_gpu_device.cc:99] Not creating XLA devices, tf_xla_enable_xla_devices not set
maxFreq at 10nA: 1000.0
2021-04-21 13:27:52.693513: I tensorflow/compiler/jit/xla_gpu_device.cc:99] Not creating XLA devices, tf_xla_enable_xla_devices not set
2021-04-21 13:28:01.715838: I tensorflow/compiler/jit/xla_gpu_device.cc:99] Not creating XLA devices, tf_xla_enable_xla_devices not set
mse and spike frequency: 0.12656 0.0
[32m[I 2021-04-21 13:28:08,646][0m Trial 28 finished with values: [0.12656, 0.0] with parameters: {'Vahp': -24.0, 'Vth': -47.5, 'Vmax': 11.5, 't_ref': 13.5, 'R': 0.9, 'tau_m': 197.0, 'R_adp': 0.7000000000000001, 'tau_w': 254.0, 'a': 18.5, 'rate_low': 28.0, 'rate_high': 48.5}.[0m
2021-04-21 13:28:09.009692: I tensorflow/compiler/jit/xla_gpu_device.cc:99] Not creating XLA devices, tf_xla_enable_xla_devices not set
maxFreq at 10nA: 127.0
2021-04-21 13:28:29.206601: I tensorflow/compiler/jit/xla_gpu_device.cc:99] Not creating XLA devices, tf_xla_enable_xla_devices not set
2021-04-21 13:28:38.954809: I tensorflow/compiler/jit/xla_gpu_device.cc:99] Not creating XLA devices, tf_xla_enable_xla_devices not set
mse and spike frequency: 0.02686 1.57
[32m[I 2021-04-21 13:28:46,105][0m Trial 29 finished with values: [0.02686, 1.57] with parameters: {'Vahp': -43.5, 'Vth': -37.5, 'Vmax': 18.0, 't_ref': 3.0, 'R': 0.1, 'tau_m': 320.0, 'R_adp': 0.2, 'tau_w': 70.0, 'a': 316.0, 'rate_low': 16.5, 'rate_high': 27.0}.[0m
2021-04-21 13:28:46.489575: I tensorflow/compiler/jit/xla_gpu_device.cc:99] Not creating XLA devices, tf_xla_enable_xla_devices not set
maxFreq at 10nA: 63.0
2021-04-21 13:29:06.876425: I tensorflow/compiler/jit/xla_gpu_device.cc:99] Not creating XLA devices, tf_xla_enable_xla_devices not set
2021-04-21 13:29:16.861827: I tensorflow/compiler/jit/xla_gpu_device.cc:99] Not creating XLA devices, tf_xla_enable_xla_devices not set
mse and spike frequency: 0.04976 4.8
[32m[I 2021-04-21 13:29:24,114][0m Trial 30 finished with values: [0.04976, 4.8] with parameters: {'Vahp': -37.0, 'Vth': -26.0, 'Vmax': 20.5, 't_ref': 14.0, 'R': 0.30000000000000004, 'tau_m': 309.0, 'R_adp': 0.4, 'tau_w': 344.5, 'a': 68.5, 'rate_low': 27.0, 'rate_high': 28.5}.[0m
2021-04-21 13:29:24.488254: I tensorflow/compiler/jit/xla_gpu_device.cc:99] Not creating XLA devices, tf_xla_enable_xla_devices not set
maxFreq at 10nA: 43.0
2021-04-21 13:29:45.456794: I tensorflow/compiler/jit/xla_gpu_device.cc:99] Not creating XLA devices, tf_xla_enable_xla_devices not set
2021-04-21 13:29:55.580347: I tensorflow/compiler/jit/xla_gpu_device.cc:99] Not creating XLA devices, tf_xla_enable_xla_devices not set
mse and spike frequency: 0.13216 0.76
[32m[I 2021-04-21 13:30:02,813][0m Trial 31 finished with values: [0.13216, 0.76] with parameters: {'Vahp': -47.0, 'Vth': -34.0, 'Vmax': 11.0, 't_ref': 2.5, 'R': 0.4, 'tau_m': 121.0, 'R_adp': 0.7000000000000001, 'tau_w': 379.5, 'a': 467.0, 'rate_low': 8.0, 'rate_high': 11.5}.[0m
2021-04-21 13:30:03.184861: I tensorflow/compiler/jit/xla_gpu_device.cc:99] Not creating XLA devices, tf_xla_enable_xla_devices not set
maxFreq at 10nA: 59.0
2021-04-21 13:30:23.647623: I tensorflow/compiler/jit/xla_gpu_device.cc:99] Not creating XLA devices, tf_xla_enable_xla_devices not set
2021-04-21 13:30:33.414110: I tensorflow/compiler/jit/xla_gpu_device.cc:99] Not creating XLA devices, tf_xla_enable_xla_devices not set
mse and spike frequency: 0.17049 11.63
[32m[I 2021-04-21 13:30:40,993][0m Trial 32 finished with values: [0.17049, 11.63] with parameters: {'Vahp': -46.0, 'Vth': -43.5, 'Vmax': 40.0, 't_ref': 15.5, 'R': 0.7000000000000001, 'tau_m': 151.5, 'R_adp': 0.2, 'tau_w': 136.5, 'a': 382.0, 'rate_low': 15.5, 'rate_high': 44.0}.[0m
2021-04-21 13:30:41.401626: I tensorflow/compiler/jit/xla_gpu_device.cc:99] Not creating XLA devices, tf_xla_enable_xla_devices not set
maxFreq at 10nA: 1000.0
2021-04-21 13:31:02.002895: I tensorflow/compiler/jit/xla_gpu_device.cc:99] Not creating XLA devices, tf_xla_enable_xla_devices not set
2021-04-21 13:31:12.071683: I tensorflow/compiler/jit/xla_gpu_device.cc:99] Not creating XLA devices, tf_xla_enable_xla_devices not set
mse and spike frequency: 0.12656 0.0
[32m[I 2021-04-21 13:31:20,093][0m Trial 33 finished with values: [0.12656, 0.0] with parameters: {'Vahp': -28.0, 'Vth': -44.5, 'Vmax': 12.0, 't_ref': 11.0, 'R': 0.6, 'tau_m': 88.5, 'R_adp': 0.8, 'tau_w': 229.5, 'a': 459.5, 'rate_low': 34.5, 'rate_high': 47.0}.[0m
2021-04-21 13:31:20.531994: I tensorflow/compiler/jit/xla_gpu_device.cc:99] Not creating XLA devices, tf_xla_enable_xla_devices not set
maxFreq at 10nA: 1000.0
2021-04-21 13:31:41.134902: I tensorflow/compiler/jit/xla_gpu_device.cc:99] Not creating XLA devices, tf_xla_enable_xla_devices not set
2021-04-21 13:31:50.781727: I tensorflow/compiler/jit/xla_gpu_device.cc:99] Not creating XLA devices, tf_xla_enable_xla_devices not set
mse and spike frequency: 0.12401 1000.1
[32m[I 2021-04-21 13:31:59,052][0m Trial 34 finished with values: [0.12401, 1000.1] with parameters: {'Vahp': -30.0, 'Vth': -58.5, 'Vmax': 20.5, 't_ref': 7.5, 'R': 1.0, 'tau_m': 315.5, 'R_adp': 0.8, 'tau_w': 182.0, 'a': 219.5, 'rate_low': 43.5, 'rate_high': 46.5}.[0m
2021-04-21 13:31:59.472751: I tensorflow/compiler/jit/xla_gpu_device.cc:99] Not creating XLA devices, tf_xla_enable_xla_devices not set
maxFreq at 10nA: 334.0
2021-04-21 13:32:20.602110: I tensorflow/compiler/jit/xla_gpu_device.cc:99] Not creating XLA devices, tf_xla_enable_xla_devices not set
2021-04-21 13:32:30.568933: I tensorflow/compiler/jit/xla_gpu_device.cc:99] Not creating XLA devices, tf_xla_enable_xla_devices not set
mse and spike frequency: 0.00286 52.6
[32m[I 2021-04-21 13:32:39,117][0m Trial 35 finished with values: [0.00286, 52.6] with parameters: {'Vahp': -23.5, 'Vth': -21.5, 'Vmax': 20.5, 't_ref': 2.0, 'R': 0.5, 'tau_m': 121.0, 'R_adp': 0.1, 'tau_w': 51.0, 'a': 401.0, 'rate_low': 36.5, 'rate_high': 45.5}.[0m
2021-04-21 13:32:39.531089: I tensorflow/compiler/jit/xla_gpu_device.cc:99] Not creating XLA devices, tf_xla_enable_xla_devices not set
maxFreq at 10nA: 63.0
2021-04-21 13:33:00.817054: I tensorflow/compiler/jit/xla_gpu_device.cc:99] Not creating XLA devices, tf_xla_enable_xla_devices not set
2021-04-21 13:33:10.827467: I tensorflow/compiler/jit/xla_gpu_device.cc:99] Not creating XLA devices, tf_xla_enable_xla_devices not set
mse and spike frequency: 0.00322 21.42
[32m[I 2021-04-21 13:33:19,437][0m Trial 36 finished with values: [0.00322, 21.42] with parameters: {'Vahp': -54.0, 'Vth': -30.0, 'Vmax': 31.0, 't_ref': 14.5, 'R': 0.7000000000000001, 'tau_m': 126.0, 'R_adp': 0.5, 'tau_w': 2.5, 'a': 426.5, 'rate_low': 40.0, 'rate_high': 40.0}.[0m
2021-04-21 13:33:19.900939: I tensorflow/compiler/jit/xla_gpu_device.cc:99] Not creating XLA devices, tf_xla_enable_xla_devices not set
maxFreq at 10nA: 1000.0
2021-04-21 13:33:41.287162: I tensorflow/compiler/jit/xla_gpu_device.cc:99] Not creating XLA devices, tf_xla_enable_xla_devices not set
2021-04-21 13:33:51.289281: I tensorflow/compiler/jit/xla_gpu_device.cc:99] Not creating XLA devices, tf_xla_enable_xla_devices not set
mse and spike frequency: 0.12656 0.0
[32m[I 2021-04-21 13:34:00,164][0m Trial 37 finished with values: [0.12656, 0.0] with parameters: {'Vahp': -47.0, 'Vth': -58.0, 'Vmax': 39.0, 't_ref': 7.5, 'R': 0.8, 'tau_m': 41.0, 'R_adp': 0.5, 'tau_w': 42.0, 'a': 49.0, 'rate_low': 25.0, 'rate_high': 36.5}.[0m
2021-04-21 13:34:00.605794: I tensorflow/compiler/jit/xla_gpu_device.cc:99] Not creating XLA devices, tf_xla_enable_xla_devices not set
maxFreq at 10nA: 1000.0
2021-04-21 13:34:21.803720: I tensorflow/compiler/jit/xla_gpu_device.cc:99] Not creating XLA devices, tf_xla_enable_xla_devices not set
2021-04-21 13:34:31.854644: I tensorflow/compiler/jit/xla_gpu_device.cc:99] Not creating XLA devices, tf_xla_enable_xla_devices not set
mse and spike frequency: 0.12656 0.0
[32m[I 2021-04-21 13:34:41,279][0m Trial 38 finished with values: [0.12656, 0.0] with parameters: {'Vahp': -26.0, 'Vth': -40.0, 'Vmax': 35.0, 't_ref': 3.0, 'R': 0.9, 'tau_m': 232.0, 'R_adp': 1.0, 'tau_w': 446.0, 'a': 63.5, 'rate_low': 48.5, 'rate_high': 50.0}.[0m
2021-04-21 13:34:41.715855: I tensorflow/compiler/jit/xla_gpu_device.cc:99] Not creating XLA devices, tf_xla_enable_xla_devices not set
maxFreq at 10nA: 999.0
2021-04-21 13:35:03.365215: I tensorflow/compiler/jit/xla_gpu_device.cc:99] Not creating XLA devices, tf_xla_enable_xla_devices not set
2021-04-21 13:35:13.358457: I tensorflow/compiler/jit/xla_gpu_device.cc:99] Not creating XLA devices, tf_xla_enable_xla_devices not set
mse and spike frequency: 0.12656 0.0
[32m[I 2021-04-21 13:35:22,504][0m Trial 39 finished with values: [0.12656, 0.0] with parameters: {'Vahp': -40.5, 'Vth': -45.5, 'Vmax': 18.0, 't_ref': 17.5, 'R': 0.4, 'tau_m': 384.0, 'R_adp': 0.5, 'tau_w': 478.5, 'a': 53.0, 'rate_low': 29.5, 'rate_high': 47.0}.[0m
2021-04-21 13:35:22.950691: I tensorflow/compiler/jit/xla_gpu_device.cc:99] Not creating XLA devices, tf_xla_enable_xla_devices not set
maxFreq at 10nA: 59.0
2021-04-21 13:35:44.248138: I tensorflow/compiler/jit/xla_gpu_device.cc:99] Not creating XLA devices, tf_xla_enable_xla_devices not set
2021-04-21 13:35:54.920387: I tensorflow/compiler/jit/xla_gpu_device.cc:99] Not creating XLA devices, tf_xla_enable_xla_devices not set
mse and spike frequency: 0.11884 11.81
[32m[I 2021-04-21 13:36:04,350][0m Trial 40 finished with values: [0.11884, 11.81] with parameters: {'Vahp': -33.5, 'Vth': -28.5, 'Vmax': 16.0, 't_ref': 15.5, 'R': 0.8, 'tau_m': 221.0, 'R_adp': 0.1, 'tau_w': 405.5, 'a': 296.5, 'rate_low': 22.5, 'rate_high': 28.0}.[0m
2021-04-21 13:36:04.776078: I tensorflow/compiler/jit/xla_gpu_device.cc:99] Not creating XLA devices, tf_xla_enable_xla_devices not set
maxFreq at 10nA: 1000.0
2021-04-21 13:36:26.491571: I tensorflow/compiler/jit/xla_gpu_device.cc:99] Not creating XLA devices, tf_xla_enable_xla_devices not set
2021-04-21 13:36:36.758005: I tensorflow/compiler/jit/xla_gpu_device.cc:99] Not creating XLA devices, tf_xla_enable_xla_devices not set
mse and spike frequency: 0.12656 0.0
[32m[I 2021-04-21 13:36:46,475][0m Trial 41 finished with values: [0.12656, 0.0] with parameters: {'Vahp': -22.0, 'Vth': -56.0, 'Vmax': 30.5, 't_ref': 0.5, 'R': 0.6, 'tau_m': 138.0, 'R_adp': 0.7000000000000001, 'tau_w': 345.5, 'a': 254.5, 'rate_low': 15.5, 'rate_high': 22.0}.[0m
2021-04-21 13:36:46.887676: I tensorflow/compiler/jit/xla_gpu_device.cc:99] Not creating XLA devices, tf_xla_enable_xla_devices not set
maxFreq at 10nA: 48.0
2021-04-21 13:37:08.101546: I tensorflow/compiler/jit/xla_gpu_device.cc:99] Not creating XLA devices, tf_xla_enable_xla_devices not set
2021-04-21 13:37:17.984049: I tensorflow/compiler/jit/xla_gpu_device.cc:99] Not creating XLA devices, tf_xla_enable_xla_devices not set
mse and spike frequency: 0.03594 16.84
[32m[I 2021-04-21 13:37:27,958][0m Trial 42 finished with values: [0.03594, 16.84] with parameters: {'Vahp': -50.0, 'Vth': -49.5, 'Vmax': 32.0, 't_ref': 19.5, 'R': 1.0, 'tau_m': 42.0, 'R_adp': 0.6, 'tau_w': 168.5, 'a': 29.5, 'rate_low': 14.0, 'rate_high': 44.0}.[0m
2021-04-21 13:37:28.398551: I tensorflow/compiler/jit/xla_gpu_device.cc:99] Not creating XLA devices, tf_xla_enable_xla_devices not set
maxFreq at 10nA: 47.0
2021-04-21 13:37:49.878773: I tensorflow/compiler/jit/xla_gpu_device.cc:99] Not creating XLA devices, tf_xla_enable_xla_devices not set
2021-04-21 13:38:00.058501: I tensorflow/compiler/jit/xla_gpu_device.cc:99] Not creating XLA devices, tf_xla_enable_xla_devices not set
mse and spike frequency: 0.06301 2.13
[32m[I 2021-04-21 13:38:10,025][0m Trial 43 finished with values: [0.06301, 2.13] with parameters: {'Vahp': -59.0, 'Vth': -40.0, 'Vmax': 34.0, 't_ref': 7.0, 'R': 0.1, 'tau_m': 272.5, 'R_adp': 0.7000000000000001, 'tau_w': 148.0, 'a': 146.5, 'rate_low': 46.0, 'rate_high': 48.0}.[0m
2021-04-21 13:38:10.439172: I tensorflow/compiler/jit/xla_gpu_device.cc:99] Not creating XLA devices, tf_xla_enable_xla_devices not set
maxFreq at 10nA: 1000.0
2021-04-21 13:38:32.323254: I tensorflow/compiler/jit/xla_gpu_device.cc:99] Not creating XLA devices, tf_xla_enable_xla_devices not set
2021-04-21 13:38:42.339662: I tensorflow/compiler/jit/xla_gpu_device.cc:99] Not creating XLA devices, tf_xla_enable_xla_devices not set
mse and spike frequency: 0.12656 0.0
[32m[I 2021-04-21 13:38:52,114][0m Trial 44 finished with values: [0.12656, 0.0] with parameters: {'Vahp': -25.5, 'Vth': -55.0, 'Vmax': 18.5, 't_ref': 10.5, 'R': 0.6, 'tau_m': 393.0, 'R_adp': 0.30000000000000004, 'tau_w': 456.0, 'a': 152.5, 'rate_low': 12.0, 'rate_high': 38.5}.[0m
2021-04-21 13:38:52.689242: I tensorflow/compiler/jit/xla_gpu_device.cc:99] Not creating XLA devices, tf_xla_enable_xla_devices not set
maxFreq at 10nA: 72.0
2021-04-21 13:39:14.342817: I tensorflow/compiler/jit/xla_gpu_device.cc:99] Not creating XLA devices, tf_xla_enable_xla_devices not set
2021-04-21 13:39:24.529670: I tensorflow/compiler/jit/xla_gpu_device.cc:99] Not creating XLA devices, tf_xla_enable_xla_devices not set
mse and spike frequency: 0.22133 1.3
[32m[I 2021-04-21 13:39:34,370][0m Trial 45 finished with values: [0.22133, 1.3] with parameters: {'Vahp': -51.0, 'Vth': -42.5, 'Vmax': 25.5, 't_ref': 12.5, 'R': 0.2, 'tau_m': 164.5, 'R_adp': 0.5, 'tau_w': 456.0, 'a': 38.5, 'rate_low': 0.5, 'rate_high': 14.5}.[0m
2021-04-21 13:39:35.163514: I tensorflow/compiler/jit/xla_gpu_device.cc:99] Not creating XLA devices, tf_xla_enable_xla_devices not set
maxFreq at 10nA: 152.0
2021-04-21 13:39:57.124303: I tensorflow/compiler/jit/xla_gpu_device.cc:99] Not creating XLA devices, tf_xla_enable_xla_devices not set
2021-04-21 13:40:07.178490: I tensorflow/compiler/jit/xla_gpu_device.cc:99] Not creating XLA devices, tf_xla_enable_xla_devices not set
mse and spike frequency: 6.84797 17.02
[32m[I 2021-04-21 13:40:17,031][0m Trial 46 finished with values: [6.84797, 17.02] with parameters: {'Vahp': -33.0, 'Vth': -22.5, 'Vmax': 30.0, 't_ref': 4.0, 'R': 0.8, 'tau_m': 19.0, 'R_adp': 0.7000000000000001, 'tau_w': 180.0, 'a': 450.5, 'rate_low': 25.5, 'rate_high': 38.5}.[0m
2021-04-21 13:40:17.870701: I tensorflow/compiler/jit/xla_gpu_device.cc:99] Not creating XLA devices, tf_xla_enable_xla_devices not set
maxFreq at 10nA: 77.0
2021-04-21 13:40:39.585951: I tensorflow/compiler/jit/xla_gpu_device.cc:99] Not creating XLA devices, tf_xla_enable_xla_devices not set
2021-04-21 13:40:49.720891: I tensorflow/compiler/jit/xla_gpu_device.cc:99] Not creating XLA devices, tf_xla_enable_xla_devices not set
mse and spike frequency: 1.09536 4.69
[32m[I 2021-04-21 13:40:59,653][0m Trial 47 finished with values: [1.09536, 4.69] with parameters: {'Vahp': -55.0, 'Vth': -28.5, 'Vmax': 39.0, 't_ref': 11.5, 'R': 0.9, 'tau_m': 155.5, 'R_adp': 1.0, 'tau_w': 395.5, 'a': 135.5, 'rate_low': 2.5, 'rate_high': 19.5}.[0m
2021-04-21 13:41:00.229264: I tensorflow/compiler/jit/xla_gpu_device.cc:99] Not creating XLA devices, tf_xla_enable_xla_devices not set
maxFreq at 10nA: 250.0
2021-04-21 13:41:22.443218: I tensorflow/compiler/jit/xla_gpu_device.cc:99] Not creating XLA devices, tf_xla_enable_xla_devices not set
2021-04-21 13:41:32.518683: I tensorflow/compiler/jit/xla_gpu_device.cc:99] Not creating XLA devices, tf_xla_enable_xla_devices not set
mse and spike frequency: 0.00534 22.2
[32m[I 2021-04-21 13:41:42,449][0m Trial 48 finished with values: [0.00534, 22.2] with parameters: {'Vahp': -40.0, 'Vth': -26.0, 'Vmax': 34.5, 't_ref': 3.0, 'R': 0.9, 'tau_m': 477.5, 'R_adp': 0.8, 'tau_w': 450.0, 'a': 20.5, 'rate_low': 41.5, 'rate_high': 45.5}.[0m
2021-04-21 13:41:43.015032: I tensorflow/compiler/jit/xla_gpu_device.cc:99] Not creating XLA devices, tf_xla_enable_xla_devices not set
maxFreq at 10nA: 69.0
2021-04-21 13:42:05.273851: I tensorflow/compiler/jit/xla_gpu_device.cc:99] Not creating XLA devices, tf_xla_enable_xla_devices not set
2021-04-21 13:42:15.179794: I tensorflow/compiler/jit/xla_gpu_device.cc:99] Not creating XLA devices, tf_xla_enable_xla_devices not set
mse and spike frequency: 1.28896 7.53
[32m[I 2021-04-21 13:42:24,956][0m Trial 49 finished with values: [1.28896, 7.53] with parameters: {'Vahp': -56.5, 'Vth': -54.0, 'Vmax': 20.5, 't_ref': 12.5, 'R': 0.7000000000000001, 'tau_m': 273.5, 'R_adp': 1.0, 'tau_w': 369.5, 'a': 303.5, 'rate_low': 20.0, 'rate_high': 45.0}.[0m
2021-04-21 13:42:25.522742: I tensorflow/compiler/jit/xla_gpu_device.cc:99] Not creating XLA devices, tf_xla_enable_xla_devices not set
maxFreq at 10nA: 64.0
2021-04-21 13:42:48.803604: I tensorflow/compiler/jit/xla_gpu_device.cc:99] Not creating XLA devices, tf_xla_enable_xla_devices not set
2021-04-21 13:42:59.074328: I tensorflow/compiler/jit/xla_gpu_device.cc:99] Not creating XLA devices, tf_xla_enable_xla_devices not set
mse and spike frequency: 0.19358 5.68
[32m[I 2021-04-21 13:43:09,274][0m Trial 50 finished with values: [0.19358, 5.68] with parameters: {'Vahp': -51.0, 'Vth': -29.5, 'Vmax': 15.0, 't_ref': 14.0, 'R': 0.8, 'tau_m': 286.5, 'R_adp': 0.5, 'tau_w': 451.5, 'a': 251.5, 'rate_low': 25.0, 'rate_high': 50.0}.[0m
2021-04-21 13:43:09.816275: I tensorflow/compiler/jit/xla_gpu_device.cc:99] Not creating XLA devices, tf_xla_enable_xla_devices not set
maxFreq at 10nA: 1000.0
2021-04-21 13:43:33.540535: I tensorflow/compiler/jit/xla_gpu_device.cc:99] Not creating XLA devices, tf_xla_enable_xla_devices not set
2021-04-21 13:43:43.662096: I tensorflow/compiler/jit/xla_gpu_device.cc:99] Not creating XLA devices, tf_xla_enable_xla_devices not set
mse and spike frequency: 0.12656 0.0
[32m[I 2021-04-21 13:43:53,588][0m Trial 51 finished with values: [0.12656, 0.0] with parameters: {'Vahp': -20.0, 'Vth': -25.0, 'Vmax': 31.0, 't_ref': 14.5, 'R': 0.7000000000000001, 'tau_m': 126.0, 'R_adp': 0.5, 'tau_w': 222.0, 'a': 426.5, 'rate_low': 40.0, 'rate_high': 42.0}.[0m
2021-04-21 13:43:54.098743: I tensorflow/compiler/jit/xla_gpu_device.cc:99] Not creating XLA devices, tf_xla_enable_xla_devices not set
maxFreq at 10nA: 12.0
2021-04-21 13:44:18.005964: I tensorflow/compiler/jit/xla_gpu_device.cc:99] Not creating XLA devices, tf_xla_enable_xla_devices not set
2021-04-21 13:44:28.260918: I tensorflow/compiler/jit/xla_gpu_device.cc:99] Not creating XLA devices, tf_xla_enable_xla_devices not set
mse and spike frequency: 0.11344 0.26
[32m[I 2021-04-21 13:44:38,830][0m Trial 52 finished with values: [0.11344, 0.26] with parameters: {'Vahp': -56.5, 'Vth': -37.5, 'Vmax': 20.5, 't_ref': 3.0, 'R': 0.1, 'tau_m': 273.5, 'R_adp': 1.0, 'tau_w': 369.5, 'a': 303.5, 'rate_low': 16.5, 'rate_high': 36.5}.[0m
2021-04-21 13:44:39.361281: I tensorflow/compiler/jit/xla_gpu_device.cc:99] Not creating XLA devices, tf_xla_enable_xla_devices not set
maxFreq at 10nA: 1000.0
2021-04-21 13:45:03.752130: I tensorflow/compiler/jit/xla_gpu_device.cc:99] Not creating XLA devices, tf_xla_enable_xla_devices not set
2021-04-21 13:45:14.476696: I tensorflow/compiler/jit/xla_gpu_device.cc:99] Not creating XLA devices, tf_xla_enable_xla_devices not set
mse and spike frequency: 0.12656 0.0
[32m[I 2021-04-21 13:45:24,773][0m Trial 53 finished with values: [0.12656, 0.0] with parameters: {'Vahp': -47.0, 'Vth': -47.5, 'Vmax': 39.0, 't_ref': 13.5, 'R': 0.8, 'tau_m': 197.0, 'R_adp': 0.7000000000000001, 'tau_w': 42.0, 'a': 49.0, 'rate_low': 28.0, 'rate_high': 36.5}.[0m
2021-04-21 13:45:25.296034: I tensorflow/compiler/jit/xla_gpu_device.cc:99] Not creating XLA devices, tf_xla_enable_xla_devices not set
maxFreq at 10nA: 1000.0
2021-04-21 13:45:49.842295: I tensorflow/compiler/jit/xla_gpu_device.cc:99] Not creating XLA devices, tf_xla_enable_xla_devices not set
2021-04-21 13:46:00.784129: I tensorflow/compiler/jit/xla_gpu_device.cc:99] Not creating XLA devices, tf_xla_enable_xla_devices not set
mse and spike frequency: 0.12656 0.0
[32m[I 2021-04-21 13:46:11,661][0m Trial 54 finished with values: [0.12656, 0.0] with parameters: {'Vahp': -28.0, 'Vth': -44.5, 'Vmax': 12.0, 't_ref': 11.0, 'R': 0.6, 'tau_m': 88.5, 'R_adp': 0.8, 'tau_w': 229.5, 'a': 459.5, 'rate_low': 34.5, 'rate_high': 47.0}.[0m
2021-04-21 13:46:12.156456: I tensorflow/compiler/jit/xla_gpu_device.cc:99] Not creating XLA devices, tf_xla_enable_xla_devices not set
maxFreq at 10nA: 84.0
2021-04-21 13:46:36.684821: I tensorflow/compiler/jit/xla_gpu_device.cc:99] Not creating XLA devices, tf_xla_enable_xla_devices not set
2021-04-21 13:46:47.978052: I tensorflow/compiler/jit/xla_gpu_device.cc:99] Not creating XLA devices, tf_xla_enable_xla_devices not set
mse and spike frequency: 0.01244 14.77
