[32m[I 2021-04-21 13:46:13,253][0m Trial 58 finished with values: [0.12656, 0.0] with parameters: {'Vahp': -30.0, 'Vth': -41.5, 'Vmax': 13.0, 't_ref': 14.5, 'R': 0.6, 'tau_m': 202.0, 'rate_low': 48.0, 'rate_high': 44.0}.[0m
2021-04-21 13:46:13.772038: I tensorflow/compiler/jit/xla_gpu_device.cc:99] Not creating XLA devices, tf_xla_enable_xla_devices not set
maxFreq at 10nA: 1000.0
2021-04-21 13:46:37.755114: I tensorflow/compiler/jit/xla_gpu_device.cc:99] Not creating XLA devices, tf_xla_enable_xla_devices not set
2021-04-21 13:46:49.491446: I tensorflow/compiler/jit/xla_gpu_device.cc:99] Not creating XLA devices, tf_xla_enable_xla_devices not set
mse and spike frequency: 0.12656 0.0
[32m[I 2021-04-21 13:47:00,676][0m Trial 59 finished with values: [0.12656, 0.0] with parameters: {'Vahp': -25.5, 'Vth': -55.5, 'Vmax': 28.5, 't_ref': 19.0, 'R': 0.6, 'tau_m': 301.5, 'rate_low': 7.0, 'rate_high': 30.0}.[0m
2021-04-21 13:47:01.163074: I tensorflow/compiler/jit/xla_gpu_device.cc:99] Not creating XLA devices, tf_xla_enable_xla_devices not set
maxFreq at 10nA: 500.0
2021-04-21 13:47:24.973910: I tensorflow/compiler/jit/xla_gpu_device.cc:99] Not creating XLA devices, tf_xla_enable_xla_devices not set
2021-04-21 13:47:36.607316: I tensorflow/compiler/jit/xla_gpu_device.cc:99] Not creating XLA devices, tf_xla_enable_xla_devices not set
mse and spike frequency: 0.12656 0.0
[32m[I 2021-04-21 13:47:48,376][0m Trial 60 finished with values: [0.12656, 0.0] with parameters: {'Vahp': -58.0, 'Vth': -55.5, 'Vmax': 36.0, 't_ref': 1.0, 'R': 0.7000000000000001, 'tau_m': 46.5, 'rate_low': 13.5, 'rate_high': 43.0}.[0m
2021-04-21 13:47:48.894459: I tensorflow/compiler/jit/xla_gpu_device.cc:99] Not creating XLA devices, tf_xla_enable_xla_devices not set
maxFreq at 10nA: 56.0
2021-04-21 13:48:13.068898: I tensorflow/compiler/jit/xla_gpu_device.cc:99] Not creating XLA devices, tf_xla_enable_xla_devices not set
2021-04-21 13:48:25.405485: I tensorflow/compiler/jit/xla_gpu_device.cc:99] Not creating XLA devices, tf_xla_enable_xla_devices not set
mse and spike frequency: 0.00313 12.77
[32m[I 2021-04-21 13:48:36,908][0m Trial 61 finished with values: [0.00313, 12.77] with parameters: {'Vahp': -55.5, 'Vth': -42.5, 'Vmax': 35.0, 't_ref': 16.5, 'R': 0.2, 'tau_m': 99.0, 'rate_low': 21.0, 'rate_high': 33.0}.[0m
2021-04-21 13:48:37.401132: I tensorflow/compiler/jit/xla_gpu_device.cc:99] Not creating XLA devices, tf_xla_enable_xla_devices not set
maxFreq at 10nA: 1000.0
2021-04-21 13:49:02.110451: I tensorflow/compiler/jit/xla_gpu_device.cc:99] Not creating XLA devices, tf_xla_enable_xla_devices not set
2021-04-21 13:49:14.253187: I tensorflow/compiler/jit/xla_gpu_device.cc:99] Not creating XLA devices, tf_xla_enable_xla_devices not set
mse and spike frequency: 0.12656 0.0
[32m[I 2021-04-21 13:49:25,880][0m Trial 62 finished with values: [0.12656, 0.0] with parameters: {'Vahp': -35.5, 'Vth': -41.0, 'Vmax': 15.5, 't_ref': 11.0, 'R': 0.8, 'tau_m': 200.0, 'rate_low': 36.5, 'rate_high': 47.5}.[0m
2021-04-21 13:49:26.356089: I tensorflow/compiler/jit/xla_gpu_device.cc:99] Not creating XLA devices, tf_xla_enable_xla_devices not set
maxFreq at 10nA: 50.0
2021-04-21 13:49:50.747815: I tensorflow/compiler/jit/xla_gpu_device.cc:99] Not creating XLA devices, tf_xla_enable_xla_devices not set
2021-04-21 13:50:03.536583: I tensorflow/compiler/jit/xla_gpu_device.cc:99] Not creating XLA devices, tf_xla_enable_xla_devices not set
mse and spike frequency: 0.00833 2.54
[32m[I 2021-04-21 13:50:15,168][0m Trial 63 finished with values: [0.00833, 2.54] with parameters: {'Vahp': -49.5, 'Vth': -24.5, 'Vmax': 23.5, 't_ref': 17.0, 'R': 0.5, 'tau_m': 494.0, 'rate_low': 3.0, 'rate_high': 34.5}.[0m
2021-04-21 13:50:15.713372: I tensorflow/compiler/jit/xla_gpu_device.cc:99] Not creating XLA devices, tf_xla_enable_xla_devices not set
maxFreq at 10nA: 1000.0
2021-04-21 13:50:40.864796: I tensorflow/compiler/jit/xla_gpu_device.cc:99] Not creating XLA devices, tf_xla_enable_xla_devices not set
2021-04-21 13:50:53.162704: I tensorflow/compiler/jit/xla_gpu_device.cc:99] Not creating XLA devices, tf_xla_enable_xla_devices not set
mse and spike frequency: 0.12656 0.0
[32m[I 2021-04-21 13:51:04,495][0m Trial 64 finished with values: [0.12656, 0.0] with parameters: {'Vahp': -23.5, 'Vth': -57.0, 'Vmax': 20.5, 't_ref': 19.0, 'R': 0.4, 'tau_m': 46.5, 'rate_low': 13.5, 'rate_high': 30.0}.[0m
2021-04-21 13:51:04.999441: I tensorflow/compiler/jit/xla_gpu_device.cc:99] Not creating XLA devices, tf_xla_enable_xla_devices not set
maxFreq at 10nA: 200.0
2021-04-21 13:51:29.706619: I tensorflow/compiler/jit/xla_gpu_device.cc:99] Not creating XLA devices, tf_xla_enable_xla_devices not set
2021-04-21 13:51:42.160336: I tensorflow/compiler/jit/xla_gpu_device.cc:99] Not creating XLA devices, tf_xla_enable_xla_devices not set
mse and spike frequency: 0.00089 11.25
[32m[I 2021-04-21 13:51:53,701][0m Trial 65 finished with values: [0.00089, 11.25] with parameters: {'Vahp': -55.0, 'Vth': -33.0, 'Vmax': 38.5, 't_ref': 0.5, 'R': 0.2, 'tau_m': 292.5, 'rate_low': 47.5, 'rate_high': 36.0}.[0m
2021-04-21 13:51:54.220570: I tensorflow/compiler/jit/xla_gpu_device.cc:99] Not creating XLA devices, tf_xla_enable_xla_devices not set
maxFreq at 10nA: 50.0
2021-04-21 13:52:18.504660: I tensorflow/compiler/jit/xla_gpu_device.cc:99] Not creating XLA devices, tf_xla_enable_xla_devices not set
2021-04-21 13:52:31.161703: I tensorflow/compiler/jit/xla_gpu_device.cc:99] Not creating XLA devices, tf_xla_enable_xla_devices not set
mse and spike frequency: 0.12656 0.0
[32m[I 2021-04-21 13:52:43,078][0m Trial 66 finished with values: [0.12656, 0.0] with parameters: {'Vahp': -51.0, 'Vth': -50.5, 'Vmax': 16.0, 't_ref': 19.0, 'R': 0.9, 'tau_m': 220.5, 'rate_low': 0.5, 'rate_high': 37.5}.[0m
2021-04-21 13:52:43.547036: I tensorflow/compiler/jit/xla_gpu_device.cc:99] Not creating XLA devices, tf_xla_enable_xla_devices not set
maxFreq at 10nA: 1000.0
2021-04-21 13:53:07.560403: I tensorflow/compiler/jit/xla_gpu_device.cc:99] Not creating XLA devices, tf_xla_enable_xla_devices not set
2021-04-21 13:53:20.141992: I tensorflow/compiler/jit/xla_gpu_device.cc:99] Not creating XLA devices, tf_xla_enable_xla_devices not set
mse and spike frequency: 0.12656 0.0
[32m[I 2021-04-21 13:53:32,372][0m Trial 67 finished with values: [0.12656, 0.0] with parameters: {'Vahp': -53.5, 'Vth': -56.0, 'Vmax': 21.5, 't_ref': 17.0, 'R': 0.4, 'tau_m': 259.0, 'rate_low': 12.5, 'rate_high': 29.5}.[0m
2021-04-21 13:53:32.832529: I tensorflow/compiler/jit/xla_gpu_device.cc:99] Not creating XLA devices, tf_xla_enable_xla_devices not set
maxFreq at 10nA: 1000.0
2021-04-21 13:53:57.521865: I tensorflow/compiler/jit/xla_gpu_device.cc:99] Not creating XLA devices, tf_xla_enable_xla_devices not set
2021-04-21 13:54:10.458479: I tensorflow/compiler/jit/xla_gpu_device.cc:99] Not creating XLA devices, tf_xla_enable_xla_devices not set
mse and spike frequency: 0.12656 0.0
[32m[I 2021-04-21 13:54:23,956][0m Trial 68 finished with values: [0.12656, 0.0] with parameters: {'Vahp': -45.5, 'Vth': -57.0, 'Vmax': 33.5, 't_ref': 14.5, 'R': 0.4, 'tau_m': 232.5, 'rate_low': 6.0, 'rate_high': 36.5}.[0m
2021-04-21 13:54:24.478303: I tensorflow/compiler/jit/xla_gpu_device.cc:99] Not creating XLA devices, tf_xla_enable_xla_devices not set
maxFreq at 10nA: 112.0
2021-04-21 13:54:49.194439: I tensorflow/compiler/jit/xla_gpu_device.cc:99] Not creating XLA devices, tf_xla_enable_xla_devices not set
2021-04-21 13:55:02.967777: I tensorflow/compiler/jit/xla_gpu_device.cc:99] Not creating XLA devices, tf_xla_enable_xla_devices not set
mse and spike frequency: 0.00125 8.28
[32m[I 2021-04-21 13:55:16,558][0m Trial 69 finished with values: [0.00125, 8.28] with parameters: {'Vahp': -53.5, 'Vth': -39.5, 'Vmax': 27.0, 't_ref': 7.5, 'R': 0.7000000000000001, 'tau_m': 329.0, 'rate_low': 4.0, 'rate_high': 38.5}.[0m
2021-04-21 13:55:17.151026: I tensorflow/compiler/jit/xla_gpu_device.cc:99] Not creating XLA devices, tf_xla_enable_xla_devices not set
maxFreq at 10nA: 1000.0
2021-04-21 13:55:41.873547: I tensorflow/compiler/jit/xla_gpu_device.cc:99] Not creating XLA devices, tf_xla_enable_xla_devices not set
2021-04-21 13:55:55.229761: I tensorflow/compiler/jit/xla_gpu_device.cc:99] Not creating XLA devices, tf_xla_enable_xla_devices not set
mse and spike frequency: 0.12656 0.0
[32m[I 2021-04-21 13:56:08,125][0m Trial 70 finished with values: [0.12656, 0.0] with parameters: {'Vahp': -23.0, 'Vth': -43.5, 'Vmax': 19.0, 't_ref': 13.0, 'R': 0.6, 'tau_m': 266.0, 'rate_low': 43.5, 'rate_high': 49.0}.[0m
2021-04-21 13:56:08.684458: I tensorflow/compiler/jit/xla_gpu_device.cc:99] Not creating XLA devices, tf_xla_enable_xla_devices not set
maxFreq at 10nA: 56.0
2021-04-21 13:56:33.106228: I tensorflow/compiler/jit/xla_gpu_device.cc:99] Not creating XLA devices, tf_xla_enable_xla_devices not set
2021-04-21 13:56:46.376486: I tensorflow/compiler/jit/xla_gpu_device.cc:99] Not creating XLA devices, tf_xla_enable_xla_devices not set
mse and spike frequency: 0.00349 21.55
[32m[I 2021-04-21 13:56:58,938][0m Trial 71 finished with values: [0.00349, 21.55] with parameters: {'Vahp': -30.5, 'Vth': -24.5, 'Vmax': 30.0, 't_ref': 17.0, 'R': 0.9, 'tau_m': 357.5, 'rate_low': 38.0, 'rate_high': 39.0}.[0m
2021-04-21 13:56:59.493110: I tensorflow/compiler/jit/xla_gpu_device.cc:99] Not creating XLA devices, tf_xla_enable_xla_devices not set
maxFreq at 10nA: 1000.0
2021-04-21 13:57:24.551483: I tensorflow/compiler/jit/xla_gpu_device.cc:99] Not creating XLA devices, tf_xla_enable_xla_devices not set
2021-04-21 13:57:37.799099: I tensorflow/compiler/jit/xla_gpu_device.cc:99] Not creating XLA devices, tf_xla_enable_xla_devices not set
mse and spike frequency: 0.12656 0.0
[32m[I 2021-04-21 13:57:49,636][0m Trial 72 finished with values: [0.12656, 0.0] with parameters: {'Vahp': -27.0, 'Vth': -33.5, 'Vmax': 17.5, 't_ref': 4.5, 'R': 0.9, 'tau_m': 101.5, 'rate_low': 30.5, 'rate_high': 44.5}.[0m
2021-04-21 13:57:50.138751: I tensorflow/compiler/jit/xla_gpu_device.cc:99] Not creating XLA devices, tf_xla_enable_xla_devices not set
maxFreq at 10nA: 143.0
2021-04-21 13:58:14.465023: I tensorflow/compiler/jit/xla_gpu_device.cc:99] Not creating XLA devices, tf_xla_enable_xla_devices not set
2021-04-21 13:58:28.177929: I tensorflow/compiler/jit/xla_gpu_device.cc:99] Not creating XLA devices, tf_xla_enable_xla_devices not set
mse and spike frequency: 0.00154 15.98
[32m[I 2021-04-21 13:58:40,278][0m Trial 73 finished with values: [0.00154, 15.98] with parameters: {'Vahp': -51.5, 'Vth': -21.0, 'Vmax': 23.5, 't_ref': 6.0, 'R': 0.5, 'tau_m': 73.0, 'rate_low': 11.5, 'rate_high': 40.0}.[0m
2021-04-21 13:58:40.789910: I tensorflow/compiler/jit/xla_gpu_device.cc:99] Not creating XLA devices, tf_xla_enable_xla_devices not set
maxFreq at 10nA: 998.0
2021-04-21 13:59:05.162483: I tensorflow/compiler/jit/xla_gpu_device.cc:99] Not creating XLA devices, tf_xla_enable_xla_devices not set
2021-04-21 13:59:19.071991: I tensorflow/compiler/jit/xla_gpu_device.cc:99] Not creating XLA devices, tf_xla_enable_xla_devices not set
mse and spike frequency: 0.12656 0.0
[32m[I 2021-04-21 13:59:31,965][0m Trial 74 finished with values: [0.12656, 0.0] with parameters: {'Vahp': -35.5, 'Vth': -40.0, 'Vmax': 38.5, 't_ref': 0.5, 'R': 0.2, 'tau_m': 314.0, 'rate_low': 29.0, 'rate_high': 36.0}.[0m
2021-04-21 13:59:32.527097: I tensorflow/compiler/jit/xla_gpu_device.cc:99] Not creating XLA devices, tf_xla_enable_xla_devices not set
maxFreq at 10nA: 999.0
2021-04-21 13:59:57.096145: I tensorflow/compiler/jit/xla_gpu_device.cc:99] Not creating XLA devices, tf_xla_enable_xla_devices not set
2021-04-21 14:00:11.383630: I tensorflow/compiler/jit/xla_gpu_device.cc:99] Not creating XLA devices, tf_xla_enable_xla_devices not set
mse and spike frequency: 0.12656 0.0
[32m[I 2021-04-21 14:00:24,300][0m Trial 75 finished with values: [0.12656, 0.0] with parameters: {'Vahp': -28.5, 'Vth': -46.5, 'Vmax': 21.5, 't_ref': 17.0, 'R': 0.4, 'tau_m': 436.5, 'rate_low': 12.0, 'rate_high': 13.0}.[0m
2021-04-21 14:00:24.801669: I tensorflow/compiler/jit/xla_gpu_device.cc:99] Not creating XLA devices, tf_xla_enable_xla_devices not set
maxFreq at 10nA: 125.0
2021-04-21 14:00:49.092017: I tensorflow/compiler/jit/xla_gpu_device.cc:99] Not creating XLA devices, tf_xla_enable_xla_devices not set
2021-04-21 14:01:03.564648: I tensorflow/compiler/jit/xla_gpu_device.cc:99] Not creating XLA devices, tf_xla_enable_xla_devices not set
mse and spike frequency: 0.00324 4.66
[32m[I 2021-04-21 14:01:16,694][0m Trial 76 finished with values: [0.00324, 4.66] with parameters: {'Vahp': -38.0, 'Vth': -22.5, 'Vmax': 28.5, 't_ref': 5.0, 'R': 0.2, 'tau_m': 369.5, 'rate_low': 21.0, 'rate_high': 33.0}.[0m
2021-04-21 14:01:17.203440: I tensorflow/compiler/jit/xla_gpu_device.cc:99] Not creating XLA devices, tf_xla_enable_xla_devices not set
maxFreq at 10nA: 52.0
2021-04-21 14:01:42.061962: I tensorflow/compiler/jit/xla_gpu_device.cc:99] Not creating XLA devices, tf_xla_enable_xla_devices not set
2021-04-21 14:01:56.381215: I tensorflow/compiler/jit/xla_gpu_device.cc:99] Not creating XLA devices, tf_xla_enable_xla_devices not set
mse and spike frequency: 0.12607 0.04
[32m[I 2021-04-21 14:02:09,393][0m Trial 77 finished with values: [0.12607, 0.04] with parameters: {'Vahp': -45.5, 'Vth': -21.0, 'Vmax': 33.5, 't_ref': 6.0, 'R': 0.1, 'tau_m': 479.0, 'rate_low': 3.0, 'rate_high': 36.5}.[0m
2021-04-21 14:02:09.968477: I tensorflow/compiler/jit/xla_gpu_device.cc:99] Not creating XLA devices, tf_xla_enable_xla_devices not set
maxFreq at 10nA: 84.0
2021-04-21 14:02:34.712112: I tensorflow/compiler/jit/xla_gpu_device.cc:99] Not creating XLA devices, tf_xla_enable_xla_devices not set
2021-04-21 14:02:49.061255: I tensorflow/compiler/jit/xla_gpu_device.cc:99] Not creating XLA devices, tf_xla_enable_xla_devices not set
mse and spike frequency: 0.00379 31.92
[32m[I 2021-04-21 14:03:02,286][0m Trial 78 finished with values: [0.00379, 31.92] with parameters: {'Vahp': -33.5, 'Vth': -23.0, 'Vmax': 17.0, 't_ref': 11.0, 'R': 0.30000000000000004, 'tau_m': 62.5, 'rate_low': 49.5, 'rate_high': 49.5}.[0m
2021-04-21 14:03:02.836025: I tensorflow/compiler/jit/xla_gpu_device.cc:99] Not creating XLA devices, tf_xla_enable_xla_devices not set
maxFreq at 10nA: 67.0
2021-04-21 14:03:27.821974: I tensorflow/compiler/jit/xla_gpu_device.cc:99] Not creating XLA devices, tf_xla_enable_xla_devices not set
2021-04-21 14:03:42.095719: I tensorflow/compiler/jit/xla_gpu_device.cc:99] Not creating XLA devices, tf_xla_enable_xla_devices not set
mse and spike frequency: 0.00251 7.35
[32m[I 2021-04-21 14:03:55,390][0m Trial 79 finished with values: [0.00251, 7.35] with parameters: {'Vahp': -38.0, 'Vth': -22.5, 'Vmax': 28.5, 't_ref': 14.0, 'R': 0.6, 'tau_m': 369.5, 'rate_low': 8.5, 'rate_high': 40.5}.[0m
2021-04-21 14:03:55.940196: I tensorflow/compiler/jit/xla_gpu_device.cc:99] Not creating XLA devices, tf_xla_enable_xla_devices not set
maxFreq at 10nA: 1000.0
2021-04-21 14:04:20.953664: I tensorflow/compiler/jit/xla_gpu_device.cc:99] Not creating XLA devices, tf_xla_enable_xla_devices not set
2021-04-21 14:04:35.498574: I tensorflow/compiler/jit/xla_gpu_device.cc:99] Not creating XLA devices, tf_xla_enable_xla_devices not set
mse and spike frequency: 0.12656 0.0
[32m[I 2021-04-21 14:04:49,315][0m Trial 80 finished with values: [0.12656, 0.0] with parameters: {'Vahp': -35.5, 'Vth': -45.5, 'Vmax': 36.5, 't_ref': 1.5, 'R': 0.8, 'tau_m': 45.5, 'rate_low': 47.5, 'rate_high': 47.5}.[0m
2021-04-21 14:04:49.863214: I tensorflow/compiler/jit/xla_gpu_device.cc:99] Not creating XLA devices, tf_xla_enable_xla_devices not set
maxFreq at 10nA: 999.0
2021-04-21 14:05:14.853252: I tensorflow/compiler/jit/xla_gpu_device.cc:99] Not creating XLA devices, tf_xla_enable_xla_devices not set
2021-04-21 14:05:29.982057: I tensorflow/compiler/jit/xla_gpu_device.cc:99] Not creating XLA devices, tf_xla_enable_xla_devices not set
mse and spike frequency: 0.12656 0.0
[32m[I 2021-04-21 14:05:44,399][0m Trial 81 finished with values: [0.12656, 0.0] with parameters: {'Vahp': -21.0, 'Vth': -28.0, 'Vmax': 12.0, 't_ref': 12.0, 'R': 0.6, 'tau_m': 374.0, 'rate_low': 8.5, 'rate_high': 38.5}.[0m
2021-04-21 14:05:44.991757: I tensorflow/compiler/jit/xla_gpu_device.cc:99] Not creating XLA devices, tf_xla_enable_xla_devices not set
maxFreq at 10nA: 143.0
2021-04-21 14:06:10.510462: I tensorflow/compiler/jit/xla_gpu_device.cc:99] Not creating XLA devices, tf_xla_enable_xla_devices not set
2021-04-21 14:06:26.544169: I tensorflow/compiler/jit/xla_gpu_device.cc:99] Not creating XLA devices, tf_xla_enable_xla_devices not set
mse and spike frequency: 0.00141 14.67
[32m[I 2021-04-21 14:06:41,875][0m Trial 82 finished with values: [0.00141, 14.67] with parameters: {'Vahp': -56.0, 'Vth': -33.5, 'Vmax': 21.0, 't_ref': 6.0, 'R': 0.9, 'tau_m': 382.0, 'rate_low': 23.0, 'rate_high': 23.0}.[0m
2021-04-21 14:06:42.403689: I tensorflow/compiler/jit/xla_gpu_device.cc:99] Not creating XLA devices, tf_xla_enable_xla_devices not set
maxFreq at 10nA: 1000.0
2021-04-21 14:07:07.426769: I tensorflow/compiler/jit/xla_gpu_device.cc:99] Not creating XLA devices, tf_xla_enable_xla_devices not set
2021-04-21 14:07:23.892812: I tensorflow/compiler/jit/xla_gpu_device.cc:99] Not creating XLA devices, tf_xla_enable_xla_devices not set
mse and spike frequency: 0.12656 0.0
[32m[I 2021-04-21 14:07:39,124][0m Trial 83 finished with values: [0.12656, 0.0] with parameters: {'Vahp': -22.5, 'Vth': -40.5, 'Vmax': 22.0, 't_ref': 1.0, 'R': 0.7000000000000001, 'tau_m': 125.5, 'rate_low': 26.0, 'rate_high': 43.0}.[0m
2021-04-21 14:07:39.686445: I tensorflow/compiler/jit/xla_gpu_device.cc:99] Not creating XLA devices, tf_xla_enable_xla_devices not set
maxFreq at 10nA: 200.0
2021-04-21 14:08:04.423135: I tensorflow/compiler/jit/xla_gpu_device.cc:99] Not creating XLA devices, tf_xla_enable_xla_devices not set
2021-04-21 14:08:21.641133: I tensorflow/compiler/jit/xla_gpu_device.cc:99] Not creating XLA devices, tf_xla_enable_xla_devices not set
mse and spike frequency: 0.12656 0.0
[32m[I 2021-04-21 14:08:36,212][0m Trial 84 finished with values: [0.12656, 0.0] with parameters: {'Vahp': -41.0, 'Vth': -41.0, 'Vmax': 17.5, 't_ref': 4.0, 'R': 1.0, 'tau_m': 181.5, 'rate_low': 35.5, 'rate_high': 47.5}.[0m
2021-04-21 14:08:36.832330: I tensorflow/compiler/jit/xla_gpu_device.cc:99] Not creating XLA devices, tf_xla_enable_xla_devices not set
maxFreq at 10nA: 1000.0
2021-04-21 14:09:02.911830: I tensorflow/compiler/jit/xla_gpu_device.cc:99] Not creating XLA devices, tf_xla_enable_xla_devices not set
2021-04-21 14:09:19.126233: I tensorflow/compiler/jit/xla_gpu_device.cc:99] Not creating XLA devices, tf_xla_enable_xla_devices not set
mse and spike frequency: 0.12656 0.0
[32m[I 2021-04-21 14:09:33,268][0m Trial 85 finished with values: [0.12656, 0.0] with parameters: {'Vahp': -24.5, 'Vth': -43.5, 'Vmax': 21.5, 't_ref': 10.0, 'R': 0.5, 'tau_m': 288.5, 'rate_low': 27.0, 'rate_high': 29.5}.[0m
2021-04-21 14:09:33.792846: I tensorflow/compiler/jit/xla_gpu_device.cc:99] Not creating XLA devices, tf_xla_enable_xla_devices not set
maxFreq at 10nA: 143.0
2021-04-21 14:10:00.117714: I tensorflow/compiler/jit/xla_gpu_device.cc:99] Not creating XLA devices, tf_xla_enable_xla_devices not set
2021-04-21 14:10:15.019799: I tensorflow/compiler/jit/xla_gpu_device.cc:99] Not creating XLA devices, tf_xla_enable_xla_devices not set
mse and spike frequency: 0.12656 0.0
[32m[I 2021-04-21 14:10:29,408][0m Trial 86 finished with values: [0.12656, 0.0] with parameters: {'Vahp': -42.5, 'Vth': -32.5, 'Vmax': 19.0, 't_ref': 5.5, 'R': 0.4, 'tau_m': 43.0, 'rate_low': 1.5, 'rate_high': 19.0}.[0m
2021-04-21 14:10:29.926349: I tensorflow/compiler/jit/xla_gpu_device.cc:99] Not creating XLA devices, tf_xla_enable_xla_devices not set
maxFreq at 10nA: 1000.0
2021-04-21 14:10:55.995483: I tensorflow/compiler/jit/xla_gpu_device.cc:99] Not creating XLA devices, tf_xla_enable_xla_devices not set
2021-04-21 14:11:11.251262: I tensorflow/compiler/jit/xla_gpu_device.cc:99] Not creating XLA devices, tf_xla_enable_xla_devices not set
mse and spike frequency: 0.12656 0.0
[32m[I 2021-04-21 14:11:26,012][0m Trial 87 finished with values: [0.12656, 0.0] with parameters: {'Vahp': -23.0, 'Vth': -58.0, 'Vmax': 29.0, 't_ref': 17.0, 'R': 0.6, 'tau_m': 202.0, 'rate_low': 10.5, 'rate_high': 44.0}.[0m
2021-04-21 14:11:26.551580: I tensorflow/compiler/jit/xla_gpu_device.cc:99] Not creating XLA devices, tf_xla_enable_xla_devices not set
maxFreq at 10nA: 200.0
2021-04-21 14:11:53.067991: I tensorflow/compiler/jit/xla_gpu_device.cc:99] Not creating XLA devices, tf_xla_enable_xla_devices not set
2021-04-21 14:12:08.419297: I tensorflow/compiler/jit/xla_gpu_device.cc:99] Not creating XLA devices, tf_xla_enable_xla_devices not set
mse and spike frequency: 0.00183 28.44
[32m[I 2021-04-21 14:12:23,037][0m Trial 88 finished with values: [0.00183, 28.44] with parameters: {'Vahp': -45.5, 'Vth': -32.5, 'Vmax': 19.0, 't_ref': 4.0, 'R': 0.1, 'tau_m': 43.0, 'rate_low': 41.0, 'rate_high': 46.0}.[0m
2021-04-21 14:12:23.564014: I tensorflow/compiler/jit/xla_gpu_device.cc:99] Not creating XLA devices, tf_xla_enable_xla_devices not set
maxFreq at 10nA: 1000.0
2021-04-21 14:12:49.679735: I tensorflow/compiler/jit/xla_gpu_device.cc:99] Not creating XLA devices, tf_xla_enable_xla_devices not set
2021-04-21 14:13:06.034687: I tensorflow/compiler/jit/xla_gpu_device.cc:99] Not creating XLA devices, tf_xla_enable_xla_devices not set
mse and spike frequency: 0.12656 0.0
