[32m[I 2021-04-21 14:12:06,276][0m Trial 84 finished with values: [0.00066, 19.22] with parameters: {'Vahp': -39.0, 'Vth': -26.0, 'Vmax': 34.5, 't_ref': 1.5, 'R': 0.6, 'tau_m': 422.5, 'R_adp': 0.9, 'tau_w': 28.5, 'a': 186.0, 'rate_low': 42.5, 'rate_high': 45.0}.[0m
2021-04-21 14:12:06.799316: I tensorflow/compiler/jit/xla_gpu_device.cc:99] Not creating XLA devices, tf_xla_enable_xla_devices not set
maxFreq at 10nA: 1000.0
2021-04-21 14:12:33.168506: I tensorflow/compiler/jit/xla_gpu_device.cc:99] Not creating XLA devices, tf_xla_enable_xla_devices not set
2021-04-21 14:12:47.636827: I tensorflow/compiler/jit/xla_gpu_device.cc:99] Not creating XLA devices, tf_xla_enable_xla_devices not set
mse and spike frequency: 0.12401 1000.1
[32m[I 2021-04-21 14:13:01,334][0m Trial 85 finished with values: [0.12401, 1000.1] with parameters: {'Vahp': -30.0, 'Vth': -58.5, 'Vmax': 20.5, 't_ref': 7.5, 'R': 1.0, 'tau_m': 179.5, 'R_adp': 0.8, 'tau_w': 182.0, 'a': 363.5, 'rate_low': 2.0, 'rate_high': 28.5}.[0m
2021-04-21 14:13:01.876283: I tensorflow/compiler/jit/xla_gpu_device.cc:99] Not creating XLA devices, tf_xla_enable_xla_devices not set
maxFreq at 10nA: 72.0
2021-04-21 14:13:28.656076: I tensorflow/compiler/jit/xla_gpu_device.cc:99] Not creating XLA devices, tf_xla_enable_xla_devices not set
2021-04-21 14:13:43.531831: I tensorflow/compiler/jit/xla_gpu_device.cc:99] Not creating XLA devices, tf_xla_enable_xla_devices not set
mse and spike frequency: 0.04422 1.91
[32m[I 2021-04-21 14:13:57,395][0m Trial 86 finished with values: [0.04422, 1.91] with parameters: {'Vahp': -57.5, 'Vth': -42.5, 'Vmax': 25.5, 't_ref': 11.5, 'R': 0.2, 'tau_m': 152.5, 'R_adp': 0.4, 'tau_w': 456.0, 'a': 38.5, 'rate_low': 5.5, 'rate_high': 26.5}.[0m
2021-04-21 14:13:57.947486: I tensorflow/compiler/jit/xla_gpu_device.cc:99] Not creating XLA devices, tf_xla_enable_xla_devices not set
maxFreq at 10nA: 200.0
2021-04-21 14:14:25.042080: I tensorflow/compiler/jit/xla_gpu_device.cc:99] Not creating XLA devices, tf_xla_enable_xla_devices not set
2021-04-21 14:14:40.637301: I tensorflow/compiler/jit/xla_gpu_device.cc:99] Not creating XLA devices, tf_xla_enable_xla_devices not set
mse and spike frequency: 0.13487 0.13
[32m[I 2021-04-21 14:14:54,484][0m Trial 87 finished with values: [0.13487, 0.13] with parameters: {'Vahp': -35.5, 'Vth': -35.0, 'Vmax': 21.5, 't_ref': 4.0, 'R': 0.1, 'tau_m': 179.5, 'R_adp': 0.1, 'tau_w': 28.5, 'a': 363.5, 'rate_low': 2.0, 'rate_high': 28.5}.[0m
2021-04-21 14:14:55.075590: I tensorflow/compiler/jit/xla_gpu_device.cc:99] Not creating XLA devices, tf_xla_enable_xla_devices not set
maxFreq at 10nA: 59.0
2021-04-21 14:15:21.930738: I tensorflow/compiler/jit/xla_gpu_device.cc:99] Not creating XLA devices, tf_xla_enable_xla_devices not set
2021-04-21 14:15:37.347618: I tensorflow/compiler/jit/xla_gpu_device.cc:99] Not creating XLA devices, tf_xla_enable_xla_devices not set
mse and spike frequency: 0.28237 5.63
[32m[I 2021-04-21 14:15:51,454][0m Trial 88 finished with values: [0.28237, 5.63] with parameters: {'Vahp': -33.5, 'Vth': -21.0, 'Vmax': 20.0, 't_ref': 15.5, 'R': 0.8, 'tau_m': 221.0, 'R_adp': 0.7000000000000001, 'tau_w': 493.0, 'a': 296.5, 'rate_low': 22.5, 'rate_high': 48.5}.[0m
2021-04-21 14:15:52.001612: I tensorflow/compiler/jit/xla_gpu_device.cc:99] Not creating XLA devices, tf_xla_enable_xla_devices not set
maxFreq at 10nA: 1000.0
2021-04-21 14:16:19.396748: I tensorflow/compiler/jit/xla_gpu_device.cc:99] Not creating XLA devices, tf_xla_enable_xla_devices not set
2021-04-21 14:16:35.373169: I tensorflow/compiler/jit/xla_gpu_device.cc:99] Not creating XLA devices, tf_xla_enable_xla_devices not set
mse and spike frequency: 0.12656 0.0
[32m[I 2021-04-21 14:16:49,852][0m Trial 89 finished with values: [0.12656, 0.0] with parameters: {'Vahp': -23.5, 'Vth': -26.0, 'Vmax': 34.5, 't_ref': 2.0, 'R': 0.5, 'tau_m': 121.0, 'R_adp': 0.1, 'tau_w': 106.0, 'a': 401.0, 'rate_low': 36.5, 'rate_high': 45.5}.[0m
2021-04-21 14:16:50.423565: I tensorflow/compiler/jit/xla_gpu_device.cc:99] Not creating XLA devices, tf_xla_enable_xla_devices not set
maxFreq at 10nA: 48.0
2021-04-21 14:17:17.684555: I tensorflow/compiler/jit/xla_gpu_device.cc:99] Not creating XLA devices, tf_xla_enable_xla_devices not set
2021-04-21 14:17:33.877644: I tensorflow/compiler/jit/xla_gpu_device.cc:99] Not creating XLA devices, tf_xla_enable_xla_devices not set
mse and spike frequency: 0.01057 18.54
[32m[I 2021-04-21 14:17:48,224][0m Trial 90 finished with values: [0.01057, 18.54] with parameters: {'Vahp': -50.0, 'Vth': -49.5, 'Vmax': 34.5, 't_ref': 19.5, 'R': 1.0, 'tau_m': 477.5, 'R_adp': 0.8, 'tau_w': 168.5, 'a': 20.5, 'rate_low': 14.0, 'rate_high': 44.0}.[0m
2021-04-21 14:17:48.765898: I tensorflow/compiler/jit/xla_gpu_device.cc:99] Not creating XLA devices, tf_xla_enable_xla_devices not set
maxFreq at 10nA: 95.0
2021-04-21 14:18:16.614544: I tensorflow/compiler/jit/xla_gpu_device.cc:99] Not creating XLA devices, tf_xla_enable_xla_devices not set
2021-04-21 14:18:32.972009: I tensorflow/compiler/jit/xla_gpu_device.cc:99] Not creating XLA devices, tf_xla_enable_xla_devices not set
mse and spike frequency: 3.39052 16.92
[32m[I 2021-04-21 14:18:47,281][0m Trial 91 finished with values: [3.39052, 16.92] with parameters: {'Vahp': -45.5, 'Vth': -35.5, 'Vmax': 29.0, 't_ref': 3.0, 'R': 0.6, 'tau_m': 422.5, 'R_adp': 1.0, 'tau_w': 474.0, 'a': 171.0, 'rate_low': 42.5, 'rate_high': 29.5}.[0m
2021-04-21 14:18:47.895937: I tensorflow/compiler/jit/xla_gpu_device.cc:99] Not creating XLA devices, tf_xla_enable_xla_devices not set
maxFreq at 10nA: 1000.0
2021-04-21 14:19:15.390918: I tensorflow/compiler/jit/xla_gpu_device.cc:99] Not creating XLA devices, tf_xla_enable_xla_devices not set
2021-04-21 14:19:31.475567: I tensorflow/compiler/jit/xla_gpu_device.cc:99] Not creating XLA devices, tf_xla_enable_xla_devices not set
mse and spike frequency: 0.12656 0.0
[32m[I 2021-04-21 14:19:46,079][0m Trial 92 finished with values: [0.12656, 0.0] with parameters: {'Vahp': -20.0, 'Vth': -44.5, 'Vmax': 12.0, 't_ref': 15.0, 'R': 0.6, 'tau_m': 88.5, 'R_adp': 0.2, 'tau_w': 229.5, 'a': 459.5, 'rate_low': 34.5, 'rate_high': 42.0}.[0m
2021-04-21 14:19:46.669011: I tensorflow/compiler/jit/xla_gpu_device.cc:99] Not creating XLA devices, tf_xla_enable_xla_devices not set
maxFreq at 10nA: 59.0
2021-04-21 14:20:14.468060: I tensorflow/compiler/jit/xla_gpu_device.cc:99] Not creating XLA devices, tf_xla_enable_xla_devices not set
2021-04-21 14:20:30.689622: I tensorflow/compiler/jit/xla_gpu_device.cc:99] Not creating XLA devices, tf_xla_enable_xla_devices not set
mse and spike frequency: 0.1518 12.43
[32m[I 2021-04-21 14:20:45,365][0m Trial 93 finished with values: [0.1518, 12.43] with parameters: {'Vahp': -50.5, 'Vth': -28.5, 'Vmax': 16.0, 't_ref': 15.5, 'R': 0.8, 'tau_m': 180.0, 'R_adp': 0.1, 'tau_w': 391.0, 'a': 490.0, 'rate_low': 41.5, 'rate_high': 44.5}.[0m
2021-04-21 14:20:45.925446: I tensorflow/compiler/jit/xla_gpu_device.cc:99] Not creating XLA devices, tf_xla_enable_xla_devices not set
maxFreq at 10nA: 1000.0
2021-04-21 14:21:13.837677: I tensorflow/compiler/jit/xla_gpu_device.cc:99] Not creating XLA devices, tf_xla_enable_xla_devices not set
2021-04-21 14:21:30.062658: I tensorflow/compiler/jit/xla_gpu_device.cc:99] Not creating XLA devices, tf_xla_enable_xla_devices not set
mse and spike frequency: 0.12656 0.0
[32m[I 2021-04-21 14:21:44,609][0m Trial 94 finished with values: [0.12656, 0.0] with parameters: {'Vahp': -48.0, 'Vth': -58.0, 'Vmax': 40.0, 't_ref': 7.5, 'R': 0.8, 'tau_m': 180.0, 'R_adp': 0.30000000000000004, 'tau_w': 391.0, 'a': 49.0, 'rate_low': 41.5, 'rate_high': 36.5}.[0m
2021-04-21 14:21:45.167995: I tensorflow/compiler/jit/xla_gpu_device.cc:99] Not creating XLA devices, tf_xla_enable_xla_devices not set
maxFreq at 10nA: 128.0
2021-04-21 14:22:13.582191: I tensorflow/compiler/jit/xla_gpu_device.cc:99] Not creating XLA devices, tf_xla_enable_xla_devices not set
2021-04-21 14:22:29.739472: I tensorflow/compiler/jit/xla_gpu_device.cc:99] Not creating XLA devices, tf_xla_enable_xla_devices not set
mse and spike frequency: 0.03819 5.87
[32m[I 2021-04-21 14:22:44,757][0m Trial 95 finished with values: [0.03819, 5.87] with parameters: {'Vahp': -58.5, 'Vth': -33.5, 'Vmax': 34.5, 't_ref': 3.5, 'R': 0.6, 'tau_m': 477.5, 'R_adp': 0.6, 'tau_w': 213.0, 'a': 192.0, 'rate_low': 35.5, 'rate_high': 45.5}.[0m
2021-04-21 14:22:45.302890: I tensorflow/compiler/jit/xla_gpu_device.cc:99] Not creating XLA devices, tf_xla_enable_xla_devices not set
maxFreq at 10nA: 1000.0
2021-04-21 14:23:13.466423: I tensorflow/compiler/jit/xla_gpu_device.cc:99] Not creating XLA devices, tf_xla_enable_xla_devices not set
2021-04-21 14:23:30.081200: I tensorflow/compiler/jit/xla_gpu_device.cc:99] Not creating XLA devices, tf_xla_enable_xla_devices not set
mse and spike frequency: 0.12656 0.0
[32m[I 2021-04-21 14:23:45,422][0m Trial 96 finished with values: [0.12656, 0.0] with parameters: {'Vahp': -38.0, 'Vth': -56.0, 'Vmax': 22.0, 't_ref': 13.5, 'R': 0.7000000000000001, 'tau_m': 428.5, 'R_adp': 0.2, 'tau_w': 376.5, 'a': 442.0, 'rate_low': 6.5, 'rate_high': 29.0}.[0m
2021-04-21 14:23:45.970573: I tensorflow/compiler/jit/xla_gpu_device.cc:99] Not creating XLA devices, tf_xla_enable_xla_devices not set
maxFreq at 10nA: 998.0
2021-04-21 14:24:14.449416: I tensorflow/compiler/jit/xla_gpu_device.cc:99] Not creating XLA devices, tf_xla_enable_xla_devices not set
2021-04-21 14:24:30.695852: I tensorflow/compiler/jit/xla_gpu_device.cc:99] Not creating XLA devices, tf_xla_enable_xla_devices not set
mse and spike frequency: 0.12656 0.0
[32m[I 2021-04-21 14:24:46,203][0m Trial 97 finished with values: [0.12656, 0.0] with parameters: {'Vahp': -45.5, 'Vth': -49.5, 'Vmax': 20.0, 't_ref': 3.5, 'R': 0.1, 'tau_m': 320.0, 'R_adp': 0.7000000000000001, 'tau_w': 494.0, 'a': 345.0, 'rate_low': 50.0, 'rate_high': 50.0}.[0m
2021-04-21 14:24:46.770272: I tensorflow/compiler/jit/xla_gpu_device.cc:99] Not creating XLA devices, tf_xla_enable_xla_devices not set
maxFreq at 10nA: 59.0
2021-04-21 14:25:14.741293: I tensorflow/compiler/jit/xla_gpu_device.cc:99] Not creating XLA devices, tf_xla_enable_xla_devices not set
2021-04-21 14:25:31.117534: I tensorflow/compiler/jit/xla_gpu_device.cc:99] Not creating XLA devices, tf_xla_enable_xla_devices not set
mse and spike frequency: 0.17396 13.86
[32m[I 2021-04-21 14:25:47,160][0m Trial 98 finished with values: [0.17396, 13.86] with parameters: {'Vahp': -43.5, 'Vth': -43.5, 'Vmax': 18.0, 't_ref': 15.5, 'R': 1.0, 'tau_m': 320.0, 'R_adp': 0.2, 'tau_w': 138.0, 'a': 382.0, 'rate_low': 15.5, 'rate_high': 27.0}.[0m
2021-04-21 14:25:47.703688: I tensorflow/compiler/jit/xla_gpu_device.cc:99] Not creating XLA devices, tf_xla_enable_xla_devices not set
maxFreq at 10nA: 50.0
2021-04-21 14:26:16.367605: I tensorflow/compiler/jit/xla_gpu_device.cc:99] Not creating XLA devices, tf_xla_enable_xla_devices not set
2021-04-21 14:26:33.279230: I tensorflow/compiler/jit/xla_gpu_device.cc:99] Not creating XLA devices, tf_xla_enable_xla_devices not set
mse and spike frequency: 0.0061 22.33
[32m[I 2021-04-21 14:26:49,886][0m Trial 99 finished with values: [0.0061, 22.33] with parameters: {'Vahp': -40.0, 'Vth': -21.5, 'Vmax': 14.5, 't_ref': 19.0, 'R': 0.9, 'tau_m': 58.5, 'R_adp': 0.4, 'tau_w': 136.5, 'a': 20.5, 'rate_low': 41.5, 'rate_high': 45.5}.[0m
2021-04-21 14:26:50.546258: I tensorflow/compiler/jit/xla_gpu_device.cc:99] Not creating XLA devices, tf_xla_enable_xla_devices not set
maxFreq at 10nA: 112.0
2021-04-21 14:27:19.438668: I tensorflow/compiler/jit/xla_gpu_device.cc:99] Not creating XLA devices, tf_xla_enable_xla_devices not set
2021-04-21 14:27:36.524557: I tensorflow/compiler/jit/xla_gpu_device.cc:99] Not creating XLA devices, tf_xla_enable_xla_devices not set
mse and spike frequency: 0.60524 6.92
[32m[I 2021-04-21 14:27:53,312][0m Trial 100 finished with values: [0.60524, 6.92] with parameters: {'Vahp': -45.5, 'Vth': -29.5, 'Vmax': 24.0, 't_ref': 2.5, 'R': 0.4, 'tau_m': 379.5, 'R_adp': 0.30000000000000004, 'tau_w': 222.0, 'a': 466.0, 'rate_low': 40.0, 'rate_high': 42.0}.[0m
2021-04-21 14:27:53.917172: I tensorflow/compiler/jit/xla_gpu_device.cc:99] Not creating XLA devices, tf_xla_enable_xla_devices not set
maxFreq at 10nA: 1000.0
2021-04-21 14:28:22.775935: I tensorflow/compiler/jit/xla_gpu_device.cc:99] Not creating XLA devices, tf_xla_enable_xla_devices not set
2021-04-21 14:28:40.470913: I tensorflow/compiler/jit/xla_gpu_device.cc:99] Not creating XLA devices, tf_xla_enable_xla_devices not set
mse and spike frequency: 0.12656 0.0
[32m[I 2021-04-21 14:28:57,616][0m Trial 101 finished with values: [0.12656, 0.0] with parameters: {'Vahp': -26.0, 'Vth': -40.0, 'Vmax': 27.5, 't_ref': 9.5, 'R': 0.8, 'tau_m': 232.0, 'R_adp': 0.7000000000000001, 'tau_w': 42.0, 'a': 459.5, 'rate_low': 48.5, 'rate_high': 50.0}.[0m
2021-04-21 14:28:58.179990: I tensorflow/compiler/jit/xla_gpu_device.cc:99] Not creating XLA devices, tf_xla_enable_xla_devices not set
maxFreq at 10nA: 1000.0
2021-04-21 14:29:27.674122: I tensorflow/compiler/jit/xla_gpu_device.cc:99] Not creating XLA devices, tf_xla_enable_xla_devices not set
2021-04-21 14:29:45.469297: I tensorflow/compiler/jit/xla_gpu_device.cc:99] Not creating XLA devices, tf_xla_enable_xla_devices not set
mse and spike frequency: 0.12656 0.0
[32m[I 2021-04-21 14:30:02,582][0m Trial 102 finished with values: [0.12656, 0.0] with parameters: {'Vahp': -45.5, 'Vth': -56.0, 'Vmax': 11.5, 't_ref': 3.0, 'R': 0.6, 'tau_m': 84.5, 'R_adp': 0.7000000000000001, 'tau_w': 494.0, 'a': 345.0, 'rate_low': 42.5, 'rate_high': 40.0}.[0m
2021-04-21 14:30:03.155525: I tensorflow/compiler/jit/xla_gpu_device.cc:99] Not creating XLA devices, tf_xla_enable_xla_devices not set
maxFreq at 10nA: 50.0
2021-04-21 14:30:32.862385: I tensorflow/compiler/jit/xla_gpu_device.cc:99] Not creating XLA devices, tf_xla_enable_xla_devices not set
2021-04-21 14:30:50.702415: I tensorflow/compiler/jit/xla_gpu_device.cc:99] Not creating XLA devices, tf_xla_enable_xla_devices not set
mse and spike frequency: 0.15561 18.08
[32m[I 2021-04-21 14:31:07,352][0m Trial 103 finished with values: [0.15561, 18.08] with parameters: {'Vahp': -45.5, 'Vth': -45.0, 'Vmax': 39.5, 't_ref': 19.0, 'R': 0.7000000000000001, 'tau_m': 88.5, 'R_adp': 0.9, 'tau_w': 228.0, 'a': 35.0, 'rate_low': 22.5, 'rate_high': 42.5}.[0m
2021-04-21 14:31:07.929813: I tensorflow/compiler/jit/xla_gpu_device.cc:99] Not creating XLA devices, tf_xla_enable_xla_devices not set
maxFreq at 10nA: 1000.0
2021-04-21 14:31:37.834896: I tensorflow/compiler/jit/xla_gpu_device.cc:99] Not creating XLA devices, tf_xla_enable_xla_devices not set
2021-04-21 14:31:55.763652: I tensorflow/compiler/jit/xla_gpu_device.cc:99] Not creating XLA devices, tf_xla_enable_xla_devices not set
mse and spike frequency: 0.12656 0.0
[32m[I 2021-04-21 14:32:12,552][0m Trial 104 finished with values: [0.12656, 0.0] with parameters: {'Vahp': -24.0, 'Vth': -33.5, 'Vmax': 11.5, 't_ref': 13.5, 'R': 0.5, 'tau_m': 89.0, 'R_adp': 0.7000000000000001, 'tau_w': 213.0, 'a': 192.0, 'rate_low': 28.0, 'rate_high': 50.0}.[0m
2021-04-21 14:32:13.125265: I tensorflow/compiler/jit/xla_gpu_device.cc:99] Not creating XLA devices, tf_xla_enable_xla_devices not set
maxFreq at 10nA: 997.0
2021-04-21 14:32:43.090135: I tensorflow/compiler/jit/xla_gpu_device.cc:99] Not creating XLA devices, tf_xla_enable_xla_devices not set
2021-04-21 14:33:01.196751: I tensorflow/compiler/jit/xla_gpu_device.cc:99] Not creating XLA devices, tf_xla_enable_xla_devices not set
mse and spike frequency: 0.12656 0.0
[32m[I 2021-04-21 14:33:18,203][0m Trial 105 finished with values: [0.12656, 0.0] with parameters: {'Vahp': -35.5, 'Vth': -39.0, 'Vmax': 26.5, 't_ref': 9.5, 'R': 0.1, 'tau_m': 181.5, 'R_adp': 0.1, 'tau_w': 288.5, 'a': 220.0, 'rate_low': 2.0, 'rate_high': 28.5}.[0m
2021-04-21 14:33:18.773031: I tensorflow/compiler/jit/xla_gpu_device.cc:99] Not creating XLA devices, tf_xla_enable_xla_devices not set
maxFreq at 10nA: 1000.0
2021-04-21 14:33:49.123489: I tensorflow/compiler/jit/xla_gpu_device.cc:99] Not creating XLA devices, tf_xla_enable_xla_devices not set
2021-04-21 14:34:07.310132: I tensorflow/compiler/jit/xla_gpu_device.cc:99] Not creating XLA devices, tf_xla_enable_xla_devices not set
mse and spike frequency: 0.12656 0.0
[32m[I 2021-04-21 14:34:24,586][0m Trial 106 finished with values: [0.12656, 0.0] with parameters: {'Vahp': -43.5, 'Vth': -58.0, 'Vmax': 18.0, 't_ref': 3.0, 'R': 0.1, 'tau_m': 320.0, 'R_adp': 0.6, 'tau_w': 146.0, 'a': 218.0, 'rate_low': 6.5, 'rate_high': 8.5}.[0m
2021-04-21 14:34:25.147885: I tensorflow/compiler/jit/xla_gpu_device.cc:99] Not creating XLA devices, tf_xla_enable_xla_devices not set
maxFreq at 10nA: 1000.0
2021-04-21 14:34:54.898002: I tensorflow/compiler/jit/xla_gpu_device.cc:99] Not creating XLA devices, tf_xla_enable_xla_devices not set
2021-04-21 14:35:12.655316: I tensorflow/compiler/jit/xla_gpu_device.cc:99] Not creating XLA devices, tf_xla_enable_xla_devices not set
mse and spike frequency: 0.12656 0.0
[32m[I 2021-04-21 14:35:29,697][0m Trial 107 finished with values: [0.12656, 0.0] with parameters: {'Vahp': -28.0, 'Vth': -35.5, 'Vmax': 26.0, 't_ref': 13.5, 'R': 0.7000000000000001, 'tau_m': 168.0, 'R_adp': 0.2, 'tau_w': 376.5, 'a': 269.0, 'rate_low': 39.0, 'rate_high': 33.0}.[0m
2021-04-21 14:35:30.251857: I tensorflow/compiler/jit/xla_gpu_device.cc:99] Not creating XLA devices, tf_xla_enable_xla_devices not set
maxFreq at 10nA: 112.0
2021-04-21 14:36:00.673462: I tensorflow/compiler/jit/xla_gpu_device.cc:99] Not creating XLA devices, tf_xla_enable_xla_devices not set
2021-04-21 14:36:18.676273: I tensorflow/compiler/jit/xla_gpu_device.cc:99] Not creating XLA devices, tf_xla_enable_xla_devices not set
mse and spike frequency: 2.09809 16.39
[32m[I 2021-04-21 14:36:35,500][0m Trial 108 finished with values: [2.09809, 16.39] with parameters: {'Vahp': -47.0, 'Vth': -29.5, 'Vmax': 33.5, 't_ref': 7.5, 'R': 0.8, 'tau_m': 180.0, 'R_adp': 0.30000000000000004, 'tau_w': 391.0, 'a': 369.0, 'rate_low': 41.5, 'rate_high': 36.5}.[0m
2021-04-21 14:36:36.048111: I tensorflow/compiler/jit/xla_gpu_device.cc:99] Not creating XLA devices, tf_xla_enable_xla_devices not set
maxFreq at 10nA: 12.0
2021-04-21 14:37:06.628310: I tensorflow/compiler/jit/xla_gpu_device.cc:99] Not creating XLA devices, tf_xla_enable_xla_devices not set
2021-04-21 14:37:24.787061: I tensorflow/compiler/jit/xla_gpu_device.cc:99] Not creating XLA devices, tf_xla_enable_xla_devices not set
mse and spike frequency: 0.14024 0.16
[32m[I 2021-04-21 14:37:41,696][0m Trial 109 finished with values: [0.14024, 0.16] with parameters: {'Vahp': -45.5, 'Vth': -33.0, 'Vmax': 20.0, 't_ref': 3.5, 'R': 0.1, 'tau_m': 320.0, 'R_adp': 0.7000000000000001, 'tau_w': 494.0, 'a': 345.0, 'rate_low': 50.0, 'rate_high': 50.0}.[0m
2021-04-21 14:37:42.261469: I tensorflow/compiler/jit/xla_gpu_device.cc:99] Not creating XLA devices, tf_xla_enable_xla_devices not set
maxFreq at 10nA: 1000.0
2021-04-21 14:38:12.419664: I tensorflow/compiler/jit/xla_gpu_device.cc:99] Not creating XLA devices, tf_xla_enable_xla_devices not set
2021-04-21 14:38:30.464495: I tensorflow/compiler/jit/xla_gpu_device.cc:99] Not creating XLA devices, tf_xla_enable_xla_devices not set
mse and spike frequency: 0.12656 0.0
[32m[I 2021-04-21 14:38:47,214][0m Trial 110 finished with values: [0.12656, 0.0] with parameters: {'Vahp': -24.0, 'Vth': -57.0, 'Vmax': 26.0, 't_ref': 13.5, 'R': 0.9, 'tau_m': 197.0, 'R_adp': 0.7000000000000001, 'tau_w': 254.0, 'a': 499.5, 'rate_low': 29.5, 'rate_high': 33.0}.[0m
2021-04-21 14:38:47.796329: I tensorflow/compiler/jit/xla_gpu_device.cc:99] Not creating XLA devices, tf_xla_enable_xla_devices not set
maxFreq at 10nA: 1000.0
2021-04-21 14:39:17.712204: I tensorflow/compiler/jit/xla_gpu_device.cc:99] Not creating XLA devices, tf_xla_enable_xla_devices not set
2021-04-21 14:39:36.345198: I tensorflow/compiler/jit/xla_gpu_device.cc:99] Not creating XLA devices, tf_xla_enable_xla_devices not set
mse and spike frequency: 0.12656 0.0
[32m[I 2021-04-21 14:39:53,178][0m Trial 111 finished with values: [0.12656, 0.0] with parameters: {'Vahp': -24.0, 'Vth': -56.0, 'Vmax': 18.5, 't_ref': 11.0, 'R': 0.30000000000000004, 'tau_m': 297.0, 'R_adp': 0.8, 'tau_w': 213.5, 'a': 171.0, 'rate_low': 31.0, 'rate_high': 45.5}.[0m
2021-04-21 14:39:53.760433: I tensorflow/compiler/jit/xla_gpu_device.cc:99] Not creating XLA devices, tf_xla_enable_xla_devices not set
maxFreq at 10nA: 1000.0
2021-04-21 14:40:23.608446: I tensorflow/compiler/jit/xla_gpu_device.cc:99] Not creating XLA devices, tf_xla_enable_xla_devices not set
2021-04-21 14:40:41.803453: I tensorflow/compiler/jit/xla_gpu_device.cc:99] Not creating XLA devices, tf_xla_enable_xla_devices not set
mse and spike frequency: 0.12656 0.0
[32m[I 2021-04-21 14:40:58,967][0m Trial 112 finished with values: [0.12656, 0.0] with parameters: {'Vahp': -45.5, 'Vth': -49.5, 'Vmax': 14.0, 't_ref': 5.0, 'R': 0.7000000000000001, 'tau_m': 84.5, 'R_adp': 0.7000000000000001, 'tau_w': 494.0, 'a': 345.0, 'rate_low': 22.5, 'rate_high': 40.0}.[0m
2021-04-21 14:40:59.588111: I tensorflow/compiler/jit/xla_gpu_device.cc:99] Not creating XLA devices, tf_xla_enable_xla_devices not set
maxFreq at 10nA: 1000.0
2021-04-21 14:41:29.258524: I tensorflow/compiler/jit/xla_gpu_device.cc:99] Not creating XLA devices, tf_xla_enable_xla_devices not set
2021-04-21 14:41:47.829952: I tensorflow/compiler/jit/xla_gpu_device.cc:99] Not creating XLA devices, tf_xla_enable_xla_devices not set
mse and spike frequency: 0.12656 0.0
