2021-04-21 13:12:04.051460: I tensorflow/stream_executor/platform/default/dso_loader.cc:49] Successfully opened dynamic library libcudart.so.11.0
Build finished in 0:00:01.                                                      
Simulation finished in 0:00:01.                                                 
[32m[I 2021-04-21 13:12:07,266][0m A new study created in memory with name: no-name-971256a7-0072-4197-a556-838dd2da9ae5[0m
2021-04-21 13:12:07.491607: I tensorflow/compiler/jit/xla_cpu_device.cc:41] Not creating XLA devices, tf_xla_enable_xla_devices not set
2021-04-21 13:12:07.492626: I tensorflow/stream_executor/platform/default/dso_loader.cc:49] Successfully opened dynamic library libcuda.so.1
2021-04-21 13:12:08.514910: E tensorflow/stream_executor/cuda/cuda_driver.cc:328] failed call to cuInit: CUDA_ERROR_NO_DEVICE: no CUDA-capable device is detected
2021-04-21 13:12:08.514989: I tensorflow/stream_executor/cuda/cuda_diagnostics.cc:169] retrieving CUDA diagnostic information for host: comparch-t640
2021-04-21 13:12:08.515004: I tensorflow/stream_executor/cuda/cuda_diagnostics.cc:176] hostname: comparch-t640
2021-04-21 13:12:08.515184: I tensorflow/stream_executor/cuda/cuda_diagnostics.cc:200] libcuda reported version is: 450.66.0
2021-04-21 13:12:08.515235: I tensorflow/stream_executor/cuda/cuda_diagnostics.cc:204] kernel reported version is: 450.66.0
2021-04-21 13:12:08.515247: I tensorflow/stream_executor/cuda/cuda_diagnostics.cc:310] kernel version seems to match DSO: 450.66.0
2021-04-21 13:12:08.515648: I tensorflow/core/platform/cpu_feature_guard.cc:142] This TensorFlow binary is optimized with oneAPI Deep Neural Network Library (oneDNN) to use the following CPU instructions in performance-critical operations:  AVX2 AVX512F FMA
To enable them in other operations, rebuild TensorFlow with the appropriate compiler flags.
2021-04-21 13:12:08.517112: I tensorflow/compiler/jit/xla_gpu_device.cc:99] Not creating XLA devices, tf_xla_enable_xla_devices not set
2021-04-21 13:12:08.526709: I tensorflow/compiler/mlir/mlir_graph_optimization_pass.cc:196] None of the MLIR optimization passes are enabled (registered 0 passes)
2021-04-21 13:12:08.547968: I tensorflow/core/platform/profile_utils/cpu_utils.cc:112] CPU Frequency: 2100000000 Hz
maxFreq at 10nA: 1000.0
2021-04-21 13:12:26.819092: I tensorflow/compiler/jit/xla_gpu_device.cc:99] Not creating XLA devices, tf_xla_enable_xla_devices not set
2021-04-21 13:12:33.411363: I tensorflow/compiler/jit/xla_gpu_device.cc:99] Not creating XLA devices, tf_xla_enable_xla_devices not set
mse and spike frequency: 0.12656 0.0
[32m[I 2021-04-21 13:12:38,342][0m Trial 0 finished with values: [0.12656, 0.0] with parameters: {'Vahp': -21.5, 'Vth': -30.5, 'Vmax': 38.0, 't_ref': 6.0, 'R': 0.2, 'tau_m': 27.5, 'R_adp': 0.4, 'tau_w': 333.0, 'a': 46.0, 'rate_low': 49.0, 'rate_high': 49.0}.[0m
2021-04-21 13:12:38.663821: I tensorflow/compiler/jit/xla_gpu_device.cc:99] Not creating XLA devices, tf_xla_enable_xla_devices not set
maxFreq at 10nA: 125.0
2021-04-21 13:12:57.444116: I tensorflow/compiler/jit/xla_gpu_device.cc:99] Not creating XLA devices, tf_xla_enable_xla_devices not set
2021-04-21 13:13:04.062335: I tensorflow/compiler/jit/xla_gpu_device.cc:99] Not creating XLA devices, tf_xla_enable_xla_devices not set
mse and spike frequency: 0.0011 12.59
[32m[I 2021-04-21 13:13:08,881][0m Trial 1 finished with values: [0.0011, 12.59] with parameters: {'Vahp': -44.5, 'Vth': -39.0, 'Vmax': 31.0, 't_ref': 6.5, 'R': 0.8, 'tau_m': 462.0, 'R_adp': 0.7000000000000001, 'tau_w': 41.0, 'a': 365.0, 'rate_low': 19.0, 'rate_high': 46.0}.[0m
2021-04-21 13:13:09.200186: I tensorflow/compiler/jit/xla_gpu_device.cc:99] Not creating XLA devices, tf_xla_enable_xla_devices not set
maxFreq at 10nA: 25.0
2021-04-21 13:13:27.442381: I tensorflow/compiler/jit/xla_gpu_device.cc:99] Not creating XLA devices, tf_xla_enable_xla_devices not set
2021-04-21 13:13:34.270479: I tensorflow/compiler/jit/xla_gpu_device.cc:99] Not creating XLA devices, tf_xla_enable_xla_devices not set
mse and spike frequency: 0.11131 0.57
[32m[I 2021-04-21 13:13:39,396][0m Trial 2 finished with values: [0.11131, 0.57] with parameters: {'Vahp': -39.0, 'Vth': -32.0, 'Vmax': 16.5, 't_ref': 19.0, 'R': 0.1, 'tau_m': 202.0, 'R_adp': 0.4, 'tau_w': 383.0, 'a': 317.0, 'rate_low': 45.0, 'rate_high': 48.5}.[0m
2021-04-21 13:13:39.738944: I tensorflow/compiler/jit/xla_gpu_device.cc:99] Not creating XLA devices, tf_xla_enable_xla_devices not set
maxFreq at 10nA: 999.0
2021-04-21 13:13:58.774394: I tensorflow/compiler/jit/xla_gpu_device.cc:99] Not creating XLA devices, tf_xla_enable_xla_devices not set
2021-04-21 13:14:05.417540: I tensorflow/compiler/jit/xla_gpu_device.cc:99] Not creating XLA devices, tf_xla_enable_xla_devices not set
mse and spike frequency: 0.12656 0.0
[32m[I 2021-04-21 13:14:10,893][0m Trial 3 finished with values: [0.12656, 0.0] with parameters: {'Vahp': -21.0, 'Vth': -23.5, 'Vmax': 30.0, 't_ref': 2.5, 'R': 0.4, 'tau_m': 130.5, 'R_adp': 0.8, 'tau_w': 88.5, 'a': 472.5, 'rate_low': 28.0, 'rate_high': 43.5}.[0m
2021-04-21 13:14:11.213259: I tensorflow/compiler/jit/xla_gpu_device.cc:99] Not creating XLA devices, tf_xla_enable_xla_devices not set
maxFreq at 10nA: 1000.0
2021-04-21 13:14:29.916690: I tensorflow/compiler/jit/xla_gpu_device.cc:99] Not creating XLA devices, tf_xla_enable_xla_devices not set
2021-04-21 13:14:36.526960: I tensorflow/compiler/jit/xla_gpu_device.cc:99] Not creating XLA devices, tf_xla_enable_xla_devices not set
mse and spike frequency: 0.12656 0.0
[32m[I 2021-04-21 13:14:41,912][0m Trial 4 finished with values: [0.12656, 0.0] with parameters: {'Vahp': -39.5, 'Vth': -46.0, 'Vmax': 15.0, 't_ref': 16.5, 'R': 0.8, 'tau_m': 443.5, 'R_adp': 1.0, 'tau_w': 343.5, 'a': 380.0, 'rate_low': 7.5, 'rate_high': 26.5}.[0m
2021-04-21 13:14:42.223847: I tensorflow/compiler/jit/xla_gpu_device.cc:99] Not creating XLA devices, tf_xla_enable_xla_devices not set
maxFreq at 10nA: 997.0
2021-04-21 13:15:01.065261: I tensorflow/compiler/jit/xla_gpu_device.cc:99] Not creating XLA devices, tf_xla_enable_xla_devices not set
2021-04-21 13:15:07.953983: I tensorflow/compiler/jit/xla_gpu_device.cc:99] Not creating XLA devices, tf_xla_enable_xla_devices not set
mse and spike frequency: 0.12656 0.0
[32m[I 2021-04-21 13:15:13,640][0m Trial 5 finished with values: [0.12656, 0.0] with parameters: {'Vahp': -27.5, 'Vth': -30.5, 'Vmax': 36.0, 't_ref': 4.0, 'R': 0.2, 'tau_m': 219.5, 'R_adp': 1.0, 'tau_w': 487.5, 'a': 290.0, 'rate_low': 40.5, 'rate_high': 46.5}.[0m
2021-04-21 13:15:13.976338: I tensorflow/compiler/jit/xla_gpu_device.cc:99] Not creating XLA devices, tf_xla_enable_xla_devices not set
maxFreq at 10nA: 1000.0
2021-04-21 13:15:33.414752: I tensorflow/compiler/jit/xla_gpu_device.cc:99] Not creating XLA devices, tf_xla_enable_xla_devices not set
2021-04-21 13:15:40.216140: I tensorflow/compiler/jit/xla_gpu_device.cc:99] Not creating XLA devices, tf_xla_enable_xla_devices not set
mse and spike frequency: 0.12656 0.0
[32m[I 2021-04-21 13:15:45,815][0m Trial 6 finished with values: [0.12656, 0.0] with parameters: {'Vahp': -22.5, 'Vth': -50.0, 'Vmax': 35.5, 't_ref': 6.0, 'R': 0.1, 'tau_m': 98.5, 'R_adp': 0.1, 'tau_w': 213.5, 'a': 402.5, 'rate_low': 2.0, 'rate_high': 35.0}.[0m
2021-04-21 13:15:46.127202: I tensorflow/compiler/jit/xla_gpu_device.cc:99] Not creating XLA devices, tf_xla_enable_xla_devices not set
maxFreq at 10nA: 1000.0
2021-04-21 13:16:04.752446: I tensorflow/compiler/jit/xla_gpu_device.cc:99] Not creating XLA devices, tf_xla_enable_xla_devices not set
2021-04-21 13:16:11.432230: I tensorflow/compiler/jit/xla_gpu_device.cc:99] Not creating XLA devices, tf_xla_enable_xla_devices not set
mse and spike frequency: 0.12656 0.0
[32m[I 2021-04-21 13:16:17,317][0m Trial 7 finished with values: [0.12656, 0.0] with parameters: {'Vahp': -34.5, 'Vth': -38.0, 'Vmax': 36.5, 't_ref': 1.5, 'R': 1.0, 'tau_m': 355.5, 'R_adp': 1.0, 'tau_w': 397.0, 'a': 280.0, 'rate_low': 32.5, 'rate_high': 38.5}.[0m
2021-04-21 13:16:17.671276: I tensorflow/compiler/jit/xla_gpu_device.cc:99] Not creating XLA devices, tf_xla_enable_xla_devices not set
maxFreq at 10nA: 110.0
2021-04-21 13:16:36.887452: I tensorflow/compiler/jit/xla_gpu_device.cc:99] Not creating XLA devices, tf_xla_enable_xla_devices not set
2021-04-21 13:16:43.721978: I tensorflow/compiler/jit/xla_gpu_device.cc:99] Not creating XLA devices, tf_xla_enable_xla_devices not set
mse and spike frequency: 2.05706 14.23
[32m[I 2021-04-21 13:16:49,583][0m Trial 8 finished with values: [2.05706, 14.23] with parameters: {'Vahp': -60.0, 'Vth': -48.5, 'Vmax': 20.5, 't_ref': 6.5, 'R': 1.0, 'tau_m': 433.0, 'R_adp': 0.9, 'tau_w': 253.0, 'a': 341.5, 'rate_low': 35.0, 'rate_high': 48.0}.[0m
2021-04-21 13:16:49.923323: I tensorflow/compiler/jit/xla_gpu_device.cc:99] Not creating XLA devices, tf_xla_enable_xla_devices not set
maxFreq at 10nA: 333.0
2021-04-21 13:17:09.525961: I tensorflow/compiler/jit/xla_gpu_device.cc:99] Not creating XLA devices, tf_xla_enable_xla_devices not set
2021-04-21 13:17:16.113160: I tensorflow/compiler/jit/xla_gpu_device.cc:99] Not creating XLA devices, tf_xla_enable_xla_devices not set
mse and spike frequency: 0.00311 25.55
[32m[I 2021-04-21 13:17:21,760][0m Trial 9 finished with values: [0.00311, 25.55] with parameters: {'Vahp': -33.5, 'Vth': -24.5, 'Vmax': 18.5, 't_ref': 2.0, 'R': 0.5, 'tau_m': 206.0, 'R_adp': 0.1, 'tau_w': 122.0, 'a': 471.5, 'rate_low': 50.0, 'rate_high': 50.0}.[0m
2021-04-21 13:17:22.101179: I tensorflow/compiler/jit/xla_gpu_device.cc:99] Not creating XLA devices, tf_xla_enable_xla_devices not set
maxFreq at 10nA: 1000.0
2021-04-21 13:17:41.770090: I tensorflow/compiler/jit/xla_gpu_device.cc:99] Not creating XLA devices, tf_xla_enable_xla_devices not set
2021-04-21 13:17:48.942411: I tensorflow/compiler/jit/xla_gpu_device.cc:99] Not creating XLA devices, tf_xla_enable_xla_devices not set
mse and spike frequency: 0.12656 0.0
[32m[I 2021-04-21 13:17:54,978][0m Trial 10 finished with values: [0.12656, 0.0] with parameters: {'Vahp': -23.0, 'Vth': -34.5, 'Vmax': 35.5, 't_ref': 3.0, 'R': 0.2, 'tau_m': 7.5, 'R_adp': 0.6, 'tau_w': 107.0, 'a': 219.5, 'rate_low': 5.5, 'rate_high': 13.5}.[0m
2021-04-21 13:17:55.326167: I tensorflow/compiler/jit/xla_gpu_device.cc:99] Not creating XLA devices, tf_xla_enable_xla_devices not set
maxFreq at 10nA: 1000.0
2021-04-21 13:18:15.369082: I tensorflow/compiler/jit/xla_gpu_device.cc:99] Not creating XLA devices, tf_xla_enable_xla_devices not set
2021-04-21 13:18:21.738801: I tensorflow/compiler/jit/xla_gpu_device.cc:99] Not creating XLA devices, tf_xla_enable_xla_devices not set
mse and spike frequency: 0.12401 1000.1
[32m[I 2021-04-21 13:18:27,726][0m Trial 11 finished with values: [0.12401, 1000.1] with parameters: {'Vahp': -33.5, 'Vth': -60.0, 'Vmax': 29.0, 't_ref': 3.5, 'R': 0.7000000000000001, 'tau_m': 479.5, 'R_adp': 0.7000000000000001, 'tau_w': 67.0, 'a': 219.5, 'rate_low': 38.0, 'rate_high': 48.5}.[0m
2021-04-21 13:18:28.107994: I tensorflow/compiler/jit/xla_gpu_device.cc:99] Not creating XLA devices, tf_xla_enable_xla_devices not set
maxFreq at 10nA: 53.0
2021-04-21 13:18:48.538618: I tensorflow/compiler/jit/xla_gpu_device.cc:99] Not creating XLA devices, tf_xla_enable_xla_devices not set
2021-04-21 13:18:55.877262: I tensorflow/compiler/jit/xla_gpu_device.cc:99] Not creating XLA devices, tf_xla_enable_xla_devices not set
mse and spike frequency: 0.02023 2.5
[32m[I 2021-04-21 13:19:02,076][0m Trial 12 finished with values: [0.02023, 2.5] with parameters: {'Vahp': -57.0, 'Vth': -39.5, 'Vmax': 36.0, 't_ref': 13.5, 'R': 0.2, 'tau_m': 498.5, 'R_adp': 0.1, 'tau_w': 189.5, 'a': 62.5, 'rate_low': 15.5, 'rate_high': 23.0}.[0m
2021-04-21 13:19:02.446983: I tensorflow/compiler/jit/xla_gpu_device.cc:99] Not creating XLA devices, tf_xla_enable_xla_devices not set
maxFreq at 10nA: 68.0
2021-04-21 13:19:23.014510: I tensorflow/compiler/jit/xla_gpu_device.cc:99] Not creating XLA devices, tf_xla_enable_xla_devices not set
2021-04-21 13:19:30.250379: I tensorflow/compiler/jit/xla_gpu_device.cc:99] Not creating XLA devices, tf_xla_enable_xla_devices not set
mse and spike frequency: 3.24432 9.41
[32m[I 2021-04-21 13:19:36,678][0m Trial 13 finished with values: [3.24432, 9.41] with parameters: {'Vahp': -40.0, 'Vth': -29.0, 'Vmax': 25.5, 't_ref': 8.0, 'R': 0.6, 'tau_m': 303.0, 'R_adp': 0.7000000000000001, 'tau_w': 361.0, 'a': 407.0, 'rate_low': 23.5, 'rate_high': 29.5}.[0m
2021-04-21 13:19:37.060896: I tensorflow/compiler/jit/xla_gpu_device.cc:99] Not creating XLA devices, tf_xla_enable_xla_devices not set
maxFreq at 10nA: 1000.0
2021-04-21 13:19:57.662519: I tensorflow/compiler/jit/xla_gpu_device.cc:99] Not creating XLA devices, tf_xla_enable_xla_devices not set
2021-04-21 13:20:04.772593: I tensorflow/compiler/jit/xla_gpu_device.cc:99] Not creating XLA devices, tf_xla_enable_xla_devices not set
mse and spike frequency: 0.12656 0.0
[32m[I 2021-04-21 13:20:11,149][0m Trial 14 finished with values: [0.12656, 0.0] with parameters: {'Vahp': -36.5, 'Vth': -45.5, 'Vmax': 24.5, 't_ref': 11.0, 'R': 0.7000000000000001, 'tau_m': 317.5, 'R_adp': 0.8, 'tau_w': 198.0, 'a': 473.0, 'rate_low': 1.5, 'rate_high': 45.0}.[0m
2021-04-21 13:20:11.519537: I tensorflow/compiler/jit/xla_gpu_device.cc:99] Not creating XLA devices, tf_xla_enable_xla_devices not set
maxFreq at 10nA: 48.0
2021-04-21 13:20:31.951672: I tensorflow/compiler/jit/xla_gpu_device.cc:99] Not creating XLA devices, tf_xla_enable_xla_devices not set
2021-04-21 13:20:39.357981: I tensorflow/compiler/jit/xla_gpu_device.cc:99] Not creating XLA devices, tf_xla_enable_xla_devices not set
mse and spike frequency: 0.01885 10.34
[32m[I 2021-04-21 13:20:45,769][0m Trial 15 finished with values: [0.01885, 10.34] with parameters: {'Vahp': -49.5, 'Vth': -21.0, 'Vmax': 36.0, 't_ref': 19.5, 'R': 1.0, 'tau_m': 265.5, 'R_adp': 0.1, 'tau_w': 450.0, 'a': 445.5, 'rate_low': 36.0, 'rate_high': 48.5}.[0m
2021-04-21 13:20:46.138313: I tensorflow/compiler/jit/xla_gpu_device.cc:99] Not creating XLA devices, tf_xla_enable_xla_devices not set
maxFreq at 10nA: 1000.0
2021-04-21 13:21:07.325280: I tensorflow/compiler/jit/xla_gpu_device.cc:99] Not creating XLA devices, tf_xla_enable_xla_devices not set
2021-04-21 13:21:14.891091: I tensorflow/compiler/jit/xla_gpu_device.cc:99] Not creating XLA devices, tf_xla_enable_xla_devices not set
mse and spike frequency: 0.12656 0.0
[32m[I 2021-04-21 13:21:21,380][0m Trial 16 finished with values: [0.12656, 0.0] with parameters: {'Vahp': -30.5, 'Vth': -56.0, 'Vmax': 11.5, 't_ref': 20.0, 'R': 0.2, 'tau_m': 407.0, 'R_adp': 0.6, 'tau_w': 358.5, 'a': 57.5, 'rate_low': 46.5, 'rate_high': 50.0}.[0m
2021-04-21 13:21:21.722951: I tensorflow/compiler/jit/xla_gpu_device.cc:99] Not creating XLA devices, tf_xla_enable_xla_devices not set
maxFreq at 10nA: 10.0
2021-04-21 13:21:42.255199: I tensorflow/compiler/jit/xla_gpu_device.cc:99] Not creating XLA devices, tf_xla_enable_xla_devices not set
2021-04-21 13:21:49.808165: I tensorflow/compiler/jit/xla_gpu_device.cc:99] Not creating XLA devices, tf_xla_enable_xla_devices not set
mse and spike frequency: 0.12855 0.02
[32m[I 2021-04-21 13:21:56,627][0m Trial 17 finished with values: [0.12855, 0.02] with parameters: {'Vahp': -56.5, 'Vth': -26.0, 'Vmax': 37.0, 't_ref': 4.0, 'R': 0.1, 'tau_m': 435.5, 'R_adp': 1.0, 'tau_w': 274.0, 'a': 403.5, 'rate_low': 38.5, 'rate_high': 50.0}.[0m
2021-04-21 13:21:56.989217: I tensorflow/compiler/jit/xla_gpu_device.cc:99] Not creating XLA devices, tf_xla_enable_xla_devices not set
maxFreq at 10nA: 1000.0
2021-04-21 13:22:17.417976: I tensorflow/compiler/jit/xla_gpu_device.cc:99] Not creating XLA devices, tf_xla_enable_xla_devices not set
2021-04-21 13:22:24.949361: I tensorflow/compiler/jit/xla_gpu_device.cc:99] Not creating XLA devices, tf_xla_enable_xla_devices not set
mse and spike frequency: 0.12656 0.0
[32m[I 2021-04-21 13:22:31,744][0m Trial 18 finished with values: [0.12656, 0.0] with parameters: {'Vahp': -21.5, 'Vth': -51.0, 'Vmax': 25.0, 't_ref': 8.0, 'R': 0.4, 'tau_m': 65.5, 'R_adp': 1.0, 'tau_w': 405.0, 'a': 363.0, 'rate_low': 16.0, 'rate_high': 41.5}.[0m
2021-04-21 13:22:32.107640: I tensorflow/compiler/jit/xla_gpu_device.cc:99] Not creating XLA devices, tf_xla_enable_xla_devices not set
maxFreq at 10nA: 102.0
2021-04-21 13:22:52.749120: I tensorflow/compiler/jit/xla_gpu_device.cc:99] Not creating XLA devices, tf_xla_enable_xla_devices not set
2021-04-21 13:23:00.475150: I tensorflow/compiler/jit/xla_gpu_device.cc:99] Not creating XLA devices, tf_xla_enable_xla_devices not set
mse and spike frequency: 4.91865 14.98
[32m[I 2021-04-21 13:23:07,347][0m Trial 19 finished with values: [4.91865, 14.98] with parameters: {'Vahp': -49.0, 'Vth': -42.0, 'Vmax': 36.5, 't_ref': 3.5, 'R': 0.30000000000000004, 'tau_m': 260.5, 'R_adp': 0.9, 'tau_w': 437.0, 'a': 91.5, 'rate_low': 22.5, 'rate_high': 40.5}.[0m
2021-04-21 13:23:07.733646: I tensorflow/compiler/jit/xla_gpu_device.cc:99] Not creating XLA devices, tf_xla_enable_xla_devices not set
maxFreq at 10nA: 999.0
2021-04-21 13:23:29.100787: I tensorflow/compiler/jit/xla_gpu_device.cc:99] Not creating XLA devices, tf_xla_enable_xla_devices not set
2021-04-21 13:23:36.848239: I tensorflow/compiler/jit/xla_gpu_device.cc:99] Not creating XLA devices, tf_xla_enable_xla_devices not set
mse and spike frequency: 0.12656 0.0
[32m[I 2021-04-21 13:23:43,880][0m Trial 20 finished with values: [0.12656, 0.0] with parameters: {'Vahp': -30.0, 'Vth': -42.0, 'Vmax': 34.5, 't_ref': 13.5, 'R': 0.2, 'tau_m': 227.5, 'R_adp': 0.2, 'tau_w': 384.5, 'a': 214.5, 'rate_low': 12.5, 'rate_high': 13.0}.[0m
2021-04-21 13:23:44.249976: I tensorflow/compiler/jit/xla_gpu_device.cc:99] Not creating XLA devices, tf_xla_enable_xla_devices not set
maxFreq at 10nA: 67.0
2021-04-21 13:24:05.624981: I tensorflow/compiler/jit/xla_gpu_device.cc:99] Not creating XLA devices, tf_xla_enable_xla_devices not set
2021-04-21 13:24:13.463482: I tensorflow/compiler/jit/xla_gpu_device.cc:99] Not creating XLA devices, tf_xla_enable_xla_devices not set
mse and spike frequency: 0.43378 9.71
[32m[I 2021-04-21 13:24:20,478][0m Trial 21 finished with values: [0.43378, 9.71] with parameters: {'Vahp': -51.0, 'Vth': -29.0, 'Vmax': 37.5, 't_ref': 14.0, 'R': 0.7000000000000001, 'tau_m': 111.5, 'R_adp': 0.4, 'tau_w': 216.0, 'a': 434.5, 'rate_low': 39.5, 'rate_high': 40.5}.[0m
2021-04-21 13:24:20.924227: I tensorflow/compiler/jit/xla_gpu_device.cc:99] Not creating XLA devices, tf_xla_enable_xla_devices not set
maxFreq at 10nA: 1000.0
2021-04-21 13:24:42.446755: I tensorflow/compiler/jit/xla_gpu_device.cc:99] Not creating XLA devices, tf_xla_enable_xla_devices not set
2021-04-21 13:24:50.282598: I tensorflow/compiler/jit/xla_gpu_device.cc:99] Not creating XLA devices, tf_xla_enable_xla_devices not set
mse and spike frequency: 0.12656 0.0
[32m[I 2021-04-21 13:24:57,204][0m Trial 22 finished with values: [0.12656, 0.0] with parameters: {'Vahp': -40.5, 'Vth': -56.0, 'Vmax': 27.5, 't_ref': 15.5, 'R': 0.6, 'tau_m': 40.0, 'R_adp': 0.9, 'tau_w': 315.5, 'a': 492.0, 'rate_low': 6.0, 'rate_high': 11.5}.[0m
2021-04-21 13:24:57.657830: I tensorflow/compiler/jit/xla_gpu_device.cc:99] Not creating XLA devices, tf_xla_enable_xla_devices not set
maxFreq at 10nA: 167.0
2021-04-21 13:25:18.448631: I tensorflow/compiler/jit/xla_gpu_device.cc:99] Not creating XLA devices, tf_xla_enable_xla_devices not set
2021-04-21 13:25:26.191476: I tensorflow/compiler/jit/xla_gpu_device.cc:99] Not creating XLA devices, tf_xla_enable_xla_devices not set
mse and spike frequency: 0.02642 4.1
[32m[I 2021-04-21 13:25:33,333][0m Trial 23 finished with values: [0.02642, 4.1] with parameters: {'Vahp': -57.0, 'Vth': -54.5, 'Vmax': 35.0, 't_ref': 5.0, 'R': 0.5, 'tau_m': 481.5, 'R_adp': 0.6, 'tau_w': 68.0, 'a': 407.0, 'rate_low': 11.5, 'rate_high': 18.5}.[0m
2021-04-21 13:25:33.798817: I tensorflow/compiler/jit/xla_gpu_device.cc:99] Not creating XLA devices, tf_xla_enable_xla_devices not set
maxFreq at 10nA: 56.0
2021-04-21 13:25:55.068175: I tensorflow/compiler/jit/xla_gpu_device.cc:99] Not creating XLA devices, tf_xla_enable_xla_devices not set
2021-04-21 13:26:02.864866: I tensorflow/compiler/jit/xla_gpu_device.cc:99] Not creating XLA devices, tf_xla_enable_xla_devices not set
mse and spike frequency: 0.13704 11.13
[32m[I 2021-04-21 13:26:09,828][0m Trial 24 finished with values: [0.13704, 11.13] with parameters: {'Vahp': -33.5, 'Vth': -22.0, 'Vmax': 29.0, 't_ref': 16.5, 'R': 0.7000000000000001, 'tau_m': 160.0, 'R_adp': 0.1, 'tau_w': 412.5, 'a': 320.5, 'rate_low': 28.0, 'rate_high': 35.5}.[0m
2021-04-21 13:26:10.284274: I tensorflow/compiler/jit/xla_gpu_device.cc:99] Not creating XLA devices, tf_xla_enable_xla_devices not set
maxFreq at 10nA: 71.0
2021-04-21 13:26:30.870554: I tensorflow/compiler/jit/xla_gpu_device.cc:99] Not creating XLA devices, tf_xla_enable_xla_devices not set
2021-04-21 13:26:39.029618: I tensorflow/compiler/jit/xla_gpu_device.cc:99] Not creating XLA devices, tf_xla_enable_xla_devices not set
mse and spike frequency: 0.12656 0.0
[32m[I 2021-04-21 13:26:46,236][0m Trial 25 finished with values: [0.12656, 0.0] with parameters: {'Vahp': -23.5, 'Vth': -22.5, 'Vmax': 38.5, 't_ref': 13.0, 'R': 0.1, 'tau_m': 468.0, 'R_adp': 0.2, 'tau_w': 470.5, 'a': 65.5, 'rate_low': 9.0, 'rate_high': 14.5}.[0m
2021-04-21 13:26:46.809644: I tensorflow/compiler/jit/xla_gpu_device.cc:99] Not creating XLA devices, tf_xla_enable_xla_devices not set
maxFreq at 10nA: 58.0
2021-04-21 13:27:07.107575: I tensorflow/compiler/jit/xla_gpu_device.cc:99] Not creating XLA devices, tf_xla_enable_xla_devices not set
2021-04-21 13:27:15.875841: I tensorflow/compiler/jit/xla_gpu_device.cc:99] Not creating XLA devices, tf_xla_enable_xla_devices not set
mse and spike frequency: 1.02536 4.26
