[32m[I 2021-04-21 15:17:26,167][0m Trial 142 finished with values: [0.12656, 0.0] with parameters: {'Vahp': -28.0, 'Vth': -58.0, 'Vmax': 12.0, 't_ref': 7.5, 'R': 0.30000000000000004, 'tau_m': 177.5, 'R_adp': 0.1, 'tau_w': 474.0, 'a': 459.5, 'rate_low': 25.0, 'rate_high': 29.5}.[0m
2021-04-21 15:17:26.823274: I tensorflow/compiler/jit/xla_gpu_device.cc:99] Not creating XLA devices, tf_xla_enable_xla_devices not set
maxFreq at 10nA: 999.0
2021-04-21 15:18:00.939868: I tensorflow/compiler/jit/xla_gpu_device.cc:99] Not creating XLA devices, tf_xla_enable_xla_devices not set
2021-04-21 15:18:23.608939: I tensorflow/compiler/jit/xla_gpu_device.cc:99] Not creating XLA devices, tf_xla_enable_xla_devices not set
mse and spike frequency: 0.12656 0.0
[32m[I 2021-04-21 15:18:44,564][0m Trial 143 finished with values: [0.12656, 0.0] with parameters: {'Vahp': -28.0, 'Vth': -33.0, 'Vmax': 37.5, 't_ref': 4.5, 'R': 0.30000000000000004, 'tau_m': 183.5, 'R_adp': 0.30000000000000004, 'tau_w': 414.0, 'a': 269.0, 'rate_low': 48.0, 'rate_high': 49.0}.[0m
2021-04-21 15:18:45.208341: I tensorflow/compiler/jit/xla_gpu_device.cc:99] Not creating XLA devices, tf_xla_enable_xla_devices not set
maxFreq at 10nA: 33.0
2021-04-21 15:19:19.109725: I tensorflow/compiler/jit/xla_gpu_device.cc:99] Not creating XLA devices, tf_xla_enable_xla_devices not set
2021-04-21 15:19:41.843900: I tensorflow/compiler/jit/xla_gpu_device.cc:99] Not creating XLA devices, tf_xla_enable_xla_devices not set
mse and spike frequency: 0.13003 1.03
[32m[I 2021-04-21 15:20:02,714][0m Trial 144 finished with values: [0.13003, 1.03] with parameters: {'Vahp': -28.0, 'Vth': -25.0, 'Vmax': 31.0, 't_ref': 14.5, 'R': 0.1, 'tau_m': 126.0, 'R_adp': 0.5, 'tau_w': 222.0, 'a': 307.5, 'rate_low': 49.0, 'rate_high': 42.0}.[0m
2021-04-21 15:20:03.370222: I tensorflow/compiler/jit/xla_gpu_device.cc:99] Not creating XLA devices, tf_xla_enable_xla_devices not set
maxFreq at 10nA: 224.0
2021-04-21 15:20:37.885404: I tensorflow/compiler/jit/xla_gpu_device.cc:99] Not creating XLA devices, tf_xla_enable_xla_devices not set
2021-04-21 15:21:01.387020: I tensorflow/compiler/jit/xla_gpu_device.cc:99] Not creating XLA devices, tf_xla_enable_xla_devices not set
mse and spike frequency: 0.001 18.32
[32m[I 2021-04-21 15:21:22,361][0m Trial 145 finished with values: [0.001, 18.32] with parameters: {'Vahp': -45.5, 'Vth': -35.5, 'Vmax': 11.5, 't_ref': 3.0, 'R': 0.6, 'tau_m': 422.5, 'R_adp': 1.0, 'tau_w': 28.5, 'a': 276.0, 'rate_low': 42.5, 'rate_high': 45.0}.[0m
2021-04-21 15:21:23.021106: I tensorflow/compiler/jit/xla_gpu_device.cc:99] Not creating XLA devices, tf_xla_enable_xla_devices not set
maxFreq at 10nA: 63.0
2021-04-21 15:21:57.388561: I tensorflow/compiler/jit/xla_gpu_device.cc:99] Not creating XLA devices, tf_xla_enable_xla_devices not set
2021-04-21 15:22:20.313599: I tensorflow/compiler/jit/xla_gpu_device.cc:99] Not creating XLA devices, tf_xla_enable_xla_devices not set
mse and spike frequency: 0.00629 16.66
[32m[I 2021-04-21 15:22:40,979][0m Trial 146 finished with values: [0.00629, 16.66] with parameters: {'Vahp': -55.5, 'Vth': -29.5, 'Vmax': 37.5, 't_ref': 14.5, 'R': 0.7000000000000001, 'tau_m': 129.0, 'R_adp': 0.5, 'tau_w': 222.0, 'a': 56.0, 'rate_low': 40.0, 'rate_high': 42.0}.[0m
2021-04-21 15:22:41.649341: I tensorflow/compiler/jit/xla_gpu_device.cc:99] Not creating XLA devices, tf_xla_enable_xla_devices not set
maxFreq at 10nA: 992.0
2021-04-21 15:23:15.577156: I tensorflow/compiler/jit/xla_gpu_device.cc:99] Not creating XLA devices, tf_xla_enable_xla_devices not set
2021-04-21 15:23:39.072220: I tensorflow/compiler/jit/xla_gpu_device.cc:99] Not creating XLA devices, tf_xla_enable_xla_devices not set
mse and spike frequency: 0.12656 0.0
[32m[I 2021-04-21 15:24:00,181][0m Trial 147 finished with values: [0.12656, 0.0] with parameters: {'Vahp': -28.0, 'Vth': -35.5, 'Vmax': 20.0, 't_ref': 11.0, 'R': 0.1, 'tau_m': 382.0, 'R_adp': 1.0, 'tau_w': 125.0, 'a': 269.0, 'rate_low': 49.0, 'rate_high': 37.5}.[0m
2021-04-21 15:24:00.850299: I tensorflow/compiler/jit/xla_gpu_device.cc:99] Not creating XLA devices, tf_xla_enable_xla_devices not set
maxFreq at 10nA: 1000.0
2021-04-21 15:24:35.457583: I tensorflow/compiler/jit/xla_gpu_device.cc:99] Not creating XLA devices, tf_xla_enable_xla_devices not set
2021-04-21 15:24:58.477639: I tensorflow/compiler/jit/xla_gpu_device.cc:99] Not creating XLA devices, tf_xla_enable_xla_devices not set
mse and spike frequency: 0.12656 0.0
[32m[I 2021-04-21 15:25:20,346][0m Trial 148 finished with values: [0.12656, 0.0] with parameters: {'Vahp': -36.0, 'Vth': -58.0, 'Vmax': 38.5, 't_ref': 1.5, 'R': 0.4, 'tau_m': 129.0, 'R_adp': 0.5, 'tau_w': 120.0, 'a': 218.0, 'rate_low': 29.5, 'rate_high': 31.5}.[0m
2021-04-21 15:25:20.998624: I tensorflow/compiler/jit/xla_gpu_device.cc:99] Not creating XLA devices, tf_xla_enable_xla_devices not set
maxFreq at 10nA: 1000.0
2021-04-21 15:25:55.134837: I tensorflow/compiler/jit/xla_gpu_device.cc:99] Not creating XLA devices, tf_xla_enable_xla_devices not set
2021-04-21 15:26:18.207594: I tensorflow/compiler/jit/xla_gpu_device.cc:99] Not creating XLA devices, tf_xla_enable_xla_devices not set
mse and spike frequency: 0.12656 0.0
[32m[I 2021-04-21 15:26:40,410][0m Trial 149 finished with values: [0.12656, 0.0] with parameters: {'Vahp': -40.5, 'Vth': -45.0, 'Vmax': 36.0, 't_ref': 15.0, 'R': 1.0, 'tau_m': 146.0, 'R_adp': 0.2, 'tau_w': 229.5, 'a': 459.5, 'rate_low': 28.0, 'rate_high': 42.5}.[0m
2021-04-21 15:26:41.096536: I tensorflow/compiler/jit/xla_gpu_device.cc:99] Not creating XLA devices, tf_xla_enable_xla_devices not set
maxFreq at 10nA: 1000.0
2021-04-21 15:27:15.823170: I tensorflow/compiler/jit/xla_gpu_device.cc:99] Not creating XLA devices, tf_xla_enable_xla_devices not set
2021-04-21 15:27:39.494945: I tensorflow/compiler/jit/xla_gpu_device.cc:99] Not creating XLA devices, tf_xla_enable_xla_devices not set
mse and spike frequency: 0.12656 0.0
[32m[I 2021-04-21 15:28:02,239][0m Trial 150 finished with values: [0.12656, 0.0] with parameters: {'Vahp': -24.0, 'Vth': -47.5, 'Vmax': 11.5, 't_ref': 13.5, 'R': 0.9, 'tau_m': 22.0, 'R_adp': 0.7000000000000001, 'tau_w': 254.0, 'a': 18.5, 'rate_low': 28.0, 'rate_high': 39.0}.[0m
2021-04-21 15:28:02.894094: I tensorflow/compiler/jit/xla_gpu_device.cc:99] Not creating XLA devices, tf_xla_enable_xla_devices not set
maxFreq at 10nA: 148.0
2021-04-21 15:28:37.530836: I tensorflow/compiler/jit/xla_gpu_device.cc:99] Not creating XLA devices, tf_xla_enable_xla_devices not set
2021-04-21 15:29:01.516712: I tensorflow/compiler/jit/xla_gpu_device.cc:99] Not creating XLA devices, tf_xla_enable_xla_devices not set
mse and spike frequency: 0.00645 6.32
[32m[I 2021-04-21 15:29:24,269][0m Trial 151 finished with values: [0.00645, 6.32] with parameters: {'Vahp': -55.0, 'Vth': -29.5, 'Vmax': 20.5, 't_ref': 2.5, 'R': 0.4, 'tau_m': 379.5, 'R_adp': 0.30000000000000004, 'tau_w': 229.5, 'a': 105.0, 'rate_low': 28.0, 'rate_high': 38.5}.[0m
2021-04-21 15:29:24.974454: I tensorflow/compiler/jit/xla_gpu_device.cc:99] Not creating XLA devices, tf_xla_enable_xla_devices not set
maxFreq at 10nA: 1000.0
2021-04-21 15:29:59.047669: I tensorflow/compiler/jit/xla_gpu_device.cc:99] Not creating XLA devices, tf_xla_enable_xla_devices not set
2021-04-21 15:30:22.663249: I tensorflow/compiler/jit/xla_gpu_device.cc:99] Not creating XLA devices, tf_xla_enable_xla_devices not set
mse and spike frequency: 0.12656 0.0
[32m[I 2021-04-21 15:30:45,563][0m Trial 152 finished with values: [0.12656, 0.0] with parameters: {'Vahp': -28.0, 'Vth': -58.0, 'Vmax': 22.0, 't_ref': 7.5, 'R': 0.9, 'tau_m': 16.0, 'R_adp': 0.1, 'tau_w': 494.0, 'a': 459.5, 'rate_low': 25.0, 'rate_high': 40.0}.[0m
2021-04-21 15:30:46.259924: I tensorflow/compiler/jit/xla_gpu_device.cc:99] Not creating XLA devices, tf_xla_enable_xla_devices not set
maxFreq at 10nA: 250.0
2021-04-21 15:31:20.474805: I tensorflow/compiler/jit/xla_gpu_device.cc:99] Not creating XLA devices, tf_xla_enable_xla_devices not set
2021-04-21 15:31:44.090786: I tensorflow/compiler/jit/xla_gpu_device.cc:99] Not creating XLA devices, tf_xla_enable_xla_devices not set
mse and spike frequency: 0.00093 20.39
[32m[I 2021-04-21 15:32:07,492][0m Trial 153 finished with values: [0.00093, 20.39] with parameters: {'Vahp': -45.5, 'Vth': -29.5, 'Vmax': 26.0, 't_ref': 2.5, 'R': 0.4, 'tau_m': 197.0, 'R_adp': 0.30000000000000004, 'tau_w': 14.5, 'a': 105.0, 'rate_low': 28.0, 'rate_high': 33.0}.[0m
2021-04-21 15:32:08.179119: I tensorflow/compiler/jit/xla_gpu_device.cc:99] Not creating XLA devices, tf_xla_enable_xla_devices not set
maxFreq at 10nA: 63.0
2021-04-21 15:32:42.973417: I tensorflow/compiler/jit/xla_gpu_device.cc:99] Not creating XLA devices, tf_xla_enable_xla_devices not set
2021-04-21 15:33:07.459781: I tensorflow/compiler/jit/xla_gpu_device.cc:99] Not creating XLA devices, tf_xla_enable_xla_devices not set
mse and spike frequency: 0.19451 10.76
[32m[I 2021-04-21 15:33:30,708][0m Trial 154 finished with values: [0.19451, 10.76] with parameters: {'Vahp': -40.5, 'Vth': -25.0, 'Vmax': 31.0, 't_ref': 15.0, 'R': 0.7000000000000001, 'tau_m': 126.0, 'R_adp': 0.2, 'tau_w': 222.0, 'a': 426.5, 'rate_low': 28.0, 'rate_high': 42.0}.[0m
2021-04-21 15:33:31.387910: I tensorflow/compiler/jit/xla_gpu_device.cc:99] Not creating XLA devices, tf_xla_enable_xla_devices not set
maxFreq at 10nA: 1000.0
2021-04-21 15:34:06.134364: I tensorflow/compiler/jit/xla_gpu_device.cc:99] Not creating XLA devices, tf_xla_enable_xla_devices not set
2021-04-21 15:34:31.314416: I tensorflow/compiler/jit/xla_gpu_device.cc:99] Not creating XLA devices, tf_xla_enable_xla_devices not set
mse and spike frequency: 0.12656 0.0
[32m[I 2021-04-21 15:34:54,747][0m Trial 155 finished with values: [0.12656, 0.0] with parameters: {'Vahp': -45.5, 'Vth': -49.5, 'Vmax': 36.0, 't_ref': 14.0, 'R': 0.8, 'tau_m': 88.5, 'R_adp': 0.2, 'tau_w': 32.5, 'a': 35.0, 'rate_low': 34.5, 'rate_high': 42.0}.[0m
2021-04-21 15:34:55.423869: I tensorflow/compiler/jit/xla_gpu_device.cc:99] Not creating XLA devices, tf_xla_enable_xla_devices not set
maxFreq at 10nA: 1000.0
2021-04-21 15:35:30.239754: I tensorflow/compiler/jit/xla_gpu_device.cc:99] Not creating XLA devices, tf_xla_enable_xla_devices not set
2021-04-21 15:35:56.289582: I tensorflow/compiler/jit/xla_gpu_device.cc:99] Not creating XLA devices, tf_xla_enable_xla_devices not set
mse and spike frequency: 0.12656 0.0
[32m[I 2021-04-21 15:36:20,076][0m Trial 156 finished with values: [0.12656, 0.0] with parameters: {'Vahp': -35.5, 'Vth': -39.0, 'Vmax': 37.5, 't_ref': 15.0, 'R': 0.4, 'tau_m': 179.5, 'R_adp': 0.1, 'tau_w': 229.5, 'a': 362.5, 'rate_low': 49.5, 'rate_high': 28.5}.[0m
2021-04-21 15:36:20.743316: I tensorflow/compiler/jit/xla_gpu_device.cc:99] Not creating XLA devices, tf_xla_enable_xla_devices not set
maxFreq at 10nA: 1000.0
2021-04-21 15:36:56.105716: I tensorflow/compiler/jit/xla_gpu_device.cc:99] Not creating XLA devices, tf_xla_enable_xla_devices not set
2021-04-21 15:37:22.586873: I tensorflow/compiler/jit/xla_gpu_device.cc:99] Not creating XLA devices, tf_xla_enable_xla_devices not set
mse and spike frequency: 0.12656 0.0
[32m[I 2021-04-21 15:37:46,522][0m Trial 157 finished with values: [0.12656, 0.0] with parameters: {'Vahp': -25.5, 'Vth': -45.5, 'Vmax': 26.0, 't_ref': 2.5, 'R': 0.1, 'tau_m': 4.5, 'R_adp': 0.1, 'tau_w': 152.5, 'a': 467.5, 'rate_low': 29.5, 'rate_high': 47.0}.[0m
2021-04-21 15:37:47.223218: I tensorflow/compiler/jit/xla_gpu_device.cc:99] Not creating XLA devices, tf_xla_enable_xla_devices not set
maxFreq at 10nA: 1000.0
2021-04-21 15:38:22.234986: I tensorflow/compiler/jit/xla_gpu_device.cc:99] Not creating XLA devices, tf_xla_enable_xla_devices not set
2021-04-21 15:38:48.618817: I tensorflow/compiler/jit/xla_gpu_device.cc:99] Not creating XLA devices, tf_xla_enable_xla_devices not set
mse and spike frequency: 0.12656 0.0
[32m[I 2021-04-21 15:39:12,067][0m Trial 158 finished with values: [0.12656, 0.0] with parameters: {'Vahp': -40.5, 'Vth': -45.0, 'Vmax': 36.0, 't_ref': 15.0, 'R': 1.0, 'tau_m': 146.0, 'R_adp': 0.2, 'tau_w': 229.5, 'a': 459.5, 'rate_low': 8.0, 'rate_high': 19.5}.[0m
2021-04-21 15:39:12.745632: I tensorflow/compiler/jit/xla_gpu_device.cc:99] Not creating XLA devices, tf_xla_enable_xla_devices not set
maxFreq at 10nA: 1000.0
2021-04-21 15:39:47.218429: I tensorflow/compiler/jit/xla_gpu_device.cc:99] Not creating XLA devices, tf_xla_enable_xla_devices not set
2021-04-21 15:40:14.206620: I tensorflow/compiler/jit/xla_gpu_device.cc:99] Not creating XLA devices, tf_xla_enable_xla_devices not set
mse and spike frequency: 0.12656 0.0
[32m[I 2021-04-21 15:40:38,026][0m Trial 159 finished with values: [0.12656, 0.0] with parameters: {'Vahp': -38.0, 'Vth': -44.5, 'Vmax': 22.0, 't_ref': 15.0, 'R': 1.0, 'tau_m': 146.0, 'R_adp': 0.2, 'tau_w': 376.5, 'a': 459.5, 'rate_low': 34.5, 'rate_high': 42.5}.[0m
2021-04-21 15:40:38.711412: I tensorflow/compiler/jit/xla_gpu_device.cc:99] Not creating XLA devices, tf_xla_enable_xla_devices not set
maxFreq at 10nA: 59.0
2021-04-21 15:41:13.775758: I tensorflow/compiler/jit/xla_gpu_device.cc:99] Not creating XLA devices, tf_xla_enable_xla_devices not set
2021-04-21 15:41:40.532707: I tensorflow/compiler/jit/xla_gpu_device.cc:99] Not creating XLA devices, tf_xla_enable_xla_devices not set
mse and spike frequency: 0.00429 7.67
[32m[I 2021-04-21 15:42:04,874][0m Trial 160 finished with values: [0.00429, 7.67] with parameters: {'Vahp': -45.5, 'Vth': -29.5, 'Vmax': 20.5, 't_ref': 15.0, 'R': 0.4, 'tau_m': 379.5, 'R_adp': 0.30000000000000004, 'tau_w': 152.5, 'a': 105.0, 'rate_low': 28.0, 'rate_high': 35.0}.[0m
2021-04-21 15:42:05.569662: I tensorflow/compiler/jit/xla_gpu_device.cc:99] Not creating XLA devices, tf_xla_enable_xla_devices not set
maxFreq at 10nA: 111.0
2021-04-21 15:42:41.525221: I tensorflow/compiler/jit/xla_gpu_device.cc:99] Not creating XLA devices, tf_xla_enable_xla_devices not set
2021-04-21 15:43:08.673123: I tensorflow/compiler/jit/xla_gpu_device.cc:99] Not creating XLA devices, tf_xla_enable_xla_devices not set
mse and spike frequency: 0.00189 15.04
[32m[I 2021-04-21 15:43:33,165][0m Trial 161 finished with values: [0.00189, 15.04] with parameters: {'Vahp': -48.0, 'Vth': -29.5, 'Vmax': 40.0, 't_ref': 7.5, 'R': 0.8, 'tau_m': 379.5, 'R_adp': 0.30000000000000004, 'tau_w': 69.5, 'a': 105.0, 'rate_low': 28.0, 'rate_high': 29.0}.[0m
2021-04-21 15:43:33.841982: I tensorflow/compiler/jit/xla_gpu_device.cc:99] Not creating XLA devices, tf_xla_enable_xla_devices not set
maxFreq at 10nA: 1000.0
2021-04-21 15:44:09.793224: I tensorflow/compiler/jit/xla_gpu_device.cc:99] Not creating XLA devices, tf_xla_enable_xla_devices not set
2021-04-21 15:44:36.832408: I tensorflow/compiler/jit/xla_gpu_device.cc:99] Not creating XLA devices, tf_xla_enable_xla_devices not set
mse and spike frequency: 0.12656 0.0
[32m[I 2021-04-21 15:45:01,937][0m Trial 162 finished with values: [0.12656, 0.0] with parameters: {'Vahp': -26.0, 'Vth': -45.5, 'Vmax': 28.0, 't_ref': 9.5, 'R': 0.8, 'tau_m': 232.0, 'R_adp': 0.30000000000000004, 'tau_w': 391.0, 'a': 459.5, 'rate_low': 41.5, 'rate_high': 36.5}.[0m
2021-04-21 15:45:02.639569: I tensorflow/compiler/jit/xla_gpu_device.cc:99] Not creating XLA devices, tf_xla_enable_xla_devices not set
maxFreq at 10nA: 1000.0
2021-04-21 15:45:38.759396: I tensorflow/compiler/jit/xla_gpu_device.cc:99] Not creating XLA devices, tf_xla_enable_xla_devices not set
2021-04-21 15:46:06.005641: I tensorflow/compiler/jit/xla_gpu_device.cc:99] Not creating XLA devices, tf_xla_enable_xla_devices not set
mse and spike frequency: 0.12656 0.0
[32m[I 2021-04-21 15:46:31,411][0m Trial 163 finished with values: [0.12656, 0.0] with parameters: {'Vahp': -24.0, 'Vth': -57.0, 'Vmax': 18.5, 't_ref': 11.0, 'R': 0.30000000000000004, 'tau_m': 297.0, 'R_adp': 0.8, 'tau_w': 213.5, 'a': 171.0, 'rate_low': 31.0, 'rate_high': 45.5}.[0m
2021-04-21 15:46:32.126731: I tensorflow/compiler/jit/xla_gpu_device.cc:99] Not creating XLA devices, tf_xla_enable_xla_devices not set
maxFreq at 10nA: 1000.0
2021-04-21 15:47:08.257297: I tensorflow/compiler/jit/xla_gpu_device.cc:99] Not creating XLA devices, tf_xla_enable_xla_devices not set
2021-04-21 15:47:34.942223: I tensorflow/compiler/jit/xla_gpu_device.cc:99] Not creating XLA devices, tf_xla_enable_xla_devices not set
mse and spike frequency: 0.12656 0.0
[32m[I 2021-04-21 15:48:00,116][0m Trial 164 finished with values: [0.12656, 0.0] with parameters: {'Vahp': -47.0, 'Vth': -58.0, 'Vmax': 38.5, 't_ref': 7.0, 'R': 0.1, 'tau_m': 41.0, 'R_adp': 0.6, 'tau_w': 306.0, 'a': 345.0, 'rate_low': 50.0, 'rate_high': 50.0}.[0m
2021-04-21 15:48:00.815600: I tensorflow/compiler/jit/xla_gpu_device.cc:99] Not creating XLA devices, tf_xla_enable_xla_devices not set
maxFreq at 10nA: 1000.0
2021-04-21 15:48:37.902448: I tensorflow/compiler/jit/xla_gpu_device.cc:99] Not creating XLA devices, tf_xla_enable_xla_devices not set
2021-04-21 15:49:03.970664: I tensorflow/compiler/jit/xla_gpu_device.cc:99] Not creating XLA devices, tf_xla_enable_xla_devices not set
mse and spike frequency: 0.12656 0.0
[32m[I 2021-04-21 15:49:28,793][0m Trial 165 finished with values: [0.12656, 0.0] with parameters: {'Vahp': -24.0, 'Vth': -47.5, 'Vmax': 11.5, 't_ref': 13.5, 'R': 0.9, 'tau_m': 366.5, 'R_adp': 0.7000000000000001, 'tau_w': 376.5, 'a': 302.0, 'rate_low': 28.0, 'rate_high': 39.0}.[0m
2021-04-21 15:49:29.491261: I tensorflow/compiler/jit/xla_gpu_device.cc:99] Not creating XLA devices, tf_xla_enable_xla_devices not set
maxFreq at 10nA: 997.0
2021-04-21 15:50:06.764688: I tensorflow/compiler/jit/xla_gpu_device.cc:99] Not creating XLA devices, tf_xla_enable_xla_devices not set
2021-04-21 15:50:31.802124: I tensorflow/compiler/jit/xla_gpu_device.cc:99] Not creating XLA devices, tf_xla_enable_xla_devices not set
mse and spike frequency: 0.12656 0.0
[32m[I 2021-04-21 15:50:56,049][0m Trial 166 finished with values: [0.12656, 0.0] with parameters: {'Vahp': -25.5, 'Vth': -39.0, 'Vmax': 37.5, 't_ref': 10.5, 'R': 0.1, 'tau_m': 179.5, 'R_adp': 0.2, 'tau_w': 28.5, 'a': 331.5, 'rate_low': 49.5, 'rate_high': 28.5}.[0m
2021-04-21 15:50:56.757902: I tensorflow/compiler/jit/xla_gpu_device.cc:99] Not creating XLA devices, tf_xla_enable_xla_devices not set
maxFreq at 10nA: 209.0
2021-04-21 15:51:34.476948: I tensorflow/compiler/jit/xla_gpu_device.cc:99] Not creating XLA devices, tf_xla_enable_xla_devices not set
2021-04-21 15:51:59.562933: I tensorflow/compiler/jit/xla_gpu_device.cc:99] Not creating XLA devices, tf_xla_enable_xla_devices not set
mse and spike frequency: 8.7995 20.59
[32m[I 2021-04-21 15:52:23,348][0m Trial 167 finished with values: [8.7995, 20.59] with parameters: {'Vahp': -45.5, 'Vth': -29.5, 'Vmax': 20.5, 't_ref': 2.5, 'R': 0.8, 'tau_m': 84.5, 'R_adp': 0.7000000000000001, 'tau_w': 152.5, 'a': 345.0, 'rate_low': 28.0, 'rate_high': 40.0}.[0m
2021-04-21 15:52:24.061993: I tensorflow/compiler/jit/xla_gpu_device.cc:99] Not creating XLA devices, tf_xla_enable_xla_devices not set
maxFreq at 10nA: 1000.0
2021-04-21 15:53:01.441781: I tensorflow/compiler/jit/xla_gpu_device.cc:99] Not creating XLA devices, tf_xla_enable_xla_devices not set
2021-04-21 15:53:27.051208: I tensorflow/compiler/jit/xla_gpu_device.cc:99] Not creating XLA devices, tf_xla_enable_xla_devices not set
mse and spike frequency: 0.12656 0.0
[32m[I 2021-04-21 15:53:50,749][0m Trial 168 finished with values: [0.12656, 0.0] with parameters: {'Vahp': -27.0, 'Vth': -49.5, 'Vmax': 22.0, 't_ref': 11.0, 'R': 0.9, 'tau_m': 297.0, 'R_adp': 0.8, 'tau_w': 494.0, 'a': 487.5, 'rate_low': 3.0, 'rate_high': 40.0}.[0m
2021-04-21 15:53:51.449366: I tensorflow/compiler/jit/xla_gpu_device.cc:99] Not creating XLA devices, tf_xla_enable_xla_devices not set
maxFreq at 10nA: 227.0
2021-04-21 15:54:28.438066: I tensorflow/compiler/jit/xla_gpu_device.cc:99] Not creating XLA devices, tf_xla_enable_xla_devices not set
2021-04-21 15:54:54.796603: I tensorflow/compiler/jit/xla_gpu_device.cc:99] Not creating XLA devices, tf_xla_enable_xla_devices not set
mse and spike frequency: 18.16667 41.28
[32m[I 2021-04-21 15:55:18,748][0m Trial 169 finished with values: [18.16667, 41.28] with parameters: {'Vahp': -48.0, 'Vth': -35.0, 'Vmax': 22.0, 't_ref': 3.0, 'R': 0.9, 'tau_m': 16.0, 'R_adp': 0.2, 'tau_w': 494.0, 'a': 487.5, 'rate_low': 21.0, 'rate_high': 36.5}.[0m
2021-04-21 15:55:19.443825: I tensorflow/compiler/jit/xla_gpu_device.cc:99] Not creating XLA devices, tf_xla_enable_xla_devices not set
maxFreq at 10nA: 998.0
2021-04-21 15:55:56.377692: I tensorflow/compiler/jit/xla_gpu_device.cc:99] Not creating XLA devices, tf_xla_enable_xla_devices not set
2021-04-21 15:56:22.660947: I tensorflow/compiler/jit/xla_gpu_device.cc:99] Not creating XLA devices, tf_xla_enable_xla_devices not set
mse and spike frequency: 0.12656 0.0
[32m[I 2021-04-21 15:56:47,276][0m Trial 170 finished with values: [0.12656, 0.0] with parameters: {'Vahp': -23.5, 'Vth': -35.0, 'Vmax': 16.0, 't_ref': 4.0, 'R': 0.2, 'tau_m': 232.5, 'R_adp': 0.1, 'tau_w': 28.5, 'a': 58.0, 'rate_low': 36.5, 'rate_high': 45.5}.[0m
2021-04-21 15:56:48.085016: I tensorflow/compiler/jit/xla_gpu_device.cc:99] Not creating XLA devices, tf_xla_enable_xla_devices not set
maxFreq at 10nA: 1000.0
2021-04-21 15:57:25.312396: I tensorflow/compiler/jit/xla_gpu_device.cc:99] Not creating XLA devices, tf_xla_enable_xla_devices not set
2021-04-21 15:57:51.254025: I tensorflow/compiler/jit/xla_gpu_device.cc:99] Not creating XLA devices, tf_xla_enable_xla_devices not set
mse and spike frequency: 0.12656 0.0
