[32m[I 2021-04-21 14:42:03,388][0m Trial 113 finished with values: [0.12656, 0.0] with parameters: {'Vahp': -29.5, 'Vth': -32.5, 'Vmax': 27.5, 't_ref': 2.0, 'R': 0.6, 'tau_m': 255.5, 'R_adp': 0.5, 'tau_w': 35.5, 'a': 296.0, 'rate_low': 37.0, 'rate_high': 29.0}.[0m
2021-04-21 14:42:04.021098: I tensorflow/compiler/jit/xla_gpu_device.cc:99] Not creating XLA devices, tf_xla_enable_xla_devices not set
maxFreq at 10nA: 1000.0
2021-04-21 14:42:33.621023: I tensorflow/compiler/jit/xla_gpu_device.cc:99] Not creating XLA devices, tf_xla_enable_xla_devices not set
2021-04-21 14:42:52.476016: I tensorflow/compiler/jit/xla_gpu_device.cc:99] Not creating XLA devices, tf_xla_enable_xla_devices not set
mse and spike frequency: 0.12656 0.0
[32m[I 2021-04-21 14:43:10,526][0m Trial 114 finished with values: [0.12656, 0.0] with parameters: {'Vahp': -22.0, 'Vth': -53.5, 'Vmax': 39.5, 't_ref': 18.0, 'R': 0.9, 'tau_m': 475.0, 'R_adp': 0.2, 'tau_w': 24.5, 'a': 206.5, 'rate_low': 8.5, 'rate_high': 13.5}.[0m
2021-04-21 14:43:11.168112: I tensorflow/compiler/jit/xla_gpu_device.cc:99] Not creating XLA devices, tf_xla_enable_xla_devices not set
maxFreq at 10nA: 1000.0
2021-04-21 14:43:40.857755: I tensorflow/compiler/jit/xla_gpu_device.cc:99] Not creating XLA devices, tf_xla_enable_xla_devices not set
2021-04-21 14:44:00.204717: I tensorflow/compiler/jit/xla_gpu_device.cc:99] Not creating XLA devices, tf_xla_enable_xla_devices not set
mse and spike frequency: 0.12656 0.0
[32m[I 2021-04-21 14:44:18,385][0m Trial 115 finished with values: [0.12656, 0.0] with parameters: {'Vahp': -24.0, 'Vth': -48.5, 'Vmax': 33.5, 't_ref': 15.5, 'R': 1.0, 'tau_m': 485.5, 'R_adp': 0.30000000000000004, 'tau_w': 60.0, 'a': 28.0, 'rate_low': 40.0, 'rate_high': 31.0}.[0m
2021-04-21 14:44:19.038538: I tensorflow/compiler/jit/xla_gpu_device.cc:99] Not creating XLA devices, tf_xla_enable_xla_devices not set
maxFreq at 10nA: 57.0
2021-04-21 14:44:48.712546: I tensorflow/compiler/jit/xla_gpu_device.cc:99] Not creating XLA devices, tf_xla_enable_xla_devices not set
2021-04-21 14:45:07.557279: I tensorflow/compiler/jit/xla_gpu_device.cc:99] Not creating XLA devices, tf_xla_enable_xla_devices not set
mse and spike frequency: 5.7899 13.35
[32m[I 2021-04-21 14:45:25,889][0m Trial 116 finished with values: [5.7899, 13.35] with parameters: {'Vahp': -58.0, 'Vth': -29.5, 'Vmax': 28.0, 't_ref': 2.5, 'R': 0.2, 'tau_m': 74.5, 'R_adp': 1.0, 'tau_w': 247.0, 'a': 160.5, 'rate_low': 44.0, 'rate_high': 48.5}.[0m
2021-04-21 14:45:26.583604: I tensorflow/compiler/jit/xla_gpu_device.cc:99] Not creating XLA devices, tf_xla_enable_xla_devices not set
maxFreq at 10nA: 64.0
2021-04-21 14:45:57.285866: I tensorflow/compiler/jit/xla_gpu_device.cc:99] Not creating XLA devices, tf_xla_enable_xla_devices not set
2021-04-21 14:46:15.628280: I tensorflow/compiler/jit/xla_gpu_device.cc:99] Not creating XLA devices, tf_xla_enable_xla_devices not set
mse and spike frequency: 0.11842 0.44
[32m[I 2021-04-21 14:46:33,892][0m Trial 117 finished with values: [0.11842, 0.44] with parameters: {'Vahp': -47.0, 'Vth': -23.5, 'Vmax': 39.5, 't_ref': 7.5, 'R': 0.30000000000000004, 'tau_m': 296.5, 'R_adp': 0.5, 'tau_w': 416.5, 'a': 211.5, 'rate_low': 3.0, 'rate_high': 29.0}.[0m
2021-04-21 14:46:34.505949: I tensorflow/compiler/jit/xla_gpu_device.cc:99] Not creating XLA devices, tf_xla_enable_xla_devices not set
maxFreq at 10nA: 42.0
2021-04-21 14:47:04.808261: I tensorflow/compiler/jit/xla_gpu_device.cc:99] Not creating XLA devices, tf_xla_enable_xla_devices not set
2021-04-21 14:47:23.400686: I tensorflow/compiler/jit/xla_gpu_device.cc:99] Not creating XLA devices, tf_xla_enable_xla_devices not set
mse and spike frequency: 0.05272 1.54
[32m[I 2021-04-21 14:47:42,308][0m Trial 118 finished with values: [0.05272, 1.54] with parameters: {'Vahp': -53.5, 'Vth': -31.0, 'Vmax': 11.5, 't_ref': 14.0, 'R': 0.1, 'tau_m': 279.0, 'R_adp': 0.1, 'tau_w': 252.0, 'a': 377.5, 'rate_low': 31.0, 'rate_high': 45.5}.[0m
2021-04-21 14:47:42.937166: I tensorflow/compiler/jit/xla_gpu_device.cc:99] Not creating XLA devices, tf_xla_enable_xla_devices not set
maxFreq at 10nA: 1000.0
2021-04-21 14:48:13.895505: I tensorflow/compiler/jit/xla_gpu_device.cc:99] Not creating XLA devices, tf_xla_enable_xla_devices not set
2021-04-21 14:48:33.143025: I tensorflow/compiler/jit/xla_gpu_device.cc:99] Not creating XLA devices, tf_xla_enable_xla_devices not set
mse and spike frequency: 0.12656 0.0
[32m[I 2021-04-21 14:48:52,341][0m Trial 119 finished with values: [0.12656, 0.0] with parameters: {'Vahp': -29.5, 'Vth': -42.0, 'Vmax': 24.5, 't_ref': 9.0, 'R': 0.8, 'tau_m': 317.5, 'R_adp': 0.7000000000000001, 'tau_w': 327.0, 'a': 410.5, 'rate_low': 32.0, 'rate_high': 39.5}.[0m
2021-04-21 14:48:52.946922: I tensorflow/compiler/jit/xla_gpu_device.cc:99] Not creating XLA devices, tf_xla_enable_xla_devices not set
maxFreq at 10nA: 1000.0
2021-04-21 14:49:23.991445: I tensorflow/compiler/jit/xla_gpu_device.cc:99] Not creating XLA devices, tf_xla_enable_xla_devices not set
2021-04-21 14:49:43.285208: I tensorflow/compiler/jit/xla_gpu_device.cc:99] Not creating XLA devices, tf_xla_enable_xla_devices not set
mse and spike frequency: 0.12656 0.0
[32m[I 2021-04-21 14:50:02,238][0m Trial 120 finished with values: [0.12656, 0.0] with parameters: {'Vahp': -37.0, 'Vth': -49.5, 'Vmax': 32.5, 't_ref': 17.5, 'R': 0.5, 'tau_m': 127.5, 'R_adp': 0.5, 'tau_w': 53.0, 'a': 414.5, 'rate_low': 24.5, 'rate_high': 45.5}.[0m
2021-04-21 14:50:02.857095: I tensorflow/compiler/jit/xla_gpu_device.cc:99] Not creating XLA devices, tf_xla_enable_xla_devices not set
maxFreq at 10nA: 1000.0
2021-04-21 14:50:33.755754: I tensorflow/compiler/jit/xla_gpu_device.cc:99] Not creating XLA devices, tf_xla_enable_xla_devices not set
2021-04-21 14:50:52.212909: I tensorflow/compiler/jit/xla_gpu_device.cc:99] Not creating XLA devices, tf_xla_enable_xla_devices not set
mse and spike frequency: 0.12656 0.0
[32m[I 2021-04-21 14:51:11,218][0m Trial 121 finished with values: [0.12656, 0.0] with parameters: {'Vahp': -47.0, 'Vth': -57.5, 'Vmax': 16.5, 't_ref': 6.5, 'R': 0.5, 'tau_m': 13.5, 'R_adp': 0.2, 'tau_w': 99.0, 'a': 45.0, 'rate_low': 6.0, 'rate_high': 14.0}.[0m
2021-04-21 14:51:11.833862: I tensorflow/compiler/jit/xla_gpu_device.cc:99] Not creating XLA devices, tf_xla_enable_xla_devices not set
maxFreq at 10nA: 111.0
2021-04-21 14:51:43.048339: I tensorflow/compiler/jit/xla_gpu_device.cc:99] Not creating XLA devices, tf_xla_enable_xla_devices not set
2021-04-21 14:52:02.145351: I tensorflow/compiler/jit/xla_gpu_device.cc:99] Not creating XLA devices, tf_xla_enable_xla_devices not set
mse and spike frequency: 0.00405 6.31
[32m[I 2021-04-21 14:52:21,475][0m Trial 122 finished with values: [0.00405, 6.31] with parameters: {'Vahp': -28.0, 'Vth': -23.0, 'Vmax': 10.5, 't_ref': 7.5, 'R': 0.30000000000000004, 'tau_m': 259.5, 'R_adp': 1.0, 'tau_w': 11.5, 'a': 211.5, 'rate_low': 15.5, 'rate_high': 16.5}.[0m
2021-04-21 14:52:22.090186: I tensorflow/compiler/jit/xla_gpu_device.cc:99] Not creating XLA devices, tf_xla_enable_xla_devices not set
maxFreq at 10nA: 1000.0
2021-04-21 14:52:53.786869: I tensorflow/compiler/jit/xla_gpu_device.cc:99] Not creating XLA devices, tf_xla_enable_xla_devices not set
2021-04-21 14:53:13.074530: I tensorflow/compiler/jit/xla_gpu_device.cc:99] Not creating XLA devices, tf_xla_enable_xla_devices not set
mse and spike frequency: 0.12656 0.0
[32m[I 2021-04-21 14:53:32,815][0m Trial 123 finished with values: [0.12656, 0.0] with parameters: {'Vahp': -33.0, 'Vth': -50.5, 'Vmax': 19.5, 't_ref': 13.5, 'R': 0.1, 'tau_m': 75.0, 'R_adp': 0.8, 'tau_w': 74.5, 'a': 336.0, 'rate_low': 27.0, 'rate_high': 42.5}.[0m
2021-04-21 14:53:33.440485: I tensorflow/compiler/jit/xla_gpu_device.cc:99] Not creating XLA devices, tf_xla_enable_xla_devices not set
maxFreq at 10nA: 53.0
2021-04-21 14:54:05.062279: I tensorflow/compiler/jit/xla_gpu_device.cc:99] Not creating XLA devices, tf_xla_enable_xla_devices not set
2021-04-21 14:54:24.291035: I tensorflow/compiler/jit/xla_gpu_device.cc:99] Not creating XLA devices, tf_xla_enable_xla_devices not set
mse and spike frequency: 0.00682 16.13
[32m[I 2021-04-21 14:54:44,509][0m Trial 124 finished with values: [0.00682, 16.13] with parameters: {'Vahp': -34.5, 'Vth': -28.0, 'Vmax': 10.5, 't_ref': 17.5, 'R': 0.8, 'tau_m': 317.5, 'R_adp': 0.2, 'tau_w': 247.0, 'a': 160.5, 'rate_low': 31.5, 'rate_high': 45.5}.[0m
2021-04-21 14:54:45.153349: I tensorflow/compiler/jit/xla_gpu_device.cc:99] Not creating XLA devices, tf_xla_enable_xla_devices not set
maxFreq at 10nA: 996.0
2021-04-21 14:55:17.047484: I tensorflow/compiler/jit/xla_gpu_device.cc:99] Not creating XLA devices, tf_xla_enable_xla_devices not set
2021-04-21 14:55:36.678738: I tensorflow/compiler/jit/xla_gpu_device.cc:99] Not creating XLA devices, tf_xla_enable_xla_devices not set
mse and spike frequency: 0.12656 0.0
[32m[I 2021-04-21 14:55:56,896][0m Trial 125 finished with values: [0.12656, 0.0] with parameters: {'Vahp': -30.5, 'Vth': -35.5, 'Vmax': 20.0, 't_ref': 2.0, 'R': 0.2, 'tau_m': 425.0, 'R_adp': 0.8, 'tau_w': 54.0, 'a': 296.0, 'rate_low': 23.0, 'rate_high': 38.5}.[0m
2021-04-21 14:55:57.501713: I tensorflow/compiler/jit/xla_gpu_device.cc:99] Not creating XLA devices, tf_xla_enable_xla_devices not set
maxFreq at 10nA: 999.0
2021-04-21 14:56:28.976480: I tensorflow/compiler/jit/xla_gpu_device.cc:99] Not creating XLA devices, tf_xla_enable_xla_devices not set
2021-04-21 14:56:48.599654: I tensorflow/compiler/jit/xla_gpu_device.cc:99] Not creating XLA devices, tf_xla_enable_xla_devices not set
mse and spike frequency: 0.12656 0.0
[32m[I 2021-04-21 14:57:07,893][0m Trial 126 finished with values: [0.12656, 0.0] with parameters: {'Vahp': -21.0, 'Vth': -41.0, 'Vmax': 10.5, 't_ref': 14.5, 'R': 0.4, 'tau_m': 415.0, 'R_adp': 0.1, 'tau_w': 181.5, 'a': 121.5, 'rate_low': 48.0, 'rate_high': 50.0}.[0m
2021-04-21 14:57:08.537719: I tensorflow/compiler/jit/xla_gpu_device.cc:99] Not creating XLA devices, tf_xla_enable_xla_devices not set
maxFreq at 10nA: 19.0
2021-04-21 14:57:40.852598: I tensorflow/compiler/jit/xla_gpu_device.cc:99] Not creating XLA devices, tf_xla_enable_xla_devices not set
2021-04-21 14:58:00.336522: I tensorflow/compiler/jit/xla_gpu_device.cc:99] Not creating XLA devices, tf_xla_enable_xla_devices not set
mse and spike frequency: 0.10793 0.4
[32m[I 2021-04-21 14:58:18,961][0m Trial 127 finished with values: [0.10793, 0.4] with parameters: {'Vahp': -36.5, 'Vth': -35.5, 'Vmax': 28.5, 't_ref': 1.5, 'R': 0.1, 'tau_m': 425.0, 'R_adp': 0.8, 'tau_w': 226.5, 'a': 336.0, 'rate_low': 15.5, 'rate_high': 43.5}.[0m
2021-04-21 14:58:19.593566: I tensorflow/compiler/jit/xla_gpu_device.cc:99] Not creating XLA devices, tf_xla_enable_xla_devices not set
maxFreq at 10nA: 1000.0
2021-04-21 14:58:51.374294: I tensorflow/compiler/jit/xla_gpu_device.cc:99] Not creating XLA devices, tf_xla_enable_xla_devices not set
2021-04-21 14:59:11.002089: I tensorflow/compiler/jit/xla_gpu_device.cc:99] Not creating XLA devices, tf_xla_enable_xla_devices not set
mse and spike frequency: 0.12656 0.0
[32m[I 2021-04-21 14:59:29,709][0m Trial 128 finished with values: [0.12656, 0.0] with parameters: {'Vahp': -47.0, 'Vth': -58.0, 'Vmax': 39.5, 't_ref': 16.0, 'R': 0.4, 'tau_m': 296.5, 'R_adp': 0.5, 'tau_w': 35.5, 'a': 217.0, 'rate_low': 32.5, 'rate_high': 47.5}.[0m
2021-04-21 14:59:30.307981: I tensorflow/compiler/jit/xla_gpu_device.cc:99] Not creating XLA devices, tf_xla_enable_xla_devices not set
maxFreq at 10nA: 1000.0
2021-04-21 15:00:01.687334: I tensorflow/compiler/jit/xla_gpu_device.cc:99] Not creating XLA devices, tf_xla_enable_xla_devices not set
2021-04-21 15:00:22.537959: I tensorflow/compiler/jit/xla_gpu_device.cc:99] Not creating XLA devices, tf_xla_enable_xla_devices not set
mse and spike frequency: 0.12656 0.0
[32m[I 2021-04-21 15:00:41,675][0m Trial 129 finished with values: [0.12656, 0.0] with parameters: {'Vahp': -34.5, 'Vth': -45.0, 'Vmax': 10.5, 't_ref': 17.5, 'R': 0.8, 'tau_m': 317.5, 'R_adp': 0.30000000000000004, 'tau_w': 162.0, 'a': 414.5, 'rate_low': 24.5, 'rate_high': 35.0}.[0m
2021-04-21 15:00:42.310860: I tensorflow/compiler/jit/xla_gpu_device.cc:99] Not creating XLA devices, tf_xla_enable_xla_devices not set
maxFreq at 10nA: 1000.0
2021-04-21 15:01:13.911048: I tensorflow/compiler/jit/xla_gpu_device.cc:99] Not creating XLA devices, tf_xla_enable_xla_devices not set
2021-04-21 15:01:35.579252: I tensorflow/compiler/jit/xla_gpu_device.cc:99] Not creating XLA devices, tf_xla_enable_xla_devices not set
mse and spike frequency: 0.12656 0.0
[32m[I 2021-04-21 15:01:55,287][0m Trial 130 finished with values: [0.12656, 0.0] with parameters: {'Vahp': -52.5, 'Vth': -55.5, 'Vmax': 31.0, 't_ref': 3.0, 'R': 1.0, 'tau_m': 187.5, 'R_adp': 0.6, 'tau_w': 46.5, 'a': 486.0, 'rate_low': 2.5, 'rate_high': 49.5}.[0m
2021-04-21 15:01:55.897364: I tensorflow/compiler/jit/xla_gpu_device.cc:99] Not creating XLA devices, tf_xla_enable_xla_devices not set
maxFreq at 10nA: 1000.0
2021-04-21 15:02:26.962255: I tensorflow/compiler/jit/xla_gpu_device.cc:99] Not creating XLA devices, tf_xla_enable_xla_devices not set
2021-04-21 15:02:48.666425: I tensorflow/compiler/jit/xla_gpu_device.cc:99] Not creating XLA devices, tf_xla_enable_xla_devices not set
mse and spike frequency: 0.12656 0.0
[32m[I 2021-04-21 15:03:08,383][0m Trial 131 finished with values: [0.12656, 0.0] with parameters: {'Vahp': -28.0, 'Vth': -48.5, 'Vmax': 33.5, 't_ref': 7.5, 'R': 1.0, 'tau_m': 311.5, 'R_adp': 1.0, 'tau_w': 60.0, 'a': 117.5, 'rate_low': 11.0, 'rate_high': 16.5}.[0m
2021-04-21 15:03:09.060206: I tensorflow/compiler/jit/xla_gpu_device.cc:99] Not creating XLA devices, tf_xla_enable_xla_devices not set
maxFreq at 10nA: 1000.0
2021-04-21 15:03:40.652247: I tensorflow/compiler/jit/xla_gpu_device.cc:99] Not creating XLA devices, tf_xla_enable_xla_devices not set
2021-04-21 15:04:02.313213: I tensorflow/compiler/jit/xla_gpu_device.cc:99] Not creating XLA devices, tf_xla_enable_xla_devices not set
mse and spike frequency: 0.12656 0.0
[32m[I 2021-04-21 15:04:22,008][0m Trial 132 finished with values: [0.12656, 0.0] with parameters: {'Vahp': -43.0, 'Vth': -58.0, 'Vmax': 36.0, 't_ref': 7.5, 'R': 0.4, 'tau_m': 134.0, 'R_adp': 0.9, 'tau_w': 491.0, 'a': 217.0, 'rate_low': 34.5, 'rate_high': 47.5}.[0m
2021-04-21 15:04:22.643065: I tensorflow/compiler/jit/xla_gpu_device.cc:99] Not creating XLA devices, tf_xla_enable_xla_devices not set
maxFreq at 10nA: 1000.0
2021-04-21 15:04:54.177408: I tensorflow/compiler/jit/xla_gpu_device.cc:99] Not creating XLA devices, tf_xla_enable_xla_devices not set
2021-04-21 15:05:15.885915: I tensorflow/compiler/jit/xla_gpu_device.cc:99] Not creating XLA devices, tf_xla_enable_xla_devices not set
mse and spike frequency: 0.12656 0.0
[32m[I 2021-04-21 15:05:35,864][0m Trial 133 finished with values: [0.12656, 0.0] with parameters: {'Vahp': -52.0, 'Vth': -58.0, 'Vmax': 33.5, 't_ref': 15.5, 'R': 1.0, 'tau_m': 117.5, 'R_adp': 0.9, 'tau_w': 339.5, 'a': 291.5, 'rate_low': 9.5, 'rate_high': 39.5}.[0m
2021-04-21 15:05:36.604026: I tensorflow/compiler/jit/xla_gpu_device.cc:99] Not creating XLA devices, tf_xla_enable_xla_devices not set
maxFreq at 10nA: 1000.0
2021-04-21 15:06:08.015535: I tensorflow/compiler/jit/xla_gpu_device.cc:99] Not creating XLA devices, tf_xla_enable_xla_devices not set
2021-04-21 15:06:30.099856: I tensorflow/compiler/jit/xla_gpu_device.cc:99] Not creating XLA devices, tf_xla_enable_xla_devices not set
mse and spike frequency: 0.12656 0.0
[32m[I 2021-04-21 15:06:50,814][0m Trial 134 finished with values: [0.12656, 0.0] with parameters: {'Vahp': -43.0, 'Vth': -58.0, 'Vmax': 20.0, 't_ref': 7.5, 'R': 0.4, 'tau_m': 255.5, 'R_adp': 0.7000000000000001, 'tau_w': 339.5, 'a': 217.0, 'rate_low': 32.5, 'rate_high': 33.0}.[0m
2021-04-21 15:06:51.457972: I tensorflow/compiler/jit/xla_gpu_device.cc:99] Not creating XLA devices, tf_xla_enable_xla_devices not set
maxFreq at 10nA: 1000.0
2021-04-21 15:07:22.940991: I tensorflow/compiler/jit/xla_gpu_device.cc:99] Not creating XLA devices, tf_xla_enable_xla_devices not set
2021-04-21 15:07:44.802890: I tensorflow/compiler/jit/xla_gpu_device.cc:99] Not creating XLA devices, tf_xla_enable_xla_devices not set
mse and spike frequency: 0.12656 0.0
[32m[I 2021-04-21 15:08:05,416][0m Trial 135 finished with values: [0.12656, 0.0] with parameters: {'Vahp': -33.0, 'Vth': -55.5, 'Vmax': 31.0, 't_ref': 3.0, 'R': 0.5, 'tau_m': 151.5, 'R_adp': 0.6, 'tau_w': 74.5, 'a': 486.0, 'rate_low': 2.5, 'rate_high': 37.0}.[0m
2021-04-21 15:08:06.290054: I tensorflow/compiler/jit/xla_gpu_device.cc:99] Not creating XLA devices, tf_xla_enable_xla_devices not set
maxFreq at 10nA: 1000.0
2021-04-21 15:08:38.141192: I tensorflow/compiler/jit/xla_gpu_device.cc:99] Not creating XLA devices, tf_xla_enable_xla_devices not set
2021-04-21 15:09:00.198577: I tensorflow/compiler/jit/xla_gpu_device.cc:99] Not creating XLA devices, tf_xla_enable_xla_devices not set
mse and spike frequency: 0.12656 0.0
[32m[I 2021-04-21 15:09:20,577][0m Trial 136 finished with values: [0.12656, 0.0] with parameters: {'Vahp': -30.0, 'Vth': -49.0, 'Vmax': 16.5, 't_ref': 6.5, 'R': 0.8, 'tau_m': 279.0, 'R_adp': 0.6, 'tau_w': 99.0, 'a': 377.5, 'rate_low': 12.0, 'rate_high': 49.0}.[0m
2021-04-21 15:09:21.436022: I tensorflow/compiler/jit/xla_gpu_device.cc:99] Not creating XLA devices, tf_xla_enable_xla_devices not set
maxFreq at 10nA: 1000.0
2021-04-21 15:09:53.025397: I tensorflow/compiler/jit/xla_gpu_device.cc:99] Not creating XLA devices, tf_xla_enable_xla_devices not set
2021-04-21 15:10:14.994985: I tensorflow/compiler/jit/xla_gpu_device.cc:99] Not creating XLA devices, tf_xla_enable_xla_devices not set
mse and spike frequency: 0.12656 0.0
[32m[I 2021-04-21 15:10:35,659][0m Trial 137 finished with values: [0.12656, 0.0] with parameters: {'Vahp': -48.0, 'Vth': -51.0, 'Vmax': 10.5, 't_ref': 6.5, 'R': 0.5, 'tau_m': 452.5, 'R_adp': 1.0, 'tau_w': 11.5, 'a': 136.5, 'rate_low': 46.5, 'rate_high': 41.5}.[0m
2021-04-21 15:10:36.493662: I tensorflow/compiler/jit/xla_gpu_device.cc:99] Not creating XLA devices, tf_xla_enable_xla_devices not set
maxFreq at 10nA: 34.0
2021-04-21 15:11:08.274222: I tensorflow/compiler/jit/xla_gpu_device.cc:99] Not creating XLA devices, tf_xla_enable_xla_devices not set
2021-04-21 15:11:29.688738: I tensorflow/compiler/jit/xla_gpu_device.cc:99] Not creating XLA devices, tf_xla_enable_xla_devices not set
mse and spike frequency: 0.05574 1.12
[32m[I 2021-04-21 15:11:50,576][0m Trial 138 finished with values: [0.05574, 1.12] with parameters: {'Vahp': -53.5, 'Vth': -31.0, 'Vmax': 30.0, 't_ref': 17.0, 'R': 0.1, 'tau_m': 352.5, 'R_adp': 0.2, 'tau_w': 318.5, 'a': 209.0, 'rate_low': 31.0, 'rate_high': 45.5}.[0m
2021-04-21 15:11:51.337619: I tensorflow/compiler/jit/xla_gpu_device.cc:99] Not creating XLA devices, tf_xla_enable_xla_devices not set
maxFreq at 10nA: 1000.0
2021-04-21 15:12:23.909662: I tensorflow/compiler/jit/xla_gpu_device.cc:99] Not creating XLA devices, tf_xla_enable_xla_devices not set
2021-04-21 15:12:45.041500: I tensorflow/compiler/jit/xla_gpu_device.cc:99] Not creating XLA devices, tf_xla_enable_xla_devices not set
mse and spike frequency: 0.12656 0.0
[32m[I 2021-04-21 15:13:05,778][0m Trial 139 finished with values: [0.12656, 0.0] with parameters: {'Vahp': -33.0, 'Vth': -50.5, 'Vmax': 19.0, 't_ref': 10.0, 'R': 0.5, 'tau_m': 139.0, 'R_adp': 0.9, 'tau_w': 495.0, 'a': 444.5, 'rate_low': 16.0, 'rate_high': 44.5}.[0m
2021-04-21 15:13:06.562536: I tensorflow/compiler/jit/xla_gpu_device.cc:99] Not creating XLA devices, tf_xla_enable_xla_devices not set
maxFreq at 10nA: 999.0
2021-04-21 15:13:39.176344: I tensorflow/compiler/jit/xla_gpu_device.cc:99] Not creating XLA devices, tf_xla_enable_xla_devices not set
2021-04-21 15:13:59.969673: I tensorflow/compiler/jit/xla_gpu_device.cc:99] Not creating XLA devices, tf_xla_enable_xla_devices not set
mse and spike frequency: 0.12656 0.0
[32m[I 2021-04-21 15:14:20,335][0m Trial 140 finished with values: [0.12656, 0.0] with parameters: {'Vahp': -36.5, 'Vth': -42.0, 'Vmax': 28.5, 't_ref': 20.0, 'R': 0.1, 'tau_m': 61.5, 'R_adp': 0.5, 'tau_w': 70.0, 'a': 136.5, 'rate_low': 37.0, 'rate_high': 42.5}.[0m
2021-04-21 15:14:21.063162: I tensorflow/compiler/jit/xla_gpu_device.cc:99] Not creating XLA devices, tf_xla_enable_xla_devices not set
maxFreq at 10nA: 999.0
2021-04-21 15:14:54.615487: I tensorflow/compiler/jit/xla_gpu_device.cc:99] Not creating XLA devices, tf_xla_enable_xla_devices not set
2021-04-21 15:15:15.803624: I tensorflow/compiler/jit/xla_gpu_device.cc:99] Not creating XLA devices, tf_xla_enable_xla_devices not set
mse and spike frequency: 0.12656 0.0
[32m[I 2021-04-21 15:15:36,822][0m Trial 141 finished with values: [0.12656, 0.0] with parameters: {'Vahp': -47.0, 'Vth': -53.5, 'Vmax': 24.0, 't_ref': 13.5, 'R': 0.2, 'tau_m': 494.0, 'R_adp': 0.8, 'tau_w': 159.5, 'a': 260.0, 'rate_low': 36.0, 'rate_high': 45.0}.[0m
2021-04-21 15:15:37.532718: I tensorflow/compiler/jit/xla_gpu_device.cc:99] Not creating XLA devices, tf_xla_enable_xla_devices not set
maxFreq at 10nA: 1000.0
2021-04-21 15:16:11.362133: I tensorflow/compiler/jit/xla_gpu_device.cc:99] Not creating XLA devices, tf_xla_enable_xla_devices not set
2021-04-21 15:16:32.533973: I tensorflow/compiler/jit/xla_gpu_device.cc:99] Not creating XLA devices, tf_xla_enable_xla_devices not set
mse and spike frequency: 0.12656 0.0
