[32m[I 2021-04-21 13:46:59,127][0m Trial 55 finished with values: [0.01244, 14.77] with parameters: {'Vahp': -25.5, 'Vth': -22.5, 'Vmax': 11.5, 't_ref': 10.5, 'R': 0.6, 'tau_m': 197.0, 'R_adp': 0.7000000000000001, 'tau_w': 254.0, 'a': 18.5, 'rate_low': 12.0, 'rate_high': 48.5}.[0m
2021-04-21 13:46:59.592924: I tensorflow/compiler/jit/xla_gpu_device.cc:99] Not creating XLA devices, tf_xla_enable_xla_devices not set
maxFreq at 10nA: 1000.0
2021-04-21 13:47:24.767844: I tensorflow/compiler/jit/xla_gpu_device.cc:99] Not creating XLA devices, tf_xla_enable_xla_devices not set
2021-04-21 13:47:36.264606: I tensorflow/compiler/jit/xla_gpu_device.cc:99] Not creating XLA devices, tf_xla_enable_xla_devices not set
mse and spike frequency: 0.12656 0.0
[32m[I 2021-04-21 13:47:47,393][0m Trial 56 finished with values: [0.12656, 0.0] with parameters: {'Vahp': -35.5, 'Vth': -39.0, 'Vmax': 16.0, 't_ref': 15.5, 'R': 0.8, 'tau_m': 179.5, 'R_adp': 0.1, 'tau_w': 405.5, 'a': 296.5, 'rate_low': 22.5, 'rate_high': 28.5}.[0m
2021-04-21 13:47:47.907457: I tensorflow/compiler/jit/xla_gpu_device.cc:99] Not creating XLA devices, tf_xla_enable_xla_devices not set
maxFreq at 10nA: 1000.0
2021-04-21 13:48:12.527807: I tensorflow/compiler/jit/xla_gpu_device.cc:99] Not creating XLA devices, tf_xla_enable_xla_devices not set
2021-04-21 13:48:24.094733: I tensorflow/compiler/jit/xla_gpu_device.cc:99] Not creating XLA devices, tf_xla_enable_xla_devices not set
mse and spike frequency: 0.12656 0.0
[32m[I 2021-04-21 13:48:35,288][0m Trial 57 finished with values: [0.12656, 0.0] with parameters: {'Vahp': -51.0, 'Vth': -56.0, 'Vmax': 15.0, 't_ref': 11.5, 'R': 0.2, 'tau_m': 286.5, 'R_adp': 0.5, 'tau_w': 54.5, 'a': 231.5, 'rate_low': 45.5, 'rate_high': 26.5}.[0m
2021-04-21 13:48:35.793929: I tensorflow/compiler/jit/xla_gpu_device.cc:99] Not creating XLA devices, tf_xla_enable_xla_devices not set
maxFreq at 10nA: 167.0
2021-04-21 13:49:00.911096: I tensorflow/compiler/jit/xla_gpu_device.cc:99] Not creating XLA devices, tf_xla_enable_xla_devices not set
2021-04-21 13:49:12.809604: I tensorflow/compiler/jit/xla_gpu_device.cc:99] Not creating XLA devices, tf_xla_enable_xla_devices not set
mse and spike frequency: 0.00188 27.97
[32m[I 2021-04-21 13:49:23,903][0m Trial 58 finished with values: [0.00188, 27.97] with parameters: {'Vahp': -45.5, 'Vth': -43.5, 'Vmax': 20.0, 't_ref': 5.0, 'R': 0.7000000000000001, 'tau_m': 84.5, 'R_adp': 0.7000000000000001, 'tau_w': 54.5, 'a': 251.5, 'rate_low': 45.5, 'rate_high': 40.0}.[0m
2021-04-21 13:49:24.440617: I tensorflow/compiler/jit/xla_gpu_device.cc:99] Not creating XLA devices, tf_xla_enable_xla_devices not set
maxFreq at 10nA: 1000.0
2021-04-21 13:49:49.695513: I tensorflow/compiler/jit/xla_gpu_device.cc:99] Not creating XLA devices, tf_xla_enable_xla_devices not set
2021-04-21 13:50:01.908780: I tensorflow/compiler/jit/xla_gpu_device.cc:99] Not creating XLA devices, tf_xla_enable_xla_devices not set
mse and spike frequency: 0.12656 0.0
[32m[I 2021-04-21 13:50:13,244][0m Trial 59 finished with values: [0.12656, 0.0] with parameters: {'Vahp': -21.5, 'Vth': -33.5, 'Vmax': 14.5, 't_ref': 3.5, 'R': 0.6, 'tau_m': 89.0, 'R_adp': 0.30000000000000004, 'tau_w': 456.0, 'a': 192.0, 'rate_low': 12.0, 'rate_high': 16.0}.[0m
2021-04-21 13:50:13.784456: I tensorflow/compiler/jit/xla_gpu_device.cc:99] Not creating XLA devices, tf_xla_enable_xla_devices not set
maxFreq at 10nA: 84.0
2021-04-21 13:50:39.150497: I tensorflow/compiler/jit/xla_gpu_device.cc:99] Not creating XLA devices, tf_xla_enable_xla_devices not set
2021-04-21 13:50:51.058135: I tensorflow/compiler/jit/xla_gpu_device.cc:99] Not creating XLA devices, tf_xla_enable_xla_devices not set
mse and spike frequency: 0.84944 14.9
[32m[I 2021-04-21 13:51:02,495][0m Trial 60 finished with values: [0.84944, 14.9] with parameters: {'Vahp': -55.5, 'Vth': -55.0, 'Vmax': 18.5, 't_ref': 10.5, 'R': 0.9, 'tau_m': 129.0, 'R_adp': 0.8, 'tau_w': 456.0, 'a': 56.0, 'rate_low': 12.0, 'rate_high': 31.5}.[0m
2021-04-21 13:51:03.053608: I tensorflow/compiler/jit/xla_gpu_device.cc:99] Not creating XLA devices, tf_xla_enable_xla_devices not set
maxFreq at 10nA: 1000.0
2021-04-21 13:51:28.163940: I tensorflow/compiler/jit/xla_gpu_device.cc:99] Not creating XLA devices, tf_xla_enable_xla_devices not set
2021-04-21 13:51:40.122795: I tensorflow/compiler/jit/xla_gpu_device.cc:99] Not creating XLA devices, tf_xla_enable_xla_devices not set
mse and spike frequency: 0.12656 0.0
[32m[I 2021-04-21 13:51:51,113][0m Trial 61 finished with values: [0.12656, 0.0] with parameters: {'Vahp': -47.0, 'Vth': -58.0, 'Vmax': 39.0, 't_ref': 7.5, 'R': 0.8, 'tau_m': 41.0, 'R_adp': 0.5, 'tau_w': 42.0, 'a': 49.0, 'rate_low': 25.0, 'rate_high': 29.5}.[0m
2021-04-21 13:51:51.669692: I tensorflow/compiler/jit/xla_gpu_device.cc:99] Not creating XLA devices, tf_xla_enable_xla_devices not set
maxFreq at 10nA: 1000.0
2021-04-21 13:52:16.561676: I tensorflow/compiler/jit/xla_gpu_device.cc:99] Not creating XLA devices, tf_xla_enable_xla_devices not set
2021-04-21 13:52:28.202726: I tensorflow/compiler/jit/xla_gpu_device.cc:99] Not creating XLA devices, tf_xla_enable_xla_devices not set
mse and spike frequency: 0.12656 0.0
[32m[I 2021-04-21 13:52:39,693][0m Trial 62 finished with values: [0.12656, 0.0] with parameters: {'Vahp': -45.5, 'Vth': -49.5, 'Vmax': 12.0, 't_ref': 5.0, 'R': 0.7000000000000001, 'tau_m': 88.5, 'R_adp': 0.7000000000000001, 'tau_w': 229.5, 'a': 345.0, 'rate_low': 22.5, 'rate_high': 40.0}.[0m
2021-04-21 13:52:40.250965: I tensorflow/compiler/jit/xla_gpu_device.cc:99] Not creating XLA devices, tf_xla_enable_xla_devices not set
maxFreq at 10nA: 27.0
2021-04-21 13:53:05.452652: I tensorflow/compiler/jit/xla_gpu_device.cc:99] Not creating XLA devices, tf_xla_enable_xla_devices not set
2021-04-21 13:53:17.476119: I tensorflow/compiler/jit/xla_gpu_device.cc:99] Not creating XLA devices, tf_xla_enable_xla_devices not set
mse and spike frequency: 0.12812 0.03
[32m[I 2021-04-21 13:53:29,000][0m Trial 63 finished with values: [0.12812, 0.03] with parameters: {'Vahp': -35.5, 'Vth': -21.5, 'Vmax': 26.5, 't_ref': 9.5, 'R': 0.1, 'tau_m': 179.5, 'R_adp': 0.4, 'tau_w': 288.5, 'a': 363.5, 'rate_low': 2.0, 'rate_high': 28.0}.[0m
2021-04-21 13:53:29.670023: I tensorflow/compiler/jit/xla_gpu_device.cc:99] Not creating XLA devices, tf_xla_enable_xla_devices not set
maxFreq at 10nA: 197.0
2021-04-21 13:53:55.159026: I tensorflow/compiler/jit/xla_gpu_device.cc:99] Not creating XLA devices, tf_xla_enable_xla_devices not set
2021-04-21 13:54:06.930490: I tensorflow/compiler/jit/xla_gpu_device.cc:99] Not creating XLA devices, tf_xla_enable_xla_devices not set
mse and spike frequency: 0.0033 8.39
[32m[I 2021-04-21 13:54:18,230][0m Trial 64 finished with values: [0.0033, 8.39] with parameters: {'Vahp': -45.5, 'Vth': -29.5, 'Vmax': 20.5, 't_ref': 2.5, 'R': 0.4, 'tau_m': 379.5, 'R_adp': 0.30000000000000004, 'tau_w': 152.5, 'a': 105.0, 'rate_low': 28.0, 'rate_high': 29.0}.[0m
2021-04-21 13:54:18.798065: I tensorflow/compiler/jit/xla_gpu_device.cc:99] Not creating XLA devices, tf_xla_enable_xla_devices not set
maxFreq at 10nA: 1000.0
2021-04-21 13:54:43.648122: I tensorflow/compiler/jit/xla_gpu_device.cc:99] Not creating XLA devices, tf_xla_enable_xla_devices not set
2021-04-21 13:54:55.950819: I tensorflow/compiler/jit/xla_gpu_device.cc:99] Not creating XLA devices, tf_xla_enable_xla_devices not set
mse and spike frequency: 0.12656 0.0
[32m[I 2021-04-21 13:55:07,824][0m Trial 65 finished with values: [0.12656, 0.0] with parameters: {'Vahp': -22.0, 'Vth': -56.0, 'Vmax': 18.0, 't_ref': 17.5, 'R': 0.4, 'tau_m': 384.0, 'R_adp': 0.5, 'tau_w': 345.5, 'a': 53.0, 'rate_low': 15.5, 'rate_high': 22.0}.[0m
2021-04-21 13:55:08.326190: I tensorflow/compiler/jit/xla_gpu_device.cc:99] Not creating XLA devices, tf_xla_enable_xla_devices not set
maxFreq at 10nA: 73.0
2021-04-21 13:55:33.616424: I tensorflow/compiler/jit/xla_gpu_device.cc:99] Not creating XLA devices, tf_xla_enable_xla_devices not set
2021-04-21 13:55:46.430948: I tensorflow/compiler/jit/xla_gpu_device.cc:99] Not creating XLA devices, tf_xla_enable_xla_devices not set
mse and spike frequency: 4.50575 15.26
[32m[I 2021-04-21 13:55:58,676][0m Trial 66 finished with values: [4.50575, 15.26] with parameters: {'Vahp': -24.0, 'Vth': -22.5, 'Vmax': 30.0, 't_ref': 4.0, 'R': 0.30000000000000004, 'tau_m': 177.5, 'R_adp': 0.7000000000000001, 'tau_w': 474.0, 'a': 171.0, 'rate_low': 25.5, 'rate_high': 43.0}.[0m
2021-04-21 13:55:59.129113: I tensorflow/compiler/jit/xla_gpu_device.cc:99] Not creating XLA devices, tf_xla_enable_xla_devices not set
maxFreq at 10nA: 1000.0
2021-04-21 13:56:24.134976: I tensorflow/compiler/jit/xla_gpu_device.cc:99] Not creating XLA devices, tf_xla_enable_xla_devices not set
2021-04-21 13:56:36.666244: I tensorflow/compiler/jit/xla_gpu_device.cc:99] Not creating XLA devices, tf_xla_enable_xla_devices not set
mse and spike frequency: 0.12656 0.0
[32m[I 2021-04-21 13:56:48,864][0m Trial 67 finished with values: [0.12656, 0.0] with parameters: {'Vahp': -47.0, 'Vth': -56.0, 'Vmax': 20.0, 't_ref': 11.0, 'R': 0.7000000000000001, 'tau_m': 42.5, 'R_adp': 1.0, 'tau_w': 213.5, 'a': 58.0, 'rate_low': 31.0, 'rate_high': 37.5}.[0m
2021-04-21 13:56:49.347312: I tensorflow/compiler/jit/xla_gpu_device.cc:99] Not creating XLA devices, tf_xla_enable_xla_devices not set
maxFreq at 10nA: 1000.0
2021-04-21 13:57:14.504128: I tensorflow/compiler/jit/xla_gpu_device.cc:99] Not creating XLA devices, tf_xla_enable_xla_devices not set
2021-04-21 13:57:27.302684: I tensorflow/compiler/jit/xla_gpu_device.cc:99] Not creating XLA devices, tf_xla_enable_xla_devices not set
mse and spike frequency: 0.12656 0.0
[32m[I 2021-04-21 13:57:40,068][0m Trial 68 finished with values: [0.12656, 0.0] with parameters: {'Vahp': -25.5, 'Vth': -55.0, 'Vmax': 24.0, 't_ref': 15.0, 'R': 0.2, 'tau_m': 4.5, 'R_adp': 0.2, 'tau_w': 456.0, 'a': 466.0, 'rate_low': 19.5, 'rate_high': 35.5}.[0m
2021-04-21 13:57:40.534834: I tensorflow/compiler/jit/xla_gpu_device.cc:99] Not creating XLA devices, tf_xla_enable_xla_devices not set
maxFreq at 10nA: 1000.0
2021-04-21 13:58:05.427610: I tensorflow/compiler/jit/xla_gpu_device.cc:99] Not creating XLA devices, tf_xla_enable_xla_devices not set
2021-04-21 13:58:18.348923: I tensorflow/compiler/jit/xla_gpu_device.cc:99] Not creating XLA devices, tf_xla_enable_xla_devices not set
mse and spike frequency: 0.12656 0.0
[32m[I 2021-04-21 13:58:31,237][0m Trial 69 finished with values: [0.12656, 0.0] with parameters: {'Vahp': -45.5, 'Vth': -49.5, 'Vmax': 11.5, 't_ref': 5.0, 'R': 0.7000000000000001, 'tau_m': 84.5, 'R_adp': 0.7000000000000001, 'tau_w': 494.0, 'a': 345.0, 'rate_low': 22.5, 'rate_high': 40.0}.[0m
2021-04-21 13:58:31.700772: I tensorflow/compiler/jit/xla_gpu_device.cc:99] Not creating XLA devices, tf_xla_enable_xla_devices not set
maxFreq at 10nA: 63.0
2021-04-21 13:58:56.923367: I tensorflow/compiler/jit/xla_gpu_device.cc:99] Not creating XLA devices, tf_xla_enable_xla_devices not set
2021-04-21 13:59:10.182117: I tensorflow/compiler/jit/xla_gpu_device.cc:99] Not creating XLA devices, tf_xla_enable_xla_devices not set
mse and spike frequency: 0.003 19.17
[32m[I 2021-04-21 13:59:23,700][0m Trial 70 finished with values: [0.003, 19.17] with parameters: {'Vahp': -54.0, 'Vth': -45.5, 'Vmax': 18.0, 't_ref': 14.5, 'R': 0.7000000000000001, 'tau_m': 384.0, 'R_adp': 0.5, 'tau_w': 2.5, 'a': 426.5, 'rate_low': 29.5, 'rate_high': 40.0}.[0m
2021-04-21 13:59:24.169539: I tensorflow/compiler/jit/xla_gpu_device.cc:99] Not creating XLA devices, tf_xla_enable_xla_devices not set
maxFreq at 10nA: 1000.0
2021-04-21 13:59:49.663025: I tensorflow/compiler/jit/xla_gpu_device.cc:99] Not creating XLA devices, tf_xla_enable_xla_devices not set
2021-04-21 14:00:03.679722: I tensorflow/compiler/jit/xla_gpu_device.cc:99] Not creating XLA devices, tf_xla_enable_xla_devices not set
mse and spike frequency: 0.12656 0.0
[32m[I 2021-04-21 14:00:18,119][0m Trial 71 finished with values: [0.12656, 0.0] with parameters: {'Vahp': -36.0, 'Vth': -58.0, 'Vmax': 38.5, 't_ref': 1.5, 'R': 0.9, 'tau_m': 129.0, 'R_adp': 0.8, 'tau_w': 120.0, 'a': 218.0, 'rate_low': 11.5, 'rate_high': 31.5}.[0m
2021-04-21 14:00:18.614762: I tensorflow/compiler/jit/xla_gpu_device.cc:99] Not creating XLA devices, tf_xla_enable_xla_devices not set
maxFreq at 10nA: 1000.0
2021-04-21 14:00:44.188554: I tensorflow/compiler/jit/xla_gpu_device.cc:99] Not creating XLA devices, tf_xla_enable_xla_devices not set
2021-04-21 14:00:58.028208: I tensorflow/compiler/jit/xla_gpu_device.cc:99] Not creating XLA devices, tf_xla_enable_xla_devices not set
mse and spike frequency: 0.12656 0.0
[32m[I 2021-04-21 14:01:12,105][0m Trial 72 finished with values: [0.12656, 0.0] with parameters: {'Vahp': -22.0, 'Vth': -56.0, 'Vmax': 30.5, 't_ref': 0.5, 'R': 0.6, 'tau_m': 138.0, 'R_adp': 0.7000000000000001, 'tau_w': 345.5, 'a': 29.5, 'rate_low': 15.5, 'rate_high': 22.0}.[0m
2021-04-21 14:01:12.686785: I tensorflow/compiler/jit/xla_gpu_device.cc:99] Not creating XLA devices, tf_xla_enable_xla_devices not set
maxFreq at 10nA: 77.0
2021-04-21 14:01:38.104974: I tensorflow/compiler/jit/xla_gpu_device.cc:99] Not creating XLA devices, tf_xla_enable_xla_devices not set
2021-04-21 14:01:51.980530: I tensorflow/compiler/jit/xla_gpu_device.cc:99] Not creating XLA devices, tf_xla_enable_xla_devices not set
mse and spike frequency: 0.18863 4.91
[32m[I 2021-04-21 14:02:05,692][0m Trial 73 finished with values: [0.18863, 4.91] with parameters: {'Vahp': -58.0, 'Vth': -42.5, 'Vmax': 25.5, 't_ref': 11.0, 'R': 0.2, 'tau_m': 164.5, 'R_adp': 0.5, 'tau_w': 215.0, 'a': 76.5, 'rate_low': 28.5, 'rate_high': 31.5}.[0m
2021-04-21 14:02:06.331752: I tensorflow/compiler/jit/xla_gpu_device.cc:99] Not creating XLA devices, tf_xla_enable_xla_devices not set
maxFreq at 10nA: 63.0
2021-04-21 14:02:31.402450: I tensorflow/compiler/jit/xla_gpu_device.cc:99] Not creating XLA devices, tf_xla_enable_xla_devices not set
2021-04-21 14:02:45.155993: I tensorflow/compiler/jit/xla_gpu_device.cc:99] Not creating XLA devices, tf_xla_enable_xla_devices not set
mse and spike frequency: 1.088 6.81
[32m[I 2021-04-21 14:02:58,735][0m Trial 74 finished with values: [1.088, 6.81] with parameters: {'Vahp': -30.0, 'Vth': -25.0, 'Vmax': 20.5, 't_ref': 15.0, 'R': 0.6, 'tau_m': 315.5, 'R_adp': 0.8, 'tau_w': 182.0, 'a': 466.0, 'rate_low': 43.5, 'rate_high': 42.0}.[0m
2021-04-21 14:02:59.365471: I tensorflow/compiler/jit/xla_gpu_device.cc:99] Not creating XLA devices, tf_xla_enable_xla_devices not set
maxFreq at 10nA: 999.0
2021-04-21 14:03:25.459533: I tensorflow/compiler/jit/xla_gpu_device.cc:99] Not creating XLA devices, tf_xla_enable_xla_devices not set
2021-04-21 14:03:39.266152: I tensorflow/compiler/jit/xla_gpu_device.cc:99] Not creating XLA devices, tf_xla_enable_xla_devices not set
mse and spike frequency: 0.12656 0.0
[32m[I 2021-04-21 14:03:52,694][0m Trial 75 finished with values: [0.12656, 0.0] with parameters: {'Vahp': -20.0, 'Vth': -25.0, 'Vmax': 24.0, 't_ref': 15.0, 'R': 0.6, 'tau_m': 183.5, 'R_adp': 0.4, 'tau_w': 222.0, 'a': 466.0, 'rate_low': 40.0, 'rate_high': 42.0}.[0m
2021-04-21 14:03:53.319019: I tensorflow/compiler/jit/xla_gpu_device.cc:99] Not creating XLA devices, tf_xla_enable_xla_devices not set
maxFreq at 10nA: 1000.0
2021-04-21 14:04:18.762274: I tensorflow/compiler/jit/xla_gpu_device.cc:99] Not creating XLA devices, tf_xla_enable_xla_devices not set
2021-04-21 14:04:32.735967: I tensorflow/compiler/jit/xla_gpu_device.cc:99] Not creating XLA devices, tf_xla_enable_xla_devices not set
mse and spike frequency: 0.12656 0.0
[32m[I 2021-04-21 14:04:45,882][0m Trial 76 finished with values: [0.12656, 0.0] with parameters: {'Vahp': -28.0, 'Vth': -58.0, 'Vmax': 12.0, 't_ref': 7.5, 'R': 0.8, 'tau_m': 88.5, 'R_adp': 0.1, 'tau_w': 42.0, 'a': 459.5, 'rate_low': 25.0, 'rate_high': 36.5}.[0m
2021-04-21 14:04:46.409208: I tensorflow/compiler/jit/xla_gpu_device.cc:99] Not creating XLA devices, tf_xla_enable_xla_devices not set
maxFreq at 10nA: 997.0
2021-04-21 14:05:11.900037: I tensorflow/compiler/jit/xla_gpu_device.cc:99] Not creating XLA devices, tf_xla_enable_xla_devices not set
2021-04-21 14:05:26.560553: I tensorflow/compiler/jit/xla_gpu_device.cc:99] Not creating XLA devices, tf_xla_enable_xla_devices not set
mse and spike frequency: 0.12656 0.0
[32m[I 2021-04-21 14:05:40,033][0m Trial 77 finished with values: [0.12656, 0.0] with parameters: {'Vahp': -28.0, 'Vth': -35.5, 'Vmax': 26.0, 't_ref': 13.5, 'R': 0.1, 'tau_m': 168.0, 'R_adp': 0.30000000000000004, 'tau_w': 125.0, 'a': 269.0, 'rate_low': 49.0, 'rate_high': 33.0}.[0m
2021-04-21 14:05:40.587923: I tensorflow/compiler/jit/xla_gpu_device.cc:99] Not creating XLA devices, tf_xla_enable_xla_devices not set
maxFreq at 10nA: 1000.0
2021-04-21 14:06:06.236560: I tensorflow/compiler/jit/xla_gpu_device.cc:99] Not creating XLA devices, tf_xla_enable_xla_devices not set
2021-04-21 14:06:20.976012: I tensorflow/compiler/jit/xla_gpu_device.cc:99] Not creating XLA devices, tf_xla_enable_xla_devices not set
mse and spike frequency: 0.12656 0.0
[32m[I 2021-04-21 14:06:34,913][0m Trial 78 finished with values: [0.12656, 0.0] with parameters: {'Vahp': -40.5, 'Vth': -45.0, 'Vmax': 36.0, 't_ref': 19.0, 'R': 1.0, 'tau_m': 146.0, 'R_adp': 0.9, 'tau_w': 228.0, 'a': 35.0, 'rate_low': 28.0, 'rate_high': 42.5}.[0m
2021-04-21 14:06:35.425754: I tensorflow/compiler/jit/xla_gpu_device.cc:99] Not creating XLA devices, tf_xla_enable_xla_devices not set
maxFreq at 10nA: 67.0
2021-04-21 14:07:01.279971: I tensorflow/compiler/jit/xla_gpu_device.cc:99] Not creating XLA devices, tf_xla_enable_xla_devices not set
2021-04-21 14:07:15.930959: I tensorflow/compiler/jit/xla_gpu_device.cc:99] Not creating XLA devices, tf_xla_enable_xla_devices not set
mse and spike frequency: 0.0747 4.48
[32m[I 2021-04-21 14:07:29,556][0m Trial 79 finished with values: [0.0747, 4.48] with parameters: {'Vahp': -27.0, 'Vth': -24.5, 'Vmax': 21.0, 't_ref': 13.5, 'R': 0.7000000000000001, 'tau_m': 428.5, 'R_adp': 0.1, 'tau_w': 204.0, 'a': 442.0, 'rate_low': 6.5, 'rate_high': 29.0}.[0m
2021-04-21 14:07:30.062564: I tensorflow/compiler/jit/xla_gpu_device.cc:99] Not creating XLA devices, tf_xla_enable_xla_devices not set
maxFreq at 10nA: 43.0
2021-04-21 14:07:55.974779: I tensorflow/compiler/jit/xla_gpu_device.cc:99] Not creating XLA devices, tf_xla_enable_xla_devices not set
2021-04-21 14:08:10.798596: I tensorflow/compiler/jit/xla_gpu_device.cc:99] Not creating XLA devices, tf_xla_enable_xla_devices not set
mse and spike frequency: 5.99124 7.14
[32m[I 2021-04-21 14:08:24,664][0m Trial 80 finished with values: [5.99124, 7.14] with parameters: {'Vahp': -47.0, 'Vth': -38.5, 'Vmax': 31.0, 't_ref': 2.5, 'R': 0.4, 'tau_m': 129.0, 'R_adp': 0.7000000000000001, 'tau_w': 379.5, 'a': 467.0, 'rate_low': 11.5, 'rate_high': 31.5}.[0m
2021-04-21 14:08:25.173296: I tensorflow/compiler/jit/xla_gpu_device.cc:99] Not creating XLA devices, tf_xla_enable_xla_devices not set
maxFreq at 10nA: 999.0
2021-04-21 14:08:51.261179: I tensorflow/compiler/jit/xla_gpu_device.cc:99] Not creating XLA devices, tf_xla_enable_xla_devices not set
2021-04-21 14:09:05.706931: I tensorflow/compiler/jit/xla_gpu_device.cc:99] Not creating XLA devices, tf_xla_enable_xla_devices not set
mse and spike frequency: 0.12656 0.0
[32m[I 2021-04-21 14:09:19,600][0m Trial 81 finished with values: [0.12656, 0.0] with parameters: {'Vahp': -35.0, 'Vth': -39.0, 'Vmax': 37.5, 't_ref': 4.5, 'R': 0.30000000000000004, 'tau_m': 183.5, 'R_adp': 0.4, 'tau_w': 306.0, 'a': 229.5, 'rate_low': 48.0, 'rate_high': 49.0}.[0m
2021-04-21 14:09:20.138003: I tensorflow/compiler/jit/xla_gpu_device.cc:99] Not creating XLA devices, tf_xla_enable_xla_devices not set
maxFreq at 10nA: 112.0
2021-04-21 14:09:45.806938: I tensorflow/compiler/jit/xla_gpu_device.cc:99] Not creating XLA devices, tf_xla_enable_xla_devices not set
2021-04-21 14:10:00.335411: I tensorflow/compiler/jit/xla_gpu_device.cc:99] Not creating XLA devices, tf_xla_enable_xla_devices not set
mse and spike frequency: 0.9572 10.21
[32m[I 2021-04-21 14:10:14,550][0m Trial 82 finished with values: [0.9572, 10.21] with parameters: {'Vahp': -51.0, 'Vth': -42.5, 'Vmax': 25.5, 't_ref': 8.0, 'R': 0.30000000000000004, 'tau_m': 177.5, 'R_adp': 0.5, 'tau_w': 474.0, 'a': 38.5, 'rate_low': 26.0, 'rate_high': 14.5}.[0m
2021-04-21 14:10:15.172618: I tensorflow/compiler/jit/xla_gpu_device.cc:99] Not creating XLA devices, tf_xla_enable_xla_devices not set
maxFreq at 10nA: 1000.0
2021-04-21 14:10:41.509902: I tensorflow/compiler/jit/xla_gpu_device.cc:99] Not creating XLA devices, tf_xla_enable_xla_devices not set
2021-04-21 14:10:56.464816: I tensorflow/compiler/jit/xla_gpu_device.cc:99] Not creating XLA devices, tf_xla_enable_xla_devices not set
mse and spike frequency: 0.12401 1000.1
[32m[I 2021-04-21 14:11:10,833][0m Trial 83 finished with values: [0.12401, 1000.1] with parameters: {'Vahp': -43.5, 'Vth': -58.5, 'Vmax': 20.5, 't_ref': 3.0, 'R': 0.1, 'tau_m': 320.0, 'R_adp': 0.2, 'tau_w': 70.0, 'a': 219.5, 'rate_low': 43.5, 'rate_high': 27.0}.[0m
2021-04-21 14:11:11.401974: I tensorflow/compiler/jit/xla_gpu_device.cc:99] Not creating XLA devices, tf_xla_enable_xla_devices not set
maxFreq at 10nA: 251.0
2021-04-21 14:11:37.714952: I tensorflow/compiler/jit/xla_gpu_device.cc:99] Not creating XLA devices, tf_xla_enable_xla_devices not set
2021-04-21 14:11:52.207178: I tensorflow/compiler/jit/xla_gpu_device.cc:99] Not creating XLA devices, tf_xla_enable_xla_devices not set
mse and spike frequency: 0.00066 19.22
