[32m[I 2021-04-21 16:45:41,617][0m Trial 200 finished with values: [0.02587, 20.51] with parameters: {'Vahp': -47.0, 'Vth': -45.5, 'Vmax': 18.0, 't_ref': 17.5, 'R': 0.9, 'tau_m': 232.0, 'R_adp': 0.30000000000000004, 'tau_w': 494.0, 'a': 53.0, 'rate_low': 41.5, 'rate_high': 22.0}.[0m
2021-04-21 16:45:42.494764: I tensorflow/compiler/jit/xla_gpu_device.cc:99] Not creating XLA devices, tf_xla_enable_xla_devices not set
maxFreq at 10nA: 1000.0
2021-04-21 16:46:25.388402: I tensorflow/compiler/jit/xla_gpu_device.cc:99] Not creating XLA devices, tf_xla_enable_xla_devices not set
2021-04-21 16:46:54.833791: I tensorflow/compiler/jit/xla_gpu_device.cc:99] Not creating XLA devices, tf_xla_enable_xla_devices not set
mse and spike frequency: 0.12656 0.0
[32m[I 2021-04-21 16:47:25,467][0m Trial 201 finished with values: [0.12656, 0.0] with parameters: {'Vahp': -27.0, 'Vth': -49.5, 'Vmax': 22.0, 't_ref': 11.0, 'R': 0.9, 'tau_m': 297.0, 'R_adp': 0.2, 'tau_w': 229.5, 'a': 487.5, 'rate_low': 8.0, 'rate_high': 19.5}.[0m
2021-04-21 16:47:26.351301: I tensorflow/compiler/jit/xla_gpu_device.cc:99] Not creating XLA devices, tf_xla_enable_xla_devices not set
maxFreq at 10nA: 250.0
2021-04-21 16:48:09.079635: I tensorflow/compiler/jit/xla_gpu_device.cc:99] Not creating XLA devices, tf_xla_enable_xla_devices not set
2021-04-21 16:48:39.294757: I tensorflow/compiler/jit/xla_gpu_device.cc:99] Not creating XLA devices, tf_xla_enable_xla_devices not set
mse and spike frequency: 0.00059 30.0
[32m[I 2021-04-21 16:49:09,999][0m Trial 202 finished with values: [0.00059, 30.0] with parameters: {'Vahp': -45.5, 'Vth': -35.5, 'Vmax': 20.5, 't_ref': 3.0, 'R': 0.6, 'tau_m': 16.5, 'R_adp': 1.0, 'tau_w': 28.5, 'a': 276.0, 'rate_low': 42.5, 'rate_high': 45.0}.[0m
2021-04-21 16:49:10.870311: I tensorflow/compiler/jit/xla_gpu_device.cc:99] Not creating XLA devices, tf_xla_enable_xla_devices not set
maxFreq at 10nA: 1000.0
2021-04-21 16:49:53.805664: I tensorflow/compiler/jit/xla_gpu_device.cc:99] Not creating XLA devices, tf_xla_enable_xla_devices not set
2021-04-21 16:50:24.072932: I tensorflow/compiler/jit/xla_gpu_device.cc:99] Not creating XLA devices, tf_xla_enable_xla_devices not set
mse and spike frequency: 0.12656 0.0
[32m[I 2021-04-21 16:50:54,962][0m Trial 203 finished with values: [0.12656, 0.0] with parameters: {'Vahp': -26.0, 'Vth': -35.0, 'Vmax': 16.0, 't_ref': 3.5, 'R': 0.8, 'tau_m': 0.5, 'R_adp': 0.2, 'tau_w': 32.5, 'a': 459.5, 'rate_low': 50.0, 'rate_high': 50.0}.[0m
2021-04-21 16:50:55.856099: I tensorflow/compiler/jit/xla_gpu_device.cc:99] Not creating XLA devices, tf_xla_enable_xla_devices not set
maxFreq at 10nA: 1000.0
2021-04-21 16:51:39.066123: I tensorflow/compiler/jit/xla_gpu_device.cc:99] Not creating XLA devices, tf_xla_enable_xla_devices not set
2021-04-21 16:52:09.611529: I tensorflow/compiler/jit/xla_gpu_device.cc:99] Not creating XLA devices, tf_xla_enable_xla_devices not set
mse and spike frequency: 0.12656 0.0
[32m[I 2021-04-21 16:52:40,004][0m Trial 204 finished with values: [0.12656, 0.0] with parameters: {'Vahp': -20.0, 'Vth': -35.5, 'Vmax': 36.0, 't_ref': 11.0, 'R': 0.7000000000000001, 'tau_m': 168.0, 'R_adp': 1.0, 'tau_w': 228.0, 'a': 459.5, 'rate_low': 8.5, 'rate_high': 37.5}.[0m
2021-04-21 16:52:40.875448: I tensorflow/compiler/jit/xla_gpu_device.cc:99] Not creating XLA devices, tf_xla_enable_xla_devices not set
maxFreq at 10nA: 1000.0
2021-04-21 16:53:23.943028: I tensorflow/compiler/jit/xla_gpu_device.cc:99] Not creating XLA devices, tf_xla_enable_xla_devices not set
2021-04-21 16:53:54.765955: I tensorflow/compiler/jit/xla_gpu_device.cc:99] Not creating XLA devices, tf_xla_enable_xla_devices not set
mse and spike frequency: 0.12656 0.0
[32m[I 2021-04-21 16:54:25,724][0m Trial 205 finished with values: [0.12656, 0.0] with parameters: {'Vahp': -40.5, 'Vth': -53.5, 'Vmax': 20.5, 't_ref': 2.5, 'R': 1.0, 'tau_m': 390.5, 'R_adp': 0.2, 'tau_w': 152.5, 'a': 459.5, 'rate_low': 48.0, 'rate_high': 49.0}.[0m
2021-04-21 16:54:26.631339: I tensorflow/compiler/jit/xla_gpu_device.cc:99] Not creating XLA devices, tf_xla_enable_xla_devices not set
maxFreq at 10nA: 1000.0
2021-04-21 16:55:10.089618: I tensorflow/compiler/jit/xla_gpu_device.cc:99] Not creating XLA devices, tf_xla_enable_xla_devices not set
2021-04-21 16:55:40.711879: I tensorflow/compiler/jit/xla_gpu_device.cc:99] Not creating XLA devices, tf_xla_enable_xla_devices not set
mse and spike frequency: 0.12656 0.0
[32m[I 2021-04-21 16:56:11,710][0m Trial 206 finished with values: [0.12656, 0.0] with parameters: {'Vahp': -47.0, 'Vth': -49.5, 'Vmax': 14.0, 't_ref': 5.0, 'R': 0.7000000000000001, 'tau_m': 56.0, 'R_adp': 0.2, 'tau_w': 494.0, 'a': 18.0, 'rate_low': 15.5, 'rate_high': 22.0}.[0m
2021-04-21 16:56:12.601102: I tensorflow/compiler/jit/xla_gpu_device.cc:99] Not creating XLA devices, tf_xla_enable_xla_devices not set
maxFreq at 10nA: 1000.0
2021-04-21 16:56:56.957322: I tensorflow/compiler/jit/xla_gpu_device.cc:99] Not creating XLA devices, tf_xla_enable_xla_devices not set
2021-04-21 16:57:27.158723: I tensorflow/compiler/jit/xla_gpu_device.cc:99] Not creating XLA devices, tf_xla_enable_xla_devices not set
mse and spike frequency: 0.12656 0.0
[32m[I 2021-04-21 16:57:57,451][0m Trial 207 finished with values: [0.12656, 0.0] with parameters: {'Vahp': -36.0, 'Vth': -53.5, 'Vmax': 20.5, 't_ref': 15.0, 'R': 0.5, 'tau_m': 121.0, 'R_adp': 0.9, 'tau_w': 125.0, 'a': 218.0, 'rate_low': 11.5, 'rate_high': 49.0}.[0m
2021-04-21 16:57:58.264339: I tensorflow/compiler/jit/xla_gpu_device.cc:99] Not creating XLA devices, tf_xla_enable_xla_devices not set
maxFreq at 10nA: 999.0
2021-04-21 16:58:41.837961: I tensorflow/compiler/jit/xla_gpu_device.cc:99] Not creating XLA devices, tf_xla_enable_xla_devices not set
2021-04-21 16:59:11.827166: I tensorflow/compiler/jit/xla_gpu_device.cc:99] Not creating XLA devices, tf_xla_enable_xla_devices not set
mse and spike frequency: 0.12656 0.0
[32m[I 2021-04-21 16:59:42,189][0m Trial 208 finished with values: [0.12656, 0.0] with parameters: {'Vahp': -23.5, 'Vth': -45.0, 'Vmax': 16.0, 't_ref': 15.0, 'R': 0.2, 'tau_m': 232.5, 'R_adp': 0.1, 'tau_w': 229.5, 'a': 58.0, 'rate_low': 36.5, 'rate_high': 50.0}.[0m
2021-04-21 16:59:43.007703: I tensorflow/compiler/jit/xla_gpu_device.cc:99] Not creating XLA devices, tf_xla_enable_xla_devices not set
maxFreq at 10nA: 1000.0
2021-04-21 17:00:26.941328: I tensorflow/compiler/jit/xla_gpu_device.cc:99] Not creating XLA devices, tf_xla_enable_xla_devices not set
2021-04-21 17:00:56.980235: I tensorflow/compiler/jit/xla_gpu_device.cc:99] Not creating XLA devices, tf_xla_enable_xla_devices not set
mse and spike frequency: 0.12656 0.0
[32m[I 2021-04-21 17:01:26,825][0m Trial 209 finished with values: [0.12656, 0.0] with parameters: {'Vahp': -27.0, 'Vth': -45.5, 'Vmax': 26.0, 't_ref': 11.0, 'R': 0.1, 'tau_m': 4.5, 'R_adp': 0.1, 'tau_w': 152.5, 'a': 467.5, 'rate_low': 3.0, 'rate_high': 40.0}.[0m
2021-04-21 17:01:27.658166: I tensorflow/compiler/jit/xla_gpu_device.cc:99] Not creating XLA devices, tf_xla_enable_xla_devices not set
maxFreq at 10nA: 1000.0
2021-04-21 17:02:11.739234: I tensorflow/compiler/jit/xla_gpu_device.cc:99] Not creating XLA devices, tf_xla_enable_xla_devices not set
2021-04-21 17:02:42.255139: I tensorflow/compiler/jit/xla_gpu_device.cc:99] Not creating XLA devices, tf_xla_enable_xla_devices not set
mse and spike frequency: 0.12656 0.0
[32m[I 2021-04-21 17:03:13,417][0m Trial 210 finished with values: [0.12656, 0.0] with parameters: {'Vahp': -36.0, 'Vth': -49.5, 'Vmax': 40.0, 't_ref': 7.5, 'R': 0.8, 'tau_m': 84.5, 'R_adp': 0.6, 'tau_w': 391.0, 'a': 345.0, 'rate_low': 48.0, 'rate_high': 40.0}.[0m
2021-04-21 17:03:14.218073: I tensorflow/compiler/jit/xla_gpu_device.cc:99] Not creating XLA devices, tf_xla_enable_xla_devices not set
maxFreq at 10nA: 999.0
2021-04-21 17:03:58.165025: I tensorflow/compiler/jit/xla_gpu_device.cc:99] Not creating XLA devices, tf_xla_enable_xla_devices not set
2021-04-21 17:04:29.673769: I tensorflow/compiler/jit/xla_gpu_device.cc:99] Not creating XLA devices, tf_xla_enable_xla_devices not set
mse and spike frequency: 0.12656 0.0
[32m[I 2021-04-21 17:05:00,684][0m Trial 211 finished with values: [0.12656, 0.0] with parameters: {'Vahp': -24.0, 'Vth': -28.5, 'Vmax': 18.0, 't_ref': 13.5, 'R': 0.9, 'tau_m': 366.5, 'R_adp': 0.2, 'tau_w': 376.5, 'a': 316.0, 'rate_low': 28.0, 'rate_high': 27.0}.[0m
2021-04-21 17:05:01.494339: I tensorflow/compiler/jit/xla_gpu_device.cc:99] Not creating XLA devices, tf_xla_enable_xla_devices not set
maxFreq at 10nA: 250.0
2021-04-21 17:05:44.686494: I tensorflow/compiler/jit/xla_gpu_device.cc:99] Not creating XLA devices, tf_xla_enable_xla_devices not set
2021-04-21 17:06:16.165310: I tensorflow/compiler/jit/xla_gpu_device.cc:99] Not creating XLA devices, tf_xla_enable_xla_devices not set
mse and spike frequency: 0.00107 18.66
[32m[I 2021-04-21 17:06:47,150][0m Trial 212 finished with values: [0.00107, 18.66] with parameters: {'Vahp': -43.5, 'Vth': -37.5, 'Vmax': 26.0, 't_ref': 3.0, 'R': 0.7000000000000001, 'tau_m': 320.0, 'R_adp': 0.5, 'tau_w': 42.0, 'a': 316.0, 'rate_low': 29.5, 'rate_high': 29.5}.[0m
2021-04-21 17:06:47.956325: I tensorflow/compiler/jit/xla_gpu_device.cc:99] Not creating XLA devices, tf_xla_enable_xla_devices not set
maxFreq at 10nA: 1000.0
2021-04-21 17:07:31.494063: I tensorflow/compiler/jit/xla_gpu_device.cc:99] Not creating XLA devices, tf_xla_enable_xla_devices not set
2021-04-21 17:08:03.339183: I tensorflow/compiler/jit/xla_gpu_device.cc:99] Not creating XLA devices, tf_xla_enable_xla_devices not set
mse and spike frequency: 0.12656 0.0
[32m[I 2021-04-21 17:08:34,550][0m Trial 213 finished with values: [0.12656, 0.0] with parameters: {'Vahp': -23.5, 'Vth': -35.0, 'Vmax': 16.0, 't_ref': 4.0, 'R': 0.9, 'tau_m': 232.5, 'R_adp': 0.1, 'tau_w': 494.0, 'a': 487.5, 'rate_low': 36.5, 'rate_high': 45.5}.[0m
2021-04-21 17:08:35.379704: I tensorflow/compiler/jit/xla_gpu_device.cc:99] Not creating XLA devices, tf_xla_enable_xla_devices not set
maxFreq at 10nA: 1000.0
2021-04-21 17:09:19.377798: I tensorflow/compiler/jit/xla_gpu_device.cc:99] Not creating XLA devices, tf_xla_enable_xla_devices not set
2021-04-21 17:09:50.848653: I tensorflow/compiler/jit/xla_gpu_device.cc:99] Not creating XLA devices, tf_xla_enable_xla_devices not set
mse and spike frequency: 0.12656 0.0
[32m[I 2021-04-21 17:10:22,543][0m Trial 214 finished with values: [0.12656, 0.0] with parameters: {'Vahp': -24.0, 'Vth': -47.5, 'Vmax': 14.0, 't_ref': 5.0, 'R': 0.7000000000000001, 'tau_m': 56.0, 'R_adp': 0.7000000000000001, 'tau_w': 391.0, 'a': 18.0, 'rate_low': 22.5, 'rate_high': 36.5}.[0m
2021-04-21 17:10:23.450087: I tensorflow/compiler/jit/xla_gpu_device.cc:99] Not creating XLA devices, tf_xla_enable_xla_devices not set
maxFreq at 10nA: 145.0
2021-04-21 17:11:07.704158: I tensorflow/compiler/jit/xla_gpu_device.cc:99] Not creating XLA devices, tf_xla_enable_xla_devices not set
2021-04-21 17:11:39.381650: I tensorflow/compiler/jit/xla_gpu_device.cc:99] Not creating XLA devices, tf_xla_enable_xla_devices not set
mse and spike frequency: 7.68921 30.8
[32m[I 2021-04-21 17:12:10,285][0m Trial 215 finished with values: [7.68921, 30.8] with parameters: {'Vahp': -55.5, 'Vth': -50.5, 'Vmax': 31.0, 't_ref': 1.5, 'R': 0.9, 'tau_m': 129.0, 'R_adp': 0.7000000000000001, 'tau_w': 376.5, 'a': 302.0, 'rate_low': 28.0, 'rate_high': 43.0}.[0m
2021-04-21 17:12:11.218761: I tensorflow/compiler/jit/xla_gpu_device.cc:99] Not creating XLA devices, tf_xla_enable_xla_devices not set
maxFreq at 10nA: 989.0
2021-04-21 17:12:56.258088: I tensorflow/compiler/jit/xla_gpu_device.cc:99] Not creating XLA devices, tf_xla_enable_xla_devices not set
2021-04-21 17:13:28.286226: I tensorflow/compiler/jit/xla_gpu_device.cc:99] Not creating XLA devices, tf_xla_enable_xla_devices not set
mse and spike frequency: 0.12656 0.0
[32m[I 2021-04-21 17:13:59,896][0m Trial 216 finished with values: [0.12656, 0.0] with parameters: {'Vahp': -25.5, 'Vth': -29.5, 'Vmax': 20.5, 't_ref': 1.5, 'R': 0.1, 'tau_m': 379.5, 'R_adp': 0.1, 'tau_w': 28.5, 'a': 105.0, 'rate_low': 42.5, 'rate_high': 35.5}.[0m
2021-04-21 17:14:00.729133: I tensorflow/compiler/jit/xla_gpu_device.cc:99] Not creating XLA devices, tf_xla_enable_xla_devices not set
maxFreq at 10nA: 65.0
2021-04-21 17:14:46.025403: I tensorflow/compiler/jit/xla_gpu_device.cc:99] Not creating XLA devices, tf_xla_enable_xla_devices not set
2021-04-21 17:15:18.610780: I tensorflow/compiler/jit/xla_gpu_device.cc:99] Not creating XLA devices, tf_xla_enable_xla_devices not set
mse and spike frequency: 7.64753 10.57
[32m[I 2021-04-21 17:15:50,795][0m Trial 217 finished with values: [7.64753, 10.57] with parameters: {'Vahp': -49.5, 'Vth': -35.0, 'Vmax': 16.0, 't_ref': 4.5, 'R': 0.30000000000000004, 'tau_m': 232.5, 'R_adp': 0.7000000000000001, 'tau_w': 266.0, 'a': 269.0, 'rate_low': 36.5, 'rate_high': 45.5}.[0m
2021-04-21 17:15:51.697912: I tensorflow/compiler/jit/xla_gpu_device.cc:99] Not creating XLA devices, tf_xla_enable_xla_devices not set
maxFreq at 10nA: 1000.0
2021-04-21 17:16:37.837528: I tensorflow/compiler/jit/xla_gpu_device.cc:99] Not creating XLA devices, tf_xla_enable_xla_devices not set
2021-04-21 17:17:10.277057: I tensorflow/compiler/jit/xla_gpu_device.cc:99] Not creating XLA devices, tf_xla_enable_xla_devices not set
mse and spike frequency: 0.12656 0.0
[32m[I 2021-04-21 17:17:42,530][0m Trial 218 finished with values: [0.12656, 0.0] with parameters: {'Vahp': -26.0, 'Vth': -29.5, 'Vmax': 27.5, 't_ref': 15.0, 'R': 0.8, 'tau_m': 146.0, 'R_adp': 0.2, 'tau_w': 120.0, 'a': 459.5, 'rate_low': 11.5, 'rate_high': 31.5}.[0m
2021-04-21 17:17:43.354285: I tensorflow/compiler/jit/xla_gpu_device.cc:99] Not creating XLA devices, tf_xla_enable_xla_devices not set
maxFreq at 10nA: 995.0
2021-04-21 17:18:28.850422: I tensorflow/compiler/jit/xla_gpu_device.cc:99] Not creating XLA devices, tf_xla_enable_xla_devices not set
2021-04-21 17:19:01.255235: I tensorflow/compiler/jit/xla_gpu_device.cc:99] Not creating XLA devices, tf_xla_enable_xla_devices not set
mse and spike frequency: 0.12656 0.0
[32m[I 2021-04-21 17:19:33,528][0m Trial 219 finished with values: [0.12656, 0.0] with parameters: {'Vahp': -35.5, 'Vth': -39.0, 'Vmax': 24.5, 't_ref': 6.0, 'R': 0.1, 'tau_m': 265.5, 'R_adp': 0.5, 'tau_w': 474.5, 'a': 362.5, 'rate_low': 49.0, 'rate_high': 28.5}.[0m
2021-04-21 17:19:34.390725: I tensorflow/compiler/jit/xla_gpu_device.cc:99] Not creating XLA devices, tf_xla_enable_xla_devices not set
maxFreq at 10nA: 129.0
2021-04-21 17:20:19.927329: I tensorflow/compiler/jit/xla_gpu_device.cc:99] Not creating XLA devices, tf_xla_enable_xla_devices not set
2021-04-21 17:20:52.856984: I tensorflow/compiler/jit/xla_gpu_device.cc:99] Not creating XLA devices, tf_xla_enable_xla_devices not set
mse and spike frequency: 0.0434 4.57
[32m[I 2021-04-21 17:21:25,499][0m Trial 220 finished with values: [0.0434, 4.57] with parameters: {'Vahp': -45.5, 'Vth': -25.0, 'Vmax': 20.5, 't_ref': 1.0, 'R': 0.4, 'tau_m': 379.5, 'R_adp': 0.5, 'tau_w': 167.5, 'a': 288.5, 'rate_low': 40.0, 'rate_high': 42.0}.[0m
2021-04-21 17:21:26.311673: I tensorflow/compiler/jit/xla_gpu_device.cc:99] Not creating XLA devices, tf_xla_enable_xla_devices not set
maxFreq at 10nA: 1000.0
2021-04-21 17:22:12.554543: I tensorflow/compiler/jit/xla_gpu_device.cc:99] Not creating XLA devices, tf_xla_enable_xla_devices not set
2021-04-21 17:22:45.262124: I tensorflow/compiler/jit/xla_gpu_device.cc:99] Not creating XLA devices, tf_xla_enable_xla_devices not set
mse and spike frequency: 0.12656 0.0
[32m[I 2021-04-21 17:23:18,063][0m Trial 221 finished with values: [0.12656, 0.0] with parameters: {'Vahp': -45.5, 'Vth': -49.5, 'Vmax': 40.0, 't_ref': 7.5, 'R': 0.8, 'tau_m': 84.5, 'R_adp': 0.1, 'tau_w': 391.0, 'a': 345.0, 'rate_low': 48.0, 'rate_high': 40.0}.[0m
2021-04-21 17:23:18.965981: I tensorflow/compiler/jit/xla_gpu_device.cc:99] Not creating XLA devices, tf_xla_enable_xla_devices not set
maxFreq at 10nA: 1000.0
2021-04-21 17:24:04.986414: I tensorflow/compiler/jit/xla_gpu_device.cc:99] Not creating XLA devices, tf_xla_enable_xla_devices not set
2021-04-21 17:24:37.838417: I tensorflow/compiler/jit/xla_gpu_device.cc:99] Not creating XLA devices, tf_xla_enable_xla_devices not set
mse and spike frequency: 0.12656 0.0
[32m[I 2021-04-21 17:25:09,429][0m Trial 222 finished with values: [0.12656, 0.0] with parameters: {'Vahp': -25.5, 'Vth': -45.5, 'Vmax': 22.0, 't_ref': 2.5, 'R': 0.9, 'tau_m': 4.5, 'R_adp': 0.8, 'tau_w': 152.5, 'a': 467.5, 'rate_low': 29.5, 'rate_high': 40.0}.[0m
2021-04-21 17:25:10.328439: I tensorflow/compiler/jit/xla_gpu_device.cc:99] Not creating XLA devices, tf_xla_enable_xla_devices not set
maxFreq at 10nA: 1000.0
2021-04-21 17:25:56.170011: I tensorflow/compiler/jit/xla_gpu_device.cc:99] Not creating XLA devices, tf_xla_enable_xla_devices not set
2021-04-21 17:26:28.513672: I tensorflow/compiler/jit/xla_gpu_device.cc:99] Not creating XLA devices, tf_xla_enable_xla_devices not set
mse and spike frequency: 0.12656 0.0
[32m[I 2021-04-21 17:27:00,786][0m Trial 223 finished with values: [0.12656, 0.0] with parameters: {'Vahp': -47.0, 'Vth': -58.0, 'Vmax': 26.0, 't_ref': 7.0, 'R': 0.9, 'tau_m': 197.0, 'R_adp': 0.6, 'tau_w': 306.0, 'a': 499.5, 'rate_low': 29.5, 'rate_high': 38.5}.[0m
2021-04-21 17:27:01.644975: I tensorflow/compiler/jit/xla_gpu_device.cc:99] Not creating XLA devices, tf_xla_enable_xla_devices not set
maxFreq at 10nA: 1000.0
2021-04-21 17:27:47.929730: I tensorflow/compiler/jit/xla_gpu_device.cc:99] Not creating XLA devices, tf_xla_enable_xla_devices not set
2021-04-21 17:28:21.251320: I tensorflow/compiler/jit/xla_gpu_device.cc:99] Not creating XLA devices, tf_xla_enable_xla_devices not set
mse and spike frequency: 0.12656 0.0
[32m[I 2021-04-21 17:28:54,010][0m Trial 224 finished with values: [0.12656, 0.0] with parameters: {'Vahp': -26.5, 'Vth': -44.5, 'Vmax': 18.0, 't_ref': 15.0, 'R': 1.0, 'tau_m': 180.0, 'R_adp': 0.2, 'tau_w': 391.0, 'a': 35.0, 'rate_low': 16.5, 'rate_high': 42.5}.[0m
2021-04-21 17:28:54.838411: I tensorflow/compiler/jit/xla_gpu_device.cc:99] Not creating XLA devices, tf_xla_enable_xla_devices not set
maxFreq at 10nA: 1000.0
2021-04-21 17:29:41.376822: I tensorflow/compiler/jit/xla_gpu_device.cc:99] Not creating XLA devices, tf_xla_enable_xla_devices not set
2021-04-21 17:30:14.684465: I tensorflow/compiler/jit/xla_gpu_device.cc:99] Not creating XLA devices, tf_xla_enable_xla_devices not set
mse and spike frequency: 0.12656 0.0
[32m[I 2021-04-21 17:30:47,187][0m Trial 225 finished with values: [0.12656, 0.0] with parameters: {'Vahp': -24.0, 'Vth': -47.5, 'Vmax': 22.0, 't_ref': 7.5, 'R': 1.0, 'tau_m': 22.0, 'R_adp': 0.7000000000000001, 'tau_w': 391.0, 'a': 18.5, 'rate_low': 38.5, 'rate_high': 42.5}.[0m
2021-04-21 17:30:48.103347: I tensorflow/compiler/jit/xla_gpu_device.cc:99] Not creating XLA devices, tf_xla_enable_xla_devices not set
maxFreq at 10nA: 994.0
2021-04-21 17:31:34.428358: I tensorflow/compiler/jit/xla_gpu_device.cc:99] Not creating XLA devices, tf_xla_enable_xla_devices not set
2021-04-21 17:32:07.631559: I tensorflow/compiler/jit/xla_gpu_device.cc:99] Not creating XLA devices, tf_xla_enable_xla_devices not set
mse and spike frequency: 0.12656 0.0
[32m[I 2021-04-21 17:32:39,941][0m Trial 226 finished with values: [0.12656, 0.0] with parameters: {'Vahp': -28.0, 'Vth': -33.0, 'Vmax': 37.5, 't_ref': 11.0, 'R': 0.1, 'tau_m': 236.5, 'R_adp': 0.7000000000000001, 'tau_w': 228.0, 'a': 459.5, 'rate_low': 48.0, 'rate_high': 50.0}.[0m
2021-04-21 17:32:40.807096: I tensorflow/compiler/jit/xla_gpu_device.cc:99] Not creating XLA devices, tf_xla_enable_xla_devices not set
maxFreq at 10nA: 127.0
2021-04-21 17:33:26.812223: I tensorflow/compiler/jit/xla_gpu_device.cc:99] Not creating XLA devices, tf_xla_enable_xla_devices not set
2021-04-21 17:34:00.830567: I tensorflow/compiler/jit/xla_gpu_device.cc:99] Not creating XLA devices, tf_xla_enable_xla_devices not set
mse and spike frequency: 0.02686 1.57
[32m[I 2021-04-21 17:34:33,887][0m Trial 227 finished with values: [0.02686, 1.57] with parameters: {'Vahp': -43.5, 'Vth': -37.5, 'Vmax': 18.0, 't_ref': 3.0, 'R': 0.1, 'tau_m': 320.0, 'R_adp': 0.2, 'tau_w': 70.0, 'a': 316.0, 'rate_low': 16.5, 'rate_high': 27.0}.[0m
2021-04-21 17:34:34.796707: I tensorflow/compiler/jit/xla_gpu_device.cc:99] Not creating XLA devices, tf_xla_enable_xla_devices not set
maxFreq at 10nA: 1000.0
2021-04-21 17:35:21.497826: I tensorflow/compiler/jit/xla_gpu_device.cc:99] Not creating XLA devices, tf_xla_enable_xla_devices not set
2021-04-21 17:35:55.744932: I tensorflow/compiler/jit/xla_gpu_device.cc:99] Not creating XLA devices, tf_xla_enable_xla_devices not set
mse and spike frequency: 0.12656 0.0
[32m[I 2021-04-21 17:36:29,148][0m Trial 228 finished with values: [0.12656, 0.0] with parameters: {'Vahp': -45.5, 'Vth': -47.5, 'Vmax': 11.5, 't_ref': 3.0, 'R': 0.4, 'tau_m': 22.0, 'R_adp': 1.0, 'tau_w': 28.5, 'a': 18.5, 'rate_low': 42.5, 'rate_high': 45.0}.[0m
2021-04-21 17:36:30.035909: I tensorflow/compiler/jit/xla_gpu_device.cc:99] Not creating XLA devices, tf_xla_enable_xla_devices not set
