[32m[I 2021-04-21 15:57:38,809][0m Trial 171 finished with values: [0.13206, 0.55] with parameters: {'Vahp': -59.0, 'Vth': -30.5, 'Vmax': 39.5, 't_ref': 17.5, 'R': 0.1, 'tau_m': 175.0, 'R_adp': 0.2, 'tau_w': 242.0, 'a': 206.5, 'rate_low': 16.5, 'rate_high': 13.5}.[0m
2021-04-21 15:57:39.559007: I tensorflow/compiler/jit/xla_gpu_device.cc:99] Not creating XLA devices, tf_xla_enable_xla_devices not set
maxFreq at 10nA: 1000.0
2021-04-21 15:58:17.840708: I tensorflow/compiler/jit/xla_gpu_device.cc:99] Not creating XLA devices, tf_xla_enable_xla_devices not set
2021-04-21 15:58:43.944401: I tensorflow/compiler/jit/xla_gpu_device.cc:99] Not creating XLA devices, tf_xla_enable_xla_devices not set
mse and spike frequency: 0.12656 0.0
[32m[I 2021-04-21 15:59:10,256][0m Trial 172 finished with values: [0.12656, 0.0] with parameters: {'Vahp': -25.5, 'Vth': -48.5, 'Vmax': 32.5, 't_ref': 2.5, 'R': 0.2, 'tau_m': 47.5, 'R_adp': 0.7000000000000001, 'tau_w': 53.0, 'a': 414.5, 'rate_low': 40.0, 'rate_high': 31.0}.[0m
2021-04-21 15:59:11.009710: I tensorflow/compiler/jit/xla_gpu_device.cc:99] Not creating XLA devices, tf_xla_enable_xla_devices not set
maxFreq at 10nA: 1000.0
2021-04-21 15:59:50.174573: I tensorflow/compiler/jit/xla_gpu_device.cc:99] Not creating XLA devices, tf_xla_enable_xla_devices not set
2021-04-21 16:00:16.213411: I tensorflow/compiler/jit/xla_gpu_device.cc:99] Not creating XLA devices, tf_xla_enable_xla_devices not set
mse and spike frequency: 0.12656 0.0
[32m[I 2021-04-21 16:00:42,814][0m Trial 173 finished with values: [0.12656, 0.0] with parameters: {'Vahp': -29.5, 'Vth': -58.0, 'Vmax': 39.5, 't_ref': 15.5, 'R': 0.4, 'tau_m': 47.5, 'R_adp': 0.7000000000000001, 'tau_w': 246.0, 'a': 389.5, 'rate_low': 32.5, 'rate_high': 47.5}.[0m
2021-04-21 16:00:43.623980: I tensorflow/compiler/jit/xla_gpu_device.cc:99] Not creating XLA devices, tf_xla_enable_xla_devices not set
maxFreq at 10nA: 1000.0
2021-04-21 16:01:22.936272: I tensorflow/compiler/jit/xla_gpu_device.cc:99] Not creating XLA devices, tf_xla_enable_xla_devices not set
2021-04-21 16:01:49.636511: I tensorflow/compiler/jit/xla_gpu_device.cc:99] Not creating XLA devices, tf_xla_enable_xla_devices not set
mse and spike frequency: 0.12656 0.0
[32m[I 2021-04-21 16:02:16,117][0m Trial 174 finished with values: [0.12656, 0.0] with parameters: {'Vahp': -27.5, 'Vth': -51.0, 'Vmax': 10.5, 't_ref': 2.0, 'R': 0.9, 'tau_m': 255.5, 'R_adp': 0.7000000000000001, 'tau_w': 54.0, 'a': 296.0, 'rate_low': 34.5, 'rate_high': 49.5}.[0m
2021-04-21 16:02:16.897651: I tensorflow/compiler/jit/xla_gpu_device.cc:99] Not creating XLA devices, tf_xla_enable_xla_devices not set
maxFreq at 10nA: 90.0
2021-04-21 16:02:55.938636: I tensorflow/compiler/jit/xla_gpu_device.cc:99] Not creating XLA devices, tf_xla_enable_xla_devices not set
2021-04-21 16:03:22.614360: I tensorflow/compiler/jit/xla_gpu_device.cc:99] Not creating XLA devices, tf_xla_enable_xla_devices not set
mse and spike frequency: 45.13981 19.45
[32m[I 2021-04-21 16:03:49,093][0m Trial 175 finished with values: [45.13981, 19.45] with parameters: {'Vahp': -45.5, 'Vth': -35.5, 'Vmax': 10.5, 't_ref': 1.5, 'R': 0.8, 'tau_m': 329.5, 'R_adp': 0.8, 'tau_w': 430.5, 'a': 342.5, 'rate_low': 0.5, 'rate_high': 32.5}.[0m
2021-04-21 16:03:49.838871: I tensorflow/compiler/jit/xla_gpu_device.cc:99] Not creating XLA devices, tf_xla_enable_xla_devices not set
maxFreq at 10nA: 1000.0
2021-04-21 16:04:28.704369: I tensorflow/compiler/jit/xla_gpu_device.cc:99] Not creating XLA devices, tf_xla_enable_xla_devices not set
2021-04-21 16:04:55.669378: I tensorflow/compiler/jit/xla_gpu_device.cc:99] Not creating XLA devices, tf_xla_enable_xla_devices not set
mse and spike frequency: 0.12656 0.0
[32m[I 2021-04-21 16:05:21,872][0m Trial 176 finished with values: [0.12656, 0.0] with parameters: {'Vahp': -46.0, 'Vth': -55.5, 'Vmax': 31.0, 't_ref': 8.5, 'R': 0.5, 'tau_m': 151.5, 'R_adp': 0.6, 'tau_w': 74.5, 'a': 486.0, 'rate_low': 21.0, 'rate_high': 41.5}.[0m
2021-04-21 16:05:22.649164: I tensorflow/compiler/jit/xla_gpu_device.cc:99] Not creating XLA devices, tf_xla_enable_xla_devices not set
maxFreq at 10nA: 1000.0
2021-04-21 16:06:01.573844: I tensorflow/compiler/jit/xla_gpu_device.cc:99] Not creating XLA devices, tf_xla_enable_xla_devices not set
2021-04-21 16:06:28.697558: I tensorflow/compiler/jit/xla_gpu_device.cc:99] Not creating XLA devices, tf_xla_enable_xla_devices not set
mse and spike frequency: 0.12656 0.0
[32m[I 2021-04-21 16:06:54,999][0m Trial 177 finished with values: [0.12656, 0.0] with parameters: {'Vahp': -46.0, 'Vth': -48.5, 'Vmax': 33.5, 't_ref': 2.0, 'R': 0.4, 'tau_m': 255.5, 'R_adp': 0.4, 'tau_w': 54.0, 'a': 89.0, 'rate_low': 34.5, 'rate_high': 50.0}.[0m
2021-04-21 16:06:55.747007: I tensorflow/compiler/jit/xla_gpu_device.cc:99] Not creating XLA devices, tf_xla_enable_xla_devices not set
maxFreq at 10nA: 1000.0
2021-04-21 16:07:34.644644: I tensorflow/compiler/jit/xla_gpu_device.cc:99] Not creating XLA devices, tf_xla_enable_xla_devices not set
2021-04-21 16:08:01.788849: I tensorflow/compiler/jit/xla_gpu_device.cc:99] Not creating XLA devices, tf_xla_enable_xla_devices not set
mse and spike frequency: 0.12656 0.0
[32m[I 2021-04-21 16:08:28,066][0m Trial 178 finished with values: [0.12656, 0.0] with parameters: {'Vahp': -48.0, 'Vth': -51.0, 'Vmax': 24.0, 't_ref': 3.0, 'R': 0.5, 'tau_m': 452.5, 'R_adp': 0.6, 'tau_w': 11.5, 'a': 136.5, 'rate_low': 2.5, 'rate_high': 49.5}.[0m
2021-04-21 16:08:28.901867: I tensorflow/compiler/jit/xla_gpu_device.cc:99] Not creating XLA devices, tf_xla_enable_xla_devices not set
maxFreq at 10nA: 1000.0
2021-04-21 16:09:08.057549: I tensorflow/compiler/jit/xla_gpu_device.cc:99] Not creating XLA devices, tf_xla_enable_xla_devices not set
2021-04-21 16:09:35.696228: I tensorflow/compiler/jit/xla_gpu_device.cc:99] Not creating XLA devices, tf_xla_enable_xla_devices not set
mse and spike frequency: 0.12656 0.0
[32m[I 2021-04-21 16:10:02,321][0m Trial 179 finished with values: [0.12656, 0.0] with parameters: {'Vahp': -22.0, 'Vth': -39.5, 'Vmax': 28.5, 't_ref': 20.0, 'R': 0.9, 'tau_m': 61.5, 'R_adp': 0.5, 'tau_w': 24.5, 'a': 136.5, 'rate_low': 8.5, 'rate_high': 42.5}.[0m
2021-04-21 16:10:03.084109: I tensorflow/compiler/jit/xla_gpu_device.cc:99] Not creating XLA devices, tf_xla_enable_xla_devices not set
maxFreq at 10nA: 1000.0
2021-04-21 16:10:41.816934: I tensorflow/compiler/jit/xla_gpu_device.cc:99] Not creating XLA devices, tf_xla_enable_xla_devices not set
2021-04-21 16:11:09.085789: I tensorflow/compiler/jit/xla_gpu_device.cc:99] Not creating XLA devices, tf_xla_enable_xla_devices not set
mse and spike frequency: 0.12656 0.0
[32m[I 2021-04-21 16:11:35,867][0m Trial 180 finished with values: [0.12656, 0.0] with parameters: {'Vahp': -24.0, 'Vth': -51.0, 'Vmax': 22.5, 't_ref': 14.5, 'R': 1.0, 'tau_m': 485.5, 'R_adp': 1.0, 'tau_w': 11.5, 'a': 136.5, 'rate_low': 46.5, 'rate_high': 41.5}.[0m
2021-04-21 16:11:36.683490: I tensorflow/compiler/jit/xla_gpu_device.cc:99] Not creating XLA devices, tf_xla_enable_xla_devices not set
maxFreq at 10nA: 1000.0
2021-04-21 16:12:16.317235: I tensorflow/compiler/jit/xla_gpu_device.cc:99] Not creating XLA devices, tf_xla_enable_xla_devices not set
2021-04-21 16:12:44.390814: I tensorflow/compiler/jit/xla_gpu_device.cc:99] Not creating XLA devices, tf_xla_enable_xla_devices not set
mse and spike frequency: 0.12656 0.0
[32m[I 2021-04-21 16:13:11,286][0m Trial 181 finished with values: [0.12656, 0.0] with parameters: {'Vahp': -47.0, 'Vth': -49.0, 'Vmax': 16.5, 't_ref': 6.5, 'R': 0.5, 'tau_m': 279.0, 'R_adp': 0.2, 'tau_w': 99.0, 'a': 45.0, 'rate_low': 6.0, 'rate_high': 16.0}.[0m
2021-04-21 16:13:12.050813: I tensorflow/compiler/jit/xla_gpu_device.cc:99] Not creating XLA devices, tf_xla_enable_xla_devices not set
maxFreq at 10nA: 1000.0
2021-04-21 16:13:51.206289: I tensorflow/compiler/jit/xla_gpu_device.cc:99] Not creating XLA devices, tf_xla_enable_xla_devices not set
2021-04-21 16:14:19.485053: I tensorflow/compiler/jit/xla_gpu_device.cc:99] Not creating XLA devices, tf_xla_enable_xla_devices not set
mse and spike frequency: 0.12656 0.0
[32m[I 2021-04-21 16:14:47,079][0m Trial 182 finished with values: [0.12656, 0.0] with parameters: {'Vahp': -42.5, 'Vth': -52.0, 'Vmax': 33.5, 't_ref': 7.5, 'R': 1.0, 'tau_m': 311.5, 'R_adp': 0.5, 'tau_w': 35.5, 'a': 331.0, 'rate_low': 11.0, 'rate_high': 16.5}.[0m
2021-04-21 16:14:47.854721: I tensorflow/compiler/jit/xla_gpu_device.cc:99] Not creating XLA devices, tf_xla_enable_xla_devices not set
maxFreq at 10nA: 1000.0
2021-04-21 16:15:27.980682: I tensorflow/compiler/jit/xla_gpu_device.cc:99] Not creating XLA devices, tf_xla_enable_xla_devices not set
2021-04-21 16:15:56.414941: I tensorflow/compiler/jit/xla_gpu_device.cc:99] Not creating XLA devices, tf_xla_enable_xla_devices not set
mse and spike frequency: 0.12656 0.0
[32m[I 2021-04-21 16:16:24,071][0m Trial 183 finished with values: [0.12656, 0.0] with parameters: {'Vahp': -35.5, 'Vth': -53.5, 'Vmax': 25.5, 't_ref': 7.5, 'R': 0.30000000000000004, 'tau_m': 134.0, 'R_adp': 0.5, 'tau_w': 310.0, 'a': 331.0, 'rate_low': 3.5, 'rate_high': 47.5}.[0m
2021-04-21 16:16:24.851463: I tensorflow/compiler/jit/xla_gpu_device.cc:99] Not creating XLA devices, tf_xla_enable_xla_devices not set
maxFreq at 10nA: 1000.0
2021-04-21 16:17:05.532415: I tensorflow/compiler/jit/xla_gpu_device.cc:99] Not creating XLA devices, tf_xla_enable_xla_devices not set
2021-04-21 16:17:33.366557: I tensorflow/compiler/jit/xla_gpu_device.cc:99] Not creating XLA devices, tf_xla_enable_xla_devices not set
mse and spike frequency: 0.12656 0.0
[32m[I 2021-04-21 16:18:01,157][0m Trial 184 finished with values: [0.12656, 0.0] with parameters: {'Vahp': -29.5, 'Vth': -42.0, 'Vmax': 32.5, 't_ref': 9.0, 'R': 0.6, 'tau_m': 317.5, 'R_adp': 0.7000000000000001, 'tau_w': 194.5, 'a': 483.5, 'rate_low': 3.5, 'rate_high': 39.5}.[0m
2021-04-21 16:18:01.918741: I tensorflow/compiler/jit/xla_gpu_device.cc:99] Not creating XLA devices, tf_xla_enable_xla_devices not set
maxFreq at 10nA: 999.0
2021-04-21 16:18:42.582205: I tensorflow/compiler/jit/xla_gpu_device.cc:99] Not creating XLA devices, tf_xla_enable_xla_devices not set
2021-04-21 16:19:11.002738: I tensorflow/compiler/jit/xla_gpu_device.cc:99] Not creating XLA devices, tf_xla_enable_xla_devices not set
mse and spike frequency: 0.12656 0.0
[32m[I 2021-04-21 16:19:38,024][0m Trial 185 finished with values: [0.12656, 0.0] with parameters: {'Vahp': -30.0, 'Vth': -45.0, 'Vmax': 10.5, 't_ref': 17.5, 'R': 0.5, 'tau_m': 454.0, 'R_adp': 0.30000000000000004, 'tau_w': 310.0, 'a': 367.0, 'rate_low': 6.0, 'rate_high': 45.5}.[0m
2021-04-21 16:19:38.813052: I tensorflow/compiler/jit/xla_gpu_device.cc:99] Not creating XLA devices, tf_xla_enable_xla_devices not set
maxFreq at 10nA: 63.0
2021-04-21 16:20:19.071697: I tensorflow/compiler/jit/xla_gpu_device.cc:99] Not creating XLA devices, tf_xla_enable_xla_devices not set
2021-04-21 16:20:47.330042: I tensorflow/compiler/jit/xla_gpu_device.cc:99] Not creating XLA devices, tf_xla_enable_xla_devices not set
mse and spike frequency: 0.00693 2.61
[32m[I 2021-04-21 16:21:15,393][0m Trial 186 finished with values: [0.00693, 2.61] with parameters: {'Vahp': -53.5, 'Vth': -31.0, 'Vmax': 16.5, 't_ref': 14.0, 'R': 0.5, 'tau_m': 221.5, 'R_adp': 0.2, 'tau_w': 99.0, 'a': 45.0, 'rate_low': 6.0, 'rate_high': 14.0}.[0m
2021-04-21 16:21:16.165148: I tensorflow/compiler/jit/xla_gpu_device.cc:99] Not creating XLA devices, tf_xla_enable_xla_devices not set
maxFreq at 10nA: 1000.0
2021-04-21 16:21:57.394151: I tensorflow/compiler/jit/xla_gpu_device.cc:99] Not creating XLA devices, tf_xla_enable_xla_devices not set
2021-04-21 16:22:26.753391: I tensorflow/compiler/jit/xla_gpu_device.cc:99] Not creating XLA devices, tf_xla_enable_xla_devices not set
mse and spike frequency: 0.12656 0.0
[32m[I 2021-04-21 16:22:54,741][0m Trial 187 finished with values: [0.12656, 0.0] with parameters: {'Vahp': -22.0, 'Vth': -49.5, 'Vmax': 32.5, 't_ref': 18.0, 'R': 0.6, 'tau_m': 47.5, 'R_adp': 0.2, 'tau_w': 24.5, 'a': 483.5, 'rate_low': 3.5, 'rate_high': 42.0}.[0m
2021-04-21 16:22:55.484081: I tensorflow/compiler/jit/xla_gpu_device.cc:99] Not creating XLA devices, tf_xla_enable_xla_devices not set
maxFreq at 10nA: 19.0
2021-04-21 16:23:36.441627: I tensorflow/compiler/jit/xla_gpu_device.cc:99] Not creating XLA devices, tf_xla_enable_xla_devices not set
2021-04-21 16:24:05.759050: I tensorflow/compiler/jit/xla_gpu_device.cc:99] Not creating XLA devices, tf_xla_enable_xla_devices not set
mse and spike frequency: 0.10863 0.39
[32m[I 2021-04-21 16:24:33,872][0m Trial 188 finished with values: [0.10863, 0.39] with parameters: {'Vahp': -36.5, 'Vth': -35.5, 'Vmax': 28.5, 't_ref': 1.5, 'R': 0.1, 'tau_m': 440.5, 'R_adp': 0.8, 'tau_w': 226.5, 'a': 336.0, 'rate_low': 15.5, 'rate_high': 43.5}.[0m
2021-04-21 16:24:34.639821: I tensorflow/compiler/jit/xla_gpu_device.cc:99] Not creating XLA devices, tf_xla_enable_xla_devices not set
maxFreq at 10nA: 996.0
2021-04-21 16:25:15.597356: I tensorflow/compiler/jit/xla_gpu_device.cc:99] Not creating XLA devices, tf_xla_enable_xla_devices not set
2021-04-21 16:25:45.014615: I tensorflow/compiler/jit/xla_gpu_device.cc:99] Not creating XLA devices, tf_xla_enable_xla_devices not set
mse and spike frequency: 0.12656 0.0
[32m[I 2021-04-21 16:26:13,525][0m Trial 189 finished with values: [0.12656, 0.0] with parameters: {'Vahp': -30.0, 'Vth': -30.5, 'Vmax': 19.5, 't_ref': 17.5, 'R': 0.1, 'tau_m': 175.0, 'R_adp': 0.1, 'tau_w': 318.0, 'a': 377.5, 'rate_low': 32.0, 'rate_high': 43.0}.[0m
2021-04-21 16:26:14.329964: I tensorflow/compiler/jit/xla_gpu_device.cc:99] Not creating XLA devices, tf_xla_enable_xla_devices not set
maxFreq at 10nA: 1000.0
2021-04-21 16:26:55.279299: I tensorflow/compiler/jit/xla_gpu_device.cc:99] Not creating XLA devices, tf_xla_enable_xla_devices not set
2021-04-21 16:27:24.657517: I tensorflow/compiler/jit/xla_gpu_device.cc:99] Not creating XLA devices, tf_xla_enable_xla_devices not set
mse and spike frequency: 0.12656 0.0
[32m[I 2021-04-21 16:27:53,212][0m Trial 190 finished with values: [0.12656, 0.0] with parameters: {'Vahp': -24.0, 'Vth': -41.0, 'Vmax': 33.5, 't_ref': 15.5, 'R': 1.0, 'tau_m': 271.5, 'R_adp': 0.30000000000000004, 'tau_w': 60.0, 'a': 28.0, 'rate_low': 48.0, 'rate_high': 50.0}.[0m
2021-04-21 16:27:53.970190: I tensorflow/compiler/jit/xla_gpu_device.cc:99] Not creating XLA devices, tf_xla_enable_xla_devices not set
maxFreq at 10nA: 333.0
2021-04-21 16:28:34.712188: I tensorflow/compiler/jit/xla_gpu_device.cc:99] Not creating XLA devices, tf_xla_enable_xla_devices not set
2021-04-21 16:29:04.722999: I tensorflow/compiler/jit/xla_gpu_device.cc:99] Not creating XLA devices, tf_xla_enable_xla_devices not set
mse and spike frequency: 0.00065 19.49
[32m[I 2021-04-21 16:29:33,051][0m Trial 191 finished with values: [0.00065, 19.49] with parameters: {'Vahp': -48.0, 'Vth': -35.5, 'Vmax': 31.0, 't_ref': 1.5, 'R': 0.9, 'tau_m': 452.5, 'R_adp': 1.0, 'tau_w': 430.5, 'a': 1.5, 'rate_low': 15.5, 'rate_high': 41.5}.[0m
2021-04-21 16:29:33.815368: I tensorflow/compiler/jit/xla_gpu_device.cc:99] Not creating XLA devices, tf_xla_enable_xla_devices not set
maxFreq at 10nA: 1000.0
2021-04-21 16:30:15.244157: I tensorflow/compiler/jit/xla_gpu_device.cc:99] Not creating XLA devices, tf_xla_enable_xla_devices not set
2021-04-21 16:30:45.062630: I tensorflow/compiler/jit/xla_gpu_device.cc:99] Not creating XLA devices, tf_xla_enable_xla_devices not set
mse and spike frequency: 0.12656 0.0
[32m[I 2021-04-21 16:31:13,973][0m Trial 192 finished with values: [0.12656, 0.0] with parameters: {'Vahp': -29.5, 'Vth': -45.0, 'Vmax': 10.5, 't_ref': 2.0, 'R': 0.8, 'tau_m': 255.5, 'R_adp': 0.5, 'tau_w': 139.5, 'a': 296.0, 'rate_low': 13.0, 'rate_high': 29.0}.[0m
2021-04-21 16:31:14.744579: I tensorflow/compiler/jit/xla_gpu_device.cc:99] Not creating XLA devices, tf_xla_enable_xla_devices not set
maxFreq at 10nA: 66.0
2021-04-21 16:31:56.201781: I tensorflow/compiler/jit/xla_gpu_device.cc:99] Not creating XLA devices, tf_xla_enable_xla_devices not set
2021-04-21 16:32:26.137172: I tensorflow/compiler/jit/xla_gpu_device.cc:99] Not creating XLA devices, tf_xla_enable_xla_devices not set
mse and spike frequency: 2.7145 7.09
[32m[I 2021-04-21 16:32:54,582][0m Trial 193 finished with values: [2.7145, 7.09] with parameters: {'Vahp': -57.0, 'Vth': -21.0, 'Vmax': 32.5, 't_ref': 7.5, 'R': 0.30000000000000004, 'tau_m': 47.5, 'R_adp': 0.6, 'tau_w': 409.0, 'a': 226.0, 'rate_low': 3.5, 'rate_high': 47.5}.[0m
2021-04-21 16:32:55.351063: I tensorflow/compiler/jit/xla_gpu_device.cc:99] Not creating XLA devices, tf_xla_enable_xla_devices not set
maxFreq at 10nA: 1000.0
2021-04-21 16:33:36.963522: I tensorflow/compiler/jit/xla_gpu_device.cc:99] Not creating XLA devices, tf_xla_enable_xla_devices not set
2021-04-21 16:34:06.467128: I tensorflow/compiler/jit/xla_gpu_device.cc:99] Not creating XLA devices, tf_xla_enable_xla_devices not set
mse and spike frequency: 0.12656 0.0
[32m[I 2021-04-21 16:34:35,031][0m Trial 194 finished with values: [0.12656, 0.0] with parameters: {'Vahp': -43.0, 'Vth': -58.0, 'Vmax': 20.0, 't_ref': 7.5, 'R': 0.4, 'tau_m': 255.5, 'R_adp': 0.9, 'tau_w': 339.5, 'a': 217.0, 'rate_low': 32.5, 'rate_high': 47.5}.[0m
2021-04-21 16:34:35.797037: I tensorflow/compiler/jit/xla_gpu_device.cc:99] Not creating XLA devices, tf_xla_enable_xla_devices not set
maxFreq at 10nA: 999.0
2021-04-21 16:35:17.375591: I tensorflow/compiler/jit/xla_gpu_device.cc:99] Not creating XLA devices, tf_xla_enable_xla_devices not set
2021-04-21 16:35:46.720806: I tensorflow/compiler/jit/xla_gpu_device.cc:99] Not creating XLA devices, tf_xla_enable_xla_devices not set
mse and spike frequency: 0.12656 0.0
[32m[I 2021-04-21 16:36:14,523][0m Trial 195 finished with values: [0.12656, 0.0] with parameters: {'Vahp': -47.0, 'Vth': -53.5, 'Vmax': 24.0, 't_ref': 13.5, 'R': 0.2, 'tau_m': 494.0, 'R_adp': 0.5, 'tau_w': 159.5, 'a': 296.0, 'rate_low': 37.0, 'rate_high': 45.0}.[0m
2021-04-21 16:36:15.367479: I tensorflow/compiler/jit/xla_gpu_device.cc:99] Not creating XLA devices, tf_xla_enable_xla_devices not set
maxFreq at 10nA: 1000.0
2021-04-21 16:36:55.989741: I tensorflow/compiler/jit/xla_gpu_device.cc:99] Not creating XLA devices, tf_xla_enable_xla_devices not set
2021-04-21 16:37:25.617145: I tensorflow/compiler/jit/xla_gpu_device.cc:99] Not creating XLA devices, tf_xla_enable_xla_devices not set
mse and spike frequency: 0.12656 0.0
[32m[I 2021-04-21 16:37:53,945][0m Trial 196 finished with values: [0.12656, 0.0] with parameters: {'Vahp': -42.5, 'Vth': -45.5, 'Vmax': 39.5, 't_ref': 6.5, 'R': 0.6, 'tau_m': 254.0, 'R_adp': 0.5, 'tau_w': 35.5, 'a': 217.0, 'rate_low': 32.5, 'rate_high': 43.5}.[0m
2021-04-21 16:37:54.749946: I tensorflow/compiler/jit/xla_gpu_device.cc:99] Not creating XLA devices, tf_xla_enable_xla_devices not set
maxFreq at 10nA: 1000.0
2021-04-21 16:38:35.499191: I tensorflow/compiler/jit/xla_gpu_device.cc:99] Not creating XLA devices, tf_xla_enable_xla_devices not set
2021-04-21 16:39:05.426329: I tensorflow/compiler/jit/xla_gpu_device.cc:99] Not creating XLA devices, tf_xla_enable_xla_devices not set
mse and spike frequency: 0.12656 0.0
[32m[I 2021-04-21 16:39:33,154][0m Trial 197 finished with values: [0.12656, 0.0] with parameters: {'Vahp': -29.5, 'Vth': -32.5, 'Vmax': 27.5, 't_ref': 2.0, 'R': 0.6, 'tau_m': 47.5, 'R_adp': 0.5, 'tau_w': 104.5, 'a': 296.0, 'rate_low': 37.0, 'rate_high': 39.5}.[0m
2021-04-21 16:39:33.924505: I tensorflow/compiler/jit/xla_gpu_device.cc:99] Not creating XLA devices, tf_xla_enable_xla_devices not set
maxFreq at 10nA: 1000.0
2021-04-21 16:40:15.568965: I tensorflow/compiler/jit/xla_gpu_device.cc:99] Not creating XLA devices, tf_xla_enable_xla_devices not set
2021-04-21 16:40:46.023924: I tensorflow/compiler/jit/xla_gpu_device.cc:99] Not creating XLA devices, tf_xla_enable_xla_devices not set
mse and spike frequency: 0.12656 0.0
[32m[I 2021-04-21 16:41:13,118][0m Trial 198 finished with values: [0.12656, 0.0] with parameters: {'Vahp': -41.0, 'Vth': -47.5, 'Vmax': 19.0, 't_ref': 2.0, 'R': 0.4, 'tau_m': 139.0, 'R_adp': 0.9, 'tau_w': 181.5, 'a': 217.0, 'rate_low': 32.5, 'rate_high': 47.5}.[0m
2021-04-21 16:41:13.964886: I tensorflow/compiler/jit/xla_gpu_device.cc:99] Not creating XLA devices, tf_xla_enable_xla_devices not set
maxFreq at 10nA: 1000.0
2021-04-21 16:41:54.666382: I tensorflow/compiler/jit/xla_gpu_device.cc:99] Not creating XLA devices, tf_xla_enable_xla_devices not set
2021-04-21 16:42:24.851549: I tensorflow/compiler/jit/xla_gpu_device.cc:99] Not creating XLA devices, tf_xla_enable_xla_devices not set
mse and spike frequency: 0.12656 0.0
[32m[I 2021-04-21 16:42:53,496][0m Trial 199 finished with values: [0.12656, 0.0] with parameters: {'Vahp': -22.0, 'Vth': -45.0, 'Vmax': 39.5, 't_ref': 6.5, 'R': 0.9, 'tau_m': 317.5, 'R_adp': 0.6, 'tau_w': 122.0, 'a': 179.0, 'rate_low': 7.5, 'rate_high': 44.5}.[0m
2021-04-21 16:42:54.333825: I tensorflow/compiler/jit/xla_gpu_device.cc:99] Not creating XLA devices, tf_xla_enable_xla_devices not set
maxFreq at 10nA: 91.0
2021-04-21 16:43:35.542612: I tensorflow/compiler/jit/xla_gpu_device.cc:99] Not creating XLA devices, tf_xla_enable_xla_devices not set
2021-04-21 16:44:06.740688: I tensorflow/compiler/jit/xla_gpu_device.cc:99] Not creating XLA devices, tf_xla_enable_xla_devices not set
mse and spike frequency: 0.01459 1.77
