[32m[I 2021-04-21 14:42:53,542][0m Trial 113 finished with values: [0.02967, 2.12] with parameters: {'Vahp': -44.5, 'Vth': -22.5, 'Vmax': 19.0, 't_ref': 6.5, 'R': 0.1, 'tau_m': 43.0, 'R_adp': 0.6, 'tau_w': 41.0, 'a': 390.5, 'rate_low': 19.0, 'rate_high': 46.0}.[0m
2021-04-21 14:42:54.302703: I tensorflow/compiler/jit/xla_gpu_device.cc:99] Not creating XLA devices, tf_xla_enable_xla_devices not set
maxFreq at 10nA: 67.0
2021-04-21 14:43:24.523501: I tensorflow/compiler/jit/xla_gpu_device.cc:99] Not creating XLA devices, tf_xla_enable_xla_devices not set
2021-04-21 14:43:43.621023: I tensorflow/compiler/jit/xla_gpu_device.cc:99] Not creating XLA devices, tf_xla_enable_xla_devices not set
mse and spike frequency: 0.13741 10.29
[32m[I 2021-04-21 14:44:01,773][0m Trial 114 finished with values: [0.13741, 10.29] with parameters: {'Vahp': -57.0, 'Vth': -39.5, 'Vmax': 35.5, 't_ref': 13.5, 'R': 0.7000000000000001, 'tau_m': 7.5, 'R_adp': 0.6, 'tau_w': 189.5, 'a': 62.5, 'rate_low': 5.5, 'rate_high': 49.5}.[0m
2021-04-21 14:44:02.388046: I tensorflow/compiler/jit/xla_gpu_device.cc:99] Not creating XLA devices, tf_xla_enable_xla_devices not set
maxFreq at 10nA: 1000.0
2021-04-21 14:44:32.583824: I tensorflow/compiler/jit/xla_gpu_device.cc:99] Not creating XLA devices, tf_xla_enable_xla_devices not set
2021-04-21 14:44:51.537263: I tensorflow/compiler/jit/xla_gpu_device.cc:99] Not creating XLA devices, tf_xla_enable_xla_devices not set
mse and spike frequency: 0.12656 0.0
[32m[I 2021-04-21 14:45:09,995][0m Trial 115 finished with values: [0.12656, 0.0] with parameters: {'Vahp': -21.0, 'Vth': -51.0, 'Vmax': 16.0, 't_ref': 1.0, 'R': 1.0, 'tau_m': 130.5, 'R_adp': 0.8, 'tau_w': 397.0, 'a': 472.5, 'rate_low': 28.0, 'rate_high': 43.0}.[0m
2021-04-21 14:45:10.699143: I tensorflow/compiler/jit/xla_gpu_device.cc:99] Not creating XLA devices, tf_xla_enable_xla_devices not set
maxFreq at 10nA: 1000.0
2021-04-21 14:45:41.112798: I tensorflow/compiler/jit/xla_gpu_device.cc:99] Not creating XLA devices, tf_xla_enable_xla_devices not set
2021-04-21 14:45:59.797407: I tensorflow/compiler/jit/xla_gpu_device.cc:99] Not creating XLA devices, tf_xla_enable_xla_devices not set
mse and spike frequency: 0.12656 0.0
[32m[I 2021-04-21 14:46:18,063][0m Trial 116 finished with values: [0.12656, 0.0] with parameters: {'Vahp': -27.0, 'Vth': -54.0, 'Vmax': 15.0, 't_ref': 16.5, 'R': 0.4, 'tau_m': 16.5, 'R_adp': 0.2, 'tau_w': 343.5, 'a': 380.0, 'rate_low': 45.5, 'rate_high': 48.5}.[0m
2021-04-21 14:46:18.851496: I tensorflow/compiler/jit/xla_gpu_device.cc:99] Not creating XLA devices, tf_xla_enable_xla_devices not set
maxFreq at 10nA: 87.0
2021-04-21 14:46:49.685247: I tensorflow/compiler/jit/xla_gpu_device.cc:99] Not creating XLA devices, tf_xla_enable_xla_devices not set
2021-04-21 14:47:08.187898: I tensorflow/compiler/jit/xla_gpu_device.cc:99] Not creating XLA devices, tf_xla_enable_xla_devices not set
mse and spike frequency: 10.02025 11.03
[32m[I 2021-04-21 14:47:26,498][0m Trial 117 finished with values: [10.02025, 11.03] with parameters: {'Vahp': -23.5, 'Vth': -22.5, 'Vmax': 25.0, 't_ref': 6.5, 'R': 0.1, 'tau_m': 65.5, 'R_adp': 0.6, 'tau_w': 405.0, 'a': 57.5, 'rate_low': 14.0, 'rate_high': 48.5}.[0m
2021-04-21 14:47:27.112711: I tensorflow/compiler/jit/xla_gpu_device.cc:99] Not creating XLA devices, tf_xla_enable_xla_devices not set
maxFreq at 10nA: 1000.0
2021-04-21 14:47:57.960117: I tensorflow/compiler/jit/xla_gpu_device.cc:99] Not creating XLA devices, tf_xla_enable_xla_devices not set
2021-04-21 14:48:16.928887: I tensorflow/compiler/jit/xla_gpu_device.cc:99] Not creating XLA devices, tf_xla_enable_xla_devices not set
mse and spike frequency: 0.12656 0.0
[32m[I 2021-04-21 14:48:35,928][0m Trial 118 finished with values: [0.12656, 0.0] with parameters: {'Vahp': -34.5, 'Vth': -49.5, 'Vmax': 15.5, 't_ref': 0.5, 'R': 0.9, 'tau_m': 44.5, 'R_adp': 0.4, 'tau_w': 487.0, 'a': 46.0, 'rate_low': 45.5, 'rate_high': 22.5}.[0m
2021-04-21 14:48:36.549740: I tensorflow/compiler/jit/xla_gpu_device.cc:99] Not creating XLA devices, tf_xla_enable_xla_devices not set
maxFreq at 10nA: 997.0
2021-04-21 14:49:07.466791: I tensorflow/compiler/jit/xla_gpu_device.cc:99] Not creating XLA devices, tf_xla_enable_xla_devices not set
2021-04-21 14:49:26.138838: I tensorflow/compiler/jit/xla_gpu_device.cc:99] Not creating XLA devices, tf_xla_enable_xla_devices not set
mse and spike frequency: 0.12656 0.0
[32m[I 2021-04-21 14:49:44,245][0m Trial 119 finished with values: [0.12656, 0.0] with parameters: {'Vahp': -23.5, 'Vth': -34.5, 'Vmax': 38.5, 't_ref': 3.0, 'R': 0.2, 'tau_m': 250.5, 'R_adp': 0.6, 'tau_w': 107.0, 'a': 219.5, 'rate_low': 14.0, 'rate_high': 14.5}.[0m
2021-04-21 14:49:44.848054: I tensorflow/compiler/jit/xla_gpu_device.cc:99] Not creating XLA devices, tf_xla_enable_xla_devices not set
maxFreq at 10nA: 1000.0
2021-04-21 14:50:15.808428: I tensorflow/compiler/jit/xla_gpu_device.cc:99] Not creating XLA devices, tf_xla_enable_xla_devices not set
2021-04-21 14:50:34.111144: I tensorflow/compiler/jit/xla_gpu_device.cc:99] Not creating XLA devices, tf_xla_enable_xla_devices not set
mse and spike frequency: 0.12656 0.0
[32m[I 2021-04-21 14:50:51,581][0m Trial 120 finished with values: [0.12656, 0.0] with parameters: {'Vahp': -21.5, 'Vth': -30.5, 'Vmax': 38.0, 't_ref': 6.0, 'R': 0.2, 'tau_m': 27.5, 'R_adp': 0.4, 'tau_w': 333.0, 'a': 46.0, 'rate_low': 49.0, 'rate_high': 49.0}.[0m
2021-04-21 14:50:52.212157: I tensorflow/compiler/jit/xla_gpu_device.cc:99] Not creating XLA devices, tf_xla_enable_xla_devices not set
maxFreq at 10nA: 1000.0
2021-04-21 14:51:23.554837: I tensorflow/compiler/jit/xla_gpu_device.cc:99] Not creating XLA devices, tf_xla_enable_xla_devices not set
2021-04-21 14:51:41.894184: I tensorflow/compiler/jit/xla_gpu_device.cc:99] Not creating XLA devices, tf_xla_enable_xla_devices not set
mse and spike frequency: 0.12656 0.0
[32m[I 2021-04-21 14:52:00,022][0m Trial 121 finished with values: [0.12656, 0.0] with parameters: {'Vahp': -42.5, 'Vth': -43.0, 'Vmax': 12.5, 't_ref': 14.0, 'R': 0.5, 'tau_m': 240.5, 'R_adp': 0.1, 'tau_w': 387.5, 'a': 442.0, 'rate_low': 43.5, 'rate_high': 48.0}.[0m
2021-04-21 14:52:00.690524: I tensorflow/compiler/jit/xla_gpu_device.cc:99] Not creating XLA devices, tf_xla_enable_xla_devices not set
maxFreq at 10nA: 1000.0
2021-04-21 14:52:32.955854: I tensorflow/compiler/jit/xla_gpu_device.cc:99] Not creating XLA devices, tf_xla_enable_xla_devices not set
2021-04-21 14:52:52.135435: I tensorflow/compiler/jit/xla_gpu_device.cc:99] Not creating XLA devices, tf_xla_enable_xla_devices not set
mse and spike frequency: 0.12656 0.0
[32m[I 2021-04-21 14:53:10,486][0m Trial 122 finished with values: [0.12656, 0.0] with parameters: {'Vahp': -40.0, 'Vth': -54.0, 'Vmax': 16.5, 't_ref': 1.0, 'R': 0.30000000000000004, 'tau_m': 202.0, 'R_adp': 0.2, 'tau_w': 383.0, 'a': 453.0, 'rate_low': 28.5, 'rate_high': 43.0}.[0m
2021-04-21 14:53:11.130941: I tensorflow/compiler/jit/xla_gpu_device.cc:99] Not creating XLA devices, tf_xla_enable_xla_devices not set
maxFreq at 10nA: 125.0
2021-04-21 14:53:42.635343: I tensorflow/compiler/jit/xla_gpu_device.cc:99] Not creating XLA devices, tf_xla_enable_xla_devices not set
2021-04-21 14:54:02.246534: I tensorflow/compiler/jit/xla_gpu_device.cc:99] Not creating XLA devices, tf_xla_enable_xla_devices not set
mse and spike frequency: 2.87884 15.88
[32m[I 2021-04-21 14:54:20,789][0m Trial 123 finished with values: [2.87884, 15.88] with parameters: {'Vahp': -44.5, 'Vth': -43.5, 'Vmax': 31.0, 't_ref': 6.5, 'R': 1.0, 'tau_m': 381.0, 'R_adp': 0.7000000000000001, 'tau_w': 298.5, 'a': 363.0, 'rate_low': 32.0, 'rate_high': 43.0}.[0m
2021-04-21 14:54:21.474990: I tensorflow/compiler/jit/xla_gpu_device.cc:99] Not creating XLA devices, tf_xla_enable_xla_devices not set
maxFreq at 10nA: 996.0
2021-04-21 14:54:54.019279: I tensorflow/compiler/jit/xla_gpu_device.cc:99] Not creating XLA devices, tf_xla_enable_xla_devices not set
2021-04-21 14:55:14.381701: I tensorflow/compiler/jit/xla_gpu_device.cc:99] Not creating XLA devices, tf_xla_enable_xla_devices not set
mse and spike frequency: 0.12656 0.0
[32m[I 2021-04-21 14:55:33,426][0m Trial 124 finished with values: [0.12656, 0.0] with parameters: {'Vahp': -23.0, 'Vth': -34.5, 'Vmax': 35.5, 't_ref': 19.0, 'R': 0.2, 'tau_m': 407.0, 'R_adp': 0.4, 'tau_w': 383.0, 'a': 57.5, 'rate_low': 46.5, 'rate_high': 50.0}.[0m
2021-04-21 14:55:34.109919: I tensorflow/compiler/jit/xla_gpu_device.cc:99] Not creating XLA devices, tf_xla_enable_xla_devices not set
maxFreq at 10nA: 1000.0
2021-04-21 14:56:06.625356: I tensorflow/compiler/jit/xla_gpu_device.cc:99] Not creating XLA devices, tf_xla_enable_xla_devices not set
2021-04-21 14:56:27.241441: I tensorflow/compiler/jit/xla_gpu_device.cc:99] Not creating XLA devices, tf_xla_enable_xla_devices not set
mse and spike frequency: 0.12656 0.0
[32m[I 2021-04-21 14:56:45,747][0m Trial 125 finished with values: [0.12656, 0.0] with parameters: {'Vahp': -30.5, 'Vth': -32.5, 'Vmax': 38.0, 't_ref': 2.0, 'R': 0.4, 'tau_m': 65.5, 'R_adp': 0.1, 'tau_w': 405.0, 'a': 290.0, 'rate_low': 40.5, 'rate_high': 26.5}.[0m
2021-04-21 14:56:46.359391: I tensorflow/compiler/jit/xla_gpu_device.cc:99] Not creating XLA devices, tf_xla_enable_xla_devices not set
maxFreq at 10nA: 999.0
2021-04-21 14:57:18.523608: I tensorflow/compiler/jit/xla_gpu_device.cc:99] Not creating XLA devices, tf_xla_enable_xla_devices not set
2021-04-21 14:57:39.234265: I tensorflow/compiler/jit/xla_gpu_device.cc:99] Not creating XLA devices, tf_xla_enable_xla_devices not set
mse and spike frequency: 0.12656 0.0
[32m[I 2021-04-21 14:57:58,150][0m Trial 126 finished with values: [0.12656, 0.0] with parameters: {'Vahp': -21.0, 'Vth': -23.5, 'Vmax': 30.0, 't_ref': 2.5, 'R': 0.4, 'tau_m': 130.5, 'R_adp': 0.8, 'tau_w': 88.5, 'a': 472.5, 'rate_low': 28.0, 'rate_high': 43.5}.[0m
2021-04-21 14:57:58.800906: I tensorflow/compiler/jit/xla_gpu_device.cc:99] Not creating XLA devices, tf_xla_enable_xla_devices not set
maxFreq at 10nA: 1000.0
2021-04-21 14:58:30.746164: I tensorflow/compiler/jit/xla_gpu_device.cc:99] Not creating XLA devices, tf_xla_enable_xla_devices not set
2021-04-21 14:58:52.048102: I tensorflow/compiler/jit/xla_gpu_device.cc:99] Not creating XLA devices, tf_xla_enable_xla_devices not set
mse and spike frequency: 0.12656 0.0
[32m[I 2021-04-21 14:59:11,061][0m Trial 127 finished with values: [0.12656, 0.0] with parameters: {'Vahp': -26.0, 'Vth': -43.5, 'Vmax': 40.0, 't_ref': 15.0, 'R': 0.6, 'tau_m': 124.0, 'R_adp': 0.5, 'tau_w': 499.5, 'a': 159.0, 'rate_low': 8.5, 'rate_high': 48.0}.[0m
2021-04-21 14:59:11.680788: I tensorflow/compiler/jit/xla_gpu_device.cc:99] Not creating XLA devices, tf_xla_enable_xla_devices not set
maxFreq at 10nA: 998.0
2021-04-21 14:59:43.538281: I tensorflow/compiler/jit/xla_gpu_device.cc:99] Not creating XLA devices, tf_xla_enable_xla_devices not set
2021-04-21 15:00:05.053583: I tensorflow/compiler/jit/xla_gpu_device.cc:99] Not creating XLA devices, tf_xla_enable_xla_devices not set
mse and spike frequency: 0.12656 0.0
[32m[I 2021-04-21 15:00:24,449][0m Trial 128 finished with values: [0.12656, 0.0] with parameters: {'Vahp': -39.0, 'Vth': -50.0, 'Vmax': 35.5, 't_ref': 1.0, 'R': 0.1, 'tau_m': 269.5, 'R_adp': 0.1, 'tau_w': 213.5, 'a': 317.0, 'rate_low': 47.5, 'rate_high': 35.0}.[0m
2021-04-21 15:00:25.066161: I tensorflow/compiler/jit/xla_gpu_device.cc:99] Not creating XLA devices, tf_xla_enable_xla_devices not set
maxFreq at 10nA: 53.0
2021-04-21 15:00:57.358317: I tensorflow/compiler/jit/xla_gpu_device.cc:99] Not creating XLA devices, tf_xla_enable_xla_devices not set
2021-04-21 15:01:18.751001: I tensorflow/compiler/jit/xla_gpu_device.cc:99] Not creating XLA devices, tf_xla_enable_xla_devices not set
mse and spike frequency: 0.00501 6.07
[32m[I 2021-04-21 15:01:39,267][0m Trial 129 finished with values: [0.00501, 6.07] with parameters: {'Vahp': -52.5, 'Vth': -37.0, 'Vmax': 37.5, 't_ref': 18.0, 'R': 0.7000000000000001, 'tau_m': 173.5, 'R_adp': 0.6, 'tau_w': 68.0, 'a': 214.5, 'rate_low': 11.5, 'rate_high': 18.5}.[0m
2021-04-21 15:01:39.955599: I tensorflow/compiler/jit/xla_gpu_device.cc:99] Not creating XLA devices, tf_xla_enable_xla_devices not set
maxFreq at 10nA: 995.0
2021-04-21 15:02:12.494022: I tensorflow/compiler/jit/xla_gpu_device.cc:99] Not creating XLA devices, tf_xla_enable_xla_devices not set
2021-04-21 15:02:32.959849: I tensorflow/compiler/jit/xla_gpu_device.cc:99] Not creating XLA devices, tf_xla_enable_xla_devices not set
mse and spike frequency: 0.12656 0.0
[32m[I 2021-04-21 15:02:53,566][0m Trial 130 finished with values: [0.12656, 0.0] with parameters: {'Vahp': -25.0, 'Vth': -32.5, 'Vmax': 19.0, 't_ref': 2.0, 'R': 0.2, 'tau_m': 417.5, 'R_adp': 0.6, 'tau_w': 487.5, 'a': 290.0, 'rate_low': 40.5, 'rate_high': 49.0}.[0m
2021-04-21 15:02:54.201813: I tensorflow/compiler/jit/xla_gpu_device.cc:99] Not creating XLA devices, tf_xla_enable_xla_devices not set
maxFreq at 10nA: 1000.0
2021-04-21 15:03:27.395745: I tensorflow/compiler/jit/xla_gpu_device.cc:99] Not creating XLA devices, tf_xla_enable_xla_devices not set
2021-04-21 15:03:48.348180: I tensorflow/compiler/jit/xla_gpu_device.cc:99] Not creating XLA devices, tf_xla_enable_xla_devices not set
mse and spike frequency: 0.12656 0.0
[32m[I 2021-04-21 15:04:09,416][0m Trial 131 finished with values: [0.12656, 0.0] with parameters: {'Vahp': -39.5, 'Vth': -56.0, 'Vmax': 11.5, 't_ref': 20.0, 'R': 0.2, 'tau_m': 443.5, 'R_adp': 0.6, 'tau_w': 358.5, 'a': 57.5, 'rate_low': 7.5, 'rate_high': 26.5}.[0m
2021-04-21 15:04:10.090435: I tensorflow/compiler/jit/xla_gpu_device.cc:99] Not creating XLA devices, tf_xla_enable_xla_devices not set
maxFreq at 10nA: 59.0
2021-04-21 15:04:42.177499: I tensorflow/compiler/jit/xla_gpu_device.cc:99] Not creating XLA devices, tf_xla_enable_xla_devices not set
2021-04-21 15:05:03.138057: I tensorflow/compiler/jit/xla_gpu_device.cc:99] Not creating XLA devices, tf_xla_enable_xla_devices not set
mse and spike frequency: 0.25884 10.72
[32m[I 2021-04-21 15:05:24,679][0m Trial 132 finished with values: [0.25884, 10.72] with parameters: {'Vahp': -40.5, 'Vth': -38.0, 'Vmax': 36.5, 't_ref': 15.5, 'R': 1.0, 'tau_m': 355.5, 'R_adp': 0.30000000000000004, 'tau_w': 315.5, 'a': 280.0, 'rate_low': 32.5, 'rate_high': 11.5}.[0m
2021-04-21 15:05:25.327370: I tensorflow/compiler/jit/xla_gpu_device.cc:99] Not creating XLA devices, tf_xla_enable_xla_devices not set
maxFreq at 10nA: 1000.0
2021-04-21 15:05:58.099054: I tensorflow/compiler/jit/xla_gpu_device.cc:99] Not creating XLA devices, tf_xla_enable_xla_devices not set
2021-04-21 15:06:18.897389: I tensorflow/compiler/jit/xla_gpu_device.cc:99] Not creating XLA devices, tf_xla_enable_xla_devices not set
mse and spike frequency: 0.12656 0.0
[32m[I 2021-04-21 15:06:40,431][0m Trial 133 finished with values: [0.12656, 0.0] with parameters: {'Vahp': -27.0, 'Vth': -54.0, 'Vmax': 30.0, 't_ref': 1.0, 'R': 1.0, 'tau_m': 16.5, 'R_adp': 0.2, 'tau_w': 452.0, 'a': 468.5, 'rate_low': 36.5, 'rate_high': 48.5}.[0m
2021-04-21 15:06:41.068353: I tensorflow/compiler/jit/xla_gpu_device.cc:99] Not creating XLA devices, tf_xla_enable_xla_devices not set
maxFreq at 10nA: 999.0
2021-04-21 15:07:14.176018: I tensorflow/compiler/jit/xla_gpu_device.cc:99] Not creating XLA devices, tf_xla_enable_xla_devices not set
2021-04-21 15:07:35.428078: I tensorflow/compiler/jit/xla_gpu_device.cc:99] Not creating XLA devices, tf_xla_enable_xla_devices not set
mse and spike frequency: 0.12656 0.0
[32m[I 2021-04-21 15:07:57,495][0m Trial 134 finished with values: [0.12656, 0.0] with parameters: {'Vahp': -40.0, 'Vth': -43.0, 'Vmax': 36.5, 't_ref': 15.5, 'R': 0.30000000000000004, 'tau_m': 219.5, 'R_adp': 0.2, 'tau_w': 378.0, 'a': 453.0, 'rate_low': 17.0, 'rate_high': 22.5}.[0m
2021-04-21 15:07:58.171161: I tensorflow/compiler/jit/xla_gpu_device.cc:99] Not creating XLA devices, tf_xla_enable_xla_devices not set
maxFreq at 10nA: 1000.0
2021-04-21 15:08:30.947269: I tensorflow/compiler/jit/xla_gpu_device.cc:99] Not creating XLA devices, tf_xla_enable_xla_devices not set
2021-04-21 15:08:52.487231: I tensorflow/compiler/jit/xla_gpu_device.cc:99] Not creating XLA devices, tf_xla_enable_xla_devices not set
mse and spike frequency: 0.12656 0.0
[32m[I 2021-04-21 15:09:14,781][0m Trial 135 finished with values: [0.12656, 0.0] with parameters: {'Vahp': -37.0, 'Vth': -39.0, 'Vmax': 36.0, 't_ref': 3.0, 'R': 1.0, 'tau_m': 317.5, 'R_adp': 0.2, 'tau_w': 479.5, 'a': 473.0, 'rate_low': 32.0, 'rate_high': 36.0}.[0m
2021-04-21 15:09:15.473813: I tensorflow/compiler/jit/xla_gpu_device.cc:99] Not creating XLA devices, tf_xla_enable_xla_devices not set
maxFreq at 10nA: 124.0
2021-04-21 15:09:48.856066: I tensorflow/compiler/jit/xla_gpu_device.cc:99] Not creating XLA devices, tf_xla_enable_xla_devices not set
2021-04-21 15:10:10.655813: I tensorflow/compiler/jit/xla_gpu_device.cc:99] Not creating XLA devices, tf_xla_enable_xla_devices not set
mse and spike frequency: 5.24303 21.04
[32m[I 2021-04-21 15:10:32,793][0m Trial 136 finished with values: [5.24303, 21.04] with parameters: {'Vahp': -42.5, 'Vth': -30.5, 'Vmax': 36.0, 't_ref': 6.5, 'R': 0.2, 'tau_m': 27.5, 'R_adp': 0.7000000000000001, 'tau_w': 487.5, 'a': 46.0, 'rate_low': 49.0, 'rate_high': 31.0}.[0m
2021-04-21 15:10:33.617976: I tensorflow/compiler/jit/xla_gpu_device.cc:99] Not creating XLA devices, tf_xla_enable_xla_devices not set
maxFreq at 10nA: 1000.0
2021-04-21 15:11:05.787745: I tensorflow/compiler/jit/xla_gpu_device.cc:99] Not creating XLA devices, tf_xla_enable_xla_devices not set
2021-04-21 15:11:27.370010: I tensorflow/compiler/jit/xla_gpu_device.cc:99] Not creating XLA devices, tf_xla_enable_xla_devices not set
mse and spike frequency: 0.12656 0.0
[32m[I 2021-04-21 15:11:48,915][0m Trial 137 finished with values: [0.12656, 0.0] with parameters: {'Vahp': -27.0, 'Vth': -28.0, 'Vmax': 33.5, 't_ref': 1.0, 'R': 1.0, 'tau_m': 188.5, 'R_adp': 0.8, 'tau_w': 304.0, 'a': 482.5, 'rate_low': 13.0, 'rate_high': 48.5}.[0m
2021-04-21 15:11:49.745862: I tensorflow/compiler/jit/xla_gpu_device.cc:99] Not creating XLA devices, tf_xla_enable_xla_devices not set
maxFreq at 10nA: 1000.0
2021-04-21 15:12:22.504868: I tensorflow/compiler/jit/xla_gpu_device.cc:99] Not creating XLA devices, tf_xla_enable_xla_devices not set
2021-04-21 15:12:44.042716: I tensorflow/compiler/jit/xla_gpu_device.cc:99] Not creating XLA devices, tf_xla_enable_xla_devices not set
mse and spike frequency: 0.12656 0.0
[32m[I 2021-04-21 15:13:05,110][0m Trial 138 finished with values: [0.12656, 0.0] with parameters: {'Vahp': -25.0, 'Vth': -39.0, 'Vmax': 34.5, 't_ref': 12.5, 'R': 0.6, 'tau_m': 103.5, 'R_adp': 0.2, 'tau_w': 124.0, 'a': 446.0, 'rate_low': 19.0, 'rate_high': 13.0}.[0m
2021-04-21 15:13:05.889150: I tensorflow/compiler/jit/xla_gpu_device.cc:99] Not creating XLA devices, tf_xla_enable_xla_devices not set
maxFreq at 10nA: 1000.0
2021-04-21 15:13:38.135331: I tensorflow/compiler/jit/xla_gpu_device.cc:99] Not creating XLA devices, tf_xla_enable_xla_devices not set
2021-04-21 15:13:59.415515: I tensorflow/compiler/jit/xla_gpu_device.cc:99] Not creating XLA devices, tf_xla_enable_xla_devices not set
mse and spike frequency: 0.12656 0.0
[32m[I 2021-04-21 15:14:19,777][0m Trial 139 finished with values: [0.12656, 0.0] with parameters: {'Vahp': -23.0, 'Vth': -34.5, 'Vmax': 15.0, 't_ref': 16.5, 'R': 0.8, 'tau_m': 7.5, 'R_adp': 1.0, 'tau_w': 294.5, 'a': 380.0, 'rate_low': 5.5, 'rate_high': 26.5}.[0m
2021-04-21 15:14:20.528791: I tensorflow/compiler/jit/xla_gpu_device.cc:99] Not creating XLA devices, tf_xla_enable_xla_devices not set
maxFreq at 10nA: 1000.0
2021-04-21 15:14:53.670387: I tensorflow/compiler/jit/xla_gpu_device.cc:99] Not creating XLA devices, tf_xla_enable_xla_devices not set
2021-04-21 15:15:15.137517: I tensorflow/compiler/jit/xla_gpu_device.cc:99] Not creating XLA devices, tf_xla_enable_xla_devices not set
mse and spike frequency: 0.12656 0.0
[32m[I 2021-04-21 15:15:36,316][0m Trial 140 finished with values: [0.12656, 0.0] with parameters: {'Vahp': -30.5, 'Vth': -54.0, 'Vmax': 30.0, 't_ref': 1.0, 'R': 1.0, 'tau_m': 16.5, 'R_adp': 1.0, 'tau_w': 155.5, 'a': 57.5, 'rate_low': 36.5, 'rate_high': 48.0}.[0m
2021-04-21 15:15:37.021904: I tensorflow/compiler/jit/xla_gpu_device.cc:99] Not creating XLA devices, tf_xla_enable_xla_devices not set
maxFreq at 10nA: 101.0
2021-04-21 15:16:10.794938: I tensorflow/compiler/jit/xla_gpu_device.cc:99] Not creating XLA devices, tf_xla_enable_xla_devices not set
2021-04-21 15:16:32.133704: I tensorflow/compiler/jit/xla_gpu_device.cc:99] Not creating XLA devices, tf_xla_enable_xla_devices not set
mse and spike frequency: 0.06352 1.11
[32m[I 2021-04-21 15:16:53,732][0m Trial 141 finished with values: [0.06352, 1.11] with parameters: {'Vahp': -57.0, 'Vth': -39.5, 'Vmax': 35.5, 't_ref': 3.0, 'R': 0.2, 'tau_m': 498.5, 'R_adp': 0.1, 'tau_w': 189.5, 'a': 402.5, 'rate_low': 5.5, 'rate_high': 35.0}.[0m
2021-04-21 15:16:54.438224: I tensorflow/compiler/jit/xla_gpu_device.cc:99] Not creating XLA devices, tf_xla_enable_xla_devices not set
maxFreq at 10nA: 1000.0
2021-04-21 15:17:28.452706: I tensorflow/compiler/jit/xla_gpu_device.cc:99] Not creating XLA devices, tf_xla_enable_xla_devices not set
2021-04-21 15:17:49.681998: I tensorflow/compiler/jit/xla_gpu_device.cc:99] Not creating XLA devices, tf_xla_enable_xla_devices not set
mse and spike frequency: 0.12656 0.0
