[32m[I 2021-04-21 13:47:17,388][0m Trial 55 finished with values: [0.05949, 5.17] with parameters: {'Vahp': -47.5, 'Vth': -39.0, 'Vmax': 10.0, 't_ref': 15.0, 'R': 0.6, 'tau_m': 47.5, 'R_adp': 0.6, 'tau_w': 99.0, 'a': 483.5, 'rate_low': 15.0, 'rate_high': 49.0}.[0m
2021-04-21 13:47:17.900073: I tensorflow/compiler/jit/xla_gpu_device.cc:99] Not creating XLA devices, tf_xla_enable_xla_devices not set
maxFreq at 10nA: 999.0
2021-04-21 13:47:41.826863: I tensorflow/compiler/jit/xla_gpu_device.cc:99] Not creating XLA devices, tf_xla_enable_xla_devices not set
2021-04-21 13:47:54.397348: I tensorflow/compiler/jit/xla_gpu_device.cc:99] Not creating XLA devices, tf_xla_enable_xla_devices not set
mse and spike frequency: 0.12656 0.0
[32m[I 2021-04-21 13:48:05,400][0m Trial 56 finished with values: [0.12656, 0.0] with parameters: {'Vahp': -48.0, 'Vth': -54.0, 'Vmax': 21.0, 't_ref': 18.5, 'R': 0.2, 'tau_m': 457.5, 'R_adp': 0.30000000000000004, 'tau_w': 59.5, 'a': 345.0, 'rate_low': 15.5, 'rate_high': 30.0}.[0m
2021-04-21 13:48:05.889570: I tensorflow/compiler/jit/xla_gpu_device.cc:99] Not creating XLA devices, tf_xla_enable_xla_devices not set
maxFreq at 10nA: 1000.0
2021-04-21 13:48:29.499838: I tensorflow/compiler/jit/xla_gpu_device.cc:99] Not creating XLA devices, tf_xla_enable_xla_devices not set
2021-04-21 13:48:42.085377: I tensorflow/compiler/jit/xla_gpu_device.cc:99] Not creating XLA devices, tf_xla_enable_xla_devices not set
mse and spike frequency: 0.12656 0.0
[32m[I 2021-04-21 13:48:53,042][0m Trial 57 finished with values: [0.12656, 0.0] with parameters: {'Vahp': -37.0, 'Vth': -48.5, 'Vmax': 33.5, 't_ref': 16.5, 'R': 0.30000000000000004, 'tau_m': 191.5, 'R_adp': 0.30000000000000004, 'tau_w': 409.0, 'a': 490.5, 'rate_low': 11.0, 'rate_high': 49.5}.[0m
2021-04-21 13:48:53.516336: I tensorflow/compiler/jit/xla_gpu_device.cc:99] Not creating XLA devices, tf_xla_enable_xla_devices not set
maxFreq at 10nA: 1000.0
2021-04-21 13:49:17.518393: I tensorflow/compiler/jit/xla_gpu_device.cc:99] Not creating XLA devices, tf_xla_enable_xla_devices not set
2021-04-21 13:49:30.368794: I tensorflow/compiler/jit/xla_gpu_device.cc:99] Not creating XLA devices, tf_xla_enable_xla_devices not set
mse and spike frequency: 0.12656 0.0
[32m[I 2021-04-21 13:49:41,432][0m Trial 58 finished with values: [0.12656, 0.0] with parameters: {'Vahp': -40.0, 'Vth': -54.0, 'Vmax': 10.5, 't_ref': 5.5, 'R': 0.8, 'tau_m': 302.5, 'R_adp': 0.30000000000000004, 'tau_w': 162.0, 'a': 414.5, 'rate_low': 24.5, 'rate_high': 35.0}.[0m
2021-04-21 13:49:41.933367: I tensorflow/compiler/jit/xla_gpu_device.cc:99] Not creating XLA devices, tf_xla_enable_xla_devices not set
maxFreq at 10nA: 56.0
2021-04-21 13:50:06.142240: I tensorflow/compiler/jit/xla_gpu_device.cc:99] Not creating XLA devices, tf_xla_enable_xla_devices not set
2021-04-21 13:50:18.447241: I tensorflow/compiler/jit/xla_gpu_device.cc:99] Not creating XLA devices, tf_xla_enable_xla_devices not set
mse and spike frequency: 0.00661 2.41
[32m[I 2021-04-21 13:50:29,567][0m Trial 59 finished with values: [0.00661, 2.41] with parameters: {'Vahp': -47.0, 'Vth': -23.5, 'Vmax': 39.5, 't_ref': 16.0, 'R': 0.6, 'tau_m': 296.5, 'R_adp': 0.5, 'tau_w': 35.5, 'a': 331.0, 'rate_low': 3.0, 'rate_high': 29.0}.[0m
2021-04-21 13:50:30.080413: I tensorflow/compiler/jit/xla_gpu_device.cc:99] Not creating XLA devices, tf_xla_enable_xla_devices not set
maxFreq at 10nA: 111.0
2021-04-21 13:50:54.118210: I tensorflow/compiler/jit/xla_gpu_device.cc:99] Not creating XLA devices, tf_xla_enable_xla_devices not set
2021-04-21 13:51:05.919728: I tensorflow/compiler/jit/xla_gpu_device.cc:99] Not creating XLA devices, tf_xla_enable_xla_devices not set
mse and spike frequency: 0.00154 17.59
[32m[I 2021-04-21 13:51:17,371][0m Trial 60 finished with values: [0.00154, 17.59] with parameters: {'Vahp': -43.0, 'Vth': -30.5, 'Vmax': 34.0, 't_ref': 6.5, 'R': 0.5, 'tau_m': 499.5, 'R_adp': 0.2, 'tau_w': 11.5, 'a': 305.0, 'rate_low': 39.5, 'rate_high': 49.0}.[0m
2021-04-21 13:51:17.872659: I tensorflow/compiler/jit/xla_gpu_device.cc:99] Not creating XLA devices, tf_xla_enable_xla_devices not set
maxFreq at 10nA: 1000.0
2021-04-21 13:51:41.780189: I tensorflow/compiler/jit/xla_gpu_device.cc:99] Not creating XLA devices, tf_xla_enable_xla_devices not set
2021-04-21 13:51:53.821557: I tensorflow/compiler/jit/xla_gpu_device.cc:99] Not creating XLA devices, tf_xla_enable_xla_devices not set
mse and spike frequency: 0.12401 1000.1
[32m[I 2021-04-21 13:52:05,107][0m Trial 61 finished with values: [0.12401, 1000.1] with parameters: {'Vahp': -45.5, 'Vth': -58.5, 'Vmax': 10.0, 't_ref': 5.5, 'R': 0.4, 'tau_m': 33.5, 'R_adp': 1.0, 'tau_w': 473.5, 'a': 141.0, 'rate_low': 4.0, 'rate_high': 37.0}.[0m
2021-04-21 13:52:05.697638: I tensorflow/compiler/jit/xla_gpu_device.cc:99] Not creating XLA devices, tf_xla_enable_xla_devices not set
maxFreq at 10nA: 1000.0
2021-04-21 13:52:29.817701: I tensorflow/compiler/jit/xla_gpu_device.cc:99] Not creating XLA devices, tf_xla_enable_xla_devices not set
2021-04-21 13:52:42.143070: I tensorflow/compiler/jit/xla_gpu_device.cc:99] Not creating XLA devices, tf_xla_enable_xla_devices not set
mse and spike frequency: 0.12656 0.0
[32m[I 2021-04-21 13:52:53,476][0m Trial 62 finished with values: [0.12656, 0.0] with parameters: {'Vahp': -23.5, 'Vth': -49.0, 'Vmax': 40.0, 't_ref': 3.5, 'R': 0.9, 'tau_m': 103.0, 'R_adp': 0.1, 'tau_w': 247.0, 'a': 160.5, 'rate_low': 24.5, 'rate_high': 40.0}.[0m
2021-04-21 13:52:54.124607: I tensorflow/compiler/jit/xla_gpu_device.cc:99] Not creating XLA devices, tf_xla_enable_xla_devices not set
maxFreq at 10nA: 999.0
2021-04-21 13:53:17.782947: I tensorflow/compiler/jit/xla_gpu_device.cc:99] Not creating XLA devices, tf_xla_enable_xla_devices not set
2021-04-21 13:53:30.004141: I tensorflow/compiler/jit/xla_gpu_device.cc:99] Not creating XLA devices, tf_xla_enable_xla_devices not set
mse and spike frequency: 0.12656 0.0
[32m[I 2021-04-21 13:53:41,565][0m Trial 63 finished with values: [0.12656, 0.0] with parameters: {'Vahp': -43.0, 'Vth': -45.0, 'Vmax': 31.0, 't_ref': 1.5, 'R': 0.30000000000000004, 'tau_m': 317.5, 'R_adp': 0.2, 'tau_w': 11.5, 'a': 410.5, 'rate_low': 19.0, 'rate_high': 29.5}.[0m
2021-04-21 13:53:42.185574: I tensorflow/compiler/jit/xla_gpu_device.cc:99] Not creating XLA devices, tf_xla_enable_xla_devices not set
maxFreq at 10nA: 999.0
2021-04-21 13:54:06.278684: I tensorflow/compiler/jit/xla_gpu_device.cc:99] Not creating XLA devices, tf_xla_enable_xla_devices not set
2021-04-21 13:54:18.412006: I tensorflow/compiler/jit/xla_gpu_device.cc:99] Not creating XLA devices, tf_xla_enable_xla_devices not set
mse and spike frequency: 0.12656 0.0
[32m[I 2021-04-21 13:54:30,300][0m Trial 64 finished with values: [0.12656, 0.0] with parameters: {'Vahp': -23.5, 'Vth': -49.0, 'Vmax': 27.5, 't_ref': 13.5, 'R': 0.2, 'tau_m': 255.5, 'R_adp': 0.4, 'tau_w': 247.0, 'a': 296.0, 'rate_low': 10.5, 'rate_high': 21.5}.[0m
2021-04-21 13:54:30.826536: I tensorflow/compiler/jit/xla_gpu_device.cc:99] Not creating XLA devices, tf_xla_enable_xla_devices not set
maxFreq at 10nA: 1000.0
2021-04-21 13:54:55.023485: I tensorflow/compiler/jit/xla_gpu_device.cc:99] Not creating XLA devices, tf_xla_enable_xla_devices not set
2021-04-21 13:55:07.460297: I tensorflow/compiler/jit/xla_gpu_device.cc:99] Not creating XLA devices, tf_xla_enable_xla_devices not set
mse and spike frequency: 0.12656 0.0
[32m[I 2021-04-21 13:55:19,346][0m Trial 65 finished with values: [0.12656, 0.0] with parameters: {'Vahp': -47.5, 'Vth': -56.0, 'Vmax': 17.0, 't_ref': 18.0, 'R': 0.6, 'tau_m': 47.5, 'R_adp': 0.6, 'tau_w': 194.5, 'a': 483.5, 'rate_low': 3.5, 'rate_high': 28.0}.[0m
2021-04-21 13:55:19.880663: I tensorflow/compiler/jit/xla_gpu_device.cc:99] Not creating XLA devices, tf_xla_enable_xla_devices not set
maxFreq at 10nA: 1000.0
2021-04-21 13:55:44.275700: I tensorflow/compiler/jit/xla_gpu_device.cc:99] Not creating XLA devices, tf_xla_enable_xla_devices not set
2021-04-21 13:55:56.912921: I tensorflow/compiler/jit/xla_gpu_device.cc:99] Not creating XLA devices, tf_xla_enable_xla_devices not set
mse and spike frequency: 0.12656 0.0
[32m[I 2021-04-21 13:56:08,826][0m Trial 66 finished with values: [0.12656, 0.0] with parameters: {'Vahp': -30.0, 'Vth': -56.0, 'Vmax': 17.0, 't_ref': 18.0, 'R': 0.6, 'tau_m': 279.0, 'R_adp': 0.1, 'tau_w': 252.0, 'a': 483.5, 'rate_low': 3.5, 'rate_high': 13.5}.[0m
2021-04-21 13:56:09.359687: I tensorflow/compiler/jit/xla_gpu_device.cc:99] Not creating XLA devices, tf_xla_enable_xla_devices not set
maxFreq at 10nA: 1000.0
2021-04-21 13:56:34.673392: I tensorflow/compiler/jit/xla_gpu_device.cc:99] Not creating XLA devices, tf_xla_enable_xla_devices not set
2021-04-21 13:56:47.434697: I tensorflow/compiler/jit/xla_gpu_device.cc:99] Not creating XLA devices, tf_xla_enable_xla_devices not set
mse and spike frequency: 0.12401 1000.1
[32m[I 2021-04-21 13:56:59,350][0m Trial 67 finished with values: [0.12401, 1000.1] with parameters: {'Vahp': -45.5, 'Vth': -58.5, 'Vmax': 33.5, 't_ref': 16.0, 'R': 0.4, 'tau_m': 485.5, 'R_adp': 0.30000000000000004, 'tau_w': 60.0, 'a': 367.0, 'rate_low': 22.5, 'rate_high': 30.0}.[0m
2021-04-21 13:56:59.878285: I tensorflow/compiler/jit/xla_gpu_device.cc:99] Not creating XLA devices, tf_xla_enable_xla_devices not set
maxFreq at 10nA: 993.0
2021-04-21 13:57:24.838122: I tensorflow/compiler/jit/xla_gpu_device.cc:99] Not creating XLA devices, tf_xla_enable_xla_devices not set
2021-04-21 13:57:37.806265: I tensorflow/compiler/jit/xla_gpu_device.cc:99] Not creating XLA devices, tf_xla_enable_xla_devices not set
mse and spike frequency: 0.12656 0.0
[32m[I 2021-04-21 13:57:49,590][0m Trial 68 finished with values: [0.12656, 0.0] with parameters: {'Vahp': -29.5, 'Vth': -41.0, 'Vmax': 13.5, 't_ref': 16.5, 'R': 0.1, 'tau_m': 453.5, 'R_adp': 0.2, 'tau_w': 439.5, 'a': 121.5, 'rate_low': 47.0, 'rate_high': 50.0}.[0m
2021-04-21 13:57:50.146214: I tensorflow/compiler/jit/xla_gpu_device.cc:99] Not creating XLA devices, tf_xla_enable_xla_devices not set
maxFreq at 10nA: 53.0
2021-04-21 13:58:14.860227: I tensorflow/compiler/jit/xla_gpu_device.cc:99] Not creating XLA devices, tf_xla_enable_xla_devices not set
2021-04-21 13:58:28.030857: I tensorflow/compiler/jit/xla_gpu_device.cc:99] Not creating XLA devices, tf_xla_enable_xla_devices not set
mse and spike frequency: 0.00977 19.02
[32m[I 2021-04-21 13:58:39,935][0m Trial 69 finished with values: [0.00977, 19.02] with parameters: {'Vahp': -34.5, 'Vth': -25.5, 'Vmax': 28.0, 't_ref': 17.5, 'R': 0.8, 'tau_m': 98.5, 'R_adp': 0.2, 'tau_w': 90.0, 'a': 372.5, 'rate_low': 31.5, 'rate_high': 44.5}.[0m
2021-04-21 13:58:40.432723: I tensorflow/compiler/jit/xla_gpu_device.cc:99] Not creating XLA devices, tf_xla_enable_xla_devices not set
maxFreq at 10nA: 997.0
2021-04-21 13:59:04.792846: I tensorflow/compiler/jit/xla_gpu_device.cc:99] Not creating XLA devices, tf_xla_enable_xla_devices not set
2021-04-21 13:59:18.579626: I tensorflow/compiler/jit/xla_gpu_device.cc:99] Not creating XLA devices, tf_xla_enable_xla_devices not set
mse and spike frequency: 0.12656 0.0
[32m[I 2021-04-21 13:59:31,102][0m Trial 70 finished with values: [0.12656, 0.0] with parameters: {'Vahp': -22.0, 'Vth': -42.0, 'Vmax': 18.0, 't_ref': 18.0, 'R': 0.2, 'tau_m': 475.0, 'R_adp': 0.2, 'tau_w': 104.5, 'a': 389.5, 'rate_low': 34.0, 'rate_high': 39.5}.[0m
2021-04-21 13:59:31.632006: I tensorflow/compiler/jit/xla_gpu_device.cc:99] Not creating XLA devices, tf_xla_enable_xla_devices not set
maxFreq at 10nA: 59.0
2021-04-21 13:59:56.481048: I tensorflow/compiler/jit/xla_gpu_device.cc:99] Not creating XLA devices, tf_xla_enable_xla_devices not set
2021-04-21 14:00:10.346197: I tensorflow/compiler/jit/xla_gpu_device.cc:99] Not creating XLA devices, tf_xla_enable_xla_devices not set
mse and spike frequency: 0.24506 4.03
[32m[I 2021-04-21 14:00:23,110][0m Trial 71 finished with values: [0.24506, 4.03] with parameters: {'Vahp': -54.5, 'Vth': -41.5, 'Vmax': 10.0, 't_ref': 16.0, 'R': 0.6, 'tau_m': 321.0, 'R_adp': 0.30000000000000004, 'tau_w': 196.0, 'a': 446.5, 'rate_low': 10.5, 'rate_high': 37.0}.[0m
2021-04-21 14:00:23.678112: I tensorflow/compiler/jit/xla_gpu_device.cc:99] Not creating XLA devices, tf_xla_enable_xla_devices not set
maxFreq at 10nA: 1000.0
2021-04-21 14:00:48.615340: I tensorflow/compiler/jit/xla_gpu_device.cc:99] Not creating XLA devices, tf_xla_enable_xla_devices not set
2021-04-21 14:01:03.135963: I tensorflow/compiler/jit/xla_gpu_device.cc:99] Not creating XLA devices, tf_xla_enable_xla_devices not set
mse and spike frequency: 0.12656 0.0
[32m[I 2021-04-21 14:01:15,777][0m Trial 72 finished with values: [0.12656, 0.0] with parameters: {'Vahp': -47.0, 'Vth': -53.5, 'Vmax': 24.0, 't_ref': 13.5, 'R': 0.5, 'tau_m': 13.5, 'R_adp': 0.2, 'tau_w': 63.5, 'a': 395.5, 'rate_low': 6.0, 'rate_high': 14.0}.[0m
2021-04-21 14:01:16.270003: I tensorflow/compiler/jit/xla_gpu_device.cc:99] Not creating XLA devices, tf_xla_enable_xla_devices not set
maxFreq at 10nA: 59.0
2021-04-21 14:01:41.398304: I tensorflow/compiler/jit/xla_gpu_device.cc:99] Not creating XLA devices, tf_xla_enable_xla_devices not set
2021-04-21 14:01:55.449013: I tensorflow/compiler/jit/xla_gpu_device.cc:99] Not creating XLA devices, tf_xla_enable_xla_devices not set
mse and spike frequency: 0.00546 26.05
[32m[I 2021-04-21 14:02:08,289][0m Trial 73 finished with values: [0.00546, 26.05] with parameters: {'Vahp': -52.5, 'Vth': -39.5, 'Vmax': 24.0, 't_ref': 15.5, 'R': 0.6, 'tau_m': 44.0, 'R_adp': 0.1, 'tau_w': 207.0, 'a': 20.5, 'rate_low': 31.5, 'rate_high': 49.0}.[0m
2021-04-21 14:02:08.780707: I tensorflow/compiler/jit/xla_gpu_device.cc:99] Not creating XLA devices, tf_xla_enable_xla_devices not set
maxFreq at 10nA: 1000.0
2021-04-21 14:02:34.193050: I tensorflow/compiler/jit/xla_gpu_device.cc:99] Not creating XLA devices, tf_xla_enable_xla_devices not set
2021-04-21 14:02:47.920756: I tensorflow/compiler/jit/xla_gpu_device.cc:99] Not creating XLA devices, tf_xla_enable_xla_devices not set
mse and spike frequency: 0.12656 0.0
[32m[I 2021-04-21 14:03:00,856][0m Trial 74 finished with values: [0.12656, 0.0] with parameters: {'Vahp': -34.5, 'Vth': -45.0, 'Vmax': 10.5, 't_ref': 17.5, 'R': 0.8, 'tau_m': 317.5, 'R_adp': 0.2, 'tau_w': 327.0, 'a': 410.5, 'rate_low': 13.0, 'rate_high': 45.5}.[0m
2021-04-21 14:03:01.398019: I tensorflow/compiler/jit/xla_gpu_device.cc:99] Not creating XLA devices, tf_xla_enable_xla_devices not set
maxFreq at 10nA: 998.0
2021-04-21 14:03:26.799109: I tensorflow/compiler/jit/xla_gpu_device.cc:99] Not creating XLA devices, tf_xla_enable_xla_devices not set
2021-04-21 14:03:40.566536: I tensorflow/compiler/jit/xla_gpu_device.cc:99] Not creating XLA devices, tf_xla_enable_xla_devices not set
mse and spike frequency: 0.12656 0.0
[32m[I 2021-04-21 14:03:53,606][0m Trial 75 finished with values: [0.12656, 0.0] with parameters: {'Vahp': -23.5, 'Vth': -29.5, 'Vmax': 28.0, 't_ref': 8.0, 'R': 0.1, 'tau_m': 74.5, 'R_adp': 1.0, 'tau_w': 247.0, 'a': 160.5, 'rate_low': 31.5, 'rate_high': 21.5}.[0m
2021-04-21 14:03:54.184782: I tensorflow/compiler/jit/xla_gpu_device.cc:99] Not creating XLA devices, tf_xla_enable_xla_devices not set
maxFreq at 10nA: 125.0
2021-04-21 14:04:19.540748: I tensorflow/compiler/jit/xla_gpu_device.cc:99] Not creating XLA devices, tf_xla_enable_xla_devices not set
2021-04-21 14:04:33.305796: I tensorflow/compiler/jit/xla_gpu_device.cc:99] Not creating XLA devices, tf_xla_enable_xla_devices not set
mse and spike frequency: 0.02462 60.17
[32m[I 2021-04-21 14:04:46,039][0m Trial 76 finished with values: [0.02462, 60.17] with parameters: {'Vahp': -57.0, 'Vth': -38.5, 'Vmax': 26.5, 't_ref': 6.5, 'R': 0.6, 'tau_m': 1.0, 'R_adp': 0.30000000000000004, 'tau_w': 35.5, 'a': 123.0, 'rate_low': 45.0, 'rate_high': 48.5}.[0m
2021-04-21 14:04:46.551843: I tensorflow/compiler/jit/xla_gpu_device.cc:99] Not creating XLA devices, tf_xla_enable_xla_devices not set
maxFreq at 10nA: 68.0
2021-04-21 14:05:11.941119: I tensorflow/compiler/jit/xla_gpu_device.cc:99] Not creating XLA devices, tf_xla_enable_xla_devices not set
2021-04-21 14:05:26.397525: I tensorflow/compiler/jit/xla_gpu_device.cc:99] Not creating XLA devices, tf_xla_enable_xla_devices not set
mse and spike frequency: 1.69745 7.93
[32m[I 2021-04-21 14:05:39,903][0m Trial 77 finished with values: [1.69745, 7.93] with parameters: {'Vahp': -52.0, 'Vth': -27.0, 'Vmax': 31.0, 't_ref': 11.0, 'R': 0.9, 'tau_m': 225.0, 'R_adp': 0.9, 'tau_w': 339.5, 'a': 445.0, 'rate_low': 28.0, 'rate_high': 48.0}.[0m
2021-04-21 14:05:40.490098: I tensorflow/compiler/jit/xla_gpu_device.cc:99] Not creating XLA devices, tf_xla_enable_xla_devices not set
maxFreq at 10nA: 49.0
2021-04-21 14:06:05.936148: I tensorflow/compiler/jit/xla_gpu_device.cc:99] Not creating XLA devices, tf_xla_enable_xla_devices not set
2021-04-21 14:06:20.523543: I tensorflow/compiler/jit/xla_gpu_device.cc:99] Not creating XLA devices, tf_xla_enable_xla_devices not set
mse and spike frequency: 0.12264 0.54
[32m[I 2021-04-21 14:06:34,385][0m Trial 78 finished with values: [0.12264, 0.54] with parameters: {'Vahp': -28.0, 'Vth': -21.0, 'Vmax': 34.0, 't_ref': 7.5, 'R': 0.30000000000000004, 'tau_m': 311.5, 'R_adp': 1.0, 'tau_w': 351.0, 'a': 211.5, 'rate_low': 11.0, 'rate_high': 16.5}.[0m
2021-04-21 14:06:34.965431: I tensorflow/compiler/jit/xla_gpu_device.cc:99] Not creating XLA devices, tf_xla_enable_xla_devices not set
maxFreq at 10nA: 1000.0
2021-04-21 14:07:01.233705: I tensorflow/compiler/jit/xla_gpu_device.cc:99] Not creating XLA devices, tf_xla_enable_xla_devices not set
2021-04-21 14:07:15.843726: I tensorflow/compiler/jit/xla_gpu_device.cc:99] Not creating XLA devices, tf_xla_enable_xla_devices not set
mse and spike frequency: 0.12656 0.0
[32m[I 2021-04-21 14:07:29,449][0m Trial 79 finished with values: [0.12656, 0.0] with parameters: {'Vahp': -24.0, 'Vth': -48.5, 'Vmax': 33.5, 't_ref': 15.5, 'R': 0.8, 'tau_m': 270.5, 'R_adp': 0.2, 'tau_w': 60.0, 'a': 28.0, 'rate_low': 40.0, 'rate_high': 31.0}.[0m
2021-04-21 14:07:29.961482: I tensorflow/compiler/jit/xla_gpu_device.cc:99] Not creating XLA devices, tf_xla_enable_xla_devices not set
maxFreq at 10nA: 56.0
2021-04-21 14:07:56.012642: I tensorflow/compiler/jit/xla_gpu_device.cc:99] Not creating XLA devices, tf_xla_enable_xla_devices not set
2021-04-21 14:08:10.899003: I tensorflow/compiler/jit/xla_gpu_device.cc:99] Not creating XLA devices, tf_xla_enable_xla_devices not set
mse and spike frequency: 0.3276 8.42
[32m[I 2021-04-21 14:08:24,941][0m Trial 80 finished with values: [0.3276, 8.42] with parameters: {'Vahp': -29.5, 'Vth': -23.0, 'Vmax': 13.5, 't_ref': 16.5, 'R': 0.1, 'tau_m': 6.0, 'R_adp': 0.9, 'tau_w': 439.5, 'a': 13.5, 'rate_low': 41.0, 'rate_high': 43.0}.[0m
2021-04-21 14:08:25.442834: I tensorflow/compiler/jit/xla_gpu_device.cc:99] Not creating XLA devices, tf_xla_enable_xla_devices not set
maxFreq at 10nA: 1000.0
2021-04-21 14:08:51.304010: I tensorflow/compiler/jit/xla_gpu_device.cc:99] Not creating XLA devices, tf_xla_enable_xla_devices not set
2021-04-21 14:09:06.109699: I tensorflow/compiler/jit/xla_gpu_device.cc:99] Not creating XLA devices, tf_xla_enable_xla_devices not set
mse and spike frequency: 0.12656 0.0
[32m[I 2021-04-21 14:09:20,198][0m Trial 81 finished with values: [0.12656, 0.0] with parameters: {'Vahp': -40.0, 'Vth': -54.0, 'Vmax': 10.5, 't_ref': 5.5, 'R': 0.5, 'tau_m': 363.5, 'R_adp': 0.5, 'tau_w': 11.5, 'a': 414.5, 'rate_low': 24.5, 'rate_high': 40.5}.[0m
2021-04-21 14:09:20.716939: I tensorflow/compiler/jit/xla_gpu_device.cc:99] Not creating XLA devices, tf_xla_enable_xla_devices not set
maxFreq at 10nA: 1000.0
2021-04-21 14:09:46.648455: I tensorflow/compiler/jit/xla_gpu_device.cc:99] Not creating XLA devices, tf_xla_enable_xla_devices not set
2021-04-21 14:10:01.580960: I tensorflow/compiler/jit/xla_gpu_device.cc:99] Not creating XLA devices, tf_xla_enable_xla_devices not set
mse and spike frequency: 0.12656 0.0
[32m[I 2021-04-21 14:10:15,623][0m Trial 82 finished with values: [0.12656, 0.0] with parameters: {'Vahp': -22.0, 'Vth': -53.5, 'Vmax': 39.5, 't_ref': 6.5, 'R': 0.2, 'tau_m': 254.0, 'R_adp': 0.5, 'tau_w': 24.5, 'a': 331.0, 'rate_low': 3.0, 'rate_high': 46.5}.[0m
2021-04-21 14:10:16.131464: I tensorflow/compiler/jit/xla_gpu_device.cc:99] Not creating XLA devices, tf_xla_enable_xla_devices not set
maxFreq at 10nA: 1000.0
2021-04-21 14:10:42.010558: I tensorflow/compiler/jit/xla_gpu_device.cc:99] Not creating XLA devices, tf_xla_enable_xla_devices not set
2021-04-21 14:10:56.829152: I tensorflow/compiler/jit/xla_gpu_device.cc:99] Not creating XLA devices, tf_xla_enable_xla_devices not set
mse and spike frequency: 0.12656 0.0
[32m[I 2021-04-21 14:11:10,834][0m Trial 83 finished with values: [0.12656, 0.0] with parameters: {'Vahp': -52.0, 'Vth': -58.0, 'Vmax': 18.5, 't_ref': 13.0, 'R': 0.9, 'tau_m': 134.0, 'R_adp': 0.7000000000000001, 'tau_w': 339.5, 'a': 217.0, 'rate_low': 9.5, 'rate_high': 39.5}.[0m
2021-04-21 14:11:11.444547: I tensorflow/compiler/jit/xla_gpu_device.cc:99] Not creating XLA devices, tf_xla_enable_xla_devices not set
maxFreq at 10nA: 200.0
2021-04-21 14:11:38.549234: I tensorflow/compiler/jit/xla_gpu_device.cc:99] Not creating XLA devices, tf_xla_enable_xla_devices not set
2021-04-21 14:11:52.845867: I tensorflow/compiler/jit/xla_gpu_device.cc:99] Not creating XLA devices, tf_xla_enable_xla_devices not set
mse and spike frequency: 1.91458 35.05
