[32m[I 2021-04-21 13:24:47,554][0m Trial 27 finished with values: [0.00204, 29.54] with parameters: {'Vahp': -35.5, 'Vth': -30.0, 'Vmax': 40.0, 't_ref': 7.5, 'R': 0.7000000000000001, 'tau_m': 126.5, 'rate_low': 25.0, 'rate_high': 49.5}.[0m
2021-04-21 13:24:47.972598: I tensorflow/compiler/jit/xla_gpu_device.cc:99] Not creating XLA devices, tf_xla_enable_xla_devices not set
maxFreq at 10nA: 500.0
2021-04-21 13:25:08.594127: I tensorflow/compiler/jit/xla_gpu_device.cc:99] Not creating XLA devices, tf_xla_enable_xla_devices not set
2021-04-21 13:25:17.183400: I tensorflow/compiler/jit/xla_gpu_device.cc:99] Not creating XLA devices, tf_xla_enable_xla_devices not set
mse and spike frequency: 0.00145 55.09
[32m[I 2021-04-21 13:25:24,702][0m Trial 28 finished with values: [0.00145, 55.09] with parameters: {'Vahp': -49.5, 'Vth': -39.0, 'Vmax': 32.0, 't_ref': 1.0, 'R': 0.7000000000000001, 'tau_m': 142.0, 'rate_low': 34.0, 'rate_high': 37.0}.[0m
2021-04-21 13:25:25.125217: I tensorflow/compiler/jit/xla_gpu_device.cc:99] Not creating XLA devices, tf_xla_enable_xla_devices not set
maxFreq at 10nA: 1000.0
2021-04-21 13:25:46.053090: I tensorflow/compiler/jit/xla_gpu_device.cc:99] Not creating XLA devices, tf_xla_enable_xla_devices not set
2021-04-21 13:25:54.787339: I tensorflow/compiler/jit/xla_gpu_device.cc:99] Not creating XLA devices, tf_xla_enable_xla_devices not set
mse and spike frequency: 0.12656 0.0
[32m[I 2021-04-21 13:26:02,175][0m Trial 29 finished with values: [0.12656, 0.0] with parameters: {'Vahp': -36.5, 'Vth': -56.5, 'Vmax': 10.0, 't_ref': 13.5, 'R': 0.8, 'tau_m': 470.5, 'rate_low': 28.0, 'rate_high': 42.0}.[0m
2021-04-21 13:26:02.734142: I tensorflow/compiler/jit/xla_gpu_device.cc:99] Not creating XLA devices, tf_xla_enable_xla_devices not set
maxFreq at 10nA: 1000.0
2021-04-21 13:26:23.062953: I tensorflow/compiler/jit/xla_gpu_device.cc:99] Not creating XLA devices, tf_xla_enable_xla_devices not set
2021-04-21 13:26:31.793608: I tensorflow/compiler/jit/xla_gpu_device.cc:99] Not creating XLA devices, tf_xla_enable_xla_devices not set
mse and spike frequency: 0.12656 0.0
[32m[I 2021-04-21 13:26:39,320][0m Trial 30 finished with values: [0.12656, 0.0] with parameters: {'Vahp': -44.5, 'Vth': -48.5, 'Vmax': 35.0, 't_ref': 2.0, 'R': 1.0, 'tau_m': 420.5, 'rate_low': 5.0, 'rate_high': 29.5}.[0m
2021-04-21 13:26:39.703094: I tensorflow/compiler/jit/xla_gpu_device.cc:99] Not creating XLA devices, tf_xla_enable_xla_devices not set
maxFreq at 10nA: 91.0
2021-04-21 13:27:00.516461: I tensorflow/compiler/jit/xla_gpu_device.cc:99] Not creating XLA devices, tf_xla_enable_xla_devices not set
2021-04-21 13:27:09.399189: I tensorflow/compiler/jit/xla_gpu_device.cc:99] Not creating XLA devices, tf_xla_enable_xla_devices not set
mse and spike frequency: 0.00297 6.95
[32m[I 2021-04-21 13:27:17,688][0m Trial 31 finished with values: [0.00297, 6.95] with parameters: {'Vahp': -48.0, 'Vth': -21.0, 'Vmax': 18.0, 't_ref': 7.0, 'R': 0.30000000000000004, 'tau_m': 398.0, 'rate_low': 34.0, 'rate_high': 41.0}.[0m
2021-04-21 13:27:18.099082: I tensorflow/compiler/jit/xla_gpu_device.cc:99] Not creating XLA devices, tf_xla_enable_xla_devices not set
maxFreq at 10nA: 999.0
2021-04-21 13:27:39.154018: I tensorflow/compiler/jit/xla_gpu_device.cc:99] Not creating XLA devices, tf_xla_enable_xla_devices not set
2021-04-21 13:27:48.388901: I tensorflow/compiler/jit/xla_gpu_device.cc:99] Not creating XLA devices, tf_xla_enable_xla_devices not set
mse and spike frequency: 0.12656 0.0
[32m[I 2021-04-21 13:27:57,394][0m Trial 32 finished with values: [0.12656, 0.0] with parameters: {'Vahp': -40.5, 'Vth': -44.5, 'Vmax': 35.0, 't_ref': 3.0, 'R': 0.4, 'tau_m': 417.5, 'rate_low': 45.0, 'rate_high': 46.0}.[0m
2021-04-21 13:27:57.938905: I tensorflow/compiler/jit/xla_gpu_device.cc:99] Not creating XLA devices, tf_xla_enable_xla_devices not set
maxFreq at 10nA: 1000.0
2021-04-21 13:28:18.600539: I tensorflow/compiler/jit/xla_gpu_device.cc:99] Not creating XLA devices, tf_xla_enable_xla_devices not set
2021-04-21 13:28:27.661735: I tensorflow/compiler/jit/xla_gpu_device.cc:99] Not creating XLA devices, tf_xla_enable_xla_devices not set
mse and spike frequency: 0.12401 1000.1
[32m[I 2021-04-21 13:28:36,574][0m Trial 33 finished with values: [0.12401, 1000.1] with parameters: {'Vahp': -54.0, 'Vth': -58.5, 'Vmax': 33.5, 't_ref': 9.0, 'R': 0.7000000000000001, 'tau_m': 431.0, 'rate_low': 14.0, 'rate_high': 42.5}.[0m
2021-04-21 13:28:37.107195: I tensorflow/compiler/jit/xla_gpu_device.cc:99] Not creating XLA devices, tf_xla_enable_xla_devices not set
maxFreq at 10nA: 63.0
2021-04-21 13:28:57.423430: I tensorflow/compiler/jit/xla_gpu_device.cc:99] Not creating XLA devices, tf_xla_enable_xla_devices not set
2021-04-21 13:29:06.452847: I tensorflow/compiler/jit/xla_gpu_device.cc:99] Not creating XLA devices, tf_xla_enable_xla_devices not set
mse and spike frequency: 0.00561 15.47
[32m[I 2021-04-21 13:29:15,554][0m Trial 34 finished with values: [0.00561, 15.47] with parameters: {'Vahp': -57.5, 'Vth': -22.5, 'Vmax': 17.5, 't_ref': 15.0, 'R': 0.9, 'tau_m': 6.5, 'rate_low': 38.5, 'rate_high': 45.0}.[0m
2021-04-21 13:29:16.269368: I tensorflow/compiler/jit/xla_gpu_device.cc:99] Not creating XLA devices, tf_xla_enable_xla_devices not set
maxFreq at 10nA: 38.0
2021-04-21 13:29:36.316615: I tensorflow/compiler/jit/xla_gpu_device.cc:99] Not creating XLA devices, tf_xla_enable_xla_devices not set
2021-04-21 13:29:45.442597: I tensorflow/compiler/jit/xla_gpu_device.cc:99] Not creating XLA devices, tf_xla_enable_xla_devices not set
mse and spike frequency: 0.08693 0.39
[32m[I 2021-04-21 13:29:54,684][0m Trial 35 finished with values: [0.08693, 0.39] with parameters: {'Vahp': -56.0, 'Vth': -31.0, 'Vmax': 36.5, 't_ref': 12.5, 'R': 0.1, 'tau_m': 483.0, 'rate_low': 11.0, 'rate_high': 34.5}.[0m
2021-04-21 13:29:55.388622: I tensorflow/compiler/jit/xla_gpu_device.cc:99] Not creating XLA devices, tf_xla_enable_xla_devices not set
maxFreq at 10nA: 1000.0
2021-04-21 13:30:15.158089: I tensorflow/compiler/jit/xla_gpu_device.cc:99] Not creating XLA devices, tf_xla_enable_xla_devices not set
2021-04-21 13:30:23.995952: I tensorflow/compiler/jit/xla_gpu_device.cc:99] Not creating XLA devices, tf_xla_enable_xla_devices not set
mse and spike frequency: 0.12656 0.0
[32m[I 2021-04-21 13:30:33,257][0m Trial 36 finished with values: [0.12656, 0.0] with parameters: {'Vahp': -24.0, 'Vth': -48.5, 'Vmax': 37.5, 't_ref': 3.0, 'R': 0.5, 'tau_m': 17.5, 'rate_low': 16.0, 'rate_high': 30.5}.[0m
2021-04-21 13:30:33.928722: I tensorflow/compiler/jit/xla_gpu_device.cc:99] Not creating XLA devices, tf_xla_enable_xla_devices not set
maxFreq at 10nA: 50.0
2021-04-21 13:30:53.889723: I tensorflow/compiler/jit/xla_gpu_device.cc:99] Not creating XLA devices, tf_xla_enable_xla_devices not set
2021-04-21 13:31:02.905028: I tensorflow/compiler/jit/xla_gpu_device.cc:99] Not creating XLA devices, tf_xla_enable_xla_devices not set
mse and spike frequency: 0.00336 20.68
[32m[I 2021-04-21 13:31:12,273][0m Trial 37 finished with values: [0.00336, 20.68] with parameters: {'Vahp': -47.5, 'Vth': -44.5, 'Vmax': 20.5, 't_ref': 19.0, 'R': 0.30000000000000004, 'tau_m': 275.0, 'rate_low': 45.0, 'rate_high': 50.0}.[0m
2021-04-21 13:31:12.914885: I tensorflow/compiler/jit/xla_gpu_device.cc:99] Not creating XLA devices, tf_xla_enable_xla_devices not set
maxFreq at 10nA: 53.0
2021-04-21 13:31:32.878099: I tensorflow/compiler/jit/xla_gpu_device.cc:99] Not creating XLA devices, tf_xla_enable_xla_devices not set
2021-04-21 13:31:41.919873: I tensorflow/compiler/jit/xla_gpu_device.cc:99] Not creating XLA devices, tf_xla_enable_xla_devices not set
mse and spike frequency: 0.00323 11.04
[32m[I 2021-04-21 13:31:51,477][0m Trial 38 finished with values: [0.00323, 11.04] with parameters: {'Vahp': -36.5, 'Vth': -32.0, 'Vmax': 31.0, 't_ref': 17.5, 'R': 0.5, 'tau_m': 432.0, 'rate_low': 11.5, 'rate_high': 36.0}.[0m
2021-04-21 13:31:51.931698: I tensorflow/compiler/jit/xla_gpu_device.cc:99] Not creating XLA devices, tf_xla_enable_xla_devices not set
maxFreq at 10nA: 67.0
2021-04-21 13:32:12.450631: I tensorflow/compiler/jit/xla_gpu_device.cc:99] Not creating XLA devices, tf_xla_enable_xla_devices not set
2021-04-21 13:32:22.026315: I tensorflow/compiler/jit/xla_gpu_device.cc:99] Not creating XLA devices, tf_xla_enable_xla_devices not set
mse and spike frequency: 0.0044 31.85
[32m[I 2021-04-21 13:32:31,829][0m Trial 39 finished with values: [0.0044, 31.85] with parameters: {'Vahp': -49.0, 'Vth': -49.0, 'Vmax': 13.0, 't_ref': 13.5, 'R': 0.2, 'tau_m': 209.5, 'rate_low': 29.0, 'rate_high': 47.0}.[0m
2021-04-21 13:32:32.386568: I tensorflow/compiler/jit/xla_gpu_device.cc:99] Not creating XLA devices, tf_xla_enable_xla_devices not set
maxFreq at 10nA: 999.0
2021-04-21 13:32:52.682752: I tensorflow/compiler/jit/xla_gpu_device.cc:99] Not creating XLA devices, tf_xla_enable_xla_devices not set
2021-04-21 13:33:02.214383: I tensorflow/compiler/jit/xla_gpu_device.cc:99] Not creating XLA devices, tf_xla_enable_xla_devices not set
mse and spike frequency: 0.12656 0.0
[32m[I 2021-04-21 13:33:11,946][0m Trial 40 finished with values: [0.12656, 0.0] with parameters: {'Vahp': -26.5, 'Vth': -51.0, 'Vmax': 27.0, 't_ref': 2.5, 'R': 0.2, 'tau_m': 478.5, 'rate_low': 5.0, 'rate_high': 13.5}.[0m
2021-04-21 13:33:12.392859: I tensorflow/compiler/jit/xla_gpu_device.cc:99] Not creating XLA devices, tf_xla_enable_xla_devices not set
maxFreq at 10nA: 1000.0
2021-04-21 13:33:33.419380: I tensorflow/compiler/jit/xla_gpu_device.cc:99] Not creating XLA devices, tf_xla_enable_xla_devices not set
2021-04-21 13:33:43.487364: I tensorflow/compiler/jit/xla_gpu_device.cc:99] Not creating XLA devices, tf_xla_enable_xla_devices not set
mse and spike frequency: 0.12656 0.0
[32m[I 2021-04-21 13:33:53,788][0m Trial 41 finished with values: [0.12656, 0.0] with parameters: {'Vahp': -23.0, 'Vth': -45.5, 'Vmax': 22.5, 't_ref': 17.5, 'R': 0.9, 'tau_m': 229.5, 'rate_low': 49.5, 'rate_high': 50.0}.[0m
2021-04-21 13:33:54.229757: I tensorflow/compiler/jit/xla_gpu_device.cc:99] Not creating XLA devices, tf_xla_enable_xla_devices not set
maxFreq at 10nA: 1000.0
2021-04-21 13:34:14.867289: I tensorflow/compiler/jit/xla_gpu_device.cc:99] Not creating XLA devices, tf_xla_enable_xla_devices not set
2021-04-21 13:34:25.299423: I tensorflow/compiler/jit/xla_gpu_device.cc:99] Not creating XLA devices, tf_xla_enable_xla_devices not set
mse and spike frequency: 0.12656 0.0
[32m[I 2021-04-21 13:34:35,836][0m Trial 42 finished with values: [0.12656, 0.0] with parameters: {'Vahp': -43.0, 'Vth': -47.0, 'Vmax': 31.0, 't_ref': 0.5, 'R': 0.6, 'tau_m': 90.0, 'rate_low': 4.0, 'rate_high': 30.0}.[0m
2021-04-21 13:34:36.265720: I tensorflow/compiler/jit/xla_gpu_device.cc:99] Not creating XLA devices, tf_xla_enable_xla_devices not set
maxFreq at 10nA: 72.0
2021-04-21 13:34:57.264347: I tensorflow/compiler/jit/xla_gpu_device.cc:99] Not creating XLA devices, tf_xla_enable_xla_devices not set
2021-04-21 13:35:08.643365: I tensorflow/compiler/jit/xla_gpu_device.cc:99] Not creating XLA devices, tf_xla_enable_xla_devices not set
mse and spike frequency: 0.00381 20.6
[32m[I 2021-04-21 13:35:19,897][0m Trial 43 finished with values: [0.00381, 20.6] with parameters: {'Vahp': -52.5, 'Vth': -49.5, 'Vmax': 13.0, 't_ref': 13.0, 'R': 0.30000000000000004, 'tau_m': 180.5, 'rate_low': 13.5, 'rate_high': 48.5}.[0m
2021-04-21 13:35:20.326126: I tensorflow/compiler/jit/xla_gpu_device.cc:99] Not creating XLA devices, tf_xla_enable_xla_devices not set
maxFreq at 10nA: 77.0
2021-04-21 13:35:41.357768: I tensorflow/compiler/jit/xla_gpu_device.cc:99] Not creating XLA devices, tf_xla_enable_xla_devices not set
2021-04-21 13:35:52.785801: I tensorflow/compiler/jit/xla_gpu_device.cc:99] Not creating XLA devices, tf_xla_enable_xla_devices not set
mse and spike frequency: 0.02091 1.34
[32m[I 2021-04-21 13:36:03,193][0m Trial 44 finished with values: [0.02091, 1.34] with parameters: {'Vahp': -59.0, 'Vth': -30.5, 'Vmax': 31.5, 't_ref': 4.5, 'R': 0.1, 'tau_m': 265.0, 'rate_low': 14.5, 'rate_high': 42.5}.[0m
2021-04-21 13:36:03.680601: I tensorflow/compiler/jit/xla_gpu_device.cc:99] Not creating XLA devices, tf_xla_enable_xla_devices not set
maxFreq at 10nA: 1000.0
2021-04-21 13:36:25.169218: I tensorflow/compiler/jit/xla_gpu_device.cc:99] Not creating XLA devices, tf_xla_enable_xla_devices not set
2021-04-21 13:36:36.016443: I tensorflow/compiler/jit/xla_gpu_device.cc:99] Not creating XLA devices, tf_xla_enable_xla_devices not set
mse and spike frequency: 0.12656 0.0
[32m[I 2021-04-21 13:36:46,566][0m Trial 45 finished with values: [0.12656, 0.0] with parameters: {'Vahp': -22.5, 'Vth': -52.5, 'Vmax': 30.0, 't_ref': 1.5, 'R': 0.5, 'tau_m': 402.0, 'rate_low': 22.0, 'rate_high': 35.5}.[0m
2021-04-21 13:36:47.003627: I tensorflow/compiler/jit/xla_gpu_device.cc:99] Not creating XLA devices, tf_xla_enable_xla_devices not set
maxFreq at 10nA: 59.0
2021-04-21 13:37:08.335053: I tensorflow/compiler/jit/xla_gpu_device.cc:99] Not creating XLA devices, tf_xla_enable_xla_devices not set
2021-04-21 13:37:19.038030: I tensorflow/compiler/jit/xla_gpu_device.cc:99] Not creating XLA devices, tf_xla_enable_xla_devices not set
mse and spike frequency: 0.00493 5.22
[32m[I 2021-04-21 13:37:29,679][0m Trial 46 finished with values: [0.00493, 5.22] with parameters: {'Vahp': -42.0, 'Vth': -23.5, 'Vmax': 22.5, 't_ref': 15.0, 'R': 0.5, 'tau_m': 319.5, 'rate_low': 12.5, 'rate_high': 12.5}.[0m
2021-04-21 13:37:30.106291: I tensorflow/compiler/jit/xla_gpu_device.cc:99] Not creating XLA devices, tf_xla_enable_xla_devices not set
maxFreq at 10nA: 56.0
2021-04-21 13:37:51.664231: I tensorflow/compiler/jit/xla_gpu_device.cc:99] Not creating XLA devices, tf_xla_enable_xla_devices not set
2021-04-21 13:38:02.771699: I tensorflow/compiler/jit/xla_gpu_device.cc:99] Not creating XLA devices, tf_xla_enable_xla_devices not set
mse and spike frequency: 0.12656 0.0
[32m[I 2021-04-21 13:38:13,255][0m Trial 47 finished with values: [0.12656, 0.0] with parameters: {'Vahp': -31.0, 'Vth': -31.0, 'Vmax': 14.0, 't_ref': 16.5, 'R': 0.7000000000000001, 'tau_m': 67.5, 'rate_low': 38.5, 'rate_high': 48.0}.[0m
2021-04-21 13:38:13.680269: I tensorflow/compiler/jit/xla_gpu_device.cc:99] Not creating XLA devices, tf_xla_enable_xla_devices not set
maxFreq at 10nA: 1000.0
2021-04-21 13:38:35.407409: I tensorflow/compiler/jit/xla_gpu_device.cc:99] Not creating XLA devices, tf_xla_enable_xla_devices not set
2021-04-21 13:38:47.391033: I tensorflow/compiler/jit/xla_gpu_device.cc:99] Not creating XLA devices, tf_xla_enable_xla_devices not set
mse and spike frequency: 0.12656 0.0
[32m[I 2021-04-21 13:38:58,724][0m Trial 48 finished with values: [0.12656, 0.0] with parameters: {'Vahp': -22.5, 'Vth': -54.0, 'Vmax': 31.5, 't_ref': 2.5, 'R': 0.5, 'tau_m': 440.5, 'rate_low': 6.0, 'rate_high': 20.0}.[0m
2021-04-21 13:38:59.176622: I tensorflow/compiler/jit/xla_gpu_device.cc:99] Not creating XLA devices, tf_xla_enable_xla_devices not set
maxFreq at 10nA: 166.0
2021-04-21 13:39:21.295320: I tensorflow/compiler/jit/xla_gpu_device.cc:99] Not creating XLA devices, tf_xla_enable_xla_devices not set
2021-04-21 13:39:33.339233: I tensorflow/compiler/jit/xla_gpu_device.cc:99] Not creating XLA devices, tf_xla_enable_xla_devices not set
mse and spike frequency: 0.0109 2.2
[32m[I 2021-04-21 13:39:43,576][0m Trial 49 finished with values: [0.0109, 2.2] with parameters: {'Vahp': -37.0, 'Vth': -28.5, 'Vmax': 28.0, 't_ref': 3.5, 'R': 0.2, 'tau_m': 411.0, 'rate_low': 9.0, 'rate_high': 27.5}.[0m
2021-04-21 13:39:44.095411: I tensorflow/compiler/jit/xla_gpu_device.cc:99] Not creating XLA devices, tf_xla_enable_xla_devices not set
maxFreq at 10nA: 500.0
2021-04-21 13:40:06.065985: I tensorflow/compiler/jit/xla_gpu_device.cc:99] Not creating XLA devices, tf_xla_enable_xla_devices not set
2021-04-21 13:40:17.281644: I tensorflow/compiler/jit/xla_gpu_device.cc:99] Not creating XLA devices, tf_xla_enable_xla_devices not set
mse and spike frequency: 0.12656 0.0
[32m[I 2021-04-21 13:40:26,752][0m Trial 50 finished with values: [0.12656, 0.0] with parameters: {'Vahp': -43.0, 'Vth': -42.0, 'Vmax': 31.0, 't_ref': 0.5, 'R': 0.6, 'tau_m': 156.0, 'rate_low': 4.0, 'rate_high': 18.0}.[0m
2021-04-21 13:40:27.219842: I tensorflow/compiler/jit/xla_gpu_device.cc:99] Not creating XLA devices, tf_xla_enable_xla_devices not set
maxFreq at 10nA: 167.0
2021-04-21 13:40:49.625410: I tensorflow/compiler/jit/xla_gpu_device.cc:99] Not creating XLA devices, tf_xla_enable_xla_devices not set
2021-04-21 13:41:00.985155: I tensorflow/compiler/jit/xla_gpu_device.cc:99] Not creating XLA devices, tf_xla_enable_xla_devices not set
mse and spike frequency: 0.12656 0.0
[32m[I 2021-04-21 13:41:10,605][0m Trial 51 finished with values: [0.12656, 0.0] with parameters: {'Vahp': -59.0, 'Vth': -30.5, 'Vmax': 31.5, 't_ref': 4.5, 'R': 0.30000000000000004, 'tau_m': 6.0, 'rate_low': 34.0, 'rate_high': 42.5}.[0m
2021-04-21 13:41:11.036168: I tensorflow/compiler/jit/xla_gpu_device.cc:99] Not creating XLA devices, tf_xla_enable_xla_devices not set
maxFreq at 10nA: 199.0
2021-04-21 13:41:33.560186: I tensorflow/compiler/jit/xla_gpu_device.cc:99] Not creating XLA devices, tf_xla_enable_xla_devices not set
2021-04-21 13:41:45.038827: I tensorflow/compiler/jit/xla_gpu_device.cc:99] Not creating XLA devices, tf_xla_enable_xla_devices not set
mse and spike frequency: 0.00147 14.32
[32m[I 2021-04-21 13:41:55,229][0m Trial 52 finished with values: [0.00147, 14.32] with parameters: {'Vahp': -37.0, 'Vth': -28.5, 'Vmax': 28.0, 't_ref': 3.0, 'R': 0.2, 'tau_m': 411.0, 'rate_low': 45.5, 'rate_high': 27.5}.[0m
2021-04-21 13:41:55.665360: I tensorflow/compiler/jit/xla_gpu_device.cc:99] Not creating XLA devices, tf_xla_enable_xla_devices not set
maxFreq at 10nA: 112.0
2021-04-21 13:42:18.002697: I tensorflow/compiler/jit/xla_gpu_device.cc:99] Not creating XLA devices, tf_xla_enable_xla_devices not set
2021-04-21 13:42:29.662785: I tensorflow/compiler/jit/xla_gpu_device.cc:99] Not creating XLA devices, tf_xla_enable_xla_devices not set
mse and spike frequency: 0.12656 0.0
[32m[I 2021-04-21 13:42:39,853][0m Trial 53 finished with values: [0.12656, 0.0] with parameters: {'Vahp': -35.5, 'Vth': -30.0, 'Vmax': 40.0, 't_ref': 7.5, 'R': 0.5, 'tau_m': 100.5, 'rate_low': 2.0, 'rate_high': 8.0}.[0m
2021-04-21 13:42:40.298251: I tensorflow/compiler/jit/xla_gpu_device.cc:99] Not creating XLA devices, tf_xla_enable_xla_devices not set
maxFreq at 10nA: 250.0
2021-04-21 13:43:02.900435: I tensorflow/compiler/jit/xla_gpu_device.cc:99] Not creating XLA devices, tf_xla_enable_xla_devices not set
2021-04-21 13:43:15.106619: I tensorflow/compiler/jit/xla_gpu_device.cc:99] Not creating XLA devices, tf_xla_enable_xla_devices not set
mse and spike frequency: 0.0006 16.21
[32m[I 2021-04-21 13:43:25,539][0m Trial 54 finished with values: [0.0006, 16.21] with parameters: {'Vahp': -53.0, 'Vth': -34.5, 'Vmax': 29.0, 't_ref': 1.5, 'R': 0.8, 'tau_m': 437.5, 'rate_low': 16.5, 'rate_high': 46.0}.[0m
2021-04-21 13:43:25.986142: I tensorflow/compiler/jit/xla_gpu_device.cc:99] Not creating XLA devices, tf_xla_enable_xla_devices not set
maxFreq at 10nA: 999.0
2021-04-21 13:43:48.583686: I tensorflow/compiler/jit/xla_gpu_device.cc:99] Not creating XLA devices, tf_xla_enable_xla_devices not set
2021-04-21 13:44:00.931942: I tensorflow/compiler/jit/xla_gpu_device.cc:99] Not creating XLA devices, tf_xla_enable_xla_devices not set
mse and spike frequency: 0.12656 0.0
[32m[I 2021-04-21 13:44:12,072][0m Trial 55 finished with values: [0.12656, 0.0] with parameters: {'Vahp': -20.5, 'Vth': -32.0, 'Vmax': 24.0, 't_ref': 7.5, 'R': 0.6, 'tau_m': 431.0, 'rate_low': 33.0, 'rate_high': 46.0}.[0m
2021-04-21 13:44:12.554975: I tensorflow/compiler/jit/xla_gpu_device.cc:99] Not creating XLA devices, tf_xla_enable_xla_devices not set
maxFreq at 10nA: 998.0
2021-04-21 13:44:35.811529: I tensorflow/compiler/jit/xla_gpu_device.cc:99] Not creating XLA devices, tf_xla_enable_xla_devices not set
2021-04-21 13:44:48.055346: I tensorflow/compiler/jit/xla_gpu_device.cc:99] Not creating XLA devices, tf_xla_enable_xla_devices not set
mse and spike frequency: 0.12656 0.0
[32m[I 2021-04-21 13:44:59,253][0m Trial 56 finished with values: [0.12656, 0.0] with parameters: {'Vahp': -34.5, 'Vth': -46.0, 'Vmax': 32.5, 't_ref': 11.5, 'R': 0.1, 'tau_m': 174.5, 'rate_low': 30.0, 'rate_high': 47.0}.[0m
2021-04-21 13:44:59.775097: I tensorflow/compiler/jit/xla_gpu_device.cc:99] Not creating XLA devices, tf_xla_enable_xla_devices not set
maxFreq at 10nA: 1000.0
2021-04-21 13:45:23.015113: I tensorflow/compiler/jit/xla_gpu_device.cc:99] Not creating XLA devices, tf_xla_enable_xla_devices not set
2021-04-21 13:45:35.283530: I tensorflow/compiler/jit/xla_gpu_device.cc:99] Not creating XLA devices, tf_xla_enable_xla_devices not set
mse and spike frequency: 0.12656 0.0
[32m[I 2021-04-21 13:45:46,684][0m Trial 57 finished with values: [0.12656, 0.0] with parameters: {'Vahp': -22.5, 'Vth': -33.5, 'Vmax': 40.0, 't_ref': 16.0, 'R': 0.8, 'tau_m': 267.0, 'rate_low': 22.0, 'rate_high': 35.5}.[0m
2021-04-21 13:45:47.162599: I tensorflow/compiler/jit/xla_gpu_device.cc:99] Not creating XLA devices, tf_xla_enable_xla_devices not set
maxFreq at 10nA: 56.0
2021-04-21 13:46:10.158016: I tensorflow/compiler/jit/xla_gpu_device.cc:99] Not creating XLA devices, tf_xla_enable_xla_devices not set
2021-04-21 13:46:22.339940: I tensorflow/compiler/jit/xla_gpu_device.cc:99] Not creating XLA devices, tf_xla_enable_xla_devices not set
mse and spike frequency: 0.00417 6.37
