[32m[I 2021-04-21 13:27:23,425][0m Trial 26 finished with values: [1.02536, 4.26] with parameters: {'Vahp': -50.5, 'Vth': -20.0, 'Vmax': 37.0, 't_ref': 12.5, 'R': 0.9, 'tau_m': 367.5, 'R_adp': 0.9, 'tau_w': 310.0, 'a': 482.5, 'rate_low': 13.0, 'rate_high': 40.0}.[0m
2021-04-21 13:27:24.317748: I tensorflow/compiler/jit/xla_gpu_device.cc:99] Not creating XLA devices, tf_xla_enable_xla_devices not set
maxFreq at 10nA: 1000.0
2021-04-21 13:27:44.158747: I tensorflow/compiler/jit/xla_gpu_device.cc:99] Not creating XLA devices, tf_xla_enable_xla_devices not set
2021-04-21 13:27:52.999808: I tensorflow/compiler/jit/xla_gpu_device.cc:99] Not creating XLA devices, tf_xla_enable_xla_devices not set
mse and spike frequency: 0.12656 0.0
[32m[I 2021-04-21 13:28:00,957][0m Trial 27 finished with values: [0.12656, 0.0] with parameters: {'Vahp': -34.0, 'Vth': -50.5, 'Vmax': 14.5, 't_ref': 12.5, 'R': 0.8, 'tau_m': 286.5, 'R_adp': 0.8, 'tau_w': 181.5, 'a': 416.0, 'rate_low': 32.0, 'rate_high': 37.0}.[0m
2021-04-21 13:28:01.676943: I tensorflow/compiler/jit/xla_gpu_device.cc:99] Not creating XLA devices, tf_xla_enable_xla_devices not set
maxFreq at 10nA: 54.0
2021-04-21 13:28:21.389582: I tensorflow/compiler/jit/xla_gpu_device.cc:99] Not creating XLA devices, tf_xla_enable_xla_devices not set
2021-04-21 13:28:30.024795: I tensorflow/compiler/jit/xla_gpu_device.cc:99] Not creating XLA devices, tf_xla_enable_xla_devices not set
mse and spike frequency: 1.2045 4.64
[32m[I 2021-04-21 13:28:38,651][0m Trial 28 finished with values: [1.2045, 4.64] with parameters: {'Vahp': -36.5, 'Vth': -36.0, 'Vmax': 31.0, 't_ref': 16.5, 'R': 0.7000000000000001, 'tau_m': 84.5, 'R_adp': 1.0, 'tau_w': 429.5, 'a': 348.5, 'rate_low': 7.0, 'rate_high': 47.0}.[0m
2021-04-21 13:28:39.228206: I tensorflow/compiler/jit/xla_gpu_device.cc:99] Not creating XLA devices, tf_xla_enable_xla_devices not set
maxFreq at 10nA: 998.0
2021-04-21 13:28:58.924752: I tensorflow/compiler/jit/xla_gpu_device.cc:99] Not creating XLA devices, tf_xla_enable_xla_devices not set
2021-04-21 13:29:07.252258: I tensorflow/compiler/jit/xla_gpu_device.cc:99] Not creating XLA devices, tf_xla_enable_xla_devices not set
mse and spike frequency: 0.12656 0.0
[32m[I 2021-04-21 13:29:15,952][0m Trial 29 finished with values: [0.12656, 0.0] with parameters: {'Vahp': -33.0, 'Vth': -39.0, 'Vmax': 26.5, 't_ref': 10.0, 'R': 0.2, 'tau_m': 230.0, 'R_adp': 0.30000000000000004, 'tau_w': 57.0, 'a': 364.0, 'rate_low': 40.0, 'rate_high': 40.0}.[0m
2021-04-21 13:29:16.673904: I tensorflow/compiler/jit/xla_gpu_device.cc:99] Not creating XLA devices, tf_xla_enable_xla_devices not set
maxFreq at 10nA: 112.0
2021-04-21 13:29:36.567505: I tensorflow/compiler/jit/xla_gpu_device.cc:99] Not creating XLA devices, tf_xla_enable_xla_devices not set
2021-04-21 13:29:45.221730: I tensorflow/compiler/jit/xla_gpu_device.cc:99] Not creating XLA devices, tf_xla_enable_xla_devices not set
mse and spike frequency: 0.11524 38.28
[32m[I 2021-04-21 13:29:53,884][0m Trial 30 finished with values: [0.11524, 38.28] with parameters: {'Vahp': -44.5, 'Vth': -40.5, 'Vmax': 24.0, 't_ref': 8.0, 'R': 0.9, 'tau_m': 102.5, 'R_adp': 0.1, 'tau_w': 240.0, 'a': 299.0, 'rate_low': 47.0, 'rate_high': 48.0}.[0m
2021-04-21 13:29:54.556811: I tensorflow/compiler/jit/xla_gpu_device.cc:99] Not creating XLA devices, tf_xla_enable_xla_devices not set
maxFreq at 10nA: 1000.0
2021-04-21 13:30:14.946060: I tensorflow/compiler/jit/xla_gpu_device.cc:99] Not creating XLA devices, tf_xla_enable_xla_devices not set
2021-04-21 13:30:23.647209: I tensorflow/compiler/jit/xla_gpu_device.cc:99] Not creating XLA devices, tf_xla_enable_xla_devices not set
mse and spike frequency: 0.12656 0.0
[32m[I 2021-04-21 13:30:32,320][0m Trial 31 finished with values: [0.12656, 0.0] with parameters: {'Vahp': -42.5, 'Vth': -51.5, 'Vmax': 16.5, 't_ref': 14.0, 'R': 0.8, 'tau_m': 240.5, 'R_adp': 1.0, 'tau_w': 387.5, 'a': 144.0, 'rate_low': 43.5, 'rate_high': 48.0}.[0m
2021-04-21 13:30:32.998478: I tensorflow/compiler/jit/xla_gpu_device.cc:99] Not creating XLA devices, tf_xla_enable_xla_devices not set
maxFreq at 10nA: 1000.0
2021-04-21 13:30:53.332311: I tensorflow/compiler/jit/xla_gpu_device.cc:99] Not creating XLA devices, tf_xla_enable_xla_devices not set
2021-04-21 13:31:02.049361: I tensorflow/compiler/jit/xla_gpu_device.cc:99] Not creating XLA devices, tf_xla_enable_xla_devices not set
mse and spike frequency: 0.12656 0.0
[32m[I 2021-04-21 13:31:10,701][0m Trial 32 finished with values: [0.12656, 0.0] with parameters: {'Vahp': -47.0, 'Vth': -54.5, 'Vmax': 33.0, 't_ref': 18.0, 'R': 0.7000000000000001, 'tau_m': 154.5, 'R_adp': 0.9, 'tau_w': 224.0, 'a': 208.0, 'rate_low': 46.0, 'rate_high': 48.5}.[0m
2021-04-21 13:31:11.326260: I tensorflow/compiler/jit/xla_gpu_device.cc:99] Not creating XLA devices, tf_xla_enable_xla_devices not set
maxFreq at 10nA: 159.0
2021-04-21 13:31:31.990828: I tensorflow/compiler/jit/xla_gpu_device.cc:99] Not creating XLA devices, tf_xla_enable_xla_devices not set
2021-04-21 13:31:40.751874: I tensorflow/compiler/jit/xla_gpu_device.cc:99] Not creating XLA devices, tf_xla_enable_xla_devices not set
mse and spike frequency: 0.01843 7.94
[32m[I 2021-04-21 13:31:49,703][0m Trial 33 finished with values: [0.01843, 7.94] with parameters: {'Vahp': -47.0, 'Vth': -31.0, 'Vmax': 37.0, 't_ref': 2.5, 'R': 0.30000000000000004, 'tau_m': 177.5, 'R_adp': 0.30000000000000004, 'tau_w': 138.0, 'a': 326.5, 'rate_low': 48.5, 'rate_high': 48.5}.[0m
2021-04-21 13:31:50.299500: I tensorflow/compiler/jit/xla_gpu_device.cc:99] Not creating XLA devices, tf_xla_enable_xla_devices not set
maxFreq at 10nA: 1000.0
2021-04-21 13:32:11.019736: I tensorflow/compiler/jit/xla_gpu_device.cc:99] Not creating XLA devices, tf_xla_enable_xla_devices not set
2021-04-21 13:32:20.177874: I tensorflow/compiler/jit/xla_gpu_device.cc:99] Not creating XLA devices, tf_xla_enable_xla_devices not set
mse and spike frequency: 0.12401 1000.1
[32m[I 2021-04-21 13:32:29,310][0m Trial 34 finished with values: [0.12401, 1000.1] with parameters: {'Vahp': -52.5, 'Vth': -59.0, 'Vmax': 15.0, 't_ref': 5.0, 'R': 0.8, 'tau_m': 120.5, 'R_adp': 0.6, 'tau_w': 49.0, 'a': 365.0, 'rate_low': 3.0, 'rate_high': 23.5}.[0m
2021-04-21 13:32:30.034571: I tensorflow/compiler/jit/xla_gpu_device.cc:99] Not creating XLA devices, tf_xla_enable_xla_devices not set
maxFreq at 10nA: 999.0
2021-04-21 13:32:50.732458: I tensorflow/compiler/jit/xla_gpu_device.cc:99] Not creating XLA devices, tf_xla_enable_xla_devices not set
2021-04-21 13:32:59.851490: I tensorflow/compiler/jit/xla_gpu_device.cc:99] Not creating XLA devices, tf_xla_enable_xla_devices not set
mse and spike frequency: 0.12656 0.0
[32m[I 2021-04-21 13:33:08,813][0m Trial 35 finished with values: [0.12656, 0.0] with parameters: {'Vahp': -42.5, 'Vth': -43.0, 'Vmax': 12.5, 't_ref': 10.0, 'R': 0.5, 'tau_m': 485.0, 'R_adp': 0.2, 'tau_w': 378.0, 'a': 69.0, 'rate_low': 17.0, 'rate_high': 22.5}.[0m
2021-04-21 13:33:09.389509: I tensorflow/compiler/jit/xla_gpu_device.cc:99] Not creating XLA devices, tf_xla_enable_xla_devices not set
maxFreq at 10nA: 1000.0
2021-04-21 13:33:30.504238: I tensorflow/compiler/jit/xla_gpu_device.cc:99] Not creating XLA devices, tf_xla_enable_xla_devices not set
2021-04-21 13:33:39.513314: I tensorflow/compiler/jit/xla_gpu_device.cc:99] Not creating XLA devices, tf_xla_enable_xla_devices not set
mse and spike frequency: 0.12656 0.0
[32m[I 2021-04-21 13:33:48,679][0m Trial 36 finished with values: [0.12656, 0.0] with parameters: {'Vahp': -26.0, 'Vth': -43.5, 'Vmax': 37.5, 't_ref': 15.0, 'R': 0.7000000000000001, 'tau_m': 49.5, 'R_adp': 0.5, 'tau_w': 32.5, 'a': 159.0, 'rate_low': 45.5, 'rate_high': 49.0}.[0m
2021-04-21 13:33:49.258853: I tensorflow/compiler/jit/xla_gpu_device.cc:99] Not creating XLA devices, tf_xla_enable_xla_devices not set
maxFreq at 10nA: 245.0
2021-04-21 13:34:11.088247: I tensorflow/compiler/jit/xla_gpu_device.cc:99] Not creating XLA devices, tf_xla_enable_xla_devices not set
2021-04-21 13:34:20.661041: I tensorflow/compiler/jit/xla_gpu_device.cc:99] Not creating XLA devices, tf_xla_enable_xla_devices not set
mse and spike frequency: 14.59103 35.28
[32m[I 2021-04-21 13:34:29,690][0m Trial 37 finished with values: [14.59103, 35.28] with parameters: {'Vahp': -52.0, 'Vth': -47.0, 'Vmax': 24.0, 't_ref': 3.0, 'R': 0.8, 'tau_m': 409.5, 'R_adp': 0.2, 'tau_w': 417.5, 'a': 327.5, 'rate_low': 24.5, 'rate_high': 35.5}.[0m
2021-04-21 13:34:30.226733: I tensorflow/compiler/jit/xla_gpu_device.cc:99] Not creating XLA devices, tf_xla_enable_xla_devices not set
maxFreq at 10nA: 999.0
2021-04-21 13:34:51.988509: I tensorflow/compiler/jit/xla_gpu_device.cc:99] Not creating XLA devices, tf_xla_enable_xla_devices not set
2021-04-21 13:35:01.551635: I tensorflow/compiler/jit/xla_gpu_device.cc:99] Not creating XLA devices, tf_xla_enable_xla_devices not set
mse and spike frequency: 0.12656 0.0
[32m[I 2021-04-21 13:35:11,048][0m Trial 38 finished with values: [0.12656, 0.0] with parameters: {'Vahp': -45.0, 'Vth': -52.5, 'Vmax': 30.5, 't_ref': 1.0, 'R': 0.2, 'tau_m': 477.5, 'R_adp': 1.0, 'tau_w': 465.0, 'a': 139.0, 'rate_low': 40.5, 'rate_high': 49.0}.[0m
2021-04-21 13:35:11.586685: I tensorflow/compiler/jit/xla_gpu_device.cc:99] Not creating XLA devices, tf_xla_enable_xla_devices not set
maxFreq at 10nA: 48.0
2021-04-21 13:35:33.862506: I tensorflow/compiler/jit/xla_gpu_device.cc:99] Not creating XLA devices, tf_xla_enable_xla_devices not set
2021-04-21 13:35:43.548944: I tensorflow/compiler/jit/xla_gpu_device.cc:99] Not creating XLA devices, tf_xla_enable_xla_devices not set
mse and spike frequency: 0.02447 4.24
[32m[I 2021-04-21 13:35:52,955][0m Trial 39 finished with values: [0.02447, 4.24] with parameters: {'Vahp': -49.0, 'Vth': -20.5, 'Vmax': 18.5, 't_ref': 18.5, 'R': 0.7000000000000001, 'tau_m': 285.5, 'R_adp': 0.7000000000000001, 'tau_w': 125.5, 'a': 492.5, 'rate_low': 33.0, 'rate_high': 39.0}.[0m
2021-04-21 13:35:53.437491: I tensorflow/compiler/jit/xla_gpu_device.cc:99] Not creating XLA devices, tf_xla_enable_xla_devices not set
maxFreq at 10nA: 53.0
2021-04-21 13:36:15.623697: I tensorflow/compiler/jit/xla_gpu_device.cc:99] Not creating XLA devices, tf_xla_enable_xla_devices not set
2021-04-21 13:36:25.163305: I tensorflow/compiler/jit/xla_gpu_device.cc:99] Not creating XLA devices, tf_xla_enable_xla_devices not set
mse and spike frequency: 0.00506 13.41
[32m[I 2021-04-21 13:36:34,381][0m Trial 40 finished with values: [0.00506, 13.41] with parameters: {'Vahp': -52.5, 'Vth': -37.0, 'Vmax': 37.5, 't_ref': 18.0, 'R': 0.7000000000000001, 'tau_m': 96.0, 'R_adp': 0.8, 'tau_w': 48.5, 'a': 106.5, 'rate_low': 11.5, 'rate_high': 45.0}.[0m
2021-04-21 13:36:34.913858: I tensorflow/compiler/jit/xla_gpu_device.cc:99] Not creating XLA devices, tf_xla_enable_xla_devices not set
maxFreq at 10nA: 999.0
2021-04-21 13:36:57.794685: I tensorflow/compiler/jit/xla_gpu_device.cc:99] Not creating XLA devices, tf_xla_enable_xla_devices not set
2021-04-21 13:37:07.512343: I tensorflow/compiler/jit/xla_gpu_device.cc:99] Not creating XLA devices, tf_xla_enable_xla_devices not set
mse and spike frequency: 0.12656 0.0
[32m[I 2021-04-21 13:37:16,937][0m Trial 41 finished with values: [0.12656, 0.0] with parameters: {'Vahp': -40.0, 'Vth': -43.5, 'Vmax': 33.0, 't_ref': 3.5, 'R': 0.30000000000000004, 'tau_m': 219.5, 'R_adp': 0.2, 'tau_w': 138.0, 'a': 453.0, 'rate_low': 28.5, 'rate_high': 36.5}.[0m
2021-04-21 13:37:17.511728: I tensorflow/compiler/jit/xla_gpu_device.cc:99] Not creating XLA devices, tf_xla_enable_xla_devices not set
maxFreq at 10nA: 1000.0
2021-04-21 13:37:40.065630: I tensorflow/compiler/jit/xla_gpu_device.cc:99] Not creating XLA devices, tf_xla_enable_xla_devices not set
2021-04-21 13:37:49.924511: I tensorflow/compiler/jit/xla_gpu_device.cc:99] Not creating XLA devices, tf_xla_enable_xla_devices not set
mse and spike frequency: 0.12656 0.0
[32m[I 2021-04-21 13:37:59,029][0m Trial 42 finished with values: [0.12656, 0.0] with parameters: {'Vahp': -22.0, 'Vth': -27.0, 'Vmax': 40.0, 't_ref': 14.5, 'R': 0.6, 'tau_m': 130.5, 'R_adp': 0.5, 'tau_w': 499.5, 'a': 266.0, 'rate_low': 8.5, 'rate_high': 48.0}.[0m
2021-04-21 13:37:59.574880: I tensorflow/compiler/jit/xla_gpu_device.cc:99] Not creating XLA devices, tf_xla_enable_xla_devices not set
maxFreq at 10nA: 46.0
2021-04-21 13:38:22.468033: I tensorflow/compiler/jit/xla_gpu_device.cc:99] Not creating XLA devices, tf_xla_enable_xla_devices not set
2021-04-21 13:38:32.451792: I tensorflow/compiler/jit/xla_gpu_device.cc:99] Not creating XLA devices, tf_xla_enable_xla_devices not set
mse and spike frequency: 0.22779 5.07
[32m[I 2021-04-21 13:38:41,993][0m Trial 43 finished with values: [0.22779, 5.07] with parameters: {'Vahp': -56.5, 'Vth': -50.0, 'Vmax': 23.5, 't_ref': 18.5, 'R': 0.1, 'tau_m': 119.5, 'R_adp': 1.0, 'tau_w': 377.0, 'a': 52.0, 'rate_low': 44.0, 'rate_high': 50.0}.[0m
2021-04-21 13:38:42.533266: I tensorflow/compiler/jit/xla_gpu_device.cc:99] Not creating XLA devices, tf_xla_enable_xla_devices not set
maxFreq at 10nA: 1000.0
2021-04-21 13:39:05.775956: I tensorflow/compiler/jit/xla_gpu_device.cc:99] Not creating XLA devices, tf_xla_enable_xla_devices not set
2021-04-21 13:39:15.485983: I tensorflow/compiler/jit/xla_gpu_device.cc:99] Not creating XLA devices, tf_xla_enable_xla_devices not set
mse and spike frequency: 0.12656 0.0
[32m[I 2021-04-21 13:39:24,535][0m Trial 44 finished with values: [0.12656, 0.0] with parameters: {'Vahp': -25.0, 'Vth': -32.5, 'Vmax': 19.0, 't_ref': 2.0, 'R': 0.6, 'tau_m': 103.5, 'R_adp': 0.7000000000000001, 'tau_w': 479.5, 'a': 390.5, 'rate_low': 22.0, 'rate_high': 26.5}.[0m
2021-04-21 13:39:24.960962: I tensorflow/compiler/jit/xla_gpu_device.cc:99] Not creating XLA devices, tf_xla_enable_xla_devices not set
maxFreq at 10nA: 1000.0
2021-04-21 13:39:48.005248: I tensorflow/compiler/jit/xla_gpu_device.cc:99] Not creating XLA devices, tf_xla_enable_xla_devices not set
2021-04-21 13:39:57.944615: I tensorflow/compiler/jit/xla_gpu_device.cc:99] Not creating XLA devices, tf_xla_enable_xla_devices not set
mse and spike frequency: 0.12401 1000.1
[32m[I 2021-04-21 13:40:06,891][0m Trial 45 finished with values: [0.12401, 1000.1] with parameters: {'Vahp': -41.0, 'Vth': -59.0, 'Vmax': 40.0, 't_ref': 6.5, 'R': 1.0, 'tau_m': 223.5, 'R_adp': 0.6, 'tau_w': 349.5, 'a': 86.5, 'rate_low': 14.0, 'rate_high': 30.5}.[0m
2021-04-21 13:40:07.373203: I tensorflow/compiler/jit/xla_gpu_device.cc:99] Not creating XLA devices, tf_xla_enable_xla_devices not set
maxFreq at 10nA: 1000.0
2021-04-21 13:40:29.982007: I tensorflow/compiler/jit/xla_gpu_device.cc:99] Not creating XLA devices, tf_xla_enable_xla_devices not set
2021-04-21 13:40:40.143359: I tensorflow/compiler/jit/xla_gpu_device.cc:99] Not creating XLA devices, tf_xla_enable_xla_devices not set
mse and spike frequency: 0.12656 0.0
[32m[I 2021-04-21 13:40:49,362][0m Trial 46 finished with values: [0.12656, 0.0] with parameters: {'Vahp': -37.0, 'Vth': -54.0, 'Vmax': 16.0, 't_ref': 1.0, 'R': 1.0, 'tau_m': 16.5, 'R_adp': 0.2, 'tau_w': 452.0, 'a': 391.5, 'rate_low': 32.0, 'rate_high': 43.0}.[0m
2021-04-21 13:40:49.834415: I tensorflow/compiler/jit/xla_gpu_device.cc:99] Not creating XLA devices, tf_xla_enable_xla_devices not set
maxFreq at 10nA: 1000.0
2021-04-21 13:41:12.704320: I tensorflow/compiler/jit/xla_gpu_device.cc:99] Not creating XLA devices, tf_xla_enable_xla_devices not set
2021-04-21 13:41:22.849818: I tensorflow/compiler/jit/xla_gpu_device.cc:99] Not creating XLA devices, tf_xla_enable_xla_devices not set
mse and spike frequency: 0.12656 0.0
[32m[I 2021-04-21 13:41:32,170][0m Trial 47 finished with values: [0.12656, 0.0] with parameters: {'Vahp': -34.5, 'Vth': -49.5, 'Vmax': 15.5, 't_ref': 0.5, 'R': 0.9, 'tau_m': 44.5, 'R_adp': 0.4, 'tau_w': 487.0, 'a': 316.5, 'rate_low': 45.5, 'rate_high': 49.5}.[0m
2021-04-21 13:41:32.650053: I tensorflow/compiler/jit/xla_gpu_device.cc:99] Not creating XLA devices, tf_xla_enable_xla_devices not set
maxFreq at 10nA: 998.0
2021-04-21 13:41:55.507134: I tensorflow/compiler/jit/xla_gpu_device.cc:99] Not creating XLA devices, tf_xla_enable_xla_devices not set
2021-04-21 13:42:05.294794: I tensorflow/compiler/jit/xla_gpu_device.cc:99] Not creating XLA devices, tf_xla_enable_xla_devices not set
mse and spike frequency: 0.12656 0.0
[32m[I 2021-04-21 13:42:14,296][0m Trial 48 finished with values: [0.12656, 0.0] with parameters: {'Vahp': -27.0, 'Vth': -28.0, 'Vmax': 33.5, 't_ref': 6.5, 'R': 0.2, 'tau_m': 188.5, 'R_adp': 0.8, 'tau_w': 304.0, 'a': 468.5, 'rate_low': 36.5, 'rate_high': 48.5}.[0m
2021-04-21 13:42:14.901981: I tensorflow/compiler/jit/xla_gpu_device.cc:99] Not creating XLA devices, tf_xla_enable_xla_devices not set
maxFreq at 10nA: 52.0
2021-04-21 13:42:39.072207: I tensorflow/compiler/jit/xla_gpu_device.cc:99] Not creating XLA devices, tf_xla_enable_xla_devices not set
2021-04-21 13:42:49.419320: I tensorflow/compiler/jit/xla_gpu_device.cc:99] Not creating XLA devices, tf_xla_enable_xla_devices not set
mse and spike frequency: 0.73799 3.68
[32m[I 2021-04-21 13:42:58,686][0m Trial 49 finished with values: [0.73799, 3.68] with parameters: {'Vahp': -51.5, 'Vth': -32.5, 'Vmax': 29.0, 't_ref': 12.0, 'R': 0.4, 'tau_m': 277.5, 'R_adp': 0.5, 'tau_w': 376.5, 'a': 432.0, 'rate_low': 27.0, 'rate_high': 27.0}.[0m
2021-04-21 13:42:59.162221: I tensorflow/compiler/jit/xla_gpu_device.cc:99] Not creating XLA devices, tf_xla_enable_xla_devices not set
maxFreq at 10nA: 998.0
2021-04-21 13:43:22.921536: I tensorflow/compiler/jit/xla_gpu_device.cc:99] Not creating XLA devices, tf_xla_enable_xla_devices not set
2021-04-21 13:43:33.486609: I tensorflow/compiler/jit/xla_gpu_device.cc:99] Not creating XLA devices, tf_xla_enable_xla_devices not set
mse and spike frequency: 0.12656 0.0
[32m[I 2021-04-21 13:43:42,746][0m Trial 50 finished with values: [0.12656, 0.0] with parameters: {'Vahp': -22.5, 'Vth': -30.5, 'Vmax': 36.0, 't_ref': 14.5, 'R': 0.1, 'tau_m': 98.5, 'R_adp': 1.0, 'tau_w': 487.5, 'a': 402.5, 'rate_low': 40.5, 'rate_high': 46.5}.[0m
2021-04-21 13:43:43.452731: I tensorflow/compiler/jit/xla_gpu_device.cc:99] Not creating XLA devices, tf_xla_enable_xla_devices not set
maxFreq at 10nA: 999.0
2021-04-21 13:44:06.918980: I tensorflow/compiler/jit/xla_gpu_device.cc:99] Not creating XLA devices, tf_xla_enable_xla_devices not set
2021-04-21 13:44:18.410318: I tensorflow/compiler/jit/xla_gpu_device.cc:99] Not creating XLA devices, tf_xla_enable_xla_devices not set
mse and spike frequency: 0.12656 0.0
[32m[I 2021-04-21 13:44:27,944][0m Trial 51 finished with values: [0.12656, 0.0] with parameters: {'Vahp': -22.0, 'Vth': -27.0, 'Vmax': 15.0, 't_ref': 14.5, 'R': 0.8, 'tau_m': 489.0, 'R_adp': 1.0, 'tau_w': 499.5, 'a': 380.0, 'rate_low': 8.5, 'rate_high': 26.5}.[0m
2021-04-21 13:44:28.460727: I tensorflow/compiler/jit/xla_gpu_device.cc:99] Not creating XLA devices, tf_xla_enable_xla_devices not set
maxFreq at 10nA: 1000.0
2021-04-21 13:44:52.396172: I tensorflow/compiler/jit/xla_gpu_device.cc:99] Not creating XLA devices, tf_xla_enable_xla_devices not set
2021-04-21 13:45:03.659289: I tensorflow/compiler/jit/xla_gpu_device.cc:99] Not creating XLA devices, tf_xla_enable_xla_devices not set
mse and spike frequency: 0.12656 0.0
[32m[I 2021-04-21 13:45:13,261][0m Trial 52 finished with values: [0.12656, 0.0] with parameters: {'Vahp': -42.5, 'Vth': -51.5, 'Vmax': 16.5, 't_ref': 6.5, 'R': 0.8, 'tau_m': 223.5, 'R_adp': 0.6, 'tau_w': 42.5, 'a': 144.0, 'rate_low': 43.5, 'rate_high': 49.0}.[0m
2021-04-21 13:45:13.871625: I tensorflow/compiler/jit/xla_gpu_device.cc:99] Not creating XLA devices, tf_xla_enable_xla_devices not set
maxFreq at 10nA: 1000.0
2021-04-21 13:45:37.228332: I tensorflow/compiler/jit/xla_gpu_device.cc:99] Not creating XLA devices, tf_xla_enable_xla_devices not set
2021-04-21 13:45:48.854989: I tensorflow/compiler/jit/xla_gpu_device.cc:99] Not creating XLA devices, tf_xla_enable_xla_devices not set
mse and spike frequency: 0.12656 0.0
[32m[I 2021-04-21 13:45:58,675][0m Trial 53 finished with values: [0.12656, 0.0] with parameters: {'Vahp': -37.0, 'Vth': -54.0, 'Vmax': 16.0, 't_ref': 1.0, 'R': 1.0, 'tau_m': 120.5, 'R_adp': 0.6, 'tau_w': 49.0, 'a': 391.5, 'rate_low': 32.0, 'rate_high': 43.0}.[0m
2021-04-21 13:45:59.135224: I tensorflow/compiler/jit/xla_gpu_device.cc:99] Not creating XLA devices, tf_xla_enable_xla_devices not set
maxFreq at 10nA: 90.0
2021-04-21 13:46:23.261392: I tensorflow/compiler/jit/xla_gpu_device.cc:99] Not creating XLA devices, tf_xla_enable_xla_devices not set
2021-04-21 13:46:35.069075: I tensorflow/compiler/jit/xla_gpu_device.cc:99] Not creating XLA devices, tf_xla_enable_xla_devices not set
mse and spike frequency: 0.02879 2.2
[32m[I 2021-04-21 13:46:45,190][0m Trial 54 finished with values: [0.02879, 2.2] with parameters: {'Vahp': -42.5, 'Vth': -30.5, 'Vmax': 36.0, 't_ref': 6.5, 'R': 0.2, 'tau_m': 485.0, 'R_adp': 0.2, 'tau_w': 487.5, 'a': 69.0, 'rate_low': 17.0, 'rate_high': 31.0}.[0m
2021-04-21 13:46:45.673104: I tensorflow/compiler/jit/xla_gpu_device.cc:99] Not creating XLA devices, tf_xla_enable_xla_devices not set
maxFreq at 10nA: 1000.0
2021-04-21 13:47:10.029952: I tensorflow/compiler/jit/xla_gpu_device.cc:99] Not creating XLA devices, tf_xla_enable_xla_devices not set
2021-04-21 13:47:21.914904: I tensorflow/compiler/jit/xla_gpu_device.cc:99] Not creating XLA devices, tf_xla_enable_xla_devices not set
mse and spike frequency: 0.12656 0.0
