[32m[I 2021-04-21 14:46:33,528][0m Trial 120 finished with values: [0.12656, 0.0] with parameters: {'Vahp': -42.5, 'Vth': -51.0, 'Vmax': 20.5, 't_ref': 14.5, 'R': 0.9, 'tau_m': 206.5, 'rate_low': 20.0, 'rate_high': 4.5}.[0m
2021-04-21 14:46:34.162892: I tensorflow/compiler/jit/xla_gpu_device.cc:99] Not creating XLA devices, tf_xla_enable_xla_devices not set
maxFreq at 10nA: 999.0
2021-04-21 14:47:04.579809: I tensorflow/compiler/jit/xla_gpu_device.cc:99] Not creating XLA devices, tf_xla_enable_xla_devices not set
2021-04-21 14:47:23.636614: I tensorflow/compiler/jit/xla_gpu_device.cc:99] Not creating XLA devices, tf_xla_enable_xla_devices not set
mse and spike frequency: 0.12656 0.0
[32m[I 2021-04-21 14:47:42,879][0m Trial 121 finished with values: [0.12656, 0.0] with parameters: {'Vahp': -30.0, 'Vth': -39.0, 'Vmax': 15.5, 't_ref': 2.5, 'R': 0.9, 'tau_m': 488.5, 'rate_low': 43.5, 'rate_high': 49.0}.[0m
2021-04-21 14:47:43.534560: I tensorflow/compiler/jit/xla_gpu_device.cc:99] Not creating XLA devices, tf_xla_enable_xla_devices not set
maxFreq at 10nA: 1000.0
2021-04-21 14:48:14.217731: I tensorflow/compiler/jit/xla_gpu_device.cc:99] Not creating XLA devices, tf_xla_enable_xla_devices not set
2021-04-21 14:48:33.632484: I tensorflow/compiler/jit/xla_gpu_device.cc:99] Not creating XLA devices, tf_xla_enable_xla_devices not set
mse and spike frequency: 0.12656 0.0
[32m[I 2021-04-21 14:48:52,839][0m Trial 122 finished with values: [0.12656, 0.0] with parameters: {'Vahp': -37.5, 'Vth': -57.0, 'Vmax': 20.5, 't_ref': 14.5, 'R': 0.6, 'tau_m': 353.0, 'rate_low': 1.5, 'rate_high': 37.5}.[0m
2021-04-21 14:48:53.487037: I tensorflow/compiler/jit/xla_gpu_device.cc:99] Not creating XLA devices, tf_xla_enable_xla_devices not set
maxFreq at 10nA: 1000.0
2021-04-21 14:49:23.877521: I tensorflow/compiler/jit/xla_gpu_device.cc:99] Not creating XLA devices, tf_xla_enable_xla_devices not set
2021-04-21 14:49:43.256514: I tensorflow/compiler/jit/xla_gpu_device.cc:99] Not creating XLA devices, tf_xla_enable_xla_devices not set
mse and spike frequency: 0.12656 0.0
[32m[I 2021-04-21 14:50:02,727][0m Trial 123 finished with values: [0.12656, 0.0] with parameters: {'Vahp': -35.5, 'Vth': -53.0, 'Vmax': 19.5, 't_ref': 1.0, 'R': 0.7000000000000001, 'tau_m': 125.5, 'rate_low': 26.0, 'rate_high': 43.0}.[0m
2021-04-21 14:50:03.334215: I tensorflow/compiler/jit/xla_gpu_device.cc:99] Not creating XLA devices, tf_xla_enable_xla_devices not set
maxFreq at 10nA: 334.0
2021-04-21 14:50:34.718919: I tensorflow/compiler/jit/xla_gpu_device.cc:99] Not creating XLA devices, tf_xla_enable_xla_devices not set
2021-04-21 14:50:53.906751: I tensorflow/compiler/jit/xla_gpu_device.cc:99] Not creating XLA devices, tf_xla_enable_xla_devices not set
mse and spike frequency: 0.12656 0.0
[32m[I 2021-04-21 14:51:13,130][0m Trial 124 finished with values: [0.12656, 0.0] with parameters: {'Vahp': -48.5, 'Vth': -45.5, 'Vmax': 36.5, 't_ref': 1.5, 'R': 0.8, 'tau_m': 125.5, 'rate_low': 26.0, 'rate_high': 43.0}.[0m
2021-04-21 14:51:13.764731: I tensorflow/compiler/jit/xla_gpu_device.cc:99] Not creating XLA devices, tf_xla_enable_xla_devices not set
maxFreq at 10nA: 1000.0
2021-04-21 14:51:44.964545: I tensorflow/compiler/jit/xla_gpu_device.cc:99] Not creating XLA devices, tf_xla_enable_xla_devices not set
2021-04-21 14:52:05.563081: I tensorflow/compiler/jit/xla_gpu_device.cc:99] Not creating XLA devices, tf_xla_enable_xla_devices not set
mse and spike frequency: 0.12656 0.0
[32m[I 2021-04-21 14:52:25,350][0m Trial 125 finished with values: [0.12656, 0.0] with parameters: {'Vahp': -35.5, 'Vth': -49.5, 'Vmax': 22.0, 't_ref': 13.0, 'R': 0.8, 'tau_m': 125.5, 'rate_low': 26.0, 'rate_high': 47.5}.[0m
2021-04-21 14:52:25.983998: I tensorflow/compiler/jit/xla_gpu_device.cc:99] Not creating XLA devices, tf_xla_enable_xla_devices not set
maxFreq at 10nA: 1000.0
2021-04-21 14:52:57.387379: I tensorflow/compiler/jit/xla_gpu_device.cc:99] Not creating XLA devices, tf_xla_enable_xla_devices not set
2021-04-21 14:53:18.512047: I tensorflow/compiler/jit/xla_gpu_device.cc:99] Not creating XLA devices, tf_xla_enable_xla_devices not set
mse and spike frequency: 0.12656 0.0
[32m[I 2021-04-21 14:53:38,303][0m Trial 126 finished with values: [0.12656, 0.0] with parameters: {'Vahp': -30.5, 'Vth': -43.5, 'Vmax': 14.5, 't_ref': 3.0, 'R': 0.9, 'tau_m': 357.5, 'rate_low': 27.0, 'rate_high': 29.5}.[0m
2021-04-21 14:53:38.932792: I tensorflow/compiler/jit/xla_gpu_device.cc:99] Not creating XLA devices, tf_xla_enable_xla_devices not set
maxFreq at 10nA: 83.0
2021-04-21 14:54:10.872645: I tensorflow/compiler/jit/xla_gpu_device.cc:99] Not creating XLA devices, tf_xla_enable_xla_devices not set
2021-04-21 14:54:32.462434: I tensorflow/compiler/jit/xla_gpu_device.cc:99] Not creating XLA devices, tf_xla_enable_xla_devices not set
mse and spike frequency: 0.04713 0.47
[32m[I 2021-04-21 14:54:52,677][0m Trial 127 finished with values: [0.04713, 0.47] with parameters: {'Vahp': -38.0, 'Vth': -22.5, 'Vmax': 12.0, 't_ref': 8.0, 'R': 0.2, 'tau_m': 436.5, 'rate_low': 8.5, 'rate_high': 13.0}.[0m
2021-04-21 14:54:53.329318: I tensorflow/compiler/jit/xla_gpu_device.cc:99] Not creating XLA devices, tf_xla_enable_xla_devices not set
maxFreq at 10nA: 200.0
2021-04-21 14:55:24.678927: I tensorflow/compiler/jit/xla_gpu_device.cc:99] Not creating XLA devices, tf_xla_enable_xla_devices not set
2021-04-21 14:55:46.341306: I tensorflow/compiler/jit/xla_gpu_device.cc:99] Not creating XLA devices, tf_xla_enable_xla_devices not set
mse and spike frequency: 0.07522 0.36
[32m[I 2021-04-21 14:56:06,305][0m Trial 128 finished with values: [0.07522, 0.36] with parameters: {'Vahp': -47.5, 'Vth': -22.0, 'Vmax': 14.5, 't_ref': 3.0, 'R': 0.6, 'tau_m': 357.5, 'rate_low': 4.0, 'rate_high': 7.0}.[0m
2021-04-21 14:56:07.016777: I tensorflow/compiler/jit/xla_gpu_device.cc:99] Not creating XLA devices, tf_xla_enable_xla_devices not set
maxFreq at 10nA: 999.0
2021-04-21 14:56:38.534925: I tensorflow/compiler/jit/xla_gpu_device.cc:99] Not creating XLA devices, tf_xla_enable_xla_devices not set
2021-04-21 14:57:00.009149: I tensorflow/compiler/jit/xla_gpu_device.cc:99] Not creating XLA devices, tf_xla_enable_xla_devices not set
mse and spike frequency: 0.12656 0.0
[32m[I 2021-04-21 14:57:19,680][0m Trial 129 finished with values: [0.12656, 0.0] with parameters: {'Vahp': -21.5, 'Vth': -41.5, 'Vmax': 13.5, 't_ref': 19.0, 'R': 0.6, 'tau_m': 410.5, 'rate_low': 48.0, 'rate_high': 49.0}.[0m
2021-04-21 14:57:20.342303: I tensorflow/compiler/jit/xla_gpu_device.cc:99] Not creating XLA devices, tf_xla_enable_xla_devices not set
maxFreq at 10nA: 999.0
2021-04-21 14:57:51.901022: I tensorflow/compiler/jit/xla_gpu_device.cc:99] Not creating XLA devices, tf_xla_enable_xla_devices not set
2021-04-21 14:58:13.938813: I tensorflow/compiler/jit/xla_gpu_device.cc:99] Not creating XLA devices, tf_xla_enable_xla_devices not set
mse and spike frequency: 0.12656 0.0
[32m[I 2021-04-21 14:58:33,815][0m Trial 130 finished with values: [0.12656, 0.0] with parameters: {'Vahp': -24.5, 'Vth': -43.5, 'Vmax': 33.0, 't_ref': 10.0, 'R': 0.30000000000000004, 'tau_m': 291.0, 'rate_low': 6.0, 'rate_high': 29.5}.[0m
2021-04-21 14:58:34.474244: I tensorflow/compiler/jit/xla_gpu_device.cc:99] Not creating XLA devices, tf_xla_enable_xla_devices not set
maxFreq at 10nA: 1000.0
2021-04-21 14:59:06.684767: I tensorflow/compiler/jit/xla_gpu_device.cc:99] Not creating XLA devices, tf_xla_enable_xla_devices not set
2021-04-21 14:59:27.913699: I tensorflow/compiler/jit/xla_gpu_device.cc:99] Not creating XLA devices, tf_xla_enable_xla_devices not set
mse and spike frequency: 0.12656 0.0
[32m[I 2021-04-21 14:59:47,364][0m Trial 131 finished with values: [0.12656, 0.0] with parameters: {'Vahp': -22.5, 'Vth': -40.5, 'Vmax': 22.0, 't_ref': 1.0, 'R': 0.9, 'tau_m': 125.5, 'rate_low': 26.0, 'rate_high': 43.0}.[0m
2021-04-21 14:59:48.011678: I tensorflow/compiler/jit/xla_gpu_device.cc:99] Not creating XLA devices, tf_xla_enable_xla_devices not set
maxFreq at 10nA: 1000.0
2021-04-21 15:00:20.635090: I tensorflow/compiler/jit/xla_gpu_device.cc:99] Not creating XLA devices, tf_xla_enable_xla_devices not set
2021-04-21 15:00:41.396937: I tensorflow/compiler/jit/xla_gpu_device.cc:99] Not creating XLA devices, tf_xla_enable_xla_devices not set
mse and spike frequency: 0.12656 0.0
[32m[I 2021-04-21 15:01:00,739][0m Trial 132 finished with values: [0.12656, 0.0] with parameters: {'Vahp': -55.5, 'Vth': -56.0, 'Vmax': 36.5, 't_ref': 17.0, 'R': 0.1, 'tau_m': 259.0, 'rate_low': 8.5, 'rate_high': 29.5}.[0m
2021-04-21 15:01:01.409362: I tensorflow/compiler/jit/xla_gpu_device.cc:99] Not creating XLA devices, tf_xla_enable_xla_devices not set
maxFreq at 10nA: 999.0
2021-04-21 15:01:33.409139: I tensorflow/compiler/jit/xla_gpu_device.cc:99] Not creating XLA devices, tf_xla_enable_xla_devices not set
2021-04-21 15:01:54.743399: I tensorflow/compiler/jit/xla_gpu_device.cc:99] Not creating XLA devices, tf_xla_enable_xla_devices not set
mse and spike frequency: 0.12656 0.0
[32m[I 2021-04-21 15:02:14,512][0m Trial 133 finished with values: [0.12656, 0.0] with parameters: {'Vahp': -22.5, 'Vth': -40.5, 'Vmax': 27.0, 't_ref': 19.0, 'R': 0.6, 'tau_m': 356.0, 'rate_low': 29.0, 'rate_high': 33.0}.[0m
2021-04-21 15:02:15.161065: I tensorflow/compiler/jit/xla_gpu_device.cc:99] Not creating XLA devices, tf_xla_enable_xla_devices not set
maxFreq at 10nA: 167.0
2021-04-21 15:02:46.936487: I tensorflow/compiler/jit/xla_gpu_device.cc:99] Not creating XLA devices, tf_xla_enable_xla_devices not set
2021-04-21 15:03:07.798379: I tensorflow/compiler/jit/xla_gpu_device.cc:99] Not creating XLA devices, tf_xla_enable_xla_devices not set
mse and spike frequency: 0.12656 0.0
[32m[I 2021-04-21 15:03:27,580][0m Trial 134 finished with values: [0.12656, 0.0] with parameters: {'Vahp': -41.0, 'Vth': -40.5, 'Vmax': 17.5, 't_ref': 4.5, 'R': 1.0, 'tau_m': 101.5, 'rate_low': 23.5, 'rate_high': 43.0}.[0m
2021-04-21 15:03:28.220948: I tensorflow/compiler/jit/xla_gpu_device.cc:99] Not creating XLA devices, tf_xla_enable_xla_devices not set
maxFreq at 10nA: 1000.0
2021-04-21 15:04:01.197142: I tensorflow/compiler/jit/xla_gpu_device.cc:99] Not creating XLA devices, tf_xla_enable_xla_devices not set
2021-04-21 15:04:22.068231: I tensorflow/compiler/jit/xla_gpu_device.cc:99] Not creating XLA devices, tf_xla_enable_xla_devices not set
mse and spike frequency: 0.12656 0.0
[32m[I 2021-04-21 15:04:41,907][0m Trial 135 finished with values: [0.12656, 0.0] with parameters: {'Vahp': -24.5, 'Vth': -43.5, 'Vmax': 32.5, 't_ref': 10.0, 'R': 0.5, 'tau_m': 46.5, 'rate_low': 24.5, 'rate_high': 30.0}.[0m
2021-04-21 15:04:42.564784: I tensorflow/compiler/jit/xla_gpu_device.cc:99] Not creating XLA devices, tf_xla_enable_xla_devices not set
maxFreq at 10nA: 63.0
2021-04-21 15:05:15.915167: I tensorflow/compiler/jit/xla_gpu_device.cc:99] Not creating XLA devices, tf_xla_enable_xla_devices not set
2021-04-21 15:05:36.708747: I tensorflow/compiler/jit/xla_gpu_device.cc:99] Not creating XLA devices, tf_xla_enable_xla_devices not set
mse and spike frequency: 0.00784 3.09
[32m[I 2021-04-21 15:05:56,785][0m Trial 136 finished with values: [0.00784, 3.09] with parameters: {'Vahp': -53.5, 'Vth': -28.0, 'Vmax': 28.5, 't_ref': 12.0, 'R': 0.2, 'tau_m': 302.5, 'rate_low': 16.0, 'rate_high': 38.5}.[0m
2021-04-21 15:05:57.443352: I tensorflow/compiler/jit/xla_gpu_device.cc:99] Not creating XLA devices, tf_xla_enable_xla_devices not set
maxFreq at 10nA: 996.0
2021-04-21 15:06:30.383520: I tensorflow/compiler/jit/xla_gpu_device.cc:99] Not creating XLA devices, tf_xla_enable_xla_devices not set
2021-04-21 15:06:51.707540: I tensorflow/compiler/jit/xla_gpu_device.cc:99] Not creating XLA devices, tf_xla_enable_xla_devices not set
mse and spike frequency: 0.12656 0.0
[32m[I 2021-04-21 15:07:11,707][0m Trial 137 finished with values: [0.12656, 0.0] with parameters: {'Vahp': -25.5, 'Vth': -27.5, 'Vmax': 35.0, 't_ref': 1.0, 'R': 0.2, 'tau_m': 301.5, 'rate_low': 10.5, 'rate_high': 33.0}.[0m
2021-04-21 15:07:12.386249: I tensorflow/compiler/jit/xla_gpu_device.cc:99] Not creating XLA devices, tf_xla_enable_xla_devices not set
maxFreq at 10nA: 142.0
2021-04-21 15:07:45.349864: I tensorflow/compiler/jit/xla_gpu_device.cc:99] Not creating XLA devices, tf_xla_enable_xla_devices not set
2021-04-21 15:08:06.782392: I tensorflow/compiler/jit/xla_gpu_device.cc:99] Not creating XLA devices, tf_xla_enable_xla_devices not set
mse and spike frequency: 0.02043 1.31
[32m[I 2021-04-21 15:08:26,764][0m Trial 138 finished with values: [0.02043, 1.31] with parameters: {'Vahp': -54.0, 'Vth': -22.5, 'Vmax': 10.5, 't_ref': 0.5, 'R': 0.2, 'tau_m': 369.5, 'rate_low': 8.5, 'rate_high': 36.0}.[0m
2021-04-21 15:08:27.429015: I tensorflow/compiler/jit/xla_gpu_device.cc:99] Not creating XLA devices, tf_xla_enable_xla_devices not set
maxFreq at 10nA: 56.0
2021-04-21 15:09:00.414222: I tensorflow/compiler/jit/xla_gpu_device.cc:99] Not creating XLA devices, tf_xla_enable_xla_devices not set
2021-04-21 15:09:21.930210: I tensorflow/compiler/jit/xla_gpu_device.cc:99] Not creating XLA devices, tf_xla_enable_xla_devices not set
mse and spike frequency: 0.00906 5.11
[32m[I 2021-04-21 15:09:41,872][0m Trial 139 finished with values: [0.00906, 5.11] with parameters: {'Vahp': -58.5, 'Vth': -33.0, 'Vmax': 36.5, 't_ref': 17.0, 'R': 0.6, 'tau_m': 19.5, 'rate_low': 6.5, 'rate_high': 38.5}.[0m
2021-04-21 15:09:42.538215: I tensorflow/compiler/jit/xla_gpu_device.cc:99] Not creating XLA devices, tf_xla_enable_xla_devices not set
maxFreq at 10nA: 1000.0
2021-04-21 15:10:15.462821: I tensorflow/compiler/jit/xla_gpu_device.cc:99] Not creating XLA devices, tf_xla_enable_xla_devices not set
2021-04-21 15:10:37.029393: I tensorflow/compiler/jit/xla_gpu_device.cc:99] Not creating XLA devices, tf_xla_enable_xla_devices not set
mse and spike frequency: 0.12656 0.0
[32m[I 2021-04-21 15:10:57,530][0m Trial 140 finished with values: [0.12656, 0.0] with parameters: {'Vahp': -24.0, 'Vth': -32.5, 'Vmax': 36.5, 't_ref': 4.0, 'R': 0.6, 'tau_m': 43.0, 'rate_low': 41.0, 'rate_high': 41.0}.[0m
2021-04-21 15:10:58.175326: I tensorflow/compiler/jit/xla_gpu_device.cc:99] Not creating XLA devices, tf_xla_enable_xla_devices not set
maxFreq at 10nA: 1000.0
2021-04-21 15:11:31.993315: I tensorflow/compiler/jit/xla_gpu_device.cc:99] Not creating XLA devices, tf_xla_enable_xla_devices not set
2021-04-21 15:11:54.138413: I tensorflow/compiler/jit/xla_gpu_device.cc:99] Not creating XLA devices, tf_xla_enable_xla_devices not set
mse and spike frequency: 0.12656 0.0
[32m[I 2021-04-21 15:12:14,305][0m Trial 141 finished with values: [0.12656, 0.0] with parameters: {'Vahp': -24.0, 'Vth': -45.5, 'Vmax': 36.5, 't_ref': 15.5, 'R': 0.8, 'tau_m': 54.5, 'rate_low': 44.5, 'rate_high': 45.0}.[0m
2021-04-21 15:12:14.974679: I tensorflow/compiler/jit/xla_gpu_device.cc:99] Not creating XLA devices, tf_xla_enable_xla_devices not set
maxFreq at 10nA: 1000.0
2021-04-21 15:12:48.172842: I tensorflow/compiler/jit/xla_gpu_device.cc:99] Not creating XLA devices, tf_xla_enable_xla_devices not set
2021-04-21 15:13:11.094792: I tensorflow/compiler/jit/xla_gpu_device.cc:99] Not creating XLA devices, tf_xla_enable_xla_devices not set
mse and spike frequency: 0.12656 0.0
[32m[I 2021-04-21 15:13:31,604][0m Trial 142 finished with values: [0.12656, 0.0] with parameters: {'Vahp': -21.0, 'Vth': -35.5, 'Vmax': 28.0, 't_ref': 9.5, 'R': 0.7000000000000001, 'tau_m': 46.5, 'rate_low': 8.5, 'rate_high': 27.5}.[0m
2021-04-21 15:13:32.261108: I tensorflow/compiler/jit/xla_gpu_device.cc:99] Not creating XLA devices, tf_xla_enable_xla_devices not set
maxFreq at 10nA: 1000.0
2021-04-21 15:14:05.327332: I tensorflow/compiler/jit/xla_gpu_device.cc:99] Not creating XLA devices, tf_xla_enable_xla_devices not set
2021-04-21 15:14:28.894917: I tensorflow/compiler/jit/xla_gpu_device.cc:99] Not creating XLA devices, tf_xla_enable_xla_devices not set
mse and spike frequency: 0.12656 0.0
[32m[I 2021-04-21 15:14:49,497][0m Trial 143 finished with values: [0.12656, 0.0] with parameters: {'Vahp': -24.5, 'Vth': -40.5, 'Vmax': 14.5, 't_ref': 17.0, 'R': 0.6, 'tau_m': 259.0, 'rate_low': 22.5, 'rate_high': 39.0}.[0m
2021-04-21 15:14:50.148466: I tensorflow/compiler/jit/xla_gpu_device.cc:99] Not creating XLA devices, tf_xla_enable_xla_devices not set
maxFreq at 10nA: 985.0
2021-04-21 15:15:23.978192: I tensorflow/compiler/jit/xla_gpu_device.cc:99] Not creating XLA devices, tf_xla_enable_xla_devices not set
2021-04-21 15:15:47.683783: I tensorflow/compiler/jit/xla_gpu_device.cc:99] Not creating XLA devices, tf_xla_enable_xla_devices not set
mse and spike frequency: 0.12656 0.0
[32m[I 2021-04-21 15:16:08,677][0m Trial 144 finished with values: [0.12656, 0.0] with parameters: {'Vahp': -21.5, 'Vth': -27.5, 'Vmax': 21.5, 't_ref': 10.5, 'R': 0.1, 'tau_m': 479.0, 'rate_low': 3.0, 'rate_high': 36.5}.[0m
2021-04-21 15:16:09.350958: I tensorflow/compiler/jit/xla_gpu_device.cc:99] Not creating XLA devices, tf_xla_enable_xla_devices not set
maxFreq at 10nA: 500.0
2021-04-21 15:16:43.039949: I tensorflow/compiler/jit/xla_gpu_device.cc:99] Not creating XLA devices, tf_xla_enable_xla_devices not set
2021-04-21 15:17:05.996088: I tensorflow/compiler/jit/xla_gpu_device.cc:99] Not creating XLA devices, tf_xla_enable_xla_devices not set
mse and spike frequency: 0.12656 0.0
[32m[I 2021-04-21 15:17:26,774][0m Trial 145 finished with values: [0.12656, 0.0] with parameters: {'Vahp': -31.5, 'Vth': -27.5, 'Vmax': 35.0, 't_ref': 1.0, 'R': 0.5, 'tau_m': 254.0, 'rate_low': 2.0, 'rate_high': 11.0}.[0m
2021-04-21 15:17:27.459652: I tensorflow/compiler/jit/xla_gpu_device.cc:99] Not creating XLA devices, tf_xla_enable_xla_devices not set
maxFreq at 10nA: 56.0
2021-04-21 15:18:00.251136: I tensorflow/compiler/jit/xla_gpu_device.cc:99] Not creating XLA devices, tf_xla_enable_xla_devices not set
2021-04-21 15:18:22.735903: I tensorflow/compiler/jit/xla_gpu_device.cc:99] Not creating XLA devices, tf_xla_enable_xla_devices not set
mse and spike frequency: 0.00313 13.26
[32m[I 2021-04-21 15:18:43,683][0m Trial 146 finished with values: [0.00313, 13.26] with parameters: {'Vahp': -52.0, 'Vth': -29.0, 'Vmax': 32.5, 't_ref': 16.5, 'R': 1.0, 'tau_m': 369.5, 'rate_low': 24.0, 'rate_high': 45.0}.[0m
2021-04-21 15:18:44.387874: I tensorflow/compiler/jit/xla_gpu_device.cc:99] Not creating XLA devices, tf_xla_enable_xla_devices not set
maxFreq at 10nA: 1000.0
2021-04-21 15:19:17.747046: I tensorflow/compiler/jit/xla_gpu_device.cc:99] Not creating XLA devices, tf_xla_enable_xla_devices not set
2021-04-21 15:19:40.618944: I tensorflow/compiler/jit/xla_gpu_device.cc:99] Not creating XLA devices, tf_xla_enable_xla_devices not set
mse and spike frequency: 0.12656 0.0
[32m[I 2021-04-21 15:20:02,048][0m Trial 147 finished with values: [0.12656, 0.0] with parameters: {'Vahp': -21.5, 'Vth': -45.5, 'Vmax': 36.5, 't_ref': 1.5, 'R': 0.30000000000000004, 'tau_m': 45.5, 'rate_low': 13.5, 'rate_high': 35.0}.[0m
2021-04-21 15:20:02.714744: I tensorflow/compiler/jit/xla_gpu_device.cc:99] Not creating XLA devices, tf_xla_enable_xla_devices not set
maxFreq at 10nA: 1000.0
2021-04-21 15:20:36.770352: I tensorflow/compiler/jit/xla_gpu_device.cc:99] Not creating XLA devices, tf_xla_enable_xla_devices not set
2021-04-21 15:21:00.539170: I tensorflow/compiler/jit/xla_gpu_device.cc:99] Not creating XLA devices, tf_xla_enable_xla_devices not set
mse and spike frequency: 0.12656 0.0
[32m[I 2021-04-21 15:21:21,981][0m Trial 148 finished with values: [0.12656, 0.0] with parameters: {'Vahp': -41.5, 'Vth': -45.5, 'Vmax': 28.0, 't_ref': 1.5, 'R': 0.1, 'tau_m': 45.5, 'rate_low': 8.5, 'rate_high': 43.5}.[0m
2021-04-21 15:21:22.667479: I tensorflow/compiler/jit/xla_gpu_device.cc:99] Not creating XLA devices, tf_xla_enable_xla_devices not set
maxFreq at 10nA: 999.0
2021-04-21 15:21:56.849817: I tensorflow/compiler/jit/xla_gpu_device.cc:99] Not creating XLA devices, tf_xla_enable_xla_devices not set
2021-04-21 15:22:20.109599: I tensorflow/compiler/jit/xla_gpu_device.cc:99] Not creating XLA devices, tf_xla_enable_xla_devices not set
mse and spike frequency: 0.12656 0.0
[32m[I 2021-04-21 15:22:41,276][0m Trial 149 finished with values: [0.12656, 0.0] with parameters: {'Vahp': -21.0, 'Vth': -27.5, 'Vmax': 19.5, 't_ref': 3.5, 'R': 0.2, 'tau_m': 99.0, 'rate_low': 21.0, 'rate_high': 31.5}.[0m
2021-04-21 15:22:42.004930: I tensorflow/compiler/jit/xla_gpu_device.cc:99] Not creating XLA devices, tf_xla_enable_xla_devices not set
maxFreq at 10nA: 71.0
2021-04-21 15:23:15.704658: I tensorflow/compiler/jit/xla_gpu_device.cc:99] Not creating XLA devices, tf_xla_enable_xla_devices not set
2021-04-21 15:23:39.360430: I tensorflow/compiler/jit/xla_gpu_device.cc:99] Not creating XLA devices, tf_xla_enable_xla_devices not set
mse and spike frequency: 0.00779 3.55
[32m[I 2021-04-21 15:24:00,898][0m Trial 150 finished with values: [0.00779, 3.55] with parameters: {'Vahp': -52.0, 'Vth': -22.5, 'Vmax': 12.0, 't_ref': 6.0, 'R': 0.2, 'tau_m': 479.0, 'rate_low': 35.5, 'rate_high': 36.5}.[0m
2021-04-21 15:24:01.580931: I tensorflow/compiler/jit/xla_gpu_device.cc:99] Not creating XLA devices, tf_xla_enable_xla_devices not set
maxFreq at 10nA: 167.0
2021-04-21 15:24:34.776509: I tensorflow/compiler/jit/xla_gpu_device.cc:99] Not creating XLA devices, tf_xla_enable_xla_devices not set
2021-04-21 15:24:57.949123: I tensorflow/compiler/jit/xla_gpu_device.cc:99] Not creating XLA devices, tf_xla_enable_xla_devices not set
mse and spike frequency: 0.12656 0.0
