[32m[I 2021-04-21 13:24:47,015][0m Trial 27 finished with values: [0.12656, 0.0] with parameters: {'Vahp': -33.0, 'Vth': -21.0, 'Vmax': 35.5, 't_ref': 19.5, 'R': 0.1, 'tau_m': 479.0, 'rate_low': 3.0, 'rate_high': 18.5}.[0m
2021-04-21 13:24:47.415188: I tensorflow/compiler/jit/xla_gpu_device.cc:99] Not creating XLA devices, tf_xla_enable_xla_devices not set
maxFreq at 10nA: 334.0
2021-04-21 13:25:07.442057: I tensorflow/compiler/jit/xla_gpu_device.cc:99] Not creating XLA devices, tf_xla_enable_xla_devices not set
2021-04-21 13:25:16.074982: I tensorflow/compiler/jit/xla_gpu_device.cc:99] Not creating XLA devices, tf_xla_enable_xla_devices not set
mse and spike frequency: 0.00092 30.56
[32m[I 2021-04-21 13:25:23,586][0m Trial 28 finished with values: [0.00092, 30.56] with parameters: {'Vahp': -49.5, 'Vth': -38.0, 'Vmax': 21.5, 't_ref': 2.0, 'R': 1.0, 'tau_m': 234.5, 'rate_low': 19.5, 'rate_high': 25.0}.[0m
2021-04-21 13:25:24.017834: I tensorflow/compiler/jit/xla_gpu_device.cc:99] Not creating XLA devices, tf_xla_enable_xla_devices not set
maxFreq at 10nA: 1000.0
2021-04-21 13:25:43.992023: I tensorflow/compiler/jit/xla_gpu_device.cc:99] Not creating XLA devices, tf_xla_enable_xla_devices not set
2021-04-21 13:25:52.578772: I tensorflow/compiler/jit/xla_gpu_device.cc:99] Not creating XLA devices, tf_xla_enable_xla_devices not set
mse and spike frequency: 0.12656 0.0
[32m[I 2021-04-21 13:26:00,321][0m Trial 29 finished with values: [0.12656, 0.0] with parameters: {'Vahp': -41.0, 'Vth': -46.5, 'Vmax': 17.5, 't_ref': 4.5, 'R': 1.0, 'tau_m': 101.5, 'rate_low': 35.5, 'rate_high': 47.5}.[0m
2021-04-21 13:26:00.801528: I tensorflow/compiler/jit/xla_gpu_device.cc:99] Not creating XLA devices, tf_xla_enable_xla_devices not set
maxFreq at 10nA: 200.0
2021-04-21 13:26:21.654502: I tensorflow/compiler/jit/xla_gpu_device.cc:99] Not creating XLA devices, tf_xla_enable_xla_devices not set
2021-04-21 13:26:29.975616: I tensorflow/compiler/jit/xla_gpu_device.cc:99] Not creating XLA devices, tf_xla_enable_xla_devices not set
mse and spike frequency: 0.00178 7.7
[32m[I 2021-04-21 13:26:37,823][0m Trial 30 finished with values: [0.00178, 7.7] with parameters: {'Vahp': -54.0, 'Vth': -33.0, 'Vmax': 38.5, 't_ref': 0.5, 'R': 0.2, 'tau_m': 292.5, 'rate_low': 29.0, 'rate_high': 36.0}.[0m
2021-04-21 13:26:38.265579: I tensorflow/compiler/jit/xla_gpu_device.cc:99] Not creating XLA devices, tf_xla_enable_xla_devices not set
maxFreq at 10nA: 1000.0
2021-04-21 13:26:59.074551: I tensorflow/compiler/jit/xla_gpu_device.cc:99] Not creating XLA devices, tf_xla_enable_xla_devices not set
2021-04-21 13:27:07.723762: I tensorflow/compiler/jit/xla_gpu_device.cc:99] Not creating XLA devices, tf_xla_enable_xla_devices not set
mse and spike frequency: 0.12656 0.0
[32m[I 2021-04-21 13:27:15,844][0m Trial 31 finished with values: [0.12656, 0.0] with parameters: {'Vahp': -35.5, 'Vth': -40.0, 'Vmax': 15.5, 't_ref': 2.0, 'R': 0.9, 'tau_m': 314.0, 'rate_low': 47.5, 'rate_high': 47.5}.[0m
2021-04-21 13:27:16.235669: I tensorflow/compiler/jit/xla_gpu_device.cc:99] Not creating XLA devices, tf_xla_enable_xla_devices not set
maxFreq at 10nA: 999.0
2021-04-21 13:27:37.002515: I tensorflow/compiler/jit/xla_gpu_device.cc:99] Not creating XLA devices, tf_xla_enable_xla_devices not set
2021-04-21 13:27:46.056538: I tensorflow/compiler/jit/xla_gpu_device.cc:99] Not creating XLA devices, tf_xla_enable_xla_devices not set
mse and spike frequency: 0.12656 0.0
[32m[I 2021-04-21 13:27:55,160][0m Trial 32 finished with values: [0.12656, 0.0] with parameters: {'Vahp': -37.5, 'Vth': -44.0, 'Vmax': 11.0, 't_ref': 17.5, 'R': 0.6, 'tau_m': 481.0, 'rate_low': 43.5, 'rate_high': 49.0}.[0m
2021-04-21 13:27:55.624813: I tensorflow/compiler/jit/xla_gpu_device.cc:99] Not creating XLA devices, tf_xla_enable_xla_devices not set
maxFreq at 10nA: 1000.0
2021-04-21 13:28:17.266792: I tensorflow/compiler/jit/xla_gpu_device.cc:99] Not creating XLA devices, tf_xla_enable_xla_devices not set
2021-04-21 13:28:26.115782: I tensorflow/compiler/jit/xla_gpu_device.cc:99] Not creating XLA devices, tf_xla_enable_xla_devices not set
mse and spike frequency: 0.12656 0.0
[32m[I 2021-04-21 13:28:35,444][0m Trial 33 finished with values: [0.12656, 0.0] with parameters: {'Vahp': -28.5, 'Vth': -56.0, 'Vmax': 33.0, 't_ref': 8.0, 'R': 0.2, 'tau_m': 436.5, 'rate_low': 12.0, 'rate_high': 13.0}.[0m
2021-04-21 13:28:36.017604: I tensorflow/compiler/jit/xla_gpu_device.cc:99] Not creating XLA devices, tf_xla_enable_xla_devices not set
maxFreq at 10nA: 1000.0
2021-04-21 13:28:56.251972: I tensorflow/compiler/jit/xla_gpu_device.cc:99] Not creating XLA devices, tf_xla_enable_xla_devices not set
2021-04-21 13:29:05.032968: I tensorflow/compiler/jit/xla_gpu_device.cc:99] Not creating XLA devices, tf_xla_enable_xla_devices not set
mse and spike frequency: 0.12656 0.0
[32m[I 2021-04-21 13:29:14,259][0m Trial 34 finished with values: [0.12656, 0.0] with parameters: {'Vahp': -27.5, 'Vth': -33.0, 'Vmax': 36.5, 't_ref': 11.0, 'R': 0.7000000000000001, 'tau_m': 24.5, 'rate_low': 6.5, 'rate_high': 38.5}.[0m
2021-04-21 13:29:14.847869: I tensorflow/compiler/jit/xla_gpu_device.cc:99] Not creating XLA devices, tf_xla_enable_xla_devices not set
maxFreq at 10nA: 77.0
2021-04-21 13:29:35.131179: I tensorflow/compiler/jit/xla_gpu_device.cc:99] Not creating XLA devices, tf_xla_enable_xla_devices not set
2021-04-21 13:29:43.815021: I tensorflow/compiler/jit/xla_gpu_device.cc:99] Not creating XLA devices, tf_xla_enable_xla_devices not set
mse and spike frequency: 0.2059 2.67
[32m[I 2021-04-21 13:29:53,212][0m Trial 35 finished with values: [0.2059, 2.67] with parameters: {'Vahp': -55.0, 'Vth': -42.5, 'Vmax': 11.0, 't_ref': 12.0, 'R': 0.6, 'tau_m': 62.5, 'rate_low': 7.0, 'rate_high': 26.0}.[0m
2021-04-21 13:29:53.777721: I tensorflow/compiler/jit/xla_gpu_device.cc:99] Not creating XLA devices, tf_xla_enable_xla_devices not set
maxFreq at 10nA: 50.0
2021-04-21 13:30:14.261022: I tensorflow/compiler/jit/xla_gpu_device.cc:99] Not creating XLA devices, tf_xla_enable_xla_devices not set
2021-04-21 13:30:23.068759: I tensorflow/compiler/jit/xla_gpu_device.cc:99] Not creating XLA devices, tf_xla_enable_xla_devices not set
mse and spike frequency: 0.00332 8.34
[32m[I 2021-04-21 13:30:32,078][0m Trial 36 finished with values: [0.00332, 8.34] with parameters: {'Vahp': -52.5, 'Vth': -38.0, 'Vmax': 39.0, 't_ref': 18.0, 'R': 0.4, 'tau_m': 412.5, 'rate_low': 22.5, 'rate_high': 33.0}.[0m
2021-04-21 13:30:32.720232: I tensorflow/compiler/jit/xla_gpu_device.cc:99] Not creating XLA devices, tf_xla_enable_xla_devices not set
maxFreq at 10nA: 167.0
2021-04-21 13:30:52.897848: I tensorflow/compiler/jit/xla_gpu_device.cc:99] Not creating XLA devices, tf_xla_enable_xla_devices not set
2021-04-21 13:31:02.191856: I tensorflow/compiler/jit/xla_gpu_device.cc:99] Not creating XLA devices, tf_xla_enable_xla_devices not set
mse and spike frequency: 0.00078 8.15
[32m[I 2021-04-21 13:31:11,523][0m Trial 37 finished with values: [0.00078, 8.15] with parameters: {'Vahp': -38.0, 'Vth': -22.5, 'Vmax': 28.5, 't_ref': 5.0, 'R': 0.6, 'tau_m': 369.5, 'rate_low': 8.5, 'rate_high': 36.5}.[0m
2021-04-21 13:31:12.176638: I tensorflow/compiler/jit/xla_gpu_device.cc:99] Not creating XLA devices, tf_xla_enable_xla_devices not set
maxFreq at 10nA: 53.0
2021-04-21 13:31:31.886906: I tensorflow/compiler/jit/xla_gpu_device.cc:99] Not creating XLA devices, tf_xla_enable_xla_devices not set
2021-04-21 13:31:40.883314: I tensorflow/compiler/jit/xla_gpu_device.cc:99] Not creating XLA devices, tf_xla_enable_xla_devices not set
mse and spike frequency: 0.00357 17.06
[32m[I 2021-04-21 13:31:49,855][0m Trial 38 finished with values: [0.00357, 17.06] with parameters: {'Vahp': -55.5, 'Vth': -29.0, 'Vmax': 19.0, 't_ref': 18.0, 'R': 1.0, 'tau_m': 171.0, 'rate_low': 28.5, 'rate_high': 38.0}.[0m
2021-04-21 13:31:50.454557: I tensorflow/compiler/jit/xla_gpu_device.cc:99] Not creating XLA devices, tf_xla_enable_xla_devices not set
maxFreq at 10nA: 1000.0
2021-04-21 13:32:10.901482: I tensorflow/compiler/jit/xla_gpu_device.cc:99] Not creating XLA devices, tf_xla_enable_xla_devices not set
2021-04-21 13:32:20.287248: I tensorflow/compiler/jit/xla_gpu_device.cc:99] Not creating XLA devices, tf_xla_enable_xla_devices not set
mse and spike frequency: 0.12401 1000.1
[32m[I 2021-04-21 13:32:29,461][0m Trial 39 finished with values: [0.12401, 1000.1] with parameters: {'Vahp': -32.5, 'Vth': -58.5, 'Vmax': 28.5, 't_ref': 18.0, 'R': 0.7000000000000001, 'tau_m': 417.0, 'rate_low': 32.5, 'rate_high': 49.5}.[0m
2021-04-21 13:32:30.080734: I tensorflow/compiler/jit/xla_gpu_device.cc:99] Not creating XLA devices, tf_xla_enable_xla_devices not set
maxFreq at 10nA: 63.0
2021-04-21 13:32:50.854093: I tensorflow/compiler/jit/xla_gpu_device.cc:99] Not creating XLA devices, tf_xla_enable_xla_devices not set
2021-04-21 13:33:00.263691: I tensorflow/compiler/jit/xla_gpu_device.cc:99] Not creating XLA devices, tf_xla_enable_xla_devices not set
mse and spike frequency: 0.00265 19.37
[32m[I 2021-04-21 13:33:09,601][0m Trial 40 finished with values: [0.00265, 19.37] with parameters: {'Vahp': -33.5, 'Vth': -23.0, 'Vmax': 17.0, 't_ref': 15.0, 'R': 0.7000000000000001, 'tau_m': 422.5, 'rate_low': 49.5, 'rate_high': 49.5}.[0m
2021-04-21 13:33:10.314009: I tensorflow/compiler/jit/xla_gpu_device.cc:99] Not creating XLA devices, tf_xla_enable_xla_devices not set
maxFreq at 10nA: 72.0
2021-04-21 13:33:30.961331: I tensorflow/compiler/jit/xla_gpu_device.cc:99] Not creating XLA devices, tf_xla_enable_xla_devices not set
2021-04-21 13:33:40.601235: I tensorflow/compiler/jit/xla_gpu_device.cc:99] Not creating XLA devices, tf_xla_enable_xla_devices not set
mse and spike frequency: 0.00529 28.83
[32m[I 2021-04-21 13:33:50,058][0m Trial 41 finished with values: [0.00529, 28.83] with parameters: {'Vahp': -49.5, 'Vth': -21.0, 'Vmax': 23.5, 't_ref': 13.0, 'R': 0.5, 'tau_m': 22.5, 'rate_low': 37.0, 'rate_high': 40.0}.[0m
2021-04-21 13:33:50.768031: I tensorflow/compiler/jit/xla_gpu_device.cc:99] Not creating XLA devices, tf_xla_enable_xla_devices not set
maxFreq at 10nA: 50.0
2021-04-21 13:34:11.904495: I tensorflow/compiler/jit/xla_gpu_device.cc:99] Not creating XLA devices, tf_xla_enable_xla_devices not set
2021-04-21 13:34:22.015779: I tensorflow/compiler/jit/xla_gpu_device.cc:99] Not creating XLA devices, tf_xla_enable_xla_devices not set
mse and spike frequency: 0.00326 9.6
[32m[I 2021-04-21 13:34:31,537][0m Trial 42 finished with values: [0.00326, 9.6] with parameters: {'Vahp': -56.0, 'Vth': -21.5, 'Vmax': 15.5, 't_ref': 18.0, 'R': 0.9, 'tau_m': 485.5, 'rate_low': 33.5, 'rate_high': 33.5}.[0m
2021-04-21 13:34:32.067551: I tensorflow/compiler/jit/xla_gpu_device.cc:99] Not creating XLA devices, tf_xla_enable_xla_devices not set
maxFreq at 10nA: 1000.0
2021-04-21 13:34:53.329325: I tensorflow/compiler/jit/xla_gpu_device.cc:99] Not creating XLA devices, tf_xla_enable_xla_devices not set
2021-04-21 13:35:03.749178: I tensorflow/compiler/jit/xla_gpu_device.cc:99] Not creating XLA devices, tf_xla_enable_xla_devices not set
mse and spike frequency: 0.12656 0.0
[32m[I 2021-04-21 13:35:13,387][0m Trial 43 finished with values: [0.12656, 0.0] with parameters: {'Vahp': -24.5, 'Vth': -56.0, 'Vmax': 21.5, 't_ref': 17.0, 'R': 0.4, 'tau_m': 259.0, 'rate_low': 22.5, 'rate_high': 29.5}.[0m
2021-04-21 13:35:13.974879: I tensorflow/compiler/jit/xla_gpu_device.cc:99] Not creating XLA devices, tf_xla_enable_xla_devices not set
maxFreq at 10nA: 50.0
2021-04-21 13:35:35.191072: I tensorflow/compiler/jit/xla_gpu_device.cc:99] Not creating XLA devices, tf_xla_enable_xla_devices not set
2021-04-21 13:35:45.485147: I tensorflow/compiler/jit/xla_gpu_device.cc:99] Not creating XLA devices, tf_xla_enable_xla_devices not set
mse and spike frequency: 2.28012 3.63
[32m[I 2021-04-21 13:35:55,530][0m Trial 44 finished with values: [2.28012, 3.63] with parameters: {'Vahp': -56.5, 'Vth': -31.5, 'Vmax': 15.0, 't_ref': 18.5, 'R': 0.4, 'tau_m': 80.0, 'rate_low': 6.0, 'rate_high': 11.0}.[0m
2021-04-21 13:35:56.009517: I tensorflow/compiler/jit/xla_gpu_device.cc:99] Not creating XLA devices, tf_xla_enable_xla_devices not set
maxFreq at 10nA: 63.0
2021-04-21 13:36:17.672565: I tensorflow/compiler/jit/xla_gpu_device.cc:99] Not creating XLA devices, tf_xla_enable_xla_devices not set
2021-04-21 13:36:27.877262: I tensorflow/compiler/jit/xla_gpu_device.cc:99] Not creating XLA devices, tf_xla_enable_xla_devices not set
mse and spike frequency: 0.12656 0.0
[32m[I 2021-04-21 13:36:37,965][0m Trial 45 finished with values: [0.12656, 0.0] with parameters: {'Vahp': -31.5, 'Vth': -30.0, 'Vmax': 40.0, 't_ref': 15.0, 'R': 0.5, 'tau_m': 319.5, 'rate_low': 2.0, 'rate_high': 11.0}.[0m
2021-04-21 13:36:38.441552: I tensorflow/compiler/jit/xla_gpu_device.cc:99] Not creating XLA devices, tf_xla_enable_xla_devices not set
maxFreq at 10nA: 91.0
2021-04-21 13:37:00.696027: I tensorflow/compiler/jit/xla_gpu_device.cc:99] Not creating XLA devices, tf_xla_enable_xla_devices not set
2021-04-21 13:37:11.457024: I tensorflow/compiler/jit/xla_gpu_device.cc:99] Not creating XLA devices, tf_xla_enable_xla_devices not set
mse and spike frequency: 0.00352 35.39
[32m[I 2021-04-21 13:37:22,562][0m Trial 46 finished with values: [0.00352, 35.39] with parameters: {'Vahp': -58.0, 'Vth': -55.5, 'Vmax': 39.0, 't_ref': 10.0, 'R': 0.30000000000000004, 'tau_m': 278.0, 'rate_low': 49.0, 'rate_high': 50.0}.[0m
2021-04-21 13:37:23.081434: I tensorflow/compiler/jit/xla_gpu_device.cc:99] Not creating XLA devices, tf_xla_enable_xla_devices not set
maxFreq at 10nA: 1000.0
2021-04-21 13:37:45.085293: I tensorflow/compiler/jit/xla_gpu_device.cc:99] Not creating XLA devices, tf_xla_enable_xla_devices not set
2021-04-21 13:37:56.232213: I tensorflow/compiler/jit/xla_gpu_device.cc:99] Not creating XLA devices, tf_xla_enable_xla_devices not set
mse and spike frequency: 0.12656 0.0
[32m[I 2021-04-21 13:38:06,820][0m Trial 47 finished with values: [0.12656, 0.0] with parameters: {'Vahp': -48.5, 'Vth': -53.0, 'Vmax': 36.0, 't_ref': 1.0, 'R': 0.7000000000000001, 'tau_m': 125.5, 'rate_low': 26.0, 'rate_high': 43.0}.[0m
2021-04-21 13:38:07.366008: I tensorflow/compiler/jit/xla_gpu_device.cc:99] Not creating XLA devices, tf_xla_enable_xla_devices not set
maxFreq at 10nA: 1000.0
2021-04-21 13:38:29.334593: I tensorflow/compiler/jit/xla_gpu_device.cc:99] Not creating XLA devices, tf_xla_enable_xla_devices not set
2021-04-21 13:38:40.014172: I tensorflow/compiler/jit/xla_gpu_device.cc:99] Not creating XLA devices, tf_xla_enable_xla_devices not set
mse and spike frequency: 0.12656 0.0
[32m[I 2021-04-21 13:38:50,416][0m Trial 48 finished with values: [0.12656, 0.0] with parameters: {'Vahp': -25.5, 'Vth': -58.0, 'Vmax': 29.0, 't_ref': 17.0, 'R': 0.6, 'tau_m': 301.5, 'rate_low': 10.5, 'rate_high': 16.5}.[0m
2021-04-21 13:38:50.946667: I tensorflow/compiler/jit/xla_gpu_device.cc:99] Not creating XLA devices, tf_xla_enable_xla_devices not set
maxFreq at 10nA: 996.0
2021-04-21 13:39:12.876248: I tensorflow/compiler/jit/xla_gpu_device.cc:99] Not creating XLA devices, tf_xla_enable_xla_devices not set
2021-04-21 13:39:23.330878: I tensorflow/compiler/jit/xla_gpu_device.cc:99] Not creating XLA devices, tf_xla_enable_xla_devices not set
mse and spike frequency: 0.12656 0.0
[32m[I 2021-04-21 13:39:33,736][0m Trial 49 finished with values: [0.12656, 0.0] with parameters: {'Vahp': -23.0, 'Vth': -42.5, 'Vmax': 19.0, 't_ref': 13.0, 'R': 0.1, 'tau_m': 266.0, 'rate_low': 42.0, 'rate_high': 47.5}.[0m
2021-04-21 13:39:34.256297: I tensorflow/compiler/jit/xla_gpu_device.cc:99] Not creating XLA devices, tf_xla_enable_xla_devices not set
maxFreq at 10nA: 48.0
2021-04-21 13:39:56.391330: I tensorflow/compiler/jit/xla_gpu_device.cc:99] Not creating XLA devices, tf_xla_enable_xla_devices not set
2021-04-21 13:40:06.651363: I tensorflow/compiler/jit/xla_gpu_device.cc:99] Not creating XLA devices, tf_xla_enable_xla_devices not set
mse and spike frequency: 0.0292 1.22
[32m[I 2021-04-21 13:40:16,682][0m Trial 50 finished with values: [0.0292, 1.22] with parameters: {'Vahp': -54.0, 'Vth': -22.5, 'Vmax': 10.5, 't_ref': 14.5, 'R': 0.2, 'tau_m': 369.5, 'rate_low': 8.5, 'rate_high': 36.0}.[0m
2021-04-21 13:40:17.334577: I tensorflow/compiler/jit/xla_gpu_device.cc:99] Not creating XLA devices, tf_xla_enable_xla_devices not set
maxFreq at 10nA: 59.0
2021-04-21 13:40:38.452477: I tensorflow/compiler/jit/xla_gpu_device.cc:99] Not creating XLA devices, tf_xla_enable_xla_devices not set
2021-04-21 13:40:48.766560: I tensorflow/compiler/jit/xla_gpu_device.cc:99] Not creating XLA devices, tf_xla_enable_xla_devices not set
mse and spike frequency: 0.00394 9.11
[32m[I 2021-04-21 13:40:58,911][0m Trial 51 finished with values: [0.00394, 9.11] with parameters: {'Vahp': -55.5, 'Vth': -51.0, 'Vmax': 38.0, 't_ref': 16.0, 'R': 1.0, 'tau_m': 417.0, 'rate_low': 8.5, 'rate_high': 43.5}.[0m
2021-04-21 13:40:59.578823: I tensorflow/compiler/jit/xla_gpu_device.cc:99] Not creating XLA devices, tf_xla_enable_xla_devices not set
maxFreq at 10nA: 1000.0
2021-04-21 13:41:21.606306: I tensorflow/compiler/jit/xla_gpu_device.cc:99] Not creating XLA devices, tf_xla_enable_xla_devices not set
2021-04-21 13:41:32.186874: I tensorflow/compiler/jit/xla_gpu_device.cc:99] Not creating XLA devices, tf_xla_enable_xla_devices not set
mse and spike frequency: 0.12656 0.0
[32m[I 2021-04-21 13:41:42,279][0m Trial 52 finished with values: [0.12656, 0.0] with parameters: {'Vahp': -42.5, 'Vth': -57.0, 'Vmax': 20.5, 't_ref': 14.5, 'R': 0.4, 'tau_m': 353.0, 'rate_low': 1.5, 'rate_high': 4.5}.[0m
2021-04-21 13:41:42.898707: I tensorflow/compiler/jit/xla_gpu_device.cc:99] Not creating XLA devices, tf_xla_enable_xla_devices not set
maxFreq at 10nA: 143.0
2021-04-21 13:42:05.292635: I tensorflow/compiler/jit/xla_gpu_device.cc:99] Not creating XLA devices, tf_xla_enable_xla_devices not set
2021-04-21 13:42:15.604330: I tensorflow/compiler/jit/xla_gpu_device.cc:99] Not creating XLA devices, tf_xla_enable_xla_devices not set
mse and spike frequency: 0.00217 12.34
[32m[I 2021-04-21 13:42:25,668][0m Trial 53 finished with values: [0.00217, 12.34] with parameters: {'Vahp': -47.0, 'Vth': -42.0, 'Vmax': 25.5, 't_ref': 6.0, 'R': 0.9, 'tau_m': 382.0, 'rate_low': 6.5, 'rate_high': 36.0}.[0m
2021-04-21 13:42:26.360601: I tensorflow/compiler/jit/xla_gpu_device.cc:99] Not creating XLA devices, tf_xla_enable_xla_devices not set
maxFreq at 10nA: 1000.0
2021-04-21 13:42:48.529732: I tensorflow/compiler/jit/xla_gpu_device.cc:99] Not creating XLA devices, tf_xla_enable_xla_devices not set
2021-04-21 13:42:59.052828: I tensorflow/compiler/jit/xla_gpu_device.cc:99] Not creating XLA devices, tf_xla_enable_xla_devices not set
mse and spike frequency: 0.12656 0.0
[32m[I 2021-04-21 13:43:09,481][0m Trial 54 finished with values: [0.12656, 0.0] with parameters: {'Vahp': -41.0, 'Vth': -46.5, 'Vmax': 19.0, 't_ref': 4.5, 'R': 1.0, 'tau_m': 345.5, 'rate_low': 48.0, 'rate_high': 49.0}.[0m
2021-04-21 13:43:10.011372: I tensorflow/compiler/jit/xla_gpu_device.cc:99] Not creating XLA devices, tf_xla_enable_xla_devices not set
maxFreq at 10nA: 50.0
2021-04-21 13:43:33.390267: I tensorflow/compiler/jit/xla_gpu_device.cc:99] Not creating XLA devices, tf_xla_enable_xla_devices not set
2021-04-21 13:43:44.026832: I tensorflow/compiler/jit/xla_gpu_device.cc:99] Not creating XLA devices, tf_xla_enable_xla_devices not set
mse and spike frequency: 0.00316 14.91
[32m[I 2021-04-21 13:43:54,511][0m Trial 55 finished with values: [0.00316, 14.91] with parameters: {'Vahp': -43.0, 'Vth': -36.5, 'Vmax': 16.0, 't_ref': 19.0, 'R': 0.5, 'tau_m': 484.0, 'rate_low': 36.5, 'rate_high': 35.0}.[0m
2021-04-21 13:43:55.019086: I tensorflow/compiler/jit/xla_gpu_device.cc:99] Not creating XLA devices, tf_xla_enable_xla_devices not set
maxFreq at 10nA: 111.0
2021-04-21 13:44:18.700889: I tensorflow/compiler/jit/xla_gpu_device.cc:99] Not creating XLA devices, tf_xla_enable_xla_devices not set
2021-04-21 13:44:29.432624: I tensorflow/compiler/jit/xla_gpu_device.cc:99] Not creating XLA devices, tf_xla_enable_xla_devices not set
mse and spike frequency: 0.00942 1.23
[32m[I 2021-04-21 13:44:40,151][0m Trial 56 finished with values: [0.00942, 1.23] with parameters: {'Vahp': -45.5, 'Vth': -37.5, 'Vmax': 33.0, 't_ref': 6.0, 'R': 0.1, 'tau_m': 357.5, 'rate_low': 6.0, 'rate_high': 39.0}.[0m
2021-04-21 13:44:40.661404: I tensorflow/compiler/jit/xla_gpu_device.cc:99] Not creating XLA devices, tf_xla_enable_xla_devices not set
maxFreq at 10nA: 200.0
2021-04-21 13:45:04.590916: I tensorflow/compiler/jit/xla_gpu_device.cc:99] Not creating XLA devices, tf_xla_enable_xla_devices not set
2021-04-21 13:45:15.310796: I tensorflow/compiler/jit/xla_gpu_device.cc:99] Not creating XLA devices, tf_xla_enable_xla_devices not set
mse and spike frequency: 0.00091 8.25
[32m[I 2021-04-21 13:45:26,275][0m Trial 57 finished with values: [0.00091, 8.25] with parameters: {'Vahp': -56.0, 'Vth': -21.5, 'Vmax': 15.5, 't_ref': 3.0, 'R': 0.30000000000000004, 'tau_m': 165.0, 'rate_low': 19.5, 'rate_high': 39.0}.[0m
2021-04-21 13:45:26.799686: I tensorflow/compiler/jit/xla_gpu_device.cc:99] Not creating XLA devices, tf_xla_enable_xla_devices not set
maxFreq at 10nA: 1000.0
2021-04-21 13:45:50.435156: I tensorflow/compiler/jit/xla_gpu_device.cc:99] Not creating XLA devices, tf_xla_enable_xla_devices not set
2021-04-21 13:46:02.058503: I tensorflow/compiler/jit/xla_gpu_device.cc:99] Not creating XLA devices, tf_xla_enable_xla_devices not set
mse and spike frequency: 0.12656 0.0
