[32m[I 2021-04-21 13:47:32,412][0m Trial 55 finished with values: [0.12656, 0.0] with parameters: {'Vahp': -24.0, 'Vth': -54.5, 'Vmax': 37.0, 't_ref': 5.0, 'R': 0.30000000000000004, 'tau_m': 481.5, 'R_adp': 0.30000000000000004, 'tau_w': 138.0, 'a': 369.5, 'rate_low': 11.5, 'rate_high': 18.5}.[0m
2021-04-21 13:47:32.881329: I tensorflow/compiler/jit/xla_gpu_device.cc:99] Not creating XLA devices, tf_xla_enable_xla_devices not set
maxFreq at 10nA: 998.0
2021-04-21 13:47:56.950449: I tensorflow/compiler/jit/xla_gpu_device.cc:99] Not creating XLA devices, tf_xla_enable_xla_devices not set
2021-04-21 13:48:08.552454: I tensorflow/compiler/jit/xla_gpu_device.cc:99] Not creating XLA devices, tf_xla_enable_xla_devices not set
mse and spike frequency: 0.12656 0.0
[32m[I 2021-04-21 13:48:19,199][0m Trial 56 finished with values: [0.12656, 0.0] with parameters: {'Vahp': -22.0, 'Vth': -27.0, 'Vmax': 40.0, 't_ref': 14.5, 'R': 0.6, 'tau_m': 472.0, 'R_adp': 0.6, 'tau_w': 499.5, 'a': 266.0, 'rate_low': 8.5, 'rate_high': 38.0}.[0m
2021-04-21 13:48:19.700571: I tensorflow/compiler/jit/xla_gpu_device.cc:99] Not creating XLA devices, tf_xla_enable_xla_devices not set
maxFreq at 10nA: 1000.0
2021-04-21 13:48:44.322733: I tensorflow/compiler/jit/xla_gpu_device.cc:99] Not creating XLA devices, tf_xla_enable_xla_devices not set
2021-04-21 13:48:55.934841: I tensorflow/compiler/jit/xla_gpu_device.cc:99] Not creating XLA devices, tf_xla_enable_xla_devices not set
mse and spike frequency: 0.12656 0.0
[32m[I 2021-04-21 13:49:07,188][0m Trial 57 finished with values: [0.12656, 0.0] with parameters: {'Vahp': -40.5, 'Vth': -51.0, 'Vmax': 27.5, 't_ref': 8.0, 'R': 0.4, 'tau_m': 40.0, 'R_adp': 0.9, 'tau_w': 405.0, 'a': 363.0, 'rate_low': 6.0, 'rate_high': 35.0}.[0m
2021-04-21 13:49:07.702366: I tensorflow/compiler/jit/xla_gpu_device.cc:99] Not creating XLA devices, tf_xla_enable_xla_devices not set
maxFreq at 10nA: 1000.0
2021-04-21 13:49:32.199479: I tensorflow/compiler/jit/xla_gpu_device.cc:99] Not creating XLA devices, tf_xla_enable_xla_devices not set
2021-04-21 13:49:43.876856: I tensorflow/compiler/jit/xla_gpu_device.cc:99] Not creating XLA devices, tf_xla_enable_xla_devices not set
mse and spike frequency: 0.12656 0.0
[32m[I 2021-04-21 13:49:55,208][0m Trial 58 finished with values: [0.12656, 0.0] with parameters: {'Vahp': -25.0, 'Vth': -34.5, 'Vmax': 19.0, 't_ref': 2.0, 'R': 0.2, 'tau_m': 7.5, 'R_adp': 0.7000000000000001, 'tau_w': 107.0, 'a': 82.5, 'rate_low': 5.5, 'rate_high': 26.5}.[0m
2021-04-21 13:49:55.692903: I tensorflow/compiler/jit/xla_gpu_device.cc:99] Not creating XLA devices, tf_xla_enable_xla_devices not set
maxFreq at 10nA: 1000.0
2021-04-21 13:50:20.164252: I tensorflow/compiler/jit/xla_gpu_device.cc:99] Not creating XLA devices, tf_xla_enable_xla_devices not set
2021-04-21 13:50:32.153380: I tensorflow/compiler/jit/xla_gpu_device.cc:99] Not creating XLA devices, tf_xla_enable_xla_devices not set
mse and spike frequency: 0.12656 0.0
[32m[I 2021-04-21 13:50:43,094][0m Trial 59 finished with values: [0.12656, 0.0] with parameters: {'Vahp': -21.0, 'Vth': -26.0, 'Vmax': 14.5, 't_ref': 15.5, 'R': 0.4, 'tau_m': 40.0, 'R_adp': 0.8, 'tau_w': 181.5, 'a': 416.0, 'rate_low': 32.0, 'rate_high': 37.0}.[0m
2021-04-21 13:50:43.561148: I tensorflow/compiler/jit/xla_gpu_device.cc:99] Not creating XLA devices, tf_xla_enable_xla_devices not set
maxFreq at 10nA: 116.0
2021-04-21 13:51:08.344013: I tensorflow/compiler/jit/xla_gpu_device.cc:99] Not creating XLA devices, tf_xla_enable_xla_devices not set
2021-04-21 13:51:20.291422: I tensorflow/compiler/jit/xla_gpu_device.cc:99] Not creating XLA devices, tf_xla_enable_xla_devices not set
mse and spike frequency: 0.10087 2.4
[32m[I 2021-04-21 13:51:31,383][0m Trial 60 finished with values: [0.10087, 2.4] with parameters: {'Vahp': -57.0, 'Vth': -54.5, 'Vmax': 35.0, 't_ref': 5.0, 'R': 0.4, 'tau_m': 481.5, 'R_adp': 0.8, 'tau_w': 88.5, 'a': 472.5, 'rate_low': 11.5, 'rate_high': 18.5}.[0m
2021-04-21 13:51:31.821276: I tensorflow/compiler/jit/xla_gpu_device.cc:99] Not creating XLA devices, tf_xla_enable_xla_devices not set
maxFreq at 10nA: 1000.0
2021-04-21 13:51:55.948244: I tensorflow/compiler/jit/xla_gpu_device.cc:99] Not creating XLA devices, tf_xla_enable_xla_devices not set
2021-04-21 13:52:07.853923: I tensorflow/compiler/jit/xla_gpu_device.cc:99] Not creating XLA devices, tf_xla_enable_xla_devices not set
mse and spike frequency: 0.12656 0.0
[32m[I 2021-04-21 13:52:18,297][0m Trial 61 finished with values: [0.12656, 0.0] with parameters: {'Vahp': -46.5, 'Vth': -51.0, 'Vmax': 35.0, 't_ref': 8.0, 'R': 0.4, 'tau_m': 65.5, 'R_adp': 1.0, 'tau_w': 405.0, 'a': 363.0, 'rate_low': 16.0, 'rate_high': 18.5}.[0m
2021-04-21 13:52:18.731466: I tensorflow/compiler/jit/xla_gpu_device.cc:99] Not creating XLA devices, tf_xla_enable_xla_devices not set
maxFreq at 10nA: 48.0
2021-04-21 13:52:42.799338: I tensorflow/compiler/jit/xla_gpu_device.cc:99] Not creating XLA devices, tf_xla_enable_xla_devices not set
2021-04-21 13:52:54.563558: I tensorflow/compiler/jit/xla_gpu_device.cc:99] Not creating XLA devices, tf_xla_enable_xla_devices not set
mse and spike frequency: 0.01972 10.06
[32m[I 2021-04-21 13:53:05,397][0m Trial 62 finished with values: [0.01972, 10.06] with parameters: {'Vahp': -49.5, 'Vth': -21.0, 'Vmax': 30.0, 't_ref': 19.5, 'R': 1.0, 'tau_m': 265.5, 'R_adp': 0.1, 'tau_w': 450.0, 'a': 445.5, 'rate_low': 36.0, 'rate_high': 41.5}.[0m
2021-04-21 13:53:05.842619: I tensorflow/compiler/jit/xla_gpu_device.cc:99] Not creating XLA devices, tf_xla_enable_xla_devices not set
maxFreq at 10nA: 239.0
2021-04-21 13:53:30.378812: I tensorflow/compiler/jit/xla_gpu_device.cc:99] Not creating XLA devices, tf_xla_enable_xla_devices not set
2021-04-21 13:53:42.400449: I tensorflow/compiler/jit/xla_gpu_device.cc:99] Not creating XLA devices, tf_xla_enable_xla_devices not set
mse and spike frequency: 0.00712 7.42
[32m[I 2021-04-21 13:53:53,680][0m Trial 63 finished with values: [0.00712, 7.42] with parameters: {'Vahp': -21.0, 'Vth': -20.5, 'Vmax': 18.5, 't_ref': 2.5, 'R': 0.7000000000000001, 'tau_m': 130.5, 'R_adp': 0.7000000000000001, 'tau_w': 88.5, 'a': 472.5, 'rate_low': 33.0, 'rate_high': 43.5}.[0m
2021-04-21 13:53:54.160854: I tensorflow/compiler/jit/xla_gpu_device.cc:99] Not creating XLA devices, tf_xla_enable_xla_devices not set
maxFreq at 10nA: 125.0
2021-04-21 13:54:18.472266: I tensorflow/compiler/jit/xla_gpu_device.cc:99] Not creating XLA devices, tf_xla_enable_xla_devices not set
2021-04-21 13:54:30.877009: I tensorflow/compiler/jit/xla_gpu_device.cc:99] Not creating XLA devices, tf_xla_enable_xla_devices not set
mse and spike frequency: 0.01281 16.62
[32m[I 2021-04-21 13:54:42,512][0m Trial 64 finished with values: [0.01281, 16.62] with parameters: {'Vahp': -60.0, 'Vth': -45.5, 'Vmax': 24.5, 't_ref': 6.5, 'R': 1.0, 'tau_m': 317.5, 'R_adp': 0.8, 'tau_w': 198.0, 'a': 93.0, 'rate_low': 35.0, 'rate_high': 48.0}.[0m
2021-04-21 13:54:42.976252: I tensorflow/compiler/jit/xla_gpu_device.cc:99] Not creating XLA devices, tf_xla_enable_xla_devices not set
maxFreq at 10nA: 1000.0
2021-04-21 13:55:08.397146: I tensorflow/compiler/jit/xla_gpu_device.cc:99] Not creating XLA devices, tf_xla_enable_xla_devices not set
2021-04-21 13:55:20.876873: I tensorflow/compiler/jit/xla_gpu_device.cc:99] Not creating XLA devices, tf_xla_enable_xla_devices not set
mse and spike frequency: 0.12656 0.0
[32m[I 2021-04-21 13:55:33,061][0m Trial 65 finished with values: [0.12656, 0.0] with parameters: {'Vahp': -26.0, 'Vth': -43.5, 'Vmax': 35.5, 't_ref': 3.0, 'R': 0.7000000000000001, 'tau_m': 49.5, 'R_adp': 0.5, 'tau_w': 107.0, 'a': 159.0, 'rate_low': 45.5, 'rate_high': 49.0}.[0m
2021-04-21 13:55:33.555896: I tensorflow/compiler/jit/xla_gpu_device.cc:99] Not creating XLA devices, tf_xla_enable_xla_devices not set
maxFreq at 10nA: 22.0
2021-04-21 13:55:58.735291: I tensorflow/compiler/jit/xla_gpu_device.cc:99] Not creating XLA devices, tf_xla_enable_xla_devices not set
2021-04-21 13:56:11.427031: I tensorflow/compiler/jit/xla_gpu_device.cc:99] Not creating XLA devices, tf_xla_enable_xla_devices not set
mse and spike frequency: 0.12106 0.86
[32m[I 2021-04-21 13:56:24,063][0m Trial 66 finished with values: [0.12106, 0.86] with parameters: {'Vahp': -33.0, 'Vth': -28.0, 'Vmax': 39.0, 't_ref': 10.0, 'R': 0.2, 'tau_m': 188.5, 'R_adp': 0.8, 'tau_w': 304.0, 'a': 468.5, 'rate_low': 36.5, 'rate_high': 48.5}.[0m
2021-04-21 13:56:24.552520: I tensorflow/compiler/jit/xla_gpu_device.cc:99] Not creating XLA devices, tf_xla_enable_xla_devices not set
maxFreq at 10nA: 27.0
2021-04-21 13:56:49.479746: I tensorflow/compiler/jit/xla_gpu_device.cc:99] Not creating XLA devices, tf_xla_enable_xla_devices not set
2021-04-21 13:57:02.031637: I tensorflow/compiler/jit/xla_gpu_device.cc:99] Not creating XLA devices, tf_xla_enable_xla_devices not set
mse and spike frequency: 0.25717 1.7
[32m[I 2021-04-21 13:57:13,742][0m Trial 67 finished with values: [0.25717, 1.7] with parameters: {'Vahp': -51.5, 'Vth': -32.5, 'Vmax': 30.5, 't_ref': 12.0, 'R': 0.4, 'tau_m': 277.5, 'R_adp': 1.0, 'tau_w': 465.0, 'a': 432.0, 'rate_low': 40.5, 'rate_high': 27.0}.[0m
2021-04-21 13:57:14.199243: I tensorflow/compiler/jit/xla_gpu_device.cc:99] Not creating XLA devices, tf_xla_enable_xla_devices not set
maxFreq at 10nA: 33.0
2021-04-21 13:57:39.495765: I tensorflow/compiler/jit/xla_gpu_device.cc:99] Not creating XLA devices, tf_xla_enable_xla_devices not set
2021-04-21 13:57:52.353449: I tensorflow/compiler/jit/xla_gpu_device.cc:99] Not creating XLA devices, tf_xla_enable_xla_devices not set
mse and spike frequency: 0.61747 2.97
[32m[I 2021-04-21 13:58:04,039][0m Trial 68 finished with values: [0.61747, 2.97] with parameters: {'Vahp': -33.5, 'Vth': -23.5, 'Vmax': 29.0, 't_ref': 16.5, 'R': 0.4, 'tau_m': 231.5, 'R_adp': 0.8, 'tau_w': 412.5, 'a': 472.5, 'rate_low': 28.0, 'rate_high': 43.5}.[0m
2021-04-21 13:58:04.496066: I tensorflow/compiler/jit/xla_gpu_device.cc:99] Not creating XLA devices, tf_xla_enable_xla_devices not set
maxFreq at 10nA: 62.0
2021-04-21 13:58:29.995033: I tensorflow/compiler/jit/xla_gpu_device.cc:99] Not creating XLA devices, tf_xla_enable_xla_devices not set
2021-04-21 13:58:43.106925: I tensorflow/compiler/jit/xla_gpu_device.cc:99] Not creating XLA devices, tf_xla_enable_xla_devices not set
mse and spike frequency: 0.03949 2.73
[32m[I 2021-04-21 13:58:54,852][0m Trial 69 finished with values: [0.03949, 2.73] with parameters: {'Vahp': -59.5, 'Vth': -26.0, 'Vmax': 11.5, 't_ref': 4.0, 'R': 0.2, 'tau_m': 435.5, 'R_adp': 1.0, 'tau_w': 274.0, 'a': 57.5, 'rate_low': 46.5, 'rate_high': 50.0}.[0m
2021-04-21 13:58:55.329303: I tensorflow/compiler/jit/xla_gpu_device.cc:99] Not creating XLA devices, tf_xla_enable_xla_devices not set
maxFreq at 10nA: 77.0
2021-04-21 13:59:20.849697: I tensorflow/compiler/jit/xla_gpu_device.cc:99] Not creating XLA devices, tf_xla_enable_xla_devices not set
2021-04-21 13:59:34.140091: I tensorflow/compiler/jit/xla_gpu_device.cc:99] Not creating XLA devices, tf_xla_enable_xla_devices not set
mse and spike frequency: 0.02575 5.7
[32m[I 2021-04-21 13:59:46,077][0m Trial 70 finished with values: [0.02575, 5.7] with parameters: {'Vahp': -49.0, 'Vth': -32.5, 'Vmax': 29.0, 't_ref': 12.0, 'R': 0.7000000000000001, 'tau_m': 285.5, 'R_adp': 0.5, 'tau_w': 125.5, 'a': 432.0, 'rate_low': 27.0, 'rate_high': 27.0}.[0m
2021-04-21 13:59:46.683368: I tensorflow/compiler/jit/xla_gpu_device.cc:99] Not creating XLA devices, tf_xla_enable_xla_devices not set
maxFreq at 10nA: 998.0
2021-04-21 14:00:13.069031: I tensorflow/compiler/jit/xla_gpu_device.cc:99] Not creating XLA devices, tf_xla_enable_xla_devices not set
2021-04-21 14:00:26.623055: I tensorflow/compiler/jit/xla_gpu_device.cc:99] Not creating XLA devices, tf_xla_enable_xla_devices not set
mse and spike frequency: 0.12656 0.0
[32m[I 2021-04-21 14:00:38,944][0m Trial 71 finished with values: [0.12656, 0.0] with parameters: {'Vahp': -25.0, 'Vth': -32.5, 'Vmax': 19.0, 't_ref': 2.0, 'R': 0.2, 'tau_m': 219.5, 'R_adp': 0.6, 'tau_w': 487.5, 'a': 290.0, 'rate_low': 40.5, 'rate_high': 26.5}.[0m
2021-04-21 14:00:39.452445: I tensorflow/compiler/jit/xla_gpu_device.cc:99] Not creating XLA devices, tf_xla_enable_xla_devices not set
maxFreq at 10nA: 48.0
2021-04-21 14:01:05.428608: I tensorflow/compiler/jit/xla_gpu_device.cc:99] Not creating XLA devices, tf_xla_enable_xla_devices not set
2021-04-21 14:01:18.961281: I tensorflow/compiler/jit/xla_gpu_device.cc:99] Not creating XLA devices, tf_xla_enable_xla_devices not set
mse and spike frequency: 0.15545 10.89
[32m[I 2021-04-21 14:01:31,248][0m Trial 72 finished with values: [0.15545, 10.89] with parameters: {'Vahp': -57.0, 'Vth': -39.5, 'Vmax': 36.0, 't_ref': 19.5, 'R': 1.0, 'tau_m': 265.5, 'R_adp': 0.1, 'tau_w': 450.0, 'a': 393.5, 'rate_low': 36.0, 'rate_high': 23.0}.[0m
2021-04-21 14:01:31.751699: I tensorflow/compiler/jit/xla_gpu_device.cc:99] Not creating XLA devices, tf_xla_enable_xla_devices not set
maxFreq at 10nA: 1000.0
2021-04-21 14:01:57.842742: I tensorflow/compiler/jit/xla_gpu_device.cc:99] Not creating XLA devices, tf_xla_enable_xla_devices not set
2021-04-21 14:02:11.592372: I tensorflow/compiler/jit/xla_gpu_device.cc:99] Not creating XLA devices, tf_xla_enable_xla_devices not set
mse and spike frequency: 0.12656 0.0
[32m[I 2021-04-21 14:02:24,216][0m Trial 73 finished with values: [0.12656, 0.0] with parameters: {'Vahp': -39.0, 'Vth': -54.0, 'Vmax': 16.5, 't_ref': 1.0, 'R': 0.1, 'tau_m': 202.0, 'R_adp': 0.2, 'tau_w': 383.0, 'a': 317.0, 'rate_low': 43.0, 'rate_high': 43.0}.[0m
2021-04-21 14:02:24.727704: I tensorflow/compiler/jit/xla_gpu_device.cc:99] Not creating XLA devices, tf_xla_enable_xla_devices not set
maxFreq at 10nA: 167.0
2021-04-21 14:02:50.927684: I tensorflow/compiler/jit/xla_gpu_device.cc:99] Not creating XLA devices, tf_xla_enable_xla_devices not set
2021-04-21 14:03:05.136742: I tensorflow/compiler/jit/xla_gpu_device.cc:99] Not creating XLA devices, tf_xla_enable_xla_devices not set
mse and spike frequency: 0.02408 4.21
[32m[I 2021-04-21 14:03:18,062][0m Trial 74 finished with values: [0.02408, 4.21] with parameters: {'Vahp': -57.0, 'Vth': -54.5, 'Vmax': 35.0, 't_ref': 5.0, 'R': 0.5, 'tau_m': 420.0, 'R_adp': 0.6, 'tau_w': 68.0, 'a': 407.0, 'rate_low': 11.5, 'rate_high': 18.5}.[0m
2021-04-21 14:03:18.548836: I tensorflow/compiler/jit/xla_gpu_device.cc:99] Not creating XLA devices, tf_xla_enable_xla_devices not set
maxFreq at 10nA: 999.0
2021-04-21 14:03:44.224608: I tensorflow/compiler/jit/xla_gpu_device.cc:99] Not creating XLA devices, tf_xla_enable_xla_devices not set
2021-04-21 14:03:58.424010: I tensorflow/compiler/jit/xla_gpu_device.cc:99] Not creating XLA devices, tf_xla_enable_xla_devices not set
mse and spike frequency: 0.12656 0.0
[32m[I 2021-04-21 14:04:11,253][0m Trial 75 finished with values: [0.12656, 0.0] with parameters: {'Vahp': -30.0, 'Vth': -42.0, 'Vmax': 34.5, 't_ref': 13.5, 'R': 0.2, 'tau_m': 227.5, 'R_adp': 0.2, 'tau_w': 384.5, 'a': 214.5, 'rate_low': 12.5, 'rate_high': 13.0}.[0m
2021-04-21 14:04:11.745719: I tensorflow/compiler/jit/xla_gpu_device.cc:99] Not creating XLA devices, tf_xla_enable_xla_devices not set
maxFreq at 10nA: 65.0
2021-04-21 14:04:38.145840: I tensorflow/compiler/jit/xla_gpu_device.cc:99] Not creating XLA devices, tf_xla_enable_xla_devices not set
2021-04-21 14:04:53.224270: I tensorflow/compiler/jit/xla_gpu_device.cc:99] Not creating XLA devices, tf_xla_enable_xla_devices not set
mse and spike frequency: 0.11249 0.15
[32m[I 2021-04-21 14:05:05,634][0m Trial 76 finished with values: [0.11249, 0.15] with parameters: {'Vahp': -23.5, 'Vth': -22.5, 'Vmax': 38.5, 't_ref': 6.5, 'R': 0.1, 'tau_m': 250.5, 'R_adp': 0.6, 'tau_w': 349.5, 'a': 86.5, 'rate_low': 14.0, 'rate_high': 14.5}.[0m
2021-04-21 14:05:06.125543: I tensorflow/compiler/jit/xla_gpu_device.cc:99] Not creating XLA devices, tf_xla_enable_xla_devices not set
maxFreq at 10nA: 113.0
2021-04-21 14:05:32.680770: I tensorflow/compiler/jit/xla_gpu_device.cc:99] Not creating XLA devices, tf_xla_enable_xla_devices not set
2021-04-21 14:05:48.104179: I tensorflow/compiler/jit/xla_gpu_device.cc:99] Not creating XLA devices, tf_xla_enable_xla_devices not set
mse and spike frequency: 0.06319 0.97
[32m[I 2021-04-21 14:06:01,062][0m Trial 77 finished with values: [0.06319, 0.97] with parameters: {'Vahp': -57.0, 'Vth': -39.5, 'Vmax': 36.0, 't_ref': 3.0, 'R': 0.2, 'tau_m': 498.5, 'R_adp': 0.1, 'tau_w': 189.5, 'a': 219.5, 'rate_low': 5.5, 'rate_high': 23.0}.[0m
2021-04-21 14:06:01.558411: I tensorflow/compiler/jit/xla_gpu_device.cc:99] Not creating XLA devices, tf_xla_enable_xla_devices not set
maxFreq at 10nA: 48.0
2021-04-21 14:06:28.687148: I tensorflow/compiler/jit/xla_gpu_device.cc:99] Not creating XLA devices, tf_xla_enable_xla_devices not set
2021-04-21 14:06:44.379912: I tensorflow/compiler/jit/xla_gpu_device.cc:99] Not creating XLA devices, tf_xla_enable_xla_devices not set
mse and spike frequency: 0.03117 4.27
[32m[I 2021-04-21 14:06:57,439][0m Trial 78 finished with values: [0.03117, 4.27] with parameters: {'Vahp': -49.0, 'Vth': -20.5, 'Vmax': 18.5, 't_ref': 18.5, 'R': 0.7000000000000001, 'tau_m': 285.5, 'R_adp': 0.7000000000000001, 'tau_w': 125.5, 'a': 492.5, 'rate_low': 31.0, 'rate_high': 48.0}.[0m
2021-04-21 14:06:57.940259: I tensorflow/compiler/jit/xla_gpu_device.cc:99] Not creating XLA devices, tf_xla_enable_xla_devices not set
maxFreq at 10nA: 995.0
2021-04-21 14:07:25.284865: I tensorflow/compiler/jit/xla_gpu_device.cc:99] Not creating XLA devices, tf_xla_enable_xla_devices not set
2021-04-21 14:07:40.642541: I tensorflow/compiler/jit/xla_gpu_device.cc:99] Not creating XLA devices, tf_xla_enable_xla_devices not set
mse and spike frequency: 0.12656 0.0
[32m[I 2021-04-21 14:07:53,988][0m Trial 79 finished with values: [0.12656, 0.0] with parameters: {'Vahp': -30.5, 'Vth': -32.0, 'Vmax': 11.5, 't_ref': 19.0, 'R': 0.2, 'tau_m': 407.0, 'R_adp': 0.4, 'tau_w': 383.0, 'a': 57.5, 'rate_low': 46.5, 'rate_high': 50.0}.[0m
2021-04-21 14:07:54.538695: I tensorflow/compiler/jit/xla_gpu_device.cc:99] Not creating XLA devices, tf_xla_enable_xla_devices not set
maxFreq at 10nA: 1000.0
2021-04-21 14:08:22.667915: I tensorflow/compiler/jit/xla_gpu_device.cc:99] Not creating XLA devices, tf_xla_enable_xla_devices not set
2021-04-21 14:08:37.352039: I tensorflow/compiler/jit/xla_gpu_device.cc:99] Not creating XLA devices, tf_xla_enable_xla_devices not set
mse and spike frequency: 0.12656 0.0
[32m[I 2021-04-21 14:08:50,831][0m Trial 80 finished with values: [0.12656, 0.0] with parameters: {'Vahp': -21.5, 'Vth': -53.5, 'Vmax': 29.0, 't_ref': 6.0, 'R': 0.2, 'tau_m': 27.5, 'R_adp': 0.7000000000000001, 'tau_w': 333.0, 'a': 46.0, 'rate_low': 49.0, 'rate_high': 48.5}.[0m
2021-04-21 14:08:51.376461: I tensorflow/compiler/jit/xla_gpu_device.cc:99] Not creating XLA devices, tf_xla_enable_xla_devices not set
maxFreq at 10nA: 53.0
2021-04-21 14:09:19.439196: I tensorflow/compiler/jit/xla_gpu_device.cc:99] Not creating XLA devices, tf_xla_enable_xla_devices not set
2021-04-21 14:09:33.405308: I tensorflow/compiler/jit/xla_gpu_device.cc:99] Not creating XLA devices, tf_xla_enable_xla_devices not set
mse and spike frequency: 0.00418 7.34
[32m[I 2021-04-21 14:09:46,064][0m Trial 81 finished with values: [0.00418, 7.34] with parameters: {'Vahp': -52.5, 'Vth': -37.0, 'Vmax': 37.5, 't_ref': 18.0, 'R': 0.7000000000000001, 'tau_m': 173.5, 'R_adp': 0.6, 'tau_w': 68.0, 'a': 106.5, 'rate_low': 11.5, 'rate_high': 18.5}.[0m
2021-04-21 14:09:46.612255: I tensorflow/compiler/jit/xla_gpu_device.cc:99] Not creating XLA devices, tf_xla_enable_xla_devices not set
maxFreq at 10nA: 1000.0
2021-04-21 14:10:13.774283: I tensorflow/compiler/jit/xla_gpu_device.cc:99] Not creating XLA devices, tf_xla_enable_xla_devices not set
2021-04-21 14:10:28.811322: I tensorflow/compiler/jit/xla_gpu_device.cc:99] Not creating XLA devices, tf_xla_enable_xla_devices not set
mse and spike frequency: 0.12656 0.0
[32m[I 2021-04-21 14:10:41,795][0m Trial 82 finished with values: [0.12656, 0.0] with parameters: {'Vahp': -37.0, 'Vth': -54.0, 'Vmax': 24.5, 't_ref': 3.0, 'R': 1.0, 'tau_m': 317.5, 'R_adp': 0.2, 'tau_w': 452.0, 'a': 473.0, 'rate_low': 32.0, 'rate_high': 43.0}.[0m
2021-04-21 14:10:42.307286: I tensorflow/compiler/jit/xla_gpu_device.cc:99] Not creating XLA devices, tf_xla_enable_xla_devices not set
maxFreq at 10nA: 1000.0
2021-04-21 14:11:09.893713: I tensorflow/compiler/jit/xla_gpu_device.cc:99] Not creating XLA devices, tf_xla_enable_xla_devices not set
2021-04-21 14:11:24.608644: I tensorflow/compiler/jit/xla_gpu_device.cc:99] Not creating XLA devices, tf_xla_enable_xla_devices not set
mse and spike frequency: 0.12656 0.0
[32m[I 2021-04-21 14:11:38,429][0m Trial 83 finished with values: [0.12656, 0.0] with parameters: {'Vahp': -27.0, 'Vth': -54.0, 'Vmax': 30.0, 't_ref': 1.0, 'R': 1.0, 'tau_m': 16.5, 'R_adp': 0.2, 'tau_w': 452.0, 'a': 468.5, 'rate_low': 36.5, 'rate_high': 48.5}.[0m
2021-04-21 14:11:38.928357: I tensorflow/compiler/jit/xla_gpu_device.cc:99] Not creating XLA devices, tf_xla_enable_xla_devices not set
maxFreq at 10nA: 72.0
2021-04-21 14:12:06.841585: I tensorflow/compiler/jit/xla_gpu_device.cc:99] Not creating XLA devices, tf_xla_enable_xla_devices not set
2021-04-21 14:12:21.641360: I tensorflow/compiler/jit/xla_gpu_device.cc:99] Not creating XLA devices, tf_xla_enable_xla_devices not set
mse and spike frequency: 0.58055 13.05
