[32m[I 2021-04-21 15:26:20,343][0m Trial 151 finished with values: [0.00222, 12.13] with parameters: {'Vahp': -35.0, 'Vth': -30.5, 'Vmax': 12.5, 't_ref': 3.0, 'R': 0.30000000000000004, 'tau_m': 265.0, 'rate_low': 16.0, 'rate_high': 2.5}.[0m
2021-04-21 15:26:21.033544: I tensorflow/compiler/jit/xla_gpu_device.cc:99] Not creating XLA devices, tf_xla_enable_xla_devices not set
maxFreq at 10nA: 1000.0
2021-04-21 15:26:54.810181: I tensorflow/compiler/jit/xla_gpu_device.cc:99] Not creating XLA devices, tf_xla_enable_xla_devices not set
2021-04-21 15:27:18.875554: I tensorflow/compiler/jit/xla_gpu_device.cc:99] Not creating XLA devices, tf_xla_enable_xla_devices not set
mse and spike frequency: 0.12656 0.0
[32m[I 2021-04-21 15:27:43,337][0m Trial 152 finished with values: [0.12656, 0.0] with parameters: {'Vahp': -36.5, 'Vth': -56.5, 'Vmax': 40.0, 't_ref': 1.5, 'R': 0.8, 'tau_m': 437.5, 'rate_low': 16.5, 'rate_high': 46.0}.[0m
2021-04-21 15:27:44.027590: I tensorflow/compiler/jit/xla_gpu_device.cc:99] Not creating XLA devices, tf_xla_enable_xla_devices not set
maxFreq at 10nA: 1000.0
2021-04-21 15:28:18.288897: I tensorflow/compiler/jit/xla_gpu_device.cc:99] Not creating XLA devices, tf_xla_enable_xla_devices not set
2021-04-21 15:28:43.073062: I tensorflow/compiler/jit/xla_gpu_device.cc:99] Not creating XLA devices, tf_xla_enable_xla_devices not set
mse and spike frequency: 0.12656 0.0
[32m[I 2021-04-21 15:29:08,265][0m Trial 153 finished with values: [0.12656, 0.0] with parameters: {'Vahp': -48.0, 'Vth': -53.5, 'Vmax': 32.0, 't_ref': 12.5, 'R': 0.30000000000000004, 'tau_m': 253.0, 'rate_low': 11.0, 'rate_high': 16.0}.[0m
2021-04-21 15:29:08.962266: I tensorflow/compiler/jit/xla_gpu_device.cc:99] Not creating XLA devices, tf_xla_enable_xla_devices not set
maxFreq at 10nA: 1000.0
2021-04-21 15:29:43.414723: I tensorflow/compiler/jit/xla_gpu_device.cc:99] Not creating XLA devices, tf_xla_enable_xla_devices not set
2021-04-21 15:30:08.417795: I tensorflow/compiler/jit/xla_gpu_device.cc:99] Not creating XLA devices, tf_xla_enable_xla_devices not set
mse and spike frequency: 0.12656 0.0
[32m[I 2021-04-21 15:30:33,715][0m Trial 154 finished with values: [0.12656, 0.0] with parameters: {'Vahp': -31.0, 'Vth': -52.5, 'Vmax': 20.0, 't_ref': 16.5, 'R': 0.7000000000000001, 'tau_m': 31.5, 'rate_low': 15.0, 'rate_high': 45.0}.[0m
2021-04-21 15:30:34.427276: I tensorflow/compiler/jit/xla_gpu_device.cc:99] Not creating XLA devices, tf_xla_enable_xla_devices not set
maxFreq at 10nA: 1000.0
2021-04-21 15:31:08.588472: I tensorflow/compiler/jit/xla_gpu_device.cc:99] Not creating XLA devices, tf_xla_enable_xla_devices not set
2021-04-21 15:31:33.062928: I tensorflow/compiler/jit/xla_gpu_device.cc:99] Not creating XLA devices, tf_xla_enable_xla_devices not set
mse and spike frequency: 0.12656 0.0
[32m[I 2021-04-21 15:31:57,940][0m Trial 155 finished with values: [0.12656, 0.0] with parameters: {'Vahp': -29.5, 'Vth': -48.5, 'Vmax': 37.5, 't_ref': 3.0, 'R': 0.7000000000000001, 'tau_m': 360.5, 'rate_low': 10.5, 'rate_high': 2.5}.[0m
2021-04-21 15:31:58.648216: I tensorflow/compiler/jit/xla_gpu_device.cc:99] Not creating XLA devices, tf_xla_enable_xla_devices not set
maxFreq at 10nA: 1000.0
2021-04-21 15:32:32.164386: I tensorflow/compiler/jit/xla_gpu_device.cc:99] Not creating XLA devices, tf_xla_enable_xla_devices not set
2021-04-21 15:32:57.878214: I tensorflow/compiler/jit/xla_gpu_device.cc:99] Not creating XLA devices, tf_xla_enable_xla_devices not set
mse and spike frequency: 0.12656 0.0
[32m[I 2021-04-21 15:33:23,205][0m Trial 156 finished with values: [0.12656, 0.0] with parameters: {'Vahp': -24.0, 'Vth': -52.0, 'Vmax': 31.5, 't_ref': 3.0, 'R': 0.7000000000000001, 'tau_m': 265.0, 'rate_low': 4.0, 'rate_high': 14.0}.[0m
2021-04-21 15:33:23.958452: I tensorflow/compiler/jit/xla_gpu_device.cc:99] Not creating XLA devices, tf_xla_enable_xla_devices not set
maxFreq at 10nA: 77.0
2021-04-21 15:33:58.368466: I tensorflow/compiler/jit/xla_gpu_device.cc:99] Not creating XLA devices, tf_xla_enable_xla_devices not set
2021-04-21 15:34:23.372274: I tensorflow/compiler/jit/xla_gpu_device.cc:99] Not creating XLA devices, tf_xla_enable_xla_devices not set
mse and spike frequency: 0.00278 22.3
[32m[I 2021-04-21 15:34:48,291][0m Trial 157 finished with values: [0.00278, 22.3] with parameters: {'Vahp': -60.0, 'Vth': -41.5, 'Vmax': 29.5, 't_ref': 11.5, 'R': 0.6, 'tau_m': 69.0, 'rate_low': 16.5, 'rate_high': 20.5}.[0m
2021-04-21 15:34:49.028837: I tensorflow/compiler/jit/xla_gpu_device.cc:99] Not creating XLA devices, tf_xla_enable_xla_devices not set
maxFreq at 10nA: 1000.0
2021-04-21 15:35:24.500673: I tensorflow/compiler/jit/xla_gpu_device.cc:99] Not creating XLA devices, tf_xla_enable_xla_devices not set
2021-04-21 15:35:48.109764: I tensorflow/compiler/jit/xla_gpu_device.cc:99] Not creating XLA devices, tf_xla_enable_xla_devices not set
mse and spike frequency: 0.12656 0.0
[32m[I 2021-04-21 15:36:12,411][0m Trial 158 finished with values: [0.12656, 0.0] with parameters: {'Vahp': -31.0, 'Vth': -52.5, 'Vmax': 30.0, 't_ref': 1.5, 'R': 0.8, 'tau_m': 339.0, 'rate_low': 22.0, 'rate_high': 46.0}.[0m
2021-04-21 15:36:13.122391: I tensorflow/compiler/jit/xla_gpu_device.cc:99] Not creating XLA devices, tf_xla_enable_xla_devices not set
maxFreq at 10nA: 1000.0
2021-04-21 15:36:48.533437: I tensorflow/compiler/jit/xla_gpu_device.cc:99] Not creating XLA devices, tf_xla_enable_xla_devices not set
2021-04-21 15:37:12.689802: I tensorflow/compiler/jit/xla_gpu_device.cc:99] Not creating XLA devices, tf_xla_enable_xla_devices not set
mse and spike frequency: 0.12656 0.0
[32m[I 2021-04-21 15:37:37,257][0m Trial 159 finished with values: [0.12656, 0.0] with parameters: {'Vahp': -31.0, 'Vth': -56.0, 'Vmax': 30.0, 't_ref': 16.5, 'R': 0.7000000000000001, 'tau_m': 174.5, 'rate_low': 30.0, 'rate_high': 40.5}.[0m
2021-04-21 15:37:37.964457: I tensorflow/compiler/jit/xla_gpu_device.cc:99] Not creating XLA devices, tf_xla_enable_xla_devices not set
maxFreq at 10nA: 1000.0
2021-04-21 15:38:13.504819: I tensorflow/compiler/jit/xla_gpu_device.cc:99] Not creating XLA devices, tf_xla_enable_xla_devices not set
2021-04-21 15:38:38.415654: I tensorflow/compiler/jit/xla_gpu_device.cc:99] Not creating XLA devices, tf_xla_enable_xla_devices not set
mse and spike frequency: 0.12656 0.0
[32m[I 2021-04-21 15:39:02,865][0m Trial 160 finished with values: [0.12656, 0.0] with parameters: {'Vahp': -22.5, 'Vth': -42.5, 'Vmax': 23.0, 't_ref': 7.5, 'R': 0.5, 'tau_m': 126.5, 'rate_low': 25.0, 'rate_high': 35.5}.[0m
2021-04-21 15:39:03.595571: I tensorflow/compiler/jit/xla_gpu_device.cc:99] Not creating XLA devices, tf_xla_enable_xla_devices not set
maxFreq at 10nA: 167.0
2021-04-21 15:39:38.717757: I tensorflow/compiler/jit/xla_gpu_device.cc:99] Not creating XLA devices, tf_xla_enable_xla_devices not set
2021-04-21 15:40:03.860007: I tensorflow/compiler/jit/xla_gpu_device.cc:99] Not creating XLA devices, tf_xla_enable_xla_devices not set
mse and spike frequency: 0.03112 1.09
[32m[I 2021-04-21 15:40:28,796][0m Trial 161 finished with values: [0.03112, 1.09] with parameters: {'Vahp': -58.5, 'Vth': -45.5, 'Vmax': 14.0, 't_ref': 2.5, 'R': 0.2, 'tau_m': 431.0, 'rate_low': 5.0, 'rate_high': 13.5}.[0m
2021-04-21 15:40:29.487404: I tensorflow/compiler/jit/xla_gpu_device.cc:99] Not creating XLA devices, tf_xla_enable_xla_devices not set
maxFreq at 10nA: 63.0
2021-04-21 15:41:04.613736: I tensorflow/compiler/jit/xla_gpu_device.cc:99] Not creating XLA devices, tf_xla_enable_xla_devices not set
2021-04-21 15:41:30.846699: I tensorflow/compiler/jit/xla_gpu_device.cc:99] Not creating XLA devices, tf_xla_enable_xla_devices not set
mse and spike frequency: 0.00845 8.99
[32m[I 2021-04-21 15:41:56,237][0m Trial 162 finished with values: [0.00845, 8.99] with parameters: {'Vahp': -31.5, 'Vth': -31.0, 'Vmax': 35.0, 't_ref': 15.0, 'R': 0.6, 'tau_m': 99.0, 'rate_low': 14.5, 'rate_high': 42.5}.[0m
2021-04-21 15:41:56.984665: I tensorflow/compiler/jit/xla_gpu_device.cc:99] Not creating XLA devices, tf_xla_enable_xla_devices not set
maxFreq at 10nA: 112.0
2021-04-21 15:42:33.453167: I tensorflow/compiler/jit/xla_gpu_device.cc:99] Not creating XLA devices, tf_xla_enable_xla_devices not set
2021-04-21 15:42:59.771976: I tensorflow/compiler/jit/xla_gpu_device.cc:99] Not creating XLA devices, tf_xla_enable_xla_devices not set
mse and spike frequency: 0.00201 28.4
[32m[I 2021-04-21 15:43:25,645][0m Trial 163 finished with values: [0.00201, 28.4] with parameters: {'Vahp': -53.0, 'Vth': -45.5, 'Vmax': 24.0, 't_ref': 7.5, 'R': 0.6, 'tau_m': 431.0, 'rate_low': 42.0, 'rate_high': 46.0}.[0m
2021-04-21 15:43:26.370477: I tensorflow/compiler/jit/xla_gpu_device.cc:99] Not creating XLA devices, tf_xla_enable_xla_devices not set
maxFreq at 10nA: 50.0
2021-04-21 15:44:02.817255: I tensorflow/compiler/jit/xla_gpu_device.cc:99] Not creating XLA devices, tf_xla_enable_xla_devices not set
2021-04-21 15:44:29.246957: I tensorflow/compiler/jit/xla_gpu_device.cc:99] Not creating XLA devices, tf_xla_enable_xla_devices not set
mse and spike frequency: 0.00403 19.98
[32m[I 2021-04-21 15:44:55,010][0m Trial 164 finished with values: [0.00403, 19.98] with parameters: {'Vahp': -36.0, 'Vth': -34.5, 'Vmax': 12.0, 't_ref': 19.0, 'R': 0.7000000000000001, 'tau_m': 267.0, 'rate_low': 15.0, 'rate_high': 22.0}.[0m
2021-04-21 15:44:55.797107: I tensorflow/compiler/jit/xla_gpu_device.cc:99] Not creating XLA devices, tf_xla_enable_xla_devices not set
maxFreq at 10nA: 1000.0
2021-04-21 15:45:32.592991: I tensorflow/compiler/jit/xla_gpu_device.cc:99] Not creating XLA devices, tf_xla_enable_xla_devices not set
2021-04-21 15:45:59.220117: I tensorflow/compiler/jit/xla_gpu_device.cc:99] Not creating XLA devices, tf_xla_enable_xla_devices not set
mse and spike frequency: 0.12656 0.0
[32m[I 2021-04-21 15:46:25,055][0m Trial 165 finished with values: [0.12656, 0.0] with parameters: {'Vahp': -39.0, 'Vth': -45.5, 'Vmax': 14.5, 't_ref': 11.0, 'R': 0.4, 'tau_m': 241.5, 'rate_low': 5.0, 'rate_high': 13.5}.[0m
2021-04-21 15:46:25.841309: I tensorflow/compiler/jit/xla_gpu_device.cc:99] Not creating XLA devices, tf_xla_enable_xla_devices not set
maxFreq at 10nA: 333.0
2021-04-21 15:47:02.254850: I tensorflow/compiler/jit/xla_gpu_device.cc:99] Not creating XLA devices, tf_xla_enable_xla_devices not set
2021-04-21 15:47:28.983173: I tensorflow/compiler/jit/xla_gpu_device.cc:99] Not creating XLA devices, tf_xla_enable_xla_devices not set
mse and spike frequency: 0.00091 41.15
[32m[I 2021-04-21 15:47:54,257][0m Trial 166 finished with values: [0.00091, 41.15] with parameters: {'Vahp': -43.5, 'Vth': -34.5, 'Vmax': 21.5, 't_ref': 1.5, 'R': 0.8, 'tau_m': 377.0, 'rate_low': 26.0, 'rate_high': 46.0}.[0m
2021-04-21 15:47:55.050214: I tensorflow/compiler/jit/xla_gpu_device.cc:99] Not creating XLA devices, tf_xla_enable_xla_devices not set
maxFreq at 10nA: 998.0
2021-04-21 15:48:31.238396: I tensorflow/compiler/jit/xla_gpu_device.cc:99] Not creating XLA devices, tf_xla_enable_xla_devices not set
2021-04-21 15:48:57.626037: I tensorflow/compiler/jit/xla_gpu_device.cc:99] Not creating XLA devices, tf_xla_enable_xla_devices not set
mse and spike frequency: 0.12656 0.0
[32m[I 2021-04-21 15:49:23,095][0m Trial 167 finished with values: [0.12656, 0.0] with parameters: {'Vahp': -22.5, 'Vth': -42.5, 'Vmax': 40.0, 't_ref': 10.0, 'R': 0.30000000000000004, 'tau_m': 402.0, 'rate_low': 25.0, 'rate_high': 35.5}.[0m
2021-04-21 15:49:23.883686: I tensorflow/compiler/jit/xla_gpu_device.cc:99] Not creating XLA devices, tf_xla_enable_xla_devices not set
maxFreq at 10nA: 48.0
2021-04-21 15:50:00.653816: I tensorflow/compiler/jit/xla_gpu_device.cc:99] Not creating XLA devices, tf_xla_enable_xla_devices not set
2021-04-21 15:50:28.435378: I tensorflow/compiler/jit/xla_gpu_device.cc:99] Not creating XLA devices, tf_xla_enable_xla_devices not set
mse and spike frequency: 0.01494 2.46
[32m[I 2021-04-21 15:50:53,389][0m Trial 168 finished with values: [0.01494, 2.46] with parameters: {'Vahp': -48.0, 'Vth': -22.5, 'Vmax': 27.5, 't_ref': 14.5, 'R': 0.2, 'tau_m': 398.0, 'rate_low': 16.5, 'rate_high': 41.0}.[0m
2021-04-21 15:50:54.216212: I tensorflow/compiler/jit/xla_gpu_device.cc:99] Not creating XLA devices, tf_xla_enable_xla_devices not set
maxFreq at 10nA: 1000.0
2021-04-21 15:51:30.801506: I tensorflow/compiler/jit/xla_gpu_device.cc:99] Not creating XLA devices, tf_xla_enable_xla_devices not set
2021-04-21 15:51:57.170092: I tensorflow/compiler/jit/xla_gpu_device.cc:99] Not creating XLA devices, tf_xla_enable_xla_devices not set
mse and spike frequency: 0.12656 0.0
[32m[I 2021-04-21 15:52:21,660][0m Trial 169 finished with values: [0.12656, 0.0] with parameters: {'Vahp': -43.5, 'Vth': -53.5, 'Vmax': 36.5, 't_ref': 14.5, 'R': 0.2, 'tau_m': 398.0, 'rate_low': 16.5, 'rate_high': 43.0}.[0m
2021-04-21 15:52:22.434287: I tensorflow/compiler/jit/xla_gpu_device.cc:99] Not creating XLA devices, tf_xla_enable_xla_devices not set
maxFreq at 10nA: 249.0
2021-04-21 15:53:00.054603: I tensorflow/compiler/jit/xla_gpu_device.cc:99] Not creating XLA devices, tf_xla_enable_xla_devices not set
2021-04-21 15:53:26.183186: I tensorflow/compiler/jit/xla_gpu_device.cc:99] Not creating XLA devices, tf_xla_enable_xla_devices not set
mse and spike frequency: 0.00198 6.14
[32m[I 2021-04-21 15:53:50,328][0m Trial 170 finished with values: [0.00198, 6.14] with parameters: {'Vahp': -43.5, 'Vth': -34.5, 'Vmax': 23.0, 't_ref': 1.5, 'R': 0.2, 'tau_m': 377.0, 'rate_low': 16.0, 'rate_high': 30.5}.[0m
2021-04-21 15:53:51.054915: I tensorflow/compiler/jit/xla_gpu_device.cc:99] Not creating XLA devices, tf_xla_enable_xla_devices not set
maxFreq at 10nA: 333.0
2021-04-21 15:54:28.062258: I tensorflow/compiler/jit/xla_gpu_device.cc:99] Not creating XLA devices, tf_xla_enable_xla_devices not set
2021-04-21 15:54:54.784121: I tensorflow/compiler/jit/xla_gpu_device.cc:99] Not creating XLA devices, tf_xla_enable_xla_devices not set
mse and spike frequency: 0.00046 12.29
[32m[I 2021-04-21 15:55:19,143][0m Trial 171 finished with values: [0.00046, 12.29] with parameters: {'Vahp': -54.0, 'Vth': -30.5, 'Vmax': 31.5, 't_ref': 0.5, 'R': 0.30000000000000004, 'tau_m': 156.0, 'rate_low': 16.0, 'rate_high': 44.0}.[0m
2021-04-21 15:55:19.888707: I tensorflow/compiler/jit/xla_gpu_device.cc:99] Not creating XLA devices, tf_xla_enable_xla_devices not set
maxFreq at 10nA: 1000.0
2021-04-21 15:55:57.193725: I tensorflow/compiler/jit/xla_gpu_device.cc:99] Not creating XLA devices, tf_xla_enable_xla_devices not set
2021-04-21 15:56:24.315885: I tensorflow/compiler/jit/xla_gpu_device.cc:99] Not creating XLA devices, tf_xla_enable_xla_devices not set
mse and spike frequency: 0.12656 0.0
[32m[I 2021-04-21 15:56:49,006][0m Trial 172 finished with values: [0.12656, 0.0] with parameters: {'Vahp': -48.0, 'Vth': -53.5, 'Vmax': 25.5, 't_ref': 12.5, 'R': 0.30000000000000004, 'tau_m': 398.0, 'rate_low': 42.5, 'rate_high': 48.5}.[0m
2021-04-21 15:56:49.749597: I tensorflow/compiler/jit/xla_gpu_device.cc:99] Not creating XLA devices, tf_xla_enable_xla_devices not set
maxFreq at 10nA: 67.0
2021-04-21 15:57:26.926945: I tensorflow/compiler/jit/xla_gpu_device.cc:99] Not creating XLA devices, tf_xla_enable_xla_devices not set
2021-04-21 15:57:54.122933: I tensorflow/compiler/jit/xla_gpu_device.cc:99] Not creating XLA devices, tf_xla_enable_xla_devices not set
mse and spike frequency: 0.00262 6.58
[32m[I 2021-04-21 15:58:19,306][0m Trial 173 finished with values: [0.00262, 6.58] with parameters: {'Vahp': -40.5, 'Vth': -30.5, 'Vmax': 35.0, 't_ref': 13.5, 'R': 0.4, 'tau_m': 265.0, 'rate_low': 5.0, 'rate_high': 42.5}.[0m
2021-04-21 15:58:20.030015: I tensorflow/compiler/jit/xla_gpu_device.cc:99] Not creating XLA devices, tf_xla_enable_xla_devices not set
maxFreq at 10nA: 1000.0
2021-04-21 15:58:57.809268: I tensorflow/compiler/jit/xla_gpu_device.cc:99] Not creating XLA devices, tf_xla_enable_xla_devices not set
2021-04-21 15:59:26.845921: I tensorflow/compiler/jit/xla_gpu_device.cc:99] Not creating XLA devices, tf_xla_enable_xla_devices not set
mse and spike frequency: 0.12656 0.0
[32m[I 2021-04-21 15:59:52,798][0m Trial 174 finished with values: [0.12656, 0.0] with parameters: {'Vahp': -31.5, 'Vth': -42.5, 'Vmax': 40.0, 't_ref': 5.0, 'R': 0.30000000000000004, 'tau_m': 41.0, 'rate_low': 25.0, 'rate_high': 30.0}.[0m
2021-04-21 15:59:53.528530: I tensorflow/compiler/jit/xla_gpu_device.cc:99] Not creating XLA devices, tf_xla_enable_xla_devices not set
maxFreq at 10nA: 56.0
2021-04-21 16:00:31.187389: I tensorflow/compiler/jit/xla_gpu_device.cc:99] Not creating XLA devices, tf_xla_enable_xla_devices not set
2021-04-21 16:01:00.479707: I tensorflow/compiler/jit/xla_gpu_device.cc:99] Not creating XLA devices, tf_xla_enable_xla_devices not set
mse and spike frequency: 0.12656 0.0
[32m[I 2021-04-21 16:01:27,040][0m Trial 175 finished with values: [0.12656, 0.0] with parameters: {'Vahp': -37.0, 'Vth': -28.5, 'Vmax': 23.0, 't_ref': 16.5, 'R': 0.5, 'tau_m': 17.5, 'rate_low': 9.0, 'rate_high': 30.5}.[0m
2021-04-21 16:01:27.766825: I tensorflow/compiler/jit/xla_gpu_device.cc:99] Not creating XLA devices, tf_xla_enable_xla_devices not set
maxFreq at 10nA: 100.0
2021-04-21 16:02:05.257790: I tensorflow/compiler/jit/xla_gpu_device.cc:99] Not creating XLA devices, tf_xla_enable_xla_devices not set
2021-04-21 16:02:35.126954: I tensorflow/compiler/jit/xla_gpu_device.cc:99] Not creating XLA devices, tf_xla_enable_xla_devices not set
mse and spike frequency: 0.02548 1.18
[32m[I 2021-04-21 16:03:02,111][0m Trial 176 finished with values: [0.02548, 1.18] with parameters: {'Vahp': -56.0, 'Vth': -31.0, 'Vmax': 24.0, 't_ref': 2.5, 'R': 0.1, 'tau_m': 265.0, 'rate_low': 14.5, 'rate_high': 32.0}.[0m
2021-04-21 16:03:02.873128: I tensorflow/compiler/jit/xla_gpu_device.cc:99] Not creating XLA devices, tf_xla_enable_xla_devices not set
maxFreq at 10nA: 1000.0
2021-04-21 16:03:40.741556: I tensorflow/compiler/jit/xla_gpu_device.cc:99] Not creating XLA devices, tf_xla_enable_xla_devices not set
2021-04-21 16:04:10.477906: I tensorflow/compiler/jit/xla_gpu_device.cc:99] Not creating XLA devices, tf_xla_enable_xla_devices not set
mse and spike frequency: 0.12656 0.0
[32m[I 2021-04-21 16:04:36,749][0m Trial 177 finished with values: [0.12656, 0.0] with parameters: {'Vahp': -24.0, 'Vth': -42.5, 'Vmax': 34.0, 't_ref': 14.5, 'R': 0.5, 'tau_m': 100.5, 'rate_low': 2.0, 'rate_high': 3.0}.[0m
2021-04-21 16:04:37.496527: I tensorflow/compiler/jit/xla_gpu_device.cc:99] Not creating XLA devices, tf_xla_enable_xla_devices not set
maxFreq at 10nA: 1000.0
2021-04-21 16:05:15.306451: I tensorflow/compiler/jit/xla_gpu_device.cc:99] Not creating XLA devices, tf_xla_enable_xla_devices not set
2021-04-21 16:05:45.010937: I tensorflow/compiler/jit/xla_gpu_device.cc:99] Not creating XLA devices, tf_xla_enable_xla_devices not set
mse and spike frequency: 0.12656 0.0
[32m[I 2021-04-21 16:06:12,355][0m Trial 178 finished with values: [0.12656, 0.0] with parameters: {'Vahp': -41.5, 'Vth': -45.5, 'Vmax': 15.5, 't_ref': 1.5, 'R': 0.2, 'tau_m': 13.5, 'rate_low': 16.5, 'rate_high': 50.0}.[0m
2021-04-21 16:06:13.135847: I tensorflow/compiler/jit/xla_gpu_device.cc:99] Not creating XLA devices, tf_xla_enable_xla_devices not set
maxFreq at 10nA: 1000.0
2021-04-21 16:06:52.003059: I tensorflow/compiler/jit/xla_gpu_device.cc:99] Not creating XLA devices, tf_xla_enable_xla_devices not set
2021-04-21 16:07:21.245353: I tensorflow/compiler/jit/xla_gpu_device.cc:99] Not creating XLA devices, tf_xla_enable_xla_devices not set
mse and spike frequency: 0.12656 0.0
[32m[I 2021-04-21 16:07:47,987][0m Trial 179 finished with values: [0.12656, 0.0] with parameters: {'Vahp': -51.0, 'Vth': -56.0, 'Vmax': 23.0, 't_ref': 5.0, 'R': 0.30000000000000004, 'tau_m': 461.5, 'rate_low': 26.0, 'rate_high': 30.0}.[0m
2021-04-21 16:07:48.739259: I tensorflow/compiler/jit/xla_gpu_device.cc:99] Not creating XLA devices, tf_xla_enable_xla_devices not set
maxFreq at 10nA: 1000.0
2021-04-21 16:08:26.527117: I tensorflow/compiler/jit/xla_gpu_device.cc:99] Not creating XLA devices, tf_xla_enable_xla_devices not set
2021-04-21 16:08:54.681067: I tensorflow/compiler/jit/xla_gpu_device.cc:99] Not creating XLA devices, tf_xla_enable_xla_devices not set
mse and spike frequency: 0.12656 0.0
[32m[I 2021-04-21 16:09:21,849][0m Trial 180 finished with values: [0.12656, 0.0] with parameters: {'Vahp': -36.0, 'Vth': -46.0, 'Vmax': 12.0, 't_ref': 19.0, 'R': 0.7000000000000001, 'tau_m': 275.0, 'rate_low': 15.0, 'rate_high': 22.0}.[0m
2021-04-21 16:09:22.593470: I tensorflow/compiler/jit/xla_gpu_device.cc:99] Not creating XLA devices, tf_xla_enable_xla_devices not set
maxFreq at 10nA: 998.0
2021-04-21 16:10:00.608038: I tensorflow/compiler/jit/xla_gpu_device.cc:99] Not creating XLA devices, tf_xla_enable_xla_devices not set
2021-04-21 16:10:30.024804: I tensorflow/compiler/jit/xla_gpu_device.cc:99] Not creating XLA devices, tf_xla_enable_xla_devices not set
mse and spike frequency: 0.12656 0.0
[32m[I 2021-04-21 16:10:56,964][0m Trial 181 finished with values: [0.12656, 0.0] with parameters: {'Vahp': -22.5, 'Vth': -42.5, 'Vmax': 38.5, 't_ref': 7.5, 'R': 0.30000000000000004, 'tau_m': 483.0, 'rate_low': 33.0, 'rate_high': 34.5}.[0m
2021-04-21 16:10:57.709651: I tensorflow/compiler/jit/xla_gpu_device.cc:99] Not creating XLA devices, tf_xla_enable_xla_devices not set
maxFreq at 10nA: 998.0
2021-04-21 16:11:36.388912: I tensorflow/compiler/jit/xla_gpu_device.cc:99] Not creating XLA devices, tf_xla_enable_xla_devices not set
2021-04-21 16:12:05.324979: I tensorflow/compiler/jit/xla_gpu_device.cc:99] Not creating XLA devices, tf_xla_enable_xla_devices not set
mse and spike frequency: 0.12656 0.0
