[32m[I 2021-04-21 16:46:17,933][0m Trial 200 finished with values: [0.12656, 0.0] with parameters: {'Vahp': -39.0, 'Vth': -54.0, 'Vmax': 16.5, 't_ref': 16.5, 'R': 0.1, 'tau_m': 16.5, 'R_adp': 0.4, 'tau_w': 383.0, 'a': 100.0, 'rate_low': 45.0, 'rate_high': 48.5}.[0m
2021-04-21 16:46:18.783635: I tensorflow/compiler/jit/xla_gpu_device.cc:99] Not creating XLA devices, tf_xla_enable_xla_devices not set
maxFreq at 10nA: 63.0
2021-04-21 16:47:01.091900: I tensorflow/compiler/jit/xla_gpu_device.cc:99] Not creating XLA devices, tf_xla_enable_xla_devices not set
2021-04-21 16:47:32.099618: I tensorflow/compiler/jit/xla_gpu_device.cc:99] Not creating XLA devices, tf_xla_enable_xla_devices not set
mse and spike frequency: 0.00353 12.84
[32m[I 2021-04-21 16:48:01,193][0m Trial 201 finished with values: [0.00353, 12.84] with parameters: {'Vahp': -42.5, 'Vth': -30.5, 'Vmax': 38.5, 't_ref': 13.5, 'R': 0.2, 'tau_m': 230.0, 'R_adp': 0.2, 'tau_w': 200.5, 'a': 33.0, 'rate_low': 50.0, 'rate_high': 50.0}.[0m
2021-04-21 16:48:02.054180: I tensorflow/compiler/jit/xla_gpu_device.cc:99] Not creating XLA devices, tf_xla_enable_xla_devices not set
maxFreq at 10nA: 85.0
2021-04-21 16:48:43.068353: I tensorflow/compiler/jit/xla_gpu_device.cc:99] Not creating XLA devices, tf_xla_enable_xla_devices not set
2021-04-21 16:49:14.468436: I tensorflow/compiler/jit/xla_gpu_device.cc:99] Not creating XLA devices, tf_xla_enable_xla_devices not set
mse and spike frequency: 0.02967 2.12
[32m[I 2021-04-21 16:49:45,100][0m Trial 202 finished with values: [0.02967, 2.12] with parameters: {'Vahp': -44.5, 'Vth': -22.5, 'Vmax': 19.0, 't_ref': 6.5, 'R': 0.1, 'tau_m': 43.0, 'R_adp': 0.6, 'tau_w': 41.0, 'a': 390.5, 'rate_low': 19.0, 'rate_high': 46.0}.[0m
2021-04-21 16:49:45.936224: I tensorflow/compiler/jit/xla_gpu_device.cc:99] Not creating XLA devices, tf_xla_enable_xla_devices not set
maxFreq at 10nA: 1000.0
2021-04-21 16:50:27.500348: I tensorflow/compiler/jit/xla_gpu_device.cc:99] Not creating XLA devices, tf_xla_enable_xla_devices not set
2021-04-21 16:50:59.897211: I tensorflow/compiler/jit/xla_gpu_device.cc:99] Not creating XLA devices, tf_xla_enable_xla_devices not set
mse and spike frequency: 0.12656 0.0
[32m[I 2021-04-21 16:51:30,993][0m Trial 203 finished with values: [0.12656, 0.0] with parameters: {'Vahp': -30.0, 'Vth': -54.0, 'Vmax': 32.0, 't_ref': 1.0, 'R': 0.2, 'tau_m': 19.5, 'R_adp': 0.8, 'tau_w': 304.0, 'a': 227.5, 'rate_low': 17.0, 'rate_high': 48.0}.[0m
2021-04-21 16:51:31.855209: I tensorflow/compiler/jit/xla_gpu_device.cc:99] Not creating XLA devices, tf_xla_enable_xla_devices not set
maxFreq at 10nA: 43.0
2021-04-21 16:52:14.251236: I tensorflow/compiler/jit/xla_gpu_device.cc:99] Not creating XLA devices, tf_xla_enable_xla_devices not set
2021-04-21 16:52:46.635026: I tensorflow/compiler/jit/xla_gpu_device.cc:99] Not creating XLA devices, tf_xla_enable_xla_devices not set
mse and spike frequency: 0.12656 0.0
[32m[I 2021-04-21 16:53:17,187][0m Trial 204 finished with values: [0.12656, 0.0] with parameters: {'Vahp': -23.5, 'Vth': -22.5, 'Vmax': 38.5, 't_ref': 19.0, 'R': 0.1, 'tau_m': 250.5, 'R_adp': 0.4, 'tau_w': 189.5, 'a': 317.0, 'rate_low': 5.5, 'rate_high': 14.5}.[0m
2021-04-21 16:53:18.020844: I tensorflow/compiler/jit/xla_gpu_device.cc:99] Not creating XLA devices, tf_xla_enable_xla_devices not set
maxFreq at 10nA: 1000.0
2021-04-21 16:53:59.680152: I tensorflow/compiler/jit/xla_gpu_device.cc:99] Not creating XLA devices, tf_xla_enable_xla_devices not set
2021-04-21 16:54:32.065011: I tensorflow/compiler/jit/xla_gpu_device.cc:99] Not creating XLA devices, tf_xla_enable_xla_devices not set
mse and spike frequency: 0.12656 0.0
[32m[I 2021-04-21 16:55:02,930][0m Trial 205 finished with values: [0.12656, 0.0] with parameters: {'Vahp': -45.5, 'Vth': -50.0, 'Vmax': 30.0, 't_ref': 6.0, 'R': 0.2, 'tau_m': 7.5, 'R_adp': 0.6, 'tau_w': 294.5, 'a': 317.0, 'rate_low': 5.5, 'rate_high': 26.5}.[0m
2021-04-21 16:55:03.746987: I tensorflow/compiler/jit/xla_gpu_device.cc:99] Not creating XLA devices, tf_xla_enable_xla_devices not set
maxFreq at 10nA: 100.0
2021-04-21 16:55:46.212927: I tensorflow/compiler/jit/xla_gpu_device.cc:99] Not creating XLA devices, tf_xla_enable_xla_devices not set
2021-04-21 16:56:18.477208: I tensorflow/compiler/jit/xla_gpu_device.cc:99] Not creating XLA devices, tf_xla_enable_xla_devices not set
mse and spike frequency: 0.01146 4.43
[32m[I 2021-04-21 16:56:49,665][0m Trial 206 finished with values: [0.01146, 4.43] with parameters: {'Vahp': -27.0, 'Vth': -22.5, 'Vmax': 19.0, 't_ref': 9.0, 'R': 0.2, 'tau_m': 43.0, 'R_adp': 0.6, 'tau_w': 41.0, 'a': 446.0, 'rate_low': 19.0, 'rate_high': 46.0}.[0m
2021-04-21 16:56:50.532620: I tensorflow/compiler/jit/xla_gpu_device.cc:99] Not creating XLA devices, tf_xla_enable_xla_devices not set
maxFreq at 10nA: 91.0
2021-04-21 16:57:32.859891: I tensorflow/compiler/jit/xla_gpu_device.cc:99] Not creating XLA devices, tf_xla_enable_xla_devices not set
2021-04-21 16:58:06.114681: I tensorflow/compiler/jit/xla_gpu_device.cc:99] Not creating XLA devices, tf_xla_enable_xla_devices not set
mse and spike frequency: 0.00149 12.05
[32m[I 2021-04-21 16:58:37,946][0m Trial 207 finished with values: [0.00149, 12.05] with parameters: {'Vahp': -42.5, 'Vth': -39.0, 'Vmax': 31.0, 't_ref': 10.0, 'R': 0.8, 'tau_m': 370.5, 'R_adp': 0.7000000000000001, 'tau_w': 41.0, 'a': 416.0, 'rate_low': 17.0, 'rate_high': 46.0}.[0m
2021-04-21 16:58:38.757892: I tensorflow/compiler/jit/xla_gpu_device.cc:99] Not creating XLA devices, tf_xla_enable_xla_devices not set
maxFreq at 10nA: 1000.0
2021-04-21 16:59:20.883761: I tensorflow/compiler/jit/xla_gpu_device.cc:99] Not creating XLA devices, tf_xla_enable_xla_devices not set
2021-04-21 16:59:54.754510: I tensorflow/compiler/jit/xla_gpu_device.cc:99] Not creating XLA devices, tf_xla_enable_xla_devices not set
mse and spike frequency: 0.12656 0.0
[32m[I 2021-04-21 17:00:25,659][0m Trial 208 finished with values: [0.12656, 0.0] with parameters: {'Vahp': -48.0, 'Vth': -51.5, 'Vmax': 37.5, 't_ref': 18.0, 'R': 0.30000000000000004, 'tau_m': 188.5, 'R_adp': 0.6, 'tau_w': 343.5, 'a': 363.0, 'rate_low': 16.0, 'rate_high': 26.5}.[0m
2021-04-21 17:00:26.634338: I tensorflow/compiler/jit/xla_gpu_device.cc:99] Not creating XLA devices, tf_xla_enable_xla_devices not set
maxFreq at 10nA: 997.0
2021-04-21 17:01:08.730178: I tensorflow/compiler/jit/xla_gpu_device.cc:99] Not creating XLA devices, tf_xla_enable_xla_devices not set
2021-04-21 17:01:42.237889: I tensorflow/compiler/jit/xla_gpu_device.cc:99] Not creating XLA devices, tf_xla_enable_xla_devices not set
mse and spike frequency: 0.12656 0.0
[32m[I 2021-04-21 17:02:13,647][0m Trial 209 finished with values: [0.12656, 0.0] with parameters: {'Vahp': -27.0, 'Vth': -28.0, 'Vmax': 34.5, 't_ref': 13.5, 'R': 0.2, 'tau_m': 230.0, 'R_adp': 0.2, 'tau_w': 304.0, 'a': 33.0, 'rate_low': 19.0, 'rate_high': 36.5}.[0m
2021-04-21 17:02:14.656969: I tensorflow/compiler/jit/xla_gpu_device.cc:99] Not creating XLA devices, tf_xla_enable_xla_devices not set
maxFreq at 10nA: 200.0
2021-04-21 17:02:57.003033: I tensorflow/compiler/jit/xla_gpu_device.cc:99] Not creating XLA devices, tf_xla_enable_xla_devices not set
2021-04-21 17:03:30.352081: I tensorflow/compiler/jit/xla_gpu_device.cc:99] Not creating XLA devices, tf_xla_enable_xla_devices not set
mse and spike frequency: 3.50721 18.78
[32m[I 2021-04-21 17:04:02,016][0m Trial 210 finished with values: [3.50721, 18.78] with parameters: {'Vahp': -42.5, 'Vth': -39.5, 'Vmax': 26.5, 't_ref': 4.0, 'R': 0.8, 'tau_m': 498.5, 'R_adp': 0.2, 'tau_w': 234.5, 'a': 290.0, 'rate_low': 5.5, 'rate_high': 49.0}.[0m
2021-04-21 17:04:02.992468: I tensorflow/compiler/jit/xla_gpu_device.cc:99] Not creating XLA devices, tf_xla_enable_xla_devices not set
maxFreq at 10nA: 1000.0
2021-04-21 17:04:45.173409: I tensorflow/compiler/jit/xla_gpu_device.cc:99] Not creating XLA devices, tf_xla_enable_xla_devices not set
2021-04-21 17:05:17.371071: I tensorflow/compiler/jit/xla_gpu_device.cc:99] Not creating XLA devices, tf_xla_enable_xla_devices not set
mse and spike frequency: 0.12656 0.0
[32m[I 2021-04-21 17:05:48,146][0m Trial 211 finished with values: [0.12656, 0.0] with parameters: {'Vahp': -27.0, 'Vth': -54.0, 'Vmax': 34.5, 't_ref': 9.0, 'R': 0.2, 'tau_m': 103.5, 'R_adp': 0.8, 'tau_w': 343.5, 'a': 446.0, 'rate_low': 45.5, 'rate_high': 48.5}.[0m
2021-04-21 17:05:49.050701: I tensorflow/compiler/jit/xla_gpu_device.cc:99] Not creating XLA devices, tf_xla_enable_xla_devices not set
maxFreq at 10nA: 1000.0
2021-04-21 17:06:31.549979: I tensorflow/compiler/jit/xla_gpu_device.cc:99] Not creating XLA devices, tf_xla_enable_xla_devices not set
2021-04-21 17:07:03.747240: I tensorflow/compiler/jit/xla_gpu_device.cc:99] Not creating XLA devices, tf_xla_enable_xla_devices not set
mse and spike frequency: 0.12656 0.0
[32m[I 2021-04-21 17:07:34,701][0m Trial 212 finished with values: [0.12656, 0.0] with parameters: {'Vahp': -27.0, 'Vth': -39.5, 'Vmax': 34.5, 't_ref': 3.0, 'R': 0.2, 'tau_m': 103.5, 'R_adp': 0.8, 'tau_w': 304.0, 'a': 219.5, 'rate_low': 5.5, 'rate_high': 13.0}.[0m
2021-04-21 17:07:35.510222: I tensorflow/compiler/jit/xla_gpu_device.cc:99] Not creating XLA devices, tf_xla_enable_xla_devices not set
maxFreq at 10nA: 1000.0
2021-04-21 17:08:19.003694: I tensorflow/compiler/jit/xla_gpu_device.cc:99] Not creating XLA devices, tf_xla_enable_xla_devices not set
2021-04-21 17:08:50.660305: I tensorflow/compiler/jit/xla_gpu_device.cc:99] Not creating XLA devices, tf_xla_enable_xla_devices not set
mse and spike frequency: 0.12656 0.0
[32m[I 2021-04-21 17:09:21,290][0m Trial 213 finished with values: [0.12656, 0.0] with parameters: {'Vahp': -42.5, 'Vth': -45.5, 'Vmax': 12.5, 't_ref': 6.5, 'R': 0.7000000000000001, 'tau_m': 27.5, 'R_adp': 0.6, 'tau_w': 386.0, 'a': 69.0, 'rate_low': 17.0, 'rate_high': 45.0}.[0m
2021-04-21 17:09:22.109319: I tensorflow/compiler/jit/xla_gpu_device.cc:99] Not creating XLA devices, tf_xla_enable_xla_devices not set
maxFreq at 10nA: 1000.0
2021-04-21 17:10:05.307922: I tensorflow/compiler/jit/xla_gpu_device.cc:99] Not creating XLA devices, tf_xla_enable_xla_devices not set
2021-04-21 17:10:37.791840: I tensorflow/compiler/jit/xla_gpu_device.cc:99] Not creating XLA devices, tf_xla_enable_xla_devices not set
mse and spike frequency: 0.12656 0.0
[32m[I 2021-04-21 17:11:08,702][0m Trial 214 finished with values: [0.12656, 0.0] with parameters: {'Vahp': -36.5, 'Vth': -45.5, 'Vmax': 25.0, 't_ref': 8.0, 'R': 0.7000000000000001, 'tau_m': 65.5, 'R_adp': 1.0, 'tau_w': 343.5, 'a': 473.0, 'rate_low': 17.0, 'rate_high': 28.0}.[0m
2021-04-21 17:11:09.534890: I tensorflow/compiler/jit/xla_gpu_device.cc:99] Not creating XLA devices, tf_xla_enable_xla_devices not set
maxFreq at 10nA: 999.0
2021-04-21 17:11:52.947253: I tensorflow/compiler/jit/xla_gpu_device.cc:99] Not creating XLA devices, tf_xla_enable_xla_devices not set
2021-04-21 17:12:26.265539: I tensorflow/compiler/jit/xla_gpu_device.cc:99] Not creating XLA devices, tf_xla_enable_xla_devices not set
mse and spike frequency: 0.12656 0.0
[32m[I 2021-04-21 17:12:58,127][0m Trial 215 finished with values: [0.12656, 0.0] with parameters: {'Vahp': -34.5, 'Vth': -41.5, 'Vmax': 16.5, 't_ref': 19.0, 'R': 0.1, 'tau_m': 65.5, 'R_adp': 0.4, 'tau_w': 487.0, 'a': 316.5, 'rate_low': 45.5, 'rate_high': 49.5}.[0m
2021-04-21 17:12:58.978076: I tensorflow/compiler/jit/xla_gpu_device.cc:99] Not creating XLA devices, tf_xla_enable_xla_devices not set
maxFreq at 10nA: 1000.0
2021-04-21 17:13:42.858222: I tensorflow/compiler/jit/xla_gpu_device.cc:99] Not creating XLA devices, tf_xla_enable_xla_devices not set
2021-04-21 17:14:16.654709: I tensorflow/compiler/jit/xla_gpu_device.cc:99] Not creating XLA devices, tf_xla_enable_xla_devices not set
mse and spike frequency: 0.12656 0.0
[32m[I 2021-04-21 17:14:49,104][0m Trial 216 finished with values: [0.12656, 0.0] with parameters: {'Vahp': -36.5, 'Vth': -55.5, 'Vmax': 25.0, 't_ref': 4.0, 'R': 0.7000000000000001, 'tau_m': 417.5, 'R_adp': 0.2, 'tau_w': 198.0, 'a': 473.0, 'rate_low': 1.5, 'rate_high': 49.0}.[0m
2021-04-21 17:14:49.933837: I tensorflow/compiler/jit/xla_gpu_device.cc:99] Not creating XLA devices, tf_xla_enable_xla_devices not set
maxFreq at 10nA: 125.0
2021-04-21 17:15:33.942311: I tensorflow/compiler/jit/xla_gpu_device.cc:99] Not creating XLA devices, tf_xla_enable_xla_devices not set
2021-04-21 17:16:08.221627: I tensorflow/compiler/jit/xla_gpu_device.cc:99] Not creating XLA devices, tf_xla_enable_xla_devices not set
mse and spike frequency: 3.09058 19.98
[32m[I 2021-04-21 17:16:40,699][0m Trial 217 finished with values: [3.09058, 19.98] with parameters: {'Vahp': -44.5, 'Vth': -39.0, 'Vmax': 25.0, 't_ref': 6.5, 'R': 0.8, 'tau_m': 43.0, 'R_adp': 1.0, 'tau_w': 479.0, 'a': 80.5, 'rate_low': 20.0, 'rate_high': 26.5}.[0m
2021-04-21 17:16:41.523338: I tensorflow/compiler/jit/xla_gpu_device.cc:99] Not creating XLA devices, tf_xla_enable_xla_devices not set
maxFreq at 10nA: 1000.0
2021-04-21 17:17:25.911866: I tensorflow/compiler/jit/xla_gpu_device.cc:99] Not creating XLA devices, tf_xla_enable_xla_devices not set
2021-04-21 17:18:00.746798: I tensorflow/compiler/jit/xla_gpu_device.cc:99] Not creating XLA devices, tf_xla_enable_xla_devices not set
mse and spike frequency: 0.12656 0.0
[32m[I 2021-04-21 17:18:33,128][0m Trial 218 finished with values: [0.12656, 0.0] with parameters: {'Vahp': -30.0, 'Vth': -42.0, 'Vmax': 10.0, 't_ref': 1.5, 'R': 0.2, 'tau_m': 19.5, 'R_adp': 0.9, 'tau_w': 304.0, 'a': 219.5, 'rate_low': 23.0, 'rate_high': 49.0}.[0m
2021-04-21 17:18:33.943374: I tensorflow/compiler/jit/xla_gpu_device.cc:99] Not creating XLA devices, tf_xla_enable_xla_devices not set
maxFreq at 10nA: 999.0
2021-04-21 17:19:18.292891: I tensorflow/compiler/jit/xla_gpu_device.cc:99] Not creating XLA devices, tf_xla_enable_xla_devices not set
2021-04-21 17:19:53.188381: I tensorflow/compiler/jit/xla_gpu_device.cc:99] Not creating XLA devices, tf_xla_enable_xla_devices not set
mse and spike frequency: 0.12656 0.0
[32m[I 2021-04-21 17:20:26,602][0m Trial 219 finished with values: [0.12656, 0.0] with parameters: {'Vahp': -23.5, 'Vth': -55.5, 'Vmax': 17.0, 't_ref': 4.0, 'R': 0.1, 'tau_m': 417.5, 'R_adp': 0.6, 'tau_w': 349.5, 'a': 290.0, 'rate_low': 14.0, 'rate_high': 45.0}.[0m
2021-04-21 17:20:27.447244: I tensorflow/compiler/jit/xla_gpu_device.cc:99] Not creating XLA devices, tf_xla_enable_xla_devices not set
maxFreq at 10nA: 1000.0
2021-04-21 17:21:10.885064: I tensorflow/compiler/jit/xla_gpu_device.cc:99] Not creating XLA devices, tf_xla_enable_xla_devices not set
2021-04-21 17:21:47.065737: I tensorflow/compiler/jit/xla_gpu_device.cc:99] Not creating XLA devices, tf_xla_enable_xla_devices not set
mse and spike frequency: 0.12656 0.0
[32m[I 2021-04-21 17:22:20,651][0m Trial 220 finished with values: [0.12656, 0.0] with parameters: {'Vahp': -27.0, 'Vth': -56.0, 'Vmax': 11.5, 't_ref': 20.0, 'R': 0.2, 'tau_m': 124.5, 'R_adp': 0.6, 'tau_w': 57.0, 'a': 416.0, 'rate_low': 17.0, 'rate_high': 18.5}.[0m
2021-04-21 17:22:21.477216: I tensorflow/compiler/jit/xla_gpu_device.cc:99] Not creating XLA devices, tf_xla_enable_xla_devices not set
maxFreq at 10nA: 1000.0
2021-04-21 17:23:05.140399: I tensorflow/compiler/jit/xla_gpu_device.cc:99] Not creating XLA devices, tf_xla_enable_xla_devices not set
2021-04-21 17:23:41.656135: I tensorflow/compiler/jit/xla_gpu_device.cc:99] Not creating XLA devices, tf_xla_enable_xla_devices not set
mse and spike frequency: 0.12656 0.0
[32m[I 2021-04-21 17:24:15,373][0m Trial 221 finished with values: [0.12656, 0.0] with parameters: {'Vahp': -21.5, 'Vth': -30.5, 'Vmax': 36.0, 't_ref': 0.5, 'R': 0.7000000000000001, 'tau_m': 98.5, 'R_adp': 0.6, 'tau_w': 386.0, 'a': 46.0, 'rate_low': 17.0, 'rate_high': 45.0}.[0m
2021-04-21 17:24:16.234683: I tensorflow/compiler/jit/xla_gpu_device.cc:99] Not creating XLA devices, tf_xla_enable_xla_devices not set
maxFreq at 10nA: 997.0
2021-04-21 17:25:00.541307: I tensorflow/compiler/jit/xla_gpu_device.cc:99] Not creating XLA devices, tf_xla_enable_xla_devices not set
2021-04-21 17:25:36.116561: I tensorflow/compiler/jit/xla_gpu_device.cc:99] Not creating XLA devices, tf_xla_enable_xla_devices not set
mse and spike frequency: 0.12656 0.0
[32m[I 2021-04-21 17:26:10,219][0m Trial 222 finished with values: [0.12656, 0.0] with parameters: {'Vahp': -27.0, 'Vth': -30.5, 'Vmax': 11.5, 't_ref': 10.0, 'R': 0.2, 'tau_m': 230.0, 'R_adp': 0.2, 'tau_w': 304.0, 'a': 57.5, 'rate_low': 17.0, 'rate_high': 48.5}.[0m
2021-04-21 17:26:11.105174: I tensorflow/compiler/jit/xla_gpu_device.cc:99] Not creating XLA devices, tf_xla_enable_xla_devices not set
maxFreq at 10nA: 1000.0
2021-04-21 17:26:54.138166: I tensorflow/compiler/jit/xla_gpu_device.cc:99] Not creating XLA devices, tf_xla_enable_xla_devices not set
2021-04-21 17:27:30.457754: I tensorflow/compiler/jit/xla_gpu_device.cc:99] Not creating XLA devices, tf_xla_enable_xla_devices not set
mse and spike frequency: 0.12656 0.0
[32m[I 2021-04-21 17:28:04,072][0m Trial 223 finished with values: [0.12656, 0.0] with parameters: {'Vahp': -39.0, 'Vth': -45.5, 'Vmax': 16.5, 't_ref': 19.0, 'R': 0.7000000000000001, 'tau_m': 202.0, 'R_adp': 0.4, 'tau_w': 198.0, 'a': 473.0, 'rate_low': 1.5, 'rate_high': 48.5}.[0m
2021-04-21 17:28:04.945069: I tensorflow/compiler/jit/xla_gpu_device.cc:99] Not creating XLA devices, tf_xla_enable_xla_devices not set
maxFreq at 10nA: 127.0
2021-04-21 17:28:48.896364: I tensorflow/compiler/jit/xla_gpu_device.cc:99] Not creating XLA devices, tf_xla_enable_xla_devices not set
2021-04-21 17:29:24.421855: I tensorflow/compiler/jit/xla_gpu_device.cc:99] Not creating XLA devices, tf_xla_enable_xla_devices not set
mse and spike frequency: 0.00735 2.99
[32m[I 2021-04-21 17:29:58,206][0m Trial 224 finished with values: [0.00735, 2.99] with parameters: {'Vahp': -44.5, 'Vth': -39.0, 'Vmax': 20.5, 't_ref': 4.0, 'R': 0.2, 'tau_m': 417.5, 'R_adp': 0.7000000000000001, 'tau_w': 41.0, 'a': 365.0, 'rate_low': 17.0, 'rate_high': 49.0}.[0m
2021-04-21 17:29:59.109321: I tensorflow/compiler/jit/xla_gpu_device.cc:99] Not creating XLA devices, tf_xla_enable_xla_devices not set
maxFreq at 10nA: 20.0
2021-04-21 17:30:43.329230: I tensorflow/compiler/jit/xla_gpu_device.cc:99] Not creating XLA devices, tf_xla_enable_xla_devices not set
2021-04-21 17:31:18.848840: I tensorflow/compiler/jit/xla_gpu_device.cc:99] Not creating XLA devices, tf_xla_enable_xla_devices not set
mse and spike frequency: 0.14908 1.29
[32m[I 2021-04-21 17:31:52,880][0m Trial 225 finished with values: [0.14908, 1.29] with parameters: {'Vahp': -44.5, 'Vth': -39.0, 'Vmax': 19.0, 't_ref': 6.5, 'R': 0.1, 'tau_m': 43.0, 'R_adp': 0.7000000000000001, 'tau_w': 211.5, 'a': 412.5, 'rate_low': 36.5, 'rate_high': 46.0}.[0m
2021-04-21 17:31:53.743653: I tensorflow/compiler/jit/xla_gpu_device.cc:99] Not creating XLA devices, tf_xla_enable_xla_devices not set
maxFreq at 10nA: 244.0
2021-04-21 17:32:38.226837: I tensorflow/compiler/jit/xla_gpu_device.cc:99] Not creating XLA devices, tf_xla_enable_xla_devices not set
2021-04-21 17:33:13.695521: I tensorflow/compiler/jit/xla_gpu_device.cc:99] Not creating XLA devices, tf_xla_enable_xla_devices not set
mse and spike frequency: 0.01311 5.63
[32m[I 2021-04-21 17:33:47,733][0m Trial 226 finished with values: [0.01311, 5.63] with parameters: {'Vahp': -59.0, 'Vth': -54.0, 'Vmax': 26.5, 't_ref': 1.0, 'R': 0.2, 'tau_m': 483.5, 'R_adp': 0.6, 'tau_w': 124.0, 'a': 73.5, 'rate_low': 17.0, 'rate_high': 48.0}.[0m
2021-04-21 17:33:48.617273: I tensorflow/compiler/jit/xla_gpu_device.cc:99] Not creating XLA devices, tf_xla_enable_xla_devices not set
maxFreq at 10nA: 59.0
2021-04-21 17:34:33.546557: I tensorflow/compiler/jit/xla_gpu_device.cc:99] Not creating XLA devices, tf_xla_enable_xla_devices not set
2021-04-21 17:35:09.382872: I tensorflow/compiler/jit/xla_gpu_device.cc:99] Not creating XLA devices, tf_xla_enable_xla_devices not set
mse and spike frequency: 0.3012 3.59
[32m[I 2021-04-21 17:35:43,516][0m Trial 227 finished with values: [0.3012, 3.59] with parameters: {'Vahp': -40.0, 'Vth': -22.5, 'Vmax': 16.5, 't_ref': 16.0, 'R': 0.6, 'tau_m': 219.5, 'R_adp': 0.6, 'tau_w': 378.0, 'a': 159.0, 'rate_low': 14.0, 'rate_high': 14.5}.[0m
2021-04-21 17:35:44.388113: I tensorflow/compiler/jit/xla_gpu_device.cc:99] Not creating XLA devices, tf_xla_enable_xla_devices not set
maxFreq at 10nA: 999.0
2021-04-21 17:36:29.499206: I tensorflow/compiler/jit/xla_gpu_device.cc:99] Not creating XLA devices, tf_xla_enable_xla_devices not set
