[32m[I 2021-04-21 16:12:32,519][0m Trial 182 finished with values: [0.12656, 0.0] with parameters: {'Vahp': -31.0, 'Vth': -41.5, 'Vmax': 12.0, 't_ref': 15.5, 'R': 0.1, 'tau_m': 174.5, 'rate_low': 30.0, 'rate_high': 22.0}.[0m
2021-04-21 16:12:33.257498: I tensorflow/compiler/jit/xla_gpu_device.cc:99] Not creating XLA devices, tf_xla_enable_xla_devices not set
maxFreq at 10nA: 250.0
2021-04-21 16:13:12.490065: I tensorflow/compiler/jit/xla_gpu_device.cc:99] Not creating XLA devices, tf_xla_enable_xla_devices not set
2021-04-21 16:13:41.263652: I tensorflow/compiler/jit/xla_gpu_device.cc:99] Not creating XLA devices, tf_xla_enable_xla_devices not set
mse and spike frequency: 0.00143 15.6
[32m[I 2021-04-21 16:14:08,054][0m Trial 183 finished with values: [0.00143, 15.6] with parameters: {'Vahp': -36.0, 'Vth': -30.5, 'Vmax': 12.0, 't_ref': 3.0, 'R': 0.30000000000000004, 'tau_m': 275.0, 'rate_low': 15.0, 'rate_high': 29.0}.[0m
2021-04-21 16:14:08.801013: I tensorflow/compiler/jit/xla_gpu_device.cc:99] Not creating XLA devices, tf_xla_enable_xla_devices not set
maxFreq at 10nA: 53.0
2021-04-21 16:14:48.160326: I tensorflow/compiler/jit/xla_gpu_device.cc:99] Not creating XLA devices, tf_xla_enable_xla_devices not set
2021-04-21 16:15:17.116114: I tensorflow/compiler/jit/xla_gpu_device.cc:99] Not creating XLA devices, tf_xla_enable_xla_devices not set
mse and spike frequency: 0.00283 11.06
[32m[I 2021-04-21 16:15:44,972][0m Trial 184 finished with values: [0.00283, 11.06] with parameters: {'Vahp': -43.5, 'Vth': -34.5, 'Vmax': 21.5, 't_ref': 16.5, 'R': 0.30000000000000004, 'tau_m': 377.0, 'rate_low': 26.0, 'rate_high': 50.0}.[0m
2021-04-21 16:15:45.755852: I tensorflow/compiler/jit/xla_gpu_device.cc:99] Not creating XLA devices, tf_xla_enable_xla_devices not set
maxFreq at 10nA: 334.0
2021-04-21 16:16:25.882056: I tensorflow/compiler/jit/xla_gpu_device.cc:99] Not creating XLA devices, tf_xla_enable_xla_devices not set
2021-04-21 16:16:54.833997: I tensorflow/compiler/jit/xla_gpu_device.cc:99] Not creating XLA devices, tf_xla_enable_xla_devices not set
mse and spike frequency: 0.12656 0.0
[32m[I 2021-04-21 16:17:22,672][0m Trial 185 finished with values: [0.12656, 0.0] with parameters: {'Vahp': -43.5, 'Vth': -26.5, 'Vmax': 21.5, 't_ref': 1.5, 'R': 0.8, 'tau_m': 6.5, 'rate_low': 16.5, 'rate_high': 20.0}.[0m
2021-04-21 16:17:23.465810: I tensorflow/compiler/jit/xla_gpu_device.cc:99] Not creating XLA devices, tf_xla_enable_xla_devices not set
maxFreq at 10nA: 200.0
2021-04-21 16:18:02.945782: I tensorflow/compiler/jit/xla_gpu_device.cc:99] Not creating XLA devices, tf_xla_enable_xla_devices not set
2021-04-21 16:18:32.423577: I tensorflow/compiler/jit/xla_gpu_device.cc:99] Not creating XLA devices, tf_xla_enable_xla_devices not set
mse and spike frequency: 0.00076 15.82
[32m[I 2021-04-21 16:19:00,480][0m Trial 186 finished with values: [0.00076, 15.82] with parameters: {'Vahp': -43.5, 'Vth': -34.5, 'Vmax': 31.5, 't_ref': 2.5, 'R': 0.30000000000000004, 'tau_m': 440.5, 'rate_low': 26.0, 'rate_high': 46.0}.[0m
2021-04-21 16:19:01.312605: I tensorflow/compiler/jit/xla_gpu_device.cc:99] Not creating XLA devices, tf_xla_enable_xla_devices not set
maxFreq at 10nA: 1000.0
2021-04-21 16:19:40.972061: I tensorflow/compiler/jit/xla_gpu_device.cc:99] Not creating XLA devices, tf_xla_enable_xla_devices not set
2021-04-21 16:20:10.052482: I tensorflow/compiler/jit/xla_gpu_device.cc:99] Not creating XLA devices, tf_xla_enable_xla_devices not set
mse and spike frequency: 0.12656 0.0
[32m[I 2021-04-21 16:20:37,994][0m Trial 187 finished with values: [0.12656, 0.0] with parameters: {'Vahp': -36.5, 'Vth': -56.5, 'Vmax': 23.0, 't_ref': 7.0, 'R': 0.2, 'tau_m': 470.5, 'rate_low': 26.0, 'rate_high': 35.5}.[0m
2021-04-21 16:20:38.753870: I tensorflow/compiler/jit/xla_gpu_device.cc:99] Not creating XLA devices, tf_xla_enable_xla_devices not set
maxFreq at 10nA: 1000.0
2021-04-21 16:21:18.712072: I tensorflow/compiler/jit/xla_gpu_device.cc:99] Not creating XLA devices, tf_xla_enable_xla_devices not set
2021-04-21 16:21:48.399058: I tensorflow/compiler/jit/xla_gpu_device.cc:99] Not creating XLA devices, tf_xla_enable_xla_devices not set
mse and spike frequency: 0.12656 0.0
[32m[I 2021-04-21 16:22:16,886][0m Trial 188 finished with values: [0.12656, 0.0] with parameters: {'Vahp': -36.5, 'Vth': -56.0, 'Vmax': 35.0, 't_ref': 17.0, 'R': 0.6, 'tau_m': 469.0, 'rate_low': 5.0, 'rate_high': 44.0}.[0m
2021-04-21 16:22:17.661508: I tensorflow/compiler/jit/xla_gpu_device.cc:99] Not creating XLA devices, tf_xla_enable_xla_devices not set
maxFreq at 10nA: 67.0
2021-04-21 16:22:57.503598: I tensorflow/compiler/jit/xla_gpu_device.cc:99] Not creating XLA devices, tf_xla_enable_xla_devices not set
2021-04-21 16:23:26.890311: I tensorflow/compiler/jit/xla_gpu_device.cc:99] Not creating XLA devices, tf_xla_enable_xla_devices not set
mse and spike frequency: 0.00321 6.93
[32m[I 2021-04-21 16:23:55,444][0m Trial 189 finished with values: [0.00321, 6.93] with parameters: {'Vahp': -48.0, 'Vth': -21.0, 'Vmax': 36.5, 't_ref': 12.5, 'R': 1.0, 'tau_m': 398.0, 'rate_low': 11.0, 'rate_high': 17.5}.[0m
2021-04-21 16:23:56.270299: I tensorflow/compiler/jit/xla_gpu_device.cc:99] Not creating XLA devices, tf_xla_enable_xla_devices not set
maxFreq at 10nA: 100.0
2021-04-21 16:24:36.807110: I tensorflow/compiler/jit/xla_gpu_device.cc:99] Not creating XLA devices, tf_xla_enable_xla_devices not set
2021-04-21 16:25:06.798558: I tensorflow/compiler/jit/xla_gpu_device.cc:99] Not creating XLA devices, tf_xla_enable_xla_devices not set
mse and spike frequency: 0.00231 10.64
[32m[I 2021-04-21 16:25:35,783][0m Trial 190 finished with values: [0.00231, 10.64] with parameters: {'Vahp': -59.0, 'Vth': -30.0, 'Vmax': 14.0, 't_ref': 7.5, 'R': 0.1, 'tau_m': 67.5, 'rate_low': 38.5, 'rate_high': 42.5}.[0m
2021-04-21 16:25:36.626842: I tensorflow/compiler/jit/xla_gpu_device.cc:99] Not creating XLA devices, tf_xla_enable_xla_devices not set
maxFreq at 10nA: 998.0
2021-04-21 16:26:17.145379: I tensorflow/compiler/jit/xla_gpu_device.cc:99] Not creating XLA devices, tf_xla_enable_xla_devices not set
2021-04-21 16:26:47.356880: I tensorflow/compiler/jit/xla_gpu_device.cc:99] Not creating XLA devices, tf_xla_enable_xla_devices not set
mse and spike frequency: 0.12656 0.0
[32m[I 2021-04-21 16:27:16,423][0m Trial 191 finished with values: [0.12656, 0.0] with parameters: {'Vahp': -22.5, 'Vth': -45.5, 'Vmax': 24.0, 't_ref': 2.5, 'R': 0.2, 'tau_m': 420.5, 'rate_low': 5.0, 'rate_high': 13.5}.[0m
2021-04-21 16:27:17.254683: I tensorflow/compiler/jit/xla_gpu_device.cc:99] Not creating XLA devices, tf_xla_enable_xla_devices not set
maxFreq at 10nA: 999.0
2021-04-21 16:27:57.718495: I tensorflow/compiler/jit/xla_gpu_device.cc:99] Not creating XLA devices, tf_xla_enable_xla_devices not set
2021-04-21 16:28:27.913252: I tensorflow/compiler/jit/xla_gpu_device.cc:99] Not creating XLA devices, tf_xla_enable_xla_devices not set
mse and spike frequency: 0.12656 0.0
[32m[I 2021-04-21 16:28:57,132][0m Trial 192 finished with values: [0.12656, 0.0] with parameters: {'Vahp': -29.5, 'Vth': -34.5, 'Vmax': 37.5, 't_ref': 3.0, 'R': 0.7000000000000001, 'tau_m': 432.0, 'rate_low': 2.0, 'rate_high': 5.5}.[0m
2021-04-21 16:28:58.040494: I tensorflow/compiler/jit/xla_gpu_device.cc:99] Not creating XLA devices, tf_xla_enable_xla_devices not set
maxFreq at 10nA: 1000.0
2021-04-21 16:29:38.892025: I tensorflow/compiler/jit/xla_gpu_device.cc:99] Not creating XLA devices, tf_xla_enable_xla_devices not set
2021-04-21 16:30:09.512053: I tensorflow/compiler/jit/xla_gpu_device.cc:99] Not creating XLA devices, tf_xla_enable_xla_devices not set
mse and spike frequency: 0.12656 0.0
[32m[I 2021-04-21 16:30:39,333][0m Trial 193 finished with values: [0.12656, 0.0] with parameters: {'Vahp': -40.5, 'Vth': -52.5, 'Vmax': 35.0, 't_ref': 11.5, 'R': 0.6, 'tau_m': 461.5, 'rate_low': 5.0, 'rate_high': 49.5}.[0m
2021-04-21 16:30:40.180790: I tensorflow/compiler/jit/xla_gpu_device.cc:99] Not creating XLA devices, tf_xla_enable_xla_devices not set
maxFreq at 10nA: 59.0
2021-04-21 16:31:20.952762: I tensorflow/compiler/jit/xla_gpu_device.cc:99] Not creating XLA devices, tf_xla_enable_xla_devices not set
2021-04-21 16:31:51.545076: I tensorflow/compiler/jit/xla_gpu_device.cc:99] Not creating XLA devices, tf_xla_enable_xla_devices not set
mse and spike frequency: 0.00275 7.8
[32m[I 2021-04-21 16:32:21,035][0m Trial 194 finished with values: [0.00275, 7.8] with parameters: {'Vahp': -60.0, 'Vth': -28.5, 'Vmax': 27.5, 't_ref': 14.5, 'R': 0.9, 'tau_m': 411.0, 'rate_low': 16.5, 'rate_high': 27.5}.[0m
2021-04-21 16:32:21.900276: I tensorflow/compiler/jit/xla_gpu_device.cc:99] Not creating XLA devices, tf_xla_enable_xla_devices not set
maxFreq at 10nA: 999.0
2021-04-21 16:33:02.397204: I tensorflow/compiler/jit/xla_gpu_device.cc:99] Not creating XLA devices, tf_xla_enable_xla_devices not set
2021-04-21 16:33:33.922850: I tensorflow/compiler/jit/xla_gpu_device.cc:99] Not creating XLA devices, tf_xla_enable_xla_devices not set
mse and spike frequency: 0.12656 0.0
[32m[I 2021-04-21 16:34:03,015][0m Trial 195 finished with values: [0.12656, 0.0] with parameters: {'Vahp': -31.5, 'Vth': -49.5, 'Vmax': 23.0, 't_ref': 5.0, 'R': 0.30000000000000004, 'tau_m': 461.5, 'rate_low': 26.0, 'rate_high': 30.0}.[0m
2021-04-21 16:34:03.902084: I tensorflow/compiler/jit/xla_gpu_device.cc:99] Not creating XLA devices, tf_xla_enable_xla_devices not set
maxFreq at 10nA: 72.0
2021-04-21 16:34:44.060511: I tensorflow/compiler/jit/xla_gpu_device.cc:99] Not creating XLA devices, tf_xla_enable_xla_devices not set
2021-04-21 16:35:15.386325: I tensorflow/compiler/jit/xla_gpu_device.cc:99] Not creating XLA devices, tf_xla_enable_xla_devices not set
mse and spike frequency: 0.00293 7.92
[32m[I 2021-04-21 16:35:44,696][0m Trial 196 finished with values: [0.00293, 7.92] with parameters: {'Vahp': -56.0, 'Vth': -37.0, 'Vmax': 36.5, 't_ref': 12.5, 'R': 0.6, 'tau_m': 156.0, 'rate_low': 4.0, 'rate_high': 34.5}.[0m
2021-04-21 16:35:45.645290: I tensorflow/compiler/jit/xla_gpu_device.cc:99] Not creating XLA devices, tf_xla_enable_xla_devices not set
maxFreq at 10nA: 84.0
2021-04-21 16:36:25.413346: I tensorflow/compiler/jit/xla_gpu_device.cc:99] Not creating XLA devices, tf_xla_enable_xla_devices not set
2021-04-21 16:36:56.687722: I tensorflow/compiler/jit/xla_gpu_device.cc:99] Not creating XLA devices, tf_xla_enable_xla_devices not set
mse and spike frequency: 0.00236 14.09
[32m[I 2021-04-21 16:37:25,625][0m Trial 197 finished with values: [0.00236, 14.09] with parameters: {'Vahp': -39.0, 'Vth': -31.0, 'Vmax': 22.5, 't_ref': 11.0, 'R': 0.4, 'tau_m': 265.0, 'rate_low': 14.5, 'rate_high': 44.0}.[0m
2021-04-21 16:37:26.431472: I tensorflow/compiler/jit/xla_gpu_device.cc:99] Not creating XLA devices, tf_xla_enable_xla_devices not set
maxFreq at 10nA: 1000.0
2021-04-21 16:38:05.796042: I tensorflow/compiler/jit/xla_gpu_device.cc:99] Not creating XLA devices, tf_xla_enable_xla_devices not set
2021-04-21 16:38:36.593470: I tensorflow/compiler/jit/xla_gpu_device.cc:99] Not creating XLA devices, tf_xla_enable_xla_devices not set
mse and spike frequency: 0.12656 0.0
[32m[I 2021-04-21 16:39:05,848][0m Trial 198 finished with values: [0.12656, 0.0] with parameters: {'Vahp': -36.0, 'Vth': -41.5, 'Vmax': 14.0, 't_ref': 16.5, 'R': 0.4, 'tau_m': 67.5, 'rate_low': 15.0, 'rate_high': 22.0}.[0m
2021-04-21 16:39:06.653041: I tensorflow/compiler/jit/xla_gpu_device.cc:99] Not creating XLA devices, tf_xla_enable_xla_devices not set
maxFreq at 10nA: 1000.0
2021-04-21 16:39:46.651657: I tensorflow/compiler/jit/xla_gpu_device.cc:99] Not creating XLA devices, tf_xla_enable_xla_devices not set
2021-04-21 16:40:17.899166: I tensorflow/compiler/jit/xla_gpu_device.cc:99] Not creating XLA devices, tf_xla_enable_xla_devices not set
mse and spike frequency: 0.12656 0.0
[32m[I 2021-04-21 16:40:47,977][0m Trial 199 finished with values: [0.12656, 0.0] with parameters: {'Vahp': -23.5, 'Vth': -48.5, 'Vmax': 15.5, 't_ref': 3.0, 'R': 0.5, 'tau_m': 17.5, 'rate_low': 16.0, 'rate_high': 30.5}.[0m
2021-04-21 16:40:48.801578: I tensorflow/compiler/jit/xla_gpu_device.cc:99] Not creating XLA devices, tf_xla_enable_xla_devices not set
maxFreq at 10nA: 77.0
2021-04-21 16:41:28.875717: I tensorflow/compiler/jit/xla_gpu_device.cc:99] Not creating XLA devices, tf_xla_enable_xla_devices not set
2021-04-21 16:42:00.051481: I tensorflow/compiler/jit/xla_gpu_device.cc:99] Not creating XLA devices, tf_xla_enable_xla_devices not set
mse and spike frequency: 0.20574 0.4
[32m[I 2021-04-21 16:42:30,684][0m Trial 200 finished with values: [0.20574, 0.4] with parameters: {'Vahp': -41.5, 'Vth': -33.0, 'Vmax': 15.5, 't_ref': 11.5, 'R': 0.2, 'tau_m': 13.5, 'rate_low': 16.5, 'rate_high': 49.5}.[0m
2021-04-21 16:42:31.501856: I tensorflow/compiler/jit/xla_gpu_device.cc:99] Not creating XLA devices, tf_xla_enable_xla_devices not set
maxFreq at 10nA: 1000.0
2021-04-21 16:43:12.025990: I tensorflow/compiler/jit/xla_gpu_device.cc:99] Not creating XLA devices, tf_xla_enable_xla_devices not set
2021-04-21 16:43:43.671187: I tensorflow/compiler/jit/xla_gpu_device.cc:99] Not creating XLA devices, tf_xla_enable_xla_devices not set
mse and spike frequency: 0.12656 0.0
[32m[I 2021-04-21 16:44:15,677][0m Trial 201 finished with values: [0.12656, 0.0] with parameters: {'Vahp': -37.0, 'Vth': -52.5, 'Vmax': 23.0, 't_ref': 7.0, 'R': 0.30000000000000004, 'tau_m': 437.5, 'rate_low': 26.0, 'rate_high': 46.0}.[0m
2021-04-21 16:44:16.485857: I tensorflow/compiler/jit/xla_gpu_device.cc:99] Not creating XLA devices, tf_xla_enable_xla_devices not set
maxFreq at 10nA: 1000.0
2021-04-21 16:44:57.593979: I tensorflow/compiler/jit/xla_gpu_device.cc:99] Not creating XLA devices, tf_xla_enable_xla_devices not set
2021-04-21 16:45:29.509461: I tensorflow/compiler/jit/xla_gpu_device.cc:99] Not creating XLA devices, tf_xla_enable_xla_devices not set
mse and spike frequency: 0.12656 0.0
[32m[I 2021-04-21 16:46:01,252][0m Trial 202 finished with values: [0.12656, 0.0] with parameters: {'Vahp': -41.5, 'Vth': -45.5, 'Vmax': 15.5, 't_ref': 1.5, 'R': 0.8, 'tau_m': 13.5, 'rate_low': 16.5, 'rate_high': 50.0}.[0m
2021-04-21 16:46:02.070098: I tensorflow/compiler/jit/xla_gpu_device.cc:99] Not creating XLA devices, tf_xla_enable_xla_devices not set
maxFreq at 10nA: 35.0
2021-04-21 16:46:42.712565: I tensorflow/compiler/jit/xla_gpu_device.cc:99] Not creating XLA devices, tf_xla_enable_xla_devices not set
2021-04-21 16:47:15.213483: I tensorflow/compiler/jit/xla_gpu_device.cc:99] Not creating XLA devices, tf_xla_enable_xla_devices not set
mse and spike frequency: 0.09741 0.41
[32m[I 2021-04-21 16:47:46,720][0m Trial 203 finished with values: [0.09741, 0.41] with parameters: {'Vahp': -56.0, 'Vth': -31.0, 'Vmax': 40.0, 't_ref': 15.5, 'R': 0.1, 'tau_m': 483.0, 'rate_low': 11.0, 'rate_high': 35.5}.[0m
2021-04-21 16:47:47.561512: I tensorflow/compiler/jit/xla_gpu_device.cc:99] Not creating XLA devices, tf_xla_enable_xla_devices not set
maxFreq at 10nA: 1000.0
2021-04-21 16:48:28.623130: I tensorflow/compiler/jit/xla_gpu_device.cc:99] Not creating XLA devices, tf_xla_enable_xla_devices not set
2021-04-21 16:49:00.509012: I tensorflow/compiler/jit/xla_gpu_device.cc:99] Not creating XLA devices, tf_xla_enable_xla_devices not set
mse and spike frequency: 0.12656 0.0
[32m[I 2021-04-21 16:49:32,766][0m Trial 204 finished with values: [0.12656, 0.0] with parameters: {'Vahp': -24.0, 'Vth': -42.5, 'Vmax': 31.5, 't_ref': 10.0, 'R': 0.7000000000000001, 'tau_m': 265.0, 'rate_low': 4.0, 'rate_high': 14.0}.[0m
2021-04-21 16:49:33.602730: I tensorflow/compiler/jit/xla_gpu_device.cc:99] Not creating XLA devices, tf_xla_enable_xla_devices not set
maxFreq at 10nA: 1000.0
2021-04-21 16:50:15.409656: I tensorflow/compiler/jit/xla_gpu_device.cc:99] Not creating XLA devices, tf_xla_enable_xla_devices not set
2021-04-21 16:50:47.577874: I tensorflow/compiler/jit/xla_gpu_device.cc:99] Not creating XLA devices, tf_xla_enable_xla_devices not set
mse and spike frequency: 0.12656 0.0
[32m[I 2021-04-21 16:51:19,440][0m Trial 205 finished with values: [0.12656, 0.0] with parameters: {'Vahp': -31.0, 'Vth': -56.0, 'Vmax': 30.0, 't_ref': 16.5, 'R': 0.7000000000000001, 'tau_m': 174.5, 'rate_low': 30.0, 'rate_high': 40.5}.[0m
2021-04-21 16:51:20.274069: I tensorflow/compiler/jit/xla_gpu_device.cc:99] Not creating XLA devices, tf_xla_enable_xla_devices not set
maxFreq at 10nA: 333.0
2021-04-21 16:52:01.800635: I tensorflow/compiler/jit/xla_gpu_device.cc:99] Not creating XLA devices, tf_xla_enable_xla_devices not set
2021-04-21 16:52:34.148243: I tensorflow/compiler/jit/xla_gpu_device.cc:99] Not creating XLA devices, tf_xla_enable_xla_devices not set
mse and spike frequency: 0.00222 3.57
[32m[I 2021-04-21 16:53:06,682][0m Trial 206 finished with values: [0.00222, 3.57] with parameters: {'Vahp': -54.0, 'Vth': -30.5, 'Vmax': 24.0, 't_ref': 0.5, 'R': 0.5, 'tau_m': 420.5, 'rate_low': 5.0, 'rate_high': 32.0}.[0m
2021-04-21 16:53:07.543987: I tensorflow/compiler/jit/xla_gpu_device.cc:99] Not creating XLA devices, tf_xla_enable_xla_devices not set
maxFreq at 10nA: 112.0
2021-04-21 16:53:49.463506: I tensorflow/compiler/jit/xla_gpu_device.cc:99] Not creating XLA devices, tf_xla_enable_xla_devices not set
2021-04-21 16:54:21.372634: I tensorflow/compiler/jit/xla_gpu_device.cc:99] Not creating XLA devices, tf_xla_enable_xla_devices not set
mse and spike frequency: 0.12656 0.0
[32m[I 2021-04-21 16:54:53,739][0m Trial 207 finished with values: [0.12656, 0.0] with parameters: {'Vahp': -59.0, 'Vth': -31.0, 'Vmax': 36.5, 't_ref': 7.5, 'R': 0.9, 'tau_m': 14.5, 'rate_low': 14.5, 'rate_high': 34.5}.[0m
2021-04-21 16:54:54.546476: I tensorflow/compiler/jit/xla_gpu_device.cc:99] Not creating XLA devices, tf_xla_enable_xla_devices not set
maxFreq at 10nA: 167.0
2021-04-21 16:55:37.211156: I tensorflow/compiler/jit/xla_gpu_device.cc:99] Not creating XLA devices, tf_xla_enable_xla_devices not set
2021-04-21 16:56:09.161633: I tensorflow/compiler/jit/xla_gpu_device.cc:99] Not creating XLA devices, tf_xla_enable_xla_devices not set
mse and spike frequency: 0.00354 19.31
[32m[I 2021-04-21 16:56:41,305][0m Trial 208 finished with values: [0.00354, 19.31] with parameters: {'Vahp': -31.5, 'Vth': -28.5, 'Vmax': 23.0, 't_ref': 5.0, 'R': 0.30000000000000004, 'tau_m': 41.0, 'rate_low': 25.0, 'rate_high': 30.0}.[0m
2021-04-21 16:56:42.108393: I tensorflow/compiler/jit/xla_gpu_device.cc:99] Not creating XLA devices, tf_xla_enable_xla_devices not set
maxFreq at 10nA: 999.0
2021-04-21 16:57:24.650186: I tensorflow/compiler/jit/xla_gpu_device.cc:99] Not creating XLA devices, tf_xla_enable_xla_devices not set
2021-04-21 16:57:57.058966: I tensorflow/compiler/jit/xla_gpu_device.cc:99] Not creating XLA devices, tf_xla_enable_xla_devices not set
mse and spike frequency: 0.12656 0.0
[32m[I 2021-04-21 16:58:29,301][0m Trial 209 finished with values: [0.12656, 0.0] with parameters: {'Vahp': -31.5, 'Vth': -46.0, 'Vmax': 23.0, 't_ref': 19.0, 'R': 0.30000000000000004, 'tau_m': 275.0, 'rate_low': 26.0, 'rate_high': 22.0}.[0m
2021-04-21 16:58:30.131072: I tensorflow/compiler/jit/xla_gpu_device.cc:99] Not creating XLA devices, tf_xla_enable_xla_devices not set
maxFreq at 10nA: 998.0
2021-04-21 16:59:13.034948: I tensorflow/compiler/jit/xla_gpu_device.cc:99] Not creating XLA devices, tf_xla_enable_xla_devices not set
2021-04-21 16:59:45.215637: I tensorflow/compiler/jit/xla_gpu_device.cc:99] Not creating XLA devices, tf_xla_enable_xla_devices not set
mse and spike frequency: 0.12656 0.0
[32m[I 2021-04-21 17:00:17,620][0m Trial 210 finished with values: [0.12656, 0.0] with parameters: {'Vahp': -37.0, 'Vth': -48.5, 'Vmax': 39.0, 't_ref': 3.5, 'R': 0.2, 'tau_m': 411.0, 'rate_low': 36.5, 'rate_high': 2.5}.[0m
2021-04-21 17:00:18.474784: I tensorflow/compiler/jit/xla_gpu_device.cc:99] Not creating XLA devices, tf_xla_enable_xla_devices not set
maxFreq at 10nA: 1000.0
2021-04-21 17:01:00.997430: I tensorflow/compiler/jit/xla_gpu_device.cc:99] Not creating XLA devices, tf_xla_enable_xla_devices not set
2021-04-21 17:01:33.085948: I tensorflow/compiler/jit/xla_gpu_device.cc:99] Not creating XLA devices, tf_xla_enable_xla_devices not set
mse and spike frequency: 0.12656 0.0
[32m[I 2021-04-21 17:02:05,630][0m Trial 211 finished with values: [0.12656, 0.0] with parameters: {'Vahp': -36.5, 'Vth': -56.0, 'Vmax': 24.5, 't_ref': 17.0, 'R': 0.6, 'tau_m': 6.5, 'rate_low': 5.0, 'rate_high': 42.5}.[0m
2021-04-21 17:02:06.592808: I tensorflow/compiler/jit/xla_gpu_device.cc:99] Not creating XLA devices, tf_xla_enable_xla_devices not set
maxFreq at 10nA: 1000.0
2021-04-21 17:02:50.231010: I tensorflow/compiler/jit/xla_gpu_device.cc:99] Not creating XLA devices, tf_xla_enable_xla_devices not set
2021-04-21 17:03:23.752554: I tensorflow/compiler/jit/xla_gpu_device.cc:99] Not creating XLA devices, tf_xla_enable_xla_devices not set
mse and spike frequency: 0.12656 0.0
[32m[I 2021-04-21 17:03:56,244][0m Trial 212 finished with values: [0.12656, 0.0] with parameters: {'Vahp': -41.5, 'Vth': -42.5, 'Vmax': 40.0, 't_ref': 3.5, 'R': 0.30000000000000004, 'tau_m': 126.5, 'rate_low': 25.0, 'rate_high': 35.5}.[0m
2021-04-21 17:03:57.213393: I tensorflow/compiler/jit/xla_gpu_device.cc:99] Not creating XLA devices, tf_xla_enable_xla_devices not set
maxFreq at 10nA: 998.0
2021-04-21 17:04:40.435459: I tensorflow/compiler/jit/xla_gpu_device.cc:99] Not creating XLA devices, tf_xla_enable_xla_devices not set
2021-04-21 17:05:13.387610: I tensorflow/compiler/jit/xla_gpu_device.cc:99] Not creating XLA devices, tf_xla_enable_xla_devices not set
mse and spike frequency: 0.12656 0.0
