2021-04-21 13:09:33.329226: I tensorflow/stream_executor/platform/default/dso_loader.cc:49] Successfully opened dynamic library libcudart.so.11.0
Build finished in 0:00:01.                                                      
Simulation finished in 0:00:01.                                                 
[32m[I 2021-04-21 13:09:35,803][0m A new study created in memory with name: no-name-07cafb82-d341-4f40-96e9-3862f76e8f8c[0m
2021-04-21 13:09:35.976915: I tensorflow/compiler/jit/xla_cpu_device.cc:41] Not creating XLA devices, tf_xla_enable_xla_devices not set
2021-04-21 13:09:35.977782: I tensorflow/stream_executor/platform/default/dso_loader.cc:49] Successfully opened dynamic library libcuda.so.1
2021-04-21 13:09:36.935069: E tensorflow/stream_executor/cuda/cuda_driver.cc:328] failed call to cuInit: CUDA_ERROR_NO_DEVICE: no CUDA-capable device is detected
2021-04-21 13:09:36.935132: I tensorflow/stream_executor/cuda/cuda_diagnostics.cc:169] retrieving CUDA diagnostic information for host: comparch-t640
2021-04-21 13:09:36.935141: I tensorflow/stream_executor/cuda/cuda_diagnostics.cc:176] hostname: comparch-t640
2021-04-21 13:09:36.935303: I tensorflow/stream_executor/cuda/cuda_diagnostics.cc:200] libcuda reported version is: 450.66.0
2021-04-21 13:09:36.935337: I tensorflow/stream_executor/cuda/cuda_diagnostics.cc:204] kernel reported version is: 450.66.0
2021-04-21 13:09:36.935345: I tensorflow/stream_executor/cuda/cuda_diagnostics.cc:310] kernel version seems to match DSO: 450.66.0
2021-04-21 13:09:36.935677: I tensorflow/core/platform/cpu_feature_guard.cc:142] This TensorFlow binary is optimized with oneAPI Deep Neural Network Library (oneDNN) to use the following CPU instructions in performance-critical operations:  AVX2 AVX512F FMA
To enable them in other operations, rebuild TensorFlow with the appropriate compiler flags.
2021-04-21 13:09:36.937809: I tensorflow/compiler/jit/xla_gpu_device.cc:99] Not creating XLA devices, tf_xla_enable_xla_devices not set
2021-04-21 13:09:36.951117: I tensorflow/compiler/mlir/mlir_graph_optimization_pass.cc:196] None of the MLIR optimization passes are enabled (registered 0 passes)
2021-04-21 13:09:36.957590: I tensorflow/core/platform/profile_utils/cpu_utils.cc:112] CPU Frequency: 2100000000 Hz
maxFreq at 10nA: 167.0
2021-04-21 13:09:51.710095: I tensorflow/compiler/jit/xla_gpu_device.cc:99] Not creating XLA devices, tf_xla_enable_xla_devices not set
2021-04-21 13:09:58.207204: I tensorflow/compiler/jit/xla_gpu_device.cc:99] Not creating XLA devices, tf_xla_enable_xla_devices not set
mse and spike frequency: 0.00173 33.54
[32m[I 2021-04-21 13:10:04,640][0m Trial 0 finished with values: [0.00173, 33.54] with parameters: {'Vahp': -43.0, 'Vth': -27.0, 'Vmax': 26.5, 't_ref': 5.0, 'R': 0.8, 'tau_m': 129.5, 'rate_low': 21.0, 'rate_high': 48.5}.[0m
2021-04-21 13:10:04.985635: I tensorflow/compiler/jit/xla_gpu_device.cc:99] Not creating XLA devices, tf_xla_enable_xla_devices not set
maxFreq at 10nA: 72.0
2021-04-21 13:10:20.250865: I tensorflow/compiler/jit/xla_gpu_device.cc:99] Not creating XLA devices, tf_xla_enable_xla_devices not set
2021-04-21 13:10:26.778823: I tensorflow/compiler/jit/xla_gpu_device.cc:99] Not creating XLA devices, tf_xla_enable_xla_devices not set
mse and spike frequency: 0.00242 12.23
[32m[I 2021-04-21 13:10:33,080][0m Trial 1 finished with values: [0.00242, 12.23] with parameters: {'Vahp': -46.0, 'Vth': -34.0, 'Vmax': 33.5, 't_ref': 13.0, 'R': 1.0, 'tau_m': 449.0, 'rate_low': 9.5, 'rate_high': 43.5}.[0m
2021-04-21 13:10:33.407091: I tensorflow/compiler/jit/xla_gpu_device.cc:99] Not creating XLA devices, tf_xla_enable_xla_devices not set
maxFreq at 10nA: 1000.0
2021-04-21 13:10:49.057814: I tensorflow/compiler/jit/xla_gpu_device.cc:99] Not creating XLA devices, tf_xla_enable_xla_devices not set
2021-04-21 13:10:55.838159: I tensorflow/compiler/jit/xla_gpu_device.cc:99] Not creating XLA devices, tf_xla_enable_xla_devices not set
mse and spike frequency: 0.12656 0.0
[32m[I 2021-04-21 13:11:02,529][0m Trial 2 finished with values: [0.12656, 0.0] with parameters: {'Vahp': -22.5, 'Vth': -45.5, 'Vmax': 24.0, 't_ref': 7.5, 'R': 0.6, 'tau_m': 431.0, 'rate_low': 33.0, 'rate_high': 40.5}.[0m
2021-04-21 13:11:02.837644: I tensorflow/compiler/jit/xla_gpu_device.cc:99] Not creating XLA devices, tf_xla_enable_xla_devices not set
maxFreq at 10nA: 1000.0
2021-04-21 13:11:18.428040: I tensorflow/compiler/jit/xla_gpu_device.cc:99] Not creating XLA devices, tf_xla_enable_xla_devices not set
2021-04-21 13:11:25.222395: I tensorflow/compiler/jit/xla_gpu_device.cc:99] Not creating XLA devices, tf_xla_enable_xla_devices not set
mse and spike frequency: 0.12656 0.0
[32m[I 2021-04-21 13:11:31,699][0m Trial 3 finished with values: [0.12656, 0.0] with parameters: {'Vahp': -52.0, 'Vth': -54.0, 'Vmax': 16.0, 't_ref': 14.5, 'R': 0.5, 'tau_m': 100.5, 'rate_low': 2.0, 'rate_high': 3.0}.[0m
2021-04-21 13:11:32.014234: I tensorflow/compiler/jit/xla_gpu_device.cc:99] Not creating XLA devices, tf_xla_enable_xla_devices not set
maxFreq at 10nA: 1000.0
2021-04-21 13:11:47.629294: I tensorflow/compiler/jit/xla_gpu_device.cc:99] Not creating XLA devices, tf_xla_enable_xla_devices not set
2021-04-21 13:11:54.315094: I tensorflow/compiler/jit/xla_gpu_device.cc:99] Not creating XLA devices, tf_xla_enable_xla_devices not set
mse and spike frequency: 0.12656 0.0
[32m[I 2021-04-21 13:12:00,796][0m Trial 4 finished with values: [0.12656, 0.0] with parameters: {'Vahp': -25.5, 'Vth': -42.0, 'Vmax': 21.5, 't_ref': 5.0, 'R': 0.7000000000000001, 'tau_m': 13.5, 'rate_low': 3.0, 'rate_high': 18.0}.[0m
2021-04-21 13:12:01.114954: I tensorflow/compiler/jit/xla_gpu_device.cc:99] Not creating XLA devices, tf_xla_enable_xla_devices not set
maxFreq at 10nA: 249.0
2021-04-21 13:12:17.868149: I tensorflow/compiler/jit/xla_gpu_device.cc:99] Not creating XLA devices, tf_xla_enable_xla_devices not set
2021-04-21 13:12:24.061522: I tensorflow/compiler/jit/xla_gpu_device.cc:99] Not creating XLA devices, tf_xla_enable_xla_devices not set
mse and spike frequency: 0.00072 7.97
[32m[I 2021-04-21 13:12:30,369][0m Trial 5 finished with values: [0.00072, 7.97] with parameters: {'Vahp': -43.5, 'Vth': -34.5, 'Vmax': 21.5, 't_ref': 1.5, 'R': 0.2, 'tau_m': 377.0, 'rate_low': 16.5, 'rate_high': 46.0}.[0m
2021-04-21 13:12:30.850088: I tensorflow/compiler/jit/xla_gpu_device.cc:99] Not creating XLA devices, tf_xla_enable_xla_devices not set
maxFreq at 10nA: 67.0
2021-04-21 13:12:48.488396: I tensorflow/compiler/jit/xla_gpu_device.cc:99] Not creating XLA devices, tf_xla_enable_xla_devices not set
2021-04-21 13:12:54.579289: I tensorflow/compiler/jit/xla_gpu_device.cc:99] Not creating XLA devices, tf_xla_enable_xla_devices not set
mse and spike frequency: 0.00354 13.31
[32m[I 2021-04-21 13:13:00,851][0m Trial 6 finished with values: [0.00354, 13.31] with parameters: {'Vahp': -45.0, 'Vth': -43.0, 'Vmax': 14.5, 't_ref': 14.0, 'R': 0.1, 'tau_m': 392.5, 'rate_low': 32.5, 'rate_high': 41.5}.[0m
2021-04-21 13:13:01.323951: I tensorflow/compiler/jit/xla_gpu_device.cc:99] Not creating XLA devices, tf_xla_enable_xla_devices not set
maxFreq at 10nA: 143.0
2021-04-21 13:13:18.832254: I tensorflow/compiler/jit/xla_gpu_device.cc:99] Not creating XLA devices, tf_xla_enable_xla_devices not set
2021-04-21 13:13:25.324740: I tensorflow/compiler/jit/xla_gpu_device.cc:99] Not creating XLA devices, tf_xla_enable_xla_devices not set
mse and spike frequency: 0.00179 28.31
[32m[I 2021-04-21 13:13:31,732][0m Trial 7 finished with values: [0.00179, 28.31] with parameters: {'Vahp': -35.5, 'Vth': -30.5, 'Vmax': 12.0, 't_ref': 6.0, 'R': 0.30000000000000004, 'tau_m': 306.5, 'rate_low': 34.0, 'rate_high': 39.0}.[0m
2021-04-21 13:13:32.195500: I tensorflow/compiler/jit/xla_gpu_device.cc:99] Not creating XLA devices, tf_xla_enable_xla_devices not set
maxFreq at 10nA: 1000.0
2021-04-21 13:13:49.844622: I tensorflow/compiler/jit/xla_gpu_device.cc:99] Not creating XLA devices, tf_xla_enable_xla_devices not set
2021-04-21 13:13:56.437445: I tensorflow/compiler/jit/xla_gpu_device.cc:99] Not creating XLA devices, tf_xla_enable_xla_devices not set
mse and spike frequency: 0.12656 0.0
[32m[I 2021-04-21 13:14:02,849][0m Trial 8 finished with values: [0.12656, 0.0] with parameters: {'Vahp': -51.0, 'Vth': -56.0, 'Vmax': 11.5, 't_ref': 17.0, 'R': 0.9, 'tau_m': 287.5, 'rate_low': 27.5, 'rate_high': 44.0}.[0m
2021-04-21 13:14:03.308371: I tensorflow/compiler/jit/xla_gpu_device.cc:99] Not creating XLA devices, tf_xla_enable_xla_devices not set
maxFreq at 10nA: 1000.0
2021-04-21 13:14:21.025846: I tensorflow/compiler/jit/xla_gpu_device.cc:99] Not creating XLA devices, tf_xla_enable_xla_devices not set
2021-04-21 13:14:27.744986: I tensorflow/compiler/jit/xla_gpu_device.cc:99] Not creating XLA devices, tf_xla_enable_xla_devices not set
mse and spike frequency: 0.12656 0.0
[32m[I 2021-04-21 13:14:34,153][0m Trial 9 finished with values: [0.12656, 0.0] with parameters: {'Vahp': -41.5, 'Vth': -46.0, 'Vmax': 11.0, 't_ref': 12.5, 'R': 0.30000000000000004, 'tau_m': 190.0, 'rate_low': 26.0, 'rate_high': 48.5}.[0m
2021-04-21 13:14:34.579016: I tensorflow/compiler/jit/xla_gpu_device.cc:99] Not creating XLA devices, tf_xla_enable_xla_devices not set
maxFreq at 10nA: 72.0
2021-04-21 13:14:52.644409: I tensorflow/compiler/jit/xla_gpu_device.cc:99] Not creating XLA devices, tf_xla_enable_xla_devices not set
2021-04-21 13:14:59.454958: I tensorflow/compiler/jit/xla_gpu_device.cc:99] Not creating XLA devices, tf_xla_enable_xla_devices not set
mse and spike frequency: 0.00246 15.76
[32m[I 2021-04-21 13:15:05,568][0m Trial 10 finished with values: [0.00246, 15.76] with parameters: {'Vahp': -56.0, 'Vth': -36.0, 'Vmax': 32.5, 't_ref': 12.5, 'R': 0.4, 'tau_m': 174.5, 'rate_low': 30.0, 'rate_high': 43.0}.[0m
2021-04-21 13:15:05.942949: I tensorflow/compiler/jit/xla_gpu_device.cc:99] Not creating XLA devices, tf_xla_enable_xla_devices not set
maxFreq at 10nA: 1000.0
2021-04-21 13:15:24.061495: I tensorflow/compiler/jit/xla_gpu_device.cc:99] Not creating XLA devices, tf_xla_enable_xla_devices not set
2021-04-21 13:15:31.153473: I tensorflow/compiler/jit/xla_gpu_device.cc:99] Not creating XLA devices, tf_xla_enable_xla_devices not set
mse and spike frequency: 0.12656 0.0
[32m[I 2021-04-21 13:15:37,170][0m Trial 11 finished with values: [0.12656, 0.0] with parameters: {'Vahp': -48.0, 'Vth': -53.5, 'Vmax': 35.0, 't_ref': 8.0, 'R': 0.2, 'tau_m': 389.5, 'rate_low': 42.5, 'rate_high': 43.0}.[0m
2021-04-21 13:15:37.581084: I tensorflow/compiler/jit/xla_gpu_device.cc:99] Not creating XLA devices, tf_xla_enable_xla_devices not set
maxFreq at 10nA: 1000.0
2021-04-21 13:15:56.160751: I tensorflow/compiler/jit/xla_gpu_device.cc:99] Not creating XLA devices, tf_xla_enable_xla_devices not set
2021-04-21 13:16:03.068887: I tensorflow/compiler/jit/xla_gpu_device.cc:99] Not creating XLA devices, tf_xla_enable_xla_devices not set
mse and spike frequency: 0.12656 0.0
[32m[I 2021-04-21 13:16:09,062][0m Trial 12 finished with values: [0.12656, 0.0] with parameters: {'Vahp': -32.5, 'Vth': -41.5, 'Vmax': 29.5, 't_ref': 7.0, 'R': 0.6, 'tau_m': 69.0, 'rate_low': 9.5, 'rate_high': 33.0}.[0m
2021-04-21 13:16:09.451857: I tensorflow/compiler/jit/xla_gpu_device.cc:99] Not creating XLA devices, tf_xla_enable_xla_devices not set
maxFreq at 10nA: 63.0
2021-04-21 13:16:27.125579: I tensorflow/compiler/jit/xla_gpu_device.cc:99] Not creating XLA devices, tf_xla_enable_xla_devices not set
2021-04-21 13:16:34.240755: I tensorflow/compiler/jit/xla_gpu_device.cc:99] Not creating XLA devices, tf_xla_enable_xla_devices not set
mse and spike frequency: 0.00273 10.38
[32m[I 2021-04-21 13:16:40,247][0m Trial 13 finished with values: [0.00273, 10.38] with parameters: {'Vahp': -60.0, 'Vth': -22.5, 'Vmax': 27.5, 't_ref': 14.5, 'R': 1.0, 'tau_m': 273.0, 'rate_low': 16.5, 'rate_high': 34.5}.[0m
2021-04-21 13:16:40.625003: I tensorflow/compiler/jit/xla_gpu_device.cc:99] Not creating XLA devices, tf_xla_enable_xla_devices not set
maxFreq at 10nA: 999.0
2021-04-21 13:16:58.874708: I tensorflow/compiler/jit/xla_gpu_device.cc:99] Not creating XLA devices, tf_xla_enable_xla_devices not set
2021-04-21 13:17:06.185205: I tensorflow/compiler/jit/xla_gpu_device.cc:99] Not creating XLA devices, tf_xla_enable_xla_devices not set
mse and spike frequency: 0.12656 0.0
[32m[I 2021-04-21 13:17:12,407][0m Trial 14 finished with values: [0.12656, 0.0] with parameters: {'Vahp': -34.0, 'Vth': -52.0, 'Vmax': 15.5, 't_ref': 20.0, 'R': 0.2, 'tau_m': 329.0, 'rate_low': 49.5, 'rate_high': 49.5}.[0m
2021-04-21 13:17:12.769424: I tensorflow/compiler/jit/xla_gpu_device.cc:99] Not creating XLA devices, tf_xla_enable_xla_devices not set
maxFreq at 10nA: 1000.0
2021-04-21 13:17:31.386305: I tensorflow/compiler/jit/xla_gpu_device.cc:99] Not creating XLA devices, tf_xla_enable_xla_devices not set
2021-04-21 13:17:38.755376: I tensorflow/compiler/jit/xla_gpu_device.cc:99] Not creating XLA devices, tf_xla_enable_xla_devices not set
mse and spike frequency: 0.12401 1000.1
[32m[I 2021-04-21 13:17:45,020][0m Trial 15 finished with values: [0.12401, 1000.1] with parameters: {'Vahp': -21.0, 'Vth': -58.5, 'Vmax': 32.5, 't_ref': 16.0, 'R': 0.30000000000000004, 'tau_m': 156.0, 'rate_low': 20.0, 'rate_high': 25.0}.[0m
2021-04-21 13:17:45.367188: I tensorflow/compiler/jit/xla_gpu_device.cc:99] Not creating XLA devices, tf_xla_enable_xla_devices not set
maxFreq at 10nA: 999.0
2021-04-21 13:18:03.667723: I tensorflow/compiler/jit/xla_gpu_device.cc:99] Not creating XLA devices, tf_xla_enable_xla_devices not set
2021-04-21 13:18:11.311314: I tensorflow/compiler/jit/xla_gpu_device.cc:99] Not creating XLA devices, tf_xla_enable_xla_devices not set
mse and spike frequency: 0.12656 0.0
[32m[I 2021-04-21 13:18:17,596][0m Trial 16 finished with values: [0.12656, 0.0] with parameters: {'Vahp': -31.5, 'Vth': -49.5, 'Vmax': 23.0, 't_ref': 5.0, 'R': 0.30000000000000004, 'tau_m': 461.5, 'rate_low': 26.0, 'rate_high': 30.0}.[0m
2021-04-21 13:18:17.952046: I tensorflow/compiler/jit/xla_gpu_device.cc:99] Not creating XLA devices, tf_xla_enable_xla_devices not set
maxFreq at 10nA: 56.0
2021-04-21 13:18:36.271395: I tensorflow/compiler/jit/xla_gpu_device.cc:99] Not creating XLA devices, tf_xla_enable_xla_devices not set
2021-04-21 13:18:43.594640: I tensorflow/compiler/jit/xla_gpu_device.cc:99] Not creating XLA devices, tf_xla_enable_xla_devices not set
mse and spike frequency: 0.00359 12.34
[32m[I 2021-04-21 13:18:50,000][0m Trial 17 finished with values: [0.00359, 12.34] with parameters: {'Vahp': -39.0, 'Vth': -24.0, 'Vmax': 14.5, 't_ref': 16.5, 'R': 0.4, 'tau_m': 114.0, 'rate_low': 12.5, 'rate_high': 44.0}.[0m
2021-04-21 13:18:50.400157: I tensorflow/compiler/jit/xla_gpu_device.cc:99] Not creating XLA devices, tf_xla_enable_xla_devices not set
maxFreq at 10nA: 56.0
2021-04-21 13:19:09.370220: I tensorflow/compiler/jit/xla_gpu_device.cc:99] Not creating XLA devices, tf_xla_enable_xla_devices not set
2021-04-21 13:19:16.653671: I tensorflow/compiler/jit/xla_gpu_device.cc:99] Not creating XLA devices, tf_xla_enable_xla_devices not set
mse and spike frequency: 0.00302 9.97
[32m[I 2021-04-21 13:19:23,175][0m Trial 18 finished with values: [0.00302, 9.97] with parameters: {'Vahp': -53.5, 'Vth': -47.5, 'Vmax': 31.5, 't_ref': 17.0, 'R': 0.2, 'tau_m': 324.0, 'rate_low': 16.0, 'rate_high': 44.5}.[0m
2021-04-21 13:19:23.531591: I tensorflow/compiler/jit/xla_gpu_device.cc:99] Not creating XLA devices, tf_xla_enable_xla_devices not set
maxFreq at 10nA: 77.0
2021-04-21 13:19:42.525294: I tensorflow/compiler/jit/xla_gpu_device.cc:99] Not creating XLA devices, tf_xla_enable_xla_devices not set
2021-04-21 13:19:50.533308: I tensorflow/compiler/jit/xla_gpu_device.cc:99] Not creating XLA devices, tf_xla_enable_xla_devices not set
mse and spike frequency: 0.00324 21.51
[32m[I 2021-04-21 13:19:57,403][0m Trial 19 finished with values: [0.00324, 21.51] with parameters: {'Vahp': -42.5, 'Vth': -41.0, 'Vmax': 26.0, 't_ref': 12.0, 'R': 0.2, 'tau_m': 329.0, 'rate_low': 24.5, 'rate_high': 29.5}.[0m
2021-04-21 13:19:57.792321: I tensorflow/compiler/jit/xla_gpu_device.cc:99] Not creating XLA devices, tf_xla_enable_xla_devices not set
maxFreq at 10nA: 1000.0
2021-04-21 13:20:16.728191: I tensorflow/compiler/jit/xla_gpu_device.cc:99] Not creating XLA devices, tf_xla_enable_xla_devices not set
2021-04-21 13:20:24.945536: I tensorflow/compiler/jit/xla_gpu_device.cc:99] Not creating XLA devices, tf_xla_enable_xla_devices not set
mse and spike frequency: 0.12656 0.0
[32m[I 2021-04-21 13:20:32,294][0m Trial 20 finished with values: [0.12656, 0.0] with parameters: {'Vahp': -34.5, 'Vth': -46.0, 'Vmax': 25.5, 't_ref': 17.0, 'R': 0.1, 'tau_m': 31.5, 'rate_low': 45.5, 'rate_high': 47.0}.[0m
2021-04-21 13:20:32.651025: I tensorflow/compiler/jit/xla_gpu_device.cc:99] Not creating XLA devices, tf_xla_enable_xla_devices not set
maxFreq at 10nA: 91.0
2021-04-21 13:20:52.054391: I tensorflow/compiler/jit/xla_gpu_device.cc:99] Not creating XLA devices, tf_xla_enable_xla_devices not set
2021-04-21 13:21:00.463517: I tensorflow/compiler/jit/xla_gpu_device.cc:99] Not creating XLA devices, tf_xla_enable_xla_devices not set
mse and spike frequency: 0.00228 23.32
[32m[I 2021-04-21 13:21:08,410][0m Trial 21 finished with values: [0.00228, 23.32] with parameters: {'Vahp': -51.0, 'Vth': -35.0, 'Vmax': 22.0, 't_ref': 9.5, 'R': 0.4, 'tau_m': 172.5, 'rate_low': 44.0, 'rate_high': 46.5}.[0m
2021-04-21 13:21:08.798675: I tensorflow/compiler/jit/xla_gpu_device.cc:99] Not creating XLA devices, tf_xla_enable_xla_devices not set
maxFreq at 10nA: 1000.0
2021-04-21 13:21:28.380446: I tensorflow/compiler/jit/xla_gpu_device.cc:99] Not creating XLA devices, tf_xla_enable_xla_devices not set
2021-04-21 13:21:36.780137: I tensorflow/compiler/jit/xla_gpu_device.cc:99] Not creating XLA devices, tf_xla_enable_xla_devices not set
mse and spike frequency: 0.12401 1000.1
[32m[I 2021-04-21 13:21:44,320][0m Trial 22 finished with values: [0.12401, 1000.1] with parameters: {'Vahp': -27.0, 'Vth': -60.0, 'Vmax': 34.5, 't_ref': 11.0, 'R': 0.4, 'tau_m': 88.5, 'rate_low': 29.0, 'rate_high': 37.0}.[0m
2021-04-21 13:21:44.716903: I tensorflow/compiler/jit/xla_gpu_device.cc:99] Not creating XLA devices, tf_xla_enable_xla_devices not set
maxFreq at 10nA: 59.0
2021-04-21 13:22:04.597421: I tensorflow/compiler/jit/xla_gpu_device.cc:99] Not creating XLA devices, tf_xla_enable_xla_devices not set
2021-04-21 13:22:12.405754: I tensorflow/compiler/jit/xla_gpu_device.cc:99] Not creating XLA devices, tf_xla_enable_xla_devices not set
mse and spike frequency: 0.00373 19.03
[32m[I 2021-04-21 13:22:19,910][0m Trial 23 finished with values: [0.00373, 19.03] with parameters: {'Vahp': -35.0, 'Vth': -33.5, 'Vmax': 40.0, 't_ref': 16.0, 'R': 0.8, 'tau_m': 437.5, 'rate_low': 21.5, 'rate_high': 29.5}.[0m
2021-04-21 13:22:20.324583: I tensorflow/compiler/jit/xla_gpu_device.cc:99] Not creating XLA devices, tf_xla_enable_xla_devices not set
maxFreq at 10nA: 1000.0
2021-04-21 13:22:40.456430: I tensorflow/compiler/jit/xla_gpu_device.cc:99] Not creating XLA devices, tf_xla_enable_xla_devices not set
2021-04-21 13:22:48.738193: I tensorflow/compiler/jit/xla_gpu_device.cc:99] Not creating XLA devices, tf_xla_enable_xla_devices not set
mse and spike frequency: 0.12401 1000.1
[32m[I 2021-04-21 13:22:56,107][0m Trial 24 finished with values: [0.12401, 1000.1] with parameters: {'Vahp': -21.0, 'Vth': -59.0, 'Vmax': 12.0, 't_ref': 4.5, 'R': 0.2, 'tau_m': 288.5, 'rate_low': 41.0, 'rate_high': 44.0}.[0m
2021-04-21 13:22:56.502589: I tensorflow/compiler/jit/xla_gpu_device.cc:99] Not creating XLA devices, tf_xla_enable_xla_devices not set
maxFreq at 10nA: 77.0
2021-04-21 13:23:16.893105: I tensorflow/compiler/jit/xla_gpu_device.cc:99] Not creating XLA devices, tf_xla_enable_xla_devices not set
2021-04-21 13:23:25.535902: I tensorflow/compiler/jit/xla_gpu_device.cc:99] Not creating XLA devices, tf_xla_enable_xla_devices not set
mse and spike frequency: 0.00299 19.74
[32m[I 2021-04-21 13:23:33,107][0m Trial 25 finished with values: [0.00299, 19.74] with parameters: {'Vahp': -36.0, 'Vth': -31.5, 'Vmax': 12.0, 't_ref': 12.0, 'R': 0.8, 'tau_m': 469.5, 'rate_low': 15.0, 'rate_high': 45.0}.[0m
2021-04-21 13:23:33.513176: I tensorflow/compiler/jit/xla_gpu_device.cc:99] Not creating XLA devices, tf_xla_enable_xla_devices not set
maxFreq at 10nA: 1000.0
2021-04-21 13:23:54.050179: I tensorflow/compiler/jit/xla_gpu_device.cc:99] Not creating XLA devices, tf_xla_enable_xla_devices not set
2021-04-21 13:24:02.887686: I tensorflow/compiler/jit/xla_gpu_device.cc:99] Not creating XLA devices, tf_xla_enable_xla_devices not set
mse and spike frequency: 0.12656 0.0
[32m[I 2021-04-21 13:24:10,213][0m Trial 26 finished with values: [0.12656, 0.0] with parameters: {'Vahp': -29.5, 'Vth': -42.5, 'Vmax': 37.5, 't_ref': 3.0, 'R': 0.30000000000000004, 'tau_m': 123.5, 'rate_low': 2.0, 'rate_high': 2.5}.[0m
2021-04-21 13:24:10.602238: I tensorflow/compiler/jit/xla_gpu_device.cc:99] Not creating XLA devices, tf_xla_enable_xla_devices not set
maxFreq at 10nA: 112.0
2021-04-21 13:24:31.649508: I tensorflow/compiler/jit/xla_gpu_device.cc:99] Not creating XLA devices, tf_xla_enable_xla_devices not set
2021-04-21 13:24:40.143414: I tensorflow/compiler/jit/xla_gpu_device.cc:99] Not creating XLA devices, tf_xla_enable_xla_devices not set
mse and spike frequency: 0.00204 29.54
