[32m[I 2021-04-21 17:05:45,191][0m Trial 213 finished with values: [0.12656, 0.0] with parameters: {'Vahp': -22.5, 'Vth': -42.5, 'Vmax': 23.0, 't_ref': 17.5, 'R': 0.30000000000000004, 'tau_m': 461.5, 'rate_low': 24.0, 'rate_high': 34.5}.[0m
2021-04-21 17:05:46.121207: I tensorflow/compiler/jit/xla_gpu_device.cc:99] Not creating XLA devices, tf_xla_enable_xla_devices not set
maxFreq at 10nA: 999.0
2021-04-21 17:06:29.318573: I tensorflow/compiler/jit/xla_gpu_device.cc:99] Not creating XLA devices, tf_xla_enable_xla_devices not set
2021-04-21 17:07:01.771077: I tensorflow/compiler/jit/xla_gpu_device.cc:99] Not creating XLA devices, tf_xla_enable_xla_devices not set
mse and spike frequency: 0.12656 0.0
[32m[I 2021-04-21 17:07:32,940][0m Trial 214 finished with values: [0.12656, 0.0] with parameters: {'Vahp': -35.0, 'Vth': -42.0, 'Vmax': 23.0, 't_ref': 10.0, 'R': 0.7000000000000001, 'tau_m': 433.0, 'rate_low': 3.0, 'rate_high': 6.0}.[0m
2021-04-21 17:07:33.865029: I tensorflow/compiler/jit/xla_gpu_device.cc:99] Not creating XLA devices, tf_xla_enable_xla_devices not set
maxFreq at 10nA: 77.0
2021-04-21 17:08:17.357012: I tensorflow/compiler/jit/xla_gpu_device.cc:99] Not creating XLA devices, tf_xla_enable_xla_devices not set
2021-04-21 17:08:49.916426: I tensorflow/compiler/jit/xla_gpu_device.cc:99] Not creating XLA devices, tf_xla_enable_xla_devices not set
mse and spike frequency: 0.02719 1.22
[32m[I 2021-04-21 17:09:21,410][0m Trial 215 finished with values: [0.02719, 1.22] with parameters: {'Vahp': -59.0, 'Vth': -30.5, 'Vmax': 31.5, 't_ref': 4.5, 'R': 0.1, 'tau_m': 265.0, 'rate_low': 14.5, 'rate_high': 38.0}.[0m
2021-04-21 17:09:22.259277: I tensorflow/compiler/jit/xla_gpu_device.cc:99] Not creating XLA devices, tf_xla_enable_xla_devices not set
maxFreq at 10nA: 1000.0
2021-04-21 17:10:05.310539: I tensorflow/compiler/jit/xla_gpu_device.cc:99] Not creating XLA devices, tf_xla_enable_xla_devices not set
2021-04-21 17:10:37.559566: I tensorflow/compiler/jit/xla_gpu_device.cc:99] Not creating XLA devices, tf_xla_enable_xla_devices not set
mse and spike frequency: 0.12656 0.0
[32m[I 2021-04-21 17:11:07,825][0m Trial 216 finished with values: [0.12656, 0.0] with parameters: {'Vahp': -36.5, 'Vth': -56.0, 'Vmax': 28.0, 't_ref': 17.0, 'R': 0.6, 'tau_m': 420.5, 'rate_low': 5.0, 'rate_high': 44.0}.[0m
2021-04-21 17:11:08.706309: I tensorflow/compiler/jit/xla_gpu_device.cc:99] Not creating XLA devices, tf_xla_enable_xla_devices not set
maxFreq at 10nA: 1000.0
2021-04-21 17:11:50.964994: I tensorflow/compiler/jit/xla_gpu_device.cc:99] Not creating XLA devices, tf_xla_enable_xla_devices not set
2021-04-21 17:12:23.652519: I tensorflow/compiler/jit/xla_gpu_device.cc:99] Not creating XLA devices, tf_xla_enable_xla_devices not set
mse and spike frequency: 0.12656 0.0
[32m[I 2021-04-21 17:12:54,799][0m Trial 217 finished with values: [0.12656, 0.0] with parameters: {'Vahp': -31.5, 'Vth': -42.5, 'Vmax': 40.0, 't_ref': 5.0, 'R': 0.30000000000000004, 'tau_m': 41.0, 'rate_low': 42.5, 'rate_high': 48.5}.[0m
2021-04-21 17:12:55.726941: I tensorflow/compiler/jit/xla_gpu_device.cc:99] Not creating XLA devices, tf_xla_enable_xla_devices not set
maxFreq at 10nA: 1000.0
2021-04-21 17:13:38.687422: I tensorflow/compiler/jit/xla_gpu_device.cc:99] Not creating XLA devices, tf_xla_enable_xla_devices not set
2021-04-21 17:14:12.465438: I tensorflow/compiler/jit/xla_gpu_device.cc:99] Not creating XLA devices, tf_xla_enable_xla_devices not set
mse and spike frequency: 0.12656 0.0
[32m[I 2021-04-21 17:14:44,046][0m Trial 218 finished with values: [0.12656, 0.0] with parameters: {'Vahp': -39.0, 'Vth': -45.5, 'Vmax': 14.5, 't_ref': 11.0, 'R': 0.4, 'tau_m': 241.5, 'rate_low': 34.5, 'rate_high': 13.5}.[0m
2021-04-21 17:14:44.940930: I tensorflow/compiler/jit/xla_gpu_device.cc:99] Not creating XLA devices, tf_xla_enable_xla_devices not set
maxFreq at 10nA: 999.0
2021-04-21 17:15:28.500160: I tensorflow/compiler/jit/xla_gpu_device.cc:99] Not creating XLA devices, tf_xla_enable_xla_devices not set
2021-04-21 17:16:01.539411: I tensorflow/compiler/jit/xla_gpu_device.cc:99] Not creating XLA devices, tf_xla_enable_xla_devices not set
mse and spike frequency: 0.12656 0.0
[32m[I 2021-04-21 17:16:34,515][0m Trial 219 finished with values: [0.12656, 0.0] with parameters: {'Vahp': -22.5, 'Vth': -36.5, 'Vmax': 40.0, 't_ref': 5.5, 'R': 0.7000000000000001, 'tau_m': 366.5, 'rate_low': 3.0, 'rate_high': 35.5}.[0m
2021-04-21 17:16:35.462006: I tensorflow/compiler/jit/xla_gpu_device.cc:99] Not creating XLA devices, tf_xla_enable_xla_devices not set
maxFreq at 10nA: 1000.0
2021-04-21 17:17:18.322494: I tensorflow/compiler/jit/xla_gpu_device.cc:99] Not creating XLA devices, tf_xla_enable_xla_devices not set
2021-04-21 17:17:52.803466: I tensorflow/compiler/jit/xla_gpu_device.cc:99] Not creating XLA devices, tf_xla_enable_xla_devices not set
mse and spike frequency: 0.12656 0.0
[32m[I 2021-04-21 17:18:25,478][0m Trial 220 finished with values: [0.12656, 0.0] with parameters: {'Vahp': -40.5, 'Vth': -52.5, 'Vmax': 28.0, 't_ref': 3.5, 'R': 0.5, 'tau_m': 411.0, 'rate_low': 9.0, 'rate_high': 27.5}.[0m
2021-04-21 17:18:26.379608: I tensorflow/compiler/jit/xla_gpu_device.cc:99] Not creating XLA devices, tf_xla_enable_xla_devices not set
maxFreq at 10nA: 997.0
2021-04-21 17:19:09.828252: I tensorflow/compiler/jit/xla_gpu_device.cc:99] Not creating XLA devices, tf_xla_enable_xla_devices not set
2021-04-21 17:19:43.471349: I tensorflow/compiler/jit/xla_gpu_device.cc:99] Not creating XLA devices, tf_xla_enable_xla_devices not set
mse and spike frequency: 0.12656 0.0
[32m[I 2021-04-21 17:20:15,823][0m Trial 221 finished with values: [0.12656, 0.0] with parameters: {'Vahp': -31.0, 'Vth': -34.5, 'Vmax': 30.0, 't_ref': 0.5, 'R': 0.30000000000000004, 'tau_m': 398.0, 'rate_low': 42.5, 'rate_high': 40.5}.[0m
2021-04-21 17:20:16.735116: I tensorflow/compiler/jit/xla_gpu_device.cc:99] Not creating XLA devices, tf_xla_enable_xla_devices not set
maxFreq at 10nA: 167.0
2021-04-21 17:21:00.519102: I tensorflow/compiler/jit/xla_gpu_device.cc:99] Not creating XLA devices, tf_xla_enable_xla_devices not set
2021-04-21 17:21:34.377128: I tensorflow/compiler/jit/xla_gpu_device.cc:99] Not creating XLA devices, tf_xla_enable_xla_devices not set
mse and spike frequency: 0.00278 15.84
[32m[I 2021-04-21 17:22:07,150][0m Trial 222 finished with values: [0.00278, 15.84] with parameters: {'Vahp': -58.5, 'Vth': -45.5, 'Vmax': 31.5, 't_ref': 4.5, 'R': 0.6, 'tau_m': 265.0, 'rate_low': 14.5, 'rate_high': 13.5}.[0m
2021-04-21 17:22:08.078946: I tensorflow/compiler/jit/xla_gpu_device.cc:99] Not creating XLA devices, tf_xla_enable_xla_devices not set
maxFreq at 10nA: 1000.0
2021-04-21 17:22:51.900887: I tensorflow/compiler/jit/xla_gpu_device.cc:99] Not creating XLA devices, tf_xla_enable_xla_devices not set
2021-04-21 17:23:25.728568: I tensorflow/compiler/jit/xla_gpu_device.cc:99] Not creating XLA devices, tf_xla_enable_xla_devices not set
mse and spike frequency: 0.12656 0.0
[32m[I 2021-04-21 17:23:58,034][0m Trial 223 finished with values: [0.12656, 0.0] with parameters: {'Vahp': -32.5, 'Vth': -56.0, 'Vmax': 11.5, 't_ref': 17.0, 'R': 0.8, 'tau_m': 6.5, 'rate_low': 45.5, 'rate_high': 44.0}.[0m
2021-04-21 17:23:58.958804: I tensorflow/compiler/jit/xla_gpu_device.cc:99] Not creating XLA devices, tf_xla_enable_xla_devices not set
maxFreq at 10nA: 77.0
2021-04-21 17:24:43.021559: I tensorflow/compiler/jit/xla_gpu_device.cc:99] Not creating XLA devices, tf_xla_enable_xla_devices not set
2021-04-21 17:25:16.808725: I tensorflow/compiler/jit/xla_gpu_device.cc:99] Not creating XLA devices, tf_xla_enable_xla_devices not set
mse and spike frequency: 0.00248 11.17
[32m[I 2021-04-21 17:25:50,156][0m Trial 224 finished with values: [0.00248, 11.17] with parameters: {'Vahp': -40.5, 'Vth': -30.0, 'Vmax': 24.5, 't_ref': 11.5, 'R': 0.6, 'tau_m': 265.0, 'rate_low': 5.0, 'rate_high': 49.5}.[0m
2021-04-21 17:25:51.080330: I tensorflow/compiler/jit/xla_gpu_device.cc:99] Not creating XLA devices, tf_xla_enable_xla_devices not set
maxFreq at 10nA: 999.0
2021-04-21 17:26:35.432354: I tensorflow/compiler/jit/xla_gpu_device.cc:99] Not creating XLA devices, tf_xla_enable_xla_devices not set
2021-04-21 17:27:10.132736: I tensorflow/compiler/jit/xla_gpu_device.cc:99] Not creating XLA devices, tf_xla_enable_xla_devices not set
mse and spike frequency: 0.12656 0.0
[32m[I 2021-04-21 17:27:43,694][0m Trial 225 finished with values: [0.12656, 0.0] with parameters: {'Vahp': -37.0, 'Vth': -49.5, 'Vmax': 28.0, 't_ref': 5.0, 'R': 0.30000000000000004, 'tau_m': 461.5, 'rate_low': 9.0, 'rate_high': 27.5}.[0m
2021-04-21 17:27:44.625264: I tensorflow/compiler/jit/xla_gpu_device.cc:99] Not creating XLA devices, tf_xla_enable_xla_devices not set
maxFreq at 10nA: 1000.0
2021-04-21 17:28:28.760110: I tensorflow/compiler/jit/xla_gpu_device.cc:99] Not creating XLA devices, tf_xla_enable_xla_devices not set
2021-04-21 17:29:03.459380: I tensorflow/compiler/jit/xla_gpu_device.cc:99] Not creating XLA devices, tf_xla_enable_xla_devices not set
mse and spike frequency: 0.12656 0.0
[32m[I 2021-04-21 17:29:37,791][0m Trial 226 finished with values: [0.12656, 0.0] with parameters: {'Vahp': -24.0, 'Vth': -45.5, 'Vmax': 14.5, 't_ref': 3.0, 'R': 0.4, 'tau_m': 241.5, 'rate_low': 5.0, 'rate_high': 14.0}.[0m
2021-04-21 17:29:38.754250: I tensorflow/compiler/jit/xla_gpu_device.cc:99] Not creating XLA devices, tf_xla_enable_xla_devices not set
maxFreq at 10nA: 999.0
2021-04-21 17:30:23.550106: I tensorflow/compiler/jit/xla_gpu_device.cc:99] Not creating XLA devices, tf_xla_enable_xla_devices not set
2021-04-21 17:30:58.182902: I tensorflow/compiler/jit/xla_gpu_device.cc:99] Not creating XLA devices, tf_xla_enable_xla_devices not set
mse and spike frequency: 0.12656 0.0
[32m[I 2021-04-21 17:31:32,797][0m Trial 227 finished with values: [0.12656, 0.0] with parameters: {'Vahp': -37.0, 'Vth': -41.5, 'Vmax': 30.0, 't_ref': 3.5, 'R': 0.2, 'tau_m': 205.0, 'rate_low': 9.5, 'rate_high': 32.5}.[0m
2021-04-21 17:31:33.761477: I tensorflow/compiler/jit/xla_gpu_device.cc:99] Not creating XLA devices, tf_xla_enable_xla_devices not set
maxFreq at 10nA: 72.0
2021-04-21 17:32:18.968863: I tensorflow/compiler/jit/xla_gpu_device.cc:99] Not creating XLA devices, tf_xla_enable_xla_devices not set
2021-04-21 17:32:53.820846: I tensorflow/compiler/jit/xla_gpu_device.cc:99] Not creating XLA devices, tf_xla_enable_xla_devices not set
mse and spike frequency: 0.0041 3.35
[32m[I 2021-04-21 17:33:27,843][0m Trial 228 finished with values: [0.0041, 3.35] with parameters: {'Vahp': -56.0, 'Vth': -28.5, 'Vmax': 36.5, 't_ref': 12.5, 'R': 0.1, 'tau_m': 17.5, 'rate_low': 11.0, 'rate_high': 42.5}.[0m
2021-04-21 17:33:28.754499: I tensorflow/compiler/jit/xla_gpu_device.cc:99] Not creating XLA devices, tf_xla_enable_xla_devices not set
maxFreq at 10nA: 1000.0
2021-04-21 17:34:14.306647: I tensorflow/compiler/jit/xla_gpu_device.cc:99] Not creating XLA devices, tf_xla_enable_xla_devices not set
2021-04-21 17:34:49.905889: I tensorflow/compiler/jit/xla_gpu_device.cc:99] Not creating XLA devices, tf_xla_enable_xla_devices not set
mse and spike frequency: 0.12656 0.0
[32m[I 2021-04-21 17:35:24,495][0m Trial 229 finished with values: [0.12656, 0.0] with parameters: {'Vahp': -22.5, 'Vth': -48.5, 'Vmax': 40.0, 't_ref': 10.0, 'R': 0.5, 'tau_m': 6.5, 'rate_low': 25.0, 'rate_high': 30.5}.[0m
2021-04-21 17:35:25.419634: I tensorflow/compiler/jit/xla_gpu_device.cc:99] Not creating XLA devices, tf_xla_enable_xla_devices not set
maxFreq at 10nA: 56.0
2021-04-21 17:36:10.927001: I tensorflow/compiler/jit/xla_gpu_device.cc:99] Not creating XLA devices, tf_xla_enable_xla_devices not set
