[32m[I 2021-04-21 14:47:01,537][0m Trial 120 finished with values: [0.12656, 0.0] with parameters: {'Vahp': -31.0, 'Vth': -39.0, 'Vmax': 20.0, 't_ref': 16.5, 'R': 0.7000000000000001, 'tau_m': 67.5, 'rate_low': 34.0, 'rate_high': 46.5}.[0m
2021-04-21 14:47:02.214687: I tensorflow/compiler/jit/xla_gpu_device.cc:99] Not creating XLA devices, tf_xla_enable_xla_devices not set
maxFreq at 10nA: 1000.0
2021-04-21 14:47:33.347396: I tensorflow/compiler/jit/xla_gpu_device.cc:99] Not creating XLA devices, tf_xla_enable_xla_devices not set
2021-04-21 14:47:53.673782: I tensorflow/compiler/jit/xla_gpu_device.cc:99] Not creating XLA devices, tf_xla_enable_xla_devices not set
mse and spike frequency: 0.12656 0.0
[32m[I 2021-04-21 14:48:12,032][0m Trial 121 finished with values: [0.12656, 0.0] with parameters: {'Vahp': -22.5, 'Vth': -48.5, 'Vmax': 24.0, 't_ref': 7.5, 'R': 0.6, 'tau_m': 420.5, 'rate_low': 5.0, 'rate_high': 32.0}.[0m
2021-04-21 14:48:12.671803: I tensorflow/compiler/jit/xla_gpu_device.cc:99] Not creating XLA devices, tf_xla_enable_xla_devices not set
maxFreq at 10nA: 1000.0
2021-04-21 14:48:43.154622: I tensorflow/compiler/jit/xla_gpu_device.cc:99] Not creating XLA devices, tf_xla_enable_xla_devices not set
2021-04-21 14:49:02.816772: I tensorflow/compiler/jit/xla_gpu_device.cc:99] Not creating XLA devices, tf_xla_enable_xla_devices not set
mse and spike frequency: 0.12656 0.0
[32m[I 2021-04-21 14:49:20,926][0m Trial 122 finished with values: [0.12656, 0.0] with parameters: {'Vahp': -22.5, 'Vth': -42.5, 'Vmax': 40.0, 't_ref': 7.5, 'R': 0.30000000000000004, 'tau_m': 126.5, 'rate_low': 25.0, 'rate_high': 35.5}.[0m
2021-04-21 14:49:21.643225: I tensorflow/compiler/jit/xla_gpu_device.cc:99] Not creating XLA devices, tf_xla_enable_xla_devices not set
maxFreq at 10nA: 999.0
2021-04-21 14:49:52.898880: I tensorflow/compiler/jit/xla_gpu_device.cc:99] Not creating XLA devices, tf_xla_enable_xla_devices not set
2021-04-21 14:50:13.244917: I tensorflow/compiler/jit/xla_gpu_device.cc:99] Not creating XLA devices, tf_xla_enable_xla_devices not set
mse and spike frequency: 0.12656 0.0
[32m[I 2021-04-21 14:50:31,110][0m Trial 123 finished with values: [0.12656, 0.0] with parameters: {'Vahp': -29.5, 'Vth': -34.5, 'Vmax': 37.5, 't_ref': 3.0, 'R': 0.7000000000000001, 'tau_m': 360.5, 'rate_low': 2.0, 'rate_high': 2.5}.[0m
2021-04-21 14:50:31.764460: I tensorflow/compiler/jit/xla_gpu_device.cc:99] Not creating XLA devices, tf_xla_enable_xla_devices not set
maxFreq at 10nA: 1000.0
2021-04-21 14:51:03.233738: I tensorflow/compiler/jit/xla_gpu_device.cc:99] Not creating XLA devices, tf_xla_enable_xla_devices not set
2021-04-21 14:51:23.601223: I tensorflow/compiler/jit/xla_gpu_device.cc:99] Not creating XLA devices, tf_xla_enable_xla_devices not set
mse and spike frequency: 0.12656 0.0
[32m[I 2021-04-21 14:51:41,706][0m Trial 124 finished with values: [0.12656, 0.0] with parameters: {'Vahp': -31.5, 'Vth': -49.5, 'Vmax': 23.0, 't_ref': 5.0, 'R': 0.2, 'tau_m': 123.5, 'rate_low': 26.0, 'rate_high': 2.5}.[0m
2021-04-21 14:51:42.385645: I tensorflow/compiler/jit/xla_gpu_device.cc:99] Not creating XLA devices, tf_xla_enable_xla_devices not set
maxFreq at 10nA: 167.0
2021-04-21 14:52:13.813431: I tensorflow/compiler/jit/xla_gpu_device.cc:99] Not creating XLA devices, tf_xla_enable_xla_devices not set
2021-04-21 14:52:34.168715: I tensorflow/compiler/jit/xla_gpu_device.cc:99] Not creating XLA devices, tf_xla_enable_xla_devices not set
mse and spike frequency: 0.00201 48.69
[32m[I 2021-04-21 14:52:52,762][0m Trial 125 finished with values: [0.00201, 48.69] with parameters: {'Vahp': -36.0, 'Vth': -30.5, 'Vmax': 31.5, 't_ref': 4.5, 'R': 0.7000000000000001, 'tau_m': 292.0, 'rate_low': 40.5, 'rate_high': 49.0}.[0m
2021-04-21 14:52:53.364321: I tensorflow/compiler/jit/xla_gpu_device.cc:99] Not creating XLA devices, tf_xla_enable_xla_devices not set
maxFreq at 10nA: 72.0
2021-04-21 14:53:24.883820: I tensorflow/compiler/jit/xla_gpu_device.cc:99] Not creating XLA devices, tf_xla_enable_xla_devices not set
2021-04-21 14:53:45.834453: I tensorflow/compiler/jit/xla_gpu_device.cc:99] Not creating XLA devices, tf_xla_enable_xla_devices not set
mse and spike frequency: 0.00228 11.42
[32m[I 2021-04-21 14:54:04,597][0m Trial 126 finished with values: [0.00228, 11.42] with parameters: {'Vahp': -43.5, 'Vth': -34.5, 'Vmax': 21.5, 't_ref': 11.5, 'R': 0.30000000000000004, 'tau_m': 468.0, 'rate_low': 26.0, 'rate_high': 47.0}.[0m
2021-04-21 14:54:05.201602: I tensorflow/compiler/jit/xla_gpu_device.cc:99] Not creating XLA devices, tf_xla_enable_xla_devices not set
maxFreq at 10nA: 1000.0
2021-04-21 14:54:37.015140: I tensorflow/compiler/jit/xla_gpu_device.cc:99] Not creating XLA devices, tf_xla_enable_xla_devices not set
2021-04-21 14:54:58.029050: I tensorflow/compiler/jit/xla_gpu_device.cc:99] Not creating XLA devices, tf_xla_enable_xla_devices not set
mse and spike frequency: 0.12656 0.0
[32m[I 2021-04-21 14:55:17,431][0m Trial 127 finished with values: [0.12656, 0.0] with parameters: {'Vahp': -32.5, 'Vth': -41.5, 'Vmax': 22.5, 't_ref': 0.5, 'R': 0.9, 'tau_m': 229.5, 'rate_low': 9.5, 'rate_high': 11.5}.[0m
2021-04-21 14:55:18.035522: I tensorflow/compiler/jit/xla_gpu_device.cc:99] Not creating XLA devices, tf_xla_enable_xla_devices not set
maxFreq at 10nA: 250.0
2021-04-21 14:55:49.964065: I tensorflow/compiler/jit/xla_gpu_device.cc:99] Not creating XLA devices, tf_xla_enable_xla_devices not set
2021-04-21 14:56:11.049710: I tensorflow/compiler/jit/xla_gpu_device.cc:99] Not creating XLA devices, tf_xla_enable_xla_devices not set
mse and spike frequency: 0.00134 3.36
[32m[I 2021-04-21 14:56:30,580][0m Trial 128 finished with values: [0.00134, 3.36] with parameters: {'Vahp': -46.0, 'Vth': -42.0, 'Vmax': 21.5, 't_ref': 3.0, 'R': 0.7000000000000001, 'tau_m': 433.0, 'rate_low': 3.0, 'rate_high': 18.0}.[0m
2021-04-21 14:56:31.199185: I tensorflow/compiler/jit/xla_gpu_device.cc:99] Not creating XLA devices, tf_xla_enable_xla_devices not set
maxFreq at 10nA: 1000.0
2021-04-21 14:57:03.403578: I tensorflow/compiler/jit/xla_gpu_device.cc:99] Not creating XLA devices, tf_xla_enable_xla_devices not set
2021-04-21 14:57:24.365834: I tensorflow/compiler/jit/xla_gpu_device.cc:99] Not creating XLA devices, tf_xla_enable_xla_devices not set
mse and spike frequency: 0.12656 0.0
[32m[I 2021-04-21 14:57:44,734][0m Trial 129 finished with values: [0.12656, 0.0] with parameters: {'Vahp': -36.0, 'Vth': -41.5, 'Vmax': 12.0, 't_ref': 19.0, 'R': 0.7000000000000001, 'tau_m': 275.0, 'rate_low': 15.0, 'rate_high': 22.0}.[0m
2021-04-21 14:57:45.350587: I tensorflow/compiler/jit/xla_gpu_device.cc:99] Not creating XLA devices, tf_xla_enable_xla_devices not set
maxFreq at 10nA: 1000.0
2021-04-21 14:58:17.590824: I tensorflow/compiler/jit/xla_gpu_device.cc:99] Not creating XLA devices, tf_xla_enable_xla_devices not set
2021-04-21 14:58:38.073155: I tensorflow/compiler/jit/xla_gpu_device.cc:99] Not creating XLA devices, tf_xla_enable_xla_devices not set
mse and spike frequency: 0.12656 0.0
[32m[I 2021-04-21 14:58:58,641][0m Trial 130 finished with values: [0.12656, 0.0] with parameters: {'Vahp': -52.0, 'Vth': -54.0, 'Vmax': 23.0, 't_ref': 14.5, 'R': 0.5, 'tau_m': 461.5, 'rate_low': 2.0, 'rate_high': 3.0}.[0m
2021-04-21 14:58:59.269229: I tensorflow/compiler/jit/xla_gpu_device.cc:99] Not creating XLA devices, tf_xla_enable_xla_devices not set
maxFreq at 10nA: 1000.0
2021-04-21 14:59:31.545140: I tensorflow/compiler/jit/xla_gpu_device.cc:99] Not creating XLA devices, tf_xla_enable_xla_devices not set
2021-04-21 14:59:52.206786: I tensorflow/compiler/jit/xla_gpu_device.cc:99] Not creating XLA devices, tf_xla_enable_xla_devices not set
mse and spike frequency: 0.12656 0.0
[32m[I 2021-04-21 15:00:12,295][0m Trial 131 finished with values: [0.12656, 0.0] with parameters: {'Vahp': -26.5, 'Vth': -49.5, 'Vmax': 12.5, 't_ref': 5.0, 'R': 0.6, 'tau_m': 86.0, 'rate_low': 5.0, 'rate_high': 2.5}.[0m
2021-04-21 15:00:12.927204: I tensorflow/compiler/jit/xla_gpu_device.cc:99] Not creating XLA devices, tf_xla_enable_xla_devices not set
maxFreq at 10nA: 1000.0
2021-04-21 15:00:44.784623: I tensorflow/compiler/jit/xla_gpu_device.cc:99] Not creating XLA devices, tf_xla_enable_xla_devices not set
2021-04-21 15:01:05.459928: I tensorflow/compiler/jit/xla_gpu_device.cc:99] Not creating XLA devices, tf_xla_enable_xla_devices not set
mse and spike frequency: 0.12656 0.0
[32m[I 2021-04-21 15:01:26,520][0m Trial 132 finished with values: [0.12656, 0.0] with parameters: {'Vahp': -34.5, 'Vth': -46.0, 'Vmax': 12.0, 't_ref': 17.0, 'R': 0.8, 'tau_m': 31.5, 'rate_low': 15.0, 'rate_high': 45.0}.[0m
2021-04-21 15:01:27.188757: I tensorflow/compiler/jit/xla_gpu_device.cc:99] Not creating XLA devices, tf_xla_enable_xla_devices not set
maxFreq at 10nA: 999.0
2021-04-21 15:01:59.615144: I tensorflow/compiler/jit/xla_gpu_device.cc:99] Not creating XLA devices, tf_xla_enable_xla_devices not set
2021-04-21 15:02:20.807913: I tensorflow/compiler/jit/xla_gpu_device.cc:99] Not creating XLA devices, tf_xla_enable_xla_devices not set
mse and spike frequency: 0.12656 0.0
[32m[I 2021-04-21 15:02:41,981][0m Trial 133 finished with values: [0.12656, 0.0] with parameters: {'Vahp': -34.5, 'Vth': -46.0, 'Vmax': 25.5, 't_ref': 3.0, 'R': 0.1, 'tau_m': 126.5, 'rate_low': 16.0, 'rate_high': 47.0}.[0m
2021-04-21 15:02:42.662410: I tensorflow/compiler/jit/xla_gpu_device.cc:99] Not creating XLA devices, tf_xla_enable_xla_devices not set
maxFreq at 10nA: 111.0
2021-04-21 15:03:15.581160: I tensorflow/compiler/jit/xla_gpu_device.cc:99] Not creating XLA devices, tf_xla_enable_xla_devices not set
2021-04-21 15:03:37.345489: I tensorflow/compiler/jit/xla_gpu_device.cc:99] Not creating XLA devices, tf_xla_enable_xla_devices not set
mse and spike frequency: 0.00189 17.0
[32m[I 2021-04-21 15:03:58,984][0m Trial 134 finished with values: [0.00189, 17.0] with parameters: {'Vahp': -35.5, 'Vth': -30.0, 'Vmax': 24.0, 't_ref': 7.5, 'R': 0.6, 'tau_m': 483.5, 'rate_low': 14.5, 'rate_high': 40.5}.[0m
2021-04-21 15:03:59.691715: I tensorflow/compiler/jit/xla_gpu_device.cc:99] Not creating XLA devices, tf_xla_enable_xla_devices not set
maxFreq at 10nA: 250.0
2021-04-21 15:04:32.809774: I tensorflow/compiler/jit/xla_gpu_device.cc:99] Not creating XLA devices, tf_xla_enable_xla_devices not set
2021-04-21 15:04:54.738893: I tensorflow/compiler/jit/xla_gpu_device.cc:99] Not creating XLA devices, tf_xla_enable_xla_devices not set
mse and spike frequency: 0.00058 17.67
[32m[I 2021-04-21 15:05:16,393][0m Trial 135 finished with values: [0.00058, 17.67] with parameters: {'Vahp': -43.5, 'Vth': -34.5, 'Vmax': 21.5, 't_ref': 1.5, 'R': 0.30000000000000004, 'tau_m': 377.0, 'rate_low': 26.0, 'rate_high': 46.0}.[0m
2021-04-21 15:05:17.068618: I tensorflow/compiler/jit/xla_gpu_device.cc:99] Not creating XLA devices, tf_xla_enable_xla_devices not set
maxFreq at 10nA: 1000.0
2021-04-21 15:05:49.628064: I tensorflow/compiler/jit/xla_gpu_device.cc:99] Not creating XLA devices, tf_xla_enable_xla_devices not set
2021-04-21 15:06:11.249145: I tensorflow/compiler/jit/xla_gpu_device.cc:99] Not creating XLA devices, tf_xla_enable_xla_devices not set
mse and spike frequency: 0.12656 0.0
[32m[I 2021-04-21 15:06:32,611][0m Trial 136 finished with values: [0.12656, 0.0] with parameters: {'Vahp': -23.5, 'Vth': -45.5, 'Vmax': 15.5, 't_ref': 20.0, 'R': 0.2, 'tau_m': 13.5, 'rate_low': 33.0, 'rate_high': 50.0}.[0m
2021-04-21 15:06:33.256107: I tensorflow/compiler/jit/xla_gpu_device.cc:99] Not creating XLA devices, tf_xla_enable_xla_devices not set
maxFreq at 10nA: 1000.0
2021-04-21 15:07:06.034458: I tensorflow/compiler/jit/xla_gpu_device.cc:99] Not creating XLA devices, tf_xla_enable_xla_devices not set
2021-04-21 15:07:27.905807: I tensorflow/compiler/jit/xla_gpu_device.cc:99] Not creating XLA devices, tf_xla_enable_xla_devices not set
mse and spike frequency: 0.12656 0.0
[32m[I 2021-04-21 15:07:49,701][0m Trial 137 finished with values: [0.12656, 0.0] with parameters: {'Vahp': -40.5, 'Vth': -52.5, 'Vmax': 35.0, 't_ref': 7.0, 'R': 0.6, 'tau_m': 461.5, 'rate_low': 5.0, 'rate_high': 49.5}.[0m
2021-04-21 15:07:50.372440: I tensorflow/compiler/jit/xla_gpu_device.cc:99] Not creating XLA devices, tf_xla_enable_xla_devices not set
maxFreq at 10nA: 100.0
2021-04-21 15:08:24.050104: I tensorflow/compiler/jit/xla_gpu_device.cc:99] Not creating XLA devices, tf_xla_enable_xla_devices not set
2021-04-21 15:08:45.625873: I tensorflow/compiler/jit/xla_gpu_device.cc:99] Not creating XLA devices, tf_xla_enable_xla_devices not set
mse and spike frequency: 0.00221 10.03
[32m[I 2021-04-21 15:09:07,986][0m Trial 138 finished with values: [0.00221, 10.03] with parameters: {'Vahp': -43.0, 'Vth': -34.5, 'Vmax': 31.0, 't_ref': 7.5, 'R': 0.1, 'tau_m': 174.5, 'rate_low': 30.0, 'rate_high': 47.0}.[0m
2021-04-21 15:09:08.691735: I tensorflow/compiler/jit/xla_gpu_device.cc:99] Not creating XLA devices, tf_xla_enable_xla_devices not set
maxFreq at 10nA: 1000.0
2021-04-21 15:09:42.167324: I tensorflow/compiler/jit/xla_gpu_device.cc:99] Not creating XLA devices, tf_xla_enable_xla_devices not set
2021-04-21 15:10:03.097481: I tensorflow/compiler/jit/xla_gpu_device.cc:99] Not creating XLA devices, tf_xla_enable_xla_devices not set
mse and spike frequency: 0.12656 0.0
[32m[I 2021-04-21 15:10:25,515][0m Trial 139 finished with values: [0.12656, 0.0] with parameters: {'Vahp': -48.0, 'Vth': -53.5, 'Vmax': 25.5, 't_ref': 8.0, 'R': 0.2, 'tau_m': 398.0, 'rate_low': 42.5, 'rate_high': 41.0}.[0m
2021-04-21 15:10:26.199909: I tensorflow/compiler/jit/xla_gpu_device.cc:99] Not creating XLA devices, tf_xla_enable_xla_devices not set
maxFreq at 10nA: 1000.0
2021-04-21 15:11:00.116990: I tensorflow/compiler/jit/xla_gpu_device.cc:99] Not creating XLA devices, tf_xla_enable_xla_devices not set
2021-04-21 15:11:22.016688: I tensorflow/compiler/jit/xla_gpu_device.cc:99] Not creating XLA devices, tf_xla_enable_xla_devices not set
mse and spike frequency: 0.12656 0.0
[32m[I 2021-04-21 15:11:44,687][0m Trial 140 finished with values: [0.12656, 0.0] with parameters: {'Vahp': -32.5, 'Vth': -48.5, 'Vmax': 23.0, 't_ref': 16.5, 'R': 0.5, 'tau_m': 17.5, 'rate_low': 16.0, 'rate_high': 30.5}.[0m
2021-04-21 15:11:45.472581: I tensorflow/compiler/jit/xla_gpu_device.cc:99] Not creating XLA devices, tf_xla_enable_xla_devices not set
maxFreq at 10nA: 1000.0
2021-04-21 15:12:18.843132: I tensorflow/compiler/jit/xla_gpu_device.cc:99] Not creating XLA devices, tf_xla_enable_xla_devices not set
2021-04-21 15:12:41.047310: I tensorflow/compiler/jit/xla_gpu_device.cc:99] Not creating XLA devices, tf_xla_enable_xla_devices not set
mse and spike frequency: 0.12656 0.0
[32m[I 2021-04-21 15:13:03,199][0m Trial 141 finished with values: [0.12656, 0.0] with parameters: {'Vahp': -31.0, 'Vth': -52.5, 'Vmax': 30.0, 't_ref': 1.5, 'R': 0.8, 'tau_m': 35.0, 'rate_low': 22.0, 'rate_high': 46.0}.[0m
2021-04-21 15:13:04.020839: I tensorflow/compiler/jit/xla_gpu_device.cc:99] Not creating XLA devices, tf_xla_enable_xla_devices not set
maxFreq at 10nA: 1000.0
2021-04-21 15:13:37.262591: I tensorflow/compiler/jit/xla_gpu_device.cc:99] Not creating XLA devices, tf_xla_enable_xla_devices not set
2021-04-21 15:13:59.112252: I tensorflow/compiler/jit/xla_gpu_device.cc:99] Not creating XLA devices, tf_xla_enable_xla_devices not set
mse and spike frequency: 0.12656 0.0
[32m[I 2021-04-21 15:14:20,246][0m Trial 142 finished with values: [0.12656, 0.0] with parameters: {'Vahp': -36.5, 'Vth': -56.5, 'Vmax': 40.0, 't_ref': 16.0, 'R': 0.8, 'tau_m': 470.5, 'rate_low': 22.0, 'rate_high': 35.5}.[0m
2021-04-21 15:14:21.018034: I tensorflow/compiler/jit/xla_gpu_device.cc:99] Not creating XLA devices, tf_xla_enable_xla_devices not set
maxFreq at 10nA: 1000.0
2021-04-21 15:14:54.622669: I tensorflow/compiler/jit/xla_gpu_device.cc:99] Not creating XLA devices, tf_xla_enable_xla_devices not set
2021-04-21 15:15:16.343449: I tensorflow/compiler/jit/xla_gpu_device.cc:99] Not creating XLA devices, tf_xla_enable_xla_devices not set
mse and spike frequency: 0.12656 0.0
[32m[I 2021-04-21 15:15:37,771][0m Trial 143 finished with values: [0.12656, 0.0] with parameters: {'Vahp': -31.5, 'Vth': -53.5, 'Vmax': 35.0, 't_ref': 15.0, 'R': 0.6, 'tau_m': 156.0, 'rate_low': 4.0, 'rate_high': 18.0}.[0m
2021-04-21 15:15:38.449943: I tensorflow/compiler/jit/xla_gpu_device.cc:99] Not creating XLA devices, tf_xla_enable_xla_devices not set
maxFreq at 10nA: 1000.0
2021-04-21 15:16:12.224355: I tensorflow/compiler/jit/xla_gpu_device.cc:99] Not creating XLA devices, tf_xla_enable_xla_devices not set
2021-04-21 15:16:33.892350: I tensorflow/compiler/jit/xla_gpu_device.cc:99] Not creating XLA devices, tf_xla_enable_xla_devices not set
mse and spike frequency: 0.12656 0.0
[32m[I 2021-04-21 15:16:55,879][0m Trial 144 finished with values: [0.12656, 0.0] with parameters: {'Vahp': -32.5, 'Vth': -41.5, 'Vmax': 29.5, 't_ref': 11.5, 'R': 0.6, 'tau_m': 69.0, 'rate_low': 9.5, 'rate_high': 39.0}.[0m
2021-04-21 15:16:56.545840: I tensorflow/compiler/jit/xla_gpu_device.cc:99] Not creating XLA devices, tf_xla_enable_xla_devices not set
maxFreq at 10nA: 111.0
2021-04-21 15:17:29.967183: I tensorflow/compiler/jit/xla_gpu_device.cc:99] Not creating XLA devices, tf_xla_enable_xla_devices not set
2021-04-21 15:17:51.863112: I tensorflow/compiler/jit/xla_gpu_device.cc:99] Not creating XLA devices, tf_xla_enable_xla_devices not set
mse and spike frequency: 0.00233 26.06
[32m[I 2021-04-21 15:18:13,824][0m Trial 145 finished with values: [0.00233, 26.06] with parameters: {'Vahp': -53.0, 'Vth': -42.5, 'Vmax': 40.0, 't_ref': 8.0, 'R': 0.2, 'tau_m': 126.5, 'rate_low': 42.5, 'rate_high': 49.5}.[0m
2021-04-21 15:18:14.520447: I tensorflow/compiler/jit/xla_gpu_device.cc:99] Not creating XLA devices, tf_xla_enable_xla_devices not set
maxFreq at 10nA: 84.0
2021-04-21 15:18:48.866620: I tensorflow/compiler/jit/xla_gpu_device.cc:99] Not creating XLA devices, tf_xla_enable_xla_devices not set
2021-04-21 15:19:11.362554: I tensorflow/compiler/jit/xla_gpu_device.cc:99] Not creating XLA devices, tf_xla_enable_xla_devices not set
mse and spike frequency: 0.00319 21.38
[32m[I 2021-04-21 15:19:33,932][0m Trial 146 finished with values: [0.00319, 21.38] with parameters: {'Vahp': -43.5, 'Vth': -34.5, 'Vmax': 21.5, 't_ref': 11.0, 'R': 0.4, 'tau_m': 114.0, 'rate_low': 16.5, 'rate_high': 44.0}.[0m
2021-04-21 15:19:34.635677: I tensorflow/compiler/jit/xla_gpu_device.cc:99] Not creating XLA devices, tf_xla_enable_xla_devices not set
maxFreq at 10nA: 56.0
2021-04-21 15:20:08.558569: I tensorflow/compiler/jit/xla_gpu_device.cc:99] Not creating XLA devices, tf_xla_enable_xla_devices not set
2021-04-21 15:20:31.810296: I tensorflow/compiler/jit/xla_gpu_device.cc:99] Not creating XLA devices, tf_xla_enable_xla_devices not set
mse and spike frequency: 0.00858 9.91
[32m[I 2021-04-21 15:20:55,231][0m Trial 147 finished with values: [0.00858, 9.91] with parameters: {'Vahp': -43.5, 'Vth': -34.5, 'Vmax': 25.5, 't_ref': 17.0, 'R': 0.1, 'tau_m': 31.5, 'rate_low': 16.5, 'rate_high': 47.0}.[0m
2021-04-21 15:20:56.006901: I tensorflow/compiler/jit/xla_gpu_device.cc:99] Not creating XLA devices, tf_xla_enable_xla_devices not set
maxFreq at 10nA: 1000.0
2021-04-21 15:21:30.444767: I tensorflow/compiler/jit/xla_gpu_device.cc:99] Not creating XLA devices, tf_xla_enable_xla_devices not set
2021-04-21 15:21:54.359511: I tensorflow/compiler/jit/xla_gpu_device.cc:99] Not creating XLA devices, tf_xla_enable_xla_devices not set
mse and spike frequency: 0.12656 0.0
[32m[I 2021-04-21 15:22:17,417][0m Trial 148 finished with values: [0.12656, 0.0] with parameters: {'Vahp': -39.0, 'Vth': -45.0, 'Vmax': 14.5, 't_ref': 11.0, 'R': 0.4, 'tau_m': 114.0, 'rate_low': 45.5, 'rate_high': 44.0}.[0m
2021-04-21 15:22:18.223120: I tensorflow/compiler/jit/xla_gpu_device.cc:99] Not creating XLA devices, tf_xla_enable_xla_devices not set
maxFreq at 10nA: 250.0
2021-04-21 15:22:51.924487: I tensorflow/compiler/jit/xla_gpu_device.cc:99] Not creating XLA devices, tf_xla_enable_xla_devices not set
2021-04-21 15:23:16.168566: I tensorflow/compiler/jit/xla_gpu_device.cc:99] Not creating XLA devices, tf_xla_enable_xla_devices not set
mse and spike frequency: 0.12656 0.0
[32m[I 2021-04-21 15:23:39,111][0m Trial 149 finished with values: [0.12656, 0.0] with parameters: {'Vahp': -31.0, 'Vth': -31.0, 'Vmax': 14.0, 't_ref': 3.0, 'R': 0.30000000000000004, 'tau_m': 67.5, 'rate_low': 38.5, 'rate_high': 42.5}.[0m
2021-04-21 15:23:39.851852: I tensorflow/compiler/jit/xla_gpu_device.cc:99] Not creating XLA devices, tf_xla_enable_xla_devices not set
maxFreq at 10nA: 997.0
2021-04-21 15:24:12.790790: I tensorflow/compiler/jit/xla_gpu_device.cc:99] Not creating XLA devices, tf_xla_enable_xla_devices not set
2021-04-21 15:24:36.438384: I tensorflow/compiler/jit/xla_gpu_device.cc:99] Not creating XLA devices, tf_xla_enable_xla_devices not set
mse and spike frequency: 0.12656 0.0
[32m[I 2021-04-21 15:24:59,342][0m Trial 150 finished with values: [0.12656, 0.0] with parameters: {'Vahp': -37.0, 'Vth': -41.5, 'Vmax': 22.5, 't_ref': 3.5, 'R': 0.2, 'tau_m': 411.0, 'rate_low': 9.5, 'rate_high': 32.5}.[0m
2021-04-21 15:25:00.022982: I tensorflow/compiler/jit/xla_gpu_device.cc:99] Not creating XLA devices, tf_xla_enable_xla_devices not set
maxFreq at 10nA: 250.0
2021-04-21 15:25:33.245042: I tensorflow/compiler/jit/xla_gpu_device.cc:99] Not creating XLA devices, tf_xla_enable_xla_devices not set
2021-04-21 15:25:56.964260: I tensorflow/compiler/jit/xla_gpu_device.cc:99] Not creating XLA devices, tf_xla_enable_xla_devices not set
mse and spike frequency: 0.00222 12.13
