[32m[I 2021-04-21 14:42:05,234][0m Trial 113 finished with values: [0.12656, 0.0] with parameters: {'Vahp': -47.0, 'Vth': -58.0, 'Vmax': 39.0, 't_ref': 7.5, 'R': 0.30000000000000004, 'tau_m': 177.5, 'R_adp': 0.8, 'tau_w': 474.0, 'a': 171.0, 'rate_low': 26.0, 'rate_high': 36.5}.[0m
2021-04-21 14:42:05.912812: I tensorflow/compiler/jit/xla_gpu_device.cc:99] Not creating XLA devices, tf_xla_enable_xla_devices not set
maxFreq at 10nA: 998.0
2021-04-21 14:42:36.079524: I tensorflow/compiler/jit/xla_gpu_device.cc:99] Not creating XLA devices, tf_xla_enable_xla_devices not set
2021-04-21 14:42:54.718670: I tensorflow/compiler/jit/xla_gpu_device.cc:99] Not creating XLA devices, tf_xla_enable_xla_devices not set
mse and spike frequency: 0.12656 0.0
[32m[I 2021-04-21 14:43:12,430][0m Trial 114 finished with values: [0.12656, 0.0] with parameters: {'Vahp': -25.5, 'Vth': -35.0, 'Vmax': 16.0, 't_ref': 4.0, 'R': 0.2, 'tau_m': 232.5, 'R_adp': 0.2, 'tau_w': 28.5, 'a': 331.5, 'rate_low': 21.0, 'rate_high': 45.0}.[0m
2021-04-21 14:43:13.061445: I tensorflow/compiler/jit/xla_gpu_device.cc:99] Not creating XLA devices, tf_xla_enable_xla_devices not set
maxFreq at 10nA: 1000.0
2021-04-21 14:43:43.016621: I tensorflow/compiler/jit/xla_gpu_device.cc:99] Not creating XLA devices, tf_xla_enable_xla_devices not set
2021-04-21 14:44:02.079370: I tensorflow/compiler/jit/xla_gpu_device.cc:99] Not creating XLA devices, tf_xla_enable_xla_devices not set
mse and spike frequency: 0.12656 0.0
[32m[I 2021-04-21 14:44:20,339][0m Trial 115 finished with values: [0.12656, 0.0] with parameters: {'Vahp': -48.0, 'Vth': -58.0, 'Vmax': 40.0, 't_ref': 7.5, 'R': 0.8, 'tau_m': 180.0, 'R_adp': 0.30000000000000004, 'tau_w': 391.0, 'a': 49.0, 'rate_low': 41.5, 'rate_high': 36.5}.[0m
2021-04-21 14:44:20.963071: I tensorflow/compiler/jit/xla_gpu_device.cc:99] Not creating XLA devices, tf_xla_enable_xla_devices not set
maxFreq at 10nA: 1000.0
2021-04-21 14:44:51.435157: I tensorflow/compiler/jit/xla_gpu_device.cc:99] Not creating XLA devices, tf_xla_enable_xla_devices not set
2021-04-21 14:45:11.028536: I tensorflow/compiler/jit/xla_gpu_device.cc:99] Not creating XLA devices, tf_xla_enable_xla_devices not set
mse and spike frequency: 0.12656 0.0
[32m[I 2021-04-21 14:45:29,119][0m Trial 116 finished with values: [0.12656, 0.0] with parameters: {'Vahp': -40.5, 'Vth': -45.0, 'Vmax': 36.0, 't_ref': 19.0, 'R': 0.8, 'tau_m': 88.5, 'R_adp': 0.2, 'tau_w': 228.0, 'a': 35.0, 'rate_low': 34.5, 'rate_high': 42.0}.[0m
2021-04-21 14:45:29.776460: I tensorflow/compiler/jit/xla_gpu_device.cc:99] Not creating XLA devices, tf_xla_enable_xla_devices not set
maxFreq at 10nA: 102.0
2021-04-21 14:46:00.027872: I tensorflow/compiler/jit/xla_gpu_device.cc:99] Not creating XLA devices, tf_xla_enable_xla_devices not set
2021-04-21 14:46:19.669169: I tensorflow/compiler/jit/xla_gpu_device.cc:99] Not creating XLA devices, tf_xla_enable_xla_devices not set
mse and spike frequency: 0.03657 1.38
[32m[I 2021-04-21 14:46:37,904][0m Trial 117 finished with values: [0.03657, 1.38] with parameters: {'Vahp': -43.5, 'Vth': -37.5, 'Vmax': 39.0, 't_ref': 3.0, 'R': 0.1, 'tau_m': 320.0, 'R_adp': 0.5, 'tau_w': 42.0, 'a': 316.0, 'rate_low': 16.5, 'rate_high': 29.5}.[0m
2021-04-21 14:46:38.508815: I tensorflow/compiler/jit/xla_gpu_device.cc:99] Not creating XLA devices, tf_xla_enable_xla_devices not set
maxFreq at 10nA: 1000.0
2021-04-21 14:47:09.045369: I tensorflow/compiler/jit/xla_gpu_device.cc:99] Not creating XLA devices, tf_xla_enable_xla_devices not set
2021-04-21 14:47:28.900412: I tensorflow/compiler/jit/xla_gpu_device.cc:99] Not creating XLA devices, tf_xla_enable_xla_devices not set
mse and spike frequency: 0.12656 0.0
[32m[I 2021-04-21 14:47:47,422][0m Trial 118 finished with values: [0.12656, 0.0] with parameters: {'Vahp': -47.0, 'Vth': -56.0, 'Vmax': 31.0, 't_ref': 11.0, 'R': 0.7000000000000001, 'tau_m': 42.5, 'R_adp': 1.0, 'tau_w': 102.5, 'a': 58.0, 'rate_low': 31.0, 'rate_high': 45.5}.[0m
2021-04-21 14:47:48.048733: I tensorflow/compiler/jit/xla_gpu_device.cc:99] Not creating XLA devices, tf_xla_enable_xla_devices not set
maxFreq at 10nA: 1000.0
2021-04-21 14:48:18.551849: I tensorflow/compiler/jit/xla_gpu_device.cc:99] Not creating XLA devices, tf_xla_enable_xla_devices not set
2021-04-21 14:48:38.954572: I tensorflow/compiler/jit/xla_gpu_device.cc:99] Not creating XLA devices, tf_xla_enable_xla_devices not set
mse and spike frequency: 0.12656 0.0
[32m[I 2021-04-21 14:48:57,813][0m Trial 119 finished with values: [0.12656, 0.0] with parameters: {'Vahp': -20.0, 'Vth': -56.5, 'Vmax': 24.0, 't_ref': 15.0, 'R': 0.6, 'tau_m': 389.5, 'R_adp': 0.4, 'tau_w': 222.0, 'a': 189.5, 'rate_low': 23.5, 'rate_high': 44.0}.[0m
2021-04-21 14:48:58.425539: I tensorflow/compiler/jit/xla_gpu_device.cc:99] Not creating XLA devices, tf_xla_enable_xla_devices not set
maxFreq at 10nA: 1000.0
2021-04-21 14:49:29.335924: I tensorflow/compiler/jit/xla_gpu_device.cc:99] Not creating XLA devices, tf_xla_enable_xla_devices not set
2021-04-21 14:49:50.560131: I tensorflow/compiler/jit/xla_gpu_device.cc:99] Not creating XLA devices, tf_xla_enable_xla_devices not set
mse and spike frequency: 0.12656 0.0
[32m[I 2021-04-21 14:50:09,616][0m Trial 120 finished with values: [0.12656, 0.0] with parameters: {'Vahp': -47.0, 'Vth': -58.0, 'Vmax': 18.0, 't_ref': 17.5, 'R': 0.4, 'tau_m': 41.0, 'R_adp': 0.5, 'tau_w': 345.5, 'a': 53.0, 'rate_low': 15.5, 'rate_high': 22.0}.[0m
2021-04-21 14:50:10.226755: I tensorflow/compiler/jit/xla_gpu_device.cc:99] Not creating XLA devices, tf_xla_enable_xla_devices not set
maxFreq at 10nA: 162.0
2021-04-21 14:50:40.663671: I tensorflow/compiler/jit/xla_gpu_device.cc:99] Not creating XLA devices, tf_xla_enable_xla_devices not set
2021-04-21 14:51:01.744645: I tensorflow/compiler/jit/xla_gpu_device.cc:99] Not creating XLA devices, tf_xla_enable_xla_devices not set
mse and spike frequency: 7.01333 28.0
[32m[I 2021-04-21 14:51:20,832][0m Trial 121 finished with values: [7.01333, 28.0] with parameters: {'Vahp': -45.5, 'Vth': -35.5, 'Vmax': 26.0, 't_ref': 5.0, 'R': 0.7000000000000001, 'tau_m': 168.0, 'R_adp': 0.30000000000000004, 'tau_w': 494.0, 'a': 269.0, 'rate_low': 49.0, 'rate_high': 33.0}.[0m
2021-04-21 14:51:21.474492: I tensorflow/compiler/jit/xla_gpu_device.cc:99] Not creating XLA devices, tf_xla_enable_xla_devices not set
maxFreq at 10nA: 1000.0
2021-04-21 14:51:51.910781: I tensorflow/compiler/jit/xla_gpu_device.cc:99] Not creating XLA devices, tf_xla_enable_xla_devices not set
2021-04-21 14:52:13.355699: I tensorflow/compiler/jit/xla_gpu_device.cc:99] Not creating XLA devices, tf_xla_enable_xla_devices not set
mse and spike frequency: 0.12656 0.0
[32m[I 2021-04-21 14:52:32,839][0m Trial 122 finished with values: [0.12656, 0.0] with parameters: {'Vahp': -23.5, 'Vth': -25.0, 'Vmax': 24.0, 't_ref': 15.0, 'R': 0.5, 'tau_m': 121.0, 'R_adp': 0.4, 'tau_w': 222.0, 'a': 466.0, 'rate_low': 40.0, 'rate_high': 45.5}.[0m
2021-04-21 14:52:33.520357: I tensorflow/compiler/jit/xla_gpu_device.cc:99] Not creating XLA devices, tf_xla_enable_xla_devices not set
maxFreq at 10nA: 53.0
2021-04-21 14:53:03.851575: I tensorflow/compiler/jit/xla_gpu_device.cc:99] Not creating XLA devices, tf_xla_enable_xla_devices not set
2021-04-21 14:53:25.550079: I tensorflow/compiler/jit/xla_gpu_device.cc:99] Not creating XLA devices, tf_xla_enable_xla_devices not set
mse and spike frequency: 0.26197 4.65
[32m[I 2021-04-21 14:53:45,607][0m Trial 123 finished with values: [0.26197, 4.65] with parameters: {'Vahp': -45.5, 'Vth': -25.0, 'Vmax': 17.0, 't_ref': 15.0, 'R': 0.6, 'tau_m': 462.0, 'R_adp': 0.5, 'tau_w': 345.5, 'a': 466.0, 'rate_low': 40.0, 'rate_high': 42.0}.[0m
2021-04-21 14:53:46.254675: I tensorflow/compiler/jit/xla_gpu_device.cc:99] Not creating XLA devices, tf_xla_enable_xla_devices not set
maxFreq at 10nA: 1000.0
2021-04-21 14:54:16.997731: I tensorflow/compiler/jit/xla_gpu_device.cc:99] Not creating XLA devices, tf_xla_enable_xla_devices not set
2021-04-21 14:54:37.720751: I tensorflow/compiler/jit/xla_gpu_device.cc:99] Not creating XLA devices, tf_xla_enable_xla_devices not set
mse and spike frequency: 0.12656 0.0
[32m[I 2021-04-21 14:54:57,638][0m Trial 124 finished with values: [0.12656, 0.0] with parameters: {'Vahp': -47.0, 'Vth': -58.0, 'Vmax': 37.5, 't_ref': 4.5, 'R': 0.30000000000000004, 'tau_m': 41.0, 'R_adp': 0.4, 'tau_w': 306.0, 'a': 229.5, 'rate_low': 48.0, 'rate_high': 49.0}.[0m
2021-04-21 14:54:58.325827: I tensorflow/compiler/jit/xla_gpu_device.cc:99] Not creating XLA devices, tf_xla_enable_xla_devices not set
maxFreq at 10nA: 997.0
2021-04-21 14:55:30.097676: I tensorflow/compiler/jit/xla_gpu_device.cc:99] Not creating XLA devices, tf_xla_enable_xla_devices not set
2021-04-21 14:55:50.733941: I tensorflow/compiler/jit/xla_gpu_device.cc:99] Not creating XLA devices, tf_xla_enable_xla_devices not set
mse and spike frequency: 0.12656 0.0
[32m[I 2021-04-21 14:56:10,709][0m Trial 125 finished with values: [0.12656, 0.0] with parameters: {'Vahp': -35.5, 'Vth': -39.0, 'Vmax': 37.5, 't_ref': 4.5, 'R': 0.1, 'tau_m': 179.5, 'R_adp': 0.1, 'tau_w': 288.5, 'a': 362.5, 'rate_low': 49.5, 'rate_high': 28.5}.[0m
2021-04-21 14:56:11.368905: I tensorflow/compiler/jit/xla_gpu_device.cc:99] Not creating XLA devices, tf_xla_enable_xla_devices not set
maxFreq at 10nA: 1000.0
2021-04-21 14:56:43.384031: I tensorflow/compiler/jit/xla_gpu_device.cc:99] Not creating XLA devices, tf_xla_enable_xla_devices not set
2021-04-21 14:57:04.034862: I tensorflow/compiler/jit/xla_gpu_device.cc:99] Not creating XLA devices, tf_xla_enable_xla_devices not set
mse and spike frequency: 0.12656 0.0
[32m[I 2021-04-21 14:57:23,227][0m Trial 126 finished with values: [0.12656, 0.0] with parameters: {'Vahp': -45.5, 'Vth': -58.0, 'Vmax': 38.5, 't_ref': 7.0, 'R': 0.1, 'tau_m': 449.5, 'R_adp': 0.6, 'tau_w': 146.0, 'a': 345.0, 'rate_low': 50.0, 'rate_high': 50.0}.[0m
2021-04-21 14:57:23.999301: I tensorflow/compiler/jit/xla_gpu_device.cc:99] Not creating XLA devices, tf_xla_enable_xla_devices not set
maxFreq at 10nA: 999.0
2021-04-21 14:57:55.760858: I tensorflow/compiler/jit/xla_gpu_device.cc:99] Not creating XLA devices, tf_xla_enable_xla_devices not set
2021-04-21 14:58:15.944330: I tensorflow/compiler/jit/xla_gpu_device.cc:99] Not creating XLA devices, tf_xla_enable_xla_devices not set
mse and spike frequency: 0.12656 0.0
[32m[I 2021-04-21 14:58:34,949][0m Trial 127 finished with values: [0.12656, 0.0] with parameters: {'Vahp': -40.5, 'Vth': -45.5, 'Vmax': 20.5, 't_ref': 2.5, 'R': 0.4, 'tau_m': 379.5, 'R_adp': 0.5, 'tau_w': 152.5, 'a': 467.5, 'rate_low': 29.5, 'rate_high': 47.0}.[0m
2021-04-21 14:58:35.570186: I tensorflow/compiler/jit/xla_gpu_device.cc:99] Not creating XLA devices, tf_xla_enable_xla_devices not set
maxFreq at 10nA: 1000.0
2021-04-21 14:59:08.251729: I tensorflow/compiler/jit/xla_gpu_device.cc:99] Not creating XLA devices, tf_xla_enable_xla_devices not set
2021-04-21 14:59:28.793626: I tensorflow/compiler/jit/xla_gpu_device.cc:99] Not creating XLA devices, tf_xla_enable_xla_devices not set
mse and spike frequency: 0.12656 0.0
[32m[I 2021-04-21 14:59:48,077][0m Trial 128 finished with values: [0.12656, 0.0] with parameters: {'Vahp': -23.5, 'Vth': -56.0, 'Vmax': 31.0, 't_ref': 2.0, 'R': 0.5, 'tau_m': 42.5, 'R_adp': 0.1, 'tau_w': 106.0, 'a': 58.0, 'rate_low': 36.5, 'rate_high': 45.5}.[0m
2021-04-21 14:59:48.709291: I tensorflow/compiler/jit/xla_gpu_device.cc:99] Not creating XLA devices, tf_xla_enable_xla_devices not set
maxFreq at 10nA: 1000.0
2021-04-21 15:00:21.926006: I tensorflow/compiler/jit/xla_gpu_device.cc:99] Not creating XLA devices, tf_xla_enable_xla_devices not set
2021-04-21 15:00:41.881295: I tensorflow/compiler/jit/xla_gpu_device.cc:99] Not creating XLA devices, tf_xla_enable_xla_devices not set
mse and spike frequency: 0.12656 0.0
[32m[I 2021-04-21 15:01:00,961][0m Trial 129 finished with values: [0.12656, 0.0] with parameters: {'Vahp': -24.0, 'Vth': -47.5, 'Vmax': 11.5, 't_ref': 13.5, 'R': 0.9, 'tau_m': 22.0, 'R_adp': 0.7000000000000001, 'tau_w': 254.0, 'a': 18.5, 'rate_low': 28.0, 'rate_high': 39.0}.[0m
2021-04-21 15:01:01.620279: I tensorflow/compiler/jit/xla_gpu_device.cc:99] Not creating XLA devices, tf_xla_enable_xla_devices not set
maxFreq at 10nA: 1000.0
2021-04-21 15:01:34.365019: I tensorflow/compiler/jit/xla_gpu_device.cc:99] Not creating XLA devices, tf_xla_enable_xla_devices not set
2021-04-21 15:01:54.926731: I tensorflow/compiler/jit/xla_gpu_device.cc:99] Not creating XLA devices, tf_xla_enable_xla_devices not set
mse and spike frequency: 0.12656 0.0
[32m[I 2021-04-21 15:02:14,462][0m Trial 130 finished with values: [0.12656, 0.0] with parameters: {'Vahp': -36.0, 'Vth': -58.0, 'Vmax': 38.5, 't_ref': 9.0, 'R': 0.9, 'tau_m': 129.0, 'R_adp': 0.8, 'tau_w': 120.0, 'a': 218.0, 'rate_low': 11.5, 'rate_high': 31.5}.[0m
2021-04-21 15:02:15.151965: I tensorflow/compiler/jit/xla_gpu_device.cc:99] Not creating XLA devices, tf_xla_enable_xla_devices not set
maxFreq at 10nA: 1000.0
2021-04-21 15:02:48.030641: I tensorflow/compiler/jit/xla_gpu_device.cc:99] Not creating XLA devices, tf_xla_enable_xla_devices not set
2021-04-21 15:03:08.792246: I tensorflow/compiler/jit/xla_gpu_device.cc:99] Not creating XLA devices, tf_xla_enable_xla_devices not set
mse and spike frequency: 0.12656 0.0
[32m[I 2021-04-21 15:03:27,795][0m Trial 131 finished with values: [0.12656, 0.0] with parameters: {'Vahp': -38.0, 'Vth': -56.0, 'Vmax': 22.0, 't_ref': 13.5, 'R': 0.7000000000000001, 'tau_m': 428.5, 'R_adp': 0.2, 'tau_w': 376.5, 'a': 135.5, 'rate_low': 21.0, 'rate_high': 45.0}.[0m
2021-04-21 15:03:28.413262: I tensorflow/compiler/jit/xla_gpu_device.cc:99] Not creating XLA devices, tf_xla_enable_xla_devices not set
maxFreq at 10nA: 998.0
2021-04-21 15:04:01.062662: I tensorflow/compiler/jit/xla_gpu_device.cc:99] Not creating XLA devices, tf_xla_enable_xla_devices not set
2021-04-21 15:04:22.128346: I tensorflow/compiler/jit/xla_gpu_device.cc:99] Not creating XLA devices, tf_xla_enable_xla_devices not set
mse and spike frequency: 0.12656 0.0
[32m[I 2021-04-21 15:04:41,366][0m Trial 132 finished with values: [0.12656, 0.0] with parameters: {'Vahp': -45.5, 'Vth': -49.5, 'Vmax': 20.5, 't_ref': 3.5, 'R': 0.1, 'tau_m': 320.0, 'R_adp': 0.7000000000000001, 'tau_w': 152.5, 'a': 105.0, 'rate_low': 28.0, 'rate_high': 50.0}.[0m
2021-04-21 15:04:42.020089: I tensorflow/compiler/jit/xla_gpu_device.cc:99] Not creating XLA devices, tf_xla_enable_xla_devices not set
maxFreq at 10nA: 1000.0
2021-04-21 15:05:15.107764: I tensorflow/compiler/jit/xla_gpu_device.cc:99] Not creating XLA devices, tf_xla_enable_xla_devices not set
2021-04-21 15:05:36.205039: I tensorflow/compiler/jit/xla_gpu_device.cc:99] Not creating XLA devices, tf_xla_enable_xla_devices not set
mse and spike frequency: 0.12656 0.0
[32m[I 2021-04-21 15:05:55,963][0m Trial 133 finished with values: [0.12656, 0.0] with parameters: {'Vahp': -21.5, 'Vth': -29.5, 'Vmax': 36.5, 't_ref': 19.0, 'R': 0.8, 'tau_m': 109.5, 'R_adp': 0.30000000000000004, 'tau_w': 228.0, 'a': 35.0, 'rate_low': 15.0, 'rate_high': 42.5}.[0m
2021-04-21 15:05:56.607108: I tensorflow/compiler/jit/xla_gpu_device.cc:99] Not creating XLA devices, tf_xla_enable_xla_devices not set
maxFreq at 10nA: 1000.0
2021-04-21 15:06:29.893401: I tensorflow/compiler/jit/xla_gpu_device.cc:99] Not creating XLA devices, tf_xla_enable_xla_devices not set
2021-04-21 15:06:51.094566: I tensorflow/compiler/jit/xla_gpu_device.cc:99] Not creating XLA devices, tf_xla_enable_xla_devices not set
mse and spike frequency: 0.12656 0.0
[32m[I 2021-04-21 15:07:11,202][0m Trial 134 finished with values: [0.12656, 0.0] with parameters: {'Vahp': -25.5, 'Vth': -57.0, 'Vmax': 26.0, 't_ref': 15.0, 'R': 0.1, 'tau_m': 4.5, 'R_adp': 0.1, 'tau_w': 125.0, 'a': 269.0, 'rate_low': 29.5, 'rate_high': 35.5}.[0m
2021-04-21 15:07:11.834149: I tensorflow/compiler/jit/xla_gpu_device.cc:99] Not creating XLA devices, tf_xla_enable_xla_devices not set
maxFreq at 10nA: 1000.0
2021-04-21 15:07:45.718272: I tensorflow/compiler/jit/xla_gpu_device.cc:99] Not creating XLA devices, tf_xla_enable_xla_devices not set
2021-04-21 15:08:07.133267: I tensorflow/compiler/jit/xla_gpu_device.cc:99] Not creating XLA devices, tf_xla_enable_xla_devices not set
mse and spike frequency: 0.12656 0.0
[32m[I 2021-04-21 15:08:26,584][0m Trial 135 finished with values: [0.12656, 0.0] with parameters: {'Vahp': -27.0, 'Vth': -49.5, 'Vmax': 22.0, 't_ref': 3.0, 'R': 0.9, 'tau_m': 16.0, 'R_adp': 1.0, 'tau_w': 494.0, 'a': 487.5, 'rate_low': 22.5, 'rate_high': 40.0}.[0m
2021-04-21 15:08:27.214786: I tensorflow/compiler/jit/xla_gpu_device.cc:99] Not creating XLA devices, tf_xla_enable_xla_devices not set
maxFreq at 10nA: 1000.0
2021-04-21 15:09:00.515608: I tensorflow/compiler/jit/xla_gpu_device.cc:99] Not creating XLA devices, tf_xla_enable_xla_devices not set
2021-04-21 15:09:22.038197: I tensorflow/compiler/jit/xla_gpu_device.cc:99] Not creating XLA devices, tf_xla_enable_xla_devices not set
mse and spike frequency: 0.12656 0.0
[32m[I 2021-04-21 15:09:41,620][0m Trial 136 finished with values: [0.12656, 0.0] with parameters: {'Vahp': -20.0, 'Vth': -44.5, 'Vmax': 36.0, 't_ref': 15.0, 'R': 1.0, 'tau_m': 146.0, 'R_adp': 0.2, 'tau_w': 228.0, 'a': 459.5, 'rate_low': 34.5, 'rate_high': 42.5}.[0m
2021-04-21 15:09:42.239198: I tensorflow/compiler/jit/xla_gpu_device.cc:99] Not creating XLA devices, tf_xla_enable_xla_devices not set
maxFreq at 10nA: 1000.0
2021-04-21 15:10:15.902570: I tensorflow/compiler/jit/xla_gpu_device.cc:99] Not creating XLA devices, tf_xla_enable_xla_devices not set
2021-04-21 15:10:37.616415: I tensorflow/compiler/jit/xla_gpu_device.cc:99] Not creating XLA devices, tf_xla_enable_xla_devices not set
mse and spike frequency: 0.12656 0.0
[32m[I 2021-04-21 15:10:57,748][0m Trial 137 finished with values: [0.12656, 0.0] with parameters: {'Vahp': -45.5, 'Vth': -49.5, 'Vmax': 39.0, 't_ref': 3.5, 'R': 0.8, 'tau_m': 320.0, 'R_adp': 0.1, 'tau_w': 32.5, 'a': 345.0, 'rate_low': 50.0, 'rate_high': 50.0}.[0m
2021-04-21 15:10:58.384788: I tensorflow/compiler/jit/xla_gpu_device.cc:99] Not creating XLA devices, tf_xla_enable_xla_devices not set
maxFreq at 10nA: 63.0
2021-04-21 15:11:32.186152: I tensorflow/compiler/jit/xla_gpu_device.cc:99] Not creating XLA devices, tf_xla_enable_xla_devices not set
2021-04-21 15:11:54.382765: I tensorflow/compiler/jit/xla_gpu_device.cc:99] Not creating XLA devices, tf_xla_enable_xla_devices not set
mse and spike frequency: 0.7775 15.61
[32m[I 2021-04-21 15:12:14,208][0m Trial 138 finished with values: [0.7775, 15.61] with parameters: {'Vahp': -27.0, 'Vth': -25.0, 'Vmax': 22.0, 't_ref': 15.0, 'R': 0.9, 'tau_m': 4.5, 'R_adp': 0.2, 'tau_w': 449.5, 'a': 487.5, 'rate_low': 41.0, 'rate_high': 41.0}.[0m
2021-04-21 15:12:14.845847: I tensorflow/compiler/jit/xla_gpu_device.cc:99] Not creating XLA devices, tf_xla_enable_xla_devices not set
maxFreq at 10nA: 999.0
2021-04-21 15:12:48.205362: I tensorflow/compiler/jit/xla_gpu_device.cc:99] Not creating XLA devices, tf_xla_enable_xla_devices not set
2021-04-21 15:13:10.541858: I tensorflow/compiler/jit/xla_gpu_device.cc:99] Not creating XLA devices, tf_xla_enable_xla_devices not set
mse and spike frequency: 0.12656 0.0
[32m[I 2021-04-21 15:13:30,442][0m Trial 139 finished with values: [0.12656, 0.0] with parameters: {'Vahp': -28.0, 'Vth': -35.5, 'Vmax': 26.0, 't_ref': 3.5, 'R': 0.6, 'tau_m': 317.0, 'R_adp': 0.30000000000000004, 'tau_w': 290.5, 'a': 192.0, 'rate_low': 49.0, 'rate_high': 50.0}.[0m
2021-04-21 15:13:31.092300: I tensorflow/compiler/jit/xla_gpu_device.cc:99] Not creating XLA devices, tf_xla_enable_xla_devices not set
maxFreq at 10nA: 1000.0
2021-04-21 15:14:04.392835: I tensorflow/compiler/jit/xla_gpu_device.cc:99] Not creating XLA devices, tf_xla_enable_xla_devices not set
2021-04-21 15:14:27.839970: I tensorflow/compiler/jit/xla_gpu_device.cc:99] Not creating XLA devices, tf_xla_enable_xla_devices not set
mse and spike frequency: 0.12656 0.0
[32m[I 2021-04-21 15:14:48,267][0m Trial 140 finished with values: [0.12656, 0.0] with parameters: {'Vahp': -45.0, 'Vth': -56.5, 'Vmax': 22.0, 't_ref': 3.0, 'R': 0.5, 'tau_m': 389.5, 'R_adp': 1.0, 'tau_w': 271.0, 'a': 189.5, 'rate_low': 8.5, 'rate_high': 44.0}.[0m
2021-04-21 15:14:48.927773: I tensorflow/compiler/jit/xla_gpu_device.cc:99] Not creating XLA devices, tf_xla_enable_xla_devices not set
maxFreq at 10nA: 1000.0
2021-04-21 15:15:22.803924: I tensorflow/compiler/jit/xla_gpu_device.cc:99] Not creating XLA devices, tf_xla_enable_xla_devices not set
2021-04-21 15:15:46.420830: I tensorflow/compiler/jit/xla_gpu_device.cc:99] Not creating XLA devices, tf_xla_enable_xla_devices not set
mse and spike frequency: 0.12656 0.0
[32m[I 2021-04-21 15:16:07,257][0m Trial 141 finished with values: [0.12656, 0.0] with parameters: {'Vahp': -23.5, 'Vth': -39.0, 'Vmax': 34.5, 't_ref': 2.0, 'R': 0.5, 'tau_m': 121.0, 'R_adp': 0.4, 'tau_w': 106.0, 'a': 229.5, 'rate_low': 36.5, 'rate_high': 49.0}.[0m
2021-04-21 15:16:07.918710: I tensorflow/compiler/jit/xla_gpu_device.cc:99] Not creating XLA devices, tf_xla_enable_xla_devices not set
maxFreq at 10nA: 1000.0
2021-04-21 15:16:42.220774: I tensorflow/compiler/jit/xla_gpu_device.cc:99] Not creating XLA devices, tf_xla_enable_xla_devices not set
2021-04-21 15:17:05.592990: I tensorflow/compiler/jit/xla_gpu_device.cc:99] Not creating XLA devices, tf_xla_enable_xla_devices not set
mse and spike frequency: 0.12656 0.0
