[32m[I 2021-04-21 16:10:14,812][0m Trial 182 finished with values: [0.00076, 16.35] with parameters: {'Vahp': -52.5, 'Vth': -38.5, 'Vmax': 25.5, 't_ref': 1.0, 'R': 0.30000000000000004, 'tau_m': 155.0, 'rate_low': 18.5, 'rate_high': 26.0}.[0m
2021-04-21 16:10:15.618785: I tensorflow/compiler/jit/xla_gpu_device.cc:99] Not creating XLA devices, tf_xla_enable_xla_devices not set
maxFreq at 10nA: 999.0
2021-04-21 16:10:53.322658: I tensorflow/compiler/jit/xla_gpu_device.cc:99] Not creating XLA devices, tf_xla_enable_xla_devices not set
2021-04-21 16:11:21.569027: I tensorflow/compiler/jit/xla_gpu_device.cc:99] Not creating XLA devices, tf_xla_enable_xla_devices not set
mse and spike frequency: 0.12656 0.0
[32m[I 2021-04-21 16:11:49,734][0m Trial 183 finished with values: [0.12656, 0.0] with parameters: {'Vahp': -36.5, 'Vth': -38.5, 'Vmax': 10.0, 't_ref': 19.5, 'R': 0.9, 'tau_m': 469.5, 'rate_low': 14.0, 'rate_high': 41.0}.[0m
2021-04-21 16:11:50.525518: I tensorflow/compiler/jit/xla_gpu_device.cc:99] Not creating XLA devices, tf_xla_enable_xla_devices not set
maxFreq at 10nA: 999.0
2021-04-21 16:12:29.405965: I tensorflow/compiler/jit/xla_gpu_device.cc:99] Not creating XLA devices, tf_xla_enable_xla_devices not set
2021-04-21 16:12:58.058770: I tensorflow/compiler/jit/xla_gpu_device.cc:99] Not creating XLA devices, tf_xla_enable_xla_devices not set
mse and spike frequency: 0.12656 0.0
[32m[I 2021-04-21 16:13:26,056][0m Trial 184 finished with values: [0.12656, 0.0] with parameters: {'Vahp': -36.0, 'Vth': -38.5, 'Vmax': 24.5, 't_ref': 19.5, 'R': 0.5, 'tau_m': 469.5, 'rate_low': 23.5, 'rate_high': 33.5}.[0m
2021-04-21 16:13:26.885173: I tensorflow/compiler/jit/xla_gpu_device.cc:99] Not creating XLA devices, tf_xla_enable_xla_devices not set
maxFreq at 10nA: 334.0
2021-04-21 16:14:05.313131: I tensorflow/compiler/jit/xla_gpu_device.cc:99] Not creating XLA devices, tf_xla_enable_xla_devices not set
2021-04-21 16:14:33.951839: I tensorflow/compiler/jit/xla_gpu_device.cc:99] Not creating XLA devices, tf_xla_enable_xla_devices not set
mse and spike frequency: 0.00098 31.0
[32m[I 2021-04-21 16:15:02,102][0m Trial 185 finished with values: [0.00098, 31.0] with parameters: {'Vahp': -54.0, 'Vth': -33.5, 'Vmax': 32.5, 't_ref': 2.0, 'R': 0.30000000000000004, 'tau_m': 112.5, 'rate_low': 35.0, 'rate_high': 36.5}.[0m
2021-04-21 16:15:02.929241: I tensorflow/compiler/jit/xla_gpu_device.cc:99] Not creating XLA devices, tf_xla_enable_xla_devices not set
maxFreq at 10nA: 1000.0
2021-04-21 16:15:41.829022: I tensorflow/compiler/jit/xla_gpu_device.cc:99] Not creating XLA devices, tf_xla_enable_xla_devices not set
2021-04-21 16:16:10.932571: I tensorflow/compiler/jit/xla_gpu_device.cc:99] Not creating XLA devices, tf_xla_enable_xla_devices not set
mse and spike frequency: 0.12656 0.0
[32m[I 2021-04-21 16:16:39,596][0m Trial 186 finished with values: [0.12656, 0.0] with parameters: {'Vahp': -20.5, 'Vth': -38.5, 'Vmax': 30.5, 't_ref': 1.0, 'R': 0.5, 'tau_m': 168.0, 'rate_low': 22.0, 'rate_high': 26.0}.[0m
2021-04-21 16:16:40.383930: I tensorflow/compiler/jit/xla_gpu_device.cc:99] Not creating XLA devices, tf_xla_enable_xla_devices not set
maxFreq at 10nA: 1000.0
2021-04-21 16:17:19.140527: I tensorflow/compiler/jit/xla_gpu_device.cc:99] Not creating XLA devices, tf_xla_enable_xla_devices not set
2021-04-21 16:17:47.781110: I tensorflow/compiler/jit/xla_gpu_device.cc:99] Not creating XLA devices, tf_xla_enable_xla_devices not set
mse and spike frequency: 0.12656 0.0
[32m[I 2021-04-21 16:18:16,442][0m Trial 187 finished with values: [0.12656, 0.0] with parameters: {'Vahp': -29.5, 'Vth': -43.0, 'Vmax': 14.0, 't_ref': 6.0, 'R': 0.8, 'tau_m': 364.5, 'rate_low': 7.0, 'rate_high': 50.0}.[0m
2021-04-21 16:18:17.268965: I tensorflow/compiler/jit/xla_gpu_device.cc:99] Not creating XLA devices, tf_xla_enable_xla_devices not set
maxFreq at 10nA: 997.0
2021-04-21 16:18:56.691898: I tensorflow/compiler/jit/xla_gpu_device.cc:99] Not creating XLA devices, tf_xla_enable_xla_devices not set
2021-04-21 16:19:25.922509: I tensorflow/compiler/jit/xla_gpu_device.cc:99] Not creating XLA devices, tf_xla_enable_xla_devices not set
mse and spike frequency: 0.12656 0.0
[32m[I 2021-04-21 16:19:55,094][0m Trial 188 finished with values: [0.12656, 0.0] with parameters: {'Vahp': -20.5, 'Vth': -52.0, 'Vmax': 32.5, 't_ref': 20.0, 'R': 0.1, 'tau_m': 487.5, 'rate_low': 35.0, 'rate_high': 43.5}.[0m
2021-04-21 16:19:55.920007: I tensorflow/compiler/jit/xla_gpu_device.cc:99] Not creating XLA devices, tf_xla_enable_xla_devices not set
maxFreq at 10nA: 999.0
2021-04-21 16:20:34.587107: I tensorflow/compiler/jit/xla_gpu_device.cc:99] Not creating XLA devices, tf_xla_enable_xla_devices not set
2021-04-21 16:21:04.153459: I tensorflow/compiler/jit/xla_gpu_device.cc:99] Not creating XLA devices, tf_xla_enable_xla_devices not set
mse and spike frequency: 0.12656 0.0
[32m[I 2021-04-21 16:21:33,637][0m Trial 189 finished with values: [0.12656, 0.0] with parameters: {'Vahp': -33.0, 'Vth': -38.5, 'Vmax': 30.5, 't_ref': 3.5, 'R': 0.30000000000000004, 'tau_m': 155.0, 'rate_low': 47.5, 'rate_high': 35.5}.[0m
2021-04-21 16:21:34.453982: I tensorflow/compiler/jit/xla_gpu_device.cc:99] Not creating XLA devices, tf_xla_enable_xla_devices not set
maxFreq at 10nA: 143.0
2021-04-21 16:22:13.644490: I tensorflow/compiler/jit/xla_gpu_device.cc:99] Not creating XLA devices, tf_xla_enable_xla_devices not set
2021-04-21 16:22:43.542986: I tensorflow/compiler/jit/xla_gpu_device.cc:99] Not creating XLA devices, tf_xla_enable_xla_devices not set
mse and spike frequency: 0.00125 12.03
[32m[I 2021-04-21 16:23:13,232][0m Trial 190 finished with values: [0.00125, 12.03] with parameters: {'Vahp': -54.0, 'Vth': -35.0, 'Vmax': 17.0, 't_ref': 5.5, 'R': 0.4, 'tau_m': 112.5, 'rate_low': 7.5, 'rate_high': 44.0}.[0m
2021-04-21 16:23:14.002941: I tensorflow/compiler/jit/xla_gpu_device.cc:99] Not creating XLA devices, tf_xla_enable_xla_devices not set
maxFreq at 10nA: 91.0
2021-04-21 16:23:53.690833: I tensorflow/compiler/jit/xla_gpu_device.cc:99] Not creating XLA devices, tf_xla_enable_xla_devices not set
2021-04-21 16:24:23.434220: I tensorflow/compiler/jit/xla_gpu_device.cc:99] Not creating XLA devices, tf_xla_enable_xla_devices not set
mse and spike frequency: 0.12656 0.0
[32m[I 2021-04-21 16:24:52,807][0m Trial 191 finished with values: [0.12656, 0.0] with parameters: {'Vahp': -56.0, 'Vth': -55.0, 'Vmax': 13.0, 't_ref': 10.0, 'R': 0.7000000000000001, 'tau_m': 494.5, 'rate_low': 7.5, 'rate_high': 34.0}.[0m
2021-04-21 16:24:53.601129: I tensorflow/compiler/jit/xla_gpu_device.cc:99] Not creating XLA devices, tf_xla_enable_xla_devices not set
maxFreq at 10nA: 1000.0
2021-04-21 16:25:32.402839: I tensorflow/compiler/jit/xla_gpu_device.cc:99] Not creating XLA devices, tf_xla_enable_xla_devices not set
2021-04-21 16:26:01.966835: I tensorflow/compiler/jit/xla_gpu_device.cc:99] Not creating XLA devices, tf_xla_enable_xla_devices not set
mse and spike frequency: 0.12656 0.0
[32m[I 2021-04-21 16:26:31,676][0m Trial 192 finished with values: [0.12656, 0.0] with parameters: {'Vahp': -30.5, 'Vth': -43.0, 'Vmax': 29.0, 't_ref': 11.5, 'R': 1.0, 'tau_m': 194.0, 'rate_low': 7.5, 'rate_high': 43.5}.[0m
2021-04-21 16:26:32.570189: I tensorflow/compiler/jit/xla_gpu_device.cc:99] Not creating XLA devices, tf_xla_enable_xla_devices not set
maxFreq at 10nA: 999.0
2021-04-21 16:27:12.443638: I tensorflow/compiler/jit/xla_gpu_device.cc:99] Not creating XLA devices, tf_xla_enable_xla_devices not set
2021-04-21 16:27:42.366075: I tensorflow/compiler/jit/xla_gpu_device.cc:99] Not creating XLA devices, tf_xla_enable_xla_devices not set
mse and spike frequency: 0.12656 0.0
[32m[I 2021-04-21 16:28:11,883][0m Trial 193 finished with values: [0.12656, 0.0] with parameters: {'Vahp': -20.5, 'Vth': -52.0, 'Vmax': 11.0, 't_ref': 18.5, 'R': 0.1, 'tau_m': 163.0, 'rate_low': 46.0, 'rate_high': 44.0}.[0m
2021-04-21 16:28:12.688152: I tensorflow/compiler/jit/xla_gpu_device.cc:99] Not creating XLA devices, tf_xla_enable_xla_devices not set
maxFreq at 10nA: 67.0
2021-04-21 16:28:52.847038: I tensorflow/compiler/jit/xla_gpu_device.cc:99] Not creating XLA devices, tf_xla_enable_xla_devices not set
2021-04-21 16:29:22.977160: I tensorflow/compiler/jit/xla_gpu_device.cc:99] Not creating XLA devices, tf_xla_enable_xla_devices not set
mse and spike frequency: 0.01076 3.69
[32m[I 2021-04-21 16:29:52,524][0m Trial 194 finished with values: [0.01076, 3.69] with parameters: {'Vahp': -47.0, 'Vth': -37.0, 'Vmax': 10.5, 't_ref': 10.0, 'R': 0.1, 'tau_m': 444.0, 'rate_low': 29.0, 'rate_high': 30.0}.[0m
2021-04-21 16:29:53.338029: I tensorflow/compiler/jit/xla_gpu_device.cc:99] Not creating XLA devices, tf_xla_enable_xla_devices not set
maxFreq at 10nA: 84.0
2021-04-21 16:30:33.472738: I tensorflow/compiler/jit/xla_gpu_device.cc:99] Not creating XLA devices, tf_xla_enable_xla_devices not set
2021-04-21 16:31:04.055187: I tensorflow/compiler/jit/xla_gpu_device.cc:99] Not creating XLA devices, tf_xla_enable_xla_devices not set
mse and spike frequency: 0.00226 9.69
[32m[I 2021-04-21 16:31:33,382][0m Trial 195 finished with values: [0.00226, 9.69] with parameters: {'Vahp': -39.0, 'Vth': -30.5, 'Vmax': 37.0, 't_ref': 11.0, 'R': 0.5, 'tau_m': 343.5, 'rate_low': 7.5, 'rate_high': 43.5}.[0m
2021-04-21 16:31:34.182484: I tensorflow/compiler/jit/xla_gpu_device.cc:99] Not creating XLA devices, tf_xla_enable_xla_devices not set
maxFreq at 10nA: 91.0
2021-04-21 16:32:14.892311: I tensorflow/compiler/jit/xla_gpu_device.cc:99] Not creating XLA devices, tf_xla_enable_xla_devices not set
2021-04-21 16:32:45.817108: I tensorflow/compiler/jit/xla_gpu_device.cc:99] Not creating XLA devices, tf_xla_enable_xla_devices not set
mse and spike frequency: 0.00581 4.63
[32m[I 2021-04-21 16:33:15,369][0m Trial 196 finished with values: [0.00581, 4.63] with parameters: {'Vahp': -50.0, 'Vth': -39.0, 'Vmax': 38.0, 't_ref': 6.0, 'R': 0.1, 'tau_m': 388.0, 'rate_low': 31.5, 'rate_high': 30.0}.[0m
2021-04-21 16:33:16.178385: I tensorflow/compiler/jit/xla_gpu_device.cc:99] Not creating XLA devices, tf_xla_enable_xla_devices not set
maxFreq at 10nA: 1000.0
2021-04-21 16:33:56.753457: I tensorflow/compiler/jit/xla_gpu_device.cc:99] Not creating XLA devices, tf_xla_enable_xla_devices not set
2021-04-21 16:34:27.459285: I tensorflow/compiler/jit/xla_gpu_device.cc:99] Not creating XLA devices, tf_xla_enable_xla_devices not set
mse and spike frequency: 0.12656 0.0
[32m[I 2021-04-21 16:34:57,050][0m Trial 197 finished with values: [0.12656, 0.0] with parameters: {'Vahp': -46.0, 'Vth': -52.5, 'Vmax': 39.5, 't_ref': 19.5, 'R': 0.6, 'tau_m': 487.5, 'rate_low': 40.0, 'rate_high': 36.5}.[0m
2021-04-21 16:34:57.953450: I tensorflow/compiler/jit/xla_gpu_device.cc:99] Not creating XLA devices, tf_xla_enable_xla_devices not set
maxFreq at 10nA: 999.0
2021-04-21 16:35:38.961149: I tensorflow/compiler/jit/xla_gpu_device.cc:99] Not creating XLA devices, tf_xla_enable_xla_devices not set
2021-04-21 16:36:10.015966: I tensorflow/compiler/jit/xla_gpu_device.cc:99] Not creating XLA devices, tf_xla_enable_xla_devices not set
mse and spike frequency: 0.12656 0.0
[32m[I 2021-04-21 16:36:38,822][0m Trial 198 finished with values: [0.12656, 0.0] with parameters: {'Vahp': -50.0, 'Vth': -51.5, 'Vmax': 29.0, 't_ref': 16.0, 'R': 0.2, 'tau_m': 444.0, 'rate_low': 12.0, 'rate_high': 43.5}.[0m
2021-04-21 16:36:39.649257: I tensorflow/compiler/jit/xla_gpu_device.cc:99] Not creating XLA devices, tf_xla_enable_xla_devices not set
maxFreq at 10nA: 1000.0
2021-04-21 16:37:21.067578: I tensorflow/compiler/jit/xla_gpu_device.cc:99] Not creating XLA devices, tf_xla_enable_xla_devices not set
2021-04-21 16:37:51.216474: I tensorflow/compiler/jit/xla_gpu_device.cc:99] Not creating XLA devices, tf_xla_enable_xla_devices not set
mse and spike frequency: 0.12656 0.0
[32m[I 2021-04-21 16:38:20,383][0m Trial 199 finished with values: [0.12656, 0.0] with parameters: {'Vahp': -33.5, 'Vth': -35.0, 'Vmax': 17.0, 't_ref': 5.5, 'R': 0.8, 'tau_m': 163.0, 'rate_low': 24.0, 'rate_high': 43.5}.[0m
2021-04-21 16:38:21.280695: I tensorflow/compiler/jit/xla_gpu_device.cc:99] Not creating XLA devices, tf_xla_enable_xla_devices not set
maxFreq at 10nA: 1000.0
2021-04-21 16:39:02.439317: I tensorflow/compiler/jit/xla_gpu_device.cc:99] Not creating XLA devices, tf_xla_enable_xla_devices not set
2021-04-21 16:39:32.281510: I tensorflow/compiler/jit/xla_gpu_device.cc:99] Not creating XLA devices, tf_xla_enable_xla_devices not set
mse and spike frequency: 0.12656 0.0
[32m[I 2021-04-21 16:40:00,801][0m Trial 200 finished with values: [0.12656, 0.0] with parameters: {'Vahp': -42.0, 'Vth': -43.0, 'Vmax': 29.0, 't_ref': 19.5, 'R': 1.0, 'tau_m': 194.0, 'rate_low': 27.0, 'rate_high': 36.5}.[0m
2021-04-21 16:40:01.605233: I tensorflow/compiler/jit/xla_gpu_device.cc:99] Not creating XLA devices, tf_xla_enable_xla_devices not set
maxFreq at 10nA: 999.0
2021-04-21 16:40:43.482806: I tensorflow/compiler/jit/xla_gpu_device.cc:99] Not creating XLA devices, tf_xla_enable_xla_devices not set
2021-04-21 16:41:13.234272: I tensorflow/compiler/jit/xla_gpu_device.cc:99] Not creating XLA devices, tf_xla_enable_xla_devices not set
mse and spike frequency: 0.12656 0.0
[32m[I 2021-04-21 16:41:42,106][0m Trial 201 finished with values: [0.12656, 0.0] with parameters: {'Vahp': -50.0, 'Vth': -51.5, 'Vmax': 29.0, 't_ref': 16.0, 'R': 0.2, 'tau_m': 444.0, 'rate_low': 12.0, 'rate_high': 43.5}.[0m
2021-04-21 16:41:43.070258: I tensorflow/compiler/jit/xla_gpu_device.cc:99] Not creating XLA devices, tf_xla_enable_xla_devices not set
maxFreq at 10nA: 999.0
2021-04-21 16:42:25.174384: I tensorflow/compiler/jit/xla_gpu_device.cc:99] Not creating XLA devices, tf_xla_enable_xla_devices not set
2021-04-21 16:42:54.198001: I tensorflow/compiler/jit/xla_gpu_device.cc:99] Not creating XLA devices, tf_xla_enable_xla_devices not set
mse and spike frequency: 0.12656 0.0
[32m[I 2021-04-21 16:43:23,390][0m Trial 202 finished with values: [0.12656, 0.0] with parameters: {'Vahp': -26.0, 'Vth': -43.0, 'Vmax': 20.5, 't_ref': 14.0, 'R': 0.5, 'tau_m': 364.5, 'rate_low': 45.5, 'rate_high': 23.5}.[0m
2021-04-21 16:43:24.269640: I tensorflow/compiler/jit/xla_gpu_device.cc:99] Not creating XLA devices, tf_xla_enable_xla_devices not set
maxFreq at 10nA: 997.0
2021-04-21 16:44:07.274938: I tensorflow/compiler/jit/xla_gpu_device.cc:99] Not creating XLA devices, tf_xla_enable_xla_devices not set
2021-04-21 16:44:37.490044: I tensorflow/compiler/jit/xla_gpu_device.cc:99] Not creating XLA devices, tf_xla_enable_xla_devices not set
mse and spike frequency: 0.12656 0.0
[32m[I 2021-04-21 16:45:06,792][0m Trial 203 finished with values: [0.12656, 0.0] with parameters: {'Vahp': -20.5, 'Vth': -34.0, 'Vmax': 39.5, 't_ref': 19.5, 'R': 0.30000000000000004, 'tau_m': 425.0, 'rate_low': 22.0, 'rate_high': 48.0}.[0m
2021-04-21 16:45:07.669553: I tensorflow/compiler/jit/xla_gpu_device.cc:99] Not creating XLA devices, tf_xla_enable_xla_devices not set
maxFreq at 10nA: 50.0
2021-04-21 16:45:50.607342: I tensorflow/compiler/jit/xla_gpu_device.cc:99] Not creating XLA devices, tf_xla_enable_xla_devices not set
2021-04-21 16:46:20.666324: I tensorflow/compiler/jit/xla_gpu_device.cc:99] Not creating XLA devices, tf_xla_enable_xla_devices not set
mse and spike frequency: 0.00432 20.37
[32m[I 2021-04-21 16:46:49,917][0m Trial 204 finished with values: [0.00432, 20.37] with parameters: {'Vahp': -44.0, 'Vth': -29.5, 'Vmax': 13.0, 't_ref': 19.0, 'R': 0.7000000000000001, 'tau_m': 139.0, 'rate_low': 48.5, 'rate_high': 44.0}.[0m
2021-04-21 16:46:50.783275: I tensorflow/compiler/jit/xla_gpu_device.cc:99] Not creating XLA devices, tf_xla_enable_xla_devices not set
maxFreq at 10nA: 48.0
2021-04-21 16:47:33.949854: I tensorflow/compiler/jit/xla_gpu_device.cc:99] Not creating XLA devices, tf_xla_enable_xla_devices not set
2021-04-21 16:48:04.120796: I tensorflow/compiler/jit/xla_gpu_device.cc:99] Not creating XLA devices, tf_xla_enable_xla_devices not set
mse and spike frequency: 0.00393 19.03
[32m[I 2021-04-21 16:48:33,502][0m Trial 205 finished with values: [0.00393, 19.03] with parameters: {'Vahp': -28.0, 'Vth': -22.0, 'Vmax': 39.5, 't_ref': 19.5, 'R': 0.9, 'tau_m': 237.5, 'rate_low': 27.0, 'rate_high': 30.0}.[0m
2021-04-21 16:48:34.387149: I tensorflow/compiler/jit/xla_gpu_device.cc:99] Not creating XLA devices, tf_xla_enable_xla_devices not set
maxFreq at 10nA: 50.0
2021-04-21 16:49:18.067332: I tensorflow/compiler/jit/xla_gpu_device.cc:99] Not creating XLA devices, tf_xla_enable_xla_devices not set
2021-04-21 16:49:49.520093: I tensorflow/compiler/jit/xla_gpu_device.cc:99] Not creating XLA devices, tf_xla_enable_xla_devices not set
mse and spike frequency: 0.12661 0.09
[32m[I 2021-04-21 16:50:19,411][0m Trial 206 finished with values: [0.12661, 0.09] with parameters: {'Vahp': -52.0, 'Vth': -52.0, 'Vmax': 11.0, 't_ref': 18.5, 'R': 0.30000000000000004, 'tau_m': 470.5, 'rate_low': 16.0, 'rate_high': 44.0}.[0m
2021-04-21 16:50:20.258039: I tensorflow/compiler/jit/xla_gpu_device.cc:99] Not creating XLA devices, tf_xla_enable_xla_devices not set
maxFreq at 10nA: 1000.0
2021-04-21 16:51:03.841116: I tensorflow/compiler/jit/xla_gpu_device.cc:99] Not creating XLA devices, tf_xla_enable_xla_devices not set
2021-04-21 16:51:35.627057: I tensorflow/compiler/jit/xla_gpu_device.cc:99] Not creating XLA devices, tf_xla_enable_xla_devices not set
mse and spike frequency: 0.12656 0.0
[32m[I 2021-04-21 16:52:04,518][0m Trial 207 finished with values: [0.12656, 0.0] with parameters: {'Vahp': -39.5, 'Vth': -45.5, 'Vmax': 24.0, 't_ref': 11.5, 'R': 0.30000000000000004, 'tau_m': 208.5, 'rate_low': 36.0, 'rate_high': 44.0}.[0m
2021-04-21 16:52:05.405724: I tensorflow/compiler/jit/xla_gpu_device.cc:99] Not creating XLA devices, tf_xla_enable_xla_devices not set
maxFreq at 10nA: 500.0
2021-04-21 16:52:49.205050: I tensorflow/compiler/jit/xla_gpu_device.cc:99] Not creating XLA devices, tf_xla_enable_xla_devices not set
2021-04-21 16:53:20.682397: I tensorflow/compiler/jit/xla_gpu_device.cc:99] Not creating XLA devices, tf_xla_enable_xla_devices not set
mse and spike frequency: 0.00051 13.46
[32m[I 2021-04-21 16:53:50,645][0m Trial 208 finished with values: [0.00051, 13.46] with parameters: {'Vahp': -52.5, 'Vth': -38.5, 'Vmax': 16.0, 't_ref': 1.0, 'R': 0.9, 'tau_m': 470.5, 'rate_low': 6.0, 'rate_high': 49.5}.[0m
2021-04-21 16:53:51.496391: I tensorflow/compiler/jit/xla_gpu_device.cc:99] Not creating XLA devices, tf_xla_enable_xla_devices not set
maxFreq at 10nA: 1000.0
2021-04-21 16:54:35.788760: I tensorflow/compiler/jit/xla_gpu_device.cc:99] Not creating XLA devices, tf_xla_enable_xla_devices not set
2021-04-21 16:55:08.116738: I tensorflow/compiler/jit/xla_gpu_device.cc:99] Not creating XLA devices, tf_xla_enable_xla_devices not set
mse and spike frequency: 0.12656 0.0
[32m[I 2021-04-21 16:55:38,332][0m Trial 209 finished with values: [0.12656, 0.0] with parameters: {'Vahp': -20.5, 'Vth': -52.5, 'Vmax': 30.5, 't_ref': 2.5, 'R': 0.9, 'tau_m': 425.0, 'rate_low': 22.0, 'rate_high': 48.0}.[0m
2021-04-21 16:55:39.221800: I tensorflow/compiler/jit/xla_gpu_device.cc:99] Not creating XLA devices, tf_xla_enable_xla_devices not set
maxFreq at 10nA: 250.0
2021-04-21 16:56:23.083638: I tensorflow/compiler/jit/xla_gpu_device.cc:99] Not creating XLA devices, tf_xla_enable_xla_devices not set
2021-04-21 16:56:54.971022: I tensorflow/compiler/jit/xla_gpu_device.cc:99] Not creating XLA devices, tf_xla_enable_xla_devices not set
mse and spike frequency: 0.00106 6.66
[32m[I 2021-04-21 16:57:24,774][0m Trial 210 finished with values: [0.00106, 6.66] with parameters: {'Vahp': -52.5, 'Vth': -38.5, 'Vmax': 10.5, 't_ref': 1.0, 'R': 0.1, 'tau_m': 155.0, 'rate_low': 16.0, 'rate_high': 48.0}.[0m
2021-04-21 16:57:25.747074: I tensorflow/compiler/jit/xla_gpu_device.cc:99] Not creating XLA devices, tf_xla_enable_xla_devices not set
maxFreq at 10nA: 999.0
2021-04-21 16:58:09.436316: I tensorflow/compiler/jit/xla_gpu_device.cc:99] Not creating XLA devices, tf_xla_enable_xla_devices not set
2021-04-21 16:58:41.424797: I tensorflow/compiler/jit/xla_gpu_device.cc:99] Not creating XLA devices, tf_xla_enable_xla_devices not set
mse and spike frequency: 0.12656 0.0
[32m[I 2021-04-21 16:59:11,774][0m Trial 211 finished with values: [0.12656, 0.0] with parameters: {'Vahp': -29.5, 'Vth': -35.0, 'Vmax': 16.0, 't_ref': 10.5, 'R': 0.6, 'tau_m': 470.5, 'rate_low': 7.5, 'rate_high': 23.5}.[0m
2021-04-21 16:59:12.610848: I tensorflow/compiler/jit/xla_gpu_device.cc:99] Not creating XLA devices, tf_xla_enable_xla_devices not set
maxFreq at 10nA: 67.0
2021-04-21 16:59:56.117785: I tensorflow/compiler/jit/xla_gpu_device.cc:99] Not creating XLA devices, tf_xla_enable_xla_devices not set
2021-04-21 17:00:27.442612: I tensorflow/compiler/jit/xla_gpu_device.cc:99] Not creating XLA devices, tf_xla_enable_xla_devices not set
mse and spike frequency: 0.00958 11.08
[32m[I 2021-04-21 17:00:57,742][0m Trial 212 finished with values: [0.00958, 11.08] with parameters: {'Vahp': -42.0, 'Vth': -40.0, 'Vmax': 16.5, 't_ref': 14.0, 'R': 0.7000000000000001, 'tau_m': 53.0, 'rate_low': 48.5, 'rate_high': 50.0}.[0m
2021-04-21 17:00:58.569013: I tensorflow/compiler/jit/xla_gpu_device.cc:99] Not creating XLA devices, tf_xla_enable_xla_devices not set
maxFreq at 10nA: 999.0
2021-04-21 17:01:43.246343: I tensorflow/compiler/jit/xla_gpu_device.cc:99] Not creating XLA devices, tf_xla_enable_xla_devices not set
2021-04-21 17:02:15.535440: I tensorflow/compiler/jit/xla_gpu_device.cc:99] Not creating XLA devices, tf_xla_enable_xla_devices not set
mse and spike frequency: 0.12656 0.0
