[32m[I 2021-04-21 15:25:20,209][0m Trial 151 finished with values: [0.12656, 0.0] with parameters: {'Vahp': -41.0, 'Vth': -40.5, 'Vmax': 20.5, 't_ref': 4.5, 'R': 1.0, 'tau_m': 206.5, 'rate_low': 23.5, 'rate_high': 43.0}.[0m
2021-04-21 15:25:20.906115: I tensorflow/compiler/jit/xla_gpu_device.cc:99] Not creating XLA devices, tf_xla_enable_xla_devices not set
maxFreq at 10nA: 1000.0
2021-04-21 15:25:54.877834: I tensorflow/compiler/jit/xla_gpu_device.cc:99] Not creating XLA devices, tf_xla_enable_xla_devices not set
2021-04-21 15:26:18.346970: I tensorflow/compiler/jit/xla_gpu_device.cc:99] Not creating XLA devices, tf_xla_enable_xla_devices not set
mse and spike frequency: 0.12656 0.0
[32m[I 2021-04-21 15:26:40,233][0m Trial 152 finished with values: [0.12656, 0.0] with parameters: {'Vahp': -24.0, 'Vth': -45.5, 'Vmax': 36.5, 't_ref': 12.0, 'R': 0.8, 'tau_m': 54.5, 'rate_low': 12.5, 'rate_high': 38.5}.[0m
2021-04-21 15:26:40.916378: I tensorflow/compiler/jit/xla_gpu_device.cc:99] Not creating XLA devices, tf_xla_enable_xla_devices not set
maxFreq at 10nA: 111.0
2021-04-21 15:27:14.259568: I tensorflow/compiler/jit/xla_gpu_device.cc:99] Not creating XLA devices, tf_xla_enable_xla_devices not set
2021-04-21 15:27:38.184315: I tensorflow/compiler/jit/xla_gpu_device.cc:99] Not creating XLA devices, tf_xla_enable_xla_devices not set
mse and spike frequency: 0.00209 7.63
[32m[I 2021-04-21 15:28:01,219][0m Trial 153 finished with values: [0.00209, 7.63] with parameters: {'Vahp': -41.5, 'Vth': -30.0, 'Vmax': 15.0, 't_ref': 8.0, 'R': 0.2, 'tau_m': 98.0, 'rate_low': 8.5, 'rate_high': 43.5}.[0m
2021-04-21 15:28:01.951414: I tensorflow/compiler/jit/xla_gpu_device.cc:99] Not creating XLA devices, tf_xla_enable_xla_devices not set
maxFreq at 10nA: 999.0
2021-04-21 15:28:35.916932: I tensorflow/compiler/jit/xla_gpu_device.cc:99] Not creating XLA devices, tf_xla_enable_xla_devices not set
2021-04-21 15:28:59.771033: I tensorflow/compiler/jit/xla_gpu_device.cc:99] Not creating XLA devices, tf_xla_enable_xla_devices not set
mse and spike frequency: 0.12656 0.0
[32m[I 2021-04-21 15:29:23,353][0m Trial 154 finished with values: [0.12656, 0.0] with parameters: {'Vahp': -21.0, 'Vth': -27.5, 'Vmax': 14.5, 't_ref': 3.5, 'R': 0.6, 'tau_m': 259.0, 'rate_low': 21.0, 'rate_high': 31.5}.[0m
2021-04-21 15:29:24.051877: I tensorflow/compiler/jit/xla_gpu_device.cc:99] Not creating XLA devices, tf_xla_enable_xla_devices not set
maxFreq at 10nA: 334.0
2021-04-21 15:29:58.141710: I tensorflow/compiler/jit/xla_gpu_device.cc:99] Not creating XLA devices, tf_xla_enable_xla_devices not set
2021-04-21 15:30:22.038951: I tensorflow/compiler/jit/xla_gpu_device.cc:99] Not creating XLA devices, tf_xla_enable_xla_devices not set
mse and spike frequency: 0.12656 0.0
[32m[I 2021-04-21 15:30:45,301][0m Trial 155 finished with values: [0.12656, 0.0] with parameters: {'Vahp': -48.5, 'Vth': -45.5, 'Vmax': 36.5, 't_ref': 1.5, 'R': 0.8, 'tau_m': 125.5, 'rate_low': 8.5, 'rate_high': 43.5}.[0m
2021-04-21 15:30:46.018781: I tensorflow/compiler/jit/xla_gpu_device.cc:99] Not creating XLA devices, tf_xla_enable_xla_devices not set
maxFreq at 10nA: 332.0
2021-04-21 15:31:20.140462: I tensorflow/compiler/jit/xla_gpu_device.cc:99] Not creating XLA devices, tf_xla_enable_xla_devices not set
2021-04-21 15:31:43.846877: I tensorflow/compiler/jit/xla_gpu_device.cc:99] Not creating XLA devices, tf_xla_enable_xla_devices not set
mse and spike frequency: 0.00267 9.19
[32m[I 2021-04-21 15:32:07,388][0m Trial 156 finished with values: [0.00267, 9.19] with parameters: {'Vahp': -31.5, 'Vth': -22.5, 'Vmax': 28.5, 't_ref': 1.0, 'R': 0.4, 'tau_m': 473.0, 'rate_low': 20.0, 'rate_high': 11.0}.[0m
2021-04-21 15:32:08.098802: I tensorflow/compiler/jit/xla_gpu_device.cc:99] Not creating XLA devices, tf_xla_enable_xla_devices not set
maxFreq at 10nA: 1000.0
2021-04-21 15:32:41.898440: I tensorflow/compiler/jit/xla_gpu_device.cc:99] Not creating XLA devices, tf_xla_enable_xla_devices not set
2021-04-21 15:33:06.601131: I tensorflow/compiler/jit/xla_gpu_device.cc:99] Not creating XLA devices, tf_xla_enable_xla_devices not set
mse and spike frequency: 0.12656 0.0
[32m[I 2021-04-21 15:33:30,315][0m Trial 157 finished with values: [0.12656, 0.0] with parameters: {'Vahp': -21.0, 'Vth': -40.5, 'Vmax': 29.0, 't_ref': 9.5, 'R': 1.0, 'tau_m': 374.0, 'rate_low': 23.5, 'rate_high': 12.0}.[0m
2021-04-21 15:33:31.000115: I tensorflow/compiler/jit/xla_gpu_device.cc:99] Not creating XLA devices, tf_xla_enable_xla_devices not set
maxFreq at 10nA: 331.0
2021-04-21 15:34:05.411904: I tensorflow/compiler/jit/xla_gpu_device.cc:99] Not creating XLA devices, tf_xla_enable_xla_devices not set
2021-04-21 15:34:31.065176: I tensorflow/compiler/jit/xla_gpu_device.cc:99] Not creating XLA devices, tf_xla_enable_xla_devices not set
mse and spike frequency: 0.04144 0.33
[32m[I 2021-04-21 15:34:54,791][0m Trial 158 finished with values: [0.04144, 0.33] with parameters: {'Vahp': -42.5, 'Vth': -37.5, 'Vmax': 29.0, 't_ref': 0.5, 'R': 0.1, 'tau_m': 353.0, 'rate_low': 10.5, 'rate_high': 4.5}.[0m
2021-04-21 15:34:55.477839: I tensorflow/compiler/jit/xla_gpu_device.cc:99] Not creating XLA devices, tf_xla_enable_xla_devices not set
maxFreq at 10nA: 1000.0
2021-04-21 15:35:30.014976: I tensorflow/compiler/jit/xla_gpu_device.cc:99] Not creating XLA devices, tf_xla_enable_xla_devices not set
2021-04-21 15:35:55.989323: I tensorflow/compiler/jit/xla_gpu_device.cc:99] Not creating XLA devices, tf_xla_enable_xla_devices not set
mse and spike frequency: 0.12656 0.0
[32m[I 2021-04-21 15:36:19,850][0m Trial 159 finished with values: [0.12656, 0.0] with parameters: {'Vahp': -30.5, 'Vth': -43.5, 'Vmax': 14.5, 't_ref': 3.0, 'R': 0.9, 'tau_m': 357.5, 'rate_low': 35.0, 'rate_high': 41.0}.[0m
2021-04-21 15:36:20.544780: I tensorflow/compiler/jit/xla_gpu_device.cc:99] Not creating XLA devices, tf_xla_enable_xla_devices not set
maxFreq at 10nA: 250.0
2021-04-21 15:36:55.063044: I tensorflow/compiler/jit/xla_gpu_device.cc:99] Not creating XLA devices, tf_xla_enable_xla_devices not set
2021-04-21 15:37:21.300510: I tensorflow/compiler/jit/xla_gpu_device.cc:99] Not creating XLA devices, tf_xla_enable_xla_devices not set
mse and spike frequency: 0.00257 17.58
[32m[I 2021-04-21 15:37:45,223][0m Trial 160 finished with values: [0.00257, 17.58] with parameters: {'Vahp': -54.0, 'Vth': -53.5, 'Vmax': 10.5, 't_ref': 2.5, 'R': 0.2, 'tau_m': 436.5, 'rate_low': 8.5, 'rate_high': 36.0}.[0m
2021-04-21 15:37:45.959297: I tensorflow/compiler/jit/xla_gpu_device.cc:99] Not creating XLA devices, tf_xla_enable_xla_devices not set
maxFreq at 10nA: 1000.0
2021-04-21 15:38:20.673348: I tensorflow/compiler/jit/xla_gpu_device.cc:99] Not creating XLA devices, tf_xla_enable_xla_devices not set
2021-04-21 15:38:46.774230: I tensorflow/compiler/jit/xla_gpu_device.cc:99] Not creating XLA devices, tf_xla_enable_xla_devices not set
mse and spike frequency: 0.12656 0.0
[32m[I 2021-04-21 15:39:10,985][0m Trial 161 finished with values: [0.12656, 0.0] with parameters: {'Vahp': -36.0, 'Vth': -57.0, 'Vmax': 33.5, 't_ref': 14.0, 'R': 0.1, 'tau_m': 89.0, 'rate_low': 17.0, 'rate_high': 4.5}.[0m
2021-04-21 15:39:11.729295: I tensorflow/compiler/jit/xla_gpu_device.cc:99] Not creating XLA devices, tf_xla_enable_xla_devices not set
maxFreq at 10nA: 997.0
2021-04-21 15:39:46.653149: I tensorflow/compiler/jit/xla_gpu_device.cc:99] Not creating XLA devices, tf_xla_enable_xla_devices not set
2021-04-21 15:40:13.322779: I tensorflow/compiler/jit/xla_gpu_device.cc:99] Not creating XLA devices, tf_xla_enable_xla_devices not set
mse and spike frequency: 0.12656 0.0
[32m[I 2021-04-21 15:40:37,402][0m Trial 162 finished with values: [0.12656, 0.0] with parameters: {'Vahp': -21.5, 'Vth': -40.5, 'Vmax': 27.0, 't_ref': 19.0, 'R': 0.2, 'tau_m': 356.0, 'rate_low': 12.5, 'rate_high': 33.0}.[0m
2021-04-21 15:40:38.105734: I tensorflow/compiler/jit/xla_gpu_device.cc:99] Not creating XLA devices, tf_xla_enable_xla_devices not set
maxFreq at 10nA: 200.0
2021-04-21 15:41:12.726072: I tensorflow/compiler/jit/xla_gpu_device.cc:99] Not creating XLA devices, tf_xla_enable_xla_devices not set
2021-04-21 15:41:40.126982: I tensorflow/compiler/jit/xla_gpu_device.cc:99] Not creating XLA devices, tf_xla_enable_xla_devices not set
mse and spike frequency: 0.00084 11.78
[32m[I 2021-04-21 15:42:04,724][0m Trial 163 finished with values: [0.00084, 11.78] with parameters: {'Vahp': -47.5, 'Vth': -22.0, 'Vmax': 32.5, 't_ref': 3.0, 'R': 0.6, 'tau_m': 357.5, 'rate_low': 24.5, 'rate_high': 30.0}.[0m
2021-04-21 15:42:05.444703: I tensorflow/compiler/jit/xla_gpu_device.cc:99] Not creating XLA devices, tf_xla_enable_xla_devices not set
maxFreq at 10nA: 334.0
2021-04-21 15:42:40.613347: I tensorflow/compiler/jit/xla_gpu_device.cc:99] Not creating XLA devices, tf_xla_enable_xla_devices not set
2021-04-21 15:43:07.800836: I tensorflow/compiler/jit/xla_gpu_device.cc:99] Not creating XLA devices, tf_xla_enable_xla_devices not set
mse and spike frequency: 0.12656 0.0
[32m[I 2021-04-21 15:43:32,770][0m Trial 164 finished with values: [0.12656, 0.0] with parameters: {'Vahp': -48.5, 'Vth': -29.5, 'Vmax': 36.5, 't_ref': 1.5, 'R': 0.8, 'tau_m': 45.5, 'rate_low': 13.5, 'rate_high': 18.0}.[0m
2021-04-21 15:43:33.472486: I tensorflow/compiler/jit/xla_gpu_device.cc:99] Not creating XLA devices, tf_xla_enable_xla_devices not set
maxFreq at 10nA: 1000.0
2021-04-21 15:44:09.028828: I tensorflow/compiler/jit/xla_gpu_device.cc:99] Not creating XLA devices, tf_xla_enable_xla_devices not set
2021-04-21 15:44:36.485739: I tensorflow/compiler/jit/xla_gpu_device.cc:99] Not creating XLA devices, tf_xla_enable_xla_devices not set
mse and spike frequency: 0.12401 1000.1
[32m[I 2021-04-21 15:45:01,638][0m Trial 165 finished with values: [0.12401, 1000.1] with parameters: {'Vahp': -37.5, 'Vth': -59.5, 'Vmax': 25.0, 't_ref': 14.5, 'R': 0.6, 'tau_m': 278.5, 'rate_low': 1.5, 'rate_high': 37.5}.[0m
2021-04-21 15:45:02.353367: I tensorflow/compiler/jit/xla_gpu_device.cc:99] Not creating XLA devices, tf_xla_enable_xla_devices not set
maxFreq at 10nA: 334.0
2021-04-21 15:45:38.024207: I tensorflow/compiler/jit/xla_gpu_device.cc:99] Not creating XLA devices, tf_xla_enable_xla_devices not set
2021-04-21 15:46:05.509457: I tensorflow/compiler/jit/xla_gpu_device.cc:99] Not creating XLA devices, tf_xla_enable_xla_devices not set
mse and spike frequency: 0.00103 11.1
[32m[I 2021-04-21 15:46:30,781][0m Trial 166 finished with values: [0.00103, 11.1] with parameters: {'Vahp': -55.5, 'Vth': -45.5, 'Vmax': 36.5, 't_ref': 1.5, 'R': 0.8, 'tau_m': 125.5, 'rate_low': 8.5, 'rate_high': 43.0}.[0m
2021-04-21 15:46:31.546272: I tensorflow/compiler/jit/xla_gpu_device.cc:99] Not creating XLA devices, tf_xla_enable_xla_devices not set
maxFreq at 10nA: 1000.0
2021-04-21 15:47:08.024148: I tensorflow/compiler/jit/xla_gpu_device.cc:99] Not creating XLA devices, tf_xla_enable_xla_devices not set
2021-04-21 15:47:34.895246: I tensorflow/compiler/jit/xla_gpu_device.cc:99] Not creating XLA devices, tf_xla_enable_xla_devices not set
mse and spike frequency: 0.12656 0.0
[32m[I 2021-04-21 15:48:00,101][0m Trial 167 finished with values: [0.12656, 0.0] with parameters: {'Vahp': -35.5, 'Vth': -45.5, 'Vmax': 27.0, 't_ref': 1.5, 'R': 0.1, 'tau_m': 45.5, 'rate_low': 10.5, 'rate_high': 47.5}.[0m
2021-04-21 15:48:00.819728: I tensorflow/compiler/jit/xla_gpu_device.cc:99] Not creating XLA devices, tf_xla_enable_xla_devices not set
maxFreq at 10nA: 48.0
2021-04-21 15:48:37.117444: I tensorflow/compiler/jit/xla_gpu_device.cc:99] Not creating XLA devices, tf_xla_enable_xla_devices not set
2021-04-21 15:49:03.640326: I tensorflow/compiler/jit/xla_gpu_device.cc:99] Not creating XLA devices, tf_xla_enable_xla_devices not set
mse and spike frequency: 0.07968 0.35
[32m[I 2021-04-21 15:49:28,641][0m Trial 168 finished with values: [0.07968, 0.35] with parameters: {'Vahp': -47.5, 'Vth': -22.0, 'Vmax': 14.5, 't_ref': 19.0, 'R': 0.6, 'tau_m': 357.5, 'rate_low': 4.0, 'rate_high': 7.0}.[0m
2021-04-21 15:49:29.359752: I tensorflow/compiler/jit/xla_gpu_device.cc:99] Not creating XLA devices, tf_xla_enable_xla_devices not set
maxFreq at 10nA: 1000.0
2021-04-21 15:50:06.405883: I tensorflow/compiler/jit/xla_gpu_device.cc:99] Not creating XLA devices, tf_xla_enable_xla_devices not set
2021-04-21 15:50:32.260507: I tensorflow/compiler/jit/xla_gpu_device.cc:99] Not creating XLA devices, tf_xla_enable_xla_devices not set
mse and spike frequency: 0.12656 0.0
[32m[I 2021-04-21 15:50:56,313][0m Trial 169 finished with values: [0.12656, 0.0] with parameters: {'Vahp': -24.0, 'Vth': -29.0, 'Vmax': 36.5, 't_ref': 5.0, 'R': 0.6, 'tau_m': 43.0, 'rate_low': 41.0, 'rate_high': 36.5}.[0m
2021-04-21 15:50:57.046302: I tensorflow/compiler/jit/xla_gpu_device.cc:99] Not creating XLA devices, tf_xla_enable_xla_devices not set
maxFreq at 10nA: 56.0
2021-04-21 15:51:33.293978: I tensorflow/compiler/jit/xla_gpu_device.cc:99] Not creating XLA devices, tf_xla_enable_xla_devices not set
2021-04-21 15:51:58.353140: I tensorflow/compiler/jit/xla_gpu_device.cc:99] Not creating XLA devices, tf_xla_enable_xla_devices not set
mse and spike frequency: 0.12656 0.0
[32m[I 2021-04-21 15:52:22,870][0m Trial 170 finished with values: [0.12656, 0.0] with parameters: {'Vahp': -42.5, 'Vth': -40.0, 'Vmax': 20.5, 't_ref': 16.5, 'R': 1.0, 'tau_m': 206.5, 'rate_low': 11.0, 'rate_high': 4.5}.[0m
2021-04-21 15:52:23.600430: I tensorflow/compiler/jit/xla_gpu_device.cc:99] Not creating XLA devices, tf_xla_enable_xla_devices not set
maxFreq at 10nA: 999.0
2021-04-21 15:53:00.945478: I tensorflow/compiler/jit/xla_gpu_device.cc:99] Not creating XLA devices, tf_xla_enable_xla_devices not set
2021-04-21 15:53:26.607694: I tensorflow/compiler/jit/xla_gpu_device.cc:99] Not creating XLA devices, tf_xla_enable_xla_devices not set
mse and spike frequency: 0.12656 0.0
[32m[I 2021-04-21 15:53:50,424][0m Trial 171 finished with values: [0.12656, 0.0] with parameters: {'Vahp': -35.5, 'Vth': -53.0, 'Vmax': 33.0, 't_ref': 19.0, 'R': 0.1, 'tau_m': 300.5, 'rate_low': 11.5, 'rate_high': 43.0}.[0m
2021-04-21 15:53:51.148457: I tensorflow/compiler/jit/xla_gpu_device.cc:99] Not creating XLA devices, tf_xla_enable_xla_devices not set
maxFreq at 10nA: 1000.0
2021-04-21 15:54:28.164660: I tensorflow/compiler/jit/xla_gpu_device.cc:99] Not creating XLA devices, tf_xla_enable_xla_devices not set
2021-04-21 15:54:55.081145: I tensorflow/compiler/jit/xla_gpu_device.cc:99] Not creating XLA devices, tf_xla_enable_xla_devices not set
mse and spike frequency: 0.12656 0.0
[32m[I 2021-04-21 15:55:19,370][0m Trial 172 finished with values: [0.12656, 0.0] with parameters: {'Vahp': -55.5, 'Vth': -56.0, 'Vmax': 14.5, 't_ref': 17.0, 'R': 0.1, 'tau_m': 57.5, 'rate_low': 27.0, 'rate_high': 29.5}.[0m
2021-04-21 15:55:20.123323: I tensorflow/compiler/jit/xla_gpu_device.cc:99] Not creating XLA devices, tf_xla_enable_xla_devices not set
maxFreq at 10nA: 999.0
2021-04-21 15:55:57.319071: I tensorflow/compiler/jit/xla_gpu_device.cc:99] Not creating XLA devices, tf_xla_enable_xla_devices not set
2021-04-21 15:56:24.020767: I tensorflow/compiler/jit/xla_gpu_device.cc:99] Not creating XLA devices, tf_xla_enable_xla_devices not set
mse and spike frequency: 0.12656 0.0
[32m[I 2021-04-21 15:56:47,912][0m Trial 173 finished with values: [0.12656, 0.0] with parameters: {'Vahp': -21.5, 'Vth': -39.0, 'Vmax': 21.5, 't_ref': 16.5, 'R': 0.9, 'tau_m': 488.5, 'rate_low': 43.5, 'rate_high': 49.0}.[0m
2021-04-21 15:56:48.691384: I tensorflow/compiler/jit/xla_gpu_device.cc:99] Not creating XLA devices, tf_xla_enable_xla_devices not set
maxFreq at 10nA: 999.0
2021-04-21 15:57:25.181145: I tensorflow/compiler/jit/xla_gpu_device.cc:99] Not creating XLA devices, tf_xla_enable_xla_devices not set
2021-04-21 15:57:51.056601: I tensorflow/compiler/jit/xla_gpu_device.cc:99] Not creating XLA devices, tf_xla_enable_xla_devices not set
mse and spike frequency: 0.12656 0.0
[32m[I 2021-04-21 15:58:15,408][0m Trial 174 finished with values: [0.12656, 0.0] with parameters: {'Vahp': -21.5, 'Vth': -45.5, 'Vmax': 14.5, 't_ref': 17.0, 'R': 0.30000000000000004, 'tau_m': 259.0, 'rate_low': 13.5, 'rate_high': 39.0}.[0m
2021-04-21 15:58:16.215350: I tensorflow/compiler/jit/xla_gpu_device.cc:99] Not creating XLA devices, tf_xla_enable_xla_devices not set
maxFreq at 10nA: 111.0
2021-04-21 15:58:52.784334: I tensorflow/compiler/jit/xla_gpu_device.cc:99] Not creating XLA devices, tf_xla_enable_xla_devices not set
2021-04-21 15:59:20.161547: I tensorflow/compiler/jit/xla_gpu_device.cc:99] Not creating XLA devices, tf_xla_enable_xla_devices not set
mse and spike frequency: 0.12656 0.18
[32m[I 2021-04-21 15:59:46,420][0m Trial 175 finished with values: [0.12656, 0.18] with parameters: {'Vahp': -23.0, 'Vth': -22.5, 'Vmax': 12.0, 't_ref': 8.0, 'R': 0.6, 'tau_m': 436.5, 'rate_low': 10.5, 'rate_high': 44.0}.[0m
2021-04-21 15:59:47.220830: I tensorflow/compiler/jit/xla_gpu_device.cc:99] Not creating XLA devices, tf_xla_enable_xla_devices not set
maxFreq at 10nA: 59.0
2021-04-21 16:00:24.922333: I tensorflow/compiler/jit/xla_gpu_device.cc:99] Not creating XLA devices, tf_xla_enable_xla_devices not set
2021-04-21 16:00:52.023087: I tensorflow/compiler/jit/xla_gpu_device.cc:99] Not creating XLA devices, tf_xla_enable_xla_devices not set
mse and spike frequency: 0.12656 0.0
[32m[I 2021-04-21 16:01:18,337][0m Trial 176 finished with values: [0.12656, 0.0] with parameters: {'Vahp': -55.5, 'Vth': -45.5, 'Vmax': 36.5, 't_ref': 15.5, 'R': 0.8, 'tau_m': 45.5, 'rate_low': 8.5, 'rate_high': 28.5}.[0m
2021-04-21 16:01:19.123145: I tensorflow/compiler/jit/xla_gpu_device.cc:99] Not creating XLA devices, tf_xla_enable_xla_devices not set
maxFreq at 10nA: 1000.0
2021-04-21 16:01:56.859479: I tensorflow/compiler/jit/xla_gpu_device.cc:99] Not creating XLA devices, tf_xla_enable_xla_devices not set
2021-04-21 16:02:24.183631: I tensorflow/compiler/jit/xla_gpu_device.cc:99] Not creating XLA devices, tf_xla_enable_xla_devices not set
mse and spike frequency: 0.12656 0.0
[32m[I 2021-04-21 16:02:50,473][0m Trial 177 finished with values: [0.12656, 0.0] with parameters: {'Vahp': -24.0, 'Vth': -40.0, 'Vmax': 32.5, 't_ref': 4.0, 'R': 1.0, 'tau_m': 314.0, 'rate_low': 41.0, 'rate_high': 47.5}.[0m
2021-04-21 16:02:51.207583: I tensorflow/compiler/jit/xla_gpu_device.cc:99] Not creating XLA devices, tf_xla_enable_xla_devices not set
maxFreq at 10nA: 67.0
2021-04-21 16:03:29.113188: I tensorflow/compiler/jit/xla_gpu_device.cc:99] Not creating XLA devices, tf_xla_enable_xla_devices not set
2021-04-21 16:03:57.212882: I tensorflow/compiler/jit/xla_gpu_device.cc:99] Not creating XLA devices, tf_xla_enable_xla_devices not set
mse and spike frequency: 0.02168 1.18
[32m[I 2021-04-21 16:04:23,873][0m Trial 178 finished with values: [0.02168, 1.18] with parameters: {'Vahp': -53.5, 'Vth': -21.0, 'Vmax': 33.5, 't_ref': 12.0, 'R': 0.6, 'tau_m': 479.0, 'rate_low': 3.0, 'rate_high': 22.0}.[0m
2021-04-21 16:04:24.645120: I tensorflow/compiler/jit/xla_gpu_device.cc:99] Not creating XLA devices, tf_xla_enable_xla_devices not set
maxFreq at 10nA: 45.0
2021-04-21 16:05:03.366074: I tensorflow/compiler/jit/xla_gpu_device.cc:99] Not creating XLA devices, tf_xla_enable_xla_devices not set
2021-04-21 16:05:32.250547: I tensorflow/compiler/jit/xla_gpu_device.cc:99] Not creating XLA devices, tf_xla_enable_xla_devices not set
mse and spike frequency: 0.13417 0.12
[32m[I 2021-04-21 16:05:59,799][0m Trial 179 finished with values: [0.13417, 0.12] with parameters: {'Vahp': -60.0, 'Vth': -37.5, 'Vmax': 33.0, 't_ref': 10.5, 'R': 0.1, 'tau_m': 479.0, 'rate_low': 6.0, 'rate_high': 21.5}.[0m
2021-04-21 16:06:00.558692: I tensorflow/compiler/jit/xla_gpu_device.cc:99] Not creating XLA devices, tf_xla_enable_xla_devices not set
maxFreq at 10nA: 1000.0
2021-04-21 16:06:39.605040: I tensorflow/compiler/jit/xla_gpu_device.cc:99] Not creating XLA devices, tf_xla_enable_xla_devices not set
2021-04-21 16:07:08.144493: I tensorflow/compiler/jit/xla_gpu_device.cc:99] Not creating XLA devices, tf_xla_enable_xla_devices not set
mse and spike frequency: 0.12656 0.0
[32m[I 2021-04-21 16:07:34,667][0m Trial 180 finished with values: [0.12656, 0.0] with parameters: {'Vahp': -24.5, 'Vth': -43.5, 'Vmax': 32.5, 't_ref': 3.5, 'R': 0.5, 'tau_m': 46.5, 'rate_low': 24.5, 'rate_high': 30.0}.[0m
2021-04-21 16:07:35.460256: I tensorflow/compiler/jit/xla_gpu_device.cc:99] Not creating XLA devices, tf_xla_enable_xla_devices not set
maxFreq at 10nA: 53.0
2021-04-21 16:08:13.334225: I tensorflow/compiler/jit/xla_gpu_device.cc:99] Not creating XLA devices, tf_xla_enable_xla_devices not set
2021-04-21 16:08:40.998943: I tensorflow/compiler/jit/xla_gpu_device.cc:99] Not creating XLA devices, tf_xla_enable_xla_devices not set
mse and spike frequency: 0.00366 16.39
[32m[I 2021-04-21 16:09:07,901][0m Trial 181 finished with values: [0.00366, 16.39] with parameters: {'Vahp': -24.5, 'Vth': -21.0, 'Vmax': 33.5, 't_ref': 17.5, 'R': 0.6, 'tau_m': 479.0, 'rate_low': 22.5, 'rate_high': 36.5}.[0m
2021-04-21 16:09:08.675970: I tensorflow/compiler/jit/xla_gpu_device.cc:99] Not creating XLA devices, tf_xla_enable_xla_devices not set
maxFreq at 10nA: 1000.0
2021-04-21 16:09:47.166568: I tensorflow/compiler/jit/xla_gpu_device.cc:99] Not creating XLA devices, tf_xla_enable_xla_devices not set
2021-04-21 16:10:15.574716: I tensorflow/compiler/jit/xla_gpu_device.cc:99] Not creating XLA devices, tf_xla_enable_xla_devices not set
mse and spike frequency: 0.12656 0.0
