[32m[I 2021-04-21 16:44:35,732][0m Trial 200 finished with values: [0.01459, 1.77] with parameters: {'Vahp': -52.5, 'Vth': -35.5, 'Vmax': 30.0, 't_ref': 3.0, 'R': 0.1, 'tau_m': 420.0, 'R_adp': 1.0, 'tau_w': 46.5, 'a': 1.5, 'rate_low': 15.5, 'rate_high': 49.5}.[0m
2021-04-21 16:44:36.680541: I tensorflow/compiler/jit/xla_gpu_device.cc:99] Not creating XLA devices, tf_xla_enable_xla_devices not set
maxFreq at 10nA: 1000.0
2021-04-21 16:45:18.002320: I tensorflow/compiler/jit/xla_gpu_device.cc:99] Not creating XLA devices, tf_xla_enable_xla_devices not set
2021-04-21 16:45:48.970508: I tensorflow/compiler/jit/xla_gpu_device.cc:99] Not creating XLA devices, tf_xla_enable_xla_devices not set
mse and spike frequency: 0.12656 0.0
[32m[I 2021-04-21 16:46:18,022][0m Trial 201 finished with values: [0.12656, 0.0] with parameters: {'Vahp': -30.0, 'Vth': -52.0, 'Vmax': 19.5, 't_ref': 7.5, 'R': 1.0, 'tau_m': 175.0, 'R_adp': 0.1, 'tau_w': 35.5, 'a': 174.0, 'rate_low': 32.0, 'rate_high': 43.0}.[0m
2021-04-21 16:46:18.863746: I tensorflow/compiler/jit/xla_gpu_device.cc:99] Not creating XLA devices, tf_xla_enable_xla_devices not set
maxFreq at 10nA: 111.0
2021-04-21 16:46:59.702518: I tensorflow/compiler/jit/xla_gpu_device.cc:99] Not creating XLA devices, tf_xla_enable_xla_devices not set
2021-04-21 16:47:30.840536: I tensorflow/compiler/jit/xla_gpu_device.cc:99] Not creating XLA devices, tf_xla_enable_xla_devices not set
mse and spike frequency: 0.00154 7.89
[32m[I 2021-04-21 16:48:00,039][0m Trial 202 finished with values: [0.00154, 7.89] with parameters: {'Vahp': -47.0, 'Vth': -23.5, 'Vmax': 33.5, 't_ref': 7.5, 'R': 1.0, 'tau_m': 311.5, 'R_adp': 0.5, 'tau_w': 35.5, 'a': 331.0, 'rate_low': 11.0, 'rate_high': 29.0}.[0m
2021-04-21 16:48:00.895750: I tensorflow/compiler/jit/xla_gpu_device.cc:99] Not creating XLA devices, tf_xla_enable_xla_devices not set
maxFreq at 10nA: 1000.0
2021-04-21 16:48:42.025014: I tensorflow/compiler/jit/xla_gpu_device.cc:99] Not creating XLA devices, tf_xla_enable_xla_devices not set
2021-04-21 16:49:13.409725: I tensorflow/compiler/jit/xla_gpu_device.cc:99] Not creating XLA devices, tf_xla_enable_xla_devices not set
mse and spike frequency: 0.12656 0.0
[32m[I 2021-04-21 16:49:44,343][0m Trial 203 finished with values: [0.12656, 0.0] with parameters: {'Vahp': -29.5, 'Vth': -52.0, 'Vmax': 10.5, 't_ref': 7.5, 'R': 1.0, 'tau_m': 255.5, 'R_adp': 0.2, 'tau_w': 139.5, 'a': 296.0, 'rate_low': 11.0, 'rate_high': 16.5}.[0m
2021-04-21 16:49:45.168417: I tensorflow/compiler/jit/xla_gpu_device.cc:99] Not creating XLA devices, tf_xla_enable_xla_devices not set
maxFreq at 10nA: 997.0
2021-04-21 16:50:27.368663: I tensorflow/compiler/jit/xla_gpu_device.cc:99] Not creating XLA devices, tf_xla_enable_xla_devices not set
2021-04-21 16:50:59.530686: I tensorflow/compiler/jit/xla_gpu_device.cc:99] Not creating XLA devices, tf_xla_enable_xla_devices not set
mse and spike frequency: 0.12656 0.0
[32m[I 2021-04-21 16:51:30,292][0m Trial 204 finished with values: [0.12656, 0.0] with parameters: {'Vahp': -22.0, 'Vth': -35.5, 'Vmax': 32.5, 't_ref': 1.5, 'R': 0.30000000000000004, 'tau_m': 425.0, 'R_adp': 0.2, 'tau_w': 24.5, 'a': 1.5, 'rate_low': 15.5, 'rate_high': 23.0}.[0m
2021-04-21 16:51:31.187364: I tensorflow/compiler/jit/xla_gpu_device.cc:99] Not creating XLA devices, tf_xla_enable_xla_devices not set
maxFreq at 10nA: 127.0
2021-04-21 16:52:13.315684: I tensorflow/compiler/jit/xla_gpu_device.cc:99] Not creating XLA devices, tf_xla_enable_xla_devices not set
2021-04-21 16:52:46.011614: I tensorflow/compiler/jit/xla_gpu_device.cc:99] Not creating XLA devices, tf_xla_enable_xla_devices not set
mse and spike frequency: 0.01272 3.04
[32m[I 2021-04-21 16:53:16,177][0m Trial 205 finished with values: [0.01272, 3.04] with parameters: {'Vahp': -48.0, 'Vth': -35.5, 'Vmax': 37.5, 't_ref': 1.5, 'R': 0.30000000000000004, 'tau_m': 452.5, 'R_adp': 0.8, 'tau_w': 42.0, 'a': 457.5, 'rate_low': 21.0, 'rate_high': 32.5}.[0m
2021-04-21 16:53:16.984371: I tensorflow/compiler/jit/xla_gpu_device.cc:99] Not creating XLA devices, tf_xla_enable_xla_devices not set
maxFreq at 10nA: 1000.0
2021-04-21 16:53:58.603797: I tensorflow/compiler/jit/xla_gpu_device.cc:99] Not creating XLA devices, tf_xla_enable_xla_devices not set
2021-04-21 16:54:30.449946: I tensorflow/compiler/jit/xla_gpu_device.cc:99] Not creating XLA devices, tf_xla_enable_xla_devices not set
mse and spike frequency: 0.12656 0.0
[32m[I 2021-04-21 16:55:01,982][0m Trial 206 finished with values: [0.12656, 0.0] with parameters: {'Vahp': -46.0, 'Vth': -49.0, 'Vmax': 16.5, 't_ref': 6.0, 'R': 0.4, 'tau_m': 279.0, 'R_adp': 0.4, 'tau_w': 54.0, 'a': 89.0, 'rate_low': 34.5, 'rate_high': 50.0}.[0m
2021-04-21 16:55:02.839798: I tensorflow/compiler/jit/xla_gpu_device.cc:99] Not creating XLA devices, tf_xla_enable_xla_devices not set
maxFreq at 10nA: 999.0
2021-04-21 16:55:45.453222: I tensorflow/compiler/jit/xla_gpu_device.cc:99] Not creating XLA devices, tf_xla_enable_xla_devices not set
2021-04-21 16:56:18.063503: I tensorflow/compiler/jit/xla_gpu_device.cc:99] Not creating XLA devices, tf_xla_enable_xla_devices not set
mse and spike frequency: 0.12656 0.0
[32m[I 2021-04-21 16:56:49,464][0m Trial 207 finished with values: [0.12656, 0.0] with parameters: {'Vahp': -47.0, 'Vth': -53.5, 'Vmax': 25.5, 't_ref': 7.5, 'R': 0.2, 'tau_m': 494.0, 'R_adp': 0.5, 'tau_w': 310.0, 'a': 331.0, 'rate_low': 37.0, 'rate_high': 45.0}.[0m
2021-04-21 16:56:50.289953: I tensorflow/compiler/jit/xla_gpu_device.cc:99] Not creating XLA devices, tf_xla_enable_xla_devices not set
maxFreq at 10nA: 1000.0
2021-04-21 16:57:33.018145: I tensorflow/compiler/jit/xla_gpu_device.cc:99] Not creating XLA devices, tf_xla_enable_xla_devices not set
2021-04-21 16:58:06.512600: I tensorflow/compiler/jit/xla_gpu_device.cc:99] Not creating XLA devices, tf_xla_enable_xla_devices not set
mse and spike frequency: 0.12656 0.0
[32m[I 2021-04-21 16:58:38,058][0m Trial 208 finished with values: [0.12656, 0.0] with parameters: {'Vahp': -42.5, 'Vth': -52.0, 'Vmax': 11.0, 't_ref': 7.5, 'R': 1.0, 'tau_m': 279.0, 'R_adp': 0.5, 'tau_w': 252.0, 'a': 377.5, 'rate_low': 31.0, 'rate_high': 16.5}.[0m
2021-04-21 16:58:38.882515: I tensorflow/compiler/jit/xla_gpu_device.cc:99] Not creating XLA devices, tf_xla_enable_xla_devices not set
maxFreq at 10nA: 67.0
2021-04-21 16:59:21.136565: I tensorflow/compiler/jit/xla_gpu_device.cc:99] Not creating XLA devices, tf_xla_enable_xla_devices not set
2021-04-21 16:59:54.901492: I tensorflow/compiler/jit/xla_gpu_device.cc:99] Not creating XLA devices, tf_xla_enable_xla_devices not set
mse and spike frequency: 0.36102 4.6
[32m[I 2021-04-21 17:00:25,614][0m Trial 209 finished with values: [0.36102, 4.6] with parameters: {'Vahp': -35.5, 'Vth': -31.0, 'Vmax': 39.5, 't_ref': 14.0, 'R': 0.6, 'tau_m': 279.0, 'R_adp': 0.1, 'tau_w': 252.0, 'a': 377.5, 'rate_low': 3.0, 'rate_high': 29.0}.[0m
2021-04-21 17:00:26.589188: I tensorflow/compiler/jit/xla_gpu_device.cc:99] Not creating XLA devices, tf_xla_enable_xla_devices not set
maxFreq at 10nA: 1000.0
2021-04-21 17:01:08.662282: I tensorflow/compiler/jit/xla_gpu_device.cc:99] Not creating XLA devices, tf_xla_enable_xla_devices not set
2021-04-21 17:01:41.801600: I tensorflow/compiler/jit/xla_gpu_device.cc:99] Not creating XLA devices, tf_xla_enable_xla_devices not set
mse and spike frequency: 0.12656 0.0
[32m[I 2021-04-21 17:02:12,810][0m Trial 210 finished with values: [0.12656, 0.0] with parameters: {'Vahp': -47.0, 'Vth': -49.0, 'Vmax': 10.5, 't_ref': 17.5, 'R': 0.5, 'tau_m': 279.0, 'R_adp': 0.2, 'tau_w': 99.0, 'a': 45.0, 'rate_low': 42.0, 'rate_high': 16.0}.[0m
2021-04-21 17:02:13.630781: I tensorflow/compiler/jit/xla_gpu_device.cc:99] Not creating XLA devices, tf_xla_enable_xla_devices not set
maxFreq at 10nA: 48.0
2021-04-21 17:02:55.584294: I tensorflow/compiler/jit/xla_gpu_device.cc:99] Not creating XLA devices, tf_xla_enable_xla_devices not set
2021-04-21 17:03:28.515653: I tensorflow/compiler/jit/xla_gpu_device.cc:99] Not creating XLA devices, tf_xla_enable_xla_devices not set
mse and spike frequency: 0.01944 3.14
[32m[I 2021-04-21 17:03:59,705][0m Trial 211 finished with values: [0.01944, 3.14] with parameters: {'Vahp': -53.5, 'Vth': -45.0, 'Vmax': 30.0, 't_ref': 17.0, 'R': 0.1, 'tau_m': 352.5, 'R_adp': 0.2, 'tau_w': 122.0, 'a': 209.0, 'rate_low': 31.0, 'rate_high': 35.5}.[0m
2021-04-21 17:04:00.537333: I tensorflow/compiler/jit/xla_gpu_device.cc:99] Not creating XLA devices, tf_xla_enable_xla_devices not set
maxFreq at 10nA: 1000.0
2021-04-21 17:04:42.993769: I tensorflow/compiler/jit/xla_gpu_device.cc:99] Not creating XLA devices, tf_xla_enable_xla_devices not set
2021-04-21 17:05:15.184107: I tensorflow/compiler/jit/xla_gpu_device.cc:99] Not creating XLA devices, tf_xla_enable_xla_devices not set
mse and spike frequency: 0.12656 0.0
[32m[I 2021-04-21 17:05:46,207][0m Trial 212 finished with values: [0.12656, 0.0] with parameters: {'Vahp': -25.5, 'Vth': -55.5, 'Vmax': 32.5, 't_ref': 8.5, 'R': 0.2, 'tau_m': 151.5, 'R_adp': 0.6, 'tau_w': 74.5, 'a': 414.5, 'rate_low': 21.0, 'rate_high': 41.5}.[0m
2021-04-21 17:05:47.096386: I tensorflow/compiler/jit/xla_gpu_device.cc:99] Not creating XLA devices, tf_xla_enable_xla_devices not set
maxFreq at 10nA: 35.0
2021-04-21 17:06:30.005813: I tensorflow/compiler/jit/xla_gpu_device.cc:99] Not creating XLA devices, tf_xla_enable_xla_devices not set
2021-04-21 17:07:02.148208: I tensorflow/compiler/jit/xla_gpu_device.cc:99] Not creating XLA devices, tf_xla_enable_xla_devices not set
mse and spike frequency: 0.57734 2.29
[32m[I 2021-04-21 17:07:32,956][0m Trial 213 finished with values: [0.57734, 2.29] with parameters: {'Vahp': -48.0, 'Vth': -45.5, 'Vmax': 37.5, 't_ref': 8.5, 'R': 0.1, 'tau_m': 175.0, 'R_adp': 0.30000000000000004, 'tau_w': 242.0, 'a': 457.5, 'rate_low': 34.5, 'rate_high': 46.5}.[0m
2021-04-21 17:07:33.853863: I tensorflow/compiler/jit/xla_gpu_device.cc:99] Not creating XLA devices, tf_xla_enable_xla_devices not set
maxFreq at 10nA: 999.0
2021-04-21 17:08:16.930091: I tensorflow/compiler/jit/xla_gpu_device.cc:99] Not creating XLA devices, tf_xla_enable_xla_devices not set
2021-04-21 17:08:49.020994: I tensorflow/compiler/jit/xla_gpu_device.cc:99] Not creating XLA devices, tf_xla_enable_xla_devices not set
mse and spike frequency: 0.12656 0.0
[32m[I 2021-04-21 17:09:19,995][0m Trial 214 finished with values: [0.12656, 0.0] with parameters: {'Vahp': -29.5, 'Vth': -45.0, 'Vmax': 28.5, 't_ref': 20.0, 'R': 0.2, 'tau_m': 278.0, 'R_adp': 0.5, 'tau_w': 122.0, 'a': 136.5, 'rate_low': 8.5, 'rate_high': 42.5}.[0m
2021-04-21 17:09:20.847841: I tensorflow/compiler/jit/xla_gpu_device.cc:99] Not creating XLA devices, tf_xla_enable_xla_devices not set
maxFreq at 10nA: 1000.0
2021-04-21 17:10:04.232782: I tensorflow/compiler/jit/xla_gpu_device.cc:99] Not creating XLA devices, tf_xla_enable_xla_devices not set
2021-04-21 17:10:37.005135: I tensorflow/compiler/jit/xla_gpu_device.cc:99] Not creating XLA devices, tf_xla_enable_xla_devices not set
mse and spike frequency: 0.12656 0.0
[32m[I 2021-04-21 17:11:08,100][0m Trial 215 finished with values: [0.12656, 0.0] with parameters: {'Vahp': -52.5, 'Vth': -55.5, 'Vmax': 30.0, 't_ref': 3.0, 'R': 0.30000000000000004, 'tau_m': 187.5, 'R_adp': 0.5, 'tau_w': 46.5, 'a': 486.0, 'rate_low': 2.5, 'rate_high': 41.5}.[0m
2021-04-21 17:11:08.940938: I tensorflow/compiler/jit/xla_gpu_device.cc:99] Not creating XLA devices, tf_xla_enable_xla_devices not set
maxFreq at 10nA: 48.0
2021-04-21 17:11:51.978825: I tensorflow/compiler/jit/xla_gpu_device.cc:99] Not creating XLA devices, tf_xla_enable_xla_devices not set
2021-04-21 17:12:25.299292: I tensorflow/compiler/jit/xla_gpu_device.cc:99] Not creating XLA devices, tf_xla_enable_xla_devices not set
mse and spike frequency: 0.00627 15.8
[32m[I 2021-04-21 17:12:57,311][0m Trial 216 finished with values: [0.00627, 15.8] with parameters: {'Vahp': -34.5, 'Vth': -34.0, 'Vmax': 10.5, 't_ref': 20.0, 'R': 0.8, 'tau_m': 61.5, 'R_adp': 0.30000000000000004, 'tau_w': 24.5, 'a': 414.5, 'rate_low': 8.5, 'rate_high': 42.5}.[0m
2021-04-21 17:12:58.152361: I tensorflow/compiler/jit/xla_gpu_device.cc:99] Not creating XLA devices, tf_xla_enable_xla_devices not set
maxFreq at 10nA: 999.0
2021-04-21 17:13:41.915255: I tensorflow/compiler/jit/xla_gpu_device.cc:99] Not creating XLA devices, tf_xla_enable_xla_devices not set
2021-04-21 17:14:16.078200: I tensorflow/compiler/jit/xla_gpu_device.cc:99] Not creating XLA devices, tf_xla_enable_xla_devices not set
mse and spike frequency: 0.12656 0.0
[32m[I 2021-04-21 17:14:48,488][0m Trial 217 finished with values: [0.12656, 0.0] with parameters: {'Vahp': -29.5, 'Vth': -32.5, 'Vmax': 27.5, 't_ref': 2.0, 'R': 0.6, 'tau_m': 255.5, 'R_adp': 0.4, 'tau_w': 104.5, 'a': 89.0, 'rate_low': 37.0, 'rate_high': 39.5}.[0m
2021-04-21 17:14:49.315677: I tensorflow/compiler/jit/xla_gpu_device.cc:99] Not creating XLA devices, tf_xla_enable_xla_devices not set
maxFreq at 10nA: 1000.0
2021-04-21 17:15:33.102121: I tensorflow/compiler/jit/xla_gpu_device.cc:99] Not creating XLA devices, tf_xla_enable_xla_devices not set
2021-04-21 17:16:07.678647: I tensorflow/compiler/jit/xla_gpu_device.cc:99] Not creating XLA devices, tf_xla_enable_xla_devices not set
mse and spike frequency: 0.12656 0.0
[32m[I 2021-04-21 17:16:39,827][0m Trial 218 finished with values: [0.12656, 0.0] with parameters: {'Vahp': -24.0, 'Vth': -51.0, 'Vmax': 31.0, 't_ref': 14.5, 'R': 1.0, 'tau_m': 151.5, 'R_adp': 0.6, 'tau_w': 74.5, 'a': 486.0, 'rate_low': 21.0, 'rate_high': 41.5}.[0m
2021-04-21 17:16:40.656048: I tensorflow/compiler/jit/xla_gpu_device.cc:99] Not creating XLA devices, tf_xla_enable_xla_devices not set
maxFreq at 10nA: 50.0
2021-04-21 17:17:24.024542: I tensorflow/compiler/jit/xla_gpu_device.cc:99] Not creating XLA devices, tf_xla_enable_xla_devices not set
2021-04-21 17:17:57.110264: I tensorflow/compiler/jit/xla_gpu_device.cc:99] Not creating XLA devices, tf_xla_enable_xla_devices not set
mse and spike frequency: 0.06274 0.38
[32m[I 2021-04-21 17:18:29,084][0m Trial 219 finished with values: [0.06274, 0.38] with parameters: {'Vahp': -47.0, 'Vth': -23.5, 'Vmax': 39.5, 't_ref': 16.0, 'R': 0.2, 'tau_m': 296.5, 'R_adp': 0.5, 'tau_w': 35.5, 'a': 230.0, 'rate_low': 3.0, 'rate_high': 29.0}.[0m
2021-04-21 17:18:30.005830: I tensorflow/compiler/jit/xla_gpu_device.cc:99] Not creating XLA devices, tf_xla_enable_xla_devices not set
maxFreq at 10nA: 1000.0
2021-04-21 17:19:13.615633: I tensorflow/compiler/jit/xla_gpu_device.cc:99] Not creating XLA devices, tf_xla_enable_xla_devices not set
2021-04-21 17:19:46.665516: I tensorflow/compiler/jit/xla_gpu_device.cc:99] Not creating XLA devices, tf_xla_enable_xla_devices not set
mse and spike frequency: 0.12656 0.0
[32m[I 2021-04-21 17:20:18,837][0m Trial 220 finished with values: [0.12656, 0.0] with parameters: {'Vahp': -46.0, 'Vth': -48.5, 'Vmax': 39.5, 't_ref': 2.0, 'R': 0.4, 'tau_m': 255.5, 'R_adp': 0.5, 'tau_w': 35.5, 'a': 89.0, 'rate_low': 34.5, 'rate_high': 50.0}.[0m
2021-04-21 17:20:19.662215: I tensorflow/compiler/jit/xla_gpu_device.cc:99] Not creating XLA devices, tf_xla_enable_xla_devices not set
maxFreq at 10nA: 1000.0
2021-04-21 17:21:04.484721: I tensorflow/compiler/jit/xla_gpu_device.cc:99] Not creating XLA devices, tf_xla_enable_xla_devices not set
2021-04-21 17:21:38.040376: I tensorflow/compiler/jit/xla_gpu_device.cc:99] Not creating XLA devices, tf_xla_enable_xla_devices not set
mse and spike frequency: 0.12656 0.0
[32m[I 2021-04-21 17:22:10,097][0m Trial 221 finished with values: [0.12656, 0.0] with parameters: {'Vahp': -46.0, 'Vth': -55.5, 'Vmax': 31.0, 't_ref': 1.5, 'R': 0.5, 'tau_m': 425.0, 'R_adp': 0.8, 'tau_w': 430.5, 'a': 486.0, 'rate_low': 15.5, 'rate_high': 41.5}.[0m
2021-04-21 17:22:10.958382: I tensorflow/compiler/jit/xla_gpu_device.cc:99] Not creating XLA devices, tf_xla_enable_xla_devices not set
maxFreq at 10nA: 1000.0
2021-04-21 17:22:55.382441: I tensorflow/compiler/jit/xla_gpu_device.cc:99] Not creating XLA devices, tf_xla_enable_xla_devices not set
2021-04-21 17:23:29.125275: I tensorflow/compiler/jit/xla_gpu_device.cc:99] Not creating XLA devices, tf_xla_enable_xla_devices not set
mse and spike frequency: 0.12656 0.0
[32m[I 2021-04-21 17:24:02,061][0m Trial 222 finished with values: [0.12656, 0.0] with parameters: {'Vahp': -37.0, 'Vth': -49.5, 'Vmax': 33.5, 't_ref': 3.5, 'R': 1.0, 'tau_m': 47.5, 'R_adp': 0.30000000000000004, 'tau_w': 104.5, 'a': 414.5, 'rate_low': 22.0, 'rate_high': 31.0}.[0m
2021-04-21 17:24:02.885669: I tensorflow/compiler/jit/xla_gpu_device.cc:99] Not creating XLA devices, tf_xla_enable_xla_devices not set
maxFreq at 10nA: 1000.0
2021-04-21 17:24:47.315417: I tensorflow/compiler/jit/xla_gpu_device.cc:99] Not creating XLA devices, tf_xla_enable_xla_devices not set
2021-04-21 17:25:21.097192: I tensorflow/compiler/jit/xla_gpu_device.cc:99] Not creating XLA devices, tf_xla_enable_xla_devices not set
mse and spike frequency: 0.12656 0.0
[32m[I 2021-04-21 17:25:54,207][0m Trial 223 finished with values: [0.12656, 0.0] with parameters: {'Vahp': -29.5, 'Vth': -32.0, 'Vmax': 27.5, 't_ref': 13.5, 'R': 0.6, 'tau_m': 47.5, 'R_adp': 0.5, 'tau_w': 104.5, 'a': 414.5, 'rate_low': 36.0, 'rate_high': 39.5}.[0m
2021-04-21 17:25:55.047726: I tensorflow/compiler/jit/xla_gpu_device.cc:99] Not creating XLA devices, tf_xla_enable_xla_devices not set
maxFreq at 10nA: 1000.0
2021-04-21 17:26:39.409342: I tensorflow/compiler/jit/xla_gpu_device.cc:99] Not creating XLA devices, tf_xla_enable_xla_devices not set
2021-04-21 17:27:13.574115: I tensorflow/compiler/jit/xla_gpu_device.cc:99] Not creating XLA devices, tf_xla_enable_xla_devices not set
mse and spike frequency: 0.12656 0.0
[32m[I 2021-04-21 17:27:46,391][0m Trial 224 finished with values: [0.12656, 0.0] with parameters: {'Vahp': -37.0, 'Vth': -49.5, 'Vmax': 33.5, 't_ref': 14.0, 'R': 0.1, 'tau_m': 47.5, 'R_adp': 0.1, 'tau_w': 159.0, 'a': 414.5, 'rate_low': 22.0, 'rate_high': 45.5}.[0m
2021-04-21 17:27:47.280446: I tensorflow/compiler/jit/xla_gpu_device.cc:99] Not creating XLA devices, tf_xla_enable_xla_devices not set
maxFreq at 10nA: 1000.0
2021-04-21 17:28:33.278166: I tensorflow/compiler/jit/xla_gpu_device.cc:99] Not creating XLA devices, tf_xla_enable_xla_devices not set
2021-04-21 17:29:07.916086: I tensorflow/compiler/jit/xla_gpu_device.cc:99] Not creating XLA devices, tf_xla_enable_xla_devices not set
mse and spike frequency: 0.12656 0.0
[32m[I 2021-04-21 17:29:41,075][0m Trial 225 finished with values: [0.12656, 0.0] with parameters: {'Vahp': -33.0, 'Vth': -52.0, 'Vmax': 25.5, 't_ref': 7.5, 'R': 0.8, 'tau_m': 311.5, 'R_adp': 0.9, 'tau_w': 491.0, 'a': 331.0, 'rate_low': 49.0, 'rate_high': 16.5}.[0m
2021-04-21 17:29:41.928531: I tensorflow/compiler/jit/xla_gpu_device.cc:99] Not creating XLA devices, tf_xla_enable_xla_devices not set
maxFreq at 10nA: 1000.0
2021-04-21 17:30:26.840501: I tensorflow/compiler/jit/xla_gpu_device.cc:99] Not creating XLA devices, tf_xla_enable_xla_devices not set
2021-04-21 17:31:01.704172: I tensorflow/compiler/jit/xla_gpu_device.cc:99] Not creating XLA devices, tf_xla_enable_xla_devices not set
mse and spike frequency: 0.12656 0.0
[32m[I 2021-04-21 17:31:34,878][0m Trial 226 finished with values: [0.12656, 0.0] with parameters: {'Vahp': -24.0, 'Vth': -35.5, 'Vmax': 39.0, 't_ref': 1.5, 'R': 0.30000000000000004, 'tau_m': 19.5, 'R_adp': 0.30000000000000004, 'tau_w': 430.5, 'a': 86.5, 'rate_low': 15.5, 'rate_high': 34.5}.[0m
2021-04-21 17:31:35.782197: I tensorflow/compiler/jit/xla_gpu_device.cc:99] Not creating XLA devices, tf_xla_enable_xla_devices not set
maxFreq at 10nA: 1000.0
2021-04-21 17:32:20.926169: I tensorflow/compiler/jit/xla_gpu_device.cc:99] Not creating XLA devices, tf_xla_enable_xla_devices not set
2021-04-21 17:32:55.699269: I tensorflow/compiler/jit/xla_gpu_device.cc:99] Not creating XLA devices, tf_xla_enable_xla_devices not set
mse and spike frequency: 0.12656 0.0
[32m[I 2021-04-21 17:33:29,122][0m Trial 227 finished with values: [0.12656, 0.0] with parameters: {'Vahp': -48.0, 'Vth': -51.0, 'Vmax': 31.0, 't_ref': 1.5, 'R': 0.9, 'tau_m': 255.5, 'R_adp': 1.0, 'tau_w': 229.0, 'a': 447.5, 'rate_low': 34.5, 'rate_high': 49.5}.[0m
2021-04-21 17:33:30.012917: I tensorflow/compiler/jit/xla_gpu_device.cc:99] Not creating XLA devices, tf_xla_enable_xla_devices not set
maxFreq at 10nA: 997.0
2021-04-21 17:34:15.367929: I tensorflow/compiler/jit/xla_gpu_device.cc:99] Not creating XLA devices, tf_xla_enable_xla_devices not set
2021-04-21 17:34:50.120296: I tensorflow/compiler/jit/xla_gpu_device.cc:99] Not creating XLA devices, tf_xla_enable_xla_devices not set
mse and spike frequency: 0.12656 0.0
[32m[I 2021-04-21 17:35:23,666][0m Trial 228 finished with values: [0.12656, 0.0] with parameters: {'Vahp': -30.0, 'Vth': -31.5, 'Vmax': 19.5, 't_ref': 17.5, 'R': 0.4, 'tau_m': 454.5, 'R_adp': 0.4, 'tau_w': 318.0, 'a': 72.0, 'rate_low': 32.0, 'rate_high': 50.0}.[0m
2021-04-21 17:35:24.553620: I tensorflow/compiler/jit/xla_gpu_device.cc:99] Not creating XLA devices, tf_xla_enable_xla_devices not set
maxFreq at 10nA: 236.0
2021-04-21 17:36:10.391605: I tensorflow/compiler/jit/xla_gpu_device.cc:99] Not creating XLA devices, tf_xla_enable_xla_devices not set
