[32m[I 2021-04-21 17:03:39,058][0m Trial 213 finished with values: [0.12656, 0.0] with parameters: {'Vahp': -21.0, 'Vth': -43.5, 'Vmax': 29.0, 't_ref': 9.5, 'R': 0.9, 'tau_m': 374.0, 'rate_low': 35.5, 'rate_high': 41.0}.[0m
2021-04-21 17:03:39.903592: I tensorflow/compiler/jit/xla_gpu_device.cc:99] Not creating XLA devices, tf_xla_enable_xla_devices not set
maxFreq at 10nA: 1000.0
2021-04-21 17:04:22.163077: I tensorflow/compiler/jit/xla_gpu_device.cc:99] Not creating XLA devices, tf_xla_enable_xla_devices not set
2021-04-21 17:04:54.870038: I tensorflow/compiler/jit/xla_gpu_device.cc:99] Not creating XLA devices, tf_xla_enable_xla_devices not set
mse and spike frequency: 0.12656 0.0
[32m[I 2021-04-21 17:05:27,904][0m Trial 214 finished with values: [0.12656, 0.0] with parameters: {'Vahp': -35.5, 'Vth': -45.5, 'Vmax': 27.0, 't_ref': 1.5, 'R': 0.1, 'tau_m': 45.5, 'rate_low': 47.5, 'rate_high': 47.5}.[0m
2021-04-21 17:05:28.737425: I tensorflow/compiler/jit/xla_gpu_device.cc:99] Not creating XLA devices, tf_xla_enable_xla_devices not set
maxFreq at 10nA: 91.0
2021-04-21 17:06:10.956062: I tensorflow/compiler/jit/xla_gpu_device.cc:99] Not creating XLA devices, tf_xla_enable_xla_devices not set
2021-04-21 17:06:44.072124: I tensorflow/compiler/jit/xla_gpu_device.cc:99] Not creating XLA devices, tf_xla_enable_xla_devices not set
mse and spike frequency: 0.00251 22.61
[32m[I 2021-04-21 17:07:17,274][0m Trial 215 finished with values: [0.00251, 22.61] with parameters: {'Vahp': -54.0, 'Vth': -40.5, 'Vmax': 29.0, 't_ref': 9.5, 'R': 1.0, 'tau_m': 374.0, 'rate_low': 29.0, 'rate_high': 36.0}.[0m
2021-04-21 17:07:18.128197: I tensorflow/compiler/jit/xla_gpu_device.cc:99] Not creating XLA devices, tf_xla_enable_xla_devices not set
maxFreq at 10nA: 143.0
2021-04-21 17:08:01.193267: I tensorflow/compiler/jit/xla_gpu_device.cc:99] Not creating XLA devices, tf_xla_enable_xla_devices not set
2021-04-21 17:08:34.160134: I tensorflow/compiler/jit/xla_gpu_device.cc:99] Not creating XLA devices, tf_xla_enable_xla_devices not set
mse and spike frequency: 0.00185 31.98
[32m[I 2021-04-21 17:09:07,412][0m Trial 216 finished with values: [0.00185, 31.98] with parameters: {'Vahp': -40.5, 'Vth': -33.0, 'Vmax': 20.5, 't_ref': 6.0, 'R': 0.8, 'tau_m': 292.5, 'rate_low': 21.0, 'rate_high': 36.5}.[0m
2021-04-21 17:09:08.250706: I tensorflow/compiler/jit/xla_gpu_device.cc:99] Not creating XLA devices, tf_xla_enable_xla_devices not set
maxFreq at 10nA: 63.0
2021-04-21 17:09:51.653326: I tensorflow/compiler/jit/xla_gpu_device.cc:99] Not creating XLA devices, tf_xla_enable_xla_devices not set
2021-04-21 17:10:24.024002: I tensorflow/compiler/jit/xla_gpu_device.cc:99] Not creating XLA devices, tf_xla_enable_xla_devices not set
mse and spike frequency: 0.00315 15.67
[32m[I 2021-04-21 17:10:57,053][0m Trial 217 finished with values: [0.00315, 15.67] with parameters: {'Vahp': -38.0, 'Vth': -33.0, 'Vmax': 28.5, 't_ref': 15.0, 'R': 0.4, 'tau_m': 473.0, 'rate_low': 29.0, 'rate_high': 36.0}.[0m
2021-04-21 17:10:57.919720: I tensorflow/compiler/jit/xla_gpu_device.cc:99] Not creating XLA devices, tf_xla_enable_xla_devices not set
maxFreq at 10nA: 56.0
2021-04-21 17:11:41.847855: I tensorflow/compiler/jit/xla_gpu_device.cc:99] Not creating XLA devices, tf_xla_enable_xla_devices not set
2021-04-21 17:12:14.980533: I tensorflow/compiler/jit/xla_gpu_device.cc:99] Not creating XLA devices, tf_xla_enable_xla_devices not set
mse and spike frequency: 0.00369 24.8
[32m[I 2021-04-21 17:12:48,978][0m Trial 218 finished with values: [0.00369, 24.8] with parameters: {'Vahp': -41.0, 'Vth': -39.0, 'Vmax': 17.5, 't_ref': 16.5, 'R': 0.9, 'tau_m': 488.5, 'rate_low': 43.5, 'rate_high': 43.0}.[0m
2021-04-21 17:12:49.831709: I tensorflow/compiler/jit/xla_gpu_device.cc:99] Not creating XLA devices, tf_xla_enable_xla_devices not set
maxFreq at 10nA: 1000.0
2021-04-21 17:13:33.525428: I tensorflow/compiler/jit/xla_gpu_device.cc:99] Not creating XLA devices, tf_xla_enable_xla_devices not set
2021-04-21 17:14:06.421232: I tensorflow/compiler/jit/xla_gpu_device.cc:99] Not creating XLA devices, tf_xla_enable_xla_devices not set
mse and spike frequency: 0.12656 0.0
[32m[I 2021-04-21 17:14:39,566][0m Trial 219 finished with values: [0.12656, 0.0] with parameters: {'Vahp': -21.5, 'Vth': -40.5, 'Vmax': 27.0, 't_ref': 16.5, 'R': 1.0, 'tau_m': 356.0, 'rate_low': 24.0, 'rate_high': 47.5}.[0m
2021-04-21 17:14:40.445674: I tensorflow/compiler/jit/xla_gpu_device.cc:99] Not creating XLA devices, tf_xla_enable_xla_devices not set
maxFreq at 10nA: 200.0
2021-04-21 17:15:24.286678: I tensorflow/compiler/jit/xla_gpu_device.cc:99] Not creating XLA devices, tf_xla_enable_xla_devices not set
2021-04-21 17:15:58.012542: I tensorflow/compiler/jit/xla_gpu_device.cc:99] Not creating XLA devices, tf_xla_enable_xla_devices not set
mse and spike frequency: 0.00176 42.36
[32m[I 2021-04-21 17:16:31,399][0m Trial 220 finished with values: [0.00176, 42.36] with parameters: {'Vahp': -41.0, 'Vth': -27.5, 'Vmax': 17.5, 't_ref': 3.5, 'R': 0.6, 'tau_m': 101.5, 'rate_low': 23.5, 'rate_high': 38.5}.[0m
2021-04-21 17:16:32.306949: I tensorflow/compiler/jit/xla_gpu_device.cc:99] Not creating XLA devices, tf_xla_enable_xla_devices not set
maxFreq at 10nA: 167.0
2021-04-21 17:17:17.020181: I tensorflow/compiler/jit/xla_gpu_device.cc:99] Not creating XLA devices, tf_xla_enable_xla_devices not set
2021-04-21 17:17:51.767000: I tensorflow/compiler/jit/xla_gpu_device.cc:99] Not creating XLA devices, tf_xla_enable_xla_devices not set
mse and spike frequency: 0.00191 27.54
[32m[I 2021-04-21 17:18:25,352][0m Trial 221 finished with values: [0.00191, 27.54] with parameters: {'Vahp': -48.5, 'Vth': -22.5, 'Vmax': 36.5, 't_ref': 5.0, 'R': 0.8, 'tau_m': 119.5, 'rate_low': 23.0, 'rate_high': 36.5}.[0m
2021-04-21 17:18:26.245512: I tensorflow/compiler/jit/xla_gpu_device.cc:99] Not creating XLA devices, tf_xla_enable_xla_devices not set
maxFreq at 10nA: 999.0
2021-04-21 17:19:10.238661: I tensorflow/compiler/jit/xla_gpu_device.cc:99] Not creating XLA devices, tf_xla_enable_xla_devices not set
2021-04-21 17:19:44.241341: I tensorflow/compiler/jit/xla_gpu_device.cc:99] Not creating XLA devices, tf_xla_enable_xla_devices not set
mse and spike frequency: 0.12656 0.0
[32m[I 2021-04-21 17:20:16,855][0m Trial 222 finished with values: [0.12656, 0.0] with parameters: {'Vahp': -24.0, 'Vth': -29.0, 'Vmax': 36.5, 't_ref': 1.5, 'R': 0.1, 'tau_m': 45.5, 'rate_low': 8.5, 'rate_high': 43.5}.[0m
2021-04-21 17:20:17.777518: I tensorflow/compiler/jit/xla_gpu_device.cc:99] Not creating XLA devices, tf_xla_enable_xla_devices not set
maxFreq at 10nA: 999.0
2021-04-21 17:21:02.019216: I tensorflow/compiler/jit/xla_gpu_device.cc:99] Not creating XLA devices, tf_xla_enable_xla_devices not set
2021-04-21 17:21:35.273044: I tensorflow/compiler/jit/xla_gpu_device.cc:99] Not creating XLA devices, tf_xla_enable_xla_devices not set
mse and spike frequency: 0.12656 0.0
[32m[I 2021-04-21 17:22:07,956][0m Trial 223 finished with values: [0.12656, 0.0] with parameters: {'Vahp': -24.0, 'Vth': -28.0, 'Vmax': 36.5, 't_ref': 1.0, 'R': 0.6, 'tau_m': 254.0, 'rate_low': 41.0, 'rate_high': 36.5}.[0m
2021-04-21 17:22:08.858529: I tensorflow/compiler/jit/xla_gpu_device.cc:99] Not creating XLA devices, tf_xla_enable_xla_devices not set
maxFreq at 10nA: 50.0
2021-04-21 17:22:52.417055: I tensorflow/compiler/jit/xla_gpu_device.cc:99] Not creating XLA devices, tf_xla_enable_xla_devices not set
2021-04-21 17:23:26.282468: I tensorflow/compiler/jit/xla_gpu_device.cc:99] Not creating XLA devices, tf_xla_enable_xla_devices not set
mse and spike frequency: 0.02097 4.19
[32m[I 2021-04-21 17:23:59,805][0m Trial 224 finished with values: [0.02097, 4.19] with parameters: {'Vahp': -22.5, 'Vth': -22.5, 'Vmax': 28.5, 't_ref': 19.0, 'R': 0.4, 'tau_m': 410.5, 'rate_low': 8.5, 'rate_high': 49.0}.[0m
2021-04-21 17:24:00.771884: I tensorflow/compiler/jit/xla_gpu_device.cc:99] Not creating XLA devices, tf_xla_enable_xla_devices not set
maxFreq at 10nA: 1000.0
2021-04-21 17:24:45.546118: I tensorflow/compiler/jit/xla_gpu_device.cc:99] Not creating XLA devices, tf_xla_enable_xla_devices not set
2021-04-21 17:25:20.564384: I tensorflow/compiler/jit/xla_gpu_device.cc:99] Not creating XLA devices, tf_xla_enable_xla_devices not set
mse and spike frequency: 0.12656 0.0
[32m[I 2021-04-21 17:25:54,084][0m Trial 225 finished with values: [0.12656, 0.0] with parameters: {'Vahp': -34.5, 'Vth': -40.5, 'Vmax': 13.5, 't_ref': 9.5, 'R': 0.9, 'tau_m': 314.0, 'rate_low': 26.0, 'rate_high': 26.0}.[0m
2021-04-21 17:25:54.952806: I tensorflow/compiler/jit/xla_gpu_device.cc:99] Not creating XLA devices, tf_xla_enable_xla_devices not set
maxFreq at 10nA: 1000.0
2021-04-21 17:26:39.866497: I tensorflow/compiler/jit/xla_gpu_device.cc:99] Not creating XLA devices, tf_xla_enable_xla_devices not set
2021-04-21 17:27:14.125076: I tensorflow/compiler/jit/xla_gpu_device.cc:99] Not creating XLA devices, tf_xla_enable_xla_devices not set
mse and spike frequency: 0.12656 0.0
[32m[I 2021-04-21 17:27:47,294][0m Trial 226 finished with values: [0.12656, 0.0] with parameters: {'Vahp': -35.5, 'Vth': -45.5, 'Vmax': 27.0, 't_ref': 1.5, 'R': 0.1, 'tau_m': 45.5, 'rate_low': 47.5, 'rate_high': 39.0}.[0m
2021-04-21 17:27:48.186077: I tensorflow/compiler/jit/xla_gpu_device.cc:99] Not creating XLA devices, tf_xla_enable_xla_devices not set
maxFreq at 10nA: 998.0
2021-04-21 17:28:32.762105: I tensorflow/compiler/jit/xla_gpu_device.cc:99] Not creating XLA devices, tf_xla_enable_xla_devices not set
2021-04-21 17:29:07.975554: I tensorflow/compiler/jit/xla_gpu_device.cc:99] Not creating XLA devices, tf_xla_enable_xla_devices not set
mse and spike frequency: 0.12656 0.0
[32m[I 2021-04-21 17:29:41,426][0m Trial 227 finished with values: [0.12656, 0.0] with parameters: {'Vahp': -21.5, 'Vth': -40.5, 'Vmax': 36.5, 't_ref': 5.5, 'R': 0.2, 'tau_m': 284.5, 'rate_low': 23.5, 'rate_high': 12.0}.[0m
2021-04-21 17:29:42.305156: I tensorflow/compiler/jit/xla_gpu_device.cc:99] Not creating XLA devices, tf_xla_enable_xla_devices not set
maxFreq at 10nA: 994.0
2021-04-21 17:30:27.152655: I tensorflow/compiler/jit/xla_gpu_device.cc:99] Not creating XLA devices, tf_xla_enable_xla_devices not set
2021-04-21 17:31:02.543614: I tensorflow/compiler/jit/xla_gpu_device.cc:99] Not creating XLA devices, tf_xla_enable_xla_devices not set
mse and spike frequency: 0.12656 0.0
[32m[I 2021-04-21 17:31:36,462][0m Trial 228 finished with values: [0.12656, 0.0] with parameters: {'Vahp': -35.5, 'Vth': -36.5, 'Vmax': 33.0, 't_ref': 19.0, 'R': 0.1, 'tau_m': 300.5, 'rate_low': 11.5, 'rate_high': 35.0}.[0m
2021-04-21 17:31:37.324577: I tensorflow/compiler/jit/xla_gpu_device.cc:99] Not creating XLA devices, tf_xla_enable_xla_devices not set
maxFreq at 10nA: 998.0
2021-04-21 17:32:22.460815: I tensorflow/compiler/jit/xla_gpu_device.cc:99] Not creating XLA devices, tf_xla_enable_xla_devices not set
2021-04-21 17:32:57.351254: I tensorflow/compiler/jit/xla_gpu_device.cc:99] Not creating XLA devices, tf_xla_enable_xla_devices not set
mse and spike frequency: 0.12656 0.0
[32m[I 2021-04-21 17:33:31,492][0m Trial 229 finished with values: [0.12656, 0.0] with parameters: {'Vahp': -35.5, 'Vth': -40.5, 'Vmax': 27.0, 't_ref': 19.0, 'R': 0.2, 'tau_m': 300.5, 'rate_low': 12.5, 'rate_high': 43.0}.[0m
2021-04-21 17:33:32.373083: I tensorflow/compiler/jit/xla_gpu_device.cc:99] Not creating XLA devices, tf_xla_enable_xla_devices not set
maxFreq at 10nA: 56.0
2021-04-21 17:34:17.853925: I tensorflow/compiler/jit/xla_gpu_device.cc:99] Not creating XLA devices, tf_xla_enable_xla_devices not set
2021-04-21 17:34:53.433268: I tensorflow/compiler/jit/xla_gpu_device.cc:99] Not creating XLA devices, tf_xla_enable_xla_devices not set
mse and spike frequency: 0.12656 0.0
[32m[I 2021-04-21 17:35:27,797][0m Trial 230 finished with values: [0.12656, 0.0] with parameters: {'Vahp': -21.0, 'Vth': -21.0, 'Vmax': 33.5, 't_ref': 16.5, 'R': 0.6, 'tau_m': 38.0, 'rate_low': 13.5, 'rate_high': 4.5}.[0m
2021-04-21 17:35:28.672412: I tensorflow/compiler/jit/xla_gpu_device.cc:99] Not creating XLA devices, tf_xla_enable_xla_devices not set
maxFreq at 10nA: 334.0
2021-04-21 17:36:14.257564: I tensorflow/compiler/jit/xla_gpu_device.cc:99] Not creating XLA devices, tf_xla_enable_xla_devices not set
