[32m[I 2021-04-21 13:46:33,624][0m Trial 58 finished with values: [0.00417, 6.37] with parameters: {'Vahp': -35.0, 'Vth': -21.0, 'Vmax': 40.0, 't_ref': 16.0, 'R': 0.30000000000000004, 'tau_m': 398.0, 'rate_low': 21.5, 'rate_high': 29.5}.[0m
2021-04-21 13:46:34.164552: I tensorflow/compiler/jit/xla_gpu_device.cc:99] Not creating XLA devices, tf_xla_enable_xla_devices not set
maxFreq at 10nA: 53.0
2021-04-21 13:46:57.611594: I tensorflow/compiler/jit/xla_gpu_device.cc:99] Not creating XLA devices, tf_xla_enable_xla_devices not set
2021-04-21 13:47:10.452076: I tensorflow/compiler/jit/xla_gpu_device.cc:99] Not creating XLA devices, tf_xla_enable_xla_devices not set
mse and spike frequency: 0.00702 21.82
[32m[I 2021-04-21 13:47:22,291][0m Trial 59 finished with values: [0.00702, 21.82] with parameters: {'Vahp': -42.0, 'Vth': -23.5, 'Vmax': 22.5, 't_ref': 18.0, 'R': 0.7000000000000001, 'tau_m': 13.5, 'rate_low': 12.5, 'rate_high': 18.0}.[0m
2021-04-21 13:47:22.733815: I tensorflow/compiler/jit/xla_gpu_device.cc:99] Not creating XLA devices, tf_xla_enable_xla_devices not set
maxFreq at 10nA: 63.0
2021-04-21 13:47:45.743486: I tensorflow/compiler/jit/xla_gpu_device.cc:99] Not creating XLA devices, tf_xla_enable_xla_devices not set
2021-04-21 13:47:58.008473: I tensorflow/compiler/jit/xla_gpu_device.cc:99] Not creating XLA devices, tf_xla_enable_xla_devices not set
mse and spike frequency: 0.00431 20.43
[32m[I 2021-04-21 13:48:09,710][0m Trial 60 finished with values: [0.00431, 20.43] with parameters: {'Vahp': -25.0, 'Vth': -23.5, 'Vmax': 22.5, 't_ref': 15.0, 'R': 0.5, 'tau_m': 273.0, 'rate_low': 16.5, 'rate_high': 34.5}.[0m
2021-04-21 13:48:10.153290: I tensorflow/compiler/jit/xla_gpu_device.cc:99] Not creating XLA devices, tf_xla_enable_xla_devices not set
maxFreq at 10nA: 1000.0
2021-04-21 13:48:33.482071: I tensorflow/compiler/jit/xla_gpu_device.cc:99] Not creating XLA devices, tf_xla_enable_xla_devices not set
2021-04-21 13:48:46.172632: I tensorflow/compiler/jit/xla_gpu_device.cc:99] Not creating XLA devices, tf_xla_enable_xla_devices not set
mse and spike frequency: 0.12401 1000.1
[32m[I 2021-04-21 13:48:58,262][0m Trial 61 finished with values: [0.12401, 1000.1] with parameters: {'Vahp': -27.0, 'Vth': -60.0, 'Vmax': 34.5, 't_ref': 11.0, 'R': 0.4, 'tau_m': 88.5, 'rate_low': 29.0, 'rate_high': 37.0}.[0m
2021-04-21 13:48:58.737383: I tensorflow/compiler/jit/xla_gpu_device.cc:99] Not creating XLA devices, tf_xla_enable_xla_devices not set
maxFreq at 10nA: 1000.0
2021-04-21 13:49:22.125804: I tensorflow/compiler/jit/xla_gpu_device.cc:99] Not creating XLA devices, tf_xla_enable_xla_devices not set
2021-04-21 13:49:35.330574: I tensorflow/compiler/jit/xla_gpu_device.cc:99] Not creating XLA devices, tf_xla_enable_xla_devices not set
mse and spike frequency: 0.12656 0.0
[32m[I 2021-04-21 13:49:47,805][0m Trial 62 finished with values: [0.12656, 0.0] with parameters: {'Vahp': -31.5, 'Vth': -49.5, 'Vmax': 22.0, 't_ref': 5.0, 'R': 0.6, 'tau_m': 123.5, 'rate_low': 26.0, 'rate_high': 2.5}.[0m
2021-04-21 13:49:48.284989: I tensorflow/compiler/jit/xla_gpu_device.cc:99] Not creating XLA devices, tf_xla_enable_xla_devices not set
maxFreq at 10nA: 334.0
2021-04-21 13:50:11.737564: I tensorflow/compiler/jit/xla_gpu_device.cc:99] Not creating XLA devices, tf_xla_enable_xla_devices not set
2021-04-21 13:50:25.439533: I tensorflow/compiler/jit/xla_gpu_device.cc:99] Not creating XLA devices, tf_xla_enable_xla_devices not set
mse and spike frequency: 0.00259 85.93
[32m[I 2021-04-21 13:50:38,076][0m Trial 63 finished with values: [0.00259, 85.93] with parameters: {'Vahp': -43.5, 'Vth': -31.0, 'Vmax': 21.5, 't_ref': 1.5, 'R': 0.7000000000000001, 'tau_m': 88.0, 'rate_low': 38.5, 'rate_high': 46.0}.[0m
2021-04-21 13:50:38.598661: I tensorflow/compiler/jit/xla_gpu_device.cc:99] Not creating XLA devices, tf_xla_enable_xla_devices not set
maxFreq at 10nA: 249.0
2021-04-21 13:51:02.778957: I tensorflow/compiler/jit/xla_gpu_device.cc:99] Not creating XLA devices, tf_xla_enable_xla_devices not set
2021-04-21 13:51:16.332213: I tensorflow/compiler/jit/xla_gpu_device.cc:99] Not creating XLA devices, tf_xla_enable_xla_devices not set
mse and spike frequency: 0.00072 7.97
[32m[I 2021-04-21 13:51:28,425][0m Trial 64 finished with values: [0.00072, 7.97] with parameters: {'Vahp': -43.5, 'Vth': -34.5, 'Vmax': 21.5, 't_ref': 1.5, 'R': 0.2, 'tau_m': 377.0, 'rate_low': 16.5, 'rate_high': 46.0}.[0m
2021-04-21 13:51:28.891167: I tensorflow/compiler/jit/xla_gpu_device.cc:99] Not creating XLA devices, tf_xla_enable_xla_devices not set
maxFreq at 10nA: 1000.0
2021-04-21 13:51:53.115314: I tensorflow/compiler/jit/xla_gpu_device.cc:99] Not creating XLA devices, tf_xla_enable_xla_devices not set
2021-04-21 13:52:05.715443: I tensorflow/compiler/jit/xla_gpu_device.cc:99] Not creating XLA devices, tf_xla_enable_xla_devices not set
mse and spike frequency: 0.12656 0.0
[32m[I 2021-04-21 13:52:16,920][0m Trial 65 finished with values: [0.12656, 0.0] with parameters: {'Vahp': -35.5, 'Vth': -42.5, 'Vmax': 40.0, 't_ref': 7.5, 'R': 0.30000000000000004, 'tau_m': 126.5, 'rate_low': 25.0, 'rate_high': 49.5}.[0m
2021-04-21 13:52:17.421670: I tensorflow/compiler/jit/xla_gpu_device.cc:99] Not creating XLA devices, tf_xla_enable_xla_devices not set
maxFreq at 10nA: 249.0
2021-04-21 13:52:41.555965: I tensorflow/compiler/jit/xla_gpu_device.cc:99] Not creating XLA devices, tf_xla_enable_xla_devices not set
2021-04-21 13:52:53.898016: I tensorflow/compiler/jit/xla_gpu_device.cc:99] Not creating XLA devices, tf_xla_enable_xla_devices not set
mse and spike frequency: 0.02905 3.91
[32m[I 2021-04-21 13:53:05,396][0m Trial 66 finished with values: [0.02905, 3.91] with parameters: {'Vahp': -22.5, 'Vth': -21.0, 'Vmax': 18.0, 't_ref': 2.5, 'R': 0.30000000000000004, 'tau_m': 398.0, 'rate_low': 6.5, 'rate_high': 41.0}.[0m
2021-04-21 13:53:05.874037: I tensorflow/compiler/jit/xla_gpu_device.cc:99] Not creating XLA devices, tf_xla_enable_xla_devices not set
maxFreq at 10nA: 56.0
2021-04-21 13:53:30.766083: I tensorflow/compiler/jit/xla_gpu_device.cc:99] Not creating XLA devices, tf_xla_enable_xla_devices not set
2021-04-21 13:53:43.231644: I tensorflow/compiler/jit/xla_gpu_device.cc:99] Not creating XLA devices, tf_xla_enable_xla_devices not set
mse and spike frequency: 0.00673 4.44
[32m[I 2021-04-21 13:53:55,166][0m Trial 67 finished with values: [0.00673, 4.44] with parameters: {'Vahp': -45.0, 'Vth': -30.5, 'Vmax': 14.5, 't_ref': 14.0, 'R': 0.1, 'tau_m': 265.0, 'rate_low': 32.5, 'rate_high': 41.5}.[0m
2021-04-21 13:53:55.628506: I tensorflow/compiler/jit/xla_gpu_device.cc:99] Not creating XLA devices, tf_xla_enable_xla_devices not set
maxFreq at 10nA: 1000.0
2021-04-21 13:54:20.339725: I tensorflow/compiler/jit/xla_gpu_device.cc:99] Not creating XLA devices, tf_xla_enable_xla_devices not set
2021-04-21 13:54:33.681274: I tensorflow/compiler/jit/xla_gpu_device.cc:99] Not creating XLA devices, tf_xla_enable_xla_devices not set
mse and spike frequency: 0.12656 0.0
[32m[I 2021-04-21 13:54:45,680][0m Trial 68 finished with values: [0.12656, 0.0] with parameters: {'Vahp': -22.5, 'Vth': -45.5, 'Vmax': 24.0, 't_ref': 17.5, 'R': 0.6, 'tau_m': 229.5, 'rate_low': 33.0, 'rate_high': 50.0}.[0m
2021-04-21 13:54:46.145572: I tensorflow/compiler/jit/xla_gpu_device.cc:99] Not creating XLA devices, tf_xla_enable_xla_devices not set
maxFreq at 10nA: 1000.0
2021-04-21 13:55:11.120918: I tensorflow/compiler/jit/xla_gpu_device.cc:99] Not creating XLA devices, tf_xla_enable_xla_devices not set
2021-04-21 13:55:25.464361: I tensorflow/compiler/jit/xla_gpu_device.cc:99] Not creating XLA devices, tf_xla_enable_xla_devices not set
mse and spike frequency: 0.12656 0.0
[32m[I 2021-04-21 13:55:37,783][0m Trial 69 finished with values: [0.12656, 0.0] with parameters: {'Vahp': -32.5, 'Vth': -41.5, 'Vmax': 10.5, 't_ref': 0.5, 'R': 0.6, 'tau_m': 69.0, 'rate_low': 9.5, 'rate_high': 33.0}.[0m
2021-04-21 13:55:38.272754: I tensorflow/compiler/jit/xla_gpu_device.cc:99] Not creating XLA devices, tf_xla_enable_xla_devices not set
maxFreq at 10nA: 72.0
2021-04-21 13:56:03.250135: I tensorflow/compiler/jit/xla_gpu_device.cc:99] Not creating XLA devices, tf_xla_enable_xla_devices not set
2021-04-21 13:56:18.209073: I tensorflow/compiler/jit/xla_gpu_device.cc:99] Not creating XLA devices, tf_xla_enable_xla_devices not set
mse and spike frequency: 0.00251 11.71
[32m[I 2021-04-21 13:56:30,808][0m Trial 70 finished with values: [0.00251, 11.71] with parameters: {'Vahp': -43.0, 'Vth': -34.0, 'Vmax': 20.5, 't_ref': 13.0, 'R': 0.6, 'tau_m': 449.0, 'rate_low': 9.5, 'rate_high': 43.5}.[0m
2021-04-21 13:56:31.334145: I tensorflow/compiler/jit/xla_gpu_device.cc:99] Not creating XLA devices, tf_xla_enable_xla_devices not set
maxFreq at 10nA: 1000.0
2021-04-21 13:56:56.206818: I tensorflow/compiler/jit/xla_gpu_device.cc:99] Not creating XLA devices, tf_xla_enable_xla_devices not set
2021-04-21 13:57:10.678120: I tensorflow/compiler/jit/xla_gpu_device.cc:99] Not creating XLA devices, tf_xla_enable_xla_devices not set
mse and spike frequency: 0.12656 0.0
[32m[I 2021-04-21 13:57:23,203][0m Trial 71 finished with values: [0.12656, 0.0] with parameters: {'Vahp': -36.0, 'Vth': -44.5, 'Vmax': 12.0, 't_ref': 19.0, 'R': 0.8, 'tau_m': 275.0, 'rate_low': 15.0, 'rate_high': 45.0}.[0m
2021-04-21 13:57:23.723576: I tensorflow/compiler/jit/xla_gpu_device.cc:99] Not creating XLA devices, tf_xla_enable_xla_devices not set
maxFreq at 10nA: 72.0
2021-04-21 13:57:48.959477: I tensorflow/compiler/jit/xla_gpu_device.cc:99] Not creating XLA devices, tf_xla_enable_xla_devices not set
2021-04-21 13:58:02.491793: I tensorflow/compiler/jit/xla_gpu_device.cc:99] Not creating XLA devices, tf_xla_enable_xla_devices not set
mse and spike frequency: 0.00335 23.85
[32m[I 2021-04-21 13:58:15,151][0m Trial 72 finished with values: [0.00335, 23.85] with parameters: {'Vahp': -41.5, 'Vth': -38.0, 'Vmax': 11.0, 't_ref': 12.5, 'R': 0.30000000000000004, 'tau_m': 190.0, 'rate_low': 26.0, 'rate_high': 48.5}.[0m
2021-04-21 13:58:15.642753: I tensorflow/compiler/jit/xla_gpu_device.cc:99] Not creating XLA devices, tf_xla_enable_xla_devices not set
maxFreq at 10nA: 1000.0
2021-04-21 13:58:41.219521: I tensorflow/compiler/jit/xla_gpu_device.cc:99] Not creating XLA devices, tf_xla_enable_xla_devices not set
2021-04-21 13:58:54.182737: I tensorflow/compiler/jit/xla_gpu_device.cc:99] Not creating XLA devices, tf_xla_enable_xla_devices not set
mse and spike frequency: 0.12656 0.0
[32m[I 2021-04-21 13:59:06,796][0m Trial 73 finished with values: [0.12656, 0.0] with parameters: {'Vahp': -39.0, 'Vth': -41.0, 'Vmax': 26.0, 't_ref': 3.5, 'R': 0.8, 'tau_m': 114.0, 'rate_low': 24.5, 'rate_high': 44.0}.[0m
2021-04-21 13:59:07.300590: I tensorflow/compiler/jit/xla_gpu_device.cc:99] Not creating XLA devices, tf_xla_enable_xla_devices not set
maxFreq at 10nA: 111.0
2021-04-21 13:59:34.221876: I tensorflow/compiler/jit/xla_gpu_device.cc:99] Not creating XLA devices, tf_xla_enable_xla_devices not set
2021-04-21 13:59:47.355120: I tensorflow/compiler/jit/xla_gpu_device.cc:99] Not creating XLA devices, tf_xla_enable_xla_devices not set
mse and spike frequency: 0.00258 28.6
[32m[I 2021-04-21 14:00:00,489][0m Trial 74 finished with values: [0.00258, 28.6] with parameters: {'Vahp': -35.5, 'Vth': -30.0, 'Vmax': 40.0, 't_ref': 7.5, 'R': 0.7000000000000001, 'tau_m': 306.5, 'rate_low': 25.0, 'rate_high': 39.0}.[0m
2021-04-21 14:00:01.000988: I tensorflow/compiler/jit/xla_gpu_device.cc:99] Not creating XLA devices, tf_xla_enable_xla_devices not set
maxFreq at 10nA: 84.0
2021-04-21 14:00:27.855448: I tensorflow/compiler/jit/xla_gpu_device.cc:99] Not creating XLA devices, tf_xla_enable_xla_devices not set
2021-04-21 14:00:41.547395: I tensorflow/compiler/jit/xla_gpu_device.cc:99] Not creating XLA devices, tf_xla_enable_xla_devices not set
mse and spike frequency: 0.00235 17.38
[32m[I 2021-04-21 14:00:53,972][0m Trial 75 finished with values: [0.00235, 17.38] with parameters: {'Vahp': -48.0, 'Vth': -21.0, 'Vmax': 18.0, 't_ref': 9.5, 'R': 0.4, 'tau_m': 172.5, 'rate_low': 44.0, 'rate_high': 46.5}.[0m
2021-04-21 14:00:54.476304: I tensorflow/compiler/jit/xla_gpu_device.cc:99] Not creating XLA devices, tf_xla_enable_xla_devices not set
maxFreq at 10nA: 83.0
2021-04-21 14:01:21.354741: I tensorflow/compiler/jit/xla_gpu_device.cc:99] Not creating XLA devices, tf_xla_enable_xla_devices not set
2021-04-21 14:01:35.296524: I tensorflow/compiler/jit/xla_gpu_device.cc:99] Not creating XLA devices, tf_xla_enable_xla_devices not set
mse and spike frequency: 0.0181 1.47
[32m[I 2021-04-21 14:01:49,288][0m Trial 76 finished with values: [0.0181, 1.47] with parameters: {'Vahp': -56.0, 'Vth': -31.0, 'Vmax': 33.5, 't_ref': 4.5, 'R': 0.1, 'tau_m': 265.0, 'rate_low': 14.5, 'rate_high': 42.5}.[0m
2021-04-21 14:01:49.918666: I tensorflow/compiler/jit/xla_gpu_device.cc:99] Not creating XLA devices, tf_xla_enable_xla_devices not set
maxFreq at 10nA: 67.0
2021-04-21 14:02:16.372230: I tensorflow/compiler/jit/xla_gpu_device.cc:99] Not creating XLA devices, tf_xla_enable_xla_devices not set
2021-04-21 14:02:30.697598: I tensorflow/compiler/jit/xla_gpu_device.cc:99] Not creating XLA devices, tf_xla_enable_xla_devices not set
mse and spike frequency: 0.00247 9.92
[32m[I 2021-04-21 14:02:43,995][0m Trial 77 finished with values: [0.00247, 9.92] with parameters: {'Vahp': -46.0, 'Vth': -29.0, 'Vmax': 10.0, 't_ref': 13.5, 'R': 1.0, 'tau_m': 449.0, 'rate_low': 9.5, 'rate_high': 42.0}.[0m
2021-04-21 14:02:44.802021: I tensorflow/compiler/jit/xla_gpu_device.cc:99] Not creating XLA devices, tf_xla_enable_xla_devices not set
maxFreq at 10nA: 999.0
2021-04-21 14:03:11.017473: I tensorflow/compiler/jit/xla_gpu_device.cc:99] Not creating XLA devices, tf_xla_enable_xla_devices not set
2021-04-21 14:03:25.377774: I tensorflow/compiler/jit/xla_gpu_device.cc:99] Not creating XLA devices, tf_xla_enable_xla_devices not set
mse and spike frequency: 0.12656 0.0
[32m[I 2021-04-21 14:03:38,669][0m Trial 78 finished with values: [0.12656, 0.0] with parameters: {'Vahp': -44.5, 'Vth': -48.5, 'Vmax': 11.0, 't_ref': 2.0, 'R': 0.30000000000000004, 'tau_m': 420.5, 'rate_low': 26.0, 'rate_high': 29.5}.[0m
2021-04-21 14:03:39.319813: I tensorflow/compiler/jit/xla_gpu_device.cc:99] Not creating XLA devices, tf_xla_enable_xla_devices not set
maxFreq at 10nA: 1000.0
2021-04-21 14:04:04.722389: I tensorflow/compiler/jit/xla_gpu_device.cc:99] Not creating XLA devices, tf_xla_enable_xla_devices not set
2021-04-21 14:04:19.367127: I tensorflow/compiler/jit/xla_gpu_device.cc:99] Not creating XLA devices, tf_xla_enable_xla_devices not set
mse and spike frequency: 0.12656 0.0
[32m[I 2021-04-21 14:04:32,929][0m Trial 79 finished with values: [0.12656, 0.0] with parameters: {'Vahp': -36.5, 'Vth': -56.5, 'Vmax': 18.0, 't_ref': 7.0, 'R': 0.30000000000000004, 'tau_m': 470.5, 'rate_low': 34.0, 'rate_high': 38.5}.[0m
2021-04-21 14:04:33.669753: I tensorflow/compiler/jit/xla_gpu_device.cc:99] Not creating XLA devices, tf_xla_enable_xla_devices not set
maxFreq at 10nA: 143.0
2021-04-21 14:04:59.239928: I tensorflow/compiler/jit/xla_gpu_device.cc:99] Not creating XLA devices, tf_xla_enable_xla_devices not set
2021-04-21 14:05:13.478451: I tensorflow/compiler/jit/xla_gpu_device.cc:99] Not creating XLA devices, tf_xla_enable_xla_devices not set
mse and spike frequency: 0.00184 10.59
[32m[I 2021-04-21 14:05:26,979][0m Trial 80 finished with values: [0.00184, 10.59] with parameters: {'Vahp': -42.5, 'Vth': -27.0, 'Vmax': 26.0, 't_ref': 5.0, 'R': 0.2, 'tau_m': 129.5, 'rate_low': 21.0, 'rate_high': 29.5}.[0m
2021-04-21 14:05:27.562102: I tensorflow/compiler/jit/xla_gpu_device.cc:99] Not creating XLA devices, tf_xla_enable_xla_devices not set
maxFreq at 10nA: 1000.0
2021-04-21 14:05:53.767105: I tensorflow/compiler/jit/xla_gpu_device.cc:99] Not creating XLA devices, tf_xla_enable_xla_devices not set
2021-04-21 14:06:08.586185: I tensorflow/compiler/jit/xla_gpu_device.cc:99] Not creating XLA devices, tf_xla_enable_xla_devices not set
mse and spike frequency: 0.12656 0.0
[32m[I 2021-04-21 14:06:22,742][0m Trial 81 finished with values: [0.12656, 0.0] with parameters: {'Vahp': -31.0, 'Vth': -52.5, 'Vmax': 30.0, 't_ref': 1.5, 'R': 0.7000000000000001, 'tau_m': 67.5, 'rate_low': 22.0, 'rate_high': 48.0}.[0m
2021-04-21 14:06:23.254930: I tensorflow/compiler/jit/xla_gpu_device.cc:99] Not creating XLA devices, tf_xla_enable_xla_devices not set
maxFreq at 10nA: 1000.0
2021-04-21 14:06:49.565715: I tensorflow/compiler/jit/xla_gpu_device.cc:99] Not creating XLA devices, tf_xla_enable_xla_devices not set
2021-04-21 14:07:04.219531: I tensorflow/compiler/jit/xla_gpu_device.cc:99] Not creating XLA devices, tf_xla_enable_xla_devices not set
mse and spike frequency: 0.12656 0.0
[32m[I 2021-04-21 14:07:18,590][0m Trial 82 finished with values: [0.12656, 0.0] with parameters: {'Vahp': -39.0, 'Vth': -45.0, 'Vmax': 14.5, 't_ref': 11.0, 'R': 0.4, 'tau_m': 114.0, 'rate_low': 12.5, 'rate_high': 44.0}.[0m
2021-04-21 14:07:19.136746: I tensorflow/compiler/jit/xla_gpu_device.cc:99] Not creating XLA devices, tf_xla_enable_xla_devices not set
maxFreq at 10nA: 72.0
2021-04-21 14:07:45.238603: I tensorflow/compiler/jit/xla_gpu_device.cc:99] Not creating XLA devices, tf_xla_enable_xla_devices not set
2021-04-21 14:08:00.148469: I tensorflow/compiler/jit/xla_gpu_device.cc:99] Not creating XLA devices, tf_xla_enable_xla_devices not set
mse and spike frequency: 0.00224 9.49
[32m[I 2021-04-21 14:08:15,034][0m Trial 83 finished with values: [0.00224, 9.49] with parameters: {'Vahp': -42.5, 'Vth': -32.5, 'Vmax': 15.5, 't_ref': 12.0, 'R': 0.2, 'tau_m': 329.0, 'rate_low': 24.5, 'rate_high': 49.5}.[0m
2021-04-21 14:08:15.570231: I tensorflow/compiler/jit/xla_gpu_device.cc:99] Not creating XLA devices, tf_xla_enable_xla_devices not set
maxFreq at 10nA: 63.0
2021-04-21 14:08:41.520314: I tensorflow/compiler/jit/xla_gpu_device.cc:99] Not creating XLA devices, tf_xla_enable_xla_devices not set
2021-04-21 14:08:56.875243: I tensorflow/compiler/jit/xla_gpu_device.cc:99] Not creating XLA devices, tf_xla_enable_xla_devices not set
mse and spike frequency: 0.12656 0.0
[32m[I 2021-04-21 14:09:12,795][0m Trial 84 finished with values: [0.12656, 0.0] with parameters: {'Vahp': -60.0, 'Vth': -22.5, 'Vmax': 27.5, 't_ref': 14.5, 'R': 0.9, 'tau_m': 6.5, 'rate_low': 16.5, 'rate_high': 20.5}.[0m
2021-04-21 14:09:13.389759: I tensorflow/compiler/jit/xla_gpu_device.cc:99] Not creating XLA devices, tf_xla_enable_xla_devices not set
maxFreq at 10nA: 250.0
2021-04-21 14:09:40.007116: I tensorflow/compiler/jit/xla_gpu_device.cc:99] Not creating XLA devices, tf_xla_enable_xla_devices not set
2021-04-21 14:09:55.388439: I tensorflow/compiler/jit/xla_gpu_device.cc:99] Not creating XLA devices, tf_xla_enable_xla_devices not set
mse and spike frequency: 0.00058 17.67
[32m[I 2021-04-21 14:10:11,208][0m Trial 85 finished with values: [0.00058, 17.67] with parameters: {'Vahp': -43.5, 'Vth': -34.5, 'Vmax': 21.5, 't_ref': 1.5, 'R': 0.30000000000000004, 'tau_m': 377.0, 'rate_low': 26.0, 'rate_high': 46.0}.[0m
2021-04-21 14:10:11.861765: I tensorflow/compiler/jit/xla_gpu_device.cc:99] Not creating XLA devices, tf_xla_enable_xla_devices not set
maxFreq at 10nA: 111.0
2021-04-21 14:10:37.951815: I tensorflow/compiler/jit/xla_gpu_device.cc:99] Not creating XLA devices, tf_xla_enable_xla_devices not set
2021-04-21 14:10:52.946682: I tensorflow/compiler/jit/xla_gpu_device.cc:99] Not creating XLA devices, tf_xla_enable_xla_devices not set
mse and spike frequency: 0.00287 4.12
[32m[I 2021-04-21 14:11:08,268][0m Trial 86 finished with values: [0.00287, 4.12] with parameters: {'Vahp': -43.0, 'Vth': -34.5, 'Vmax': 31.0, 't_ref': 7.5, 'R': 0.6, 'tau_m': 431.0, 'rate_low': 4.0, 'rate_high': 19.5}.[0m
2021-04-21 14:11:08.916690: I tensorflow/compiler/jit/xla_gpu_device.cc:99] Not creating XLA devices, tf_xla_enable_xla_devices not set
maxFreq at 10nA: 1000.0
2021-04-21 14:11:35.871453: I tensorflow/compiler/jit/xla_gpu_device.cc:99] Not creating XLA devices, tf_xla_enable_xla_devices not set
2021-04-21 14:11:50.893333: I tensorflow/compiler/jit/xla_gpu_device.cc:99] Not creating XLA devices, tf_xla_enable_xla_devices not set
mse and spike frequency: 0.12656 0.0
[32m[I 2021-04-21 14:12:05,677][0m Trial 87 finished with values: [0.12656, 0.0] with parameters: {'Vahp': -24.0, 'Vth': -48.5, 'Vmax': 37.5, 't_ref': 3.0, 'R': 0.7000000000000001, 'tau_m': 126.5, 'rate_low': 16.0, 'rate_high': 30.5}.[0m
2021-04-21 14:12:06.288441: I tensorflow/compiler/jit/xla_gpu_device.cc:99] Not creating XLA devices, tf_xla_enable_xla_devices not set
maxFreq at 10nA: 56.0
2021-04-21 14:12:32.767911: I tensorflow/compiler/jit/xla_gpu_device.cc:99] Not creating XLA devices, tf_xla_enable_xla_devices not set
2021-04-21 14:12:47.643426: I tensorflow/compiler/jit/xla_gpu_device.cc:99] Not creating XLA devices, tf_xla_enable_xla_devices not set
mse and spike frequency: 0.00339 17.97
[32m[I 2021-04-21 14:13:01,961][0m Trial 88 finished with values: [0.00339, 17.97] with parameters: {'Vahp': -43.5, 'Vth': -31.0, 'Vmax': 37.5, 't_ref': 16.5, 'R': 0.7000000000000001, 'tau_m': 306.0, 'rate_low': 38.5, 'rate_high': 46.0}.[0m
2021-04-21 14:13:02.500287: I tensorflow/compiler/jit/xla_gpu_device.cc:99] Not creating XLA devices, tf_xla_enable_xla_devices not set
maxFreq at 10nA: 72.0
2021-04-21 14:13:29.016566: I tensorflow/compiler/jit/xla_gpu_device.cc:99] Not creating XLA devices, tf_xla_enable_xla_devices not set
2021-04-21 14:13:43.844532: I tensorflow/compiler/jit/xla_gpu_device.cc:99] Not creating XLA devices, tf_xla_enable_xla_devices not set
mse and spike frequency: 0.00242 12.23
