[32m[I 2021-04-21 17:02:46,429][0m Trial 213 finished with values: [0.12656, 0.0] with parameters: {'Vahp': -40.5, 'Vth': -43.0, 'Vmax': 16.0, 't_ref': 1.0, 'R': 0.4, 'tau_m': 364.5, 'rate_low': 1.5, 'rate_high': 46.5}.[0m
2021-04-21 17:02:47.284663: I tensorflow/compiler/jit/xla_gpu_device.cc:99] Not creating XLA devices, tf_xla_enable_xla_devices not set
maxFreq at 10nA: 1000.0
2021-04-21 17:03:31.119540: I tensorflow/compiler/jit/xla_gpu_device.cc:99] Not creating XLA devices, tf_xla_enable_xla_devices not set
2021-04-21 17:04:04.041505: I tensorflow/compiler/jit/xla_gpu_device.cc:99] Not creating XLA devices, tf_xla_enable_xla_devices not set
mse and spike frequency: 0.12656 0.0
[32m[I 2021-04-21 17:04:35,244][0m Trial 214 finished with values: [0.12656, 0.0] with parameters: {'Vahp': -29.5, 'Vth': -44.5, 'Vmax': 31.5, 't_ref': 1.0, 'R': 0.9, 'tau_m': 469.5, 'rate_low': 3.5, 'rate_high': 33.5}.[0m
2021-04-21 17:04:36.090278: I tensorflow/compiler/jit/xla_gpu_device.cc:99] Not creating XLA devices, tf_xla_enable_xla_devices not set
maxFreq at 10nA: 334.0
2021-04-21 17:05:20.496332: I tensorflow/compiler/jit/xla_gpu_device.cc:99] Not creating XLA devices, tf_xla_enable_xla_devices not set
2021-04-21 17:05:54.128964: I tensorflow/compiler/jit/xla_gpu_device.cc:99] Not creating XLA devices, tf_xla_enable_xla_devices not set
mse and spike frequency: 0.12656 0.0
[32m[I 2021-04-21 17:06:25,774][0m Trial 215 finished with values: [0.12656, 0.0] with parameters: {'Vahp': -33.0, 'Vth': -32.0, 'Vmax': 30.5, 't_ref': 2.0, 'R': 0.30000000000000004, 'tau_m': 41.0, 'rate_low': 24.0, 'rate_high': 25.5}.[0m
2021-04-21 17:06:26.659715: I tensorflow/compiler/jit/xla_gpu_device.cc:99] Not creating XLA devices, tf_xla_enable_xla_devices not set
maxFreq at 10nA: 1000.0
2021-04-21 17:07:10.238208: I tensorflow/compiler/jit/xla_gpu_device.cc:99] Not creating XLA devices, tf_xla_enable_xla_devices not set
2021-04-21 17:07:43.960782: I tensorflow/compiler/jit/xla_gpu_device.cc:99] Not creating XLA devices, tf_xla_enable_xla_devices not set
mse and spike frequency: 0.12656 0.0
[32m[I 2021-04-21 17:08:15,974][0m Trial 216 finished with values: [0.12656, 0.0] with parameters: {'Vahp': -32.5, 'Vth': -37.0, 'Vmax': 29.0, 't_ref': 16.5, 'R': 0.4, 'tau_m': 168.0, 'rate_low': 5.0, 'rate_high': 43.5}.[0m
2021-04-21 17:08:16.837143: I tensorflow/compiler/jit/xla_gpu_device.cc:99] Not creating XLA devices, tf_xla_enable_xla_devices not set
maxFreq at 10nA: 1000.0
2021-04-21 17:09:01.153766: I tensorflow/compiler/jit/xla_gpu_device.cc:99] Not creating XLA devices, tf_xla_enable_xla_devices not set
2021-04-21 17:09:34.934275: I tensorflow/compiler/jit/xla_gpu_device.cc:99] Not creating XLA devices, tf_xla_enable_xla_devices not set
mse and spike frequency: 0.12656 0.0
[32m[I 2021-04-21 17:10:06,629][0m Trial 217 finished with values: [0.12656, 0.0] with parameters: {'Vahp': -57.5, 'Vth': -58.0, 'Vmax': 10.5, 't_ref': 10.0, 'R': 0.1, 'tau_m': 60.5, 'rate_low': 26.5, 'rate_high': 45.0}.[0m
2021-04-21 17:10:07.496891: I tensorflow/compiler/jit/xla_gpu_device.cc:99] Not creating XLA devices, tf_xla_enable_xla_devices not set
maxFreq at 10nA: 997.0
2021-04-21 17:10:51.517717: I tensorflow/compiler/jit/xla_gpu_device.cc:99] Not creating XLA devices, tf_xla_enable_xla_devices not set
2021-04-21 17:11:25.394095: I tensorflow/compiler/jit/xla_gpu_device.cc:99] Not creating XLA devices, tf_xla_enable_xla_devices not set
mse and spike frequency: 0.12656 0.0
[32m[I 2021-04-21 17:11:57,905][0m Trial 218 finished with values: [0.12656, 0.0] with parameters: {'Vahp': -33.0, 'Vth': -38.5, 'Vmax': 30.5, 't_ref': 18.5, 'R': 0.1, 'tau_m': 155.0, 'rate_low': 46.0, 'rate_high': 35.5}.[0m
2021-04-21 17:11:58.754532: I tensorflow/compiler/jit/xla_gpu_device.cc:99] Not creating XLA devices, tf_xla_enable_xla_devices not set
maxFreq at 10nA: 1000.0
2021-04-21 17:12:43.369414: I tensorflow/compiler/jit/xla_gpu_device.cc:99] Not creating XLA devices, tf_xla_enable_xla_devices not set
2021-04-21 17:13:16.934433: I tensorflow/compiler/jit/xla_gpu_device.cc:99] Not creating XLA devices, tf_xla_enable_xla_devices not set
mse and spike frequency: 0.12656 0.0
[32m[I 2021-04-21 17:13:48,699][0m Trial 219 finished with values: [0.12656, 0.0] with parameters: {'Vahp': -36.0, 'Vth': -38.5, 'Vmax': 24.5, 't_ref': 14.0, 'R': 0.1, 'tau_m': 33.5, 'rate_low': 33.0, 'rate_high': 46.5}.[0m
2021-04-21 17:13:49.540889: I tensorflow/compiler/jit/xla_gpu_device.cc:99] Not creating XLA devices, tf_xla_enable_xla_devices not set
maxFreq at 10nA: 997.0
2021-04-21 17:14:34.309432: I tensorflow/compiler/jit/xla_gpu_device.cc:99] Not creating XLA devices, tf_xla_enable_xla_devices not set
2021-04-21 17:15:08.512922: I tensorflow/compiler/jit/xla_gpu_device.cc:99] Not creating XLA devices, tf_xla_enable_xla_devices not set
mse and spike frequency: 0.12656 0.0
[32m[I 2021-04-21 17:15:40,981][0m Trial 220 finished with values: [0.12656, 0.0] with parameters: {'Vahp': -42.0, 'Vth': -52.0, 'Vmax': 32.5, 't_ref': 2.0, 'R': 0.1, 'tau_m': 487.5, 'rate_low': 35.0, 'rate_high': 35.5}.[0m
2021-04-21 17:15:41.863413: I tensorflow/compiler/jit/xla_gpu_device.cc:99] Not creating XLA devices, tf_xla_enable_xla_devices not set
maxFreq at 10nA: 63.0
2021-04-21 17:16:27.614685: I tensorflow/compiler/jit/xla_gpu_device.cc:99] Not creating XLA devices, tf_xla_enable_xla_devices not set
2021-04-21 17:17:01.779083: I tensorflow/compiler/jit/xla_gpu_device.cc:99] Not creating XLA devices, tf_xla_enable_xla_devices not set
mse and spike frequency: 0.00287 11.73
[32m[I 2021-04-21 17:17:34,497][0m Trial 221 finished with values: [0.00287, 11.73] with parameters: {'Vahp': -52.0, 'Vth': -35.0, 'Vmax': 30.5, 't_ref': 14.5, 'R': 0.8, 'tau_m': 305.0, 'rate_low': 11.0, 'rate_high': 43.5}.[0m
2021-04-21 17:17:35.352571: I tensorflow/compiler/jit/xla_gpu_device.cc:99] Not creating XLA devices, tf_xla_enable_xla_devices not set
maxFreq at 10nA: 999.0
2021-04-21 17:18:20.450201: I tensorflow/compiler/jit/xla_gpu_device.cc:99] Not creating XLA devices, tf_xla_enable_xla_devices not set
2021-04-21 17:18:53.724168: I tensorflow/compiler/jit/xla_gpu_device.cc:99] Not creating XLA devices, tf_xla_enable_xla_devices not set
mse and spike frequency: 0.12656 0.0
[32m[I 2021-04-21 17:19:25,536][0m Trial 222 finished with values: [0.12656, 0.0] with parameters: {'Vahp': -30.5, 'Vth': -43.0, 'Vmax': 29.0, 't_ref': 11.5, 'R': 0.2, 'tau_m': 194.0, 'rate_low': 7.5, 'rate_high': 43.5}.[0m
2021-04-21 17:19:26.415983: I tensorflow/compiler/jit/xla_gpu_device.cc:99] Not creating XLA devices, tf_xla_enable_xla_devices not set
maxFreq at 10nA: 999.0
2021-04-21 17:20:10.972995: I tensorflow/compiler/jit/xla_gpu_device.cc:99] Not creating XLA devices, tf_xla_enable_xla_devices not set
2021-04-21 17:20:45.598667: I tensorflow/compiler/jit/xla_gpu_device.cc:99] Not creating XLA devices, tf_xla_enable_xla_devices not set
mse and spike frequency: 0.12656 0.0
[32m[I 2021-04-21 17:21:18,524][0m Trial 223 finished with values: [0.12656, 0.0] with parameters: {'Vahp': -29.5, 'Vth': -37.0, 'Vmax': 10.5, 't_ref': 2.5, 'R': 0.9, 'tau_m': 469.5, 'rate_low': 29.0, 'rate_high': 30.0}.[0m
2021-04-21 17:21:19.423402: I tensorflow/compiler/jit/xla_gpu_device.cc:99] Not creating XLA devices, tf_xla_enable_xla_devices not set
maxFreq at 10nA: 1000.0
2021-04-21 17:22:05.049739: I tensorflow/compiler/jit/xla_gpu_device.cc:99] Not creating XLA devices, tf_xla_enable_xla_devices not set
2021-04-21 17:22:39.125387: I tensorflow/compiler/jit/xla_gpu_device.cc:99] Not creating XLA devices, tf_xla_enable_xla_devices not set
mse and spike frequency: 0.12656 0.0
[32m[I 2021-04-21 17:23:11,576][0m Trial 224 finished with values: [0.12656, 0.0] with parameters: {'Vahp': -36.0, 'Vth': -38.5, 'Vmax': 32.5, 't_ref': 11.5, 'R': 0.30000000000000004, 'tau_m': 60.5, 'rate_low': 7.5, 'rate_high': 43.5}.[0m
2021-04-21 17:23:12.458963: I tensorflow/compiler/jit/xla_gpu_device.cc:99] Not creating XLA devices, tf_xla_enable_xla_devices not set
maxFreq at 10nA: 200.0
2021-04-21 17:23:59.002899: I tensorflow/compiler/jit/xla_gpu_device.cc:99] Not creating XLA devices, tf_xla_enable_xla_devices not set
2021-04-21 17:24:32.367410: I tensorflow/compiler/jit/xla_gpu_device.cc:99] Not creating XLA devices, tf_xla_enable_xla_devices not set
mse and spike frequency: 0.00127 4.57
[32m[I 2021-04-21 17:25:04,731][0m Trial 225 finished with values: [0.00127, 4.57] with parameters: {'Vahp': -54.0, 'Vth': -33.5, 'Vmax': 16.0, 't_ref': 2.0, 'R': 0.30000000000000004, 'tau_m': 382.0, 'rate_low': 7.5, 'rate_high': 44.0}.[0m
2021-04-21 17:25:05.612296: I tensorflow/compiler/jit/xla_gpu_device.cc:99] Not creating XLA devices, tf_xla_enable_xla_devices not set
maxFreq at 10nA: 84.0
2021-04-21 17:25:51.886321: I tensorflow/compiler/jit/xla_gpu_device.cc:99] Not creating XLA devices, tf_xla_enable_xla_devices not set
2021-04-21 17:26:25.688346: I tensorflow/compiler/jit/xla_gpu_device.cc:99] Not creating XLA devices, tf_xla_enable_xla_devices not set
mse and spike frequency: 0.00211 9.68
[32m[I 2021-04-21 17:26:59,703][0m Trial 226 finished with values: [0.00211, 9.68] with parameters: {'Vahp': -55.5, 'Vth': -43.0, 'Vmax': 34.5, 't_ref': 11.0, 'R': 0.5, 'tau_m': 343.5, 'rate_low': 7.0, 'rate_high': 48.0}.[0m
2021-04-21 17:27:00.599210: I tensorflow/compiler/jit/xla_gpu_device.cc:99] Not creating XLA devices, tf_xla_enable_xla_devices not set
maxFreq at 10nA: 48.0
2021-04-21 17:27:47.364750: I tensorflow/compiler/jit/xla_gpu_device.cc:99] Not creating XLA devices, tf_xla_enable_xla_devices not set
2021-04-21 17:28:21.608837: I tensorflow/compiler/jit/xla_gpu_device.cc:99] Not creating XLA devices, tf_xla_enable_xla_devices not set
mse and spike frequency: 0.00364 19.98
[32m[I 2021-04-21 17:28:54,811][0m Trial 227 finished with values: [0.00364, 19.98] with parameters: {'Vahp': -36.0, 'Vth': -34.0, 'Vmax': 39.5, 't_ref': 19.5, 'R': 0.5, 'tau_m': 263.0, 'rate_low': 23.5, 'rate_high': 28.0}.[0m
2021-04-21 17:28:55.676774: I tensorflow/compiler/jit/xla_gpu_device.cc:99] Not creating XLA devices, tf_xla_enable_xla_devices not set
maxFreq at 10nA: 71.0
2021-04-21 17:29:42.869507: I tensorflow/compiler/jit/xla_gpu_device.cc:99] Not creating XLA devices, tf_xla_enable_xla_devices not set
2021-04-21 17:30:16.940073: I tensorflow/compiler/jit/xla_gpu_device.cc:99] Not creating XLA devices, tf_xla_enable_xla_devices not set
mse and spike frequency: 0.02813 0.75
[32m[I 2021-04-21 17:30:50,778][0m Trial 228 finished with values: [0.02813, 0.75] with parameters: {'Vahp': -55.5, 'Vth': -33.0, 'Vmax': 18.0, 't_ref': 5.5, 'R': 0.1, 'tau_m': 343.5, 'rate_low': 7.5, 'rate_high': 48.0}.[0m
2021-04-21 17:30:51.840152: I tensorflow/compiler/jit/xla_gpu_device.cc:99] Not creating XLA devices, tf_xla_enable_xla_devices not set
maxFreq at 10nA: 997.0
2021-04-21 17:31:38.743292: I tensorflow/compiler/jit/xla_gpu_device.cc:99] Not creating XLA devices, tf_xla_enable_xla_devices not set
2021-04-21 17:32:12.169945: I tensorflow/compiler/jit/xla_gpu_device.cc:99] Not creating XLA devices, tf_xla_enable_xla_devices not set
mse and spike frequency: 0.12656 0.0
[32m[I 2021-04-21 17:32:44,925][0m Trial 229 finished with values: [0.12656, 0.0] with parameters: {'Vahp': -20.5, 'Vth': -26.0, 'Vmax': 13.0, 't_ref': 11.5, 'R': 0.5, 'tau_m': 487.5, 'rate_low': 24.0, 'rate_high': 44.0}.[0m
2021-04-21 17:32:45.790445: I tensorflow/compiler/jit/xla_gpu_device.cc:99] Not creating XLA devices, tf_xla_enable_xla_devices not set
maxFreq at 10nA: 200.0
2021-04-21 17:33:32.149971: I tensorflow/compiler/jit/xla_gpu_device.cc:99] Not creating XLA devices, tf_xla_enable_xla_devices not set
2021-04-21 17:34:05.883168: I tensorflow/compiler/jit/xla_gpu_device.cc:99] Not creating XLA devices, tf_xla_enable_xla_devices not set
mse and spike frequency: 0.00132 6.88
[32m[I 2021-04-21 17:34:38,547][0m Trial 230 finished with values: [0.00132, 6.88] with parameters: {'Vahp': -56.0, 'Vth': -47.5, 'Vmax': 15.0, 't_ref': 1.0, 'R': 0.1, 'tau_m': 444.0, 'rate_low': 27.5, 'rate_high': 49.0}.[0m
2021-04-21 17:34:39.505841: I tensorflow/compiler/jit/xla_gpu_device.cc:99] Not creating XLA devices, tf_xla_enable_xla_devices not set
maxFreq at 10nA: 1000.0
2021-04-21 17:35:27.256723: I tensorflow/compiler/jit/xla_gpu_device.cc:99] Not creating XLA devices, tf_xla_enable_xla_devices not set
2021-04-21 17:36:02.066143: I tensorflow/compiler/jit/xla_gpu_device.cc:99] Not creating XLA devices, tf_xla_enable_xla_devices not set
