[32m[I 2021-04-21 13:25:07,420][0m Trial 27 finished with values: [0.12656, 0.0] with parameters: {'Vahp': -37.0, 'Vth': -58.0, 'Vmax': 10.0, 't_ref': 10.0, 'R': 0.4, 'tau_m': 164.0, 'rate_low': 23.5, 'rate_high': 23.5}.[0m
2021-04-21 13:25:07.804137: I tensorflow/compiler/jit/xla_gpu_device.cc:99] Not creating XLA devices, tf_xla_enable_xla_devices not set
maxFreq at 10nA: 1000.0
2021-04-21 13:25:27.681614: I tensorflow/compiler/jit/xla_gpu_device.cc:99] Not creating XLA devices, tf_xla_enable_xla_devices not set
2021-04-21 13:25:36.056712: I tensorflow/compiler/jit/xla_gpu_device.cc:99] Not creating XLA devices, tf_xla_enable_xla_devices not set
mse and spike frequency: 0.12656 0.0
[32m[I 2021-04-21 13:25:42,987][0m Trial 28 finished with values: [0.12656, 0.0] with parameters: {'Vahp': -52.0, 'Vth': -53.0, 'Vmax': 30.5, 't_ref': 14.5, 'R': 0.1, 'tau_m': 155.0, 'rate_low': 32.5, 'rate_high': 38.5}.[0m
2021-04-21 13:25:43.389096: I tensorflow/compiler/jit/xla_gpu_device.cc:99] Not creating XLA devices, tf_xla_enable_xla_devices not set
maxFreq at 10nA: 1000.0
2021-04-21 13:26:03.215413: I tensorflow/compiler/jit/xla_gpu_device.cc:99] Not creating XLA devices, tf_xla_enable_xla_devices not set
2021-04-21 13:26:11.630840: I tensorflow/compiler/jit/xla_gpu_device.cc:99] Not creating XLA devices, tf_xla_enable_xla_devices not set
mse and spike frequency: 0.12656 0.0
[32m[I 2021-04-21 13:26:18,504][0m Trial 29 finished with values: [0.12656, 0.0] with parameters: {'Vahp': -23.0, 'Vth': -47.0, 'Vmax': 24.0, 't_ref': 5.5, 'R': 0.7000000000000001, 'tau_m': 70.5, 'rate_low': 45.5, 'rate_high': 49.0}.[0m
2021-04-21 13:26:18.878376: I tensorflow/compiler/jit/xla_gpu_device.cc:99] Not creating XLA devices, tf_xla_enable_xla_devices not set
maxFreq at 10nA: 1000.0
2021-04-21 13:26:38.957711: I tensorflow/compiler/jit/xla_gpu_device.cc:99] Not creating XLA devices, tf_xla_enable_xla_devices not set
2021-04-21 13:26:47.610345: I tensorflow/compiler/jit/xla_gpu_device.cc:99] Not creating XLA devices, tf_xla_enable_xla_devices not set
mse and spike frequency: 0.12656 0.0
[32m[I 2021-04-21 13:26:54,614][0m Trial 30 finished with values: [0.12656, 0.0] with parameters: {'Vahp': -20.0, 'Vth': -46.0, 'Vmax': 27.0, 't_ref': 8.0, 'R': 0.1, 'tau_m': 68.0, 'rate_low': 7.5, 'rate_high': 23.5}.[0m
2021-04-21 13:26:54.986627: I tensorflow/compiler/jit/xla_gpu_device.cc:99] Not creating XLA devices, tf_xla_enable_xla_devices not set
maxFreq at 10nA: 1000.0
2021-04-21 13:27:15.380351: I tensorflow/compiler/jit/xla_gpu_device.cc:99] Not creating XLA devices, tf_xla_enable_xla_devices not set
2021-04-21 13:27:24.204349: I tensorflow/compiler/jit/xla_gpu_device.cc:99] Not creating XLA devices, tf_xla_enable_xla_devices not set
mse and spike frequency: 0.12656 0.0
[32m[I 2021-04-21 13:27:31,338][0m Trial 31 finished with values: [0.12656, 0.0] with parameters: {'Vahp': -36.0, 'Vth': -49.5, 'Vmax': 30.5, 't_ref': 2.5, 'R': 0.9, 'tau_m': 425.0, 'rate_low': 22.0, 'rate_high': 48.0}.[0m
2021-04-21 13:27:31.709038: I tensorflow/compiler/jit/xla_gpu_device.cc:99] Not creating XLA devices, tf_xla_enable_xla_devices not set
maxFreq at 10nA: 1000.0
2021-04-21 13:27:51.893080: I tensorflow/compiler/jit/xla_gpu_device.cc:99] Not creating XLA devices, tf_xla_enable_xla_devices not set
2021-04-21 13:28:00.745511: I tensorflow/compiler/jit/xla_gpu_device.cc:99] Not creating XLA devices, tf_xla_enable_xla_devices not set
mse and spike frequency: 0.12656 0.0
[32m[I 2021-04-21 13:28:08,408][0m Trial 32 finished with values: [0.12656, 0.0] with parameters: {'Vahp': -42.0, 'Vth': -48.5, 'Vmax': 39.5, 't_ref': 19.5, 'R': 0.7000000000000001, 'tau_m': 237.5, 'rate_low': 37.0, 'rate_high': 40.0}.[0m
2021-04-21 13:28:08.806653: I tensorflow/compiler/jit/xla_gpu_device.cc:99] Not creating XLA devices, tf_xla_enable_xla_devices not set
maxFreq at 10nA: 999.0
2021-04-21 13:28:28.374222: I tensorflow/compiler/jit/xla_gpu_device.cc:99] Not creating XLA devices, tf_xla_enable_xla_devices not set
2021-04-21 13:28:38.374078: I tensorflow/compiler/jit/xla_gpu_device.cc:99] Not creating XLA devices, tf_xla_enable_xla_devices not set
mse and spike frequency: 0.12656 0.0
[32m[I 2021-04-21 13:28:46,044][0m Trial 33 finished with values: [0.12656, 0.0] with parameters: {'Vahp': -36.0, 'Vth': -38.5, 'Vmax': 25.0, 't_ref': 5.5, 'R': 0.5, 'tau_m': 470.5, 'rate_low': 16.0, 'rate_high': 33.5}.[0m
2021-04-21 13:28:46.448422: I tensorflow/compiler/jit/xla_gpu_device.cc:99] Not creating XLA devices, tf_xla_enable_xla_devices not set
maxFreq at 10nA: 334.0
2021-04-21 13:29:06.496645: I tensorflow/compiler/jit/xla_gpu_device.cc:99] Not creating XLA devices, tf_xla_enable_xla_devices not set
2021-04-21 13:29:16.390813: I tensorflow/compiler/jit/xla_gpu_device.cc:99] Not creating XLA devices, tf_xla_enable_xla_devices not set
mse and spike frequency: 0.00171 67.66
[32m[I 2021-04-21 13:29:24,251][0m Trial 34 finished with values: [0.00171, 67.66] with parameters: {'Vahp': -48.0, 'Vth': -45.0, 'Vmax': 24.0, 't_ref': 1.5, 'R': 0.6, 'tau_m': 267.0, 'rate_low': 27.0, 'rate_high': 36.5}.[0m
2021-04-21 13:29:24.661630: I tensorflow/compiler/jit/xla_gpu_device.cc:99] Not creating XLA devices, tf_xla_enable_xla_devices not set
maxFreq at 10nA: 994.0
2021-04-21 13:29:45.105445: I tensorflow/compiler/jit/xla_gpu_device.cc:99] Not creating XLA devices, tf_xla_enable_xla_devices not set
2021-04-21 13:29:55.169612: I tensorflow/compiler/jit/xla_gpu_device.cc:99] Not creating XLA devices, tf_xla_enable_xla_devices not set
mse and spike frequency: 0.12656 0.0
[32m[I 2021-04-21 13:30:02,792][0m Trial 35 finished with values: [0.12656, 0.0] with parameters: {'Vahp': -36.0, 'Vth': -43.0, 'Vmax': 17.5, 't_ref': 2.0, 'R': 0.1, 'tau_m': 442.0, 'rate_low': 45.5, 'rate_high': 46.5}.[0m
2021-04-21 13:30:03.177157: I tensorflow/compiler/jit/xla_gpu_device.cc:99] Not creating XLA devices, tf_xla_enable_xla_devices not set
maxFreq at 10nA: 1000.0
2021-04-21 13:30:23.574817: I tensorflow/compiler/jit/xla_gpu_device.cc:99] Not creating XLA devices, tf_xla_enable_xla_devices not set
2021-04-21 13:30:33.772306: I tensorflow/compiler/jit/xla_gpu_device.cc:99] Not creating XLA devices, tf_xla_enable_xla_devices not set
mse and spike frequency: 0.12656 0.0
[32m[I 2021-04-21 13:30:41,581][0m Trial 36 finished with values: [0.12656, 0.0] with parameters: {'Vahp': -29.5, 'Vth': -35.0, 'Vmax': 17.0, 't_ref': 11.5, 'R': 0.7000000000000001, 'tau_m': 163.0, 'rate_low': 36.0, 'rate_high': 44.0}.[0m
2021-04-21 13:30:42.003066: I tensorflow/compiler/jit/xla_gpu_device.cc:99] Not creating XLA devices, tf_xla_enable_xla_devices not set
maxFreq at 10nA: 1000.0
2021-04-21 13:31:02.844204: I tensorflow/compiler/jit/xla_gpu_device.cc:99] Not creating XLA devices, tf_xla_enable_xla_devices not set
2021-04-21 13:31:12.937982: I tensorflow/compiler/jit/xla_gpu_device.cc:99] Not creating XLA devices, tf_xla_enable_xla_devices not set
mse and spike frequency: 0.12656 0.0
[32m[I 2021-04-21 13:31:20,787][0m Trial 37 finished with values: [0.12656, 0.0] with parameters: {'Vahp': -46.0, 'Vth': -58.0, 'Vmax': 15.5, 't_ref': 4.5, 'R': 0.1, 'tau_m': 487.5, 'rate_low': 10.5, 'rate_high': 44.0}.[0m
2021-04-21 13:31:21.202846: I tensorflow/compiler/jit/xla_gpu_device.cc:99] Not creating XLA devices, tf_xla_enable_xla_devices not set
maxFreq at 10nA: 333.0
2021-04-21 13:31:41.722218: I tensorflow/compiler/jit/xla_gpu_device.cc:99] Not creating XLA devices, tf_xla_enable_xla_devices not set
2021-04-21 13:31:51.659671: I tensorflow/compiler/jit/xla_gpu_device.cc:99] Not creating XLA devices, tf_xla_enable_xla_devices not set
mse and spike frequency: 0.00058 18.1
[32m[I 2021-04-21 13:32:00,286][0m Trial 38 finished with values: [0.00058, 18.1] with parameters: {'Vahp': -52.5, 'Vth': -27.5, 'Vmax': 16.0, 't_ref': 1.0, 'R': 0.30000000000000004, 'tau_m': 234.5, 'rate_low': 45.0, 'rate_high': 46.5}.[0m
2021-04-21 13:32:00.712827: I tensorflow/compiler/jit/xla_gpu_device.cc:99] Not creating XLA devices, tf_xla_enable_xla_devices not set
maxFreq at 10nA: 50.0
2021-04-21 13:32:21.193266: I tensorflow/compiler/jit/xla_gpu_device.cc:99] Not creating XLA devices, tf_xla_enable_xla_devices not set
2021-04-21 13:32:31.348338: I tensorflow/compiler/jit/xla_gpu_device.cc:99] Not creating XLA devices, tf_xla_enable_xla_devices not set
mse and spike frequency: 0.00391 10.85
[32m[I 2021-04-21 13:32:39,978][0m Trial 39 finished with values: [0.00391, 10.85] with parameters: {'Vahp': -43.5, 'Vth': -28.5, 'Vmax': 39.0, 't_ref': 19.0, 'R': 0.4, 'tau_m': 180.0, 'rate_low': 15.5, 'rate_high': 43.5}.[0m
2021-04-21 13:32:40.411579: I tensorflow/compiler/jit/xla_gpu_device.cc:99] Not creating XLA devices, tf_xla_enable_xla_devices not set
maxFreq at 10nA: 1000.0
2021-04-21 13:33:01.232533: I tensorflow/compiler/jit/xla_gpu_device.cc:99] Not creating XLA devices, tf_xla_enable_xla_devices not set
2021-04-21 13:33:11.547887: I tensorflow/compiler/jit/xla_gpu_device.cc:99] Not creating XLA devices, tf_xla_enable_xla_devices not set
mse and spike frequency: 0.12656 0.0
[32m[I 2021-04-21 13:33:20,431][0m Trial 40 finished with values: [0.12656, 0.0] with parameters: {'Vahp': -50.5, 'Vth': -56.5, 'Vmax': 16.5, 't_ref': 4.0, 'R': 0.8, 'tau_m': 257.0, 'rate_low': 10.5, 'rate_high': 24.0}.[0m
2021-04-21 13:33:20.858954: I tensorflow/compiler/jit/xla_gpu_device.cc:99] Not creating XLA devices, tf_xla_enable_xla_devices not set
maxFreq at 10nA: 77.0
2021-04-21 13:33:41.733554: I tensorflow/compiler/jit/xla_gpu_device.cc:99] Not creating XLA devices, tf_xla_enable_xla_devices not set
2021-04-21 13:33:52.039424: I tensorflow/compiler/jit/xla_gpu_device.cc:99] Not creating XLA devices, tf_xla_enable_xla_devices not set
mse and spike frequency: 0.00406 16.88
[32m[I 2021-04-21 13:34:01,169][0m Trial 41 finished with values: [0.00406, 16.88] with parameters: {'Vahp': -58.0, 'Vth': -23.5, 'Vmax': 10.5, 't_ref': 11.5, 'R': 0.1, 'tau_m': 22.5, 'rate_low': 43.5, 'rate_high': 46.0}.[0m
2021-04-21 13:34:01.634021: I tensorflow/compiler/jit/xla_gpu_device.cc:99] Not creating XLA devices, tf_xla_enable_xla_devices not set
maxFreq at 10nA: 1000.0
2021-04-21 13:34:22.857439: I tensorflow/compiler/jit/xla_gpu_device.cc:99] Not creating XLA devices, tf_xla_enable_xla_devices not set
2021-04-21 13:34:33.266516: I tensorflow/compiler/jit/xla_gpu_device.cc:99] Not creating XLA devices, tf_xla_enable_xla_devices not set
mse and spike frequency: 0.12656 0.0
[32m[I 2021-04-21 13:34:42,772][0m Trial 42 finished with values: [0.12656, 0.0] with parameters: {'Vahp': -38.5, 'Vth': -51.5, 'Vmax': 15.0, 't_ref': 19.0, 'R': 0.8, 'tau_m': 292.5, 'rate_low': 10.5, 'rate_high': 49.0}.[0m
2021-04-21 13:34:43.213057: I tensorflow/compiler/jit/xla_gpu_device.cc:99] Not creating XLA devices, tf_xla_enable_xla_devices not set
maxFreq at 10nA: 72.0
2021-04-21 13:35:03.803073: I tensorflow/compiler/jit/xla_gpu_device.cc:99] Not creating XLA devices, tf_xla_enable_xla_devices not set
2021-04-21 13:35:14.159282: I tensorflow/compiler/jit/xla_gpu_device.cc:99] Not creating XLA devices, tf_xla_enable_xla_devices not set
mse and spike frequency: 0.00289 15.83
[32m[I 2021-04-21 13:35:24,079][0m Trial 43 finished with values: [0.00289, 15.83] with parameters: {'Vahp': -46.0, 'Vth': -31.0, 'Vmax': 19.5, 't_ref': 12.5, 'R': 1.0, 'tau_m': 273.5, 'rate_low': 19.5, 'rate_high': 23.0}.[0m
2021-04-21 13:35:24.563233: I tensorflow/compiler/jit/xla_gpu_device.cc:99] Not creating XLA devices, tf_xla_enable_xla_devices not set
maxFreq at 10nA: 1000.0
2021-04-21 13:35:45.889036: I tensorflow/compiler/jit/xla_gpu_device.cc:99] Not creating XLA devices, tf_xla_enable_xla_devices not set
2021-04-21 13:35:56.913237: I tensorflow/compiler/jit/xla_gpu_device.cc:99] Not creating XLA devices, tf_xla_enable_xla_devices not set
mse and spike frequency: 0.12656 0.0
[32m[I 2021-04-21 13:36:06,859][0m Trial 44 finished with values: [0.12656, 0.0] with parameters: {'Vahp': -20.5, 'Vth': -45.0, 'Vmax': 24.0, 't_ref': 4.0, 'R': 0.30000000000000004, 'tau_m': 183.5, 'rate_low': 30.5, 'rate_high': 37.0}.[0m
2021-04-21 13:36:07.291085: I tensorflow/compiler/jit/xla_gpu_device.cc:99] Not creating XLA devices, tf_xla_enable_xla_devices not set
maxFreq at 10nA: 67.0
2021-04-21 13:36:28.987910: I tensorflow/compiler/jit/xla_gpu_device.cc:99] Not creating XLA devices, tf_xla_enable_xla_devices not set
2021-04-21 13:36:40.876250: I tensorflow/compiler/jit/xla_gpu_device.cc:99] Not creating XLA devices, tf_xla_enable_xla_devices not set
mse and spike frequency: 0.00842 3.52
[32m[I 2021-04-21 13:36:51,287][0m Trial 45 finished with values: [0.00842, 3.52] with parameters: {'Vahp': -45.0, 'Vth': -20.0, 'Vmax': 13.5, 't_ref': 13.5, 'R': 0.9, 'tau_m': 18.5, 'rate_low': 15.5, 'rate_high': 31.0}.[0m
2021-04-21 13:36:51.746726: I tensorflow/compiler/jit/xla_gpu_device.cc:99] Not creating XLA devices, tf_xla_enable_xla_devices not set
maxFreq at 10nA: 999.0
2021-04-21 13:37:13.650789: I tensorflow/compiler/jit/xla_gpu_device.cc:99] Not creating XLA devices, tf_xla_enable_xla_devices not set
2021-04-21 13:37:25.542286: I tensorflow/compiler/jit/xla_gpu_device.cc:99] Not creating XLA devices, tf_xla_enable_xla_devices not set
mse and spike frequency: 0.12656 0.0
[32m[I 2021-04-21 13:37:35,880][0m Trial 46 finished with values: [0.12656, 0.0] with parameters: {'Vahp': -20.0, 'Vth': -23.5, 'Vmax': 14.0, 't_ref': 16.0, 'R': 0.8, 'tau_m': 364.5, 'rate_low': 46.0, 'rate_high': 50.0}.[0m
2021-04-21 13:37:36.303652: I tensorflow/compiler/jit/xla_gpu_device.cc:99] Not creating XLA devices, tf_xla_enable_xla_devices not set
maxFreq at 10nA: 59.0
2021-04-21 13:37:57.953656: I tensorflow/compiler/jit/xla_gpu_device.cc:99] Not creating XLA devices, tf_xla_enable_xla_devices not set
2021-04-21 13:38:08.943770: I tensorflow/compiler/jit/xla_gpu_device.cc:99] Not creating XLA devices, tf_xla_enable_xla_devices not set
mse and spike frequency: 0.12656 0.0
[32m[I 2021-04-21 13:38:19,242][0m Trial 47 finished with values: [0.12656, 0.0] with parameters: {'Vahp': -56.0, 'Vth': -51.5, 'Vmax': 20.5, 't_ref': 15.5, 'R': 1.0, 'tau_m': 494.5, 'rate_low': 7.5, 'rate_high': 7.5}.[0m
2021-04-21 13:38:19.675584: I tensorflow/compiler/jit/xla_gpu_device.cc:99] Not creating XLA devices, tf_xla_enable_xla_devices not set
maxFreq at 10nA: 72.0
2021-04-21 13:38:41.491406: I tensorflow/compiler/jit/xla_gpu_device.cc:99] Not creating XLA devices, tf_xla_enable_xla_devices not set
2021-04-21 13:38:52.376902: I tensorflow/compiler/jit/xla_gpu_device.cc:99] Not creating XLA devices, tf_xla_enable_xla_devices not set
mse and spike frequency: 0.00837 2.78
[32m[I 2021-04-21 13:39:02,096][0m Trial 48 finished with values: [0.00837, 2.78] with parameters: {'Vahp': -55.5, 'Vth': -21.5, 'Vmax': 18.0, 't_ref': 11.0, 'R': 0.5, 'tau_m': 340.5, 'rate_low': 9.5, 'rate_high': 18.5}.[0m
2021-04-21 13:39:02.514578: I tensorflow/compiler/jit/xla_gpu_device.cc:99] Not creating XLA devices, tf_xla_enable_xla_devices not set
maxFreq at 10nA: 143.0
2021-04-21 13:39:24.384689: I tensorflow/compiler/jit/xla_gpu_device.cc:99] Not creating XLA devices, tf_xla_enable_xla_devices not set
2021-04-21 13:39:35.537772: I tensorflow/compiler/jit/xla_gpu_device.cc:99] Not creating XLA devices, tf_xla_enable_xla_devices not set
mse and spike frequency: 0.12656 0.0
[32m[I 2021-04-21 13:39:44,774][0m Trial 49 finished with values: [0.12656, 0.0] with parameters: {'Vahp': -58.5, 'Vth': -55.0, 'Vmax': 28.0, 't_ref': 6.0, 'R': 0.4, 'tau_m': 123.5, 'rate_low': 18.5, 'rate_high': 23.0}.[0m
2021-04-21 13:39:45.224271: I tensorflow/compiler/jit/xla_gpu_device.cc:99] Not creating XLA devices, tf_xla_enable_xla_devices not set
maxFreq at 10nA: 1000.0
2021-04-21 13:40:07.042381: I tensorflow/compiler/jit/xla_gpu_device.cc:99] Not creating XLA devices, tf_xla_enable_xla_devices not set
2021-04-21 13:40:17.895870: I tensorflow/compiler/jit/xla_gpu_device.cc:99] Not creating XLA devices, tf_xla_enable_xla_devices not set
mse and spike frequency: 0.12656 0.0
[32m[I 2021-04-21 13:40:27,095][0m Trial 50 finished with values: [0.12656, 0.0] with parameters: {'Vahp': -23.0, 'Vth': -43.0, 'Vmax': 17.5, 't_ref': 5.5, 'R': 0.7000000000000001, 'tau_m': 442.0, 'rate_low': 7.0, 'rate_high': 49.0}.[0m
2021-04-21 13:40:27.518739: I tensorflow/compiler/jit/xla_gpu_device.cc:99] Not creating XLA devices, tf_xla_enable_xla_devices not set
maxFreq at 10nA: 1000.0
2021-04-21 13:40:49.470850: I tensorflow/compiler/jit/xla_gpu_device.cc:99] Not creating XLA devices, tf_xla_enable_xla_devices not set
2021-04-21 13:40:59.884370: I tensorflow/compiler/jit/xla_gpu_device.cc:99] Not creating XLA devices, tf_xla_enable_xla_devices not set
mse and spike frequency: 0.12656 0.0
[32m[I 2021-04-21 13:41:09,622][0m Trial 51 finished with values: [0.12656, 0.0] with parameters: {'Vahp': -42.0, 'Vth': -50.0, 'Vmax': 39.5, 't_ref': 18.0, 'R': 0.9, 'tau_m': 291.5, 'rate_low': 37.0, 'rate_high': 48.5}.[0m
2021-04-21 13:41:10.113919: I tensorflow/compiler/jit/xla_gpu_device.cc:99] Not creating XLA devices, tf_xla_enable_xla_devices not set
maxFreq at 10nA: 1000.0
2021-04-21 13:41:32.403147: I tensorflow/compiler/jit/xla_gpu_device.cc:99] Not creating XLA devices, tf_xla_enable_xla_devices not set
2021-04-21 13:41:43.027089: I tensorflow/compiler/jit/xla_gpu_device.cc:99] Not creating XLA devices, tf_xla_enable_xla_devices not set
mse and spike frequency: 0.12656 0.0
[32m[I 2021-04-21 13:41:53,108][0m Trial 52 finished with values: [0.12656, 0.0] with parameters: {'Vahp': -29.5, 'Vth': -35.0, 'Vmax': 16.5, 't_ref': 4.0, 'R': 0.8, 'tau_m': 257.5, 'rate_low': 36.0, 'rate_high': 44.0}.[0m
2021-04-21 13:41:53.595406: I tensorflow/compiler/jit/xla_gpu_device.cc:99] Not creating XLA devices, tf_xla_enable_xla_devices not set
maxFreq at 10nA: 1000.0
2021-04-21 13:42:15.812031: I tensorflow/compiler/jit/xla_gpu_device.cc:99] Not creating XLA devices, tf_xla_enable_xla_devices not set
2021-04-21 13:42:26.612455: I tensorflow/compiler/jit/xla_gpu_device.cc:99] Not creating XLA devices, tf_xla_enable_xla_devices not set
mse and spike frequency: 0.12656 0.0
[32m[I 2021-04-21 13:42:37,301][0m Trial 53 finished with values: [0.12656, 0.0] with parameters: {'Vahp': -35.5, 'Vth': -55.0, 'Vmax': 34.0, 't_ref': 6.5, 'R': 0.30000000000000004, 'tau_m': 376.5, 'rate_low': 21.5, 'rate_high': 42.5}.[0m
2021-04-21 13:42:37.806168: I tensorflow/compiler/jit/xla_gpu_device.cc:99] Not creating XLA devices, tf_xla_enable_xla_devices not set
maxFreq at 10nA: 999.0
2021-04-21 13:43:00.645883: I tensorflow/compiler/jit/xla_gpu_device.cc:99] Not creating XLA devices, tf_xla_enable_xla_devices not set
2021-04-21 13:43:11.633410: I tensorflow/compiler/jit/xla_gpu_device.cc:99] Not creating XLA devices, tf_xla_enable_xla_devices not set
mse and spike frequency: 0.12656 0.0
[32m[I 2021-04-21 13:43:22,404][0m Trial 54 finished with values: [0.12656, 0.0] with parameters: {'Vahp': -50.0, 'Vth': -53.0, 'Vmax': 30.5, 't_ref': 14.5, 'R': 0.1, 'tau_m': 348.5, 'rate_low': 29.0, 'rate_high': 30.0}.[0m
2021-04-21 13:43:22.873783: I tensorflow/compiler/jit/xla_gpu_device.cc:99] Not creating XLA devices, tf_xla_enable_xla_devices not set
maxFreq at 10nA: 1000.0
2021-04-21 13:43:45.862509: I tensorflow/compiler/jit/xla_gpu_device.cc:99] Not creating XLA devices, tf_xla_enable_xla_devices not set
2021-04-21 13:43:57.095271: I tensorflow/compiler/jit/xla_gpu_device.cc:99] Not creating XLA devices, tf_xla_enable_xla_devices not set
mse and spike frequency: 0.12656 0.0
[32m[I 2021-04-21 13:44:08,232][0m Trial 55 finished with values: [0.12656, 0.0] with parameters: {'Vahp': -24.5, 'Vth': -48.5, 'Vmax': 24.5, 't_ref': 19.0, 'R': 0.7000000000000001, 'tau_m': 237.5, 'rate_low': 10.5, 'rate_high': 40.0}.[0m
2021-04-21 13:44:08.729650: I tensorflow/compiler/jit/xla_gpu_device.cc:99] Not creating XLA devices, tf_xla_enable_xla_devices not set
maxFreq at 10nA: 143.0
2021-04-21 13:44:31.876604: I tensorflow/compiler/jit/xla_gpu_device.cc:99] Not creating XLA devices, tf_xla_enable_xla_devices not set
2021-04-21 13:44:43.742503: I tensorflow/compiler/jit/xla_gpu_device.cc:99] Not creating XLA devices, tf_xla_enable_xla_devices not set
mse and spike frequency: 0.12656 0.0
[32m[I 2021-04-21 13:44:54,761][0m Trial 56 finished with values: [0.12656, 0.0] with parameters: {'Vahp': -58.5, 'Vth': -55.0, 'Vmax': 28.0, 't_ref': 6.0, 'R': 0.4, 'tau_m': 123.5, 'rate_low': 26.0, 'rate_high': 23.0}.[0m
2021-04-21 13:44:55.248472: I tensorflow/compiler/jit/xla_gpu_device.cc:99] Not creating XLA devices, tf_xla_enable_xla_devices not set
maxFreq at 10nA: 1000.0
2021-04-21 13:45:18.106610: I tensorflow/compiler/jit/xla_gpu_device.cc:99] Not creating XLA devices, tf_xla_enable_xla_devices not set
2021-04-21 13:45:30.210922: I tensorflow/compiler/jit/xla_gpu_device.cc:99] Not creating XLA devices, tf_xla_enable_xla_devices not set
mse and spike frequency: 0.12656 0.0
[32m[I 2021-04-21 13:45:41,984][0m Trial 57 finished with values: [0.12656, 0.0] with parameters: {'Vahp': -24.5, 'Vth': -35.0, 'Vmax': 33.5, 't_ref': 7.5, 'R': 0.7000000000000001, 'tau_m': 163.0, 'rate_low': 36.0, 'rate_high': 44.0}.[0m
2021-04-21 13:45:42.453315: I tensorflow/compiler/jit/xla_gpu_device.cc:99] Not creating XLA devices, tf_xla_enable_xla_devices not set
maxFreq at 10nA: 48.0
2021-04-21 13:46:05.503219: I tensorflow/compiler/jit/xla_gpu_device.cc:99] Not creating XLA devices, tf_xla_enable_xla_devices not set
2021-04-21 13:46:17.738359: I tensorflow/compiler/jit/xla_gpu_device.cc:99] Not creating XLA devices, tf_xla_enable_xla_devices not set
mse and spike frequency: 0.00372 12.06
