[32m[I 2021-04-21 13:26:54,752][0m Trial 26 finished with values: [0.00107, 8.68] with parameters: {'Vahp': -45.5, 'Vth': -35.5, 'Vmax': 31.0, 't_ref': 1.5, 'R': 0.30000000000000004, 'tau_m': 425.0, 'R_adp': 0.8, 'tau_w': 430.5, 'a': 1.5, 'rate_low': 15.5, 'rate_high': 32.5}.[0m
2021-04-21 13:26:55.112610: I tensorflow/compiler/jit/xla_gpu_device.cc:99] Not creating XLA devices, tf_xla_enable_xla_devices not set
maxFreq at 10nA: 63.0
2021-04-21 13:27:15.701280: I tensorflow/compiler/jit/xla_gpu_device.cc:99] Not creating XLA devices, tf_xla_enable_xla_devices not set
2021-04-21 13:27:24.617241: I tensorflow/compiler/jit/xla_gpu_device.cc:99] Not creating XLA devices, tf_xla_enable_xla_devices not set
mse and spike frequency: 0.01088 8.38
[32m[I 2021-04-21 13:27:31,488][0m Trial 27 finished with values: [0.01088, 8.38] with parameters: {'Vahp': -44.5, 'Vth': -39.5, 'Vmax': 10.0, 't_ref': 15.0, 'R': 0.9, 'tau_m': 180.0, 'R_adp': 0.6, 'tau_w': 99.0, 'a': 350.0, 'rate_low': 15.0, 'rate_high': 49.0}.[0m
2021-04-21 13:27:31.859447: I tensorflow/compiler/jit/xla_gpu_device.cc:99] Not creating XLA devices, tf_xla_enable_xla_devices not set
maxFreq at 10nA: 1000.0
2021-04-21 13:27:52.866221: I tensorflow/compiler/jit/xla_gpu_device.cc:99] Not creating XLA devices, tf_xla_enable_xla_devices not set
2021-04-21 13:28:01.741417: I tensorflow/compiler/jit/xla_gpu_device.cc:99] Not creating XLA devices, tf_xla_enable_xla_devices not set
mse and spike frequency: 0.12656 0.0
[32m[I 2021-04-21 13:28:08,648][0m Trial 28 finished with values: [0.12656, 0.0] with parameters: {'Vahp': -52.5, 'Vth': -55.5, 'Vmax': 31.0, 't_ref': 3.0, 'R': 1.0, 'tau_m': 187.5, 'R_adp': 0.6, 'tau_w': 46.5, 'a': 486.0, 'rate_low': 2.5, 'rate_high': 49.5}.[0m
2021-04-21 13:28:09.038493: I tensorflow/compiler/jit/xla_gpu_device.cc:99] Not creating XLA devices, tf_xla_enable_xla_devices not set
maxFreq at 10nA: 57.0
2021-04-21 13:28:29.605966: I tensorflow/compiler/jit/xla_gpu_device.cc:99] Not creating XLA devices, tf_xla_enable_xla_devices not set
2021-04-21 13:28:39.317779: I tensorflow/compiler/jit/xla_gpu_device.cc:99] Not creating XLA devices, tf_xla_enable_xla_devices not set
mse and spike frequency: 0.54676 7.48
[32m[I 2021-04-21 13:28:46,359][0m Trial 29 finished with values: [0.54676, 7.48] with parameters: {'Vahp': -57.0, 'Vth': -50.0, 'Vmax': 13.0, 't_ref': 15.5, 'R': 0.4, 'tau_m': 346.5, 'R_adp': 0.9, 'tau_w': 292.0, 'a': 190.5, 'rate_low': 45.5, 'rate_high': 47.0}.[0m
2021-04-21 13:28:46.726723: I tensorflow/compiler/jit/xla_gpu_device.cc:99] Not creating XLA devices, tf_xla_enable_xla_devices not set
maxFreq at 10nA: 59.0
2021-04-21 13:29:07.524480: I tensorflow/compiler/jit/xla_gpu_device.cc:99] Not creating XLA devices, tf_xla_enable_xla_devices not set
2021-04-21 13:29:17.183585: I tensorflow/compiler/jit/xla_gpu_device.cc:99] Not creating XLA devices, tf_xla_enable_xla_devices not set
mse and spike frequency: 0.00326 17.3
[32m[I 2021-04-21 13:29:24,420][0m Trial 30 finished with values: [0.00326, 17.3] with parameters: {'Vahp': -52.5, 'Vth': -39.5, 'Vmax': 34.0, 't_ref': 15.5, 'R': 0.9, 'tau_m': 499.5, 'R_adp': 0.1, 'tau_w': 207.0, 'a': 20.5, 'rate_low': 39.5, 'rate_high': 49.0}.[0m
2021-04-21 13:29:24.787164: I tensorflow/compiler/jit/xla_gpu_device.cc:99] Not creating XLA devices, tf_xla_enable_xla_devices not set
maxFreq at 10nA: 54.0
2021-04-21 13:29:45.647416: I tensorflow/compiler/jit/xla_gpu_device.cc:99] Not creating XLA devices, tf_xla_enable_xla_devices not set
2021-04-21 13:29:55.597457: I tensorflow/compiler/jit/xla_gpu_device.cc:99] Not creating XLA devices, tf_xla_enable_xla_devices not set
mse and spike frequency: 0.84922 3.76
[32m[I 2021-04-21 13:30:02,942][0m Trial 31 finished with values: [0.84922, 3.76] with parameters: {'Vahp': -44.0, 'Vth': -26.5, 'Vmax': 37.0, 't_ref': 15.5, 'R': 0.9, 'tau_m': 350.5, 'R_adp': 0.9, 'tau_w': 500.0, 'a': 366.0, 'rate_low': 14.5, 'rate_high': 28.5}.[0m
2021-04-21 13:30:03.345099: I tensorflow/compiler/jit/xla_gpu_device.cc:99] Not creating XLA devices, tf_xla_enable_xla_devices not set
maxFreq at 10nA: 1000.0
2021-04-21 13:30:24.447849: I tensorflow/compiler/jit/xla_gpu_device.cc:99] Not creating XLA devices, tf_xla_enable_xla_devices not set
2021-04-21 13:30:34.267125: I tensorflow/compiler/jit/xla_gpu_device.cc:99] Not creating XLA devices, tf_xla_enable_xla_devices not set
mse and spike frequency: 0.12656 0.0
[32m[I 2021-04-21 13:30:41,861][0m Trial 32 finished with values: [0.12656, 0.0] with parameters: {'Vahp': -37.0, 'Vth': -57.5, 'Vmax': 16.5, 't_ref': 6.5, 'R': 0.30000000000000004, 'tau_m': 191.5, 'R_adp': 0.30000000000000004, 'tau_w': 409.0, 'a': 490.5, 'rate_low': 49.5, 'rate_high': 49.5}.[0m
2021-04-21 13:30:42.232866: I tensorflow/compiler/jit/xla_gpu_device.cc:99] Not creating XLA devices, tf_xla_enable_xla_devices not set
maxFreq at 10nA: 56.0
2021-04-21 13:31:03.260293: I tensorflow/compiler/jit/xla_gpu_device.cc:99] Not creating XLA devices, tf_xla_enable_xla_devices not set
2021-04-21 13:31:13.323058: I tensorflow/compiler/jit/xla_gpu_device.cc:99] Not creating XLA devices, tf_xla_enable_xla_devices not set
mse and spike frequency: 0.02836 24.9
[32m[I 2021-04-21 13:31:21,019][0m Trial 33 finished with values: [0.02836, 24.9] with parameters: {'Vahp': -36.5, 'Vth': -30.0, 'Vmax': 30.0, 't_ref': 16.5, 'R': 0.7000000000000001, 'tau_m': 6.0, 'R_adp': 0.9, 'tau_w': 259.0, 'a': 13.5, 'rate_low': 29.5, 'rate_high': 36.0}.[0m
2021-04-21 13:31:21.402015: I tensorflow/compiler/jit/xla_gpu_device.cc:99] Not creating XLA devices, tf_xla_enable_xla_devices not set
maxFreq at 10nA: 1000.0
2021-04-21 13:31:42.869173: I tensorflow/compiler/jit/xla_gpu_device.cc:99] Not creating XLA devices, tf_xla_enable_xla_devices not set
2021-04-21 13:31:53.093038: I tensorflow/compiler/jit/xla_gpu_device.cc:99] Not creating XLA devices, tf_xla_enable_xla_devices not set
mse and spike frequency: 0.12656 0.0
[32m[I 2021-04-21 13:32:01,163][0m Trial 34 finished with values: [0.12656, 0.0] with parameters: {'Vahp': -43.0, 'Vth': -45.0, 'Vmax': 10.5, 't_ref': 6.5, 'R': 0.5, 'tau_m': 317.5, 'R_adp': 0.2, 'tau_w': 11.5, 'a': 410.5, 'rate_low': 19.0, 'rate_high': 29.5}.[0m
2021-04-21 13:32:01.536631: I tensorflow/compiler/jit/xla_gpu_device.cc:99] Not creating XLA devices, tf_xla_enable_xla_devices not set
maxFreq at 10nA: 999.0
2021-04-21 13:32:22.418273: I tensorflow/compiler/jit/xla_gpu_device.cc:99] Not creating XLA devices, tf_xla_enable_xla_devices not set
2021-04-21 13:32:32.592425: I tensorflow/compiler/jit/xla_gpu_device.cc:99] Not creating XLA devices, tf_xla_enable_xla_devices not set
mse and spike frequency: 0.12656 0.0
[32m[I 2021-04-21 13:32:40,863][0m Trial 35 finished with values: [0.12656, 0.0] with parameters: {'Vahp': -48.0, 'Vth': -54.0, 'Vmax': 20.0, 't_ref': 18.5, 'R': 0.2, 'tau_m': 457.5, 'R_adp': 0.30000000000000004, 'tau_w': 134.0, 'a': 345.0, 'rate_low': 49.5, 'rate_high': 49.5}.[0m
2021-04-21 13:32:41.234233: I tensorflow/compiler/jit/xla_gpu_device.cc:99] Not creating XLA devices, tf_xla_enable_xla_devices not set
maxFreq at 10nA: 56.0
2021-04-21 13:33:02.727777: I tensorflow/compiler/jit/xla_gpu_device.cc:99] Not creating XLA devices, tf_xla_enable_xla_devices not set
2021-04-21 13:33:13.289973: I tensorflow/compiler/jit/xla_gpu_device.cc:99] Not creating XLA devices, tf_xla_enable_xla_devices not set
mse and spike frequency: 0.06021 2.13
[32m[I 2021-04-21 13:33:21,642][0m Trial 36 finished with values: [0.06021, 2.13] with parameters: {'Vahp': -40.0, 'Vth': -23.0, 'Vmax': 13.0, 't_ref': 16.5, 'R': 0.5, 'tau_m': 13.5, 'R_adp': 0.2, 'tau_w': 63.5, 'a': 395.5, 'rate_low': 6.0, 'rate_high': 14.0}.[0m
2021-04-21 13:33:22.028138: I tensorflow/compiler/jit/xla_gpu_device.cc:99] Not creating XLA devices, tf_xla_enable_xla_devices not set
maxFreq at 10nA: 1000.0
2021-04-21 13:33:43.437998: I tensorflow/compiler/jit/xla_gpu_device.cc:99] Not creating XLA devices, tf_xla_enable_xla_devices not set
2021-04-21 13:33:53.972097: I tensorflow/compiler/jit/xla_gpu_device.cc:99] Not creating XLA devices, tf_xla_enable_xla_devices not set
mse and spike frequency: 0.12656 0.0
[32m[I 2021-04-21 13:34:02,738][0m Trial 37 finished with values: [0.12656, 0.0] with parameters: {'Vahp': -23.5, 'Vth': -49.0, 'Vmax': 27.0, 't_ref': 13.5, 'R': 0.1, 'tau_m': 74.5, 'R_adp': 0.6, 'tau_w': 247.0, 'a': 160.5, 'rate_low': 10.5, 'rate_high': 21.5}.[0m
2021-04-21 13:34:03.156443: I tensorflow/compiler/jit/xla_gpu_device.cc:99] Not creating XLA devices, tf_xla_enable_xla_devices not set
maxFreq at 10nA: 999.0
2021-04-21 13:34:25.181208: I tensorflow/compiler/jit/xla_gpu_device.cc:99] Not creating XLA devices, tf_xla_enable_xla_devices not set
2021-04-21 13:34:35.835068: I tensorflow/compiler/jit/xla_gpu_device.cc:99] Not creating XLA devices, tf_xla_enable_xla_devices not set
mse and spike frequency: 0.12656 0.0
[32m[I 2021-04-21 13:34:44,650][0m Trial 38 finished with values: [0.12656, 0.0] with parameters: {'Vahp': -21.0, 'Vth': -41.0, 'Vmax': 10.5, 't_ref': 14.5, 'R': 0.4, 'tau_m': 243.5, 'R_adp': 0.1, 'tau_w': 181.5, 'a': 121.5, 'rate_low': 48.0, 'rate_high': 50.0}.[0m
2021-04-21 13:34:45.060070: I tensorflow/compiler/jit/xla_gpu_device.cc:99] Not creating XLA devices, tf_xla_enable_xla_devices not set
maxFreq at 10nA: 53.0
2021-04-21 13:35:06.357123: I tensorflow/compiler/jit/xla_gpu_device.cc:99] Not creating XLA devices, tf_xla_enable_xla_devices not set
2021-04-21 13:35:17.493531: I tensorflow/compiler/jit/xla_gpu_device.cc:99] Not creating XLA devices, tf_xla_enable_xla_devices not set
mse and spike frequency: 0.00649 14.42
[32m[I 2021-04-21 13:35:26,888][0m Trial 39 finished with values: [0.00649, 14.42] with parameters: {'Vahp': -34.5, 'Vth': -25.5, 'Vmax': 28.0, 't_ref': 17.5, 'R': 0.8, 'tau_m': 98.5, 'R_adp': 0.2, 'tau_w': 327.0, 'a': 40.5, 'rate_low': 13.0, 'rate_high': 44.5}.[0m
2021-04-21 13:35:27.302870: I tensorflow/compiler/jit/xla_gpu_device.cc:99] Not creating XLA devices, tf_xla_enable_xla_devices not set
maxFreq at 10nA: 1000.0
2021-04-21 13:35:49.130610: I tensorflow/compiler/jit/xla_gpu_device.cc:99] Not creating XLA devices, tf_xla_enable_xla_devices not set
2021-04-21 13:36:00.546252: I tensorflow/compiler/jit/xla_gpu_device.cc:99] Not creating XLA devices, tf_xla_enable_xla_devices not set
mse and spike frequency: 0.12656 0.0
[32m[I 2021-04-21 13:36:10,170][0m Trial 40 finished with values: [0.12656, 0.0] with parameters: {'Vahp': -33.0, 'Vth': -50.5, 'Vmax': 11.0, 't_ref': 10.5, 'R': 0.5, 'tau_m': 486.5, 'R_adp': 0.9, 'tau_w': 74.5, 'a': 444.5, 'rate_low': 27.0, 'rate_high': 37.0}.[0m
2021-04-21 13:36:10.554580: I tensorflow/compiler/jit/xla_gpu_device.cc:99] Not creating XLA devices, tf_xla_enable_xla_devices not set
maxFreq at 10nA: 1000.0
2021-04-21 13:36:32.401500: I tensorflow/compiler/jit/xla_gpu_device.cc:99] Not creating XLA devices, tf_xla_enable_xla_devices not set
2021-04-21 13:36:44.000664: I tensorflow/compiler/jit/xla_gpu_device.cc:99] Not creating XLA devices, tf_xla_enable_xla_devices not set
mse and spike frequency: 0.12656 0.0
[32m[I 2021-04-21 13:36:53,527][0m Trial 41 finished with values: [0.12656, 0.0] with parameters: {'Vahp': -37.0, 'Vth': -49.5, 'Vmax': 32.5, 't_ref': 17.5, 'R': 0.8, 'tau_m': 127.5, 'R_adp': 0.2, 'tau_w': 53.0, 'a': 28.0, 'rate_low': 40.0, 'rate_high': 45.5}.[0m
2021-04-21 13:36:53.926310: I tensorflow/compiler/jit/xla_gpu_device.cc:99] Not creating XLA devices, tf_xla_enable_xla_devices not set
maxFreq at 10nA: 194.0
2021-04-21 13:37:15.937897: I tensorflow/compiler/jit/xla_gpu_device.cc:99] Not creating XLA devices, tf_xla_enable_xla_devices not set
2021-04-21 13:37:26.894880: I tensorflow/compiler/jit/xla_gpu_device.cc:99] Not creating XLA devices, tf_xla_enable_xla_devices not set
mse and spike frequency: 12.20669 40.03
[32m[I 2021-04-21 13:37:36,307][0m Trial 42 finished with values: [12.20669, 40.03] with parameters: {'Vahp': -58.5, 'Vth': -38.5, 'Vmax': 26.5, 't_ref': 3.5, 'R': 0.4, 'tau_m': 1.0, 'R_adp': 0.30000000000000004, 'tau_w': 483.0, 'a': 167.0, 'rate_low': 45.0, 'rate_high': 48.5}.[0m
2021-04-21 13:37:36.720931: I tensorflow/compiler/jit/xla_gpu_device.cc:99] Not creating XLA devices, tf_xla_enable_xla_devices not set
maxFreq at 10nA: 56.0
2021-04-21 13:37:59.210112: I tensorflow/compiler/jit/xla_gpu_device.cc:99] Not creating XLA devices, tf_xla_enable_xla_devices not set
2021-04-21 13:38:10.128769: I tensorflow/compiler/jit/xla_gpu_device.cc:99] Not creating XLA devices, tf_xla_enable_xla_devices not set
mse and spike frequency: 0.05968 2.13
[32m[I 2021-04-21 13:38:19,784][0m Trial 43 finished with values: [0.05968, 2.13] with parameters: {'Vahp': -47.0, 'Vth': -23.5, 'Vmax': 38.5, 't_ref': 16.0, 'R': 0.6, 'tau_m': 296.5, 'R_adp': 0.30000000000000004, 'tau_w': 196.0, 'a': 446.5, 'rate_low': 10.5, 'rate_high': 29.0}.[0m
2021-04-21 13:38:20.190249: I tensorflow/compiler/jit/xla_gpu_device.cc:99] Not creating XLA devices, tf_xla_enable_xla_devices not set
maxFreq at 10nA: 1000.0
2021-04-21 13:38:42.287183: I tensorflow/compiler/jit/xla_gpu_device.cc:99] Not creating XLA devices, tf_xla_enable_xla_devices not set
2021-04-21 13:38:52.802312: I tensorflow/compiler/jit/xla_gpu_device.cc:99] Not creating XLA devices, tf_xla_enable_xla_devices not set
mse and spike frequency: 0.12401 1000.1
[32m[I 2021-04-21 13:39:02,164][0m Trial 44 finished with values: [0.12401, 1000.1] with parameters: {'Vahp': -45.5, 'Vth': -58.5, 'Vmax': 21.0, 't_ref': 16.0, 'R': 0.4, 'tau_m': 33.5, 'R_adp': 0.2, 'tau_w': 59.5, 'a': 141.0, 'rate_low': 22.5, 'rate_high': 30.0}.[0m
2021-04-21 13:39:02.588161: I tensorflow/compiler/jit/xla_gpu_device.cc:99] Not creating XLA devices, tf_xla_enable_xla_devices not set
maxFreq at 10nA: 34.0
2021-04-21 13:39:24.784787: I tensorflow/compiler/jit/xla_gpu_device.cc:99] Not creating XLA devices, tf_xla_enable_xla_devices not set
2021-04-21 13:39:35.603644: I tensorflow/compiler/jit/xla_gpu_device.cc:99] Not creating XLA devices, tf_xla_enable_xla_devices not set
mse and spike frequency: 0.05574 1.12
[32m[I 2021-04-21 13:39:44,612][0m Trial 45 finished with values: [0.05574, 1.12] with parameters: {'Vahp': -53.5, 'Vth': -31.0, 'Vmax': 30.0, 't_ref': 17.0, 'R': 0.1, 'tau_m': 352.5, 'R_adp': 0.2, 'tau_w': 318.5, 'a': 209.0, 'rate_low': 31.0, 'rate_high': 45.5}.[0m
2021-04-21 13:39:45.046082: I tensorflow/compiler/jit/xla_gpu_device.cc:99] Not creating XLA devices, tf_xla_enable_xla_devices not set
maxFreq at 10nA: 20.0
2021-04-21 13:40:07.474408: I tensorflow/compiler/jit/xla_gpu_device.cc:99] Not creating XLA devices, tf_xla_enable_xla_devices not set
2021-04-21 13:40:18.262850: I tensorflow/compiler/jit/xla_gpu_device.cc:99] Not creating XLA devices, tf_xla_enable_xla_devices not set
mse and spike frequency: 0.13999 0.4
[32m[I 2021-04-21 13:40:27,208][0m Trial 46 finished with values: [0.13999, 0.4] with parameters: {'Vahp': -54.5, 'Vth': -41.5, 'Vmax': 10.0, 't_ref': 5.5, 'R': 0.1, 'tau_m': 321.0, 'R_adp': 1.0, 'tau_w': 473.5, 'a': 139.0, 'rate_low': 11.0, 'rate_high': 37.0}.[0m
2021-04-21 13:40:27.628032: I tensorflow/compiler/jit/xla_gpu_device.cc:99] Not creating XLA devices, tf_xla_enable_xla_devices not set
maxFreq at 10nA: 1000.0
2021-04-21 13:40:50.296015: I tensorflow/compiler/jit/xla_gpu_device.cc:99] Not creating XLA devices, tf_xla_enable_xla_devices not set
2021-04-21 13:41:01.057871: I tensorflow/compiler/jit/xla_gpu_device.cc:99] Not creating XLA devices, tf_xla_enable_xla_devices not set
mse and spike frequency: 0.12656 0.0
[32m[I 2021-04-21 13:41:10,322][0m Trial 47 finished with values: [0.12656, 0.0] with parameters: {'Vahp': -30.0, 'Vth': -49.0, 'Vmax': 11.5, 't_ref': 14.0, 'R': 0.8, 'tau_m': 279.0, 'R_adp': 0.1, 'tau_w': 252.0, 'a': 377.5, 'rate_low': 12.0, 'rate_high': 13.5}.[0m
2021-04-21 13:41:10.739460: I tensorflow/compiler/jit/xla_gpu_device.cc:99] Not creating XLA devices, tf_xla_enable_xla_devices not set
maxFreq at 10nA: 32.0
2021-04-21 13:41:33.485484: I tensorflow/compiler/jit/xla_gpu_device.cc:99] Not creating XLA devices, tf_xla_enable_xla_devices not set
2021-04-21 13:41:44.467095: I tensorflow/compiler/jit/xla_gpu_device.cc:99] Not creating XLA devices, tf_xla_enable_xla_devices not set
mse and spike frequency: 0.15981 1.18
[32m[I 2021-04-21 13:41:54,188][0m Trial 48 finished with values: [0.15981, 1.18] with parameters: {'Vahp': -29.5, 'Vth': -23.5, 'Vmax': 35.5, 't_ref': 6.0, 'R': 0.2, 'tau_m': 128.0, 'R_adp': 1.0, 'tau_w': 181.0, 'a': 395.0, 'rate_low': 21.5, 'rate_high': 23.0}.[0m
2021-04-21 13:41:54.669481: I tensorflow/compiler/jit/xla_gpu_device.cc:99] Not creating XLA devices, tf_xla_enable_xla_devices not set
maxFreq at 10nA: 1000.0
2021-04-21 13:42:17.487027: I tensorflow/compiler/jit/xla_gpu_device.cc:99] Not creating XLA devices, tf_xla_enable_xla_devices not set
2021-04-21 13:42:28.636711: I tensorflow/compiler/jit/xla_gpu_device.cc:99] Not creating XLA devices, tf_xla_enable_xla_devices not set
mse and spike frequency: 0.12656 0.0
[32m[I 2021-04-21 13:42:38,617][0m Trial 49 finished with values: [0.12656, 0.0] with parameters: {'Vahp': -42.5, 'Vth': -52.0, 'Vmax': 39.5, 't_ref': 6.5, 'R': 0.6, 'tau_m': 254.0, 'R_adp': 0.5, 'tau_w': 35.5, 'a': 331.0, 'rate_low': 3.0, 'rate_high': 46.5}.[0m
2021-04-21 13:42:39.055210: I tensorflow/compiler/jit/xla_gpu_device.cc:99] Not creating XLA devices, tf_xla_enable_xla_devices not set
maxFreq at 10nA: 1000.0
2021-04-21 13:43:02.110743: I tensorflow/compiler/jit/xla_gpu_device.cc:99] Not creating XLA devices, tf_xla_enable_xla_devices not set
2021-04-21 13:43:13.419137: I tensorflow/compiler/jit/xla_gpu_device.cc:99] Not creating XLA devices, tf_xla_enable_xla_devices not set
mse and spike frequency: 0.12656 0.0
[32m[I 2021-04-21 13:43:23,498][0m Trial 50 finished with values: [0.12656, 0.0] with parameters: {'Vahp': -30.0, 'Vth': -49.0, 'Vmax': 11.5, 't_ref': 14.0, 'R': 0.8, 'tau_m': 279.0, 'R_adp': 0.1, 'tau_w': 252.0, 'a': 377.5, 'rate_low': 12.0, 'rate_high': 13.5}.[0m
2021-04-21 13:43:23.993016: I tensorflow/compiler/jit/xla_gpu_device.cc:99] Not creating XLA devices, tf_xla_enable_xla_devices not set
maxFreq at 10nA: 53.0
2021-04-21 13:43:47.071683: I tensorflow/compiler/jit/xla_gpu_device.cc:99] Not creating XLA devices, tf_xla_enable_xla_devices not set
2021-04-21 13:43:58.694725: I tensorflow/compiler/jit/xla_gpu_device.cc:99] Not creating XLA devices, tf_xla_enable_xla_devices not set
mse and spike frequency: 0.00455 9.06
[32m[I 2021-04-21 13:44:09,281][0m Trial 51 finished with values: [0.00455, 9.06] with parameters: {'Vahp': -40.0, 'Vth': -23.0, 'Vmax': 30.0, 't_ref': 16.5, 'R': 0.5, 'tau_m': 457.5, 'R_adp': 0.30000000000000004, 'tau_w': 63.5, 'a': 395.5, 'rate_low': 49.5, 'rate_high': 14.0}.[0m
2021-04-21 13:44:09.746143: I tensorflow/compiler/jit/xla_gpu_device.cc:99] Not creating XLA devices, tf_xla_enable_xla_devices not set
maxFreq at 10nA: 999.0
2021-04-21 13:44:33.184845: I tensorflow/compiler/jit/xla_gpu_device.cc:99] Not creating XLA devices, tf_xla_enable_xla_devices not set
2021-04-21 13:44:44.925527: I tensorflow/compiler/jit/xla_gpu_device.cc:99] Not creating XLA devices, tf_xla_enable_xla_devices not set
mse and spike frequency: 0.12656 0.0
[32m[I 2021-04-21 13:44:55,604][0m Trial 52 finished with values: [0.12656, 0.0] with parameters: {'Vahp': -47.0, 'Vth': -53.5, 'Vmax': 19.5, 't_ref': 13.5, 'R': 0.1, 'tau_m': 329.5, 'R_adp': 0.4, 'tau_w': 159.5, 'a': 342.5, 'rate_low': 45.0, 'rate_high': 48.0}.[0m
2021-04-21 13:44:56.102282: I tensorflow/compiler/jit/xla_gpu_device.cc:99] Not creating XLA devices, tf_xla_enable_xla_devices not set
maxFreq at 10nA: 175.0
2021-04-21 13:45:19.215827: I tensorflow/compiler/jit/xla_gpu_device.cc:99] Not creating XLA devices, tf_xla_enable_xla_devices not set
2021-04-21 13:45:31.198438: I tensorflow/compiler/jit/xla_gpu_device.cc:99] Not creating XLA devices, tf_xla_enable_xla_devices not set
mse and spike frequency: 0.00203 7.43
[32m[I 2021-04-21 13:45:42,264][0m Trial 53 finished with values: [0.00203, 7.43] with parameters: {'Vahp': -46.0, 'Vth': -32.5, 'Vmax': 20.0, 't_ref': 2.0, 'R': 0.2, 'tau_m': 255.5, 'R_adp': 0.30000000000000004, 'tau_w': 54.0, 'a': 296.0, 'rate_low': 34.5, 'rate_high': 49.5}.[0m
2021-04-21 13:45:42.712382: I tensorflow/compiler/jit/xla_gpu_device.cc:99] Not creating XLA devices, tf_xla_enable_xla_devices not set
maxFreq at 10nA: 1000.0
2021-04-21 13:46:06.697124: I tensorflow/compiler/jit/xla_gpu_device.cc:99] Not creating XLA devices, tf_xla_enable_xla_devices not set
2021-04-21 13:46:18.749906: I tensorflow/compiler/jit/xla_gpu_device.cc:99] Not creating XLA devices, tf_xla_enable_xla_devices not set
mse and spike frequency: 0.12656 0.0
[32m[I 2021-04-21 13:46:30,016][0m Trial 54 finished with values: [0.12656, 0.0] with parameters: {'Vahp': -48.0, 'Vth': -51.0, 'Vmax': 16.5, 't_ref': 8.5, 'R': 0.9, 'tau_m': 127.5, 'R_adp': 0.2, 'tau_w': 42.0, 'a': 224.0, 'rate_low': 46.5, 'rate_high': 41.5}.[0m
2021-04-21 13:46:30.505129: I tensorflow/compiler/jit/xla_gpu_device.cc:99] Not creating XLA devices, tf_xla_enable_xla_devices not set
maxFreq at 10nA: 63.0
2021-04-21 13:46:54.161736: I tensorflow/compiler/jit/xla_gpu_device.cc:99] Not creating XLA devices, tf_xla_enable_xla_devices not set
2021-04-21 13:47:06.305122: I tensorflow/compiler/jit/xla_gpu_device.cc:99] Not creating XLA devices, tf_xla_enable_xla_devices not set
mse and spike frequency: 0.05949 5.17
