2021-04-21 13:11:57.499923: I tensorflow/stream_executor/platform/default/dso_loader.cc:49] Successfully opened dynamic library libcudart.so.11.0
Build finished in 0:00:01.                                                      
Simulation finished in 0:00:01.                                                 
[32m[I 2021-04-21 13:12:00,883][0m A new study created in memory with name: no-name-e10bd524-e90b-4e8e-97ff-007f82e265c6[0m
2021-04-21 13:12:01.096191: I tensorflow/compiler/jit/xla_cpu_device.cc:41] Not creating XLA devices, tf_xla_enable_xla_devices not set
2021-04-21 13:12:01.097233: I tensorflow/stream_executor/platform/default/dso_loader.cc:49] Successfully opened dynamic library libcuda.so.1
2021-04-21 13:12:02.177646: E tensorflow/stream_executor/cuda/cuda_driver.cc:328] failed call to cuInit: CUDA_ERROR_NO_DEVICE: no CUDA-capable device is detected
2021-04-21 13:12:02.177723: I tensorflow/stream_executor/cuda/cuda_diagnostics.cc:169] retrieving CUDA diagnostic information for host: comparch-t640
2021-04-21 13:12:02.177733: I tensorflow/stream_executor/cuda/cuda_diagnostics.cc:176] hostname: comparch-t640
2021-04-21 13:12:02.177888: I tensorflow/stream_executor/cuda/cuda_diagnostics.cc:200] libcuda reported version is: 450.66.0
2021-04-21 13:12:02.177924: I tensorflow/stream_executor/cuda/cuda_diagnostics.cc:204] kernel reported version is: 450.66.0
2021-04-21 13:12:02.177932: I tensorflow/stream_executor/cuda/cuda_diagnostics.cc:310] kernel version seems to match DSO: 450.66.0
2021-04-21 13:12:02.178262: I tensorflow/core/platform/cpu_feature_guard.cc:142] This TensorFlow binary is optimized with oneAPI Deep Neural Network Library (oneDNN) to use the following CPU instructions in performance-critical operations:  AVX2 AVX512F FMA
To enable them in other operations, rebuild TensorFlow with the appropriate compiler flags.
2021-04-21 13:12:02.180114: I tensorflow/compiler/jit/xla_gpu_device.cc:99] Not creating XLA devices, tf_xla_enable_xla_devices not set
2021-04-21 13:12:02.189038: I tensorflow/compiler/mlir/mlir_graph_optimization_pass.cc:196] None of the MLIR optimization passes are enabled (registered 0 passes)
2021-04-21 13:12:02.211979: I tensorflow/core/platform/profile_utils/cpu_utils.cc:112] CPU Frequency: 2100000000 Hz
maxFreq at 10nA: 169.0
2021-04-21 13:12:19.456406: I tensorflow/compiler/jit/xla_gpu_device.cc:99] Not creating XLA devices, tf_xla_enable_xla_devices not set
2021-04-21 13:12:25.501286: I tensorflow/compiler/jit/xla_gpu_device.cc:99] Not creating XLA devices, tf_xla_enable_xla_devices not set
mse and spike frequency: 0.00264 6.15
[32m[I 2021-04-21 13:12:31,268][0m Trial 0 finished with values: [0.00264, 6.15] with parameters: {'Vahp': -46.0, 'Vth': -32.5, 'Vmax': 27.5, 't_ref': 2.0, 'R': 0.2, 'tau_m': 255.5, 'R_adp': 0.4, 'tau_w': 54.0, 'a': 296.0, 'rate_low': 34.5, 'rate_high': 44.5}.[0m
2021-04-21 13:12:31.694220: I tensorflow/compiler/jit/xla_gpu_device.cc:99] Not creating XLA devices, tf_xla_enable_xla_devices not set
maxFreq at 10nA: 1000.0
2021-04-21 13:12:49.092927: I tensorflow/compiler/jit/xla_gpu_device.cc:99] Not creating XLA devices, tf_xla_enable_xla_devices not set
2021-04-21 13:12:55.223906: I tensorflow/compiler/jit/xla_gpu_device.cc:99] Not creating XLA devices, tf_xla_enable_xla_devices not set
mse and spike frequency: 0.12656 0.0
[32m[I 2021-04-21 13:13:00,853][0m Trial 1 finished with values: [0.12656, 0.0] with parameters: {'Vahp': -24.0, 'Vth': -48.5, 'Vmax': 33.5, 't_ref': 15.5, 'R': 1.0, 'tau_m': 485.5, 'R_adp': 0.30000000000000004, 'tau_w': 60.0, 'a': 117.5, 'rate_low': 11.0, 'rate_high': 31.0}.[0m
2021-04-21 13:13:01.306510: I tensorflow/compiler/jit/xla_gpu_device.cc:99] Not creating XLA devices, tf_xla_enable_xla_devices not set
maxFreq at 10nA: 100.0
2021-04-21 13:13:19.274000: I tensorflow/compiler/jit/xla_gpu_device.cc:99] Not creating XLA devices, tf_xla_enable_xla_devices not set
2021-04-21 13:13:25.426585: I tensorflow/compiler/jit/xla_gpu_device.cc:99] Not creating XLA devices, tf_xla_enable_xla_devices not set
mse and spike frequency: 0.00105 10.52
[32m[I 2021-04-21 13:13:31,186][0m Trial 2 finished with values: [0.00105, 10.52] with parameters: {'Vahp': -48.0, 'Vth': -45.5, 'Vmax': 37.5, 't_ref': 8.5, 'R': 0.9, 'tau_m': 452.5, 'R_adp': 1.0, 'tau_w': 42.0, 'a': 457.5, 'rate_low': 21.0, 'rate_high': 41.5}.[0m
2021-04-21 13:13:31.653970: I tensorflow/compiler/jit/xla_gpu_device.cc:99] Not creating XLA devices, tf_xla_enable_xla_devices not set
maxFreq at 10nA: 1000.0
2021-04-21 13:13:49.751373: I tensorflow/compiler/jit/xla_gpu_device.cc:99] Not creating XLA devices, tf_xla_enable_xla_devices not set
2021-04-21 13:13:55.963130: I tensorflow/compiler/jit/xla_gpu_device.cc:99] Not creating XLA devices, tf_xla_enable_xla_devices not set
mse and spike frequency: 0.12656 0.0
[32m[I 2021-04-21 13:14:02,311][0m Trial 3 finished with values: [0.12656, 0.0] with parameters: {'Vahp': -21.5, 'Vth': -39.5, 'Vmax': 36.0, 't_ref': 9.0, 'R': 0.9, 'tau_m': 66.0, 'R_adp': 1.0, 'tau_w': 491.0, 'a': 312.5, 'rate_low': 34.5, 'rate_high': 38.0}.[0m
2021-04-21 13:14:02.799027: I tensorflow/compiler/jit/xla_gpu_device.cc:99] Not creating XLA devices, tf_xla_enable_xla_devices not set
maxFreq at 10nA: 1000.0
2021-04-21 13:14:20.862876: I tensorflow/compiler/jit/xla_gpu_device.cc:99] Not creating XLA devices, tf_xla_enable_xla_devices not set
2021-04-21 13:14:27.042609: I tensorflow/compiler/jit/xla_gpu_device.cc:99] Not creating XLA devices, tf_xla_enable_xla_devices not set
mse and spike frequency: 0.12656 0.0
[32m[I 2021-04-21 13:14:33,341][0m Trial 4 finished with values: [0.12656, 0.0] with parameters: {'Vahp': -42.5, 'Vth': -48.0, 'Vmax': 19.0, 't_ref': 10.0, 'R': 0.5, 'tau_m': 139.0, 'R_adp': 0.30000000000000004, 'tau_w': 495.0, 'a': 435.5, 'rate_low': 16.0, 'rate_high': 44.5}.[0m
2021-04-21 13:14:33.824828: I tensorflow/compiler/jit/xla_gpu_device.cc:99] Not creating XLA devices, tf_xla_enable_xla_devices not set
maxFreq at 10nA: 143.0
2021-04-21 13:14:52.003214: I tensorflow/compiler/jit/xla_gpu_device.cc:99] Not creating XLA devices, tf_xla_enable_xla_devices not set
2021-04-21 13:14:58.173554: I tensorflow/compiler/jit/xla_gpu_device.cc:99] Not creating XLA devices, tf_xla_enable_xla_devices not set
mse and spike frequency: 0.0053 19.64
[32m[I 2021-04-21 13:15:04,216][0m Trial 5 finished with values: [0.0053, 19.64] with parameters: {'Vahp': -48.0, 'Vth': -31.0, 'Vmax': 21.0, 't_ref': 5.5, 'R': 0.6, 'tau_m': 118.5, 'R_adp': 1.0, 'tau_w': 166.0, 'a': 27.5, 'rate_low': 24.5, 'rate_high': 50.0}.[0m
2021-04-21 13:15:04.693165: I tensorflow/compiler/jit/xla_gpu_device.cc:99] Not creating XLA devices, tf_xla_enable_xla_devices not set
maxFreq at 10nA: 72.0
2021-04-21 13:15:23.315863: I tensorflow/compiler/jit/xla_gpu_device.cc:99] Not creating XLA devices, tf_xla_enable_xla_devices not set
2021-04-21 13:15:29.530620: I tensorflow/compiler/jit/xla_gpu_device.cc:99] Not creating XLA devices, tf_xla_enable_xla_devices not set
mse and spike frequency: 0.00305 13.11
[32m[I 2021-04-21 13:15:35,723][0m Trial 6 finished with values: [0.00305, 13.11] with parameters: {'Vahp': -43.0, 'Vth': -33.5, 'Vmax': 18.5, 't_ref': 13.0, 'R': 0.4, 'tau_m': 134.0, 'R_adp': 0.7000000000000001, 'tau_w': 50.0, 'a': 217.0, 'rate_low': 32.5, 'rate_high': 47.5}.[0m
2021-04-21 13:15:36.196303: I tensorflow/compiler/jit/xla_gpu_device.cc:99] Not creating XLA devices, tf_xla_enable_xla_devices not set
maxFreq at 10nA: 1000.0
2021-04-21 13:15:54.998817: I tensorflow/compiler/jit/xla_gpu_device.cc:99] Not creating XLA devices, tf_xla_enable_xla_devices not set
2021-04-21 13:16:01.221068: I tensorflow/compiler/jit/xla_gpu_device.cc:99] Not creating XLA devices, tf_xla_enable_xla_devices not set
mse and spike frequency: 0.12656 0.0
[32m[I 2021-04-21 13:16:07,028][0m Trial 7 finished with values: [0.12656, 0.0] with parameters: {'Vahp': -40.0, 'Vth': -54.0, 'Vmax': 11.0, 't_ref': 5.5, 'R': 0.8, 'tau_m': 302.5, 'R_adp': 0.30000000000000004, 'tau_w': 162.0, 'a': 414.5, 'rate_low': 24.5, 'rate_high': 35.0}.[0m
2021-04-21 13:16:07.489467: I tensorflow/compiler/jit/xla_gpu_device.cc:99] Not creating XLA devices, tf_xla_enable_xla_devices not set
maxFreq at 10nA: 14.0
2021-04-21 13:16:26.147133: I tensorflow/compiler/jit/xla_gpu_device.cc:99] Not creating XLA devices, tf_xla_enable_xla_devices not set
2021-04-21 13:16:32.563935: I tensorflow/compiler/jit/xla_gpu_device.cc:99] Not creating XLA devices, tf_xla_enable_xla_devices not set
mse and spike frequency: 0.12991 0.06
[32m[I 2021-04-21 13:16:39,141][0m Trial 8 finished with values: [0.12991, 0.06] with parameters: {'Vahp': -57.0, 'Vth': -30.5, 'Vmax': 19.5, 't_ref': 13.5, 'R': 0.1, 'tau_m': 329.5, 'R_adp': 0.7000000000000001, 'tau_w': 320.0, 'a': 342.5, 'rate_low': 0.5, 'rate_high': 48.0}.[0m
2021-04-21 13:16:39.605309: I tensorflow/compiler/jit/xla_gpu_device.cc:99] Not creating XLA devices, tf_xla_enable_xla_devices not set
maxFreq at 10nA: 1000.0
2021-04-21 13:16:58.620784: I tensorflow/compiler/jit/xla_gpu_device.cc:99] Not creating XLA devices, tf_xla_enable_xla_devices not set
2021-04-21 13:17:05.261716: I tensorflow/compiler/jit/xla_gpu_device.cc:99] Not creating XLA devices, tf_xla_enable_xla_devices not set
mse and spike frequency: 0.12656 0.0
[32m[I 2021-04-21 13:17:11,633][0m Trial 9 finished with values: [0.12656, 0.0] with parameters: {'Vahp': -41.0, 'Vth': -53.5, 'Vmax': 26.5, 't_ref': 19.0, 'R': 0.30000000000000004, 'tau_m': 454.0, 'R_adp': 0.9, 'tau_w': 310.0, 'a': 367.0, 'rate_low': 3.5, 'rate_high': 11.5}.[0m
2021-04-21 13:17:12.080204: I tensorflow/compiler/jit/xla_gpu_device.cc:99] Not creating XLA devices, tf_xla_enable_xla_devices not set
maxFreq at 10nA: 1000.0
2021-04-21 13:17:31.453583: I tensorflow/compiler/jit/xla_gpu_device.cc:99] Not creating XLA devices, tf_xla_enable_xla_devices not set
2021-04-21 13:17:38.681303: I tensorflow/compiler/jit/xla_gpu_device.cc:99] Not creating XLA devices, tf_xla_enable_xla_devices not set
mse and spike frequency: 0.12656 0.0
[32m[I 2021-04-21 13:17:44,535][0m Trial 10 finished with values: [0.12656, 0.0] with parameters: {'Vahp': -29.5, 'Vth': -42.0, 'Vmax': 24.5, 't_ref': 9.0, 'R': 0.2, 'tau_m': 47.5, 'R_adp': 0.7000000000000001, 'tau_w': 104.5, 'a': 389.5, 'rate_low': 32.0, 'rate_high': 39.5}.[0m
2021-04-21 13:17:44.942388: I tensorflow/compiler/jit/xla_gpu_device.cc:99] Not creating XLA devices, tf_xla_enable_xla_devices not set
maxFreq at 10nA: 1000.0
2021-04-21 13:18:03.903504: I tensorflow/compiler/jit/xla_gpu_device.cc:99] Not creating XLA devices, tf_xla_enable_xla_devices not set
2021-04-21 13:18:11.002086: I tensorflow/compiler/jit/xla_gpu_device.cc:99] Not creating XLA devices, tf_xla_enable_xla_devices not set
mse and spike frequency: 0.12656 0.0
[32m[I 2021-04-21 13:18:17,057][0m Trial 11 finished with values: [0.12656, 0.0] with parameters: {'Vahp': -52.0, 'Vth': -58.0, 'Vmax': 36.5, 't_ref': 7.5, 'R': 0.9, 'tau_m': 117.5, 'R_adp': 0.9, 'tau_w': 339.5, 'a': 291.5, 'rate_low': 9.5, 'rate_high': 39.5}.[0m
2021-04-21 13:18:17.473695: I tensorflow/compiler/jit/xla_gpu_device.cc:99] Not creating XLA devices, tf_xla_enable_xla_devices not set
maxFreq at 10nA: 41.0
2021-04-21 13:18:36.596811: I tensorflow/compiler/jit/xla_gpu_device.cc:99] Not creating XLA devices, tf_xla_enable_xla_devices not set
2021-04-21 13:18:43.600455: I tensorflow/compiler/jit/xla_gpu_device.cc:99] Not creating XLA devices, tf_xla_enable_xla_devices not set
mse and spike frequency: 0.03984 2.34
[32m[I 2021-04-21 13:18:49,599][0m Trial 12 finished with values: [0.03984, 2.34] with parameters: {'Vahp': -59.0, 'Vth': -30.5, 'Vmax': 19.5, 't_ref': 17.5, 'R': 0.1, 'tau_m': 175.0, 'R_adp': 0.30000000000000004, 'tau_w': 242.0, 'a': 86.5, 'rate_low': 34.5, 'rate_high': 43.0}.[0m
2021-04-21 13:18:49.957308: I tensorflow/compiler/jit/xla_gpu_device.cc:99] Not creating XLA devices, tf_xla_enable_xla_devices not set
maxFreq at 10nA: 111.0
2021-04-21 13:19:09.213374: I tensorflow/compiler/jit/xla_gpu_device.cc:99] Not creating XLA devices, tf_xla_enable_xla_devices not set
2021-04-21 13:19:16.963424: I tensorflow/compiler/jit/xla_gpu_device.cc:99] Not creating XLA devices, tf_xla_enable_xla_devices not set
mse and spike frequency: 0.00196 24.93
[32m[I 2021-04-21 13:19:23,087][0m Trial 13 finished with values: [0.00196, 24.93] with parameters: {'Vahp': -37.0, 'Vth': -29.5, 'Vmax': 24.0, 't_ref': 8.0, 'R': 0.6, 'tau_m': 412.0, 'R_adp': 1.0, 'tau_w': 90.0, 'a': 5.0, 'rate_low': 31.5, 'rate_high': 50.0}.[0m
2021-04-21 13:19:23.428454: I tensorflow/compiler/jit/xla_gpu_device.cc:99] Not creating XLA devices, tf_xla_enable_xla_devices not set
maxFreq at 10nA: 999.0
2021-04-21 13:19:42.612083: I tensorflow/compiler/jit/xla_gpu_device.cc:99] Not creating XLA devices, tf_xla_enable_xla_devices not set
2021-04-21 13:19:49.933161: I tensorflow/compiler/jit/xla_gpu_device.cc:99] Not creating XLA devices, tf_xla_enable_xla_devices not set
mse and spike frequency: 0.12656 0.0
[32m[I 2021-04-21 13:19:56,211][0m Trial 14 finished with values: [0.12656, 0.0] with parameters: {'Vahp': -22.0, 'Vth': -53.5, 'Vmax': 18.0, 't_ref': 18.0, 'R': 0.2, 'tau_m': 475.0, 'R_adp': 0.2, 'tau_w': 24.5, 'a': 206.5, 'rate_low': 8.5, 'rate_high': 13.5}.[0m
2021-04-21 13:19:56.581380: I tensorflow/compiler/jit/xla_gpu_device.cc:99] Not creating XLA devices, tf_xla_enable_xla_devices not set
maxFreq at 10nA: 39.0
2021-04-21 13:20:15.706479: I tensorflow/compiler/jit/xla_gpu_device.cc:99] Not creating XLA devices, tf_xla_enable_xla_devices not set
2021-04-21 13:20:22.929249: I tensorflow/compiler/jit/xla_gpu_device.cc:99] Not creating XLA devices, tf_xla_enable_xla_devices not set
mse and spike frequency: 0.43327 3.07
[32m[I 2021-04-21 13:20:29,542][0m Trial 15 finished with values: [0.43327, 3.07] with parameters: {'Vahp': -28.0, 'Vth': -21.5, 'Vmax': 34.0, 't_ref': 19.0, 'R': 0.30000000000000004, 'tau_m': 472.5, 'R_adp': 1.0, 'tau_w': 399.0, 'a': 211.5, 'rate_low': 48.5, 'rate_high': 49.0}.[0m
2021-04-21 13:20:29.923420: I tensorflow/compiler/jit/xla_gpu_device.cc:99] Not creating XLA devices, tf_xla_enable_xla_devices not set
maxFreq at 10nA: 41.0
2021-04-21 13:20:49.555990: I tensorflow/compiler/jit/xla_gpu_device.cc:99] Not creating XLA devices, tf_xla_enable_xla_devices not set
2021-04-21 13:20:56.752986: I tensorflow/compiler/jit/xla_gpu_device.cc:99] Not creating XLA devices, tf_xla_enable_xla_devices not set
mse and spike frequency: 0.09393 1.28
[32m[I 2021-04-21 13:21:03,330][0m Trial 16 finished with values: [0.09393, 1.28] with parameters: {'Vahp': -29.5, 'Vth': -23.0, 'Vmax': 13.5, 't_ref': 16.5, 'R': 0.1, 'tau_m': 453.5, 'R_adp': 0.2, 'tau_w': 439.5, 'a': 226.0, 'rate_low': 41.0, 'rate_high': 43.0}.[0m
2021-04-21 13:21:03.676822: I tensorflow/compiler/jit/xla_gpu_device.cc:99] Not creating XLA devices, tf_xla_enable_xla_devices not set
maxFreq at 10nA: 48.0
2021-04-21 13:21:23.375170: I tensorflow/compiler/jit/xla_gpu_device.cc:99] Not creating XLA devices, tf_xla_enable_xla_devices not set
2021-04-21 13:21:30.808530: I tensorflow/compiler/jit/xla_gpu_device.cc:99] Not creating XLA devices, tf_xla_enable_xla_devices not set
mse and spike frequency: 0.00441 17.99
[32m[I 2021-04-21 13:21:37,472][0m Trial 17 finished with values: [0.00441, 17.99] with parameters: {'Vahp': -41.5, 'Vth': -27.0, 'Vmax': 31.0, 't_ref': 19.5, 'R': 0.7000000000000001, 'tau_m': 85.0, 'R_adp': 0.30000000000000004, 'tau_w': 28.0, 'a': 445.0, 'rate_low': 28.0, 'rate_high': 42.5}.[0m
2021-04-21 13:21:37.832864: I tensorflow/compiler/jit/xla_gpu_device.cc:99] Not creating XLA devices, tf_xla_enable_xla_devices not set
maxFreq at 10nA: 28.0
2021-04-21 13:21:57.428542: I tensorflow/compiler/jit/xla_gpu_device.cc:99] Not creating XLA devices, tf_xla_enable_xla_devices not set
2021-04-21 13:22:05.021126: I tensorflow/compiler/jit/xla_gpu_device.cc:99] Not creating XLA devices, tf_xla_enable_xla_devices not set
mse and spike frequency: 0.43473 1.83
[32m[I 2021-04-21 13:22:11,515][0m Trial 18 finished with values: [0.43473, 1.83] with parameters: {'Vahp': -43.5, 'Vth': -23.5, 'Vmax': 32.5, 't_ref': 17.0, 'R': 0.4, 'tau_m': 212.0, 'R_adp': 1.0, 'tau_w': 383.0, 'a': 461.5, 'rate_low': 16.5, 'rate_high': 49.5}.[0m
2021-04-21 13:22:12.028602: I tensorflow/compiler/jit/xla_gpu_device.cc:99] Not creating XLA devices, tf_xla_enable_xla_devices not set
maxFreq at 10nA: 63.0
2021-04-21 13:22:31.798855: I tensorflow/compiler/jit/xla_gpu_device.cc:99] Not creating XLA devices, tf_xla_enable_xla_devices not set
2021-04-21 13:22:39.234633: I tensorflow/compiler/jit/xla_gpu_device.cc:99] Not creating XLA devices, tf_xla_enable_xla_devices not set
mse and spike frequency: 0.33061 10.96
[32m[I 2021-04-21 13:22:45,967][0m Trial 19 finished with values: [0.33061, 10.96] with parameters: {'Vahp': -60.0, 'Vth': -38.5, 'Vmax': 36.5, 't_ref': 15.0, 'R': 0.9, 'tau_m': 88.5, 'R_adp': 0.2, 'tau_w': 475.0, 'a': 291.5, 'rate_low': 26.5, 'rate_high': 31.0}.[0m
2021-04-21 13:22:46.358831: I tensorflow/compiler/jit/xla_gpu_device.cc:99] Not creating XLA devices, tf_xla_enable_xla_devices not set
maxFreq at 10nA: 999.0
2021-04-21 13:23:06.652551: I tensorflow/compiler/jit/xla_gpu_device.cc:99] Not creating XLA devices, tf_xla_enable_xla_devices not set
2021-04-21 13:23:14.595226: I tensorflow/compiler/jit/xla_gpu_device.cc:99] Not creating XLA devices, tf_xla_enable_xla_devices not set
mse and spike frequency: 0.12656 0.0
[32m[I 2021-04-21 13:23:21,436][0m Trial 20 finished with values: [0.12656, 0.0] with parameters: {'Vahp': -36.5, 'Vth': -42.0, 'Vmax': 29.0, 't_ref': 19.0, 'R': 0.1, 'tau_m': 61.5, 'R_adp': 0.8, 'tau_w': 226.5, 'a': 336.0, 'rate_low': 37.0, 'rate_high': 42.5}.[0m
2021-04-21 13:23:21.861526: I tensorflow/compiler/jit/xla_gpu_device.cc:99] Not creating XLA devices, tf_xla_enable_xla_devices not set
maxFreq at 10nA: 999.0
2021-04-21 13:23:42.126476: I tensorflow/compiler/jit/xla_gpu_device.cc:99] Not creating XLA devices, tf_xla_enable_xla_devices not set
2021-04-21 13:23:49.952280: I tensorflow/compiler/jit/xla_gpu_device.cc:99] Not creating XLA devices, tf_xla_enable_xla_devices not set
mse and spike frequency: 0.12656 0.0
[32m[I 2021-04-21 13:23:56,786][0m Trial 21 finished with values: [0.12656, 0.0] with parameters: {'Vahp': -47.0, 'Vth': -53.5, 'Vmax': 24.0, 't_ref': 13.5, 'R': 0.2, 'tau_m': 494.0, 'R_adp': 0.4, 'tau_w': 159.5, 'a': 260.0, 'rate_low': 45.0, 'rate_high': 48.5}.[0m
2021-04-21 13:23:57.187165: I tensorflow/compiler/jit/xla_gpu_device.cc:99] Not creating XLA devices, tf_xla_enable_xla_devices not set
maxFreq at 10nA: 200.0
2021-04-21 13:24:17.833829: I tensorflow/compiler/jit/xla_gpu_device.cc:99] Not creating XLA devices, tf_xla_enable_xla_devices not set
2021-04-21 13:24:25.575688: I tensorflow/compiler/jit/xla_gpu_device.cc:99] Not creating XLA devices, tf_xla_enable_xla_devices not set
mse and spike frequency: 0.00197 25.76
[32m[I 2021-04-21 13:24:32,338][0m Trial 22 finished with values: [0.00197, 25.76] with parameters: {'Vahp': -48.5, 'Vth': -38.5, 'Vmax': 40.0, 't_ref': 3.5, 'R': 0.6, 'tau_m': 103.0, 'R_adp': 0.1, 'tau_w': 50.0, 'a': 404.0, 'rate_low': 17.0, 'rate_high': 40.0}.[0m
2021-04-21 13:24:32.694796: I tensorflow/compiler/jit/xla_gpu_device.cc:99] Not creating XLA devices, tf_xla_enable_xla_devices not set
maxFreq at 10nA: 1000.0
2021-04-21 13:24:53.116114: I tensorflow/compiler/jit/xla_gpu_device.cc:99] Not creating XLA devices, tf_xla_enable_xla_devices not set
2021-04-21 13:25:01.115346: I tensorflow/compiler/jit/xla_gpu_device.cc:99] Not creating XLA devices, tf_xla_enable_xla_devices not set
mse and spike frequency: 0.12656 0.0
[32m[I 2021-04-21 13:25:07,848][0m Trial 23 finished with values: [0.12656, 0.0] with parameters: {'Vahp': -47.5, 'Vth': -56.0, 'Vmax': 17.0, 't_ref': 18.0, 'R': 0.6, 'tau_m': 47.5, 'R_adp': 0.6, 'tau_w': 194.5, 'a': 483.5, 'rate_low': 3.5, 'rate_high': 28.0}.[0m
2021-04-21 13:25:08.199528: I tensorflow/compiler/jit/xla_gpu_device.cc:99] Not creating XLA devices, tf_xla_enable_xla_devices not set
maxFreq at 10nA: 1000.0
2021-04-21 13:25:28.486463: I tensorflow/compiler/jit/xla_gpu_device.cc:99] Not creating XLA devices, tf_xla_enable_xla_devices not set
2021-04-21 13:25:36.499721: I tensorflow/compiler/jit/xla_gpu_device.cc:99] Not creating XLA devices, tf_xla_enable_xla_devices not set
mse and spike frequency: 0.12656 0.0
[32m[I 2021-04-21 13:25:43,002][0m Trial 24 finished with values: [0.12656, 0.0] with parameters: {'Vahp': -20.0, 'Vth': -51.0, 'Vmax': 23.5, 't_ref': 20.0, 'R': 0.1, 'tau_m': 127.5, 'R_adp': 0.2, 'tau_w': 70.0, 'a': 136.5, 'rate_low': 46.5, 'rate_high': 47.5}.[0m
2021-04-21 13:25:43.352339: I tensorflow/compiler/jit/xla_gpu_device.cc:99] Not creating XLA devices, tf_xla_enable_xla_devices not set
maxFreq at 10nA: 999.0
2021-04-21 13:26:03.563210: I tensorflow/compiler/jit/xla_gpu_device.cc:99] Not creating XLA devices, tf_xla_enable_xla_devices not set
2021-04-21 13:26:11.967191: I tensorflow/compiler/jit/xla_gpu_device.cc:99] Not creating XLA devices, tf_xla_enable_xla_devices not set
mse and spike frequency: 0.12656 0.0
[32m[I 2021-04-21 13:26:18,681][0m Trial 25 finished with values: [0.12656, 0.0] with parameters: {'Vahp': -20.0, 'Vth': -21.0, 'Vmax': 30.5, 't_ref': 7.5, 'R': 0.7000000000000001, 'tau_m': 311.5, 'R_adp': 0.6, 'tau_w': 1.0, 'a': 226.0, 'rate_low': 4.5, 'rate_high': 47.5}.[0m
2021-04-21 13:26:19.031766: I tensorflow/compiler/jit/xla_gpu_device.cc:99] Not creating XLA devices, tf_xla_enable_xla_devices not set
maxFreq at 10nA: 250.0
2021-04-21 13:26:39.684030: I tensorflow/compiler/jit/xla_gpu_device.cc:99] Not creating XLA devices, tf_xla_enable_xla_devices not set
2021-04-21 13:26:48.010183: I tensorflow/compiler/jit/xla_gpu_device.cc:99] Not creating XLA devices, tf_xla_enable_xla_devices not set
mse and spike frequency: 0.00107 8.68
