[32m[I 2021-04-21 15:59:10,400][0m Trial 171 finished with values: [0.12656, 0.0] with parameters: {'Vahp': -40.0, 'Vth': -43.0, 'Vmax': 36.5, 't_ref': 1.0, 'R': 0.30000000000000004, 'tau_m': 202.0, 'R_adp': 0.2, 'tau_w': 378.0, 'a': 453.0, 'rate_low': 28.5, 'rate_high': 35.5}.[0m
2021-04-21 15:59:11.174904: I tensorflow/compiler/jit/xla_gpu_device.cc:99] Not creating XLA devices, tf_xla_enable_xla_devices not set
maxFreq at 10nA: 997.0
2021-04-21 15:59:50.470915: I tensorflow/compiler/jit/xla_gpu_device.cc:99] Not creating XLA devices, tf_xla_enable_xla_devices not set
2021-04-21 16:00:16.648795: I tensorflow/compiler/jit/xla_gpu_device.cc:99] Not creating XLA devices, tf_xla_enable_xla_devices not set
mse and spike frequency: 0.12656 0.0
[32m[I 2021-04-21 16:00:42,897][0m Trial 172 finished with values: [0.12656, 0.0] with parameters: {'Vahp': -30.0, 'Vth': -31.0, 'Vmax': 38.5, 't_ref': 13.5, 'R': 0.2, 'tau_m': 230.0, 'R_adp': 0.2, 'tau_w': 200.5, 'a': 33.0, 'rate_low': 50.0, 'rate_high': 50.0}.[0m
2021-04-21 16:00:43.699098: I tensorflow/compiler/jit/xla_gpu_device.cc:99] Not creating XLA devices, tf_xla_enable_xla_devices not set
maxFreq at 10nA: 1000.0
2021-04-21 16:01:22.784266: I tensorflow/compiler/jit/xla_gpu_device.cc:99] Not creating XLA devices, tf_xla_enable_xla_devices not set
2021-04-21 16:01:49.107553: I tensorflow/compiler/jit/xla_gpu_device.cc:99] Not creating XLA devices, tf_xla_enable_xla_devices not set
mse and spike frequency: 0.12656 0.0
[32m[I 2021-04-21 16:02:15,846][0m Trial 173 finished with values: [0.12656, 0.0] with parameters: {'Vahp': -21.5, 'Vth': -58.0, 'Vmax': 16.0, 't_ref': 19.0, 'R': 0.2, 'tau_m': 407.0, 'R_adp': 0.4, 'tau_w': 383.0, 'a': 363.0, 'rate_low': 33.5, 'rate_high': 50.0}.[0m
2021-04-21 16:02:16.584774: I tensorflow/compiler/jit/xla_gpu_device.cc:99] Not creating XLA devices, tf_xla_enable_xla_devices not set
maxFreq at 10nA: 1000.0
2021-04-21 16:02:55.983396: I tensorflow/compiler/jit/xla_gpu_device.cc:99] Not creating XLA devices, tf_xla_enable_xla_devices not set
2021-04-21 16:03:22.732906: I tensorflow/compiler/jit/xla_gpu_device.cc:99] Not creating XLA devices, tf_xla_enable_xla_devices not set
mse and spike frequency: 0.12656 0.0
[32m[I 2021-04-21 16:03:49,234][0m Trial 174 finished with values: [0.12656, 0.0] with parameters: {'Vahp': -27.0, 'Vth': -56.0, 'Vmax': 11.5, 't_ref': 20.0, 'R': 0.2, 'tau_m': 443.5, 'R_adp': 0.6, 'tau_w': 304.0, 'a': 57.5, 'rate_low': 7.5, 'rate_high': 48.5}.[0m
2021-04-21 16:03:50.004228: I tensorflow/compiler/jit/xla_gpu_device.cc:99] Not creating XLA devices, tf_xla_enable_xla_devices not set
maxFreq at 10nA: 1000.0
2021-04-21 16:04:28.644226: I tensorflow/compiler/jit/xla_gpu_device.cc:99] Not creating XLA devices, tf_xla_enable_xla_devices not set
2021-04-21 16:04:55.545343: I tensorflow/compiler/jit/xla_gpu_device.cc:99] Not creating XLA devices, tf_xla_enable_xla_devices not set
mse and spike frequency: 0.12656 0.0
[32m[I 2021-04-21 16:05:21,739][0m Trial 175 finished with values: [0.12656, 0.0] with parameters: {'Vahp': -27.0, 'Vth': -28.0, 'Vmax': 31.0, 't_ref': 1.0, 'R': 1.0, 'tau_m': 188.5, 'R_adp': 0.9, 'tau_w': 304.0, 'a': 482.5, 'rate_low': 13.0, 'rate_high': 49.0}.[0m
2021-04-21 16:05:22.504955: I tensorflow/compiler/jit/xla_gpu_device.cc:99] Not creating XLA devices, tf_xla_enable_xla_devices not set
maxFreq at 10nA: 998.0
2021-04-21 16:06:01.436277: I tensorflow/compiler/jit/xla_gpu_device.cc:99] Not creating XLA devices, tf_xla_enable_xla_devices not set
2021-04-21 16:06:28.601953: I tensorflow/compiler/jit/xla_gpu_device.cc:99] Not creating XLA devices, tf_xla_enable_xla_devices not set
mse and spike frequency: 0.12656 0.0
[32m[I 2021-04-21 16:06:54,767][0m Trial 176 finished with values: [0.12656, 0.0] with parameters: {'Vahp': -21.5, 'Vth': -30.5, 'Vmax': 36.0, 't_ref': 10.0, 'R': 0.1, 'tau_m': 98.5, 'R_adp': 1.0, 'tau_w': 386.0, 'a': 46.0, 'rate_low': 40.5, 'rate_high': 46.5}.[0m
2021-04-21 16:06:55.508102: I tensorflow/compiler/jit/xla_gpu_device.cc:99] Not creating XLA devices, tf_xla_enable_xla_devices not set
maxFreq at 10nA: 37.0
2021-04-21 16:07:34.454021: I tensorflow/compiler/jit/xla_gpu_device.cc:99] Not creating XLA devices, tf_xla_enable_xla_devices not set
2021-04-21 16:08:01.880892: I tensorflow/compiler/jit/xla_gpu_device.cc:99] Not creating XLA devices, tf_xla_enable_xla_devices not set
mse and spike frequency: 0.14594 0.3
[32m[I 2021-04-21 16:08:28,120][0m Trial 177 finished with values: [0.14594, 0.3] with parameters: {'Vahp': -52.5, 'Vth': -37.0, 'Vmax': 26.0, 't_ref': 19.0, 'R': 0.1, 'tau_m': 173.5, 'R_adp': 0.6, 'tau_w': 383.0, 'a': 106.5, 'rate_low': 8.0, 'rate_high': 18.5}.[0m
2021-04-21 16:08:28.868160: I tensorflow/compiler/jit/xla_gpu_device.cc:99] Not creating XLA devices, tf_xla_enable_xla_devices not set
maxFreq at 10nA: 1000.0
2021-04-21 16:09:08.843923: I tensorflow/compiler/jit/xla_gpu_device.cc:99] Not creating XLA devices, tf_xla_enable_xla_devices not set
2021-04-21 16:09:36.046481: I tensorflow/compiler/jit/xla_gpu_device.cc:99] Not creating XLA devices, tf_xla_enable_xla_devices not set
mse and spike frequency: 0.12656 0.0
[32m[I 2021-04-21 16:10:02,420][0m Trial 178 finished with values: [0.12656, 0.0] with parameters: {'Vahp': -23.0, 'Vth': -34.5, 'Vmax': 30.0, 't_ref': 16.5, 'R': 0.2, 'tau_m': 7.5, 'R_adp': 0.6, 'tau_w': 294.5, 'a': 219.5, 'rate_low': 5.5, 'rate_high': 26.5}.[0m
2021-04-21 16:10:03.168075: I tensorflow/compiler/jit/xla_gpu_device.cc:99] Not creating XLA devices, tf_xla_enable_xla_devices not set
maxFreq at 10nA: 67.0
2021-04-21 16:10:42.876274: I tensorflow/compiler/jit/xla_gpu_device.cc:99] Not creating XLA devices, tf_xla_enable_xla_devices not set
2021-04-21 16:11:10.002419: I tensorflow/compiler/jit/xla_gpu_device.cc:99] Not creating XLA devices, tf_xla_enable_xla_devices not set
mse and spike frequency: 0.13443 10.76
[32m[I 2021-04-21 16:11:36,852][0m Trial 179 finished with values: [0.13443, 10.76] with parameters: {'Vahp': -42.5, 'Vth': -39.5, 'Vmax': 36.0, 't_ref': 14.0, 'R': 0.7000000000000001, 'tau_m': 240.5, 'R_adp': 0.1, 'tau_w': 189.5, 'a': 442.0, 'rate_low': 15.5, 'rate_high': 23.0}.[0m
2021-04-21 16:11:37.618038: I tensorflow/compiler/jit/xla_gpu_device.cc:99] Not creating XLA devices, tf_xla_enable_xla_devices not set
maxFreq at 10nA: 1000.0
2021-04-21 16:12:16.728969: I tensorflow/compiler/jit/xla_gpu_device.cc:99] Not creating XLA devices, tf_xla_enable_xla_devices not set
2021-04-21 16:12:44.614547: I tensorflow/compiler/jit/xla_gpu_device.cc:99] Not creating XLA devices, tf_xla_enable_xla_devices not set
mse and spike frequency: 0.12656 0.0
[32m[I 2021-04-21 16:13:11,861][0m Trial 180 finished with values: [0.12656, 0.0] with parameters: {'Vahp': -30.0, 'Vth': -42.0, 'Vmax': 35.5, 't_ref': 1.5, 'R': 0.2, 'tau_m': 19.5, 'R_adp': 0.8, 'tau_w': 304.0, 'a': 219.5, 'rate_low': 25.5, 'rate_high': 13.0}.[0m
2021-04-21 16:13:12.731985: I tensorflow/compiler/jit/xla_gpu_device.cc:99] Not creating XLA devices, tf_xla_enable_xla_devices not set
maxFreq at 10nA: 56.0
2021-04-21 16:13:52.829333: I tensorflow/compiler/jit/xla_gpu_device.cc:99] Not creating XLA devices, tf_xla_enable_xla_devices not set
2021-04-21 16:14:20.440296: I tensorflow/compiler/jit/xla_gpu_device.cc:99] Not creating XLA devices, tf_xla_enable_xla_devices not set
mse and spike frequency: 0.51166 9.17
[32m[I 2021-04-21 16:14:47,945][0m Trial 181 finished with values: [0.51166, 9.17] with parameters: {'Vahp': -44.5, 'Vth': -22.5, 'Vmax': 19.0, 't_ref': 16.5, 'R': 0.8, 'tau_m': 43.0, 'R_adp': 0.6, 'tau_w': 294.5, 'a': 390.5, 'rate_low': 46.0, 'rate_high': 46.0}.[0m
2021-04-21 16:14:48.723238: I tensorflow/compiler/jit/xla_gpu_device.cc:99] Not creating XLA devices, tf_xla_enable_xla_devices not set
maxFreq at 10nA: 1000.0
2021-04-21 16:15:28.686259: I tensorflow/compiler/jit/xla_gpu_device.cc:99] Not creating XLA devices, tf_xla_enable_xla_devices not set
2021-04-21 16:15:56.523231: I tensorflow/compiler/jit/xla_gpu_device.cc:99] Not creating XLA devices, tf_xla_enable_xla_devices not set
mse and spike frequency: 0.12656 0.0
[32m[I 2021-04-21 16:16:24,014][0m Trial 182 finished with values: [0.12656, 0.0] with parameters: {'Vahp': -44.5, 'Vth': -46.5, 'Vmax': 31.0, 't_ref': 6.5, 'R': 0.8, 'tau_m': 462.0, 'R_adp': 0.7000000000000001, 'tau_w': 41.0, 'a': 365.0, 'rate_low': 19.0, 'rate_high': 46.0}.[0m
2021-04-21 16:16:24.824123: I tensorflow/compiler/jit/xla_gpu_device.cc:99] Not creating XLA devices, tf_xla_enable_xla_devices not set
maxFreq at 10nA: 1000.0
2021-04-21 16:17:05.152869: I tensorflow/compiler/jit/xla_gpu_device.cc:99] Not creating XLA devices, tf_xla_enable_xla_devices not set
2021-04-21 16:17:32.928153: I tensorflow/compiler/jit/xla_gpu_device.cc:99] Not creating XLA devices, tf_xla_enable_xla_devices not set
mse and spike frequency: 0.12656 0.0
[32m[I 2021-04-21 16:18:00,546][0m Trial 183 finished with values: [0.12656, 0.0] with parameters: {'Vahp': -30.5, 'Vth': -54.0, 'Vmax': 26.5, 't_ref': 1.0, 'R': 1.0, 'tau_m': 230.0, 'R_adp': 0.2, 'tau_w': 155.5, 'a': 227.5, 'rate_low': 17.0, 'rate_high': 48.0}.[0m
2021-04-21 16:18:01.306830: I tensorflow/compiler/jit/xla_gpu_device.cc:99] Not creating XLA devices, tf_xla_enable_xla_devices not set
maxFreq at 10nA: 39.0
2021-04-21 16:18:41.919365: I tensorflow/compiler/jit/xla_gpu_device.cc:99] Not creating XLA devices, tf_xla_enable_xla_devices not set
2021-04-21 16:19:10.732038: I tensorflow/compiler/jit/xla_gpu_device.cc:99] Not creating XLA devices, tf_xla_enable_xla_devices not set
mse and spike frequency: 0.42223 3.64
[32m[I 2021-04-21 16:19:38,710][0m Trial 184 finished with values: [0.42223, 3.64] with parameters: {'Vahp': -58.5, 'Vth': -28.0, 'Vmax': 38.0, 't_ref': 18.0, 'R': 0.4, 'tau_m': 65.5, 'R_adp': 0.8, 'tau_w': 304.0, 'a': 482.5, 'rate_low': 47.5, 'rate_high': 49.5}.[0m
2021-04-21 16:19:39.480787: I tensorflow/compiler/jit/xla_gpu_device.cc:99] Not creating XLA devices, tf_xla_enable_xla_devices not set
maxFreq at 10nA: 91.0
2021-04-21 16:20:20.225948: I tensorflow/compiler/jit/xla_gpu_device.cc:99] Not creating XLA devices, tf_xla_enable_xla_devices not set
2021-04-21 16:20:48.839553: I tensorflow/compiler/jit/xla_gpu_device.cc:99] Not creating XLA devices, tf_xla_enable_xla_devices not set
mse and spike frequency: 0.00379 6.62
[32m[I 2021-04-21 16:21:16,399][0m Trial 185 finished with values: [0.00379, 6.62] with parameters: {'Vahp': -42.5, 'Vth': -30.5, 'Vmax': 26.5, 't_ref': 10.0, 'R': 0.8, 'tau_m': 370.5, 'R_adp': 0.7000000000000001, 'tau_w': 57.0, 'a': 416.0, 'rate_low': 17.0, 'rate_high': 25.0}.[0m
2021-04-21 16:21:17.167357: I tensorflow/compiler/jit/xla_gpu_device.cc:99] Not creating XLA devices, tf_xla_enable_xla_devices not set
maxFreq at 10nA: 125.0
2021-04-21 16:21:57.801850: I tensorflow/compiler/jit/xla_gpu_device.cc:99] Not creating XLA devices, tf_xla_enable_xla_devices not set
2021-04-21 16:22:26.772726: I tensorflow/compiler/jit/xla_gpu_device.cc:99] Not creating XLA devices, tf_xla_enable_xla_devices not set
mse and spike frequency: 2.39071 20.47
[32m[I 2021-04-21 16:22:54,603][0m Trial 186 finished with values: [2.39071, 20.47] with parameters: {'Vahp': -25.0, 'Vth': -20.5, 'Vmax': 19.0, 't_ref': 6.5, 'R': 0.6, 'tau_m': 43.0, 'R_adp': 0.1, 'tau_w': 298.5, 'a': 363.0, 'rate_low': 22.0, 'rate_high': 23.0}.[0m
2021-04-21 16:22:55.343983: I tensorflow/compiler/jit/xla_gpu_device.cc:99] Not creating XLA devices, tf_xla_enable_xla_devices not set
maxFreq at 10nA: 1000.0
2021-04-21 16:23:36.130251: I tensorflow/compiler/jit/xla_gpu_device.cc:99] Not creating XLA devices, tf_xla_enable_xla_devices not set
2021-04-21 16:24:05.395143: I tensorflow/compiler/jit/xla_gpu_device.cc:99] Not creating XLA devices, tf_xla_enable_xla_devices not set
mse and spike frequency: 0.12656 0.0
[32m[I 2021-04-21 16:24:33,384][0m Trial 187 finished with values: [0.12656, 0.0] with parameters: {'Vahp': -36.5, 'Vth': -45.5, 'Vmax': 12.5, 't_ref': 0.5, 'R': 0.7000000000000001, 'tau_m': 27.5, 'R_adp': 0.6, 'tau_w': 386.0, 'a': 473.0, 'rate_low': 17.0, 'rate_high': 45.0}.[0m
2021-04-21 16:24:34.124281: I tensorflow/compiler/jit/xla_gpu_device.cc:99] Not creating XLA devices, tf_xla_enable_xla_devices not set
maxFreq at 10nA: 999.0
2021-04-21 16:25:14.585626: I tensorflow/compiler/jit/xla_gpu_device.cc:99] Not creating XLA devices, tf_xla_enable_xla_devices not set
2021-04-21 16:25:44.077565: I tensorflow/compiler/jit/xla_gpu_device.cc:99] Not creating XLA devices, tf_xla_enable_xla_devices not set
mse and spike frequency: 0.12656 0.0
[32m[I 2021-04-21 16:26:12,833][0m Trial 188 finished with values: [0.12656, 0.0] with parameters: {'Vahp': -27.0, 'Vth': -28.0, 'Vmax': 34.5, 't_ref': 9.0, 'R': 0.2, 'tau_m': 103.5, 'R_adp': 0.8, 'tau_w': 304.0, 'a': 446.0, 'rate_low': 19.0, 'rate_high': 13.0}.[0m
2021-04-21 16:26:13.578513: I tensorflow/compiler/jit/xla_gpu_device.cc:99] Not creating XLA devices, tf_xla_enable_xla_devices not set
maxFreq at 10nA: 1000.0
2021-04-21 16:26:54.578098: I tensorflow/compiler/jit/xla_gpu_device.cc:99] Not creating XLA devices, tf_xla_enable_xla_devices not set
2021-04-21 16:27:24.216875: I tensorflow/compiler/jit/xla_gpu_device.cc:99] Not creating XLA devices, tf_xla_enable_xla_devices not set
mse and spike frequency: 0.12656 0.0
[32m[I 2021-04-21 16:27:52,933][0m Trial 189 finished with values: [0.12656, 0.0] with parameters: {'Vahp': -25.0, 'Vth': -49.5, 'Vmax': 25.0, 't_ref': 0.5, 'R': 0.6, 'tau_m': 65.5, 'R_adp': 0.4, 'tau_w': 479.5, 'a': 316.5, 'rate_low': 22.0, 'rate_high': 46.0}.[0m
2021-04-21 16:27:53.709584: I tensorflow/compiler/jit/xla_gpu_device.cc:99] Not creating XLA devices, tf_xla_enable_xla_devices not set
maxFreq at 10nA: 50.0
2021-04-21 16:28:35.044498: I tensorflow/compiler/jit/xla_gpu_device.cc:99] Not creating XLA devices, tf_xla_enable_xla_devices not set
2021-04-21 16:29:05.173214: I tensorflow/compiler/jit/xla_gpu_device.cc:99] Not creating XLA devices, tf_xla_enable_xla_devices not set
mse and spike frequency: 0.13919 16.42
[32m[I 2021-04-21 16:29:33,816][0m Trial 190 finished with values: [0.13919, 16.42] with parameters: {'Vahp': -39.0, 'Vth': -32.0, 'Vmax': 16.5, 't_ref': 19.0, 'R': 0.5, 'tau_m': 70.5, 'R_adp': 0.4, 'tau_w': 383.0, 'a': 46.0, 'rate_low': 45.0, 'rate_high': 22.5}.[0m
2021-04-21 16:29:34.568943: I tensorflow/compiler/jit/xla_gpu_device.cc:99] Not creating XLA devices, tf_xla_enable_xla_devices not set
maxFreq at 10nA: 1000.0
2021-04-21 16:30:15.353895: I tensorflow/compiler/jit/xla_gpu_device.cc:99] Not creating XLA devices, tf_xla_enable_xla_devices not set
2021-04-21 16:30:45.297683: I tensorflow/compiler/jit/xla_gpu_device.cc:99] Not creating XLA devices, tf_xla_enable_xla_devices not set
mse and spike frequency: 0.12656 0.0
[32m[I 2021-04-21 16:31:14,051][0m Trial 191 finished with values: [0.12656, 0.0] with parameters: {'Vahp': -27.0, 'Vth': -54.0, 'Vmax': 15.0, 't_ref': 16.5, 'R': 0.7000000000000001, 'tau_m': 16.5, 'R_adp': 0.2, 'tau_w': 343.5, 'a': 380.0, 'rate_low': 45.5, 'rate_high': 48.5}.[0m
2021-04-21 16:31:14.814025: I tensorflow/compiler/jit/xla_gpu_device.cc:99] Not creating XLA devices, tf_xla_enable_xla_devices not set
maxFreq at 10nA: 1000.0
2021-04-21 16:31:56.043285: I tensorflow/compiler/jit/xla_gpu_device.cc:99] Not creating XLA devices, tf_xla_enable_xla_devices not set
2021-04-21 16:32:25.932965: I tensorflow/compiler/jit/xla_gpu_device.cc:99] Not creating XLA devices, tf_xla_enable_xla_devices not set
mse and spike frequency: 0.12656 0.0
[32m[I 2021-04-21 16:32:54,367][0m Trial 192 finished with values: [0.12656, 0.0] with parameters: {'Vahp': -23.0, 'Vth': -34.5, 'Vmax': 34.5, 't_ref': 1.5, 'R': 0.8, 'tau_m': 227.5, 'R_adp': 1.0, 'tau_w': 294.5, 'a': 380.0, 'rate_low': 12.5, 'rate_high': 26.5}.[0m
2021-04-21 16:32:55.137394: I tensorflow/compiler/jit/xla_gpu_device.cc:99] Not creating XLA devices, tf_xla_enable_xla_devices not set
maxFreq at 10nA: 50.0
2021-04-21 16:33:36.437262: I tensorflow/compiler/jit/xla_gpu_device.cc:99] Not creating XLA devices, tf_xla_enable_xla_devices not set
2021-04-21 16:34:05.767537: I tensorflow/compiler/jit/xla_gpu_device.cc:99] Not creating XLA devices, tf_xla_enable_xla_devices not set
mse and spike frequency: 0.13678 0.14
[32m[I 2021-04-21 16:34:34,210][0m Trial 193 finished with values: [0.13678, 0.14] with parameters: {'Vahp': -44.5, 'Vth': -22.5, 'Vmax': 19.0, 't_ref': 18.0, 'R': 0.1, 'tau_m': 43.0, 'R_adp': 0.6, 'tau_w': 41.0, 'a': 390.5, 'rate_low': 0.5, 'rate_high': 46.0}.[0m
2021-04-21 16:34:34.975640: I tensorflow/compiler/jit/xla_gpu_device.cc:99] Not creating XLA devices, tf_xla_enable_xla_devices not set
maxFreq at 10nA: 101.0
2021-04-21 16:35:16.127286: I tensorflow/compiler/jit/xla_gpu_device.cc:99] Not creating XLA devices, tf_xla_enable_xla_devices not set
2021-04-21 16:35:45.397965: I tensorflow/compiler/jit/xla_gpu_device.cc:99] Not creating XLA devices, tf_xla_enable_xla_devices not set
mse and spike frequency: 4.68268 12.0
[32m[I 2021-04-21 16:36:13,555][0m Trial 194 finished with values: [4.68268, 12.0] with parameters: {'Vahp': -44.5, 'Vth': -22.5, 'Vmax': 19.0, 't_ref': 6.5, 'R': 0.8, 'tau_m': 250.5, 'R_adp': 0.6, 'tau_w': 294.5, 'a': 390.5, 'rate_low': 14.0, 'rate_high': 46.0}.[0m
2021-04-21 16:36:14.331679: I tensorflow/compiler/jit/xla_gpu_device.cc:99] Not creating XLA devices, tf_xla_enable_xla_devices not set
maxFreq at 10nA: 1000.0
2021-04-21 16:36:55.327183: I tensorflow/compiler/jit/xla_gpu_device.cc:99] Not creating XLA devices, tf_xla_enable_xla_devices not set
2021-04-21 16:37:25.820269: I tensorflow/compiler/jit/xla_gpu_device.cc:99] Not creating XLA devices, tf_xla_enable_xla_devices not set
mse and spike frequency: 0.12656 0.0
[32m[I 2021-04-21 16:37:54,270][0m Trial 195 finished with values: [0.12656, 0.0] with parameters: {'Vahp': -40.0, 'Vth': -43.5, 'Vmax': 40.0, 't_ref': 15.0, 'R': 0.6, 'tau_m': 219.5, 'R_adp': 0.5, 'tau_w': 378.0, 'a': 159.0, 'rate_low': 17.0, 'rate_high': 48.0}.[0m
2021-04-21 16:37:55.045463: I tensorflow/compiler/jit/xla_gpu_device.cc:99] Not creating XLA devices, tf_xla_enable_xla_devices not set
maxFreq at 10nA: 1000.0
2021-04-21 16:38:35.993865: I tensorflow/compiler/jit/xla_gpu_device.cc:99] Not creating XLA devices, tf_xla_enable_xla_devices not set
2021-04-21 16:39:05.736948: I tensorflow/compiler/jit/xla_gpu_device.cc:99] Not creating XLA devices, tf_xla_enable_xla_devices not set
mse and spike frequency: 0.12656 0.0
[32m[I 2021-04-21 16:39:33,294][0m Trial 196 finished with values: [0.12656, 0.0] with parameters: {'Vahp': -21.5, 'Vth': -58.0, 'Vmax': 34.5, 't_ref': 3.0, 'R': 0.30000000000000004, 'tau_m': 498.5, 'R_adp': 0.2, 'tau_w': 298.5, 'a': 363.0, 'rate_low': 38.5, 'rate_high': 13.0}.[0m
2021-04-21 16:39:34.056312: I tensorflow/compiler/jit/xla_gpu_device.cc:99] Not creating XLA devices, tf_xla_enable_xla_devices not set
maxFreq at 10nA: 1000.0
2021-04-21 16:40:14.821706: I tensorflow/compiler/jit/xla_gpu_device.cc:99] Not creating XLA devices, tf_xla_enable_xla_devices not set
2021-04-21 16:40:45.384168: I tensorflow/compiler/jit/xla_gpu_device.cc:99] Not creating XLA devices, tf_xla_enable_xla_devices not set
mse and spike frequency: 0.12656 0.0
[32m[I 2021-04-21 16:41:13,354][0m Trial 197 finished with values: [0.12656, 0.0] with parameters: {'Vahp': -36.5, 'Vth': -45.5, 'Vmax': 25.0, 't_ref': 0.5, 'R': 0.7000000000000001, 'tau_m': 317.5, 'R_adp': 0.7000000000000001, 'tau_w': 295.0, 'a': 473.0, 'rate_low': 1.5, 'rate_high': 45.0}.[0m
2021-04-21 16:41:14.128362: I tensorflow/compiler/jit/xla_gpu_device.cc:99] Not creating XLA devices, tf_xla_enable_xla_devices not set
maxFreq at 10nA: 85.0
2021-04-21 16:41:54.994133: I tensorflow/compiler/jit/xla_gpu_device.cc:99] Not creating XLA devices, tf_xla_enable_xla_devices not set
2021-04-21 16:42:25.127605: I tensorflow/compiler/jit/xla_gpu_device.cc:99] Not creating XLA devices, tf_xla_enable_xla_devices not set
mse and spike frequency: 0.02967 2.12
[32m[I 2021-04-21 16:42:53,410][0m Trial 198 finished with values: [0.02967, 2.12] with parameters: {'Vahp': -44.5, 'Vth': -22.5, 'Vmax': 19.0, 't_ref': 6.5, 'R': 0.1, 'tau_m': 43.0, 'R_adp': 0.6, 'tau_w': 41.0, 'a': 390.5, 'rate_low': 19.0, 'rate_high': 46.0}.[0m
2021-04-21 16:42:54.237337: I tensorflow/compiler/jit/xla_gpu_device.cc:99] Not creating XLA devices, tf_xla_enable_xla_devices not set
maxFreq at 10nA: 77.0
2021-04-21 16:43:35.104480: I tensorflow/compiler/jit/xla_gpu_device.cc:99] Not creating XLA devices, tf_xla_enable_xla_devices not set
2021-04-21 16:44:06.328289: I tensorflow/compiler/jit/xla_gpu_device.cc:99] Not creating XLA devices, tf_xla_enable_xla_devices not set
mse and spike frequency: 0.06792 0.59
[32m[I 2021-04-21 16:44:35,281][0m Trial 199 finished with values: [0.06792, 0.59] with parameters: {'Vahp': -47.0, 'Vth': -22.5, 'Vmax': 38.5, 't_ref': 2.0, 'R': 0.2, 'tau_m': 417.5, 'R_adp': 0.6, 'tau_w': 349.5, 'a': 86.5, 'rate_low': 14.0, 'rate_high': 14.5}.[0m
2021-04-21 16:44:36.296425: I tensorflow/compiler/jit/xla_gpu_device.cc:99] Not creating XLA devices, tf_xla_enable_xla_devices not set
maxFreq at 10nA: 1000.0
2021-04-21 16:45:17.531463: I tensorflow/compiler/jit/xla_gpu_device.cc:99] Not creating XLA devices, tf_xla_enable_xla_devices not set
2021-04-21 16:45:48.519605: I tensorflow/compiler/jit/xla_gpu_device.cc:99] Not creating XLA devices, tf_xla_enable_xla_devices not set
mse and spike frequency: 0.12656 0.0
