[32m[I 2021-04-21 16:10:42,915][0m Trial 182 finished with values: [0.12656, 0.0] with parameters: {'Vahp': -22.5, 'Vth': -40.5, 'Vmax': 13.5, 't_ref': 19.0, 'R': 0.9, 'tau_m': 410.5, 'rate_low': 26.0, 'rate_high': 49.0}.[0m
2021-04-21 16:10:43.683410: I tensorflow/compiler/jit/xla_gpu_device.cc:99] Not creating XLA devices, tf_xla_enable_xla_devices not set
maxFreq at 10nA: 48.0
2021-04-21 16:11:21.950685: I tensorflow/compiler/jit/xla_gpu_device.cc:99] Not creating XLA devices, tf_xla_enable_xla_devices not set
2021-04-21 16:11:50.814627: I tensorflow/compiler/jit/xla_gpu_device.cc:99] Not creating XLA devices, tf_xla_enable_xla_devices not set
mse and spike frequency: 0.00924 2.11
[32m[I 2021-04-21 16:12:18,234][0m Trial 183 finished with values: [0.00924, 2.11] with parameters: {'Vahp': -43.0, 'Vth': -36.5, 'Vmax': 33.0, 't_ref': 19.0, 'R': 0.1, 'tau_m': 300.5, 'rate_low': 11.5, 'rate_high': 35.0}.[0m
2021-04-21 16:12:18.996478: I tensorflow/compiler/jit/xla_gpu_device.cc:99] Not creating XLA devices, tf_xla_enable_xla_devices not set
maxFreq at 10nA: 67.0
2021-04-21 16:12:57.688652: I tensorflow/compiler/jit/xla_gpu_device.cc:99] Not creating XLA devices, tf_xla_enable_xla_devices not set
2021-04-21 16:13:26.462646: I tensorflow/compiler/jit/xla_gpu_device.cc:99] Not creating XLA devices, tf_xla_enable_xla_devices not set
mse and spike frequency: 0.12656 0.04
[32m[I 2021-04-21 16:13:53,990][0m Trial 184 finished with values: [0.12656, 0.04] with parameters: {'Vahp': -22.5, 'Vth': -22.0, 'Vmax': 37.0, 't_ref': 14.0, 'R': 0.6, 'tau_m': 356.0, 'rate_low': 4.0, 'rate_high': 36.5}.[0m
2021-04-21 16:13:54.769622: I tensorflow/compiler/jit/xla_gpu_device.cc:99] Not creating XLA devices, tf_xla_enable_xla_devices not set
maxFreq at 10nA: 77.0
2021-04-21 16:14:33.561541: I tensorflow/compiler/jit/xla_gpu_device.cc:99] Not creating XLA devices, tf_xla_enable_xla_devices not set
2021-04-21 16:15:02.619351: I tensorflow/compiler/jit/xla_gpu_device.cc:99] Not creating XLA devices, tf_xla_enable_xla_devices not set
mse and spike frequency: 0.12656 0.0
[32m[I 2021-04-21 16:15:30,349][0m Trial 185 finished with values: [0.12656, 0.0] with parameters: {'Vahp': -41.0, 'Vth': -40.5, 'Vmax': 17.5, 't_ref': 11.5, 'R': 0.6, 'tau_m': 101.5, 'rate_low': 23.5, 'rate_high': 43.0}.[0m
2021-04-21 16:15:31.094721: I tensorflow/compiler/jit/xla_gpu_device.cc:99] Not creating XLA devices, tf_xla_enable_xla_devices not set
maxFreq at 10nA: 1000.0
2021-04-21 16:16:10.507586: I tensorflow/compiler/jit/xla_gpu_device.cc:99] Not creating XLA devices, tf_xla_enable_xla_devices not set
2021-04-21 16:16:39.721113: I tensorflow/compiler/jit/xla_gpu_device.cc:99] Not creating XLA devices, tf_xla_enable_xla_devices not set
mse and spike frequency: 0.12401 1000.1
[32m[I 2021-04-21 16:17:07,447][0m Trial 186 finished with values: [0.12401, 1000.1] with parameters: {'Vahp': -21.5, 'Vth': -59.5, 'Vmax': 21.5, 't_ref': 16.5, 'R': 0.4, 'tau_m': 71.5, 'rate_low': 40.5, 'rate_high': 41.5}.[0m
2021-04-21 16:17:08.198928: I tensorflow/compiler/jit/xla_gpu_device.cc:99] Not creating XLA devices, tf_xla_enable_xla_devices not set
maxFreq at 10nA: 91.0
2021-04-21 16:17:47.754943: I tensorflow/compiler/jit/xla_gpu_device.cc:99] Not creating XLA devices, tf_xla_enable_xla_devices not set
2021-04-21 16:18:17.298935: I tensorflow/compiler/jit/xla_gpu_device.cc:99] Not creating XLA devices, tf_xla_enable_xla_devices not set
mse and spike frequency: 0.0021 16.87
[32m[I 2021-04-21 16:18:45,468][0m Trial 187 finished with values: [0.0021, 16.87] with parameters: {'Vahp': -54.0, 'Vth': -33.0, 'Vmax': 28.0, 't_ref': 9.5, 'R': 0.7000000000000001, 'tau_m': 292.5, 'rate_low': 29.0, 'rate_high': 36.0}.[0m
2021-04-21 16:18:46.225221: I tensorflow/compiler/jit/xla_gpu_device.cc:99] Not creating XLA devices, tf_xla_enable_xla_devices not set
maxFreq at 10nA: 143.0
2021-04-21 16:19:25.808737: I tensorflow/compiler/jit/xla_gpu_device.cc:99] Not creating XLA devices, tf_xla_enable_xla_devices not set
2021-04-21 16:19:55.571527: I tensorflow/compiler/jit/xla_gpu_device.cc:99] Not creating XLA devices, tf_xla_enable_xla_devices not set
mse and spike frequency: 0.00199 4.16
[32m[I 2021-04-21 16:20:23,879][0m Trial 188 finished with values: [0.00199, 4.16] with parameters: {'Vahp': -38.0, 'Vth': -22.5, 'Vmax': 28.5, 't_ref': 5.0, 'R': 0.4, 'tau_m': 473.0, 'rate_low': 8.5, 'rate_high': 36.5}.[0m
2021-04-21 16:20:24.653113: I tensorflow/compiler/jit/xla_gpu_device.cc:99] Not creating XLA devices, tf_xla_enable_xla_devices not set
maxFreq at 10nA: 167.0
2021-04-21 16:21:04.077190: I tensorflow/compiler/jit/xla_gpu_device.cc:99] Not creating XLA devices, tf_xla_enable_xla_devices not set
2021-04-21 16:21:34.319313: I tensorflow/compiler/jit/xla_gpu_device.cc:99] Not creating XLA devices, tf_xla_enable_xla_devices not set
mse and spike frequency: 0.12656 0.0
[32m[I 2021-04-21 16:22:02,852][0m Trial 189 finished with values: [0.12656, 0.0] with parameters: {'Vahp': -38.5, 'Vth': -35.5, 'Vmax': 17.5, 't_ref': 4.5, 'R': 1.0, 'tau_m': 254.0, 'rate_low': 2.0, 'rate_high': 11.0}.[0m
2021-04-21 16:22:03.621557: I tensorflow/compiler/jit/xla_gpu_device.cc:99] Not creating XLA devices, tf_xla_enable_xla_devices not set
maxFreq at 10nA: 1000.0
2021-04-21 16:22:44.107752: I tensorflow/compiler/jit/xla_gpu_device.cc:99] Not creating XLA devices, tf_xla_enable_xla_devices not set
2021-04-21 16:23:14.370108: I tensorflow/compiler/jit/xla_gpu_device.cc:99] Not creating XLA devices, tf_xla_enable_xla_devices not set
mse and spike frequency: 0.12656 0.0
[32m[I 2021-04-21 16:23:43,321][0m Trial 190 finished with values: [0.12656, 0.0] with parameters: {'Vahp': -24.5, 'Vth': -43.5, 'Vmax': 37.0, 't_ref': 10.0, 'R': 0.5, 'tau_m': 46.5, 'rate_low': 4.0, 'rate_high': 30.0}.[0m
2021-04-21 16:23:44.108941: I tensorflow/compiler/jit/xla_gpu_device.cc:99] Not creating XLA devices, tf_xla_enable_xla_devices not set
maxFreq at 10nA: 999.0
2021-04-21 16:24:24.642762: I tensorflow/compiler/jit/xla_gpu_device.cc:99] Not creating XLA devices, tf_xla_enable_xla_devices not set
2021-04-21 16:24:55.377093: I tensorflow/compiler/jit/xla_gpu_device.cc:99] Not creating XLA devices, tf_xla_enable_xla_devices not set
mse and spike frequency: 0.12656 0.0
[32m[I 2021-04-21 16:25:24,419][0m Trial 191 finished with values: [0.12656, 0.0] with parameters: {'Vahp': -21.0, 'Vth': -34.5, 'Vmax': 14.5, 't_ref': 3.0, 'R': 0.6, 'tau_m': 374.0, 'rate_low': 4.0, 'rate_high': 7.0}.[0m
2021-04-21 16:25:25.195427: I tensorflow/compiler/jit/xla_gpu_device.cc:99] Not creating XLA devices, tf_xla_enable_xla_devices not set
maxFreq at 10nA: 143.0
2021-04-21 16:26:05.834918: I tensorflow/compiler/jit/xla_gpu_device.cc:99] Not creating XLA devices, tf_xla_enable_xla_devices not set
2021-04-21 16:26:36.441456: I tensorflow/compiler/jit/xla_gpu_device.cc:99] Not creating XLA devices, tf_xla_enable_xla_devices not set
mse and spike frequency: 0.12656 0.0
[32m[I 2021-04-21 16:27:05,503][0m Trial 192 finished with values: [0.12656, 0.0] with parameters: {'Vahp': -21.0, 'Vth': -21.0, 'Vmax': 33.5, 't_ref': 6.0, 'R': 0.6, 'tau_m': 38.0, 'rate_low': 21.0, 'rate_high': 36.5}.[0m
2021-04-21 16:27:06.278551: I tensorflow/compiler/jit/xla_gpu_device.cc:99] Not creating XLA devices, tf_xla_enable_xla_devices not set
maxFreq at 10nA: 1000.0
2021-04-21 16:27:47.267524: I tensorflow/compiler/jit/xla_gpu_device.cc:99] Not creating XLA devices, tf_xla_enable_xla_devices not set
2021-04-21 16:28:17.591206: I tensorflow/compiler/jit/xla_gpu_device.cc:99] Not creating XLA devices, tf_xla_enable_xla_devices not set
mse and spike frequency: 0.12656 0.0
[32m[I 2021-04-21 16:28:46,480][0m Trial 193 finished with values: [0.12656, 0.0] with parameters: {'Vahp': -35.5, 'Vth': -40.5, 'Vmax': 14.5, 't_ref': 17.0, 'R': 0.8, 'tau_m': 125.5, 'rate_low': 22.5, 'rate_high': 26.5}.[0m
2021-04-21 16:28:47.270053: I tensorflow/compiler/jit/xla_gpu_device.cc:99] Not creating XLA devices, tf_xla_enable_xla_devices not set
maxFreq at 10nA: 1000.0
2021-04-21 16:29:28.327899: I tensorflow/compiler/jit/xla_gpu_device.cc:99] Not creating XLA devices, tf_xla_enable_xla_devices not set
2021-04-21 16:29:59.107743: I tensorflow/compiler/jit/xla_gpu_device.cc:99] Not creating XLA devices, tf_xla_enable_xla_devices not set
mse and spike frequency: 0.12656 0.0
[32m[I 2021-04-21 16:30:27,765][0m Trial 194 finished with values: [0.12656, 0.0] with parameters: {'Vahp': -21.5, 'Vth': -45.5, 'Vmax': 36.5, 't_ref': 1.5, 'R': 0.2, 'tau_m': 45.5, 'rate_low': 13.5, 'rate_high': 27.5}.[0m
2021-04-21 16:30:28.580233: I tensorflow/compiler/jit/xla_gpu_device.cc:99] Not creating XLA devices, tf_xla_enable_xla_devices not set
maxFreq at 10nA: 1000.0
2021-04-21 16:31:09.907290: I tensorflow/compiler/jit/xla_gpu_device.cc:99] Not creating XLA devices, tf_xla_enable_xla_devices not set
2021-04-21 16:31:40.330392: I tensorflow/compiler/jit/xla_gpu_device.cc:99] Not creating XLA devices, tf_xla_enable_xla_devices not set
mse and spike frequency: 0.12656 0.0
[32m[I 2021-04-21 16:32:09,609][0m Trial 195 finished with values: [0.12656, 0.0] with parameters: {'Vahp': -21.5, 'Vth': -55.5, 'Vmax': 19.5, 't_ref': 1.5, 'R': 0.1, 'tau_m': 89.0, 'rate_low': 17.0, 'rate_high': 35.0}.[0m
2021-04-21 16:32:10.399363: I tensorflow/compiler/jit/xla_gpu_device.cc:99] Not creating XLA devices, tf_xla_enable_xla_devices not set
maxFreq at 10nA: 1000.0
2021-04-21 16:32:51.606285: I tensorflow/compiler/jit/xla_gpu_device.cc:99] Not creating XLA devices, tf_xla_enable_xla_devices not set
2021-04-21 16:33:21.869743: I tensorflow/compiler/jit/xla_gpu_device.cc:99] Not creating XLA devices, tf_xla_enable_xla_devices not set
mse and spike frequency: 0.12656 0.0
[32m[I 2021-04-21 16:33:51,106][0m Trial 196 finished with values: [0.12656, 0.0] with parameters: {'Vahp': -21.0, 'Vth': -53.5, 'Vmax': 29.0, 't_ref': 9.5, 'R': 0.9, 'tau_m': 374.0, 'rate_low': 35.5, 'rate_high': 12.0}.[0m
2021-04-21 16:33:51.921996: I tensorflow/compiler/jit/xla_gpu_device.cc:99] Not creating XLA devices, tf_xla_enable_xla_devices not set
maxFreq at 10nA: 1000.0
2021-04-21 16:34:32.817043: I tensorflow/compiler/jit/xla_gpu_device.cc:99] Not creating XLA devices, tf_xla_enable_xla_devices not set
2021-04-21 16:35:03.025057: I tensorflow/compiler/jit/xla_gpu_device.cc:99] Not creating XLA devices, tf_xla_enable_xla_devices not set
mse and spike frequency: 0.12656 0.0
[32m[I 2021-04-21 16:35:32,508][0m Trial 197 finished with values: [0.12656, 0.0] with parameters: {'Vahp': -21.0, 'Vth': -53.5, 'Vmax': 29.0, 't_ref': 9.5, 'R': 1.0, 'tau_m': 314.0, 'rate_low': 24.0, 'rate_high': 47.5}.[0m
2021-04-21 16:35:33.314010: I tensorflow/compiler/jit/xla_gpu_device.cc:99] Not creating XLA devices, tf_xla_enable_xla_devices not set
maxFreq at 10nA: 500.0
2021-04-21 16:36:14.991036: I tensorflow/compiler/jit/xla_gpu_device.cc:99] Not creating XLA devices, tf_xla_enable_xla_devices not set
2021-04-21 16:36:44.463565: I tensorflow/compiler/jit/xla_gpu_device.cc:99] Not creating XLA devices, tf_xla_enable_xla_devices not set
mse and spike frequency: 0.00033 23.07
[32m[I 2021-04-21 16:37:14,442][0m Trial 198 finished with values: [0.00033, 23.07] with parameters: {'Vahp': -36.0, 'Vth': -28.0, 'Vmax': 27.0, 't_ref': 1.0, 'R': 0.6, 'tau_m': 254.0, 'rate_low': 12.5, 'rate_high': 38.5}.[0m
2021-04-21 16:37:15.227967: I tensorflow/compiler/jit/xla_gpu_device.cc:99] Not creating XLA devices, tf_xla_enable_xla_devices not set
maxFreq at 10nA: 100.0
2021-04-21 16:37:57.028189: I tensorflow/compiler/jit/xla_gpu_device.cc:99] Not creating XLA devices, tf_xla_enable_xla_devices not set
2021-04-21 16:38:26.858176: I tensorflow/compiler/jit/xla_gpu_device.cc:99] Not creating XLA devices, tf_xla_enable_xla_devices not set
mse and spike frequency: 0.12656 0.01
[32m[I 2021-04-21 16:38:57,082][0m Trial 199 finished with values: [0.12656, 0.01] with parameters: {'Vahp': -41.5, 'Vth': -30.0, 'Vmax': 33.5, 't_ref': 9.0, 'R': 0.5, 'tau_m': 45.5, 'rate_low': 4.0, 'rate_high': 36.5}.[0m
2021-04-21 16:38:57.938154: I tensorflow/compiler/jit/xla_gpu_device.cc:99] Not creating XLA devices, tf_xla_enable_xla_devices not set
maxFreq at 10nA: 142.0
2021-04-21 16:39:39.413960: I tensorflow/compiler/jit/xla_gpu_device.cc:99] Not creating XLA devices, tf_xla_enable_xla_devices not set
2021-04-21 16:40:10.339318: I tensorflow/compiler/jit/xla_gpu_device.cc:99] Not creating XLA devices, tf_xla_enable_xla_devices not set
mse and spike frequency: 0.00297 29.25
[32m[I 2021-04-21 16:40:40,760][0m Trial 200 finished with values: [0.00297, 29.25] with parameters: {'Vahp': -38.5, 'Vth': -37.5, 'Vmax': 33.0, 't_ref': 6.0, 'R': 0.1, 'tau_m': 357.5, 'rate_low': 41.0, 'rate_high': 36.5}.[0m
2021-04-21 16:40:41.643913: I tensorflow/compiler/jit/xla_gpu_device.cc:99] Not creating XLA devices, tf_xla_enable_xla_devices not set
maxFreq at 10nA: 167.0
2021-04-21 16:41:22.607837: I tensorflow/compiler/jit/xla_gpu_device.cc:99] Not creating XLA devices, tf_xla_enable_xla_devices not set
2021-04-21 16:41:53.433194: I tensorflow/compiler/jit/xla_gpu_device.cc:99] Not creating XLA devices, tf_xla_enable_xla_devices not set
mse and spike frequency: 0.00078 8.15
[32m[I 2021-04-21 16:42:22,777][0m Trial 201 finished with values: [0.00078, 8.15] with parameters: {'Vahp': -38.0, 'Vth': -22.5, 'Vmax': 28.5, 't_ref': 5.0, 'R': 0.6, 'tau_m': 369.5, 'rate_low': 8.5, 'rate_high': 36.5}.[0m
2021-04-21 16:42:23.918492: I tensorflow/compiler/jit/xla_gpu_device.cc:99] Not creating XLA devices, tf_xla_enable_xla_devices not set
maxFreq at 10nA: 199.0
2021-04-21 16:43:04.760719: I tensorflow/compiler/jit/xla_gpu_device.cc:99] Not creating XLA devices, tf_xla_enable_xla_devices not set
2021-04-21 16:43:36.309428: I tensorflow/compiler/jit/xla_gpu_device.cc:99] Not creating XLA devices, tf_xla_enable_xla_devices not set
mse and spike frequency: 0.01034 1.9
[32m[I 2021-04-21 16:44:06,385][0m Trial 202 finished with values: [0.01034, 1.9] with parameters: {'Vahp': -45.5, 'Vth': -37.5, 'Vmax': 33.0, 't_ref': 0.5, 'R': 0.1, 'tau_m': 433.0, 'rate_low': 10.5, 'rate_high': 39.0}.[0m
2021-04-21 16:44:07.276724: I tensorflow/compiler/jit/xla_gpu_device.cc:99] Not creating XLA devices, tf_xla_enable_xla_devices not set
maxFreq at 10nA: 1000.0
2021-04-21 16:44:48.358850: I tensorflow/compiler/jit/xla_gpu_device.cc:99] Not creating XLA devices, tf_xla_enable_xla_devices not set
2021-04-21 16:45:19.782243: I tensorflow/compiler/jit/xla_gpu_device.cc:99] Not creating XLA devices, tf_xla_enable_xla_devices not set
mse and spike frequency: 0.12656 0.0
[32m[I 2021-04-21 16:45:49,816][0m Trial 203 finished with values: [0.12656, 0.0] with parameters: {'Vahp': -35.5, 'Vth': -45.5, 'Vmax': 27.0, 't_ref': 12.0, 'R': 0.1, 'tau_m': 42.0, 'rate_low': 47.5, 'rate_high': 49.5}.[0m
2021-04-21 16:45:50.637154: I tensorflow/compiler/jit/xla_gpu_device.cc:99] Not creating XLA devices, tf_xla_enable_xla_devices not set
maxFreq at 10nA: 999.0
2021-04-21 16:46:31.452656: I tensorflow/compiler/jit/xla_gpu_device.cc:99] Not creating XLA devices, tf_xla_enable_xla_devices not set
2021-04-21 16:47:03.566753: I tensorflow/compiler/jit/xla_gpu_device.cc:99] Not creating XLA devices, tf_xla_enable_xla_devices not set
mse and spike frequency: 0.12656 0.0
[32m[I 2021-04-21 16:47:33,859][0m Trial 204 finished with values: [0.12656, 0.0] with parameters: {'Vahp': -21.5, 'Vth': -45.5, 'Vmax': 14.5, 't_ref': 1.5, 'R': 0.30000000000000004, 'tau_m': 356.0, 'rate_low': 50.0, 'rate_high': 50.0}.[0m
2021-04-21 16:47:34.663853: I tensorflow/compiler/jit/xla_gpu_device.cc:99] Not creating XLA devices, tf_xla_enable_xla_devices not set
maxFreq at 10nA: 77.0
2021-04-21 16:48:15.887150: I tensorflow/compiler/jit/xla_gpu_device.cc:99] Not creating XLA devices, tf_xla_enable_xla_devices not set
2021-04-21 16:48:47.047244: I tensorflow/compiler/jit/xla_gpu_device.cc:99] Not creating XLA devices, tf_xla_enable_xla_devices not set
mse and spike frequency: 0.12656 0.0
[32m[I 2021-04-21 16:49:18,149][0m Trial 205 finished with values: [0.12656, 0.0] with parameters: {'Vahp': -53.5, 'Vth': -53.5, 'Vmax': 29.0, 't_ref': 12.0, 'R': 0.9, 'tau_m': 479.0, 'rate_low': 3.0, 'rate_high': 22.0}.[0m
2021-04-21 16:49:18.992651: I tensorflow/compiler/jit/xla_gpu_device.cc:99] Not creating XLA devices, tf_xla_enable_xla_devices not set
maxFreq at 10nA: 999.0
2021-04-21 16:50:01.113002: I tensorflow/compiler/jit/xla_gpu_device.cc:99] Not creating XLA devices, tf_xla_enable_xla_devices not set
2021-04-21 16:50:33.092557: I tensorflow/compiler/jit/xla_gpu_device.cc:99] Not creating XLA devices, tf_xla_enable_xla_devices not set
mse and spike frequency: 0.12656 0.0
[32m[I 2021-04-21 16:51:05,002][0m Trial 206 finished with values: [0.12656, 0.0] with parameters: {'Vahp': -23.0, 'Vth': -40.0, 'Vmax': 29.0, 't_ref': 0.5, 'R': 0.6, 'tau_m': 344.0, 'rate_low': 1.0, 'rate_high': 4.5}.[0m
2021-04-21 16:51:05.818025: I tensorflow/compiler/jit/xla_gpu_device.cc:99] Not creating XLA devices, tf_xla_enable_xla_devices not set
maxFreq at 10nA: 48.0
2021-04-21 16:51:47.624912: I tensorflow/compiler/jit/xla_gpu_device.cc:99] Not creating XLA devices, tf_xla_enable_xla_devices not set
2021-04-21 16:52:19.474974: I tensorflow/compiler/jit/xla_gpu_device.cc:99] Not creating XLA devices, tf_xla_enable_xla_devices not set
mse and spike frequency: 0.00365 6.22
[32m[I 2021-04-21 16:52:51,524][0m Trial 207 finished with values: [0.00365, 6.22] with parameters: {'Vahp': -60.0, 'Vth': -53.0, 'Vmax': 33.0, 't_ref': 19.0, 'R': 0.1, 'tau_m': 300.5, 'rate_low': 11.5, 'rate_high': 43.0}.[0m
2021-04-21 16:52:52.355262: I tensorflow/compiler/jit/xla_gpu_device.cc:99] Not creating XLA devices, tf_xla_enable_xla_devices not set
maxFreq at 10nA: 1000.0
2021-04-21 16:53:33.201446: I tensorflow/compiler/jit/xla_gpu_device.cc:99] Not creating XLA devices, tf_xla_enable_xla_devices not set
2021-04-21 16:54:04.976987: I tensorflow/compiler/jit/xla_gpu_device.cc:99] Not creating XLA devices, tf_xla_enable_xla_devices not set
mse and spike frequency: 0.12656 0.0
[32m[I 2021-04-21 16:54:36,924][0m Trial 208 finished with values: [0.12656, 0.0] with parameters: {'Vahp': -21.0, 'Vth': -58.0, 'Vmax': 29.0, 't_ref': 18.5, 'R': 1.0, 'tau_m': 314.0, 'rate_low': 24.5, 'rate_high': 12.0}.[0m
2021-04-21 16:54:37.753194: I tensorflow/compiler/jit/xla_gpu_device.cc:99] Not creating XLA devices, tf_xla_enable_xla_devices not set
maxFreq at 10nA: 998.0
2021-04-21 16:55:19.933971: I tensorflow/compiler/jit/xla_gpu_device.cc:99] Not creating XLA devices, tf_xla_enable_xla_devices not set
2021-04-21 16:55:52.296452: I tensorflow/compiler/jit/xla_gpu_device.cc:99] Not creating XLA devices, tf_xla_enable_xla_devices not set
mse and spike frequency: 0.12656 0.0
[32m[I 2021-04-21 16:56:24,991][0m Trial 209 finished with values: [0.12656, 0.0] with parameters: {'Vahp': -21.5, 'Vth': -45.5, 'Vmax': 28.5, 't_ref': 17.0, 'R': 0.30000000000000004, 'tau_m': 473.0, 'rate_low': 13.5, 'rate_high': 36.5}.[0m
2021-04-21 16:56:25.804571: I tensorflow/compiler/jit/xla_gpu_device.cc:99] Not creating XLA devices, tf_xla_enable_xla_devices not set
maxFreq at 10nA: 50.0
2021-04-21 16:57:08.051948: I tensorflow/compiler/jit/xla_gpu_device.cc:99] Not creating XLA devices, tf_xla_enable_xla_devices not set
2021-04-21 16:57:40.252301: I tensorflow/compiler/jit/xla_gpu_device.cc:99] Not creating XLA devices, tf_xla_enable_xla_devices not set
mse and spike frequency: 0.12656 0.01
[32m[I 2021-04-21 16:58:13,253][0m Trial 210 finished with values: [0.12656, 0.01] with parameters: {'Vahp': -55.5, 'Vth': -53.0, 'Vmax': 33.0, 't_ref': 19.0, 'R': 0.4, 'tau_m': 38.0, 'rate_low': 11.5, 'rate_high': 43.0}.[0m
2021-04-21 16:58:14.109620: I tensorflow/compiler/jit/xla_gpu_device.cc:99] Not creating XLA devices, tf_xla_enable_xla_devices not set
maxFreq at 10nA: 72.0
2021-04-21 16:58:56.603966: I tensorflow/compiler/jit/xla_gpu_device.cc:99] Not creating XLA devices, tf_xla_enable_xla_devices not set
2021-04-21 16:59:28.642476: I tensorflow/compiler/jit/xla_gpu_device.cc:99] Not creating XLA devices, tf_xla_enable_xla_devices not set
mse and spike frequency: 0.00357 14.53
[32m[I 2021-04-21 17:00:02,032][0m Trial 211 finished with values: [0.00357, 14.53] with parameters: {'Vahp': -55.5, 'Vth': -28.0, 'Vmax': 33.0, 't_ref': 12.0, 'R': 0.1, 'tau_m': 42.0, 'rate_low': 48.5, 'rate_high': 39.0}.[0m
2021-04-21 17:00:02.837417: I tensorflow/compiler/jit/xla_gpu_device.cc:99] Not creating XLA devices, tf_xla_enable_xla_devices not set
maxFreq at 10nA: 1000.0
2021-04-21 17:00:44.957292: I tensorflow/compiler/jit/xla_gpu_device.cc:99] Not creating XLA devices, tf_xla_enable_xla_devices not set
2021-04-21 17:01:17.225164: I tensorflow/compiler/jit/xla_gpu_device.cc:99] Not creating XLA devices, tf_xla_enable_xla_devices not set
mse and spike frequency: 0.12656 0.0
[32m[I 2021-04-21 17:01:50,737][0m Trial 212 finished with values: [0.12656, 0.0] with parameters: {'Vahp': -30.5, 'Vth': -43.5, 'Vmax': 21.5, 't_ref': 16.5, 'R': 0.9, 'tau_m': 266.0, 'rate_low': 42.0, 'rate_high': 41.0}.[0m
2021-04-21 17:01:51.570533: I tensorflow/compiler/jit/xla_gpu_device.cc:99] Not creating XLA devices, tf_xla_enable_xla_devices not set
maxFreq at 10nA: 1000.0
2021-04-21 17:02:33.196981: I tensorflow/compiler/jit/xla_gpu_device.cc:99] Not creating XLA devices, tf_xla_enable_xla_devices not set
2021-04-21 17:03:05.471428: I tensorflow/compiler/jit/xla_gpu_device.cc:99] Not creating XLA devices, tf_xla_enable_xla_devices not set
mse and spike frequency: 0.12656 0.0
