[32m[I 2021-04-21 13:46:29,411][0m Trial 58 finished with values: [0.00372, 12.06] with parameters: {'Vahp': -54.5, 'Vth': -46.5, 'Vmax': 25.5, 't_ref': 20.0, 'R': 0.7000000000000001, 'tau_m': 388.0, 'rate_low': 14.0, 'rate_high': 25.0}.[0m
2021-04-21 13:46:29.925020: I tensorflow/compiler/jit/xla_gpu_device.cc:99] Not creating XLA devices, tf_xla_enable_xla_devices not set
maxFreq at 10nA: 1000.0
2021-04-21 13:46:53.315946: I tensorflow/compiler/jit/xla_gpu_device.cc:99] Not creating XLA devices, tf_xla_enable_xla_devices not set
2021-04-21 13:47:05.956008: I tensorflow/compiler/jit/xla_gpu_device.cc:99] Not creating XLA devices, tf_xla_enable_xla_devices not set
mse and spike frequency: 0.12656 0.0
[32m[I 2021-04-21 13:47:17,315][0m Trial 59 finished with values: [0.12656, 0.0] with parameters: {'Vahp': -46.0, 'Vth': -58.0, 'Vmax': 15.5, 't_ref': 4.5, 'R': 0.1, 'tau_m': 487.5, 'rate_low': 10.5, 'rate_high': 44.0}.[0m
2021-04-21 13:47:17.802681: I tensorflow/compiler/jit/xla_gpu_device.cc:99] Not creating XLA devices, tf_xla_enable_xla_devices not set
maxFreq at 10nA: 999.0
2021-04-21 13:47:41.026895: I tensorflow/compiler/jit/xla_gpu_device.cc:99] Not creating XLA devices, tf_xla_enable_xla_devices not set
2021-04-21 13:47:53.770855: I tensorflow/compiler/jit/xla_gpu_device.cc:99] Not creating XLA devices, tf_xla_enable_xla_devices not set
mse and spike frequency: 0.12656 0.0
[32m[I 2021-04-21 13:48:05,105][0m Trial 60 finished with values: [0.12656, 0.0] with parameters: {'Vahp': -20.5, 'Vth': -52.5, 'Vmax': 32.5, 't_ref': 20.0, 'R': 0.2, 'tau_m': 365.0, 'rate_low': 22.0, 'rate_high': 48.5}.[0m
2021-04-21 13:48:05.598684: I tensorflow/compiler/jit/xla_gpu_device.cc:99] Not creating XLA devices, tf_xla_enable_xla_devices not set
maxFreq at 10nA: 1000.0
2021-04-21 13:48:29.091737: I tensorflow/compiler/jit/xla_gpu_device.cc:99] Not creating XLA devices, tf_xla_enable_xla_devices not set
2021-04-21 13:48:42.049731: I tensorflow/compiler/jit/xla_gpu_device.cc:99] Not creating XLA devices, tf_xla_enable_xla_devices not set
mse and spike frequency: 0.12656 0.0
[32m[I 2021-04-21 13:48:53,139][0m Trial 61 finished with values: [0.12656, 0.0] with parameters: {'Vahp': -46.0, 'Vth': -53.0, 'Vmax': 30.5, 't_ref': 2.5, 'R': 0.7000000000000001, 'tau_m': 280.5, 'rate_low': 27.0, 'rate_high': 38.5}.[0m
2021-04-21 13:48:53.692162: I tensorflow/compiler/jit/xla_gpu_device.cc:99] Not creating XLA devices, tf_xla_enable_xla_devices not set
maxFreq at 10nA: 996.0
2021-04-21 13:49:17.753377: I tensorflow/compiler/jit/xla_gpu_device.cc:99] Not creating XLA devices, tf_xla_enable_xla_devices not set
2021-04-21 13:49:30.682583: I tensorflow/compiler/jit/xla_gpu_device.cc:99] Not creating XLA devices, tf_xla_enable_xla_devices not set
mse and spike frequency: 0.12656 0.0
[32m[I 2021-04-21 13:49:41,900][0m Trial 62 finished with values: [0.12656, 0.0] with parameters: {'Vahp': -29.5, 'Vth': -37.0, 'Vmax': 26.0, 't_ref': 19.5, 'R': 0.2, 'tau_m': 406.5, 'rate_low': 11.0, 'rate_high': 45.0}.[0m
2021-04-21 13:49:42.407296: I tensorflow/compiler/jit/xla_gpu_device.cc:99] Not creating XLA devices, tf_xla_enable_xla_devices not set
maxFreq at 10nA: 250.0
2021-04-21 13:50:06.291576: I tensorflow/compiler/jit/xla_gpu_device.cc:99] Not creating XLA devices, tf_xla_enable_xla_devices not set
2021-04-21 13:50:18.848049: I tensorflow/compiler/jit/xla_gpu_device.cc:99] Not creating XLA devices, tf_xla_enable_xla_devices not set
mse and spike frequency: 0.00148 6.51
[32m[I 2021-04-21 13:50:30,305][0m Trial 63 finished with values: [0.00148, 6.51] with parameters: {'Vahp': -52.5, 'Vth': -38.5, 'Vmax': 16.0, 't_ref': 1.0, 'R': 0.30000000000000004, 'tau_m': 470.5, 'rate_low': 16.0, 'rate_high': 33.5}.[0m
2021-04-21 13:50:30.814878: I tensorflow/compiler/jit/xla_gpu_device.cc:99] Not creating XLA devices, tf_xla_enable_xla_devices not set
maxFreq at 10nA: 1000.0
2021-04-21 13:50:54.903194: I tensorflow/compiler/jit/xla_gpu_device.cc:99] Not creating XLA devices, tf_xla_enable_xla_devices not set
2021-04-21 13:51:07.110835: I tensorflow/compiler/jit/xla_gpu_device.cc:99] Not creating XLA devices, tf_xla_enable_xla_devices not set
mse and spike frequency: 0.12656 0.0
[32m[I 2021-04-21 13:51:18,657][0m Trial 64 finished with values: [0.12656, 0.0] with parameters: {'Vahp': -37.0, 'Vth': -58.0, 'Vmax': 10.0, 't_ref': 12.5, 'R': 0.4, 'tau_m': 4.5, 'rate_low': 14.0, 'rate_high': 43.5}.[0m
2021-04-21 13:51:19.137268: I tensorflow/compiler/jit/xla_gpu_device.cc:99] Not creating XLA devices, tf_xla_enable_xla_devices not set
maxFreq at 10nA: 50.0
2021-04-21 13:51:43.266008: I tensorflow/compiler/jit/xla_gpu_device.cc:99] Not creating XLA devices, tf_xla_enable_xla_devices not set
2021-04-21 13:51:55.357592: I tensorflow/compiler/jit/xla_gpu_device.cc:99] Not creating XLA devices, tf_xla_enable_xla_devices not set
mse and spike frequency: 0.13808 0.28
[32m[I 2021-04-21 13:52:06,743][0m Trial 65 finished with values: [0.13808, 0.28] with parameters: {'Vahp': -52.5, 'Vth': -51.5, 'Vmax': 16.0, 't_ref': 19.0, 'R': 0.8, 'tau_m': 292.5, 'rate_low': 10.5, 'rate_high': 46.5}.[0m
2021-04-21 13:52:07.370931: I tensorflow/compiler/jit/xla_gpu_device.cc:99] Not creating XLA devices, tf_xla_enable_xla_devices not set
maxFreq at 10nA: 1000.0
2021-04-21 13:52:30.826102: I tensorflow/compiler/jit/xla_gpu_device.cc:99] Not creating XLA devices, tf_xla_enable_xla_devices not set
2021-04-21 13:52:43.043491: I tensorflow/compiler/jit/xla_gpu_device.cc:99] Not creating XLA devices, tf_xla_enable_xla_devices not set
mse and spike frequency: 0.12656 0.0
[32m[I 2021-04-21 13:52:54,659][0m Trial 66 finished with values: [0.12656, 0.0] with parameters: {'Vahp': -42.0, 'Vth': -52.5, 'Vmax': 16.5, 't_ref': 12.5, 'R': 0.8, 'tau_m': 31.0, 'rate_low': 46.0, 'rate_high': 30.5}.[0m
2021-04-21 13:52:55.119626: I tensorflow/compiler/jit/xla_gpu_device.cc:99] Not creating XLA devices, tf_xla_enable_xla_devices not set
maxFreq at 10nA: 999.0
2021-04-21 13:53:18.832594: I tensorflow/compiler/jit/xla_gpu_device.cc:99] Not creating XLA devices, tf_xla_enable_xla_devices not set
2021-04-21 13:53:31.295225: I tensorflow/compiler/jit/xla_gpu_device.cc:99] Not creating XLA devices, tf_xla_enable_xla_devices not set
mse and spike frequency: 0.12656 0.0
[32m[I 2021-04-21 13:53:42,950][0m Trial 67 finished with values: [0.12656, 0.0] with parameters: {'Vahp': -33.5, 'Vth': -40.5, 'Vmax': 37.0, 't_ref': 11.5, 'R': 0.7000000000000001, 'tau_m': 482.0, 'rate_low': 43.5, 'rate_high': 46.0}.[0m
2021-04-21 13:53:43.470161: I tensorflow/compiler/jit/xla_gpu_device.cc:99] Not creating XLA devices, tf_xla_enable_xla_devices not set
maxFreq at 10nA: 84.0
2021-04-21 13:54:06.678682: I tensorflow/compiler/jit/xla_gpu_device.cc:99] Not creating XLA devices, tf_xla_enable_xla_devices not set
2021-04-21 13:54:18.994462: I tensorflow/compiler/jit/xla_gpu_device.cc:99] Not creating XLA devices, tf_xla_enable_xla_devices not set
mse and spike frequency: 0.00209 14.2
[32m[I 2021-04-21 13:54:30,945][0m Trial 68 finished with values: [0.00209, 14.2] with parameters: {'Vahp': -52.5, 'Vth': -27.5, 'Vmax': 16.0, 't_ref': 10.0, 'R': 0.4, 'tau_m': 234.5, 'rate_low': 45.0, 'rate_high': 23.5}.[0m
2021-04-21 13:54:31.492338: I tensorflow/compiler/jit/xla_gpu_device.cc:99] Not creating XLA devices, tf_xla_enable_xla_devices not set
maxFreq at 10nA: 1000.0
2021-04-21 13:54:55.173590: I tensorflow/compiler/jit/xla_gpu_device.cc:99] Not creating XLA devices, tf_xla_enable_xla_devices not set
2021-04-21 13:55:08.373573: I tensorflow/compiler/jit/xla_gpu_device.cc:99] Not creating XLA devices, tf_xla_enable_xla_devices not set
mse and spike frequency: 0.12656 0.0
[32m[I 2021-04-21 13:55:20,058][0m Trial 69 finished with values: [0.12656, 0.0] with parameters: {'Vahp': -54.5, 'Vth': -55.0, 'Vmax': 20.5, 't_ref': 10.0, 'R': 0.1, 'tau_m': 60.5, 'rate_low': 28.0, 'rate_high': 34.0}.[0m
2021-04-21 13:55:20.689836: I tensorflow/compiler/jit/xla_gpu_device.cc:99] Not creating XLA devices, tf_xla_enable_xla_devices not set
maxFreq at 10nA: 987.0
2021-04-21 13:55:44.657634: I tensorflow/compiler/jit/xla_gpu_device.cc:99] Not creating XLA devices, tf_xla_enable_xla_devices not set
2021-04-21 13:55:57.846728: I tensorflow/compiler/jit/xla_gpu_device.cc:99] Not creating XLA devices, tf_xla_enable_xla_devices not set
mse and spike frequency: 0.12656 0.0
[32m[I 2021-04-21 13:56:10,055][0m Trial 70 finished with values: [0.12656, 0.0] with parameters: {'Vahp': -26.0, 'Vth': -29.5, 'Vmax': 20.5, 't_ref': 10.0, 'R': 0.1, 'tau_m': 444.0, 'rate_low': 27.5, 'rate_high': 30.0}.[0m
2021-04-21 13:56:10.610900: I tensorflow/compiler/jit/xla_gpu_device.cc:99] Not creating XLA devices, tf_xla_enable_xla_devices not set
maxFreq at 10nA: 1000.0
2021-04-21 13:56:34.993000: I tensorflow/compiler/jit/xla_gpu_device.cc:99] Not creating XLA devices, tf_xla_enable_xla_devices not set
2021-04-21 13:56:48.070930: I tensorflow/compiler/jit/xla_gpu_device.cc:99] Not creating XLA devices, tf_xla_enable_xla_devices not set
mse and spike frequency: 0.12656 0.0
[32m[I 2021-04-21 13:56:59,928][0m Trial 71 finished with values: [0.12656, 0.0] with parameters: {'Vahp': -23.0, 'Vth': -35.0, 'Vmax': 17.0, 't_ref': 11.5, 'R': 0.7000000000000001, 'tau_m': 70.5, 'rate_low': 45.5, 'rate_high': 44.0}.[0m
2021-04-21 13:57:00.428801: I tensorflow/compiler/jit/xla_gpu_device.cc:99] Not creating XLA devices, tf_xla_enable_xla_devices not set
maxFreq at 10nA: 1000.0
2021-04-21 13:57:23.827904: I tensorflow/compiler/jit/xla_gpu_device.cc:99] Not creating XLA devices, tf_xla_enable_xla_devices not set
2021-04-21 13:57:36.719555: I tensorflow/compiler/jit/xla_gpu_device.cc:99] Not creating XLA devices, tf_xla_enable_xla_devices not set
mse and spike frequency: 0.12656 0.0
[32m[I 2021-04-21 13:57:49,038][0m Trial 72 finished with values: [0.12656, 0.0] with parameters: {'Vahp': -23.5, 'Vth': -51.5, 'Vmax': 20.5, 't_ref': 1.5, 'R': 1.0, 'tau_m': 204.0, 'rate_low': 27.5, 'rate_high': 41.0}.[0m
2021-04-21 13:57:49.595347: I tensorflow/compiler/jit/xla_gpu_device.cc:99] Not creating XLA devices, tf_xla_enable_xla_devices not set
maxFreq at 10nA: 999.0
2021-04-21 13:58:13.707934: I tensorflow/compiler/jit/xla_gpu_device.cc:99] Not creating XLA devices, tf_xla_enable_xla_devices not set
2021-04-21 13:58:27.168166: I tensorflow/compiler/jit/xla_gpu_device.cc:99] Not creating XLA devices, tf_xla_enable_xla_devices not set
mse and spike frequency: 0.12656 0.0
[32m[I 2021-04-21 13:58:39,581][0m Trial 73 finished with values: [0.12656, 0.0] with parameters: {'Vahp': -29.5, 'Vth': -35.0, 'Vmax': 35.0, 't_ref': 11.5, 'R': 0.9, 'tau_m': 487.5, 'rate_low': 36.0, 'rate_high': 44.0}.[0m
2021-04-21 13:58:40.099537: I tensorflow/compiler/jit/xla_gpu_device.cc:99] Not creating XLA devices, tf_xla_enable_xla_devices not set
maxFreq at 10nA: 998.0
2021-04-21 13:59:04.208185: I tensorflow/compiler/jit/xla_gpu_device.cc:99] Not creating XLA devices, tf_xla_enable_xla_devices not set
2021-04-21 13:59:17.917505: I tensorflow/compiler/jit/xla_gpu_device.cc:99] Not creating XLA devices, tf_xla_enable_xla_devices not set
mse and spike frequency: 0.12656 0.0
[32m[I 2021-04-21 13:59:30,969][0m Trial 74 finished with values: [0.12656, 0.0] with parameters: {'Vahp': -29.5, 'Vth': -37.0, 'Vmax': 31.5, 't_ref': 14.0, 'R': 0.4, 'tau_m': 469.5, 'rate_low': 14.0, 'rate_high': 46.5}.[0m
2021-04-21 13:59:31.520826: I tensorflow/compiler/jit/xla_gpu_device.cc:99] Not creating XLA devices, tf_xla_enable_xla_devices not set
maxFreq at 10nA: 250.0
2021-04-21 13:59:56.308626: I tensorflow/compiler/jit/xla_gpu_device.cc:99] Not creating XLA devices, tf_xla_enable_xla_devices not set
2021-04-21 14:00:10.703598: I tensorflow/compiler/jit/xla_gpu_device.cc:99] Not creating XLA devices, tf_xla_enable_xla_devices not set
mse and spike frequency: 0.12656 0.0
[32m[I 2021-04-21 14:00:23,603][0m Trial 75 finished with values: [0.12656, 0.0] with parameters: {'Vahp': -36.0, 'Vth': -35.0, 'Vmax': 30.5, 't_ref': 2.5, 'R': 0.9, 'tau_m': 163.0, 'rate_low': 36.0, 'rate_high': 48.0}.[0m
2021-04-21 14:00:24.150372: I tensorflow/compiler/jit/xla_gpu_device.cc:99] Not creating XLA devices, tf_xla_enable_xla_devices not set
maxFreq at 10nA: 91.0
2021-04-21 14:00:48.472216: I tensorflow/compiler/jit/xla_gpu_device.cc:99] Not creating XLA devices, tf_xla_enable_xla_devices not set
2021-04-21 14:01:03.051768: I tensorflow/compiler/jit/xla_gpu_device.cc:99] Not creating XLA devices, tf_xla_enable_xla_devices not set
mse and spike frequency: 0.00324 28.39
[32m[I 2021-04-21 14:01:15,887][0m Trial 76 finished with values: [0.00324, 28.39] with parameters: {'Vahp': -38.5, 'Vth': -37.0, 'Vmax': 10.0, 't_ref': 10.0, 'R': 0.2, 'tau_m': 164.0, 'rate_low': 33.0, 'rate_high': 23.5}.[0m
2021-04-21 14:01:16.452701: I tensorflow/compiler/jit/xla_gpu_device.cc:99] Not creating XLA devices, tf_xla_enable_xla_devices not set
maxFreq at 10nA: 1000.0
2021-04-21 14:01:41.304851: I tensorflow/compiler/jit/xla_gpu_device.cc:99] Not creating XLA devices, tf_xla_enable_xla_devices not set
2021-04-21 14:01:55.345188: I tensorflow/compiler/jit/xla_gpu_device.cc:99] Not creating XLA devices, tf_xla_enable_xla_devices not set
mse and spike frequency: 0.12656 0.0
[32m[I 2021-04-21 14:02:08,091][0m Trial 77 finished with values: [0.12656, 0.0] with parameters: {'Vahp': -29.5, 'Vth': -43.0, 'Vmax': 31.5, 't_ref': 2.0, 'R': 0.7000000000000001, 'tau_m': 194.0, 'rate_low': 45.5, 'rate_high': 35.5}.[0m
2021-04-21 14:02:08.680570: I tensorflow/compiler/jit/xla_gpu_device.cc:99] Not creating XLA devices, tf_xla_enable_xla_devices not set
maxFreq at 10nA: 334.0
2021-04-21 14:02:33.851564: I tensorflow/compiler/jit/xla_gpu_device.cc:99] Not creating XLA devices, tf_xla_enable_xla_devices not set
2021-04-21 14:02:47.820183: I tensorflow/compiler/jit/xla_gpu_device.cc:99] Not creating XLA devices, tf_xla_enable_xla_devices not set
mse and spike frequency: 0.04119 9.48
[32m[I 2021-04-21 14:03:01,005][0m Trial 78 finished with values: [0.04119, 9.48] with parameters: {'Vahp': -45.0, 'Vth': -20.0, 'Vmax': 17.5, 't_ref': 2.0, 'R': 0.9, 'tau_m': 18.5, 'rate_low': 15.5, 'rate_high': 46.5}.[0m
2021-04-21 14:03:01.534644: I tensorflow/compiler/jit/xla_gpu_device.cc:99] Not creating XLA devices, tf_xla_enable_xla_devices not set
maxFreq at 10nA: 998.0
2021-04-21 14:03:26.703200: I tensorflow/compiler/jit/xla_gpu_device.cc:99] Not creating XLA devices, tf_xla_enable_xla_devices not set
2021-04-21 14:03:40.949731: I tensorflow/compiler/jit/xla_gpu_device.cc:99] Not creating XLA devices, tf_xla_enable_xla_devices not set
mse and spike frequency: 0.12656 0.0
[32m[I 2021-04-21 14:03:53,890][0m Trial 79 finished with values: [0.12656, 0.0] with parameters: {'Vahp': -23.5, 'Vth': -32.0, 'Vmax': 34.5, 't_ref': 19.0, 'R': 0.2, 'tau_m': 204.0, 'rate_low': 40.5, 'rate_high': 41.0}.[0m
2021-04-21 14:03:54.438265: I tensorflow/compiler/jit/xla_gpu_device.cc:99] Not creating XLA devices, tf_xla_enable_xla_devices not set
maxFreq at 10nA: 59.0
2021-04-21 14:04:19.619759: I tensorflow/compiler/jit/xla_gpu_device.cc:99] Not creating XLA devices, tf_xla_enable_xla_devices not set
2021-04-21 14:04:33.708756: I tensorflow/compiler/jit/xla_gpu_device.cc:99] Not creating XLA devices, tf_xla_enable_xla_devices not set
mse and spike frequency: 0.00294 17.02
[32m[I 2021-04-21 14:04:47,100][0m Trial 80 finished with values: [0.00294, 17.02] with parameters: {'Vahp': -58.5, 'Vth': -55.0, 'Vmax': 28.0, 't_ref': 16.0, 'R': 0.30000000000000004, 'tau_m': 373.0, 'rate_low': 24.5, 'rate_high': 23.0}.[0m
2021-04-21 14:04:47.688577: I tensorflow/compiler/jit/xla_gpu_device.cc:99] Not creating XLA devices, tf_xla_enable_xla_devices not set
maxFreq at 10nA: 1000.0
2021-04-21 14:05:13.321857: I tensorflow/compiler/jit/xla_gpu_device.cc:99] Not creating XLA devices, tf_xla_enable_xla_devices not set
2021-04-21 14:05:27.576118: I tensorflow/compiler/jit/xla_gpu_device.cc:99] Not creating XLA devices, tf_xla_enable_xla_devices not set
mse and spike frequency: 0.12656 0.0
[32m[I 2021-04-21 14:05:41,135][0m Trial 81 finished with values: [0.12656, 0.0] with parameters: {'Vahp': -33.5, 'Vth': -35.0, 'Vmax': 13.0, 't_ref': 2.0, 'R': 0.1, 'tau_m': 22.5, 'rate_low': 43.5, 'rate_high': 22.5}.[0m
2021-04-21 14:05:41.709985: I tensorflow/compiler/jit/xla_gpu_device.cc:99] Not creating XLA devices, tf_xla_enable_xla_devices not set
maxFreq at 10nA: 1000.0
2021-04-21 14:06:07.532524: I tensorflow/compiler/jit/xla_gpu_device.cc:99] Not creating XLA devices, tf_xla_enable_xla_devices not set
2021-04-21 14:06:21.895073: I tensorflow/compiler/jit/xla_gpu_device.cc:99] Not creating XLA devices, tf_xla_enable_xla_devices not set
mse and spike frequency: 0.12656 0.0
[32m[I 2021-04-21 14:06:35,676][0m Trial 82 finished with values: [0.12656, 0.0] with parameters: {'Vahp': -42.0, 'Vth': -48.5, 'Vmax': 39.5, 't_ref': 19.5, 'R': 0.6, 'tau_m': 237.5, 'rate_low': 27.0, 'rate_high': 36.5}.[0m
2021-04-21 14:06:36.242330: I tensorflow/compiler/jit/xla_gpu_device.cc:99] Not creating XLA devices, tf_xla_enable_xla_devices not set
maxFreq at 10nA: 59.0
2021-04-21 14:07:01.674656: I tensorflow/compiler/jit/xla_gpu_device.cc:99] Not creating XLA devices, tf_xla_enable_xla_devices not set
2021-04-21 14:07:16.104100: I tensorflow/compiler/jit/xla_gpu_device.cc:99] Not creating XLA devices, tf_xla_enable_xla_devices not set
mse and spike frequency: 0.12656 0.0
[32m[I 2021-04-21 14:07:30,239][0m Trial 83 finished with values: [0.12656, 0.0] with parameters: {'Vahp': -56.0, 'Vth': -51.5, 'Vmax': 35.0, 't_ref': 15.5, 'R': 1.0, 'tau_m': 494.5, 'rate_low': 7.5, 'rate_high': 7.5}.[0m
2021-04-21 14:07:30.761995: I tensorflow/compiler/jit/xla_gpu_device.cc:99] Not creating XLA devices, tf_xla_enable_xla_devices not set
maxFreq at 10nA: 1000.0
2021-04-21 14:07:56.931159: I tensorflow/compiler/jit/xla_gpu_device.cc:99] Not creating XLA devices, tf_xla_enable_xla_devices not set
2021-04-21 14:08:11.498778: I tensorflow/compiler/jit/xla_gpu_device.cc:99] Not creating XLA devices, tf_xla_enable_xla_devices not set
mse and spike frequency: 0.12656 0.0
[32m[I 2021-04-21 14:08:25,629][0m Trial 84 finished with values: [0.12656, 0.0] with parameters: {'Vahp': -38.5, 'Vth': -45.5, 'Vmax': 34.0, 't_ref': 3.5, 'R': 0.5, 'tau_m': 233.0, 'rate_low': 0.5, 'rate_high': 9.5}.[0m
2021-04-21 14:08:26.133722: I tensorflow/compiler/jit/xla_gpu_device.cc:99] Not creating XLA devices, tf_xla_enable_xla_devices not set
maxFreq at 10nA: 63.0
2021-04-21 14:08:52.177561: I tensorflow/compiler/jit/xla_gpu_device.cc:99] Not creating XLA devices, tf_xla_enable_xla_devices not set
2021-04-21 14:09:07.054602: I tensorflow/compiler/jit/xla_gpu_device.cc:99] Not creating XLA devices, tf_xla_enable_xla_devices not set
mse and spike frequency: 0.00339 23.09
[32m[I 2021-04-21 14:09:21,469][0m Trial 85 finished with values: [0.00339, 23.09] with parameters: {'Vahp': -36.0, 'Vth': -23.5, 'Vmax': 14.0, 't_ref': 14.5, 'R': 0.8, 'tau_m': 194.0, 'rate_low': 43.0, 'rate_high': 35.5}.[0m
2021-04-21 14:09:21.967676: I tensorflow/compiler/jit/xla_gpu_device.cc:99] Not creating XLA devices, tf_xla_enable_xla_devices not set
maxFreq at 10nA: 995.0
2021-04-21 14:09:48.096019: I tensorflow/compiler/jit/xla_gpu_device.cc:99] Not creating XLA devices, tf_xla_enable_xla_devices not set
2021-04-21 14:10:03.498788: I tensorflow/compiler/jit/xla_gpu_device.cc:99] Not creating XLA devices, tf_xla_enable_xla_devices not set
mse and spike frequency: 0.12656 0.0
[32m[I 2021-04-21 14:10:18,588][0m Trial 86 finished with values: [0.12656, 0.0] with parameters: {'Vahp': -27.0, 'Vth': -32.0, 'Vmax': 10.5, 't_ref': 19.0, 'R': 0.1, 'tau_m': 204.0, 'rate_low': 37.5, 'rate_high': 41.0}.[0m
2021-04-21 14:10:19.132344: I tensorflow/compiler/jit/xla_gpu_device.cc:99] Not creating XLA devices, tf_xla_enable_xla_devices not set
maxFreq at 10nA: 77.0
2021-04-21 14:10:45.358438: I tensorflow/compiler/jit/xla_gpu_device.cc:99] Not creating XLA devices, tf_xla_enable_xla_devices not set
2021-04-21 14:11:01.593913: I tensorflow/compiler/jit/xla_gpu_device.cc:99] Not creating XLA devices, tf_xla_enable_xla_devices not set
mse and spike frequency: 0.12656 0.0
[32m[I 2021-04-21 14:11:17,767][0m Trial 87 finished with values: [0.12656, 0.0] with parameters: {'Vahp': -38.5, 'Vth': -37.0, 'Vmax': 34.0, 't_ref': 11.5, 'R': 0.6, 'tau_m': 33.5, 'rate_low': 21.5, 'rate_high': 43.5}.[0m
2021-04-21 14:11:18.315836: I tensorflow/compiler/jit/xla_gpu_device.cc:99] Not creating XLA devices, tf_xla_enable_xla_devices not set
maxFreq at 10nA: 1000.0
2021-04-21 14:11:44.664689: I tensorflow/compiler/jit/xla_gpu_device.cc:99] Not creating XLA devices, tf_xla_enable_xla_devices not set
2021-04-21 14:12:01.710825: I tensorflow/compiler/jit/xla_gpu_device.cc:99] Not creating XLA devices, tf_xla_enable_xla_devices not set
mse and spike frequency: 0.12656 0.0
[32m[I 2021-04-21 14:12:17,301][0m Trial 88 finished with values: [0.12656, 0.0] with parameters: {'Vahp': -24.5, 'Vth': -53.5, 'Vmax': 10.5, 't_ref': 19.5, 'R': 0.7000000000000001, 'tau_m': 237.5, 'rate_low': 24.0, 'rate_high': 40.0}.[0m
2021-04-21 14:12:17.836650: I tensorflow/compiler/jit/xla_gpu_device.cc:99] Not creating XLA devices, tf_xla_enable_xla_devices not set
maxFreq at 10nA: 50.0
2021-04-21 14:12:43.962902: I tensorflow/compiler/jit/xla_gpu_device.cc:99] Not creating XLA devices, tf_xla_enable_xla_devices not set
2021-04-21 14:12:59.956008: I tensorflow/compiler/jit/xla_gpu_device.cc:99] Not creating XLA devices, tf_xla_enable_xla_devices not set
mse and spike frequency: 0.00421 14.69
