[32m[I 2021-04-21 14:13:21,020][0m Trial 89 finished with values: [0.12656, 0.0] with parameters: {'Vahp': -21.5, 'Vth': -55.5, 'Vmax': 21.5, 't_ref': 16.5, 'R': 0.1, 'tau_m': 71.5, 'rate_low': 13.5, 'rate_high': 35.0}.[0m
2021-04-21 14:13:21.554138: I tensorflow/compiler/jit/xla_gpu_device.cc:99] Not creating XLA devices, tf_xla_enable_xla_devices not set
maxFreq at 10nA: 142.0
2021-04-21 14:13:48.680074: I tensorflow/compiler/jit/xla_gpu_device.cc:99] Not creating XLA devices, tf_xla_enable_xla_devices not set
2021-04-21 14:14:06.052980: I tensorflow/compiler/jit/xla_gpu_device.cc:99] Not creating XLA devices, tf_xla_enable_xla_devices not set
mse and spike frequency: 0.13141 0.19
[32m[I 2021-04-21 14:14:21,374][0m Trial 90 finished with values: [0.13141, 0.19] with parameters: {'Vahp': -31.5, 'Vth': -30.0, 'Vmax': 15.5, 't_ref': 6.0, 'R': 0.1, 'tau_m': 232.5, 'rate_low': 6.0, 'rate_high': 36.5}.[0m
2021-04-21 14:14:21.898517: I tensorflow/compiler/jit/xla_gpu_device.cc:99] Not creating XLA devices, tf_xla_enable_xla_devices not set
maxFreq at 10nA: 500.0
2021-04-21 14:14:49.601676: I tensorflow/compiler/jit/xla_gpu_device.cc:99] Not creating XLA devices, tf_xla_enable_xla_devices not set
2021-04-21 14:15:06.438845: I tensorflow/compiler/jit/xla_gpu_device.cc:99] Not creating XLA devices, tf_xla_enable_xla_devices not set
mse and spike frequency: 0.00248 5.69
[32m[I 2021-04-21 14:15:21,896][0m Trial 91 finished with values: [0.00248, 5.69] with parameters: {'Vahp': -54.0, 'Vth': -43.5, 'Vmax': 21.5, 't_ref': 0.5, 'R': 0.2, 'tau_m': 157.5, 'rate_low': 3.5, 'rate_high': 36.0}.[0m
2021-04-21 14:15:22.429544: I tensorflow/compiler/jit/xla_gpu_device.cc:99] Not creating XLA devices, tf_xla_enable_xla_devices not set
maxFreq at 10nA: 50.0
2021-04-21 14:15:49.408229: I tensorflow/compiler/jit/xla_gpu_device.cc:99] Not creating XLA devices, tf_xla_enable_xla_devices not set
2021-04-21 14:16:05.958781: I tensorflow/compiler/jit/xla_gpu_device.cc:99] Not creating XLA devices, tf_xla_enable_xla_devices not set
mse and spike frequency: 0.00318 15.37
[32m[I 2021-04-21 14:16:21,469][0m Trial 92 finished with values: [0.00318, 15.37] with parameters: {'Vahp': -38.0, 'Vth': -22.5, 'Vmax': 28.5, 't_ref': 18.5, 'R': 1.0, 'tau_m': 234.5, 'rate_low': 19.5, 'rate_high': 36.5}.[0m
2021-04-21 14:16:22.013388: I tensorflow/compiler/jit/xla_gpu_device.cc:99] Not creating XLA devices, tf_xla_enable_xla_devices not set
maxFreq at 10nA: 1000.0
2021-04-21 14:16:50.222429: I tensorflow/compiler/jit/xla_gpu_device.cc:99] Not creating XLA devices, tf_xla_enable_xla_devices not set
2021-04-21 14:17:06.341765: I tensorflow/compiler/jit/xla_gpu_device.cc:99] Not creating XLA devices, tf_xla_enable_xla_devices not set
mse and spike frequency: 0.12401 1000.1
[32m[I 2021-04-21 14:17:22,040][0m Trial 93 finished with values: [0.12401, 1000.1] with parameters: {'Vahp': -58.0, 'Vth': -58.5, 'Vmax': 39.0, 't_ref': 10.0, 'R': 0.30000000000000004, 'tau_m': 417.0, 'rate_low': 49.0, 'rate_high': 50.0}.[0m
2021-04-21 14:17:22.588664: I tensorflow/compiler/jit/xla_gpu_device.cc:99] Not creating XLA devices, tf_xla_enable_xla_devices not set
maxFreq at 10nA: 50.0
2021-04-21 14:17:51.168246: I tensorflow/compiler/jit/xla_gpu_device.cc:99] Not creating XLA devices, tf_xla_enable_xla_devices not set
2021-04-21 14:18:07.247114: I tensorflow/compiler/jit/xla_gpu_device.cc:99] Not creating XLA devices, tf_xla_enable_xla_devices not set
mse and spike frequency: 0.00375 9.06
[32m[I 2021-04-21 14:18:23,110][0m Trial 94 finished with values: [0.00375, 9.06] with parameters: {'Vahp': -56.5, 'Vth': -56.0, 'Vmax': 16.0, 't_ref': 19.0, 'R': 0.2, 'tau_m': 436.5, 'rate_low': 12.0, 'rate_high': 41.0}.[0m
2021-04-21 14:18:23.668167: I tensorflow/compiler/jit/xla_gpu_device.cc:99] Not creating XLA devices, tf_xla_enable_xla_devices not set
maxFreq at 10nA: 1000.0
2021-04-21 14:18:52.134902: I tensorflow/compiler/jit/xla_gpu_device.cc:99] Not creating XLA devices, tf_xla_enable_xla_devices not set
2021-04-21 14:19:08.048899: I tensorflow/compiler/jit/xla_gpu_device.cc:99] Not creating XLA devices, tf_xla_enable_xla_devices not set
mse and spike frequency: 0.12656 0.0
[32m[I 2021-04-21 14:19:24,134][0m Trial 95 finished with values: [0.12656, 0.0] with parameters: {'Vahp': -28.5, 'Vth': -56.0, 'Vmax': 33.0, 't_ref': 8.0, 'R': 0.2, 'tau_m': 436.5, 'rate_low': 12.0, 'rate_high': 19.0}.[0m
2021-04-21 14:19:24.719135: I tensorflow/compiler/jit/xla_gpu_device.cc:99] Not creating XLA devices, tf_xla_enable_xla_devices not set
maxFreq at 10nA: 999.0
2021-04-21 14:19:53.396590: I tensorflow/compiler/jit/xla_gpu_device.cc:99] Not creating XLA devices, tf_xla_enable_xla_devices not set
2021-04-21 14:20:09.298788: I tensorflow/compiler/jit/xla_gpu_device.cc:99] Not creating XLA devices, tf_xla_enable_xla_devices not set
mse and spike frequency: 0.12656 0.0
[32m[I 2021-04-21 14:20:25,153][0m Trial 96 finished with values: [0.12656, 0.0] with parameters: {'Vahp': -21.0, 'Vth': -27.5, 'Vmax': 35.5, 't_ref': 1.0, 'R': 0.2, 'tau_m': 99.0, 'rate_low': 21.0, 'rate_high': 33.0}.[0m
2021-04-21 14:20:25.850682: I tensorflow/compiler/jit/xla_gpu_device.cc:99] Not creating XLA devices, tf_xla_enable_xla_devices not set
maxFreq at 10nA: 48.0
2021-04-21 14:20:54.560423: I tensorflow/compiler/jit/xla_gpu_device.cc:99] Not creating XLA devices, tf_xla_enable_xla_devices not set
2021-04-21 14:21:10.875686: I tensorflow/compiler/jit/xla_gpu_device.cc:99] Not creating XLA devices, tf_xla_enable_xla_devices not set
mse and spike frequency: 0.00924 2.11
[32m[I 2021-04-21 14:21:26,526][0m Trial 97 finished with values: [0.00924, 2.11] with parameters: {'Vahp': -43.0, 'Vth': -36.5, 'Vmax': 33.0, 't_ref': 19.0, 'R': 0.1, 'tau_m': 300.5, 'rate_low': 11.5, 'rate_high': 35.0}.[0m
2021-04-21 14:21:27.206602: I tensorflow/compiler/jit/xla_gpu_device.cc:99] Not creating XLA devices, tf_xla_enable_xla_devices not set
maxFreq at 10nA: 334.0
2021-04-21 14:21:55.556214: I tensorflow/compiler/jit/xla_gpu_device.cc:99] Not creating XLA devices, tf_xla_enable_xla_devices not set
2021-04-21 14:22:11.610330: I tensorflow/compiler/jit/xla_gpu_device.cc:99] Not creating XLA devices, tf_xla_enable_xla_devices not set
mse and spike frequency: 0.00072 12.01
[32m[I 2021-04-21 14:22:27,082][0m Trial 98 finished with values: [0.00072, 12.01] with parameters: {'Vahp': -55.5, 'Vth': -45.5, 'Vmax': 36.5, 't_ref': 1.5, 'R': 0.1, 'tau_m': 45.5, 'rate_low': 8.5, 'rate_high': 43.5}.[0m
2021-04-21 14:22:27.720701: I tensorflow/compiler/jit/xla_gpu_device.cc:99] Not creating XLA devices, tf_xla_enable_xla_devices not set
maxFreq at 10nA: 998.0
2021-04-21 14:22:55.598185: I tensorflow/compiler/jit/xla_gpu_device.cc:99] Not creating XLA devices, tf_xla_enable_xla_devices not set
2021-04-21 14:23:11.690202: I tensorflow/compiler/jit/xla_gpu_device.cc:99] Not creating XLA devices, tf_xla_enable_xla_devices not set
mse and spike frequency: 0.12656 0.0
[32m[I 2021-04-21 14:23:27,052][0m Trial 99 finished with values: [0.12656, 0.0] with parameters: {'Vahp': -29.5, 'Vth': -33.5, 'Vmax': 19.0, 't_ref': 9.0, 'R': 0.4, 'tau_m': 445.5, 'rate_low': 30.5, 'rate_high': 44.5}.[0m
2021-04-21 14:23:27.753566: I tensorflow/compiler/jit/xla_gpu_device.cc:99] Not creating XLA devices, tf_xla_enable_xla_devices not set
maxFreq at 10nA: 1000.0
2021-04-21 14:23:56.249260: I tensorflow/compiler/jit/xla_gpu_device.cc:99] Not creating XLA devices, tf_xla_enable_xla_devices not set
2021-04-21 14:24:12.542218: I tensorflow/compiler/jit/xla_gpu_device.cc:99] Not creating XLA devices, tf_xla_enable_xla_devices not set
mse and spike frequency: 0.12656 0.0
[32m[I 2021-04-21 14:24:28,018][0m Trial 100 finished with values: [0.12656, 0.0] with parameters: {'Vahp': -21.0, 'Vth': -22.5, 'Vmax': 28.5, 't_ref': 1.0, 'R': 0.6, 'tau_m': 38.0, 'rate_low': 21.0, 'rate_high': 36.5}.[0m
2021-04-21 14:24:28.793679: I tensorflow/compiler/jit/xla_gpu_device.cc:99] Not creating XLA devices, tf_xla_enable_xla_devices not set
maxFreq at 10nA: 999.0
2021-04-21 14:24:56.924184: I tensorflow/compiler/jit/xla_gpu_device.cc:99] Not creating XLA devices, tf_xla_enable_xla_devices not set
2021-04-21 14:25:13.201135: I tensorflow/compiler/jit/xla_gpu_device.cc:99] Not creating XLA devices, tf_xla_enable_xla_devices not set
mse and spike frequency: 0.12656 0.0
[32m[I 2021-04-21 14:25:29,116][0m Trial 101 finished with values: [0.12656, 0.0] with parameters: {'Vahp': -29.5, 'Vth': -33.5, 'Vmax': 21.5, 't_ref': 10.0, 'R': 0.5, 'tau_m': 395.0, 'rate_low': 27.0, 'rate_high': 44.5}.[0m
2021-04-21 14:25:29.793535: I tensorflow/compiler/jit/xla_gpu_device.cc:99] Not creating XLA devices, tf_xla_enable_xla_devices not set
maxFreq at 10nA: 1000.0
2021-04-21 14:25:58.087139: I tensorflow/compiler/jit/xla_gpu_device.cc:99] Not creating XLA devices, tf_xla_enable_xla_devices not set
2021-04-21 14:26:14.573143: I tensorflow/compiler/jit/xla_gpu_device.cc:99] Not creating XLA devices, tf_xla_enable_xla_devices not set
mse and spike frequency: 0.12656 0.0
[32m[I 2021-04-21 14:26:30,569][0m Trial 102 finished with values: [0.12656, 0.0] with parameters: {'Vahp': -41.0, 'Vth': -46.5, 'Vmax': 38.5, 't_ref': 0.5, 'R': 1.0, 'tau_m': 101.5, 'rate_low': 35.5, 'rate_high': 36.0}.[0m
2021-04-21 14:26:31.213346: I tensorflow/compiler/jit/xla_gpu_device.cc:99] Not creating XLA devices, tf_xla_enable_xla_devices not set
maxFreq at 10nA: 141.0
2021-04-21 14:27:00.538149: I tensorflow/compiler/jit/xla_gpu_device.cc:99] Not creating XLA devices, tf_xla_enable_xla_devices not set
2021-04-21 14:27:17.451038: I tensorflow/compiler/jit/xla_gpu_device.cc:99] Not creating XLA devices, tf_xla_enable_xla_devices not set
mse and spike frequency: 0.12167 0.14
[32m[I 2021-04-21 14:27:33,604][0m Trial 103 finished with values: [0.12167, 0.14] with parameters: {'Vahp': -31.5, 'Vth': -30.0, 'Vmax': 33.5, 't_ref': 6.0, 'R': 0.1, 'tau_m': 479.0, 'rate_low': 4.0, 'rate_high': 36.5}.[0m
2021-04-21 14:27:34.221821: I tensorflow/compiler/jit/xla_gpu_device.cc:99] Not creating XLA devices, tf_xla_enable_xla_devices not set
maxFreq at 10nA: 500.0
2021-04-21 14:28:03.321146: I tensorflow/compiler/jit/xla_gpu_device.cc:99] Not creating XLA devices, tf_xla_enable_xla_devices not set
2021-04-21 14:28:20.441501: I tensorflow/compiler/jit/xla_gpu_device.cc:99] Not creating XLA devices, tf_xla_enable_xla_devices not set
mse and spike frequency: 0.12656 0.0
[32m[I 2021-04-21 14:28:36,836][0m Trial 104 finished with values: [0.12656, 0.0] with parameters: {'Vahp': -31.0, 'Vth': -27.5, 'Vmax': 35.5, 't_ref': 1.0, 'R': 0.2, 'tau_m': 43.0, 'rate_low': 21.0, 'rate_high': 30.5}.[0m
2021-04-21 14:28:37.479633: I tensorflow/compiler/jit/xla_gpu_device.cc:99] Not creating XLA devices, tf_xla_enable_xla_devices not set
maxFreq at 10nA: 1000.0
2021-04-21 14:29:06.454284: I tensorflow/compiler/jit/xla_gpu_device.cc:99] Not creating XLA devices, tf_xla_enable_xla_devices not set
2021-04-21 14:29:23.969975: I tensorflow/compiler/jit/xla_gpu_device.cc:99] Not creating XLA devices, tf_xla_enable_xla_devices not set
mse and spike frequency: 0.12656 0.0
[32m[I 2021-04-21 14:29:40,720][0m Trial 105 finished with values: [0.12656, 0.0] with parameters: {'Vahp': -24.5, 'Vth': -56.0, 'Vmax': 21.5, 't_ref': 17.5, 'R': 0.6, 'tau_m': 259.0, 'rate_low': 22.5, 'rate_high': 49.0}.[0m
2021-04-21 14:29:41.352957: I tensorflow/compiler/jit/xla_gpu_device.cc:99] Not creating XLA devices, tf_xla_enable_xla_devices not set
maxFreq at 10nA: 143.0
2021-04-21 14:30:11.079849: I tensorflow/compiler/jit/xla_gpu_device.cc:99] Not creating XLA devices, tf_xla_enable_xla_devices not set
2021-04-21 14:30:28.539793: I tensorflow/compiler/jit/xla_gpu_device.cc:99] Not creating XLA devices, tf_xla_enable_xla_devices not set
mse and spike frequency: 0.00199 4.16
[32m[I 2021-04-21 14:30:45,415][0m Trial 106 finished with values: [0.00199, 4.16] with parameters: {'Vahp': -38.0, 'Vth': -22.5, 'Vmax': 28.5, 't_ref': 5.0, 'R': 0.4, 'tau_m': 473.0, 'rate_low': 8.5, 'rate_high': 36.5}.[0m
2021-04-21 14:30:46.036998: I tensorflow/compiler/jit/xla_gpu_device.cc:99] Not creating XLA devices, tf_xla_enable_xla_devices not set
maxFreq at 10nA: 1000.0
2021-04-21 14:31:15.454444: I tensorflow/compiler/jit/xla_gpu_device.cc:99] Not creating XLA devices, tf_xla_enable_xla_devices not set
2021-04-21 14:31:33.558717: I tensorflow/compiler/jit/xla_gpu_device.cc:99] Not creating XLA devices, tf_xla_enable_xla_devices not set
mse and spike frequency: 0.12656 0.0
[32m[I 2021-04-21 14:31:50,510][0m Trial 107 finished with values: [0.12656, 0.0] with parameters: {'Vahp': -23.0, 'Vth': -56.0, 'Vmax': 29.0, 't_ref': 8.0, 'R': 0.6, 'tau_m': 436.5, 'rate_low': 10.5, 'rate_high': 27.5}.[0m
2021-04-21 14:31:51.143737: I tensorflow/compiler/jit/xla_gpu_device.cc:99] Not creating XLA devices, tf_xla_enable_xla_devices not set
maxFreq at 10nA: 40.0
2021-04-21 14:32:20.506136: I tensorflow/compiler/jit/xla_gpu_device.cc:99] Not creating XLA devices, tf_xla_enable_xla_devices not set
2021-04-21 14:32:38.280349: I tensorflow/compiler/jit/xla_gpu_device.cc:99] Not creating XLA devices, tf_xla_enable_xla_devices not set
mse and spike frequency: 0.01964 1.34
[32m[I 2021-04-21 14:32:55,814][0m Trial 108 finished with values: [0.01964, 1.34] with parameters: {'Vahp': -54.0, 'Vth': -22.5, 'Vmax': 16.0, 't_ref': 19.0, 'R': 0.2, 'tau_m': 369.5, 'rate_low': 8.5, 'rate_high': 41.0}.[0m
2021-04-21 14:32:56.476727: I tensorflow/compiler/jit/xla_gpu_device.cc:99] Not creating XLA devices, tf_xla_enable_xla_devices not set
maxFreq at 10nA: 996.0
2021-04-21 14:33:26.559899: I tensorflow/compiler/jit/xla_gpu_device.cc:99] Not creating XLA devices, tf_xla_enable_xla_devices not set
2021-04-21 14:33:45.102652: I tensorflow/compiler/jit/xla_gpu_device.cc:99] Not creating XLA devices, tf_xla_enable_xla_devices not set
mse and spike frequency: 0.12656 0.0
[32m[I 2021-04-21 14:34:02,650][0m Trial 109 finished with values: [0.12656, 0.0] with parameters: {'Vahp': -23.0, 'Vth': -42.5, 'Vmax': 21.5, 't_ref': 16.5, 'R': 0.1, 'tau_m': 266.0, 'rate_low': 42.0, 'rate_high': 47.5}.[0m
2021-04-21 14:34:03.302517: I tensorflow/compiler/jit/xla_gpu_device.cc:99] Not creating XLA devices, tf_xla_enable_xla_devices not set
maxFreq at 10nA: 1000.0
2021-04-21 14:34:32.956273: I tensorflow/compiler/jit/xla_gpu_device.cc:99] Not creating XLA devices, tf_xla_enable_xla_devices not set
2021-04-21 14:34:51.580530: I tensorflow/compiler/jit/xla_gpu_device.cc:99] Not creating XLA devices, tf_xla_enable_xla_devices not set
mse and spike frequency: 0.12656 0.0
[32m[I 2021-04-21 14:35:09,010][0m Trial 110 finished with values: [0.12656, 0.0] with parameters: {'Vahp': -23.0, 'Vth': -58.0, 'Vmax': 29.0, 't_ref': 0.5, 'R': 0.6, 'tau_m': 314.0, 'rate_low': 10.5, 'rate_high': 44.0}.[0m
2021-04-21 14:35:09.688629: I tensorflow/compiler/jit/xla_gpu_device.cc:99] Not creating XLA devices, tf_xla_enable_xla_devices not set
maxFreq at 10nA: 1000.0
2021-04-21 14:35:39.403045: I tensorflow/compiler/jit/xla_gpu_device.cc:99] Not creating XLA devices, tf_xla_enable_xla_devices not set
2021-04-21 14:35:58.077830: I tensorflow/compiler/jit/xla_gpu_device.cc:99] Not creating XLA devices, tf_xla_enable_xla_devices not set
mse and spike frequency: 0.12656 0.0
[32m[I 2021-04-21 14:36:15,731][0m Trial 111 finished with values: [0.12656, 0.0] with parameters: {'Vahp': -29.5, 'Vth': -40.0, 'Vmax': 32.5, 't_ref': 16.5, 'R': 1.0, 'tau_m': 314.0, 'rate_low': 24.0, 'rate_high': 47.5}.[0m
2021-04-21 14:36:16.332835: I tensorflow/compiler/jit/xla_gpu_device.cc:99] Not creating XLA devices, tf_xla_enable_xla_devices not set
maxFreq at 10nA: 99.0
2021-04-21 14:36:45.940877: I tensorflow/compiler/jit/xla_gpu_device.cc:99] Not creating XLA devices, tf_xla_enable_xla_devices not set
2021-04-21 14:37:04.768720: I tensorflow/compiler/jit/xla_gpu_device.cc:99] Not creating XLA devices, tf_xla_enable_xla_devices not set
mse and spike frequency: 0.00933 2.27
[32m[I 2021-04-21 14:37:22,548][0m Trial 112 finished with values: [0.00933, 2.27] with parameters: {'Vahp': -37.5, 'Vth': -27.5, 'Vmax': 33.0, 't_ref': 6.0, 'R': 0.1, 'tau_m': 357.5, 'rate_low': 21.0, 'rate_high': 33.0}.[0m
2021-04-21 14:37:23.144130: I tensorflow/compiler/jit/xla_gpu_device.cc:99] Not creating XLA devices, tf_xla_enable_xla_devices not set
maxFreq at 10nA: 1000.0
2021-04-21 14:37:52.657442: I tensorflow/compiler/jit/xla_gpu_device.cc:99] Not creating XLA devices, tf_xla_enable_xla_devices not set
2021-04-21 14:38:12.028726: I tensorflow/compiler/jit/xla_gpu_device.cc:99] Not creating XLA devices, tf_xla_enable_xla_devices not set
mse and spike frequency: 0.12656 0.0
[32m[I 2021-04-21 14:38:29,921][0m Trial 113 finished with values: [0.12656, 0.0] with parameters: {'Vahp': -21.5, 'Vth': -55.5, 'Vmax': 19.5, 't_ref': 14.0, 'R': 0.1, 'tau_m': 89.0, 'rate_low': 17.0, 'rate_high': 35.0}.[0m
2021-04-21 14:38:30.529074: I tensorflow/compiler/jit/xla_gpu_device.cc:99] Not creating XLA devices, tf_xla_enable_xla_devices not set
maxFreq at 10nA: 1000.0
2021-04-21 14:38:59.821455: I tensorflow/compiler/jit/xla_gpu_device.cc:99] Not creating XLA devices, tf_xla_enable_xla_devices not set
2021-04-21 14:39:18.726666: I tensorflow/compiler/jit/xla_gpu_device.cc:99] Not creating XLA devices, tf_xla_enable_xla_devices not set
mse and spike frequency: 0.12656 0.0
[32m[I 2021-04-21 14:39:36,717][0m Trial 114 finished with values: [0.12656, 0.0] with parameters: {'Vahp': -35.5, 'Vth': -45.5, 'Vmax': 27.0, 't_ref': 1.5, 'R': 0.1, 'tau_m': 45.5, 'rate_low': 47.5, 'rate_high': 47.5}.[0m
2021-04-21 14:39:37.297615: I tensorflow/compiler/jit/xla_gpu_device.cc:99] Not creating XLA devices, tf_xla_enable_xla_devices not set
maxFreq at 10nA: 1000.0
2021-04-21 14:40:07.032827: I tensorflow/compiler/jit/xla_gpu_device.cc:99] Not creating XLA devices, tf_xla_enable_xla_devices not set
2021-04-21 14:40:26.829524: I tensorflow/compiler/jit/xla_gpu_device.cc:99] Not creating XLA devices, tf_xla_enable_xla_devices not set
mse and spike frequency: 0.12656 0.0
[32m[I 2021-04-21 14:40:45,591][0m Trial 115 finished with values: [0.12656, 0.0] with parameters: {'Vahp': -21.5, 'Vth': -55.5, 'Vmax': 21.5, 't_ref': 16.5, 'R': 0.1, 'tau_m': 71.5, 'rate_low': 13.5, 'rate_high': 35.0}.[0m
2021-04-21 14:40:46.208046: I tensorflow/compiler/jit/xla_gpu_device.cc:99] Not creating XLA devices, tf_xla_enable_xla_devices not set
maxFreq at 10nA: 1000.0
2021-04-21 14:41:16.091912: I tensorflow/compiler/jit/xla_gpu_device.cc:99] Not creating XLA devices, tf_xla_enable_xla_devices not set
2021-04-21 14:41:35.984329: I tensorflow/compiler/jit/xla_gpu_device.cc:99] Not creating XLA devices, tf_xla_enable_xla_devices not set
mse and spike frequency: 0.12656 0.0
[32m[I 2021-04-21 14:41:55,021][0m Trial 116 finished with values: [0.12656, 0.0] with parameters: {'Vahp': -42.5, 'Vth': -57.0, 'Vmax': 19.0, 't_ref': 14.5, 'R': 0.1, 'tau_m': 353.0, 'rate_low': 1.5, 'rate_high': 4.5}.[0m
2021-04-21 14:41:55.623930: I tensorflow/compiler/jit/xla_gpu_device.cc:99] Not creating XLA devices, tf_xla_enable_xla_devices not set
maxFreq at 10nA: 48.0
2021-04-21 14:42:25.741401: I tensorflow/compiler/jit/xla_gpu_device.cc:99] Not creating XLA devices, tf_xla_enable_xla_devices not set
2021-04-21 14:42:45.034579: I tensorflow/compiler/jit/xla_gpu_device.cc:99] Not creating XLA devices, tf_xla_enable_xla_devices not set
mse and spike frequency: 0.1396 0.59
[32m[I 2021-04-21 14:43:04,309][0m Trial 117 finished with values: [0.1396, 0.59] with parameters: {'Vahp': -21.0, 'Vth': -21.0, 'Vmax': 12.0, 't_ref': 19.5, 'R': 0.6, 'tau_m': 374.0, 'rate_low': 22.0, 'rate_high': 38.5}.[0m
2021-04-21 14:43:04.898504: I tensorflow/compiler/jit/xla_gpu_device.cc:99] Not creating XLA devices, tf_xla_enable_xla_devices not set
maxFreq at 10nA: 1000.0
2021-04-21 14:43:34.022530: I tensorflow/compiler/jit/xla_gpu_device.cc:99] Not creating XLA devices, tf_xla_enable_xla_devices not set
2021-04-21 14:43:54.105032: I tensorflow/compiler/jit/xla_gpu_device.cc:99] Not creating XLA devices, tf_xla_enable_xla_devices not set
mse and spike frequency: 0.12656 0.0
[32m[I 2021-04-21 14:44:14,334][0m Trial 118 finished with values: [0.12656, 0.0] with parameters: {'Vahp': -21.0, 'Vth': -53.5, 'Vmax': 29.0, 't_ref': 9.5, 'R': 1.0, 'tau_m': 374.0, 'rate_low': 35.5, 'rate_high': 12.0}.[0m
2021-04-21 14:44:15.007319: I tensorflow/compiler/jit/xla_gpu_device.cc:99] Not creating XLA devices, tf_xla_enable_xla_devices not set
maxFreq at 10nA: 999.0
2021-04-21 14:44:45.286088: I tensorflow/compiler/jit/xla_gpu_device.cc:99] Not creating XLA devices, tf_xla_enable_xla_devices not set
2021-04-21 14:45:04.807130: I tensorflow/compiler/jit/xla_gpu_device.cc:99] Not creating XLA devices, tf_xla_enable_xla_devices not set
mse and spike frequency: 0.12656 0.0
[32m[I 2021-04-21 14:45:24,278][0m Trial 119 finished with values: [0.12656, 0.0] with parameters: {'Vahp': -21.0, 'Vth': -53.5, 'Vmax': 12.0, 't_ref': 9.5, 'R': 0.2, 'tau_m': 436.5, 'rate_low': 12.0, 'rate_high': 12.0}.[0m
2021-04-21 14:45:24.964344: I tensorflow/compiler/jit/xla_gpu_device.cc:99] Not creating XLA devices, tf_xla_enable_xla_devices not set
maxFreq at 10nA: 1000.0
2021-04-21 14:45:55.004231: I tensorflow/compiler/jit/xla_gpu_device.cc:99] Not creating XLA devices, tf_xla_enable_xla_devices not set
2021-04-21 14:46:14.324441: I tensorflow/compiler/jit/xla_gpu_device.cc:99] Not creating XLA devices, tf_xla_enable_xla_devices not set
mse and spike frequency: 0.12656 0.0
