2021-04-21 13:09:39.540897: I tensorflow/stream_executor/platform/default/dso_loader.cc:49] Successfully opened dynamic library libcudart.so.11.0
Build finished in 0:00:01.                                                      
Simulation finished in 0:00:01.                                                 
[32m[I 2021-04-21 13:09:42,395][0m A new study created in memory with name: no-name-d9cdb4ce-d644-4861-bff9-860a1a91f0a2[0m
2021-04-21 13:09:42.580036: I tensorflow/compiler/jit/xla_cpu_device.cc:41] Not creating XLA devices, tf_xla_enable_xla_devices not set
2021-04-21 13:09:42.581099: I tensorflow/stream_executor/platform/default/dso_loader.cc:49] Successfully opened dynamic library libcuda.so.1
2021-04-21 13:09:43.519675: E tensorflow/stream_executor/cuda/cuda_driver.cc:328] failed call to cuInit: CUDA_ERROR_NO_DEVICE: no CUDA-capable device is detected
2021-04-21 13:09:43.519739: I tensorflow/stream_executor/cuda/cuda_diagnostics.cc:169] retrieving CUDA diagnostic information for host: comparch-t640
2021-04-21 13:09:43.519753: I tensorflow/stream_executor/cuda/cuda_diagnostics.cc:176] hostname: comparch-t640
2021-04-21 13:09:43.519916: I tensorflow/stream_executor/cuda/cuda_diagnostics.cc:200] libcuda reported version is: 450.66.0
2021-04-21 13:09:43.519949: I tensorflow/stream_executor/cuda/cuda_diagnostics.cc:204] kernel reported version is: 450.66.0
2021-04-21 13:09:43.519957: I tensorflow/stream_executor/cuda/cuda_diagnostics.cc:310] kernel version seems to match DSO: 450.66.0
2021-04-21 13:09:43.520274: I tensorflow/core/platform/cpu_feature_guard.cc:142] This TensorFlow binary is optimized with oneAPI Deep Neural Network Library (oneDNN) to use the following CPU instructions in performance-critical operations:  AVX2 AVX512F FMA
To enable them in other operations, rebuild TensorFlow with the appropriate compiler flags.
2021-04-21 13:09:43.522446: I tensorflow/compiler/jit/xla_gpu_device.cc:99] Not creating XLA devices, tf_xla_enable_xla_devices not set
2021-04-21 13:09:43.536101: I tensorflow/compiler/mlir/mlir_graph_optimization_pass.cc:196] None of the MLIR optimization passes are enabled (registered 0 passes)
2021-04-21 13:09:43.540748: I tensorflow/core/platform/profile_utils/cpu_utils.cc:112] CPU Frequency: 2100000000 Hz
maxFreq at 10nA: 1000.0
2021-04-21 13:09:59.425713: I tensorflow/compiler/jit/xla_gpu_device.cc:99] Not creating XLA devices, tf_xla_enable_xla_devices not set
2021-04-21 13:10:06.235266: I tensorflow/compiler/jit/xla_gpu_device.cc:99] Not creating XLA devices, tf_xla_enable_xla_devices not set
mse and spike frequency: 0.12656 0.0
[32m[I 2021-04-21 13:10:12,209][0m Trial 0 finished with values: [0.12656, 0.0] with parameters: {'Vahp': -22.5, 'Vth': -45.5, 'Vmax': 37.5, 't_ref': 11.0, 'R': 0.9, 'tau_m': 90.0, 'rate_low': 45.5, 'rate_high': 50.0}.[0m
2021-04-21 13:10:12.485724: I tensorflow/compiler/jit/xla_gpu_device.cc:99] Not creating XLA devices, tf_xla_enable_xla_devices not set
maxFreq at 10nA: 1000.0
2021-04-21 13:10:28.119721: I tensorflow/compiler/jit/xla_gpu_device.cc:99] Not creating XLA devices, tf_xla_enable_xla_devices not set
2021-04-21 13:10:34.811007: I tensorflow/compiler/jit/xla_gpu_device.cc:99] Not creating XLA devices, tf_xla_enable_xla_devices not set
mse and spike frequency: 0.12656 0.0
[32m[I 2021-04-21 13:10:40,709][0m Trial 1 finished with values: [0.12656, 0.0] with parameters: {'Vahp': -44.5, 'Vth': -55.0, 'Vmax': 27.5, 't_ref': 11.0, 'R': 0.1, 'tau_m': 51.0, 'rate_low': 28.0, 'rate_high': 41.5}.[0m
2021-04-21 13:10:41.001881: I tensorflow/compiler/jit/xla_gpu_device.cc:99] Not creating XLA devices, tf_xla_enable_xla_devices not set
maxFreq at 10nA: 996.0
2021-04-21 13:10:56.943262: I tensorflow/compiler/jit/xla_gpu_device.cc:99] Not creating XLA devices, tf_xla_enable_xla_devices not set
2021-04-21 13:11:04.191636: I tensorflow/compiler/jit/xla_gpu_device.cc:99] Not creating XLA devices, tf_xla_enable_xla_devices not set
mse and spike frequency: 0.12656 0.0
[32m[I 2021-04-21 13:11:10,156][0m Trial 2 finished with values: [0.12656, 0.0] with parameters: {'Vahp': -39.0, 'Vth': -46.5, 'Vmax': 16.5, 't_ref': 20.0, 'R': 0.1, 'tau_m': 388.0, 'rate_low': 14.0, 'rate_high': 43.5}.[0m
2021-04-21 13:11:10.437637: I tensorflow/compiler/jit/xla_gpu_device.cc:99] Not creating XLA devices, tf_xla_enable_xla_devices not set
maxFreq at 10nA: 995.0
2021-04-21 13:11:26.092151: I tensorflow/compiler/jit/xla_gpu_device.cc:99] Not creating XLA devices, tf_xla_enable_xla_devices not set
2021-04-21 13:11:33.427300: I tensorflow/compiler/jit/xla_gpu_device.cc:99] Not creating XLA devices, tf_xla_enable_xla_devices not set
mse and spike frequency: 0.12656 0.0
[32m[I 2021-04-21 13:11:38,489][0m Trial 3 finished with values: [0.12656, 0.0] with parameters: {'Vahp': -23.5, 'Vth': -32.0, 'Vmax': 34.5, 't_ref': 19.0, 'R': 0.1, 'tau_m': 204.0, 'rate_low': 40.5, 'rate_high': 41.0}.[0m
2021-04-21 13:11:38.774700: I tensorflow/compiler/jit/xla_gpu_device.cc:99] Not creating XLA devices, tf_xla_enable_xla_devices not set
maxFreq at 10nA: 999.0
2021-04-21 13:11:54.636558: I tensorflow/compiler/jit/xla_gpu_device.cc:99] Not creating XLA devices, tf_xla_enable_xla_devices not set
2021-04-21 13:12:01.947732: I tensorflow/compiler/jit/xla_gpu_device.cc:99] Not creating XLA devices, tf_xla_enable_xla_devices not set
mse and spike frequency: 0.12656 0.0
[32m[I 2021-04-21 13:12:07,772][0m Trial 4 finished with values: [0.12656, 0.0] with parameters: {'Vahp': -44.0, 'Vth': -52.5, 'Vmax': 38.0, 't_ref': 16.5, 'R': 0.2, 'tau_m': 365.0, 'rate_low': 47.0, 'rate_high': 48.5}.[0m
2021-04-21 13:12:08.074040: I tensorflow/compiler/jit/xla_gpu_device.cc:99] Not creating XLA devices, tf_xla_enable_xla_devices not set
maxFreq at 10nA: 63.0
2021-04-21 13:12:25.579118: I tensorflow/compiler/jit/xla_gpu_device.cc:99] Not creating XLA devices, tf_xla_enable_xla_devices not set
2021-04-21 13:12:32.644601: I tensorflow/compiler/jit/xla_gpu_device.cc:99] Not creating XLA devices, tf_xla_enable_xla_devices not set
mse and spike frequency: 0.00441 4.5
[32m[I 2021-04-21 13:12:38,117][0m Trial 5 finished with values: [0.00441, 4.5] with parameters: {'Vahp': -29.5, 'Vth': -22.0, 'Vmax': 31.5, 't_ref': 14.5, 'R': 0.7000000000000001, 'tau_m': 194.0, 'rate_low': 6.0, 'rate_high': 35.5}.[0m
2021-04-21 13:12:38.438301: I tensorflow/compiler/jit/xla_gpu_device.cc:99] Not creating XLA devices, tf_xla_enable_xla_devices not set
maxFreq at 10nA: 1000.0
2021-04-21 13:12:56.453426: I tensorflow/compiler/jit/xla_gpu_device.cc:99] Not creating XLA devices, tf_xla_enable_xla_devices not set
2021-04-21 13:13:03.504498: I tensorflow/compiler/jit/xla_gpu_device.cc:99] Not creating XLA devices, tf_xla_enable_xla_devices not set
mse and spike frequency: 0.12656 0.0
[32m[I 2021-04-21 13:13:09,010][0m Trial 6 finished with values: [0.12656, 0.0] with parameters: {'Vahp': -20.5, 'Vth': -45.5, 'Vmax': 32.5, 't_ref': 20.0, 'R': 0.5, 'tau_m': 204.0, 'rate_low': 35.0, 'rate_high': 36.5}.[0m
2021-04-21 13:13:09.324442: I tensorflow/compiler/jit/xla_gpu_device.cc:99] Not creating XLA devices, tf_xla_enable_xla_devices not set
maxFreq at 10nA: 1000.0
2021-04-21 13:13:27.141048: I tensorflow/compiler/jit/xla_gpu_device.cc:99] Not creating XLA devices, tf_xla_enable_xla_devices not set
2021-04-21 13:13:34.316822: I tensorflow/compiler/jit/xla_gpu_device.cc:99] Not creating XLA devices, tf_xla_enable_xla_devices not set
mse and spike frequency: 0.12401 1000.1
[32m[I 2021-04-21 13:13:39,911][0m Trial 7 finished with values: [0.12401, 1000.1] with parameters: {'Vahp': -37.0, 'Vth': -59.5, 'Vmax': 21.5, 't_ref': 3.5, 'R': 0.30000000000000004, 'tau_m': 347.5, 'rate_low': 31.5, 'rate_high': 49.0}.[0m
2021-04-21 13:13:40.274177: I tensorflow/compiler/jit/xla_gpu_device.cc:99] Not creating XLA devices, tf_xla_enable_xla_devices not set
maxFreq at 10nA: 100.0
2021-04-21 13:13:58.476234: I tensorflow/compiler/jit/xla_gpu_device.cc:99] Not creating XLA devices, tf_xla_enable_xla_devices not set
2021-04-21 13:14:05.237849: I tensorflow/compiler/jit/xla_gpu_device.cc:99] Not creating XLA devices, tf_xla_enable_xla_devices not set
mse and spike frequency: 0.00137 9.04
[32m[I 2021-04-21 13:14:11,023][0m Trial 8 finished with values: [0.00137, 9.04] with parameters: {'Vahp': -47.0, 'Vth': -37.0, 'Vmax': 26.0, 't_ref': 8.0, 'R': 0.4, 'tau_m': 469.5, 'rate_low': 11.0, 'rate_high': 46.5}.[0m
2021-04-21 13:14:11.362513: I tensorflow/compiler/jit/xla_gpu_device.cc:99] Not creating XLA devices, tf_xla_enable_xla_devices not set
maxFreq at 10nA: 1000.0
2021-04-21 13:14:29.870992: I tensorflow/compiler/jit/xla_gpu_device.cc:99] Not creating XLA devices, tf_xla_enable_xla_devices not set
2021-04-21 13:14:37.052903: I tensorflow/compiler/jit/xla_gpu_device.cc:99] Not creating XLA devices, tf_xla_enable_xla_devices not set
mse and spike frequency: 0.12656 0.0
[32m[I 2021-04-21 13:14:42,785][0m Trial 9 finished with values: [0.12656, 0.0] with parameters: {'Vahp': -35.5, 'Vth': -55.0, 'Vmax': 34.0, 't_ref': 6.5, 'R': 0.30000000000000004, 'tau_m': 376.5, 'rate_low': 26.0, 'rate_high': 42.5}.[0m
2021-04-21 13:14:43.120892: I tensorflow/compiler/jit/xla_gpu_device.cc:99] Not creating XLA devices, tf_xla_enable_xla_devices not set
maxFreq at 10nA: 43.0
2021-04-21 13:15:01.769782: I tensorflow/compiler/jit/xla_gpu_device.cc:99] Not creating XLA devices, tf_xla_enable_xla_devices not set
2021-04-21 13:15:08.926895: I tensorflow/compiler/jit/xla_gpu_device.cc:99] Not creating XLA devices, tf_xla_enable_xla_devices not set
mse and spike frequency: 0.03843 1.06
[32m[I 2021-04-21 13:15:14,918][0m Trial 10 finished with values: [0.03843, 1.06] with parameters: {'Vahp': -50.0, 'Vth': -22.0, 'Vmax': 10.5, 't_ref': 10.0, 'R': 0.1, 'tau_m': 444.0, 'rate_low': 29.0, 'rate_high': 30.0}.[0m
2021-04-21 13:15:15.279317: I tensorflow/compiler/jit/xla_gpu_device.cc:99] Not creating XLA devices, tf_xla_enable_xla_devices not set
maxFreq at 10nA: 996.0
2021-04-21 13:15:34.345952: I tensorflow/compiler/jit/xla_gpu_device.cc:99] Not creating XLA devices, tf_xla_enable_xla_devices not set
2021-04-21 13:15:41.701139: I tensorflow/compiler/jit/xla_gpu_device.cc:99] Not creating XLA devices, tf_xla_enable_xla_devices not set
mse and spike frequency: 0.12656 0.0
[32m[I 2021-04-21 13:15:47,900][0m Trial 11 finished with values: [0.12656, 0.0] with parameters: {'Vahp': -33.5, 'Vth': -35.0, 'Vmax': 22.0, 't_ref': 2.0, 'R': 0.2, 'tau_m': 370.0, 'rate_low': 11.0, 'rate_high': 22.5}.[0m
2021-04-21 13:15:48.217358: I tensorflow/compiler/jit/xla_gpu_device.cc:99] Not creating XLA devices, tf_xla_enable_xla_devices not set
maxFreq at 10nA: 1000.0
2021-04-21 13:16:06.413285: I tensorflow/compiler/jit/xla_gpu_device.cc:99] Not creating XLA devices, tf_xla_enable_xla_devices not set
2021-04-21 13:16:13.725079: I tensorflow/compiler/jit/xla_gpu_device.cc:99] Not creating XLA devices, tf_xla_enable_xla_devices not set
mse and spike frequency: 0.12656 0.0
[32m[I 2021-04-21 13:16:20,106][0m Trial 12 finished with values: [0.12656, 0.0] with parameters: {'Vahp': -31.5, 'Vth': -46.0, 'Vmax': 14.5, 't_ref': 15.0, 'R': 1.0, 'tau_m': 248.0, 'rate_low': 21.5, 'rate_high': 47.0}.[0m
2021-04-21 13:16:20.450169: I tensorflow/compiler/jit/xla_gpu_device.cc:99] Not creating XLA devices, tf_xla_enable_xla_devices not set
maxFreq at 10nA: 999.0
2021-04-21 13:16:40.222940: I tensorflow/compiler/jit/xla_gpu_device.cc:99] Not creating XLA devices, tf_xla_enable_xla_devices not set
2021-04-21 13:16:47.391089: I tensorflow/compiler/jit/xla_gpu_device.cc:99] Not creating XLA devices, tf_xla_enable_xla_devices not set
mse and spike frequency: 0.12656 0.0
[32m[I 2021-04-21 13:16:53,811][0m Trial 13 finished with values: [0.12656, 0.0] with parameters: {'Vahp': -26.0, 'Vth': -29.5, 'Vmax': 20.5, 't_ref': 10.0, 'R': 0.1, 'tau_m': 35.5, 'rate_low': 27.5, 'rate_high': 38.0}.[0m
2021-04-21 13:16:54.151799: I tensorflow/compiler/jit/xla_gpu_device.cc:99] Not creating XLA devices, tf_xla_enable_xla_devices not set
maxFreq at 10nA: 84.0
2021-04-21 13:17:13.761284: I tensorflow/compiler/jit/xla_gpu_device.cc:99] Not creating XLA devices, tf_xla_enable_xla_devices not set
2021-04-21 13:17:20.833674: I tensorflow/compiler/jit/xla_gpu_device.cc:99] Not creating XLA devices, tf_xla_enable_xla_devices not set
mse and spike frequency: 0.00459 24.01
[32m[I 2021-04-21 13:17:27,301][0m Trial 14 finished with values: [0.00459, 24.01] with parameters: {'Vahp': -27.0, 'Vth': -26.0, 'Vmax': 10.5, 't_ref': 11.0, 'R': 0.4, 'tau_m': 373.0, 'rate_low': 24.5, 'rate_high': 49.5}.[0m
2021-04-21 13:17:27.622682: I tensorflow/compiler/jit/xla_gpu_device.cc:99] Not creating XLA devices, tf_xla_enable_xla_devices not set
maxFreq at 10nA: 334.0
2021-04-21 13:17:47.648920: I tensorflow/compiler/jit/xla_gpu_device.cc:99] Not creating XLA devices, tf_xla_enable_xla_devices not set
2021-04-21 13:17:54.982623: I tensorflow/compiler/jit/xla_gpu_device.cc:99] Not creating XLA devices, tf_xla_enable_xla_devices not set
mse and spike frequency: 0.00043 13.5
[32m[I 2021-04-21 13:18:01,584][0m Trial 15 finished with values: [0.00043, 13.5] with parameters: {'Vahp': -54.0, 'Vth': -33.5, 'Vmax': 19.5, 't_ref': 2.0, 'R': 0.4, 'tau_m': 112.5, 'rate_low': 7.5, 'rate_high': 44.0}.[0m
2021-04-21 13:18:01.907481: I tensorflow/compiler/jit/xla_gpu_device.cc:99] Not creating XLA devices, tf_xla_enable_xla_devices not set
maxFreq at 10nA: 39.0
2021-04-21 13:18:21.858498: I tensorflow/compiler/jit/xla_gpu_device.cc:99] Not creating XLA devices, tf_xla_enable_xla_devices not set
2021-04-21 13:18:28.903179: I tensorflow/compiler/jit/xla_gpu_device.cc:99] Not creating XLA devices, tf_xla_enable_xla_devices not set
mse and spike frequency: 0.00984 4.22
[32m[I 2021-04-21 13:18:35,476][0m Trial 16 finished with values: [0.00984, 4.22] with parameters: {'Vahp': -50.5, 'Vth': -23.0, 'Vmax': 30.0, 't_ref': 19.5, 'R': 0.2, 'tau_m': 406.5, 'rate_low': 43.0, 'rate_high': 45.0}.[0m
2021-04-21 13:18:35.822800: I tensorflow/compiler/jit/xla_gpu_device.cc:99] Not creating XLA devices, tf_xla_enable_xla_devices not set
maxFreq at 10nA: 999.0
2021-04-21 13:18:56.170598: I tensorflow/compiler/jit/xla_gpu_device.cc:99] Not creating XLA devices, tf_xla_enable_xla_devices not set
2021-04-21 13:19:03.778414: I tensorflow/compiler/jit/xla_gpu_device.cc:99] Not creating XLA devices, tf_xla_enable_xla_devices not set
mse and spike frequency: 0.12656 0.0
[32m[I 2021-04-21 13:19:10,373][0m Trial 17 finished with values: [0.12656, 0.0] with parameters: {'Vahp': -38.5, 'Vth': -45.5, 'Vmax': 34.0, 't_ref': 3.5, 'R': 0.5, 'tau_m': 496.5, 'rate_low': 0.5, 'rate_high': 9.5}.[0m
2021-04-21 13:19:10.785322: I tensorflow/compiler/jit/xla_gpu_device.cc:99] Not creating XLA devices, tf_xla_enable_xla_devices not set
maxFreq at 10nA: 91.0
2021-04-21 13:19:31.450203: I tensorflow/compiler/jit/xla_gpu_device.cc:99] Not creating XLA devices, tf_xla_enable_xla_devices not set
2021-04-21 13:19:38.939952: I tensorflow/compiler/jit/xla_gpu_device.cc:99] Not creating XLA devices, tf_xla_enable_xla_devices not set
mse and spike frequency: 0.02596 1.94
[32m[I 2021-04-21 13:19:45,699][0m Trial 18 finished with values: [0.02596, 1.94] with parameters: {'Vahp': -54.5, 'Vth': -26.5, 'Vmax': 25.5, 't_ref': 10.0, 'R': 0.2, 'tau_m': 60.5, 'rate_low': 4.5, 'rate_high': 25.0}.[0m
2021-04-21 13:19:46.152480: I tensorflow/compiler/jit/xla_gpu_device.cc:99] Not creating XLA devices, tf_xla_enable_xla_devices not set
maxFreq at 10nA: 1000.0
2021-04-21 13:20:06.703584: I tensorflow/compiler/jit/xla_gpu_device.cc:99] Not creating XLA devices, tf_xla_enable_xla_devices not set
2021-04-21 13:20:14.374463: I tensorflow/compiler/jit/xla_gpu_device.cc:99] Not creating XLA devices, tf_xla_enable_xla_devices not set
mse and spike frequency: 0.12656 0.0
[32m[I 2021-04-21 13:20:20,804][0m Trial 19 finished with values: [0.12656, 0.0] with parameters: {'Vahp': -42.0, 'Vth': -53.5, 'Vmax': 39.5, 't_ref': 12.5, 'R': 0.6, 'tau_m': 428.0, 'rate_low': 29.5, 'rate_high': 30.5}.[0m
2021-04-21 13:20:21.282670: I tensorflow/compiler/jit/xla_gpu_device.cc:99] Not creating XLA devices, tf_xla_enable_xla_devices not set
maxFreq at 10nA: 1000.0
2021-04-21 13:20:41.635248: I tensorflow/compiler/jit/xla_gpu_device.cc:99] Not creating XLA devices, tf_xla_enable_xla_devices not set
2021-04-21 13:20:49.494704: I tensorflow/compiler/jit/xla_gpu_device.cc:99] Not creating XLA devices, tf_xla_enable_xla_devices not set
mse and spike frequency: 0.12656 0.0
[32m[I 2021-04-21 13:20:56,305][0m Trial 20 finished with values: [0.12656, 0.0] with parameters: {'Vahp': -33.5, 'Vth': -40.5, 'Vmax': 37.0, 't_ref': 3.0, 'R': 0.7000000000000001, 'tau_m': 91.5, 'rate_low': 34.5, 'rate_high': 46.5}.[0m
2021-04-21 13:20:56.743667: I tensorflow/compiler/jit/xla_gpu_device.cc:99] Not creating XLA devices, tf_xla_enable_xla_devices not set
maxFreq at 10nA: 1000.0
2021-04-21 13:21:16.177235: I tensorflow/compiler/jit/xla_gpu_device.cc:99] Not creating XLA devices, tf_xla_enable_xla_devices not set
2021-04-21 13:21:24.086403: I tensorflow/compiler/jit/xla_gpu_device.cc:99] Not creating XLA devices, tf_xla_enable_xla_devices not set
mse and spike frequency: 0.12656 0.0
[32m[I 2021-04-21 13:21:30,756][0m Trial 21 finished with values: [0.12656, 0.0] with parameters: {'Vahp': -31.0, 'Vth': -40.5, 'Vmax': 36.5, 't_ref': 13.0, 'R': 1.0, 'tau_m': 129.5, 'rate_low': 21.5, 'rate_high': 48.5}.[0m
2021-04-21 13:21:31.112467: I tensorflow/compiler/jit/xla_gpu_device.cc:99] Not creating XLA devices, tf_xla_enable_xla_devices not set
maxFreq at 10nA: 77.0
2021-04-21 13:21:51.026742: I tensorflow/compiler/jit/xla_gpu_device.cc:99] Not creating XLA devices, tf_xla_enable_xla_devices not set
2021-04-21 13:21:58.964617: I tensorflow/compiler/jit/xla_gpu_device.cc:99] Not creating XLA devices, tf_xla_enable_xla_devices not set
mse and spike frequency: 0.12656 0.0
[32m[I 2021-04-21 13:22:05,974][0m Trial 22 finished with values: [0.12656, 0.0] with parameters: {'Vahp': -38.5, 'Vth': -37.0, 'Vmax': 34.0, 't_ref': 11.5, 'R': 0.2, 'tau_m': 33.5, 'rate_low': 33.0, 'rate_high': 43.5}.[0m
2021-04-21 13:22:06.374182: I tensorflow/compiler/jit/xla_gpu_device.cc:99] Not creating XLA devices, tf_xla_enable_xla_devices not set
maxFreq at 10nA: 143.0
2021-04-21 13:22:26.767243: I tensorflow/compiler/jit/xla_gpu_device.cc:99] Not creating XLA devices, tf_xla_enable_xla_devices not set
2021-04-21 13:22:35.068149: I tensorflow/compiler/jit/xla_gpu_device.cc:99] Not creating XLA devices, tf_xla_enable_xla_devices not set
mse and spike frequency: 0.00195 28.44
[32m[I 2021-04-21 13:22:42,476][0m Trial 23 finished with values: [0.00195, 28.44] with parameters: {'Vahp': -35.5, 'Vth': -30.0, 'Vmax': 29.0, 't_ref': 5.5, 'R': 0.5, 'tau_m': 271.0, 'rate_low': 22.5, 'rate_high': 39.0}.[0m
2021-04-21 13:22:42.859553: I tensorflow/compiler/jit/xla_gpu_device.cc:99] Not creating XLA devices, tf_xla_enable_xla_devices not set
maxFreq at 10nA: 250.0
2021-04-21 13:23:02.894316: I tensorflow/compiler/jit/xla_gpu_device.cc:99] Not creating XLA devices, tf_xla_enable_xla_devices not set
2021-04-21 13:23:11.084836: I tensorflow/compiler/jit/xla_gpu_device.cc:99] Not creating XLA devices, tf_xla_enable_xla_devices not set
mse and spike frequency: 0.00058 32.94
[32m[I 2021-04-21 13:23:18,781][0m Trial 24 finished with values: [0.00058, 32.94] with parameters: {'Vahp': -46.0, 'Vth': -41.0, 'Vmax': 36.5, 't_ref': 2.5, 'R': 0.7000000000000001, 'tau_m': 280.5, 'rate_low': 27.0, 'rate_high': 35.5}.[0m
2021-04-21 13:23:19.243981: I tensorflow/compiler/jit/xla_gpu_device.cc:99] Not creating XLA devices, tf_xla_enable_xla_devices not set
maxFreq at 10nA: 1000.0
2021-04-21 13:23:39.647921: I tensorflow/compiler/jit/xla_gpu_device.cc:99] Not creating XLA devices, tf_xla_enable_xla_devices not set
2021-04-21 13:23:47.715440: I tensorflow/compiler/jit/xla_gpu_device.cc:99] Not creating XLA devices, tf_xla_enable_xla_devices not set
mse and spike frequency: 0.12656 0.0
[32m[I 2021-04-21 13:23:55,276][0m Trial 25 finished with values: [0.12656, 0.0] with parameters: {'Vahp': -37.0, 'Vth': -50.0, 'Vmax': 30.5, 't_ref': 18.0, 'R': 0.9, 'tau_m': 466.0, 'rate_low': 34.0, 'rate_high': 48.5}.[0m
2021-04-21 13:23:55.686421: I tensorflow/compiler/jit/xla_gpu_device.cc:99] Not creating XLA devices, tf_xla_enable_xla_devices not set
maxFreq at 10nA: 1000.0
2021-04-21 13:24:16.199943: I tensorflow/compiler/jit/xla_gpu_device.cc:99] Not creating XLA devices, tf_xla_enable_xla_devices not set
2021-04-21 13:24:24.400141: I tensorflow/compiler/jit/xla_gpu_device.cc:99] Not creating XLA devices, tf_xla_enable_xla_devices not set
mse and spike frequency: 0.12656 0.0
[32m[I 2021-04-21 13:24:31,598][0m Trial 26 finished with values: [0.12656, 0.0] with parameters: {'Vahp': -51.0, 'Vth': -56.5, 'Vmax': 14.5, 't_ref': 7.0, 'R': 0.7000000000000001, 'tau_m': 108.5, 'rate_low': 49.0, 'rate_high': 49.0}.[0m
2021-04-21 13:24:32.008420: I tensorflow/compiler/jit/xla_gpu_device.cc:99] Not creating XLA devices, tf_xla_enable_xla_devices not set
maxFreq at 10nA: 1000.0
2021-04-21 13:24:52.264788: I tensorflow/compiler/jit/xla_gpu_device.cc:99] Not creating XLA devices, tf_xla_enable_xla_devices not set
2021-04-21 13:25:00.539439: I tensorflow/compiler/jit/xla_gpu_device.cc:99] Not creating XLA devices, tf_xla_enable_xla_devices not set
mse and spike frequency: 0.12656 0.0
