[32m[I 2021-04-21 15:16:54,347][0m Trial 142 finished with values: [0.12656, 0.0] with parameters: {'Vahp': -48.0, 'Vth': -56.0, 'Vmax': 37.5, 't_ref': 8.5, 'R': 0.8, 'tau_m': 452.5, 'R_adp': 0.2, 'tau_w': 42.0, 'a': 381.0, 'rate_low': 21.0, 'rate_high': 41.5}.[0m
2021-04-21 15:16:55.030331: I tensorflow/compiler/jit/xla_gpu_device.cc:99] Not creating XLA devices, tf_xla_enable_xla_devices not set
maxFreq at 10nA: 1000.0
2021-04-21 15:17:29.006878: I tensorflow/compiler/jit/xla_gpu_device.cc:99] Not creating XLA devices, tf_xla_enable_xla_devices not set
2021-04-21 15:17:50.337888: I tensorflow/compiler/jit/xla_gpu_device.cc:99] Not creating XLA devices, tf_xla_enable_xla_devices not set
mse and spike frequency: 0.12656 0.0
[32m[I 2021-04-21 15:18:12,410][0m Trial 143 finished with values: [0.12656, 0.0] with parameters: {'Vahp': -47.5, 'Vth': -49.5, 'Vmax': 32.5, 't_ref': 18.0, 'R': 0.6, 'tau_m': 47.5, 'R_adp': 0.6, 'tau_w': 194.5, 'a': 483.5, 'rate_low': 3.5, 'rate_high': 20.5}.[0m
2021-04-21 15:18:13.097866: I tensorflow/compiler/jit/xla_gpu_device.cc:99] Not creating XLA devices, tf_xla_enable_xla_devices not set
maxFreq at 10nA: 271.0
2021-04-21 15:18:47.785329: I tensorflow/compiler/jit/xla_gpu_device.cc:99] Not creating XLA devices, tf_xla_enable_xla_devices not set
2021-04-21 15:19:09.581254: I tensorflow/compiler/jit/xla_gpu_device.cc:99] Not creating XLA devices, tf_xla_enable_xla_devices not set
mse and spike frequency: 12.48889 36.07
[32m[I 2021-04-21 15:19:32,091][0m Trial 144 finished with values: [12.48889, 36.07] with parameters: {'Vahp': -46.0, 'Vth': -32.5, 'Vmax': 10.5, 't_ref': 2.0, 'R': 0.8, 'tau_m': 330.5, 'R_adp': 0.2, 'tau_w': 327.0, 'a': 296.0, 'rate_low': 34.5, 'rate_high': 48.0}.[0m
2021-04-21 15:19:32.814823: I tensorflow/compiler/jit/xla_gpu_device.cc:99] Not creating XLA devices, tf_xla_enable_xla_devices not set
maxFreq at 10nA: 1000.0
2021-04-21 15:20:07.175857: I tensorflow/compiler/jit/xla_gpu_device.cc:99] Not creating XLA devices, tf_xla_enable_xla_devices not set
2021-04-21 15:20:29.223969: I tensorflow/compiler/jit/xla_gpu_device.cc:99] Not creating XLA devices, tf_xla_enable_xla_devices not set
mse and spike frequency: 0.12656 0.0
[32m[I 2021-04-21 15:20:52,124][0m Trial 145 finished with values: [0.12656, 0.0] with parameters: {'Vahp': -40.0, 'Vth': -51.5, 'Vmax': 10.5, 't_ref': 5.5, 'R': 0.5, 'tau_m': 139.0, 'R_adp': 0.5, 'tau_w': 495.0, 'a': 435.5, 'rate_low': 24.5, 'rate_high': 44.5}.[0m
2021-04-21 15:20:52.812620: I tensorflow/compiler/jit/xla_gpu_device.cc:99] Not creating XLA devices, tf_xla_enable_xla_devices not set
maxFreq at 10nA: 1000.0
2021-04-21 15:21:26.817230: I tensorflow/compiler/jit/xla_gpu_device.cc:99] Not creating XLA devices, tf_xla_enable_xla_devices not set
2021-04-21 15:21:49.091090: I tensorflow/compiler/jit/xla_gpu_device.cc:99] Not creating XLA devices, tf_xla_enable_xla_devices not set
mse and spike frequency: 0.12656 0.0
[32m[I 2021-04-21 15:22:12,362][0m Trial 146 finished with values: [0.12656, 0.0] with parameters: {'Vahp': -41.0, 'Vth': -53.5, 'Vmax': 35.5, 't_ref': 7.5, 'R': 0.30000000000000004, 'tau_m': 134.0, 'R_adp': 0.9, 'tau_w': 310.0, 'a': 367.0, 'rate_low': 3.5, 'rate_high': 47.5}.[0m
2021-04-21 15:22:13.057803: I tensorflow/compiler/jit/xla_gpu_device.cc:99] Not creating XLA devices, tf_xla_enable_xla_devices not set
maxFreq at 10nA: 1000.0
2021-04-21 15:22:47.800375: I tensorflow/compiler/jit/xla_gpu_device.cc:99] Not creating XLA devices, tf_xla_enable_xla_devices not set
2021-04-21 15:23:10.324203: I tensorflow/compiler/jit/xla_gpu_device.cc:99] Not creating XLA devices, tf_xla_enable_xla_devices not set
mse and spike frequency: 0.12656 0.0
[32m[I 2021-04-21 15:23:33,843][0m Trial 147 finished with values: [0.12656, 0.0] with parameters: {'Vahp': -33.0, 'Vth': -50.5, 'Vmax': 19.5, 't_ref': 3.0, 'R': 1.0, 'tau_m': 187.5, 'R_adp': 0.30000000000000004, 'tau_w': 23.5, 'a': 486.0, 'rate_low': 2.5, 'rate_high': 48.0}.[0m
2021-04-21 15:23:34.646898: I tensorflow/compiler/jit/xla_gpu_device.cc:99] Not creating XLA devices, tf_xla_enable_xla_devices not set
maxFreq at 10nA: 998.0
2021-04-21 15:24:09.391809: I tensorflow/compiler/jit/xla_gpu_device.cc:99] Not creating XLA devices, tf_xla_enable_xla_devices not set
2021-04-21 15:24:32.408272: I tensorflow/compiler/jit/xla_gpu_device.cc:99] Not creating XLA devices, tf_xla_enable_xla_devices not set
mse and spike frequency: 0.12656 0.0
[32m[I 2021-04-21 15:24:55,340][0m Trial 148 finished with values: [0.12656, 0.0] with parameters: {'Vahp': -20.0, 'Vth': -21.0, 'Vmax': 16.5, 't_ref': 7.5, 'R': 0.30000000000000004, 'tau_m': 191.5, 'R_adp': 0.30000000000000004, 'tau_w': 409.0, 'a': 226.0, 'rate_low': 49.5, 'rate_high': 47.5}.[0m
2021-04-21 15:24:56.216810: I tensorflow/compiler/jit/xla_gpu_device.cc:99] Not creating XLA devices, tf_xla_enable_xla_devices not set
maxFreq at 10nA: 59.0
2021-04-21 15:25:30.407423: I tensorflow/compiler/jit/xla_gpu_device.cc:99] Not creating XLA devices, tf_xla_enable_xla_devices not set
2021-04-21 15:25:53.445693: I tensorflow/compiler/jit/xla_gpu_device.cc:99] Not creating XLA devices, tf_xla_enable_xla_devices not set
mse and spike frequency: 0.0035 9.03
[32m[I 2021-04-21 15:26:16,075][0m Trial 149 finished with values: [0.0035, 9.03] with parameters: {'Vahp': -52.0, 'Vth': -22.0, 'Vmax': 10.5, 't_ref': 15.0, 'R': 0.5, 'tau_m': 255.5, 'R_adp': 0.30000000000000004, 'tau_w': 54.0, 'a': 414.5, 'rate_low': 34.5, 'rate_high': 49.5}.[0m
2021-04-21 15:26:17.047355: I tensorflow/compiler/jit/xla_gpu_device.cc:99] Not creating XLA devices, tf_xla_enable_xla_devices not set
maxFreq at 10nA: 91.0
2021-04-21 15:26:51.294725: I tensorflow/compiler/jit/xla_gpu_device.cc:99] Not creating XLA devices, tf_xla_enable_xla_devices not set
2021-04-21 15:27:14.194429: I tensorflow/compiler/jit/xla_gpu_device.cc:99] Not creating XLA devices, tf_xla_enable_xla_devices not set
mse and spike frequency: 0.49176 9.88
[32m[I 2021-04-21 15:27:37,151][0m Trial 150 finished with values: [0.49176, 9.88] with parameters: {'Vahp': -57.0, 'Vth': -41.0, 'Vmax': 10.5, 't_ref': 10.0, 'R': 0.5, 'tau_m': 139.0, 'R_adp': 0.1, 'tau_w': 495.0, 'a': 444.5, 'rate_low': 16.0, 'rate_high': 50.0}.[0m
2021-04-21 15:27:37.854963: I tensorflow/compiler/jit/xla_gpu_device.cc:99] Not creating XLA devices, tf_xla_enable_xla_devices not set
maxFreq at 10nA: 1000.0
2021-04-21 15:28:12.611074: I tensorflow/compiler/jit/xla_gpu_device.cc:99] Not creating XLA devices, tf_xla_enable_xla_devices not set
2021-04-21 15:28:35.698656: I tensorflow/compiler/jit/xla_gpu_device.cc:99] Not creating XLA devices, tf_xla_enable_xla_devices not set
mse and spike frequency: 0.12656 0.0
[32m[I 2021-04-21 15:28:59,078][0m Trial 151 finished with values: [0.12656, 0.0] with parameters: {'Vahp': -47.0, 'Vth': -50.5, 'Vmax': 14.0, 't_ref': 10.0, 'R': 0.5, 'tau_m': 139.0, 'R_adp': 0.5, 'tau_w': 495.0, 'a': 444.5, 'rate_low': 32.5, 'rate_high': 47.5}.[0m
2021-04-21 15:28:59.798388: I tensorflow/compiler/jit/xla_gpu_device.cc:99] Not creating XLA devices, tf_xla_enable_xla_devices not set
maxFreq at 10nA: 1000.0
2021-04-21 15:29:34.471365: I tensorflow/compiler/jit/xla_gpu_device.cc:99] Not creating XLA devices, tf_xla_enable_xla_devices not set
2021-04-21 15:29:57.221825: I tensorflow/compiler/jit/xla_gpu_device.cc:99] Not creating XLA devices, tf_xla_enable_xla_devices not set
mse and spike frequency: 0.12656 0.0
[32m[I 2021-04-21 15:30:20,209][0m Trial 152 finished with values: [0.12656, 0.0] with parameters: {'Vahp': -29.5, 'Vth': -45.0, 'Vmax': 33.5, 't_ref': 15.5, 'R': 0.2, 'tau_m': 47.5, 'R_adp': 0.7000000000000001, 'tau_w': 122.0, 'a': 389.5, 'rate_low': 19.0, 'rate_high': 31.0}.[0m
2021-04-21 15:30:21.021943: I tensorflow/compiler/jit/xla_gpu_device.cc:99] Not creating XLA devices, tf_xla_enable_xla_devices not set
maxFreq at 10nA: 1000.0
2021-04-21 15:30:55.798008: I tensorflow/compiler/jit/xla_gpu_device.cc:99] Not creating XLA devices, tf_xla_enable_xla_devices not set
2021-04-21 15:31:19.062904: I tensorflow/compiler/jit/xla_gpu_device.cc:99] Not creating XLA devices, tf_xla_enable_xla_devices not set
mse and spike frequency: 0.12656 0.0
[32m[I 2021-04-21 15:31:42,574][0m Trial 153 finished with values: [0.12656, 0.0] with parameters: {'Vahp': -52.5, 'Vth': -55.5, 'Vmax': 10.5, 't_ref': 3.0, 'R': 0.8, 'tau_m': 454.0, 'R_adp': 0.9, 'tau_w': 133.0, 'a': 486.0, 'rate_low': 2.5, 'rate_high': 45.5}.[0m
2021-04-21 15:31:43.510684: I tensorflow/compiler/jit/xla_gpu_device.cc:99] Not creating XLA devices, tf_xla_enable_xla_devices not set
maxFreq at 10nA: 1000.0
2021-04-21 15:32:18.811710: I tensorflow/compiler/jit/xla_gpu_device.cc:99] Not creating XLA devices, tf_xla_enable_xla_devices not set
2021-04-21 15:32:41.396655: I tensorflow/compiler/jit/xla_gpu_device.cc:99] Not creating XLA devices, tf_xla_enable_xla_devices not set
mse and spike frequency: 0.12656 0.0
[32m[I 2021-04-21 15:33:04,267][0m Trial 154 finished with values: [0.12656, 0.0] with parameters: {'Vahp': -37.0, 'Vth': -49.5, 'Vmax': 33.5, 't_ref': 3.5, 'R': 0.2, 'tau_m': 47.5, 'R_adp': 0.7000000000000001, 'tau_w': 104.5, 'a': 414.5, 'rate_low': 22.0, 'rate_high': 31.0}.[0m
2021-04-21 15:33:04.957844: I tensorflow/compiler/jit/xla_gpu_device.cc:99] Not creating XLA devices, tf_xla_enable_xla_devices not set
maxFreq at 10nA: 1000.0
2021-04-21 15:33:39.756072: I tensorflow/compiler/jit/xla_gpu_device.cc:99] Not creating XLA devices, tf_xla_enable_xla_devices not set
2021-04-21 15:34:03.211638: I tensorflow/compiler/jit/xla_gpu_device.cc:99] Not creating XLA devices, tf_xla_enable_xla_devices not set
mse and spike frequency: 0.12656 0.0
[32m[I 2021-04-21 15:34:25,655][0m Trial 155 finished with values: [0.12656, 0.0] with parameters: {'Vahp': -52.5, 'Vth': -55.5, 'Vmax': 30.0, 't_ref': 3.0, 'R': 0.1, 'tau_m': 187.5, 'R_adp': 0.5, 'tau_w': 46.5, 'a': 209.0, 'rate_low': 2.5, 'rate_high': 49.5}.[0m
2021-04-21 15:34:26.388837: I tensorflow/compiler/jit/xla_gpu_device.cc:99] Not creating XLA devices, tf_xla_enable_xla_devices not set
maxFreq at 10nA: 1000.0
2021-04-21 15:35:01.265323: I tensorflow/compiler/jit/xla_gpu_device.cc:99] Not creating XLA devices, tf_xla_enable_xla_devices not set
2021-04-21 15:35:24.533861: I tensorflow/compiler/jit/xla_gpu_device.cc:99] Not creating XLA devices, tf_xla_enable_xla_devices not set
mse and spike frequency: 0.12656 0.0
[32m[I 2021-04-21 15:35:46,927][0m Trial 156 finished with values: [0.12656, 0.0] with parameters: {'Vahp': -47.0, 'Vth': -58.0, 'Vmax': 39.5, 't_ref': 16.0, 'R': 0.4, 'tau_m': 296.5, 'R_adp': 0.5, 'tau_w': 35.5, 'a': 217.0, 'rate_low': 32.5, 'rate_high': 47.5}.[0m
2021-04-21 15:35:47.673799: I tensorflow/compiler/jit/xla_gpu_device.cc:99] Not creating XLA devices, tf_xla_enable_xla_devices not set
maxFreq at 10nA: 999.0
2021-04-21 15:36:23.362824: I tensorflow/compiler/jit/xla_gpu_device.cc:99] Not creating XLA devices, tf_xla_enable_xla_devices not set
2021-04-21 15:36:46.643712: I tensorflow/compiler/jit/xla_gpu_device.cc:99] Not creating XLA devices, tf_xla_enable_xla_devices not set
mse and spike frequency: 0.12656 0.0
[32m[I 2021-04-21 15:37:09,286][0m Trial 157 finished with values: [0.12656, 0.0] with parameters: {'Vahp': -53.5, 'Vth': -55.5, 'Vmax': 30.0, 't_ref': 17.0, 'R': 0.1, 'tau_m': 352.5, 'R_adp': 0.7000000000000001, 'tau_w': 339.5, 'a': 217.0, 'rate_low': 32.5, 'rate_high': 47.5}.[0m
2021-04-21 15:37:10.014916: I tensorflow/compiler/jit/xla_gpu_device.cc:99] Not creating XLA devices, tf_xla_enable_xla_devices not set
maxFreq at 10nA: 250.0
2021-04-21 15:37:45.955101: I tensorflow/compiler/jit/xla_gpu_device.cc:99] Not creating XLA devices, tf_xla_enable_xla_devices not set
2021-04-21 15:38:09.639436: I tensorflow/compiler/jit/xla_gpu_device.cc:99] Not creating XLA devices, tf_xla_enable_xla_devices not set
mse and spike frequency: 0.00247 57.01
[32m[I 2021-04-21 15:38:32,599][0m Trial 158 finished with values: [0.00247, 57.01] with parameters: {'Vahp': -37.0, 'Vth': -30.5, 'Vmax': 24.0, 't_ref': 3.0, 'R': 0.6, 'tau_m': 175.0, 'R_adp': 0.6, 'tau_w': 242.0, 'a': 5.0, 'rate_low': 34.5, 'rate_high': 43.0}.[0m
2021-04-21 15:38:33.322331: I tensorflow/compiler/jit/xla_gpu_device.cc:99] Not creating XLA devices, tf_xla_enable_xla_devices not set
maxFreq at 10nA: 38.0
2021-04-21 15:39:10.109103: I tensorflow/compiler/jit/xla_gpu_device.cc:99] Not creating XLA devices, tf_xla_enable_xla_devices not set
2021-04-21 15:39:34.229469: I tensorflow/compiler/jit/xla_gpu_device.cc:99] Not creating XLA devices, tf_xla_enable_xla_devices not set
mse and spike frequency: 0.0559 1.52
[32m[I 2021-04-21 15:39:57,142][0m Trial 159 finished with values: [0.0559, 1.52] with parameters: {'Vahp': -53.5, 'Vth': -31.0, 'Vmax': 11.5, 't_ref': 17.0, 'R': 0.1, 'tau_m': 279.0, 'R_adp': 0.1, 'tau_w': 252.0, 'a': 377.5, 'rate_low': 31.0, 'rate_high': 45.5}.[0m
2021-04-21 15:39:57.898758: I tensorflow/compiler/jit/xla_gpu_device.cc:99] Not creating XLA devices, tf_xla_enable_xla_devices not set
maxFreq at 10nA: 53.0
2021-04-21 15:40:35.253646: I tensorflow/compiler/jit/xla_gpu_device.cc:99] Not creating XLA devices, tf_xla_enable_xla_devices not set
2021-04-21 15:40:59.509177: I tensorflow/compiler/jit/xla_gpu_device.cc:99] Not creating XLA devices, tf_xla_enable_xla_devices not set
mse and spike frequency: 0.00518 17.2
[32m[I 2021-04-21 15:41:23,112][0m Trial 160 finished with values: [0.00518, 17.2] with parameters: {'Vahp': -37.0, 'Vth': -35.5, 'Vmax': 32.5, 't_ref': 17.5, 'R': 0.5, 'tau_m': 127.5, 'R_adp': 0.8, 'tau_w': 53.0, 'a': 1.5, 'rate_low': 15.5, 'rate_high': 45.5}.[0m
2021-04-21 15:41:23.825869: I tensorflow/compiler/jit/xla_gpu_device.cc:99] Not creating XLA devices, tf_xla_enable_xla_devices not set
maxFreq at 10nA: 1000.0
2021-04-21 15:42:00.837466: I tensorflow/compiler/jit/xla_gpu_device.cc:99] Not creating XLA devices, tf_xla_enable_xla_devices not set
2021-04-21 15:42:25.652847: I tensorflow/compiler/jit/xla_gpu_device.cc:99] Not creating XLA devices, tf_xla_enable_xla_devices not set
mse and spike frequency: 0.12656 0.0
[32m[I 2021-04-21 15:42:49,670][0m Trial 161 finished with values: [0.12656, 0.0] with parameters: {'Vahp': -29.5, 'Vth': -55.5, 'Vmax': 31.0, 't_ref': 1.5, 'R': 0.5, 'tau_m': 151.5, 'R_adp': 0.7000000000000001, 'tau_w': 104.5, 'a': 486.0, 'rate_low': 2.5, 'rate_high': 39.5}.[0m
2021-04-21 15:42:50.412641: I tensorflow/compiler/jit/xla_gpu_device.cc:99] Not creating XLA devices, tf_xla_enable_xla_devices not set
maxFreq at 10nA: 37.0
2021-04-21 15:43:28.059088: I tensorflow/compiler/jit/xla_gpu_device.cc:99] Not creating XLA devices, tf_xla_enable_xla_devices not set
2021-04-21 15:43:52.826367: I tensorflow/compiler/jit/xla_gpu_device.cc:99] Not creating XLA devices, tf_xla_enable_xla_devices not set
mse and spike frequency: 0.36786 1.91
[32m[I 2021-04-21 15:44:16,936][0m Trial 162 finished with values: [0.36786, 1.91] with parameters: {'Vahp': -41.0, 'Vth': -30.5, 'Vmax': 36.5, 't_ref': 17.5, 'R': 0.1, 'tau_m': 175.0, 'R_adp': 0.9, 'tau_w': 339.5, 'a': 86.5, 'rate_low': 34.5, 'rate_high': 47.5}.[0m
2021-04-21 15:44:17.665828: I tensorflow/compiler/jit/xla_gpu_device.cc:99] Not creating XLA devices, tf_xla_enable_xla_devices not set
maxFreq at 10nA: 1000.0
2021-04-21 15:44:55.400608: I tensorflow/compiler/jit/xla_gpu_device.cc:99] Not creating XLA devices, tf_xla_enable_xla_devices not set
2021-04-21 15:45:20.884266: I tensorflow/compiler/jit/xla_gpu_device.cc:99] Not creating XLA devices, tf_xla_enable_xla_devices not set
mse and spike frequency: 0.12656 0.0
[32m[I 2021-04-21 15:45:44,614][0m Trial 163 finished with values: [0.12656, 0.0] with parameters: {'Vahp': -34.5, 'Vth': -45.0, 'Vmax': 10.5, 't_ref': 13.5, 'R': 0.8, 'tau_m': 494.0, 'R_adp': 0.30000000000000004, 'tau_w': 159.5, 'a': 414.5, 'rate_low': 36.0, 'rate_high': 35.0}.[0m
2021-04-21 15:45:45.388442: I tensorflow/compiler/jit/xla_gpu_device.cc:99] Not creating XLA devices, tf_xla_enable_xla_devices not set
maxFreq at 10nA: 333.0
2021-04-21 15:46:22.576371: I tensorflow/compiler/jit/xla_gpu_device.cc:99] Not creating XLA devices, tf_xla_enable_xla_devices not set
2021-04-21 15:46:48.804536: I tensorflow/compiler/jit/xla_gpu_device.cc:99] Not creating XLA devices, tf_xla_enable_xla_devices not set
mse and spike frequency: 0.00137 14.62
[32m[I 2021-04-21 15:47:12,056][0m Trial 164 finished with values: [0.00137, 14.62] with parameters: {'Vahp': -45.5, 'Vth': -35.5, 'Vmax': 31.0, 't_ref': 1.5, 'R': 0.30000000000000004, 'tau_m': 254.0, 'R_adp': 0.8, 'tau_w': 430.5, 'a': 1.5, 'rate_low': 21.0, 'rate_high': 32.5}.[0m
2021-04-21 15:47:12.765226: I tensorflow/compiler/jit/xla_gpu_device.cc:99] Not creating XLA devices, tf_xla_enable_xla_devices not set
maxFreq at 10nA: 1000.0
2021-04-21 15:47:49.820742: I tensorflow/compiler/jit/xla_gpu_device.cc:99] Not creating XLA devices, tf_xla_enable_xla_devices not set
2021-04-21 15:48:16.531461: I tensorflow/compiler/jit/xla_gpu_device.cc:99] Not creating XLA devices, tf_xla_enable_xla_devices not set
mse and spike frequency: 0.12656 0.0
[32m[I 2021-04-21 15:48:39,704][0m Trial 165 finished with values: [0.12656, 0.0] with parameters: {'Vahp': -30.0, 'Vth': -57.5, 'Vmax': 16.5, 't_ref': 14.0, 'R': 0.5, 'tau_m': 13.5, 'R_adp': 0.2, 'tau_w': 99.0, 'a': 377.5, 'rate_low': 12.0, 'rate_high': 35.0}.[0m
2021-04-21 15:48:40.505967: I tensorflow/compiler/jit/xla_gpu_device.cc:99] Not creating XLA devices, tf_xla_enable_xla_devices not set
maxFreq at 10nA: 49.0
2021-04-21 15:49:17.145222: I tensorflow/compiler/jit/xla_gpu_device.cc:99] Not creating XLA devices, tf_xla_enable_xla_devices not set
2021-04-21 15:49:43.492813: I tensorflow/compiler/jit/xla_gpu_device.cc:99] Not creating XLA devices, tf_xla_enable_xla_devices not set
mse and spike frequency: 0.08885 0.56
[32m[I 2021-04-21 15:50:07,160][0m Trial 166 finished with values: [0.08885, 0.56] with parameters: {'Vahp': -46.0, 'Vth': -32.5, 'Vmax': 33.5, 't_ref': 14.5, 'R': 0.2, 'tau_m': 485.5, 'R_adp': 0.30000000000000004, 'tau_w': 181.5, 'a': 342.5, 'rate_low': 0.5, 'rate_high': 50.0}.[0m
2021-04-21 15:50:07.908572: I tensorflow/compiler/jit/xla_gpu_device.cc:99] Not creating XLA devices, tf_xla_enable_xla_devices not set
maxFreq at 10nA: 1000.0
2021-04-21 15:50:45.259403: I tensorflow/compiler/jit/xla_gpu_device.cc:99] Not creating XLA devices, tf_xla_enable_xla_devices not set
2021-04-21 15:51:12.125756: I tensorflow/compiler/jit/xla_gpu_device.cc:99] Not creating XLA devices, tf_xla_enable_xla_devices not set
mse and spike frequency: 0.12656 0.0
[32m[I 2021-04-21 15:51:36,262][0m Trial 167 finished with values: [0.12656, 0.0] with parameters: {'Vahp': -33.0, 'Vth': -52.0, 'Vmax': 25.5, 't_ref': 7.5, 'R': 0.8, 'tau_m': 254.0, 'R_adp': 0.9, 'tau_w': 491.0, 'a': 331.0, 'rate_low': 24.5, 'rate_high': 35.0}.[0m
2021-04-21 15:51:36.964261: I tensorflow/compiler/jit/xla_gpu_device.cc:99] Not creating XLA devices, tf_xla_enable_xla_devices not set
maxFreq at 10nA: 1000.0
2021-04-21 15:52:14.033909: I tensorflow/compiler/jit/xla_gpu_device.cc:99] Not creating XLA devices, tf_xla_enable_xla_devices not set
2021-04-21 15:52:41.489498: I tensorflow/compiler/jit/xla_gpu_device.cc:99] Not creating XLA devices, tf_xla_enable_xla_devices not set
mse and spike frequency: 0.12656 0.0
[32m[I 2021-04-21 15:53:06,781][0m Trial 168 finished with values: [0.12656, 0.0] with parameters: {'Vahp': -47.0, 'Vth': -52.0, 'Vmax': 39.5, 't_ref': 16.0, 'R': 0.6, 'tau_m': 254.0, 'R_adp': 0.5, 'tau_w': 35.5, 'a': 331.0, 'rate_low': 3.0, 'rate_high': 9.0}.[0m
2021-04-21 15:53:07.479755: I tensorflow/compiler/jit/xla_gpu_device.cc:99] Not creating XLA devices, tf_xla_enable_xla_devices not set
maxFreq at 10nA: 1000.0
2021-04-21 15:53:45.791287: I tensorflow/compiler/jit/xla_gpu_device.cc:99] Not creating XLA devices, tf_xla_enable_xla_devices not set
2021-04-21 15:54:12.708097: I tensorflow/compiler/jit/xla_gpu_device.cc:99] Not creating XLA devices, tf_xla_enable_xla_devices not set
mse and spike frequency: 0.12656 0.0
[32m[I 2021-04-21 15:54:38,262][0m Trial 169 finished with values: [0.12656, 0.0] with parameters: {'Vahp': -40.0, 'Vth': -45.0, 'Vmax': 19.0, 't_ref': 5.5, 'R': 0.5, 'tau_m': 139.0, 'R_adp': 0.6, 'tau_w': 122.0, 'a': 435.5, 'rate_low': 34.0, 'rate_high': 44.5}.[0m
2021-04-21 15:54:38.969275: I tensorflow/compiler/jit/xla_gpu_device.cc:99] Not creating XLA devices, tf_xla_enable_xla_devices not set
maxFreq at 10nA: 999.0
2021-04-21 15:55:16.777978: I tensorflow/compiler/jit/xla_gpu_device.cc:99] Not creating XLA devices, tf_xla_enable_xla_devices not set
2021-04-21 15:55:42.407804: I tensorflow/compiler/jit/xla_gpu_device.cc:99] Not creating XLA devices, tf_xla_enable_xla_devices not set
mse and spike frequency: 0.12656 0.0
[32m[I 2021-04-21 15:56:08,130][0m Trial 170 finished with values: [0.12656, 0.0] with parameters: {'Vahp': -24.0, 'Vth': -48.5, 'Vmax': 39.0, 't_ref': 15.5, 'R': 0.1, 'tau_m': 175.0, 'R_adp': 0.30000000000000004, 'tau_w': 242.0, 'a': 86.5, 'rate_low': 34.5, 'rate_high': 34.5}.[0m
2021-04-21 15:56:08.884057: I tensorflow/compiler/jit/xla_gpu_device.cc:99] Not creating XLA devices, tf_xla_enable_xla_devices not set
maxFreq at 10nA: 39.0
2021-04-21 15:56:47.248296: I tensorflow/compiler/jit/xla_gpu_device.cc:99] Not creating XLA devices, tf_xla_enable_xla_devices not set
2021-04-21 15:57:12.709212: I tensorflow/compiler/jit/xla_gpu_device.cc:99] Not creating XLA devices, tf_xla_enable_xla_devices not set
mse and spike frequency: 0.13206 0.55
