[32m[I 2021-04-21 14:46:13,172][0m Trial 120 finished with values: [0.12656, 0.0] with parameters: {'Vahp': -39.0, 'Vth': -46.5, 'Vmax': 37.5, 't_ref': 11.0, 'R': 0.9, 'tau_m': 90.0, 'rate_low': 14.0, 'rate_high': 50.0}.[0m
2021-04-21 14:46:13.971518: I tensorflow/compiler/jit/xla_gpu_device.cc:99] Not creating XLA devices, tf_xla_enable_xla_devices not set
maxFreq at 10nA: 90.0
2021-04-21 14:46:44.802548: I tensorflow/compiler/jit/xla_gpu_device.cc:99] Not creating XLA devices, tf_xla_enable_xla_devices not set
2021-04-21 14:47:03.635720: I tensorflow/compiler/jit/xla_gpu_device.cc:99] Not creating XLA devices, tf_xla_enable_xla_devices not set
mse and spike frequency: 0.00322 5.47
[32m[I 2021-04-21 14:47:21,517][0m Trial 121 finished with values: [0.00322, 5.47] with parameters: {'Vahp': -44.0, 'Vth': -29.5, 'Vmax': 38.0, 't_ref': 4.5, 'R': 0.1, 'tau_m': 365.0, 'rate_low': 48.5, 'rate_high': 44.0}.[0m
2021-04-21 14:47:22.334837: I tensorflow/compiler/jit/xla_gpu_device.cc:99] Not creating XLA devices, tf_xla_enable_xla_devices not set
maxFreq at 10nA: 1000.0
2021-04-21 14:47:53.218881: I tensorflow/compiler/jit/xla_gpu_device.cc:99] Not creating XLA devices, tf_xla_enable_xla_devices not set
2021-04-21 14:48:12.067468: I tensorflow/compiler/jit/xla_gpu_device.cc:99] Not creating XLA devices, tf_xla_enable_xla_devices not set
mse and spike frequency: 0.12656 0.0
[32m[I 2021-04-21 14:48:30,508][0m Trial 122 finished with values: [0.12656, 0.0] with parameters: {'Vahp': -36.0, 'Vth': -43.0, 'Vmax': 39.5, 't_ref': 19.5, 'R': 0.7000000000000001, 'tau_m': 442.0, 'rate_low': 6.0, 'rate_high': 46.5}.[0m
2021-04-21 14:48:31.266972: I tensorflow/compiler/jit/xla_gpu_device.cc:99] Not creating XLA devices, tf_xla_enable_xla_devices not set
maxFreq at 10nA: 999.0
2021-04-21 14:49:02.899448: I tensorflow/compiler/jit/xla_gpu_device.cc:99] Not creating XLA devices, tf_xla_enable_xla_devices not set
2021-04-21 14:49:21.700454: I tensorflow/compiler/jit/xla_gpu_device.cc:99] Not creating XLA devices, tf_xla_enable_xla_devices not set
mse and spike frequency: 0.12656 0.0
[32m[I 2021-04-21 14:49:40,355][0m Trial 123 finished with values: [0.12656, 0.0] with parameters: {'Vahp': -27.0, 'Vth': -32.0, 'Vmax': 10.0, 't_ref': 12.5, 'R': 0.1, 'tau_m': 41.0, 'rate_low': 37.5, 'rate_high': 47.5}.[0m
2021-04-21 14:49:41.122679: I tensorflow/compiler/jit/xla_gpu_device.cc:99] Not creating XLA devices, tf_xla_enable_xla_devices not set
maxFreq at 10nA: 998.0
2021-04-21 14:50:12.915938: I tensorflow/compiler/jit/xla_gpu_device.cc:99] Not creating XLA devices, tf_xla_enable_xla_devices not set
2021-04-21 14:50:31.680072: I tensorflow/compiler/jit/xla_gpu_device.cc:99] Not creating XLA devices, tf_xla_enable_xla_devices not set
mse and spike frequency: 0.12656 0.0
[32m[I 2021-04-21 14:50:50,106][0m Trial 124 finished with values: [0.12656, 0.0] with parameters: {'Vahp': -44.0, 'Vth': -52.5, 'Vmax': 38.0, 't_ref': 16.5, 'R': 0.1, 'tau_m': 388.0, 'rate_low': 47.0, 'rate_high': 47.0}.[0m
2021-04-21 14:50:50.874447: I tensorflow/compiler/jit/xla_gpu_device.cc:99] Not creating XLA devices, tf_xla_enable_xla_devices not set
maxFreq at 10nA: 1000.0
2021-04-21 14:51:22.039884: I tensorflow/compiler/jit/xla_gpu_device.cc:99] Not creating XLA devices, tf_xla_enable_xla_devices not set
2021-04-21 14:51:40.745486: I tensorflow/compiler/jit/xla_gpu_device.cc:99] Not creating XLA devices, tf_xla_enable_xla_devices not set
mse and spike frequency: 0.12656 0.0
[32m[I 2021-04-21 14:51:59,536][0m Trial 125 finished with values: [0.12656, 0.0] with parameters: {'Vahp': -44.5, 'Vth': -56.5, 'Vmax': 27.5, 't_ref': 4.0, 'R': 0.1, 'tau_m': 51.0, 'rate_low': 10.5, 'rate_high': 41.5}.[0m
2021-04-21 14:52:00.222614: I tensorflow/compiler/jit/xla_gpu_device.cc:99] Not creating XLA devices, tf_xla_enable_xla_devices not set
maxFreq at 10nA: 50.0
2021-04-21 14:52:31.514746: I tensorflow/compiler/jit/xla_gpu_device.cc:99] Not creating XLA devices, tf_xla_enable_xla_devices not set
2021-04-21 14:52:51.175167: I tensorflow/compiler/jit/xla_gpu_device.cc:99] Not creating XLA devices, tf_xla_enable_xla_devices not set
mse and spike frequency: 0.00991 3.76
[32m[I 2021-04-21 14:53:09,656][0m Trial 126 finished with values: [0.00991, 3.76] with parameters: {'Vahp': -58.5, 'Vth': -51.5, 'Vmax': 15.0, 't_ref': 19.0, 'R': 0.8, 'tau_m': 123.5, 'rate_low': 10.5, 'rate_high': 40.0}.[0m
2021-04-21 14:53:10.324344: I tensorflow/compiler/jit/xla_gpu_device.cc:99] Not creating XLA devices, tf_xla_enable_xla_devices not set
maxFreq at 10nA: 50.0
2021-04-21 14:53:42.807899: I tensorflow/compiler/jit/xla_gpu_device.cc:99] Not creating XLA devices, tf_xla_enable_xla_devices not set
2021-04-21 14:54:02.761447: I tensorflow/compiler/jit/xla_gpu_device.cc:99] Not creating XLA devices, tf_xla_enable_xla_devices not set
mse and spike frequency: 0.00464 21.64
[32m[I 2021-04-21 14:54:21,473][0m Trial 127 finished with values: [0.00464, 21.64] with parameters: {'Vahp': -52.0, 'Vth': -35.0, 'Vmax': 30.5, 't_ref': 19.0, 'R': 0.7000000000000001, 'tau_m': 70.5, 'rate_low': 45.5, 'rate_high': 26.0}.[0m
2021-04-21 14:54:22.116525: I tensorflow/compiler/jit/xla_gpu_device.cc:99] Not creating XLA devices, tf_xla_enable_xla_devices not set
maxFreq at 10nA: 1000.0
2021-04-21 14:54:53.791975: I tensorflow/compiler/jit/xla_gpu_device.cc:99] Not creating XLA devices, tf_xla_enable_xla_devices not set
2021-04-21 14:55:14.332914: I tensorflow/compiler/jit/xla_gpu_device.cc:99] Not creating XLA devices, tf_xla_enable_xla_devices not set
mse and spike frequency: 0.12656 0.0
[32m[I 2021-04-21 14:55:33,330][0m Trial 128 finished with values: [0.12656, 0.0] with parameters: {'Vahp': -46.0, 'Vth': -58.0, 'Vmax': 15.5, 't_ref': 4.5, 'R': 0.6, 'tau_m': 487.5, 'rate_low': 10.5, 'rate_high': 44.0}.[0m
2021-04-21 14:55:33.979014: I tensorflow/compiler/jit/xla_gpu_device.cc:99] Not creating XLA devices, tf_xla_enable_xla_devices not set
maxFreq at 10nA: 1000.0
2021-04-21 14:56:06.280693: I tensorflow/compiler/jit/xla_gpu_device.cc:99] Not creating XLA devices, tf_xla_enable_xla_devices not set
2021-04-21 14:56:27.297750: I tensorflow/compiler/jit/xla_gpu_device.cc:99] Not creating XLA devices, tf_xla_enable_xla_devices not set
mse and spike frequency: 0.12656 0.0
[32m[I 2021-04-21 14:56:46,414][0m Trial 129 finished with values: [0.12656, 0.0] with parameters: {'Vahp': -33.5, 'Vth': -55.0, 'Vmax': 13.0, 't_ref': 2.0, 'R': 0.7000000000000001, 'tau_m': 237.5, 'rate_low': 24.0, 'rate_high': 44.0}.[0m
2021-04-21 14:56:47.069263: I tensorflow/compiler/jit/xla_gpu_device.cc:99] Not creating XLA devices, tf_xla_enable_xla_devices not set
maxFreq at 10nA: 1000.0
2021-04-21 14:57:19.192960: I tensorflow/compiler/jit/xla_gpu_device.cc:99] Not creating XLA devices, tf_xla_enable_xla_devices not set
2021-04-21 14:57:39.741693: I tensorflow/compiler/jit/xla_gpu_device.cc:99] Not creating XLA devices, tf_xla_enable_xla_devices not set
mse and spike frequency: 0.12656 0.0
[32m[I 2021-04-21 14:57:58,403][0m Trial 130 finished with values: [0.12656, 0.0] with parameters: {'Vahp': -29.5, 'Vth': -45.5, 'Vmax': 32.5, 't_ref': 20.0, 'R': 0.5, 'tau_m': 163.0, 'rate_low': 35.0, 'rate_high': 44.0}.[0m
2021-04-21 14:57:59.057308: I tensorflow/compiler/jit/xla_gpu_device.cc:99] Not creating XLA devices, tf_xla_enable_xla_devices not set
maxFreq at 10nA: 91.0
2021-04-21 14:58:29.856773: I tensorflow/compiler/jit/xla_gpu_device.cc:99] Not creating XLA devices, tf_xla_enable_xla_devices not set
2021-04-21 14:58:51.556313: I tensorflow/compiler/jit/xla_gpu_device.cc:99] Not creating XLA devices, tf_xla_enable_xla_devices not set
mse and spike frequency: 0.12656 0.0
[32m[I 2021-04-21 14:59:10,791][0m Trial 131 finished with values: [0.12656, 0.0] with parameters: {'Vahp': -56.0, 'Vth': -55.0, 'Vmax': 20.5, 't_ref': 10.0, 'R': 1.0, 'tau_m': 494.5, 'rate_low': 7.5, 'rate_high': 34.0}.[0m
2021-04-21 14:59:11.430072: I tensorflow/compiler/jit/xla_gpu_device.cc:99] Not creating XLA devices, tf_xla_enable_xla_devices not set
maxFreq at 10nA: 999.0
2021-04-21 14:59:43.158279: I tensorflow/compiler/jit/xla_gpu_device.cc:99] Not creating XLA devices, tf_xla_enable_xla_devices not set
2021-04-21 15:00:05.132410: I tensorflow/compiler/jit/xla_gpu_device.cc:99] Not creating XLA devices, tf_xla_enable_xla_devices not set
mse and spike frequency: 0.12656 0.0
[32m[I 2021-04-21 15:00:25,205][0m Trial 132 finished with values: [0.12656, 0.0] with parameters: {'Vahp': -39.0, 'Vth': -45.5, 'Vmax': 37.0, 't_ref': 20.0, 'R': 0.5, 'tau_m': 388.0, 'rate_low': 35.0, 'rate_high': 43.5}.[0m
2021-04-21 15:00:25.875328: I tensorflow/compiler/jit/xla_gpu_device.cc:99] Not creating XLA devices, tf_xla_enable_xla_devices not set
maxFreq at 10nA: 999.0
2021-04-21 15:00:58.139110: I tensorflow/compiler/jit/xla_gpu_device.cc:99] Not creating XLA devices, tf_xla_enable_xla_devices not set
2021-04-21 15:01:19.390489: I tensorflow/compiler/jit/xla_gpu_device.cc:99] Not creating XLA devices, tf_xla_enable_xla_devices not set
mse and spike frequency: 0.12656 0.0
[32m[I 2021-04-21 15:01:40,633][0m Trial 133 finished with values: [0.12656, 0.0] with parameters: {'Vahp': -50.5, 'Vth': -52.5, 'Vmax': 16.5, 't_ref': 16.5, 'R': 0.2, 'tau_m': 365.0, 'rate_low': 38.0, 'rate_high': 48.5}.[0m
2021-04-21 15:01:41.303281: I tensorflow/compiler/jit/xla_gpu_device.cc:99] Not creating XLA devices, tf_xla_enable_xla_devices not set
maxFreq at 10nA: 56.0
2021-04-21 15:02:13.424353: I tensorflow/compiler/jit/xla_gpu_device.cc:99] Not creating XLA devices, tf_xla_enable_xla_devices not set
2021-04-21 15:02:34.595802: I tensorflow/compiler/jit/xla_gpu_device.cc:99] Not creating XLA devices, tf_xla_enable_xla_devices not set
mse and spike frequency: 0.00399 21.71
[32m[I 2021-04-21 15:02:55,757][0m Trial 134 finished with values: [0.00399, 21.71] with parameters: {'Vahp': -36.0, 'Vth': -35.0, 'Vmax': 38.0, 't_ref': 16.5, 'R': 0.2, 'tau_m': 365.0, 'rate_low': 47.0, 'rate_high': 48.5}.[0m
2021-04-21 15:02:56.457537: I tensorflow/compiler/jit/xla_gpu_device.cc:99] Not creating XLA devices, tf_xla_enable_xla_devices not set
maxFreq at 10nA: 999.0
2021-04-21 15:03:29.030112: I tensorflow/compiler/jit/xla_gpu_device.cc:99] Not creating XLA devices, tf_xla_enable_xla_devices not set
2021-04-21 15:03:50.150985: I tensorflow/compiler/jit/xla_gpu_device.cc:99] Not creating XLA devices, tf_xla_enable_xla_devices not set
mse and spike frequency: 0.12656 0.0
[32m[I 2021-04-21 15:04:11,696][0m Trial 135 finished with values: [0.12656, 0.0] with parameters: {'Vahp': -20.5, 'Vth': -37.0, 'Vmax': 32.5, 't_ref': 11.5, 'R': 0.5, 'tau_m': 459.0, 'rate_low': 21.5, 'rate_high': 43.5}.[0m
2021-04-21 15:04:12.342048: I tensorflow/compiler/jit/xla_gpu_device.cc:99] Not creating XLA devices, tf_xla_enable_xla_devices not set
maxFreq at 10nA: 250.0
2021-04-21 15:04:44.793600: I tensorflow/compiler/jit/xla_gpu_device.cc:99] Not creating XLA devices, tf_xla_enable_xla_devices not set
2021-04-21 15:05:05.940624: I tensorflow/compiler/jit/xla_gpu_device.cc:99] Not creating XLA devices, tf_xla_enable_xla_devices not set
mse and spike frequency: 0.00809 2.47
[32m[I 2021-04-21 15:05:27,857][0m Trial 136 finished with values: [0.00809, 2.47] with parameters: {'Vahp': -56.0, 'Vth': -38.5, 'Vmax': 16.0, 't_ref': 1.0, 'R': 0.30000000000000004, 'tau_m': 470.5, 'rate_low': 7.5, 'rate_high': 23.5}.[0m
2021-04-21 15:05:28.541124: I tensorflow/compiler/jit/xla_gpu_device.cc:99] Not creating XLA devices, tf_xla_enable_xla_devices not set
maxFreq at 10nA: 1000.0
2021-04-21 15:06:01.256378: I tensorflow/compiler/jit/xla_gpu_device.cc:99] Not creating XLA devices, tf_xla_enable_xla_devices not set
2021-04-21 15:06:23.539325: I tensorflow/compiler/jit/xla_gpu_device.cc:99] Not creating XLA devices, tf_xla_enable_xla_devices not set
mse and spike frequency: 0.12656 0.0
[32m[I 2021-04-21 15:06:45,340][0m Trial 137 finished with values: [0.12656, 0.0] with parameters: {'Vahp': -29.5, 'Vth': -35.0, 'Vmax': 14.0, 't_ref': 11.5, 'R': 0.8, 'tau_m': 163.0, 'rate_low': 46.0, 'rate_high': 44.0}.[0m
2021-04-21 15:06:46.112530: I tensorflow/compiler/jit/xla_gpu_device.cc:99] Not creating XLA devices, tf_xla_enable_xla_devices not set
maxFreq at 10nA: 990.0
2021-04-21 15:07:18.297498: I tensorflow/compiler/jit/xla_gpu_device.cc:99] Not creating XLA devices, tf_xla_enable_xla_devices not set
2021-04-21 15:07:40.928831: I tensorflow/compiler/jit/xla_gpu_device.cc:99] Not creating XLA devices, tf_xla_enable_xla_devices not set
mse and spike frequency: 0.12656 0.0
[32m[I 2021-04-21 15:08:02,725][0m Trial 138 finished with values: [0.12656, 0.0] with parameters: {'Vahp': -29.5, 'Vth': -37.0, 'Vmax': 34.5, 't_ref': 14.0, 'R': 0.1, 'tau_m': 469.5, 'rate_low': 14.0, 'rate_high': 46.5}.[0m
2021-04-21 15:08:03.522798: I tensorflow/compiler/jit/xla_gpu_device.cc:99] Not creating XLA devices, tf_xla_enable_xla_devices not set
maxFreq at 10nA: 143.0
2021-04-21 15:08:35.789396: I tensorflow/compiler/jit/xla_gpu_device.cc:99] Not creating XLA devices, tf_xla_enable_xla_devices not set
2021-04-21 15:08:58.910479: I tensorflow/compiler/jit/xla_gpu_device.cc:99] Not creating XLA devices, tf_xla_enable_xla_devices not set
mse and spike frequency: 0.00114 16.41
[32m[I 2021-04-21 15:09:20,389][0m Trial 139 finished with values: [0.00114, 16.41] with parameters: {'Vahp': -46.0, 'Vth': -38.5, 'Vmax': 15.5, 't_ref': 4.5, 'R': 0.30000000000000004, 'tau_m': 487.5, 'rate_low': 30.5, 'rate_high': 44.0}.[0m
2021-04-21 15:09:21.448760: I tensorflow/compiler/jit/xla_gpu_device.cc:99] Not creating XLA devices, tf_xla_enable_xla_devices not set
maxFreq at 10nA: 1000.0
2021-04-21 15:09:53.081412: I tensorflow/compiler/jit/xla_gpu_device.cc:99] Not creating XLA devices, tf_xla_enable_xla_devices not set
2021-04-21 15:10:15.376545: I tensorflow/compiler/jit/xla_gpu_device.cc:99] Not creating XLA devices, tf_xla_enable_xla_devices not set
mse and spike frequency: 0.12656 0.0
[32m[I 2021-04-21 15:10:36,356][0m Trial 140 finished with values: [0.12656, 0.0] with parameters: {'Vahp': -23.0, 'Vth': -35.0, 'Vmax': 17.0, 't_ref': 5.5, 'R': 0.7000000000000001, 'tau_m': 163.0, 'rate_low': 7.0, 'rate_high': 44.0}.[0m
2021-04-21 15:10:37.180014: I tensorflow/compiler/jit/xla_gpu_device.cc:99] Not creating XLA devices, tf_xla_enable_xla_devices not set
maxFreq at 10nA: 1000.0
2021-04-21 15:11:08.962374: I tensorflow/compiler/jit/xla_gpu_device.cc:99] Not creating XLA devices, tf_xla_enable_xla_devices not set
2021-04-21 15:11:31.232698: I tensorflow/compiler/jit/xla_gpu_device.cc:99] Not creating XLA devices, tf_xla_enable_xla_devices not set
mse and spike frequency: 0.12656 0.0
[32m[I 2021-04-21 15:11:52,122][0m Trial 141 finished with values: [0.12656, 0.0] with parameters: {'Vahp': -25.5, 'Vth': -34.0, 'Vmax': 39.5, 't_ref': 19.5, 'R': 0.7000000000000001, 'tau_m': 164.0, 'rate_low': 23.5, 'rate_high': 41.5}.[0m
2021-04-21 15:11:52.878577: I tensorflow/compiler/jit/xla_gpu_device.cc:99] Not creating XLA devices, tf_xla_enable_xla_devices not set
maxFreq at 10nA: 1000.0
2021-04-21 15:12:25.044288: I tensorflow/compiler/jit/xla_gpu_device.cc:99] Not creating XLA devices, tf_xla_enable_xla_devices not set
2021-04-21 15:12:46.868954: I tensorflow/compiler/jit/xla_gpu_device.cc:99] Not creating XLA devices, tf_xla_enable_xla_devices not set
mse and spike frequency: 0.12656 0.0
[32m[I 2021-04-21 15:13:07,514][0m Trial 142 finished with values: [0.12656, 0.0] with parameters: {'Vahp': -25.5, 'Vth': -43.0, 'Vmax': 24.0, 't_ref': 2.0, 'R': 0.7000000000000001, 'tau_m': 194.0, 'rate_low': 23.5, 'rate_high': 35.5}.[0m
2021-04-21 15:13:08.257538: I tensorflow/compiler/jit/xla_gpu_device.cc:99] Not creating XLA devices, tf_xla_enable_xla_devices not set
maxFreq at 10nA: 1000.0
2021-04-21 15:13:40.381849: I tensorflow/compiler/jit/xla_gpu_device.cc:99] Not creating XLA devices, tf_xla_enable_xla_devices not set
2021-04-21 15:14:02.121355: I tensorflow/compiler/jit/xla_gpu_device.cc:99] Not creating XLA devices, tf_xla_enable_xla_devices not set
mse and spike frequency: 0.12656 0.0
[32m[I 2021-04-21 15:14:23,673][0m Trial 143 finished with values: [0.12656, 0.0] with parameters: {'Vahp': -42.0, 'Vth': -48.5, 'Vmax': 39.5, 't_ref': 19.5, 'R': 0.6, 'tau_m': 237.5, 'rate_low': 27.0, 'rate_high': 36.5}.[0m
2021-04-21 15:14:24.398336: I tensorflow/compiler/jit/xla_gpu_device.cc:99] Not creating XLA devices, tf_xla_enable_xla_devices not set
maxFreq at 10nA: 998.0
2021-04-21 15:14:57.108515: I tensorflow/compiler/jit/xla_gpu_device.cc:99] Not creating XLA devices, tf_xla_enable_xla_devices not set
2021-04-21 15:15:19.735272: I tensorflow/compiler/jit/xla_gpu_device.cc:99] Not creating XLA devices, tf_xla_enable_xla_devices not set
mse and spike frequency: 0.12656 0.0
[32m[I 2021-04-21 15:15:42,269][0m Trial 144 finished with values: [0.12656, 0.0] with parameters: {'Vahp': -36.0, 'Vth': -38.5, 'Vmax': 10.0, 't_ref': 19.5, 'R': 0.4, 'tau_m': 469.5, 'rate_low': 23.5, 'rate_high': 33.5}.[0m
2021-04-21 15:15:42.947804: I tensorflow/compiler/jit/xla_gpu_device.cc:99] Not creating XLA devices, tf_xla_enable_xla_devices not set
maxFreq at 10nA: 1000.0
2021-04-21 15:16:16.044612: I tensorflow/compiler/jit/xla_gpu_device.cc:99] Not creating XLA devices, tf_xla_enable_xla_devices not set
2021-04-21 15:16:39.476265: I tensorflow/compiler/jit/xla_gpu_device.cc:99] Not creating XLA devices, tf_xla_enable_xla_devices not set
mse and spike frequency: 0.12656 0.0
[32m[I 2021-04-21 15:17:02,298][0m Trial 145 finished with values: [0.12656, 0.0] with parameters: {'Vahp': -38.5, 'Vth': -55.0, 'Vmax': 20.5, 't_ref': 1.5, 'R': 0.5, 'tau_m': 204.0, 'rate_low': 27.5, 'rate_high': 9.5}.[0m
2021-04-21 15:17:02.984467: I tensorflow/compiler/jit/xla_gpu_device.cc:99] Not creating XLA devices, tf_xla_enable_xla_devices not set
maxFreq at 10nA: 48.0
2021-04-21 15:17:35.887949: I tensorflow/compiler/jit/xla_gpu_device.cc:99] Not creating XLA devices, tf_xla_enable_xla_devices not set
2021-04-21 15:17:59.416632: I tensorflow/compiler/jit/xla_gpu_device.cc:99] Not creating XLA devices, tf_xla_enable_xla_devices not set
mse and spike frequency: 0.00768 17.02
[32m[I 2021-04-21 15:18:21,421][0m Trial 146 finished with values: [0.00768, 17.02] with parameters: {'Vahp': -36.0, 'Vth': -35.0, 'Vmax': 39.5, 't_ref': 19.5, 'R': 0.5, 'tau_m': 164.0, 'rate_low': 23.5, 'rate_high': 48.0}.[0m
2021-04-21 15:18:22.227208: I tensorflow/compiler/jit/xla_gpu_device.cc:99] Not creating XLA devices, tf_xla_enable_xla_devices not set
maxFreq at 10nA: 1000.0
2021-04-21 15:18:54.576179: I tensorflow/compiler/jit/xla_gpu_device.cc:99] Not creating XLA devices, tf_xla_enable_xla_devices not set
2021-04-21 15:19:18.125021: I tensorflow/compiler/jit/xla_gpu_device.cc:99] Not creating XLA devices, tf_xla_enable_xla_devices not set
mse and spike frequency: 0.12656 0.0
[32m[I 2021-04-21 15:19:40,046][0m Trial 147 finished with values: [0.12656, 0.0] with parameters: {'Vahp': -29.5, 'Vth': -35.0, 'Vmax': 17.0, 't_ref': 11.5, 'R': 0.7000000000000001, 'tau_m': 163.0, 'rate_low': 36.0, 'rate_high': 44.0}.[0m
2021-04-21 15:19:40.897568: I tensorflow/compiler/jit/xla_gpu_device.cc:99] Not creating XLA devices, tf_xla_enable_xla_devices not set
maxFreq at 10nA: 48.0
2021-04-21 15:20:13.249976: I tensorflow/compiler/jit/xla_gpu_device.cc:99] Not creating XLA devices, tf_xla_enable_xla_devices not set
2021-04-21 15:20:36.838449: I tensorflow/compiler/jit/xla_gpu_device.cc:99] Not creating XLA devices, tf_xla_enable_xla_devices not set
mse and spike frequency: 0.12656 0.0
[32m[I 2021-04-21 15:21:00,183][0m Trial 148 finished with values: [0.12656, 0.0] with parameters: {'Vahp': -50.0, 'Vth': -48.5, 'Vmax': 39.5, 't_ref': 19.5, 'R': 0.7000000000000001, 'tau_m': 444.0, 'rate_low': 12.0, 'rate_high': 13.0}.[0m
2021-04-21 15:21:00.989388: I tensorflow/compiler/jit/xla_gpu_device.cc:99] Not creating XLA devices, tf_xla_enable_xla_devices not set
maxFreq at 10nA: 334.0
2021-04-21 15:21:33.526884: I tensorflow/compiler/jit/xla_gpu_device.cc:99] Not creating XLA devices, tf_xla_enable_xla_devices not set
2021-04-21 15:21:57.415079: I tensorflow/compiler/jit/xla_gpu_device.cc:99] Not creating XLA devices, tf_xla_enable_xla_devices not set
mse and spike frequency: 0.00053 23.48
[32m[I 2021-04-21 15:22:19,964][0m Trial 149 finished with values: [0.00053, 23.48] with parameters: {'Vahp': -55.5, 'Vth': -51.5, 'Vmax': 20.5, 't_ref': 1.5, 'R': 0.5, 'tau_m': 340.5, 'rate_low': 9.5, 'rate_high': 41.0}.[0m
2021-04-21 15:22:20.734018: I tensorflow/compiler/jit/xla_gpu_device.cc:99] Not creating XLA devices, tf_xla_enable_xla_devices not set
maxFreq at 10nA: 999.0
2021-04-21 15:22:53.531522: I tensorflow/compiler/jit/xla_gpu_device.cc:99] Not creating XLA devices, tf_xla_enable_xla_devices not set
2021-04-21 15:23:17.502963: I tensorflow/compiler/jit/xla_gpu_device.cc:99] Not creating XLA devices, tf_xla_enable_xla_devices not set
mse and spike frequency: 0.12656 0.0
[32m[I 2021-04-21 15:23:40,261][0m Trial 150 finished with values: [0.12656, 0.0] with parameters: {'Vahp': -29.5, 'Vth': -37.0, 'Vmax': 31.5, 't_ref': 2.5, 'R': 0.9, 'tau_m': 469.5, 'rate_low': 18.0, 'rate_high': 48.0}.[0m
2021-04-21 15:23:40.934263: I tensorflow/compiler/jit/xla_gpu_device.cc:99] Not creating XLA devices, tf_xla_enable_xla_devices not set
maxFreq at 10nA: 1000.0
2021-04-21 15:24:13.934701: I tensorflow/compiler/jit/xla_gpu_device.cc:99] Not creating XLA devices, tf_xla_enable_xla_devices not set
2021-04-21 15:24:37.932519: I tensorflow/compiler/jit/xla_gpu_device.cc:99] Not creating XLA devices, tf_xla_enable_xla_devices not set
mse and spike frequency: 0.12656 0.0
