[32m[I 2021-04-21 14:12:35,141][0m Trial 84 finished with values: [0.58055, 13.05] with parameters: {'Vahp': -44.5, 'Vth': -40.5, 'Vmax': 24.0, 't_ref': 12.5, 'R': 0.9, 'tau_m': 74.5, 'R_adp': 0.8, 'tau_w': 240.0, 'a': 299.0, 'rate_low': 47.0, 'rate_high': 48.0}.[0m
2021-04-21 14:12:35.642733: I tensorflow/compiler/jit/xla_gpu_device.cc:99] Not creating XLA devices, tf_xla_enable_xla_devices not set
maxFreq at 10nA: 334.0
2021-04-21 14:13:03.388853: I tensorflow/compiler/jit/xla_gpu_device.cc:99] Not creating XLA devices, tf_xla_enable_xla_devices not set
2021-04-21 14:13:18.486966: I tensorflow/compiler/jit/xla_gpu_device.cc:99] Not creating XLA devices, tf_xla_enable_xla_devices not set
mse and spike frequency: 0.00091 15.94
[32m[I 2021-04-21 14:13:32,640][0m Trial 85 finished with values: [0.00091, 15.94] with parameters: {'Vahp': -44.5, 'Vth': -39.0, 'Vmax': 19.0, 't_ref': 2.0, 'R': 0.8, 'tau_m': 43.0, 'R_adp': 0.7000000000000001, 'tau_w': 41.0, 'a': 390.5, 'rate_low': 19.0, 'rate_high': 46.0}.[0m
2021-04-21 14:13:33.144373: I tensorflow/compiler/jit/xla_gpu_device.cc:99] Not creating XLA devices, tf_xla_enable_xla_devices not set
maxFreq at 10nA: 48.0
2021-04-21 14:14:00.847308: I tensorflow/compiler/jit/xla_gpu_device.cc:99] Not creating XLA devices, tf_xla_enable_xla_devices not set
2021-04-21 14:14:16.383550: I tensorflow/compiler/jit/xla_gpu_device.cc:99] Not creating XLA devices, tf_xla_enable_xla_devices not set
mse and spike frequency: 0.02447 4.24
[32m[I 2021-04-21 14:14:31,293][0m Trial 86 finished with values: [0.02447, 4.24] with parameters: {'Vahp': -49.0, 'Vth': -20.5, 'Vmax': 18.5, 't_ref': 18.5, 'R': 0.7000000000000001, 'tau_m': 285.5, 'R_adp': 0.7000000000000001, 'tau_w': 125.5, 'a': 492.5, 'rate_low': 33.0, 'rate_high': 39.0}.[0m
2021-04-21 14:14:31.806382: I tensorflow/compiler/jit/xla_gpu_device.cc:99] Not creating XLA devices, tf_xla_enable_xla_devices not set
maxFreq at 10nA: 1000.0
2021-04-21 14:14:59.424360: I tensorflow/compiler/jit/xla_gpu_device.cc:99] Not creating XLA devices, tf_xla_enable_xla_devices not set
2021-04-21 14:15:15.041076: I tensorflow/compiler/jit/xla_gpu_device.cc:99] Not creating XLA devices, tf_xla_enable_xla_devices not set
mse and spike frequency: 0.12401 1000.1
[32m[I 2021-04-21 14:15:30,071][0m Trial 87 finished with values: [0.12401, 1000.1] with parameters: {'Vahp': -49.5, 'Vth': -59.0, 'Vmax': 15.0, 't_ref': 19.5, 'R': 0.8, 'tau_m': 265.5, 'R_adp': 0.2, 'tau_w': 84.5, 'a': 365.0, 'rate_low': 3.0, 'rate_high': 48.5}.[0m
2021-04-21 14:15:30.620652: I tensorflow/compiler/jit/xla_gpu_device.cc:99] Not creating XLA devices, tf_xla_enable_xla_devices not set
maxFreq at 10nA: 998.0
2021-04-21 14:15:57.983486: I tensorflow/compiler/jit/xla_gpu_device.cc:99] Not creating XLA devices, tf_xla_enable_xla_devices not set
2021-04-21 14:16:13.533109: I tensorflow/compiler/jit/xla_gpu_device.cc:99] Not creating XLA devices, tf_xla_enable_xla_devices not set
mse and spike frequency: 0.12656 0.0
[32m[I 2021-04-21 14:16:28,462][0m Trial 88 finished with values: [0.12656, 0.0] with parameters: {'Vahp': -27.0, 'Vth': -28.0, 'Vmax': 33.5, 't_ref': 6.5, 'R': 0.2, 'tau_m': 188.5, 'R_adp': 0.8, 'tau_w': 304.0, 'a': 482.5, 'rate_low': 13.0, 'rate_high': 48.5}.[0m
2021-04-21 14:16:28.989507: I tensorflow/compiler/jit/xla_gpu_device.cc:99] Not creating XLA devices, tf_xla_enable_xla_devices not set
maxFreq at 10nA: 998.0
2021-04-21 14:16:56.651899: I tensorflow/compiler/jit/xla_gpu_device.cc:99] Not creating XLA devices, tf_xla_enable_xla_devices not set
2021-04-21 14:17:12.724798: I tensorflow/compiler/jit/xla_gpu_device.cc:99] Not creating XLA devices, tf_xla_enable_xla_devices not set
mse and spike frequency: 0.12656 0.0
[32m[I 2021-04-21 14:17:28,172][0m Trial 89 finished with values: [0.12656, 0.0] with parameters: {'Vahp': -30.0, 'Vth': -31.0, 'Vmax': 21.5, 't_ref': 13.5, 'R': 0.2, 'tau_m': 177.5, 'R_adp': 0.2, 'tau_w': 384.5, 'a': 33.0, 'rate_low': 50.0, 'rate_high': 50.0}.[0m
2021-04-21 14:17:28.767976: I tensorflow/compiler/jit/xla_gpu_device.cc:99] Not creating XLA devices, tf_xla_enable_xla_devices not set
maxFreq at 10nA: 1000.0
2021-04-21 14:17:56.205982: I tensorflow/compiler/jit/xla_gpu_device.cc:99] Not creating XLA devices, tf_xla_enable_xla_devices not set
2021-04-21 14:18:11.847032: I tensorflow/compiler/jit/xla_gpu_device.cc:99] Not creating XLA devices, tf_xla_enable_xla_devices not set
mse and spike frequency: 0.12656 0.0
[32m[I 2021-04-21 14:18:27,137][0m Trial 90 finished with values: [0.12656, 0.0] with parameters: {'Vahp': -21.5, 'Vth': -51.0, 'Vmax': 16.0, 't_ref': 1.0, 'R': 1.0, 'tau_m': 381.0, 'R_adp': 1.0, 'tau_w': 298.5, 'a': 363.0, 'rate_low': 32.0, 'rate_high': 43.0}.[0m
2021-04-21 14:18:27.743595: I tensorflow/compiler/jit/xla_gpu_device.cc:99] Not creating XLA devices, tf_xla_enable_xla_devices not set
maxFreq at 10nA: 1000.0
2021-04-21 14:18:55.821067: I tensorflow/compiler/jit/xla_gpu_device.cc:99] Not creating XLA devices, tf_xla_enable_xla_devices not set
2021-04-21 14:19:11.247490: I tensorflow/compiler/jit/xla_gpu_device.cc:99] Not creating XLA devices, tf_xla_enable_xla_devices not set
mse and spike frequency: 0.12401 1000.1
[32m[I 2021-04-21 14:19:26,424][0m Trial 91 finished with values: [0.12401, 1000.1] with parameters: {'Vahp': -27.5, 'Vth': -59.0, 'Vmax': 40.0, 't_ref': 4.0, 'R': 0.2, 'tau_m': 219.5, 'R_adp': 0.6, 'tau_w': 487.5, 'a': 86.5, 'rate_low': 14.0, 'rate_high': 46.5}.[0m
2021-04-21 14:19:27.056906: I tensorflow/compiler/jit/xla_gpu_device.cc:99] Not creating XLA devices, tf_xla_enable_xla_devices not set
maxFreq at 10nA: 1000.0
2021-04-21 14:19:55.258105: I tensorflow/compiler/jit/xla_gpu_device.cc:99] Not creating XLA devices, tf_xla_enable_xla_devices not set
2021-04-21 14:20:10.717068: I tensorflow/compiler/jit/xla_gpu_device.cc:99] Not creating XLA devices, tf_xla_enable_xla_devices not set
mse and spike frequency: 0.12656 0.0
[32m[I 2021-04-21 14:20:26,075][0m Trial 92 finished with values: [0.12656, 0.0] with parameters: {'Vahp': -21.5, 'Vth': -43.0, 'Vmax': 12.5, 't_ref': 10.0, 'R': 0.5, 'tau_m': 27.5, 'R_adp': 0.6, 'tau_w': 386.0, 'a': 46.0, 'rate_low': 17.0, 'rate_high': 22.5}.[0m
2021-04-21 14:20:26.729435: I tensorflow/compiler/jit/xla_gpu_device.cc:99] Not creating XLA devices, tf_xla_enable_xla_devices not set
maxFreq at 10nA: 1000.0
2021-04-21 14:20:55.670427: I tensorflow/compiler/jit/xla_gpu_device.cc:99] Not creating XLA devices, tf_xla_enable_xla_devices not set
2021-04-21 14:21:11.112947: I tensorflow/compiler/jit/xla_gpu_device.cc:99] Not creating XLA devices, tf_xla_enable_xla_devices not set
mse and spike frequency: 0.12656 0.0
[32m[I 2021-04-21 14:21:26,185][0m Trial 93 finished with values: [0.12656, 0.0] with parameters: {'Vahp': -39.5, 'Vth': -46.0, 'Vmax': 15.0, 't_ref': 16.5, 'R': 0.8, 'tau_m': 443.5, 'R_adp': 0.5, 'tau_w': 343.5, 'a': 380.0, 'rate_low': 45.5, 'rate_high': 26.5}.[0m
2021-04-21 14:21:26.845494: I tensorflow/compiler/jit/xla_gpu_device.cc:99] Not creating XLA devices, tf_xla_enable_xla_devices not set
maxFreq at 10nA: 112.0
2021-04-21 14:21:55.098700: I tensorflow/compiler/jit/xla_gpu_device.cc:99] Not creating XLA devices, tf_xla_enable_xla_devices not set
2021-04-21 14:22:10.857961: I tensorflow/compiler/jit/xla_gpu_device.cc:99] Not creating XLA devices, tf_xla_enable_xla_devices not set
mse and spike frequency: 1.05287 19.89
[32m[I 2021-04-21 14:22:25,798][0m Trial 94 finished with values: [1.05287, 19.89] with parameters: {'Vahp': -51.5, 'Vth': -40.5, 'Vmax': 24.0, 't_ref': 8.0, 'R': 0.9, 'tau_m': 102.5, 'R_adp': 0.1, 'tau_w': 376.5, 'a': 432.0, 'rate_low': 27.0, 'rate_high': 27.0}.[0m
2021-04-21 14:22:26.509979: I tensorflow/compiler/jit/xla_gpu_device.cc:99] Not creating XLA devices, tf_xla_enable_xla_devices not set
maxFreq at 10nA: 116.0
2021-04-21 14:22:54.402946: I tensorflow/compiler/jit/xla_gpu_device.cc:99] Not creating XLA devices, tf_xla_enable_xla_devices not set
2021-04-21 14:23:09.740608: I tensorflow/compiler/jit/xla_gpu_device.cc:99] Not creating XLA devices, tf_xla_enable_xla_devices not set
mse and spike frequency: 3.05086 7.96
[32m[I 2021-04-21 14:23:24,866][0m Trial 95 finished with values: [3.05086, 7.96] with parameters: {'Vahp': -39.0, 'Vth': -32.0, 'Vmax': 35.5, 't_ref': 6.0, 'R': 0.1, 'tau_m': 98.5, 'R_adp': 0.1, 'tau_w': 213.5, 'a': 317.0, 'rate_low': 25.0, 'rate_high': 35.0}.[0m
2021-04-21 14:23:25.573570: I tensorflow/compiler/jit/xla_gpu_device.cc:99] Not creating XLA devices, tf_xla_enable_xla_devices not set
maxFreq at 10nA: 1000.0
2021-04-21 14:23:54.232504: I tensorflow/compiler/jit/xla_gpu_device.cc:99] Not creating XLA devices, tf_xla_enable_xla_devices not set
2021-04-21 14:24:09.823721: I tensorflow/compiler/jit/xla_gpu_device.cc:99] Not creating XLA devices, tf_xla_enable_xla_devices not set
mse and spike frequency: 0.12656 0.0
[32m[I 2021-04-21 14:24:25,253][0m Trial 96 finished with values: [0.12656, 0.0] with parameters: {'Vahp': -39.0, 'Vth': -56.0, 'Vmax': 11.5, 't_ref': 20.0, 'R': 0.1, 'tau_m': 202.0, 'R_adp': 0.4, 'tau_w': 254.0, 'a': 317.0, 'rate_low': 46.5, 'rate_high': 50.0}.[0m
2021-04-21 14:24:25.913512: I tensorflow/compiler/jit/xla_gpu_device.cc:99] Not creating XLA devices, tf_xla_enable_xla_devices not set
maxFreq at 10nA: 1000.0
2021-04-21 14:24:54.529347: I tensorflow/compiler/jit/xla_gpu_device.cc:99] Not creating XLA devices, tf_xla_enable_xla_devices not set
2021-04-21 14:25:10.326458: I tensorflow/compiler/jit/xla_gpu_device.cc:99] Not creating XLA devices, tf_xla_enable_xla_devices not set
mse and spike frequency: 0.12656 0.0
[32m[I 2021-04-21 14:25:26,020][0m Trial 97 finished with values: [0.12656, 0.0] with parameters: {'Vahp': -30.5, 'Vth': -51.0, 'Vmax': 25.0, 't_ref': 8.0, 'R': 0.4, 'tau_m': 65.5, 'R_adp': 1.0, 'tau_w': 405.0, 'a': 57.5, 'rate_low': 46.5, 'rate_high': 48.5}.[0m
2021-04-21 14:25:26.676264: I tensorflow/compiler/jit/xla_gpu_device.cc:99] Not creating XLA devices, tf_xla_enable_xla_devices not set
maxFreq at 10nA: 67.0
2021-04-21 14:25:55.859511: I tensorflow/compiler/jit/xla_gpu_device.cc:99] Not creating XLA devices, tf_xla_enable_xla_devices not set
2021-04-21 14:26:11.842896: I tensorflow/compiler/jit/xla_gpu_device.cc:99] Not creating XLA devices, tf_xla_enable_xla_devices not set
mse and spike frequency: 6.4403 13.61
[32m[I 2021-04-21 14:26:27,598][0m Trial 98 finished with values: [6.4403, 13.61] with parameters: {'Vahp': -57.0, 'Vth': -39.5, 'Vmax': 36.0, 't_ref': 13.5, 'R': 0.2, 'tau_m': 40.0, 'R_adp': 0.1, 'tau_w': 189.5, 'a': 62.5, 'rate_low': 6.0, 'rate_high': 11.5}.[0m
2021-04-21 14:26:28.247481: I tensorflow/compiler/jit/xla_gpu_device.cc:99] Not creating XLA devices, tf_xla_enable_xla_devices not set
maxFreq at 10nA: 1000.0
2021-04-21 14:26:57.502793: I tensorflow/compiler/jit/xla_gpu_device.cc:99] Not creating XLA devices, tf_xla_enable_xla_devices not set
2021-04-21 14:27:13.978885: I tensorflow/compiler/jit/xla_gpu_device.cc:99] Not creating XLA devices, tf_xla_enable_xla_devices not set
mse and spike frequency: 0.12656 0.0
[32m[I 2021-04-21 14:27:30,010][0m Trial 99 finished with values: [0.12656, 0.0] with parameters: {'Vahp': -25.0, 'Vth': -39.0, 'Vmax': 19.0, 't_ref': 2.0, 'R': 0.6, 'tau_m': 103.5, 'R_adp': 0.7000000000000001, 'tau_w': 479.5, 'a': 446.0, 'rate_low': 19.0, 'rate_high': 46.0}.[0m
2021-04-21 14:27:30.641198: I tensorflow/compiler/jit/xla_gpu_device.cc:99] Not creating XLA devices, tf_xla_enable_xla_devices not set
maxFreq at 10nA: 1000.0
2021-04-21 14:28:00.370421: I tensorflow/compiler/jit/xla_gpu_device.cc:99] Not creating XLA devices, tf_xla_enable_xla_devices not set
2021-04-21 14:28:15.928549: I tensorflow/compiler/jit/xla_gpu_device.cc:99] Not creating XLA devices, tf_xla_enable_xla_devices not set
mse and spike frequency: 0.12656 0.0
[32m[I 2021-04-21 14:28:32,739][0m Trial 100 finished with values: [0.12656, 0.0] with parameters: {'Vahp': -34.5, 'Vth': -49.5, 'Vmax': 25.0, 't_ref': 0.5, 'R': 0.4, 'tau_m': 65.5, 'R_adp': 0.4, 'tau_w': 487.0, 'a': 316.5, 'rate_low': 45.5, 'rate_high': 49.5}.[0m
2021-04-21 14:28:33.296058: I tensorflow/compiler/jit/xla_gpu_device.cc:99] Not creating XLA devices, tf_xla_enable_xla_devices not set
maxFreq at 10nA: 1000.0
2021-04-21 14:29:02.719628: I tensorflow/compiler/jit/xla_gpu_device.cc:99] Not creating XLA devices, tf_xla_enable_xla_devices not set
2021-04-21 14:29:19.790046: I tensorflow/compiler/jit/xla_gpu_device.cc:99] Not creating XLA devices, tf_xla_enable_xla_devices not set
mse and spike frequency: 0.12656 0.0
[32m[I 2021-04-21 14:29:36,249][0m Trial 101 finished with values: [0.12656, 0.0] with parameters: {'Vahp': -25.0, 'Vth': -39.0, 'Vmax': 19.0, 't_ref': 6.5, 'R': 0.6, 'tau_m': 43.0, 'R_adp': 0.7000000000000001, 'tau_w': 479.5, 'a': 390.5, 'rate_low': 22.0, 'rate_high': 46.0}.[0m
2021-04-21 14:29:36.823353: I tensorflow/compiler/jit/xla_gpu_device.cc:99] Not creating XLA devices, tf_xla_enable_xla_devices not set
maxFreq at 10nA: 997.0
2021-04-21 14:30:06.927963: I tensorflow/compiler/jit/xla_gpu_device.cc:99] Not creating XLA devices, tf_xla_enable_xla_devices not set
2021-04-21 14:30:24.206685: I tensorflow/compiler/jit/xla_gpu_device.cc:99] Not creating XLA devices, tf_xla_enable_xla_devices not set
mse and spike frequency: 0.12656 0.0
[32m[I 2021-04-21 14:30:40,977][0m Trial 102 finished with values: [0.12656, 0.0] with parameters: {'Vahp': -30.0, 'Vth': -31.0, 'Vmax': 36.0, 't_ref': 13.5, 'R': 0.2, 'tau_m': 230.0, 'R_adp': 0.2, 'tau_w': 200.5, 'a': 33.0, 'rate_low': 50.0, 'rate_high': 50.0}.[0m
2021-04-21 14:30:41.551480: I tensorflow/compiler/jit/xla_gpu_device.cc:99] Not creating XLA devices, tf_xla_enable_xla_devices not set
maxFreq at 10nA: 995.0
2021-04-21 14:31:12.085271: I tensorflow/compiler/jit/xla_gpu_device.cc:99] Not creating XLA devices, tf_xla_enable_xla_devices not set
2021-04-21 14:31:29.800656: I tensorflow/compiler/jit/xla_gpu_device.cc:99] Not creating XLA devices, tf_xla_enable_xla_devices not set
mse and spike frequency: 0.12656 0.0
[32m[I 2021-04-21 14:31:46,596][0m Trial 103 finished with values: [0.12656, 0.0] with parameters: {'Vahp': -30.5, 'Vth': -32.0, 'Vmax': 11.5, 't_ref': 19.0, 'R': 0.2, 'tau_m': 407.0, 'R_adp': 0.4, 'tau_w': 383.0, 'a': 57.5, 'rate_low': 46.5, 'rate_high': 50.0}.[0m
2021-04-21 14:31:47.156190: I tensorflow/compiler/jit/xla_gpu_device.cc:99] Not creating XLA devices, tf_xla_enable_xla_devices not set
maxFreq at 10nA: 84.0
2021-04-21 14:32:16.492605: I tensorflow/compiler/jit/xla_gpu_device.cc:99] Not creating XLA devices, tf_xla_enable_xla_devices not set
2021-04-21 14:32:34.417448: I tensorflow/compiler/jit/xla_gpu_device.cc:99] Not creating XLA devices, tf_xla_enable_xla_devices not set
mse and spike frequency: 0.0057 4.11
[32m[I 2021-04-21 14:32:51,396][0m Trial 104 finished with values: [0.0057, 4.11] with parameters: {'Vahp': -42.5, 'Vth': -30.5, 'Vmax': 26.5, 't_ref': 10.0, 'R': 0.2, 'tau_m': 230.0, 'R_adp': 0.2, 'tau_w': 57.0, 'a': 364.0, 'rate_low': 17.0, 'rate_high': 31.0}.[0m
2021-04-21 14:32:51.976235: I tensorflow/compiler/jit/xla_gpu_device.cc:99] Not creating XLA devices, tf_xla_enable_xla_devices not set
maxFreq at 10nA: 999.0
2021-04-21 14:33:21.980994: I tensorflow/compiler/jit/xla_gpu_device.cc:99] Not creating XLA devices, tf_xla_enable_xla_devices not set
2021-04-21 14:33:40.075290: I tensorflow/compiler/jit/xla_gpu_device.cc:99] Not creating XLA devices, tf_xla_enable_xla_devices not set
mse and spike frequency: 0.12656 0.0
[32m[I 2021-04-21 14:33:57,371][0m Trial 105 finished with values: [0.12656, 0.0] with parameters: {'Vahp': -30.0, 'Vth': -42.0, 'Vmax': 35.5, 't_ref': 13.5, 'R': 0.2, 'tau_m': 227.5, 'R_adp': 0.6, 'tau_w': 384.5, 'a': 219.5, 'rate_low': 48.0, 'rate_high': 13.5}.[0m
2021-04-21 14:33:57.951943: I tensorflow/compiler/jit/xla_gpu_device.cc:99] Not creating XLA devices, tf_xla_enable_xla_devices not set
maxFreq at 10nA: 1000.0
2021-04-21 14:34:28.047624: I tensorflow/compiler/jit/xla_gpu_device.cc:99] Not creating XLA devices, tf_xla_enable_xla_devices not set
2021-04-21 14:34:46.531783: I tensorflow/compiler/jit/xla_gpu_device.cc:99] Not creating XLA devices, tf_xla_enable_xla_devices not set
mse and spike frequency: 0.12656 0.0
[32m[I 2021-04-21 14:35:03,868][0m Trial 106 finished with values: [0.12656, 0.0] with parameters: {'Vahp': -44.5, 'Vth': -50.5, 'Vmax': 14.5, 't_ref': 17.0, 'R': 0.8, 'tau_m': 462.0, 'R_adp': 0.7000000000000001, 'tau_w': 41.0, 'a': 416.0, 'rate_low': 19.0, 'rate_high': 25.0}.[0m
2021-04-21 14:35:04.487623: I tensorflow/compiler/jit/xla_gpu_device.cc:99] Not creating XLA devices, tf_xla_enable_xla_devices not set
maxFreq at 10nA: 101.0
2021-04-21 14:35:34.638591: I tensorflow/compiler/jit/xla_gpu_device.cc:99] Not creating XLA devices, tf_xla_enable_xla_devices not set
2021-04-21 14:35:53.109203: I tensorflow/compiler/jit/xla_gpu_device.cc:99] Not creating XLA devices, tf_xla_enable_xla_devices not set
mse and spike frequency: 0.02318 2.86
[32m[I 2021-04-21 14:36:10,671][0m Trial 107 finished with values: [0.02318, 2.86] with parameters: {'Vahp': -45.0, 'Vth': -34.5, 'Vmax': 30.5, 't_ref': 1.0, 'R': 0.2, 'tau_m': 477.5, 'R_adp': 1.0, 'tau_w': 107.0, 'a': 139.0, 'rate_low': 40.5, 'rate_high': 13.5}.[0m
2021-04-21 14:36:11.278783: I tensorflow/compiler/jit/xla_gpu_device.cc:99] Not creating XLA devices, tf_xla_enable_xla_devices not set
maxFreq at 10nA: 1000.0
2021-04-21 14:36:41.194120: I tensorflow/compiler/jit/xla_gpu_device.cc:99] Not creating XLA devices, tf_xla_enable_xla_devices not set
2021-04-21 14:36:59.576535: I tensorflow/compiler/jit/xla_gpu_device.cc:99] Not creating XLA devices, tf_xla_enable_xla_devices not set
mse and spike frequency: 0.12656 0.0
[32m[I 2021-04-21 14:37:17,253][0m Trial 108 finished with values: [0.12656, 0.0] with parameters: {'Vahp': -34.0, 'Vth': -50.5, 'Vmax': 19.0, 't_ref': 2.0, 'R': 0.6, 'tau_m': 103.5, 'R_adp': 0.7000000000000001, 'tau_w': 479.5, 'a': 416.0, 'rate_low': 19.0, 'rate_high': 46.0}.[0m
2021-04-21 14:37:17.844644: I tensorflow/compiler/jit/xla_gpu_device.cc:99] Not creating XLA devices, tf_xla_enable_xla_devices not set
maxFreq at 10nA: 112.0
2021-04-21 14:37:47.776106: I tensorflow/compiler/jit/xla_gpu_device.cc:99] Not creating XLA devices, tf_xla_enable_xla_devices not set
2021-04-21 14:38:06.295400: I tensorflow/compiler/jit/xla_gpu_device.cc:99] Not creating XLA devices, tf_xla_enable_xla_devices not set
mse and spike frequency: 0.07739 5.19
[32m[I 2021-04-21 14:38:24,289][0m Trial 109 finished with values: [0.07739, 5.19] with parameters: {'Vahp': -57.0, 'Vth': -39.5, 'Vmax': 36.0, 't_ref': 8.0, 'R': 0.2, 'tau_m': 65.5, 'R_adp': 0.1, 'tau_w': 189.5, 'a': 219.5, 'rate_low': 16.0, 'rate_high': 23.0}.[0m
2021-04-21 14:38:24.961892: I tensorflow/compiler/jit/xla_gpu_device.cc:99] Not creating XLA devices, tf_xla_enable_xla_devices not set
maxFreq at 10nA: 1000.0
2021-04-21 14:38:54.613117: I tensorflow/compiler/jit/xla_gpu_device.cc:99] Not creating XLA devices, tf_xla_enable_xla_devices not set
2021-04-21 14:39:13.384157: I tensorflow/compiler/jit/xla_gpu_device.cc:99] Not creating XLA devices, tf_xla_enable_xla_devices not set
mse and spike frequency: 0.12656 0.0
[32m[I 2021-04-21 14:39:31,392][0m Trial 110 finished with values: [0.12656, 0.0] with parameters: {'Vahp': -36.5, 'Vth': -45.5, 'Vmax': 25.0, 't_ref': 0.5, 'R': 0.7000000000000001, 'tau_m': 317.5, 'R_adp': 0.7000000000000001, 'tau_w': 198.0, 'a': 473.0, 'rate_low': 1.5, 'rate_high': 45.0}.[0m
2021-04-21 14:39:32.109991: I tensorflow/compiler/jit/xla_gpu_device.cc:99] Not creating XLA devices, tf_xla_enable_xla_devices not set
maxFreq at 10nA: 29.0
2021-04-21 14:40:02.202021: I tensorflow/compiler/jit/xla_gpu_device.cc:99] Not creating XLA devices, tf_xla_enable_xla_devices not set
2021-04-21 14:40:20.977026: I tensorflow/compiler/jit/xla_gpu_device.cc:99] Not creating XLA devices, tf_xla_enable_xla_devices not set
mse and spike frequency: 0.14442 1.28
[32m[I 2021-04-21 14:40:38,856][0m Trial 111 finished with values: [0.14442, 1.28] with parameters: {'Vahp': -57.5, 'Vth': -39.0, 'Vmax': 26.5, 't_ref': 6.0, 'R': 0.2, 'tau_m': 230.0, 'R_adp': 0.7000000000000001, 'tau_w': 333.0, 'a': 364.0, 'rate_low': 49.0, 'rate_high': 40.0}.[0m
2021-04-21 14:40:39.523365: I tensorflow/compiler/jit/xla_gpu_device.cc:99] Not creating XLA devices, tf_xla_enable_xla_devices not set
maxFreq at 10nA: 1000.0
2021-04-21 14:41:09.128808: I tensorflow/compiler/jit/xla_gpu_device.cc:99] Not creating XLA devices, tf_xla_enable_xla_devices not set
2021-04-21 14:41:28.109661: I tensorflow/compiler/jit/xla_gpu_device.cc:99] Not creating XLA devices, tf_xla_enable_xla_devices not set
mse and spike frequency: 0.12656 0.0
[32m[I 2021-04-21 14:41:46,097][0m Trial 112 finished with values: [0.12656, 0.0] with parameters: {'Vahp': -39.5, 'Vth': -51.5, 'Vmax': 25.0, 't_ref': 8.0, 'R': 0.4, 'tau_m': 65.5, 'R_adp': 1.0, 'tau_w': 343.5, 'a': 363.0, 'rate_low': 16.0, 'rate_high': 26.5}.[0m
2021-04-21 14:41:46.711779: I tensorflow/compiler/jit/xla_gpu_device.cc:99] Not creating XLA devices, tf_xla_enable_xla_devices not set
maxFreq at 10nA: 85.0
2021-04-21 14:42:16.482871: I tensorflow/compiler/jit/xla_gpu_device.cc:99] Not creating XLA devices, tf_xla_enable_xla_devices not set
2021-04-21 14:42:35.534183: I tensorflow/compiler/jit/xla_gpu_device.cc:99] Not creating XLA devices, tf_xla_enable_xla_devices not set
mse and spike frequency: 0.02967 2.12
