2021-04-21 13:12:00.863663: I tensorflow/stream_executor/platform/default/dso_loader.cc:49] Successfully opened dynamic library libcudart.so.11.0
Build finished in 0:00:01.                                                      
Simulation finished in 0:00:01.                                                 
[32m[I 2021-04-21 13:12:04,353][0m A new study created in memory with name: no-name-72ba7fbb-0d26-4faf-abcc-e8efa4db062c[0m
2021-04-21 13:12:04.588596: I tensorflow/compiler/jit/xla_cpu_device.cc:41] Not creating XLA devices, tf_xla_enable_xla_devices not set
2021-04-21 13:12:04.589599: I tensorflow/stream_executor/platform/default/dso_loader.cc:49] Successfully opened dynamic library libcuda.so.1
2021-04-21 13:12:05.619555: E tensorflow/stream_executor/cuda/cuda_driver.cc:328] failed call to cuInit: CUDA_ERROR_NO_DEVICE: no CUDA-capable device is detected
2021-04-21 13:12:05.619621: I tensorflow/stream_executor/cuda/cuda_diagnostics.cc:169] retrieving CUDA diagnostic information for host: comparch-t640
2021-04-21 13:12:05.619631: I tensorflow/stream_executor/cuda/cuda_diagnostics.cc:176] hostname: comparch-t640
2021-04-21 13:12:05.619803: I tensorflow/stream_executor/cuda/cuda_diagnostics.cc:200] libcuda reported version is: 450.66.0
2021-04-21 13:12:05.619840: I tensorflow/stream_executor/cuda/cuda_diagnostics.cc:204] kernel reported version is: 450.66.0
2021-04-21 13:12:05.619847: I tensorflow/stream_executor/cuda/cuda_diagnostics.cc:310] kernel version seems to match DSO: 450.66.0
2021-04-21 13:12:05.620168: I tensorflow/core/platform/cpu_feature_guard.cc:142] This TensorFlow binary is optimized with oneAPI Deep Neural Network Library (oneDNN) to use the following CPU instructions in performance-critical operations:  AVX2 AVX512F FMA
To enable them in other operations, rebuild TensorFlow with the appropriate compiler flags.
2021-04-21 13:12:05.622114: I tensorflow/compiler/jit/xla_gpu_device.cc:99] Not creating XLA devices, tf_xla_enable_xla_devices not set
2021-04-21 13:12:05.632069: I tensorflow/compiler/mlir/mlir_graph_optimization_pass.cc:196] None of the MLIR optimization passes are enabled (registered 0 passes)
2021-04-21 13:12:05.655979: I tensorflow/core/platform/profile_utils/cpu_utils.cc:112] CPU Frequency: 2100000000 Hz
maxFreq at 10nA: 73.0
2021-04-21 13:12:23.284306: I tensorflow/compiler/jit/xla_gpu_device.cc:99] Not creating XLA devices, tf_xla_enable_xla_devices not set
2021-04-21 13:12:30.018345: I tensorflow/compiler/jit/xla_gpu_device.cc:99] Not creating XLA devices, tf_xla_enable_xla_devices not set
mse and spike frequency: 0.03999 4.19
[32m[I 2021-04-21 13:12:35,269][0m Trial 0 finished with values: [0.03999, 4.19] with parameters: {'Vahp': -58.0, 'Vth': -38.5, 'Vmax': 18.5, 't_ref': 11.0, 'R': 0.30000000000000004, 'tau_m': 243.5, 'R_adp': 0.8, 'tau_w': 215.0, 'a': 76.5, 'rate_low': 28.5, 'rate_high': 31.5}.[0m
2021-04-21 13:12:35.622361: I tensorflow/compiler/jit/xla_gpu_device.cc:99] Not creating XLA devices, tf_xla_enable_xla_devices not set
maxFreq at 10nA: 224.0
2021-04-21 13:12:52.626543: I tensorflow/compiler/jit/xla_gpu_device.cc:99] Not creating XLA devices, tf_xla_enable_xla_devices not set
2021-04-21 13:12:59.130166: I tensorflow/compiler/jit/xla_gpu_device.cc:99] Not creating XLA devices, tf_xla_enable_xla_devices not set
mse and spike frequency: 0.001 18.32
[32m[I 2021-04-21 13:13:04,506][0m Trial 1 finished with values: [0.001, 18.32] with parameters: {'Vahp': -45.5, 'Vth': -35.5, 'Vmax': 11.5, 't_ref': 3.0, 'R': 0.6, 'tau_m': 422.5, 'R_adp': 1.0, 'tau_w': 28.5, 'a': 276.0, 'rate_low': 42.5, 'rate_high': 45.0}.[0m
2021-04-21 13:13:04.831480: I tensorflow/compiler/jit/xla_gpu_device.cc:99] Not creating XLA devices, tf_xla_enable_xla_devices not set
maxFreq at 10nA: 143.0
2021-04-21 13:13:22.210976: I tensorflow/compiler/jit/xla_gpu_device.cc:99] Not creating XLA devices, tf_xla_enable_xla_devices not set
2021-04-21 13:13:28.361931: I tensorflow/compiler/jit/xla_gpu_device.cc:99] Not creating XLA devices, tf_xla_enable_xla_devices not set
mse and spike frequency: 2.87881 30.01
[32m[I 2021-04-21 13:13:34,138][0m Trial 2 finished with values: [2.87881, 30.01] with parameters: {'Vahp': -40.0, 'Vth': -40.0, 'Vmax': 30.5, 't_ref': 5.5, 'R': 0.5, 'tau_m': 36.5, 'R_adp': 0.2, 'tau_w': 258.5, 'a': 268.0, 'rate_low': 43.5, 'rate_high': 49.5}.[0m
2021-04-21 13:13:34.445734: I tensorflow/compiler/jit/xla_gpu_device.cc:99] Not creating XLA devices, tf_xla_enable_xla_devices not set
maxFreq at 10nA: 1000.0
2021-04-21 13:13:52.184673: I tensorflow/compiler/jit/xla_gpu_device.cc:99] Not creating XLA devices, tf_xla_enable_xla_devices not set
2021-04-21 13:13:58.619636: I tensorflow/compiler/jit/xla_gpu_device.cc:99] Not creating XLA devices, tf_xla_enable_xla_devices not set
mse and spike frequency: 0.12656 0.0
[32m[I 2021-04-21 13:14:04,389][0m Trial 3 finished with values: [0.12656, 0.0] with parameters: {'Vahp': -21.5, 'Vth': -29.5, 'Vmax': 36.5, 't_ref': 7.5, 'R': 0.8, 'tau_m': 109.5, 'R_adp': 0.30000000000000004, 'tau_w': 451.5, 'a': 173.0, 'rate_low': 25.0, 'rate_high': 31.5}.[0m
2021-04-21 13:14:04.913177: I tensorflow/compiler/jit/xla_gpu_device.cc:99] Not creating XLA devices, tf_xla_enable_xla_devices not set
maxFreq at 10nA: 999.0
2021-04-21 13:14:22.909462: I tensorflow/compiler/jit/xla_gpu_device.cc:99] Not creating XLA devices, tf_xla_enable_xla_devices not set
2021-04-21 13:14:29.421428: I tensorflow/compiler/jit/xla_gpu_device.cc:99] Not creating XLA devices, tf_xla_enable_xla_devices not set
mse and spike frequency: 0.12656 0.0
[32m[I 2021-04-21 13:14:35,349][0m Trial 4 finished with values: [0.12656, 0.0] with parameters: {'Vahp': -35.0, 'Vth': -39.0, 'Vmax': 37.5, 't_ref': 4.5, 'R': 0.30000000000000004, 'tau_m': 183.5, 'R_adp': 0.4, 'tau_w': 306.0, 'a': 229.5, 'rate_low': 48.0, 'rate_high': 49.0}.[0m
2021-04-21 13:14:35.712549: I tensorflow/compiler/jit/xla_gpu_device.cc:99] Not creating XLA devices, tf_xla_enable_xla_devices not set
maxFreq at 10nA: 1000.0
2021-04-21 13:14:53.468288: I tensorflow/compiler/jit/xla_gpu_device.cc:99] Not creating XLA devices, tf_xla_enable_xla_devices not set
2021-04-21 13:14:59.934698: I tensorflow/compiler/jit/xla_gpu_device.cc:99] Not creating XLA devices, tf_xla_enable_xla_devices not set
mse and spike frequency: 0.12656 0.0
[32m[I 2021-04-21 13:15:05,730][0m Trial 5 finished with values: [0.12656, 0.0] with parameters: {'Vahp': -45.0, 'Vth': -56.5, 'Vmax': 39.5, 't_ref': 7.0, 'R': 0.5, 'tau_m': 389.5, 'R_adp': 0.4, 'tau_w': 271.0, 'a': 189.5, 'rate_low': 8.5, 'rate_high': 44.0}.[0m
2021-04-21 13:15:06.095742: I tensorflow/compiler/jit/xla_gpu_device.cc:99] Not creating XLA devices, tf_xla_enable_xla_devices not set
maxFreq at 10nA: 1000.0
2021-04-21 13:15:24.071117: I tensorflow/compiler/jit/xla_gpu_device.cc:99] Not creating XLA devices, tf_xla_enable_xla_devices not set
2021-04-21 13:15:30.655993: I tensorflow/compiler/jit/xla_gpu_device.cc:99] Not creating XLA devices, tf_xla_enable_xla_devices not set
mse and spike frequency: 0.12656 0.0
[32m[I 2021-04-21 13:15:36,532][0m Trial 6 finished with values: [0.12656, 0.0] with parameters: {'Vahp': -47.0, 'Vth': -56.0, 'Vmax': 31.0, 't_ref': 11.0, 'R': 0.7000000000000001, 'tau_m': 42.5, 'R_adp': 1.0, 'tau_w': 213.5, 'a': 58.0, 'rate_low': 31.0, 'rate_high': 45.5}.[0m
2021-04-21 13:15:36.970366: I tensorflow/compiler/jit/xla_gpu_device.cc:99] Not creating XLA devices, tf_xla_enable_xla_devices not set
maxFreq at 10nA: 194.0
2021-04-21 13:15:55.509250: I tensorflow/compiler/jit/xla_gpu_device.cc:99] Not creating XLA devices, tf_xla_enable_xla_devices not set
2021-04-21 13:16:02.158302: I tensorflow/compiler/jit/xla_gpu_device.cc:99] Not creating XLA devices, tf_xla_enable_xla_devices not set
mse and spike frequency: 0.03233 3.09
[32m[I 2021-04-21 13:16:08,102][0m Trial 7 finished with values: [0.03233, 3.09] with parameters: {'Vahp': -39.0, 'Vth': -26.0, 'Vmax': 34.5, 't_ref': 1.5, 'R': 0.4, 'tau_m': 163.5, 'R_adp': 0.9, 'tau_w': 106.0, 'a': 186.0, 'rate_low': 18.5, 'rate_high': 22.0}.[0m
2021-04-21 13:16:08.553954: I tensorflow/compiler/jit/xla_gpu_device.cc:99] Not creating XLA devices, tf_xla_enable_xla_devices not set
maxFreq at 10nA: 79.0
2021-04-21 13:16:27.506289: I tensorflow/compiler/jit/xla_gpu_device.cc:99] Not creating XLA devices, tf_xla_enable_xla_devices not set
2021-04-21 13:16:34.131367: I tensorflow/compiler/jit/xla_gpu_device.cc:99] Not creating XLA devices, tf_xla_enable_xla_devices not set
mse and spike frequency: 0.44458 7.04
[32m[I 2021-04-21 13:16:39,998][0m Trial 8 finished with values: [0.44458, 7.04] with parameters: {'Vahp': -46.0, 'Vth': -28.5, 'Vmax': 24.5, 't_ref': 10.0, 'R': 0.6, 'tau_m': 380.0, 'R_adp': 0.7000000000000001, 'tau_w': 287.0, 'a': 237.0, 'rate_low': 35.5, 'rate_high': 43.0}.[0m
2021-04-21 13:16:40.376232: I tensorflow/compiler/jit/xla_gpu_device.cc:99] Not creating XLA devices, tf_xla_enable_xla_devices not set
maxFreq at 10nA: 1000.0
2021-04-21 13:16:58.894554: I tensorflow/compiler/jit/xla_gpu_device.cc:99] Not creating XLA devices, tf_xla_enable_xla_devices not set
2021-04-21 13:17:06.180750: I tensorflow/compiler/jit/xla_gpu_device.cc:99] Not creating XLA devices, tf_xla_enable_xla_devices not set
mse and spike frequency: 0.12656 0.0
[32m[I 2021-04-21 13:17:11,941][0m Trial 9 finished with values: [0.12656, 0.0] with parameters: {'Vahp': -48.0, 'Vth': -52.5, 'Vmax': 40.0, 't_ref': 17.5, 'R': 0.5, 'tau_m': 180.0, 'R_adp': 0.30000000000000004, 'tau_w': 391.0, 'a': 490.0, 'rate_low': 41.5, 'rate_high': 44.5}.[0m
2021-04-21 13:17:12.336471: I tensorflow/compiler/jit/xla_gpu_device.cc:99] Not creating XLA devices, tf_xla_enable_xla_devices not set
maxFreq at 10nA: 67.0
2021-04-21 13:17:30.794786: I tensorflow/compiler/jit/xla_gpu_device.cc:99] Not creating XLA devices, tf_xla_enable_xla_devices not set
2021-04-21 13:17:37.645320: I tensorflow/compiler/jit/xla_gpu_device.cc:99] Not creating XLA devices, tf_xla_enable_xla_devices not set
mse and spike frequency: 0.34097 4.0
[32m[I 2021-04-21 13:17:44,319][0m Trial 10 finished with values: [0.34097, 4.0] with parameters: {'Vahp': -27.0, 'Vth': -24.5, 'Vmax': 21.0, 't_ref': 13.5, 'R': 0.7000000000000001, 'tau_m': 428.5, 'R_adp': 0.2, 'tau_w': 204.0, 'a': 442.0, 'rate_low': 6.5, 'rate_high': 29.0}.[0m
2021-04-21 13:17:44.752922: I tensorflow/compiler/jit/xla_gpu_device.cc:99] Not creating XLA devices, tf_xla_enable_xla_devices not set
maxFreq at 10nA: 999.0
2021-04-21 13:18:03.552145: I tensorflow/compiler/jit/xla_gpu_device.cc:99] Not creating XLA devices, tf_xla_enable_xla_devices not set
2021-04-21 13:18:10.612546: I tensorflow/compiler/jit/xla_gpu_device.cc:99] Not creating XLA devices, tf_xla_enable_xla_devices not set
mse and spike frequency: 0.12656 0.0
[32m[I 2021-04-21 13:18:16,769][0m Trial 11 finished with values: [0.12656, 0.0] with parameters: {'Vahp': -24.0, 'Vth': -34.0, 'Vmax': 29.0, 't_ref': 8.0, 'R': 0.30000000000000004, 'tau_m': 177.5, 'R_adp': 0.8, 'tau_w': 474.0, 'a': 171.0, 'rate_low': 26.0, 'rate_high': 29.5}.[0m
2021-04-21 13:18:17.198284: I tensorflow/compiler/jit/xla_gpu_device.cc:99] Not creating XLA devices, tf_xla_enable_xla_devices not set
maxFreq at 10nA: 1000.0
2021-04-21 13:18:36.332090: I tensorflow/compiler/jit/xla_gpu_device.cc:99] Not creating XLA devices, tf_xla_enable_xla_devices not set
2021-04-21 13:18:43.573004: I tensorflow/compiler/jit/xla_gpu_device.cc:99] Not creating XLA devices, tf_xla_enable_xla_devices not set
mse and spike frequency: 0.12656 0.0
[32m[I 2021-04-21 13:18:49,578][0m Trial 12 finished with values: [0.12656, 0.0] with parameters: {'Vahp': -45.5, 'Vth': -49.5, 'Vmax': 20.0, 't_ref': 5.0, 'R': 0.7000000000000001, 'tau_m': 84.5, 'R_adp': 0.7000000000000001, 'tau_w': 494.0, 'a': 345.0, 'rate_low': 22.5, 'rate_high': 40.0}.[0m
2021-04-21 13:18:49.974686: I tensorflow/compiler/jit/xla_gpu_device.cc:99] Not creating XLA devices, tf_xla_enable_xla_devices not set
maxFreq at 10nA: 1000.0
2021-04-21 13:19:09.041554: I tensorflow/compiler/jit/xla_gpu_device.cc:99] Not creating XLA devices, tf_xla_enable_xla_devices not set
2021-04-21 13:19:16.554730: I tensorflow/compiler/jit/xla_gpu_device.cc:99] Not creating XLA devices, tf_xla_enable_xla_devices not set
mse and spike frequency: 0.12656 0.0
[32m[I 2021-04-21 13:19:22,784][0m Trial 13 finished with values: [0.12656, 0.0] with parameters: {'Vahp': -27.0, 'Vth': -32.0, 'Vmax': 22.0, 't_ref': 3.0, 'R': 0.9, 'tau_m': 16.0, 'R_adp': 1.0, 'tau_w': 449.5, 'a': 487.5, 'rate_low': 41.0, 'rate_high': 41.0}.[0m
2021-04-21 13:19:23.160244: I tensorflow/compiler/jit/xla_gpu_device.cc:99] Not creating XLA devices, tf_xla_enable_xla_devices not set
maxFreq at 10nA: 1000.0
2021-04-21 13:19:41.885161: I tensorflow/compiler/jit/xla_gpu_device.cc:99] Not creating XLA devices, tf_xla_enable_xla_devices not set
2021-04-21 13:19:48.904181: I tensorflow/compiler/jit/xla_gpu_device.cc:99] Not creating XLA devices, tf_xla_enable_xla_devices not set
mse and spike frequency: 0.12656 0.0
[32m[I 2021-04-21 13:19:55,479][0m Trial 14 finished with values: [0.12656, 0.0] with parameters: {'Vahp': -40.5, 'Vth': -45.0, 'Vmax': 36.0, 't_ref': 19.0, 'R': 1.0, 'tau_m': 146.0, 'R_adp': 0.9, 'tau_w': 228.0, 'a': 35.0, 'rate_low': 28.0, 'rate_high': 42.5}.[0m
2021-04-21 13:19:55.887033: I tensorflow/compiler/jit/xla_gpu_device.cc:99] Not creating XLA devices, tf_xla_enable_xla_devices not set
maxFreq at 10nA: 998.0
2021-04-21 13:20:15.081875: I tensorflow/compiler/jit/xla_gpu_device.cc:99] Not creating XLA devices, tf_xla_enable_xla_devices not set
2021-04-21 13:20:22.516484: I tensorflow/compiler/jit/xla_gpu_device.cc:99] Not creating XLA devices, tf_xla_enable_xla_devices not set
mse and spike frequency: 0.12656 0.0
[32m[I 2021-04-21 13:20:29,032][0m Trial 15 finished with values: [0.12656, 0.0] with parameters: {'Vahp': -25.5, 'Vth': -35.0, 'Vmax': 37.0, 't_ref': 4.0, 'R': 0.2, 'tau_m': 232.5, 'R_adp': 0.2, 'tau_w': 28.5, 'a': 331.5, 'rate_low': 21.0, 'rate_high': 45.0}.[0m
2021-04-21 13:20:29.446530: I tensorflow/compiler/jit/xla_gpu_device.cc:99] Not creating XLA devices, tf_xla_enable_xla_devices not set
maxFreq at 10nA: 1000.0
2021-04-21 13:20:49.188794: I tensorflow/compiler/jit/xla_gpu_device.cc:99] Not creating XLA devices, tf_xla_enable_xla_devices not set
2021-04-21 13:20:56.349400: I tensorflow/compiler/jit/xla_gpu_device.cc:99] Not creating XLA devices, tf_xla_enable_xla_devices not set
mse and spike frequency: 0.12656 0.0
[32m[I 2021-04-21 13:21:02,938][0m Trial 16 finished with values: [0.12656, 0.0] with parameters: {'Vahp': -36.0, 'Vth': -58.0, 'Vmax': 38.5, 't_ref': 4.0, 'R': 0.6, 'tau_m': 449.5, 'R_adp': 0.6, 'tau_w': 146.0, 'a': 218.0, 'rate_low': 6.5, 'rate_high': 8.5}.[0m
2021-04-21 13:21:03.326959: I tensorflow/compiler/jit/xla_gpu_device.cc:99] Not creating XLA devices, tf_xla_enable_xla_devices not set
maxFreq at 10nA: 334.0
2021-04-21 13:21:22.780908: I tensorflow/compiler/jit/xla_gpu_device.cc:99] Not creating XLA devices, tf_xla_enable_xla_devices not set
2021-04-21 13:21:30.305674: I tensorflow/compiler/jit/xla_gpu_device.cc:99] Not creating XLA devices, tf_xla_enable_xla_devices not set
mse and spike frequency: 0.00183 11.6
[32m[I 2021-04-21 13:21:36,887][0m Trial 17 finished with values: [0.00183, 11.6] with parameters: {'Vahp': -55.5, 'Vth': -29.5, 'Vmax': 31.0, 't_ref': 1.5, 'R': 0.9, 'tau_m': 129.0, 'R_adp': 0.8, 'tau_w': 120.0, 'a': 56.0, 'rate_low': 11.5, 'rate_high': 31.5}.[0m
2021-04-21 13:21:37.360364: I tensorflow/compiler/jit/xla_gpu_device.cc:99] Not creating XLA devices, tf_xla_enable_xla_devices not set
maxFreq at 10nA: 64.0
2021-04-21 13:21:56.754872: I tensorflow/compiler/jit/xla_gpu_device.cc:99] Not creating XLA devices, tf_xla_enable_xla_devices not set
2021-04-21 13:22:04.130030: I tensorflow/compiler/jit/xla_gpu_device.cc:99] Not creating XLA devices, tf_xla_enable_xla_devices not set
mse and spike frequency: 0.99886 3.68
[32m[I 2021-04-21 13:22:10,836][0m Trial 18 finished with values: [0.99886, 3.68] with parameters: {'Vahp': -57.5, 'Vth': -56.0, 'Vmax': 11.5, 't_ref': 11.5, 'R': 0.2, 'tau_m': 152.5, 'R_adp': 0.4, 'tau_w': 403.5, 'a': 231.5, 'rate_low': 5.5, 'rate_high': 26.5}.[0m
2021-04-21 13:22:11.296833: I tensorflow/compiler/jit/xla_gpu_device.cc:99] Not creating XLA devices, tf_xla_enable_xla_devices not set
maxFreq at 10nA: 46.0
2021-04-21 13:22:31.135354: I tensorflow/compiler/jit/xla_gpu_device.cc:99] Not creating XLA devices, tf_xla_enable_xla_devices not set
2021-04-21 13:22:38.767725: I tensorflow/compiler/jit/xla_gpu_device.cc:99] Not creating XLA devices, tf_xla_enable_xla_devices not set
mse and spike frequency: 0.16618 0.81
[32m[I 2021-04-21 13:22:45,620][0m Trial 19 finished with values: [0.16618, 0.81] with parameters: {'Vahp': -34.0, 'Vth': -21.5, 'Vmax': 14.5, 't_ref': 19.0, 'R': 0.1, 'tau_m': 58.5, 'R_adp': 0.4, 'tau_w': 136.5, 'a': 320.0, 'rate_low': 18.0, 'rate_high': 28.0}.[0m
2021-04-21 13:22:46.012514: I tensorflow/compiler/jit/xla_gpu_device.cc:99] Not creating XLA devices, tf_xla_enable_xla_devices not set
maxFreq at 10nA: 997.0
2021-04-21 13:23:05.952641: I tensorflow/compiler/jit/xla_gpu_device.cc:99] Not creating XLA devices, tf_xla_enable_xla_devices not set
2021-04-21 13:23:13.702789: I tensorflow/compiler/jit/xla_gpu_device.cc:99] Not creating XLA devices, tf_xla_enable_xla_devices not set
mse and spike frequency: 0.12656 0.0
[32m[I 2021-04-21 13:23:20,656][0m Trial 20 finished with values: [0.12656, 0.0] with parameters: {'Vahp': -35.5, 'Vth': -39.0, 'Vmax': 26.5, 't_ref': 9.5, 'R': 0.1, 'tau_m': 179.5, 'R_adp': 0.1, 'tau_w': 288.5, 'a': 363.5, 'rate_low': 2.0, 'rate_high': 28.5}.[0m
2021-04-21 13:23:21.088585: I tensorflow/compiler/jit/xla_gpu_device.cc:99] Not creating XLA devices, tf_xla_enable_xla_devices not set
maxFreq at 10nA: 1000.0
2021-04-21 13:23:41.500301: I tensorflow/compiler/jit/xla_gpu_device.cc:99] Not creating XLA devices, tf_xla_enable_xla_devices not set
2021-04-21 13:23:49.170568: I tensorflow/compiler/jit/xla_gpu_device.cc:99] Not creating XLA devices, tf_xla_enable_xla_devices not set
mse and spike frequency: 0.12656 0.0
[32m[I 2021-04-21 13:23:56,183][0m Trial 21 finished with values: [0.12656, 0.0] with parameters: {'Vahp': -21.5, 'Vth': -33.5, 'Vmax': 14.5, 't_ref': 3.5, 'R': 0.6, 'tau_m': 89.0, 'R_adp': 0.6, 'tau_w': 213.0, 'a': 192.0, 'rate_low': 35.5, 'rate_high': 46.0}.[0m
2021-04-21 13:23:56.593911: I tensorflow/compiler/jit/xla_gpu_device.cc:99] Not creating XLA devices, tf_xla_enable_xla_devices not set
maxFreq at 10nA: 1000.0
2021-04-21 13:24:17.084985: I tensorflow/compiler/jit/xla_gpu_device.cc:99] Not creating XLA devices, tf_xla_enable_xla_devices not set
2021-04-21 13:24:24.840968: I tensorflow/compiler/jit/xla_gpu_device.cc:99] Not creating XLA devices, tf_xla_enable_xla_devices not set
mse and spike frequency: 0.12656 0.0
[32m[I 2021-04-21 13:24:31,556][0m Trial 22 finished with values: [0.12656, 0.0] with parameters: {'Vahp': -47.0, 'Vth': -57.0, 'Vmax': 26.0, 't_ref': 13.5, 'R': 0.6, 'tau_m': 168.0, 'R_adp': 0.1, 'tau_w': 125.0, 'a': 269.0, 'rate_low': 29.5, 'rate_high': 33.0}.[0m
2021-04-21 13:24:31.932008: I tensorflow/compiler/jit/xla_gpu_device.cc:99] Not creating XLA devices, tf_xla_enable_xla_devices not set
maxFreq at 10nA: 1000.0
2021-04-21 13:24:52.198594: I tensorflow/compiler/jit/xla_gpu_device.cc:99] Not creating XLA devices, tf_xla_enable_xla_devices not set
2021-04-21 13:25:00.058784: I tensorflow/compiler/jit/xla_gpu_device.cc:99] Not creating XLA devices, tf_xla_enable_xla_devices not set
mse and spike frequency: 0.12656 0.0
[32m[I 2021-04-21 13:25:06,971][0m Trial 23 finished with values: [0.12656, 0.0] with parameters: {'Vahp': -38.0, 'Vth': -56.0, 'Vmax': 22.0, 't_ref': 9.0, 'R': 0.7000000000000001, 'tau_m': 450.0, 'R_adp': 0.2, 'tau_w': 376.5, 'a': 49.0, 'rate_low': 39.0, 'rate_high': 47.0}.[0m
2021-04-21 13:25:07.397766: I tensorflow/compiler/jit/xla_gpu_device.cc:99] Not creating XLA devices, tf_xla_enable_xla_devices not set
maxFreq at 10nA: 1000.0
2021-04-21 13:25:27.767989: I tensorflow/compiler/jit/xla_gpu_device.cc:99] Not creating XLA devices, tf_xla_enable_xla_devices not set
2021-04-21 13:25:36.058309: I tensorflow/compiler/jit/xla_gpu_device.cc:99] Not creating XLA devices, tf_xla_enable_xla_devices not set
mse and spike frequency: 0.12656 0.0
[32m[I 2021-04-21 13:25:42,573][0m Trial 24 finished with values: [0.12656, 0.0] with parameters: {'Vahp': -20.0, 'Vth': -25.0, 'Vmax': 24.0, 't_ref': 15.0, 'R': 0.6, 'tau_m': 4.5, 'R_adp': 0.2, 'tau_w': 222.0, 'a': 466.0, 'rate_low': 40.0, 'rate_high': 42.0}.[0m
2021-04-21 13:25:42.956889: I tensorflow/compiler/jit/xla_gpu_device.cc:99] Not creating XLA devices, tf_xla_enable_xla_devices not set
maxFreq at 10nA: 19.0
2021-04-21 13:26:03.462215: I tensorflow/compiler/jit/xla_gpu_device.cc:99] Not creating XLA devices, tf_xla_enable_xla_devices not set
2021-04-21 13:26:11.775364: I tensorflow/compiler/jit/xla_gpu_device.cc:99] Not creating XLA devices, tf_xla_enable_xla_devices not set
mse and spike frequency: 0.10954 0.24
[32m[I 2021-04-21 13:26:18,523][0m Trial 25 finished with values: [0.10954, 0.24] with parameters: {'Vahp': -28.0, 'Vth': -23.5, 'Vmax': 24.5, 't_ref': 10.0, 'R': 0.1, 'tau_m': 265.5, 'R_adp': 0.5, 'tau_w': 474.5, 'a': 307.5, 'rate_low': 49.0, 'rate_high': 49.0}.[0m
2021-04-21 13:26:18.925046: I tensorflow/compiler/jit/xla_gpu_device.cc:99] Not creating XLA devices, tf_xla_enable_xla_devices not set
maxFreq at 10nA: 63.0
2021-04-21 13:26:39.077598: I tensorflow/compiler/jit/xla_gpu_device.cc:99] Not creating XLA devices, tf_xla_enable_xla_devices not set
2021-04-21 13:26:47.568477: I tensorflow/compiler/jit/xla_gpu_device.cc:99] Not creating XLA devices, tf_xla_enable_xla_devices not set
mse and spike frequency: 0.00307 13.87
