[32m[I 2021-04-21 15:58:15,690][0m Trial 171 finished with values: [0.12656, 0.0] with parameters: {'Vahp': -25.5, 'Vth': -35.0, 'Vmax': 38.5, 't_ref': 4.0, 'R': 0.9, 'tau_m': 129.0, 'R_adp': 0.2, 'tau_w': 28.5, 'a': 218.0, 'rate_low': 21.0, 'rate_high': 45.0}.[0m
2021-04-21 15:58:16.450100: I tensorflow/compiler/jit/xla_gpu_device.cc:99] Not creating XLA devices, tf_xla_enable_xla_devices not set
maxFreq at 10nA: 1000.0
2021-04-21 15:58:53.749447: I tensorflow/compiler/jit/xla_gpu_device.cc:99] Not creating XLA devices, tf_xla_enable_xla_devices not set
2021-04-21 15:59:20.492843: I tensorflow/compiler/jit/xla_gpu_device.cc:99] Not creating XLA devices, tf_xla_enable_xla_devices not set
mse and spike frequency: 0.12656 0.0
[32m[I 2021-04-21 15:59:45,789][0m Trial 172 finished with values: [0.12656, 0.0] with parameters: {'Vahp': -28.0, 'Vth': -49.5, 'Vmax': 14.0, 't_ref': 5.0, 'R': 0.7000000000000001, 'tau_m': 56.0, 'R_adp': 0.2, 'tau_w': 484.0, 'a': 18.0, 'rate_low': 22.5, 'rate_high': 44.5}.[0m
2021-04-21 15:59:46.523970: I tensorflow/compiler/jit/xla_gpu_device.cc:99] Not creating XLA devices, tf_xla_enable_xla_devices not set
maxFreq at 10nA: 1000.0
2021-04-21 16:00:24.404527: I tensorflow/compiler/jit/xla_gpu_device.cc:99] Not creating XLA devices, tf_xla_enable_xla_devices not set
2021-04-21 16:00:51.109845: I tensorflow/compiler/jit/xla_gpu_device.cc:99] Not creating XLA devices, tf_xla_enable_xla_devices not set
mse and spike frequency: 0.12656 0.0
[32m[I 2021-04-21 16:01:17,080][0m Trial 173 finished with values: [0.12656, 0.0] with parameters: {'Vahp': -48.0, 'Vth': -58.0, 'Vmax': 18.0, 't_ref': 3.0, 'R': 0.1, 'tau_m': 180.0, 'R_adp': 0.2, 'tau_w': 391.0, 'a': 316.0, 'rate_low': 16.5, 'rate_high': 36.5}.[0m
2021-04-21 16:01:17.840934: I tensorflow/compiler/jit/xla_gpu_device.cc:99] Not creating XLA devices, tf_xla_enable_xla_devices not set
maxFreq at 10nA: 1000.0
2021-04-21 16:01:55.569434: I tensorflow/compiler/jit/xla_gpu_device.cc:99] Not creating XLA devices, tf_xla_enable_xla_devices not set
2021-04-21 16:02:23.046348: I tensorflow/compiler/jit/xla_gpu_device.cc:99] Not creating XLA devices, tf_xla_enable_xla_devices not set
mse and spike frequency: 0.12656 0.0
[32m[I 2021-04-21 16:02:48,961][0m Trial 174 finished with values: [0.12656, 0.0] with parameters: {'Vahp': -23.0, 'Vth': -39.0, 'Vmax': 11.5, 't_ref': 10.0, 'R': 0.5, 'tau_m': 89.0, 'R_adp': 0.1, 'tau_w': 213.0, 'a': 472.0, 'rate_low': 49.5, 'rate_high': 50.0}.[0m
2021-04-21 16:02:49.721150: I tensorflow/compiler/jit/xla_gpu_device.cc:99] Not creating XLA devices, tf_xla_enable_xla_devices not set
maxFreq at 10nA: 36.0
2021-04-21 16:03:27.306636: I tensorflow/compiler/jit/xla_gpu_device.cc:99] Not creating XLA devices, tf_xla_enable_xla_devices not set
2021-04-21 16:03:54.253027: I tensorflow/compiler/jit/xla_gpu_device.cc:99] Not creating XLA devices, tf_xla_enable_xla_devices not set
mse and spike frequency: 8.14912 9.46
[32m[I 2021-04-21 16:04:19,809][0m Trial 175 finished with values: [8.14912, 9.46] with parameters: {'Vahp': -45.5, 'Vth': -35.5, 'Vmax': 37.5, 't_ref': 3.0, 'R': 0.30000000000000004, 'tau_m': 183.5, 'R_adp': 1.0, 'tau_w': 414.0, 'a': 269.0, 'rate_low': 25.5, 'rate_high': 49.0}.[0m
2021-04-21 16:04:20.618057: I tensorflow/compiler/jit/xla_gpu_device.cc:99] Not creating XLA devices, tf_xla_enable_xla_devices not set
maxFreq at 10nA: 251.0
2021-04-21 16:04:58.765096: I tensorflow/compiler/jit/xla_gpu_device.cc:99] Not creating XLA devices, tf_xla_enable_xla_devices not set
2021-04-21 16:05:25.653691: I tensorflow/compiler/jit/xla_gpu_device.cc:99] Not creating XLA devices, tf_xla_enable_xla_devices not set
mse and spike frequency: 0.00084 23.17
[32m[I 2021-04-21 16:05:52,714][0m Trial 176 finished with values: [0.00084, 23.17] with parameters: {'Vahp': -39.0, 'Vth': -26.0, 'Vmax': 20.5, 't_ref': 1.5, 'R': 0.6, 'tau_m': 422.5, 'R_adp': 0.5, 'tau_w': 28.5, 'a': 186.0, 'rate_low': 42.5, 'rate_high': 45.0}.[0m
2021-04-21 16:05:53.439033: I tensorflow/compiler/jit/xla_gpu_device.cc:99] Not creating XLA devices, tf_xla_enable_xla_devices not set
maxFreq at 10nA: 167.0
2021-04-21 16:06:31.654244: I tensorflow/compiler/jit/xla_gpu_device.cc:99] Not creating XLA devices, tf_xla_enable_xla_devices not set
2021-04-21 16:06:58.431408: I tensorflow/compiler/jit/xla_gpu_device.cc:99] Not creating XLA devices, tf_xla_enable_xla_devices not set
mse and spike frequency: 0.01588 17.36
[32m[I 2021-04-21 16:07:25,382][0m Trial 177 finished with values: [0.01588, 17.36] with parameters: {'Vahp': -47.0, 'Vth': -44.5, 'Vmax': 37.5, 't_ref': 4.5, 'R': 0.30000000000000004, 'tau_m': 379.5, 'R_adp': 0.4, 'tau_w': 152.5, 'a': 105.0, 'rate_low': 48.0, 'rate_high': 49.0}.[0m
2021-04-21 16:07:26.127621: I tensorflow/compiler/jit/xla_gpu_device.cc:99] Not creating XLA devices, tf_xla_enable_xla_devices not set
maxFreq at 10nA: 1000.0
2021-04-21 16:08:04.494824: I tensorflow/compiler/jit/xla_gpu_device.cc:99] Not creating XLA devices, tf_xla_enable_xla_devices not set
2021-04-21 16:08:32.467028: I tensorflow/compiler/jit/xla_gpu_device.cc:99] Not creating XLA devices, tf_xla_enable_xla_devices not set
mse and spike frequency: 0.12656 0.0
[32m[I 2021-04-21 16:09:00,016][0m Trial 178 finished with values: [0.12656, 0.0] with parameters: {'Vahp': -24.0, 'Vth': -47.5, 'Vmax': 11.5, 't_ref': 7.5, 'R': 0.9, 'tau_m': 22.0, 'R_adp': 0.7000000000000001, 'tau_w': 391.0, 'a': 18.5, 'rate_low': 41.5, 'rate_high': 36.5}.[0m
2021-04-21 16:09:00.722936: I tensorflow/compiler/jit/xla_gpu_device.cc:99] Not creating XLA devices, tf_xla_enable_xla_devices not set
maxFreq at 10nA: 1000.0
2021-04-21 16:09:39.172774: I tensorflow/compiler/jit/xla_gpu_device.cc:99] Not creating XLA devices, tf_xla_enable_xla_devices not set
2021-04-21 16:10:06.649417: I tensorflow/compiler/jit/xla_gpu_device.cc:99] Not creating XLA devices, tf_xla_enable_xla_devices not set
mse and spike frequency: 0.12656 0.0
[32m[I 2021-04-21 16:10:33,473][0m Trial 179 finished with values: [0.12656, 0.0] with parameters: {'Vahp': -47.0, 'Vth': -58.0, 'Vmax': 18.0, 't_ref': 17.5, 'R': 0.9, 'tau_m': 16.0, 'R_adp': 0.5, 'tau_w': 494.0, 'a': 53.0, 'rate_low': 15.5, 'rate_high': 22.0}.[0m
2021-04-21 16:10:34.246503: I tensorflow/compiler/jit/xla_gpu_device.cc:99] Not creating XLA devices, tf_xla_enable_xla_devices not set
maxFreq at 10nA: 999.0
2021-04-21 16:11:13.235411: I tensorflow/compiler/jit/xla_gpu_device.cc:99] Not creating XLA devices, tf_xla_enable_xla_devices not set
2021-04-21 16:11:41.508756: I tensorflow/compiler/jit/xla_gpu_device.cc:99] Not creating XLA devices, tf_xla_enable_xla_devices not set
mse and spike frequency: 0.12656 0.0
[32m[I 2021-04-21 16:12:08,902][0m Trial 180 finished with values: [0.12656, 0.0] with parameters: {'Vahp': -28.0, 'Vth': -33.0, 'Vmax': 37.5, 't_ref': 4.5, 'R': 0.30000000000000004, 'tau_m': 232.0, 'R_adp': 0.7000000000000001, 'tau_w': 42.0, 'a': 269.0, 'rate_low': 48.0, 'rate_high': 50.0}.[0m
2021-04-21 16:12:09.671590: I tensorflow/compiler/jit/xla_gpu_device.cc:99] Not creating XLA devices, tf_xla_enable_xla_devices not set
maxFreq at 10nA: 1000.0
2021-04-21 16:12:48.806350: I tensorflow/compiler/jit/xla_gpu_device.cc:99] Not creating XLA devices, tf_xla_enable_xla_devices not set
2021-04-21 16:13:16.649131: I tensorflow/compiler/jit/xla_gpu_device.cc:99] Not creating XLA devices, tf_xla_enable_xla_devices not set
mse and spike frequency: 0.12656 0.0
[32m[I 2021-04-21 16:13:44,286][0m Trial 181 finished with values: [0.12656, 0.0] with parameters: {'Vahp': -20.0, 'Vth': -25.0, 'Vmax': 31.0, 't_ref': 14.5, 'R': 0.7000000000000001, 'tau_m': 126.0, 'R_adp': 0.5, 'tau_w': 167.5, 'a': 426.5, 'rate_low': 40.0, 'rate_high': 42.0}.[0m
2021-04-21 16:13:45.027850: I tensorflow/compiler/jit/xla_gpu_device.cc:99] Not creating XLA devices, tf_xla_enable_xla_devices not set
maxFreq at 10nA: 97.0
2021-04-21 16:14:24.305974: I tensorflow/compiler/jit/xla_gpu_device.cc:99] Not creating XLA devices, tf_xla_enable_xla_devices not set
2021-04-21 16:14:53.674238: I tensorflow/compiler/jit/xla_gpu_device.cc:99] Not creating XLA devices, tf_xla_enable_xla_devices not set
mse and spike frequency: 3.76564 24.37
[32m[I 2021-04-21 16:15:22,213][0m Trial 182 finished with values: [3.76564, 24.37] with parameters: {'Vahp': -60.0, 'Vth': -49.5, 'Vmax': 34.5, 't_ref': 1.5, 'R': 0.6, 'tau_m': 422.5, 'R_adp': 0.9, 'tau_w': 494.0, 'a': 186.0, 'rate_low': 50.0, 'rate_high': 50.0}.[0m
2021-04-21 16:15:22.937032: I tensorflow/compiler/jit/xla_gpu_device.cc:99] Not creating XLA devices, tf_xla_enable_xla_devices not set
maxFreq at 10nA: 50.0
2021-04-21 16:16:03.144905: I tensorflow/compiler/jit/xla_gpu_device.cc:99] Not creating XLA devices, tf_xla_enable_xla_devices not set
2021-04-21 16:16:32.330353: I tensorflow/compiler/jit/xla_gpu_device.cc:99] Not creating XLA devices, tf_xla_enable_xla_devices not set
mse and spike frequency: 0.05215 5.31
[32m[I 2021-04-21 16:17:00,148][0m Trial 183 finished with values: [0.05215, 5.31] with parameters: {'Vahp': -55.5, 'Vth': -29.5, 'Vmax': 31.0, 't_ref': 19.0, 'R': 0.8, 'tau_m': 129.0, 'R_adp': 0.8, 'tau_w': 228.0, 'a': 56.0, 'rate_low': 11.5, 'rate_high': 16.0}.[0m
2021-04-21 16:17:00.899147: I tensorflow/compiler/jit/xla_gpu_device.cc:99] Not creating XLA devices, tf_xla_enable_xla_devices not set
maxFreq at 10nA: 1000.0
2021-04-21 16:17:39.740088: I tensorflow/compiler/jit/xla_gpu_device.cc:99] Not creating XLA devices, tf_xla_enable_xla_devices not set
2021-04-21 16:18:09.554697: I tensorflow/compiler/jit/xla_gpu_device.cc:99] Not creating XLA devices, tf_xla_enable_xla_devices not set
mse and spike frequency: 0.12656 0.0
[32m[I 2021-04-21 16:18:37,933][0m Trial 184 finished with values: [0.12656, 0.0] with parameters: {'Vahp': -24.0, 'Vth': -45.0, 'Vmax': 36.0, 't_ref': 13.5, 'R': 0.8, 'tau_m': 22.0, 'R_adp': 0.7000000000000001, 'tau_w': 318.5, 'a': 18.5, 'rate_low': 34.5, 'rate_high': 36.0}.[0m
2021-04-21 16:18:38.681144: I tensorflow/compiler/jit/xla_gpu_device.cc:99] Not creating XLA devices, tf_xla_enable_xla_devices not set
maxFreq at 10nA: 1000.0
2021-04-21 16:19:18.715947: I tensorflow/compiler/jit/xla_gpu_device.cc:99] Not creating XLA devices, tf_xla_enable_xla_devices not set
2021-04-21 16:19:48.247629: I tensorflow/compiler/jit/xla_gpu_device.cc:99] Not creating XLA devices, tf_xla_enable_xla_devices not set
mse and spike frequency: 0.12656 0.0
[32m[I 2021-04-21 16:20:16,898][0m Trial 185 finished with values: [0.12656, 0.0] with parameters: {'Vahp': -26.0, 'Vth': -45.0, 'Vmax': 27.5, 't_ref': 15.0, 'R': 0.8, 'tau_m': 146.0, 'R_adp': 0.2, 'tau_w': 229.5, 'a': 459.5, 'rate_low': 48.5, 'rate_high': 50.0}.[0m
2021-04-21 16:20:17.638677: I tensorflow/compiler/jit/xla_gpu_device.cc:99] Not creating XLA devices, tf_xla_enable_xla_devices not set
maxFreq at 10nA: 183.0
2021-04-21 16:20:57.639055: I tensorflow/compiler/jit/xla_gpu_device.cc:99] Not creating XLA devices, tf_xla_enable_xla_devices not set
2021-04-21 16:21:27.312757: I tensorflow/compiler/jit/xla_gpu_device.cc:99] Not creating XLA devices, tf_xla_enable_xla_devices not set
mse and spike frequency: 0.00635 6.98
[32m[I 2021-04-21 16:21:55,851][0m Trial 186 finished with values: [0.00635, 6.98] with parameters: {'Vahp': -45.5, 'Vth': -29.5, 'Vmax': 39.0, 't_ref': 2.5, 'R': 0.4, 'tau_m': 320.0, 'R_adp': 0.5, 'tau_w': 152.5, 'a': 105.0, 'rate_low': 28.0, 'rate_high': 29.5}.[0m
2021-04-21 16:21:56.590719: I tensorflow/compiler/jit/xla_gpu_device.cc:99] Not creating XLA devices, tf_xla_enable_xla_devices not set
maxFreq at 10nA: 987.0
2021-04-21 16:22:37.091135: I tensorflow/compiler/jit/xla_gpu_device.cc:99] Not creating XLA devices, tf_xla_enable_xla_devices not set
2021-04-21 16:23:06.722308: I tensorflow/compiler/jit/xla_gpu_device.cc:99] Not creating XLA devices, tf_xla_enable_xla_devices not set
mse and spike frequency: 0.12656 0.0
[32m[I 2021-04-21 16:23:35,226][0m Trial 187 finished with values: [0.12656, 0.0] with parameters: {'Vahp': -25.5, 'Vth': -26.0, 'Vmax': 26.0, 't_ref': 1.5, 'R': 0.1, 'tau_m': 422.5, 'R_adp': 0.1, 'tau_w': 28.5, 'a': 269.0, 'rate_low': 42.5, 'rate_high': 35.5}.[0m
2021-04-21 16:23:35.975792: I tensorflow/compiler/jit/xla_gpu_device.cc:99] Not creating XLA devices, tf_xla_enable_xla_devices not set
maxFreq at 10nA: 1000.0
2021-04-21 16:24:17.035291: I tensorflow/compiler/jit/xla_gpu_device.cc:99] Not creating XLA devices, tf_xla_enable_xla_devices not set
2021-04-21 16:24:47.810849: I tensorflow/compiler/jit/xla_gpu_device.cc:99] Not creating XLA devices, tf_xla_enable_xla_devices not set
mse and spike frequency: 0.12656 0.0
[32m[I 2021-04-21 16:25:16,526][0m Trial 188 finished with values: [0.12656, 0.0] with parameters: {'Vahp': -25.5, 'Vth': -35.0, 'Vmax': 16.0, 't_ref': 3.5, 'R': 0.8, 'tau_m': 232.5, 'R_adp': 0.1, 'tau_w': 32.5, 'a': 331.5, 'rate_low': 50.0, 'rate_high': 50.0}.[0m
2021-04-21 16:25:17.257723: I tensorflow/compiler/jit/xla_gpu_device.cc:99] Not creating XLA devices, tf_xla_enable_xla_devices not set
maxFreq at 10nA: 1000.0
2021-04-21 16:25:57.448883: I tensorflow/compiler/jit/xla_gpu_device.cc:99] Not creating XLA devices, tf_xla_enable_xla_devices not set
2021-04-21 16:26:27.314388: I tensorflow/compiler/jit/xla_gpu_device.cc:99] Not creating XLA devices, tf_xla_enable_xla_devices not set
mse and spike frequency: 0.12656 0.0
[32m[I 2021-04-21 16:26:56,628][0m Trial 189 finished with values: [0.12656, 0.0] with parameters: {'Vahp': -45.5, 'Vth': -56.0, 'Vmax': 11.5, 't_ref': 3.0, 'R': 0.6, 'tau_m': 84.5, 'R_adp': 0.7000000000000001, 'tau_w': 342.0, 'a': 345.0, 'rate_low': 42.5, 'rate_high': 40.0}.[0m
2021-04-21 16:26:57.380262: I tensorflow/compiler/jit/xla_gpu_device.cc:99] Not creating XLA devices, tf_xla_enable_xla_devices not set
maxFreq at 10nA: 1000.0
2021-04-21 16:27:37.607629: I tensorflow/compiler/jit/xla_gpu_device.cc:99] Not creating XLA devices, tf_xla_enable_xla_devices not set
2021-04-21 16:28:07.839912: I tensorflow/compiler/jit/xla_gpu_device.cc:99] Not creating XLA devices, tf_xla_enable_xla_devices not set
mse and spike frequency: 0.12656 0.0
[32m[I 2021-04-21 16:28:36,971][0m Trial 190 finished with values: [0.12656, 0.0] with parameters: {'Vahp': -28.0, 'Vth': -56.5, 'Vmax': 22.0, 't_ref': 3.0, 'R': 0.7000000000000001, 'tau_m': 168.0, 'R_adp': 0.2, 'tau_w': 271.0, 'a': 269.0, 'rate_low': 8.5, 'rate_high': 44.0}.[0m
2021-04-21 16:28:37.793178: I tensorflow/compiler/jit/xla_gpu_device.cc:99] Not creating XLA devices, tf_xla_enable_xla_devices not set
maxFreq at 10nA: 200.0
2021-04-21 16:29:18.335278: I tensorflow/compiler/jit/xla_gpu_device.cc:99] Not creating XLA devices, tf_xla_enable_xla_devices not set
2021-04-21 16:29:48.656531: I tensorflow/compiler/jit/xla_gpu_device.cc:99] Not creating XLA devices, tf_xla_enable_xla_devices not set
mse and spike frequency: 0.81823 52.6
[32m[I 2021-04-21 16:30:18,250][0m Trial 191 finished with values: [0.81823, 52.6] with parameters: {'Vahp': -45.5, 'Vth': -45.0, 'Vmax': 39.0, 't_ref': 3.5, 'R': 1.0, 'tau_m': 320.0, 'R_adp': 0.1, 'tau_w': 229.5, 'a': 459.5, 'rate_low': 50.0, 'rate_high': 50.0}.[0m
2021-04-21 16:30:19.013945: I tensorflow/compiler/jit/xla_gpu_device.cc:99] Not creating XLA devices, tf_xla_enable_xla_devices not set
maxFreq at 10nA: 992.0
2021-04-21 16:31:00.214097: I tensorflow/compiler/jit/xla_gpu_device.cc:99] Not creating XLA devices, tf_xla_enable_xla_devices not set
2021-04-21 16:31:30.301853: I tensorflow/compiler/jit/xla_gpu_device.cc:99] Not creating XLA devices, tf_xla_enable_xla_devices not set
mse and spike frequency: 0.12656 0.0
[32m[I 2021-04-21 16:31:59,752][0m Trial 192 finished with values: [0.12656, 0.0] with parameters: {'Vahp': -20.0, 'Vth': -35.5, 'Vmax': 36.0, 't_ref': 11.0, 'R': 0.1, 'tau_m': 382.0, 'R_adp': 1.0, 'tau_w': 228.0, 'a': 459.5, 'rate_low': 34.5, 'rate_high': 37.5}.[0m
2021-04-21 16:32:00.503573: I tensorflow/compiler/jit/xla_gpu_device.cc:99] Not creating XLA devices, tf_xla_enable_xla_devices not set
maxFreq at 10nA: 334.0
2021-04-21 16:32:41.186776: I tensorflow/compiler/jit/xla_gpu_device.cc:99] Not creating XLA devices, tf_xla_enable_xla_devices not set
2021-04-21 16:33:11.637675: I tensorflow/compiler/jit/xla_gpu_device.cc:99] Not creating XLA devices, tf_xla_enable_xla_devices not set
mse and spike frequency: 0.00289 13.82
[32m[I 2021-04-21 16:33:41,489][0m Trial 193 finished with values: [0.00289, 13.82] with parameters: {'Vahp': -55.5, 'Vth': -38.5, 'Vmax': 20.5, 't_ref': 1.5, 'R': 0.9, 'tau_m': 129.0, 'R_adp': 0.8, 'tau_w': 120.0, 'a': 56.0, 'rate_low': 11.5, 'rate_high': 31.5}.[0m
2021-04-21 16:33:42.308712: I tensorflow/compiler/jit/xla_gpu_device.cc:99] Not creating XLA devices, tf_xla_enable_xla_devices not set
maxFreq at 10nA: 1000.0
2021-04-21 16:34:23.116007: I tensorflow/compiler/jit/xla_gpu_device.cc:99] Not creating XLA devices, tf_xla_enable_xla_devices not set
2021-04-21 16:34:54.080232: I tensorflow/compiler/jit/xla_gpu_device.cc:99] Not creating XLA devices, tf_xla_enable_xla_devices not set
mse and spike frequency: 0.12656 0.0
[32m[I 2021-04-21 16:35:23,937][0m Trial 194 finished with values: [0.12656, 0.0] with parameters: {'Vahp': -23.5, 'Vth': -33.0, 'Vmax': 37.5, 't_ref': 4.5, 'R': 0.5, 'tau_m': 42.5, 'R_adp': 0.8, 'tau_w': 414.0, 'a': 269.0, 'rate_low': 25.0, 'rate_high': 49.0}.[0m
2021-04-21 16:35:24.692982: I tensorflow/compiler/jit/xla_gpu_device.cc:99] Not creating XLA devices, tf_xla_enable_xla_devices not set
maxFreq at 10nA: 184.0
2021-04-21 16:36:06.249273: I tensorflow/compiler/jit/xla_gpu_device.cc:99] Not creating XLA devices, tf_xla_enable_xla_devices not set
2021-04-21 16:36:36.573836: I tensorflow/compiler/jit/xla_gpu_device.cc:99] Not creating XLA devices, tf_xla_enable_xla_devices not set
mse and spike frequency: 14.84697 33.71
[32m[I 2021-04-21 16:37:06,373][0m Trial 195 finished with values: [14.84697, 33.71] with parameters: {'Vahp': -45.5, 'Vth': -39.0, 'Vmax': 11.5, 't_ref': 3.0, 'R': 0.6, 'tau_m': 84.5, 'R_adp': 0.7000000000000001, 'tau_w': 220.0, 'a': 229.5, 'rate_low': 42.5, 'rate_high': 49.0}.[0m
2021-04-21 16:37:07.147135: I tensorflow/compiler/jit/xla_gpu_device.cc:99] Not creating XLA devices, tf_xla_enable_xla_devices not set
maxFreq at 10nA: 1000.0
2021-04-21 16:37:49.110305: I tensorflow/compiler/jit/xla_gpu_device.cc:99] Not creating XLA devices, tf_xla_enable_xla_devices not set
2021-04-21 16:38:19.202724: I tensorflow/compiler/jit/xla_gpu_device.cc:99] Not creating XLA devices, tf_xla_enable_xla_devices not set
mse and spike frequency: 0.12656 0.0
[32m[I 2021-04-21 16:38:49,097][0m Trial 196 finished with values: [0.12656, 0.0] with parameters: {'Vahp': -45.5, 'Vth': -49.5, 'Vmax': 40.0, 't_ref': 7.5, 'R': 0.8, 'tau_m': 84.5, 'R_adp': 0.30000000000000004, 'tau_w': 391.0, 'a': 345.0, 'rate_low': 48.0, 'rate_high': 40.0}.[0m
2021-04-21 16:38:49.898061: I tensorflow/compiler/jit/xla_gpu_device.cc:99] Not creating XLA devices, tf_xla_enable_xla_devices not set
maxFreq at 10nA: 1000.0
2021-04-21 16:39:31.945324: I tensorflow/compiler/jit/xla_gpu_device.cc:99] Not creating XLA devices, tf_xla_enable_xla_devices not set
2021-04-21 16:40:00.982432: I tensorflow/compiler/jit/xla_gpu_device.cc:99] Not creating XLA devices, tf_xla_enable_xla_devices not set
mse and spike frequency: 0.12656 0.0
[32m[I 2021-04-21 16:40:30,966][0m Trial 197 finished with values: [0.12656, 0.0] with parameters: {'Vahp': -36.0, 'Vth': -58.0, 'Vmax': 26.0, 't_ref': 15.0, 'R': 0.9, 'tau_m': 484.0, 'R_adp': 0.6, 'tau_w': 125.0, 'a': 218.0, 'rate_low': 11.5, 'rate_high': 35.5}.[0m
2021-04-21 16:40:31.794227: I tensorflow/compiler/jit/xla_gpu_device.cc:99] Not creating XLA devices, tf_xla_enable_xla_devices not set
maxFreq at 10nA: 1000.0
2021-04-21 16:41:14.016156: I tensorflow/compiler/jit/xla_gpu_device.cc:99] Not creating XLA devices, tf_xla_enable_xla_devices not set
2021-04-21 16:41:43.870565: I tensorflow/compiler/jit/xla_gpu_device.cc:99] Not creating XLA devices, tf_xla_enable_xla_devices not set
mse and spike frequency: 0.12656 0.0
[32m[I 2021-04-21 16:42:14,684][0m Trial 198 finished with values: [0.12656, 0.0] with parameters: {'Vahp': -40.5, 'Vth': -53.5, 'Vmax': 20.5, 't_ref': 2.5, 'R': 0.5, 'tau_m': 121.0, 'R_adp': 0.5, 'tau_w': 152.5, 'a': 229.5, 'rate_low': 48.5, 'rate_high': 49.0}.[0m
2021-04-21 16:42:15.515569: I tensorflow/compiler/jit/xla_gpu_device.cc:99] Not creating XLA devices, tf_xla_enable_xla_devices not set
maxFreq at 10nA: 250.0
2021-04-21 16:42:57.993527: I tensorflow/compiler/jit/xla_gpu_device.cc:99] Not creating XLA devices, tf_xla_enable_xla_devices not set
2021-04-21 16:43:27.193381: I tensorflow/compiler/jit/xla_gpu_device.cc:99] Not creating XLA devices, tf_xla_enable_xla_devices not set
mse and spike frequency: 0.00059 30.0
[32m[I 2021-04-21 16:43:57,362][0m Trial 199 finished with values: [0.00059, 30.0] with parameters: {'Vahp': -45.5, 'Vth': -35.5, 'Vmax': 20.5, 't_ref': 3.0, 'R': 0.6, 'tau_m': 16.5, 'R_adp': 1.0, 'tau_w': 28.5, 'a': 276.0, 'rate_low': 42.5, 'rate_high': 45.0}.[0m
2021-04-21 16:43:58.238795: I tensorflow/compiler/jit/xla_gpu_device.cc:99] Not creating XLA devices, tf_xla_enable_xla_devices not set
maxFreq at 10nA: 53.0
2021-04-21 16:44:40.926626: I tensorflow/compiler/jit/xla_gpu_device.cc:99] Not creating XLA devices, tf_xla_enable_xla_devices not set
2021-04-21 16:45:10.928019: I tensorflow/compiler/jit/xla_gpu_device.cc:99] Not creating XLA devices, tf_xla_enable_xla_devices not set
mse and spike frequency: 0.02587 20.51
