[32m[I 2021-04-21 14:13:15,242][0m Trial 89 finished with values: [0.00421, 14.69] with parameters: {'Vahp': -38.5, 'Vth': -32.0, 'Vmax': 34.5, 't_ref': 19.0, 'R': 0.8, 'tau_m': 204.0, 'rate_low': 10.5, 'rate_high': 41.0}.[0m
2021-04-21 14:13:15.805327: I tensorflow/compiler/jit/xla_gpu_device.cc:99] Not creating XLA devices, tf_xla_enable_xla_devices not set
maxFreq at 10nA: 56.0
2021-04-21 14:13:42.613104: I tensorflow/compiler/jit/xla_gpu_device.cc:99] Not creating XLA devices, tf_xla_enable_xla_devices not set
2021-04-21 14:13:57.479758: I tensorflow/compiler/jit/xla_gpu_device.cc:99] Not creating XLA devices, tf_xla_enable_xla_devices not set
mse and spike frequency: 0.00962 1.76
[32m[I 2021-04-21 14:14:12,964][0m Trial 90 finished with values: [0.00962, 1.76] with parameters: {'Vahp': -52.0, 'Vth': -37.0, 'Vmax': 30.5, 't_ref': 14.5, 'R': 0.1, 'tau_m': 155.0, 'rate_low': 11.0, 'rate_high': 26.0}.[0m
2021-04-21 14:14:13.528489: I tensorflow/compiler/jit/xla_gpu_device.cc:99] Not creating XLA devices, tf_xla_enable_xla_devices not set
maxFreq at 10nA: 250.0
2021-04-21 14:14:40.606721: I tensorflow/compiler/jit/xla_gpu_device.cc:99] Not creating XLA devices, tf_xla_enable_xla_devices not set
2021-04-21 14:14:55.137239: I tensorflow/compiler/jit/xla_gpu_device.cc:99] Not creating XLA devices, tf_xla_enable_xla_devices not set
mse and spike frequency: 0.00199 49.68
[32m[I 2021-04-21 14:15:10,062][0m Trial 91 finished with values: [0.00199, 49.68] with parameters: {'Vahp': -58.5, 'Vth': -45.0, 'Vmax': 37.0, 't_ref': 3.0, 'R': 1.0, 'tau_m': 248.0, 'rate_low': 34.5, 'rate_high': 47.0}.[0m
2021-04-21 14:15:10.634087: I tensorflow/compiler/jit/xla_gpu_device.cc:99] Not creating XLA devices, tf_xla_enable_xla_devices not set
maxFreq at 10nA: 1000.0
2021-04-21 14:15:38.785025: I tensorflow/compiler/jit/xla_gpu_device.cc:99] Not creating XLA devices, tf_xla_enable_xla_devices not set
2021-04-21 14:15:54.041669: I tensorflow/compiler/jit/xla_gpu_device.cc:99] Not creating XLA devices, tf_xla_enable_xla_devices not set
mse and spike frequency: 0.12656 0.0
[32m[I 2021-04-21 14:16:08,848][0m Trial 92 finished with values: [0.12656, 0.0] with parameters: {'Vahp': -36.0, 'Vth': -38.5, 'Vmax': 10.0, 't_ref': 5.5, 'R': 0.4, 'tau_m': 164.0, 'rate_low': 23.5, 'rate_high': 33.5}.[0m
2021-04-21 14:16:09.390482: I tensorflow/compiler/jit/xla_gpu_device.cc:99] Not creating XLA devices, tf_xla_enable_xla_devices not set
maxFreq at 10nA: 1000.0
2021-04-21 14:16:37.308911: I tensorflow/compiler/jit/xla_gpu_device.cc:99] Not creating XLA devices, tf_xla_enable_xla_devices not set
2021-04-21 14:16:52.539397: I tensorflow/compiler/jit/xla_gpu_device.cc:99] Not creating XLA devices, tf_xla_enable_xla_devices not set
mse and spike frequency: 0.12656 0.0
[32m[I 2021-04-21 14:17:07,338][0m Trial 93 finished with values: [0.12656, 0.0] with parameters: {'Vahp': -25.5, 'Vth': -58.0, 'Vmax': 39.5, 't_ref': 19.5, 'R': 0.7000000000000001, 'tau_m': 164.0, 'rate_low': 23.5, 'rate_high': 23.5}.[0m
2021-04-21 14:17:07.929624: I tensorflow/compiler/jit/xla_gpu_device.cc:99] Not creating XLA devices, tf_xla_enable_xla_devices not set
maxFreq at 10nA: 1000.0
2021-04-21 14:17:35.963119: I tensorflow/compiler/jit/xla_gpu_device.cc:99] Not creating XLA devices, tf_xla_enable_xla_devices not set
2021-04-21 14:17:51.280692: I tensorflow/compiler/jit/xla_gpu_device.cc:99] Not creating XLA devices, tf_xla_enable_xla_devices not set
mse and spike frequency: 0.12656 0.0
[32m[I 2021-04-21 14:18:06,662][0m Trial 94 finished with values: [0.12656, 0.0] with parameters: {'Vahp': -20.5, 'Vth': -52.5, 'Vmax': 38.0, 't_ref': 16.5, 'R': 0.30000000000000004, 'tau_m': 365.0, 'rate_low': 47.0, 'rate_high': 37.0}.[0m
2021-04-21 14:18:07.236269: I tensorflow/compiler/jit/xla_gpu_device.cc:99] Not creating XLA devices, tf_xla_enable_xla_devices not set
maxFreq at 10nA: 67.0
2021-04-21 14:18:35.525385: I tensorflow/compiler/jit/xla_gpu_device.cc:99] Not creating XLA devices, tf_xla_enable_xla_devices not set
2021-04-21 14:18:51.713877: I tensorflow/compiler/jit/xla_gpu_device.cc:99] Not creating XLA devices, tf_xla_enable_xla_devices not set
mse and spike frequency: 0.00276 13.58
[32m[I 2021-04-21 14:19:06,795][0m Trial 95 finished with values: [0.00276, 13.58] with parameters: {'Vahp': -36.0, 'Vth': -20.0, 'Vmax': 13.5, 't_ref': 13.5, 'R': 0.9, 'tau_m': 425.0, 'rate_low': 15.5, 'rate_high': 48.0}.[0m
2021-04-21 14:19:07.478786: I tensorflow/compiler/jit/xla_gpu_device.cc:99] Not creating XLA devices, tf_xla_enable_xla_devices not set
maxFreq at 10nA: 1000.0
2021-04-21 14:19:34.872011: I tensorflow/compiler/jit/xla_gpu_device.cc:99] Not creating XLA devices, tf_xla_enable_xla_devices not set
2021-04-21 14:19:51.736203: I tensorflow/compiler/jit/xla_gpu_device.cc:99] Not creating XLA devices, tf_xla_enable_xla_devices not set
mse and spike frequency: 0.12401 1000.1
[32m[I 2021-04-21 14:20:06,701][0m Trial 96 finished with values: [0.12401, 1000.1] with parameters: {'Vahp': -43.5, 'Vth': -59.0, 'Vmax': 30.0, 't_ref': 19.5, 'R': 1.0, 'tau_m': 180.0, 'rate_low': 43.0, 'rate_high': 45.0}.[0m
2021-04-21 14:20:07.328538: I tensorflow/compiler/jit/xla_gpu_device.cc:99] Not creating XLA devices, tf_xla_enable_xla_devices not set
maxFreq at 10nA: 72.0
2021-04-21 14:20:34.957511: I tensorflow/compiler/jit/xla_gpu_device.cc:99] Not creating XLA devices, tf_xla_enable_xla_devices not set
2021-04-21 14:20:52.316350: I tensorflow/compiler/jit/xla_gpu_device.cc:99] Not creating XLA devices, tf_xla_enable_xla_devices not set
mse and spike frequency: 0.00348 25.19
[32m[I 2021-04-21 14:21:07,171][0m Trial 97 finished with values: [0.00348, 25.19] with parameters: {'Vahp': -46.0, 'Vth': -33.5, 'Vmax': 19.5, 't_ref': 12.5, 'R': 1.0, 'tau_m': 112.5, 'rate_low': 19.5, 'rate_high': 44.0}.[0m
2021-04-21 14:21:07.763220: I tensorflow/compiler/jit/xla_gpu_device.cc:99] Not creating XLA devices, tf_xla_enable_xla_devices not set
maxFreq at 10nA: 1000.0
2021-04-21 14:21:35.641397: I tensorflow/compiler/jit/xla_gpu_device.cc:99] Not creating XLA devices, tf_xla_enable_xla_devices not set
2021-04-21 14:21:52.697399: I tensorflow/compiler/jit/xla_gpu_device.cc:99] Not creating XLA devices, tf_xla_enable_xla_devices not set
mse and spike frequency: 0.12656 0.0
[32m[I 2021-04-21 14:22:07,629][0m Trial 98 finished with values: [0.12656, 0.0] with parameters: {'Vahp': -38.5, 'Vth': -51.5, 'Vmax': 15.0, 't_ref': 19.0, 'R': 0.8, 'tau_m': 57.5, 'rate_low': 10.5, 'rate_high': 49.0}.[0m
2021-04-21 14:22:08.212631: I tensorflow/compiler/jit/xla_gpu_device.cc:99] Not creating XLA devices, tf_xla_enable_xla_devices not set
maxFreq at 10nA: 77.0
2021-04-21 14:22:36.240494: I tensorflow/compiler/jit/xla_gpu_device.cc:99] Not creating XLA devices, tf_xla_enable_xla_devices not set
2021-04-21 14:22:53.520795: I tensorflow/compiler/jit/xla_gpu_device.cc:99] Not creating XLA devices, tf_xla_enable_xla_devices not set
mse and spike frequency: 0.12656 0.0
[32m[I 2021-04-21 14:23:08,590][0m Trial 99 finished with values: [0.12656, 0.0] with parameters: {'Vahp': -38.5, 'Vth': -37.0, 'Vmax': 29.0, 't_ref': 11.5, 'R': 0.2, 'tau_m': 33.5, 'rate_low': 33.0, 'rate_high': 43.5}.[0m
2021-04-21 14:23:09.355770: I tensorflow/compiler/jit/xla_gpu_device.cc:99] Not creating XLA devices, tf_xla_enable_xla_devices not set
maxFreq at 10nA: 1000.0
2021-04-21 14:23:37.186529: I tensorflow/compiler/jit/xla_gpu_device.cc:99] Not creating XLA devices, tf_xla_enable_xla_devices not set
2021-04-21 14:23:54.551501: I tensorflow/compiler/jit/xla_gpu_device.cc:99] Not creating XLA devices, tf_xla_enable_xla_devices not set
mse and spike frequency: 0.12656 0.0
[32m[I 2021-04-21 14:24:09,649][0m Trial 100 finished with values: [0.12656, 0.0] with parameters: {'Vahp': -32.5, 'Vth': -37.0, 'Vmax': 29.0, 't_ref': 14.0, 'R': 0.4, 'tau_m': 33.5, 'rate_low': 33.0, 'rate_high': 46.5}.[0m
2021-04-21 14:24:10.231899: I tensorflow/compiler/jit/xla_gpu_device.cc:99] Not creating XLA devices, tf_xla_enable_xla_devices not set
maxFreq at 10nA: 997.0
2021-04-21 14:24:38.243228: I tensorflow/compiler/jit/xla_gpu_device.cc:99] Not creating XLA devices, tf_xla_enable_xla_devices not set
2021-04-21 14:24:55.474196: I tensorflow/compiler/jit/xla_gpu_device.cc:99] Not creating XLA devices, tf_xla_enable_xla_devices not set
mse and spike frequency: 0.12656 0.0
[32m[I 2021-04-21 14:25:10,705][0m Trial 101 finished with values: [0.12656, 0.0] with parameters: {'Vahp': -20.5, 'Vth': -52.0, 'Vmax': 32.5, 't_ref': 20.0, 'R': 0.1, 'tau_m': 487.5, 'rate_low': 35.0, 'rate_high': 43.5}.[0m
2021-04-21 14:25:11.270216: I tensorflow/compiler/jit/xla_gpu_device.cc:99] Not creating XLA devices, tf_xla_enable_xla_devices not set
maxFreq at 10nA: 1000.0
2021-04-21 14:25:39.373522: I tensorflow/compiler/jit/xla_gpu_device.cc:99] Not creating XLA devices, tf_xla_enable_xla_devices not set
2021-04-21 14:25:56.990377: I tensorflow/compiler/jit/xla_gpu_device.cc:99] Not creating XLA devices, tf_xla_enable_xla_devices not set
mse and spike frequency: 0.12656 0.0
[32m[I 2021-04-21 14:26:12,692][0m Trial 102 finished with values: [0.12656, 0.0] with parameters: {'Vahp': -36.0, 'Vth': -55.0, 'Vmax': 20.5, 't_ref': 5.5, 'R': 0.7000000000000001, 'tau_m': 60.5, 'rate_low': 28.0, 'rate_high': 33.5}.[0m
2021-04-21 14:26:13.261016: I tensorflow/compiler/jit/xla_gpu_device.cc:99] Not creating XLA devices, tf_xla_enable_xla_devices not set
maxFreq at 10nA: 250.0
2021-04-21 14:26:42.121696: I tensorflow/compiler/jit/xla_gpu_device.cc:99] Not creating XLA devices, tf_xla_enable_xla_devices not set
2021-04-21 14:26:59.936111: I tensorflow/compiler/jit/xla_gpu_device.cc:99] Not creating XLA devices, tf_xla_enable_xla_devices not set
mse and spike frequency: 0.12656 0.0
[32m[I 2021-04-21 14:27:15,951][0m Trial 103 finished with values: [0.12656, 0.0] with parameters: {'Vahp': -42.0, 'Vth': -35.0, 'Vmax': 16.5, 't_ref': 2.5, 'R': 0.9, 'tau_m': 31.0, 'rate_low': 46.0, 'rate_high': 48.0}.[0m
2021-04-21 14:27:16.599815: I tensorflow/compiler/jit/xla_gpu_device.cc:99] Not creating XLA devices, tf_xla_enable_xla_devices not set
maxFreq at 10nA: 1000.0
2021-04-21 14:27:46.092420: I tensorflow/compiler/jit/xla_gpu_device.cc:99] Not creating XLA devices, tf_xla_enable_xla_devices not set
2021-04-21 14:28:03.780239: I tensorflow/compiler/jit/xla_gpu_device.cc:99] Not creating XLA devices, tf_xla_enable_xla_devices not set
mse and spike frequency: 0.12656 0.0
[32m[I 2021-04-21 14:28:20,059][0m Trial 104 finished with values: [0.12656, 0.0] with parameters: {'Vahp': -29.5, 'Vth': -43.0, 'Vmax': 14.0, 't_ref': 6.0, 'R': 0.8, 'tau_m': 364.5, 'rate_low': 45.5, 'rate_high': 50.0}.[0m
2021-04-21 14:28:20.683132: I tensorflow/compiler/jit/xla_gpu_device.cc:99] Not creating XLA devices, tf_xla_enable_xla_devices not set
maxFreq at 10nA: 143.0
2021-04-21 14:28:49.496279: I tensorflow/compiler/jit/xla_gpu_device.cc:99] Not creating XLA devices, tf_xla_enable_xla_devices not set
2021-04-21 14:29:07.303877: I tensorflow/compiler/jit/xla_gpu_device.cc:99] Not creating XLA devices, tf_xla_enable_xla_devices not set
mse and spike frequency: 0.00136 19.94
[32m[I 2021-04-21 14:29:24,128][0m Trial 105 finished with values: [0.00136, 19.94] with parameters: {'Vahp': -36.0, 'Vth': -23.0, 'Vmax': 25.0, 't_ref': 5.5, 'R': 0.8, 'tau_m': 292.5, 'rate_low': 16.0, 'rate_high': 33.5}.[0m
2021-04-21 14:29:24.718977: I tensorflow/compiler/jit/xla_gpu_device.cc:99] Not creating XLA devices, tf_xla_enable_xla_devices not set
maxFreq at 10nA: 500.0
2021-04-21 14:29:53.947415: I tensorflow/compiler/jit/xla_gpu_device.cc:99] Not creating XLA devices, tf_xla_enable_xla_devices not set
2021-04-21 14:30:12.269975: I tensorflow/compiler/jit/xla_gpu_device.cc:99] Not creating XLA devices, tf_xla_enable_xla_devices not set
mse and spike frequency: 0.00034 14.01
[32m[I 2021-04-21 14:30:29,035][0m Trial 106 finished with values: [0.00034, 14.01] with parameters: {'Vahp': -52.5, 'Vth': -38.5, 'Vmax': 30.5, 't_ref': 1.0, 'R': 0.30000000000000004, 'tau_m': 155.0, 'rate_low': 16.0, 'rate_high': 26.0}.[0m
2021-04-21 14:30:29.589124: I tensorflow/compiler/jit/xla_gpu_device.cc:99] Not creating XLA devices, tf_xla_enable_xla_devices not set
maxFreq at 10nA: 143.0
2021-04-21 14:30:58.860899: I tensorflow/compiler/jit/xla_gpu_device.cc:99] Not creating XLA devices, tf_xla_enable_xla_devices not set
2021-04-21 14:31:17.523331: I tensorflow/compiler/jit/xla_gpu_device.cc:99] Not creating XLA devices, tf_xla_enable_xla_devices not set
mse and spike frequency: 0.0016 26.52
[32m[I 2021-04-21 14:31:34,493][0m Trial 107 finished with values: [0.0016, 26.52] with parameters: {'Vahp': -56.0, 'Vth': -38.5, 'Vmax': 10.0, 't_ref': 5.5, 'R': 0.8, 'tau_m': 179.5, 'rate_low': 23.5, 'rate_high': 33.5}.[0m
2021-04-21 14:31:35.103568: I tensorflow/compiler/jit/xla_gpu_device.cc:99] Not creating XLA devices, tf_xla_enable_xla_devices not set
maxFreq at 10nA: 91.0
2021-04-21 14:32:03.971309: I tensorflow/compiler/jit/xla_gpu_device.cc:99] Not creating XLA devices, tf_xla_enable_xla_devices not set
2021-04-21 14:32:22.710655: I tensorflow/compiler/jit/xla_gpu_device.cc:99] Not creating XLA devices, tf_xla_enable_xla_devices not set
mse and spike frequency: 0.12656 0.0
[32m[I 2021-04-21 14:32:39,875][0m Trial 108 finished with values: [0.12656, 0.0] with parameters: {'Vahp': -29.5, 'Vth': -29.5, 'Vmax': 31.5, 't_ref': 10.0, 'R': 0.9, 'tau_m': 444.0, 'rate_low': 14.0, 'rate_high': 46.5}.[0m
2021-04-21 14:32:40.450974: I tensorflow/compiler/jit/xla_gpu_device.cc:99] Not creating XLA devices, tf_xla_enable_xla_devices not set
maxFreq at 10nA: 1000.0
2021-04-21 14:33:09.017341: I tensorflow/compiler/jit/xla_gpu_device.cc:99] Not creating XLA devices, tf_xla_enable_xla_devices not set
2021-04-21 14:33:28.022401: I tensorflow/compiler/jit/xla_gpu_device.cc:99] Not creating XLA devices, tf_xla_enable_xla_devices not set
mse and spike frequency: 0.12656 0.0
[32m[I 2021-04-21 14:33:45,605][0m Trial 109 finished with values: [0.12656, 0.0] with parameters: {'Vahp': -30.5, 'Vth': -51.5, 'Vmax': 29.0, 't_ref': 11.5, 'R': 1.0, 'tau_m': 79.5, 'rate_low': 7.5, 'rate_high': 43.5}.[0m
2021-04-21 14:33:46.169869: I tensorflow/compiler/jit/xla_gpu_device.cc:99] Not creating XLA devices, tf_xla_enable_xla_devices not set
maxFreq at 10nA: 77.0
2021-04-21 14:34:15.629037: I tensorflow/compiler/jit/xla_gpu_device.cc:99] Not creating XLA devices, tf_xla_enable_xla_devices not set
2021-04-21 14:34:34.370136: I tensorflow/compiler/jit/xla_gpu_device.cc:99] Not creating XLA devices, tf_xla_enable_xla_devices not set
mse and spike frequency: 0.00356 33.9
[32m[I 2021-04-21 14:34:51,969][0m Trial 110 finished with values: [0.00356, 33.9] with parameters: {'Vahp': -38.5, 'Vth': -37.0, 'Vmax': 34.0, 't_ref': 11.5, 'R': 0.6, 'tau_m': 163.0, 'rate_low': 36.0, 'rate_high': 48.0}.[0m
2021-04-21 14:34:52.553647: I tensorflow/compiler/jit/xla_gpu_device.cc:99] Not creating XLA devices, tf_xla_enable_xla_devices not set
maxFreq at 10nA: 1000.0
2021-04-21 14:35:22.312775: I tensorflow/compiler/jit/xla_gpu_device.cc:99] Not creating XLA devices, tf_xla_enable_xla_devices not set
2021-04-21 14:35:41.410282: I tensorflow/compiler/jit/xla_gpu_device.cc:99] Not creating XLA devices, tf_xla_enable_xla_devices not set
mse and spike frequency: 0.12656 0.0
[32m[I 2021-04-21 14:35:59,467][0m Trial 111 finished with values: [0.12656, 0.0] with parameters: {'Vahp': -54.5, 'Vth': -55.0, 'Vmax': 20.5, 't_ref': 10.0, 'R': 0.1, 'tau_m': 60.5, 'rate_low': 28.0, 'rate_high': 34.0}.[0m
2021-04-21 14:36:00.041371: I tensorflow/compiler/jit/xla_gpu_device.cc:99] Not creating XLA devices, tf_xla_enable_xla_devices not set
maxFreq at 10nA: 998.0
2021-04-21 14:36:29.616174: I tensorflow/compiler/jit/xla_gpu_device.cc:99] Not creating XLA devices, tf_xla_enable_xla_devices not set
2021-04-21 14:36:48.674039: I tensorflow/compiler/jit/xla_gpu_device.cc:99] Not creating XLA devices, tf_xla_enable_xla_devices not set
mse and spike frequency: 0.12656 0.0
[32m[I 2021-04-21 14:37:06,614][0m Trial 112 finished with values: [0.12656, 0.0] with parameters: {'Vahp': -27.0, 'Vth': -45.5, 'Vmax': 16.5, 't_ref': 20.0, 'R': 0.1, 'tau_m': 204.0, 'rate_low': 35.0, 'rate_high': 43.5}.[0m
2021-04-21 14:37:07.220704: I tensorflow/compiler/jit/xla_gpu_device.cc:99] Not creating XLA devices, tf_xla_enable_xla_devices not set
maxFreq at 10nA: 77.0
2021-04-21 14:37:37.213893: I tensorflow/compiler/jit/xla_gpu_device.cc:99] Not creating XLA devices, tf_xla_enable_xla_devices not set
2021-04-21 14:37:55.961800: I tensorflow/compiler/jit/xla_gpu_device.cc:99] Not creating XLA devices, tf_xla_enable_xla_devices not set
mse and spike frequency: 0.0029 6.88
[32m[I 2021-04-21 14:38:14,006][0m Trial 113 finished with values: [0.0029, 6.88] with parameters: {'Vahp': -23.5, 'Vth': -22.0, 'Vmax': 34.5, 't_ref': 11.5, 'R': 0.2, 'tau_m': 163.0, 'rate_low': 14.5, 'rate_high': 41.0}.[0m
2021-04-21 14:38:14.582605: I tensorflow/compiler/jit/xla_gpu_device.cc:99] Not creating XLA devices, tf_xla_enable_xla_devices not set
maxFreq at 10nA: 987.0
2021-04-21 14:38:44.142898: I tensorflow/compiler/jit/xla_gpu_device.cc:99] Not creating XLA devices, tf_xla_enable_xla_devices not set
2021-04-21 14:39:03.057476: I tensorflow/compiler/jit/xla_gpu_device.cc:99] Not creating XLA devices, tf_xla_enable_xla_devices not set
mse and spike frequency: 0.12656 0.0
[32m[I 2021-04-21 14:39:21,629][0m Trial 114 finished with values: [0.12656, 0.0] with parameters: {'Vahp': -26.0, 'Vth': -29.5, 'Vmax': 15.0, 't_ref': 10.0, 'R': 0.1, 'tau_m': 444.0, 'rate_low': 27.5, 'rate_high': 49.0}.[0m
2021-04-21 14:39:22.220608: I tensorflow/compiler/jit/xla_gpu_device.cc:99] Not creating XLA devices, tf_xla_enable_xla_devices not set
maxFreq at 10nA: 1000.0
2021-04-21 14:39:52.722720: I tensorflow/compiler/jit/xla_gpu_device.cc:99] Not creating XLA devices, tf_xla_enable_xla_devices not set
2021-04-21 14:40:10.901438: I tensorflow/compiler/jit/xla_gpu_device.cc:99] Not creating XLA devices, tf_xla_enable_xla_devices not set
mse and spike frequency: 0.12656 0.0
[32m[I 2021-04-21 14:40:29,091][0m Trial 115 finished with values: [0.12656, 0.0] with parameters: {'Vahp': -42.0, 'Vth': -45.5, 'Vmax': 32.5, 't_ref': 20.0, 'R': 0.6, 'tau_m': 204.0, 'rate_low': 35.0, 'rate_high': 36.5}.[0m
2021-04-21 14:40:29.678923: I tensorflow/compiler/jit/xla_gpu_device.cc:99] Not creating XLA devices, tf_xla_enable_xla_devices not set
maxFreq at 10nA: 1000.0
2021-04-21 14:41:00.101984: I tensorflow/compiler/jit/xla_gpu_device.cc:99] Not creating XLA devices, tf_xla_enable_xla_devices not set
2021-04-21 14:41:18.404989: I tensorflow/compiler/jit/xla_gpu_device.cc:99] Not creating XLA devices, tf_xla_enable_xla_devices not set
mse and spike frequency: 0.12656 0.0
[32m[I 2021-04-21 14:41:36,880][0m Trial 116 finished with values: [0.12656, 0.0] with parameters: {'Vahp': -20.5, 'Vth': -52.5, 'Vmax': 30.5, 't_ref': 2.5, 'R': 0.9, 'tau_m': 425.0, 'rate_low': 22.0, 'rate_high': 48.0}.[0m
2021-04-21 14:41:37.475314: I tensorflow/compiler/jit/xla_gpu_device.cc:99] Not creating XLA devices, tf_xla_enable_xla_devices not set
maxFreq at 10nA: 250.0
2021-04-21 14:42:07.890050: I tensorflow/compiler/jit/xla_gpu_device.cc:99] Not creating XLA devices, tf_xla_enable_xla_devices not set
2021-04-21 14:42:26.444529: I tensorflow/compiler/jit/xla_gpu_device.cc:99] Not creating XLA devices, tf_xla_enable_xla_devices not set
mse and spike frequency: 0.12656 0.0
[32m[I 2021-04-21 14:42:44,863][0m Trial 117 finished with values: [0.12656, 0.0] with parameters: {'Vahp': -36.0, 'Vth': -35.0, 'Vmax': 30.5, 't_ref': 2.5, 'R': 0.4, 'tau_m': 112.5, 'rate_low': 36.0, 'rate_high': 44.0}.[0m
2021-04-21 14:42:45.468217: I tensorflow/compiler/jit/xla_gpu_device.cc:99] Not creating XLA devices, tf_xla_enable_xla_devices not set
maxFreq at 10nA: 1000.0
2021-04-21 14:43:16.561359: I tensorflow/compiler/jit/xla_gpu_device.cc:99] Not creating XLA devices, tf_xla_enable_xla_devices not set
2021-04-21 14:43:35.165110: I tensorflow/compiler/jit/xla_gpu_device.cc:99] Not creating XLA devices, tf_xla_enable_xla_devices not set
mse and spike frequency: 0.12656 0.0
[32m[I 2021-04-21 14:43:53,875][0m Trial 118 finished with values: [0.12656, 0.0] with parameters: {'Vahp': -29.5, 'Vth': -35.0, 'Vmax': 16.5, 't_ref': 11.5, 'R': 0.8, 'tau_m': 257.0, 'rate_low': 36.0, 'rate_high': 24.0}.[0m
2021-04-21 14:43:54.554500: I tensorflow/compiler/jit/xla_gpu_device.cc:99] Not creating XLA devices, tf_xla_enable_xla_devices not set
maxFreq at 10nA: 72.0
2021-04-21 14:44:26.240270: I tensorflow/compiler/jit/xla_gpu_device.cc:99] Not creating XLA devices, tf_xla_enable_xla_devices not set
2021-04-21 14:44:45.077213: I tensorflow/compiler/jit/xla_gpu_device.cc:99] Not creating XLA devices, tf_xla_enable_xla_devices not set
mse and spike frequency: 0.00338 4.38
[32m[I 2021-04-21 14:45:03,936][0m Trial 119 finished with values: [0.00338, 4.38] with parameters: {'Vahp': -55.5, 'Vth': -21.5, 'Vmax': 18.0, 't_ref': 11.0, 'R': 0.5, 'tau_m': 343.5, 'rate_low': 7.5, 'rate_high': 48.0}.[0m
2021-04-21 14:45:04.657061: I tensorflow/compiler/jit/xla_gpu_device.cc:99] Not creating XLA devices, tf_xla_enable_xla_devices not set
maxFreq at 10nA: 1000.0
2021-04-21 14:45:35.835004: I tensorflow/compiler/jit/xla_gpu_device.cc:99] Not creating XLA devices, tf_xla_enable_xla_devices not set
2021-04-21 14:45:54.619883: I tensorflow/compiler/jit/xla_gpu_device.cc:99] Not creating XLA devices, tf_xla_enable_xla_devices not set
mse and spike frequency: 0.12656 0.0
