[32m[I 2021-04-21 15:18:11,600][0m Trial 142 finished with values: [0.12656, 0.0] with parameters: {'Vahp': -42.5, 'Vth': -43.0, 'Vmax': 12.5, 't_ref': 10.0, 'R': 0.5, 'tau_m': 16.5, 'R_adp': 0.2, 'tau_w': 452.0, 'a': 69.0, 'rate_low': 17.0, 'rate_high': 48.5}.[0m
2021-04-21 15:18:12.280750: I tensorflow/compiler/jit/xla_gpu_device.cc:99] Not creating XLA devices, tf_xla_enable_xla_devices not set
maxFreq at 10nA: 500.0
2021-04-21 15:18:45.554665: I tensorflow/compiler/jit/xla_gpu_device.cc:99] Not creating XLA devices, tf_xla_enable_xla_devices not set
2021-04-21 15:19:07.183837: I tensorflow/compiler/jit/xla_gpu_device.cc:99] Not creating XLA devices, tf_xla_enable_xla_devices not set
mse and spike frequency: 68.4683 100.6
[32m[I 2021-04-21 15:19:29,933][0m Trial 143 finished with values: [68.4683, 100.6] with parameters: {'Vahp': -37.0, 'Vth': -37.0, 'Vmax': 16.0, 't_ref': 1.0, 'R': 1.0, 'tau_m': 173.5, 'R_adp': 0.2, 'tau_w': 452.0, 'a': 106.5, 'rate_low': 11.5, 'rate_high': 18.5}.[0m
2021-04-21 15:19:30.679604: I tensorflow/compiler/jit/xla_gpu_device.cc:99] Not creating XLA devices, tf_xla_enable_xla_devices not set
maxFreq at 10nA: 997.0
2021-04-21 15:20:04.886784: I tensorflow/compiler/jit/xla_gpu_device.cc:99] Not creating XLA devices, tf_xla_enable_xla_devices not set
2021-04-21 15:20:26.712938: I tensorflow/compiler/jit/xla_gpu_device.cc:99] Not creating XLA devices, tf_xla_enable_xla_devices not set
mse and spike frequency: 0.12656 0.0
[32m[I 2021-04-21 15:20:50,076][0m Trial 144 finished with values: [0.12656, 0.0] with parameters: {'Vahp': -27.0, 'Vth': -28.0, 'Vmax': 34.5, 't_ref': 6.5, 'R': 0.2, 'tau_m': 227.5, 'R_adp': 0.8, 'tau_w': 304.0, 'a': 80.5, 'rate_low': 12.5, 'rate_high': 13.0}.[0m
2021-04-21 15:20:50.774251: I tensorflow/compiler/jit/xla_gpu_device.cc:99] Not creating XLA devices, tf_xla_enable_xla_devices not set
maxFreq at 10nA: 49.0
2021-04-21 15:21:25.045232: I tensorflow/compiler/jit/xla_gpu_device.cc:99] Not creating XLA devices, tf_xla_enable_xla_devices not set
2021-04-21 15:21:47.351741: I tensorflow/compiler/jit/xla_gpu_device.cc:99] Not creating XLA devices, tf_xla_enable_xla_devices not set
mse and spike frequency: 0.10371 0.6
[32m[I 2021-04-21 15:22:10,823][0m Trial 145 finished with values: [0.10371, 0.6] with parameters: {'Vahp': -23.5, 'Vth': -22.5, 'Vmax': 24.5, 't_ref': 17.0, 'R': 0.7000000000000001, 'tau_m': 468.0, 'R_adp': 0.8, 'tau_w': 470.5, 'a': 473.0, 'rate_low': 9.0, 'rate_high': 14.5}.[0m
2021-04-21 15:22:11.493431: I tensorflow/compiler/jit/xla_gpu_device.cc:99] Not creating XLA devices, tf_xla_enable_xla_devices not set
maxFreq at 10nA: 125.0
2021-04-21 15:22:46.287966: I tensorflow/compiler/jit/xla_gpu_device.cc:99] Not creating XLA devices, tf_xla_enable_xla_devices not set
2021-04-21 15:23:08.887739: I tensorflow/compiler/jit/xla_gpu_device.cc:99] Not creating XLA devices, tf_xla_enable_xla_devices not set
mse and spike frequency: 1.3554 14.8
[32m[I 2021-04-21 15:23:32,834][0m Trial 146 finished with values: [1.3554, 14.8] with parameters: {'Vahp': -23.5, 'Vth': -22.5, 'Vmax': 24.5, 't_ref': 6.5, 'R': 0.7000000000000001, 'tau_m': 317.5, 'R_adp': 0.8, 'tau_w': 198.0, 'a': 86.5, 'rate_low': 14.0, 'rate_high': 45.0}.[0m
2021-04-21 15:23:33.566409: I tensorflow/compiler/jit/xla_gpu_device.cc:99] Not creating XLA devices, tf_xla_enable_xla_devices not set
maxFreq at 10nA: 1000.0
2021-04-21 15:24:08.026933: I tensorflow/compiler/jit/xla_gpu_device.cc:99] Not creating XLA devices, tf_xla_enable_xla_devices not set
2021-04-21 15:24:31.080507: I tensorflow/compiler/jit/xla_gpu_device.cc:99] Not creating XLA devices, tf_xla_enable_xla_devices not set
mse and spike frequency: 0.12656 0.0
[32m[I 2021-04-21 15:24:54,195][0m Trial 147 finished with values: [0.12656, 0.0] with parameters: {'Vahp': -21.5, 'Vth': -58.0, 'Vmax': 16.0, 't_ref': 3.0, 'R': 0.2, 'tau_m': 498.5, 'R_adp': 0.1, 'tau_w': 298.5, 'a': 363.0, 'rate_low': 32.0, 'rate_high': 23.0}.[0m
2021-04-21 15:24:55.014381: I tensorflow/compiler/jit/xla_gpu_device.cc:99] Not creating XLA devices, tf_xla_enable_xla_devices not set
maxFreq at 10nA: 54.0
2021-04-21 15:25:29.505855: I tensorflow/compiler/jit/xla_gpu_device.cc:99] Not creating XLA devices, tf_xla_enable_xla_devices not set
2021-04-21 15:25:52.198062: I tensorflow/compiler/jit/xla_gpu_device.cc:99] Not creating XLA devices, tf_xla_enable_xla_devices not set
mse and spike frequency: 0.83655 2.85
[32m[I 2021-04-21 15:26:15,121][0m Trial 148 finished with values: [0.83655, 2.85] with parameters: {'Vahp': -39.5, 'Vth': -28.0, 'Vmax': 33.0, 't_ref': 16.5, 'R': 0.8, 'tau_m': 188.5, 'R_adp': 1.0, 'tau_w': 304.0, 'a': 468.5, 'rate_low': 7.5, 'rate_high': 26.5}.[0m
2021-04-21 15:26:15.906650: I tensorflow/compiler/jit/xla_gpu_device.cc:99] Not creating XLA devices, tf_xla_enable_xla_devices not set
maxFreq at 10nA: 998.0
2021-04-21 15:26:50.156044: I tensorflow/compiler/jit/xla_gpu_device.cc:99] Not creating XLA devices, tf_xla_enable_xla_devices not set
2021-04-21 15:27:13.378308: I tensorflow/compiler/jit/xla_gpu_device.cc:99] Not creating XLA devices, tf_xla_enable_xla_devices not set
mse and spike frequency: 0.12656 0.0
[32m[I 2021-04-21 15:27:36,107][0m Trial 149 finished with values: [0.12656, 0.0] with parameters: {'Vahp': -34.5, 'Vth': -38.0, 'Vmax': 34.5, 't_ref': 1.5, 'R': 0.2, 'tau_m': 227.5, 'R_adp': 1.0, 'tau_w': 414.0, 'a': 280.0, 'rate_low': 12.5, 'rate_high': 36.0}.[0m
2021-04-21 15:27:37.135671: I tensorflow/compiler/jit/xla_gpu_device.cc:99] Not creating XLA devices, tf_xla_enable_xla_devices not set
maxFreq at 10nA: 998.0
2021-04-21 15:28:11.479396: I tensorflow/compiler/jit/xla_gpu_device.cc:99] Not creating XLA devices, tf_xla_enable_xla_devices not set
2021-04-21 15:28:34.311352: I tensorflow/compiler/jit/xla_gpu_device.cc:99] Not creating XLA devices, tf_xla_enable_xla_devices not set
mse and spike frequency: 0.12656 0.0
[32m[I 2021-04-21 15:28:57,392][0m Trial 150 finished with values: [0.12656, 0.0] with parameters: {'Vahp': -39.0, 'Vth': -50.0, 'Vmax': 38.0, 't_ref': 6.0, 'R': 0.1, 'tau_m': 269.5, 'R_adp': 0.30000000000000004, 'tau_w': 333.0, 'a': 317.0, 'rate_low': 47.5, 'rate_high': 35.0}.[0m
2021-04-21 15:28:58.198968: I tensorflow/compiler/jit/xla_gpu_device.cc:99] Not creating XLA devices, tf_xla_enable_xla_devices not set
maxFreq at 10nA: 999.0
2021-04-21 15:29:33.305020: I tensorflow/compiler/jit/xla_gpu_device.cc:99] Not creating XLA devices, tf_xla_enable_xla_devices not set
2021-04-21 15:29:56.149186: I tensorflow/compiler/jit/xla_gpu_device.cc:99] Not creating XLA devices, tf_xla_enable_xla_devices not set
mse and spike frequency: 0.12656 0.0
[32m[I 2021-04-21 15:30:19,111][0m Trial 151 finished with values: [0.12656, 0.0] with parameters: {'Vahp': -23.5, 'Vth': -34.5, 'Vmax': 30.0, 't_ref': 1.0, 'R': 0.6, 'tau_m': 250.5, 'R_adp': 0.6, 'tau_w': 155.5, 'a': 57.5, 'rate_low': 36.5, 'rate_high': 14.5}.[0m
2021-04-21 15:30:19.861404: I tensorflow/compiler/jit/xla_gpu_device.cc:99] Not creating XLA devices, tf_xla_enable_xla_devices not set
maxFreq at 10nA: 1000.0
2021-04-21 15:30:55.277385: I tensorflow/compiler/jit/xla_gpu_device.cc:99] Not creating XLA devices, tf_xla_enable_xla_devices not set
2021-04-21 15:31:17.852633: I tensorflow/compiler/jit/xla_gpu_device.cc:99] Not creating XLA devices, tf_xla_enable_xla_devices not set
mse and spike frequency: 0.12656 0.0
[32m[I 2021-04-21 15:31:40,650][0m Trial 152 finished with values: [0.12656, 0.0] with parameters: {'Vahp': -39.5, 'Vth': -56.0, 'Vmax': 11.5, 't_ref': 20.0, 'R': 1.0, 'tau_m': 443.5, 'R_adp': 0.6, 'tau_w': 358.5, 'a': 57.5, 'rate_low': 36.5, 'rate_high': 48.0}.[0m
2021-04-21 15:31:41.467319: I tensorflow/compiler/jit/xla_gpu_device.cc:99] Not creating XLA devices, tf_xla_enable_xla_devices not set
maxFreq at 10nA: 1000.0
2021-04-21 15:32:16.339968: I tensorflow/compiler/jit/xla_gpu_device.cc:99] Not creating XLA devices, tf_xla_enable_xla_devices not set
2021-04-21 15:32:39.150233: I tensorflow/compiler/jit/xla_gpu_device.cc:99] Not creating XLA devices, tf_xla_enable_xla_devices not set
mse and spike frequency: 0.12656 0.0
[32m[I 2021-04-21 15:33:02,148][0m Trial 153 finished with values: [0.12656, 0.0] with parameters: {'Vahp': -42.5, 'Vth': -55.5, 'Vmax': 26.5, 't_ref': 4.0, 'R': 0.2, 'tau_m': 417.5, 'R_adp': 0.2, 'tau_w': 234.5, 'a': 290.0, 'rate_low': 17.0, 'rate_high': 49.0}.[0m
2021-04-21 15:33:02.952628: I tensorflow/compiler/jit/xla_gpu_device.cc:99] Not creating XLA devices, tf_xla_enable_xla_devices not set
maxFreq at 10nA: 995.0
2021-04-21 15:33:38.255528: I tensorflow/compiler/jit/xla_gpu_device.cc:99] Not creating XLA devices, tf_xla_enable_xla_devices not set
2021-04-21 15:34:01.574348: I tensorflow/compiler/jit/xla_gpu_device.cc:99] Not creating XLA devices, tf_xla_enable_xla_devices not set
mse and spike frequency: 0.12656 0.0
[32m[I 2021-04-21 15:34:24,592][0m Trial 154 finished with values: [0.12656, 0.0] with parameters: {'Vahp': -21.5, 'Vth': -32.0, 'Vmax': 16.0, 't_ref': 19.0, 'R': 0.2, 'tau_m': 407.0, 'R_adp': 0.1, 'tau_w': 383.0, 'a': 233.5, 'rate_low': 46.5, 'rate_high': 23.0}.[0m
2021-04-21 15:34:25.387563: I tensorflow/compiler/jit/xla_gpu_device.cc:99] Not creating XLA devices, tf_xla_enable_xla_devices not set
maxFreq at 10nA: 147.0
2021-04-21 15:35:00.731680: I tensorflow/compiler/jit/xla_gpu_device.cc:99] Not creating XLA devices, tf_xla_enable_xla_devices not set
2021-04-21 15:35:24.551822: I tensorflow/compiler/jit/xla_gpu_device.cc:99] Not creating XLA devices, tf_xla_enable_xla_devices not set
mse and spike frequency: 0.02817 3.21
[32m[I 2021-04-21 15:35:47,236][0m Trial 155 finished with values: [0.02817, 3.21] with parameters: {'Vahp': -30.0, 'Vth': -23.5, 'Vmax': 30.0, 't_ref': 2.5, 'R': 0.4, 'tau_m': 278.0, 'R_adp': 0.6, 'tau_w': 88.5, 'a': 472.5, 'rate_low': 28.0, 'rate_high': 13.5}.[0m
2021-04-21 15:35:48.059897: I tensorflow/compiler/jit/xla_gpu_device.cc:99] Not creating XLA devices, tf_xla_enable_xla_devices not set
maxFreq at 10nA: 987.0
2021-04-21 15:36:23.408220: I tensorflow/compiler/jit/xla_gpu_device.cc:99] Not creating XLA devices, tf_xla_enable_xla_devices not set
2021-04-21 15:36:46.944254: I tensorflow/compiler/jit/xla_gpu_device.cc:99] Not creating XLA devices, tf_xla_enable_xla_devices not set
mse and spike frequency: 0.12656 0.0
[32m[I 2021-04-21 15:37:09,853][0m Trial 156 finished with values: [0.12656, 0.0] with parameters: {'Vahp': -25.5, 'Vth': -32.0, 'Vmax': 16.5, 't_ref': 19.0, 'R': 0.1, 'tau_m': 498.5, 'R_adp': 0.4, 'tau_w': 189.5, 'a': 317.0, 'rate_low': 5.5, 'rate_high': 23.0}.[0m
2021-04-21 15:37:10.748854: I tensorflow/compiler/jit/xla_gpu_device.cc:99] Not creating XLA devices, tf_xla_enable_xla_devices not set
maxFreq at 10nA: 1000.0
2021-04-21 15:37:46.731766: I tensorflow/compiler/jit/xla_gpu_device.cc:99] Not creating XLA devices, tf_xla_enable_xla_devices not set
2021-04-21 15:38:10.101774: I tensorflow/compiler/jit/xla_gpu_device.cc:99] Not creating XLA devices, tf_xla_enable_xla_devices not set
mse and spike frequency: 0.12656 0.0
[32m[I 2021-04-21 15:38:33,050][0m Trial 157 finished with values: [0.12656, 0.0] with parameters: {'Vahp': -27.0, 'Vth': -54.0, 'Vmax': 15.0, 't_ref': 1.0, 'R': 1.0, 'tau_m': 381.0, 'R_adp': 1.0, 'tau_w': 343.5, 'a': 299.5, 'rate_low': 21.5, 'rate_high': 43.0}.[0m
2021-04-21 15:38:33.803668: I tensorflow/compiler/jit/xla_gpu_device.cc:99] Not creating XLA devices, tf_xla_enable_xla_devices not set
maxFreq at 10nA: 1000.0
2021-04-21 15:39:10.531256: I tensorflow/compiler/jit/xla_gpu_device.cc:99] Not creating XLA devices, tf_xla_enable_xla_devices not set
2021-04-21 15:39:34.215200: I tensorflow/compiler/jit/xla_gpu_device.cc:99] Not creating XLA devices, tf_xla_enable_xla_devices not set
mse and spike frequency: 0.12656 0.0
[32m[I 2021-04-21 15:39:57,431][0m Trial 158 finished with values: [0.12656, 0.0] with parameters: {'Vahp': -40.0, 'Vth': -56.0, 'Vmax': 19.0, 't_ref': 20.0, 'R': 1.0, 'tau_m': 443.5, 'R_adp': 0.2, 'tau_w': 358.5, 'a': 57.5, 'rate_low': 7.5, 'rate_high': 43.0}.[0m
2021-04-21 15:39:58.164995: I tensorflow/compiler/jit/xla_gpu_device.cc:99] Not creating XLA devices, tf_xla_enable_xla_devices not set
maxFreq at 10nA: 1000.0
2021-04-21 15:40:35.270371: I tensorflow/compiler/jit/xla_gpu_device.cc:99] Not creating XLA devices, tf_xla_enable_xla_devices not set
2021-04-21 15:40:59.498872: I tensorflow/compiler/jit/xla_gpu_device.cc:99] Not creating XLA devices, tf_xla_enable_xla_devices not set
mse and spike frequency: 0.12656 0.0
[32m[I 2021-04-21 15:41:22,849][0m Trial 159 finished with values: [0.12656, 0.0] with parameters: {'Vahp': -27.0, 'Vth': -39.0, 'Vmax': 19.0, 't_ref': 1.0, 'R': 1.0, 'tau_m': 43.0, 'R_adp': 0.7000000000000001, 'tau_w': 41.0, 'a': 412.5, 'rate_low': 36.5, 'rate_high': 46.0}.[0m
2021-04-21 15:41:23.578038: I tensorflow/compiler/jit/xla_gpu_device.cc:99] Not creating XLA devices, tf_xla_enable_xla_devices not set
maxFreq at 10nA: 143.0
2021-04-21 15:42:01.350128: I tensorflow/compiler/jit/xla_gpu_device.cc:99] Not creating XLA devices, tf_xla_enable_xla_devices not set
2021-04-21 15:42:26.029068: I tensorflow/compiler/jit/xla_gpu_device.cc:99] Not creating XLA devices, tf_xla_enable_xla_devices not set
mse and spike frequency: 2.09549 16.02
[32m[I 2021-04-21 15:42:49,696][0m Trial 160 finished with values: [2.09549, 16.02] with parameters: {'Vahp': -44.5, 'Vth': -30.5, 'Vmax': 31.0, 't_ref': 6.0, 'R': 0.2, 'tau_m': 27.5, 'R_adp': 0.7000000000000001, 'tau_w': 333.0, 'a': 46.0, 'rate_low': 19.0, 'rate_high': 49.0}.[0m
2021-04-21 15:42:50.439881: I tensorflow/compiler/jit/xla_gpu_device.cc:99] Not creating XLA devices, tf_xla_enable_xla_devices not set
maxFreq at 10nA: 66.0
2021-04-21 15:43:27.765188: I tensorflow/compiler/jit/xla_gpu_device.cc:99] Not creating XLA devices, tf_xla_enable_xla_devices not set
2021-04-21 15:43:52.903167: I tensorflow/compiler/jit/xla_gpu_device.cc:99] Not creating XLA devices, tf_xla_enable_xla_devices not set
mse and spike frequency: 0.10261 0.82
[32m[I 2021-04-21 15:44:16,932][0m Trial 161 finished with values: [0.10261, 0.82] with parameters: {'Vahp': -44.5, 'Vth': -22.5, 'Vmax': 19.0, 't_ref': 3.0, 'R': 0.2, 'tau_m': 250.5, 'R_adp': 0.6, 'tau_w': 107.0, 'a': 390.5, 'rate_low': 14.0, 'rate_high': 14.5}.[0m
2021-04-21 15:44:17.658803: I tensorflow/compiler/jit/xla_gpu_device.cc:99] Not creating XLA devices, tf_xla_enable_xla_devices not set
maxFreq at 10nA: 998.0
2021-04-21 15:44:54.943293: I tensorflow/compiler/jit/xla_gpu_device.cc:99] Not creating XLA devices, tf_xla_enable_xla_devices not set
2021-04-21 15:45:20.800515: I tensorflow/compiler/jit/xla_gpu_device.cc:99] Not creating XLA devices, tf_xla_enable_xla_devices not set
mse and spike frequency: 0.12656 0.0
[32m[I 2021-04-21 15:45:44,689][0m Trial 162 finished with values: [0.12656, 0.0] with parameters: {'Vahp': -39.0, 'Vth': -50.0, 'Vmax': 31.0, 't_ref': 1.0, 'R': 0.1, 'tau_m': 269.5, 'R_adp': 0.1, 'tau_w': 41.0, 'a': 317.0, 'rate_low': 19.0, 'rate_high': 46.0}.[0m
2021-04-21 15:45:45.463386: I tensorflow/compiler/jit/xla_gpu_device.cc:99] Not creating XLA devices, tf_xla_enable_xla_devices not set
maxFreq at 10nA: 125.0
2021-04-21 15:46:22.491127: I tensorflow/compiler/jit/xla_gpu_device.cc:99] Not creating XLA devices, tf_xla_enable_xla_devices not set
2021-04-21 15:46:48.899839: I tensorflow/compiler/jit/xla_gpu_device.cc:99] Not creating XLA devices, tf_xla_enable_xla_devices not set
mse and spike frequency: 0.00071 16.22
[32m[I 2021-04-21 15:47:12,551][0m Trial 163 finished with values: [0.00071, 16.22] with parameters: {'Vahp': -44.5, 'Vth': -39.0, 'Vmax': 19.0, 't_ref': 6.5, 'R': 0.8, 'tau_m': 43.0, 'R_adp': 0.7000000000000001, 'tau_w': 41.0, 'a': 390.5, 'rate_low': 19.0, 'rate_high': 46.0}.[0m
2021-04-21 15:47:13.328367: I tensorflow/compiler/jit/xla_gpu_device.cc:99] Not creating XLA devices, tf_xla_enable_xla_devices not set
maxFreq at 10nA: 106.0
2021-04-21 15:47:50.455462: I tensorflow/compiler/jit/xla_gpu_device.cc:99] Not creating XLA devices, tf_xla_enable_xla_devices not set
2021-04-21 15:48:16.932929: I tensorflow/compiler/jit/xla_gpu_device.cc:99] Not creating XLA devices, tf_xla_enable_xla_devices not set
mse and spike frequency: 0.00663 4.5
[32m[I 2021-04-21 15:48:40,587][0m Trial 164 finished with values: [0.00663, 4.5] with parameters: {'Vahp': -44.5, 'Vth': -39.0, 'Vmax': 19.0, 't_ref': 2.0, 'R': 0.2, 'tau_m': 407.0, 'R_adp': 1.0, 'tau_w': 41.0, 'a': 390.5, 'rate_low': 46.5, 'rate_high': 50.0}.[0m
2021-04-21 15:48:41.342464: I tensorflow/compiler/jit/xla_gpu_device.cc:99] Not creating XLA devices, tf_xla_enable_xla_devices not set
maxFreq at 10nA: 56.0
2021-04-21 15:49:18.822834: I tensorflow/compiler/jit/xla_gpu_device.cc:99] Not creating XLA devices, tf_xla_enable_xla_devices not set
2021-04-21 15:49:45.217485: I tensorflow/compiler/jit/xla_gpu_device.cc:99] Not creating XLA devices, tf_xla_enable_xla_devices not set
mse and spike frequency: 0.30805 7.88
[32m[I 2021-04-21 15:50:08,491][0m Trial 165 finished with values: [0.30805, 7.88] with parameters: {'Vahp': -27.0, 'Vth': -22.5, 'Vmax': 15.0, 't_ref': 16.5, 'R': 0.7000000000000001, 'tau_m': 16.5, 'R_adp': 0.2, 'tau_w': 343.5, 'a': 380.0, 'rate_low': 9.0, 'rate_high': 48.5}.[0m
2021-04-21 15:50:09.204582: I tensorflow/compiler/jit/xla_gpu_device.cc:99] Not creating XLA devices, tf_xla_enable_xla_devices not set
maxFreq at 10nA: 334.0
2021-04-21 15:50:45.872936: I tensorflow/compiler/jit/xla_gpu_device.cc:99] Not creating XLA devices, tf_xla_enable_xla_devices not set
2021-04-21 15:51:12.462878: I tensorflow/compiler/jit/xla_gpu_device.cc:99] Not creating XLA devices, tf_xla_enable_xla_devices not set
mse and spike frequency: 18.6964 70.16
[32m[I 2021-04-21 15:51:36,444][0m Trial 166 finished with values: [18.6964, 70.16] with parameters: {'Vahp': -51.0, 'Vth': -51.0, 'Vmax': 16.0, 't_ref': 1.5, 'R': 1.0, 'tau_m': 381.0, 'R_adp': 1.0, 'tau_w': 298.5, 'a': 57.5, 'rate_low': 32.0, 'rate_high': 41.5}.[0m
2021-04-21 15:51:37.143042: I tensorflow/compiler/jit/xla_gpu_device.cc:99] Not creating XLA devices, tf_xla_enable_xla_devices not set
maxFreq at 10nA: 999.0
2021-04-21 15:52:14.687155: I tensorflow/compiler/jit/xla_gpu_device.cc:99] Not creating XLA devices, tf_xla_enable_xla_devices not set
2021-04-21 15:52:41.861525: I tensorflow/compiler/jit/xla_gpu_device.cc:99] Not creating XLA devices, tf_xla_enable_xla_devices not set
mse and spike frequency: 0.12656 0.0
[32m[I 2021-04-21 15:53:06,907][0m Trial 167 finished with values: [0.12656, 0.0] with parameters: {'Vahp': -27.0, 'Vth': -50.0, 'Vmax': 34.5, 't_ref': 1.0, 'R': 0.2, 'tau_m': 269.5, 'R_adp': 0.1, 'tau_w': 213.5, 'a': 317.0, 'rate_low': 17.5, 'rate_high': 35.0}.[0m
2021-04-21 15:53:07.597879: I tensorflow/compiler/jit/xla_gpu_device.cc:99] Not creating XLA devices, tf_xla_enable_xla_devices not set
maxFreq at 10nA: 996.0
2021-04-21 15:53:45.703202: I tensorflow/compiler/jit/xla_gpu_device.cc:99] Not creating XLA devices, tf_xla_enable_xla_devices not set
2021-04-21 15:54:12.744915: I tensorflow/compiler/jit/xla_gpu_device.cc:99] Not creating XLA devices, tf_xla_enable_xla_devices not set
mse and spike frequency: 0.12656 0.0
[32m[I 2021-04-21 15:54:38,548][0m Trial 168 finished with values: [0.12656, 0.0] with parameters: {'Vahp': -23.5, 'Vth': -38.5, 'Vmax': 38.5, 't_ref': 12.5, 'R': 0.2, 'tau_m': 483.5, 'R_adp': 0.6, 'tau_w': 124.0, 'a': 219.5, 'rate_low': 14.0, 'rate_high': 13.0}.[0m
2021-04-21 15:54:39.261008: I tensorflow/compiler/jit/xla_gpu_device.cc:99] Not creating XLA devices, tf_xla_enable_xla_devices not set
maxFreq at 10nA: 67.0
2021-04-21 15:55:17.677341: I tensorflow/compiler/jit/xla_gpu_device.cc:99] Not creating XLA devices, tf_xla_enable_xla_devices not set
2021-04-21 15:55:43.049230: I tensorflow/compiler/jit/xla_gpu_device.cc:99] Not creating XLA devices, tf_xla_enable_xla_devices not set
mse and spike frequency: 0.75729 11.3
[32m[I 2021-04-21 15:56:09,093][0m Trial 169 finished with values: [0.75729, 11.3] with parameters: {'Vahp': -40.0, 'Vth': -35.0, 'Vmax': 16.5, 't_ref': 13.5, 'R': 0.30000000000000004, 'tau_m': 202.0, 'R_adp': 0.2, 'tau_w': 383.0, 'a': 219.5, 'rate_low': 48.0, 'rate_high': 43.0}.[0m
2021-04-21 15:56:09.858019: I tensorflow/compiler/jit/xla_gpu_device.cc:99] Not creating XLA devices, tf_xla_enable_xla_devices not set
maxFreq at 10nA: 1000.0
2021-04-21 15:56:48.149016: I tensorflow/compiler/jit/xla_gpu_device.cc:99] Not creating XLA devices, tf_xla_enable_xla_devices not set
2021-04-21 15:57:13.596945: I tensorflow/compiler/jit/xla_gpu_device.cc:99] Not creating XLA devices, tf_xla_enable_xla_devices not set
mse and spike frequency: 0.12656 0.0
[32m[I 2021-04-21 15:57:39,479][0m Trial 170 finished with values: [0.12656, 0.0] with parameters: {'Vahp': -27.0, 'Vth': -40.5, 'Vmax': 37.5, 't_ref': 18.0, 'R': 1.0, 'tau_m': 188.5, 'R_adp': 0.6, 'tau_w': 68.0, 'a': 106.5, 'rate_low': 11.5, 'rate_high': 18.5}.[0m
2021-04-21 15:57:40.219773: I tensorflow/compiler/jit/xla_gpu_device.cc:99] Not creating XLA devices, tf_xla_enable_xla_devices not set
maxFreq at 10nA: 999.0
2021-04-21 15:58:18.280091: I tensorflow/compiler/jit/xla_gpu_device.cc:99] Not creating XLA devices, tf_xla_enable_xla_devices not set
2021-04-21 15:58:43.936337: I tensorflow/compiler/jit/xla_gpu_device.cc:99] Not creating XLA devices, tf_xla_enable_xla_devices not set
mse and spike frequency: 0.12656 0.0
