[32m[I 2021-04-21 14:13:58,042][0m Trial 89 finished with values: [0.00242, 12.23] with parameters: {'Vahp': -46.0, 'Vth': -34.0, 'Vmax': 33.5, 't_ref': 13.0, 'R': 1.0, 'tau_m': 449.0, 'rate_low': 9.5, 'rate_high': 43.5}.[0m
2021-04-21 14:13:58.564699: I tensorflow/compiler/jit/xla_gpu_device.cc:99] Not creating XLA devices, tf_xla_enable_xla_devices not set
maxFreq at 10nA: 91.0
2021-04-21 14:14:25.657481: I tensorflow/compiler/jit/xla_gpu_device.cc:99] Not creating XLA devices, tf_xla_enable_xla_devices not set
2021-04-21 14:14:40.964823: I tensorflow/compiler/jit/xla_gpu_device.cc:99] Not creating XLA devices, tf_xla_enable_xla_devices not set
mse and spike frequency: 0.00277 28.95
[32m[I 2021-04-21 14:14:55,062][0m Trial 90 finished with values: [0.00277, 28.95] with parameters: {'Vahp': -51.0, 'Vth': -35.0, 'Vmax': 22.0, 't_ref': 9.5, 'R': 0.7000000000000001, 'tau_m': 142.0, 'rate_low': 34.0, 'rate_high': 37.0}.[0m
2021-04-21 14:14:55.615515: I tensorflow/compiler/jit/xla_gpu_device.cc:99] Not creating XLA devices, tf_xla_enable_xla_devices not set
maxFreq at 10nA: 72.0
2021-04-21 14:15:22.747129: I tensorflow/compiler/jit/xla_gpu_device.cc:99] Not creating XLA devices, tf_xla_enable_xla_devices not set
2021-04-21 14:15:38.436347: I tensorflow/compiler/jit/xla_gpu_device.cc:99] Not creating XLA devices, tf_xla_enable_xla_devices not set
mse and spike frequency: 0.00275 16.86
[32m[I 2021-04-21 14:15:53,102][0m Trial 91 finished with values: [0.00275, 16.86] with parameters: {'Vahp': -57.5, 'Vth': -46.0, 'Vmax': 11.0, 't_ref': 12.5, 'R': 0.30000000000000004, 'tau_m': 190.0, 'rate_low': 26.0, 'rate_high': 48.5}.[0m
2021-04-21 14:15:53.758751: I tensorflow/compiler/jit/xla_gpu_device.cc:99] Not creating XLA devices, tf_xla_enable_xla_devices not set
maxFreq at 10nA: 1000.0
2021-04-21 14:16:20.926718: I tensorflow/compiler/jit/xla_gpu_device.cc:99] Not creating XLA devices, tf_xla_enable_xla_devices not set
2021-04-21 14:16:36.598073: I tensorflow/compiler/jit/xla_gpu_device.cc:99] Not creating XLA devices, tf_xla_enable_xla_devices not set
mse and spike frequency: 0.12656 0.0
[32m[I 2021-04-21 14:16:51,100][0m Trial 92 finished with values: [0.12656, 0.0] with parameters: {'Vahp': -32.5, 'Vth': -52.5, 'Vmax': 23.0, 't_ref': 7.0, 'R': 0.6, 'tau_m': 461.5, 'rate_low': 26.0, 'rate_high': 49.5}.[0m
2021-04-21 14:16:51.744907: I tensorflow/compiler/jit/xla_gpu_device.cc:99] Not creating XLA devices, tf_xla_enable_xla_devices not set
maxFreq at 10nA: 1000.0
2021-04-21 14:17:18.953215: I tensorflow/compiler/jit/xla_gpu_device.cc:99] Not creating XLA devices, tf_xla_enable_xla_devices not set
2021-04-21 14:17:34.947233: I tensorflow/compiler/jit/xla_gpu_device.cc:99] Not creating XLA devices, tf_xla_enable_xla_devices not set
mse and spike frequency: 0.12656 0.0
[32m[I 2021-04-21 14:17:49,839][0m Trial 93 finished with values: [0.12656, 0.0] with parameters: {'Vahp': -31.0, 'Vth': -39.0, 'Vmax': 20.0, 't_ref': 16.5, 'R': 0.7000000000000001, 'tau_m': 67.5, 'rate_low': 34.0, 'rate_high': 37.0}.[0m
2021-04-21 14:17:50.471225: I tensorflow/compiler/jit/xla_gpu_device.cc:99] Not creating XLA devices, tf_xla_enable_xla_devices not set
maxFreq at 10nA: 59.0
2021-04-21 14:18:17.363978: I tensorflow/compiler/jit/xla_gpu_device.cc:99] Not creating XLA devices, tf_xla_enable_xla_devices not set
2021-04-21 14:18:33.590307: I tensorflow/compiler/jit/xla_gpu_device.cc:99] Not creating XLA devices, tf_xla_enable_xla_devices not set
mse and spike frequency: 0.00662 3.04
[32m[I 2021-04-21 14:18:48,092][0m Trial 94 finished with values: [0.00662, 3.04] with parameters: {'Vahp': -48.0, 'Vth': -21.0, 'Vmax': 36.5, 't_ref': 12.5, 'R': 0.30000000000000004, 'tau_m': 398.0, 'rate_low': 11.0, 'rate_high': 41.0}.[0m
2021-04-21 14:18:48.639732: I tensorflow/compiler/jit/xla_gpu_device.cc:99] Not creating XLA devices, tf_xla_enable_xla_devices not set
maxFreq at 10nA: 100.0
2021-04-21 14:19:16.124274: I tensorflow/compiler/jit/xla_gpu_device.cc:99] Not creating XLA devices, tf_xla_enable_xla_devices not set
2021-04-21 14:19:32.489835: I tensorflow/compiler/jit/xla_gpu_device.cc:99] Not creating XLA devices, tf_xla_enable_xla_devices not set
mse and spike frequency: 0.00446 3.75
[32m[I 2021-04-21 14:19:46,880][0m Trial 95 finished with values: [0.00446, 3.75] with parameters: {'Vahp': -35.5, 'Vth': -30.0, 'Vmax': 40.0, 't_ref': 7.5, 'R': 0.1, 'tau_m': 265.0, 'rate_low': 14.5, 'rate_high': 42.5}.[0m
2021-04-21 14:19:47.427958: I tensorflow/compiler/jit/xla_gpu_device.cc:99] Not creating XLA devices, tf_xla_enable_xla_devices not set
maxFreq at 10nA: 67.0
2021-04-21 14:20:14.816850: I tensorflow/compiler/jit/xla_gpu_device.cc:99] Not creating XLA devices, tf_xla_enable_xla_devices not set
2021-04-21 14:20:31.091226: I tensorflow/compiler/jit/xla_gpu_device.cc:99] Not creating XLA devices, tf_xla_enable_xla_devices not set
mse and spike frequency: 0.01454 2.52
[32m[I 2021-04-21 14:20:45,812][0m Trial 96 finished with values: [0.01454, 2.52] with parameters: {'Vahp': -42.0, 'Vth': -31.0, 'Vmax': 36.5, 't_ref': 10.5, 'R': 0.1, 'tau_m': 319.5, 'rate_low': 25.0, 'rate_high': 12.5}.[0m
2021-04-21 14:20:46.409427: I tensorflow/compiler/jit/xla_gpu_device.cc:99] Not creating XLA devices, tf_xla_enable_xla_devices not set
maxFreq at 10nA: 167.0
2021-04-21 14:21:13.669136: I tensorflow/compiler/jit/xla_gpu_device.cc:99] Not creating XLA devices, tf_xla_enable_xla_devices not set
2021-04-21 14:21:30.280846: I tensorflow/compiler/jit/xla_gpu_device.cc:99] Not creating XLA devices, tf_xla_enable_xla_devices not set
mse and spike frequency: 0.00146 13.26
[32m[I 2021-04-21 14:21:45,023][0m Trial 97 finished with values: [0.00146, 13.26] with parameters: {'Vahp': -36.5, 'Vth': -32.0, 'Vmax': 12.0, 't_ref': 4.5, 'R': 0.30000000000000004, 'tau_m': 306.5, 'rate_low': 11.5, 'rate_high': 36.0}.[0m
2021-04-21 14:21:45.624058: I tensorflow/compiler/jit/xla_gpu_device.cc:99] Not creating XLA devices, tf_xla_enable_xla_devices not set
maxFreq at 10nA: 53.0
2021-04-21 14:22:13.511279: I tensorflow/compiler/jit/xla_gpu_device.cc:99] Not creating XLA devices, tf_xla_enable_xla_devices not set
2021-04-21 14:22:30.214244: I tensorflow/compiler/jit/xla_gpu_device.cc:99] Not creating XLA devices, tf_xla_enable_xla_devices not set
mse and spike frequency: 0.01492 2.46
[32m[I 2021-04-21 14:22:45,369][0m Trial 98 finished with values: [0.01492, 2.46] with parameters: {'Vahp': -42.5, 'Vth': -23.5, 'Vmax': 22.5, 't_ref': 15.0, 'R': 0.2, 'tau_m': 329.0, 'rate_low': 12.5, 'rate_high': 29.5}.[0m
2021-04-21 14:22:45.929498: I tensorflow/compiler/jit/xla_gpu_device.cc:99] Not creating XLA devices, tf_xla_enable_xla_devices not set
maxFreq at 10nA: 62.0
2021-04-21 14:23:13.933794: I tensorflow/compiler/jit/xla_gpu_device.cc:99] Not creating XLA devices, tf_xla_enable_xla_devices not set
2021-04-21 14:23:30.741910: I tensorflow/compiler/jit/xla_gpu_device.cc:99] Not creating XLA devices, tf_xla_enable_xla_devices not set
mse and spike frequency: 0.00521 7.45
[32m[I 2021-04-21 14:23:46,319][0m Trial 99 finished with values: [0.00521, 7.45] with parameters: {'Vahp': -36.0, 'Vth': -31.0, 'Vmax': 12.0, 't_ref': 12.5, 'R': 0.1, 'tau_m': 483.0, 'rate_low': 49.0, 'rate_high': 34.5}.[0m
2021-04-21 14:23:46.911018: I tensorflow/compiler/jit/xla_gpu_device.cc:99] Not creating XLA devices, tf_xla_enable_xla_devices not set
maxFreq at 10nA: 100.0
2021-04-21 14:24:15.077220: I tensorflow/compiler/jit/xla_gpu_device.cc:99] Not creating XLA devices, tf_xla_enable_xla_devices not set
2021-04-21 14:24:32.166832: I tensorflow/compiler/jit/xla_gpu_device.cc:99] Not creating XLA devices, tf_xla_enable_xla_devices not set
mse and spike frequency: 0.00408 3.93
[32m[I 2021-04-21 14:24:48,088][0m Trial 100 finished with values: [0.00408, 3.93] with parameters: {'Vahp': -49.5, 'Vth': -41.5, 'Vmax': 31.5, 't_ref': 7.0, 'R': 0.1, 'tau_m': 265.0, 'rate_low': 14.5, 'rate_high': 33.0}.[0m
2021-04-21 14:24:48.646030: I tensorflow/compiler/jit/xla_gpu_device.cc:99] Not creating XLA devices, tf_xla_enable_xla_devices not set
maxFreq at 10nA: 333.0
2021-04-21 14:25:16.841480: I tensorflow/compiler/jit/xla_gpu_device.cc:99] Not creating XLA devices, tf_xla_enable_xla_devices not set
2021-04-21 14:25:34.487594: I tensorflow/compiler/jit/xla_gpu_device.cc:99] Not creating XLA devices, tf_xla_enable_xla_devices not set
mse and spike frequency: 0.00079 32.34
[32m[I 2021-04-21 14:25:50,794][0m Trial 101 finished with values: [0.00079, 32.34] with parameters: {'Vahp': -43.0, 'Vth': -34.5, 'Vmax': 37.5, 't_ref': 1.5, 'R': 0.6, 'tau_m': 431.0, 'rate_low': 26.0, 'rate_high': 46.0}.[0m
2021-04-21 14:25:51.386037: I tensorflow/compiler/jit/xla_gpu_device.cc:99] Not creating XLA devices, tf_xla_enable_xla_devices not set
maxFreq at 10nA: 63.0
2021-04-21 14:26:19.791935: I tensorflow/compiler/jit/xla_gpu_device.cc:99] Not creating XLA devices, tf_xla_enable_xla_devices not set
2021-04-21 14:26:38.284128: I tensorflow/compiler/jit/xla_gpu_device.cc:99] Not creating XLA devices, tf_xla_enable_xla_devices not set
mse and spike frequency: 0.00266 17.69
[32m[I 2021-04-21 14:26:55,465][0m Trial 102 finished with values: [0.00266, 17.69] with parameters: {'Vahp': -39.0, 'Vth': -33.5, 'Vmax': 24.0, 't_ref': 15.0, 'R': 0.4, 'tau_m': 431.0, 'rate_low': 36.0, 'rate_high': 44.0}.[0m
2021-04-21 14:26:56.067396: I tensorflow/compiler/jit/xla_gpu_device.cc:99] Not creating XLA devices, tf_xla_enable_xla_devices not set
maxFreq at 10nA: 1000.0
2021-04-21 14:27:24.526476: I tensorflow/compiler/jit/xla_gpu_device.cc:99] Not creating XLA devices, tf_xla_enable_xla_devices not set
2021-04-21 14:27:43.572304: I tensorflow/compiler/jit/xla_gpu_device.cc:99] Not creating XLA devices, tf_xla_enable_xla_devices not set
mse and spike frequency: 0.12656 0.0
[32m[I 2021-04-21 14:28:00,826][0m Trial 103 finished with values: [0.12656, 0.0] with parameters: {'Vahp': -37.0, 'Vth': -52.5, 'Vmax': 23.0, 't_ref': 7.0, 'R': 0.6, 'tau_m': 437.5, 'rate_low': 26.0, 'rate_high': 46.0}.[0m
2021-04-21 14:28:01.404592: I tensorflow/compiler/jit/xla_gpu_device.cc:99] Not creating XLA devices, tf_xla_enable_xla_devices not set
maxFreq at 10nA: 250.0
2021-04-21 14:28:29.838630: I tensorflow/compiler/jit/xla_gpu_device.cc:99] Not creating XLA devices, tf_xla_enable_xla_devices not set
2021-04-21 14:28:48.921267: I tensorflow/compiler/jit/xla_gpu_device.cc:99] Not creating XLA devices, tf_xla_enable_xla_devices not set
mse and spike frequency: 0.00082 26.0
[32m[I 2021-04-21 14:29:06,303][0m Trial 104 finished with values: [0.00082, 26.0] with parameters: {'Vahp': -53.0, 'Vth': -34.5, 'Vmax': 24.0, 't_ref': 1.5, 'R': 0.6, 'tau_m': 335.5, 'rate_low': 33.0, 'rate_high': 46.0}.[0m
2021-04-21 14:29:06.991964: I tensorflow/compiler/jit/xla_gpu_device.cc:99] Not creating XLA devices, tf_xla_enable_xla_devices not set
maxFreq at 10nA: 63.0
2021-04-21 14:29:35.434585: I tensorflow/compiler/jit/xla_gpu_device.cc:99] Not creating XLA devices, tf_xla_enable_xla_devices not set
2021-04-21 14:29:53.581078: I tensorflow/compiler/jit/xla_gpu_device.cc:99] Not creating XLA devices, tf_xla_enable_xla_devices not set
mse and spike frequency: 0.12656 0.0
[32m[I 2021-04-21 14:30:11,379][0m Trial 105 finished with values: [0.12656, 0.0] with parameters: {'Vahp': -60.0, 'Vth': -22.5, 'Vmax': 27.5, 't_ref': 14.5, 'R': 0.9, 'tau_m': 6.5, 'rate_low': 16.5, 'rate_high': 20.5}.[0m
2021-04-21 14:30:12.156396: I tensorflow/compiler/jit/xla_gpu_device.cc:99] Not creating XLA devices, tf_xla_enable_xla_devices not set
maxFreq at 10nA: 63.0
2021-04-21 14:30:40.821815: I tensorflow/compiler/jit/xla_gpu_device.cc:99] Not creating XLA devices, tf_xla_enable_xla_devices not set
2021-04-21 14:30:59.795613: I tensorflow/compiler/jit/xla_gpu_device.cc:99] Not creating XLA devices, tf_xla_enable_xla_devices not set
mse and spike frequency: 0.02094 1.28
[32m[I 2021-04-21 14:31:17,624][0m Trial 106 finished with values: [0.02094, 1.28] with parameters: {'Vahp': -59.0, 'Vth': -30.0, 'Vmax': 24.5, 't_ref': 7.5, 'R': 0.1, 'tau_m': 265.0, 'rate_low': 14.5, 'rate_high': 42.5}.[0m
2021-04-21 14:31:18.223046: I tensorflow/compiler/jit/xla_gpu_device.cc:99] Not creating XLA devices, tf_xla_enable_xla_devices not set
maxFreq at 10nA: 1000.0
2021-04-21 14:31:47.236804: I tensorflow/compiler/jit/xla_gpu_device.cc:99] Not creating XLA devices, tf_xla_enable_xla_devices not set
2021-04-21 14:32:06.236283: I tensorflow/compiler/jit/xla_gpu_device.cc:99] Not creating XLA devices, tf_xla_enable_xla_devices not set
mse and spike frequency: 0.12656 0.0
[32m[I 2021-04-21 14:32:24,064][0m Trial 107 finished with values: [0.12656, 0.0] with parameters: {'Vahp': -48.0, 'Vth': -53.5, 'Vmax': 36.5, 't_ref': 12.5, 'R': 0.30000000000000004, 'tau_m': 398.0, 'rate_low': 11.0, 'rate_high': 43.0}.[0m
2021-04-21 14:32:24.653229: I tensorflow/compiler/jit/xla_gpu_device.cc:99] Not creating XLA devices, tf_xla_enable_xla_devices not set
maxFreq at 10nA: 998.0
2021-04-21 14:32:54.026939: I tensorflow/compiler/jit/xla_gpu_device.cc:99] Not creating XLA devices, tf_xla_enable_xla_devices not set
2021-04-21 14:33:12.727253: I tensorflow/compiler/jit/xla_gpu_device.cc:99] Not creating XLA devices, tf_xla_enable_xla_devices not set
mse and spike frequency: 0.12656 0.0
[32m[I 2021-04-21 14:33:30,254][0m Trial 108 finished with values: [0.12656, 0.0] with parameters: {'Vahp': -24.0, 'Vth': -30.5, 'Vmax': 31.5, 't_ref': 3.0, 'R': 0.30000000000000004, 'tau_m': 265.0, 'rate_low': 16.0, 'rate_high': 42.5}.[0m
2021-04-21 14:33:30.838001: I tensorflow/compiler/jit/xla_gpu_device.cc:99] Not creating XLA devices, tf_xla_enable_xla_devices not set
maxFreq at 10nA: 998.0
2021-04-21 14:34:00.646880: I tensorflow/compiler/jit/xla_gpu_device.cc:99] Not creating XLA devices, tf_xla_enable_xla_devices not set
2021-04-21 14:34:19.162273: I tensorflow/compiler/jit/xla_gpu_device.cc:99] Not creating XLA devices, tf_xla_enable_xla_devices not set
mse and spike frequency: 0.12656 0.0
[32m[I 2021-04-21 14:34:36,710][0m Trial 109 finished with values: [0.12656, 0.0] with parameters: {'Vahp': -26.5, 'Vth': -45.5, 'Vmax': 24.0, 't_ref': 2.5, 'R': 0.2, 'tau_m': 431.0, 'rate_low': 5.0, 'rate_high': 13.5}.[0m
2021-04-21 14:34:37.277899: I tensorflow/compiler/jit/xla_gpu_device.cc:99] Not creating XLA devices, tf_xla_enable_xla_devices not set
maxFreq at 10nA: 1000.0
2021-04-21 14:35:06.667945: I tensorflow/compiler/jit/xla_gpu_device.cc:99] Not creating XLA devices, tf_xla_enable_xla_devices not set
2021-04-21 14:35:25.397428: I tensorflow/compiler/jit/xla_gpu_device.cc:99] Not creating XLA devices, tf_xla_enable_xla_devices not set
mse and spike frequency: 0.12656 0.0
[32m[I 2021-04-21 14:35:43,153][0m Trial 110 finished with values: [0.12656, 0.0] with parameters: {'Vahp': -35.5, 'Vth': -42.5, 'Vmax': 16.0, 't_ref': 14.5, 'R': 0.30000000000000004, 'tau_m': 100.5, 'rate_low': 2.0, 'rate_high': 3.0}.[0m
2021-04-21 14:35:43.726615: I tensorflow/compiler/jit/xla_gpu_device.cc:99] Not creating XLA devices, tf_xla_enable_xla_devices not set
maxFreq at 10nA: 63.0
2021-04-21 14:36:13.679431: I tensorflow/compiler/jit/xla_gpu_device.cc:99] Not creating XLA devices, tf_xla_enable_xla_devices not set
2021-04-21 14:36:32.373989: I tensorflow/compiler/jit/xla_gpu_device.cc:99] Not creating XLA devices, tf_xla_enable_xla_devices not set
mse and spike frequency: 0.12656 0.0
[32m[I 2021-04-21 14:36:50,043][0m Trial 111 finished with values: [0.12656, 0.0] with parameters: {'Vahp': -43.5, 'Vth': -34.5, 'Vmax': 21.5, 't_ref': 14.5, 'R': 0.9, 'tau_m': 6.5, 'rate_low': 16.5, 'rate_high': 46.0}.[0m
2021-04-21 14:36:50.613623: I tensorflow/compiler/jit/xla_gpu_device.cc:99] Not creating XLA devices, tf_xla_enable_xla_devices not set
maxFreq at 10nA: 998.0
2021-04-21 14:37:20.443182: I tensorflow/compiler/jit/xla_gpu_device.cc:99] Not creating XLA devices, tf_xla_enable_xla_devices not set
2021-04-21 14:37:38.948162: I tensorflow/compiler/jit/xla_gpu_device.cc:99] Not creating XLA devices, tf_xla_enable_xla_devices not set
mse and spike frequency: 0.12656 0.0
[32m[I 2021-04-21 14:37:56,621][0m Trial 112 finished with values: [0.12656, 0.0] with parameters: {'Vahp': -31.0, 'Vth': -46.0, 'Vmax': 30.0, 't_ref': 11.5, 'R': 0.1, 'tau_m': 174.5, 'rate_low': 30.0, 'rate_high': 40.5}.[0m
2021-04-21 14:37:57.203943: I tensorflow/compiler/jit/xla_gpu_device.cc:99] Not creating XLA devices, tf_xla_enable_xla_devices not set
maxFreq at 10nA: 999.0
2021-04-21 14:38:27.591270: I tensorflow/compiler/jit/xla_gpu_device.cc:99] Not creating XLA devices, tf_xla_enable_xla_devices not set
2021-04-21 14:38:45.834619: I tensorflow/compiler/jit/xla_gpu_device.cc:99] Not creating XLA devices, tf_xla_enable_xla_devices not set
mse and spike frequency: 0.12656 0.0
[32m[I 2021-04-21 14:39:03,535][0m Trial 113 finished with values: [0.12656, 0.0] with parameters: {'Vahp': -43.0, 'Vth': -47.0, 'Vmax': 36.5, 't_ref': 17.0, 'R': 0.30000000000000004, 'tau_m': 398.0, 'rate_low': 4.0, 'rate_high': 30.0}.[0m
2021-04-21 14:39:04.114472: I tensorflow/compiler/jit/xla_gpu_device.cc:99] Not creating XLA devices, tf_xla_enable_xla_devices not set
maxFreq at 10nA: 1000.0
2021-04-21 14:39:34.534336: I tensorflow/compiler/jit/xla_gpu_device.cc:99] Not creating XLA devices, tf_xla_enable_xla_devices not set
2021-04-21 14:39:52.723007: I tensorflow/compiler/jit/xla_gpu_device.cc:99] Not creating XLA devices, tf_xla_enable_xla_devices not set
mse and spike frequency: 0.12656 0.0
[32m[I 2021-04-21 14:40:10,518][0m Trial 114 finished with values: [0.12656, 0.0] with parameters: {'Vahp': -51.0, 'Vth': -56.0, 'Vmax': 11.5, 't_ref': 17.0, 'R': 0.8, 'tau_m': 275.0, 'rate_low': 45.5, 'rate_high': 44.0}.[0m
2021-04-21 14:40:11.150517: I tensorflow/compiler/jit/xla_gpu_device.cc:99] Not creating XLA devices, tf_xla_enable_xla_devices not set
maxFreq at 10nA: 1000.0
2021-04-21 14:40:41.475191: I tensorflow/compiler/jit/xla_gpu_device.cc:99] Not creating XLA devices, tf_xla_enable_xla_devices not set
2021-04-21 14:40:59.641794: I tensorflow/compiler/jit/xla_gpu_device.cc:99] Not creating XLA devices, tf_xla_enable_xla_devices not set
mse and spike frequency: 0.12656 0.0
[32m[I 2021-04-21 14:41:17,324][0m Trial 115 finished with values: [0.12656, 0.0] with parameters: {'Vahp': -24.0, 'Vth': -48.5, 'Vmax': 37.5, 't_ref': 3.0, 'R': 0.5, 'tau_m': 17.5, 'rate_low': 16.0, 'rate_high': 30.5}.[0m
2021-04-21 14:41:18.022933: I tensorflow/compiler/jit/xla_gpu_device.cc:99] Not creating XLA devices, tf_xla_enable_xla_devices not set
maxFreq at 10nA: 999.0
2021-04-21 14:41:48.491403: I tensorflow/compiler/jit/xla_gpu_device.cc:99] Not creating XLA devices, tf_xla_enable_xla_devices not set
2021-04-21 14:42:06.825712: I tensorflow/compiler/jit/xla_gpu_device.cc:99] Not creating XLA devices, tf_xla_enable_xla_devices not set
mse and spike frequency: 0.12656 0.0
[32m[I 2021-04-21 14:42:24,306][0m Trial 116 finished with values: [0.12656, 0.0] with parameters: {'Vahp': -31.5, 'Vth': -49.5, 'Vmax': 23.0, 't_ref': 5.0, 'R': 0.30000000000000004, 'tau_m': 461.5, 'rate_low': 26.0, 'rate_high': 30.0}.[0m
2021-04-21 14:42:24.954465: I tensorflow/compiler/jit/xla_gpu_device.cc:99] Not creating XLA devices, tf_xla_enable_xla_devices not set
maxFreq at 10nA: 99.0
2021-04-21 14:42:56.026303: I tensorflow/compiler/jit/xla_gpu_device.cc:99] Not creating XLA devices, tf_xla_enable_xla_devices not set
2021-04-21 14:43:15.053388: I tensorflow/compiler/jit/xla_gpu_device.cc:99] Not creating XLA devices, tf_xla_enable_xla_devices not set
mse and spike frequency: 0.005 6.06
[32m[I 2021-04-21 14:43:33,099][0m Trial 117 finished with values: [0.005, 6.06] with parameters: {'Vahp': -36.5, 'Vth': -30.5, 'Vmax': 31.5, 't_ref': 7.0, 'R': 0.1, 'tau_m': 430.0, 'rate_low': 34.0, 'rate_high': 42.5}.[0m
2021-04-21 14:43:33.744583: I tensorflow/compiler/jit/xla_gpu_device.cc:99] Not creating XLA devices, tf_xla_enable_xla_devices not set
maxFreq at 10nA: 1000.0
2021-04-21 14:44:04.800622: I tensorflow/compiler/jit/xla_gpu_device.cc:99] Not creating XLA devices, tf_xla_enable_xla_devices not set
2021-04-21 14:44:24.721458: I tensorflow/compiler/jit/xla_gpu_device.cc:99] Not creating XLA devices, tf_xla_enable_xla_devices not set
mse and spike frequency: 0.12656 0.0
[32m[I 2021-04-21 14:44:42,797][0m Trial 118 finished with values: [0.12656, 0.0] with parameters: {'Vahp': -24.0, 'Vth': -48.5, 'Vmax': 24.5, 't_ref': 3.0, 'R': 0.5, 'tau_m': 6.5, 'rate_low': 16.5, 'rate_high': 30.5}.[0m
2021-04-21 14:44:43.490083: I tensorflow/compiler/jit/xla_gpu_device.cc:99] Not creating XLA devices, tf_xla_enable_xla_devices not set
maxFreq at 10nA: 333.0
2021-04-21 14:45:14.054089: I tensorflow/compiler/jit/xla_gpu_device.cc:99] Not creating XLA devices, tf_xla_enable_xla_devices not set
2021-04-21 14:45:34.097051: I tensorflow/compiler/jit/xla_gpu_device.cc:99] Not creating XLA devices, tf_xla_enable_xla_devices not set
mse and spike frequency: 0.00247 81.42
[32m[I 2021-04-21 14:45:51,953][0m Trial 119 finished with values: [0.00247, 81.42] with parameters: {'Vahp': -43.5, 'Vth': -42.5, 'Vmax': 10.5, 't_ref': 1.5, 'R': 0.30000000000000004, 'tau_m': 377.0, 'rate_low': 26.0, 'rate_high': 34.0}.[0m
2021-04-21 14:45:52.574084: I tensorflow/compiler/jit/xla_gpu_device.cc:99] Not creating XLA devices, tf_xla_enable_xla_devices not set
maxFreq at 10nA: 1000.0
2021-04-21 14:46:23.266336: I tensorflow/compiler/jit/xla_gpu_device.cc:99] Not creating XLA devices, tf_xla_enable_xla_devices not set
2021-04-21 14:46:43.151519: I tensorflow/compiler/jit/xla_gpu_device.cc:99] Not creating XLA devices, tf_xla_enable_xla_devices not set
mse and spike frequency: 0.12656 0.0
