[32m[I 2021-04-21 19:28:00,071][0m Trial 84 finished with values: [0.11775, 0.0] with parameters: {'Vahp': -46.0, 'Vth': -54.0, 'Vmax': 29.0, 't_ref': 15.0, 'R': 0.1, 'tau_m': 182.0, 'R_adp': 1.0, 'tau_w': 238.0, 'a': 485.0, 'rate_low': 32.5, 'rate_high': 38.0}.[0m
2021-04-21 19:28:00.564329: I tensorflow/compiler/jit/xla_gpu_device.cc:99] Not creating XLA devices, tf_xla_enable_xla_devices not set
maxFreq at 10nA: 999.0
2021-04-21 19:28:27.876446: I tensorflow/compiler/jit/xla_gpu_device.cc:99] Not creating XLA devices, tf_xla_enable_xla_devices not set
2021-04-21 19:28:44.118401: I tensorflow/compiler/jit/xla_gpu_device.cc:99] Not creating XLA devices, tf_xla_enable_xla_devices not set
mse and spike frequency: 0.11775 0.0
[32m[I 2021-04-21 19:28:58,006][0m Trial 85 finished with values: [0.11775, 0.0] with parameters: {'Vahp': -28.5, 'Vth': -50.5, 'Vmax': 17.5, 't_ref': 20.0, 'R': 0.2, 'tau_m': 483.0, 'R_adp': 0.5, 'tau_w': 151.0, 'a': 370.0, 'rate_low': 1.0, 'rate_high': 47.5}.[0m
2021-04-21 19:28:58.496082: I tensorflow/compiler/jit/xla_gpu_device.cc:99] Not creating XLA devices, tf_xla_enable_xla_devices not set
maxFreq at 10nA: 998.0
2021-04-21 19:29:25.961583: I tensorflow/compiler/jit/xla_gpu_device.cc:99] Not creating XLA devices, tf_xla_enable_xla_devices not set
2021-04-21 19:29:41.972775: I tensorflow/compiler/jit/xla_gpu_device.cc:99] Not creating XLA devices, tf_xla_enable_xla_devices not set
mse and spike frequency: 0.11775 0.0
[32m[I 2021-04-21 19:29:55,723][0m Trial 86 finished with values: [0.11775, 0.0] with parameters: {'Vahp': -40.0, 'Vth': -45.5, 'Vmax': 34.5, 't_ref': 3.0, 'R': 0.1, 'tau_m': 176.0, 'R_adp': 0.5, 'tau_w': 265.0, 'a': 124.5, 'rate_low': 36.5, 'rate_high': 45.0}.[0m
2021-04-21 19:29:56.220146: I tensorflow/compiler/jit/xla_gpu_device.cc:99] Not creating XLA devices, tf_xla_enable_xla_devices not set
maxFreq at 10nA: 999.0
2021-04-21 19:30:23.524758: I tensorflow/compiler/jit/xla_gpu_device.cc:99] Not creating XLA devices, tf_xla_enable_xla_devices not set
2021-04-21 19:30:39.696363: I tensorflow/compiler/jit/xla_gpu_device.cc:99] Not creating XLA devices, tf_xla_enable_xla_devices not set
mse and spike frequency: 0.11775 0.0
[32m[I 2021-04-21 19:30:54,041][0m Trial 87 finished with values: [0.11775, 0.0] with parameters: {'Vahp': -20.5, 'Vth': -25.5, 'Vmax': 15.0, 't_ref': 15.0, 'R': 0.4, 'tau_m': 205.0, 'R_adp': 0.6, 'tau_w': 443.5, 'a': 211.0, 'rate_low': 44.5, 'rate_high': 47.0}.[0m
2021-04-21 19:30:54.553449: I tensorflow/compiler/jit/xla_gpu_device.cc:99] Not creating XLA devices, tf_xla_enable_xla_devices not set
maxFreq at 10nA: 1000.0
2021-04-21 19:31:22.404877: I tensorflow/compiler/jit/xla_gpu_device.cc:99] Not creating XLA devices, tf_xla_enable_xla_devices not set
2021-04-21 19:31:38.236810: I tensorflow/compiler/jit/xla_gpu_device.cc:99] Not creating XLA devices, tf_xla_enable_xla_devices not set
mse and spike frequency: 0.11775 0.0
[32m[I 2021-04-21 19:31:52,927][0m Trial 88 finished with values: [0.11775, 0.0] with parameters: {'Vahp': -31.5, 'Vth': -48.5, 'Vmax': 20.0, 't_ref': 8.5, 'R': 0.7000000000000001, 'tau_m': 287.5, 'R_adp': 0.8, 'tau_w': 238.0, 'a': 6.5, 'rate_low': 32.5, 'rate_high': 42.0}.[0m
2021-04-21 19:31:53.435541: I tensorflow/compiler/jit/xla_gpu_device.cc:99] Not creating XLA devices, tf_xla_enable_xla_devices not set
maxFreq at 10nA: 1000.0
2021-04-21 19:32:21.148967: I tensorflow/compiler/jit/xla_gpu_device.cc:99] Not creating XLA devices, tf_xla_enable_xla_devices not set
2021-04-21 19:32:37.539872: I tensorflow/compiler/jit/xla_gpu_device.cc:99] Not creating XLA devices, tf_xla_enable_xla_devices not set
mse and spike frequency: 0.11775 0.0
[32m[I 2021-04-21 19:32:52,410][0m Trial 89 finished with values: [0.11775, 0.0] with parameters: {'Vahp': -28.0, 'Vth': -55.5, 'Vmax': 10.0, 't_ref': 18.0, 'R': 0.30000000000000004, 'tau_m': 81.5, 'R_adp': 0.9, 'tau_w': 279.0, 'a': 263.0, 'rate_low': 6.5, 'rate_high': 32.5}.[0m
2021-04-21 19:32:52.914562: I tensorflow/compiler/jit/xla_gpu_device.cc:99] Not creating XLA devices, tf_xla_enable_xla_devices not set
maxFreq at 10nA: 1000.0
2021-04-21 19:33:21.222371: I tensorflow/compiler/jit/xla_gpu_device.cc:99] Not creating XLA devices, tf_xla_enable_xla_devices not set
2021-04-21 19:33:37.593939: I tensorflow/compiler/jit/xla_gpu_device.cc:99] Not creating XLA devices, tf_xla_enable_xla_devices not set
mse and spike frequency: 0.11775 0.0
[32m[I 2021-04-21 19:33:52,790][0m Trial 90 finished with values: [0.11775, 0.0] with parameters: {'Vahp': -40.5, 'Vth': -45.5, 'Vmax': 34.5, 't_ref': 14.0, 'R': 0.4, 'tau_m': 225.0, 'R_adp': 0.8, 'tau_w': 218.5, 'a': 386.0, 'rate_low': 16.0, 'rate_high': 31.0}.[0m
2021-04-21 19:33:53.314373: I tensorflow/compiler/jit/xla_gpu_device.cc:99] Not creating XLA devices, tf_xla_enable_xla_devices not set
maxFreq at 10nA: 1000.0
2021-04-21 19:34:21.447432: I tensorflow/compiler/jit/xla_gpu_device.cc:99] Not creating XLA devices, tf_xla_enable_xla_devices not set
2021-04-21 19:34:37.458573: I tensorflow/compiler/jit/xla_gpu_device.cc:99] Not creating XLA devices, tf_xla_enable_xla_devices not set
mse and spike frequency: 0.11775 0.0
[32m[I 2021-04-21 19:34:53,010][0m Trial 91 finished with values: [0.11775, 0.0] with parameters: {'Vahp': -38.0, 'Vth': -50.5, 'Vmax': 28.0, 't_ref': 20.0, 'R': 0.4, 'tau_m': 483.0, 'R_adp': 0.8, 'tau_w': 374.0, 'a': 442.5, 'rate_low': 1.0, 'rate_high': 47.5}.[0m
2021-04-21 19:34:53.518798: I tensorflow/compiler/jit/xla_gpu_device.cc:99] Not creating XLA devices, tf_xla_enable_xla_devices not set
maxFreq at 10nA: 1000.0
2021-04-21 19:35:21.774459: I tensorflow/compiler/jit/xla_gpu_device.cc:99] Not creating XLA devices, tf_xla_enable_xla_devices not set
2021-04-21 19:35:37.576851: I tensorflow/compiler/jit/xla_gpu_device.cc:99] Not creating XLA devices, tf_xla_enable_xla_devices not set
mse and spike frequency: 0.11775 0.0
[32m[I 2021-04-21 19:35:53,187][0m Trial 92 finished with values: [0.11775, 0.0] with parameters: {'Vahp': -24.0, 'Vth': -55.0, 'Vmax': 38.0, 't_ref': 14.5, 'R': 0.30000000000000004, 'tau_m': 36.5, 'R_adp': 0.5, 'tau_w': 483.0, 'a': 57.5, 'rate_low': 38.5, 'rate_high': 45.5}.[0m
2021-04-21 19:35:53.712427: I tensorflow/compiler/jit/xla_gpu_device.cc:99] Not creating XLA devices, tf_xla_enable_xla_devices not set
maxFreq at 10nA: 143.0
2021-04-21 19:36:22.581956: I tensorflow/compiler/jit/xla_gpu_device.cc:99] Not creating XLA devices, tf_xla_enable_xla_devices not set
2021-04-21 19:36:38.330170: I tensorflow/compiler/jit/xla_gpu_device.cc:99] Not creating XLA devices, tf_xla_enable_xla_devices not set
mse and spike frequency: 0.00727 5.74
[32m[I 2021-04-21 19:36:53,880][0m Trial 93 finished with values: [0.00727, 5.74] with parameters: {'Vahp': -53.0, 'Vth': -35.0, 'Vmax': 13.5, 't_ref': 5.5, 'R': 0.7000000000000001, 'tau_m': 60.0, 'R_adp': 0.9, 'tau_w': 46.5, 'a': 472.5, 'rate_low': 14.0, 'rate_high': 18.5}.[0m
2021-04-21 19:36:54.397683: I tensorflow/compiler/jit/xla_gpu_device.cc:99] Not creating XLA devices, tf_xla_enable_xla_devices not set
maxFreq at 10nA: 84.0
2021-04-21 19:37:23.375076: I tensorflow/compiler/jit/xla_gpu_device.cc:99] Not creating XLA devices, tf_xla_enable_xla_devices not set
2021-04-21 19:37:38.760344: I tensorflow/compiler/jit/xla_gpu_device.cc:99] Not creating XLA devices, tf_xla_enable_xla_devices not set
mse and spike frequency: 0.00188 4.86
[32m[I 2021-04-21 19:37:54,448][0m Trial 94 finished with values: [0.00188, 4.86] with parameters: {'Vahp': -48.0, 'Vth': -29.0, 'Vmax': 27.5, 't_ref': 9.0, 'R': 0.2, 'tau_m': 261.5, 'R_adp': 0.2, 'tau_w': 24.0, 'a': 297.5, 'rate_low': 23.0, 'rate_high': 38.0}.[0m
2021-04-21 19:37:54.999127: I tensorflow/compiler/jit/xla_gpu_device.cc:99] Not creating XLA devices, tf_xla_enable_xla_devices not set
maxFreq at 10nA: 1000.0
2021-04-21 19:38:23.666878: I tensorflow/compiler/jit/xla_gpu_device.cc:99] Not creating XLA devices, tf_xla_enable_xla_devices not set
2021-04-21 19:38:39.658675: I tensorflow/compiler/jit/xla_gpu_device.cc:99] Not creating XLA devices, tf_xla_enable_xla_devices not set
mse and spike frequency: 0.11775 0.0
[32m[I 2021-04-21 19:38:55,744][0m Trial 95 finished with values: [0.11775, 0.0] with parameters: {'Vahp': -28.5, 'Vth': -53.0, 'Vmax': 16.5, 't_ref': 5.0, 'R': 1.0, 'tau_m': 371.0, 'R_adp': 0.1, 'tau_w': 75.0, 'a': 135.0, 'rate_low': 22.5, 'rate_high': 44.0}.[0m
2021-04-21 19:38:56.311104: I tensorflow/compiler/jit/xla_gpu_device.cc:99] Not creating XLA devices, tf_xla_enable_xla_devices not set
maxFreq at 10nA: 84.0
2021-04-21 19:39:25.542121: I tensorflow/compiler/jit/xla_gpu_device.cc:99] Not creating XLA devices, tf_xla_enable_xla_devices not set
2021-04-21 19:39:42.251562: I tensorflow/compiler/jit/xla_gpu_device.cc:99] Not creating XLA devices, tf_xla_enable_xla_devices not set
mse and spike frequency: 0.00134 10.38
[32m[I 2021-04-21 19:39:59,450][0m Trial 96 finished with values: [0.00134, 10.38] with parameters: {'Vahp': -49.5, 'Vth': -29.0, 'Vmax': 27.5, 't_ref': 10.5, 'R': 0.8, 'tau_m': 261.5, 'R_adp': 0.30000000000000004, 'tau_w': 101.5, 'a': 269.0, 'rate_low': 23.0, 'rate_high': 36.5}.[0m
2021-04-21 19:40:00.006148: I tensorflow/compiler/jit/xla_gpu_device.cc:99] Not creating XLA devices, tf_xla_enable_xla_devices not set
maxFreq at 10nA: 999.0
2021-04-21 19:40:28.455114: I tensorflow/compiler/jit/xla_gpu_device.cc:99] Not creating XLA devices, tf_xla_enable_xla_devices not set
2021-04-21 19:40:45.291725: I tensorflow/compiler/jit/xla_gpu_device.cc:99] Not creating XLA devices, tf_xla_enable_xla_devices not set
mse and spike frequency: 0.11775 0.0
[32m[I 2021-04-21 19:41:02,222][0m Trial 97 finished with values: [0.11775, 0.0] with parameters: {'Vahp': -30.5, 'Vth': -31.0, 'Vmax': 20.5, 't_ref': 17.0, 'R': 1.0, 'tau_m': 437.0, 'R_adp': 0.7000000000000001, 'tau_w': 229.0, 'a': 133.5, 'rate_low': 30.5, 'rate_high': 15.5}.[0m
2021-04-21 19:41:02.786197: I tensorflow/compiler/jit/xla_gpu_device.cc:99] Not creating XLA devices, tf_xla_enable_xla_devices not set
maxFreq at 10nA: 1000.0
2021-04-21 19:41:31.320248: I tensorflow/compiler/jit/xla_gpu_device.cc:99] Not creating XLA devices, tf_xla_enable_xla_devices not set
2021-04-21 19:41:47.854043: I tensorflow/compiler/jit/xla_gpu_device.cc:99] Not creating XLA devices, tf_xla_enable_xla_devices not set
mse and spike frequency: 0.11775 0.0
[32m[I 2021-04-21 19:42:04,415][0m Trial 98 finished with values: [0.11775, 0.0] with parameters: {'Vahp': -28.5, 'Vth': -49.5, 'Vmax': 16.5, 't_ref': 10.5, 'R': 1.0, 'tau_m': 168.0, 'R_adp': 0.1, 'tau_w': 424.5, 'a': 133.5, 'rate_low': 30.5, 'rate_high': 36.5}.[0m
2021-04-21 19:42:05.054389: I tensorflow/compiler/jit/xla_gpu_device.cc:99] Not creating XLA devices, tf_xla_enable_xla_devices not set
maxFreq at 10nA: 77.0
2021-04-21 19:42:33.879591: I tensorflow/compiler/jit/xla_gpu_device.cc:99] Not creating XLA devices, tf_xla_enable_xla_devices not set
2021-04-21 19:42:50.710709: I tensorflow/compiler/jit/xla_gpu_device.cc:99] Not creating XLA devices, tf_xla_enable_xla_devices not set
mse and spike frequency: 0.00147 12.91
[32m[I 2021-04-21 19:43:07,747][0m Trial 99 finished with values: [0.00147, 12.91] with parameters: {'Vahp': -49.5, 'Vth': -31.0, 'Vmax': 16.5, 't_ref': 12.0, 'R': 0.9, 'tau_m': 318.0, 'R_adp': 0.9, 'tau_w': 101.5, 'a': 133.5, 'rate_low': 34.5, 'rate_high': 48.5}.[0m
2021-04-21 19:43:08.506494: I tensorflow/compiler/jit/xla_gpu_device.cc:99] Not creating XLA devices, tf_xla_enable_xla_devices not set
maxFreq at 10nA: 1000.0
2021-04-21 19:43:37.127090: I tensorflow/compiler/jit/xla_gpu_device.cc:99] Not creating XLA devices, tf_xla_enable_xla_devices not set
2021-04-21 19:43:53.942865: I tensorflow/compiler/jit/xla_gpu_device.cc:99] Not creating XLA devices, tf_xla_enable_xla_devices not set
mse and spike frequency: 0.11775 0.0
[32m[I 2021-04-21 19:44:10,776][0m Trial 100 finished with values: [0.11775, 0.0] with parameters: {'Vahp': -29.5, 'Vth': -46.5, 'Vmax': 25.0, 't_ref': 18.5, 'R': 1.0, 'tau_m': 484.0, 'R_adp': 0.2, 'tau_w': 76.5, 'a': 429.0, 'rate_low': 43.0, 'rate_high': 25.0}.[0m
2021-04-21 19:44:11.347696: I tensorflow/compiler/jit/xla_gpu_device.cc:99] Not creating XLA devices, tf_xla_enable_xla_devices not set
maxFreq at 10nA: 1000.0
2021-04-21 19:44:39.879961: I tensorflow/compiler/jit/xla_gpu_device.cc:99] Not creating XLA devices, tf_xla_enable_xla_devices not set
2021-04-21 19:44:56.211000: I tensorflow/compiler/jit/xla_gpu_device.cc:99] Not creating XLA devices, tf_xla_enable_xla_devices not set
mse and spike frequency: 0.11775 0.0
[32m[I 2021-04-21 19:45:12,645][0m Trial 101 finished with values: [0.11775, 0.0] with parameters: {'Vahp': -37.0, 'Vth': -41.5, 'Vmax': 17.5, 't_ref': 17.0, 'R': 1.0, 'tau_m': 99.5, 'R_adp': 0.8, 'tau_w': 229.0, 'a': 124.5, 'rate_low': 30.5, 'rate_high': 47.5}.[0m
2021-04-21 19:45:13.278145: I tensorflow/compiler/jit/xla_gpu_device.cc:99] Not creating XLA devices, tf_xla_enable_xla_devices not set
maxFreq at 10nA: 1000.0
2021-04-21 19:45:42.453297: I tensorflow/compiler/jit/xla_gpu_device.cc:99] Not creating XLA devices, tf_xla_enable_xla_devices not set
2021-04-21 19:45:58.802249: I tensorflow/compiler/jit/xla_gpu_device.cc:99] Not creating XLA devices, tf_xla_enable_xla_devices not set
mse and spike frequency: 0.11775 0.0
[32m[I 2021-04-21 19:46:14,986][0m Trial 102 finished with values: [0.11775, 0.0] with parameters: {'Vahp': -45.0, 'Vth': -50.5, 'Vmax': 29.0, 't_ref': 11.5, 'R': 0.7000000000000001, 'tau_m': 351.5, 'R_adp': 0.6, 'tau_w': 315.0, 'a': 465.5, 'rate_low': 48.0, 'rate_high': 48.5}.[0m
2021-04-21 19:46:15.556122: I tensorflow/compiler/jit/xla_gpu_device.cc:99] Not creating XLA devices, tf_xla_enable_xla_devices not set
maxFreq at 10nA: 1000.0
2021-04-21 19:46:45.108339: I tensorflow/compiler/jit/xla_gpu_device.cc:99] Not creating XLA devices, tf_xla_enable_xla_devices not set
2021-04-21 19:47:01.543801: I tensorflow/compiler/jit/xla_gpu_device.cc:99] Not creating XLA devices, tf_xla_enable_xla_devices not set
mse and spike frequency: 0.11775 0.0
[32m[I 2021-04-21 19:47:17,525][0m Trial 103 finished with values: [0.11775, 0.0] with parameters: {'Vahp': -20.5, 'Vth': -32.0, 'Vmax': 31.0, 't_ref': 11.5, 'R': 0.6, 'tau_m': 51.5, 'R_adp': 0.9, 'tau_w': 497.0, 'a': 124.5, 'rate_low': 33.5, 'rate_high': 47.5}.[0m
2021-04-21 19:47:18.281609: I tensorflow/compiler/jit/xla_gpu_device.cc:99] Not creating XLA devices, tf_xla_enable_xla_devices not set
maxFreq at 10nA: 1000.0
2021-04-21 19:47:47.461601: I tensorflow/compiler/jit/xla_gpu_device.cc:99] Not creating XLA devices, tf_xla_enable_xla_devices not set
2021-04-21 19:48:03.590778: I tensorflow/compiler/jit/xla_gpu_device.cc:99] Not creating XLA devices, tf_xla_enable_xla_devices not set
mse and spike frequency: 0.11775 0.0
[32m[I 2021-04-21 19:48:19,660][0m Trial 104 finished with values: [0.11775, 0.0] with parameters: {'Vahp': -40.5, 'Vth': -45.5, 'Vmax': 17.5, 't_ref': 20.0, 'R': 0.6, 'tau_m': 236.0, 'R_adp': 0.2, 'tau_w': 492.5, 'a': 370.0, 'rate_low': 10.0, 'rate_high': 38.5}.[0m
2021-04-21 19:48:20.412589: I tensorflow/compiler/jit/xla_gpu_device.cc:99] Not creating XLA devices, tf_xla_enable_xla_devices not set
maxFreq at 10nA: 1000.0
2021-04-21 19:48:49.357179: I tensorflow/compiler/jit/xla_gpu_device.cc:99] Not creating XLA devices, tf_xla_enable_xla_devices not set
2021-04-21 19:49:06.083638: I tensorflow/compiler/jit/xla_gpu_device.cc:99] Not creating XLA devices, tf_xla_enable_xla_devices not set
mse and spike frequency: 0.11775 0.0
[32m[I 2021-04-21 19:49:21,980][0m Trial 105 finished with values: [0.11775, 0.0] with parameters: {'Vahp': -20.5, 'Vth': -45.5, 'Vmax': 15.0, 't_ref': 15.0, 'R': 0.6, 'tau_m': 205.0, 'R_adp': 0.5, 'tau_w': 443.5, 'a': 124.5, 'rate_low': 44.5, 'rate_high': 47.0}.[0m
2021-04-21 19:49:22.736198: I tensorflow/compiler/jit/xla_gpu_device.cc:99] Not creating XLA devices, tf_xla_enable_xla_devices not set
maxFreq at 10nA: 1000.0
2021-04-21 19:49:52.076309: I tensorflow/compiler/jit/xla_gpu_device.cc:99] Not creating XLA devices, tf_xla_enable_xla_devices not set
2021-04-21 19:50:09.298675: I tensorflow/compiler/jit/xla_gpu_device.cc:99] Not creating XLA devices, tf_xla_enable_xla_devices not set
mse and spike frequency: 0.11775 0.0
[32m[I 2021-04-21 19:50:25,546][0m Trial 106 finished with values: [0.11775, 0.0] with parameters: {'Vahp': -31.5, 'Vth': -51.5, 'Vmax': 19.0, 't_ref': 10.5, 'R': 0.6, 'tau_m': 16.0, 'R_adp': 0.6, 'tau_w': 137.5, 'a': 360.0, 'rate_low': 39.5, 'rate_high': 42.0}.[0m
2021-04-21 19:50:26.222492: I tensorflow/compiler/jit/xla_gpu_device.cc:99] Not creating XLA devices, tf_xla_enable_xla_devices not set
maxFreq at 10nA: 1000.0
2021-04-21 19:50:56.151314: I tensorflow/compiler/jit/xla_gpu_device.cc:99] Not creating XLA devices, tf_xla_enable_xla_devices not set
2021-04-21 19:51:14.032812: I tensorflow/compiler/jit/xla_gpu_device.cc:99] Not creating XLA devices, tf_xla_enable_xla_devices not set
mse and spike frequency: 0.11775 0.0
[32m[I 2021-04-21 19:51:30,481][0m Trial 107 finished with values: [0.11775, 0.0] with parameters: {'Vahp': -40.5, 'Vth': -45.5, 'Vmax': 30.0, 't_ref': 1.0, 'R': 0.8, 'tau_m': 481.0, 'R_adp': 0.4, 'tau_w': 168.0, 'a': 386.0, 'rate_low': 10.0, 'rate_high': 32.0}.[0m
2021-04-21 19:51:31.058493: I tensorflow/compiler/jit/xla_gpu_device.cc:99] Not creating XLA devices, tf_xla_enable_xla_devices not set
maxFreq at 10nA: 1000.0
2021-04-21 19:52:00.805705: I tensorflow/compiler/jit/xla_gpu_device.cc:99] Not creating XLA devices, tf_xla_enable_xla_devices not set
2021-04-21 19:52:18.386330: I tensorflow/compiler/jit/xla_gpu_device.cc:99] Not creating XLA devices, tf_xla_enable_xla_devices not set
mse and spike frequency: 0.11775 0.0
[32m[I 2021-04-21 19:52:34,755][0m Trial 108 finished with values: [0.11775, 0.0] with parameters: {'Vahp': -31.5, 'Vth': -34.0, 'Vmax': 34.5, 't_ref': 14.0, 'R': 0.6, 'tau_m': 236.0, 'R_adp': 0.2, 'tau_w': 492.5, 'a': 72.0, 'rate_low': 13.0, 'rate_high': 42.0}.[0m
2021-04-21 19:52:35.339376: I tensorflow/compiler/jit/xla_gpu_device.cc:99] Not creating XLA devices, tf_xla_enable_xla_devices not set
maxFreq at 10nA: 1000.0
2021-04-21 19:53:05.170262: I tensorflow/compiler/jit/xla_gpu_device.cc:99] Not creating XLA devices, tf_xla_enable_xla_devices not set
2021-04-21 19:53:22.843374: I tensorflow/compiler/jit/xla_gpu_device.cc:99] Not creating XLA devices, tf_xla_enable_xla_devices not set
mse and spike frequency: 0.11775 0.0
[32m[I 2021-04-21 19:53:39,506][0m Trial 109 finished with values: [0.11775, 0.0] with parameters: {'Vahp': -20.0, 'Vth': -53.0, 'Vmax': 38.0, 't_ref': 8.5, 'R': 0.6, 'tau_m': 351.5, 'R_adp': 0.5, 'tau_w': 75.0, 'a': 498.5, 'rate_low': 38.5, 'rate_high': 46.0}.[0m
2021-04-21 19:53:40.126271: I tensorflow/compiler/jit/xla_gpu_device.cc:99] Not creating XLA devices, tf_xla_enable_xla_devices not set
maxFreq at 10nA: 1000.0
2021-04-21 19:54:10.002460: I tensorflow/compiler/jit/xla_gpu_device.cc:99] Not creating XLA devices, tf_xla_enable_xla_devices not set
2021-04-21 19:54:27.926631: I tensorflow/compiler/jit/xla_gpu_device.cc:99] Not creating XLA devices, tf_xla_enable_xla_devices not set
mse and spike frequency: 0.11775 0.0
[32m[I 2021-04-21 19:54:44,594][0m Trial 110 finished with values: [0.11775, 0.0] with parameters: {'Vahp': -40.5, 'Vth': -45.5, 'Vmax': 34.5, 't_ref': 19.5, 'R': 0.4, 'tau_m': 225.0, 'R_adp': 0.8, 'tau_w': 265.0, 'a': 124.5, 'rate_low': 16.0, 'rate_high': 45.0}.[0m
2021-04-21 19:54:45.162493: I tensorflow/compiler/jit/xla_gpu_device.cc:99] Not creating XLA devices, tf_xla_enable_xla_devices not set
maxFreq at 10nA: 1000.0
2021-04-21 19:55:14.498351: I tensorflow/compiler/jit/xla_gpu_device.cc:99] Not creating XLA devices, tf_xla_enable_xla_devices not set
2021-04-21 19:55:32.992112: I tensorflow/compiler/jit/xla_gpu_device.cc:99] Not creating XLA devices, tf_xla_enable_xla_devices not set
mse and spike frequency: 0.11775 0.0
[32m[I 2021-04-21 19:55:49,831][0m Trial 111 finished with values: [0.11775, 0.0] with parameters: {'Vahp': -28.5, 'Vth': -49.5, 'Vmax': 16.5, 't_ref': 13.5, 'R': 1.0, 'tau_m': 371.0, 'R_adp': 0.1, 'tau_w': 424.5, 'a': 135.0, 'rate_low': 22.5, 'rate_high': 23.0}.[0m
2021-04-21 19:55:50.434339: I tensorflow/compiler/jit/xla_gpu_device.cc:99] Not creating XLA devices, tf_xla_enable_xla_devices not set
maxFreq at 10nA: 1000.0
2021-04-21 19:56:20.738748: I tensorflow/compiler/jit/xla_gpu_device.cc:99] Not creating XLA devices, tf_xla_enable_xla_devices not set
2021-04-21 19:56:39.493576: I tensorflow/compiler/jit/xla_gpu_device.cc:99] Not creating XLA devices, tf_xla_enable_xla_devices not set
mse and spike frequency: 0.11775 0.0
[32m[I 2021-04-21 19:56:56,634][0m Trial 112 finished with values: [0.11775, 0.0] with parameters: {'Vahp': -31.0, 'Vth': -51.5, 'Vmax': 34.5, 't_ref': 12.5, 'R': 0.9, 'tau_m': 102.0, 'R_adp': 0.9, 'tau_w': 311.5, 'a': 307.0, 'rate_low': 32.5, 'rate_high': 36.0}.[0m
2021-04-21 19:56:57.219151: I tensorflow/compiler/jit/xla_gpu_device.cc:99] Not creating XLA devices, tf_xla_enable_xla_devices not set
maxFreq at 10nA: 1000.0
2021-04-21 19:57:27.239275: I tensorflow/compiler/jit/xla_gpu_device.cc:99] Not creating XLA devices, tf_xla_enable_xla_devices not set
2021-04-21 19:57:45.774872: I tensorflow/compiler/jit/xla_gpu_device.cc:99] Not creating XLA devices, tf_xla_enable_xla_devices not set
mse and spike frequency: 0.11775 0.0
