[32m[I 2021-04-21 22:01:57,088][0m Trial 200 finished with values: [0.11775, 0.0] with parameters: {'Vahp': -41.5, 'Vth': -45.0, 'Vmax': 25.5, 't_ref': 20.0, 'R': 0.8, 'tau_m': 404.5, 'R_adp': 0.5, 'tau_w': 321.5, 'a': 487.5, 'rate_low': 10.5, 'rate_high': 48.5}.[0m
2021-04-21 22:01:58.018257: I tensorflow/compiler/jit/xla_gpu_device.cc:99] Not creating XLA devices, tf_xla_enable_xla_devices not set
maxFreq at 10nA: 50.0
2021-04-21 22:02:39.154907: I tensorflow/compiler/jit/xla_gpu_device.cc:99] Not creating XLA devices, tf_xla_enable_xla_devices not set
2021-04-21 22:03:09.284718: I tensorflow/compiler/jit/xla_gpu_device.cc:99] Not creating XLA devices, tf_xla_enable_xla_devices not set
mse and spike frequency: 0.08781 0.47
[32m[I 2021-04-21 22:03:38,803][0m Trial 201 finished with values: [0.08781, 0.47] with parameters: {'Vahp': -59.0, 'Vth': -22.5, 'Vmax': 14.0, 't_ref': 10.0, 'R': 0.2, 'tau_m': 365.0, 'R_adp': 0.6, 'tau_w': 392.0, 'a': 79.5, 'rate_low': 13.0, 'rate_high': 12.0}.[0m
2021-04-21 22:03:39.762939: I tensorflow/compiler/jit/xla_gpu_device.cc:99] Not creating XLA devices, tf_xla_enable_xla_devices not set
maxFreq at 10nA: 1000.0
2021-04-21 22:04:20.827293: I tensorflow/compiler/jit/xla_gpu_device.cc:99] Not creating XLA devices, tf_xla_enable_xla_devices not set
2021-04-21 22:04:51.171629: I tensorflow/compiler/jit/xla_gpu_device.cc:99] Not creating XLA devices, tf_xla_enable_xla_devices not set
mse and spike frequency: 0.11775 0.0
[32m[I 2021-04-21 22:05:20,769][0m Trial 202 finished with values: [0.11775, 0.0] with parameters: {'Vahp': -43.5, 'Vth': -51.0, 'Vmax': 11.5, 't_ref': 4.5, 'R': 0.30000000000000004, 'tau_m': 36.5, 'R_adp': 0.8, 'tau_w': 325.0, 'a': 253.5, 'rate_low': 6.5, 'rate_high': 48.0}.[0m
2021-04-21 22:05:21.728114: I tensorflow/compiler/jit/xla_gpu_device.cc:99] Not creating XLA devices, tf_xla_enable_xla_devices not set
maxFreq at 10nA: 1000.0
2021-04-21 22:06:03.204886: I tensorflow/compiler/jit/xla_gpu_device.cc:99] Not creating XLA devices, tf_xla_enable_xla_devices not set
2021-04-21 22:06:33.538994: I tensorflow/compiler/jit/xla_gpu_device.cc:99] Not creating XLA devices, tf_xla_enable_xla_devices not set
mse and spike frequency: 0.11775 0.0
[32m[I 2021-04-21 22:07:03,097][0m Trial 203 finished with values: [0.11775, 0.0] with parameters: {'Vahp': -40.5, 'Vth': -51.5, 'Vmax': 36.5, 't_ref': 9.5, 'R': 0.8, 'tau_m': 36.5, 'R_adp': 1.0, 'tau_w': 415.5, 'a': 253.5, 'rate_low': 31.5, 'rate_high': 47.0}.[0m
2021-04-21 22:07:04.148280: I tensorflow/compiler/jit/xla_gpu_device.cc:99] Not creating XLA devices, tf_xla_enable_xla_devices not set
maxFreq at 10nA: 999.0
2021-04-21 22:07:45.683910: I tensorflow/compiler/jit/xla_gpu_device.cc:99] Not creating XLA devices, tf_xla_enable_xla_devices not set
2021-04-21 22:08:16.367721: I tensorflow/compiler/jit/xla_gpu_device.cc:99] Not creating XLA devices, tf_xla_enable_xla_devices not set
mse and spike frequency: 0.11775 0.0
[32m[I 2021-04-21 22:08:46,019][0m Trial 204 finished with values: [0.11775, 0.0] with parameters: {'Vahp': -26.0, 'Vth': -46.0, 'Vmax': 25.0, 't_ref': 8.0, 'R': 0.30000000000000004, 'tau_m': 351.5, 'R_adp': 0.2, 'tau_w': 253.5, 'a': 160.5, 'rate_low': 31.5, 'rate_high': 12.0}.[0m
2021-04-21 22:08:46.915677: I tensorflow/compiler/jit/xla_gpu_device.cc:99] Not creating XLA devices, tf_xla_enable_xla_devices not set
maxFreq at 10nA: 1000.0
2021-04-21 22:09:28.763918: I tensorflow/compiler/jit/xla_gpu_device.cc:99] Not creating XLA devices, tf_xla_enable_xla_devices not set
2021-04-21 22:09:59.871179: I tensorflow/compiler/jit/xla_gpu_device.cc:99] Not creating XLA devices, tf_xla_enable_xla_devices not set
mse and spike frequency: 0.11775 0.0
[32m[I 2021-04-21 22:10:29,421][0m Trial 205 finished with values: [0.11775, 0.0] with parameters: {'Vahp': -22.0, 'Vth': -34.5, 'Vmax': 11.5, 't_ref': 6.5, 'R': 0.5, 'tau_m': 70.5, 'R_adp': 0.9, 'tau_w': 277.0, 'a': 286.0, 'rate_low': 24.5, 'rate_high': 6.0}.[0m
2021-04-21 22:10:30.329868: I tensorflow/compiler/jit/xla_gpu_device.cc:99] Not creating XLA devices, tf_xla_enable_xla_devices not set
maxFreq at 10nA: 996.0
2021-04-21 22:11:12.276196: I tensorflow/compiler/jit/xla_gpu_device.cc:99] Not creating XLA devices, tf_xla_enable_xla_devices not set
2021-04-21 22:11:43.517233: I tensorflow/compiler/jit/xla_gpu_device.cc:99] Not creating XLA devices, tf_xla_enable_xla_devices not set
mse and spike frequency: 0.35604 717.24
[32m[I 2021-04-21 22:12:13,828][0m Trial 206 finished with values: [0.35604, 717.24] with parameters: {'Vahp': -31.5, 'Vth': -41.0, 'Vmax': 22.5, 't_ref': 15.0, 'R': 0.2, 'tau_m': 479.0, 'R_adp': 0.9, 'tau_w': 415.5, 'a': 79.5, 'rate_low': 27.0, 'rate_high': 24.5}.[0m
2021-04-21 22:12:14.723183: I tensorflow/compiler/jit/xla_gpu_device.cc:99] Not creating XLA devices, tf_xla_enable_xla_devices not set
maxFreq at 10nA: 1000.0
2021-04-21 22:12:57.278739: I tensorflow/compiler/jit/xla_gpu_device.cc:99] Not creating XLA devices, tf_xla_enable_xla_devices not set
2021-04-21 22:13:28.728657: I tensorflow/compiler/jit/xla_gpu_device.cc:99] Not creating XLA devices, tf_xla_enable_xla_devices not set
mse and spike frequency: 0.11775 0.0
[32m[I 2021-04-21 22:13:59,710][0m Trial 207 finished with values: [0.11775, 0.0] with parameters: {'Vahp': -41.0, 'Vth': -46.0, 'Vmax': 11.5, 't_ref': 9.5, 'R': 0.8, 'tau_m': 36.5, 'R_adp': 0.8, 'tau_w': 415.5, 'a': 286.0, 'rate_low': 30.0, 'rate_high': 2.5}.[0m
2021-04-21 22:14:00.517631: I tensorflow/compiler/jit/xla_gpu_device.cc:99] Not creating XLA devices, tf_xla_enable_xla_devices not set
maxFreq at 10nA: 998.0
2021-04-21 22:14:42.950725: I tensorflow/compiler/jit/xla_gpu_device.cc:99] Not creating XLA devices, tf_xla_enable_xla_devices not set
2021-04-21 22:15:14.558072: I tensorflow/compiler/jit/xla_gpu_device.cc:99] Not creating XLA devices, tf_xla_enable_xla_devices not set
mse and spike frequency: 0.11775 0.0
[32m[I 2021-04-21 22:15:45,568][0m Trial 208 finished with values: [0.11775, 0.0] with parameters: {'Vahp': -26.0, 'Vth': -41.0, 'Vmax': 16.5, 't_ref': 11.5, 'R': 0.30000000000000004, 'tau_m': 412.0, 'R_adp': 0.8, 'tau_w': 139.5, 'a': 25.0, 'rate_low': 24.5, 'rate_high': 28.5}.[0m
2021-04-21 22:15:46.368519: I tensorflow/compiler/jit/xla_gpu_device.cc:99] Not creating XLA devices, tf_xla_enable_xla_devices not set
maxFreq at 10nA: 1000.0
2021-04-21 22:16:29.001256: I tensorflow/compiler/jit/xla_gpu_device.cc:99] Not creating XLA devices, tf_xla_enable_xla_devices not set
2021-04-21 22:17:00.938605: I tensorflow/compiler/jit/xla_gpu_device.cc:99] Not creating XLA devices, tf_xla_enable_xla_devices not set
mse and spike frequency: 0.11775 0.0
[32m[I 2021-04-21 22:17:32,824][0m Trial 209 finished with values: [0.11775, 0.0] with parameters: {'Vahp': -31.5, 'Vth': -55.0, 'Vmax': 34.5, 't_ref': 18.0, 'R': 0.5, 'tau_m': 479.0, 'R_adp': 0.7000000000000001, 'tau_w': 299.0, 'a': 65.5, 'rate_low': 2.0, 'rate_high': 26.5}.[0m
2021-04-21 22:17:33.658836: I tensorflow/compiler/jit/xla_gpu_device.cc:99] Not creating XLA devices, tf_xla_enable_xla_devices not set
maxFreq at 10nA: 1000.0
2021-04-21 22:18:16.322142: I tensorflow/compiler/jit/xla_gpu_device.cc:99] Not creating XLA devices, tf_xla_enable_xla_devices not set
2021-04-21 22:18:47.571624: I tensorflow/compiler/jit/xla_gpu_device.cc:99] Not creating XLA devices, tf_xla_enable_xla_devices not set
mse and spike frequency: 0.11775 0.0
[32m[I 2021-04-21 22:19:19,519][0m Trial 210 finished with values: [0.11775, 0.0] with parameters: {'Vahp': -22.0, 'Vth': -51.0, 'Vmax': 28.5, 't_ref': 6.5, 'R': 1.0, 'tau_m': 254.0, 'R_adp': 0.9, 'tau_w': 325.0, 'a': 26.5, 'rate_low': 6.5, 'rate_high': 45.5}.[0m
2021-04-21 22:19:20.387890: I tensorflow/compiler/jit/xla_gpu_device.cc:99] Not creating XLA devices, tf_xla_enable_xla_devices not set
maxFreq at 10nA: 1000.0
2021-04-21 22:20:03.768748: I tensorflow/compiler/jit/xla_gpu_device.cc:99] Not creating XLA devices, tf_xla_enable_xla_devices not set
2021-04-21 22:20:35.441942: I tensorflow/compiler/jit/xla_gpu_device.cc:99] Not creating XLA devices, tf_xla_enable_xla_devices not set
mse and spike frequency: 0.11775 0.0
[32m[I 2021-04-21 22:21:08,155][0m Trial 211 finished with values: [0.11775, 0.0] with parameters: {'Vahp': -46.5, 'Vth': -54.5, 'Vmax': 32.5, 't_ref': 3.5, 'R': 0.4, 'tau_m': 423.0, 'R_adp': 1.0, 'tau_w': 125.0, 'a': 145.5, 'rate_low': 6.5, 'rate_high': 50.0}.[0m
2021-04-21 22:21:09.082018: I tensorflow/compiler/jit/xla_gpu_device.cc:99] Not creating XLA devices, tf_xla_enable_xla_devices not set
maxFreq at 10nA: 998.0
2021-04-21 22:21:52.780499: I tensorflow/compiler/jit/xla_gpu_device.cc:99] Not creating XLA devices, tf_xla_enable_xla_devices not set
2021-04-21 22:22:24.670412: I tensorflow/compiler/jit/xla_gpu_device.cc:99] Not creating XLA devices, tf_xla_enable_xla_devices not set
mse and spike frequency: 0.11775 0.0
[32m[I 2021-04-21 22:22:57,627][0m Trial 212 finished with values: [0.11775, 0.0] with parameters: {'Vahp': -22.0, 'Vth': -24.0, 'Vmax': 14.0, 't_ref': 15.0, 'R': 0.5, 'tau_m': 351.5, 'R_adp': 0.9, 'tau_w': 325.0, 'a': 65.5, 'rate_low': 13.0, 'rate_high': 45.5}.[0m
2021-04-21 22:22:58.458406: I tensorflow/compiler/jit/xla_gpu_device.cc:99] Not creating XLA devices, tf_xla_enable_xla_devices not set
maxFreq at 10nA: 91.0
2021-04-21 22:23:41.889296: I tensorflow/compiler/jit/xla_gpu_device.cc:99] Not creating XLA devices, tf_xla_enable_xla_devices not set
2021-04-21 22:24:14.298254: I tensorflow/compiler/jit/xla_gpu_device.cc:99] Not creating XLA devices, tf_xla_enable_xla_devices not set
mse and spike frequency: 0.00384 7.17
[32m[I 2021-04-21 22:24:47,257][0m Trial 213 finished with values: [0.00384, 7.17] with parameters: {'Vahp': -46.5, 'Vth': -34.5, 'Vmax': 19.5, 't_ref': 10.0, 'R': 1.0, 'tau_m': 479.0, 'R_adp': 0.6, 'tau_w': 392.0, 'a': 26.5, 'rate_low': 13.0, 'rate_high': 12.0}.[0m
2021-04-21 22:24:48.072932: I tensorflow/compiler/jit/xla_gpu_device.cc:99] Not creating XLA devices, tf_xla_enable_xla_devices not set
maxFreq at 10nA: 59.0
2021-04-21 22:25:32.335278: I tensorflow/compiler/jit/xla_gpu_device.cc:99] Not creating XLA devices, tf_xla_enable_xla_devices not set
2021-04-21 22:26:04.259729: I tensorflow/compiler/jit/xla_gpu_device.cc:99] Not creating XLA devices, tf_xla_enable_xla_devices not set
mse and spike frequency: 2.25991 9.32
[32m[I 2021-04-21 22:26:37,702][0m Trial 214 finished with values: [2.25991, 9.32] with parameters: {'Vahp': -47.0, 'Vth': -34.5, 'Vmax': 19.5, 't_ref': 15.5, 'R': 1.0, 'tau_m': 34.0, 'R_adp': 0.6, 'tau_w': 465.0, 'a': 145.5, 'rate_low': 24.5, 'rate_high': 6.0}.[0m
2021-04-21 22:26:38.591366: I tensorflow/compiler/jit/xla_gpu_device.cc:99] Not creating XLA devices, tf_xla_enable_xla_devices not set
maxFreq at 10nA: 998.0
2021-04-21 22:27:23.632343: I tensorflow/compiler/jit/xla_gpu_device.cc:99] Not creating XLA devices, tf_xla_enable_xla_devices not set
2021-04-21 22:27:56.282077: I tensorflow/compiler/jit/xla_gpu_device.cc:99] Not creating XLA devices, tf_xla_enable_xla_devices not set
mse and spike frequency: 0.11775 0.0
[32m[I 2021-04-21 22:28:30,372][0m Trial 215 finished with values: [0.11775, 0.0] with parameters: {'Vahp': -26.0, 'Vth': -41.0, 'Vmax': 39.0, 't_ref': 16.0, 'R': 0.30000000000000004, 'tau_m': 479.0, 'R_adp': 0.2, 'tau_w': 178.5, 'a': 65.5, 'rate_low': 21.5, 'rate_high': 47.5}.[0m
2021-04-21 22:28:31.195959: I tensorflow/compiler/jit/xla_gpu_device.cc:99] Not creating XLA devices, tf_xla_enable_xla_devices not set
maxFreq at 10nA: 1000.0
2021-04-21 22:29:15.639370: I tensorflow/compiler/jit/xla_gpu_device.cc:99] Not creating XLA devices, tf_xla_enable_xla_devices not set
2021-04-21 22:29:48.325221: I tensorflow/compiler/jit/xla_gpu_device.cc:99] Not creating XLA devices, tf_xla_enable_xla_devices not set
mse and spike frequency: 0.11775 0.0
[32m[I 2021-04-21 22:30:22,399][0m Trial 216 finished with values: [0.11775, 0.0] with parameters: {'Vahp': -31.5, 'Vth': -51.0, 'Vmax': 12.0, 't_ref': 0.5, 'R': 0.5, 'tau_m': 423.5, 'R_adp': 0.2, 'tau_w': 133.5, 'a': 141.0, 'rate_low': 37.0, 'rate_high': 34.5}.[0m
2021-04-21 22:30:23.254872: I tensorflow/compiler/jit/xla_gpu_device.cc:99] Not creating XLA devices, tf_xla_enable_xla_devices not set
maxFreq at 10nA: 59.0
2021-04-21 22:31:07.499565: I tensorflow/compiler/jit/xla_gpu_device.cc:99] Not creating XLA devices, tf_xla_enable_xla_devices not set
2021-04-21 22:31:40.082977: I tensorflow/compiler/jit/xla_gpu_device.cc:99] Not creating XLA devices, tf_xla_enable_xla_devices not set
mse and spike frequency: 0.00308 2.84
[32m[I 2021-04-21 22:32:13,967][0m Trial 217 finished with values: [0.00308, 2.84] with parameters: {'Vahp': -46.5, 'Vth': -31.0, 'Vmax': 28.5, 't_ref': 15.5, 'R': 1.0, 'tau_m': 419.5, 'R_adp': 0.2, 'tau_w': 392.0, 'a': 26.5, 'rate_low': 6.5, 'rate_high': 12.0}.[0m
2021-04-21 22:32:14.783644: I tensorflow/compiler/jit/xla_gpu_device.cc:99] Not creating XLA devices, tf_xla_enable_xla_devices not set
maxFreq at 10nA: 1000.0
2021-04-21 22:32:58.887740: I tensorflow/compiler/jit/xla_gpu_device.cc:99] Not creating XLA devices, tf_xla_enable_xla_devices not set
2021-04-21 22:33:30.915305: I tensorflow/compiler/jit/xla_gpu_device.cc:99] Not creating XLA devices, tf_xla_enable_xla_devices not set
mse and spike frequency: 0.11775 0.0
[32m[I 2021-04-21 22:34:04,925][0m Trial 218 finished with values: [0.11775, 0.0] with parameters: {'Vahp': -31.5, 'Vth': -51.0, 'Vmax': 11.5, 't_ref': 15.5, 'R': 0.4, 'tau_m': 335.0, 'R_adp': 0.2, 'tau_w': 11.5, 'a': 65.5, 'rate_low': 24.5, 'rate_high': 44.5}.[0m
2021-04-21 22:34:05.817182: I tensorflow/compiler/jit/xla_gpu_device.cc:99] Not creating XLA devices, tf_xla_enable_xla_devices not set
maxFreq at 10nA: 999.0
2021-04-21 22:34:49.402147: I tensorflow/compiler/jit/xla_gpu_device.cc:99] Not creating XLA devices, tf_xla_enable_xla_devices not set
2021-04-21 22:35:22.235193: I tensorflow/compiler/jit/xla_gpu_device.cc:99] Not creating XLA devices, tf_xla_enable_xla_devices not set
mse and spike frequency: 0.11775 0.0
[32m[I 2021-04-21 22:35:56,235][0m Trial 219 finished with values: [0.11775, 0.0] with parameters: {'Vahp': -26.5, 'Vth': -41.0, 'Vmax': 22.5, 't_ref': 3.0, 'R': 0.5, 'tau_m': 330.0, 'R_adp': 1.0, 'tau_w': 392.0, 'a': 79.5, 'rate_low': 13.0, 'rate_high': 24.5}.[0m
2021-04-21 22:35:57.063909: I tensorflow/compiler/jit/xla_gpu_device.cc:99] Not creating XLA devices, tf_xla_enable_xla_devices not set
maxFreq at 10nA: 1000.0
2021-04-21 22:36:40.884591: I tensorflow/compiler/jit/xla_gpu_device.cc:99] Not creating XLA devices, tf_xla_enable_xla_devices not set
2021-04-21 22:37:13.873678: I tensorflow/compiler/jit/xla_gpu_device.cc:99] Not creating XLA devices, tf_xla_enable_xla_devices not set
mse and spike frequency: 0.11775 0.0
[32m[I 2021-04-21 22:37:49,204][0m Trial 220 finished with values: [0.11775, 0.0] with parameters: {'Vahp': -31.5, 'Vth': -51.0, 'Vmax': 16.5, 't_ref': 11.5, 'R': 0.5, 'tau_m': 251.5, 'R_adp': 0.7000000000000001, 'tau_w': 133.5, 'a': 312.5, 'rate_low': 24.5, 'rate_high': 34.5}.[0m
2021-04-21 22:37:50.068790: I tensorflow/compiler/jit/xla_gpu_device.cc:99] Not creating XLA devices, tf_xla_enable_xla_devices not set
maxFreq at 10nA: 998.0
2021-04-21 22:38:35.078738: I tensorflow/compiler/jit/xla_gpu_device.cc:99] Not creating XLA devices, tf_xla_enable_xla_devices not set
2021-04-21 22:39:08.399795: I tensorflow/compiler/jit/xla_gpu_device.cc:99] Not creating XLA devices, tf_xla_enable_xla_devices not set
mse and spike frequency: 0.11775 0.0
[32m[I 2021-04-21 22:39:43,422][0m Trial 221 finished with values: [0.11775, 0.0] with parameters: {'Vahp': -47.0, 'Vth': -47.5, 'Vmax': 27.5, 't_ref': 3.0, 'R': 0.2, 'tau_m': 419.5, 'R_adp': 0.5, 'tau_w': 335.0, 'a': 141.0, 'rate_low': 22.0, 'rate_high': 33.0}.[0m
2021-04-21 22:39:44.266217: I tensorflow/compiler/jit/xla_gpu_device.cc:99] Not creating XLA devices, tf_xla_enable_xla_devices not set
maxFreq at 10nA: 91.0
2021-04-21 22:40:28.520139: I tensorflow/compiler/jit/xla_gpu_device.cc:99] Not creating XLA devices, tf_xla_enable_xla_devices not set
2021-04-21 22:41:02.388031: I tensorflow/compiler/jit/xla_gpu_device.cc:99] Not creating XLA devices, tf_xla_enable_xla_devices not set
mse and spike frequency: 20.27182 15.04
[32m[I 2021-04-21 22:41:36,820][0m Trial 222 finished with values: [20.27182, 15.04] with parameters: {'Vahp': -46.5, 'Vth': -46.0, 'Vmax': 11.5, 't_ref': 9.5, 'R': 0.5, 'tau_m': 36.5, 'R_adp': 0.8, 'tau_w': 283.5, 'a': 253.5, 'rate_low': 30.0, 'rate_high': 48.0}.[0m
2021-04-21 22:41:37.745315: I tensorflow/compiler/jit/xla_gpu_device.cc:99] Not creating XLA devices, tf_xla_enable_xla_devices not set
maxFreq at 10nA: 91.0
2021-04-21 22:42:22.307087: I tensorflow/compiler/jit/xla_gpu_device.cc:99] Not creating XLA devices, tf_xla_enable_xla_devices not set
2021-04-21 22:42:55.449526: I tensorflow/compiler/jit/xla_gpu_device.cc:99] Not creating XLA devices, tf_xla_enable_xla_devices not set
mse and spike frequency: 0.0031 2.89
[32m[I 2021-04-21 22:43:29,507][0m Trial 223 finished with values: [0.0031, 2.89] with parameters: {'Vahp': -46.5, 'Vth': -31.0, 'Vmax': 28.5, 't_ref': 10.0, 'R': 1.0, 'tau_m': 419.5, 'R_adp': 0.2, 'tau_w': 106.5, 'a': 113.5, 'rate_low': 6.5, 'rate_high': 12.0}.[0m
2021-04-21 22:43:30.419276: I tensorflow/compiler/jit/xla_gpu_device.cc:99] Not creating XLA devices, tf_xla_enable_xla_devices not set
maxFreq at 10nA: 1000.0
2021-04-21 22:44:14.592045: I tensorflow/compiler/jit/xla_gpu_device.cc:99] Not creating XLA devices, tf_xla_enable_xla_devices not set
2021-04-21 22:44:48.189605: I tensorflow/compiler/jit/xla_gpu_device.cc:99] Not creating XLA devices, tf_xla_enable_xla_devices not set
mse and spike frequency: 0.11775 0.0
[32m[I 2021-04-21 22:45:22,556][0m Trial 224 finished with values: [0.11775, 0.0] with parameters: {'Vahp': -31.5, 'Vth': -51.0, 'Vmax': 12.0, 't_ref': 10.0, 'R': 1.0, 'tau_m': 107.5, 'R_adp': 0.7000000000000001, 'tau_w': 133.5, 'a': 451.0, 'rate_low': 37.0, 'rate_high': 34.5}.[0m
2021-04-21 22:45:23.490029: I tensorflow/compiler/jit/xla_gpu_device.cc:99] Not creating XLA devices, tf_xla_enable_xla_devices not set
maxFreq at 10nA: 1000.0
2021-04-21 22:46:08.486417: I tensorflow/compiler/jit/xla_gpu_device.cc:99] Not creating XLA devices, tf_xla_enable_xla_devices not set
2021-04-21 22:46:42.225129: I tensorflow/compiler/jit/xla_gpu_device.cc:99] Not creating XLA devices, tf_xla_enable_xla_devices not set
mse and spike frequency: 0.11775 0.0
[32m[I 2021-04-21 22:47:16,726][0m Trial 225 finished with values: [0.11775, 0.0] with parameters: {'Vahp': -41.0, 'Vth': -55.0, 'Vmax': 37.5, 't_ref': 8.5, 'R': 0.2, 'tau_m': 448.0, 'R_adp': 1.0, 'tau_w': 11.5, 'a': 79.5, 'rate_low': 1.5, 'rate_high': 4.5}.[0m
2021-04-21 22:47:17.669923: I tensorflow/compiler/jit/xla_gpu_device.cc:99] Not creating XLA devices, tf_xla_enable_xla_devices not set
maxFreq at 10nA: 1000.0
2021-04-21 22:48:03.222261: I tensorflow/compiler/jit/xla_gpu_device.cc:99] Not creating XLA devices, tf_xla_enable_xla_devices not set
2021-04-21 22:48:37.106660: I tensorflow/compiler/jit/xla_gpu_device.cc:99] Not creating XLA devices, tf_xla_enable_xla_devices not set
mse and spike frequency: 0.11775 0.0
[32m[I 2021-04-21 22:49:11,365][0m Trial 226 finished with values: [0.11775, 0.0] with parameters: {'Vahp': -47.5, 'Vth': -51.0, 'Vmax': 16.5, 't_ref': 6.5, 'R': 0.5, 'tau_m': 412.0, 'R_adp': 0.9, 'tau_w': 277.0, 'a': 65.5, 'rate_low': 24.5, 'rate_high': 6.0}.[0m
2021-04-21 22:49:12.315193: I tensorflow/compiler/jit/xla_gpu_device.cc:99] Not creating XLA devices, tf_xla_enable_xla_devices not set
maxFreq at 10nA: 1000.0
2021-04-21 22:49:57.529555: I tensorflow/compiler/jit/xla_gpu_device.cc:99] Not creating XLA devices, tf_xla_enable_xla_devices not set
2021-04-21 22:50:31.409209: I tensorflow/compiler/jit/xla_gpu_device.cc:99] Not creating XLA devices, tf_xla_enable_xla_devices not set
mse and spike frequency: 0.11775 0.0
[32m[I 2021-04-21 22:51:05,413][0m Trial 227 finished with values: [0.11775, 0.0] with parameters: {'Vahp': -26.0, 'Vth': -41.0, 'Vmax': 18.5, 't_ref': 14.5, 'R': 0.9, 'tau_m': 12.0, 'R_adp': 0.6, 'tau_w': 462.0, 'a': 141.0, 'rate_low': 21.5, 'rate_high': 34.5}.[0m
2021-04-21 22:51:06.343854: I tensorflow/compiler/jit/xla_gpu_device.cc:99] Not creating XLA devices, tf_xla_enable_xla_devices not set
maxFreq at 10nA: 1000.0
2021-04-21 22:51:51.511346: I tensorflow/compiler/jit/xla_gpu_device.cc:99] Not creating XLA devices, tf_xla_enable_xla_devices not set
2021-04-21 22:52:25.368996: I tensorflow/compiler/jit/xla_gpu_device.cc:99] Not creating XLA devices, tf_xla_enable_xla_devices not set
mse and spike frequency: 0.11775 0.0
[32m[I 2021-04-21 22:52:58,483][0m Trial 228 finished with values: [0.11775, 0.0] with parameters: {'Vahp': -31.5, 'Vth': -51.0, 'Vmax': 39.0, 't_ref': 16.0, 'R': 0.5, 'tau_m': 479.0, 'R_adp': 0.9, 'tau_w': 415.5, 'a': 25.0, 'rate_low': 40.5, 'rate_high': 6.0}.[0m
2021-04-21 22:52:59.372445: I tensorflow/compiler/jit/xla_gpu_device.cc:99] Not creating XLA devices, tf_xla_enable_xla_devices not set
maxFreq at 10nA: 1000.0
2021-04-21 22:53:44.942240: I tensorflow/compiler/jit/xla_gpu_device.cc:99] Not creating XLA devices, tf_xla_enable_xla_devices not set
2021-04-21 22:54:19.343944: I tensorflow/compiler/jit/xla_gpu_device.cc:99] Not creating XLA devices, tf_xla_enable_xla_devices not set
mse and spike frequency: 0.11775 0.0
