[32m[I 2021-04-21 22:23:04,556][0m Trial 213 finished with values: [0.11724, 0.04] with parameters: {'Vahp': -39.5, 'Vth': -22.5, 'Vmax': 27.0, 't_ref': 18.0, 'R': 0.2, 'tau_m': 350.5, 'rate_low': 1.0, 'rate_high': 14.0}.[0m
2021-04-21 22:23:05.379621: I tensorflow/compiler/jit/xla_gpu_device.cc:99] Not creating XLA devices, tf_xla_enable_xla_devices not set
maxFreq at 10nA: 1000.0
2021-04-21 22:23:49.062982: I tensorflow/compiler/jit/xla_gpu_device.cc:99] Not creating XLA devices, tf_xla_enable_xla_devices not set
2021-04-21 22:24:22.427461: I tensorflow/compiler/jit/xla_gpu_device.cc:99] Not creating XLA devices, tf_xla_enable_xla_devices not set
mse and spike frequency: 0.11775 0.0
[32m[I 2021-04-21 22:24:56,395][0m Trial 214 finished with values: [0.11775, 0.0] with parameters: {'Vahp': -39.0, 'Vth': -51.5, 'Vmax': 25.0, 't_ref': 1.5, 'R': 0.6, 'tau_m': 267.5, 'rate_low': 19.0, 'rate_high': 29.5}.[0m
2021-04-21 22:24:57.209904: I tensorflow/compiler/jit/xla_gpu_device.cc:99] Not creating XLA devices, tf_xla_enable_xla_devices not set
maxFreq at 10nA: 91.0
2021-04-21 22:25:41.998007: I tensorflow/compiler/jit/xla_gpu_device.cc:99] Not creating XLA devices, tf_xla_enable_xla_devices not set
2021-04-21 22:26:14.898485: I tensorflow/compiler/jit/xla_gpu_device.cc:99] Not creating XLA devices, tf_xla_enable_xla_devices not set
mse and spike frequency: 0.00084 13.37
[32m[I 2021-04-21 22:26:47,870][0m Trial 215 finished with values: [0.00084, 13.37] with parameters: {'Vahp': -32.0, 'Vth': -24.0, 'Vmax': 11.0, 't_ref': 9.5, 'R': 0.8, 'tau_m': 308.5, 'rate_low': 9.0, 'rate_high': 50.0}.[0m
2021-04-21 22:26:48.706397: I tensorflow/compiler/jit/xla_gpu_device.cc:99] Not creating XLA devices, tf_xla_enable_xla_devices not set
maxFreq at 10nA: 1000.0
2021-04-21 22:27:32.234036: I tensorflow/compiler/jit/xla_gpu_device.cc:99] Not creating XLA devices, tf_xla_enable_xla_devices not set
2021-04-21 22:28:04.695368: I tensorflow/compiler/jit/xla_gpu_device.cc:99] Not creating XLA devices, tf_xla_enable_xla_devices not set
mse and spike frequency: 0.11775 0.0
[32m[I 2021-04-21 22:28:38,360][0m Trial 216 finished with values: [0.11775, 0.0] with parameters: {'Vahp': -39.0, 'Vth': -51.5, 'Vmax': 16.0, 't_ref': 4.5, 'R': 0.30000000000000004, 'tau_m': 267.5, 'rate_low': 2.0, 'rate_high': 50.0}.[0m
2021-04-21 22:28:39.191893: I tensorflow/compiler/jit/xla_gpu_device.cc:99] Not creating XLA devices, tf_xla_enable_xla_devices not set
maxFreq at 10nA: 1000.0
2021-04-21 22:29:23.863291: I tensorflow/compiler/jit/xla_gpu_device.cc:99] Not creating XLA devices, tf_xla_enable_xla_devices not set
2021-04-21 22:29:57.148447: I tensorflow/compiler/jit/xla_gpu_device.cc:99] Not creating XLA devices, tf_xla_enable_xla_devices not set
mse and spike frequency: 0.11775 0.0
[32m[I 2021-04-21 22:30:30,719][0m Trial 217 finished with values: [0.11775, 0.0] with parameters: {'Vahp': -28.0, 'Vth': -54.5, 'Vmax': 33.0, 't_ref': 1.5, 'R': 0.6, 'tau_m': 475.5, 'rate_low': 37.5, 'rate_high': 44.5}.[0m
2021-04-21 22:30:31.600305: I tensorflow/compiler/jit/xla_gpu_device.cc:99] Not creating XLA devices, tf_xla_enable_xla_devices not set
maxFreq at 10nA: 986.0
2021-04-21 22:31:15.544289: I tensorflow/compiler/jit/xla_gpu_device.cc:99] Not creating XLA devices, tf_xla_enable_xla_devices not set
2021-04-21 22:31:49.750094: I tensorflow/compiler/jit/xla_gpu_device.cc:99] Not creating XLA devices, tf_xla_enable_xla_devices not set
mse and spike frequency: 0.11775 0.0
[32m[I 2021-04-21 22:32:23,293][0m Trial 218 finished with values: [0.11775, 0.0] with parameters: {'Vahp': -24.5, 'Vth': -28.0, 'Vmax': 25.0, 't_ref': 7.5, 'R': 0.1, 'tau_m': 475.5, 'rate_low': 6.0, 'rate_high': 32.5}.[0m
2021-04-21 22:32:24.255586: I tensorflow/compiler/jit/xla_gpu_device.cc:99] Not creating XLA devices, tf_xla_enable_xla_devices not set
maxFreq at 10nA: 59.0
2021-04-21 22:33:08.200609: I tensorflow/compiler/jit/xla_gpu_device.cc:99] Not creating XLA devices, tf_xla_enable_xla_devices not set
2021-04-21 22:33:41.789997: I tensorflow/compiler/jit/xla_gpu_device.cc:99] Not creating XLA devices, tf_xla_enable_xla_devices not set
mse and spike frequency: 0.00105 16.29
[32m[I 2021-04-21 22:34:15,462][0m Trial 219 finished with values: [0.00105, 16.29] with parameters: {'Vahp': -28.5, 'Vth': -23.0, 'Vmax': 13.5, 't_ref': 16.0, 'R': 0.8, 'tau_m': 308.5, 'rate_low': 14.5, 'rate_high': 46.0}.[0m
2021-04-21 22:34:16.451288: I tensorflow/compiler/jit/xla_gpu_device.cc:99] Not creating XLA devices, tf_xla_enable_xla_devices not set
maxFreq at 10nA: 167.0
2021-04-21 22:35:00.342469: I tensorflow/compiler/jit/xla_gpu_device.cc:99] Not creating XLA devices, tf_xla_enable_xla_devices not set
2021-04-21 22:35:34.681485: I tensorflow/compiler/jit/xla_gpu_device.cc:99] Not creating XLA devices, tf_xla_enable_xla_devices not set
mse and spike frequency: 0.00042 12.77
[32m[I 2021-04-21 22:36:07,548][0m Trial 220 finished with values: [0.00042, 12.77] with parameters: {'Vahp': -58.0, 'Vth': -54.0, 'Vmax': 13.5, 't_ref': 4.5, 'R': 0.4, 'tau_m': 288.5, 'rate_low': 7.0, 'rate_high': 42.5}.[0m
2021-04-21 22:36:08.513591: I tensorflow/compiler/jit/xla_gpu_device.cc:99] Not creating XLA devices, tf_xla_enable_xla_devices not set
maxFreq at 10nA: 250.0
2021-04-21 22:36:51.882679: I tensorflow/compiler/jit/xla_gpu_device.cc:99] Not creating XLA devices, tf_xla_enable_xla_devices not set
2021-04-21 22:37:25.400931: I tensorflow/compiler/jit/xla_gpu_device.cc:99] Not creating XLA devices, tf_xla_enable_xla_devices not set
mse and spike frequency: 0.00033 22.19
[32m[I 2021-04-21 22:37:59,115][0m Trial 221 finished with values: [0.00033, 22.19] with parameters: {'Vahp': -39.5, 'Vth': -27.5, 'Vmax': 31.5, 't_ref': 3.0, 'R': 0.2, 'tau_m': 111.0, 'rate_low': 29.5, 'rate_high': 32.5}.[0m
2021-04-21 22:38:00.121561: I tensorflow/compiler/jit/xla_gpu_device.cc:99] Not creating XLA devices, tf_xla_enable_xla_devices not set
maxFreq at 10nA: 1000.0
2021-04-21 22:38:43.841426: I tensorflow/compiler/jit/xla_gpu_device.cc:99] Not creating XLA devices, tf_xla_enable_xla_devices not set
2021-04-21 22:39:17.239584: I tensorflow/compiler/jit/xla_gpu_device.cc:99] Not creating XLA devices, tf_xla_enable_xla_devices not set
mse and spike frequency: 0.11775 0.0
[32m[I 2021-04-21 22:39:49,898][0m Trial 222 finished with values: [0.11775, 0.0] with parameters: {'Vahp': -29.0, 'Vth': -54.5, 'Vmax': 17.0, 't_ref': 11.5, 'R': 1.0, 'tau_m': 349.5, 'rate_low': 18.5, 'rate_high': 34.5}.[0m
2021-04-21 22:39:50.803177: I tensorflow/compiler/jit/xla_gpu_device.cc:99] Not creating XLA devices, tf_xla_enable_xla_devices not set
maxFreq at 10nA: 100.0
2021-04-21 22:40:34.064289: I tensorflow/compiler/jit/xla_gpu_device.cc:99] Not creating XLA devices, tf_xla_enable_xla_devices not set
2021-04-21 22:41:08.002714: I tensorflow/compiler/jit/xla_gpu_device.cc:99] Not creating XLA devices, tf_xla_enable_xla_devices not set
mse and spike frequency: 0.02851 0.85
[32m[I 2021-04-21 22:41:41,460][0m Trial 223 finished with values: [0.02851, 0.85] with parameters: {'Vahp': -58.0, 'Vth': -39.5, 'Vmax': 37.5, 't_ref': 0.5, 'R': 0.1, 'tau_m': 475.5, 'rate_low': 7.5, 'rate_high': 46.0}.[0m
2021-04-21 22:41:42.451378: I tensorflow/compiler/jit/xla_gpu_device.cc:99] Not creating XLA devices, tf_xla_enable_xla_devices not set
maxFreq at 10nA: 1000.0
2021-04-21 22:42:26.369567: I tensorflow/compiler/jit/xla_gpu_device.cc:99] Not creating XLA devices, tf_xla_enable_xla_devices not set
2021-04-21 22:43:00.112295: I tensorflow/compiler/jit/xla_gpu_device.cc:99] Not creating XLA devices, tf_xla_enable_xla_devices not set
mse and spike frequency: 0.11775 0.0
[32m[I 2021-04-21 22:43:34,349][0m Trial 224 finished with values: [0.11775, 0.0] with parameters: {'Vahp': -38.0, 'Vth': -54.0, 'Vmax': 37.5, 't_ref': 0.5, 'R': 0.8, 'tau_m': 288.5, 'rate_low': 7.5, 'rate_high': 27.5}.[0m
2021-04-21 22:43:35.274818: I tensorflow/compiler/jit/xla_gpu_device.cc:99] Not creating XLA devices, tf_xla_enable_xla_devices not set
maxFreq at 10nA: 994.0
2021-04-21 22:44:19.504296: I tensorflow/compiler/jit/xla_gpu_device.cc:99] Not creating XLA devices, tf_xla_enable_xla_devices not set
2021-04-21 22:44:53.110210: I tensorflow/compiler/jit/xla_gpu_device.cc:99] Not creating XLA devices, tf_xla_enable_xla_devices not set
mse and spike frequency: 0.11775 0.0
[32m[I 2021-04-21 22:45:27,272][0m Trial 225 finished with values: [0.11775, 0.0] with parameters: {'Vahp': -39.0, 'Vth': -41.0, 'Vmax': 25.0, 't_ref': 3.0, 'R': 0.1, 'tau_m': 349.5, 'rate_low': 41.5, 'rate_high': 29.0}.[0m
2021-04-21 22:45:28.152853: I tensorflow/compiler/jit/xla_gpu_device.cc:99] Not creating XLA devices, tf_xla_enable_xla_devices not set
maxFreq at 10nA: 1000.0
2021-04-21 22:46:12.871729: I tensorflow/compiler/jit/xla_gpu_device.cc:99] Not creating XLA devices, tf_xla_enable_xla_devices not set
2021-04-21 22:46:46.602447: I tensorflow/compiler/jit/xla_gpu_device.cc:99] Not creating XLA devices, tf_xla_enable_xla_devices not set
mse and spike frequency: 0.11775 0.0
[32m[I 2021-04-21 22:47:20,700][0m Trial 226 finished with values: [0.11775, 0.0] with parameters: {'Vahp': -32.0, 'Vth': -54.5, 'Vmax': 25.0, 't_ref': 1.5, 'R': 0.6, 'tau_m': 475.5, 'rate_low': 11.0, 'rate_high': 44.5}.[0m
2021-04-21 22:47:21.582995: I tensorflow/compiler/jit/xla_gpu_device.cc:99] Not creating XLA devices, tf_xla_enable_xla_devices not set
maxFreq at 10nA: 1000.0
2021-04-21 22:48:05.933357: I tensorflow/compiler/jit/xla_gpu_device.cc:99] Not creating XLA devices, tf_xla_enable_xla_devices not set
2021-04-21 22:48:40.172004: I tensorflow/compiler/jit/xla_gpu_device.cc:99] Not creating XLA devices, tf_xla_enable_xla_devices not set
mse and spike frequency: 0.11775 0.0
[32m[I 2021-04-21 22:49:14,320][0m Trial 227 finished with values: [0.11775, 0.0] with parameters: {'Vahp': -40.5, 'Vth': -47.0, 'Vmax': 37.0, 't_ref': 16.0, 'R': 0.7000000000000001, 'tau_m': 404.0, 'rate_low': 18.5, 'rate_high': 34.5}.[0m
2021-04-21 22:49:15.205716: I tensorflow/compiler/jit/xla_gpu_device.cc:99] Not creating XLA devices, tf_xla_enable_xla_devices not set
maxFreq at 10nA: 1000.0
2021-04-21 22:50:00.129422: I tensorflow/compiler/jit/xla_gpu_device.cc:99] Not creating XLA devices, tf_xla_enable_xla_devices not set
2021-04-21 22:50:33.685746: I tensorflow/compiler/jit/xla_gpu_device.cc:99] Not creating XLA devices, tf_xla_enable_xla_devices not set
mse and spike frequency: 0.11775 0.0
[32m[I 2021-04-21 22:51:06,625][0m Trial 228 finished with values: [0.11775, 0.0] with parameters: {'Vahp': -39.5, 'Vth': -54.0, 'Vmax': 27.0, 't_ref': 2.5, 'R': 0.6, 'tau_m': 404.0, 'rate_low': 1.0, 'rate_high': 21.0}.[0m
2021-04-21 22:51:07.527650: I tensorflow/compiler/jit/xla_gpu_device.cc:99] Not creating XLA devices, tf_xla_enable_xla_devices not set
maxFreq at 10nA: 77.0
2021-04-21 22:51:51.632780: I tensorflow/compiler/jit/xla_gpu_device.cc:99] Not creating XLA devices, tf_xla_enable_xla_devices not set
2021-04-21 22:52:24.876485: I tensorflow/compiler/jit/xla_gpu_device.cc:99] Not creating XLA devices, tf_xla_enable_xla_devices not set
mse and spike frequency: 0.00103 9.15
[32m[I 2021-04-21 22:52:58,211][0m Trial 229 finished with values: [0.00103, 9.15] with parameters: {'Vahp': -32.5, 'Vth': -26.0, 'Vmax': 38.5, 't_ref': 11.0, 'R': 0.2, 'tau_m': 439.0, 'rate_low': 25.0, 'rate_high': 46.0}.[0m
2021-04-21 22:52:59.120243: I tensorflow/compiler/jit/xla_gpu_device.cc:99] Not creating XLA devices, tf_xla_enable_xla_devices not set
maxFreq at 10nA: 998.0
2021-04-21 22:53:44.297997: I tensorflow/compiler/jit/xla_gpu_device.cc:99] Not creating XLA devices, tf_xla_enable_xla_devices not set
2021-04-21 22:54:18.939943: I tensorflow/compiler/jit/xla_gpu_device.cc:99] Not creating XLA devices, tf_xla_enable_xla_devices not set
mse and spike frequency: 0.11775 0.0
[32m[I 2021-04-21 22:54:52,901][0m Trial 230 finished with values: [0.11775, 0.0] with parameters: {'Vahp': -25.5, 'Vth': -47.5, 'Vmax': 26.5, 't_ref': 20.0, 'R': 0.2, 'tau_m': 439.0, 'rate_low': 15.5, 'rate_high': 30.5}.[0m
2021-04-21 22:54:53.779358: I tensorflow/compiler/jit/xla_gpu_device.cc:99] Not creating XLA devices, tf_xla_enable_xla_devices not set
maxFreq at 10nA: 996.0
2021-04-21 22:55:39.251105: I tensorflow/compiler/jit/xla_gpu_device.cc:99] Not creating XLA devices, tf_xla_enable_xla_devices not set
2021-04-21 22:56:13.362714: I tensorflow/compiler/jit/xla_gpu_device.cc:99] Not creating XLA devices, tf_xla_enable_xla_devices not set
mse and spike frequency: 0.11775 0.0
[32m[I 2021-04-21 22:56:47,565][0m Trial 231 finished with values: [0.11775, 0.0] with parameters: {'Vahp': -24.5, 'Vth': -39.5, 'Vmax': 38.0, 't_ref': 20.0, 'R': 0.2, 'tau_m': 439.0, 'rate_low': 20.0, 'rate_high': 46.0}.[0m
2021-04-21 22:56:48.480534: I tensorflow/compiler/jit/xla_gpu_device.cc:99] Not creating XLA devices, tf_xla_enable_xla_devices not set
maxFreq at 10nA: 1000.0
2021-04-21 22:57:34.820153: I tensorflow/compiler/jit/xla_gpu_device.cc:99] Not creating XLA devices, tf_xla_enable_xla_devices not set
2021-04-21 22:58:09.504367: I tensorflow/compiler/jit/xla_gpu_device.cc:99] Not creating XLA devices, tf_xla_enable_xla_devices not set
mse and spike frequency: 0.11775 0.0
[32m[I 2021-04-21 22:58:43,563][0m Trial 232 finished with values: [0.11775, 0.0] with parameters: {'Vahp': -39.5, 'Vth': -55.5, 'Vmax': 26.5, 't_ref': 14.0, 'R': 0.9, 'tau_m': 286.5, 'rate_low': 28.0, 'rate_high': 49.5}.[0m
2021-04-21 22:58:44.442303: I tensorflow/compiler/jit/xla_gpu_device.cc:99] Not creating XLA devices, tf_xla_enable_xla_devices not set
maxFreq at 10nA: 48.0
2021-04-21 22:59:29.936482: I tensorflow/compiler/jit/xla_gpu_device.cc:99] Not creating XLA devices, tf_xla_enable_xla_devices not set
2021-04-21 23:00:04.334034: I tensorflow/compiler/jit/xla_gpu_device.cc:99] Not creating XLA devices, tf_xla_enable_xla_devices not set
mse and spike frequency: 0.03956 1.14
[32m[I 2021-04-21 23:00:38,888][0m Trial 233 finished with values: [0.03956, 1.14] with parameters: {'Vahp': -28.5, 'Vth': -23.0, 'Vmax': 17.0, 't_ref': 20.0, 'R': 0.1, 'tau_m': 63.0, 'rate_low': 4.5, 'rate_high': 49.5}.[0m
2021-04-21 23:00:39.790017: I tensorflow/compiler/jit/xla_gpu_device.cc:99] Not creating XLA devices, tf_xla_enable_xla_devices not set
maxFreq at 10nA: 1000.0
2021-04-21 23:01:25.064421: I tensorflow/compiler/jit/xla_gpu_device.cc:99] Not creating XLA devices, tf_xla_enable_xla_devices not set
2021-04-21 23:01:59.952895: I tensorflow/compiler/jit/xla_gpu_device.cc:99] Not creating XLA devices, tf_xla_enable_xla_devices not set
mse and spike frequency: 0.11775 0.0
[32m[I 2021-04-21 23:02:35,830][0m Trial 234 finished with values: [0.11775, 0.0] with parameters: {'Vahp': -28.0, 'Vth': -51.0, 'Vmax': 25.0, 't_ref': 11.0, 'R': 0.2, 'tau_m': 178.0, 'rate_low': 40.5, 'rate_high': 34.5}.[0m
2021-04-21 23:02:36.698623: I tensorflow/compiler/jit/xla_gpu_device.cc:99] Not creating XLA devices, tf_xla_enable_xla_devices not set
maxFreq at 10nA: 999.0
2021-04-21 23:03:22.820394: I tensorflow/compiler/jit/xla_gpu_device.cc:99] Not creating XLA devices, tf_xla_enable_xla_devices not set
2021-04-21 23:03:58.872477: I tensorflow/compiler/jit/xla_gpu_device.cc:99] Not creating XLA devices, tf_xla_enable_xla_devices not set
mse and spike frequency: 0.11775 0.0
[32m[I 2021-04-21 23:04:35,194][0m Trial 235 finished with values: [0.11775, 0.0] with parameters: {'Vahp': -32.5, 'Vth': -43.0, 'Vmax': 17.0, 't_ref': 17.5, 'R': 0.2, 'tau_m': 178.0, 'rate_low': 7.0, 'rate_high': 49.5}.[0m
2021-04-21 23:04:36.073072: I tensorflow/compiler/jit/xla_gpu_device.cc:99] Not creating XLA devices, tf_xla_enable_xla_devices not set
maxFreq at 10nA: 248.0
2021-04-21 23:05:22.142956: I tensorflow/compiler/jit/xla_gpu_device.cc:99] Not creating XLA devices, tf_xla_enable_xla_devices not set
2021-04-21 23:05:59.043076: I tensorflow/compiler/jit/xla_gpu_device.cc:99] Not creating XLA devices, tf_xla_enable_xla_devices not set
mse and spike frequency: 0.0011 5.6
[32m[I 2021-04-21 23:06:35,786][0m Trial 236 finished with values: [0.0011, 5.6] with parameters: {'Vahp': -28.5, 'Vth': -23.0, 'Vmax': 20.5, 't_ref': 1.5, 'R': 0.1, 'tau_m': 308.5, 'rate_low': 28.5, 'rate_high': 40.0}.[0m
2021-04-21 23:06:36.696376: I tensorflow/compiler/jit/xla_gpu_device.cc:99] Not creating XLA devices, tf_xla_enable_xla_devices not set
maxFreq at 10nA: 333.0
2021-04-21 23:07:23.069173: I tensorflow/compiler/jit/xla_gpu_device.cc:99] Not creating XLA devices, tf_xla_enable_xla_devices not set
2021-04-21 23:07:58.879517: I tensorflow/compiler/jit/xla_gpu_device.cc:99] Not creating XLA devices, tf_xla_enable_xla_devices not set
mse and spike frequency: 0.00062 7.68
[32m[I 2021-04-21 23:08:34,999][0m Trial 237 finished with values: [0.00062, 7.68] with parameters: {'Vahp': -58.0, 'Vth': -23.0, 'Vmax': 13.5, 't_ref': 0.5, 'R': 0.9, 'tau_m': 404.0, 'rate_low': 7.5, 'rate_high': 46.0}.[0m
2021-04-21 23:08:35.923543: I tensorflow/compiler/jit/xla_gpu_device.cc:99] Not creating XLA devices, tf_xla_enable_xla_devices not set
maxFreq at 10nA: 999.0
2021-04-21 23:09:22.519954: I tensorflow/compiler/jit/xla_gpu_device.cc:99] Not creating XLA devices, tf_xla_enable_xla_devices not set
2021-04-21 23:09:58.767542: I tensorflow/compiler/jit/xla_gpu_device.cc:99] Not creating XLA devices, tf_xla_enable_xla_devices not set
mse and spike frequency: 0.11775 0.0
[32m[I 2021-04-21 23:10:35,096][0m Trial 238 finished with values: [0.11775, 0.0] with parameters: {'Vahp': -35.0, 'Vth': -43.0, 'Vmax': 38.0, 't_ref': 11.5, 'R': 0.4, 'tau_m': 423.5, 'rate_low': 11.5, 'rate_high': 41.0}.[0m
2021-04-21 23:10:36.052064: I tensorflow/compiler/jit/xla_gpu_device.cc:99] Not creating XLA devices, tf_xla_enable_xla_devices not set
maxFreq at 10nA: 1000.0
2021-04-21 23:11:22.964449: I tensorflow/compiler/jit/xla_gpu_device.cc:99] Not creating XLA devices, tf_xla_enable_xla_devices not set
2021-04-21 23:11:59.909265: I tensorflow/compiler/jit/xla_gpu_device.cc:99] Not creating XLA devices, tf_xla_enable_xla_devices not set
mse and spike frequency: 0.11775 0.0
[32m[I 2021-04-21 23:12:36,545][0m Trial 239 finished with values: [0.11775, 0.0] with parameters: {'Vahp': -24.5, 'Vth': -47.5, 'Vmax': 14.0, 't_ref': 3.0, 'R': 0.1, 'tau_m': 74.0, 'rate_low': 15.5, 'rate_high': 32.5}.[0m
2021-04-21 23:12:37.472680: I tensorflow/compiler/jit/xla_gpu_device.cc:99] Not creating XLA devices, tf_xla_enable_xla_devices not set
maxFreq at 10nA: 1000.0
2021-04-21 23:13:23.767980: I tensorflow/compiler/jit/xla_gpu_device.cc:99] Not creating XLA devices, tf_xla_enable_xla_devices not set
2021-04-21 23:14:00.430598: I tensorflow/compiler/jit/xla_gpu_device.cc:99] Not creating XLA devices, tf_xla_enable_xla_devices not set
mse and spike frequency: 0.11775 0.0
[32m[I 2021-04-21 23:14:37,288][0m Trial 240 finished with values: [0.11775, 0.0] with parameters: {'Vahp': -28.0, 'Vth': -53.5, 'Vmax': 10.5, 't_ref': 3.0, 'R': 0.30000000000000004, 'tau_m': 475.5, 'rate_low': 34.0, 'rate_high': 41.0}.[0m
2021-04-21 23:14:38.178369: I tensorflow/compiler/jit/xla_gpu_device.cc:99] Not creating XLA devices, tf_xla_enable_xla_devices not set
maxFreq at 10nA: 62.0
2021-04-21 23:15:25.037744: I tensorflow/compiler/jit/xla_gpu_device.cc:99] Not creating XLA devices, tf_xla_enable_xla_devices not set
2021-04-21 23:16:02.749788: I tensorflow/compiler/jit/xla_gpu_device.cc:99] Not creating XLA devices, tf_xla_enable_xla_devices not set
mse and spike frequency: 0.10735 0.1
[32m[I 2021-04-21 23:16:40,463][0m Trial 241 finished with values: [0.10735, 0.1] with parameters: {'Vahp': -38.0, 'Vth': -24.0, 'Vmax': 39.0, 't_ref': 11.0, 'R': 0.1, 'tau_m': 308.5, 'rate_low': 3.0, 'rate_high': 44.5}.[0m
2021-04-21 23:16:41.373993: I tensorflow/compiler/jit/xla_gpu_device.cc:99] Not creating XLA devices, tf_xla_enable_xla_devices not set
maxFreq at 10nA: 45.0
2021-04-21 23:17:28.924260: I tensorflow/compiler/jit/xla_gpu_device.cc:99] Not creating XLA devices, tf_xla_enable_xla_devices not set
2021-04-21 23:18:06.131369: I tensorflow/compiler/jit/xla_gpu_device.cc:99] Not creating XLA devices, tf_xla_enable_xla_devices not set
mse and spike frequency: 0.00411 2.95
[32m[I 2021-04-21 23:18:43,314][0m Trial 242 finished with values: [0.00411, 2.95] with parameters: {'Vahp': -29.0, 'Vth': -26.0, 'Vmax': 38.0, 't_ref': 20.0, 'R': 0.1, 'tau_m': 439.0, 'rate_low': 18.5, 'rate_high': 46.0}.[0m
2021-04-21 23:18:44.271572: I tensorflow/compiler/jit/xla_gpu_device.cc:99] Not creating XLA devices, tf_xla_enable_xla_devices not set
maxFreq at 10nA: 1000.0
2021-04-21 23:19:31.487313: I tensorflow/compiler/jit/xla_gpu_device.cc:99] Not creating XLA devices, tf_xla_enable_xla_devices not set
2021-04-21 23:20:08.426804: I tensorflow/compiler/jit/xla_gpu_device.cc:99] Not creating XLA devices, tf_xla_enable_xla_devices not set
mse and spike frequency: 0.11775 0.0
[32m[I 2021-04-21 23:20:45,855][0m Trial 243 finished with values: [0.11775, 0.0] with parameters: {'Vahp': -41.0, 'Vth': -42.0, 'Vmax': 34.5, 't_ref': 7.0, 'R': 0.8, 'tau_m': 464.0, 'rate_low': 7.0, 'rate_high': 25.5}.[0m
2021-04-21 23:20:46.753361: I tensorflow/compiler/jit/xla_gpu_device.cc:99] Not creating XLA devices, tf_xla_enable_xla_devices not set
maxFreq at 10nA: 1000.0
2021-04-21 23:21:34.689359: I tensorflow/compiler/jit/xla_gpu_device.cc:99] Not creating XLA devices, tf_xla_enable_xla_devices not set
2021-04-21 23:22:11.288422: I tensorflow/compiler/jit/xla_gpu_device.cc:99] Not creating XLA devices, tf_xla_enable_xla_devices not set
mse and spike frequency: 0.11775 0.0
