[32m[I 2021-04-21 21:13:37,020][0m Trial 171 finished with values: [0.11775, 0.0] with parameters: {'Vahp': -25.0, 'Vth': -53.0, 'Vmax': 17.0, 't_ref': 3.0, 'R': 1.0, 'tau_m': 190.0, 'R_adp': 0.9, 'tau_w': 163.5, 'a': 192.0, 'rate_low': 9.0, 'rate_high': 22.0}.[0m
2021-04-21 21:13:37.768528: I tensorflow/compiler/jit/xla_gpu_device.cc:99] Not creating XLA devices, tf_xla_enable_xla_devices not set
maxFreq at 10nA: 999.0
2021-04-21 21:14:15.843364: I tensorflow/compiler/jit/xla_gpu_device.cc:99] Not creating XLA devices, tf_xla_enable_xla_devices not set
2021-04-21 21:14:42.481763: I tensorflow/compiler/jit/xla_gpu_device.cc:99] Not creating XLA devices, tf_xla_enable_xla_devices not set
mse and spike frequency: 0.11775 0.0
[32m[I 2021-04-21 21:15:07,778][0m Trial 172 finished with values: [0.11775, 0.0] with parameters: {'Vahp': -38.0, 'Vth': -39.5, 'Vmax': 36.5, 't_ref': 14.5, 'R': 0.30000000000000004, 'tau_m': 173.5, 'R_adp': 0.2, 'tau_w': 279.0, 'a': 434.5, 'rate_low': 48.5, 'rate_high': 34.5}.[0m
2021-04-21 21:15:08.579182: I tensorflow/compiler/jit/xla_gpu_device.cc:99] Not creating XLA devices, tf_xla_enable_xla_devices not set
maxFreq at 10nA: 1000.0
2021-04-21 21:15:46.197530: I tensorflow/compiler/jit/xla_gpu_device.cc:99] Not creating XLA devices, tf_xla_enable_xla_devices not set
2021-04-21 21:16:13.038707: I tensorflow/compiler/jit/xla_gpu_device.cc:99] Not creating XLA devices, tf_xla_enable_xla_devices not set
mse and spike frequency: 0.11775 0.0
[32m[I 2021-04-21 21:16:38,422][0m Trial 173 finished with values: [0.11775, 0.0] with parameters: {'Vahp': -48.0, 'Vth': -51.5, 'Vmax': 35.5, 't_ref': 14.5, 'R': 0.8, 'tau_m': 214.5, 'R_adp': 0.5, 'tau_w': 131.5, 'a': 86.0, 'rate_low': 9.0, 'rate_high': 50.0}.[0m
2021-04-21 21:16:39.340626: I tensorflow/compiler/jit/xla_gpu_device.cc:99] Not creating XLA devices, tf_xla_enable_xla_devices not set
maxFreq at 10nA: 1000.0
2021-04-21 21:17:17.095130: I tensorflow/compiler/jit/xla_gpu_device.cc:99] Not creating XLA devices, tf_xla_enable_xla_devices not set
2021-04-21 21:17:43.931020: I tensorflow/compiler/jit/xla_gpu_device.cc:99] Not creating XLA devices, tf_xla_enable_xla_devices not set
mse and spike frequency: 0.11775 0.0
[32m[I 2021-04-21 21:18:08,980][0m Trial 174 finished with values: [0.11775, 0.0] with parameters: {'Vahp': -32.0, 'Vth': -57.5, 'Vmax': 15.5, 't_ref': 20.0, 'R': 0.7000000000000001, 'tau_m': 16.0, 'R_adp': 0.7000000000000001, 'tau_w': 194.0, 'a': 152.5, 'rate_low': 31.5, 'rate_high': 30.5}.[0m
2021-04-21 21:18:09.722474: I tensorflow/compiler/jit/xla_gpu_device.cc:99] Not creating XLA devices, tf_xla_enable_xla_devices not set
maxFreq at 10nA: 83.0
2021-04-21 21:18:47.322853: I tensorflow/compiler/jit/xla_gpu_device.cc:99] Not creating XLA devices, tf_xla_enable_xla_devices not set
2021-04-21 21:19:13.832533: I tensorflow/compiler/jit/xla_gpu_device.cc:99] Not creating XLA devices, tf_xla_enable_xla_devices not set
mse and spike frequency: 13.96401 6.84
[32m[I 2021-04-21 21:19:39,383][0m Trial 175 finished with values: [13.96401, 6.84] with parameters: {'Vahp': -38.5, 'Vth': -24.5, 'Vmax': 25.0, 't_ref': 9.0, 'R': 0.5, 'tau_m': 258.5, 'R_adp': 0.6, 'tau_w': 288.0, 'a': 308.0, 'rate_low': 16.5, 'rate_high': 23.5}.[0m
2021-04-21 21:19:40.103306: I tensorflow/compiler/jit/xla_gpu_device.cc:99] Not creating XLA devices, tf_xla_enable_xla_devices not set
maxFreq at 10nA: 175.0
2021-04-21 21:20:18.029551: I tensorflow/compiler/jit/xla_gpu_device.cc:99] Not creating XLA devices, tf_xla_enable_xla_devices not set
2021-04-21 21:20:44.933011: I tensorflow/compiler/jit/xla_gpu_device.cc:99] Not creating XLA devices, tf_xla_enable_xla_devices not set
mse and spike frequency: 78.0514 26.78
[32m[I 2021-04-21 21:21:10,639][0m Trial 176 finished with values: [78.0514, 26.78] with parameters: {'Vahp': -25.0, 'Vth': -24.5, 'Vmax': 15.5, 't_ref': 2.5, 'R': 0.6, 'tau_m': 496.5, 'R_adp': 0.2, 'tau_w': 448.0, 'a': 486.0, 'rate_low': 9.0, 'rate_high': 47.0}.[0m
2021-04-21 21:21:11.388492: I tensorflow/compiler/jit/xla_gpu_device.cc:99] Not creating XLA devices, tf_xla_enable_xla_devices not set
maxFreq at 10nA: 999.0
2021-04-21 21:21:49.482245: I tensorflow/compiler/jit/xla_gpu_device.cc:99] Not creating XLA devices, tf_xla_enable_xla_devices not set
2021-04-21 21:22:16.608320: I tensorflow/compiler/jit/xla_gpu_device.cc:99] Not creating XLA devices, tf_xla_enable_xla_devices not set
mse and spike frequency: 0.11775 0.0
[32m[I 2021-04-21 21:22:42,907][0m Trial 177 finished with values: [0.11775, 0.0] with parameters: {'Vahp': -24.5, 'Vth': -35.5, 'Vmax': 30.5, 't_ref': 6.5, 'R': 0.2, 'tau_m': 132.5, 'R_adp': 0.8, 'tau_w': 364.0, 'a': 358.5, 'rate_low': 6.5, 'rate_high': 43.0}.[0m
2021-04-21 21:22:43.648394: I tensorflow/compiler/jit/xla_gpu_device.cc:99] Not creating XLA devices, tf_xla_enable_xla_devices not set
maxFreq at 10nA: 1000.0
2021-04-21 21:23:21.963727: I tensorflow/compiler/jit/xla_gpu_device.cc:99] Not creating XLA devices, tf_xla_enable_xla_devices not set
2021-04-21 21:23:49.350417: I tensorflow/compiler/jit/xla_gpu_device.cc:99] Not creating XLA devices, tf_xla_enable_xla_devices not set
mse and spike frequency: 0.11775 0.0
[32m[I 2021-04-21 21:24:15,148][0m Trial 178 finished with values: [0.11775, 0.0] with parameters: {'Vahp': -25.0, 'Vth': -51.5, 'Vmax': 15.5, 't_ref': 6.5, 'R': 0.5, 'tau_m': 399.0, 'R_adp': 0.9, 'tau_w': 131.5, 'a': 17.0, 'rate_low': 29.0, 'rate_high': 34.0}.[0m
2021-04-21 21:24:15.889479: I tensorflow/compiler/jit/xla_gpu_device.cc:99] Not creating XLA devices, tf_xla_enable_xla_devices not set
maxFreq at 10nA: 999.0
2021-04-21 21:24:53.904064: I tensorflow/compiler/jit/xla_gpu_device.cc:99] Not creating XLA devices, tf_xla_enable_xla_devices not set
2021-04-21 21:25:21.108314: I tensorflow/compiler/jit/xla_gpu_device.cc:99] Not creating XLA devices, tf_xla_enable_xla_devices not set
mse and spike frequency: 0.11775 0.0
[32m[I 2021-04-21 21:25:47,597][0m Trial 179 finished with values: [0.11775, 0.0] with parameters: {'Vahp': -34.0, 'Vth': -36.0, 'Vmax': 14.5, 't_ref': 14.5, 'R': 0.7000000000000001, 'tau_m': 346.5, 'R_adp': 0.4, 'tau_w': 194.0, 'a': 152.5, 'rate_low': 37.0, 'rate_high': 48.5}.[0m
2021-04-21 21:25:48.347101: I tensorflow/compiler/jit/xla_gpu_device.cc:99] Not creating XLA devices, tf_xla_enable_xla_devices not set
maxFreq at 10nA: 1000.0
2021-04-21 21:26:26.454197: I tensorflow/compiler/jit/xla_gpu_device.cc:99] Not creating XLA devices, tf_xla_enable_xla_devices not set
2021-04-21 21:26:54.356608: I tensorflow/compiler/jit/xla_gpu_device.cc:99] Not creating XLA devices, tf_xla_enable_xla_devices not set
mse and spike frequency: 0.11775 0.0
[32m[I 2021-04-21 21:27:21,773][0m Trial 180 finished with values: [0.11775, 0.0] with parameters: {'Vahp': -50.5, 'Vth': -51.5, 'Vmax': 35.5, 't_ref': 6.5, 'R': 1.0, 'tau_m': 56.5, 'R_adp': 0.9, 'tau_w': 48.5, 'a': 36.0, 'rate_low': 29.0, 'rate_high': 34.0}.[0m
2021-04-21 21:27:22.494367: I tensorflow/compiler/jit/xla_gpu_device.cc:99] Not creating XLA devices, tf_xla_enable_xla_devices not set
maxFreq at 10nA: 18.0
2021-04-21 21:28:01.655405: I tensorflow/compiler/jit/xla_gpu_device.cc:99] Not creating XLA devices, tf_xla_enable_xla_devices not set
2021-04-21 21:28:29.248454: I tensorflow/compiler/jit/xla_gpu_device.cc:99] Not creating XLA devices, tf_xla_enable_xla_devices not set
mse and spike frequency: 0.1732 0.68
[32m[I 2021-04-21 21:28:57,125][0m Trial 181 finished with values: [0.1732, 0.68] with parameters: {'Vahp': -48.0, 'Vth': -45.0, 'Vmax': 17.0, 't_ref': 13.0, 'R': 0.2, 'tau_m': 213.0, 'R_adp': 0.8, 'tau_w': 391.5, 'a': 476.5, 'rate_low': 6.5, 'rate_high': 40.5}.[0m
2021-04-21 21:28:57.880818: I tensorflow/compiler/jit/xla_gpu_device.cc:99] Not creating XLA devices, tf_xla_enable_xla_devices not set
maxFreq at 10nA: 1000.0
2021-04-21 21:29:36.732676: I tensorflow/compiler/jit/xla_gpu_device.cc:99] Not creating XLA devices, tf_xla_enable_xla_devices not set
2021-04-21 21:30:05.062107: I tensorflow/compiler/jit/xla_gpu_device.cc:99] Not creating XLA devices, tf_xla_enable_xla_devices not set
mse and spike frequency: 0.11775 0.0
[32m[I 2021-04-21 21:30:33,436][0m Trial 182 finished with values: [0.11775, 0.0] with parameters: {'Vahp': -20.5, 'Vth': -39.5, 'Vmax': 35.5, 't_ref': 6.0, 'R': 1.0, 'tau_m': 433.0, 'R_adp': 0.9, 'tau_w': 162.0, 'a': 255.5, 'rate_low': 9.0, 'rate_high': 47.0}.[0m
2021-04-21 21:30:34.160946: I tensorflow/compiler/jit/xla_gpu_device.cc:99] Not creating XLA devices, tf_xla_enable_xla_devices not set
maxFreq at 10nA: 1000.0
2021-04-21 21:31:13.402642: I tensorflow/compiler/jit/xla_gpu_device.cc:99] Not creating XLA devices, tf_xla_enable_xla_devices not set
2021-04-21 21:31:42.275543: I tensorflow/compiler/jit/xla_gpu_device.cc:99] Not creating XLA devices, tf_xla_enable_xla_devices not set
mse and spike frequency: 0.11775 0.0
[32m[I 2021-04-21 21:32:11,439][0m Trial 183 finished with values: [0.11775, 0.0] with parameters: {'Vahp': -38.0, 'Vth': -54.5, 'Vmax': 36.5, 't_ref': 20.0, 'R': 0.9, 'tau_m': 328.5, 'R_adp': 0.7000000000000001, 'tau_w': 154.5, 'a': 488.0, 'rate_low': 10.5, 'rate_high': 34.5}.[0m
2021-04-21 21:32:12.197705: I tensorflow/compiler/jit/xla_gpu_device.cc:99] Not creating XLA devices, tf_xla_enable_xla_devices not set
maxFreq at 10nA: 1000.0
2021-04-21 21:32:52.286069: I tensorflow/compiler/jit/xla_gpu_device.cc:99] Not creating XLA devices, tf_xla_enable_xla_devices not set
2021-04-21 21:33:20.873860: I tensorflow/compiler/jit/xla_gpu_device.cc:99] Not creating XLA devices, tf_xla_enable_xla_devices not set
mse and spike frequency: 0.11775 0.0
[32m[I 2021-04-21 21:33:49,800][0m Trial 184 finished with values: [0.11775, 0.0] with parameters: {'Vahp': -38.5, 'Vth': -50.0, 'Vmax': 15.5, 't_ref': 1.0, 'R': 0.9, 'tau_m': 328.5, 'R_adp': 0.7000000000000001, 'tau_w': 107.0, 'a': 255.5, 'rate_low': 48.5, 'rate_high': 47.0}.[0m
2021-04-21 21:33:50.559985: I tensorflow/compiler/jit/xla_gpu_device.cc:99] Not creating XLA devices, tf_xla_enable_xla_devices not set
maxFreq at 10nA: 998.0
2021-04-21 21:34:31.445678: I tensorflow/compiler/jit/xla_gpu_device.cc:99] Not creating XLA devices, tf_xla_enable_xla_devices not set
2021-04-21 21:35:00.083858: I tensorflow/compiler/jit/xla_gpu_device.cc:99] Not creating XLA devices, tf_xla_enable_xla_devices not set
mse and spike frequency: 0.11775 0.0
[32m[I 2021-04-21 21:35:30,049][0m Trial 185 finished with values: [0.11775, 0.0] with parameters: {'Vahp': -32.0, 'Vth': -41.5, 'Vmax': 26.5, 't_ref': 9.0, 'R': 0.30000000000000004, 'tau_m': 433.0, 'R_adp': 0.8, 'tau_w': 194.0, 'a': 152.5, 'rate_low': 6.0, 'rate_high': 48.5}.[0m
2021-04-21 21:35:30.850017: I tensorflow/compiler/jit/xla_gpu_device.cc:99] Not creating XLA devices, tf_xla_enable_xla_devices not set
maxFreq at 10nA: 59.0
2021-04-21 21:36:11.428414: I tensorflow/compiler/jit/xla_gpu_device.cc:99] Not creating XLA devices, tf_xla_enable_xla_devices not set
2021-04-21 21:36:39.478338: I tensorflow/compiler/jit/xla_gpu_device.cc:99] Not creating XLA devices, tf_xla_enable_xla_devices not set
mse and spike frequency: 0.00172 8.71
[32m[I 2021-04-21 21:37:08,196][0m Trial 186 finished with values: [0.00172, 8.71] with parameters: {'Vahp': -48.0, 'Vth': -37.5, 'Vmax': 13.5, 't_ref': 14.5, 'R': 0.2, 'tau_m': 213.0, 'R_adp': 0.5, 'tau_w': 98.0, 'a': 86.0, 'rate_low': 42.5, 'rate_high': 40.5}.[0m
2021-04-21 21:37:08.960521: I tensorflow/compiler/jit/xla_gpu_device.cc:99] Not creating XLA devices, tf_xla_enable_xla_devices not set
maxFreq at 10nA: 1000.0
2021-04-21 21:37:48.775013: I tensorflow/compiler/jit/xla_gpu_device.cc:99] Not creating XLA devices, tf_xla_enable_xla_devices not set
2021-04-21 21:38:17.514158: I tensorflow/compiler/jit/xla_gpu_device.cc:99] Not creating XLA devices, tf_xla_enable_xla_devices not set
mse and spike frequency: 0.11775 0.0
[32m[I 2021-04-21 21:38:46,503][0m Trial 187 finished with values: [0.11775, 0.0] with parameters: {'Vahp': -37.0, 'Vth': -54.5, 'Vmax': 15.5, 't_ref': 9.0, 'R': 0.7000000000000001, 'tau_m': 328.5, 'R_adp': 0.7000000000000001, 'tau_w': 288.0, 'a': 358.5, 'rate_low': 6.5, 'rate_high': 48.5}.[0m
2021-04-21 21:38:47.325668: I tensorflow/compiler/jit/xla_gpu_device.cc:99] Not creating XLA devices, tf_xla_enable_xla_devices not set
maxFreq at 10nA: 1000.0
2021-04-21 21:39:27.521921: I tensorflow/compiler/jit/xla_gpu_device.cc:99] Not creating XLA devices, tf_xla_enable_xla_devices not set
2021-04-21 21:39:56.072769: I tensorflow/compiler/jit/xla_gpu_device.cc:99] Not creating XLA devices, tf_xla_enable_xla_devices not set
mse and spike frequency: 0.11775 0.0
[32m[I 2021-04-21 21:40:24,808][0m Trial 188 finished with values: [0.11775, 0.0] with parameters: {'Vahp': -48.0, 'Vth': -51.5, 'Vmax': 13.5, 't_ref': 6.0, 'R': 0.8, 'tau_m': 433.0, 'R_adp': 0.5, 'tau_w': 168.5, 'a': 86.0, 'rate_low': 6.0, 'rate_high': 41.0}.[0m
2021-04-21 21:40:25.626682: I tensorflow/compiler/jit/xla_gpu_device.cc:99] Not creating XLA devices, tf_xla_enable_xla_devices not set
maxFreq at 10nA: 1000.0
2021-04-21 21:41:05.679032: I tensorflow/compiler/jit/xla_gpu_device.cc:99] Not creating XLA devices, tf_xla_enable_xla_devices not set
2021-04-21 21:41:34.203249: I tensorflow/compiler/jit/xla_gpu_device.cc:99] Not creating XLA devices, tf_xla_enable_xla_devices not set
mse and spike frequency: 0.11775 0.0
[32m[I 2021-04-21 21:42:02,298][0m Trial 189 finished with values: [0.11775, 0.0] with parameters: {'Vahp': -38.5, 'Vth': -54.5, 'Vmax': 25.0, 't_ref': 20.0, 'R': 0.2, 'tau_m': 115.5, 'R_adp': 0.4, 'tau_w': 448.0, 'a': 308.0, 'rate_low': 36.5, 'rate_high': 23.5}.[0m
2021-04-21 21:42:03.100419: I tensorflow/compiler/jit/xla_gpu_device.cc:99] Not creating XLA devices, tf_xla_enable_xla_devices not set
maxFreq at 10nA: 1000.0
2021-04-21 21:42:43.723588: I tensorflow/compiler/jit/xla_gpu_device.cc:99] Not creating XLA devices, tf_xla_enable_xla_devices not set
2021-04-21 21:43:12.753735: I tensorflow/compiler/jit/xla_gpu_device.cc:99] Not creating XLA devices, tf_xla_enable_xla_devices not set
mse and spike frequency: 0.11775 0.0
[32m[I 2021-04-21 21:43:41,106][0m Trial 190 finished with values: [0.11775, 0.0] with parameters: {'Vahp': -24.5, 'Vth': -35.5, 'Vmax': 22.0, 't_ref': 3.0, 'R': 0.8, 'tau_m': 305.5, 'R_adp': 0.8, 'tau_w': 407.0, 'a': 225.0, 'rate_low': 8.5, 'rate_high': 43.5}.[0m
2021-04-21 21:43:41.949684: I tensorflow/compiler/jit/xla_gpu_device.cc:99] Not creating XLA devices, tf_xla_enable_xla_devices not set
maxFreq at 10nA: 143.0
2021-04-21 21:44:21.706520: I tensorflow/compiler/jit/xla_gpu_device.cc:99] Not creating XLA devices, tf_xla_enable_xla_devices not set
2021-04-21 21:44:50.462541: I tensorflow/compiler/jit/xla_gpu_device.cc:99] Not creating XLA devices, tf_xla_enable_xla_devices not set
mse and spike frequency: 0.00359 25.1
[32m[I 2021-04-21 21:45:18,883][0m Trial 191 finished with values: [0.00359, 25.1] with parameters: {'Vahp': -48.0, 'Vth': -41.5, 'Vmax': 13.5, 't_ref': 6.0, 'R': 0.9, 'tau_m': 173.5, 'R_adp': 0.8, 'tau_w': 98.0, 'a': 154.5, 'rate_low': 48.5, 'rate_high': 41.0}.[0m
2021-04-21 21:45:19.757790: I tensorflow/compiler/jit/xla_gpu_device.cc:99] Not creating XLA devices, tf_xla_enable_xla_devices not set
maxFreq at 10nA: 1000.0
2021-04-21 21:46:00.057571: I tensorflow/compiler/jit/xla_gpu_device.cc:99] Not creating XLA devices, tf_xla_enable_xla_devices not set
2021-04-21 21:46:28.749781: I tensorflow/compiler/jit/xla_gpu_device.cc:99] Not creating XLA devices, tf_xla_enable_xla_devices not set
mse and spike frequency: 0.11775 0.0
[32m[I 2021-04-21 21:46:56,856][0m Trial 192 finished with values: [0.11775, 0.0] with parameters: {'Vahp': -24.5, 'Vth': -35.5, 'Vmax': 11.0, 't_ref': 20.0, 'R': 1.0, 'tau_m': 190.0, 'R_adp': 0.9, 'tau_w': 403.0, 'a': 98.0, 'rate_low': 9.0, 'rate_high': 43.5}.[0m
2021-04-21 21:46:57.639224: I tensorflow/compiler/jit/xla_gpu_device.cc:99] Not creating XLA devices, tf_xla_enable_xla_devices not set
maxFreq at 10nA: 1000.0
2021-04-21 21:47:38.697804: I tensorflow/compiler/jit/xla_gpu_device.cc:99] Not creating XLA devices, tf_xla_enable_xla_devices not set
2021-04-21 21:48:08.155484: I tensorflow/compiler/jit/xla_gpu_device.cc:99] Not creating XLA devices, tf_xla_enable_xla_devices not set
mse and spike frequency: 0.11775 0.0
[32m[I 2021-04-21 21:48:37,131][0m Trial 193 finished with values: [0.11775, 0.0] with parameters: {'Vahp': -38.5, 'Vth': -53.5, 'Vmax': 19.0, 't_ref': 2.0, 'R': 0.7000000000000001, 'tau_m': 132.5, 'R_adp': 0.7000000000000001, 'tau_w': 142.0, 'a': 243.5, 'rate_low': 6.5, 'rate_high': 12.5}.[0m
2021-04-21 21:48:37.903138: I tensorflow/compiler/jit/xla_gpu_device.cc:99] Not creating XLA devices, tf_xla_enable_xla_devices not set
maxFreq at 10nA: 1000.0
2021-04-21 21:49:18.533629: I tensorflow/compiler/jit/xla_gpu_device.cc:99] Not creating XLA devices, tf_xla_enable_xla_devices not set
2021-04-21 21:49:48.610537: I tensorflow/compiler/jit/xla_gpu_device.cc:99] Not creating XLA devices, tf_xla_enable_xla_devices not set
mse and spike frequency: 0.11775 0.0
[32m[I 2021-04-21 21:50:18,397][0m Trial 194 finished with values: [0.11775, 0.0] with parameters: {'Vahp': -32.0, 'Vth': -54.5, 'Vmax': 17.0, 't_ref': 13.5, 'R': 0.6, 'tau_m': 132.5, 'R_adp': 0.2, 'tau_w': 448.0, 'a': 98.0, 'rate_low': 25.0, 'rate_high': 44.0}.[0m
2021-04-21 21:50:19.237094: I tensorflow/compiler/jit/xla_gpu_device.cc:99] Not creating XLA devices, tf_xla_enable_xla_devices not set
maxFreq at 10nA: 1000.0
2021-04-21 21:50:59.726294: I tensorflow/compiler/jit/xla_gpu_device.cc:99] Not creating XLA devices, tf_xla_enable_xla_devices not set
2021-04-21 21:51:29.979877: I tensorflow/compiler/jit/xla_gpu_device.cc:99] Not creating XLA devices, tf_xla_enable_xla_devices not set
mse and spike frequency: 0.11775 0.0
[32m[I 2021-04-21 21:51:59,756][0m Trial 195 finished with values: [0.11775, 0.0] with parameters: {'Vahp': -26.0, 'Vth': -52.5, 'Vmax': 36.5, 't_ref': 11.0, 'R': 0.6, 'tau_m': 420.5, 'R_adp': 0.8, 'tau_w': 279.0, 'a': 476.5, 'rate_low': 47.0, 'rate_high': 33.5}.[0m
2021-04-21 21:52:00.543370: I tensorflow/compiler/jit/xla_gpu_device.cc:99] Not creating XLA devices, tf_xla_enable_xla_devices not set
maxFreq at 10nA: 29.0
2021-04-21 21:52:41.811368: I tensorflow/compiler/jit/xla_gpu_device.cc:99] Not creating XLA devices, tf_xla_enable_xla_devices not set
2021-04-21 21:53:12.733530: I tensorflow/compiler/jit/xla_gpu_device.cc:99] Not creating XLA devices, tf_xla_enable_xla_devices not set
mse and spike frequency: 1.38327 2.65
[32m[I 2021-04-21 21:53:43,285][0m Trial 196 finished with values: [1.38327, 2.65] with parameters: {'Vahp': -48.5, 'Vth': -39.5, 'Vmax': 14.5, 't_ref': 20.0, 'R': 0.1, 'tau_m': 105.5, 'R_adp': 0.9, 'tau_w': 448.0, 'a': 107.0, 'rate_low': 39.0, 'rate_high': 46.0}.[0m
2021-04-21 21:53:44.115563: I tensorflow/compiler/jit/xla_gpu_device.cc:99] Not creating XLA devices, tf_xla_enable_xla_devices not set
maxFreq at 10nA: 998.0
2021-04-21 21:54:24.787116: I tensorflow/compiler/jit/xla_gpu_device.cc:99] Not creating XLA devices, tf_xla_enable_xla_devices not set
2021-04-21 21:54:54.978370: I tensorflow/compiler/jit/xla_gpu_device.cc:99] Not creating XLA devices, tf_xla_enable_xla_devices not set
mse and spike frequency: 0.11775 0.0
[32m[I 2021-04-21 21:55:23,195][0m Trial 197 finished with values: [0.11775, 0.0] with parameters: {'Vahp': -26.0, 'Vth': -35.5, 'Vmax': 25.0, 't_ref': 13.5, 'R': 0.4, 'tau_m': 433.0, 'R_adp': 0.7000000000000001, 'tau_w': 113.0, 'a': 60.0, 'rate_low': 31.5, 'rate_high': 41.0}.[0m
2021-04-21 21:55:24.103795: I tensorflow/compiler/jit/xla_gpu_device.cc:99] Not creating XLA devices, tf_xla_enable_xla_devices not set
maxFreq at 10nA: 1000.0
2021-04-21 21:56:04.112473: I tensorflow/compiler/jit/xla_gpu_device.cc:99] Not creating XLA devices, tf_xla_enable_xla_devices not set
2021-04-21 21:56:34.201390: I tensorflow/compiler/jit/xla_gpu_device.cc:99] Not creating XLA devices, tf_xla_enable_xla_devices not set
mse and spike frequency: 0.11775 0.0
[32m[I 2021-04-21 21:57:02,720][0m Trial 198 finished with values: [0.11775, 0.0] with parameters: {'Vahp': -23.0, 'Vth': -51.5, 'Vmax': 19.0, 't_ref': 14.5, 'R': 0.9, 'tau_m': 359.5, 'R_adp': 0.9, 'tau_w': 98.0, 'a': 86.0, 'rate_low': 16.5, 'rate_high': 41.0}.[0m
2021-04-21 21:57:03.569065: I tensorflow/compiler/jit/xla_gpu_device.cc:99] Not creating XLA devices, tf_xla_enable_xla_devices not set
maxFreq at 10nA: 63.0
2021-04-21 21:57:43.762270: I tensorflow/compiler/jit/xla_gpu_device.cc:99] Not creating XLA devices, tf_xla_enable_xla_devices not set
2021-04-21 21:58:13.374531: I tensorflow/compiler/jit/xla_gpu_device.cc:99] Not creating XLA devices, tf_xla_enable_xla_devices not set
mse and spike frequency: 1.03499 3.29
[32m[I 2021-04-21 21:58:41,458][0m Trial 199 finished with values: [1.03499, 3.29] with parameters: {'Vahp': -50.5, 'Vth': -21.5, 'Vmax': 24.5, 't_ref': 15.0, 'R': 0.5, 'tau_m': 56.5, 'R_adp': 0.9, 'tau_w': 131.5, 'a': 154.5, 'rate_low': 6.0, 'rate_high': 34.0}.[0m
2021-04-21 21:58:42.350942: I tensorflow/compiler/jit/xla_gpu_device.cc:99] Not creating XLA devices, tf_xla_enable_xla_devices not set
maxFreq at 10nA: 1000.0
2021-04-21 21:59:22.492794: I tensorflow/compiler/jit/xla_gpu_device.cc:99] Not creating XLA devices, tf_xla_enable_xla_devices not set
2021-04-21 21:59:51.861583: I tensorflow/compiler/jit/xla_gpu_device.cc:99] Not creating XLA devices, tf_xla_enable_xla_devices not set
mse and spike frequency: 0.11775 0.0
