[32m[I 2021-04-21 19:05:58,805][0m Trial 58 finished with values: [0.00105, 23.69] with parameters: {'Vahp': -34.5, 'Vth': -31.5, 'Vmax': 27.5, 't_ref': 17.0, 'R': 0.8, 'tau_m': 386.0, 'rate_low': 39.5, 'rate_high': 43.0}.[0m
2021-04-21 19:05:59.275000: I tensorflow/compiler/jit/xla_gpu_device.cc:99] Not creating XLA devices, tf_xla_enable_xla_devices not set
maxFreq at 10nA: 1000.0
2021-04-21 19:06:20.529040: I tensorflow/compiler/jit/xla_gpu_device.cc:99] Not creating XLA devices, tf_xla_enable_xla_devices not set
2021-04-21 19:06:33.611953: I tensorflow/compiler/jit/xla_gpu_device.cc:99] Not creating XLA devices, tf_xla_enable_xla_devices not set
mse and spike frequency: 0.11775 0.0
[32m[I 2021-04-21 19:06:45,705][0m Trial 59 finished with values: [0.11775, 0.0] with parameters: {'Vahp': -40.0, 'Vth': -54.0, 'Vmax': 37.5, 't_ref': 20.0, 'R': 1.0, 'tau_m': 442.5, 'rate_low': 39.5, 'rate_high': 50.0}.[0m
2021-04-21 19:06:46.151326: I tensorflow/compiler/jit/xla_gpu_device.cc:99] Not creating XLA devices, tf_xla_enable_xla_devices not set
maxFreq at 10nA: 200.0
2021-04-21 19:07:07.799959: I tensorflow/compiler/jit/xla_gpu_device.cc:99] Not creating XLA devices, tf_xla_enable_xla_devices not set
2021-04-21 19:07:20.776910: I tensorflow/compiler/jit/xla_gpu_device.cc:99] Not creating XLA devices, tf_xla_enable_xla_devices not set
mse and spike frequency: 0.11775 0.0
[32m[I 2021-04-21 19:07:32,494][0m Trial 60 finished with values: [0.11775, 0.0] with parameters: {'Vahp': -31.0, 'Vth': -28.0, 'Vmax': 18.0, 't_ref': 4.0, 'R': 0.4, 'tau_m': 12.0, 'rate_low': 29.5, 'rate_high': 26.5}.[0m
2021-04-21 19:07:32.938389: I tensorflow/compiler/jit/xla_gpu_device.cc:99] Not creating XLA devices, tf_xla_enable_xla_devices not set
maxFreq at 10nA: 1000.0
2021-04-21 19:07:55.031141: I tensorflow/compiler/jit/xla_gpu_device.cc:99] Not creating XLA devices, tf_xla_enable_xla_devices not set
2021-04-21 19:08:08.399892: I tensorflow/compiler/jit/xla_gpu_device.cc:99] Not creating XLA devices, tf_xla_enable_xla_devices not set
mse and spike frequency: 0.11775 0.0
[32m[I 2021-04-21 19:08:19,873][0m Trial 61 finished with values: [0.11775, 0.0] with parameters: {'Vahp': -37.5, 'Vth': -58.0, 'Vmax': 22.5, 't_ref': 2.5, 'R': 0.8, 'tau_m': 254.5, 'rate_low': 14.5, 'rate_high': 49.0}.[0m
2021-04-21 19:08:20.381122: I tensorflow/compiler/jit/xla_gpu_device.cc:99] Not creating XLA devices, tf_xla_enable_xla_devices not set
maxFreq at 10nA: 91.0
2021-04-21 19:08:42.344994: I tensorflow/compiler/jit/xla_gpu_device.cc:99] Not creating XLA devices, tf_xla_enable_xla_devices not set
2021-04-21 19:08:55.197329: I tensorflow/compiler/jit/xla_gpu_device.cc:99] Not creating XLA devices, tf_xla_enable_xla_devices not set
mse and spike frequency: 0.00068 24.52
[32m[I 2021-04-21 19:09:07,524][0m Trial 62 finished with values: [0.00068, 24.52] with parameters: {'Vahp': -50.5, 'Vth': -39.5, 'Vmax': 32.0, 't_ref': 10.0, 'R': 0.30000000000000004, 'tau_m': 112.5, 'rate_low': 32.5, 'rate_high': 38.0}.[0m
2021-04-21 19:09:08.095649: I tensorflow/compiler/jit/xla_gpu_device.cc:99] Not creating XLA devices, tf_xla_enable_xla_devices not set
maxFreq at 10nA: 42.0
2021-04-21 19:09:30.587645: I tensorflow/compiler/jit/xla_gpu_device.cc:99] Not creating XLA devices, tf_xla_enable_xla_devices not set
2021-04-21 19:09:43.540224: I tensorflow/compiler/jit/xla_gpu_device.cc:99] Not creating XLA devices, tf_xla_enable_xla_devices not set
mse and spike frequency: 0.02678 1.24
[32m[I 2021-04-21 19:09:55,955][0m Trial 63 finished with values: [0.02678, 1.24] with parameters: {'Vahp': -54.5, 'Vth': -22.0, 'Vmax': 25.5, 't_ref': 9.5, 'R': 0.1, 'tau_m': 415.5, 'rate_low': 32.5, 'rate_high': 38.0}.[0m
2021-04-21 19:09:56.521281: I tensorflow/compiler/jit/xla_gpu_device.cc:99] Not creating XLA devices, tf_xla_enable_xla_devices not set
maxFreq at 10nA: 1000.0
2021-04-21 19:10:19.407705: I tensorflow/compiler/jit/xla_gpu_device.cc:99] Not creating XLA devices, tf_xla_enable_xla_devices not set
2021-04-21 19:10:32.192527: I tensorflow/compiler/jit/xla_gpu_device.cc:99] Not creating XLA devices, tf_xla_enable_xla_devices not set
mse and spike frequency: 0.11775 0.0
[32m[I 2021-04-21 19:10:44,618][0m Trial 64 finished with values: [0.11775, 0.0] with parameters: {'Vahp': -55.0, 'Vth': -58.0, 'Vmax': 32.0, 't_ref': 6.5, 'R': 0.2, 'tau_m': 274.5, 'rate_low': 35.5, 'rate_high': 12.0}.[0m
2021-04-21 19:10:45.195084: I tensorflow/compiler/jit/xla_gpu_device.cc:99] Not creating XLA devices, tf_xla_enable_xla_devices not set
maxFreq at 10nA: 56.0
2021-04-21 19:11:08.253710: I tensorflow/compiler/jit/xla_gpu_device.cc:99] Not creating XLA devices, tf_xla_enable_xla_devices not set
2021-04-21 19:11:21.031653: I tensorflow/compiler/jit/xla_gpu_device.cc:99] Not creating XLA devices, tf_xla_enable_xla_devices not set
mse and spike frequency: 0.00197 2.87
[32m[I 2021-04-21 19:11:34,200][0m Trial 65 finished with values: [0.00197, 2.87] with parameters: {'Vahp': -57.5, 'Vth': -48.5, 'Vmax': 12.5, 't_ref': 17.0, 'R': 0.8, 'tau_m': 174.5, 'rate_low': 12.0, 'rate_high': 22.0}.[0m
2021-04-21 19:11:34.684048: I tensorflow/compiler/jit/xla_gpu_device.cc:99] Not creating XLA devices, tf_xla_enable_xla_devices not set
maxFreq at 10nA: 67.0
2021-04-21 19:11:58.237018: I tensorflow/compiler/jit/xla_gpu_device.cc:99] Not creating XLA devices, tf_xla_enable_xla_devices not set
2021-04-21 19:12:11.085104: I tensorflow/compiler/jit/xla_gpu_device.cc:99] Not creating XLA devices, tf_xla_enable_xla_devices not set
mse and spike frequency: 0.00092 23.79
[32m[I 2021-04-21 19:12:24,735][0m Trial 66 finished with values: [0.00092, 23.79] with parameters: {'Vahp': -41.5, 'Vth': -27.0, 'Vmax': 18.5, 't_ref': 14.0, 'R': 0.6, 'tau_m': 69.0, 'rate_low': 31.0, 'rate_high': 31.5}.[0m
2021-04-21 19:12:25.290975: I tensorflow/compiler/jit/xla_gpu_device.cc:99] Not creating XLA devices, tf_xla_enable_xla_devices not set
maxFreq at 10nA: 91.0
2021-04-21 19:12:48.022226: I tensorflow/compiler/jit/xla_gpu_device.cc:99] Not creating XLA devices, tf_xla_enable_xla_devices not set
2021-04-21 19:13:01.193754: I tensorflow/compiler/jit/xla_gpu_device.cc:99] Not creating XLA devices, tf_xla_enable_xla_devices not set
mse and spike frequency: 0.00074 33.27
[32m[I 2021-04-21 19:13:14,366][0m Trial 67 finished with values: [0.00074, 33.27] with parameters: {'Vahp': -56.5, 'Vth': -36.5, 'Vmax': 32.0, 't_ref': 10.0, 'R': 1.0, 'tau_m': 112.5, 'rate_low': 37.5, 'rate_high': 43.0}.[0m
2021-04-21 19:13:14.850050: I tensorflow/compiler/jit/xla_gpu_device.cc:99] Not creating XLA devices, tf_xla_enable_xla_devices not set
maxFreq at 10nA: 67.0
2021-04-21 19:13:38.670100: I tensorflow/compiler/jit/xla_gpu_device.cc:99] Not creating XLA devices, tf_xla_enable_xla_devices not set
2021-04-21 19:13:52.276520: I tensorflow/compiler/jit/xla_gpu_device.cc:99] Not creating XLA devices, tf_xla_enable_xla_devices not set
mse and spike frequency: 0.00125 7.58
[32m[I 2021-04-21 19:14:05,690][0m Trial 68 finished with values: [0.00125, 7.58] with parameters: {'Vahp': -50.5, 'Vth': -39.5, 'Vmax': 21.0, 't_ref': 12.0, 'R': 0.1, 'tau_m': 207.5, 'rate_low': 32.5, 'rate_high': 38.0}.[0m
2021-04-21 19:14:06.172459: I tensorflow/compiler/jit/xla_gpu_device.cc:99] Not creating XLA devices, tf_xla_enable_xla_devices not set
maxFreq at 10nA: 56.0
2021-04-21 19:14:30.067371: I tensorflow/compiler/jit/xla_gpu_device.cc:99] Not creating XLA devices, tf_xla_enable_xla_devices not set
2021-04-21 19:14:43.406994: I tensorflow/compiler/jit/xla_gpu_device.cc:99] Not creating XLA devices, tf_xla_enable_xla_devices not set
mse and spike frequency: 0.00106 10.13
[32m[I 2021-04-21 19:14:57,167][0m Trial 69 finished with values: [0.00106, 10.13] with parameters: {'Vahp': -54.0, 'Vth': -37.0, 'Vmax': 36.5, 't_ref': 15.0, 'R': 0.2, 'tau_m': 241.5, 'rate_low': 43.5, 'rate_high': 47.5}.[0m
2021-04-21 19:14:57.668156: I tensorflow/compiler/jit/xla_gpu_device.cc:99] Not creating XLA devices, tf_xla_enable_xla_devices not set
maxFreq at 10nA: 1000.0
2021-04-21 19:15:21.448801: I tensorflow/compiler/jit/xla_gpu_device.cc:99] Not creating XLA devices, tf_xla_enable_xla_devices not set
2021-04-21 19:15:35.062737: I tensorflow/compiler/jit/xla_gpu_device.cc:99] Not creating XLA devices, tf_xla_enable_xla_devices not set
mse and spike frequency: 0.11775 0.0
[32m[I 2021-04-21 19:15:48,736][0m Trial 70 finished with values: [0.11775, 0.0] with parameters: {'Vahp': -22.0, 'Vth': -34.0, 'Vmax': 21.0, 't_ref': 7.0, 'R': 0.8, 'tau_m': 12.0, 'rate_low': 29.5, 'rate_high': 45.0}.[0m
2021-04-21 19:15:49.276993: I tensorflow/compiler/jit/xla_gpu_device.cc:99] Not creating XLA devices, tf_xla_enable_xla_devices not set
maxFreq at 10nA: 67.0
2021-04-21 19:16:13.483036: I tensorflow/compiler/jit/xla_gpu_device.cc:99] Not creating XLA devices, tf_xla_enable_xla_devices not set
2021-04-21 19:16:27.589634: I tensorflow/compiler/jit/xla_gpu_device.cc:99] Not creating XLA devices, tf_xla_enable_xla_devices not set
mse and spike frequency: 0.00079 15.67
[32m[I 2021-04-21 19:16:41,402][0m Trial 71 finished with values: [0.00079, 15.67] with parameters: {'Vahp': -54.0, 'Vth': -43.5, 'Vmax': 24.0, 't_ref': 13.0, 'R': 0.30000000000000004, 'tau_m': 295.5, 'rate_low': 39.5, 'rate_high': 44.0}.[0m
2021-04-21 19:16:41.901261: I tensorflow/compiler/jit/xla_gpu_device.cc:99] Not creating XLA devices, tf_xla_enable_xla_devices not set
maxFreq at 10nA: 1000.0
2021-04-21 19:17:06.244877: I tensorflow/compiler/jit/xla_gpu_device.cc:99] Not creating XLA devices, tf_xla_enable_xla_devices not set
2021-04-21 19:17:20.479668: I tensorflow/compiler/jit/xla_gpu_device.cc:99] Not creating XLA devices, tf_xla_enable_xla_devices not set
mse and spike frequency: 0.11775 0.0
[32m[I 2021-04-21 19:17:34,663][0m Trial 72 finished with values: [0.11775, 0.0] with parameters: {'Vahp': -27.0, 'Vth': -52.5, 'Vmax': 17.5, 't_ref': 8.0, 'R': 0.8, 'tau_m': 73.5, 'rate_low': 2.0, 'rate_high': 32.0}.[0m
2021-04-21 19:17:35.156959: I tensorflow/compiler/jit/xla_gpu_device.cc:99] Not creating XLA devices, tf_xla_enable_xla_devices not set
maxFreq at 10nA: 1000.0
2021-04-21 19:17:59.638786: I tensorflow/compiler/jit/xla_gpu_device.cc:99] Not creating XLA devices, tf_xla_enable_xla_devices not set
2021-04-21 19:18:14.363952: I tensorflow/compiler/jit/xla_gpu_device.cc:99] Not creating XLA devices, tf_xla_enable_xla_devices not set
mse and spike frequency: 0.11775 0.0
[32m[I 2021-04-21 19:18:28,442][0m Trial 73 finished with values: [0.11775, 0.0] with parameters: {'Vahp': -29.0, 'Vth': -56.5, 'Vmax': 29.0, 't_ref': 15.5, 'R': 0.30000000000000004, 'tau_m': 37.0, 'rate_low': 46.5, 'rate_high': 46.5}.[0m
2021-04-21 19:18:28.999239: I tensorflow/compiler/jit/xla_gpu_device.cc:99] Not creating XLA devices, tf_xla_enable_xla_devices not set
maxFreq at 10nA: 143.0
2021-04-21 19:18:53.933976: I tensorflow/compiler/jit/xla_gpu_device.cc:99] Not creating XLA devices, tf_xla_enable_xla_devices not set
2021-04-21 19:19:08.801761: I tensorflow/compiler/jit/xla_gpu_device.cc:99] Not creating XLA devices, tf_xla_enable_xla_devices not set
mse and spike frequency: 0.11775 0.0
[32m[I 2021-04-21 19:19:22,923][0m Trial 74 finished with values: [0.11775, 0.0] with parameters: {'Vahp': -42.5, 'Vth': -33.0, 'Vmax': 32.0, 't_ref': 5.5, 'R': 0.4, 'tau_m': 10.5, 'rate_low': 8.0, 'rate_high': 29.5}.[0m
2021-04-21 19:19:23.452825: I tensorflow/compiler/jit/xla_gpu_device.cc:99] Not creating XLA devices, tf_xla_enable_xla_devices not set
maxFreq at 10nA: 1000.0
2021-04-21 19:19:48.745913: I tensorflow/compiler/jit/xla_gpu_device.cc:99] Not creating XLA devices, tf_xla_enable_xla_devices not set
2021-04-21 19:20:03.621011: I tensorflow/compiler/jit/xla_gpu_device.cc:99] Not creating XLA devices, tf_xla_enable_xla_devices not set
mse and spike frequency: 0.11775 0.0
[32m[I 2021-04-21 19:20:17,752][0m Trial 75 finished with values: [0.11775, 0.0] with parameters: {'Vahp': -20.0, 'Vth': -52.0, 'Vmax': 15.5, 't_ref': 10.0, 'R': 0.1, 'tau_m': 40.0, 'rate_low': 31.0, 'rate_high': 13.5}.[0m
2021-04-21 19:20:18.287838: I tensorflow/compiler/jit/xla_gpu_device.cc:99] Not creating XLA devices, tf_xla_enable_xla_devices not set
maxFreq at 10nA: 1000.0
2021-04-21 19:20:43.406018: I tensorflow/compiler/jit/xla_gpu_device.cc:99] Not creating XLA devices, tf_xla_enable_xla_devices not set
2021-04-21 19:20:58.407228: I tensorflow/compiler/jit/xla_gpu_device.cc:99] Not creating XLA devices, tf_xla_enable_xla_devices not set
mse and spike frequency: 0.11775 0.0
[32m[I 2021-04-21 19:21:12,706][0m Trial 76 finished with values: [0.11775, 0.0] with parameters: {'Vahp': -41.5, 'Vth': -57.5, 'Vmax': 25.0, 't_ref': 10.0, 'R': 0.4, 'tau_m': 127.5, 'rate_low': 23.5, 'rate_high': 28.5}.[0m
2021-04-21 19:21:13.188731: I tensorflow/compiler/jit/xla_gpu_device.cc:99] Not creating XLA devices, tf_xla_enable_xla_devices not set
maxFreq at 10nA: 53.0
2021-04-21 19:21:38.963369: I tensorflow/compiler/jit/xla_gpu_device.cc:99] Not creating XLA devices, tf_xla_enable_xla_devices not set
2021-04-21 19:21:54.058543: I tensorflow/compiler/jit/xla_gpu_device.cc:99] Not creating XLA devices, tf_xla_enable_xla_devices not set
mse and spike frequency: 0.00104 18.68
[32m[I 2021-04-21 19:22:08,021][0m Trial 77 finished with values: [0.00104, 18.68] with parameters: {'Vahp': -26.5, 'Vth': -20.5, 'Vmax': 28.5, 't_ref': 17.5, 'R': 0.9, 'tau_m': 383.5, 'rate_low': 23.5, 'rate_high': 49.5}.[0m
2021-04-21 19:22:08.513249: I tensorflow/compiler/jit/xla_gpu_device.cc:99] Not creating XLA devices, tf_xla_enable_xla_devices not set
maxFreq at 10nA: 1000.0
2021-04-21 19:22:33.650905: I tensorflow/compiler/jit/xla_gpu_device.cc:99] Not creating XLA devices, tf_xla_enable_xla_devices not set
2021-04-21 19:22:48.663740: I tensorflow/compiler/jit/xla_gpu_device.cc:99] Not creating XLA devices, tf_xla_enable_xla_devices not set
mse and spike frequency: 0.11771 1000.1
[32m[I 2021-04-21 19:23:03,069][0m Trial 78 finished with values: [0.11771, 1000.1] with parameters: {'Vahp': -41.5, 'Vth': -59.0, 'Vmax': 30.0, 't_ref': 17.5, 'R': 0.6, 'tau_m': 274.5, 'rate_low': 8.0, 'rate_high': 43.5}.[0m
2021-04-21 19:23:03.644865: I tensorflow/compiler/jit/xla_gpu_device.cc:99] Not creating XLA devices, tf_xla_enable_xla_devices not set
maxFreq at 10nA: 1000.0
2021-04-21 19:23:29.076018: I tensorflow/compiler/jit/xla_gpu_device.cc:99] Not creating XLA devices, tf_xla_enable_xla_devices not set
2021-04-21 19:23:44.209763: I tensorflow/compiler/jit/xla_gpu_device.cc:99] Not creating XLA devices, tf_xla_enable_xla_devices not set
mse and spike frequency: 0.11775 0.0
[32m[I 2021-04-21 19:23:58,606][0m Trial 79 finished with values: [0.11775, 0.0] with parameters: {'Vahp': -37.0, 'Vth': -52.5, 'Vmax': 33.0, 't_ref': 19.5, 'R': 0.8, 'tau_m': 73.5, 'rate_low': 12.5, 'rate_high': 14.0}.[0m
2021-04-21 19:23:59.154551: I tensorflow/compiler/jit/xla_gpu_device.cc:99] Not creating XLA devices, tf_xla_enable_xla_devices not set
maxFreq at 10nA: 1000.0
2021-04-21 19:24:24.656649: I tensorflow/compiler/jit/xla_gpu_device.cc:99] Not creating XLA devices, tf_xla_enable_xla_devices not set
2021-04-21 19:24:39.871764: I tensorflow/compiler/jit/xla_gpu_device.cc:99] Not creating XLA devices, tf_xla_enable_xla_devices not set
mse and spike frequency: 0.11775 0.0
[32m[I 2021-04-21 19:24:54,158][0m Trial 80 finished with values: [0.11775, 0.0] with parameters: {'Vahp': -37.5, 'Vth': -58.0, 'Vmax': 22.5, 't_ref': 2.5, 'R': 0.2, 'tau_m': 224.0, 'rate_low': 2.0, 'rate_high': 47.0}.[0m
2021-04-21 19:24:54.705261: I tensorflow/compiler/jit/xla_gpu_device.cc:99] Not creating XLA devices, tf_xla_enable_xla_devices not set
maxFreq at 10nA: 334.0
2021-04-21 19:25:20.569627: I tensorflow/compiler/jit/xla_gpu_device.cc:99] Not creating XLA devices, tf_xla_enable_xla_devices not set
2021-04-21 19:25:35.538214: I tensorflow/compiler/jit/xla_gpu_device.cc:99] Not creating XLA devices, tf_xla_enable_xla_devices not set
mse and spike frequency: 0.00042 12.53
[32m[I 2021-04-21 19:25:49,784][0m Trial 81 finished with values: [0.00042, 12.53] with parameters: {'Vahp': -57.5, 'Vth': -40.5, 'Vmax': 22.0, 't_ref': 1.5, 'R': 0.2, 'tau_m': 46.5, 'rate_low': 18.0, 'rate_high': 27.5}.[0m
2021-04-21 19:25:50.297897: I tensorflow/compiler/jit/xla_gpu_device.cc:99] Not creating XLA devices, tf_xla_enable_xla_devices not set
maxFreq at 10nA: 50.0
2021-04-21 19:26:16.081635: I tensorflow/compiler/jit/xla_gpu_device.cc:99] Not creating XLA devices, tf_xla_enable_xla_devices not set
2021-04-21 19:26:31.070812: I tensorflow/compiler/jit/xla_gpu_device.cc:99] Not creating XLA devices, tf_xla_enable_xla_devices not set
mse and spike frequency: 0.00097 12.64
[32m[I 2021-04-21 19:26:44,686][0m Trial 82 finished with values: [0.00097, 12.64] with parameters: {'Vahp': -58.5, 'Vth': -46.5, 'Vmax': 17.0, 't_ref': 17.5, 'R': 0.2, 'tau_m': 224.0, 'rate_low': 45.5, 'rate_high': 47.0}.[0m
2021-04-21 19:26:45.197153: I tensorflow/compiler/jit/xla_gpu_device.cc:99] Not creating XLA devices, tf_xla_enable_xla_devices not set
maxFreq at 10nA: 1000.0
2021-04-21 19:27:10.596182: I tensorflow/compiler/jit/xla_gpu_device.cc:99] Not creating XLA devices, tf_xla_enable_xla_devices not set
2021-04-21 19:27:25.880425: I tensorflow/compiler/jit/xla_gpu_device.cc:99] Not creating XLA devices, tf_xla_enable_xla_devices not set
mse and spike frequency: 0.11775 0.0
[32m[I 2021-04-21 19:27:39,886][0m Trial 83 finished with values: [0.11775, 0.0] with parameters: {'Vahp': -24.5, 'Vth': -31.5, 'Vmax': 22.0, 't_ref': 5.5, 'R': 0.2, 'tau_m': 46.5, 'rate_low': 8.5, 'rate_high': 12.0}.[0m
2021-04-21 19:27:40.618620: I tensorflow/compiler/jit/xla_gpu_device.cc:99] Not creating XLA devices, tf_xla_enable_xla_devices not set
maxFreq at 10nA: 200.0
2021-04-21 19:28:06.067121: I tensorflow/compiler/jit/xla_gpu_device.cc:99] Not creating XLA devices, tf_xla_enable_xla_devices not set
2021-04-21 19:28:21.924726: I tensorflow/compiler/jit/xla_gpu_device.cc:99] Not creating XLA devices, tf_xla_enable_xla_devices not set
mse and spike frequency: 0.00051 36.6
[32m[I 2021-04-21 19:28:35,308][0m Trial 84 finished with values: [0.00051, 36.6] with parameters: {'Vahp': -28.5, 'Vth': -25.5, 'Vmax': 29.0, 't_ref': 4.0, 'R': 1.0, 'tau_m': 284.5, 'rate_low': 13.0, 'rate_high': 22.5}.[0m
2021-04-21 19:28:35.956051: I tensorflow/compiler/jit/xla_gpu_device.cc:99] Not creating XLA devices, tf_xla_enable_xla_devices not set
maxFreq at 10nA: 1000.0
2021-04-21 19:29:02.066827: I tensorflow/compiler/jit/xla_gpu_device.cc:99] Not creating XLA devices, tf_xla_enable_xla_devices not set
2021-04-21 19:29:18.137949: I tensorflow/compiler/jit/xla_gpu_device.cc:99] Not creating XLA devices, tf_xla_enable_xla_devices not set
mse and spike frequency: 0.11775 0.0
[32m[I 2021-04-21 19:29:32,220][0m Trial 85 finished with values: [0.11775, 0.0] with parameters: {'Vahp': -40.0, 'Vth': -54.0, 'Vmax': 37.5, 't_ref': 7.5, 'R': 0.9, 'tau_m': 442.5, 'rate_low': 9.5, 'rate_high': 33.0}.[0m
2021-04-21 19:29:32.782981: I tensorflow/compiler/jit/xla_gpu_device.cc:99] Not creating XLA devices, tf_xla_enable_xla_devices not set
maxFreq at 10nA: 999.0
2021-04-21 19:29:59.271893: I tensorflow/compiler/jit/xla_gpu_device.cc:99] Not creating XLA devices, tf_xla_enable_xla_devices not set
2021-04-21 19:30:15.488353: I tensorflow/compiler/jit/xla_gpu_device.cc:99] Not creating XLA devices, tf_xla_enable_xla_devices not set
mse and spike frequency: 0.11775 0.0
[32m[I 2021-04-21 19:30:29,970][0m Trial 86 finished with values: [0.11775, 0.0] with parameters: {'Vahp': -31.5, 'Vth': -48.0, 'Vmax': 28.5, 't_ref': 15.0, 'R': 0.30000000000000004, 'tau_m': 453.5, 'rate_low': 35.0, 'rate_high': 40.0}.[0m
2021-04-21 19:30:30.542946: I tensorflow/compiler/jit/xla_gpu_device.cc:99] Not creating XLA devices, tf_xla_enable_xla_devices not set
maxFreq at 10nA: 250.0
2021-04-21 19:30:57.293859: I tensorflow/compiler/jit/xla_gpu_device.cc:99] Not creating XLA devices, tf_xla_enable_xla_devices not set
2021-04-21 19:31:13.555593: I tensorflow/compiler/jit/xla_gpu_device.cc:99] Not creating XLA devices, tf_xla_enable_xla_devices not set
mse and spike frequency: 0.00034 23.77
[32m[I 2021-04-21 19:31:28,055][0m Trial 87 finished with values: [0.00034, 23.77] with parameters: {'Vahp': -37.5, 'Vth': -20.5, 'Vmax': 22.5, 't_ref': 2.5, 'R': 0.8, 'tau_m': 453.5, 'rate_low': 35.0, 'rate_high': 49.0}.[0m
2021-04-21 19:31:28.615295: I tensorflow/compiler/jit/xla_gpu_device.cc:99] Not creating XLA devices, tf_xla_enable_xla_devices not set
maxFreq at 10nA: 91.0
2021-04-21 19:31:54.623931: I tensorflow/compiler/jit/xla_gpu_device.cc:99] Not creating XLA devices, tf_xla_enable_xla_devices not set
2021-04-21 19:32:10.236751: I tensorflow/compiler/jit/xla_gpu_device.cc:99] Not creating XLA devices, tf_xla_enable_xla_devices not set
mse and spike frequency: 0.00566 2.29
[32m[I 2021-04-21 19:32:25,374][0m Trial 88 finished with values: [0.00566, 2.29] with parameters: {'Vahp': -41.5, 'Vth': -27.0, 'Vmax': 18.5, 't_ref': 10.0, 'R': 1.0, 'tau_m': 69.0, 'rate_low': 0.5, 'rate_high': 39.0}.[0m
2021-04-21 19:32:25.948176: I tensorflow/compiler/jit/xla_gpu_device.cc:99] Not creating XLA devices, tf_xla_enable_xla_devices not set
maxFreq at 10nA: 1000.0
2021-04-21 19:32:53.370919: I tensorflow/compiler/jit/xla_gpu_device.cc:99] Not creating XLA devices, tf_xla_enable_xla_devices not set
2021-04-21 19:33:09.042198: I tensorflow/compiler/jit/xla_gpu_device.cc:99] Not creating XLA devices, tf_xla_enable_xla_devices not set
mse and spike frequency: 0.11775 0.0
