[32m[I 2021-04-21 20:33:09,925][0m Trial 142 finished with values: [0.11775, 0.0] with parameters: {'Vahp': -31.5, 'Vth': -53.0, 'Vmax': 17.0, 't_ref': 13.5, 'R': 0.5, 'tau_m': 496.5, 'R_adp': 0.4, 'tau_w': 448.0, 'a': 192.0, 'rate_low': 25.0, 'rate_high': 43.0}.[0m
2021-04-21 20:33:10.577468: I tensorflow/compiler/jit/xla_gpu_device.cc:99] Not creating XLA devices, tf_xla_enable_xla_devices not set
maxFreq at 10nA: 999.0
2021-04-21 20:33:45.075318: I tensorflow/compiler/jit/xla_gpu_device.cc:99] Not creating XLA devices, tf_xla_enable_xla_devices not set
2021-04-21 20:34:08.008866: I tensorflow/compiler/jit/xla_gpu_device.cc:99] Not creating XLA devices, tf_xla_enable_xla_devices not set
mse and spike frequency: 0.11775 0.0
[32m[I 2021-04-21 20:34:29,729][0m Trial 143 finished with values: [0.11775, 0.0] with parameters: {'Vahp': -31.5, 'Vth': -39.5, 'Vmax': 15.5, 't_ref': 6.5, 'R': 0.5, 'tau_m': 457.5, 'R_adp': 0.1, 'tau_w': 236.5, 'a': 192.0, 'rate_low': 32.0, 'rate_high': 33.5}.[0m
2021-04-21 20:34:30.370002: I tensorflow/compiler/jit/xla_gpu_device.cc:99] Not creating XLA devices, tf_xla_enable_xla_devices not set
maxFreq at 10nA: 100.0
2021-04-21 20:35:05.062374: I tensorflow/compiler/jit/xla_gpu_device.cc:99] Not creating XLA devices, tf_xla_enable_xla_devices not set
2021-04-21 20:35:27.719613: I tensorflow/compiler/jit/xla_gpu_device.cc:99] Not creating XLA devices, tf_xla_enable_xla_devices not set
mse and spike frequency: 0.0008 11.19
[32m[I 2021-04-21 20:35:49,483][0m Trial 144 finished with values: [0.0008, 11.19] with parameters: {'Vahp': -42.0, 'Vth': -34.0, 'Vmax': 19.0, 't_ref': 8.5, 'R': 0.9, 'tau_m': 190.0, 'R_adp': 0.9, 'tau_w': 33.5, 'a': 364.5, 'rate_low': 20.5, 'rate_high': 22.0}.[0m
2021-04-21 20:35:50.138089: I tensorflow/compiler/jit/xla_gpu_device.cc:99] Not creating XLA devices, tf_xla_enable_xla_devices not set
maxFreq at 10nA: 1000.0
2021-04-21 20:36:24.401638: I tensorflow/compiler/jit/xla_gpu_device.cc:99] Not creating XLA devices, tf_xla_enable_xla_devices not set
2021-04-21 20:36:46.641113: I tensorflow/compiler/jit/xla_gpu_device.cc:99] Not creating XLA devices, tf_xla_enable_xla_devices not set
mse and spike frequency: 0.11775 0.0
[32m[I 2021-04-21 20:37:08,456][0m Trial 145 finished with values: [0.11775, 0.0] with parameters: {'Vahp': -39.5, 'Vth': -53.5, 'Vmax': 34.5, 't_ref': 20.0, 'R': 0.8, 'tau_m': 139.5, 'R_adp': 0.30000000000000004, 'tau_w': 432.5, 'a': 308.0, 'rate_low': 39.0, 'rate_high': 43.0}.[0m
2021-04-21 20:37:09.149651: I tensorflow/compiler/jit/xla_gpu_device.cc:99] Not creating XLA devices, tf_xla_enable_xla_devices not set
maxFreq at 10nA: 999.0
2021-04-21 20:37:43.824711: I tensorflow/compiler/jit/xla_gpu_device.cc:99] Not creating XLA devices, tf_xla_enable_xla_devices not set
2021-04-21 20:38:06.643272: I tensorflow/compiler/jit/xla_gpu_device.cc:99] Not creating XLA devices, tf_xla_enable_xla_devices not set
mse and spike frequency: 0.11775 0.0
[32m[I 2021-04-21 20:38:29,077][0m Trial 146 finished with values: [0.11775, 0.0] with parameters: {'Vahp': -24.5, 'Vth': -35.5, 'Vmax': 17.0, 't_ref': 13.5, 'R': 0.6, 'tau_m': 496.5, 'R_adp': 0.2, 'tau_w': 448.0, 'a': 98.0, 'rate_low': 25.0, 'rate_high': 43.5}.[0m
2021-04-21 20:38:29.734790: I tensorflow/compiler/jit/xla_gpu_device.cc:99] Not creating XLA devices, tf_xla_enable_xla_devices not set
maxFreq at 10nA: 1000.0
2021-04-21 20:39:04.479972: I tensorflow/compiler/jit/xla_gpu_device.cc:99] Not creating XLA devices, tf_xla_enable_xla_devices not set
2021-04-21 20:39:27.499795: I tensorflow/compiler/jit/xla_gpu_device.cc:99] Not creating XLA devices, tf_xla_enable_xla_devices not set
mse and spike frequency: 0.11775 0.0
[32m[I 2021-04-21 20:39:49,481][0m Trial 147 finished with values: [0.11775, 0.0] with parameters: {'Vahp': -25.0, 'Vth': -51.5, 'Vmax': 35.5, 't_ref': 1.5, 'R': 0.8, 'tau_m': 56.5, 'R_adp': 0.9, 'tau_w': 131.5, 'a': 255.5, 'rate_low': 9.0, 'rate_high': 47.0}.[0m
2021-04-21 20:39:50.133601: I tensorflow/compiler/jit/xla_gpu_device.cc:99] Not creating XLA devices, tf_xla_enable_xla_devices not set
maxFreq at 10nA: 999.0
2021-04-21 20:40:25.029532: I tensorflow/compiler/jit/xla_gpu_device.cc:99] Not creating XLA devices, tf_xla_enable_xla_devices not set
2021-04-21 20:40:48.144382: I tensorflow/compiler/jit/xla_gpu_device.cc:99] Not creating XLA devices, tf_xla_enable_xla_devices not set
mse and spike frequency: 0.11775 0.0
[32m[I 2021-04-21 20:41:10,685][0m Trial 148 finished with values: [0.11775, 0.0] with parameters: {'Vahp': -23.0, 'Vth': -46.0, 'Vmax': 35.5, 't_ref': 9.5, 'R': 0.2, 'tau_m': 190.0, 'R_adp': 0.9, 'tau_w': 113.0, 'a': 255.5, 'rate_low': 36.5, 'rate_high': 45.5}.[0m
2021-04-21 20:41:11.338955: I tensorflow/compiler/jit/xla_gpu_device.cc:99] Not creating XLA devices, tf_xla_enable_xla_devices not set
maxFreq at 10nA: 1000.0
2021-04-21 20:41:46.430785: I tensorflow/compiler/jit/xla_gpu_device.cc:99] Not creating XLA devices, tf_xla_enable_xla_devices not set
2021-04-21 20:42:09.644980: I tensorflow/compiler/jit/xla_gpu_device.cc:99] Not creating XLA devices, tf_xla_enable_xla_devices not set
mse and spike frequency: 0.11775 0.0
[32m[I 2021-04-21 20:42:31,579][0m Trial 149 finished with values: [0.11775, 0.0] with parameters: {'Vahp': -32.0, 'Vth': -36.0, 'Vmax': 14.5, 't_ref': 9.0, 'R': 0.30000000000000004, 'tau_m': 16.0, 'R_adp': 0.7000000000000001, 'tau_w': 194.0, 'a': 152.5, 'rate_low': 31.5, 'rate_high': 48.5}.[0m
2021-04-21 20:42:32.347528: I tensorflow/compiler/jit/xla_gpu_device.cc:99] Not creating XLA devices, tf_xla_enable_xla_devices not set
maxFreq at 10nA: 1000.0
2021-04-21 20:43:07.429014: I tensorflow/compiler/jit/xla_gpu_device.cc:99] Not creating XLA devices, tf_xla_enable_xla_devices not set
2021-04-21 20:43:29.841850: I tensorflow/compiler/jit/xla_gpu_device.cc:99] Not creating XLA devices, tf_xla_enable_xla_devices not set
mse and spike frequency: 0.11775 0.0
[32m[I 2021-04-21 20:43:52,046][0m Trial 150 finished with values: [0.11775, 0.0] with parameters: {'Vahp': -38.5, 'Vth': -50.0, 'Vmax': 17.0, 't_ref': 13.0, 'R': 0.7000000000000001, 'tau_m': 87.0, 'R_adp': 0.8, 'tau_w': 391.5, 'a': 400.5, 'rate_low': 6.5, 'rate_high': 48.0}.[0m
2021-04-21 20:43:52.730431: I tensorflow/compiler/jit/xla_gpu_device.cc:99] Not creating XLA devices, tf_xla_enable_xla_devices not set
maxFreq at 10nA: 1000.0
2021-04-21 20:44:27.913246: I tensorflow/compiler/jit/xla_gpu_device.cc:99] Not creating XLA devices, tf_xla_enable_xla_devices not set
2021-04-21 20:44:50.851910: I tensorflow/compiler/jit/xla_gpu_device.cc:99] Not creating XLA devices, tf_xla_enable_xla_devices not set
mse and spike frequency: 0.11775 0.0
[32m[I 2021-04-21 20:45:13,794][0m Trial 151 finished with values: [0.11775, 0.0] with parameters: {'Vahp': -24.5, 'Vth': -53.5, 'Vmax': 22.0, 't_ref': 20.0, 'R': 1.0, 'tau_m': 242.0, 'R_adp': 0.5, 'tau_w': 403.0, 'a': 353.0, 'rate_low': 48.5, 'rate_high': 43.5}.[0m
2021-04-21 20:45:14.514464: I tensorflow/compiler/jit/xla_gpu_device.cc:99] Not creating XLA devices, tf_xla_enable_xla_devices not set
maxFreq at 10nA: 1000.0
2021-04-21 20:45:49.924156: I tensorflow/compiler/jit/xla_gpu_device.cc:99] Not creating XLA devices, tf_xla_enable_xla_devices not set
2021-04-21 20:46:12.870109: I tensorflow/compiler/jit/xla_gpu_device.cc:99] Not creating XLA devices, tf_xla_enable_xla_devices not set
mse and spike frequency: 0.11775 0.0
[32m[I 2021-04-21 20:46:36,036][0m Trial 152 finished with values: [0.11775, 0.0] with parameters: {'Vahp': -32.0, 'Vth': -50.0, 'Vmax': 14.5, 't_ref': 9.0, 'R': 0.5, 'tau_m': 16.0, 'R_adp': 0.2, 'tau_w': 194.0, 'a': 358.5, 'rate_low': 48.5, 'rate_high': 50.0}.[0m
2021-04-21 20:46:36.719067: I tensorflow/compiler/jit/xla_gpu_device.cc:99] Not creating XLA devices, tf_xla_enable_xla_devices not set
maxFreq at 10nA: 1000.0
2021-04-21 20:47:12.036407: I tensorflow/compiler/jit/xla_gpu_device.cc:99] Not creating XLA devices, tf_xla_enable_xla_devices not set
2021-04-21 20:47:35.162520: I tensorflow/compiler/jit/xla_gpu_device.cc:99] Not creating XLA devices, tf_xla_enable_xla_devices not set
mse and spike frequency: 0.11775 0.0
[32m[I 2021-04-21 20:47:57,504][0m Trial 153 finished with values: [0.11775, 0.0] with parameters: {'Vahp': -20.5, 'Vth': -54.5, 'Vmax': 15.5, 't_ref': 20.0, 'R': 0.7000000000000001, 'tau_m': 328.5, 'R_adp': 0.7000000000000001, 'tau_w': 154.5, 'a': 358.5, 'rate_low': 6.5, 'rate_high': 30.5}.[0m
2021-04-21 20:47:58.217805: I tensorflow/compiler/jit/xla_gpu_device.cc:99] Not creating XLA devices, tf_xla_enable_xla_devices not set
maxFreq at 10nA: 1000.0
2021-04-21 20:48:33.884932: I tensorflow/compiler/jit/xla_gpu_device.cc:99] Not creating XLA devices, tf_xla_enable_xla_devices not set
2021-04-21 20:48:56.719720: I tensorflow/compiler/jit/xla_gpu_device.cc:99] Not creating XLA devices, tf_xla_enable_xla_devices not set
mse and spike frequency: 0.11775 0.0
[32m[I 2021-04-21 20:49:19,276][0m Trial 154 finished with values: [0.11775, 0.0] with parameters: {'Vahp': -34.0, 'Vth': -54.5, 'Vmax': 36.5, 't_ref': 14.5, 'R': 0.9, 'tau_m': 12.5, 'R_adp': 0.9, 'tau_w': 279.0, 'a': 353.0, 'rate_low': 47.0, 'rate_high': 49.5}.[0m
2021-04-21 20:49:19.989232: I tensorflow/compiler/jit/xla_gpu_device.cc:99] Not creating XLA devices, tf_xla_enable_xla_devices not set
maxFreq at 10nA: 1000.0
2021-04-21 20:49:55.620439: I tensorflow/compiler/jit/xla_gpu_device.cc:99] Not creating XLA devices, tf_xla_enable_xla_devices not set
2021-04-21 20:50:18.868201: I tensorflow/compiler/jit/xla_gpu_device.cc:99] Not creating XLA devices, tf_xla_enable_xla_devices not set
mse and spike frequency: 0.11775 0.0
[32m[I 2021-04-21 20:50:42,052][0m Trial 155 finished with values: [0.11775, 0.0] with parameters: {'Vahp': -23.0, 'Vth': -46.0, 'Vmax': 21.0, 't_ref': 9.0, 'R': 0.2, 'tau_m': 96.5, 'R_adp': 0.30000000000000004, 'tau_w': 364.0, 'a': 255.5, 'rate_low': 4.5, 'rate_high': 43.0}.[0m
2021-04-21 20:50:42.785004: I tensorflow/compiler/jit/xla_gpu_device.cc:99] Not creating XLA devices, tf_xla_enable_xla_devices not set
maxFreq at 10nA: 1000.0
2021-04-21 20:51:18.308658: I tensorflow/compiler/jit/xla_gpu_device.cc:99] Not creating XLA devices, tf_xla_enable_xla_devices not set
2021-04-21 20:51:42.119951: I tensorflow/compiler/jit/xla_gpu_device.cc:99] Not creating XLA devices, tf_xla_enable_xla_devices not set
mse and spike frequency: 0.11775 0.0
[32m[I 2021-04-21 20:52:05,317][0m Trial 156 finished with values: [0.11775, 0.0] with parameters: {'Vahp': -38.5, 'Vth': -54.5, 'Vmax': 15.5, 't_ref': 6.5, 'R': 0.8, 'tau_m': 132.5, 'R_adp': 0.7000000000000001, 'tau_w': 131.5, 'a': 243.5, 'rate_low': 6.5, 'rate_high': 47.0}.[0m
2021-04-21 20:52:06.077583: I tensorflow/compiler/jit/xla_gpu_device.cc:99] Not creating XLA devices, tf_xla_enable_xla_devices not set
maxFreq at 10nA: 999.0
2021-04-21 20:52:41.643224: I tensorflow/compiler/jit/xla_gpu_device.cc:99] Not creating XLA devices, tf_xla_enable_xla_devices not set
2021-04-21 20:53:05.042762: I tensorflow/compiler/jit/xla_gpu_device.cc:99] Not creating XLA devices, tf_xla_enable_xla_devices not set
mse and spike frequency: 0.11775 0.0
[32m[I 2021-04-21 20:53:28,184][0m Trial 157 finished with values: [0.11775, 0.0] with parameters: {'Vahp': -23.0, 'Vth': -46.0, 'Vmax': 35.5, 't_ref': 9.5, 'R': 0.2, 'tau_m': 190.0, 'R_adp': 0.9, 'tau_w': 113.0, 'a': 255.5, 'rate_low': 9.0, 'rate_high': 45.5}.[0m
2021-04-21 20:53:28.915027: I tensorflow/compiler/jit/xla_gpu_device.cc:99] Not creating XLA devices, tf_xla_enable_xla_devices not set
maxFreq at 10nA: 100.0
2021-04-21 20:54:05.239158: I tensorflow/compiler/jit/xla_gpu_device.cc:99] Not creating XLA devices, tf_xla_enable_xla_devices not set
2021-04-21 20:54:28.182373: I tensorflow/compiler/jit/xla_gpu_device.cc:99] Not creating XLA devices, tf_xla_enable_xla_devices not set
mse and spike frequency: 11.84073 14.97
[32m[I 2021-04-21 20:54:51,400][0m Trial 158 finished with values: [11.84073, 14.97] with parameters: {'Vahp': -39.5, 'Vth': -33.0, 'Vmax': 22.0, 't_ref': 9.0, 'R': 0.8, 'tau_m': 242.0, 'R_adp': 0.30000000000000004, 'tau_w': 432.5, 'a': 349.5, 'rate_low': 8.5, 'rate_high': 43.0}.[0m
2021-04-21 20:54:52.132494: I tensorflow/compiler/jit/xla_gpu_device.cc:99] Not creating XLA devices, tf_xla_enable_xla_devices not set
maxFreq at 10nA: 67.0
2021-04-21 20:55:27.783554: I tensorflow/compiler/jit/xla_gpu_device.cc:99] Not creating XLA devices, tf_xla_enable_xla_devices not set
2021-04-21 20:55:50.602507: I tensorflow/compiler/jit/xla_gpu_device.cc:99] Not creating XLA devices, tf_xla_enable_xla_devices not set
mse and spike frequency: 0.3798 4.84
[32m[I 2021-04-21 20:56:14,022][0m Trial 159 finished with values: [0.3798, 4.84] with parameters: {'Vahp': -50.5, 'Vth': -41.5, 'Vmax': 24.5, 't_ref': 13.5, 'R': 0.1, 'tau_m': 56.5, 'R_adp': 0.9, 'tau_w': 131.5, 'a': 36.0, 'rate_low': 29.0, 'rate_high': 34.0}.[0m
2021-04-21 20:56:14.853873: I tensorflow/compiler/jit/xla_gpu_device.cc:99] Not creating XLA devices, tf_xla_enable_xla_devices not set
maxFreq at 10nA: 1000.0
2021-04-21 20:56:51.288447: I tensorflow/compiler/jit/xla_gpu_device.cc:99] Not creating XLA devices, tf_xla_enable_xla_devices not set
2021-04-21 20:57:14.595298: I tensorflow/compiler/jit/xla_gpu_device.cc:99] Not creating XLA devices, tf_xla_enable_xla_devices not set
mse and spike frequency: 0.11775 0.0
[32m[I 2021-04-21 20:57:37,964][0m Trial 160 finished with values: [0.11775, 0.0] with parameters: {'Vahp': -31.5, 'Vth': -54.5, 'Vmax': 25.0, 't_ref': 19.5, 'R': 0.8, 'tau_m': 190.0, 'R_adp': 0.5, 'tau_w': 113.0, 'a': 255.5, 'rate_low': 36.5, 'rate_high': 45.5}.[0m
2021-04-21 20:57:38.703142: I tensorflow/compiler/jit/xla_gpu_device.cc:99] Not creating XLA devices, tf_xla_enable_xla_devices not set
maxFreq at 10nA: 1000.0
2021-04-21 20:58:15.499393: I tensorflow/compiler/jit/xla_gpu_device.cc:99] Not creating XLA devices, tf_xla_enable_xla_devices not set
2021-04-21 20:58:39.133586: I tensorflow/compiler/jit/xla_gpu_device.cc:99] Not creating XLA devices, tf_xla_enable_xla_devices not set
mse and spike frequency: 0.11775 0.0
[32m[I 2021-04-21 20:59:02,963][0m Trial 161 finished with values: [0.11775, 0.0] with parameters: {'Vahp': -38.0, 'Vth': -39.5, 'Vmax': 36.5, 't_ref': 6.5, 'R': 0.9, 'tau_m': 420.5, 'R_adp': 1.0, 'tau_w': 279.0, 'a': 488.0, 'rate_low': 47.0, 'rate_high': 34.5}.[0m
2021-04-21 20:59:03.679280: I tensorflow/compiler/jit/xla_gpu_device.cc:99] Not creating XLA devices, tf_xla_enable_xla_devices not set
maxFreq at 10nA: 1000.0
2021-04-21 20:59:40.194350: I tensorflow/compiler/jit/xla_gpu_device.cc:99] Not creating XLA devices, tf_xla_enable_xla_devices not set
2021-04-21 21:00:03.697953: I tensorflow/compiler/jit/xla_gpu_device.cc:99] Not creating XLA devices, tf_xla_enable_xla_devices not set
mse and spike frequency: 0.11775 0.0
[32m[I 2021-04-21 21:00:28,075][0m Trial 162 finished with values: [0.11775, 0.0] with parameters: {'Vahp': -32.5, 'Vth': -47.0, 'Vmax': 36.5, 't_ref': 6.0, 'R': 1.0, 'tau_m': 433.0, 'R_adp': 0.8, 'tau_w': 316.0, 'a': 489.0, 'rate_low': 6.0, 'rate_high': 30.5}.[0m
2021-04-21 21:00:28.837396: I tensorflow/compiler/jit/xla_gpu_device.cc:99] Not creating XLA devices, tf_xla_enable_xla_devices not set
maxFreq at 10nA: 999.0
2021-04-21 21:01:05.604360: I tensorflow/compiler/jit/xla_gpu_device.cc:99] Not creating XLA devices, tf_xla_enable_xla_devices not set
2021-04-21 21:01:29.551858: I tensorflow/compiler/jit/xla_gpu_device.cc:99] Not creating XLA devices, tf_xla_enable_xla_devices not set
mse and spike frequency: 0.11775 0.0
[32m[I 2021-04-21 21:01:53,402][0m Trial 163 finished with values: [0.11775, 0.0] with parameters: {'Vahp': -29.0, 'Vth': -39.5, 'Vmax': 14.5, 't_ref': 13.5, 'R': 0.6, 'tau_m': 496.5, 'R_adp': 0.2, 'tau_w': 107.0, 'a': 434.5, 'rate_low': 25.0, 'rate_high': 43.5}.[0m
2021-04-21 21:01:54.131511: I tensorflow/compiler/jit/xla_gpu_device.cc:99] Not creating XLA devices, tf_xla_enable_xla_devices not set
maxFreq at 10nA: 48.0
2021-04-21 21:02:30.763722: I tensorflow/compiler/jit/xla_gpu_device.cc:99] Not creating XLA devices, tf_xla_enable_xla_devices not set
2021-04-21 21:02:55.137631: I tensorflow/compiler/jit/xla_gpu_device.cc:99] Not creating XLA devices, tf_xla_enable_xla_devices not set
mse and spike frequency: 0.23347 7.19
[32m[I 2021-04-21 21:03:18,951][0m Trial 164 finished with values: [0.23347, 7.19] with parameters: {'Vahp': -38.5, 'Vth': -35.5, 'Vmax': 15.5, 't_ref': 20.0, 'R': 0.6, 'tau_m': 353.5, 'R_adp': 0.6, 'tau_w': 184.5, 'a': 98.0, 'rate_low': 8.5, 'rate_high': 43.5}.[0m
2021-04-21 21:03:19.712423: I tensorflow/compiler/jit/xla_gpu_device.cc:99] Not creating XLA devices, tf_xla_enable_xla_devices not set
maxFreq at 10nA: 56.0
2021-04-21 21:03:56.494740: I tensorflow/compiler/jit/xla_gpu_device.cc:99] Not creating XLA devices, tf_xla_enable_xla_devices not set
2021-04-21 21:04:20.958228: I tensorflow/compiler/jit/xla_gpu_device.cc:99] Not creating XLA devices, tf_xla_enable_xla_devices not set
mse and spike frequency: 0.00662 4.69
[32m[I 2021-04-21 21:04:45,338][0m Trial 165 finished with values: [0.00662, 4.69] with parameters: {'Vahp': -48.0, 'Vth': -37.5, 'Vmax': 16.5, 't_ref': 14.5, 'R': 0.2, 'tau_m': 276.5, 'R_adp': 0.9, 'tau_w': 98.0, 'a': 128.5, 'rate_low': 42.5, 'rate_high': 44.0}.[0m
2021-04-21 21:04:46.082608: I tensorflow/compiler/jit/xla_gpu_device.cc:99] Not creating XLA devices, tf_xla_enable_xla_devices not set
maxFreq at 10nA: 998.0
2021-04-21 21:05:23.213394: I tensorflow/compiler/jit/xla_gpu_device.cc:99] Not creating XLA devices, tf_xla_enable_xla_devices not set
2021-04-21 21:05:48.162920: I tensorflow/compiler/jit/xla_gpu_device.cc:99] Not creating XLA devices, tf_xla_enable_xla_devices not set
mse and spike frequency: 0.11775 0.0
[32m[I 2021-04-21 21:06:12,492][0m Trial 166 finished with values: [0.11775, 0.0] with parameters: {'Vahp': -23.0, 'Vth': -24.0, 'Vmax': 24.5, 't_ref': 11.5, 'R': 0.6, 'tau_m': 359.5, 'R_adp': 0.2, 'tau_w': 484.0, 'a': 294.5, 'rate_low': 16.5, 'rate_high': 41.0}.[0m
2021-04-21 21:06:13.224657: I tensorflow/compiler/jit/xla_gpu_device.cc:99] Not creating XLA devices, tf_xla_enable_xla_devices not set
maxFreq at 10nA: 143.0
2021-04-21 21:06:49.856882: I tensorflow/compiler/jit/xla_gpu_device.cc:99] Not creating XLA devices, tf_xla_enable_xla_devices not set
2021-04-21 21:07:14.618811: I tensorflow/compiler/jit/xla_gpu_device.cc:99] Not creating XLA devices, tf_xla_enable_xla_devices not set
mse and spike frequency: 2.45269 4.89
[32m[I 2021-04-21 21:07:39,621][0m Trial 167 finished with values: [2.45269, 4.89] with parameters: {'Vahp': -42.0, 'Vth': -41.5, 'Vmax': 26.5, 't_ref': 6.0, 'R': 0.8, 'tau_m': 66.5, 'R_adp': 0.8, 'tau_w': 113.0, 'a': 495.0, 'rate_low': 6.0, 'rate_high': 41.0}.[0m
2021-04-21 21:07:40.330306: I tensorflow/compiler/jit/xla_gpu_device.cc:99] Not creating XLA devices, tf_xla_enable_xla_devices not set
maxFreq at 10nA: 67.0
2021-04-21 21:08:17.935398: I tensorflow/compiler/jit/xla_gpu_device.cc:99] Not creating XLA devices, tf_xla_enable_xla_devices not set
2021-04-21 21:08:43.028783: I tensorflow/compiler/jit/xla_gpu_device.cc:99] Not creating XLA devices, tf_xla_enable_xla_devices not set
mse and spike frequency: 0.27782 2.69
[32m[I 2021-04-21 21:09:08,227][0m Trial 168 finished with values: [0.27782, 2.69] with parameters: {'Vahp': -42.0, 'Vth': -24.5, 'Vmax': 25.0, 't_ref': 14.0, 'R': 0.9, 'tau_m': 66.5, 'R_adp': 0.9, 'tau_w': 113.0, 'a': 495.0, 'rate_low': 9.0, 'rate_high': 23.5}.[0m
2021-04-21 21:09:09.026604: I tensorflow/compiler/jit/xla_gpu_device.cc:99] Not creating XLA devices, tf_xla_enable_xla_devices not set
maxFreq at 10nA: 250.0
2021-04-21 21:09:46.502728: I tensorflow/compiler/jit/xla_gpu_device.cc:99] Not creating XLA devices, tf_xla_enable_xla_devices not set
2021-04-21 21:10:12.487817: I tensorflow/compiler/jit/xla_gpu_device.cc:99] Not creating XLA devices, tf_xla_enable_xla_devices not set
mse and spike frequency: 0.00069 9.63
[32m[I 2021-04-21 21:10:37,709][0m Trial 169 finished with values: [0.00069, 9.63] with parameters: {'Vahp': -25.0, 'Vth': -24.5, 'Vmax': 35.5, 't_ref': 2.5, 'R': 1.0, 'tau_m': 399.0, 'R_adp': 0.9, 'tau_w': 48.5, 'a': 255.5, 'rate_low': 9.0, 'rate_high': 47.0}.[0m
2021-04-21 21:10:38.483978: I tensorflow/compiler/jit/xla_gpu_device.cc:99] Not creating XLA devices, tf_xla_enable_xla_devices not set
maxFreq at 10nA: 999.0
2021-04-21 21:11:15.783443: I tensorflow/compiler/jit/xla_gpu_device.cc:99] Not creating XLA devices, tf_xla_enable_xla_devices not set
2021-04-21 21:11:41.471012: I tensorflow/compiler/jit/xla_gpu_device.cc:99] Not creating XLA devices, tf_xla_enable_xla_devices not set
mse and spike frequency: 0.11775 0.0
[32m[I 2021-04-21 21:12:06,859][0m Trial 170 finished with values: [0.11775, 0.0] with parameters: {'Vahp': -31.5, 'Vth': -39.5, 'Vmax': 17.0, 't_ref': 13.5, 'R': 0.5, 'tau_m': 496.5, 'R_adp': 0.4, 'tau_w': 236.5, 'a': 192.0, 'rate_low': 32.0, 'rate_high': 43.0}.[0m
2021-04-21 21:12:07.585672: I tensorflow/compiler/jit/xla_gpu_device.cc:99] Not creating XLA devices, tf_xla_enable_xla_devices not set
maxFreq at 10nA: 1000.0
2021-04-21 21:12:45.117417: I tensorflow/compiler/jit/xla_gpu_device.cc:99] Not creating XLA devices, tf_xla_enable_xla_devices not set
2021-04-21 21:13:11.458072: I tensorflow/compiler/jit/xla_gpu_device.cc:99] Not creating XLA devices, tf_xla_enable_xla_devices not set
mse and spike frequency: 0.11775 0.0
