[32m[I 2021-04-21 19:02:42,879][0m Trial 55 finished with values: [0.11775, 0.0] with parameters: {'Vahp': -27.5, 'Vth': -31.0, 'Vmax': 38.0, 't_ref': 14.5, 'R': 0.1, 'tau_m': 36.5, 'R_adp': 0.30000000000000004, 'tau_w': 227.5, 'a': 57.5, 'rate_low': 38.5, 'rate_high': 45.5}.[0m
2021-04-21 19:02:43.331174: I tensorflow/compiler/jit/xla_gpu_device.cc:99] Not creating XLA devices, tf_xla_enable_xla_devices not set
maxFreq at 10nA: 63.0
2021-04-21 19:03:06.024925: I tensorflow/compiler/jit/xla_gpu_device.cc:99] Not creating XLA devices, tf_xla_enable_xla_devices not set
2021-04-21 19:03:17.320831: I tensorflow/compiler/jit/xla_gpu_device.cc:99] Not creating XLA devices, tf_xla_enable_xla_devices not set
mse and spike frequency: 0.5473 7.81
[32m[I 2021-04-21 19:03:29,360][0m Trial 56 finished with values: [0.5473, 7.81] with parameters: {'Vahp': -35.0, 'Vth': -25.5, 'Vmax': 16.0, 't_ref': 15.0, 'R': 0.8, 'tau_m': 496.0, 'R_adp': 0.5, 'tau_w': 443.5, 'a': 211.0, 'rate_low': 36.5, 'rate_high': 42.0}.[0m
2021-04-21 19:03:29.811322: I tensorflow/compiler/jit/xla_gpu_device.cc:99] Not creating XLA devices, tf_xla_enable_xla_devices not set
maxFreq at 10nA: 1000.0
2021-04-21 19:03:53.093507: I tensorflow/compiler/jit/xla_gpu_device.cc:99] Not creating XLA devices, tf_xla_enable_xla_devices not set
2021-04-21 19:04:04.524148: I tensorflow/compiler/jit/xla_gpu_device.cc:99] Not creating XLA devices, tf_xla_enable_xla_devices not set
mse and spike frequency: 0.11775 0.0
[32m[I 2021-04-21 19:04:16,615][0m Trial 57 finished with values: [0.11775, 0.0] with parameters: {'Vahp': -45.5, 'Vth': -46.5, 'Vmax': 14.0, 't_ref': 12.5, 'R': 0.8, 'tau_m': 102.0, 'R_adp': 0.9, 'tau_w': 114.5, 'a': 67.5, 'rate_low': 46.5, 'rate_high': 45.0}.[0m
2021-04-21 19:04:17.162662: I tensorflow/compiler/jit/xla_gpu_device.cc:99] Not creating XLA devices, tf_xla_enable_xla_devices not set
maxFreq at 10nA: 77.0
2021-04-21 19:04:40.232003: I tensorflow/compiler/jit/xla_gpu_device.cc:99] Not creating XLA devices, tf_xla_enable_xla_devices not set
2021-04-21 19:04:52.436455: I tensorflow/compiler/jit/xla_gpu_device.cc:99] Not creating XLA devices, tf_xla_enable_xla_devices not set
mse and spike frequency: 0.00171 17.49
[32m[I 2021-04-21 19:05:05,205][0m Trial 58 finished with values: [0.00171, 17.49] with parameters: {'Vahp': -28.5, 'Vth': -25.5, 'Vmax': 12.5, 't_ref': 11.5, 'R': 0.30000000000000004, 'tau_m': 371.0, 'R_adp': 0.1, 'tau_w': 460.5, 'a': 64.5, 'rate_low': 44.5, 'rate_high': 47.0}.[0m
2021-04-21 19:05:05.724637: I tensorflow/compiler/jit/xla_gpu_device.cc:99] Not creating XLA devices, tf_xla_enable_xla_devices not set
maxFreq at 10nA: 1000.0
2021-04-21 19:05:29.016478: I tensorflow/compiler/jit/xla_gpu_device.cc:99] Not creating XLA devices, tf_xla_enable_xla_devices not set
2021-04-21 19:05:41.718639: I tensorflow/compiler/jit/xla_gpu_device.cc:99] Not creating XLA devices, tf_xla_enable_xla_devices not set
mse and spike frequency: 0.11775 0.0
[32m[I 2021-04-21 19:05:54,153][0m Trial 59 finished with values: [0.11775, 0.0] with parameters: {'Vahp': -28.5, 'Vth': -50.5, 'Vmax': 17.5, 't_ref': 20.0, 'R': 0.2, 'tau_m': 81.5, 'R_adp': 0.9, 'tau_w': 151.0, 'a': 370.0, 'rate_low': 1.0, 'rate_high': 47.5}.[0m
2021-04-21 19:05:54.763182: I tensorflow/compiler/jit/xla_gpu_device.cc:99] Not creating XLA devices, tf_xla_enable_xla_devices not set
maxFreq at 10nA: 100.0
2021-04-21 19:06:17.478326: I tensorflow/compiler/jit/xla_gpu_device.cc:99] Not creating XLA devices, tf_xla_enable_xla_devices not set
2021-04-21 19:06:30.135853: I tensorflow/compiler/jit/xla_gpu_device.cc:99] Not creating XLA devices, tf_xla_enable_xla_devices not set
mse and spike frequency: 0.00194 19.76
[32m[I 2021-04-21 19:06:42,532][0m Trial 60 finished with values: [0.00194, 19.76] with parameters: {'Vahp': -51.0, 'Vth': -43.0, 'Vmax': 38.0, 't_ref': 8.5, 'R': 0.7000000000000001, 'tau_m': 374.0, 'R_adp': 0.5, 'tau_w': 227.5, 'a': 57.5, 'rate_low': 40.5, 'rate_high': 41.0}.[0m
2021-04-21 19:06:43.117052: I tensorflow/compiler/jit/xla_gpu_device.cc:99] Not creating XLA devices, tf_xla_enable_xla_devices not set
maxFreq at 10nA: 1000.0
2021-04-21 19:07:05.996059: I tensorflow/compiler/jit/xla_gpu_device.cc:99] Not creating XLA devices, tf_xla_enable_xla_devices not set
2021-04-21 19:07:19.169696: I tensorflow/compiler/jit/xla_gpu_device.cc:99] Not creating XLA devices, tf_xla_enable_xla_devices not set
mse and spike frequency: 0.11771 1000.1
[32m[I 2021-04-21 19:07:31,543][0m Trial 61 finished with values: [0.11771, 1000.1] with parameters: {'Vahp': -31.0, 'Vth': -59.0, 'Vmax': 39.5, 't_ref': 12.5, 'R': 0.1, 'tau_m': 102.0, 'R_adp': 0.9, 'tau_w': 241.5, 'a': 268.0, 'rate_low': 6.0, 'rate_high': 45.0}.[0m
2021-04-21 19:07:32.011912: I tensorflow/compiler/jit/xla_gpu_device.cc:99] Not creating XLA devices, tf_xla_enable_xla_devices not set
maxFreq at 10nA: 1000.0
2021-04-21 19:07:54.737771: I tensorflow/compiler/jit/xla_gpu_device.cc:99] Not creating XLA devices, tf_xla_enable_xla_devices not set
2021-04-21 19:08:08.243781: I tensorflow/compiler/jit/xla_gpu_device.cc:99] Not creating XLA devices, tf_xla_enable_xla_devices not set
mse and spike frequency: 0.11775 0.0
[32m[I 2021-04-21 19:08:20,233][0m Trial 62 finished with values: [0.11775, 0.0] with parameters: {'Vahp': -31.5, 'Vth': -43.0, 'Vmax': 13.0, 't_ref': 8.0, 'R': 0.7000000000000001, 'tau_m': 374.0, 'R_adp': 0.8, 'tau_w': 39.5, 'a': 6.5, 'rate_low': 13.0, 'rate_high': 41.0}.[0m
2021-04-21 19:08:20.692573: I tensorflow/compiler/jit/xla_gpu_device.cc:99] Not creating XLA devices, tf_xla_enable_xla_devices not set
maxFreq at 10nA: 1000.0
2021-04-21 19:08:43.532321: I tensorflow/compiler/jit/xla_gpu_device.cc:99] Not creating XLA devices, tf_xla_enable_xla_devices not set
2021-04-21 19:08:57.221904: I tensorflow/compiler/jit/xla_gpu_device.cc:99] Not creating XLA devices, tf_xla_enable_xla_devices not set
mse and spike frequency: 0.11775 0.0
[32m[I 2021-04-21 19:09:09,376][0m Trial 63 finished with values: [0.11775, 0.0] with parameters: {'Vahp': -28.0, 'Vth': -43.0, 'Vmax': 10.0, 't_ref': 18.0, 'R': 1.0, 'tau_m': 81.5, 'R_adp': 0.9, 'tau_w': 241.5, 'a': 268.0, 'rate_low': 6.0, 'rate_high': 29.5}.[0m
2021-04-21 19:09:09.827100: I tensorflow/compiler/jit/xla_gpu_device.cc:99] Not creating XLA devices, tf_xla_enable_xla_devices not set
maxFreq at 10nA: 77.0
2021-04-21 19:09:32.852239: I tensorflow/compiler/jit/xla_gpu_device.cc:99] Not creating XLA devices, tf_xla_enable_xla_devices not set
2021-04-21 19:09:46.549635: I tensorflow/compiler/jit/xla_gpu_device.cc:99] Not creating XLA devices, tf_xla_enable_xla_devices not set
mse and spike frequency: 1.06593 12.11
[32m[I 2021-04-21 19:09:59,121][0m Trial 64 finished with values: [1.06593, 12.11] with parameters: {'Vahp': -51.0, 'Vth': -39.5, 'Vmax': 25.0, 't_ref': 12.0, 'R': 0.9, 'tau_m': 153.0, 'R_adp': 0.7000000000000001, 'tau_w': 180.0, 'a': 266.0, 'rate_low': 40.5, 'rate_high': 25.0}.[0m
2021-04-21 19:09:59.577970: I tensorflow/compiler/jit/xla_gpu_device.cc:99] Not creating XLA devices, tf_xla_enable_xla_devices not set
maxFreq at 10nA: 77.0
2021-04-21 19:10:22.717400: I tensorflow/compiler/jit/xla_gpu_device.cc:99] Not creating XLA devices, tf_xla_enable_xla_devices not set
2021-04-21 19:10:36.918822: I tensorflow/compiler/jit/xla_gpu_device.cc:99] Not creating XLA devices, tf_xla_enable_xla_devices not set
mse and spike frequency: 1.61137 12.74
[32m[I 2021-04-21 19:10:50,559][0m Trial 65 finished with values: [1.61137, 12.74] with parameters: {'Vahp': -39.0, 'Vth': -34.5, 'Vmax': 39.0, 't_ref': 11.5, 'R': 0.9, 'tau_m': 487.0, 'R_adp': 0.7000000000000001, 'tau_w': 276.0, 'a': 188.0, 'rate_low': 32.0, 'rate_high': 43.0}.[0m
2021-04-21 19:10:51.050073: I tensorflow/compiler/jit/xla_gpu_device.cc:99] Not creating XLA devices, tf_xla_enable_xla_devices not set
maxFreq at 10nA: 1000.0
2021-04-21 19:11:14.625274: I tensorflow/compiler/jit/xla_gpu_device.cc:99] Not creating XLA devices, tf_xla_enable_xla_devices not set
2021-04-21 19:11:30.129921: I tensorflow/compiler/jit/xla_gpu_device.cc:99] Not creating XLA devices, tf_xla_enable_xla_devices not set
mse and spike frequency: 0.11775 0.0
[32m[I 2021-04-21 19:11:43,046][0m Trial 66 finished with values: [0.11775, 0.0] with parameters: {'Vahp': -21.5, 'Vth': -45.5, 'Vmax': 37.5, 't_ref': 19.5, 'R': 0.6, 'tau_m': 51.5, 'R_adp': 0.9, 'tau_w': 120.0, 'a': 124.5, 'rate_low': 49.5, 'rate_high': 50.0}.[0m
2021-04-21 19:11:43.512901: I tensorflow/compiler/jit/xla_gpu_device.cc:99] Not creating XLA devices, tf_xla_enable_xla_devices not set
maxFreq at 10nA: 1000.0
2021-04-21 19:12:07.158214: I tensorflow/compiler/jit/xla_gpu_device.cc:99] Not creating XLA devices, tf_xla_enable_xla_devices not set
2021-04-21 19:12:21.365199: I tensorflow/compiler/jit/xla_gpu_device.cc:99] Not creating XLA devices, tf_xla_enable_xla_devices not set
mse and spike frequency: 0.11775 0.0
[32m[I 2021-04-21 19:12:33,550][0m Trial 67 finished with values: [0.11775, 0.0] with parameters: {'Vahp': -20.0, 'Vth': -53.0, 'Vmax': 25.5, 't_ref': 10.5, 'R': 0.30000000000000004, 'tau_m': 351.5, 'R_adp': 0.2, 'tau_w': 75.0, 'a': 240.0, 'rate_low': 48.0, 'rate_high': 48.5}.[0m
2021-04-21 19:12:34.010165: I tensorflow/compiler/jit/xla_gpu_device.cc:99] Not creating XLA devices, tf_xla_enable_xla_devices not set
maxFreq at 10nA: 1000.0
2021-04-21 19:12:58.276891: I tensorflow/compiler/jit/xla_gpu_device.cc:99] Not creating XLA devices, tf_xla_enable_xla_devices not set
2021-04-21 19:13:12.107375: I tensorflow/compiler/jit/xla_gpu_device.cc:99] Not creating XLA devices, tf_xla_enable_xla_devices not set
mse and spike frequency: 0.11771 1000.1
[32m[I 2021-04-21 19:13:24,577][0m Trial 68 finished with values: [0.11771, 1000.1] with parameters: {'Vahp': -56.5, 'Vth': -59.0, 'Vmax': 13.5, 't_ref': 8.0, 'R': 0.7000000000000001, 'tau_m': 459.0, 'R_adp': 0.2, 'tau_w': 241.5, 'a': 268.0, 'rate_low': 40.5, 'rate_high': 41.5}.[0m
2021-04-21 19:13:25.056810: I tensorflow/compiler/jit/xla_gpu_device.cc:99] Not creating XLA devices, tf_xla_enable_xla_devices not set
maxFreq at 10nA: 100.0
2021-04-21 19:13:49.622973: I tensorflow/compiler/jit/xla_gpu_device.cc:99] Not creating XLA devices, tf_xla_enable_xla_devices not set
2021-04-21 19:14:03.428616: I tensorflow/compiler/jit/xla_gpu_device.cc:99] Not creating XLA devices, tf_xla_enable_xla_devices not set
mse and spike frequency: 0.00085 39.98
[32m[I 2021-04-21 19:14:15,827][0m Trial 69 finished with values: [0.00085, 39.98] with parameters: {'Vahp': -57.0, 'Vth': -53.0, 'Vmax': 25.5, 't_ref': 8.5, 'R': 0.9, 'tau_m': 351.5, 'R_adp': 0.30000000000000004, 'tau_w': 20.5, 'a': 240.0, 'rate_low': 48.0, 'rate_high': 48.5}.[0m
2021-04-21 19:14:16.325147: I tensorflow/compiler/jit/xla_gpu_device.cc:99] Not creating XLA devices, tf_xla_enable_xla_devices not set
maxFreq at 10nA: 1000.0
2021-04-21 19:14:41.258997: I tensorflow/compiler/jit/xla_gpu_device.cc:99] Not creating XLA devices, tf_xla_enable_xla_devices not set
2021-04-21 19:14:54.760911: I tensorflow/compiler/jit/xla_gpu_device.cc:99] Not creating XLA devices, tf_xla_enable_xla_devices not set
mse and spike frequency: 0.11775 0.0
[32m[I 2021-04-21 19:15:07,697][0m Trial 70 finished with values: [0.11775, 0.0] with parameters: {'Vahp': -40.0, 'Vth': -41.5, 'Vmax': 31.0, 't_ref': 19.0, 'R': 0.6, 'tau_m': 51.5, 'R_adp': 0.9, 'tau_w': 497.0, 'a': 124.5, 'rate_low': 33.5, 'rate_high': 47.5}.[0m
2021-04-21 19:15:08.214020: I tensorflow/compiler/jit/xla_gpu_device.cc:99] Not creating XLA devices, tf_xla_enable_xla_devices not set
maxFreq at 10nA: 1000.0
2021-04-21 19:15:32.957176: I tensorflow/compiler/jit/xla_gpu_device.cc:99] Not creating XLA devices, tf_xla_enable_xla_devices not set
2021-04-21 19:15:46.789658: I tensorflow/compiler/jit/xla_gpu_device.cc:99] Not creating XLA devices, tf_xla_enable_xla_devices not set
mse and spike frequency: 0.11775 0.0
[32m[I 2021-04-21 19:15:59,866][0m Trial 71 finished with values: [0.11775, 0.0] with parameters: {'Vahp': -24.0, 'Vth': -55.0, 'Vmax': 38.0, 't_ref': 8.5, 'R': 0.1, 'tau_m': 36.5, 'R_adp': 0.5, 'tau_w': 227.5, 'a': 57.5, 'rate_low': 38.5, 'rate_high': 45.5}.[0m
2021-04-21 19:16:00.341750: I tensorflow/compiler/jit/xla_gpu_device.cc:99] Not creating XLA devices, tf_xla_enable_xla_devices not set
maxFreq at 10nA: 999.0
2021-04-21 19:16:25.209597: I tensorflow/compiler/jit/xla_gpu_device.cc:99] Not creating XLA devices, tf_xla_enable_xla_devices not set
2021-04-21 19:16:39.293242: I tensorflow/compiler/jit/xla_gpu_device.cc:99] Not creating XLA devices, tf_xla_enable_xla_devices not set
mse and spike frequency: 0.11775 0.0
[32m[I 2021-04-21 19:16:52,373][0m Trial 72 finished with values: [0.11775, 0.0] with parameters: {'Vahp': -40.5, 'Vth': -42.5, 'Vmax': 16.0, 't_ref': 17.0, 'R': 0.6, 'tau_m': 437.0, 'R_adp': 0.7000000000000001, 'tau_w': 229.0, 'a': 105.0, 'rate_low': 36.5, 'rate_high': 31.0}.[0m
2021-04-21 19:16:52.854471: I tensorflow/compiler/jit/xla_gpu_device.cc:99] Not creating XLA devices, tf_xla_enable_xla_devices not set
maxFreq at 10nA: 1000.0
2021-04-21 19:17:18.448803: I tensorflow/compiler/jit/xla_gpu_device.cc:99] Not creating XLA devices, tf_xla_enable_xla_devices not set
2021-04-21 19:17:32.774516: I tensorflow/compiler/jit/xla_gpu_device.cc:99] Not creating XLA devices, tf_xla_enable_xla_devices not set
mse and spike frequency: 0.11775 0.0
[32m[I 2021-04-21 19:17:46,213][0m Trial 73 finished with values: [0.11775, 0.0] with parameters: {'Vahp': -22.5, 'Vth': -30.0, 'Vmax': 28.0, 't_ref': 14.0, 'R': 0.1, 'tau_m': 14.0, 'R_adp': 0.6, 'tau_w': 346.5, 'a': 72.0, 'rate_low': 35.5, 'rate_high': 34.5}.[0m
2021-04-21 19:17:46.737947: I tensorflow/compiler/jit/xla_gpu_device.cc:99] Not creating XLA devices, tf_xla_enable_xla_devices not set
maxFreq at 10nA: 112.0
2021-04-21 19:18:11.716210: I tensorflow/compiler/jit/xla_gpu_device.cc:99] Not creating XLA devices, tf_xla_enable_xla_devices not set
2021-04-21 19:18:26.141163: I tensorflow/compiler/jit/xla_gpu_device.cc:99] Not creating XLA devices, tf_xla_enable_xla_devices not set
mse and spike frequency: 6.75735 19.27
[32m[I 2021-04-21 19:18:39,508][0m Trial 74 finished with values: [6.75735, 19.27] with parameters: {'Vahp': -55.0, 'Vth': -54.0, 'Vmax': 26.0, 't_ref': 8.0, 'R': 0.1, 'tau_m': 16.0, 'R_adp': 1.0, 'tau_w': 425.0, 'a': 6.5, 'rate_low': 5.5, 'rate_high': 42.0}.[0m
2021-04-21 19:18:40.000618: I tensorflow/compiler/jit/xla_gpu_device.cc:99] Not creating XLA devices, tf_xla_enable_xla_devices not set
maxFreq at 10nA: 1000.0
2021-04-21 19:19:05.494689: I tensorflow/compiler/jit/xla_gpu_device.cc:99] Not creating XLA devices, tf_xla_enable_xla_devices not set
2021-04-21 19:19:20.696966: I tensorflow/compiler/jit/xla_gpu_device.cc:99] Not creating XLA devices, tf_xla_enable_xla_devices not set
mse and spike frequency: 0.11775 0.0
[32m[I 2021-04-21 19:19:34,426][0m Trial 75 finished with values: [0.11775, 0.0] with parameters: {'Vahp': -29.5, 'Vth': -44.5, 'Vmax': 23.0, 't_ref': 1.0, 'R': 0.9, 'tau_m': 106.5, 'R_adp': 0.2, 'tau_w': 117.5, 'a': 371.5, 'rate_low': 43.0, 'rate_high': 47.5}.[0m
2021-04-21 19:19:34.894137: I tensorflow/compiler/jit/xla_gpu_device.cc:99] Not creating XLA devices, tf_xla_enable_xla_devices not set
maxFreq at 10nA: 1000.0
2021-04-21 19:20:01.113514: I tensorflow/compiler/jit/xla_gpu_device.cc:99] Not creating XLA devices, tf_xla_enable_xla_devices not set
2021-04-21 19:20:16.638466: I tensorflow/compiler/jit/xla_gpu_device.cc:99] Not creating XLA devices, tf_xla_enable_xla_devices not set
mse and spike frequency: 0.11775 0.0
[32m[I 2021-04-21 19:20:30,077][0m Trial 76 finished with values: [0.11775, 0.0] with parameters: {'Vahp': -45.0, 'Vth': -50.5, 'Vmax': 29.0, 't_ref': 20.0, 'R': 0.7000000000000001, 'tau_m': 182.0, 'R_adp': 0.6, 'tau_w': 238.0, 'a': 370.0, 'rate_low': 1.0, 'rate_high': 47.5}.[0m
2021-04-21 19:20:30.584619: I tensorflow/compiler/jit/xla_gpu_device.cc:99] Not creating XLA devices, tf_xla_enable_xla_devices not set
maxFreq at 10nA: 200.0
2021-04-21 19:20:56.450428: I tensorflow/compiler/jit/xla_gpu_device.cc:99] Not creating XLA devices, tf_xla_enable_xla_devices not set
2021-04-21 19:21:11.860030: I tensorflow/compiler/jit/xla_gpu_device.cc:99] Not creating XLA devices, tf_xla_enable_xla_devices not set
mse and spike frequency: 0.00073 15.52
[32m[I 2021-04-21 19:21:25,488][0m Trial 77 finished with values: [0.00073, 15.52] with parameters: {'Vahp': -56.0, 'Vth': -46.5, 'Vmax': 25.0, 't_ref': 4.0, 'R': 1.0, 'tau_m': 484.0, 'R_adp': 0.2, 'tau_w': 76.5, 'a': 429.0, 'rate_low': 24.5, 'rate_high': 25.0}.[0m
2021-04-21 19:21:25.971080: I tensorflow/compiler/jit/xla_gpu_device.cc:99] Not creating XLA devices, tf_xla_enable_xla_devices not set
maxFreq at 10nA: 1000.0
2021-04-21 19:21:52.150811: I tensorflow/compiler/jit/xla_gpu_device.cc:99] Not creating XLA devices, tf_xla_enable_xla_devices not set
2021-04-21 19:22:07.310912: I tensorflow/compiler/jit/xla_gpu_device.cc:99] Not creating XLA devices, tf_xla_enable_xla_devices not set
mse and spike frequency: 0.11775 0.0
[32m[I 2021-04-21 19:22:20,836][0m Trial 78 finished with values: [0.11775, 0.0] with parameters: {'Vahp': -48.0, 'Vth': -53.0, 'Vmax': 15.0, 't_ref': 17.0, 'R': 0.2, 'tau_m': 52.5, 'R_adp': 0.2, 'tau_w': 226.0, 'a': 297.5, 'rate_low': 7.5, 'rate_high': 16.0}.[0m
2021-04-21 19:22:21.350219: I tensorflow/compiler/jit/xla_gpu_device.cc:99] Not creating XLA devices, tf_xla_enable_xla_devices not set
maxFreq at 10nA: 1000.0
2021-04-21 19:22:48.296873: I tensorflow/compiler/jit/xla_gpu_device.cc:99] Not creating XLA devices, tf_xla_enable_xla_devices not set
2021-04-21 19:23:03.745391: I tensorflow/compiler/jit/xla_gpu_device.cc:99] Not creating XLA devices, tf_xla_enable_xla_devices not set
mse and spike frequency: 0.11775 0.0
[32m[I 2021-04-21 19:23:17,513][0m Trial 79 finished with values: [0.11775, 0.0] with parameters: {'Vahp': -31.5, 'Vth': -34.0, 'Vmax': 28.0, 't_ref': 10.5, 'R': 0.6, 'tau_m': 16.0, 'R_adp': 0.8, 'tau_w': 137.5, 'a': 72.0, 'rate_low': 13.0, 'rate_high': 42.0}.[0m
2021-04-21 19:23:18.016794: I tensorflow/compiler/jit/xla_gpu_device.cc:99] Not creating XLA devices, tf_xla_enable_xla_devices not set
maxFreq at 10nA: 1000.0
2021-04-21 19:23:44.139754: I tensorflow/compiler/jit/xla_gpu_device.cc:99] Not creating XLA devices, tf_xla_enable_xla_devices not set
2021-04-21 19:23:58.920671: I tensorflow/compiler/jit/xla_gpu_device.cc:99] Not creating XLA devices, tf_xla_enable_xla_devices not set
mse and spike frequency: 0.11775 0.0
[32m[I 2021-04-21 19:24:12,890][0m Trial 80 finished with values: [0.11775, 0.0] with parameters: {'Vahp': -32.5, 'Vth': -43.0, 'Vmax': 30.5, 't_ref': 11.0, 'R': 1.0, 'tau_m': 481.0, 'R_adp': 0.4, 'tau_w': 114.5, 'a': 246.5, 'rate_low': 9.5, 'rate_high': 47.0}.[0m
2021-04-21 19:24:13.378735: I tensorflow/compiler/jit/xla_gpu_device.cc:99] Not creating XLA devices, tf_xla_enable_xla_devices not set
maxFreq at 10nA: 37.0
2021-04-21 19:24:40.596471: I tensorflow/compiler/jit/xla_gpu_device.cc:99] Not creating XLA devices, tf_xla_enable_xla_devices not set
2021-04-21 19:24:55.988812: I tensorflow/compiler/jit/xla_gpu_device.cc:99] Not creating XLA devices, tf_xla_enable_xla_devices not set
mse and spike frequency: 8.08488 4.0
[32m[I 2021-04-21 19:25:09,720][0m Trial 81 finished with values: [8.08488, 4.0] with parameters: {'Vahp': -30.5, 'Vth': -22.5, 'Vmax': 14.0, 't_ref': 15.0, 'R': 0.2, 'tau_m': 225.0, 'R_adp': 0.6, 'tau_w': 238.0, 'a': 408.0, 'rate_low': 46.0, 'rate_high': 49.0}.[0m
2021-04-21 19:25:10.217409: I tensorflow/compiler/jit/xla_gpu_device.cc:99] Not creating XLA devices, tf_xla_enable_xla_devices not set
maxFreq at 10nA: 56.0
2021-04-21 19:25:37.137221: I tensorflow/compiler/jit/xla_gpu_device.cc:99] Not creating XLA devices, tf_xla_enable_xla_devices not set
2021-04-21 19:25:52.179101: I tensorflow/compiler/jit/xla_gpu_device.cc:99] Not creating XLA devices, tf_xla_enable_xla_devices not set
mse and spike frequency: 1.80666 9.08
[32m[I 2021-04-21 19:26:06,014][0m Trial 82 finished with values: [1.80666, 9.08] with parameters: {'Vahp': -51.5, 'Vth': -23.5, 'Vmax': 15.0, 't_ref': 16.5, 'R': 0.4, 'tau_m': 2.0, 'R_adp': 0.30000000000000004, 'tau_w': 319.0, 'a': 138.0, 'rate_low': 12.0, 'rate_high': 30.5}.[0m
2021-04-21 19:26:06.497005: I tensorflow/compiler/jit/xla_gpu_device.cc:99] Not creating XLA devices, tf_xla_enable_xla_devices not set
maxFreq at 10nA: 59.0
2021-04-21 19:26:33.535142: I tensorflow/compiler/jit/xla_gpu_device.cc:99] Not creating XLA devices, tf_xla_enable_xla_devices not set
2021-04-21 19:26:48.648634: I tensorflow/compiler/jit/xla_gpu_device.cc:99] Not creating XLA devices, tf_xla_enable_xla_devices not set
mse and spike frequency: 0.91783 11.25
[32m[I 2021-04-21 19:27:02,657][0m Trial 83 finished with values: [0.91783, 11.25] with parameters: {'Vahp': -57.0, 'Vth': -37.0, 'Vmax': 32.5, 't_ref': 15.5, 'R': 0.7000000000000001, 'tau_m': 74.5, 'R_adp': 0.4, 'tau_w': 348.0, 'a': 261.5, 'rate_low': 43.5, 'rate_high': 44.0}.[0m
2021-04-21 19:27:03.149380: I tensorflow/compiler/jit/xla_gpu_device.cc:99] Not creating XLA devices, tf_xla_enable_xla_devices not set
maxFreq at 10nA: 1000.0
2021-04-21 19:27:30.241911: I tensorflow/compiler/jit/xla_gpu_device.cc:99] Not creating XLA devices, tf_xla_enable_xla_devices not set
2021-04-21 19:27:45.755405: I tensorflow/compiler/jit/xla_gpu_device.cc:99] Not creating XLA devices, tf_xla_enable_xla_devices not set
mse and spike frequency: 0.11775 0.0
