[32m[I 2021-04-21 19:33:25,858][0m Trial 89 finished with values: [0.11775, 0.0] with parameters: {'Vahp': -27.0, 'Vth': -29.0, 'Vmax': 31.5, 't_ref': 16.0, 'R': 0.7000000000000001, 'tau_m': 75.5, 'rate_low': 16.5, 'rate_high': 20.5}.[0m
2021-04-21 19:33:26.394024: I tensorflow/compiler/jit/xla_gpu_device.cc:99] Not creating XLA devices, tf_xla_enable_xla_devices not set
maxFreq at 10nA: 1000.0
2021-04-21 19:33:53.609866: I tensorflow/compiler/jit/xla_gpu_device.cc:99] Not creating XLA devices, tf_xla_enable_xla_devices not set
2021-04-21 19:34:09.475728: I tensorflow/compiler/jit/xla_gpu_device.cc:99] Not creating XLA devices, tf_xla_enable_xla_devices not set
mse and spike frequency: 0.11775 0.0
[32m[I 2021-04-21 19:34:24,194][0m Trial 90 finished with values: [0.11775, 0.0] with parameters: {'Vahp': -50.5, 'Vth': -58.0, 'Vmax': 12.0, 't_ref': 2.5, 'R': 0.30000000000000004, 'tau_m': 45.5, 'rate_low': 25.0, 'rate_high': 41.5}.[0m
2021-04-21 19:34:24.752478: I tensorflow/compiler/jit/xla_gpu_device.cc:99] Not creating XLA devices, tf_xla_enable_xla_devices not set
maxFreq at 10nA: 125.0
2021-04-21 19:34:52.376318: I tensorflow/compiler/jit/xla_gpu_device.cc:99] Not creating XLA devices, tf_xla_enable_xla_devices not set
2021-04-21 19:35:08.353329: I tensorflow/compiler/jit/xla_gpu_device.cc:99] Not creating XLA devices, tf_xla_enable_xla_devices not set
mse and spike frequency: 0.0005 21.38
[32m[I 2021-04-21 19:35:23,775][0m Trial 91 finished with values: [0.0005, 21.38] with parameters: {'Vahp': -51.5, 'Vth': -39.5, 'Vmax': 30.0, 't_ref': 7.0, 'R': 0.2, 'tau_m': 160.0, 'rate_low': 44.0, 'rate_high': 48.0}.[0m
2021-04-21 19:35:24.316495: I tensorflow/compiler/jit/xla_gpu_device.cc:99] Not creating XLA devices, tf_xla_enable_xla_devices not set
maxFreq at 10nA: 50.0
2021-04-21 19:35:52.161378: I tensorflow/compiler/jit/xla_gpu_device.cc:99] Not creating XLA devices, tf_xla_enable_xla_devices not set
2021-04-21 19:36:08.196937: I tensorflow/compiler/jit/xla_gpu_device.cc:99] Not creating XLA devices, tf_xla_enable_xla_devices not set
mse and spike frequency: 0.02517 0.61
[32m[I 2021-04-21 19:36:23,603][0m Trial 92 finished with values: [0.02517, 0.61] with parameters: {'Vahp': -51.0, 'Vth': -21.0, 'Vmax': 22.0, 't_ref': 18.0, 'R': 0.5, 'tau_m': 278.5, 'rate_low': 4.5, 'rate_high': 10.0}.[0m
2021-04-21 19:36:24.126712: I tensorflow/compiler/jit/xla_gpu_device.cc:99] Not creating XLA devices, tf_xla_enable_xla_devices not set
maxFreq at 10nA: 48.0
2021-04-21 19:36:51.862796: I tensorflow/compiler/jit/xla_gpu_device.cc:99] Not creating XLA devices, tf_xla_enable_xla_devices not set
2021-04-21 19:37:08.218571: I tensorflow/compiler/jit/xla_gpu_device.cc:99] Not creating XLA devices, tf_xla_enable_xla_devices not set
mse and spike frequency: 0.0009 14.94
[32m[I 2021-04-21 19:37:23,543][0m Trial 93 finished with values: [0.0009, 14.94] with parameters: {'Vahp': -48.5, 'Vth': -41.0, 'Vmax': 26.0, 't_ref': 20.0, 'R': 0.8, 'tau_m': 460.5, 'rate_low': 22.5, 'rate_high': 40.0}.[0m
2021-04-21 19:37:24.079333: I tensorflow/compiler/jit/xla_gpu_device.cc:99] Not creating XLA devices, tf_xla_enable_xla_devices not set
maxFreq at 10nA: 1000.0
2021-04-21 19:37:51.453784: I tensorflow/compiler/jit/xla_gpu_device.cc:99] Not creating XLA devices, tf_xla_enable_xla_devices not set
2021-04-21 19:38:07.504866: I tensorflow/compiler/jit/xla_gpu_device.cc:99] Not creating XLA devices, tf_xla_enable_xla_devices not set
mse and spike frequency: 0.11775 0.0
[32m[I 2021-04-21 19:38:22,488][0m Trial 94 finished with values: [0.11775, 0.0] with parameters: {'Vahp': -23.0, 'Vth': -43.5, 'Vmax': 26.5, 't_ref': 5.5, 'R': 0.7000000000000001, 'tau_m': 325.5, 'rate_low': 33.5, 'rate_high': 35.0}.[0m
2021-04-21 19:38:23.012694: I tensorflow/compiler/jit/xla_gpu_device.cc:99] Not creating XLA devices, tf_xla_enable_xla_devices not set
maxFreq at 10nA: 56.0
2021-04-21 19:38:51.148819: I tensorflow/compiler/jit/xla_gpu_device.cc:99] Not creating XLA devices, tf_xla_enable_xla_devices not set
2021-04-21 19:39:07.629315: I tensorflow/compiler/jit/xla_gpu_device.cc:99] Not creating XLA devices, tf_xla_enable_xla_devices not set
mse and spike frequency: 0.00113 16.19
[32m[I 2021-04-21 19:39:23,113][0m Trial 95 finished with values: [0.00113, 16.19] with parameters: {'Vahp': -37.0, 'Vth': -27.0, 'Vmax': 21.0, 't_ref': 17.0, 'R': 0.2, 'tau_m': 89.0, 'rate_low': 31.5, 'rate_high': 48.5}.[0m
2021-04-21 19:39:23.657774: I tensorflow/compiler/jit/xla_gpu_device.cc:99] Not creating XLA devices, tf_xla_enable_xla_devices not set
maxFreq at 10nA: 250.0
2021-04-21 19:39:51.278842: I tensorflow/compiler/jit/xla_gpu_device.cc:99] Not creating XLA devices, tf_xla_enable_xla_devices not set
2021-04-21 19:40:08.576575: I tensorflow/compiler/jit/xla_gpu_device.cc:99] Not creating XLA devices, tf_xla_enable_xla_devices not set
mse and spike frequency: 0.01579 0.65
[32m[I 2021-04-21 19:40:24,180][0m Trial 96 finished with values: [0.01579, 0.65] with parameters: {'Vahp': -31.0, 'Vth': -21.0, 'Vmax': 28.5, 't_ref': 3.0, 'R': 0.5, 'tau_m': 278.5, 'rate_low': 3.5, 'rate_high': 10.0}.[0m
2021-04-21 19:40:24.752218: I tensorflow/compiler/jit/xla_gpu_device.cc:99] Not creating XLA devices, tf_xla_enable_xla_devices not set
maxFreq at 10nA: 53.0
2021-04-21 19:40:51.865987: I tensorflow/compiler/jit/xla_gpu_device.cc:99] Not creating XLA devices, tf_xla_enable_xla_devices not set
2021-04-21 19:41:09.377215: I tensorflow/compiler/jit/xla_gpu_device.cc:99] Not creating XLA devices, tf_xla_enable_xla_devices not set
mse and spike frequency: 0.00161 6.56
[32m[I 2021-04-21 19:41:25,022][0m Trial 97 finished with values: [0.00161, 6.56] with parameters: {'Vahp': -42.0, 'Vth': -21.5, 'Vmax': 13.5, 't_ref': 18.0, 'R': 1.0, 'tau_m': 459.5, 'rate_low': 5.5, 'rate_high': 35.5}.[0m
2021-04-21 19:41:25.570964: I tensorflow/compiler/jit/xla_gpu_device.cc:99] Not creating XLA devices, tf_xla_enable_xla_devices not set
maxFreq at 10nA: 1000.0
2021-04-21 19:41:53.362016: I tensorflow/compiler/jit/xla_gpu_device.cc:99] Not creating XLA devices, tf_xla_enable_xla_devices not set
2021-04-21 19:42:11.104172: I tensorflow/compiler/jit/xla_gpu_device.cc:99] Not creating XLA devices, tf_xla_enable_xla_devices not set
mse and spike frequency: 0.11775 0.0
[32m[I 2021-04-21 19:42:27,161][0m Trial 98 finished with values: [0.11775, 0.0] with parameters: {'Vahp': -56.5, 'Vth': -57.5, 'Vmax': 19.5, 't_ref': 12.0, 'R': 0.8, 'tau_m': 310.5, 'rate_low': 50.0, 'rate_high': 50.0}.[0m
2021-04-21 19:42:27.697896: I tensorflow/compiler/jit/xla_gpu_device.cc:99] Not creating XLA devices, tf_xla_enable_xla_devices not set
maxFreq at 10nA: 125.0
2021-04-21 19:42:55.326759: I tensorflow/compiler/jit/xla_gpu_device.cc:99] Not creating XLA devices, tf_xla_enable_xla_devices not set
2021-04-21 19:43:13.484927: I tensorflow/compiler/jit/xla_gpu_device.cc:99] Not creating XLA devices, tf_xla_enable_xla_devices not set
mse and spike frequency: 0.11775 0.0
[32m[I 2021-04-21 19:43:29,862][0m Trial 99 finished with values: [0.11775, 0.0] with parameters: {'Vahp': -53.0, 'Vth': -52.5, 'Vmax': 27.5, 't_ref': 7.0, 'R': 0.6, 'tau_m': 342.0, 'rate_low': 50.0, 'rate_high': 50.0}.[0m
2021-04-21 19:43:30.480543: I tensorflow/compiler/jit/xla_gpu_device.cc:99] Not creating XLA devices, tf_xla_enable_xla_devices not set
maxFreq at 10nA: 999.0
2021-04-21 19:43:58.084354: I tensorflow/compiler/jit/xla_gpu_device.cc:99] Not creating XLA devices, tf_xla_enable_xla_devices not set
2021-04-21 19:44:17.151018: I tensorflow/compiler/jit/xla_gpu_device.cc:99] Not creating XLA devices, tf_xla_enable_xla_devices not set
mse and spike frequency: 0.11775 0.0
[32m[I 2021-04-21 19:44:33,943][0m Trial 100 finished with values: [0.11775, 0.0] with parameters: {'Vahp': -31.0, 'Vth': -36.0, 'Vmax': 28.5, 't_ref': 3.0, 'R': 0.5, 'tau_m': 278.5, 'rate_low': 3.5, 'rate_high': 10.0}.[0m
2021-04-21 19:44:34.497098: I tensorflow/compiler/jit/xla_gpu_device.cc:99] Not creating XLA devices, tf_xla_enable_xla_devices not set
maxFreq at 10nA: 37.0
2021-04-21 19:45:01.792339: I tensorflow/compiler/jit/xla_gpu_device.cc:99] Not creating XLA devices, tf_xla_enable_xla_devices not set
2021-04-21 19:45:20.426854: I tensorflow/compiler/jit/xla_gpu_device.cc:99] Not creating XLA devices, tf_xla_enable_xla_devices not set
mse and spike frequency: 0.00637 3.06
[32m[I 2021-04-21 19:45:37,775][0m Trial 101 finished with values: [0.00637, 3.06] with parameters: {'Vahp': -51.5, 'Vth': -37.5, 'Vmax': 35.0, 't_ref': 19.5, 'R': 0.1, 'tau_m': 472.5, 'rate_low': 34.0, 'rate_high': 50.0}.[0m
2021-04-21 19:45:38.323830: I tensorflow/compiler/jit/xla_gpu_device.cc:99] Not creating XLA devices, tf_xla_enable_xla_devices not set
maxFreq at 10nA: 1000.0
2021-04-21 19:46:05.961030: I tensorflow/compiler/jit/xla_gpu_device.cc:99] Not creating XLA devices, tf_xla_enable_xla_devices not set
2021-04-21 19:46:25.394987: I tensorflow/compiler/jit/xla_gpu_device.cc:99] Not creating XLA devices, tf_xla_enable_xla_devices not set
mse and spike frequency: 0.11775 0.0
[32m[I 2021-04-21 19:46:42,694][0m Trial 102 finished with values: [0.11775, 0.0] with parameters: {'Vahp': -24.0, 'Vth': -30.5, 'Vmax': 26.0, 't_ref': 10.5, 'R': 0.5, 'tau_m': 89.0, 'rate_low': 31.5, 'rate_high': 48.5}.[0m
2021-04-21 19:46:43.250816: I tensorflow/compiler/jit/xla_gpu_device.cc:99] Not creating XLA devices, tf_xla_enable_xla_devices not set
maxFreq at 10nA: 1000.0
2021-04-21 19:47:10.459896: I tensorflow/compiler/jit/xla_gpu_device.cc:99] Not creating XLA devices, tf_xla_enable_xla_devices not set
2021-04-21 19:47:29.901422: I tensorflow/compiler/jit/xla_gpu_device.cc:99] Not creating XLA devices, tf_xla_enable_xla_devices not set
mse and spike frequency: 0.11775 0.0
[32m[I 2021-04-21 19:47:47,016][0m Trial 103 finished with values: [0.11775, 0.0] with parameters: {'Vahp': -53.5, 'Vth': -58.0, 'Vmax': 25.5, 't_ref': 2.5, 'R': 0.30000000000000004, 'tau_m': 45.5, 'rate_low': 33.5, 'rate_high': 41.5}.[0m
2021-04-21 19:47:47.598193: I tensorflow/compiler/jit/xla_gpu_device.cc:99] Not creating XLA devices, tf_xla_enable_xla_devices not set
maxFreq at 10nA: 143.0
2021-04-21 19:48:14.660973: I tensorflow/compiler/jit/xla_gpu_device.cc:99] Not creating XLA devices, tf_xla_enable_xla_devices not set
2021-04-21 19:48:33.688423: I tensorflow/compiler/jit/xla_gpu_device.cc:99] Not creating XLA devices, tf_xla_enable_xla_devices not set
mse and spike frequency: 0.11775 0.0
[32m[I 2021-04-21 19:48:50,908][0m Trial 104 finished with values: [0.11775, 0.0] with parameters: {'Vahp': -51.5, 'Vth': -50.5, 'Vmax': 30.0, 't_ref': 5.5, 'R': 1.0, 'tau_m': 480.5, 'rate_low': 4.5, 'rate_high': 41.5}.[0m
2021-04-21 19:48:51.466896: I tensorflow/compiler/jit/xla_gpu_device.cc:99] Not creating XLA devices, tf_xla_enable_xla_devices not set
maxFreq at 10nA: 125.0
2021-04-21 19:49:19.866823: I tensorflow/compiler/jit/xla_gpu_device.cc:99] Not creating XLA devices, tf_xla_enable_xla_devices not set
2021-04-21 19:49:38.183817: I tensorflow/compiler/jit/xla_gpu_device.cc:99] Not creating XLA devices, tf_xla_enable_xla_devices not set
mse and spike frequency: 0.00043 24.93
[32m[I 2021-04-21 19:49:54,931][0m Trial 105 finished with values: [0.00043, 24.93] with parameters: {'Vahp': -38.5, 'Vth': -20.0, 'Vmax': 24.5, 't_ref': 7.0, 'R': 0.8, 'tau_m': 387.5, 'rate_low': 50.0, 'rate_high': 50.0}.[0m
2021-04-21 19:49:55.483680: I tensorflow/compiler/jit/xla_gpu_device.cc:99] Not creating XLA devices, tf_xla_enable_xla_devices not set
maxFreq at 10nA: 91.0
2021-04-21 19:50:24.926496: I tensorflow/compiler/jit/xla_gpu_device.cc:99] Not creating XLA devices, tf_xla_enable_xla_devices not set
2021-04-21 19:50:42.771960: I tensorflow/compiler/jit/xla_gpu_device.cc:99] Not creating XLA devices, tf_xla_enable_xla_devices not set
mse and spike frequency: 0.00089 38.91
[32m[I 2021-04-21 19:51:00,121][0m Trial 106 finished with values: [0.00089, 38.91] with parameters: {'Vahp': -53.0, 'Vth': -47.5, 'Vmax': 21.0, 't_ref': 9.5, 'R': 0.6, 'tau_m': 149.5, 'rate_low': 50.0, 'rate_high': 50.0}.[0m
2021-04-21 19:51:00.702391: I tensorflow/compiler/jit/xla_gpu_device.cc:99] Not creating XLA devices, tf_xla_enable_xla_devices not set
maxFreq at 10nA: 111.0
2021-04-21 19:51:30.507962: I tensorflow/compiler/jit/xla_gpu_device.cc:99] Not creating XLA devices, tf_xla_enable_xla_devices not set
2021-04-21 19:51:48.579265: I tensorflow/compiler/jit/xla_gpu_device.cc:99] Not creating XLA devices, tf_xla_enable_xla_devices not set
mse and spike frequency: 0.00083 12.17
[32m[I 2021-04-21 19:52:05,781][0m Trial 107 finished with values: [0.00083, 12.17] with parameters: {'Vahp': -54.0, 'Vth': -48.0, 'Vmax': 12.0, 't_ref': 7.5, 'R': 0.2, 'tau_m': 291.5, 'rate_low': 14.5, 'rate_high': 45.5}.[0m
2021-04-21 19:52:06.345161: I tensorflow/compiler/jit/xla_gpu_device.cc:99] Not creating XLA devices, tf_xla_enable_xla_devices not set
maxFreq at 10nA: 1000.0
2021-04-21 19:52:36.300794: I tensorflow/compiler/jit/xla_gpu_device.cc:99] Not creating XLA devices, tf_xla_enable_xla_devices not set
2021-04-21 19:52:54.924799: I tensorflow/compiler/jit/xla_gpu_device.cc:99] Not creating XLA devices, tf_xla_enable_xla_devices not set
mse and spike frequency: 0.11775 0.0
[32m[I 2021-04-21 19:53:12,485][0m Trial 108 finished with values: [0.11775, 0.0] with parameters: {'Vahp': -27.0, 'Vth': -54.5, 'Vmax': 23.0, 't_ref': 4.5, 'R': 0.5, 'tau_m': 472.5, 'rate_low': 39.5, 'rate_high': 50.0}.[0m
2021-04-21 19:53:13.058697: I tensorflow/compiler/jit/xla_gpu_device.cc:99] Not creating XLA devices, tf_xla_enable_xla_devices not set
maxFreq at 10nA: 56.0
2021-04-21 19:53:42.292126: I tensorflow/compiler/jit/xla_gpu_device.cc:99] Not creating XLA devices, tf_xla_enable_xla_devices not set
2021-04-21 19:54:00.942822: I tensorflow/compiler/jit/xla_gpu_device.cc:99] Not creating XLA devices, tf_xla_enable_xla_devices not set
mse and spike frequency: 0.00105 7.98
[32m[I 2021-04-21 19:54:18,470][0m Trial 109 finished with values: [0.00105, 7.98] with parameters: {'Vahp': -36.0, 'Vth': -21.0, 'Vmax': 38.5, 't_ref': 16.5, 'R': 1.0, 'tau_m': 479.0, 'rate_low': 4.5, 'rate_high': 47.0}.[0m
2021-04-21 19:54:19.126409: I tensorflow/compiler/jit/xla_gpu_device.cc:99] Not creating XLA devices, tf_xla_enable_xla_devices not set
maxFreq at 10nA: 167.0
2021-04-21 19:54:48.766050: I tensorflow/compiler/jit/xla_gpu_device.cc:99] Not creating XLA devices, tf_xla_enable_xla_devices not set
2021-04-21 19:55:07.381532: I tensorflow/compiler/jit/xla_gpu_device.cc:99] Not creating XLA devices, tf_xla_enable_xla_devices not set
mse and spike frequency: 0.00097 5.42
[32m[I 2021-04-21 19:55:24,851][0m Trial 110 finished with values: [0.00097, 5.42] with parameters: {'Vahp': -48.5, 'Vth': -35.0, 'Vmax': 13.0, 't_ref': 5.0, 'R': 0.9, 'tau_m': 460.5, 'rate_low': 7.0, 'rate_high': 22.0}.[0m
2021-04-21 19:55:25.449696: I tensorflow/compiler/jit/xla_gpu_device.cc:99] Not creating XLA devices, tf_xla_enable_xla_devices not set
maxFreq at 10nA: 63.0
2021-04-21 19:55:54.608680: I tensorflow/compiler/jit/xla_gpu_device.cc:99] Not creating XLA devices, tf_xla_enable_xla_devices not set
2021-04-21 19:56:13.725395: I tensorflow/compiler/jit/xla_gpu_device.cc:99] Not creating XLA devices, tf_xla_enable_xla_devices not set
mse and spike frequency: 0.00234 31.14
[32m[I 2021-04-21 19:56:31,435][0m Trial 111 finished with values: [0.00234, 31.14] with parameters: {'Vahp': -51.5, 'Vth': -45.0, 'Vmax': 36.0, 't_ref': 15.0, 'R': 1.0, 'tau_m': 51.0, 'rate_low': 50.0, 'rate_high': 50.0}.[0m
2021-04-21 19:56:32.017988: I tensorflow/compiler/jit/xla_gpu_device.cc:99] Not creating XLA devices, tf_xla_enable_xla_devices not set
maxFreq at 10nA: 100.0
2021-04-21 19:57:01.892820: I tensorflow/compiler/jit/xla_gpu_device.cc:99] Not creating XLA devices, tf_xla_enable_xla_devices not set
2021-04-21 19:57:21.408508: I tensorflow/compiler/jit/xla_gpu_device.cc:99] Not creating XLA devices, tf_xla_enable_xla_devices not set
mse and spike frequency: 0.00084 9.1
[32m[I 2021-04-21 19:57:39,086][0m Trial 112 finished with values: [0.00084, 9.1] with parameters: {'Vahp': -58.5, 'Vth': -29.5, 'Vmax': 31.0, 't_ref': 7.5, 'R': 0.6, 'tau_m': 369.5, 'rate_low': 21.0, 'rate_high': 44.5}.[0m
2021-04-21 19:57:39.722742: I tensorflow/compiler/jit/xla_gpu_device.cc:99] Not creating XLA devices, tf_xla_enable_xla_devices not set
maxFreq at 10nA: 200.0
2021-04-21 19:58:09.130211: I tensorflow/compiler/jit/xla_gpu_device.cc:99] Not creating XLA devices, tf_xla_enable_xla_devices not set
2021-04-21 19:58:28.306169: I tensorflow/compiler/jit/xla_gpu_device.cc:99] Not creating XLA devices, tf_xla_enable_xla_devices not set
mse and spike frequency: 0.00049 58.97
[32m[I 2021-04-21 19:58:46,265][0m Trial 113 finished with values: [0.00049, 58.97] with parameters: {'Vahp': -49.5, 'Vth': -42.0, 'Vmax': 23.0, 't_ref': 3.5, 'R': 0.8, 'tau_m': 299.0, 'rate_low': 50.0, 'rate_high': 50.0}.[0m
2021-04-21 19:58:46.944602: I tensorflow/compiler/jit/xla_gpu_device.cc:99] Not creating XLA devices, tf_xla_enable_xla_devices not set
maxFreq at 10nA: 111.0
2021-04-21 19:59:16.771501: I tensorflow/compiler/jit/xla_gpu_device.cc:99] Not creating XLA devices, tf_xla_enable_xla_devices not set
2021-04-21 19:59:36.434395: I tensorflow/compiler/jit/xla_gpu_device.cc:99] Not creating XLA devices, tf_xla_enable_xla_devices not set
mse and spike frequency: 0.00117 5.22
[32m[I 2021-04-21 19:59:53,347][0m Trial 114 finished with values: [0.00117, 5.22] with parameters: {'Vahp': -48.5, 'Vth': -35.0, 'Vmax': 13.0, 't_ref': 7.5, 'R': 0.9, 'tau_m': 460.5, 'rate_low': 7.0, 'rate_high': 22.0}.[0m
2021-04-21 19:59:54.017845: I tensorflow/compiler/jit/xla_gpu_device.cc:99] Not creating XLA devices, tf_xla_enable_xla_devices not set
maxFreq at 10nA: 999.0
2021-04-21 20:00:23.618018: I tensorflow/compiler/jit/xla_gpu_device.cc:99] Not creating XLA devices, tf_xla_enable_xla_devices not set
2021-04-21 20:00:43.272481: I tensorflow/compiler/jit/xla_gpu_device.cc:99] Not creating XLA devices, tf_xla_enable_xla_devices not set
mse and spike frequency: 0.11775 0.0
[32m[I 2021-04-21 20:01:00,712][0m Trial 115 finished with values: [0.11775, 0.0] with parameters: {'Vahp': -31.0, 'Vth': -37.5, 'Vmax': 35.0, 't_ref': 1.0, 'R': 0.5, 'tau_m': 278.5, 'rate_low': 4.5, 'rate_high': 43.0}.[0m
2021-04-21 20:01:01.394975: I tensorflow/compiler/jit/xla_gpu_device.cc:99] Not creating XLA devices, tf_xla_enable_xla_devices not set
maxFreq at 10nA: 500.0
2021-04-21 20:01:31.146188: I tensorflow/compiler/jit/xla_gpu_device.cc:99] Not creating XLA devices, tf_xla_enable_xla_devices not set
2021-04-21 20:01:51.161542: I tensorflow/compiler/jit/xla_gpu_device.cc:99] Not creating XLA devices, tf_xla_enable_xla_devices not set
mse and spike frequency: 0.00044 2.83
[32m[I 2021-04-21 20:02:08,922][0m Trial 116 finished with values: [0.00044, 2.83] with parameters: {'Vahp': -42.5, 'Vth': -37.5, 'Vmax': 35.0, 't_ref': 1.0, 'R': 0.9, 'tau_m': 334.5, 'rate_low': 6.0, 'rate_high': 21.5}.[0m
2021-04-21 20:02:09.665462: I tensorflow/compiler/jit/xla_gpu_device.cc:99] Not creating XLA devices, tf_xla_enable_xla_devices not set
maxFreq at 10nA: 112.0
2021-04-21 20:02:38.849620: I tensorflow/compiler/jit/xla_gpu_device.cc:99] Not creating XLA devices, tf_xla_enable_xla_devices not set
2021-04-21 20:02:58.916072: I tensorflow/compiler/jit/xla_gpu_device.cc:99] Not creating XLA devices, tf_xla_enable_xla_devices not set
mse and spike frequency: 0.00086 11.45
[32m[I 2021-04-21 20:03:16,662][0m Trial 117 finished with values: [0.00086, 11.45] with parameters: {'Vahp': -58.5, 'Vth': -43.0, 'Vmax': 39.0, 't_ref': 7.5, 'R': 1.0, 'tau_m': 427.5, 'rate_low': 12.0, 'rate_high': 17.5}.[0m
2021-04-21 20:03:17.392938: I tensorflow/compiler/jit/xla_gpu_device.cc:99] Not creating XLA devices, tf_xla_enable_xla_devices not set
maxFreq at 10nA: 999.0
2021-04-21 20:03:46.948900: I tensorflow/compiler/jit/xla_gpu_device.cc:99] Not creating XLA devices, tf_xla_enable_xla_devices not set
2021-04-21 20:04:07.358942: I tensorflow/compiler/jit/xla_gpu_device.cc:99] Not creating XLA devices, tf_xla_enable_xla_devices not set
mse and spike frequency: 0.11775 0.0
[32m[I 2021-04-21 20:04:25,742][0m Trial 118 finished with values: [0.11775, 0.0] with parameters: {'Vahp': -34.0, 'Vth': -40.5, 'Vmax': 27.5, 't_ref': 8.5, 'R': 0.5, 'tau_m': 278.5, 'rate_low': 4.5, 'rate_high': 27.0}.[0m
2021-04-21 20:04:26.423015: I tensorflow/compiler/jit/xla_gpu_device.cc:99] Not creating XLA devices, tf_xla_enable_xla_devices not set
maxFreq at 10nA: 1000.0
2021-04-21 20:04:56.755202: I tensorflow/compiler/jit/xla_gpu_device.cc:99] Not creating XLA devices, tf_xla_enable_xla_devices not set
2021-04-21 20:05:17.326857: I tensorflow/compiler/jit/xla_gpu_device.cc:99] Not creating XLA devices, tf_xla_enable_xla_devices not set
mse and spike frequency: 0.11775 0.0
[32m[I 2021-04-21 20:05:35,767][0m Trial 119 finished with values: [0.11775, 0.0] with parameters: {'Vahp': -35.0, 'Vth': -57.5, 'Vmax': 13.0, 't_ref': 17.5, 'R': 0.7000000000000001, 'tau_m': 310.5, 'rate_low': 7.0, 'rate_high': 22.0}.[0m
2021-04-21 20:05:36.361498: I tensorflow/compiler/jit/xla_gpu_device.cc:99] Not creating XLA devices, tf_xla_enable_xla_devices not set
maxFreq at 10nA: 125.0
2021-04-21 20:06:06.503828: I tensorflow/compiler/jit/xla_gpu_device.cc:99] Not creating XLA devices, tf_xla_enable_xla_devices not set
2021-04-21 20:06:26.461040: I tensorflow/compiler/jit/xla_gpu_device.cc:99] Not creating XLA devices, tf_xla_enable_xla_devices not set
mse and spike frequency: 0.11775 0.0
