[32m[I 2021-04-21 18:44:31,265][0m Trial 27 finished with values: [0.11775, 0.0] with parameters: {'Vahp': -20.5, 'Vth': -48.5, 'Vmax': 26.0, 't_ref': 17.0, 'R': 0.30000000000000004, 'tau_m': 75.5, 'rate_low': 16.5, 'rate_high': 20.5}.[0m
2021-04-21 18:44:31.703913: I tensorflow/compiler/jit/xla_gpu_device.cc:99] Not creating XLA devices, tf_xla_enable_xla_devices not set
maxFreq at 10nA: 1000.0
2021-04-21 18:44:52.245914: I tensorflow/compiler/jit/xla_gpu_device.cc:99] Not creating XLA devices, tf_xla_enable_xla_devices not set
2021-04-21 18:45:00.843427: I tensorflow/compiler/jit/xla_gpu_device.cc:99] Not creating XLA devices, tf_xla_enable_xla_devices not set
mse and spike frequency: 0.11771 1000.1
[32m[I 2021-04-21 18:45:08,661][0m Trial 28 finished with values: [0.11771, 1000.1] with parameters: {'Vahp': -23.0, 'Vth': -59.0, 'Vmax': 26.5, 't_ref': 5.5, 'R': 0.7000000000000001, 'tau_m': 112.5, 'rate_low': 33.5, 'rate_high': 48.0}.[0m
2021-04-21 18:45:09.061709: I tensorflow/compiler/jit/xla_gpu_device.cc:99] Not creating XLA devices, tf_xla_enable_xla_devices not set
maxFreq at 10nA: 91.0
2021-04-21 18:45:30.415753: I tensorflow/compiler/jit/xla_gpu_device.cc:99] Not creating XLA devices, tf_xla_enable_xla_devices not set
2021-04-21 18:45:39.368503: I tensorflow/compiler/jit/xla_gpu_device.cc:99] Not creating XLA devices, tf_xla_enable_xla_devices not set
mse and spike frequency: 0.00209 33.57
[32m[I 2021-04-21 18:45:47,498][0m Trial 29 finished with values: [0.00209, 33.57] with parameters: {'Vahp': -33.5, 'Vth': -33.0, 'Vmax': 21.0, 't_ref': 10.0, 'R': 0.6, 'tau_m': 311.5, 'rate_low': 18.0, 'rate_high': 49.0}.[0m
2021-04-21 18:45:47.939169: I tensorflow/compiler/jit/xla_gpu_device.cc:99] Not creating XLA devices, tf_xla_enable_xla_devices not set
maxFreq at 10nA: 1000.0
2021-04-21 18:46:09.026320: I tensorflow/compiler/jit/xla_gpu_device.cc:99] Not creating XLA devices, tf_xla_enable_xla_devices not set
2021-04-21 18:46:17.901656: I tensorflow/compiler/jit/xla_gpu_device.cc:99] Not creating XLA devices, tf_xla_enable_xla_devices not set
mse and spike frequency: 0.11775 0.0
[32m[I 2021-04-21 18:46:26,772][0m Trial 30 finished with values: [0.11775, 0.0] with parameters: {'Vahp': -27.5, 'Vth': -55.0, 'Vmax': 32.5, 't_ref': 14.5, 'R': 0.5, 'tau_m': 410.5, 'rate_low': 27.5, 'rate_high': 49.0}.[0m
2021-04-21 18:46:27.252726: I tensorflow/compiler/jit/xla_gpu_device.cc:99] Not creating XLA devices, tf_xla_enable_xla_devices not set
maxFreq at 10nA: 53.0
2021-04-21 18:46:47.538990: I tensorflow/compiler/jit/xla_gpu_device.cc:99] Not creating XLA devices, tf_xla_enable_xla_devices not set
2021-04-21 18:46:56.463459: I tensorflow/compiler/jit/xla_gpu_device.cc:99] Not creating XLA devices, tf_xla_enable_xla_devices not set
mse and spike frequency: 0.00092 19.33
[32m[I 2021-04-21 18:47:05,333][0m Trial 31 finished with values: [0.00092, 19.33] with parameters: {'Vahp': -51.0, 'Vth': -39.5, 'Vmax': 24.5, 't_ref': 18.0, 'R': 1.0, 'tau_m': 316.0, 'rate_low': 37.5, 'rate_high': 41.5}.[0m
2021-04-21 18:47:05.825783: I tensorflow/compiler/jit/xla_gpu_device.cc:99] Not creating XLA devices, tf_xla_enable_xla_devices not set
maxFreq at 10nA: 1000.0
2021-04-21 18:47:26.358893: I tensorflow/compiler/jit/xla_gpu_device.cc:99] Not creating XLA devices, tf_xla_enable_xla_devices not set
2021-04-21 18:47:35.385091: I tensorflow/compiler/jit/xla_gpu_device.cc:99] Not creating XLA devices, tf_xla_enable_xla_devices not set
mse and spike frequency: 0.11775 0.0
[32m[I 2021-04-21 18:47:44,175][0m Trial 32 finished with values: [0.11775, 0.0] with parameters: {'Vahp': -40.0, 'Vth': -50.5, 'Vmax': 39.0, 't_ref': 20.0, 'R': 1.0, 'tau_m': 236.5, 'rate_low': 50.0, 'rate_high': 50.0}.[0m
2021-04-21 18:47:44.668285: I tensorflow/compiler/jit/xla_gpu_device.cc:99] Not creating XLA devices, tf_xla_enable_xla_devices not set
maxFreq at 10nA: 1000.0
2021-04-21 18:48:05.260913: I tensorflow/compiler/jit/xla_gpu_device.cc:99] Not creating XLA devices, tf_xla_enable_xla_devices not set
2021-04-21 18:48:14.282093: I tensorflow/compiler/jit/xla_gpu_device.cc:99] Not creating XLA devices, tf_xla_enable_xla_devices not set
mse and spike frequency: 0.11775 0.0
[32m[I 2021-04-21 18:48:23,170][0m Trial 33 finished with values: [0.11775, 0.0] with parameters: {'Vahp': -42.0, 'Vth': -57.0, 'Vmax': 33.0, 't_ref': 18.0, 'R': 1.0, 'tau_m': 216.5, 'rate_low': 31.0, 'rate_high': 35.5}.[0m
2021-04-21 18:48:23.663350: I tensorflow/compiler/jit/xla_gpu_device.cc:99] Not creating XLA devices, tf_xla_enable_xla_devices not set
maxFreq at 10nA: 125.0
2021-04-21 18:48:44.655552: I tensorflow/compiler/jit/xla_gpu_device.cc:99] Not creating XLA devices, tf_xla_enable_xla_devices not set
2021-04-21 18:48:53.787377: I tensorflow/compiler/jit/xla_gpu_device.cc:99] Not creating XLA devices, tf_xla_enable_xla_devices not set
mse and spike frequency: 0.11775 0.0
[32m[I 2021-04-21 18:49:02,400][0m Trial 34 finished with values: [0.11775, 0.0] with parameters: {'Vahp': -52.5, 'Vth': -51.5, 'Vmax': 27.5, 't_ref': 6.5, 'R': 0.4, 'tau_m': 23.5, 'rate_low': 15.5, 'rate_high': 34.0}.[0m
2021-04-21 18:49:02.829894: I tensorflow/compiler/jit/xla_gpu_device.cc:99] Not creating XLA devices, tf_xla_enable_xla_devices not set
maxFreq at 10nA: 200.0
2021-04-21 18:49:24.171511: I tensorflow/compiler/jit/xla_gpu_device.cc:99] Not creating XLA devices, tf_xla_enable_xla_devices not set
2021-04-21 18:49:33.155502: I tensorflow/compiler/jit/xla_gpu_device.cc:99] Not creating XLA devices, tf_xla_enable_xla_devices not set
mse and spike frequency: 0.11775 0.0
[32m[I 2021-04-21 18:49:41,291][0m Trial 35 finished with values: [0.11775, 0.0] with parameters: {'Vahp': -49.5, 'Vth': -48.0, 'Vmax': 22.0, 't_ref': 3.5, 'R': 0.8, 'tau_m': 299.0, 'rate_low': 36.0, 'rate_high': 44.5}.[0m
2021-04-21 18:49:41.735094: I tensorflow/compiler/jit/xla_gpu_device.cc:99] Not creating XLA devices, tf_xla_enable_xla_devices not set
maxFreq at 10nA: 84.0
2021-04-21 18:50:03.136713: I tensorflow/compiler/jit/xla_gpu_device.cc:99] Not creating XLA devices, tf_xla_enable_xla_devices not set
2021-04-21 18:50:12.169067: I tensorflow/compiler/jit/xla_gpu_device.cc:99] Not creating XLA devices, tf_xla_enable_xla_devices not set
mse and spike frequency: 0.11775 0.1
[32m[I 2021-04-21 18:50:20,499][0m Trial 36 finished with values: [0.11775, 0.1] with parameters: {'Vahp': -25.0, 'Vth': -24.0, 'Vmax': 31.0, 't_ref': 10.5, 'R': 0.8, 'tau_m': 57.5, 'rate_low': 20.0, 'rate_high': 48.0}.[0m
2021-04-21 18:50:20.910546: I tensorflow/compiler/jit/xla_gpu_device.cc:99] Not creating XLA devices, tf_xla_enable_xla_devices not set
maxFreq at 10nA: 1000.0
2021-04-21 18:50:42.265499: I tensorflow/compiler/jit/xla_gpu_device.cc:99] Not creating XLA devices, tf_xla_enable_xla_devices not set
2021-04-21 18:50:51.511640: I tensorflow/compiler/jit/xla_gpu_device.cc:99] Not creating XLA devices, tf_xla_enable_xla_devices not set
mse and spike frequency: 0.11775 0.0
[32m[I 2021-04-21 18:50:59,661][0m Trial 37 finished with values: [0.11775, 0.0] with parameters: {'Vahp': -35.5, 'Vth': -38.5, 'Vmax': 25.5, 't_ref': 15.0, 'R': 0.30000000000000004, 'tau_m': 79.0, 'rate_low': 33.5, 'rate_high': 40.5}.[0m
2021-04-21 18:51:00.090019: I tensorflow/compiler/jit/xla_gpu_device.cc:99] Not creating XLA devices, tf_xla_enable_xla_devices not set
maxFreq at 10nA: 1000.0
2021-04-21 18:51:21.400890: I tensorflow/compiler/jit/xla_gpu_device.cc:99] Not creating XLA devices, tf_xla_enable_xla_devices not set
2021-04-21 18:51:30.844330: I tensorflow/compiler/jit/xla_gpu_device.cc:99] Not creating XLA devices, tf_xla_enable_xla_devices not set
mse and spike frequency: 0.11775 0.0
[32m[I 2021-04-21 18:51:38,984][0m Trial 38 finished with values: [0.11775, 0.0] with parameters: {'Vahp': -31.0, 'Vth': -55.5, 'Vmax': 18.5, 't_ref': 3.0, 'R': 0.9, 'tau_m': 90.5, 'rate_low': 3.5, 'rate_high': 17.0}.[0m
2021-04-21 18:51:39.400629: I tensorflow/compiler/jit/xla_gpu_device.cc:99] Not creating XLA devices, tf_xla_enable_xla_devices not set
maxFreq at 10nA: 1000.0
2021-04-21 18:52:00.632352: I tensorflow/compiler/jit/xla_gpu_device.cc:99] Not creating XLA devices, tf_xla_enable_xla_devices not set
2021-04-21 18:52:10.284706: I tensorflow/compiler/jit/xla_gpu_device.cc:99] Not creating XLA devices, tf_xla_enable_xla_devices not set
mse and spike frequency: 0.11771 1000.1
[32m[I 2021-04-21 18:52:18,679][0m Trial 39 finished with values: [0.11771, 1000.1] with parameters: {'Vahp': -43.0, 'Vth': -60.0, 'Vmax': 35.5, 't_ref': 6.0, 'R': 0.5, 'tau_m': 157.0, 'rate_low': 37.5, 'rate_high': 49.0}.[0m
2021-04-21 18:52:19.094068: I tensorflow/compiler/jit/xla_gpu_device.cc:99] Not creating XLA devices, tf_xla_enable_xla_devices not set
maxFreq at 10nA: 999.0
2021-04-21 18:52:40.439413: I tensorflow/compiler/jit/xla_gpu_device.cc:99] Not creating XLA devices, tf_xla_enable_xla_devices not set
2021-04-21 18:52:49.834309: I tensorflow/compiler/jit/xla_gpu_device.cc:99] Not creating XLA devices, tf_xla_enable_xla_devices not set
mse and spike frequency: 0.11775 0.0
[32m[I 2021-04-21 18:52:58,191][0m Trial 40 finished with values: [0.11775, 0.0] with parameters: {'Vahp': -24.0, 'Vth': -30.5, 'Vmax': 26.0, 't_ref': 17.0, 'R': 0.2, 'tau_m': 89.0, 'rate_low': 31.5, 'rate_high': 48.5}.[0m
2021-04-21 18:52:58.614557: I tensorflow/compiler/jit/xla_gpu_device.cc:99] Not creating XLA devices, tf_xla_enable_xla_devices not set
maxFreq at 10nA: 1000.0
2021-04-21 18:53:19.676130: I tensorflow/compiler/jit/xla_gpu_device.cc:99] Not creating XLA devices, tf_xla_enable_xla_devices not set
2021-04-21 18:53:29.222249: I tensorflow/compiler/jit/xla_gpu_device.cc:99] Not creating XLA devices, tf_xla_enable_xla_devices not set
mse and spike frequency: 0.11775 0.0
[32m[I 2021-04-21 18:53:38,032][0m Trial 41 finished with values: [0.11775, 0.0] with parameters: {'Vahp': -49.0, 'Vth': -54.5, 'Vmax': 39.0, 't_ref': 1.0, 'R': 1.0, 'tau_m': 427.5, 'rate_low': 17.0, 'rate_high': 17.5}.[0m
2021-04-21 18:53:38.470489: I tensorflow/compiler/jit/xla_gpu_device.cc:99] Not creating XLA devices, tf_xla_enable_xla_devices not set
maxFreq at 10nA: 1000.0
2021-04-21 18:53:59.974887: I tensorflow/compiler/jit/xla_gpu_device.cc:99] Not creating XLA devices, tf_xla_enable_xla_devices not set
2021-04-21 18:54:09.599922: I tensorflow/compiler/jit/xla_gpu_device.cc:99] Not creating XLA devices, tf_xla_enable_xla_devices not set
mse and spike frequency: 0.11775 0.0
[32m[I 2021-04-21 18:54:18,602][0m Trial 42 finished with values: [0.11775, 0.0] with parameters: {'Vahp': -53.0, 'Vth': -57.0, 'Vmax': 29.0, 't_ref': 2.0, 'R': 0.5, 'tau_m': 88.0, 'rate_low': 24.5, 'rate_high': 43.0}.[0m
2021-04-21 18:54:19.040567: I tensorflow/compiler/jit/xla_gpu_device.cc:99] Not creating XLA devices, tf_xla_enable_xla_devices not set
maxFreq at 10nA: 63.0
2021-04-21 18:54:40.330010: I tensorflow/compiler/jit/xla_gpu_device.cc:99] Not creating XLA devices, tf_xla_enable_xla_devices not set
2021-04-21 18:54:50.171651: I tensorflow/compiler/jit/xla_gpu_device.cc:99] Not creating XLA devices, tf_xla_enable_xla_devices not set
mse and spike frequency: 0.00079 13.96
[32m[I 2021-04-21 18:54:59,076][0m Trial 43 finished with values: [0.00079, 13.96] with parameters: {'Vahp': -50.0, 'Vth': -33.0, 'Vmax': 25.0, 't_ref': 13.5, 'R': 0.4, 'tau_m': 319.5, 'rate_low': 46.5, 'rate_high': 48.5}.[0m
2021-04-21 18:54:59.548243: I tensorflow/compiler/jit/xla_gpu_device.cc:99] Not creating XLA devices, tf_xla_enable_xla_devices not set
maxFreq at 10nA: 72.0
2021-04-21 18:55:21.250130: I tensorflow/compiler/jit/xla_gpu_device.cc:99] Not creating XLA devices, tf_xla_enable_xla_devices not set
2021-04-21 18:55:31.084318: I tensorflow/compiler/jit/xla_gpu_device.cc:99] Not creating XLA devices, tf_xla_enable_xla_devices not set
mse and spike frequency: 0.00234 2.37
[32m[I 2021-04-21 18:55:40,105][0m Trial 44 finished with values: [0.00234, 2.37] with parameters: {'Vahp': -41.0, 'Vth': -20.0, 'Vmax': 24.5, 't_ref': 12.0, 'R': 0.8, 'tau_m': 387.5, 'rate_low': 3.0, 'rate_high': 25.0}.[0m
2021-04-21 18:55:40.567517: I tensorflow/compiler/jit/xla_gpu_device.cc:99] Not creating XLA devices, tf_xla_enable_xla_devices not set
maxFreq at 10nA: 63.0
2021-04-21 18:56:02.560515: I tensorflow/compiler/jit/xla_gpu_device.cc:99] Not creating XLA devices, tf_xla_enable_xla_devices not set
2021-04-21 18:56:12.700610: I tensorflow/compiler/jit/xla_gpu_device.cc:99] Not creating XLA devices, tf_xla_enable_xla_devices not set
mse and spike frequency: 0.00084 16.21
[32m[I 2021-04-21 18:56:21,545][0m Trial 45 finished with values: [0.00084, 16.21] with parameters: {'Vahp': -39.5, 'Vth': -33.0, 'Vmax': 14.0, 't_ref': 15.0, 'R': 0.9, 'tau_m': 465.5, 'rate_low': 20.5, 'rate_high': 25.5}.[0m
2021-04-21 18:56:21.977558: I tensorflow/compiler/jit/xla_gpu_device.cc:99] Not creating XLA devices, tf_xla_enable_xla_devices not set
maxFreq at 10nA: 1000.0
2021-04-21 18:56:44.121970: I tensorflow/compiler/jit/xla_gpu_device.cc:99] Not creating XLA devices, tf_xla_enable_xla_devices not set
2021-04-21 18:56:54.646895: I tensorflow/compiler/jit/xla_gpu_device.cc:99] Not creating XLA devices, tf_xla_enable_xla_devices not set
mse and spike frequency: 0.11775 0.0
[32m[I 2021-04-21 18:57:03,843][0m Trial 46 finished with values: [0.11775, 0.0] with parameters: {'Vahp': -50.5, 'Vth': -58.0, 'Vmax': 15.5, 't_ref': 2.5, 'R': 0.5, 'tau_m': 45.5, 'rate_low': 25.0, 'rate_high': 41.5}.[0m
2021-04-21 18:57:04.253442: I tensorflow/compiler/jit/xla_gpu_device.cc:99] Not creating XLA devices, tf_xla_enable_xla_devices not set
maxFreq at 10nA: 1000.0
2021-04-21 18:57:26.328320: I tensorflow/compiler/jit/xla_gpu_device.cc:99] Not creating XLA devices, tf_xla_enable_xla_devices not set
2021-04-21 18:57:36.980268: I tensorflow/compiler/jit/xla_gpu_device.cc:99] Not creating XLA devices, tf_xla_enable_xla_devices not set
mse and spike frequency: 0.11775 0.0
[32m[I 2021-04-21 18:57:46,258][0m Trial 47 finished with values: [0.11775, 0.0] with parameters: {'Vahp': -20.0, 'Vth': -42.5, 'Vmax': 16.5, 't_ref': 1.0, 'R': 0.8, 'tau_m': 442.5, 'rate_low': 42.5, 'rate_high': 50.0}.[0m
2021-04-21 18:57:46.669088: I tensorflow/compiler/jit/xla_gpu_device.cc:99] Not creating XLA devices, tf_xla_enable_xla_devices not set
maxFreq at 10nA: 53.0
2021-04-21 18:58:07.935267: I tensorflow/compiler/jit/xla_gpu_device.cc:99] Not creating XLA devices, tf_xla_enable_xla_devices not set
2021-04-21 18:58:18.989968: I tensorflow/compiler/jit/xla_gpu_device.cc:99] Not creating XLA devices, tf_xla_enable_xla_devices not set
mse and spike frequency: 0.16773 0.34
[32m[I 2021-04-21 18:58:28,618][0m Trial 48 finished with values: [0.16773, 0.34] with parameters: {'Vahp': -44.0, 'Vth': -41.0, 'Vmax': 26.0, 't_ref': 17.5, 'R': 1.0, 'tau_m': 122.0, 'rate_low': 22.5, 'rate_high': 40.0}.[0m
2021-04-21 18:58:29.081788: I tensorflow/compiler/jit/xla_gpu_device.cc:99] Not creating XLA devices, tf_xla_enable_xla_devices not set
maxFreq at 10nA: 48.0
2021-04-21 18:58:50.822689: I tensorflow/compiler/jit/xla_gpu_device.cc:99] Not creating XLA devices, tf_xla_enable_xla_devices not set
2021-04-21 18:59:02.638267: I tensorflow/compiler/jit/xla_gpu_device.cc:99] Not creating XLA devices, tf_xla_enable_xla_devices not set
mse and spike frequency: 0.00198 21.81
[32m[I 2021-04-21 18:59:12,017][0m Trial 49 finished with values: [0.00198, 21.81] with parameters: {'Vahp': -23.5, 'Vth': -20.0, 'Vmax': 31.0, 't_ref': 19.5, 'R': 1.0, 'tau_m': 99.5, 'rate_low': 31.0, 'rate_high': 41.5}.[0m
2021-04-21 18:59:12.456974: I tensorflow/compiler/jit/xla_gpu_device.cc:99] Not creating XLA devices, tf_xla_enable_xla_devices not set
maxFreq at 10nA: 990.0
2021-04-21 18:59:34.627533: I tensorflow/compiler/jit/xla_gpu_device.cc:99] Not creating XLA devices, tf_xla_enable_xla_devices not set
2021-04-21 18:59:46.226160: I tensorflow/compiler/jit/xla_gpu_device.cc:99] Not creating XLA devices, tf_xla_enable_xla_devices not set
mse and spike frequency: 0.11775 0.0
[32m[I 2021-04-21 18:59:55,650][0m Trial 50 finished with values: [0.11775, 0.0] with parameters: {'Vahp': -31.0, 'Vth': -37.5, 'Vmax': 35.0, 't_ref': 1.0, 'R': 0.1, 'tau_m': 479.0, 'rate_low': 42.5, 'rate_high': 43.0}.[0m
2021-04-21 18:59:56.107816: I tensorflow/compiler/jit/xla_gpu_device.cc:99] Not creating XLA devices, tf_xla_enable_xla_devices not set
maxFreq at 10nA: 1000.0
2021-04-21 19:00:18.319364: I tensorflow/compiler/jit/xla_gpu_device.cc:99] Not creating XLA devices, tf_xla_enable_xla_devices not set
2021-04-21 19:00:30.213430: I tensorflow/compiler/jit/xla_gpu_device.cc:99] Not creating XLA devices, tf_xla_enable_xla_devices not set
mse and spike frequency: 0.11775 0.0
[32m[I 2021-04-21 19:00:39,763][0m Trial 51 finished with values: [0.11775, 0.0] with parameters: {'Vahp': -20.5, 'Vth': -57.5, 'Vmax': 19.5, 't_ref': 20.0, 'R': 0.5, 'tau_m': 460.5, 'rate_low': 42.5, 'rate_high': 50.0}.[0m
2021-04-21 19:00:40.213315: I tensorflow/compiler/jit/xla_gpu_device.cc:99] Not creating XLA devices, tf_xla_enable_xla_devices not set
maxFreq at 10nA: 72.0
2021-04-21 19:01:01.769428: I tensorflow/compiler/jit/xla_gpu_device.cc:99] Not creating XLA devices, tf_xla_enable_xla_devices not set
2021-04-21 19:01:13.116136: I tensorflow/compiler/jit/xla_gpu_device.cc:99] Not creating XLA devices, tf_xla_enable_xla_devices not set
mse and spike frequency: 0.0016 5.53
[32m[I 2021-04-21 19:01:23,203][0m Trial 52 finished with values: [0.0016, 5.53] with parameters: {'Vahp': -53.0, 'Vth': -28.0, 'Vmax': 21.5, 't_ref': 11.5, 'R': 0.8, 'tau_m': 368.5, 'rate_low': 3.0, 'rate_high': 41.0}.[0m
2021-04-21 19:01:23.698806: I tensorflow/compiler/jit/xla_gpu_device.cc:99] Not creating XLA devices, tf_xla_enable_xla_devices not set
maxFreq at 10nA: 67.0
2021-04-21 19:01:45.638595: I tensorflow/compiler/jit/xla_gpu_device.cc:99] Not creating XLA devices, tf_xla_enable_xla_devices not set
2021-04-21 19:01:57.218907: I tensorflow/compiler/jit/xla_gpu_device.cc:99] Not creating XLA devices, tf_xla_enable_xla_devices not set
mse and spike frequency: 0.00963 2.04
[32m[I 2021-04-21 19:02:07,530][0m Trial 53 finished with values: [0.00963, 2.04] with parameters: {'Vahp': -60.0, 'Vth': -21.5, 'Vmax': 13.5, 't_ref': 10.5, 'R': 0.5, 'tau_m': 459.5, 'rate_low': 5.5, 'rate_high': 28.5}.[0m
2021-04-21 19:02:07.995866: I tensorflow/compiler/jit/xla_gpu_device.cc:99] Not creating XLA devices, tf_xla_enable_xla_devices not set
maxFreq at 10nA: 143.0
2021-04-21 19:02:29.606326: I tensorflow/compiler/jit/xla_gpu_device.cc:99] Not creating XLA devices, tf_xla_enable_xla_devices not set
2021-04-21 19:02:42.401584: I tensorflow/compiler/jit/xla_gpu_device.cc:99] Not creating XLA devices, tf_xla_enable_xla_devices not set
mse and spike frequency: 0.00045 15.09
[32m[I 2021-04-21 19:02:52,553][0m Trial 54 finished with values: [0.00045, 15.09] with parameters: {'Vahp': -43.0, 'Vth': -28.0, 'Vmax': 35.5, 't_ref': 6.0, 'R': 0.5, 'tau_m': 157.0, 'rate_low': 13.0, 'rate_high': 41.0}.[0m
2021-04-21 19:02:53.006632: I tensorflow/compiler/jit/xla_gpu_device.cc:99] Not creating XLA devices, tf_xla_enable_xla_devices not set
maxFreq at 10nA: 50.0
2021-04-21 19:03:14.683565: I tensorflow/compiler/jit/xla_gpu_device.cc:99] Not creating XLA devices, tf_xla_enable_xla_devices not set
2021-04-21 19:03:27.389325: I tensorflow/compiler/jit/xla_gpu_device.cc:99] Not creating XLA devices, tf_xla_enable_xla_devices not set
mse and spike frequency: 0.00187 21.63
[32m[I 2021-04-21 19:03:37,923][0m Trial 55 finished with values: [0.00187, 21.63] with parameters: {'Vahp': -21.5, 'Vth': -20.0, 'Vmax': 22.5, 't_ref': 19.0, 'R': 0.6, 'tau_m': 369.5, 'rate_low': 36.0, 'rate_high': 44.5}.[0m
2021-04-21 19:03:38.377879: I tensorflow/compiler/jit/xla_gpu_device.cc:99] Not creating XLA devices, tf_xla_enable_xla_devices not set
maxFreq at 10nA: 200.0
2021-04-21 19:03:59.849511: I tensorflow/compiler/jit/xla_gpu_device.cc:99] Not creating XLA devices, tf_xla_enable_xla_devices not set
2021-04-21 19:04:13.212731: I tensorflow/compiler/jit/xla_gpu_device.cc:99] Not creating XLA devices, tf_xla_enable_xla_devices not set
mse and spike frequency: 0.00037 32.82
[32m[I 2021-04-21 19:04:24,301][0m Trial 56 finished with values: [0.00037, 32.82] with parameters: {'Vahp': -48.5, 'Vth': -35.0, 'Vmax': 14.0, 't_ref': 4.0, 'R': 0.9, 'tau_m': 460.5, 'rate_low': 42.5, 'rate_high': 47.0}.[0m
2021-04-21 19:04:24.772645: I tensorflow/compiler/jit/xla_gpu_device.cc:99] Not creating XLA devices, tf_xla_enable_xla_devices not set
maxFreq at 10nA: 48.0
2021-04-21 19:04:46.121873: I tensorflow/compiler/jit/xla_gpu_device.cc:99] Not creating XLA devices, tf_xla_enable_xla_devices not set
2021-04-21 19:04:59.869295: I tensorflow/compiler/jit/xla_gpu_device.cc:99] Not creating XLA devices, tf_xla_enable_xla_devices not set
mse and spike frequency: 0.03511 0.59
[32m[I 2021-04-21 19:05:11,115][0m Trial 57 finished with values: [0.03511, 0.59] with parameters: {'Vahp': -54.5, 'Vth': -21.0, 'Vmax': 24.5, 't_ref': 18.0, 'R': 0.5, 'tau_m': 316.0, 'rate_low': 4.5, 'rate_high': 10.0}.[0m
2021-04-21 19:05:11.564573: I tensorflow/compiler/jit/xla_gpu_device.cc:99] Not creating XLA devices, tf_xla_enable_xla_devices not set
maxFreq at 10nA: 1000.0
2021-04-21 19:05:33.460329: I tensorflow/compiler/jit/xla_gpu_device.cc:99] Not creating XLA devices, tf_xla_enable_xla_devices not set
2021-04-21 19:05:46.389870: I tensorflow/compiler/jit/xla_gpu_device.cc:99] Not creating XLA devices, tf_xla_enable_xla_devices not set
mse and spike frequency: 0.11775 0.0
