2021-04-21 18:29:08.902527: I tensorflow/stream_executor/platform/default/dso_loader.cc:49] Successfully opened dynamic library libcudart.so.11.0
Build finished in 0:00:01.                                                      
Simulation finished in 0:00:01.                                                 
[32m[I 2021-04-21 18:29:12,644][0m A new study created in memory with name: no-name-7bdc6c95-8fea-468f-87e8-c63fc964f785[0m
2021-04-21 18:29:12.910014: I tensorflow/compiler/jit/xla_cpu_device.cc:41] Not creating XLA devices, tf_xla_enable_xla_devices not set
2021-04-21 18:29:12.911053: I tensorflow/stream_executor/platform/default/dso_loader.cc:49] Successfully opened dynamic library libcuda.so.1
2021-04-21 18:29:13.969536: E tensorflow/stream_executor/cuda/cuda_driver.cc:328] failed call to cuInit: CUDA_ERROR_NO_DEVICE: no CUDA-capable device is detected
2021-04-21 18:29:13.969625: I tensorflow/stream_executor/cuda/cuda_diagnostics.cc:169] retrieving CUDA diagnostic information for host: comparch-t640
2021-04-21 18:29:13.969640: I tensorflow/stream_executor/cuda/cuda_diagnostics.cc:176] hostname: comparch-t640
2021-04-21 18:29:13.969847: I tensorflow/stream_executor/cuda/cuda_diagnostics.cc:200] libcuda reported version is: 450.66.0
2021-04-21 18:29:13.969900: I tensorflow/stream_executor/cuda/cuda_diagnostics.cc:204] kernel reported version is: 450.66.0
2021-04-21 18:29:13.969914: I tensorflow/stream_executor/cuda/cuda_diagnostics.cc:310] kernel version seems to match DSO: 450.66.0
2021-04-21 18:29:13.970485: I tensorflow/core/platform/cpu_feature_guard.cc:142] This TensorFlow binary is optimized with oneAPI Deep Neural Network Library (oneDNN) to use the following CPU instructions in performance-critical operations:  AVX2 AVX512F FMA
To enable them in other operations, rebuild TensorFlow with the appropriate compiler flags.
2021-04-21 18:29:13.971632: I tensorflow/compiler/jit/xla_gpu_device.cc:99] Not creating XLA devices, tf_xla_enable_xla_devices not set
2021-04-21 18:29:13.987484: I tensorflow/compiler/mlir/mlir_graph_optimization_pass.cc:196] None of the MLIR optimization passes are enabled (registered 0 passes)
2021-04-21 18:29:14.011963: I tensorflow/core/platform/profile_utils/cpu_utils.cc:112] CPU Frequency: 2100000000 Hz
maxFreq at 10nA: 1000.0
2021-04-21 18:29:30.959111: I tensorflow/compiler/jit/xla_gpu_device.cc:99] Not creating XLA devices, tf_xla_enable_xla_devices not set
2021-04-21 18:29:36.920973: I tensorflow/compiler/jit/xla_gpu_device.cc:99] Not creating XLA devices, tf_xla_enable_xla_devices not set
mse and spike frequency: 0.11775 0.0
[32m[I 2021-04-21 18:29:41,950][0m Trial 0 finished with values: [0.11775, 0.0] with parameters: {'Vahp': -56.5, 'Vth': -57.5, 'Vmax': 19.5, 't_ref': 17.5, 'R': 0.5, 'tau_m': 310.5, 'rate_low': 50.0, 'rate_high': 50.0}.[0m
2021-04-21 18:29:42.320439: I tensorflow/compiler/jit/xla_gpu_device.cc:99] Not creating XLA devices, tf_xla_enable_xla_devices not set
maxFreq at 10nA: 77.0
2021-04-21 18:29:59.671539: I tensorflow/compiler/jit/xla_gpu_device.cc:99] Not creating XLA devices, tf_xla_enable_xla_devices not set
2021-04-21 18:30:05.763811: I tensorflow/compiler/jit/xla_gpu_device.cc:99] Not creating XLA devices, tf_xla_enable_xla_devices not set
mse and spike frequency: 0.00473 3.65
[32m[I 2021-04-21 18:30:10,789][0m Trial 1 finished with values: [0.00473, 3.65] with parameters: {'Vahp': -60.0, 'Vth': -48.5, 'Vmax': 19.0, 't_ref': 7.5, 'R': 0.1, 'tau_m': 490.0, 'rate_low': 24.0, 'rate_high': 24.5}.[0m
2021-04-21 18:30:11.117352: I tensorflow/compiler/jit/xla_gpu_device.cc:99] Not creating XLA devices, tf_xla_enable_xla_devices not set
maxFreq at 10nA: 1000.0
2021-04-21 18:30:28.704319: I tensorflow/compiler/jit/xla_gpu_device.cc:99] Not creating XLA devices, tf_xla_enable_xla_devices not set
2021-04-21 18:30:34.950922: I tensorflow/compiler/jit/xla_gpu_device.cc:99] Not creating XLA devices, tf_xla_enable_xla_devices not set
mse and spike frequency: 0.11771 1000.1
[32m[I 2021-04-21 18:30:39,891][0m Trial 2 finished with values: [0.11771, 1000.1] with parameters: {'Vahp': -31.5, 'Vth': -60.0, 'Vmax': 16.5, 't_ref': 3.5, 'R': 0.6, 'tau_m': 274.5, 'rate_low': 45.5, 'rate_high': 49.5}.[0m
2021-04-21 18:30:40.243291: I tensorflow/compiler/jit/xla_gpu_device.cc:99] Not creating XLA devices, tf_xla_enable_xla_devices not set
maxFreq at 10nA: 72.0
2021-04-21 18:30:58.115054: I tensorflow/compiler/jit/xla_gpu_device.cc:99] Not creating XLA devices, tf_xla_enable_xla_devices not set
2021-04-21 18:31:04.260770: I tensorflow/compiler/jit/xla_gpu_device.cc:99] Not creating XLA devices, tf_xla_enable_xla_devices not set
mse and spike frequency: 0.00148 5.87
[32m[I 2021-04-21 18:31:09,409][0m Trial 3 finished with values: [0.00148, 5.87] with parameters: {'Vahp': -53.0, 'Vth': -28.0, 'Vmax': 23.0, 't_ref': 11.5, 'R': 0.5, 'tau_m': 368.5, 'rate_low': 13.0, 'rate_high': 41.0}.[0m
2021-04-21 18:31:09.751352: I tensorflow/compiler/jit/xla_gpu_device.cc:99] Not creating XLA devices, tf_xla_enable_xla_devices not set
maxFreq at 10nA: 112.0
2021-04-21 18:31:28.005925: I tensorflow/compiler/jit/xla_gpu_device.cc:99] Not creating XLA devices, tf_xla_enable_xla_devices not set
2021-04-21 18:31:34.437486: I tensorflow/compiler/jit/xla_gpu_device.cc:99] Not creating XLA devices, tf_xla_enable_xla_devices not set
mse and spike frequency: 0.45967 7.93
[32m[I 2021-04-21 18:31:39,896][0m Trial 4 finished with values: [0.45967, 7.93] with parameters: {'Vahp': -47.0, 'Vth': -37.0, 'Vmax': 31.0, 't_ref': 7.5, 'R': 0.4, 'tau_m': 49.0, 'rate_low': 18.0, 'rate_high': 41.5}.[0m
2021-04-21 18:31:40.235514: I tensorflow/compiler/jit/xla_gpu_device.cc:99] Not creating XLA devices, tf_xla_enable_xla_devices not set
maxFreq at 10nA: 53.0
2021-04-21 18:31:58.267946: I tensorflow/compiler/jit/xla_gpu_device.cc:99] Not creating XLA devices, tf_xla_enable_xla_devices not set
2021-04-21 18:32:04.441785: I tensorflow/compiler/jit/xla_gpu_device.cc:99] Not creating XLA devices, tf_xla_enable_xla_devices not set
mse and spike frequency: 0.00086 16.99
[32m[I 2021-04-21 18:32:10,122][0m Trial 5 finished with values: [0.00086, 16.99] with parameters: {'Vahp': -53.0, 'Vth': -40.0, 'Vmax': 20.5, 't_ref': 18.0, 'R': 0.6, 'tau_m': 342.0, 'rate_low': 50.0, 'rate_high': 50.0}.[0m
2021-04-21 18:32:10.480224: I tensorflow/compiler/jit/xla_gpu_device.cc:99] Not creating XLA devices, tf_xla_enable_xla_devices not set
maxFreq at 10nA: 998.0
2021-04-21 18:32:28.731543: I tensorflow/compiler/jit/xla_gpu_device.cc:99] Not creating XLA devices, tf_xla_enable_xla_devices not set
2021-04-21 18:32:34.876323: I tensorflow/compiler/jit/xla_gpu_device.cc:99] Not creating XLA devices, tf_xla_enable_xla_devices not set
mse and spike frequency: 0.11775 0.0
[32m[I 2021-04-21 18:32:40,468][0m Trial 6 finished with values: [0.11775, 0.0] with parameters: {'Vahp': -33.0, 'Vth': -40.5, 'Vmax': 37.0, 't_ref': 8.0, 'R': 0.2, 'tau_m': 237.5, 'rate_low': 21.0, 'rate_high': 27.0}.[0m
2021-04-21 18:32:40.806943: I tensorflow/compiler/jit/xla_gpu_device.cc:99] Not creating XLA devices, tf_xla_enable_xla_devices not set
maxFreq at 10nA: 100.0
2021-04-21 18:32:58.990986: I tensorflow/compiler/jit/xla_gpu_device.cc:99] Not creating XLA devices, tf_xla_enable_xla_devices not set
2021-04-21 18:33:05.877633: I tensorflow/compiler/jit/xla_gpu_device.cc:99] Not creating XLA devices, tf_xla_enable_xla_devices not set
mse and spike frequency: 0.00056 13.59
[32m[I 2021-04-21 18:33:11,477][0m Trial 7 finished with values: [0.00056, 13.59] with parameters: {'Vahp': -51.5, 'Vth': -42.0, 'Vmax': 23.0, 't_ref': 7.0, 'R': 0.2, 'tau_m': 472.5, 'rate_low': 50.0, 'rate_high': 50.0}.[0m
2021-04-21 18:33:11.815233: I tensorflow/compiler/jit/xla_gpu_device.cc:99] Not creating XLA devices, tf_xla_enable_xla_devices not set
maxFreq at 10nA: 143.0
2021-04-21 18:33:29.542024: I tensorflow/compiler/jit/xla_gpu_device.cc:99] Not creating XLA devices, tf_xla_enable_xla_devices not set
2021-04-21 18:33:36.617091: I tensorflow/compiler/jit/xla_gpu_device.cc:99] Not creating XLA devices, tf_xla_enable_xla_devices not set
mse and spike frequency: 0.11775 0.0
[32m[I 2021-04-21 18:33:42,697][0m Trial 8 finished with values: [0.11775, 0.0] with parameters: {'Vahp': -51.5, 'Vth': -50.5, 'Vmax': 30.0, 't_ref': 5.5, 'R': 1.0, 'tau_m': 480.5, 'rate_low': 41.5, 'rate_high': 41.5}.[0m
2021-04-21 18:33:43.052184: I tensorflow/compiler/jit/xla_gpu_device.cc:99] Not creating XLA devices, tf_xla_enable_xla_devices not set
maxFreq at 10nA: 1000.0
2021-04-21 18:34:01.611860: I tensorflow/compiler/jit/xla_gpu_device.cc:99] Not creating XLA devices, tf_xla_enable_xla_devices not set
2021-04-21 18:34:08.624619: I tensorflow/compiler/jit/xla_gpu_device.cc:99] Not creating XLA devices, tf_xla_enable_xla_devices not set
mse and spike frequency: 0.11775 0.0
[32m[I 2021-04-21 18:34:14,617][0m Trial 9 finished with values: [0.11775, 0.0] with parameters: {'Vahp': -27.0, 'Vth': -54.5, 'Vmax': 21.0, 't_ref': 9.5, 'R': 0.5, 'tau_m': 149.5, 'rate_low': 39.5, 'rate_high': 44.0}.[0m
2021-04-21 18:34:14.948534: I tensorflow/compiler/jit/xla_gpu_device.cc:99] Not creating XLA devices, tf_xla_enable_xla_devices not set
maxFreq at 10nA: 998.0
2021-04-21 18:34:33.253065: I tensorflow/compiler/jit/xla_gpu_device.cc:99] Not creating XLA devices, tf_xla_enable_xla_devices not set
2021-04-21 18:34:40.464246: I tensorflow/compiler/jit/xla_gpu_device.cc:99] Not creating XLA devices, tf_xla_enable_xla_devices not set
mse and spike frequency: 0.11775 0.0
[32m[I 2021-04-21 18:34:46,452][0m Trial 10 finished with values: [0.11775, 0.0] with parameters: {'Vahp': -29.0, 'Vth': -39.0, 'Vmax': 15.0, 't_ref': 8.0, 'R': 0.1, 'tau_m': 135.0, 'rate_low': 17.0, 'rate_high': 40.5}.[0m
2021-04-21 18:34:46.810023: I tensorflow/compiler/jit/xla_gpu_device.cc:99] Not creating XLA devices, tf_xla_enable_xla_devices not set
maxFreq at 10nA: 67.0
2021-04-21 18:35:05.360488: I tensorflow/compiler/jit/xla_gpu_device.cc:99] Not creating XLA devices, tf_xla_enable_xla_devices not set
2021-04-21 18:35:12.828589: I tensorflow/compiler/jit/xla_gpu_device.cc:99] Not creating XLA devices, tf_xla_enable_xla_devices not set
mse and spike frequency: 0.08928 0.13
[32m[I 2021-04-21 18:35:18,958][0m Trial 11 finished with values: [0.08928, 0.13] with parameters: {'Vahp': -36.0, 'Vth': -21.0, 'Vmax': 27.5, 't_ref': 14.0, 'R': 0.5, 'tau_m': 278.5, 'rate_low': 4.5, 'rate_high': 10.0}.[0m
2021-04-21 18:35:19.313159: I tensorflow/compiler/jit/xla_gpu_device.cc:99] Not creating XLA devices, tf_xla_enable_xla_devices not set
maxFreq at 10nA: 990.0
2021-04-21 18:35:37.208794: I tensorflow/compiler/jit/xla_gpu_device.cc:99] Not creating XLA devices, tf_xla_enable_xla_devices not set
2021-04-21 18:35:44.908492: I tensorflow/compiler/jit/xla_gpu_device.cc:99] Not creating XLA devices, tf_xla_enable_xla_devices not set
mse and spike frequency: 0.11775 0.0
[32m[I 2021-04-21 18:35:51,160][0m Trial 12 finished with values: [0.11775, 0.0] with parameters: {'Vahp': -31.0, 'Vth': -37.5, 'Vmax': 35.0, 't_ref': 19.5, 'R': 0.1, 'tau_m': 479.0, 'rate_low': 38.0, 'rate_high': 43.0}.[0m
2021-04-21 18:35:51.521955: I tensorflow/compiler/jit/xla_gpu_device.cc:99] Not creating XLA devices, tf_xla_enable_xla_devices not set
maxFreq at 10nA: 100.0
2021-04-21 18:36:09.430107: I tensorflow/compiler/jit/xla_gpu_device.cc:99] Not creating XLA devices, tf_xla_enable_xla_devices not set
2021-04-21 18:36:17.047480: I tensorflow/compiler/jit/xla_gpu_device.cc:99] Not creating XLA devices, tf_xla_enable_xla_devices not set
mse and spike frequency: 0.00105 9.07
[32m[I 2021-04-21 18:36:23,419][0m Trial 13 finished with values: [0.00105, 9.07] with parameters: {'Vahp': -59.5, 'Vth': -39.5, 'Vmax': 30.0, 't_ref': 6.0, 'R': 0.1, 'tau_m': 160.0, 'rate_low': 44.0, 'rate_high': 48.0}.[0m
2021-04-21 18:36:23.782420: I tensorflow/compiler/jit/xla_gpu_device.cc:99] Not creating XLA devices, tf_xla_enable_xla_devices not set
maxFreq at 10nA: 999.0
2021-04-21 18:36:41.798435: I tensorflow/compiler/jit/xla_gpu_device.cc:99] Not creating XLA devices, tf_xla_enable_xla_devices not set
2021-04-21 18:36:49.672032: I tensorflow/compiler/jit/xla_gpu_device.cc:99] Not creating XLA devices, tf_xla_enable_xla_devices not set
mse and spike frequency: 0.11775 0.0
[32m[I 2021-04-21 18:36:56,088][0m Trial 14 finished with values: [0.11775, 0.0] with parameters: {'Vahp': -21.5, 'Vth': -29.5, 'Vmax': 22.5, 't_ref': 19.0, 'R': 0.6, 'tau_m': 369.5, 'rate_low': 34.5, 'rate_high': 44.5}.[0m
2021-04-21 18:36:56.442036: I tensorflow/compiler/jit/xla_gpu_device.cc:99] Not creating XLA devices, tf_xla_enable_xla_devices not set
maxFreq at 10nA: 1000.0
2021-04-21 18:37:14.097608: I tensorflow/compiler/jit/xla_gpu_device.cc:99] Not creating XLA devices, tf_xla_enable_xla_devices not set
2021-04-21 18:37:21.945176: I tensorflow/compiler/jit/xla_gpu_device.cc:99] Not creating XLA devices, tf_xla_enable_xla_devices not set
mse and spike frequency: 0.11775 0.0
[32m[I 2021-04-21 18:37:28,623][0m Trial 15 finished with values: [0.11775, 0.0] with parameters: {'Vahp': -45.0, 'Vth': -54.0, 'Vmax': 13.0, 't_ref': 5.0, 'R': 0.7000000000000001, 'tau_m': 492.0, 'rate_low': 7.0, 'rate_high': 22.0}.[0m
2021-04-21 18:37:29.004127: I tensorflow/compiler/jit/xla_gpu_device.cc:99] Not creating XLA devices, tf_xla_enable_xla_devices not set
maxFreq at 10nA: 48.0
2021-04-21 18:37:47.245324: I tensorflow/compiler/jit/xla_gpu_device.cc:99] Not creating XLA devices, tf_xla_enable_xla_devices not set
2021-04-21 18:37:54.689545: I tensorflow/compiler/jit/xla_gpu_device.cc:99] Not creating XLA devices, tf_xla_enable_xla_devices not set
mse and spike frequency: 0.00103 14.7
[32m[I 2021-04-21 18:38:01,957][0m Trial 16 finished with values: [0.00103, 14.7] with parameters: {'Vahp': -48.5, 'Vth': -35.0, 'Vmax': 24.5, 't_ref': 20.0, 'R': 0.8, 'tau_m': 460.5, 'rate_low': 42.5, 'rate_high': 47.0}.[0m
2021-04-21 18:38:02.380362: I tensorflow/compiler/jit/xla_gpu_device.cc:99] Not creating XLA devices, tf_xla_enable_xla_devices not set
maxFreq at 10nA: 48.0
2021-04-21 18:38:20.783736: I tensorflow/compiler/jit/xla_gpu_device.cc:99] Not creating XLA devices, tf_xla_enable_xla_devices not set
2021-04-21 18:38:28.389184: I tensorflow/compiler/jit/xla_gpu_device.cc:99] Not creating XLA devices, tf_xla_enable_xla_devices not set
mse and spike frequency: 0.03597 0.7
[32m[I 2021-04-21 18:38:35,433][0m Trial 17 finished with values: [0.03597, 0.7] with parameters: {'Vahp': -56.0, 'Vth': -31.0, 'Vmax': 16.0, 't_ref': 14.5, 'R': 0.2, 'tau_m': 431.0, 'rate_low': 8.5, 'rate_high': 19.5}.[0m
2021-04-21 18:38:35.910233: I tensorflow/compiler/jit/xla_gpu_device.cc:99] Not creating XLA devices, tf_xla_enable_xla_devices not set
maxFreq at 10nA: 1000.0
2021-04-21 18:38:54.479970: I tensorflow/compiler/jit/xla_gpu_device.cc:99] Not creating XLA devices, tf_xla_enable_xla_devices not set
2021-04-21 18:39:02.219988: I tensorflow/compiler/jit/xla_gpu_device.cc:99] Not creating XLA devices, tf_xla_enable_xla_devices not set
mse and spike frequency: 0.11775 0.0
[32m[I 2021-04-21 18:39:09,802][0m Trial 18 finished with values: [0.11775, 0.0] with parameters: {'Vahp': -23.0, 'Vth': -52.5, 'Vmax': 37.5, 't_ref': 6.5, 'R': 0.9, 'tau_m': 334.5, 'rate_low': 6.0, 'rate_high': 21.5}.[0m
2021-04-21 18:39:10.263895: I tensorflow/compiler/jit/xla_gpu_device.cc:99] Not creating XLA devices, tf_xla_enable_xla_devices not set
maxFreq at 10nA: 1000.0
2021-04-21 18:39:28.470051: I tensorflow/compiler/jit/xla_gpu_device.cc:99] Not creating XLA devices, tf_xla_enable_xla_devices not set
2021-04-21 18:39:36.210192: I tensorflow/compiler/jit/xla_gpu_device.cc:99] Not creating XLA devices, tf_xla_enable_xla_devices not set
mse and spike frequency: 0.11771 1000.1
[32m[I 2021-04-21 18:39:43,679][0m Trial 19 finished with values: [0.11771, 1000.1] with parameters: {'Vahp': -36.5, 'Vth': -59.0, 'Vmax': 38.5, 't_ref': 19.0, 'R': 0.5, 'tau_m': 99.5, 'rate_low': 32.0, 'rate_high': 50.0}.[0m
2021-04-21 18:39:44.050732: I tensorflow/compiler/jit/xla_gpu_device.cc:99] Not creating XLA devices, tf_xla_enable_xla_devices not set
maxFreq at 10nA: 50.0
2021-04-21 18:40:02.377444: I tensorflow/compiler/jit/xla_gpu_device.cc:99] Not creating XLA devices, tf_xla_enable_xla_devices not set
2021-04-21 18:40:10.298548: I tensorflow/compiler/jit/xla_gpu_device.cc:99] Not creating XLA devices, tf_xla_enable_xla_devices not set
mse and spike frequency: 0.0011 10.53
[32m[I 2021-04-21 18:40:17,667][0m Trial 20 finished with values: [0.0011, 10.53] with parameters: {'Vahp': -58.5, 'Vth': -43.0, 'Vmax': 34.5, 't_ref': 18.5, 'R': 0.4, 'tau_m': 198.0, 'rate_low': 17.5, 'rate_high': 31.5}.[0m
2021-04-21 18:40:18.305003: I tensorflow/compiler/jit/xla_gpu_device.cc:99] Not creating XLA devices, tf_xla_enable_xla_devices not set
maxFreq at 10nA: 999.0
2021-04-21 18:40:37.187915: I tensorflow/compiler/jit/xla_gpu_device.cc:99] Not creating XLA devices, tf_xla_enable_xla_devices not set
2021-04-21 18:40:45.063670: I tensorflow/compiler/jit/xla_gpu_device.cc:99] Not creating XLA devices, tf_xla_enable_xla_devices not set
mse and spike frequency: 0.11775 0.0
[32m[I 2021-04-21 18:40:52,377][0m Trial 21 finished with values: [0.11775, 0.0] with parameters: {'Vahp': -27.0, 'Vth': -29.0, 'Vmax': 31.5, 't_ref': 16.0, 'R': 0.9, 'tau_m': 420.5, 'rate_low': 15.0, 'rate_high': 26.0}.[0m
2021-04-21 18:40:52.825544: I tensorflow/compiler/jit/xla_gpu_device.cc:99] Not creating XLA devices, tf_xla_enable_xla_devices not set
maxFreq at 10nA: 63.0
2021-04-21 18:41:12.710293: I tensorflow/compiler/jit/xla_gpu_device.cc:99] Not creating XLA devices, tf_xla_enable_xla_devices not set
2021-04-21 18:41:20.712229: I tensorflow/compiler/jit/xla_gpu_device.cc:99] Not creating XLA devices, tf_xla_enable_xla_devices not set
mse and spike frequency: 0.00119 10.54
[32m[I 2021-04-21 18:41:27,943][0m Trial 22 finished with values: [0.00119, 10.54] with parameters: {'Vahp': -37.0, 'Vth': -27.0, 'Vmax': 21.0, 't_ref': 13.5, 'R': 0.2, 'tau_m': 363.5, 'rate_low': 46.0, 'rate_high': 48.0}.[0m
2021-04-21 18:41:28.444402: I tensorflow/compiler/jit/xla_gpu_device.cc:99] Not creating XLA devices, tf_xla_enable_xla_devices not set
maxFreq at 10nA: 84.0
2021-04-21 18:41:48.278053: I tensorflow/compiler/jit/xla_gpu_device.cc:99] Not creating XLA devices, tf_xla_enable_xla_devices not set
2021-04-21 18:41:56.488251: I tensorflow/compiler/jit/xla_gpu_device.cc:99] Not creating XLA devices, tf_xla_enable_xla_devices not set
mse and spike frequency: 0.00216 3.26
[32m[I 2021-04-21 18:42:04,120][0m Trial 23 finished with values: [0.00216, 3.26] with parameters: {'Vahp': -31.0, 'Vth': -21.5, 'Vmax': 13.5, 't_ref': 10.5, 'R': 0.5, 'tau_m': 459.5, 'rate_low': 5.5, 'rate_high': 28.5}.[0m
2021-04-21 18:42:04.628605: I tensorflow/compiler/jit/xla_gpu_device.cc:99] Not creating XLA devices, tf_xla_enable_xla_devices not set
maxFreq at 10nA: 111.0
2021-04-21 18:42:24.916685: I tensorflow/compiler/jit/xla_gpu_device.cc:99] Not creating XLA devices, tf_xla_enable_xla_devices not set
2021-04-21 18:42:33.279135: I tensorflow/compiler/jit/xla_gpu_device.cc:99] Not creating XLA devices, tf_xla_enable_xla_devices not set
mse and spike frequency: 0.00041 20.67
[32m[I 2021-04-21 18:42:40,952][0m Trial 24 finished with values: [0.00041, 20.67] with parameters: {'Vahp': -50.0, 'Vth': -32.0, 'Vmax': 27.5, 't_ref': 7.0, 'R': 0.8, 'tau_m': 462.0, 'rate_low': 41.5, 'rate_high': 44.0}.[0m
2021-04-21 18:42:41.549911: I tensorflow/compiler/jit/xla_gpu_device.cc:99] Not creating XLA devices, tf_xla_enable_xla_devices not set
maxFreq at 10nA: 100.0
2021-04-21 18:43:01.296149: I tensorflow/compiler/jit/xla_gpu_device.cc:99] Not creating XLA devices, tf_xla_enable_xla_devices not set
2021-04-21 18:43:09.596876: I tensorflow/compiler/jit/xla_gpu_device.cc:99] Not creating XLA devices, tf_xla_enable_xla_devices not set
mse and spike frequency: 0.00093 8.38
[32m[I 2021-04-21 18:43:16,877][0m Trial 25 finished with values: [0.00093, 8.38] with parameters: {'Vahp': -54.0, 'Vth': -34.0, 'Vmax': 12.0, 't_ref': 7.5, 'R': 0.4, 'tau_m': 291.5, 'rate_low': 14.5, 'rate_high': 45.5}.[0m
2021-04-21 18:43:17.529210: I tensorflow/compiler/jit/xla_gpu_device.cc:99] Not creating XLA devices, tf_xla_enable_xla_devices not set
maxFreq at 10nA: 1000.0
2021-04-21 18:43:38.040524: I tensorflow/compiler/jit/xla_gpu_device.cc:99] Not creating XLA devices, tf_xla_enable_xla_devices not set
2021-04-21 18:43:46.589086: I tensorflow/compiler/jit/xla_gpu_device.cc:99] Not creating XLA devices, tf_xla_enable_xla_devices not set
mse and spike frequency: 0.11775 0.0
[32m[I 2021-04-21 18:43:54,323][0m Trial 26 finished with values: [0.11775, 0.0] with parameters: {'Vahp': -25.5, 'Vth': -51.5, 'Vmax': 34.5, 't_ref': 9.0, 'R': 0.9, 'tau_m': 91.5, 'rate_low': 14.0, 'rate_high': 46.5}.[0m
2021-04-21 18:43:54.724379: I tensorflow/compiler/jit/xla_gpu_device.cc:99] Not creating XLA devices, tf_xla_enable_xla_devices not set
maxFreq at 10nA: 1000.0
2021-04-21 18:44:15.248959: I tensorflow/compiler/jit/xla_gpu_device.cc:99] Not creating XLA devices, tf_xla_enable_xla_devices not set
2021-04-21 18:44:23.506830: I tensorflow/compiler/jit/xla_gpu_device.cc:99] Not creating XLA devices, tf_xla_enable_xla_devices not set
mse and spike frequency: 0.11775 0.0
