[32m[I 2021-04-21 19:58:02,016][0m Trial 113 finished with values: [0.1096, 0.22] with parameters: {'Vahp': -48.5, 'Vth': -41.5, 'Vmax': 21.0, 't_ref': 9.0, 'R': 0.1, 'tau_m': 433.0, 'R_adp': 0.8, 'tau_w': 316.0, 'a': 476.5, 'rate_low': 39.0, 'rate_high': 46.0}.[0m
2021-04-21 19:58:02.704913: I tensorflow/compiler/jit/xla_gpu_device.cc:99] Not creating XLA devices, tf_xla_enable_xla_devices not set
maxFreq at 10nA: 1000.0
2021-04-21 19:58:32.357087: I tensorflow/compiler/jit/xla_gpu_device.cc:99] Not creating XLA devices, tf_xla_enable_xla_devices not set
2021-04-21 19:58:51.738846: I tensorflow/compiler/jit/xla_gpu_device.cc:99] Not creating XLA devices, tf_xla_enable_xla_devices not set
mse and spike frequency: 0.11775 0.0
[32m[I 2021-04-21 19:59:08,690][0m Trial 114 finished with values: [0.11775, 0.0] with parameters: {'Vahp': -34.0, 'Vth': -46.0, 'Vmax': 27.5, 't_ref': 9.0, 'R': 0.8, 'tau_m': 213.0, 'R_adp': 0.8, 'tau_w': 98.0, 'a': 60.0, 'rate_low': 37.0, 'rate_high': 38.0}.[0m
2021-04-21 19:59:09.270086: I tensorflow/compiler/jit/xla_gpu_device.cc:99] Not creating XLA devices, tf_xla_enable_xla_devices not set
maxFreq at 10nA: 999.0
2021-04-21 19:59:38.916721: I tensorflow/compiler/jit/xla_gpu_device.cc:99] Not creating XLA devices, tf_xla_enable_xla_devices not set
2021-04-21 19:59:57.420548: I tensorflow/compiler/jit/xla_gpu_device.cc:99] Not creating XLA devices, tf_xla_enable_xla_devices not set
mse and spike frequency: 0.13539 698.79
[32m[I 2021-04-21 20:00:14,862][0m Trial 115 finished with values: [0.13539, 698.79] with parameters: {'Vahp': -34.5, 'Vth': -45.0, 'Vmax': 30.5, 't_ref': 12.0, 'R': 0.30000000000000004, 'tau_m': 444.5, 'R_adp': 0.1, 'tau_w': 184.5, 'a': 60.5, 'rate_low': 31.5, 'rate_high': 48.0}.[0m
2021-04-21 20:00:15.484306: I tensorflow/compiler/jit/xla_gpu_device.cc:99] Not creating XLA devices, tf_xla_enable_xla_devices not set
maxFreq at 10nA: 999.0
2021-04-21 20:00:45.761174: I tensorflow/compiler/jit/xla_gpu_device.cc:99] Not creating XLA devices, tf_xla_enable_xla_devices not set
2021-04-21 20:01:03.898049: I tensorflow/compiler/jit/xla_gpu_device.cc:99] Not creating XLA devices, tf_xla_enable_xla_devices not set
mse and spike frequency: 0.11775 0.0
[32m[I 2021-04-21 20:01:20,766][0m Trial 116 finished with values: [0.11775, 0.0] with parameters: {'Vahp': -24.5, 'Vth': -35.5, 'Vmax': 30.5, 't_ref': 6.5, 'R': 0.2, 'tau_m': 132.5, 'R_adp': 0.8, 'tau_w': 184.5, 'a': 243.5, 'rate_low': 32.0, 'rate_high': 36.0}.[0m
2021-04-21 20:01:21.670368: I tensorflow/compiler/jit/xla_gpu_device.cc:99] Not creating XLA devices, tf_xla_enable_xla_devices not set
maxFreq at 10nA: 1000.0
2021-04-21 20:01:51.638644: I tensorflow/compiler/jit/xla_gpu_device.cc:99] Not creating XLA devices, tf_xla_enable_xla_devices not set
2021-04-21 20:02:10.067901: I tensorflow/compiler/jit/xla_gpu_device.cc:99] Not creating XLA devices, tf_xla_enable_xla_devices not set
mse and spike frequency: 0.11775 0.0
[32m[I 2021-04-21 20:02:27,632][0m Trial 117 finished with values: [0.11775, 0.0] with parameters: {'Vahp': -38.5, 'Vth': -50.0, 'Vmax': 15.5, 't_ref': 1.0, 'R': 0.9, 'tau_m': 328.5, 'R_adp': 0.2, 'tau_w': 107.0, 'a': 358.5, 'rate_low': 48.5, 'rate_high': 50.0}.[0m
2021-04-21 20:02:28.365978: I tensorflow/compiler/jit/xla_gpu_device.cc:99] Not creating XLA devices, tf_xla_enable_xla_devices not set
maxFreq at 10nA: 1000.0
2021-04-21 20:02:59.064230: I tensorflow/compiler/jit/xla_gpu_device.cc:99] Not creating XLA devices, tf_xla_enable_xla_devices not set
2021-04-21 20:03:17.588467: I tensorflow/compiler/jit/xla_gpu_device.cc:99] Not creating XLA devices, tf_xla_enable_xla_devices not set
mse and spike frequency: 0.11775 0.0
[32m[I 2021-04-21 20:03:35,161][0m Trial 118 finished with values: [0.11775, 0.0] with parameters: {'Vahp': -26.0, 'Vth': -52.5, 'Vmax': 24.0, 't_ref': 15.0, 'R': 0.6, 'tau_m': 87.0, 'R_adp': 0.8, 'tau_w': 236.5, 'a': 476.5, 'rate_low': 6.5, 'rate_high': 33.5}.[0m
2021-04-21 20:03:35.931330: I tensorflow/compiler/jit/xla_gpu_device.cc:99] Not creating XLA devices, tf_xla_enable_xla_devices not set
maxFreq at 10nA: 1000.0
2021-04-21 20:04:06.172927: I tensorflow/compiler/jit/xla_gpu_device.cc:99] Not creating XLA devices, tf_xla_enable_xla_devices not set
2021-04-21 20:04:24.798978: I tensorflow/compiler/jit/xla_gpu_device.cc:99] Not creating XLA devices, tf_xla_enable_xla_devices not set
mse and spike frequency: 0.11775 0.0
[32m[I 2021-04-21 20:04:42,562][0m Trial 119 finished with values: [0.11775, 0.0] with parameters: {'Vahp': -47.0, 'Vth': -52.5, 'Vmax': 24.0, 't_ref': 15.0, 'R': 0.7000000000000001, 'tau_m': 433.0, 'R_adp': 0.8, 'tau_w': 236.5, 'a': 154.5, 'rate_low': 6.0, 'rate_high': 33.5}.[0m
2021-04-21 20:04:43.324334: I tensorflow/compiler/jit/xla_gpu_device.cc:99] Not creating XLA devices, tf_xla_enable_xla_devices not set
maxFreq at 10nA: 1000.0
2021-04-21 20:05:14.063651: I tensorflow/compiler/jit/xla_gpu_device.cc:99] Not creating XLA devices, tf_xla_enable_xla_devices not set
2021-04-21 20:05:33.369199: I tensorflow/compiler/jit/xla_gpu_device.cc:99] Not creating XLA devices, tf_xla_enable_xla_devices not set
mse and spike frequency: 0.11775 0.0
[32m[I 2021-04-21 20:05:51,430][0m Trial 120 finished with values: [0.11775, 0.0] with parameters: {'Vahp': -25.0, 'Vth': -53.5, 'Vmax': 11.0, 't_ref': 3.0, 'R': 1.0, 'tau_m': 190.0, 'R_adp': 0.9, 'tau_w': 458.5, 'a': 255.5, 'rate_low': 9.0, 'rate_high': 22.0}.[0m
2021-04-21 20:05:52.180402: I tensorflow/compiler/jit/xla_gpu_device.cc:99] Not creating XLA devices, tf_xla_enable_xla_devices not set
maxFreq at 10nA: 238.0
2021-04-21 20:06:23.394461: I tensorflow/compiler/jit/xla_gpu_device.cc:99] Not creating XLA devices, tf_xla_enable_xla_devices not set
2021-04-21 20:06:42.822006: I tensorflow/compiler/jit/xla_gpu_device.cc:99] Not creating XLA devices, tf_xla_enable_xla_devices not set
mse and spike frequency: 0.00517 3.24
[32m[I 2021-04-21 20:07:00,596][0m Trial 121 finished with values: [0.00517, 3.24] with parameters: {'Vahp': -25.0, 'Vth': -24.5, 'Vmax': 15.5, 't_ref': 2.5, 'R': 0.5, 'tau_m': 399.0, 'R_adp': 0.9, 'tau_w': 48.5, 'a': 462.0, 'rate_low': 9.0, 'rate_high': 47.0}.[0m
2021-04-21 20:07:01.330026: I tensorflow/compiler/jit/xla_gpu_device.cc:99] Not creating XLA devices, tf_xla_enable_xla_devices not set
maxFreq at 10nA: 995.0
2021-04-21 20:07:32.415949: I tensorflow/compiler/jit/xla_gpu_device.cc:99] Not creating XLA devices, tf_xla_enable_xla_devices not set
2021-04-21 20:07:51.629208: I tensorflow/compiler/jit/xla_gpu_device.cc:99] Not creating XLA devices, tf_xla_enable_xla_devices not set
mse and spike frequency: 0.11775 0.0
[32m[I 2021-04-21 20:08:09,838][0m Trial 122 finished with values: [0.11775, 0.0] with parameters: {'Vahp': -26.0, 'Vth': -41.5, 'Vmax': 15.5, 't_ref': 13.5, 'R': 0.1, 'tau_m': 294.0, 'R_adp': 0.1, 'tau_w': 143.0, 'a': 481.5, 'rate_low': 24.0, 'rate_high': 44.5}.[0m
2021-04-21 20:08:10.483574: I tensorflow/compiler/jit/xla_gpu_device.cc:99] Not creating XLA devices, tf_xla_enable_xla_devices not set
maxFreq at 10nA: 1000.0
2021-04-21 20:08:41.591286: I tensorflow/compiler/jit/xla_gpu_device.cc:99] Not creating XLA devices, tf_xla_enable_xla_devices not set
2021-04-21 20:09:00.733468: I tensorflow/compiler/jit/xla_gpu_device.cc:99] Not creating XLA devices, tf_xla_enable_xla_devices not set
mse and spike frequency: 0.11775 0.0
[32m[I 2021-04-21 20:09:19,205][0m Trial 123 finished with values: [0.11775, 0.0] with parameters: {'Vahp': -38.0, 'Vth': -39.5, 'Vmax': 36.5, 't_ref': 6.5, 'R': 0.9, 'tau_m': 420.5, 'R_adp': 1.0, 'tau_w': 279.0, 'a': 488.0, 'rate_low': 47.0, 'rate_high': 34.5}.[0m
2021-04-21 20:09:19.840484: I tensorflow/compiler/jit/xla_gpu_device.cc:99] Not creating XLA devices, tf_xla_enable_xla_devices not set
maxFreq at 10nA: 29.0
2021-04-21 20:09:51.676847: I tensorflow/compiler/jit/xla_gpu_device.cc:99] Not creating XLA devices, tf_xla_enable_xla_devices not set
2021-04-21 20:10:11.215515: I tensorflow/compiler/jit/xla_gpu_device.cc:99] Not creating XLA devices, tf_xla_enable_xla_devices not set
mse and spike frequency: 0.36995 1.17
[32m[I 2021-04-21 20:10:29,561][0m Trial 124 finished with values: [0.36995, 1.17] with parameters: {'Vahp': -26.0, 'Vth': -26.0, 'Vmax': 14.5, 't_ref': 13.5, 'R': 0.1, 'tau_m': 60.5, 'R_adp': 0.7000000000000001, 'tau_w': 316.0, 'a': 192.0, 'rate_low': 6.0, 'rate_high': 41.0}.[0m
2021-04-21 20:10:30.228041: I tensorflow/compiler/jit/xla_gpu_device.cc:99] Not creating XLA devices, tf_xla_enable_xla_devices not set
maxFreq at 10nA: 67.0
2021-04-21 20:11:02.265009: I tensorflow/compiler/jit/xla_gpu_device.cc:99] Not creating XLA devices, tf_xla_enable_xla_devices not set
2021-04-21 20:11:21.534428: I tensorflow/compiler/jit/xla_gpu_device.cc:99] Not creating XLA devices, tf_xla_enable_xla_devices not set
mse and spike frequency: 0.09295 1.46
[32m[I 2021-04-21 20:11:40,268][0m Trial 125 finished with values: [0.09295, 1.46] with parameters: {'Vahp': -42.0, 'Vth': -38.5, 'Vmax': 10.0, 't_ref': 13.5, 'R': 0.30000000000000004, 'tau_m': 213.0, 'R_adp': 0.5, 'tau_w': 107.0, 'a': 434.5, 'rate_low': 6.0, 'rate_high': 38.0}.[0m
2021-04-21 20:11:40.956534: I tensorflow/compiler/jit/xla_gpu_device.cc:99] Not creating XLA devices, tf_xla_enable_xla_devices not set
maxFreq at 10nA: 72.0
2021-04-21 20:12:12.859188: I tensorflow/compiler/jit/xla_gpu_device.cc:99] Not creating XLA devices, tf_xla_enable_xla_devices not set
2021-04-21 20:12:31.926617: I tensorflow/compiler/jit/xla_gpu_device.cc:99] Not creating XLA devices, tf_xla_enable_xla_devices not set
mse and spike frequency: 0.01235 5.95
[32m[I 2021-04-21 20:12:51,156][0m Trial 126 finished with values: [0.01235, 5.95] with parameters: {'Vahp': -47.0, 'Vth': -20.0, 'Vmax': 30.5, 't_ref': 12.0, 'R': 0.30000000000000004, 'tau_m': 132.5, 'R_adp': 0.1, 'tau_w': 184.5, 'a': 429.0, 'rate_low': 31.5, 'rate_high': 39.5}.[0m
2021-04-21 20:12:51.844752: I tensorflow/compiler/jit/xla_gpu_device.cc:99] Not creating XLA devices, tf_xla_enable_xla_devices not set
maxFreq at 10nA: 1000.0
2021-04-21 20:13:24.320515: I tensorflow/compiler/jit/xla_gpu_device.cc:99] Not creating XLA devices, tf_xla_enable_xla_devices not set
2021-04-21 20:13:43.524610: I tensorflow/compiler/jit/xla_gpu_device.cc:99] Not creating XLA devices, tf_xla_enable_xla_devices not set
mse and spike frequency: 0.11775 0.0
[32m[I 2021-04-21 20:14:03,329][0m Trial 127 finished with values: [0.11775, 0.0] with parameters: {'Vahp': -37.0, 'Vth': -48.0, 'Vmax': 12.0, 't_ref': 9.0, 'R': 0.5, 'tau_m': 258.5, 'R_adp': 0.6, 'tau_w': 288.0, 'a': 152.5, 'rate_low': 16.5, 'rate_high': 48.5}.[0m
2021-04-21 20:14:03.978546: I tensorflow/compiler/jit/xla_gpu_device.cc:99] Not creating XLA devices, tf_xla_enable_xla_devices not set
maxFreq at 10nA: 53.0
2021-04-21 20:14:37.436892: I tensorflow/compiler/jit/xla_gpu_device.cc:99] Not creating XLA devices, tf_xla_enable_xla_devices not set
2021-04-21 20:14:57.097118: I tensorflow/compiler/jit/xla_gpu_device.cc:99] Not creating XLA devices, tf_xla_enable_xla_devices not set
mse and spike frequency: 0.0735 0.69
[32m[I 2021-04-21 20:15:16,936][0m Trial 128 finished with values: [0.0735, 0.69] with parameters: {'Vahp': -38.5, 'Vth': -24.5, 'Vmax': 25.0, 't_ref': 14.0, 'R': 0.2, 'tau_m': 399.0, 'R_adp': 0.9, 'tau_w': 48.5, 'a': 308.0, 'rate_low': 9.0, 'rate_high': 23.5}.[0m
2021-04-21 20:15:17.575851: I tensorflow/compiler/jit/xla_gpu_device.cc:99] Not creating XLA devices, tf_xla_enable_xla_devices not set
maxFreq at 10nA: 1000.0
2021-04-21 20:15:50.463714: I tensorflow/compiler/jit/xla_gpu_device.cc:99] Not creating XLA devices, tf_xla_enable_xla_devices not set
2021-04-21 20:16:10.365458: I tensorflow/compiler/jit/xla_gpu_device.cc:99] Not creating XLA devices, tf_xla_enable_xla_devices not set
mse and spike frequency: 0.11775 0.0
[32m[I 2021-04-21 20:16:30,361][0m Trial 129 finished with values: [0.11775, 0.0] with parameters: {'Vahp': -29.0, 'Vth': -39.5, 'Vmax': 14.5, 't_ref': 20.0, 'R': 0.30000000000000004, 'tau_m': 105.5, 'R_adp': 0.30000000000000004, 'tau_w': 448.0, 'a': 107.0, 'rate_low': 37.0, 'rate_high': 44.5}.[0m
2021-04-21 20:16:30.996637: I tensorflow/compiler/jit/xla_gpu_device.cc:99] Not creating XLA devices, tf_xla_enable_xla_devices not set
maxFreq at 10nA: 1000.0
2021-04-21 20:17:03.735388: I tensorflow/compiler/jit/xla_gpu_device.cc:99] Not creating XLA devices, tf_xla_enable_xla_devices not set
2021-04-21 20:17:24.641992: I tensorflow/compiler/jit/xla_gpu_device.cc:99] Not creating XLA devices, tf_xla_enable_xla_devices not set
mse and spike frequency: 0.11775 0.0
[32m[I 2021-04-21 20:17:44,753][0m Trial 130 finished with values: [0.11775, 0.0] with parameters: {'Vahp': -20.5, 'Vth': -41.5, 'Vmax': 26.5, 't_ref': 6.0, 'R': 0.8, 'tau_m': 433.0, 'R_adp': 0.8, 'tau_w': 168.5, 'a': 154.5, 'rate_low': 6.0, 'rate_high': 41.0}.[0m
2021-04-21 20:17:45.370017: I tensorflow/compiler/jit/xla_gpu_device.cc:99] Not creating XLA devices, tf_xla_enable_xla_devices not set
maxFreq at 10nA: 1000.0
2021-04-21 20:18:18.104810: I tensorflow/compiler/jit/xla_gpu_device.cc:99] Not creating XLA devices, tf_xla_enable_xla_devices not set
2021-04-21 20:18:39.215095: I tensorflow/compiler/jit/xla_gpu_device.cc:99] Not creating XLA devices, tf_xla_enable_xla_devices not set
mse and spike frequency: 0.11775 0.0
[32m[I 2021-04-21 20:18:59,534][0m Trial 131 finished with values: [0.11775, 0.0] with parameters: {'Vahp': -31.5, 'Vth': -54.5, 'Vmax': 25.0, 't_ref': 19.5, 'R': 0.2, 'tau_m': 294.0, 'R_adp': 0.1, 'tau_w': 143.0, 'a': 308.0, 'rate_low': 36.5, 'rate_high': 23.5}.[0m
2021-04-21 20:19:00.190609: I tensorflow/compiler/jit/xla_gpu_device.cc:99] Not creating XLA devices, tf_xla_enable_xla_devices not set
maxFreq at 10nA: 1000.0
2021-04-21 20:19:33.145676: I tensorflow/compiler/jit/xla_gpu_device.cc:99] Not creating XLA devices, tf_xla_enable_xla_devices not set
2021-04-21 20:19:54.445801: I tensorflow/compiler/jit/xla_gpu_device.cc:99] Not creating XLA devices, tf_xla_enable_xla_devices not set
mse and spike frequency: 0.11775 0.0
[32m[I 2021-04-21 20:20:14,912][0m Trial 132 finished with values: [0.11775, 0.0] with parameters: {'Vahp': -34.0, 'Vth': -54.5, 'Vmax': 27.5, 't_ref': 14.5, 'R': 0.7000000000000001, 'tau_m': 346.5, 'R_adp': 0.9, 'tau_w': 98.0, 'a': 353.0, 'rate_low': 37.0, 'rate_high': 38.0}.[0m
2021-04-21 20:20:15.565311: I tensorflow/compiler/jit/xla_gpu_device.cc:99] Not creating XLA devices, tf_xla_enable_xla_devices not set
maxFreq at 10nA: 1000.0
2021-04-21 20:20:49.411553: I tensorflow/compiler/jit/xla_gpu_device.cc:99] Not creating XLA devices, tf_xla_enable_xla_devices not set
2021-04-21 20:21:11.042695: I tensorflow/compiler/jit/xla_gpu_device.cc:99] Not creating XLA devices, tf_xla_enable_xla_devices not set
mse and spike frequency: 0.11775 0.0
[32m[I 2021-04-21 20:21:31,522][0m Trial 133 finished with values: [0.11775, 0.0] with parameters: {'Vahp': -42.0, 'Vth': -45.0, 'Vmax': 15.5, 't_ref': 14.5, 'R': 0.9, 'tau_m': 406.0, 'R_adp': 0.6, 'tau_w': 107.0, 'a': 434.5, 'rate_low': 14.0, 'rate_high': 36.0}.[0m
2021-04-21 20:21:32.175165: I tensorflow/compiler/jit/xla_gpu_device.cc:99] Not creating XLA devices, tf_xla_enable_xla_devices not set
maxFreq at 10nA: 68.0
2021-04-21 20:22:05.736147: I tensorflow/compiler/jit/xla_gpu_device.cc:99] Not creating XLA devices, tf_xla_enable_xla_devices not set
2021-04-21 20:22:27.371305: I tensorflow/compiler/jit/xla_gpu_device.cc:99] Not creating XLA devices, tf_xla_enable_xla_devices not set
mse and spike frequency: 28.03755 13.79
[32m[I 2021-04-21 20:22:47,838][0m Trial 134 finished with values: [28.03755, 13.79] with parameters: {'Vahp': -40.0, 'Vth': -37.5, 'Vmax': 13.5, 't_ref': 9.0, 'R': 0.4, 'tau_m': 461.5, 'R_adp': 0.5, 'tau_w': 351.0, 'a': 396.5, 'rate_low': 42.0, 'rate_high': 40.5}.[0m
2021-04-21 20:22:48.474669: I tensorflow/compiler/jit/xla_gpu_device.cc:99] Not creating XLA devices, tf_xla_enable_xla_devices not set
maxFreq at 10nA: 1000.0
2021-04-21 20:23:21.833549: I tensorflow/compiler/jit/xla_gpu_device.cc:99] Not creating XLA devices, tf_xla_enable_xla_devices not set
2021-04-21 20:23:43.540958: I tensorflow/compiler/jit/xla_gpu_device.cc:99] Not creating XLA devices, tf_xla_enable_xla_devices not set
mse and spike frequency: 0.11775 0.0
[32m[I 2021-04-21 20:24:04,282][0m Trial 135 finished with values: [0.11775, 0.0] with parameters: {'Vahp': -42.0, 'Vth': -50.0, 'Vmax': 24.5, 't_ref': 14.5, 'R': 0.6, 'tau_m': 56.5, 'R_adp': 0.2, 'tau_w': 107.0, 'a': 226.0, 'rate_low': 14.0, 'rate_high': 50.0}.[0m
2021-04-21 20:24:04.924042: I tensorflow/compiler/jit/xla_gpu_device.cc:99] Not creating XLA devices, tf_xla_enable_xla_devices not set
maxFreq at 10nA: 1000.0
2021-04-21 20:24:38.474515: I tensorflow/compiler/jit/xla_gpu_device.cc:99] Not creating XLA devices, tf_xla_enable_xla_devices not set
2021-04-21 20:25:00.429438: I tensorflow/compiler/jit/xla_gpu_device.cc:99] Not creating XLA devices, tf_xla_enable_xla_devices not set
mse and spike frequency: 0.11775 0.0
[32m[I 2021-04-21 20:25:21,569][0m Trial 136 finished with values: [0.11775, 0.0] with parameters: {'Vahp': -20.5, 'Vth': -53.0, 'Vmax': 21.0, 't_ref': 9.0, 'R': 0.8, 'tau_m': 96.5, 'R_adp': 0.30000000000000004, 'tau_w': 364.0, 'a': 358.5, 'rate_low': 6.5, 'rate_high': 43.0}.[0m
2021-04-21 20:25:22.197341: I tensorflow/compiler/jit/xla_gpu_device.cc:99] Not creating XLA devices, tf_xla_enable_xla_devices not set
maxFreq at 10nA: 1000.0
2021-04-21 20:25:56.044081: I tensorflow/compiler/jit/xla_gpu_device.cc:99] Not creating XLA devices, tf_xla_enable_xla_devices not set
2021-04-21 20:26:18.120689: I tensorflow/compiler/jit/xla_gpu_device.cc:99] Not creating XLA devices, tf_xla_enable_xla_devices not set
mse and spike frequency: 0.11775 0.0
[32m[I 2021-04-21 20:26:39,145][0m Trial 137 finished with values: [0.11775, 0.0] with parameters: {'Vahp': -38.5, 'Vth': -53.5, 'Vmax': 19.0, 't_ref': 9.0, 'R': 0.7000000000000001, 'tau_m': 346.5, 'R_adp': 0.30000000000000004, 'tau_w': 142.0, 'a': 353.0, 'rate_low': 46.0, 'rate_high': 43.0}.[0m
2021-04-21 20:26:39.765371: I tensorflow/compiler/jit/xla_gpu_device.cc:99] Not creating XLA devices, tf_xla_enable_xla_devices not set
maxFreq at 10nA: 40.0
2021-04-21 20:27:13.219889: I tensorflow/compiler/jit/xla_gpu_device.cc:99] Not creating XLA devices, tf_xla_enable_xla_devices not set
2021-04-21 20:27:35.470780: I tensorflow/compiler/jit/xla_gpu_device.cc:99] Not creating XLA devices, tf_xla_enable_xla_devices not set
mse and spike frequency: 1.31121 2.46
[32m[I 2021-04-21 20:27:56,257][0m Trial 138 finished with values: [1.31121, 2.46] with parameters: {'Vahp': -47.0, 'Vth': -21.5, 'Vmax': 30.5, 't_ref': 12.0, 'R': 0.2, 'tau_m': 132.5, 'R_adp': 0.9, 'tau_w': 184.5, 'a': 308.0, 'rate_low': 31.5, 'rate_high': 48.0}.[0m
2021-04-21 20:27:56.911802: I tensorflow/compiler/jit/xla_gpu_device.cc:99] Not creating XLA devices, tf_xla_enable_xla_devices not set
maxFreq at 10nA: 1000.0
2021-04-21 20:28:30.497349: I tensorflow/compiler/jit/xla_gpu_device.cc:99] Not creating XLA devices, tf_xla_enable_xla_devices not set
2021-04-21 20:28:53.080719: I tensorflow/compiler/jit/xla_gpu_device.cc:99] Not creating XLA devices, tf_xla_enable_xla_devices not set
mse and spike frequency: 0.11775 0.0
[32m[I 2021-04-21 20:29:14,076][0m Trial 139 finished with values: [0.11775, 0.0] with parameters: {'Vahp': -48.0, 'Vth': -51.5, 'Vmax': 13.5, 't_ref': 14.5, 'R': 0.9, 'tau_m': 173.5, 'R_adp': 0.5, 'tau_w': 98.0, 'a': 86.0, 'rate_low': 48.5, 'rate_high': 50.0}.[0m
2021-04-21 20:29:14.701787: I tensorflow/compiler/jit/xla_gpu_device.cc:99] Not creating XLA devices, tf_xla_enable_xla_devices not set
maxFreq at 10nA: 1000.0
2021-04-21 20:29:48.184049: I tensorflow/compiler/jit/xla_gpu_device.cc:99] Not creating XLA devices, tf_xla_enable_xla_devices not set
2021-04-21 20:30:10.477702: I tensorflow/compiler/jit/xla_gpu_device.cc:99] Not creating XLA devices, tf_xla_enable_xla_devices not set
mse and spike frequency: 0.11775 0.0
[32m[I 2021-04-21 20:30:31,746][0m Trial 140 finished with values: [0.11775, 0.0] with parameters: {'Vahp': -25.0, 'Vth': -39.5, 'Vmax': 35.5, 't_ref': 1.0, 'R': 1.0, 'tau_m': 399.0, 'R_adp': 0.9, 'tau_w': 162.0, 'a': 255.5, 'rate_low': 9.0, 'rate_high': 47.0}.[0m
2021-04-21 20:30:32.385831: I tensorflow/compiler/jit/xla_gpu_device.cc:99] Not creating XLA devices, tf_xla_enable_xla_devices not set
maxFreq at 10nA: 50.0
2021-04-21 20:31:06.507047: I tensorflow/compiler/jit/xla_gpu_device.cc:99] Not creating XLA devices, tf_xla_enable_xla_devices not set
2021-04-21 20:31:28.771438: I tensorflow/compiler/jit/xla_gpu_device.cc:99] Not creating XLA devices, tf_xla_enable_xla_devices not set
mse and spike frequency: 0.17128 11.29
[32m[I 2021-04-21 20:31:50,275][0m Trial 141 finished with values: [0.17128, 11.29] with parameters: {'Vahp': -48.0, 'Vth': -45.0, 'Vmax': 13.5, 't_ref': 19.0, 'R': 0.5, 'tau_m': 213.0, 'R_adp': 0.5, 'tau_w': 391.5, 'a': 86.0, 'rate_low': 42.5, 'rate_high': 40.5}.[0m
2021-04-21 20:31:50.919417: I tensorflow/compiler/jit/xla_gpu_device.cc:99] Not creating XLA devices, tf_xla_enable_xla_devices not set
maxFreq at 10nA: 1000.0
2021-04-21 20:32:25.766151: I tensorflow/compiler/jit/xla_gpu_device.cc:99] Not creating XLA devices, tf_xla_enable_xla_devices not set
2021-04-21 20:32:48.615268: I tensorflow/compiler/jit/xla_gpu_device.cc:99] Not creating XLA devices, tf_xla_enable_xla_devices not set
mse and spike frequency: 0.11775 0.0
