[32m[I 2021-04-21 20:33:59,270][0m Trial 142 finished with values: [0.11775, 0.0] with parameters: {'Vahp': -26.0, 'Vth': -50.0, 'Vmax': 28.5, 't_ref': 14.5, 'R': 1.0, 'tau_m': 351.5, 'R_adp': 0.2, 'tau_w': 94.0, 'a': 25.0, 'rate_low': 22.5, 'rate_high': 47.5}.[0m
2021-04-21 20:33:59.959137: I tensorflow/compiler/jit/xla_gpu_device.cc:99] Not creating XLA devices, tf_xla_enable_xla_devices not set
maxFreq at 10nA: 1000.0
2021-04-21 20:34:34.954411: I tensorflow/compiler/jit/xla_gpu_device.cc:99] Not creating XLA devices, tf_xla_enable_xla_devices not set
2021-04-21 20:34:58.045825: I tensorflow/compiler/jit/xla_gpu_device.cc:99] Not creating XLA devices, tf_xla_enable_xla_devices not set
mse and spike frequency: 0.11775 0.0
[32m[I 2021-04-21 20:35:20,374][0m Trial 143 finished with values: [0.11775, 0.0] with parameters: {'Vahp': -30.5, 'Vth': -57.0, 'Vmax': 19.5, 't_ref': 8.5, 'R': 0.9, 'tau_m': 492.0, 'R_adp': 0.4, 'tau_w': 69.0, 'a': 286.0, 'rate_low': 33.0, 'rate_high': 2.5}.[0m
2021-04-21 20:35:21.098018: I tensorflow/compiler/jit/xla_gpu_device.cc:99] Not creating XLA devices, tf_xla_enable_xla_devices not set
maxFreq at 10nA: 1000.0
2021-04-21 20:35:56.073448: I tensorflow/compiler/jit/xla_gpu_device.cc:99] Not creating XLA devices, tf_xla_enable_xla_devices not set
2021-04-21 20:36:18.578373: I tensorflow/compiler/jit/xla_gpu_device.cc:99] Not creating XLA devices, tf_xla_enable_xla_devices not set
mse and spike frequency: 0.11775 0.0
[32m[I 2021-04-21 20:36:40,945][0m Trial 144 finished with values: [0.11775, 0.0] with parameters: {'Vahp': -40.5, 'Vth': -42.0, 'Vmax': 36.5, 't_ref': 8.0, 'R': 0.8, 'tau_m': 107.5, 'R_adp': 1.0, 'tau_w': 61.0, 'a': 371.5, 'rate_low': 31.5, 'rate_high': 34.5}.[0m
2021-04-21 20:36:41.647080: I tensorflow/compiler/jit/xla_gpu_device.cc:99] Not creating XLA devices, tf_xla_enable_xla_devices not set
maxFreq at 10nA: 1000.0
2021-04-21 20:37:16.233335: I tensorflow/compiler/jit/xla_gpu_device.cc:99] Not creating XLA devices, tf_xla_enable_xla_devices not set
2021-04-21 20:37:39.629953: I tensorflow/compiler/jit/xla_gpu_device.cc:99] Not creating XLA devices, tf_xla_enable_xla_devices not set
mse and spike frequency: 0.11775 0.0
[32m[I 2021-04-21 20:38:01,911][0m Trial 145 finished with values: [0.11775, 0.0] with parameters: {'Vahp': -26.0, 'Vth': -53.5, 'Vmax': 39.0, 't_ref': 14.5, 'R': 1.0, 'tau_m': 474.0, 'R_adp': 0.9, 'tau_w': 64.0, 'a': 25.0, 'rate_low': 21.0, 'rate_high': 26.5}.[0m
2021-04-21 20:38:02.614248: I tensorflow/compiler/jit/xla_gpu_device.cc:99] Not creating XLA devices, tf_xla_enable_xla_devices not set
maxFreq at 10nA: 1000.0
2021-04-21 20:38:37.549124: I tensorflow/compiler/jit/xla_gpu_device.cc:99] Not creating XLA devices, tf_xla_enable_xla_devices not set
2021-04-21 20:38:59.960090: I tensorflow/compiler/jit/xla_gpu_device.cc:99] Not creating XLA devices, tf_xla_enable_xla_devices not set
mse and spike frequency: 0.11775 0.0
[32m[I 2021-04-21 20:39:22,296][0m Trial 146 finished with values: [0.11775, 0.0] with parameters: {'Vahp': -26.5, 'Vth': -55.0, 'Vmax': 12.0, 't_ref': 17.5, 'R': 0.1, 'tau_m': 101.5, 'R_adp': 0.9, 'tau_w': 148.0, 'a': 451.5, 'rate_low': 30.0, 'rate_high': 33.0}.[0m
2021-04-21 20:39:23.065388: I tensorflow/compiler/jit/xla_gpu_device.cc:99] Not creating XLA devices, tf_xla_enable_xla_devices not set
maxFreq at 10nA: 998.0
2021-04-21 20:39:58.076519: I tensorflow/compiler/jit/xla_gpu_device.cc:99] Not creating XLA devices, tf_xla_enable_xla_devices not set
2021-04-21 20:40:21.571539: I tensorflow/compiler/jit/xla_gpu_device.cc:99] Not creating XLA devices, tf_xla_enable_xla_devices not set
mse and spike frequency: 0.11775 0.0
[32m[I 2021-04-21 20:40:43,753][0m Trial 147 finished with values: [0.11775, 0.0] with parameters: {'Vahp': -22.0, 'Vth': -45.0, 'Vmax': 20.5, 't_ref': 6.5, 'R': 0.2, 'tau_m': 419.5, 'R_adp': 0.5, 'tau_w': 125.0, 'a': 26.5, 'rate_low': 6.5, 'rate_high': 12.0}.[0m
2021-04-21 20:40:44.492249: I tensorflow/compiler/jit/xla_gpu_device.cc:99] Not creating XLA devices, tf_xla_enable_xla_devices not set
maxFreq at 10nA: 84.0
2021-04-21 20:41:18.844252: I tensorflow/compiler/jit/xla_gpu_device.cc:99] Not creating XLA devices, tf_xla_enable_xla_devices not set
2021-04-21 20:41:42.014611: I tensorflow/compiler/jit/xla_gpu_device.cc:99] Not creating XLA devices, tf_xla_enable_xla_devices not set
mse and spike frequency: 0.00104 10.23
[32m[I 2021-04-21 20:42:04,876][0m Trial 148 finished with values: [0.00104, 10.23] with parameters: {'Vahp': -47.5, 'Vth': -41.0, 'Vmax': 35.0, 't_ref': 9.5, 'R': 0.30000000000000004, 'tau_m': 456.0, 'R_adp': 0.5, 'tau_w': 78.0, 'a': 51.5, 'rate_low': 22.5, 'rate_high': 47.5}.[0m
2021-04-21 20:42:05.587213: I tensorflow/compiler/jit/xla_gpu_device.cc:99] Not creating XLA devices, tf_xla_enable_xla_devices not set
maxFreq at 10nA: 1000.0
2021-04-21 20:42:40.782169: I tensorflow/compiler/jit/xla_gpu_device.cc:99] Not creating XLA devices, tf_xla_enable_xla_devices not set
2021-04-21 20:43:04.907864: I tensorflow/compiler/jit/xla_gpu_device.cc:99] Not creating XLA devices, tf_xla_enable_xla_devices not set
mse and spike frequency: 0.11775 0.0
[32m[I 2021-04-21 20:43:27,477][0m Trial 149 finished with values: [0.11775, 0.0] with parameters: {'Vahp': -49.0, 'Vth': -51.5, 'Vmax': 25.5, 't_ref': 19.5, 'R': 0.5, 'tau_m': 192.0, 'R_adp': 0.9, 'tau_w': 323.5, 'a': 65.5, 'rate_low': 2.0, 'rate_high': 48.5}.[0m
2021-04-21 20:43:28.252106: I tensorflow/compiler/jit/xla_gpu_device.cc:99] Not creating XLA devices, tf_xla_enable_xla_devices not set
maxFreq at 10nA: 1000.0
2021-04-21 20:44:03.847821: I tensorflow/compiler/jit/xla_gpu_device.cc:99] Not creating XLA devices, tf_xla_enable_xla_devices not set
2021-04-21 20:44:28.063670: I tensorflow/compiler/jit/xla_gpu_device.cc:99] Not creating XLA devices, tf_xla_enable_xla_devices not set
mse and spike frequency: 0.11775 0.0
[32m[I 2021-04-21 20:44:50,422][0m Trial 150 finished with values: [0.11775, 0.0] with parameters: {'Vahp': -31.5, 'Vth': -51.0, 'Vmax': 34.5, 't_ref': 15.5, 'R': 0.8, 'tau_m': 479.0, 'R_adp': 0.9, 'tau_w': 415.5, 'a': 233.5, 'rate_low': 27.0, 'rate_high': 6.0}.[0m
2021-04-21 20:44:51.318674: I tensorflow/compiler/jit/xla_gpu_device.cc:99] Not creating XLA devices, tf_xla_enable_xla_devices not set
maxFreq at 10nA: 1000.0
2021-04-21 20:45:26.756764: I tensorflow/compiler/jit/xla_gpu_device.cc:99] Not creating XLA devices, tf_xla_enable_xla_devices not set
2021-04-21 20:45:50.642940: I tensorflow/compiler/jit/xla_gpu_device.cc:99] Not creating XLA devices, tf_xla_enable_xla_devices not set
mse and spike frequency: 0.11775 0.0
[32m[I 2021-04-21 20:46:12,766][0m Trial 151 finished with values: [0.11775, 0.0] with parameters: {'Vahp': -22.5, 'Vth': -52.0, 'Vmax': 37.5, 't_ref': 3.5, 'R': 0.5, 'tau_m': 479.0, 'R_adp': 0.6, 'tau_w': 337.5, 'a': 451.5, 'rate_low': 13.0, 'rate_high': 49.5}.[0m
2021-04-21 20:46:13.633008: I tensorflow/compiler/jit/xla_gpu_device.cc:99] Not creating XLA devices, tf_xla_enable_xla_devices not set
maxFreq at 10nA: 1000.0
2021-04-21 20:46:49.184786: I tensorflow/compiler/jit/xla_gpu_device.cc:99] Not creating XLA devices, tf_xla_enable_xla_devices not set
2021-04-21 20:47:13.470388: I tensorflow/compiler/jit/xla_gpu_device.cc:99] Not creating XLA devices, tf_xla_enable_xla_devices not set
mse and spike frequency: 0.11775 0.0
[32m[I 2021-04-21 20:47:35,661][0m Trial 152 finished with values: [0.11775, 0.0] with parameters: {'Vahp': -26.5, 'Vth': -41.0, 'Vmax': 34.0, 't_ref': 8.5, 'R': 0.30000000000000004, 'tau_m': 104.5, 'R_adp': 0.9, 'tau_w': 277.0, 'a': 65.5, 'rate_low': 21.5, 'rate_high': 33.0}.[0m
2021-04-21 20:47:36.386055: I tensorflow/compiler/jit/xla_gpu_device.cc:99] Not creating XLA devices, tf_xla_enable_xla_devices not set
maxFreq at 10nA: 1000.0
2021-04-21 20:48:11.591020: I tensorflow/compiler/jit/xla_gpu_device.cc:99] Not creating XLA devices, tf_xla_enable_xla_devices not set
2021-04-21 20:48:35.696297: I tensorflow/compiler/jit/xla_gpu_device.cc:99] Not creating XLA devices, tf_xla_enable_xla_devices not set
mse and spike frequency: 0.11775 0.0
[32m[I 2021-04-21 20:48:58,415][0m Trial 153 finished with values: [0.11775, 0.0] with parameters: {'Vahp': -30.0, 'Vth': -58.0, 'Vmax': 14.0, 't_ref': 15.0, 'R': 1.0, 'tau_m': 351.5, 'R_adp': 0.7000000000000001, 'tau_w': 392.0, 'a': 19.0, 'rate_low': 13.0, 'rate_high': 47.5}.[0m
2021-04-21 20:48:59.087384: I tensorflow/compiler/jit/xla_gpu_device.cc:99] Not creating XLA devices, tf_xla_enable_xla_devices not set
maxFreq at 10nA: 1000.0
2021-04-21 20:49:34.290344: I tensorflow/compiler/jit/xla_gpu_device.cc:99] Not creating XLA devices, tf_xla_enable_xla_devices not set
2021-04-21 20:49:58.369990: I tensorflow/compiler/jit/xla_gpu_device.cc:99] Not creating XLA devices, tf_xla_enable_xla_devices not set
mse and spike frequency: 0.11775 0.0
[32m[I 2021-04-21 20:50:21,004][0m Trial 154 finished with values: [0.11775, 0.0] with parameters: {'Vahp': -40.5, 'Vth': -51.5, 'Vmax': 36.5, 't_ref': 8.0, 'R': 0.8, 'tau_m': 107.5, 'R_adp': 1.0, 'tau_w': 61.0, 'a': 160.5, 'rate_low': 31.5, 'rate_high': 47.0}.[0m
2021-04-21 20:50:21.725403: I tensorflow/compiler/jit/xla_gpu_device.cc:99] Not creating XLA devices, tf_xla_enable_xla_devices not set
maxFreq at 10nA: 1000.0
2021-04-21 20:50:56.679598: I tensorflow/compiler/jit/xla_gpu_device.cc:99] Not creating XLA devices, tf_xla_enable_xla_devices not set
2021-04-21 20:51:21.311246: I tensorflow/compiler/jit/xla_gpu_device.cc:99] Not creating XLA devices, tf_xla_enable_xla_devices not set
mse and spike frequency: 0.11775 0.0
[32m[I 2021-04-21 20:51:43,855][0m Trial 155 finished with values: [0.11775, 0.0] with parameters: {'Vahp': -47.5, 'Vth': -55.0, 'Vmax': 18.5, 't_ref': 11.5, 'R': 0.30000000000000004, 'tau_m': 412.0, 'R_adp': 0.8, 'tau_w': 203.0, 'a': 141.0, 'rate_low': 21.5, 'rate_high': 28.5}.[0m
2021-04-21 20:51:44.551761: I tensorflow/compiler/jit/xla_gpu_device.cc:99] Not creating XLA devices, tf_xla_enable_xla_devices not set
maxFreq at 10nA: 1000.0
2021-04-21 20:52:20.068375: I tensorflow/compiler/jit/xla_gpu_device.cc:99] Not creating XLA devices, tf_xla_enable_xla_devices not set
2021-04-21 20:52:43.487767: I tensorflow/compiler/jit/xla_gpu_device.cc:99] Not creating XLA devices, tf_xla_enable_xla_devices not set
mse and spike frequency: 0.11775 0.0
[32m[I 2021-04-21 20:53:05,387][0m Trial 156 finished with values: [0.11775, 0.0] with parameters: {'Vahp': -31.5, 'Vth': -54.5, 'Vmax': 32.5, 't_ref': 3.5, 'R': 0.4, 'tau_m': 423.0, 'R_adp': 1.0, 'tau_w': 37.5, 'a': 422.5, 'rate_low': 25.5, 'rate_high': 26.5}.[0m
2021-04-21 20:53:06.080971: I tensorflow/compiler/jit/xla_gpu_device.cc:99] Not creating XLA devices, tf_xla_enable_xla_devices not set
maxFreq at 10nA: 1000.0
2021-04-21 20:53:41.073891: I tensorflow/compiler/jit/xla_gpu_device.cc:99] Not creating XLA devices, tf_xla_enable_xla_devices not set
2021-04-21 20:54:05.102217: I tensorflow/compiler/jit/xla_gpu_device.cc:99] Not creating XLA devices, tf_xla_enable_xla_devices not set
mse and spike frequency: 0.11775 0.0
[32m[I 2021-04-21 20:54:27,544][0m Trial 157 finished with values: [0.11775, 0.0] with parameters: {'Vahp': -49.5, 'Vth': -50.0, 'Vmax': 33.0, 't_ref': 6.5, 'R': 1.0, 'tau_m': 70.5, 'R_adp': 0.9, 'tau_w': 94.0, 'a': 25.0, 'rate_low': 2.0, 'rate_high': 6.0}.[0m
2021-04-21 20:54:28.301526: I tensorflow/compiler/jit/xla_gpu_device.cc:99] Not creating XLA devices, tf_xla_enable_xla_devices not set
maxFreq at 10nA: 1000.0
2021-04-21 20:55:03.694789: I tensorflow/compiler/jit/xla_gpu_device.cc:99] Not creating XLA devices, tf_xla_enable_xla_devices not set
2021-04-21 20:55:27.186317: I tensorflow/compiler/jit/xla_gpu_device.cc:99] Not creating XLA devices, tf_xla_enable_xla_devices not set
mse and spike frequency: 0.11775 0.0
[32m[I 2021-04-21 20:55:49,536][0m Trial 158 finished with values: [0.11775, 0.0] with parameters: {'Vahp': -31.5, 'Vth': -34.5, 'Vmax': 19.5, 't_ref': 15.5, 'R': 1.0, 'tau_m': 34.0, 'R_adp': 0.9, 'tau_w': 11.5, 'a': 286.0, 'rate_low': 24.5, 'rate_high': 35.5}.[0m
2021-04-21 20:55:50.257573: I tensorflow/compiler/jit/xla_gpu_device.cc:99] Not creating XLA devices, tf_xla_enable_xla_devices not set
maxFreq at 10nA: 1000.0
2021-04-21 20:56:26.572234: I tensorflow/compiler/jit/xla_gpu_device.cc:99] Not creating XLA devices, tf_xla_enable_xla_devices not set
2021-04-21 20:56:50.910447: I tensorflow/compiler/jit/xla_gpu_device.cc:99] Not creating XLA devices, tf_xla_enable_xla_devices not set
mse and spike frequency: 0.11775 0.0
[32m[I 2021-04-21 20:57:13,891][0m Trial 159 finished with values: [0.11775, 0.0] with parameters: {'Vahp': -22.0, 'Vth': -51.0, 'Vmax': 28.5, 't_ref': 6.5, 'R': 0.5, 'tau_m': 70.5, 'R_adp': 0.9, 'tau_w': 325.0, 'a': 65.5, 'rate_low': 6.5, 'rate_high': 45.5}.[0m
2021-04-21 20:57:14.610803: I tensorflow/compiler/jit/xla_gpu_device.cc:99] Not creating XLA devices, tf_xla_enable_xla_devices not set
maxFreq at 10nA: 1000.0
2021-04-21 20:57:51.029883: I tensorflow/compiler/jit/xla_gpu_device.cc:99] Not creating XLA devices, tf_xla_enable_xla_devices not set
2021-04-21 20:58:15.381639: I tensorflow/compiler/jit/xla_gpu_device.cc:99] Not creating XLA devices, tf_xla_enable_xla_devices not set
mse and spike frequency: 0.11775 0.0
[32m[I 2021-04-21 20:58:38,854][0m Trial 160 finished with values: [0.11775, 0.0] with parameters: {'Vahp': -41.0, 'Vth': -46.0, 'Vmax': 11.5, 't_ref': 9.5, 'R': 0.8, 'tau_m': 36.5, 'R_adp': 0.8, 'tau_w': 415.5, 'a': 253.5, 'rate_low': 30.0, 'rate_high': 48.0}.[0m
2021-04-21 20:58:39.582852: I tensorflow/compiler/jit/xla_gpu_device.cc:99] Not creating XLA devices, tf_xla_enable_xla_devices not set
maxFreq at 10nA: 91.0
2021-04-21 20:59:15.866797: I tensorflow/compiler/jit/xla_gpu_device.cc:99] Not creating XLA devices, tf_xla_enable_xla_devices not set
2021-04-21 20:59:40.595480: I tensorflow/compiler/jit/xla_gpu_device.cc:99] Not creating XLA devices, tf_xla_enable_xla_devices not set
mse and spike frequency: 0.00106 11.91
[32m[I 2021-04-21 21:00:03,650][0m Trial 161 finished with values: [0.00106, 11.91] with parameters: {'Vahp': -52.0, 'Vth': -41.0, 'Vmax': 28.5, 't_ref': 10.0, 'R': 1.0, 'tau_m': 351.5, 'R_adp': 0.1, 'tau_w': 392.0, 'a': 51.5, 'rate_low': 6.5, 'rate_high': 47.5}.[0m
2021-04-21 21:00:04.356689: I tensorflow/compiler/jit/xla_gpu_device.cc:99] Not creating XLA devices, tf_xla_enable_xla_devices not set
maxFreq at 10nA: 1000.0
2021-04-21 21:00:41.479139: I tensorflow/compiler/jit/xla_gpu_device.cc:99] Not creating XLA devices, tf_xla_enable_xla_devices not set
2021-04-21 21:01:06.273028: I tensorflow/compiler/jit/xla_gpu_device.cc:99] Not creating XLA devices, tf_xla_enable_xla_devices not set
mse and spike frequency: 0.11775 0.0
[32m[I 2021-04-21 21:01:29,635][0m Trial 162 finished with values: [0.11775, 0.0] with parameters: {'Vahp': -31.5, 'Vth': -51.0, 'Vmax': 34.5, 't_ref': 15.5, 'R': 0.5, 'tau_m': 479.0, 'R_adp': 0.9, 'tau_w': 277.0, 'a': 65.5, 'rate_low': 5.5, 'rate_high': 34.5}.[0m
2021-04-21 21:01:30.334603: I tensorflow/compiler/jit/xla_gpu_device.cc:99] Not creating XLA devices, tf_xla_enable_xla_devices not set
maxFreq at 10nA: 1000.0
2021-04-21 21:02:07.477414: I tensorflow/compiler/jit/xla_gpu_device.cc:99] Not creating XLA devices, tf_xla_enable_xla_devices not set
2021-04-21 21:02:32.840159: I tensorflow/compiler/jit/xla_gpu_device.cc:99] Not creating XLA devices, tf_xla_enable_xla_devices not set
mse and spike frequency: 0.11775 0.0
[32m[I 2021-04-21 21:02:56,984][0m Trial 163 finished with values: [0.11775, 0.0] with parameters: {'Vahp': -40.5, 'Vth': -42.0, 'Vmax': 36.5, 't_ref': 20.0, 'R': 0.8, 'tau_m': 404.5, 'R_adp': 1.0, 'tau_w': 61.0, 'a': 487.5, 'rate_low': 6.5, 'rate_high': 47.0}.[0m
2021-04-21 21:02:57.676949: I tensorflow/compiler/jit/xla_gpu_device.cc:99] Not creating XLA devices, tf_xla_enable_xla_devices not set
maxFreq at 10nA: 998.0
2021-04-21 21:03:34.127800: I tensorflow/compiler/jit/xla_gpu_device.cc:99] Not creating XLA devices, tf_xla_enable_xla_devices not set
2021-04-21 21:04:00.295457: I tensorflow/compiler/jit/xla_gpu_device.cc:99] Not creating XLA devices, tf_xla_enable_xla_devices not set
mse and spike frequency: 0.11775 0.0
[32m[I 2021-04-21 21:04:24,686][0m Trial 164 finished with values: [0.11775, 0.0] with parameters: {'Vahp': -26.5, 'Vth': -41.0, 'Vmax': 22.5, 't_ref': 3.0, 'R': 0.2, 'tau_m': 330.0, 'R_adp': 1.0, 'tau_w': 203.0, 'a': 79.5, 'rate_low': 21.5, 'rate_high': 24.5}.[0m
2021-04-21 21:04:25.386748: I tensorflow/compiler/jit/xla_gpu_device.cc:99] Not creating XLA devices, tf_xla_enable_xla_devices not set
maxFreq at 10nA: 63.0
2021-04-21 21:05:01.819338: I tensorflow/compiler/jit/xla_gpu_device.cc:99] Not creating XLA devices, tf_xla_enable_xla_devices not set
2021-04-21 21:05:28.867887: I tensorflow/compiler/jit/xla_gpu_device.cc:99] Not creating XLA devices, tf_xla_enable_xla_devices not set
mse and spike frequency: 0.00101 23.79
[32m[I 2021-04-21 21:05:54,194][0m Trial 165 finished with values: [0.00101, 23.79] with parameters: {'Vahp': -26.0, 'Vth': -23.0, 'Vmax': 12.0, 't_ref': 14.5, 'R': 1.0, 'tau_m': 247.0, 'R_adp': 0.2, 'tau_w': 25.5, 'a': 279.0, 'rate_low': 22.5, 'rate_high': 47.5}.[0m
2021-04-21 21:05:54.887114: I tensorflow/compiler/jit/xla_gpu_device.cc:99] Not creating XLA devices, tf_xla_enable_xla_devices not set
maxFreq at 10nA: 125.0
2021-04-21 21:06:32.543584: I tensorflow/compiler/jit/xla_gpu_device.cc:99] Not creating XLA devices, tf_xla_enable_xla_devices not set
2021-04-21 21:06:59.511256: I tensorflow/compiler/jit/xla_gpu_device.cc:99] Not creating XLA devices, tf_xla_enable_xla_devices not set
mse and spike frequency: 0.00788 3.35
[32m[I 2021-04-21 21:07:24,291][0m Trial 166 finished with values: [0.00788, 3.35] with parameters: {'Vahp': -58.5, 'Vth': -41.0, 'Vmax': 20.5, 't_ref': 1.0, 'R': 0.30000000000000004, 'tau_m': 412.0, 'R_adp': 0.8, 'tau_w': 64.0, 'a': 312.5, 'rate_low': 24.5, 'rate_high': 47.5}.[0m
2021-04-21 21:07:24.992813: I tensorflow/compiler/jit/xla_gpu_device.cc:99] Not creating XLA devices, tf_xla_enable_xla_devices not set
maxFreq at 10nA: 1000.0
2021-04-21 21:08:01.646979: I tensorflow/compiler/jit/xla_gpu_device.cc:99] Not creating XLA devices, tf_xla_enable_xla_devices not set
2021-04-21 21:08:28.298438: I tensorflow/compiler/jit/xla_gpu_device.cc:99] Not creating XLA devices, tf_xla_enable_xla_devices not set
mse and spike frequency: 0.11775 0.0
[32m[I 2021-04-21 21:08:53,409][0m Trial 167 finished with values: [0.11775, 0.0] with parameters: {'Vahp': -41.0, 'Vth': -57.0, 'Vmax': 28.5, 't_ref': 9.5, 'R': 0.9, 'tau_m': 492.0, 'R_adp': 0.5, 'tau_w': 300.0, 'a': 286.0, 'rate_low': 33.0, 'rate_high': 44.5}.[0m
2021-04-21 21:08:54.161259: I tensorflow/compiler/jit/xla_gpu_device.cc:99] Not creating XLA devices, tf_xla_enable_xla_devices not set
maxFreq at 10nA: 1000.0
2021-04-21 21:09:30.387870: I tensorflow/compiler/jit/xla_gpu_device.cc:99] Not creating XLA devices, tf_xla_enable_xla_devices not set
2021-04-21 21:09:57.544381: I tensorflow/compiler/jit/xla_gpu_device.cc:99] Not creating XLA devices, tf_xla_enable_xla_devices not set
mse and spike frequency: 0.11775 0.0
[32m[I 2021-04-21 21:10:23,280][0m Trial 168 finished with values: [0.11775, 0.0] with parameters: {'Vahp': -31.5, 'Vth': -51.0, 'Vmax': 34.5, 't_ref': 18.0, 'R': 0.5, 'tau_m': 479.0, 'R_adp': 0.9, 'tau_w': 277.0, 'a': 65.5, 'rate_low': 2.0, 'rate_high': 26.5}.[0m
2021-04-21 21:10:24.015971: I tensorflow/compiler/jit/xla_gpu_device.cc:99] Not creating XLA devices, tf_xla_enable_xla_devices not set
maxFreq at 10nA: 53.0
2021-04-21 21:11:00.757048: I tensorflow/compiler/jit/xla_gpu_device.cc:99] Not creating XLA devices, tf_xla_enable_xla_devices not set
2021-04-21 21:11:28.369415: I tensorflow/compiler/jit/xla_gpu_device.cc:99] Not creating XLA devices, tf_xla_enable_xla_devices not set
mse and spike frequency: 0.08003 1.5
[32m[I 2021-04-21 21:11:54,144][0m Trial 169 finished with values: [0.08003, 1.5] with parameters: {'Vahp': -47.5, 'Vth': -26.5, 'Vmax': 26.0, 't_ref': 11.5, 'R': 0.30000000000000004, 'tau_m': 412.0, 'R_adp': 0.8, 'tau_w': 139.5, 'a': 312.5, 'rate_low': 24.5, 'rate_high': 28.5}.[0m
2021-04-21 21:11:54.868820: I tensorflow/compiler/jit/xla_gpu_device.cc:99] Not creating XLA devices, tf_xla_enable_xla_devices not set
maxFreq at 10nA: 77.0
2021-04-21 21:12:32.786975: I tensorflow/compiler/jit/xla_gpu_device.cc:99] Not creating XLA devices, tf_xla_enable_xla_devices not set
2021-04-21 21:12:59.945609: I tensorflow/compiler/jit/xla_gpu_device.cc:99] Not creating XLA devices, tf_xla_enable_xla_devices not set
mse and spike frequency: 0.10371 0.43
[32m[I 2021-04-21 21:13:26,097][0m Trial 170 finished with values: [0.10371, 0.43] with parameters: {'Vahp': -58.5, 'Vth': -22.5, 'Vmax': 22.5, 't_ref': 1.0, 'R': 0.2, 'tau_m': 330.0, 'R_adp': 1.0, 'tau_w': 177.5, 'a': 79.5, 'rate_low': 10.5, 'rate_high': 11.0}.[0m
2021-04-21 21:13:26.815295: I tensorflow/compiler/jit/xla_gpu_device.cc:99] Not creating XLA devices, tf_xla_enable_xla_devices not set
maxFreq at 10nA: 998.0
2021-04-21 21:14:04.619131: I tensorflow/compiler/jit/xla_gpu_device.cc:99] Not creating XLA devices, tf_xla_enable_xla_devices not set
2021-04-21 21:14:31.201927: I tensorflow/compiler/jit/xla_gpu_device.cc:99] Not creating XLA devices, tf_xla_enable_xla_devices not set
mse and spike frequency: 0.11775 0.0
