[32m[I 2021-04-21 20:06:39,128][0m Trial 120 finished with values: [0.11775, 0.0] with parameters: {'Vahp': -28.0, 'Vth': -47.5, 'Vmax': 35.0, 't_ref': 7.5, 'R': 0.30000000000000004, 'tau_m': 362.5, 'rate_low': 18.5, 'rate_high': 49.0}.[0m
2021-04-21 20:06:39.811693: I tensorflow/compiler/jit/xla_gpu_device.cc:99] Not creating XLA devices, tf_xla_enable_xla_devices not set
maxFreq at 10nA: 56.0
2021-04-21 20:07:10.589782: I tensorflow/compiler/jit/xla_gpu_device.cc:99] Not creating XLA devices, tf_xla_enable_xla_devices not set
2021-04-21 20:07:30.146454: I tensorflow/compiler/jit/xla_gpu_device.cc:99] Not creating XLA devices, tf_xla_enable_xla_devices not set
mse and spike frequency: 0.11728 0.04
[32m[I 2021-04-21 20:07:48,589][0m Trial 121 finished with values: [0.11728, 0.04] with parameters: {'Vahp': -57.0, 'Vth': -37.0, 'Vmax': 19.5, 't_ref': 15.0, 'R': 0.2, 'tau_m': 241.5, 'rate_low': 4.0, 'rate_high': 6.0}.[0m
2021-04-21 20:07:49.264873: I tensorflow/compiler/jit/xla_gpu_device.cc:99] Not creating XLA devices, tf_xla_enable_xla_devices not set
maxFreq at 10nA: 999.0
2021-04-21 20:08:20.438448: I tensorflow/compiler/jit/xla_gpu_device.cc:99] Not creating XLA devices, tf_xla_enable_xla_devices not set
2021-04-21 20:08:40.463877: I tensorflow/compiler/jit/xla_gpu_device.cc:99] Not creating XLA devices, tf_xla_enable_xla_devices not set
mse and spike frequency: 0.11775 0.0
[32m[I 2021-04-21 20:08:59,123][0m Trial 122 finished with values: [0.11775, 0.0] with parameters: {'Vahp': -45.5, 'Vth': -52.0, 'Vmax': 35.0, 't_ref': 1.5, 'R': 0.30000000000000004, 'tau_m': 476.5, 'rate_low': 23.5, 'rate_high': 34.0}.[0m
2021-04-21 20:08:59.933900: I tensorflow/compiler/jit/xla_gpu_device.cc:99] Not creating XLA devices, tf_xla_enable_xla_devices not set
maxFreq at 10nA: 1000.0
2021-04-21 20:09:31.374658: I tensorflow/compiler/jit/xla_gpu_device.cc:99] Not creating XLA devices, tf_xla_enable_xla_devices not set
2021-04-21 20:09:51.095029: I tensorflow/compiler/jit/xla_gpu_device.cc:99] Not creating XLA devices, tf_xla_enable_xla_devices not set
mse and spike frequency: 0.11775 0.0
[32m[I 2021-04-21 20:10:10,110][0m Trial 123 finished with values: [0.11775, 0.0] with parameters: {'Vahp': -37.0, 'Vth': -49.0, 'Vmax': 13.0, 't_ref': 6.0, 'R': 0.8, 'tau_m': 190.5, 'rate_low': 29.5, 'rate_high': 40.0}.[0m
2021-04-21 20:10:10.856335: I tensorflow/compiler/jit/xla_gpu_device.cc:99] Not creating XLA devices, tf_xla_enable_xla_devices not set
maxFreq at 10nA: 1000.0
2021-04-21 20:10:42.212161: I tensorflow/compiler/jit/xla_gpu_device.cc:99] Not creating XLA devices, tf_xla_enable_xla_devices not set
2021-04-21 20:11:01.630076: I tensorflow/compiler/jit/xla_gpu_device.cc:99] Not creating XLA devices, tf_xla_enable_xla_devices not set
mse and spike frequency: 0.11775 0.0
[32m[I 2021-04-21 20:11:20,646][0m Trial 124 finished with values: [0.11775, 0.0] with parameters: {'Vahp': -39.0, 'Vth': -48.0, 'Vmax': 36.5, 't_ref': 9.5, 'R': 0.2, 'tau_m': 172.0, 'rate_low': 32.5, 'rate_high': 46.0}.[0m
2021-04-21 20:11:21.391615: I tensorflow/compiler/jit/xla_gpu_device.cc:99] Not creating XLA devices, tf_xla_enable_xla_devices not set
maxFreq at 10nA: 1000.0
2021-04-21 20:11:52.660208: I tensorflow/compiler/jit/xla_gpu_device.cc:99] Not creating XLA devices, tf_xla_enable_xla_devices not set
2021-04-21 20:12:12.598489: I tensorflow/compiler/jit/xla_gpu_device.cc:99] Not creating XLA devices, tf_xla_enable_xla_devices not set
mse and spike frequency: 0.11775 0.0
[32m[I 2021-04-21 20:12:31,518][0m Trial 125 finished with values: [0.11775, 0.0] with parameters: {'Vahp': -47.5, 'Vth': -53.5, 'Vmax': 32.0, 't_ref': 10.0, 'R': 0.30000000000000004, 'tau_m': 112.5, 'rate_low': 37.5, 'rate_high': 38.0}.[0m
2021-04-21 20:12:32.262240: I tensorflow/compiler/jit/xla_gpu_device.cc:99] Not creating XLA devices, tf_xla_enable_xla_devices not set
maxFreq at 10nA: 250.0
2021-04-21 20:13:03.317946: I tensorflow/compiler/jit/xla_gpu_device.cc:99] Not creating XLA devices, tf_xla_enable_xla_devices not set
2021-04-21 20:13:23.902344: I tensorflow/compiler/jit/xla_gpu_device.cc:99] Not creating XLA devices, tf_xla_enable_xla_devices not set
mse and spike frequency: 0.0005 66.96
[32m[I 2021-04-21 20:13:42,218][0m Trial 126 finished with values: [0.0005, 66.96] with parameters: {'Vahp': -51.5, 'Vth': -32.0, 'Vmax': 20.5, 't_ref': 3.0, 'R': 0.8, 'tau_m': 102.5, 'rate_low': 49.0, 'rate_high': 49.0}.[0m
2021-04-21 20:13:43.075603: I tensorflow/compiler/jit/xla_gpu_device.cc:99] Not creating XLA devices, tf_xla_enable_xla_devices not set
maxFreq at 10nA: 112.0
2021-04-21 20:14:14.380126: I tensorflow/compiler/jit/xla_gpu_device.cc:99] Not creating XLA devices, tf_xla_enable_xla_devices not set
2021-04-21 20:14:35.410854: I tensorflow/compiler/jit/xla_gpu_device.cc:99] Not creating XLA devices, tf_xla_enable_xla_devices not set
mse and spike frequency: 0.11775 0.0
[32m[I 2021-04-21 20:14:54,589][0m Trial 127 finished with values: [0.11775, 0.0] with parameters: {'Vahp': -56.5, 'Vth': -56.5, 'Vmax': 35.0, 't_ref': 7.5, 'R': 0.1, 'tau_m': 56.5, 'rate_low': 29.5, 'rate_high': 46.5}.[0m
2021-04-21 20:14:55.313303: I tensorflow/compiler/jit/xla_gpu_device.cc:99] Not creating XLA devices, tf_xla_enable_xla_devices not set
maxFreq at 10nA: 56.0
2021-04-21 20:15:26.940585: I tensorflow/compiler/jit/xla_gpu_device.cc:99] Not creating XLA devices, tf_xla_enable_xla_devices not set
2021-04-21 20:15:47.683513: I tensorflow/compiler/jit/xla_gpu_device.cc:99] Not creating XLA devices, tf_xla_enable_xla_devices not set
mse and spike frequency: 0.00605 2.85
[32m[I 2021-04-21 20:16:07,408][0m Trial 128 finished with values: [0.00605, 2.85] with parameters: {'Vahp': -54.5, 'Vth': -37.0, 'Vmax': 36.5, 't_ref': 9.5, 'R': 0.1, 'tau_m': 415.5, 'rate_low': 32.5, 'rate_high': 38.0}.[0m
2021-04-21 20:16:08.135437: I tensorflow/compiler/jit/xla_gpu_device.cc:99] Not creating XLA devices, tf_xla_enable_xla_devices not set
maxFreq at 10nA: 1000.0
2021-04-21 20:16:39.893737: I tensorflow/compiler/jit/xla_gpu_device.cc:99] Not creating XLA devices, tf_xla_enable_xla_devices not set
2021-04-21 20:17:00.769728: I tensorflow/compiler/jit/xla_gpu_device.cc:99] Not creating XLA devices, tf_xla_enable_xla_devices not set
mse and spike frequency: 0.11775 0.0
[32m[I 2021-04-21 20:17:20,397][0m Trial 129 finished with values: [0.11775, 0.0] with parameters: {'Vahp': -31.0, 'Vth': -54.0, 'Vmax': 13.0, 't_ref': 7.5, 'R': 0.5, 'tau_m': 12.0, 'rate_low': 29.5, 'rate_high': 49.5}.[0m
2021-04-21 20:17:21.069038: I tensorflow/compiler/jit/xla_gpu_device.cc:99] Not creating XLA devices, tf_xla_enable_xla_devices not set
maxFreq at 10nA: 1000.0
2021-04-21 20:17:53.631009: I tensorflow/compiler/jit/xla_gpu_device.cc:99] Not creating XLA devices, tf_xla_enable_xla_devices not set
2021-04-21 20:18:14.203152: I tensorflow/compiler/jit/xla_gpu_device.cc:99] Not creating XLA devices, tf_xla_enable_xla_devices not set
mse and spike frequency: 0.11775 0.0
[32m[I 2021-04-21 20:18:34,348][0m Trial 130 finished with values: [0.11775, 0.0] with parameters: {'Vahp': -37.0, 'Vth': -49.0, 'Vmax': 19.0, 't_ref': 15.0, 'R': 0.7000000000000001, 'tau_m': 12.0, 'rate_low': 29.5, 'rate_high': 14.0}.[0m
2021-04-21 20:18:35.050551: I tensorflow/compiler/jit/xla_gpu_device.cc:99] Not creating XLA devices, tf_xla_enable_xla_devices not set
maxFreq at 10nA: 999.0
2021-04-21 20:19:07.817701: I tensorflow/compiler/jit/xla_gpu_device.cc:99] Not creating XLA devices, tf_xla_enable_xla_devices not set
2021-04-21 20:19:28.732736: I tensorflow/compiler/jit/xla_gpu_device.cc:99] Not creating XLA devices, tf_xla_enable_xla_devices not set
mse and spike frequency: 0.11775 0.0
[32m[I 2021-04-21 20:19:48,928][0m Trial 131 finished with values: [0.11775, 0.0] with parameters: {'Vahp': -24.5, 'Vth': -32.0, 'Vmax': 20.5, 't_ref': 5.5, 'R': 0.2, 'tau_m': 102.5, 'rate_low': 8.5, 'rate_high': 12.0}.[0m
2021-04-21 20:19:49.650523: I tensorflow/compiler/jit/xla_gpu_device.cc:99] Not creating XLA devices, tf_xla_enable_xla_devices not set
maxFreq at 10nA: 63.0
2021-04-21 20:20:22.224169: I tensorflow/compiler/jit/xla_gpu_device.cc:99] Not creating XLA devices, tf_xla_enable_xla_devices not set
2021-04-21 20:20:43.209750: I tensorflow/compiler/jit/xla_gpu_device.cc:99] Not creating XLA devices, tf_xla_enable_xla_devices not set
mse and spike frequency: 0.00221 5.65
[32m[I 2021-04-21 20:21:03,445][0m Trial 132 finished with values: [0.00221, 5.65] with parameters: {'Vahp': -55.0, 'Vth': -26.5, 'Vmax': 17.0, 't_ref': 12.5, 'R': 0.5, 'tau_m': 500.0, 'rate_low': 23.5, 'rate_high': 36.0}.[0m
2021-04-21 20:21:04.099895: I tensorflow/compiler/jit/xla_gpu_device.cc:99] Not creating XLA devices, tf_xla_enable_xla_devices not set
maxFreq at 10nA: 1000.0
2021-04-21 20:21:36.513014: I tensorflow/compiler/jit/xla_gpu_device.cc:99] Not creating XLA devices, tf_xla_enable_xla_devices not set
2021-04-21 20:21:58.246875: I tensorflow/compiler/jit/xla_gpu_device.cc:99] Not creating XLA devices, tf_xla_enable_xla_devices not set
mse and spike frequency: 0.11775 0.0
[32m[I 2021-04-21 20:22:18,882][0m Trial 133 finished with values: [0.11775, 0.0] with parameters: {'Vahp': -27.0, 'Vth': -54.0, 'Vmax': 25.5, 't_ref': 8.0, 'R': 0.7000000000000001, 'tau_m': 52.0, 'rate_low': 49.0, 'rate_high': 33.0}.[0m
2021-04-21 20:22:19.617616: I tensorflow/compiler/jit/xla_gpu_device.cc:99] Not creating XLA devices, tf_xla_enable_xla_devices not set
maxFreq at 10nA: 1000.0
2021-04-21 20:22:52.413361: I tensorflow/compiler/jit/xla_gpu_device.cc:99] Not creating XLA devices, tf_xla_enable_xla_devices not set
2021-04-21 20:23:14.388324: I tensorflow/compiler/jit/xla_gpu_device.cc:99] Not creating XLA devices, tf_xla_enable_xla_devices not set
mse and spike frequency: 0.11775 0.0
[32m[I 2021-04-21 20:23:34,999][0m Trial 134 finished with values: [0.11775, 0.0] with parameters: {'Vahp': -29.5, 'Vth': -45.5, 'Vmax': 26.0, 't_ref': 7.5, 'R': 0.1, 'tau_m': 73.5, 'rate_low': 2.0, 'rate_high': 14.0}.[0m
2021-04-21 20:23:35.668036: I tensorflow/compiler/jit/xla_gpu_device.cc:99] Not creating XLA devices, tf_xla_enable_xla_devices not set
maxFreq at 10nA: 77.0
2021-04-21 20:24:08.357053: I tensorflow/compiler/jit/xla_gpu_device.cc:99] Not creating XLA devices, tf_xla_enable_xla_devices not set
2021-04-21 20:24:30.405275: I tensorflow/compiler/jit/xla_gpu_device.cc:99] Not creating XLA devices, tf_xla_enable_xla_devices not set
mse and spike frequency: 0.00111 7.39
[32m[I 2021-04-21 20:24:51,001][0m Trial 135 finished with values: [0.00111, 7.39] with parameters: {'Vahp': -54.5, 'Vth': -22.0, 'Vmax': 37.5, 't_ref': 9.5, 'R': 0.6, 'tau_m': 442.5, 'rate_low': 26.0, 'rate_high': 37.0}.[0m
2021-04-21 20:24:51.643955: I tensorflow/compiler/jit/xla_gpu_device.cc:99] Not creating XLA devices, tf_xla_enable_xla_devices not set
maxFreq at 10nA: 77.0
2021-04-21 20:25:24.649757: I tensorflow/compiler/jit/xla_gpu_device.cc:99] Not creating XLA devices, tf_xla_enable_xla_devices not set
2021-04-21 20:25:46.779047: I tensorflow/compiler/jit/xla_gpu_device.cc:99] Not creating XLA devices, tf_xla_enable_xla_devices not set
mse and spike frequency: 0.00066 18.11
[32m[I 2021-04-21 20:26:07,566][0m Trial 136 finished with values: [0.00066, 18.11] with parameters: {'Vahp': -57.0, 'Vth': -35.0, 'Vmax': 22.5, 't_ref': 11.0, 'R': 0.8, 'tau_m': 420.0, 'rate_low': 49.0, 'rate_high': 49.0}.[0m
2021-04-21 20:26:08.213699: I tensorflow/compiler/jit/xla_gpu_device.cc:99] Not creating XLA devices, tf_xla_enable_xla_devices not set
maxFreq at 10nA: 111.0
2021-04-21 20:26:41.086446: I tensorflow/compiler/jit/xla_gpu_device.cc:99] Not creating XLA devices, tf_xla_enable_xla_devices not set
2021-04-21 20:27:03.451473: I tensorflow/compiler/jit/xla_gpu_device.cc:99] Not creating XLA devices, tf_xla_enable_xla_devices not set
mse and spike frequency: 0.00078 24.61
[32m[I 2021-04-21 20:27:24,290][0m Trial 137 finished with values: [0.00078, 24.61] with parameters: {'Vahp': -27.0, 'Vth': -24.0, 'Vmax': 40.0, 't_ref': 8.0, 'R': 0.2, 'tau_m': 238.5, 'rate_low': 33.0, 'rate_high': 49.0}.[0m
2021-04-21 20:27:24.975995: I tensorflow/compiler/jit/xla_gpu_device.cc:99] Not creating XLA devices, tf_xla_enable_xla_devices not set
maxFreq at 10nA: 1000.0
2021-04-21 20:27:58.255313: I tensorflow/compiler/jit/xla_gpu_device.cc:99] Not creating XLA devices, tf_xla_enable_xla_devices not set
2021-04-21 20:28:20.527591: I tensorflow/compiler/jit/xla_gpu_device.cc:99] Not creating XLA devices, tf_xla_enable_xla_devices not set
mse and spike frequency: 0.11775 0.0
[32m[I 2021-04-21 20:28:41,441][0m Trial 138 finished with values: [0.11775, 0.0] with parameters: {'Vahp': -37.0, 'Vth': -56.0, 'Vmax': 27.0, 't_ref': 4.0, 'R': 0.8, 'tau_m': 73.5, 'rate_low': 4.0, 'rate_high': 14.0}.[0m
2021-04-21 20:28:42.081445: I tensorflow/compiler/jit/xla_gpu_device.cc:99] Not creating XLA devices, tf_xla_enable_xla_devices not set
maxFreq at 10nA: 1000.0
2021-04-21 20:29:15.564986: I tensorflow/compiler/jit/xla_gpu_device.cc:99] Not creating XLA devices, tf_xla_enable_xla_devices not set
2021-04-21 20:29:37.845249: I tensorflow/compiler/jit/xla_gpu_device.cc:99] Not creating XLA devices, tf_xla_enable_xla_devices not set
mse and spike frequency: 0.11775 0.0
[32m[I 2021-04-21 20:29:59,228][0m Trial 139 finished with values: [0.11775, 0.0] with parameters: {'Vahp': -45.5, 'Vth': -52.0, 'Vmax': 34.5, 't_ref': 1.5, 'R': 0.9, 'tau_m': 254.5, 'rate_low': 49.0, 'rate_high': 49.0}.[0m
2021-04-21 20:29:59.903774: I tensorflow/compiler/jit/xla_gpu_device.cc:99] Not creating XLA devices, tf_xla_enable_xla_devices not set
maxFreq at 10nA: 1000.0
2021-04-21 20:30:33.262673: I tensorflow/compiler/jit/xla_gpu_device.cc:99] Not creating XLA devices, tf_xla_enable_xla_devices not set
2021-04-21 20:30:55.618714: I tensorflow/compiler/jit/xla_gpu_device.cc:99] Not creating XLA devices, tf_xla_enable_xla_devices not set
mse and spike frequency: 0.11775 0.0
[32m[I 2021-04-21 20:31:17,678][0m Trial 140 finished with values: [0.11775, 0.0] with parameters: {'Vahp': -37.0, 'Vth': -52.5, 'Vmax': 32.0, 't_ref': 3.5, 'R': 0.2, 'tau_m': 158.5, 'rate_low': 8.0, 'rate_high': 40.0}.[0m
2021-04-21 20:31:18.364918: I tensorflow/compiler/jit/xla_gpu_device.cc:99] Not creating XLA devices, tf_xla_enable_xla_devices not set
maxFreq at 10nA: 1000.0
2021-04-21 20:31:52.057981: I tensorflow/compiler/jit/xla_gpu_device.cc:99] Not creating XLA devices, tf_xla_enable_xla_devices not set
2021-04-21 20:32:14.810836: I tensorflow/compiler/jit/xla_gpu_device.cc:99] Not creating XLA devices, tf_xla_enable_xla_devices not set
mse and spike frequency: 0.11775 0.0
[32m[I 2021-04-21 20:32:36,736][0m Trial 141 finished with values: [0.11775, 0.0] with parameters: {'Vahp': -27.0, 'Vth': -32.5, 'Vmax': 17.5, 't_ref': 8.0, 'R': 0.2, 'tau_m': 72.0, 'rate_low': 49.0, 'rate_high': 49.0}.[0m
2021-04-21 20:32:37.410737: I tensorflow/compiler/jit/xla_gpu_device.cc:99] Not creating XLA devices, tf_xla_enable_xla_devices not set
maxFreq at 10nA: 1000.0
2021-04-21 20:33:11.296957: I tensorflow/compiler/jit/xla_gpu_device.cc:99] Not creating XLA devices, tf_xla_enable_xla_devices not set
2021-04-21 20:33:34.123371: I tensorflow/compiler/jit/xla_gpu_device.cc:99] Not creating XLA devices, tf_xla_enable_xla_devices not set
mse and spike frequency: 0.11775 0.0
[32m[I 2021-04-21 20:33:56,026][0m Trial 142 finished with values: [0.11775, 0.0] with parameters: {'Vahp': -31.0, 'Vth': -51.0, 'Vmax': 33.0, 't_ref': 19.5, 'R': 0.8, 'tau_m': 12.0, 'rate_low': 12.5, 'rate_high': 45.0}.[0m
2021-04-21 20:33:56.723833: I tensorflow/compiler/jit/xla_gpu_device.cc:99] Not creating XLA devices, tf_xla_enable_xla_devices not set
maxFreq at 10nA: 1000.0
2021-04-21 20:34:30.679803: I tensorflow/compiler/jit/xla_gpu_device.cc:99] Not creating XLA devices, tf_xla_enable_xla_devices not set
2021-04-21 20:34:53.631637: I tensorflow/compiler/jit/xla_gpu_device.cc:99] Not creating XLA devices, tf_xla_enable_xla_devices not set
mse and spike frequency: 0.11775 0.0
[32m[I 2021-04-21 20:35:15,345][0m Trial 143 finished with values: [0.11775, 0.0] with parameters: {'Vahp': -54.0, 'Vth': -58.0, 'Vmax': 23.0, 't_ref': 7.5, 'R': 0.4, 'tau_m': 73.5, 'rate_low': 8.0, 'rate_high': 12.0}.[0m
2021-04-21 20:35:16.017925: I tensorflow/compiler/jit/xla_gpu_device.cc:99] Not creating XLA devices, tf_xla_enable_xla_devices not set
maxFreq at 10nA: 995.0
2021-04-21 20:35:50.154949: I tensorflow/compiler/jit/xla_gpu_device.cc:99] Not creating XLA devices, tf_xla_enable_xla_devices not set
2021-04-21 20:36:12.841237: I tensorflow/compiler/jit/xla_gpu_device.cc:99] Not creating XLA devices, tf_xla_enable_xla_devices not set
mse and spike frequency: 0.11775 0.0
[32m[I 2021-04-21 20:36:34,966][0m Trial 144 finished with values: [0.11775, 0.0] with parameters: {'Vahp': -24.5, 'Vth': -32.5, 'Vmax': 17.5, 't_ref': 8.0, 'R': 0.2, 'tau_m': 423.5, 'rate_low': 49.0, 'rate_high': 49.0}.[0m
2021-04-21 20:36:35.680041: I tensorflow/compiler/jit/xla_gpu_device.cc:99] Not creating XLA devices, tf_xla_enable_xla_devices not set
maxFreq at 10nA: 167.0
2021-04-21 20:37:09.472830: I tensorflow/compiler/jit/xla_gpu_device.cc:99] Not creating XLA devices, tf_xla_enable_xla_devices not set
2021-04-21 20:37:32.289748: I tensorflow/compiler/jit/xla_gpu_device.cc:99] Not creating XLA devices, tf_xla_enable_xla_devices not set
mse and spike frequency: 0.00183 4.96
[32m[I 2021-04-21 20:37:54,386][0m Trial 145 finished with values: [0.00183, 4.96] with parameters: {'Vahp': -57.5, 'Vth': -40.5, 'Vmax': 22.0, 't_ref': 1.5, 'R': 0.2, 'tau_m': 442.5, 'rate_low': 18.0, 'rate_high': 49.5}.[0m
2021-04-21 20:37:55.046076: I tensorflow/compiler/jit/xla_gpu_device.cc:99] Not creating XLA devices, tf_xla_enable_xla_devices not set
maxFreq at 10nA: 72.0
2021-04-21 20:38:29.469864: I tensorflow/compiler/jit/xla_gpu_device.cc:99] Not creating XLA devices, tf_xla_enable_xla_devices not set
2021-04-21 20:38:52.670514: I tensorflow/compiler/jit/xla_gpu_device.cc:99] Not creating XLA devices, tf_xla_enable_xla_devices not set
mse and spike frequency: 0.11775 0.0
[32m[I 2021-04-21 20:39:15,246][0m Trial 146 finished with values: [0.11775, 0.0] with parameters: {'Vahp': -60.0, 'Vth': -57.0, 'Vmax': 30.5, 't_ref': 12.5, 'R': 0.4, 'tau_m': 127.5, 'rate_low': 23.5, 'rate_high': 28.5}.[0m
2021-04-21 20:39:15.912799: I tensorflow/compiler/jit/xla_gpu_device.cc:99] Not creating XLA devices, tf_xla_enable_xla_devices not set
maxFreq at 10nA: 53.0
2021-04-21 20:39:50.744084: I tensorflow/compiler/jit/xla_gpu_device.cc:99] Not creating XLA devices, tf_xla_enable_xla_devices not set
2021-04-21 20:40:14.439864: I tensorflow/compiler/jit/xla_gpu_device.cc:99] Not creating XLA devices, tf_xla_enable_xla_devices not set
mse and spike frequency: 0.0013 9.96
[32m[I 2021-04-21 20:40:37,121][0m Trial 147 finished with values: [0.0013, 9.96] with parameters: {'Vahp': -57.5, 'Vth': -48.5, 'Vmax': 12.5, 't_ref': 17.0, 'R': 0.1, 'tau_m': 138.5, 'rate_low': 23.5, 'rate_high': 38.0}.[0m
2021-04-21 20:40:37.812818: I tensorflow/compiler/jit/xla_gpu_device.cc:99] Not creating XLA devices, tf_xla_enable_xla_devices not set
maxFreq at 10nA: 1000.0
2021-04-21 20:41:12.895754: I tensorflow/compiler/jit/xla_gpu_device.cc:99] Not creating XLA devices, tf_xla_enable_xla_devices not set
2021-04-21 20:41:36.765253: I tensorflow/compiler/jit/xla_gpu_device.cc:99] Not creating XLA devices, tf_xla_enable_xla_devices not set
mse and spike frequency: 0.11775 0.0
[32m[I 2021-04-21 20:41:59,195][0m Trial 148 finished with values: [0.11775, 0.0] with parameters: {'Vahp': -37.0, 'Vth': -52.5, 'Vmax': 27.0, 't_ref': 18.0, 'R': 0.8, 'tau_m': 46.5, 'rate_low': 18.0, 'rate_high': 14.0}.[0m
2021-04-21 20:41:59.885035: I tensorflow/compiler/jit/xla_gpu_device.cc:99] Not creating XLA devices, tf_xla_enable_xla_devices not set
maxFreq at 10nA: 1000.0
2021-04-21 20:42:34.068739: I tensorflow/compiler/jit/xla_gpu_device.cc:99] Not creating XLA devices, tf_xla_enable_xla_devices not set
2021-04-21 20:42:57.589525: I tensorflow/compiler/jit/xla_gpu_device.cc:99] Not creating XLA devices, tf_xla_enable_xla_devices not set
mse and spike frequency: 0.11775 0.0
[32m[I 2021-04-21 20:43:20,822][0m Trial 149 finished with values: [0.11775, 0.0] with parameters: {'Vahp': -41.5, 'Vth': -54.0, 'Vmax': 37.5, 't_ref': 10.0, 'R': 1.0, 'tau_m': 442.5, 'rate_low': 15.5, 'rate_high': 49.5}.[0m
2021-04-21 20:43:21.595676: I tensorflow/compiler/jit/xla_gpu_device.cc:99] Not creating XLA devices, tf_xla_enable_xla_devices not set
maxFreq at 10nA: 1000.0
2021-04-21 20:43:56.950238: I tensorflow/compiler/jit/xla_gpu_device.cc:99] Not creating XLA devices, tf_xla_enable_xla_devices not set
2021-04-21 20:44:20.586131: I tensorflow/compiler/jit/xla_gpu_device.cc:99] Not creating XLA devices, tf_xla_enable_xla_devices not set
mse and spike frequency: 0.11775 0.0
[32m[I 2021-04-21 20:44:43,508][0m Trial 150 finished with values: [0.11775, 0.0] with parameters: {'Vahp': -37.0, 'Vth': -49.0, 'Vmax': 33.5, 't_ref': 7.5, 'R': 0.1, 'tau_m': 46.5, 'rate_low': 8.5, 'rate_high': 46.5}.[0m
2021-04-21 20:44:44.197364: I tensorflow/compiler/jit/xla_gpu_device.cc:99] Not creating XLA devices, tf_xla_enable_xla_devices not set
maxFreq at 10nA: 200.0
2021-04-21 20:45:19.603460: I tensorflow/compiler/jit/xla_gpu_device.cc:99] Not creating XLA devices, tf_xla_enable_xla_devices not set
2021-04-21 20:45:43.258314: I tensorflow/compiler/jit/xla_gpu_device.cc:99] Not creating XLA devices, tf_xla_enable_xla_devices not set
mse and spike frequency: 0.00108 83.25
