[32m[I 2021-04-21 18:42:51,691][0m Trial 26 finished with values: [0.11775, 0.0] with parameters: {'Vahp': -28.5, 'Vth': -50.5, 'Vmax': 17.5, 't_ref': 20.0, 'R': 0.2, 'tau_m': 483.0, 'R_adp': 0.5, 'tau_w': 151.0, 'a': 370.0, 'rate_low': 1.0, 'rate_high': 47.5}.[0m
2021-04-21 18:42:52.064237: I tensorflow/compiler/jit/xla_gpu_device.cc:99] Not creating XLA devices, tf_xla_enable_xla_devices not set
maxFreq at 10nA: 112.0
2021-04-21 18:43:12.323765: I tensorflow/compiler/jit/xla_gpu_device.cc:99] Not creating XLA devices, tf_xla_enable_xla_devices not set
2021-04-21 18:43:21.384468: I tensorflow/compiler/jit/xla_gpu_device.cc:99] Not creating XLA devices, tf_xla_enable_xla_devices not set
mse and spike frequency: 0.00084 13.3
[32m[I 2021-04-21 18:43:28,723][0m Trial 27 finished with values: [0.00084, 13.3] with parameters: {'Vahp': -51.0, 'Vth': -43.0, 'Vmax': 13.5, 't_ref': 8.0, 'R': 0.7000000000000001, 'tau_m': 374.0, 'R_adp': 0.9, 'tau_w': 39.5, 'a': 406.0, 'rate_low': 40.5, 'rate_high': 41.0}.[0m
2021-04-21 18:43:29.129860: I tensorflow/compiler/jit/xla_gpu_device.cc:99] Not creating XLA devices, tf_xla_enable_xla_devices not set
maxFreq at 10nA: 237.0
2021-04-21 18:43:49.258353: I tensorflow/compiler/jit/xla_gpu_device.cc:99] Not creating XLA devices, tf_xla_enable_xla_devices not set
2021-04-21 18:43:58.683159: I tensorflow/compiler/jit/xla_gpu_device.cc:99] Not creating XLA devices, tf_xla_enable_xla_devices not set
mse and spike frequency: 0.96511 5.1
[32m[I 2021-04-21 18:44:06,359][0m Trial 28 finished with values: [0.96511, 5.1] with parameters: {'Vahp': -53.5, 'Vth': -44.5, 'Vmax': 15.0, 't_ref': 1.0, 'R': 0.9, 'tau_m': 106.5, 'R_adp': 0.9, 'tau_w': 117.5, 'a': 371.5, 'rate_low': 13.0, 'rate_high': 38.5}.[0m
2021-04-21 18:44:06.763397: I tensorflow/compiler/jit/xla_gpu_device.cc:99] Not creating XLA devices, tf_xla_enable_xla_devices not set
maxFreq at 10nA: 1000.0
2021-04-21 18:44:27.027211: I tensorflow/compiler/jit/xla_gpu_device.cc:99] Not creating XLA devices, tf_xla_enable_xla_devices not set
2021-04-21 18:44:36.759377: I tensorflow/compiler/jit/xla_gpu_device.cc:99] Not creating XLA devices, tf_xla_enable_xla_devices not set
mse and spike frequency: 0.11775 0.0
[32m[I 2021-04-21 18:44:44,634][0m Trial 29 finished with values: [0.11775, 0.0] with parameters: {'Vahp': -31.0, 'Vth': -44.0, 'Vmax': 14.0, 't_ref': 12.5, 'R': 0.8, 'tau_m': 102.0, 'R_adp': 0.9, 'tau_w': 311.5, 'a': 67.5, 'rate_low': 32.5, 'rate_high': 45.0}.[0m
2021-04-21 18:44:45.008940: I tensorflow/compiler/jit/xla_gpu_device.cc:99] Not creating XLA devices, tf_xla_enable_xla_devices not set
maxFreq at 10nA: 100.0
2021-04-21 18:45:05.692127: I tensorflow/compiler/jit/xla_gpu_device.cc:99] Not creating XLA devices, tf_xla_enable_xla_devices not set
2021-04-21 18:45:15.513203: I tensorflow/compiler/jit/xla_gpu_device.cc:99] Not creating XLA devices, tf_xla_enable_xla_devices not set
mse and spike frequency: 0.00059 16.61
[32m[I 2021-04-21 18:45:23,014][0m Trial 30 finished with values: [0.00059, 16.61] with parameters: {'Vahp': -57.0, 'Vth': -54.0, 'Vmax': 12.5, 't_ref': 8.5, 'R': 0.4, 'tau_m': 461.5, 'R_adp': 0.30000000000000004, 'tau_w': 20.5, 'a': 406.5, 'rate_low': 21.5, 'rate_high': 23.5}.[0m
2021-04-21 18:45:23.428065: I tensorflow/compiler/jit/xla_gpu_device.cc:99] Not creating XLA devices, tf_xla_enable_xla_devices not set
maxFreq at 10nA: 56.0
2021-04-21 18:45:44.152429: I tensorflow/compiler/jit/xla_gpu_device.cc:99] Not creating XLA devices, tf_xla_enable_xla_devices not set
2021-04-21 18:45:53.678057: I tensorflow/compiler/jit/xla_gpu_device.cc:99] Not creating XLA devices, tf_xla_enable_xla_devices not set
mse and spike frequency: 5.00213 6.44
[32m[I 2021-04-21 18:46:01,181][0m Trial 31 finished with values: [5.00213, 6.44] with parameters: {'Vahp': -35.0, 'Vth': -25.5, 'Vmax': 15.0, 't_ref': 15.0, 'R': 0.4, 'tau_m': 496.0, 'R_adp': 0.6, 'tau_w': 443.5, 'a': 211.0, 'rate_low': 36.5, 'rate_high': 42.0}.[0m
2021-04-21 18:46:01.560711: I tensorflow/compiler/jit/xla_gpu_device.cc:99] Not creating XLA devices, tf_xla_enable_xla_devices not set
maxFreq at 10nA: 8.0
2021-04-21 18:46:22.435191: I tensorflow/compiler/jit/xla_gpu_device.cc:99] Not creating XLA devices, tf_xla_enable_xla_devices not set
2021-04-21 18:46:31.836152: I tensorflow/compiler/jit/xla_gpu_device.cc:99] Not creating XLA devices, tf_xla_enable_xla_devices not set
mse and spike frequency: 0.11057 0.42
[32m[I 2021-04-21 18:46:39,652][0m Trial 32 finished with values: [0.11057, 0.42] with parameters: {'Vahp': -55.0, 'Vth': -54.0, 'Vmax': 26.0, 't_ref': 8.0, 'R': 0.1, 'tau_m': 141.0, 'R_adp': 1.0, 'tau_w': 407.0, 'a': 485.0, 'rate_low': 5.5, 'rate_high': 38.0}.[0m
2021-04-21 18:46:40.055483: I tensorflow/compiler/jit/xla_gpu_device.cc:99] Not creating XLA devices, tf_xla_enable_xla_devices not set
maxFreq at 10nA: 126.0
2021-04-21 18:47:01.034203: I tensorflow/compiler/jit/xla_gpu_device.cc:99] Not creating XLA devices, tf_xla_enable_xla_devices not set
2021-04-21 18:47:10.525352: I tensorflow/compiler/jit/xla_gpu_device.cc:99] Not creating XLA devices, tf_xla_enable_xla_devices not set
mse and spike frequency: 50.90978 18.25
[32m[I 2021-04-21 18:47:18,429][0m Trial 33 finished with values: [50.90978, 18.25] with parameters: {'Vahp': -40.0, 'Vth': -34.5, 'Vmax': 18.0, 't_ref': 3.0, 'R': 0.1, 'tau_m': 176.0, 'R_adp': 0.5, 'tau_w': 265.0, 'a': 56.5, 'rate_low': 36.5, 'rate_high': 45.0}.[0m
2021-04-21 18:47:18.881256: I tensorflow/compiler/jit/xla_gpu_device.cc:99] Not creating XLA devices, tf_xla_enable_xla_devices not set
maxFreq at 10nA: 1000.0
2021-04-21 18:47:40.327008: I tensorflow/compiler/jit/xla_gpu_device.cc:99] Not creating XLA devices, tf_xla_enable_xla_devices not set
2021-04-21 18:47:50.014738: I tensorflow/compiler/jit/xla_gpu_device.cc:99] Not creating XLA devices, tf_xla_enable_xla_devices not set
mse and spike frequency: 0.11775 0.0
[32m[I 2021-04-21 18:47:57,773][0m Trial 34 finished with values: [0.11775, 0.0] with parameters: {'Vahp': -20.0, 'Vth': -53.0, 'Vmax': 25.5, 't_ref': 11.5, 'R': 0.9, 'tau_m': 351.5, 'R_adp': 0.7000000000000001, 'tau_w': 75.0, 'a': 240.0, 'rate_low': 48.0, 'rate_high': 48.5}.[0m
2021-04-21 18:47:58.157466: I tensorflow/compiler/jit/xla_gpu_device.cc:99] Not creating XLA devices, tf_xla_enable_xla_devices not set
maxFreq at 10nA: 1000.0
2021-04-21 18:48:19.556373: I tensorflow/compiler/jit/xla_gpu_device.cc:99] Not creating XLA devices, tf_xla_enable_xla_devices not set
2021-04-21 18:48:29.450188: I tensorflow/compiler/jit/xla_gpu_device.cc:99] Not creating XLA devices, tf_xla_enable_xla_devices not set
mse and spike frequency: 0.11775 0.0
[32m[I 2021-04-21 18:48:37,181][0m Trial 35 finished with values: [0.11775, 0.0] with parameters: {'Vahp': -35.5, 'Vth': -51.5, 'Vmax': 34.5, 't_ref': 13.5, 'R': 0.9, 'tau_m': 213.5, 'R_adp': 0.6, 'tau_w': 63.0, 'a': 307.0, 'rate_low': 49.5, 'rate_high': 49.5}.[0m
2021-04-21 18:48:37.559670: I tensorflow/compiler/jit/xla_gpu_device.cc:99] Not creating XLA devices, tf_xla_enable_xla_devices not set
maxFreq at 10nA: 112.0
2021-04-21 18:48:58.926140: I tensorflow/compiler/jit/xla_gpu_device.cc:99] Not creating XLA devices, tf_xla_enable_xla_devices not set
2021-04-21 18:49:09.114906: I tensorflow/compiler/jit/xla_gpu_device.cc:99] Not creating XLA devices, tf_xla_enable_xla_devices not set
mse and spike frequency: 0.00211 7.03
[32m[I 2021-04-21 18:49:17,061][0m Trial 36 finished with values: [0.00211, 7.03] with parameters: {'Vahp': -55.0, 'Vth': -35.0, 'Vmax': 13.5, 't_ref': 7.5, 'R': 0.9, 'tau_m': 60.0, 'R_adp': 0.9, 'tau_w': 46.5, 'a': 379.5, 'rate_low': 6.5, 'rate_high': 42.5}.[0m
2021-04-21 18:49:17.435259: I tensorflow/compiler/jit/xla_gpu_device.cc:99] Not creating XLA devices, tf_xla_enable_xla_devices not set
maxFreq at 10nA: 143.0
2021-04-21 18:49:38.635549: I tensorflow/compiler/jit/xla_gpu_device.cc:99] Not creating XLA devices, tf_xla_enable_xla_devices not set
2021-04-21 18:49:48.381664: I tensorflow/compiler/jit/xla_gpu_device.cc:99] Not creating XLA devices, tf_xla_enable_xla_devices not set
mse and spike frequency: 83.81409 25.17
[32m[I 2021-04-21 18:49:56,295][0m Trial 37 finished with values: [83.81409, 25.17] with parameters: {'Vahp': -42.5, 'Vth': -30.0, 'Vmax': 13.0, 't_ref': 5.5, 'R': 0.4, 'tau_m': 4.0, 'R_adp': 0.7000000000000001, 'tau_w': 88.0, 'a': 80.0, 'rate_low': 4.0, 'rate_high': 11.0}.[0m
2021-04-21 18:49:56.730056: I tensorflow/compiler/jit/xla_gpu_device.cc:99] Not creating XLA devices, tf_xla_enable_xla_devices not set
maxFreq at 10nA: 68.0
2021-04-21 18:50:18.077948: I tensorflow/compiler/jit/xla_gpu_device.cc:99] Not creating XLA devices, tf_xla_enable_xla_devices not set
2021-04-21 18:50:27.896421: I tensorflow/compiler/jit/xla_gpu_device.cc:99] Not creating XLA devices, tf_xla_enable_xla_devices not set
mse and spike frequency: 2.97947 4.01
[32m[I 2021-04-21 18:50:36,275][0m Trial 38 finished with values: [2.97947, 4.01] with parameters: {'Vahp': -56.0, 'Vth': -39.5, 'Vmax': 25.0, 't_ref': 12.0, 'R': 0.30000000000000004, 'tau_m': 153.0, 'R_adp': 0.7000000000000001, 'tau_w': 180.0, 'a': 266.0, 'rate_low': 24.5, 'rate_high': 25.0}.[0m
2021-04-21 18:50:36.668176: I tensorflow/compiler/jit/xla_gpu_device.cc:99] Not creating XLA devices, tf_xla_enable_xla_devices not set
maxFreq at 10nA: 77.0
2021-04-21 18:50:58.714628: I tensorflow/compiler/jit/xla_gpu_device.cc:99] Not creating XLA devices, tf_xla_enable_xla_devices not set
2021-04-21 18:51:08.421640: I tensorflow/compiler/jit/xla_gpu_device.cc:99] Not creating XLA devices, tf_xla_enable_xla_devices not set
mse and spike frequency: 0.1959 13.23
[32m[I 2021-04-21 18:51:16,571][0m Trial 39 finished with values: [0.1959, 13.23] with parameters: {'Vahp': -57.5, 'Vth': -44.5, 'Vmax': 30.5, 't_ref': 11.5, 'R': 0.9, 'tau_m': 39.5, 'R_adp': 0.1, 'tau_w': 190.0, 'a': 348.0, 'rate_low': 9.5, 'rate_high': 36.5}.[0m
2021-04-21 18:51:16.984318: I tensorflow/compiler/jit/xla_gpu_device.cc:99] Not creating XLA devices, tf_xla_enable_xla_devices not set
maxFreq at 10nA: 1000.0
2021-04-21 18:51:38.734375: I tensorflow/compiler/jit/xla_gpu_device.cc:99] Not creating XLA devices, tf_xla_enable_xla_devices not set
2021-04-21 18:51:48.064430: I tensorflow/compiler/jit/xla_gpu_device.cc:99] Not creating XLA devices, tf_xla_enable_xla_devices not set
mse and spike frequency: 0.11775 0.0
[32m[I 2021-04-21 18:51:56,260][0m Trial 40 finished with values: [0.11775, 0.0] with parameters: {'Vahp': -28.0, 'Vth': -43.0, 'Vmax': 10.0, 't_ref': 18.0, 'R': 1.0, 'tau_m': 81.5, 'R_adp': 0.9, 'tau_w': 279.0, 'a': 66.0, 'rate_low': 6.5, 'rate_high': 32.5}.[0m
2021-04-21 18:51:56.681919: I tensorflow/compiler/jit/xla_gpu_device.cc:99] Not creating XLA devices, tf_xla_enable_xla_devices not set
maxFreq at 10nA: 1000.0
2021-04-21 18:52:18.959814: I tensorflow/compiler/jit/xla_gpu_device.cc:99] Not creating XLA devices, tf_xla_enable_xla_devices not set
2021-04-21 18:52:28.442971: I tensorflow/compiler/jit/xla_gpu_device.cc:99] Not creating XLA devices, tf_xla_enable_xla_devices not set
mse and spike frequency: 0.11771 1000.1
[32m[I 2021-04-21 18:52:36,497][0m Trial 41 finished with values: [0.11771, 1000.1] with parameters: {'Vahp': -38.5, 'Vth': -59.0, 'Vmax': 39.5, 't_ref': 3.5, 'R': 0.1, 'tau_m': 459.0, 'R_adp': 0.9, 'tau_w': 241.5, 'a': 268.0, 'rate_low': 6.0, 'rate_high': 41.5}.[0m
2021-04-21 18:52:36.888197: I tensorflow/compiler/jit/xla_gpu_device.cc:99] Not creating XLA devices, tf_xla_enable_xla_devices not set
maxFreq at 10nA: 77.0
2021-04-21 18:52:58.794003: I tensorflow/compiler/jit/xla_gpu_device.cc:99] Not creating XLA devices, tf_xla_enable_xla_devices not set
2021-04-21 18:53:08.512948: I tensorflow/compiler/jit/xla_gpu_device.cc:99] Not creating XLA devices, tf_xla_enable_xla_devices not set
mse and spike frequency: 0.00147 12.38
[32m[I 2021-04-21 18:53:16,967][0m Trial 42 finished with values: [0.00147, 12.38] with parameters: {'Vahp': -49.5, 'Vth': -21.5, 'Vmax': 16.5, 't_ref': 12.0, 'R': 1.0, 'tau_m': 318.0, 'R_adp': 0.9, 'tau_w': 167.0, 'a': 83.0, 'rate_low': 34.5, 'rate_high': 48.5}.[0m
2021-04-21 18:53:17.417078: I tensorflow/compiler/jit/xla_gpu_device.cc:99] Not creating XLA devices, tf_xla_enable_xla_devices not set
maxFreq at 10nA: 999.0
2021-04-21 18:53:39.838411: I tensorflow/compiler/jit/xla_gpu_device.cc:99] Not creating XLA devices, tf_xla_enable_xla_devices not set
2021-04-21 18:53:49.572389: I tensorflow/compiler/jit/xla_gpu_device.cc:99] Not creating XLA devices, tf_xla_enable_xla_devices not set
mse and spike frequency: 0.11775 0.0
[32m[I 2021-04-21 18:53:57,858][0m Trial 43 finished with values: [0.11775, 0.0] with parameters: {'Vahp': -40.5, 'Vth': -51.0, 'Vmax': 10.0, 't_ref': 13.0, 'R': 0.2, 'tau_m': 475.0, 'R_adp': 0.6, 'tau_w': 328.5, 'a': 284.0, 'rate_low': 3.5, 'rate_high': 25.5}.[0m
2021-04-21 18:53:58.252942: I tensorflow/compiler/jit/xla_gpu_device.cc:99] Not creating XLA devices, tf_xla_enable_xla_devices not set
maxFreq at 10nA: 1000.0
2021-04-21 18:54:20.826125: I tensorflow/compiler/jit/xla_gpu_device.cc:99] Not creating XLA devices, tf_xla_enable_xla_devices not set
2021-04-21 18:54:30.558293: I tensorflow/compiler/jit/xla_gpu_device.cc:99] Not creating XLA devices, tf_xla_enable_xla_devices not set
mse and spike frequency: 0.11775 0.0
[32m[I 2021-04-21 18:54:39,182][0m Trial 44 finished with values: [0.11775, 0.0] with parameters: {'Vahp': -32.5, 'Vth': -42.5, 'Vmax': 30.0, 't_ref': 1.0, 'R': 0.8, 'tau_m': 481.0, 'R_adp': 0.4, 'tau_w': 168.0, 'a': 246.5, 'rate_low': 20.5, 'rate_high': 32.0}.[0m
2021-04-21 18:54:39.615343: I tensorflow/compiler/jit/xla_gpu_device.cc:99] Not creating XLA devices, tf_xla_enable_xla_devices not set
maxFreq at 10nA: 100.0
2021-04-21 18:55:02.540900: I tensorflow/compiler/jit/xla_gpu_device.cc:99] Not creating XLA devices, tf_xla_enable_xla_devices not set
2021-04-21 18:55:12.464129: I tensorflow/compiler/jit/xla_gpu_device.cc:99] Not creating XLA devices, tf_xla_enable_xla_devices not set
mse and spike frequency: 1.95947 12.45
[32m[I 2021-04-21 18:55:21,227][0m Trial 45 finished with values: [1.95947, 12.45] with parameters: {'Vahp': -41.5, 'Vth': -29.0, 'Vmax': 27.5, 't_ref': 9.0, 'R': 0.8, 'tau_m': 261.5, 'R_adp': 0.30000000000000004, 'tau_w': 363.5, 'a': 269.0, 'rate_low': 23.0, 'rate_high': 38.0}.[0m
2021-04-21 18:55:21.640248: I tensorflow/compiler/jit/xla_gpu_device.cc:99] Not creating XLA devices, tf_xla_enable_xla_devices not set
maxFreq at 10nA: 1000.0
2021-04-21 18:55:44.064148: I tensorflow/compiler/jit/xla_gpu_device.cc:99] Not creating XLA devices, tf_xla_enable_xla_devices not set
2021-04-21 18:55:54.005733: I tensorflow/compiler/jit/xla_gpu_device.cc:99] Not creating XLA devices, tf_xla_enable_xla_devices not set
mse and spike frequency: 0.11775 0.0
[32m[I 2021-04-21 18:56:02,595][0m Trial 46 finished with values: [0.11775, 0.0] with parameters: {'Vahp': -31.5, 'Vth': -34.0, 'Vmax': 20.0, 't_ref': 8.5, 'R': 0.9, 'tau_m': 16.0, 'R_adp': 0.8, 'tau_w': 137.5, 'a': 6.5, 'rate_low': 13.0, 'rate_high': 42.0}.[0m
2021-04-21 18:56:03.006431: I tensorflow/compiler/jit/xla_gpu_device.cc:99] Not creating XLA devices, tf_xla_enable_xla_devices not set
maxFreq at 10nA: 53.0
2021-04-21 18:56:25.489653: I tensorflow/compiler/jit/xla_gpu_device.cc:99] Not creating XLA devices, tf_xla_enable_xla_devices not set
2021-04-21 18:56:35.390298: I tensorflow/compiler/jit/xla_gpu_device.cc:99] Not creating XLA devices, tf_xla_enable_xla_devices not set
mse and spike frequency: 2.26597 7.08
[32m[I 2021-04-21 18:56:44,469][0m Trial 47 finished with values: [2.26597, 7.08] with parameters: {'Vahp': -41.0, 'Vth': -22.0, 'Vmax': 20.0, 't_ref': 18.0, 'R': 0.6, 'tau_m': 193.0, 'R_adp': 0.7000000000000001, 'tau_w': 278.0, 'a': 217.5, 'rate_low': 25.5, 'rate_high': 43.5}.[0m
2021-04-21 18:56:44.898654: I tensorflow/compiler/jit/xla_gpu_device.cc:99] Not creating XLA devices, tf_xla_enable_xla_devices not set
maxFreq at 10nA: 500.0
2021-04-21 18:57:07.870942: I tensorflow/compiler/jit/xla_gpu_device.cc:99] Not creating XLA devices, tf_xla_enable_xla_devices not set
2021-04-21 18:57:18.053992: I tensorflow/compiler/jit/xla_gpu_device.cc:99] Not creating XLA devices, tf_xla_enable_xla_devices not set
mse and spike frequency: 0.45181 29.66
[32m[I 2021-04-21 18:57:27,479][0m Trial 48 finished with values: [0.45181, 29.66] with parameters: {'Vahp': -39.0, 'Vth': -34.5, 'Vmax': 39.0, 't_ref': 0.5, 'R': 0.6, 'tau_m': 487.0, 'R_adp': 0.1, 'tau_w': 276.0, 'a': 163.0, 'rate_low': 32.0, 'rate_high': 43.0}.[0m
2021-04-21 18:57:27.911923: I tensorflow/compiler/jit/xla_gpu_device.cc:99] Not creating XLA devices, tf_xla_enable_xla_devices not set
maxFreq at 10nA: 1000.0
2021-04-21 18:57:50.352438: I tensorflow/compiler/jit/xla_gpu_device.cc:99] Not creating XLA devices, tf_xla_enable_xla_devices not set
2021-04-21 18:58:00.763145: I tensorflow/compiler/jit/xla_gpu_device.cc:99] Not creating XLA devices, tf_xla_enable_xla_devices not set
mse and spike frequency: 0.11771 1000.1
[32m[I 2021-04-21 18:58:10,160][0m Trial 49 finished with values: [0.11771, 1000.1] with parameters: {'Vahp': -30.0, 'Vth': -59.5, 'Vmax': 37.0, 't_ref': 9.5, 'R': 1.0, 'tau_m': 79.5, 'R_adp': 1.0, 'tau_w': 326.0, 'a': 410.0, 'rate_low': 42.0, 'rate_high': 49.0}.[0m
2021-04-21 18:58:10.603730: I tensorflow/compiler/jit/xla_gpu_device.cc:99] Not creating XLA devices, tf_xla_enable_xla_devices not set
maxFreq at 10nA: 1000.0
2021-04-21 18:58:33.301757: I tensorflow/compiler/jit/xla_gpu_device.cc:99] Not creating XLA devices, tf_xla_enable_xla_devices not set
2021-04-21 18:58:43.759481: I tensorflow/compiler/jit/xla_gpu_device.cc:99] Not creating XLA devices, tf_xla_enable_xla_devices not set
mse and spike frequency: 0.11775 0.0
[32m[I 2021-04-21 18:58:54,152][0m Trial 50 finished with values: [0.11775, 0.0] with parameters: {'Vahp': -28.5, 'Vth': -37.0, 'Vmax': 32.5, 't_ref': 15.5, 'R': 1.0, 'tau_m': 74.5, 'R_adp': 0.30000000000000004, 'tau_w': 424.5, 'a': 135.0, 'rate_low': 43.5, 'rate_high': 23.0}.[0m
2021-04-21 18:58:54.619173: I tensorflow/compiler/jit/xla_gpu_device.cc:99] Not creating XLA devices, tf_xla_enable_xla_devices not set
maxFreq at 10nA: 1000.0
2021-04-21 18:59:17.685969: I tensorflow/compiler/jit/xla_gpu_device.cc:99] Not creating XLA devices, tf_xla_enable_xla_devices not set
2021-04-21 18:59:28.280206: I tensorflow/compiler/jit/xla_gpu_device.cc:99] Not creating XLA devices, tf_xla_enable_xla_devices not set
mse and spike frequency: 0.11775 0.0
[32m[I 2021-04-21 18:59:38,958][0m Trial 51 finished with values: [0.11775, 0.0] with parameters: {'Vahp': -30.5, 'Vth': -42.5, 'Vmax': 16.0, 't_ref': 17.0, 'R': 0.9, 'tau_m': 437.0, 'R_adp': 0.7000000000000001, 'tau_w': 229.0, 'a': 105.0, 'rate_low': 8.5, 'rate_high': 15.5}.[0m
2021-04-21 18:59:39.458671: I tensorflow/compiler/jit/xla_gpu_device.cc:99] Not creating XLA devices, tf_xla_enable_xla_devices not set
maxFreq at 10nA: 68.0
2021-04-21 19:00:03.380421: I tensorflow/compiler/jit/xla_gpu_device.cc:99] Not creating XLA devices, tf_xla_enable_xla_devices not set
2021-04-21 19:00:13.717971: I tensorflow/compiler/jit/xla_gpu_device.cc:99] Not creating XLA devices, tf_xla_enable_xla_devices not set
mse and spike frequency: 0.81282 9.67
[32m[I 2021-04-21 19:00:24,530][0m Trial 52 finished with values: [0.81282, 9.67] with parameters: {'Vahp': -52.0, 'Vth': -22.5, 'Vmax': 25.5, 't_ref': 13.0, 'R': 0.9, 'tau_m': 225.0, 'R_adp': 0.8, 'tau_w': 218.5, 'a': 271.0, 'rate_low': 48.0, 'rate_high': 49.0}.[0m
2021-04-21 19:00:25.149181: I tensorflow/compiler/jit/xla_gpu_device.cc:99] Not creating XLA devices, tf_xla_enable_xla_devices not set
maxFreq at 10nA: 67.0
2021-04-21 19:00:48.541597: I tensorflow/compiler/jit/xla_gpu_device.cc:99] Not creating XLA devices, tf_xla_enable_xla_devices not set
2021-04-21 19:00:59.203964: I tensorflow/compiler/jit/xla_gpu_device.cc:99] Not creating XLA devices, tf_xla_enable_xla_devices not set
mse and spike frequency: 0.00301 17.21
[32m[I 2021-04-21 19:01:10,586][0m Trial 53 finished with values: [0.00301, 17.21] with parameters: {'Vahp': -35.5, 'Vth': -31.0, 'Vmax': 20.5, 't_ref': 13.5, 'R': 0.5, 'tau_m': 213.5, 'R_adp': 0.30000000000000004, 'tau_w': 101.5, 'a': 307.0, 'rate_low': 49.5, 'rate_high': 49.5}.[0m
2021-04-21 19:01:11.172950: I tensorflow/compiler/jit/xla_gpu_device.cc:99] Not creating XLA devices, tf_xla_enable_xla_devices not set
maxFreq at 10nA: 1000.0
2021-04-21 19:01:34.193431: I tensorflow/compiler/jit/xla_gpu_device.cc:99] Not creating XLA devices, tf_xla_enable_xla_devices not set
2021-04-21 19:01:45.111692: I tensorflow/compiler/jit/xla_gpu_device.cc:99] Not creating XLA devices, tf_xla_enable_xla_devices not set
mse and spike frequency: 0.11775 0.0
[32m[I 2021-04-21 19:01:56,217][0m Trial 54 finished with values: [0.11775, 0.0] with parameters: {'Vahp': -28.0, 'Vth': -31.5, 'Vmax': 16.5, 't_ref': 18.0, 'R': 1.0, 'tau_m': 81.5, 'R_adp': 0.9, 'tau_w': 279.0, 'a': 83.0, 'rate_low': 34.5, 'rate_high': 32.5}.[0m
2021-04-21 19:01:56.872026: I tensorflow/compiler/jit/xla_gpu_device.cc:99] Not creating XLA devices, tf_xla_enable_xla_devices not set
maxFreq at 10nA: 999.0
2021-04-21 19:02:19.900308: I tensorflow/compiler/jit/xla_gpu_device.cc:99] Not creating XLA devices, tf_xla_enable_xla_devices not set
2021-04-21 19:02:31.055063: I tensorflow/compiler/jit/xla_gpu_device.cc:99] Not creating XLA devices, tf_xla_enable_xla_devices not set
mse and spike frequency: 0.11775 0.0
