[32m[I 2021-04-21 21:32:26,402][0m Trial 182 finished with values: [0.11775, 0.0] with parameters: {'Vahp': -29.0, 'Vth': -39.0, 'Vmax': 24.5, 't_ref': 5.5, 'R': 0.7000000000000001, 'tau_m': 325.5, 'rate_low': 50.0, 'rate_high': 50.0}.[0m
2021-04-21 21:32:27.332380: I tensorflow/compiler/jit/xla_gpu_device.cc:99] Not creating XLA devices, tf_xla_enable_xla_devices not set
maxFreq at 10nA: 997.0
2021-04-21 21:33:05.189339: I tensorflow/compiler/jit/xla_gpu_device.cc:99] Not creating XLA devices, tf_xla_enable_xla_devices not set
2021-04-21 21:33:33.941383: I tensorflow/compiler/jit/xla_gpu_device.cc:99] Not creating XLA devices, tf_xla_enable_xla_devices not set
mse and spike frequency: 0.11775 0.0
[32m[I 2021-04-21 21:34:02,016][0m Trial 183 finished with values: [0.11775, 0.0] with parameters: {'Vahp': -23.0, 'Vth': -45.5, 'Vmax': 15.0, 't_ref': 5.5, 'R': 0.2, 'tau_m': 492.0, 'rate_low': 50.0, 'rate_high': 50.0}.[0m
2021-04-21 21:34:02.939698: I tensorflow/compiler/jit/xla_gpu_device.cc:99] Not creating XLA devices, tf_xla_enable_xla_devices not set
maxFreq at 10nA: 999.0
2021-04-21 21:34:41.217449: I tensorflow/compiler/jit/xla_gpu_device.cc:99] Not creating XLA devices, tf_xla_enable_xla_devices not set
2021-04-21 21:35:10.577505: I tensorflow/compiler/jit/xla_gpu_device.cc:99] Not creating XLA devices, tf_xla_enable_xla_devices not set
mse and spike frequency: 0.11775 0.0
[32m[I 2021-04-21 21:35:38,271][0m Trial 184 finished with values: [0.11775, 0.0] with parameters: {'Vahp': -24.0, 'Vth': -42.5, 'Vmax': 26.0, 't_ref': 15.5, 'R': 0.5, 'tau_m': 427.5, 'rate_low': 31.5, 'rate_high': 17.5}.[0m
2021-04-21 21:35:39.228555: I tensorflow/compiler/jit/xla_gpu_device.cc:99] Not creating XLA devices, tf_xla_enable_xla_devices not set
maxFreq at 10nA: 999.0
2021-04-21 21:36:17.564582: I tensorflow/compiler/jit/xla_gpu_device.cc:99] Not creating XLA devices, tf_xla_enable_xla_devices not set
2021-04-21 21:36:46.919124: I tensorflow/compiler/jit/xla_gpu_device.cc:99] Not creating XLA devices, tf_xla_enable_xla_devices not set
mse and spike frequency: 0.11775 0.0
[32m[I 2021-04-21 21:37:15,277][0m Trial 185 finished with values: [0.11775, 0.0] with parameters: {'Vahp': -36.0, 'Vth': -37.5, 'Vmax': 35.0, 't_ref': 14.0, 'R': 0.5, 'tau_m': 278.5, 'rate_low': 4.5, 'rate_high': 37.5}.[0m
2021-04-21 21:37:16.201026: I tensorflow/compiler/jit/xla_gpu_device.cc:99] Not creating XLA devices, tf_xla_enable_xla_devices not set
maxFreq at 10nA: 111.0
2021-04-21 21:37:54.596332: I tensorflow/compiler/jit/xla_gpu_device.cc:99] Not creating XLA devices, tf_xla_enable_xla_devices not set
2021-04-21 21:38:23.485460: I tensorflow/compiler/jit/xla_gpu_device.cc:99] Not creating XLA devices, tf_xla_enable_xla_devices not set
mse and spike frequency: 0.00339 2.02
[32m[I 2021-04-21 21:38:51,207][0m Trial 186 finished with values: [0.00339, 2.02] with parameters: {'Vahp': -44.0, 'Vth': -29.0, 'Vmax': 24.5, 't_ref': 7.0, 'R': 0.5, 'tau_m': 420.5, 'rate_low': 4.5, 'rate_high': 21.5}.[0m
2021-04-21 21:38:52.009628: I tensorflow/compiler/jit/xla_gpu_device.cc:99] Not creating XLA devices, tf_xla_enable_xla_devices not set
maxFreq at 10nA: 1000.0
2021-04-21 21:39:31.013179: I tensorflow/compiler/jit/xla_gpu_device.cc:99] Not creating XLA devices, tf_xla_enable_xla_devices not set
2021-04-21 21:39:59.791063: I tensorflow/compiler/jit/xla_gpu_device.cc:99] Not creating XLA devices, tf_xla_enable_xla_devices not set
mse and spike frequency: 0.11775 0.0
[32m[I 2021-04-21 21:40:27,844][0m Trial 187 finished with values: [0.11775, 0.0] with parameters: {'Vahp': -40.0, 'Vth': -50.5, 'Vmax': 39.0, 't_ref': 20.0, 'R': 0.2, 'tau_m': 236.5, 'rate_low': 25.0, 'rate_high': 50.0}.[0m
2021-04-21 21:40:28.662614: I tensorflow/compiler/jit/xla_gpu_device.cc:99] Not creating XLA devices, tf_xla_enable_xla_devices not set
maxFreq at 10nA: 59.0
2021-04-21 21:41:07.819076: I tensorflow/compiler/jit/xla_gpu_device.cc:99] Not creating XLA devices, tf_xla_enable_xla_devices not set
2021-04-21 21:41:36.523764: I tensorflow/compiler/jit/xla_gpu_device.cc:99] Not creating XLA devices, tf_xla_enable_xla_devices not set
mse and spike frequency: 0.00151 5.03
[32m[I 2021-04-21 21:42:05,318][0m Trial 188 finished with values: [0.00151, 5.03] with parameters: {'Vahp': -31.0, 'Vth': -29.0, 'Vmax': 34.5, 't_ref': 16.0, 'R': 0.1, 'tau_m': 184.5, 'rate_low': 17.0, 'rate_high': 26.0}.[0m
2021-04-21 21:42:06.203613: I tensorflow/compiler/jit/xla_gpu_device.cc:99] Not creating XLA devices, tf_xla_enable_xla_devices not set
maxFreq at 10nA: 72.0
2021-04-21 21:42:45.724954: I tensorflow/compiler/jit/xla_gpu_device.cc:99] Not creating XLA devices, tf_xla_enable_xla_devices not set
2021-04-21 21:43:14.433595: I tensorflow/compiler/jit/xla_gpu_device.cc:99] Not creating XLA devices, tf_xla_enable_xla_devices not set
mse and spike frequency: 0.00297 2.24
[32m[I 2021-04-21 21:43:42,934][0m Trial 189 finished with values: [0.00297, 2.24] with parameters: {'Vahp': -41.0, 'Vth': -21.0, 'Vmax': 27.5, 't_ref': 12.0, 'R': 0.5, 'tau_m': 278.5, 'rate_low': 4.5, 'rate_high': 25.0}.[0m
2021-04-21 21:43:43.723647: I tensorflow/compiler/jit/xla_gpu_device.cc:99] Not creating XLA devices, tf_xla_enable_xla_devices not set
maxFreq at 10nA: 500.0
2021-04-21 21:44:22.981907: I tensorflow/compiler/jit/xla_gpu_device.cc:99] Not creating XLA devices, tf_xla_enable_xla_devices not set
2021-04-21 21:44:51.236271: I tensorflow/compiler/jit/xla_gpu_device.cc:99] Not creating XLA devices, tf_xla_enable_xla_devices not set
mse and spike frequency: 0.00019 34.58
[32m[I 2021-04-21 21:45:19,031][0m Trial 190 finished with values: [0.00019, 34.58] with parameters: {'Vahp': -44.0, 'Vth': -29.0, 'Vmax': 16.5, 't_ref': 1.0, 'R': 0.5, 'tau_m': 278.5, 'rate_low': 42.5, 'rate_high': 50.0}.[0m
2021-04-21 21:45:19.916134: I tensorflow/compiler/jit/xla_gpu_device.cc:99] Not creating XLA devices, tf_xla_enable_xla_devices not set
maxFreq at 10nA: 1000.0
2021-04-21 21:45:59.441117: I tensorflow/compiler/jit/xla_gpu_device.cc:99] Not creating XLA devices, tf_xla_enable_xla_devices not set
2021-04-21 21:46:28.656238: I tensorflow/compiler/jit/xla_gpu_device.cc:99] Not creating XLA devices, tf_xla_enable_xla_devices not set
mse and spike frequency: 0.11775 0.0
[32m[I 2021-04-21 21:46:57,215][0m Trial 191 finished with values: [0.11775, 0.0] with parameters: {'Vahp': -52.5, 'Vth': -57.0, 'Vmax': 27.5, 't_ref': 8.0, 'R': 0.2, 'tau_m': 232.5, 'rate_low': 15.5, 'rate_high': 34.0}.[0m
2021-04-21 21:46:58.008897: I tensorflow/compiler/jit/xla_gpu_device.cc:99] Not creating XLA devices, tf_xla_enable_xla_devices not set
maxFreq at 10nA: 1000.0
2021-04-21 21:47:38.128051: I tensorflow/compiler/jit/xla_gpu_device.cc:99] Not creating XLA devices, tf_xla_enable_xla_devices not set
2021-04-21 21:48:07.470332: I tensorflow/compiler/jit/xla_gpu_device.cc:99] Not creating XLA devices, tf_xla_enable_xla_devices not set
mse and spike frequency: 0.11775 0.0
[32m[I 2021-04-21 21:48:36,349][0m Trial 192 finished with values: [0.11775, 0.0] with parameters: {'Vahp': -53.0, 'Vth': -57.0, 'Vmax': 29.0, 't_ref': 18.0, 'R': 0.5, 'tau_m': 88.0, 'rate_low': 3.0, 'rate_high': 50.0}.[0m
2021-04-21 21:48:37.130754: I tensorflow/compiler/jit/xla_gpu_device.cc:99] Not creating XLA devices, tf_xla_enable_xla_devices not set
maxFreq at 10nA: 500.0
2021-04-21 21:49:18.079164: I tensorflow/compiler/jit/xla_gpu_device.cc:99] Not creating XLA devices, tf_xla_enable_xla_devices not set
2021-04-21 21:49:48.179687: I tensorflow/compiler/jit/xla_gpu_device.cc:99] Not creating XLA devices, tf_xla_enable_xla_devices not set
mse and spike frequency: 0.00032 18.21
[32m[I 2021-04-21 21:50:17,812][0m Trial 193 finished with values: [0.00032, 18.21] with parameters: {'Vahp': -50.5, 'Vth': -42.5, 'Vmax': 24.5, 't_ref': 1.0, 'R': 0.5, 'tau_m': 316.0, 'rate_low': 17.0, 'rate_high': 17.5}.[0m
2021-04-21 21:50:18.604926: I tensorflow/compiler/jit/xla_gpu_device.cc:99] Not creating XLA devices, tf_xla_enable_xla_devices not set
maxFreq at 10nA: 998.0
2021-04-21 21:50:59.138257: I tensorflow/compiler/jit/xla_gpu_device.cc:99] Not creating XLA devices, tf_xla_enable_xla_devices not set
2021-04-21 21:51:29.499119: I tensorflow/compiler/jit/xla_gpu_device.cc:99] Not creating XLA devices, tf_xla_enable_xla_devices not set
mse and spike frequency: 0.11775 0.0
[32m[I 2021-04-21 21:51:59,581][0m Trial 194 finished with values: [0.11775, 0.0] with parameters: {'Vahp': -23.0, 'Vth': -29.0, 'Vmax': 15.0, 't_ref': 7.5, 'R': 0.30000000000000004, 'tau_m': 203.5, 'rate_low': 6.0, 'rate_high': 31.5}.[0m
2021-04-21 21:52:00.478643: I tensorflow/compiler/jit/xla_gpu_device.cc:99] Not creating XLA devices, tf_xla_enable_xla_devices not set
maxFreq at 10nA: 63.0
2021-04-21 21:52:41.021993: I tensorflow/compiler/jit/xla_gpu_device.cc:99] Not creating XLA devices, tf_xla_enable_xla_devices not set
2021-04-21 21:53:11.555851: I tensorflow/compiler/jit/xla_gpu_device.cc:99] Not creating XLA devices, tf_xla_enable_xla_devices not set
mse and spike frequency: 0.00089 11.61
[32m[I 2021-04-21 21:53:41,091][0m Trial 195 finished with values: [0.00089, 11.61] with parameters: {'Vahp': -50.0, 'Vth': -32.0, 'Vmax': 27.5, 't_ref': 14.0, 'R': 0.5, 'tau_m': 462.0, 'rate_low': 41.5, 'rate_high': 41.5}.[0m
2021-04-21 21:53:41.966031: I tensorflow/compiler/jit/xla_gpu_device.cc:99] Not creating XLA devices, tf_xla_enable_xla_devices not set
maxFreq at 10nA: 1000.0
2021-04-21 21:54:22.227258: I tensorflow/compiler/jit/xla_gpu_device.cc:99] Not creating XLA devices, tf_xla_enable_xla_devices not set
2021-04-21 21:54:52.918193: I tensorflow/compiler/jit/xla_gpu_device.cc:99] Not creating XLA devices, tf_xla_enable_xla_devices not set
mse and spike frequency: 0.11775 0.0
[32m[I 2021-04-21 21:55:22,394][0m Trial 196 finished with values: [0.11775, 0.0] with parameters: {'Vahp': -27.0, 'Vth': -29.0, 'Vmax': 31.5, 't_ref': 16.0, 'R': 0.7000000000000001, 'tau_m': 75.5, 'rate_low': 16.5, 'rate_high': 20.5}.[0m
2021-04-21 21:55:23.347077: I tensorflow/compiler/jit/xla_gpu_device.cc:99] Not creating XLA devices, tf_xla_enable_xla_devices not set
maxFreq at 10nA: 50.0
2021-04-21 21:56:03.495060: I tensorflow/compiler/jit/xla_gpu_device.cc:99] Not creating XLA devices, tf_xla_enable_xla_devices not set
2021-04-21 21:56:34.613841: I tensorflow/compiler/jit/xla_gpu_device.cc:99] Not creating XLA devices, tf_xla_enable_xla_devices not set
mse and spike frequency: 0.04531 0.58
[32m[I 2021-04-21 21:57:03,076][0m Trial 197 finished with values: [0.04531, 0.58] with parameters: {'Vahp': -44.0, 'Vth': -21.0, 'Vmax': 24.5, 't_ref': 18.0, 'R': 0.5, 'tau_m': 420.5, 'rate_low': 3.0, 'rate_high': 10.0}.[0m
2021-04-21 21:57:03.950741: I tensorflow/compiler/jit/xla_gpu_device.cc:99] Not creating XLA devices, tf_xla_enable_xla_devices not set
maxFreq at 10nA: 497.0
2021-04-21 21:57:42.996718: I tensorflow/compiler/jit/xla_gpu_device.cc:99] Not creating XLA devices, tf_xla_enable_xla_devices not set
2021-04-21 21:58:12.685162: I tensorflow/compiler/jit/xla_gpu_device.cc:99] Not creating XLA devices, tf_xla_enable_xla_devices not set
mse and spike frequency: 0.00056 5.35
[32m[I 2021-04-21 21:58:41,071][0m Trial 198 finished with values: [0.00056, 5.35] with parameters: {'Vahp': -31.0, 'Vth': -29.0, 'Vmax': 31.0, 't_ref': 1.0, 'R': 0.1, 'tau_m': 203.5, 'rate_low': 15.0, 'rate_high': 43.0}.[0m
2021-04-21 21:58:41.915634: I tensorflow/compiler/jit/xla_gpu_device.cc:99] Not creating XLA devices, tf_xla_enable_xla_devices not set
maxFreq at 10nA: 143.0
2021-04-21 21:59:21.716042: I tensorflow/compiler/jit/xla_gpu_device.cc:99] Not creating XLA devices, tf_xla_enable_xla_devices not set
2021-04-21 21:59:51.316222: I tensorflow/compiler/jit/xla_gpu_device.cc:99] Not creating XLA devices, tf_xla_enable_xla_devices not set
mse and spike frequency: 0.0005 55.88
[32m[I 2021-04-21 22:00:19,525][0m Trial 199 finished with values: [0.0005, 55.88] with parameters: {'Vahp': -51.5, 'Vth': -50.5, 'Vmax': 15.0, 't_ref': 5.5, 'R': 0.4, 'tau_m': 492.0, 'rate_low': 50.0, 'rate_high': 50.0}.[0m
2021-04-21 22:00:20.570344: I tensorflow/compiler/jit/xla_gpu_device.cc:99] Not creating XLA devices, tf_xla_enable_xla_devices not set
maxFreq at 10nA: 1000.0
2021-04-21 22:01:01.382813: I tensorflow/compiler/jit/xla_gpu_device.cc:99] Not creating XLA devices, tf_xla_enable_xla_devices not set
2021-04-21 22:01:31.436814: I tensorflow/compiler/jit/xla_gpu_device.cc:99] Not creating XLA devices, tf_xla_enable_xla_devices not set
mse and spike frequency: 0.11775 0.0
[32m[I 2021-04-21 22:02:00,522][0m Trial 200 finished with values: [0.11775, 0.0] with parameters: {'Vahp': -31.0, 'Vth': -56.0, 'Vmax': 29.5, 't_ref': 18.0, 'R': 0.4, 'tau_m': 316.0, 'rate_low': 3.0, 'rate_high': 10.0}.[0m
2021-04-21 22:02:01.446022: I tensorflow/compiler/jit/xla_gpu_device.cc:99] Not creating XLA devices, tf_xla_enable_xla_devices not set
maxFreq at 10nA: 77.0
2021-04-21 22:02:42.438472: I tensorflow/compiler/jit/xla_gpu_device.cc:99] Not creating XLA devices, tf_xla_enable_xla_devices not set
2021-04-21 22:03:12.708429: I tensorflow/compiler/jit/xla_gpu_device.cc:99] Not creating XLA devices, tf_xla_enable_xla_devices not set
mse and spike frequency: 0.00611 1.31
[32m[I 2021-04-21 22:03:41,985][0m Trial 201 finished with values: [0.00611, 1.31] with parameters: {'Vahp': -41.0, 'Vth': -20.0, 'Vmax': 16.0, 't_ref': 12.0, 'R': 0.2, 'tau_m': 79.0, 'rate_low': 3.0, 'rate_high': 39.0}.[0m
2021-04-21 22:03:42.833225: I tensorflow/compiler/jit/xla_gpu_device.cc:99] Not creating XLA devices, tf_xla_enable_xla_devices not set
maxFreq at 10nA: 111.0
2021-04-21 22:04:23.608212: I tensorflow/compiler/jit/xla_gpu_device.cc:99] Not creating XLA devices, tf_xla_enable_xla_devices not set
2021-04-21 22:04:54.341752: I tensorflow/compiler/jit/xla_gpu_device.cc:99] Not creating XLA devices, tf_xla_enable_xla_devices not set
mse and spike frequency: 0.00058 12.8
[32m[I 2021-04-21 22:05:23,639][0m Trial 202 finished with values: [0.00058, 12.8] with parameters: {'Vahp': -58.0, 'Vth': -29.0, 'Vmax': 28.5, 't_ref': 7.0, 'R': 0.5, 'tau_m': 342.0, 'rate_low': 42.5, 'rate_high': 37.0}.[0m
2021-04-21 22:05:24.513660: I tensorflow/compiler/jit/xla_gpu_device.cc:99] Not creating XLA devices, tf_xla_enable_xla_devices not set
maxFreq at 10nA: 999.0
2021-04-21 22:06:05.371963: I tensorflow/compiler/jit/xla_gpu_device.cc:99] Not creating XLA devices, tf_xla_enable_xla_devices not set
2021-04-21 22:06:36.220210: I tensorflow/compiler/jit/xla_gpu_device.cc:99] Not creating XLA devices, tf_xla_enable_xla_devices not set
mse and spike frequency: 0.11775 0.0
[32m[I 2021-04-21 22:07:06,110][0m Trial 203 finished with values: [0.11775, 0.0] with parameters: {'Vahp': -31.0, 'Vth': -36.0, 'Vmax': 28.5, 't_ref': 11.5, 'R': 0.5, 'tau_m': 442.5, 'rate_low': 3.5, 'rate_high': 10.0}.[0m
2021-04-21 22:07:06.954127: I tensorflow/compiler/jit/xla_gpu_device.cc:99] Not creating XLA devices, tf_xla_enable_xla_devices not set
maxFreq at 10nA: 1000.0
2021-04-21 22:07:48.520523: I tensorflow/compiler/jit/xla_gpu_device.cc:99] Not creating XLA devices, tf_xla_enable_xla_devices not set
2021-04-21 22:08:20.237752: I tensorflow/compiler/jit/xla_gpu_device.cc:99] Not creating XLA devices, tf_xla_enable_xla_devices not set
mse and spike frequency: 0.11775 0.0
[32m[I 2021-04-21 22:08:50,833][0m Trial 204 finished with values: [0.11775, 0.0] with parameters: {'Vahp': -23.0, 'Vth': -27.5, 'Vmax': 35.0, 't_ref': 1.0, 'R': 0.1, 'tau_m': 23.5, 'rate_low': 42.5, 'rate_high': 46.5}.[0m
2021-04-21 22:08:51.661112: I tensorflow/compiler/jit/xla_gpu_device.cc:99] Not creating XLA devices, tf_xla_enable_xla_devices not set
maxFreq at 10nA: 44.0
2021-04-21 22:09:32.988724: I tensorflow/compiler/jit/xla_gpu_device.cc:99] Not creating XLA devices, tf_xla_enable_xla_devices not set
2021-04-21 22:10:04.918321: I tensorflow/compiler/jit/xla_gpu_device.cc:99] Not creating XLA devices, tf_xla_enable_xla_devices not set
mse and spike frequency: 0.00641 1.5
[32m[I 2021-04-21 22:10:35,793][0m Trial 205 finished with values: [0.00641, 1.5] with parameters: {'Vahp': -40.0, 'Vth': -20.0, 'Vmax': 39.0, 't_ref': 20.0, 'R': 0.2, 'tau_m': 236.5, 'rate_low': 3.0, 'rate_high': 50.0}.[0m
2021-04-21 22:10:36.620973: I tensorflow/compiler/jit/xla_gpu_device.cc:99] Not creating XLA devices, tf_xla_enable_xla_devices not set
maxFreq at 10nA: 1000.0
2021-04-21 22:11:17.821648: I tensorflow/compiler/jit/xla_gpu_device.cc:99] Not creating XLA devices, tf_xla_enable_xla_devices not set
2021-04-21 22:11:51.091601: I tensorflow/compiler/jit/xla_gpu_device.cc:99] Not creating XLA devices, tf_xla_enable_xla_devices not set
mse and spike frequency: 0.11775 0.0
[32m[I 2021-04-21 22:12:23,113][0m Trial 206 finished with values: [0.11775, 0.0] with parameters: {'Vahp': -36.0, 'Vth': -51.5, 'Vmax': 27.5, 't_ref': 18.0, 'R': 0.5, 'tau_m': 96.0, 'rate_low': 3.0, 'rate_high': 15.5}.[0m
2021-04-21 22:12:23.942061: I tensorflow/compiler/jit/xla_gpu_device.cc:99] Not creating XLA devices, tf_xla_enable_xla_devices not set
maxFreq at 10nA: 200.0
2021-04-21 22:13:06.075907: I tensorflow/compiler/jit/xla_gpu_device.cc:99] Not creating XLA devices, tf_xla_enable_xla_devices not set
2021-04-21 22:13:39.849664: I tensorflow/compiler/jit/xla_gpu_device.cc:99] Not creating XLA devices, tf_xla_enable_xla_devices not set
mse and spike frequency: 0.00031 28.01
[32m[I 2021-04-21 22:14:11,417][0m Trial 207 finished with values: [0.00031, 28.01] with parameters: {'Vahp': -53.0, 'Vth': -36.0, 'Vmax': 27.5, 't_ref': 3.0, 'R': 0.5, 'tau_m': 342.0, 'rate_low': 50.0, 'rate_high': 50.0}.[0m
2021-04-21 22:14:12.261900: I tensorflow/compiler/jit/xla_gpu_device.cc:99] Not creating XLA devices, tf_xla_enable_xla_devices not set
maxFreq at 10nA: 1000.0
2021-04-21 22:14:54.081065: I tensorflow/compiler/jit/xla_gpu_device.cc:99] Not creating XLA devices, tf_xla_enable_xla_devices not set
2021-04-21 22:15:26.851875: I tensorflow/compiler/jit/xla_gpu_device.cc:99] Not creating XLA devices, tf_xla_enable_xla_devices not set
mse and spike frequency: 0.11775 0.0
[32m[I 2021-04-21 22:15:58,769][0m Trial 208 finished with values: [0.11775, 0.0] with parameters: {'Vahp': -40.0, 'Vth': -52.5, 'Vmax': 12.0, 't_ref': 20.0, 'R': 0.5, 'tau_m': 232.5, 'rate_low': 25.0, 'rate_high': 50.0}.[0m
2021-04-21 22:15:59.626082: I tensorflow/compiler/jit/xla_gpu_device.cc:99] Not creating XLA devices, tf_xla_enable_xla_devices not set
maxFreq at 10nA: 1000.0
2021-04-21 22:16:41.828376: I tensorflow/compiler/jit/xla_gpu_device.cc:99] Not creating XLA devices, tf_xla_enable_xla_devices not set
2021-04-21 22:17:15.171802: I tensorflow/compiler/jit/xla_gpu_device.cc:99] Not creating XLA devices, tf_xla_enable_xla_devices not set
mse and spike frequency: 0.11775 0.0
[32m[I 2021-04-21 22:17:47,948][0m Trial 209 finished with values: [0.11775, 0.0] with parameters: {'Vahp': -50.0, 'Vth': -58.0, 'Vmax': 22.0, 't_ref': 18.0, 'R': 0.5, 'tau_m': 315.5, 'rate_low': 25.0, 'rate_high': 36.0}.[0m
2021-04-21 22:17:48.797143: I tensorflow/compiler/jit/xla_gpu_device.cc:99] Not creating XLA devices, tf_xla_enable_xla_devices not set
maxFreq at 10nA: 999.0
2021-04-21 22:18:31.272920: I tensorflow/compiler/jit/xla_gpu_device.cc:99] Not creating XLA devices, tf_xla_enable_xla_devices not set
2021-04-21 22:19:04.831783: I tensorflow/compiler/jit/xla_gpu_device.cc:99] Not creating XLA devices, tf_xla_enable_xla_devices not set
mse and spike frequency: 0.11775 0.0
[32m[I 2021-04-21 22:19:37,548][0m Trial 210 finished with values: [0.11775, 0.0] with parameters: {'Vahp': -22.0, 'Vth': -24.0, 'Vmax': 26.0, 't_ref': 20.0, 'R': 0.5, 'tau_m': 236.5, 'rate_low': 15.5, 'rate_high': 50.0}.[0m
2021-04-21 22:19:38.370829: I tensorflow/compiler/jit/xla_gpu_device.cc:99] Not creating XLA devices, tf_xla_enable_xla_devices not set
maxFreq at 10nA: 999.0
2021-04-21 22:20:21.103727: I tensorflow/compiler/jit/xla_gpu_device.cc:99] Not creating XLA devices, tf_xla_enable_xla_devices not set
2021-04-21 22:20:54.452866: I tensorflow/compiler/jit/xla_gpu_device.cc:99] Not creating XLA devices, tf_xla_enable_xla_devices not set
mse and spike frequency: 0.11775 0.0
[32m[I 2021-04-21 22:21:27,323][0m Trial 211 finished with values: [0.11775, 0.0] with parameters: {'Vahp': -31.0, 'Vth': -36.0, 'Vmax': 28.5, 't_ref': 3.0, 'R': 0.5, 'tau_m': 278.5, 'rate_low': 3.5, 'rate_high': 17.5}.[0m
2021-04-21 22:21:28.145212: I tensorflow/compiler/jit/xla_gpu_device.cc:99] Not creating XLA devices, tf_xla_enable_xla_devices not set
maxFreq at 10nA: 53.0
2021-04-21 22:22:10.876136: I tensorflow/compiler/jit/xla_gpu_device.cc:99] Not creating XLA devices, tf_xla_enable_xla_devices not set
2021-04-21 22:22:44.870267: I tensorflow/compiler/jit/xla_gpu_device.cc:99] Not creating XLA devices, tf_xla_enable_xla_devices not set
mse and spike frequency: 0.11775 0.03
[32m[I 2021-04-21 22:23:18,409][0m Trial 212 finished with values: [0.11775, 0.03] with parameters: {'Vahp': -54.5, 'Vth': -24.5, 'Vmax': 23.0, 't_ref': 18.0, 'R': 0.5, 'tau_m': 89.0, 'rate_low': 4.5, 'rate_high': 10.0}.[0m
2021-04-21 22:23:19.246376: I tensorflow/compiler/jit/xla_gpu_device.cc:99] Not creating XLA devices, tf_xla_enable_xla_devices not set
maxFreq at 10nA: 100.0
2021-04-21 22:24:02.216155: I tensorflow/compiler/jit/xla_gpu_device.cc:99] Not creating XLA devices, tf_xla_enable_xla_devices not set
2021-04-21 22:24:35.641639: I tensorflow/compiler/jit/xla_gpu_device.cc:99] Not creating XLA devices, tf_xla_enable_xla_devices not set
mse and spike frequency: 0.00058 14.72
