[32m[I 2021-04-21 20:06:12,091][0m Trial 120 finished with values: [0.11775, 0.0] with parameters: {'Vahp': -34.0, 'Vth': -39.5, 'Vmax': 26.0, 't_ref': 16.0, 'R': 0.8, 'tau_m': 254.5, 'rate_low': 28.0, 'rate_high': 50.0}.[0m
2021-04-21 20:06:12.709956: I tensorflow/compiler/jit/xla_gpu_device.cc:99] Not creating XLA devices, tf_xla_enable_xla_devices not set
maxFreq at 10nA: 250.0
2021-04-21 20:06:43.765822: I tensorflow/compiler/jit/xla_gpu_device.cc:99] Not creating XLA devices, tf_xla_enable_xla_devices not set
2021-04-21 20:07:02.346930: I tensorflow/compiler/jit/xla_gpu_device.cc:99] Not creating XLA devices, tf_xla_enable_xla_devices not set
mse and spike frequency: 0.00049 69.18
[32m[I 2021-04-21 20:07:21,112][0m Trial 121 finished with values: [0.00049, 69.18] with parameters: {'Vahp': -32.5, 'Vth': -29.0, 'Vmax': 25.0, 't_ref': 2.5, 'R': 0.8, 'tau_m': 423.5, 'rate_low': 46.0, 'rate_high': 42.5}.[0m
2021-04-21 20:07:21.726143: I tensorflow/compiler/jit/xla_gpu_device.cc:99] Not creating XLA devices, tf_xla_enable_xla_devices not set
maxFreq at 10nA: 1000.0
2021-04-21 20:07:52.846352: I tensorflow/compiler/jit/xla_gpu_device.cc:99] Not creating XLA devices, tf_xla_enable_xla_devices not set
2021-04-21 20:08:11.842519: I tensorflow/compiler/jit/xla_gpu_device.cc:99] Not creating XLA devices, tf_xla_enable_xla_devices not set
mse and spike frequency: 0.11775 0.0
[32m[I 2021-04-21 20:08:30,412][0m Trial 122 finished with values: [0.11775, 0.0] with parameters: {'Vahp': -48.0, 'Vth': -52.0, 'Vmax': 36.0, 't_ref': 13.0, 'R': 0.9, 'tau_m': 368.0, 'rate_low': 43.5, 'rate_high': 24.0}.[0m
2021-04-21 20:08:31.050874: I tensorflow/compiler/jit/xla_gpu_device.cc:99] Not creating XLA devices, tf_xla_enable_xla_devices not set
maxFreq at 10nA: 111.0
2021-04-21 20:09:02.639523: I tensorflow/compiler/jit/xla_gpu_device.cc:99] Not creating XLA devices, tf_xla_enable_xla_devices not set
2021-04-21 20:09:21.772531: I tensorflow/compiler/jit/xla_gpu_device.cc:99] Not creating XLA devices, tf_xla_enable_xla_devices not set
mse and spike frequency: 0.01823 1.02
[32m[I 2021-04-21 20:09:40,749][0m Trial 123 finished with values: [0.01823, 1.02] with parameters: {'Vahp': -58.0, 'Vth': -39.5, 'Vmax': 37.5, 't_ref': 0.5, 'R': 0.1, 'tau_m': 404.0, 'rate_low': 7.5, 'rate_high': 46.0}.[0m
2021-04-21 20:09:41.405516: I tensorflow/compiler/jit/xla_gpu_device.cc:99] Not creating XLA devices, tf_xla_enable_xla_devices not set
maxFreq at 10nA: 333.0
2021-04-21 20:10:13.606300: I tensorflow/compiler/jit/xla_gpu_device.cc:99] Not creating XLA devices, tf_xla_enable_xla_devices not set
2021-04-21 20:10:32.924488: I tensorflow/compiler/jit/xla_gpu_device.cc:99] Not creating XLA devices, tf_xla_enable_xla_devices not set
mse and spike frequency: 0.00063 8.46
[32m[I 2021-04-21 20:10:52,021][0m Trial 124 finished with values: [0.00063, 8.46] with parameters: {'Vahp': -58.0, 'Vth': -53.5, 'Vmax': 27.5, 't_ref': 0.5, 'R': 0.1, 'tau_m': 404.0, 'rate_low': 18.5, 'rate_high': 33.5}.[0m
2021-04-21 20:10:52.630583: I tensorflow/compiler/jit/xla_gpu_device.cc:99] Not creating XLA devices, tf_xla_enable_xla_devices not set
maxFreq at 10nA: 1000.0
2021-04-21 20:11:24.380081: I tensorflow/compiler/jit/xla_gpu_device.cc:99] Not creating XLA devices, tf_xla_enable_xla_devices not set
2021-04-21 20:11:44.191023: I tensorflow/compiler/jit/xla_gpu_device.cc:99] Not creating XLA devices, tf_xla_enable_xla_devices not set
mse and spike frequency: 0.11775 0.0
[32m[I 2021-04-21 20:12:03,841][0m Trial 125 finished with values: [0.11775, 0.0] with parameters: {'Vahp': -32.5, 'Vth': -54.5, 'Vmax': 22.0, 't_ref': 7.5, 'R': 0.8, 'tau_m': 475.5, 'rate_low': 12.0, 'rate_high': 41.0}.[0m
2021-04-21 20:12:04.475246: I tensorflow/compiler/jit/xla_gpu_device.cc:99] Not creating XLA devices, tf_xla_enable_xla_devices not set
maxFreq at 10nA: 999.0
2021-04-21 20:12:36.567300: I tensorflow/compiler/jit/xla_gpu_device.cc:99] Not creating XLA devices, tf_xla_enable_xla_devices not set
2021-04-21 20:12:57.008046: I tensorflow/compiler/jit/xla_gpu_device.cc:99] Not creating XLA devices, tf_xla_enable_xla_devices not set
mse and spike frequency: 0.11775 0.0
[32m[I 2021-04-21 20:13:16,386][0m Trial 126 finished with values: [0.11775, 0.0] with parameters: {'Vahp': -26.0, 'Vth': -28.0, 'Vmax': 25.0, 't_ref': 3.0, 'R': 0.8, 'tau_m': 404.0, 'rate_low': 39.0, 'rate_high': 21.0}.[0m
2021-04-21 20:13:17.004522: I tensorflow/compiler/jit/xla_gpu_device.cc:99] Not creating XLA devices, tf_xla_enable_xla_devices not set
maxFreq at 10nA: 56.0
2021-04-21 20:13:48.875363: I tensorflow/compiler/jit/xla_gpu_device.cc:99] Not creating XLA devices, tf_xla_enable_xla_devices not set
2021-04-21 20:14:09.800798: I tensorflow/compiler/jit/xla_gpu_device.cc:99] Not creating XLA devices, tf_xla_enable_xla_devices not set
mse and spike frequency: 0.00229 22.44
[32m[I 2021-04-21 20:14:30,026][0m Trial 127 finished with values: [0.00229, 22.44] with parameters: {'Vahp': -29.0, 'Vth': -29.0, 'Vmax': 25.0, 't_ref': 17.0, 'R': 0.1, 'tau_m': 162.5, 'rate_low': 46.0, 'rate_high': 38.0}.[0m
2021-04-21 20:14:30.683201: I tensorflow/compiler/jit/xla_gpu_device.cc:99] Not creating XLA devices, tf_xla_enable_xla_devices not set
maxFreq at 10nA: 1000.0
2021-04-21 20:15:02.433292: I tensorflow/compiler/jit/xla_gpu_device.cc:99] Not creating XLA devices, tf_xla_enable_xla_devices not set
2021-04-21 20:15:23.699425: I tensorflow/compiler/jit/xla_gpu_device.cc:99] Not creating XLA devices, tf_xla_enable_xla_devices not set
mse and spike frequency: 0.11775 0.0
[32m[I 2021-04-21 20:15:43,821][0m Trial 128 finished with values: [0.11775, 0.0] with parameters: {'Vahp': -28.0, 'Vth': -54.5, 'Vmax': 25.0, 't_ref': 11.0, 'R': 0.2, 'tau_m': 475.5, 'rate_low': 12.0, 'rate_high': 34.5}.[0m
2021-04-21 20:15:44.476468: I tensorflow/compiler/jit/xla_gpu_device.cc:99] Not creating XLA devices, tf_xla_enable_xla_devices not set
maxFreq at 10nA: 250.0
2021-04-21 20:16:16.320694: I tensorflow/compiler/jit/xla_gpu_device.cc:99] Not creating XLA devices, tf_xla_enable_xla_devices not set
2021-04-21 20:16:38.258182: I tensorflow/compiler/jit/xla_gpu_device.cc:99] Not creating XLA devices, tf_xla_enable_xla_devices not set
mse and spike frequency: 0.00082 6.36
[32m[I 2021-04-21 20:16:58,073][0m Trial 129 finished with values: [0.00082, 6.36] with parameters: {'Vahp': -58.0, 'Vth': -47.5, 'Vmax': 38.0, 't_ref': 3.0, 'R': 0.4, 'tau_m': 288.5, 'rate_low': 7.5, 'rate_high': 21.0}.[0m
2021-04-21 20:16:58.720565: I tensorflow/compiler/jit/xla_gpu_device.cc:99] Not creating XLA devices, tf_xla_enable_xla_devices not set
maxFreq at 10nA: 1000.0
2021-04-21 20:17:31.560437: I tensorflow/compiler/jit/xla_gpu_device.cc:99] Not creating XLA devices, tf_xla_enable_xla_devices not set
2021-04-21 20:17:53.020436: I tensorflow/compiler/jit/xla_gpu_device.cc:99] Not creating XLA devices, tf_xla_enable_xla_devices not set
mse and spike frequency: 0.11775 0.0
[32m[I 2021-04-21 20:18:13,261][0m Trial 130 finished with values: [0.11775, 0.0] with parameters: {'Vahp': -54.0, 'Vth': -55.5, 'Vmax': 20.5, 't_ref': 3.5, 'R': 0.2, 'tau_m': 86.0, 'rate_low': 40.5, 'rate_high': 50.0}.[0m
2021-04-21 20:18:13.946605: I tensorflow/compiler/jit/xla_gpu_device.cc:99] Not creating XLA devices, tf_xla_enable_xla_devices not set
maxFreq at 10nA: 100.0
2021-04-21 20:18:46.189912: I tensorflow/compiler/jit/xla_gpu_device.cc:99] Not creating XLA devices, tf_xla_enable_xla_devices not set
2021-04-21 20:19:07.876471: I tensorflow/compiler/jit/xla_gpu_device.cc:99] Not creating XLA devices, tf_xla_enable_xla_devices not set
mse and spike frequency: 0.00068 15.26
[32m[I 2021-04-21 20:19:28,222][0m Trial 131 finished with values: [0.00068, 15.26] with parameters: {'Vahp': -43.0, 'Vth': -28.5, 'Vmax': 36.0, 't_ref': 8.5, 'R': 0.7000000000000001, 'tau_m': 439.0, 'rate_low': 27.0, 'rate_high': 22.0}.[0m
2021-04-21 20:19:28.874440: I tensorflow/compiler/jit/xla_gpu_device.cc:99] Not creating XLA devices, tf_xla_enable_xla_devices not set
maxFreq at 10nA: 1000.0
2021-04-21 20:20:01.367025: I tensorflow/compiler/jit/xla_gpu_device.cc:99] Not creating XLA devices, tf_xla_enable_xla_devices not set
2021-04-21 20:20:23.285801: I tensorflow/compiler/jit/xla_gpu_device.cc:99] Not creating XLA devices, tf_xla_enable_xla_devices not set
mse and spike frequency: 0.11775 0.0
[32m[I 2021-04-21 20:20:43,202][0m Trial 132 finished with values: [0.11775, 0.0] with parameters: {'Vahp': -41.0, 'Vth': -42.0, 'Vmax': 30.5, 't_ref': 7.0, 'R': 0.8, 'tau_m': 464.0, 'rate_low': 7.0, 'rate_high': 25.5}.[0m
2021-04-21 20:20:43.849113: I tensorflow/compiler/jit/xla_gpu_device.cc:99] Not creating XLA devices, tf_xla_enable_xla_devices not set
maxFreq at 10nA: 200.0
2021-04-21 20:21:17.013559: I tensorflow/compiler/jit/xla_gpu_device.cc:99] Not creating XLA devices, tf_xla_enable_xla_devices not set
2021-04-21 20:21:39.133739: I tensorflow/compiler/jit/xla_gpu_device.cc:99] Not creating XLA devices, tf_xla_enable_xla_devices not set
mse and spike frequency: 0.00253 2.6
[32m[I 2021-04-21 20:22:00,118][0m Trial 133 finished with values: [0.00253, 2.6] with parameters: {'Vahp': -48.0, 'Vth': -20.5, 'Vmax': 28.5, 't_ref': 1.5, 'R': 0.5, 'tau_m': 395.5, 'rate_low': 0.5, 'rate_high': 43.5}.[0m
2021-04-21 20:22:00.758778: I tensorflow/compiler/jit/xla_gpu_device.cc:99] Not creating XLA devices, tf_xla_enable_xla_devices not set
maxFreq at 10nA: 1000.0
2021-04-21 20:22:33.964571: I tensorflow/compiler/jit/xla_gpu_device.cc:99] Not creating XLA devices, tf_xla_enable_xla_devices not set
2021-04-21 20:22:56.081449: I tensorflow/compiler/jit/xla_gpu_device.cc:99] Not creating XLA devices, tf_xla_enable_xla_devices not set
mse and spike frequency: 0.11775 0.0
[32m[I 2021-04-21 20:23:16,715][0m Trial 134 finished with values: [0.11775, 0.0] with parameters: {'Vahp': -26.0, 'Vth': -39.5, 'Vmax': 38.0, 't_ref': 11.5, 'R': 0.2, 'tau_m': 86.0, 'rate_low': 20.0, 'rate_high': 46.0}.[0m
2021-04-21 20:23:17.366140: I tensorflow/compiler/jit/xla_gpu_device.cc:99] Not creating XLA devices, tf_xla_enable_xla_devices not set
maxFreq at 10nA: 1000.0
2021-04-21 20:23:50.830944: I tensorflow/compiler/jit/xla_gpu_device.cc:99] Not creating XLA devices, tf_xla_enable_xla_devices not set
2021-04-21 20:24:13.242881: I tensorflow/compiler/jit/xla_gpu_device.cc:99] Not creating XLA devices, tf_xla_enable_xla_devices not set
mse and spike frequency: 0.11775 0.0
[32m[I 2021-04-21 20:24:33,487][0m Trial 135 finished with values: [0.11775, 0.0] with parameters: {'Vahp': -28.5, 'Vth': -50.0, 'Vmax': 31.5, 't_ref': 3.0, 'R': 0.2, 'tau_m': 111.0, 'rate_low': 29.5, 'rate_high': 49.5}.[0m
2021-04-21 20:24:34.152568: I tensorflow/compiler/jit/xla_gpu_device.cc:99] Not creating XLA devices, tf_xla_enable_xla_devices not set
maxFreq at 10nA: 167.0
2021-04-21 20:25:07.416772: I tensorflow/compiler/jit/xla_gpu_device.cc:99] Not creating XLA devices, tf_xla_enable_xla_devices not set
2021-04-21 20:25:30.448954: I tensorflow/compiler/jit/xla_gpu_device.cc:99] Not creating XLA devices, tf_xla_enable_xla_devices not set
mse and spike frequency: 0.0005 56.05
[32m[I 2021-04-21 20:25:52,177][0m Trial 136 finished with values: [0.0005, 56.05] with parameters: {'Vahp': -48.5, 'Vth': -43.0, 'Vmax': 36.0, 't_ref': 5.0, 'R': 0.5, 'tau_m': 149.5, 'rate_low': 43.5, 'rate_high': 49.0}.[0m
2021-04-21 20:25:52.824212: I tensorflow/compiler/jit/xla_gpu_device.cc:99] Not creating XLA devices, tf_xla_enable_xla_devices not set
maxFreq at 10nA: 111.0
2021-04-21 20:26:26.365354: I tensorflow/compiler/jit/xla_gpu_device.cc:99] Not creating XLA devices, tf_xla_enable_xla_devices not set
2021-04-21 20:26:48.948296: I tensorflow/compiler/jit/xla_gpu_device.cc:99] Not creating XLA devices, tf_xla_enable_xla_devices not set
mse and spike frequency: 0.00146 35.75
[32m[I 2021-04-21 20:27:10,307][0m Trial 137 finished with values: [0.00146, 35.75] with parameters: {'Vahp': -39.5, 'Vth': -39.5, 'Vmax': 26.0, 't_ref': 7.5, 'R': 0.2, 'tau_m': 254.5, 'rate_low': 28.0, 'rate_high': 44.5}.[0m
2021-04-21 20:27:10.964408: I tensorflow/compiler/jit/xla_gpu_device.cc:99] Not creating XLA devices, tf_xla_enable_xla_devices not set
maxFreq at 10nA: 84.0
2021-04-21 20:27:44.678271: I tensorflow/compiler/jit/xla_gpu_device.cc:99] Not creating XLA devices, tf_xla_enable_xla_devices not set
2021-04-21 20:28:06.720472: I tensorflow/compiler/jit/xla_gpu_device.cc:99] Not creating XLA devices, tf_xla_enable_xla_devices not set
mse and spike frequency: 0.00081 11.59
[32m[I 2021-04-21 20:28:28,299][0m Trial 138 finished with values: [0.00081, 11.59] with parameters: {'Vahp': -38.0, 'Vth': -23.5, 'Vmax': 28.5, 't_ref': 11.0, 'R': 0.8, 'tau_m': 178.0, 'rate_low': 9.0, 'rate_high': 44.5}.[0m
2021-04-21 20:28:28.967852: I tensorflow/compiler/jit/xla_gpu_device.cc:99] Not creating XLA devices, tf_xla_enable_xla_devices not set
maxFreq at 10nA: 1000.0
2021-04-21 20:29:02.037288: I tensorflow/compiler/jit/xla_gpu_device.cc:99] Not creating XLA devices, tf_xla_enable_xla_devices not set
2021-04-21 20:29:24.652398: I tensorflow/compiler/jit/xla_gpu_device.cc:99] Not creating XLA devices, tf_xla_enable_xla_devices not set
mse and spike frequency: 0.11775 0.0
[32m[I 2021-04-21 20:29:46,160][0m Trial 139 finished with values: [0.11775, 0.0] with parameters: {'Vahp': -20.0, 'Vth': -51.0, 'Vmax': 26.0, 't_ref': 6.5, 'R': 0.1, 'tau_m': 118.5, 'rate_low': 27.0, 'rate_high': 31.5}.[0m
2021-04-21 20:29:46.850357: I tensorflow/compiler/jit/xla_gpu_device.cc:99] Not creating XLA devices, tf_xla_enable_xla_devices not set
maxFreq at 10nA: 1000.0
2021-04-21 20:30:20.496573: I tensorflow/compiler/jit/xla_gpu_device.cc:99] Not creating XLA devices, tf_xla_enable_xla_devices not set
2021-04-21 20:30:43.048819: I tensorflow/compiler/jit/xla_gpu_device.cc:99] Not creating XLA devices, tf_xla_enable_xla_devices not set
mse and spike frequency: 0.11775 0.0
[32m[I 2021-04-21 20:31:04,830][0m Trial 140 finished with values: [0.11775, 0.0] with parameters: {'Vahp': -39.5, 'Vth': -47.5, 'Vmax': 38.0, 't_ref': 3.0, 'R': 0.2, 'tau_m': 139.0, 'rate_low': 15.5, 'rate_high': 40.0}.[0m
2021-04-21 20:31:05.497622: I tensorflow/compiler/jit/xla_gpu_device.cc:99] Not creating XLA devices, tf_xla_enable_xla_devices not set
maxFreq at 10nA: 83.0
2021-04-21 20:31:39.156564: I tensorflow/compiler/jit/xla_gpu_device.cc:99] Not creating XLA devices, tf_xla_enable_xla_devices not set
2021-04-21 20:32:01.635263: I tensorflow/compiler/jit/xla_gpu_device.cc:99] Not creating XLA devices, tf_xla_enable_xla_devices not set
mse and spike frequency: 0.0026 2.87
[32m[I 2021-04-21 20:32:23,782][0m Trial 141 finished with values: [0.0026, 2.87] with parameters: {'Vahp': -28.0, 'Vth': -20.0, 'Vmax': 26.0, 't_ref': 10.0, 'R': 0.30000000000000004, 'tau_m': 472.0, 'rate_low': 3.5, 'rate_high': 43.0}.[0m
2021-04-21 20:32:24.438233: I tensorflow/compiler/jit/xla_gpu_device.cc:99] Not creating XLA devices, tf_xla_enable_xla_devices not set
maxFreq at 10nA: 996.0
2021-04-21 20:32:58.250471: I tensorflow/compiler/jit/xla_gpu_device.cc:99] Not creating XLA devices, tf_xla_enable_xla_devices not set
2021-04-21 20:33:20.982440: I tensorflow/compiler/jit/xla_gpu_device.cc:99] Not creating XLA devices, tf_xla_enable_xla_devices not set
mse and spike frequency: 0.11775 0.0
[32m[I 2021-04-21 20:33:42,991][0m Trial 142 finished with values: [0.11775, 0.0] with parameters: {'Vahp': -24.5, 'Vth': -42.0, 'Vmax': 30.5, 't_ref': 16.5, 'R': 0.1, 'tau_m': 300.0, 'rate_low': 43.0, 'rate_high': 32.5}.[0m
2021-04-21 20:33:43.659860: I tensorflow/compiler/jit/xla_gpu_device.cc:99] Not creating XLA devices, tf_xla_enable_xla_devices not set
maxFreq at 10nA: 1000.0
2021-04-21 20:34:17.523796: I tensorflow/compiler/jit/xla_gpu_device.cc:99] Not creating XLA devices, tf_xla_enable_xla_devices not set
2021-04-21 20:34:40.661515: I tensorflow/compiler/jit/xla_gpu_device.cc:99] Not creating XLA devices, tf_xla_enable_xla_devices not set
mse and spike frequency: 0.11775 0.0
[32m[I 2021-04-21 20:35:02,358][0m Trial 143 finished with values: [0.11775, 0.0] with parameters: {'Vahp': -29.5, 'Vth': -55.5, 'Vmax': 26.5, 't_ref': 16.5, 'R': 0.9, 'tau_m': 467.5, 'rate_low': 29.0, 'rate_high': 46.0}.[0m
2021-04-21 20:35:03.042479: I tensorflow/compiler/jit/xla_gpu_device.cc:99] Not creating XLA devices, tf_xla_enable_xla_devices not set
maxFreq at 10nA: 1000.0
2021-04-21 20:35:37.366327: I tensorflow/compiler/jit/xla_gpu_device.cc:99] Not creating XLA devices, tf_xla_enable_xla_devices not set
2021-04-21 20:36:00.402219: I tensorflow/compiler/jit/xla_gpu_device.cc:99] Not creating XLA devices, tf_xla_enable_xla_devices not set
mse and spike frequency: 0.11775 0.0
[32m[I 2021-04-21 20:36:22,395][0m Trial 144 finished with values: [0.11775, 0.0] with parameters: {'Vahp': -43.0, 'Vth': -50.5, 'Vmax': 24.5, 't_ref': 19.5, 'R': 0.6, 'tau_m': 349.5, 'rate_low': 49.0, 'rate_high': 50.0}.[0m
2021-04-21 20:36:23.075657: I tensorflow/compiler/jit/xla_gpu_device.cc:99] Not creating XLA devices, tf_xla_enable_xla_devices not set
maxFreq at 10nA: 998.0
2021-04-21 20:36:57.366697: I tensorflow/compiler/jit/xla_gpu_device.cc:99] Not creating XLA devices, tf_xla_enable_xla_devices not set
2021-04-21 20:37:20.678720: I tensorflow/compiler/jit/xla_gpu_device.cc:99] Not creating XLA devices, tf_xla_enable_xla_devices not set
mse and spike frequency: 0.11775 0.0
[32m[I 2021-04-21 20:37:42,948][0m Trial 145 finished with values: [0.11775, 0.0] with parameters: {'Vahp': -24.5, 'Vth': -51.5, 'Vmax': 15.0, 't_ref': 18.5, 'R': 0.1, 'tau_m': 300.0, 'rate_low': 43.0, 'rate_high': 32.5}.[0m
2021-04-21 20:37:43.642452: I tensorflow/compiler/jit/xla_gpu_device.cc:99] Not creating XLA devices, tf_xla_enable_xla_devices not set
maxFreq at 10nA: 67.0
2021-04-21 20:38:17.712831: I tensorflow/compiler/jit/xla_gpu_device.cc:99] Not creating XLA devices, tf_xla_enable_xla_devices not set
2021-04-21 20:38:40.766020: I tensorflow/compiler/jit/xla_gpu_device.cc:99] Not creating XLA devices, tf_xla_enable_xla_devices not set
mse and spike frequency: 0.06289 0.37
[32m[I 2021-04-21 20:39:02,600][0m Trial 146 finished with values: [0.06289, 0.37] with parameters: {'Vahp': -39.5, 'Vth': -23.5, 'Vmax': 30.5, 't_ref': 11.0, 'R': 0.2, 'tau_m': 435.5, 'rate_low': 7.0, 'rate_high': 14.0}.[0m
2021-04-21 20:39:03.272586: I tensorflow/compiler/jit/xla_gpu_device.cc:99] Not creating XLA devices, tf_xla_enable_xla_devices not set
maxFreq at 10nA: 500.0
2021-04-21 20:39:37.812359: I tensorflow/compiler/jit/xla_gpu_device.cc:99] Not creating XLA devices, tf_xla_enable_xla_devices not set
2021-04-21 20:40:01.385183: I tensorflow/compiler/jit/xla_gpu_device.cc:99] Not creating XLA devices, tf_xla_enable_xla_devices not set
mse and spike frequency: 0.00029 7.2
[32m[I 2021-04-21 20:40:23,732][0m Trial 147 finished with values: [0.00029, 7.2] with parameters: {'Vahp': -58.0, 'Vth': -54.0, 'Vmax': 37.5, 't_ref': 0.5, 'R': 0.4, 'tau_m': 288.5, 'rate_low': 7.5, 'rate_high': 27.0}.[0m
2021-04-21 20:40:24.398854: I tensorflow/compiler/jit/xla_gpu_device.cc:99] Not creating XLA devices, tf_xla_enable_xla_devices not set
maxFreq at 10nA: 67.0
2021-04-21 20:40:58.689610: I tensorflow/compiler/jit/xla_gpu_device.cc:99] Not creating XLA devices, tf_xla_enable_xla_devices not set
2021-04-21 20:41:22.793124: I tensorflow/compiler/jit/xla_gpu_device.cc:99] Not creating XLA devices, tf_xla_enable_xla_devices not set
mse and spike frequency: 0.00079 23.07
[32m[I 2021-04-21 20:41:45,047][0m Trial 148 finished with values: [0.00079, 23.07] with parameters: {'Vahp': -39.5, 'Vth': -34.5, 'Vmax': 16.5, 't_ref': 14.0, 'R': 0.8, 'tau_m': 431.0, 'rate_low': 28.0, 'rate_high': 49.5}.[0m
2021-04-21 20:41:45.727492: I tensorflow/compiler/jit/xla_gpu_device.cc:99] Not creating XLA devices, tf_xla_enable_xla_devices not set
maxFreq at 10nA: 167.0
2021-04-21 20:42:20.163172: I tensorflow/compiler/jit/xla_gpu_device.cc:99] Not creating XLA devices, tf_xla_enable_xla_devices not set
2021-04-21 20:42:44.186158: I tensorflow/compiler/jit/xla_gpu_device.cc:99] Not creating XLA devices, tf_xla_enable_xla_devices not set
mse and spike frequency: 0.11775 0.0
[32m[I 2021-04-21 20:43:06,705][0m Trial 149 finished with values: [0.11775, 0.0] with parameters: {'Vahp': -49.0, 'Vth': -42.0, 'Vmax': 30.5, 't_ref': 4.5, 'R': 0.2, 'tau_m': 15.0, 'rate_low': 7.0, 'rate_high': 34.5}.[0m
2021-04-21 20:43:07.420438: I tensorflow/compiler/jit/xla_gpu_device.cc:99] Not creating XLA devices, tf_xla_enable_xla_devices not set
maxFreq at 10nA: 993.0
2021-04-21 20:43:41.338475: I tensorflow/compiler/jit/xla_gpu_device.cc:99] Not creating XLA devices, tf_xla_enable_xla_devices not set
2021-04-21 20:44:05.369055: I tensorflow/compiler/jit/xla_gpu_device.cc:99] Not creating XLA devices, tf_xla_enable_xla_devices not set
mse and spike frequency: 0.11775 0.0
[32m[I 2021-04-21 20:44:27,824][0m Trial 150 finished with values: [0.11775, 0.0] with parameters: {'Vahp': -25.5, 'Vth': -26.0, 'Vmax': 38.0, 't_ref': 20.0, 'R': 0.2, 'tau_m': 439.0, 'rate_low': 20.0, 'rate_high': 46.0}.[0m
2021-04-21 20:44:28.507405: I tensorflow/compiler/jit/xla_gpu_device.cc:99] Not creating XLA devices, tf_xla_enable_xla_devices not set
maxFreq at 10nA: 1000.0
2021-04-21 20:45:02.037568: I tensorflow/compiler/jit/xla_gpu_device.cc:99] Not creating XLA devices, tf_xla_enable_xla_devices not set
2021-04-21 20:45:25.532377: I tensorflow/compiler/jit/xla_gpu_device.cc:99] Not creating XLA devices, tf_xla_enable_xla_devices not set
mse and spike frequency: 0.11775 0.0
