[32m[I 2021-04-21 22:24:01,388][0m Trial 213 finished with values: [0.11775, 0.0] with parameters: {'Vahp': -25.5, 'Vth': -58.0, 'Vmax': 20.5, 't_ref': 3.0, 'R': 0.4, 'tau_m': 73.5, 'rate_low': 49.0, 'rate_high': 40.5}.[0m
2021-04-21 22:24:02.221432: I tensorflow/compiler/jit/xla_gpu_device.cc:99] Not creating XLA devices, tf_xla_enable_xla_devices not set
maxFreq at 10nA: 112.0
2021-04-21 22:24:46.910760: I tensorflow/compiler/jit/xla_gpu_device.cc:99] Not creating XLA devices, tf_xla_enable_xla_devices not set
2021-04-21 22:25:20.188639: I tensorflow/compiler/jit/xla_gpu_device.cc:99] Not creating XLA devices, tf_xla_enable_xla_devices not set
mse and spike frequency: 0.11775 0.0
[32m[I 2021-04-21 22:25:50,975][0m Trial 214 finished with values: [0.11775, 0.0] with parameters: {'Vahp': -37.0, 'Vth': -37.0, 'Vmax': 33.5, 't_ref': 7.5, 'R': 0.9, 'tau_m': 241.5, 'rate_low': 8.5, 'rate_high': 26.5}.[0m
2021-04-21 22:25:51.790881: I tensorflow/compiler/jit/xla_gpu_device.cc:99] Not creating XLA devices, tf_xla_enable_xla_devices not set
maxFreq at 10nA: 1000.0
2021-04-21 22:26:36.752702: I tensorflow/compiler/jit/xla_gpu_device.cc:99] Not creating XLA devices, tf_xla_enable_xla_devices not set
2021-04-21 22:27:10.358393: I tensorflow/compiler/jit/xla_gpu_device.cc:99] Not creating XLA devices, tf_xla_enable_xla_devices not set
mse and spike frequency: 0.11775 0.0
[32m[I 2021-04-21 22:27:41,464][0m Trial 215 finished with values: [0.11775, 0.0] with parameters: {'Vahp': -36.5, 'Vth': -44.5, 'Vmax': 18.0, 't_ref': 4.5, 'R': 0.4, 'tau_m': 71.0, 'rate_low': 4.0, 'rate_high': 26.5}.[0m
2021-04-21 22:27:42.276875: I tensorflow/compiler/jit/xla_gpu_device.cc:99] Not creating XLA devices, tf_xla_enable_xla_devices not set
maxFreq at 10nA: 333.0
2021-04-21 22:28:26.695871: I tensorflow/compiler/jit/xla_gpu_device.cc:99] Not creating XLA devices, tf_xla_enable_xla_devices not set
2021-04-21 22:29:00.441883: I tensorflow/compiler/jit/xla_gpu_device.cc:99] Not creating XLA devices, tf_xla_enable_xla_devices not set
mse and spike frequency: 0.00049 4.76
[32m[I 2021-04-21 22:29:31,273][0m Trial 216 finished with values: [0.00049, 4.76] with parameters: {'Vahp': -39.0, 'Vth': -26.5, 'Vmax': 17.0, 't_ref': 2.0, 'R': 0.5, 'tau_m': 349.5, 'rate_low': 1.5, 'rate_high': 46.0}.[0m
2021-04-21 22:29:32.113025: I tensorflow/compiler/jit/xla_gpu_device.cc:99] Not creating XLA devices, tf_xla_enable_xla_devices not set
maxFreq at 10nA: 1000.0
2021-04-21 22:30:15.792742: I tensorflow/compiler/jit/xla_gpu_device.cc:99] Not creating XLA devices, tf_xla_enable_xla_devices not set
2021-04-21 22:30:49.922847: I tensorflow/compiler/jit/xla_gpu_device.cc:99] Not creating XLA devices, tf_xla_enable_xla_devices not set
mse and spike frequency: 0.11775 0.0
[32m[I 2021-04-21 22:31:21,332][0m Trial 217 finished with values: [0.11775, 0.0] with parameters: {'Vahp': -35.5, 'Vth': -40.5, 'Vmax': 20.5, 't_ref': 3.0, 'R': 0.2, 'tau_m': 102.5, 'rate_low': 18.0, 'rate_high': 49.5}.[0m
2021-04-21 22:31:22.247477: I tensorflow/compiler/jit/xla_gpu_device.cc:99] Not creating XLA devices, tf_xla_enable_xla_devices not set
maxFreq at 10nA: 48.0
2021-04-21 22:32:06.108122: I tensorflow/compiler/jit/xla_gpu_device.cc:99] Not creating XLA devices, tf_xla_enable_xla_devices not set
2021-04-21 22:32:40.756944: I tensorflow/compiler/jit/xla_gpu_device.cc:99] Not creating XLA devices, tf_xla_enable_xla_devices not set
mse and spike frequency: 0.0036 6.18
[32m[I 2021-04-21 22:33:12,379][0m Trial 218 finished with values: [0.0036, 6.18] with parameters: {'Vahp': -57.0, 'Vth': -48.5, 'Vmax': 11.0, 't_ref': 19.5, 'R': 0.2, 'tau_m': 174.5, 'rate_low': 12.0, 'rate_high': 6.0}.[0m
2021-04-21 22:33:13.245334: I tensorflow/compiler/jit/xla_gpu_device.cc:99] Not creating XLA devices, tf_xla_enable_xla_devices not set
maxFreq at 10nA: 1000.0
2021-04-21 22:33:57.514537: I tensorflow/compiler/jit/xla_gpu_device.cc:99] Not creating XLA devices, tf_xla_enable_xla_devices not set
2021-04-21 22:34:32.229946: I tensorflow/compiler/jit/xla_gpu_device.cc:99] Not creating XLA devices, tf_xla_enable_xla_devices not set
mse and spike frequency: 0.11775 0.0
[32m[I 2021-04-21 22:35:03,745][0m Trial 219 finished with values: [0.11775, 0.0] with parameters: {'Vahp': -24.5, 'Vth': -57.0, 'Vmax': 20.5, 't_ref': 17.5, 'R': 0.30000000000000004, 'tau_m': 99.5, 'rate_low': 29.5, 'rate_high': 39.0}.[0m
2021-04-21 22:35:04.599630: I tensorflow/compiler/jit/xla_gpu_device.cc:99] Not creating XLA devices, tf_xla_enable_xla_devices not set
maxFreq at 10nA: 112.0
2021-04-21 22:35:48.359945: I tensorflow/compiler/jit/xla_gpu_device.cc:99] Not creating XLA devices, tf_xla_enable_xla_devices not set
2021-04-21 22:36:23.077468: I tensorflow/compiler/jit/xla_gpu_device.cc:99] Not creating XLA devices, tf_xla_enable_xla_devices not set
mse and spike frequency: 0.11775 0.0
[32m[I 2021-04-21 22:36:54,163][0m Trial 220 finished with values: [0.11775, 0.0] with parameters: {'Vahp': -45.5, 'Vth': -45.5, 'Vmax': 38.0, 't_ref': 7.5, 'R': 0.9, 'tau_m': 49.0, 'rate_low': 8.5, 'rate_high': 46.5}.[0m
2021-04-21 22:36:55.033958: I tensorflow/compiler/jit/xla_gpu_device.cc:99] Not creating XLA devices, tf_xla_enable_xla_devices not set
maxFreq at 10nA: 1000.0
2021-04-21 22:37:39.081802: I tensorflow/compiler/jit/xla_gpu_device.cc:99] Not creating XLA devices, tf_xla_enable_xla_devices not set
2021-04-21 22:38:13.035896: I tensorflow/compiler/jit/xla_gpu_device.cc:99] Not creating XLA devices, tf_xla_enable_xla_devices not set
mse and spike frequency: 0.11775 0.0
[32m[I 2021-04-21 22:38:44,708][0m Trial 221 finished with values: [0.11775, 0.0] with parameters: {'Vahp': -39.0, 'Vth': -48.5, 'Vmax': 19.5, 't_ref': 7.5, 'R': 0.4, 'tau_m': 174.5, 'rate_low': 12.0, 'rate_high': 23.0}.[0m
2021-04-21 22:38:45.561986: I tensorflow/compiler/jit/xla_gpu_device.cc:99] Not creating XLA devices, tf_xla_enable_xla_devices not set
maxFreq at 10nA: 1000.0
2021-04-21 22:39:31.182396: I tensorflow/compiler/jit/xla_gpu_device.cc:99] Not creating XLA devices, tf_xla_enable_xla_devices not set
2021-04-21 22:40:06.313974: I tensorflow/compiler/jit/xla_gpu_device.cc:99] Not creating XLA devices, tf_xla_enable_xla_devices not set
mse and spike frequency: 0.11775 0.0
[32m[I 2021-04-21 22:40:38,478][0m Trial 222 finished with values: [0.11775, 0.0] with parameters: {'Vahp': -37.0, 'Vth': -52.5, 'Vmax': 15.0, 't_ref': 19.5, 'R': 0.7000000000000001, 'tau_m': 46.5, 'rate_low': 7.5, 'rate_high': 39.5}.[0m
2021-04-21 22:40:39.345328: I tensorflow/compiler/jit/xla_gpu_device.cc:99] Not creating XLA devices, tf_xla_enable_xla_devices not set
maxFreq at 10nA: 1000.0
2021-04-21 22:41:24.300347: I tensorflow/compiler/jit/xla_gpu_device.cc:99] Not creating XLA devices, tf_xla_enable_xla_devices not set
2021-04-21 22:41:59.377916: I tensorflow/compiler/jit/xla_gpu_device.cc:99] Not creating XLA devices, tf_xla_enable_xla_devices not set
mse and spike frequency: 0.11775 0.0
[32m[I 2021-04-21 22:42:31,388][0m Trial 223 finished with values: [0.11775, 0.0] with parameters: {'Vahp': -28.0, 'Vth': -52.5, 'Vmax': 32.5, 't_ref': 7.5, 'R': 0.30000000000000004, 'tau_m': 70.5, 'rate_low': 15.5, 'rate_high': 49.5}.[0m
2021-04-21 22:42:32.226172: I tensorflow/compiler/jit/xla_gpu_device.cc:99] Not creating XLA devices, tf_xla_enable_xla_devices not set
maxFreq at 10nA: 1000.0
2021-04-21 22:43:16.488097: I tensorflow/compiler/jit/xla_gpu_device.cc:99] Not creating XLA devices, tf_xla_enable_xla_devices not set
2021-04-21 22:43:51.615345: I tensorflow/compiler/jit/xla_gpu_device.cc:99] Not creating XLA devices, tf_xla_enable_xla_devices not set
mse and spike frequency: 0.11775 0.0
[32m[I 2021-04-21 22:44:23,566][0m Trial 224 finished with values: [0.11775, 0.0] with parameters: {'Vahp': -25.5, 'Vth': -53.5, 'Vmax': 39.5, 't_ref': 2.0, 'R': 0.5, 'tau_m': 73.5, 'rate_low': 37.5, 'rate_high': 46.0}.[0m
2021-04-21 22:44:24.418958: I tensorflow/compiler/jit/xla_gpu_device.cc:99] Not creating XLA devices, tf_xla_enable_xla_devices not set
maxFreq at 10nA: 111.0
2021-04-21 22:45:07.726285: I tensorflow/compiler/jit/xla_gpu_device.cc:99] Not creating XLA devices, tf_xla_enable_xla_devices not set
2021-04-21 22:45:42.884715: I tensorflow/compiler/jit/xla_gpu_device.cc:99] Not creating XLA devices, tf_xla_enable_xla_devices not set
mse and spike frequency: 0.00112 6.7
[32m[I 2021-04-21 22:46:15,483][0m Trial 225 finished with values: [0.00112, 6.7] with parameters: {'Vahp': -57.5, 'Vth': -49.0, 'Vmax': 18.0, 't_ref': 4.5, 'R': 0.1, 'tau_m': 432.5, 'rate_low': 33.0, 'rate_high': 46.5}.[0m
2021-04-21 22:46:16.324395: I tensorflow/compiler/jit/xla_gpu_device.cc:99] Not creating XLA devices, tf_xla_enable_xla_devices not set
maxFreq at 10nA: 200.0
2021-04-21 22:47:00.069733: I tensorflow/compiler/jit/xla_gpu_device.cc:99] Not creating XLA devices, tf_xla_enable_xla_devices not set
2021-04-21 22:47:36.090397: I tensorflow/compiler/jit/xla_gpu_device.cc:99] Not creating XLA devices, tf_xla_enable_xla_devices not set
mse and spike frequency: 0.00037 24.67
[32m[I 2021-04-21 22:48:09,508][0m Trial 226 finished with values: [0.00037, 24.67] with parameters: {'Vahp': -55.5, 'Vth': -32.0, 'Vmax': 20.5, 't_ref': 3.0, 'R': 0.5, 'tau_m': 265.0, 'rate_low': 49.0, 'rate_high': 50.0}.[0m
2021-04-21 22:48:10.414805: I tensorflow/compiler/jit/xla_gpu_device.cc:99] Not creating XLA devices, tf_xla_enable_xla_devices not set
maxFreq at 10nA: 56.0
2021-04-21 22:48:54.101148: I tensorflow/compiler/jit/xla_gpu_device.cc:99] Not creating XLA devices, tf_xla_enable_xla_devices not set
2021-04-21 22:49:29.357011: I tensorflow/compiler/jit/xla_gpu_device.cc:99] Not creating XLA devices, tf_xla_enable_xla_devices not set
mse and spike frequency: 0.00135 7.73
[32m[I 2021-04-21 22:50:02,376][0m Trial 227 finished with values: [0.00135, 7.73] with parameters: {'Vahp': -54.0, 'Vth': -37.0, 'Vmax': 29.0, 't_ref': 15.0, 'R': 0.2, 'tau_m': 241.5, 'rate_low': 30.5, 'rate_high': 33.5}.[0m
2021-04-21 22:50:03.247796: I tensorflow/compiler/jit/xla_gpu_device.cc:99] Not creating XLA devices, tf_xla_enable_xla_devices not set
maxFreq at 10nA: 1000.0
2021-04-21 22:50:47.896368: I tensorflow/compiler/jit/xla_gpu_device.cc:99] Not creating XLA devices, tf_xla_enable_xla_devices not set
2021-04-21 22:51:23.802732: I tensorflow/compiler/jit/xla_gpu_device.cc:99] Not creating XLA devices, tf_xla_enable_xla_devices not set
mse and spike frequency: 0.11775 0.0
[32m[I 2021-04-21 22:51:56,193][0m Trial 228 finished with values: [0.11775, 0.0] with parameters: {'Vahp': -27.0, 'Vth': -52.5, 'Vmax': 37.0, 't_ref': 19.5, 'R': 0.2, 'tau_m': 241.5, 'rate_low': 7.5, 'rate_high': 27.0}.[0m
2021-04-21 22:51:57.045003: I tensorflow/compiler/jit/xla_gpu_device.cc:99] Not creating XLA devices, tf_xla_enable_xla_devices not set
maxFreq at 10nA: 1000.0
2021-04-21 22:52:42.591253: I tensorflow/compiler/jit/xla_gpu_device.cc:99] Not creating XLA devices, tf_xla_enable_xla_devices not set
2021-04-21 22:53:18.715271: I tensorflow/compiler/jit/xla_gpu_device.cc:99] Not creating XLA devices, tf_xla_enable_xla_devices not set
mse and spike frequency: 0.11775 0.0
[32m[I 2021-04-21 22:53:52,592][0m Trial 229 finished with values: [0.11775, 0.0] with parameters: {'Vahp': -31.0, 'Vth': -53.5, 'Vmax': 36.5, 't_ref': 2.0, 'R': 0.5, 'tau_m': 172.0, 'rate_low': 31.5, 'rate_high': 49.5}.[0m
2021-04-21 22:53:53.457496: I tensorflow/compiler/jit/xla_gpu_device.cc:99] Not creating XLA devices, tf_xla_enable_xla_devices not set
maxFreq at 10nA: 84.0
2021-04-21 22:54:39.648834: I tensorflow/compiler/jit/xla_gpu_device.cc:99] Not creating XLA devices, tf_xla_enable_xla_devices not set
2021-04-21 22:55:16.070399: I tensorflow/compiler/jit/xla_gpu_device.cc:99] Not creating XLA devices, tf_xla_enable_xla_devices not set
mse and spike frequency: 0.00081 35.86
[32m[I 2021-04-21 22:55:49,854][0m Trial 230 finished with values: [0.00081, 35.86] with parameters: {'Vahp': -40.5, 'Vth': -38.5, 'Vmax': 37.0, 't_ref': 11.0, 'R': 0.9, 'tau_m': 362.5, 'rate_low': 39.5, 'rate_high': 49.0}.[0m
2021-04-21 22:55:50.719973: I tensorflow/compiler/jit/xla_gpu_device.cc:99] Not creating XLA devices, tf_xla_enable_xla_devices not set
maxFreq at 10nA: 1000.0
2021-04-21 22:56:36.552012: I tensorflow/compiler/jit/xla_gpu_device.cc:99] Not creating XLA devices, tf_xla_enable_xla_devices not set
2021-04-21 22:57:13.561706: I tensorflow/compiler/jit/xla_gpu_device.cc:99] Not creating XLA devices, tf_xla_enable_xla_devices not set
mse and spike frequency: 0.11775 0.0
[32m[I 2021-04-21 22:57:47,395][0m Trial 231 finished with values: [0.11775, 0.0] with parameters: {'Vahp': -54.0, 'Vth': -57.0, 'Vmax': 39.5, 't_ref': 12.5, 'R': 0.5, 'tau_m': 265.0, 'rate_low': 23.5, 'rate_high': 28.5}.[0m
2021-04-21 22:57:48.271392: I tensorflow/compiler/jit/xla_gpu_device.cc:99] Not creating XLA devices, tf_xla_enable_xla_devices not set
maxFreq at 10nA: 1000.0
2021-04-21 22:58:34.777724: I tensorflow/compiler/jit/xla_gpu_device.cc:99] Not creating XLA devices, tf_xla_enable_xla_devices not set
2021-04-21 22:59:11.324022: I tensorflow/compiler/jit/xla_gpu_device.cc:99] Not creating XLA devices, tf_xla_enable_xla_devices not set
mse and spike frequency: 0.11775 0.0
[32m[I 2021-04-21 22:59:44,384][0m Trial 232 finished with values: [0.11775, 0.0] with parameters: {'Vahp': -27.0, 'Vth': -52.5, 'Vmax': 35.0, 't_ref': 19.5, 'R': 0.9, 'tau_m': 112.5, 'rate_low': 18.5, 'rate_high': 46.5}.[0m
2021-04-21 22:59:45.259475: I tensorflow/compiler/jit/xla_gpu_device.cc:99] Not creating XLA devices, tf_xla_enable_xla_devices not set
maxFreq at 10nA: 72.0
2021-04-21 23:00:31.409143: I tensorflow/compiler/jit/xla_gpu_device.cc:99] Not creating XLA devices, tf_xla_enable_xla_devices not set
2021-04-21 23:01:07.747871: I tensorflow/compiler/jit/xla_gpu_device.cc:99] Not creating XLA devices, tf_xla_enable_xla_devices not set
mse and spike frequency: 0.00108 8.19
[32m[I 2021-04-21 23:01:41,287][0m Trial 233 finished with values: [0.00108, 8.19] with parameters: {'Vahp': -51.5, 'Vth': -45.5, 'Vmax': 24.5, 't_ref': 12.5, 'R': 0.4, 'tau_m': 102.5, 'rate_low': 0.5, 'rate_high': 49.0}.[0m
2021-04-21 23:01:42.177919: I tensorflow/compiler/jit/xla_gpu_device.cc:99] Not creating XLA devices, tf_xla_enable_xla_devices not set
maxFreq at 10nA: 1000.0
2021-04-21 23:02:29.168687: I tensorflow/compiler/jit/xla_gpu_device.cc:99] Not creating XLA devices, tf_xla_enable_xla_devices not set
2021-04-21 23:03:03.971852: I tensorflow/compiler/jit/xla_gpu_device.cc:99] Not creating XLA devices, tf_xla_enable_xla_devices not set
mse and spike frequency: 0.11775 0.0
[32m[I 2021-04-21 23:03:37,782][0m Trial 234 finished with values: [0.11775, 0.0] with parameters: {'Vahp': -37.0, 'Vth': -52.5, 'Vmax': 24.0, 't_ref': 7.5, 'R': 0.4, 'tau_m': 12.0, 'rate_low': 32.5, 'rate_high': 46.0}.[0m
2021-04-21 23:03:38.651388: I tensorflow/compiler/jit/xla_gpu_device.cc:99] Not creating XLA devices, tf_xla_enable_xla_devices not set
maxFreq at 10nA: 1000.0
2021-04-21 23:04:25.607742: I tensorflow/compiler/jit/xla_gpu_device.cc:99] Not creating XLA devices, tf_xla_enable_xla_devices not set
2021-04-21 23:05:01.027358: I tensorflow/compiler/jit/xla_gpu_device.cc:99] Not creating XLA devices, tf_xla_enable_xla_devices not set
mse and spike frequency: 0.11775 0.0
[32m[I 2021-04-21 23:05:35,019][0m Trial 235 finished with values: [0.11775, 0.0] with parameters: {'Vahp': -24.5, 'Vth': -57.0, 'Vmax': 20.5, 't_ref': 3.0, 'R': 0.5, 'tau_m': 46.5, 'rate_low': 29.5, 'rate_high': 49.0}.[0m
2021-04-21 23:05:35.980214: I tensorflow/compiler/jit/xla_gpu_device.cc:99] Not creating XLA devices, tf_xla_enable_xla_devices not set
maxFreq at 10nA: 1000.0
2021-04-21 23:06:23.446186: I tensorflow/compiler/jit/xla_gpu_device.cc:99] Not creating XLA devices, tf_xla_enable_xla_devices not set
2021-04-21 23:06:59.464644: I tensorflow/compiler/jit/xla_gpu_device.cc:99] Not creating XLA devices, tf_xla_enable_xla_devices not set
mse and spike frequency: 0.11775 0.0
[32m[I 2021-04-21 23:07:32,403][0m Trial 236 finished with values: [0.11775, 0.0] with parameters: {'Vahp': -28.0, 'Vth': -54.0, 'Vmax': 32.0, 't_ref': 7.5, 'R': 0.30000000000000004, 'tau_m': 112.5, 'rate_low': 17.0, 'rate_high': 38.0}.[0m
2021-04-21 23:07:33.299915: I tensorflow/compiler/jit/xla_gpu_device.cc:99] Not creating XLA devices, tf_xla_enable_xla_devices not set
maxFreq at 10nA: 1000.0
2021-04-21 23:08:21.052299: I tensorflow/compiler/jit/xla_gpu_device.cc:99] Not creating XLA devices, tf_xla_enable_xla_devices not set
2021-04-21 23:08:56.767346: I tensorflow/compiler/jit/xla_gpu_device.cc:99] Not creating XLA devices, tf_xla_enable_xla_devices not set
mse and spike frequency: 0.11775 0.0
[32m[I 2021-04-21 23:09:29,906][0m Trial 237 finished with values: [0.11775, 0.0] with parameters: {'Vahp': -24.5, 'Vth': -57.0, 'Vmax': 23.0, 't_ref': 4.0, 'R': 0.8, 'tau_m': 46.5, 'rate_low': 29.5, 'rate_high': 14.0}.[0m
2021-04-21 23:09:30.794582: I tensorflow/compiler/jit/xla_gpu_device.cc:99] Not creating XLA devices, tf_xla_enable_xla_devices not set
maxFreq at 10nA: 1000.0
2021-04-21 23:10:17.956051: I tensorflow/compiler/jit/xla_gpu_device.cc:99] Not creating XLA devices, tf_xla_enable_xla_devices not set
2021-04-21 23:10:54.105561: I tensorflow/compiler/jit/xla_gpu_device.cc:99] Not creating XLA devices, tf_xla_enable_xla_devices not set
mse and spike frequency: 0.11775 0.0
[32m[I 2021-04-21 23:11:28,805][0m Trial 238 finished with values: [0.11775, 0.0] with parameters: {'Vahp': -31.0, 'Vth': -57.0, 'Vmax': 33.0, 't_ref': 19.5, 'R': 0.5, 'tau_m': 265.0, 'rate_low': 16.5, 'rate_high': 28.5}.[0m
2021-04-21 23:11:29.707446: I tensorflow/compiler/jit/xla_gpu_device.cc:99] Not creating XLA devices, tf_xla_enable_xla_devices not set
maxFreq at 10nA: 1000.0
2021-04-21 23:12:17.197605: I tensorflow/compiler/jit/xla_gpu_device.cc:99] Not creating XLA devices, tf_xla_enable_xla_devices not set
2021-04-21 23:12:54.536884: I tensorflow/compiler/jit/xla_gpu_device.cc:99] Not creating XLA devices, tf_xla_enable_xla_devices not set
mse and spike frequency: 0.11775 0.0
[32m[I 2021-04-21 23:13:29,541][0m Trial 239 finished with values: [0.11775, 0.0] with parameters: {'Vahp': -28.0, 'Vth': -52.5, 'Vmax': 17.0, 't_ref': 19.5, 'R': 0.2, 'tau_m': 46.5, 'rate_low': 15.0, 'rate_high': 46.5}.[0m
2021-04-21 23:13:30.455216: I tensorflow/compiler/jit/xla_gpu_device.cc:99] Not creating XLA devices, tf_xla_enable_xla_devices not set
maxFreq at 10nA: 100.0
2021-04-21 23:14:18.533642: I tensorflow/compiler/jit/xla_gpu_device.cc:99] Not creating XLA devices, tf_xla_enable_xla_devices not set
2021-04-21 23:14:55.563640: I tensorflow/compiler/jit/xla_gpu_device.cc:99] Not creating XLA devices, tf_xla_enable_xla_devices not set
mse and spike frequency: 0.00393 2.5
[32m[I 2021-04-21 23:15:30,445][0m Trial 240 finished with values: [0.00393, 2.5] with parameters: {'Vahp': -57.5, 'Vth': -44.5, 'Vmax': 15.0, 't_ref': 7.5, 'R': 0.2, 'tau_m': 172.0, 'rate_low': 8.5, 'rate_high': 11.0}.[0m
2021-04-21 23:15:31.330727: I tensorflow/compiler/jit/xla_gpu_device.cc:99] Not creating XLA devices, tf_xla_enable_xla_devices not set
maxFreq at 10nA: 1000.0
2021-04-21 23:16:19.005970: I tensorflow/compiler/jit/xla_gpu_device.cc:99] Not creating XLA devices, tf_xla_enable_xla_devices not set
2021-04-21 23:16:56.942648: I tensorflow/compiler/jit/xla_gpu_device.cc:99] Not creating XLA devices, tf_xla_enable_xla_devices not set
mse and spike frequency: 0.11775 0.0
[32m[I 2021-04-21 23:17:32,394][0m Trial 241 finished with values: [0.11775, 0.0] with parameters: {'Vahp': -37.0, 'Vth': -38.5, 'Vmax': 25.0, 't_ref': 19.5, 'R': 0.4, 'tau_m': 78.5, 'rate_low': 4.0, 'rate_high': 14.0}.[0m
2021-04-21 23:17:33.325797: I tensorflow/compiler/jit/xla_gpu_device.cc:99] Not creating XLA devices, tf_xla_enable_xla_devices not set
maxFreq at 10nA: 1000.0
2021-04-21 23:18:21.857300: I tensorflow/compiler/jit/xla_gpu_device.cc:99] Not creating XLA devices, tf_xla_enable_xla_devices not set
2021-04-21 23:19:00.265950: I tensorflow/compiler/jit/xla_gpu_device.cc:99] Not creating XLA devices, tf_xla_enable_xla_devices not set
mse and spike frequency: 0.11775 0.0
[32m[I 2021-04-21 23:19:34,583][0m Trial 242 finished with values: [0.11775, 0.0] with parameters: {'Vahp': -26.0, 'Vth': -46.0, 'Vmax': 23.0, 't_ref': 6.0, 'R': 0.4, 'tau_m': 254.5, 'rate_low': 4.0, 'rate_high': 14.0}.[0m
2021-04-21 23:19:35.523657: I tensorflow/compiler/jit/xla_gpu_device.cc:99] Not creating XLA devices, tf_xla_enable_xla_devices not set
maxFreq at 10nA: 1000.0
2021-04-21 23:20:23.223991: I tensorflow/compiler/jit/xla_gpu_device.cc:99] Not creating XLA devices, tf_xla_enable_xla_devices not set
2021-04-21 23:21:00.999590: I tensorflow/compiler/jit/xla_gpu_device.cc:99] Not creating XLA devices, tf_xla_enable_xla_devices not set
mse and spike frequency: 0.11775 0.0
[32m[I 2021-04-21 23:21:36,945][0m Trial 243 finished with values: [0.11775, 0.0] with parameters: {'Vahp': -36.0, 'Vth': -57.0, 'Vmax': 13.0, 't_ref': 6.5, 'R': 0.8, 'tau_m': 46.5, 'rate_low': 17.0, 'rate_high': 34.0}.[0m
2021-04-21 23:21:37.853066: I tensorflow/compiler/jit/xla_gpu_device.cc:99] Not creating XLA devices, tf_xla_enable_xla_devices not set
maxFreq at 10nA: 1000.0
2021-04-21 23:22:26.358071: I tensorflow/compiler/jit/xla_gpu_device.cc:99] Not creating XLA devices, tf_xla_enable_xla_devices not set
2021-04-21 23:23:04.340747: I tensorflow/compiler/jit/xla_gpu_device.cc:99] Not creating XLA devices, tf_xla_enable_xla_devices not set
mse and spike frequency: 0.11775 0.0
