2021-04-21 18:29:05.824102: I tensorflow/stream_executor/platform/default/dso_loader.cc:49] Successfully opened dynamic library libcudart.so.11.0
Build finished in 0:00:01.                                                      
Simulation finished in 0:00:01.                                                 
[32m[I 2021-04-21 18:29:08,904][0m A new study created in memory with name: no-name-0bb4ee23-7ff3-4fe0-b1c9-e3be68d9583e[0m
2021-04-21 18:29:09.116795: I tensorflow/compiler/jit/xla_cpu_device.cc:41] Not creating XLA devices, tf_xla_enable_xla_devices not set
2021-04-21 18:29:09.117797: I tensorflow/stream_executor/platform/default/dso_loader.cc:49] Successfully opened dynamic library libcuda.so.1
2021-04-21 18:29:10.205689: E tensorflow/stream_executor/cuda/cuda_driver.cc:328] failed call to cuInit: CUDA_ERROR_NO_DEVICE: no CUDA-capable device is detected
2021-04-21 18:29:10.205780: I tensorflow/stream_executor/cuda/cuda_diagnostics.cc:169] retrieving CUDA diagnostic information for host: comparch-t640
2021-04-21 18:29:10.205798: I tensorflow/stream_executor/cuda/cuda_diagnostics.cc:176] hostname: comparch-t640
2021-04-21 18:29:10.206026: I tensorflow/stream_executor/cuda/cuda_diagnostics.cc:200] libcuda reported version is: 450.66.0
2021-04-21 18:29:10.206083: I tensorflow/stream_executor/cuda/cuda_diagnostics.cc:204] kernel reported version is: 450.66.0
2021-04-21 18:29:10.206097: I tensorflow/stream_executor/cuda/cuda_diagnostics.cc:310] kernel version seems to match DSO: 450.66.0
2021-04-21 18:29:10.206703: I tensorflow/core/platform/cpu_feature_guard.cc:142] This TensorFlow binary is optimized with oneAPI Deep Neural Network Library (oneDNN) to use the following CPU instructions in performance-critical operations:  AVX2 AVX512F FMA
To enable them in other operations, rebuild TensorFlow with the appropriate compiler flags.
2021-04-21 18:29:10.207923: I tensorflow/compiler/jit/xla_gpu_device.cc:99] Not creating XLA devices, tf_xla_enable_xla_devices not set
2021-04-21 18:29:10.228490: I tensorflow/compiler/mlir/mlir_graph_optimization_pass.cc:196] None of the MLIR optimization passes are enabled (registered 0 passes)
2021-04-21 18:29:10.256040: I tensorflow/core/platform/profile_utils/cpu_utils.cc:112] CPU Frequency: 2100000000 Hz
maxFreq at 10nA: 50.0
2021-04-21 18:29:27.370853: I tensorflow/compiler/jit/xla_gpu_device.cc:99] Not creating XLA devices, tf_xla_enable_xla_devices not set
2021-04-21 18:29:33.364644: I tensorflow/compiler/jit/xla_gpu_device.cc:99] Not creating XLA devices, tf_xla_enable_xla_devices not set
mse and spike frequency: 0.00097 12.64
[32m[I 2021-04-21 18:29:38,284][0m Trial 0 finished with values: [0.00097, 12.64] with parameters: {'Vahp': -58.5, 'Vth': -46.5, 'Vmax': 17.0, 't_ref': 17.5, 'R': 0.2, 'tau_m': 224.0, 'rate_low': 45.5, 'rate_high': 47.0}.[0m
2021-04-21 18:29:38.671418: I tensorflow/compiler/jit/xla_gpu_device.cc:99] Not creating XLA devices, tf_xla_enable_xla_devices not set
maxFreq at 10nA: 1000.0
2021-04-21 18:29:56.607397: I tensorflow/compiler/jit/xla_gpu_device.cc:99] Not creating XLA devices, tf_xla_enable_xla_devices not set
2021-04-21 18:30:02.770236: I tensorflow/compiler/jit/xla_gpu_device.cc:99] Not creating XLA devices, tf_xla_enable_xla_devices not set
mse and spike frequency: 0.11775 0.0
[32m[I 2021-04-21 18:30:07,771][0m Trial 1 finished with values: [0.11775, 0.0] with parameters: {'Vahp': -24.5, 'Vth': -31.5, 'Vmax': 22.0, 't_ref': 18.0, 'R': 0.8, 'tau_m': 46.5, 'rate_low': 18.0, 'rate_high': 27.5}.[0m
2021-04-21 18:30:08.154354: I tensorflow/compiler/jit/xla_gpu_device.cc:99] Not creating XLA devices, tf_xla_enable_xla_devices not set
maxFreq at 10nA: 77.0
2021-04-21 18:30:26.135880: I tensorflow/compiler/jit/xla_gpu_device.cc:99] Not creating XLA devices, tf_xla_enable_xla_devices not set
2021-04-21 18:30:32.524631: I tensorflow/compiler/jit/xla_gpu_device.cc:99] Not creating XLA devices, tf_xla_enable_xla_devices not set
mse and spike frequency: 0.00095 5.72
[32m[I 2021-04-21 18:30:37,694][0m Trial 2 finished with values: [0.00095, 5.72] with parameters: {'Vahp': -57.0, 'Vth': -47.5, 'Vmax': 19.5, 't_ref': 11.0, 'R': 0.30000000000000004, 'tau_m': 362.5, 'rate_low': 3.5, 'rate_high': 49.0}.[0m
2021-04-21 18:30:38.040394: I tensorflow/compiler/jit/xla_gpu_device.cc:99] Not creating XLA devices, tf_xla_enable_xla_devices not set
maxFreq at 10nA: 84.0
2021-04-21 18:30:56.301539: I tensorflow/compiler/jit/xla_gpu_device.cc:99] Not creating XLA devices, tf_xla_enable_xla_devices not set
2021-04-21 18:31:02.689350: I tensorflow/compiler/jit/xla_gpu_device.cc:99] Not creating XLA devices, tf_xla_enable_xla_devices not set
mse and spike frequency: 0.00077 10.69
[32m[I 2021-04-21 18:31:07,969][0m Trial 3 finished with values: [0.00077, 10.69] with parameters: {'Vahp': -54.5, 'Vth': -22.0, 'Vmax': 12.0, 't_ref': 9.5, 'R': 0.6, 'tau_m': 270.5, 'rate_low': 26.0, 'rate_high': 37.0}.[0m
2021-04-21 18:31:08.357413: I tensorflow/compiler/jit/xla_gpu_device.cc:99] Not creating XLA devices, tf_xla_enable_xla_devices not set
maxFreq at 10nA: 995.0
2021-04-21 18:31:26.276711: I tensorflow/compiler/jit/xla_gpu_device.cc:99] Not creating XLA devices, tf_xla_enable_xla_devices not set
2021-04-21 18:31:32.716287: I tensorflow/compiler/jit/xla_gpu_device.cc:99] Not creating XLA devices, tf_xla_enable_xla_devices not set
mse and spike frequency: 0.11775 0.0
[32m[I 2021-04-21 18:31:38,246][0m Trial 4 finished with values: [0.11775, 0.0] with parameters: {'Vahp': -29.5, 'Vth': -45.5, 'Vmax': 30.5, 't_ref': 8.0, 'R': 0.1, 'tau_m': 442.0, 'rate_low': 35.5, 'rate_high': 48.5}.[0m
2021-04-21 18:31:38.596209: I tensorflow/compiler/jit/xla_gpu_device.cc:99] Not creating XLA devices, tf_xla_enable_xla_devices not set
maxFreq at 10nA: 1000.0
2021-04-21 18:31:56.831094: I tensorflow/compiler/jit/xla_gpu_device.cc:99] Not creating XLA devices, tf_xla_enable_xla_devices not set
2021-04-21 18:32:02.854992: I tensorflow/compiler/jit/xla_gpu_device.cc:99] Not creating XLA devices, tf_xla_enable_xla_devices not set
mse and spike frequency: 0.11775 0.0
[32m[I 2021-04-21 18:32:08,494][0m Trial 5 finished with values: [0.11775, 0.0] with parameters: {'Vahp': -37.0, 'Vth': -52.5, 'Vmax': 27.0, 't_ref': 7.5, 'R': 0.8, 'tau_m': 73.5, 'rate_low': 2.0, 'rate_high': 14.0}.[0m
2021-04-21 18:32:08.836313: I tensorflow/compiler/jit/xla_gpu_device.cc:99] Not creating XLA devices, tf_xla_enable_xla_devices not set
maxFreq at 10nA: 56.0
2021-04-21 18:32:26.773580: I tensorflow/compiler/jit/xla_gpu_device.cc:99] Not creating XLA devices, tf_xla_enable_xla_devices not set
2021-04-21 18:32:33.061796: I tensorflow/compiler/jit/xla_gpu_device.cc:99] Not creating XLA devices, tf_xla_enable_xla_devices not set
mse and spike frequency: 0.00112 9.92
[32m[I 2021-04-21 18:32:38,782][0m Trial 6 finished with values: [0.00112, 9.92] with parameters: {'Vahp': -51.0, 'Vth': -40.5, 'Vmax': 29.0, 't_ref': 15.5, 'R': 0.30000000000000004, 'tau_m': 430.0, 'rate_low': 28.5, 'rate_high': 45.0}.[0m
2021-04-21 18:32:39.126897: I tensorflow/compiler/jit/xla_gpu_device.cc:99] Not creating XLA devices, tf_xla_enable_xla_devices not set
maxFreq at 10nA: 56.0
2021-04-21 18:32:56.944318: I tensorflow/compiler/jit/xla_gpu_device.cc:99] Not creating XLA devices, tf_xla_enable_xla_devices not set
2021-04-21 18:33:03.442233: I tensorflow/compiler/jit/xla_gpu_device.cc:99] Not creating XLA devices, tf_xla_enable_xla_devices not set
mse and spike frequency: 0.00157 17.39
[32m[I 2021-04-21 18:33:09,180][0m Trial 7 finished with values: [0.00157, 17.39] with parameters: {'Vahp': -57.5, 'Vth': -40.5, 'Vmax': 21.0, 't_ref': 17.0, 'R': 0.2, 'tau_m': 16.0, 'rate_low': 18.0, 'rate_high': 40.0}.[0m
2021-04-21 18:33:09.510539: I tensorflow/compiler/jit/xla_gpu_device.cc:99] Not creating XLA devices, tf_xla_enable_xla_devices not set
maxFreq at 10nA: 63.0
2021-04-21 18:33:27.776981: I tensorflow/compiler/jit/xla_gpu_device.cc:99] Not creating XLA devices, tf_xla_enable_xla_devices not set
2021-04-21 18:33:34.356810: I tensorflow/compiler/jit/xla_gpu_device.cc:99] Not creating XLA devices, tf_xla_enable_xla_devices not set
mse and spike frequency: 0.00067 18.7
[32m[I 2021-04-21 18:33:40,264][0m Trial 8 finished with values: [0.00067, 18.7] with parameters: {'Vahp': -31.5, 'Vth': -20.5, 'Vmax': 28.5, 't_ref': 15.0, 'R': 0.9, 'tau_m': 453.5, 'rate_low': 35.0, 'rate_high': 40.0}.[0m
2021-04-21 18:33:40.611920: I tensorflow/compiler/jit/xla_gpu_device.cc:99] Not creating XLA devices, tf_xla_enable_xla_devices not set
maxFreq at 10nA: 1000.0
2021-04-21 18:33:58.659703: I tensorflow/compiler/jit/xla_gpu_device.cc:99] Not creating XLA devices, tf_xla_enable_xla_devices not set
2021-04-21 18:34:05.263627: I tensorflow/compiler/jit/xla_gpu_device.cc:99] Not creating XLA devices, tf_xla_enable_xla_devices not set
mse and spike frequency: 0.11775 0.0
[32m[I 2021-04-21 18:34:11,091][0m Trial 9 finished with values: [0.11775, 0.0] with parameters: {'Vahp': -37.0, 'Vth': -52.5, 'Vmax': 14.0, 't_ref': 3.5, 'R': 0.2, 'tau_m': 158.5, 'rate_low': 25.5, 'rate_high': 40.0}.[0m
2021-04-21 18:34:11.444953: I tensorflow/compiler/jit/xla_gpu_device.cc:99] Not creating XLA devices, tf_xla_enable_xla_devices not set
maxFreq at 10nA: 143.0
2021-04-21 18:34:29.604076: I tensorflow/compiler/jit/xla_gpu_device.cc:99] Not creating XLA devices, tf_xla_enable_xla_devices not set
2021-04-21 18:34:36.438066: I tensorflow/compiler/jit/xla_gpu_device.cc:99] Not creating XLA devices, tf_xla_enable_xla_devices not set
mse and spike frequency: 0.11775 0.0
[32m[I 2021-04-21 18:34:42,537][0m Trial 10 finished with values: [0.11775, 0.0] with parameters: {'Vahp': -56.5, 'Vth': -56.5, 'Vmax': 35.0, 't_ref': 6.0, 'R': 0.1, 'tau_m': 56.5, 'rate_low': 46.5, 'rate_high': 46.5}.[0m
2021-04-21 18:34:42.942981: I tensorflow/compiler/jit/xla_gpu_device.cc:99] Not creating XLA devices, tf_xla_enable_xla_devices not set
maxFreq at 10nA: 50.0
2021-04-21 18:35:00.950838: I tensorflow/compiler/jit/xla_gpu_device.cc:99] Not creating XLA devices, tf_xla_enable_xla_devices not set
2021-04-21 18:35:08.306423: I tensorflow/compiler/jit/xla_gpu_device.cc:99] Not creating XLA devices, tf_xla_enable_xla_devices not set
mse and spike frequency: 0.00099 17.06
[32m[I 2021-04-21 18:35:14,804][0m Trial 11 finished with values: [0.00099, 17.06] with parameters: {'Vahp': -40.5, 'Vth': -21.0, 'Vmax': 28.0, 't_ref': 19.0, 'R': 0.8, 'tau_m': 271.0, 'rate_low': 49.5, 'rate_high': 50.0}.[0m
2021-04-21 18:35:15.197100: I tensorflow/compiler/jit/xla_gpu_device.cc:99] Not creating XLA devices, tf_xla_enable_xla_devices not set
maxFreq at 10nA: 333.0
2021-04-21 18:35:33.054587: I tensorflow/compiler/jit/xla_gpu_device.cc:99] Not creating XLA devices, tf_xla_enable_xla_devices not set
2021-04-21 18:35:40.350706: I tensorflow/compiler/jit/xla_gpu_device.cc:99] Not creating XLA devices, tf_xla_enable_xla_devices not set
mse and spike frequency: 0.00031 15.98
[32m[I 2021-04-21 18:35:46,977][0m Trial 12 finished with values: [0.00031, 15.98] with parameters: {'Vahp': -34.5, 'Vth': -25.5, 'Vmax': 39.5, 't_ref': 2.0, 'R': 0.5, 'tau_m': 265.0, 'rate_low': 13.0, 'rate_high': 39.5}.[0m
2021-04-21 18:35:47.407370: I tensorflow/compiler/jit/xla_gpu_device.cc:99] Not creating XLA devices, tf_xla_enable_xla_devices not set
maxFreq at 10nA: 250.0
2021-04-21 18:36:05.127590: I tensorflow/compiler/jit/xla_gpu_device.cc:99] Not creating XLA devices, tf_xla_enable_xla_devices not set
2021-04-21 18:36:12.216363: I tensorflow/compiler/jit/xla_gpu_device.cc:99] Not creating XLA devices, tf_xla_enable_xla_devices not set
mse and spike frequency: 0.00028 48.23
[32m[I 2021-04-21 18:36:18,723][0m Trial 13 finished with values: [0.00028, 48.23] with parameters: {'Vahp': -51.5, 'Vth': -32.0, 'Vmax': 20.5, 't_ref': 3.0, 'R': 0.4, 'tau_m': 102.5, 'rate_low': 49.0, 'rate_high': 49.0}.[0m
2021-04-21 18:36:19.159551: I tensorflow/compiler/jit/xla_gpu_device.cc:99] Not creating XLA devices, tf_xla_enable_xla_devices not set
maxFreq at 10nA: 1000.0
2021-04-21 18:36:37.310471: I tensorflow/compiler/jit/xla_gpu_device.cc:99] Not creating XLA devices, tf_xla_enable_xla_devices not set
2021-04-21 18:36:44.692850: I tensorflow/compiler/jit/xla_gpu_device.cc:99] Not creating XLA devices, tf_xla_enable_xla_devices not set
mse and spike frequency: 0.11775 0.0
[32m[I 2021-04-21 18:36:51,502][0m Trial 14 finished with values: [0.11775, 0.0] with parameters: {'Vahp': -26.5, 'Vth': -38.5, 'Vmax': 35.0, 't_ref': 17.5, 'R': 0.7000000000000001, 'tau_m': 41.0, 'rate_low': 23.5, 'rate_high': 34.0}.[0m
2021-04-21 18:36:51.994056: I tensorflow/compiler/jit/xla_gpu_device.cc:99] Not creating XLA devices, tf_xla_enable_xla_devices not set
maxFreq at 10nA: 1000.0
2021-04-21 18:37:10.270623: I tensorflow/compiler/jit/xla_gpu_device.cc:99] Not creating XLA devices, tf_xla_enable_xla_devices not set
2021-04-21 18:37:17.718218: I tensorflow/compiler/jit/xla_gpu_device.cc:99] Not creating XLA devices, tf_xla_enable_xla_devices not set
mse and spike frequency: 0.11775 0.0
[32m[I 2021-04-21 18:37:25,273][0m Trial 15 finished with values: [0.11775, 0.0] with parameters: {'Vahp': -32.0, 'Vth': -37.5, 'Vmax': 31.5, 't_ref': 3.0, 'R': 0.4, 'tau_m': 27.5, 'rate_low': 48.0, 'rate_high': 48.5}.[0m
2021-04-21 18:37:25.782076: I tensorflow/compiler/jit/xla_gpu_device.cc:99] Not creating XLA devices, tf_xla_enable_xla_devices not set
maxFreq at 10nA: 1000.0
2021-04-21 18:37:44.421556: I tensorflow/compiler/jit/xla_gpu_device.cc:99] Not creating XLA devices, tf_xla_enable_xla_devices not set
2021-04-21 18:37:52.050130: I tensorflow/compiler/jit/xla_gpu_device.cc:99] Not creating XLA devices, tf_xla_enable_xla_devices not set
mse and spike frequency: 0.11775 0.0
[32m[I 2021-04-21 18:37:59,618][0m Trial 16 finished with values: [0.11775, 0.0] with parameters: {'Vahp': -20.0, 'Vth': -52.0, 'Vmax': 15.5, 't_ref': 19.5, 'R': 0.9, 'tau_m': 423.5, 'rate_low': 12.5, 'rate_high': 13.5}.[0m
2021-04-21 18:38:00.116382: I tensorflow/compiler/jit/xla_gpu_device.cc:99] Not creating XLA devices, tf_xla_enable_xla_devices not set
maxFreq at 10nA: 67.0
2021-04-21 18:38:18.370546: I tensorflow/compiler/jit/xla_gpu_device.cc:99] Not creating XLA devices, tf_xla_enable_xla_devices not set
2021-04-21 18:38:25.885158: I tensorflow/compiler/jit/xla_gpu_device.cc:99] Not creating XLA devices, tf_xla_enable_xla_devices not set
mse and spike frequency: 0.00079 15.67
[32m[I 2021-04-21 18:38:33,307][0m Trial 17 finished with values: [0.00079, 15.67] with parameters: {'Vahp': -54.0, 'Vth': -43.5, 'Vmax': 24.0, 't_ref': 13.0, 'R': 0.30000000000000004, 'tau_m': 295.5, 'rate_low': 39.5, 'rate_high': 44.0}.[0m
2021-04-21 18:38:33.782858: I tensorflow/compiler/jit/xla_gpu_device.cc:99] Not creating XLA devices, tf_xla_enable_xla_devices not set
maxFreq at 10nA: 56.0
2021-04-21 18:38:52.631174: I tensorflow/compiler/jit/xla_gpu_device.cc:99] Not creating XLA devices, tf_xla_enable_xla_devices not set
2021-04-21 18:39:00.213924: I tensorflow/compiler/jit/xla_gpu_device.cc:99] Not creating XLA devices, tf_xla_enable_xla_devices not set
mse and spike frequency: 0.00121 8.72
[32m[I 2021-04-21 18:39:07,848][0m Trial 18 finished with values: [0.00121, 8.72] with parameters: {'Vahp': -52.0, 'Vth': -23.0, 'Vmax': 36.0, 't_ref': 16.0, 'R': 0.6, 'tau_m': 394.0, 'rate_low': 29.5, 'rate_high': 43.5}.[0m
2021-04-21 18:39:08.279476: I tensorflow/compiler/jit/xla_gpu_device.cc:99] Not creating XLA devices, tf_xla_enable_xla_devices not set
maxFreq at 10nA: 56.0
2021-04-21 18:39:26.911607: I tensorflow/compiler/jit/xla_gpu_device.cc:99] Not creating XLA devices, tf_xla_enable_xla_devices not set
2021-04-21 18:39:34.682809: I tensorflow/compiler/jit/xla_gpu_device.cc:99] Not creating XLA devices, tf_xla_enable_xla_devices not set
mse and spike frequency: 0.00267 20.87
[32m[I 2021-04-21 18:39:41,848][0m Trial 19 finished with values: [0.00267, 20.87] with parameters: {'Vahp': -42.5, 'Vth': -33.0, 'Vmax': 33.5, 't_ref': 17.0, 'R': 0.1, 'tau_m': 10.5, 'rate_low': 36.5, 'rate_high': 46.5}.[0m
2021-04-21 18:39:42.541146: I tensorflow/compiler/jit/xla_gpu_device.cc:99] Not creating XLA devices, tf_xla_enable_xla_devices not set
maxFreq at 10nA: 1000.0
2021-04-21 18:40:00.989552: I tensorflow/compiler/jit/xla_gpu_device.cc:99] Not creating XLA devices, tf_xla_enable_xla_devices not set
2021-04-21 18:40:08.929128: I tensorflow/compiler/jit/xla_gpu_device.cc:99] Not creating XLA devices, tf_xla_enable_xla_devices not set
mse and spike frequency: 0.11775 0.0
[32m[I 2021-04-21 18:40:16,691][0m Trial 20 finished with values: [0.11775, 0.0] with parameters: {'Vahp': -22.0, 'Vth': -34.0, 'Vmax': 21.0, 't_ref': 20.0, 'R': 0.30000000000000004, 'tau_m': 71.0, 'rate_low': 50.0, 'rate_high': 50.0}.[0m
2021-04-21 18:40:17.182402: I tensorflow/compiler/jit/xla_gpu_device.cc:99] Not creating XLA devices, tf_xla_enable_xla_devices not set
maxFreq at 10nA: 63.0
2021-04-21 18:40:36.230860: I tensorflow/compiler/jit/xla_gpu_device.cc:99] Not creating XLA devices, tf_xla_enable_xla_devices not set
2021-04-21 18:40:44.401218: I tensorflow/compiler/jit/xla_gpu_device.cc:99] Not creating XLA devices, tf_xla_enable_xla_devices not set
mse and spike frequency: 0.00175 6.12
[32m[I 2021-04-21 18:40:51,641][0m Trial 21 finished with values: [0.00175, 6.12] with parameters: {'Vahp': -40.0, 'Vth': -27.0, 'Vmax': 23.0, 't_ref': 14.5, 'R': 0.8, 'tau_m': 469.0, 'rate_low': 6.5, 'rate_high': 20.0}.[0m
2021-04-21 18:40:52.243999: I tensorflow/compiler/jit/xla_gpu_device.cc:99] Not creating XLA devices, tf_xla_enable_xla_devices not set
maxFreq at 10nA: 56.0
2021-04-21 18:41:11.979913: I tensorflow/compiler/jit/xla_gpu_device.cc:99] Not creating XLA devices, tf_xla_enable_xla_devices not set
2021-04-21 18:41:19.952189: I tensorflow/compiler/jit/xla_gpu_device.cc:99] Not creating XLA devices, tf_xla_enable_xla_devices not set
mse and spike frequency: 0.0055 1.7
[32m[I 2021-04-21 18:41:27,362][0m Trial 22 finished with values: [0.0055, 1.7] with parameters: {'Vahp': -54.0, 'Vth': -37.0, 'Vmax': 36.5, 't_ref': 15.0, 'R': 0.2, 'tau_m': 241.5, 'rate_low': 4.0, 'rate_high': 33.5}.[0m
2021-04-21 18:41:27.895636: I tensorflow/compiler/jit/xla_gpu_device.cc:99] Not creating XLA devices, tf_xla_enable_xla_devices not set
maxFreq at 10nA: 1000.0
2021-04-21 18:41:48.142924: I tensorflow/compiler/jit/xla_gpu_device.cc:99] Not creating XLA devices, tf_xla_enable_xla_devices not set
2021-04-21 18:41:56.269963: I tensorflow/compiler/jit/xla_gpu_device.cc:99] Not creating XLA devices, tf_xla_enable_xla_devices not set
mse and spike frequency: 0.11775 0.0
[32m[I 2021-04-21 18:42:03,762][0m Trial 23 finished with values: [0.11775, 0.0] with parameters: {'Vahp': -45.5, 'Vth': -52.0, 'Vmax': 34.5, 't_ref': 1.5, 'R': 0.9, 'tau_m': 482.0, 'rate_low': 42.5, 'rate_high': 45.5}.[0m
2021-04-21 18:42:04.286001: I tensorflow/compiler/jit/xla_gpu_device.cc:99] Not creating XLA devices, tf_xla_enable_xla_devices not set
maxFreq at 10nA: 167.0
2021-04-21 18:42:24.294269: I tensorflow/compiler/jit/xla_gpu_device.cc:99] Not creating XLA devices, tf_xla_enable_xla_devices not set
2021-04-21 18:42:32.569541: I tensorflow/compiler/jit/xla_gpu_device.cc:99] Not creating XLA devices, tf_xla_enable_xla_devices not set
mse and spike frequency: 0.00044 11.44
[32m[I 2021-04-21 18:42:40,419][0m Trial 24 finished with values: [0.00044, 11.44] with parameters: {'Vahp': -57.5, 'Vth': -44.5, 'Vmax': 18.0, 't_ref': 4.5, 'R': 0.9, 'tau_m': 432.5, 'rate_low': 9.5, 'rate_high': 33.0}.[0m
2021-04-21 18:42:40.934615: I tensorflow/compiler/jit/xla_gpu_device.cc:99] Not creating XLA devices, tf_xla_enable_xla_devices not set
maxFreq at 10nA: 999.0
2021-04-21 18:43:00.684230: I tensorflow/compiler/jit/xla_gpu_device.cc:99] Not creating XLA devices, tf_xla_enable_xla_devices not set
2021-04-21 18:43:09.061533: I tensorflow/compiler/jit/xla_gpu_device.cc:99] Not creating XLA devices, tf_xla_enable_xla_devices not set
mse and spike frequency: 0.11775 0.0
[32m[I 2021-04-21 18:43:16,619][0m Trial 25 finished with values: [0.11775, 0.0] with parameters: {'Vahp': -34.5, 'Vth': -43.5, 'Vmax': 27.5, 't_ref': 17.0, 'R': 0.5, 'tau_m': 386.0, 'rate_low': 39.5, 'rate_high': 43.0}.[0m
2021-04-21 18:43:17.144811: I tensorflow/compiler/jit/xla_gpu_device.cc:99] Not creating XLA devices, tf_xla_enable_xla_devices not set
maxFreq at 10nA: 1000.0
2021-04-21 18:43:37.695555: I tensorflow/compiler/jit/xla_gpu_device.cc:99] Not creating XLA devices, tf_xla_enable_xla_devices not set
2021-04-21 18:43:46.202413: I tensorflow/compiler/jit/xla_gpu_device.cc:99] Not creating XLA devices, tf_xla_enable_xla_devices not set
mse and spike frequency: 0.11775 0.0
[32m[I 2021-04-21 18:43:53,876][0m Trial 26 finished with values: [0.11775, 0.0] with parameters: {'Vahp': -54.0, 'Vth': -58.0, 'Vmax': 32.0, 't_ref': 5.5, 'R': 0.2, 'tau_m': 274.5, 'rate_low': 8.0, 'rate_high': 12.0}.[0m
2021-04-21 18:43:54.392166: I tensorflow/compiler/jit/xla_gpu_device.cc:99] Not creating XLA devices, tf_xla_enable_xla_devices not set
maxFreq at 10nA: 1000.0
2021-04-21 18:44:14.684011: I tensorflow/compiler/jit/xla_gpu_device.cc:99] Not creating XLA devices, tf_xla_enable_xla_devices not set
2021-04-21 18:44:22.894611: I tensorflow/compiler/jit/xla_gpu_device.cc:99] Not creating XLA devices, tf_xla_enable_xla_devices not set
mse and spike frequency: 0.11775 0.0
