[32m[I 2021-04-21 20:06:45,337][0m Trial 120 finished with values: [0.11775, 0.0] with parameters: {'Vahp': -52.5, 'Vth': -51.5, 'Vmax': 27.5, 't_ref': 6.5, 'R': 0.4, 'tau_m': 23.5, 'rate_low': 15.5, 'rate_high': 34.0}.[0m
2021-04-21 20:06:45.938143: I tensorflow/compiler/jit/xla_gpu_device.cc:99] Not creating XLA devices, tf_xla_enable_xla_devices not set
maxFreq at 10nA: 125.0
2021-04-21 20:07:16.651342: I tensorflow/compiler/jit/xla_gpu_device.cc:99] Not creating XLA devices, tf_xla_enable_xla_devices not set
2021-04-21 20:07:37.540140: I tensorflow/compiler/jit/xla_gpu_device.cc:99] Not creating XLA devices, tf_xla_enable_xla_devices not set
mse and spike frequency: 0.00062 9.02
[32m[I 2021-04-21 20:07:57,794][0m Trial 121 finished with values: [0.00062, 9.02] with parameters: {'Vahp': -43.0, 'Vth': -28.0, 'Vmax': 35.5, 't_ref': 6.0, 'R': 0.5, 'tau_m': 369.5, 'rate_low': 13.0, 'rate_high': 41.0}.[0m
2021-04-21 20:07:58.401741: I tensorflow/compiler/jit/xla_gpu_device.cc:99] Not creating XLA devices, tf_xla_enable_xla_devices not set
maxFreq at 10nA: 1000.0
2021-04-21 20:08:29.899170: I tensorflow/compiler/jit/xla_gpu_device.cc:99] Not creating XLA devices, tf_xla_enable_xla_devices not set
2021-04-21 20:08:50.239331: I tensorflow/compiler/jit/xla_gpu_device.cc:99] Not creating XLA devices, tf_xla_enable_xla_devices not set
mse and spike frequency: 0.11775 0.0
[32m[I 2021-04-21 20:09:10,575][0m Trial 122 finished with values: [0.11775, 0.0] with parameters: {'Vahp': -23.0, 'Vth': -52.5, 'Vmax': 12.0, 't_ref': 7.5, 'R': 0.9, 'tau_m': 291.5, 'rate_low': 6.0, 'rate_high': 31.5}.[0m
2021-04-21 20:09:11.200439: I tensorflow/compiler/jit/xla_gpu_device.cc:99] Not creating XLA devices, tf_xla_enable_xla_devices not set
maxFreq at 10nA: 167.0
2021-04-21 20:09:42.762203: I tensorflow/compiler/jit/xla_gpu_device.cc:99] Not creating XLA devices, tf_xla_enable_xla_devices not set
2021-04-21 20:10:03.315273: I tensorflow/compiler/jit/xla_gpu_device.cc:99] Not creating XLA devices, tf_xla_enable_xla_devices not set
mse and spike frequency: 0.00081 9.84
[32m[I 2021-04-21 20:10:23,703][0m Trial 123 finished with values: [0.00081, 9.84] with parameters: {'Vahp': -48.5, 'Vth': -35.0, 'Vmax': 24.5, 't_ref': 5.0, 'R': 0.7000000000000001, 'tau_m': 79.0, 'rate_low': 3.0, 'rate_high': 39.0}.[0m
2021-04-21 20:10:24.351423: I tensorflow/compiler/jit/xla_gpu_device.cc:99] Not creating XLA devices, tf_xla_enable_xla_devices not set
maxFreq at 10nA: 1000.0
2021-04-21 20:10:56.074783: I tensorflow/compiler/jit/xla_gpu_device.cc:99] Not creating XLA devices, tf_xla_enable_xla_devices not set
2021-04-21 20:11:16.883041: I tensorflow/compiler/jit/xla_gpu_device.cc:99] Not creating XLA devices, tf_xla_enable_xla_devices not set
mse and spike frequency: 0.11775 0.0
[32m[I 2021-04-21 20:11:37,250][0m Trial 124 finished with values: [0.11775, 0.0] with parameters: {'Vahp': -23.0, 'Vth': -29.0, 'Vmax': 15.0, 't_ref': 16.0, 'R': 0.9, 'tau_m': 203.5, 'rate_low': 15.0, 'rate_high': 26.0}.[0m
2021-04-21 20:11:37.970320: I tensorflow/compiler/jit/xla_gpu_device.cc:99] Not creating XLA devices, tf_xla_enable_xla_devices not set
maxFreq at 10nA: 56.0
2021-04-21 20:12:09.576380: I tensorflow/compiler/jit/xla_gpu_device.cc:99] Not creating XLA devices, tf_xla_enable_xla_devices not set
2021-04-21 20:12:29.895457: I tensorflow/compiler/jit/xla_gpu_device.cc:99] Not creating XLA devices, tf_xla_enable_xla_devices not set
mse and spike frequency: 0.00086 19.39
[32m[I 2021-04-21 20:12:49,972][0m Trial 125 finished with values: [0.00086, 19.39] with parameters: {'Vahp': -42.0, 'Vth': -30.5, 'Vmax': 26.0, 't_ref': 17.0, 'R': 0.7000000000000001, 'tau_m': 216.5, 'rate_low': 31.5, 'rate_high': 48.5}.[0m
2021-04-21 20:12:50.638050: I tensorflow/compiler/jit/xla_gpu_device.cc:99] Not creating XLA devices, tf_xla_enable_xla_devices not set
maxFreq at 10nA: 99.0
2021-04-21 20:13:22.619026: I tensorflow/compiler/jit/xla_gpu_device.cc:99] Not creating XLA devices, tf_xla_enable_xla_devices not set
2021-04-21 20:13:42.697817: I tensorflow/compiler/jit/xla_gpu_device.cc:99] Not creating XLA devices, tf_xla_enable_xla_devices not set
mse and spike frequency: 0.085 0.24
[32m[I 2021-04-21 20:14:02,406][0m Trial 126 finished with values: [0.085, 0.24] with parameters: {'Vahp': -51.0, 'Vth': -21.0, 'Vmax': 39.0, 't_ref': 1.0, 'R': 0.1, 'tau_m': 278.5, 'rate_low': 17.0, 'rate_high': 10.0}.[0m
2021-04-21 20:14:03.023450: I tensorflow/compiler/jit/xla_gpu_device.cc:99] Not creating XLA devices, tf_xla_enable_xla_devices not set
maxFreq at 10nA: 1000.0
2021-04-21 20:14:35.062632: I tensorflow/compiler/jit/xla_gpu_device.cc:99] Not creating XLA devices, tf_xla_enable_xla_devices not set
2021-04-21 20:14:55.173466: I tensorflow/compiler/jit/xla_gpu_device.cc:99] Not creating XLA devices, tf_xla_enable_xla_devices not set
mse and spike frequency: 0.11775 0.0
[32m[I 2021-04-21 20:15:15,469][0m Trial 127 finished with values: [0.11775, 0.0] with parameters: {'Vahp': -23.0, 'Vth': -52.5, 'Vmax': 37.5, 't_ref': 11.5, 'R': 0.9, 'tau_m': 368.5, 'rate_low': 31.5, 'rate_high': 37.0}.[0m
2021-04-21 20:15:16.139350: I tensorflow/compiler/jit/xla_gpu_device.cc:99] Not creating XLA devices, tf_xla_enable_xla_devices not set
maxFreq at 10nA: 53.0
2021-04-21 20:15:48.809490: I tensorflow/compiler/jit/xla_gpu_device.cc:99] Not creating XLA devices, tf_xla_enable_xla_devices not set
2021-04-21 20:16:09.617888: I tensorflow/compiler/jit/xla_gpu_device.cc:99] Not creating XLA devices, tf_xla_enable_xla_devices not set
mse and spike frequency: 0.00186 4.41
[32m[I 2021-04-21 20:16:29,893][0m Trial 128 finished with values: [0.00186, 4.41] with parameters: {'Vahp': -51.0, 'Vth': -35.5, 'Vmax': 28.5, 't_ref': 18.0, 'R': 0.8, 'tau_m': 316.0, 'rate_low': 3.0, 'rate_high': 27.5}.[0m
2021-04-21 20:16:30.510884: I tensorflow/compiler/jit/xla_gpu_device.cc:99] Not creating XLA devices, tf_xla_enable_xla_devices not set
maxFreq at 10nA: 1000.0
2021-04-21 20:17:02.921379: I tensorflow/compiler/jit/xla_gpu_device.cc:99] Not creating XLA devices, tf_xla_enable_xla_devices not set
2021-04-21 20:17:24.184722: I tensorflow/compiler/jit/xla_gpu_device.cc:99] Not creating XLA devices, tf_xla_enable_xla_devices not set
mse and spike frequency: 0.11775 0.0
[32m[I 2021-04-21 20:17:44,061][0m Trial 129 finished with values: [0.11775, 0.0] with parameters: {'Vahp': -50.5, 'Vth': -52.5, 'Vmax': 15.5, 't_ref': 2.5, 'R': 0.6, 'tau_m': 45.5, 'rate_low': 25.0, 'rate_high': 50.0}.[0m
2021-04-21 20:17:44.719926: I tensorflow/compiler/jit/xla_gpu_device.cc:99] Not creating XLA devices, tf_xla_enable_xla_devices not set
maxFreq at 10nA: 1000.0
2021-04-21 20:18:17.233195: I tensorflow/compiler/jit/xla_gpu_device.cc:99] Not creating XLA devices, tf_xla_enable_xla_devices not set
2021-04-21 20:18:38.390646: I tensorflow/compiler/jit/xla_gpu_device.cc:99] Not creating XLA devices, tf_xla_enable_xla_devices not set
mse and spike frequency: 0.11775 0.0
[32m[I 2021-04-21 20:18:58,677][0m Trial 130 finished with values: [0.11775, 0.0] with parameters: {'Vahp': -50.5, 'Vth': -58.0, 'Vmax': 23.0, 't_ref': 11.5, 'R': 0.5, 'tau_m': 368.5, 'rate_low': 17.0, 'rate_high': 42.5}.[0m
2021-04-21 20:18:59.383691: I tensorflow/compiler/jit/xla_gpu_device.cc:99] Not creating XLA devices, tf_xla_enable_xla_devices not set
maxFreq at 10nA: 53.0
2021-04-21 20:19:31.793315: I tensorflow/compiler/jit/xla_gpu_device.cc:99] Not creating XLA devices, tf_xla_enable_xla_devices not set
2021-04-21 20:19:52.856379: I tensorflow/compiler/jit/xla_gpu_device.cc:99] Not creating XLA devices, tf_xla_enable_xla_devices not set
mse and spike frequency: 3.70552 3.66
[32m[I 2021-04-21 20:20:13,971][0m Trial 131 finished with values: [3.70552, 3.66] with parameters: {'Vahp': -24.0, 'Vth': -21.0, 'Vmax': 22.0, 't_ref': 18.0, 'R': 0.5, 'tau_m': 278.5, 'rate_low': 4.5, 'rate_high': 10.0}.[0m
2021-04-21 20:20:14.634729: I tensorflow/compiler/jit/xla_gpu_device.cc:99] Not creating XLA devices, tf_xla_enable_xla_devices not set
maxFreq at 10nA: 111.0
2021-04-21 20:20:46.907450: I tensorflow/compiler/jit/xla_gpu_device.cc:99] Not creating XLA devices, tf_xla_enable_xla_devices not set
2021-04-21 20:21:09.054864: I tensorflow/compiler/jit/xla_gpu_device.cc:99] Not creating XLA devices, tf_xla_enable_xla_devices not set
mse and spike frequency: 0.04387 0.42
[32m[I 2021-04-21 20:21:30,169][0m Trial 132 finished with values: [0.04387, 0.42] with parameters: {'Vahp': -44.0, 'Vth': -29.0, 'Vmax': 24.5, 't_ref': 7.0, 'R': 0.5, 'tau_m': 420.5, 'rate_low': 4.5, 'rate_high': 10.0}.[0m
2021-04-21 20:21:30.835416: I tensorflow/compiler/jit/xla_gpu_device.cc:99] Not creating XLA devices, tf_xla_enable_xla_devices not set
maxFreq at 10nA: 72.0
2021-04-21 20:22:03.292548: I tensorflow/compiler/jit/xla_gpu_device.cc:99] Not creating XLA devices, tf_xla_enable_xla_devices not set
2021-04-21 20:22:24.339681: I tensorflow/compiler/jit/xla_gpu_device.cc:99] Not creating XLA devices, tf_xla_enable_xla_devices not set
mse and spike frequency: 12.97248 9.28
[32m[I 2021-04-21 20:22:45,698][0m Trial 133 finished with values: [12.97248, 9.28] with parameters: {'Vahp': -54.5, 'Vth': -20.0, 'Vmax': 24.5, 't_ref': 12.0, 'R': 0.2, 'tau_m': 79.0, 'rate_low': 3.0, 'rate_high': 17.0}.[0m
2021-04-21 20:22:46.369468: I tensorflow/compiler/jit/xla_gpu_device.cc:99] Not creating XLA devices, tf_xla_enable_xla_devices not set
maxFreq at 10nA: 250.0
2021-04-21 20:23:18.825670: I tensorflow/compiler/jit/xla_gpu_device.cc:99] Not creating XLA devices, tf_xla_enable_xla_devices not set
2021-04-21 20:23:40.646311: I tensorflow/compiler/jit/xla_gpu_device.cc:99] Not creating XLA devices, tf_xla_enable_xla_devices not set
mse and spike frequency: 0.00055 73.7
[32m[I 2021-04-21 20:24:02,087][0m Trial 134 finished with values: [0.00055, 73.7] with parameters: {'Vahp': -50.5, 'Vth': -32.0, 'Vmax': 27.5, 't_ref': 2.5, 'R': 0.8, 'tau_m': 45.5, 'rate_low': 25.0, 'rate_high': 41.5}.[0m
2021-04-21 20:24:02.803484: I tensorflow/compiler/jit/xla_gpu_device.cc:99] Not creating XLA devices, tf_xla_enable_xla_devices not set
maxFreq at 10nA: 1000.0
2021-04-21 20:24:36.413281: I tensorflow/compiler/jit/xla_gpu_device.cc:99] Not creating XLA devices, tf_xla_enable_xla_devices not set
2021-04-21 20:24:58.437117: I tensorflow/compiler/jit/xla_gpu_device.cc:99] Not creating XLA devices, tf_xla_enable_xla_devices not set
mse and spike frequency: 0.11775 0.0
[32m[I 2021-04-21 20:25:19,943][0m Trial 135 finished with values: [0.11775, 0.0] with parameters: {'Vahp': -24.0, 'Vth': -30.5, 'Vmax': 13.0, 't_ref': 17.0, 'R': 0.7000000000000001, 'tau_m': 89.0, 'rate_low': 7.0, 'rate_high': 48.5}.[0m
2021-04-21 20:25:20.606333: I tensorflow/compiler/jit/xla_gpu_device.cc:99] Not creating XLA devices, tf_xla_enable_xla_devices not set
maxFreq at 10nA: 991.0
2021-04-21 20:25:53.641047: I tensorflow/compiler/jit/xla_gpu_device.cc:99] Not creating XLA devices, tf_xla_enable_xla_devices not set
2021-04-21 20:26:16.269016: I tensorflow/compiler/jit/xla_gpu_device.cc:99] Not creating XLA devices, tf_xla_enable_xla_devices not set
mse and spike frequency: 0.11775 0.0
[32m[I 2021-04-21 20:26:37,927][0m Trial 136 finished with values: [0.11775, 0.0] with parameters: {'Vahp': -31.0, 'Vth': -38.5, 'Vmax': 29.5, 't_ref': 1.0, 'R': 0.1, 'tau_m': 479.0, 'rate_low': 42.5, 'rate_high': 43.0}.[0m
2021-04-21 20:26:38.601204: I tensorflow/compiler/jit/xla_gpu_device.cc:99] Not creating XLA devices, tf_xla_enable_xla_devices not set
maxFreq at 10nA: 84.0
2021-04-21 20:27:11.979729: I tensorflow/compiler/jit/xla_gpu_device.cc:99] Not creating XLA devices, tf_xla_enable_xla_devices not set
2021-04-21 20:27:34.284033: I tensorflow/compiler/jit/xla_gpu_device.cc:99] Not creating XLA devices, tf_xla_enable_xla_devices not set
mse and spike frequency: 0.15466 0.58
[32m[I 2021-04-21 20:27:55,847][0m Trial 137 finished with values: [0.15466, 0.58] with parameters: {'Vahp': -31.0, 'Vth': -21.5, 'Vmax': 24.5, 't_ref': 10.5, 'R': 0.5, 'tau_m': 79.0, 'rate_low': 3.0, 'rate_high': 28.5}.[0m
2021-04-21 20:27:56.499128: I tensorflow/compiler/jit/xla_gpu_device.cc:99] Not creating XLA devices, tf_xla_enable_xla_devices not set
maxFreq at 10nA: 997.0
2021-04-21 20:28:30.281018: I tensorflow/compiler/jit/xla_gpu_device.cc:99] Not creating XLA devices, tf_xla_enable_xla_devices not set
2021-04-21 20:28:52.697014: I tensorflow/compiler/jit/xla_gpu_device.cc:99] Not creating XLA devices, tf_xla_enable_xla_devices not set
mse and spike frequency: 0.11775 0.0
[32m[I 2021-04-21 20:29:14,302][0m Trial 138 finished with values: [0.11775, 0.0] with parameters: {'Vahp': -29.0, 'Vth': -39.0, 'Vmax': 24.5, 't_ref': 18.0, 'R': 0.2, 'tau_m': 316.0, 'rate_low': 50.0, 'rate_high': 50.0}.[0m
2021-04-21 20:29:14.941051: I tensorflow/compiler/jit/xla_gpu_device.cc:99] Not creating XLA devices, tf_xla_enable_xla_devices not set
maxFreq at 10nA: 500.0
2021-04-21 20:29:48.058155: I tensorflow/compiler/jit/xla_gpu_device.cc:99] Not creating XLA devices, tf_xla_enable_xla_devices not set
2021-04-21 20:30:10.918748: I tensorflow/compiler/jit/xla_gpu_device.cc:99] Not creating XLA devices, tf_xla_enable_xla_devices not set
mse and spike frequency: 0.00026 30.65
[32m[I 2021-04-21 20:30:32,367][0m Trial 139 finished with values: [0.00026, 30.65] with parameters: {'Vahp': -49.0, 'Vth': -42.5, 'Vmax': 39.0, 't_ref': 1.0, 'R': 1.0, 'tau_m': 427.5, 'rate_low': 17.0, 'rate_high': 17.5}.[0m
2021-04-21 20:30:33.018438: I tensorflow/compiler/jit/xla_gpu_device.cc:99] Not creating XLA devices, tf_xla_enable_xla_devices not set
maxFreq at 10nA: 1000.0
2021-04-21 20:31:06.956868: I tensorflow/compiler/jit/xla_gpu_device.cc:99] Not creating XLA devices, tf_xla_enable_xla_devices not set
2021-04-21 20:31:29.223985: I tensorflow/compiler/jit/xla_gpu_device.cc:99] Not creating XLA devices, tf_xla_enable_xla_devices not set
mse and spike frequency: 0.11775 0.0
[32m[I 2021-04-21 20:31:50,651][0m Trial 140 finished with values: [0.11775, 0.0] with parameters: {'Vahp': -29.0, 'Vth': -58.0, 'Vmax': 12.0, 't_ref': 8.0, 'R': 0.2, 'tau_m': 232.5, 'rate_low': 24.5, 'rate_high': 32.0}.[0m
2021-04-21 20:31:51.322104: I tensorflow/compiler/jit/xla_gpu_device.cc:99] Not creating XLA devices, tf_xla_enable_xla_devices not set
maxFreq at 10nA: 1000.0
2021-04-21 20:32:24.727061: I tensorflow/compiler/jit/xla_gpu_device.cc:99] Not creating XLA devices, tf_xla_enable_xla_devices not set
2021-04-21 20:32:47.828935: I tensorflow/compiler/jit/xla_gpu_device.cc:99] Not creating XLA devices, tf_xla_enable_xla_devices not set
mse and spike frequency: 0.11775 0.0
[32m[I 2021-04-21 20:33:09,472][0m Trial 141 finished with values: [0.11775, 0.0] with parameters: {'Vahp': -27.0, 'Vth': -50.5, 'Vmax': 31.5, 't_ref': 16.0, 'R': 1.0, 'tau_m': 128.0, 'rate_low': 41.5, 'rate_high': 20.5}.[0m
2021-04-21 20:33:10.123992: I tensorflow/compiler/jit/xla_gpu_device.cc:99] Not creating XLA devices, tf_xla_enable_xla_devices not set
maxFreq at 10nA: 63.0
2021-04-21 20:33:44.060448: I tensorflow/compiler/jit/xla_gpu_device.cc:99] Not creating XLA devices, tf_xla_enable_xla_devices not set
2021-04-21 20:34:06.604481: I tensorflow/compiler/jit/xla_gpu_device.cc:99] Not creating XLA devices, tf_xla_enable_xla_devices not set
mse and spike frequency: 0.0009 21.25
[32m[I 2021-04-21 20:34:28,778][0m Trial 142 finished with values: [0.0009, 21.25] with parameters: {'Vahp': -54.5, 'Vth': -42.5, 'Vmax': 24.5, 't_ref': 15.0, 'R': 0.8, 'tau_m': 316.0, 'rate_low': 42.5, 'rate_high': 50.0}.[0m
2021-04-21 20:34:29.458857: I tensorflow/compiler/jit/xla_gpu_device.cc:99] Not creating XLA devices, tf_xla_enable_xla_devices not set
maxFreq at 10nA: 111.0
2021-04-21 20:35:03.283278: I tensorflow/compiler/jit/xla_gpu_device.cc:99] Not creating XLA devices, tf_xla_enable_xla_devices not set
2021-04-21 20:35:26.874579: I tensorflow/compiler/jit/xla_gpu_device.cc:99] Not creating XLA devices, tf_xla_enable_xla_devices not set
mse and spike frequency: 0.00046 19.46
[32m[I 2021-04-21 20:35:49,010][0m Trial 143 finished with values: [0.00046, 19.46] with parameters: {'Vahp': -50.0, 'Vth': -32.0, 'Vmax': 30.0, 't_ref': 7.0, 'R': 0.8, 'tau_m': 480.5, 'rate_low': 41.5, 'rate_high': 41.5}.[0m
2021-04-21 20:35:49.660812: I tensorflow/compiler/jit/xla_gpu_device.cc:99] Not creating XLA devices, tf_xla_enable_xla_devices not set
maxFreq at 10nA: 998.0
2021-04-21 20:36:23.814414: I tensorflow/compiler/jit/xla_gpu_device.cc:99] Not creating XLA devices, tf_xla_enable_xla_devices not set
2021-04-21 20:36:47.253042: I tensorflow/compiler/jit/xla_gpu_device.cc:99] Not creating XLA devices, tf_xla_enable_xla_devices not set
mse and spike frequency: 0.11775 0.0
[32m[I 2021-04-21 20:37:09,449][0m Trial 144 finished with values: [0.11775, 0.0] with parameters: {'Vahp': -40.0, 'Vth': -41.0, 'Vmax': 39.0, 't_ref': 20.0, 'R': 0.2, 'tau_m': 237.5, 'rate_low': 50.0, 'rate_high': 50.0}.[0m
2021-04-21 20:37:10.127637: I tensorflow/compiler/jit/xla_gpu_device.cc:99] Not creating XLA devices, tf_xla_enable_xla_devices not set
maxFreq at 10nA: 77.0
2021-04-21 20:37:44.513032: I tensorflow/compiler/jit/xla_gpu_device.cc:99] Not creating XLA devices, tf_xla_enable_xla_devices not set
2021-04-21 20:38:07.430991: I tensorflow/compiler/jit/xla_gpu_device.cc:99] Not creating XLA devices, tf_xla_enable_xla_devices not set
mse and spike frequency: 0.00143 3.67
[32m[I 2021-04-21 20:38:29,535][0m Trial 145 finished with values: [0.00143, 3.67] with parameters: {'Vahp': -41.0, 'Vth': -38.0, 'Vmax': 24.5, 't_ref': 12.0, 'R': 0.8, 'tau_m': 387.5, 'rate_low': 3.0, 'rate_high': 25.0}.[0m
2021-04-21 20:38:30.217738: I tensorflow/compiler/jit/xla_gpu_device.cc:99] Not creating XLA devices, tf_xla_enable_xla_devices not set
maxFreq at 10nA: 1000.0
2021-04-21 20:39:04.682956: I tensorflow/compiler/jit/xla_gpu_device.cc:99] Not creating XLA devices, tf_xla_enable_xla_devices not set
2021-04-21 20:39:28.004845: I tensorflow/compiler/jit/xla_gpu_device.cc:99] Not creating XLA devices, tf_xla_enable_xla_devices not set
mse and spike frequency: 0.11775 0.0
[32m[I 2021-04-21 20:39:50,239][0m Trial 146 finished with values: [0.11775, 0.0] with parameters: {'Vahp': -23.0, 'Vth': -54.5, 'Vmax': 37.5, 't_ref': 6.5, 'R': 0.9, 'tau_m': 334.5, 'rate_low': 17.0, 'rate_high': 17.5}.[0m
2021-04-21 20:39:50.911070: I tensorflow/compiler/jit/xla_gpu_device.cc:99] Not creating XLA devices, tf_xla_enable_xla_devices not set
maxFreq at 10nA: 994.0
2021-04-21 20:40:25.479026: I tensorflow/compiler/jit/xla_gpu_device.cc:99] Not creating XLA devices, tf_xla_enable_xla_devices not set
2021-04-21 20:40:48.512920: I tensorflow/compiler/jit/xla_gpu_device.cc:99] Not creating XLA devices, tf_xla_enable_xla_devices not set
mse and spike frequency: 0.11775 0.0
[32m[I 2021-04-21 20:41:11,294][0m Trial 147 finished with values: [0.11775, 0.0] with parameters: {'Vahp': -29.0, 'Vth': -34.0, 'Vmax': 15.0, 't_ref': 8.0, 'R': 0.2, 'tau_m': 492.0, 'rate_low': 50.0, 'rate_high': 50.0}.[0m
2021-04-21 20:41:11.967325: I tensorflow/compiler/jit/xla_gpu_device.cc:99] Not creating XLA devices, tf_xla_enable_xla_devices not set
maxFreq at 10nA: 48.0
2021-04-21 20:41:46.833200: I tensorflow/compiler/jit/xla_gpu_device.cc:99] Not creating XLA devices, tf_xla_enable_xla_devices not set
2021-04-21 20:42:10.125246: I tensorflow/compiler/jit/xla_gpu_device.cc:99] Not creating XLA devices, tf_xla_enable_xla_devices not set
mse and spike frequency: 0.11523 0.1
[32m[I 2021-04-21 20:42:33,005][0m Trial 148 finished with values: [0.11523, 0.1] with parameters: {'Vahp': -50.5, 'Vth': -50.5, 'Vmax': 39.0, 't_ref': 20.0, 'R': 0.5, 'tau_m': 236.5, 'rate_low': 25.0, 'rate_high': 50.0}.[0m
2021-04-21 20:42:33.698460: I tensorflow/compiler/jit/xla_gpu_device.cc:99] Not creating XLA devices, tf_xla_enable_xla_devices not set
maxFreq at 10nA: 67.0
2021-04-21 20:43:08.628761: I tensorflow/compiler/jit/xla_gpu_device.cc:99] Not creating XLA devices, tf_xla_enable_xla_devices not set
2021-04-21 20:43:31.900032: I tensorflow/compiler/jit/xla_gpu_device.cc:99] Not creating XLA devices, tf_xla_enable_xla_devices not set
mse and spike frequency: 0.08928 0.13
[32m[I 2021-04-21 20:43:54,114][0m Trial 149 finished with values: [0.08928, 0.13] with parameters: {'Vahp': -36.0, 'Vth': -21.0, 'Vmax': 27.5, 't_ref': 14.0, 'R': 0.5, 'tau_m': 278.5, 'rate_low': 4.5, 'rate_high': 10.0}.[0m
2021-04-21 20:43:54.847055: I tensorflow/compiler/jit/xla_gpu_device.cc:99] Not creating XLA devices, tf_xla_enable_xla_devices not set
maxFreq at 10nA: 1000.0
2021-04-21 20:44:29.548297: I tensorflow/compiler/jit/xla_gpu_device.cc:99] Not creating XLA devices, tf_xla_enable_xla_devices not set
2021-04-21 20:44:52.255904: I tensorflow/compiler/jit/xla_gpu_device.cc:99] Not creating XLA devices, tf_xla_enable_xla_devices not set
mse and spike frequency: 0.11775 0.0
[32m[I 2021-04-21 20:45:15,315][0m Trial 150 finished with values: [0.11775, 0.0] with parameters: {'Vahp': -23.0, 'Vth': -52.5, 'Vmax': 39.5, 't_ref': 7.5, 'R': 1.0, 'tau_m': 45.5, 'rate_low': 19.5, 'rate_high': 41.5}.[0m
2021-04-21 20:45:16.017658: I tensorflow/compiler/jit/xla_gpu_device.cc:99] Not creating XLA devices, tf_xla_enable_xla_devices not set
maxFreq at 10nA: 1000.0
2021-04-21 20:45:51.190577: I tensorflow/compiler/jit/xla_gpu_device.cc:99] Not creating XLA devices, tf_xla_enable_xla_devices not set
2021-04-21 20:46:14.235945: I tensorflow/compiler/jit/xla_gpu_device.cc:99] Not creating XLA devices, tf_xla_enable_xla_devices not set
mse and spike frequency: 0.11775 0.0
