[32m[I 2021-04-21 19:33:24,426][0m Trial 89 finished with values: [0.11775, 0.0] with parameters: {'Vahp': -34.5, 'Vth': -56.0, 'Vmax': 39.5, 't_ref': 4.0, 'R': 0.4, 'tau_m': 16.0, 'rate_low': 13.0, 'rate_high': 26.5}.[0m
2021-04-21 19:33:24.997850: I tensorflow/compiler/jit/xla_gpu_device.cc:99] Not creating XLA devices, tf_xla_enable_xla_devices not set
maxFreq at 10nA: 1000.0
2021-04-21 19:33:52.411927: I tensorflow/compiler/jit/xla_gpu_device.cc:99] Not creating XLA devices, tf_xla_enable_xla_devices not set
2021-04-21 19:34:08.156587: I tensorflow/compiler/jit/xla_gpu_device.cc:99] Not creating XLA devices, tf_xla_enable_xla_devices not set
mse and spike frequency: 0.11775 0.0
[32m[I 2021-04-21 19:34:23,152][0m Trial 90 finished with values: [0.11775, 0.0] with parameters: {'Vahp': -37.0, 'Vth': -57.0, 'Vmax': 13.0, 't_ref': 6.0, 'R': 0.8, 'tau_m': 190.5, 'rate_low': 29.5, 'rate_high': 40.0}.[0m
2021-04-21 19:34:23.689170: I tensorflow/compiler/jit/xla_gpu_device.cc:99] Not creating XLA devices, tf_xla_enable_xla_devices not set
maxFreq at 10nA: 250.0
2021-04-21 19:34:51.175337: I tensorflow/compiler/jit/xla_gpu_device.cc:99] Not creating XLA devices, tf_xla_enable_xla_devices not set
2021-04-21 19:35:07.068555: I tensorflow/compiler/jit/xla_gpu_device.cc:99] Not creating XLA devices, tf_xla_enable_xla_devices not set
mse and spike frequency: 0.00042 16.28
[32m[I 2021-04-21 19:35:22,751][0m Trial 91 finished with values: [0.00042, 16.28] with parameters: {'Vahp': -42.5, 'Vth': -21.5, 'Vmax': 21.5, 't_ref': 2.5, 'R': 0.30000000000000004, 'tau_m': 98.0, 'rate_low': 20.5, 'rate_high': 34.5}.[0m
2021-04-21 19:35:23.300767: I tensorflow/compiler/jit/xla_gpu_device.cc:99] Not creating XLA devices, tf_xla_enable_xla_devices not set
maxFreq at 10nA: 995.0
2021-04-21 19:35:50.939604: I tensorflow/compiler/jit/xla_gpu_device.cc:99] Not creating XLA devices, tf_xla_enable_xla_devices not set
2021-04-21 19:36:06.810579: I tensorflow/compiler/jit/xla_gpu_device.cc:99] Not creating XLA devices, tf_xla_enable_xla_devices not set
mse and spike frequency: 0.11775 0.0
[32m[I 2021-04-21 19:36:22,161][0m Trial 92 finished with values: [0.11775, 0.0] with parameters: {'Vahp': -27.0, 'Vth': -32.5, 'Vmax': 13.0, 't_ref': 8.0, 'R': 0.2, 'tau_m': 423.5, 'rate_low': 49.0, 'rate_high': 49.0}.[0m
2021-04-21 19:36:22.718130: I tensorflow/compiler/jit/xla_gpu_device.cc:99] Not creating XLA devices, tf_xla_enable_xla_devices not set
maxFreq at 10nA: 1000.0
2021-04-21 19:36:49.854697: I tensorflow/compiler/jit/xla_gpu_device.cc:99] Not creating XLA devices, tf_xla_enable_xla_devices not set
2021-04-21 19:37:06.185841: I tensorflow/compiler/jit/xla_gpu_device.cc:99] Not creating XLA devices, tf_xla_enable_xla_devices not set
mse and spike frequency: 0.11775 0.0
[32m[I 2021-04-21 19:37:21,625][0m Trial 93 finished with values: [0.11775, 0.0] with parameters: {'Vahp': -37.0, 'Vth': -52.5, 'Vmax': 21.0, 't_ref': 15.0, 'R': 1.0, 'tau_m': 207.5, 'rate_low': 24.5, 'rate_high': 40.0}.[0m
2021-04-21 19:37:22.200024: I tensorflow/compiler/jit/xla_gpu_device.cc:99] Not creating XLA devices, tf_xla_enable_xla_devices not set
maxFreq at 10nA: 1000.0
2021-04-21 19:37:49.089665: I tensorflow/compiler/jit/xla_gpu_device.cc:99] Not creating XLA devices, tf_xla_enable_xla_devices not set
2021-04-21 19:38:05.815221: I tensorflow/compiler/jit/xla_gpu_device.cc:99] Not creating XLA devices, tf_xla_enable_xla_devices not set
mse and spike frequency: 0.11775 0.0
[32m[I 2021-04-21 19:38:20,837][0m Trial 94 finished with values: [0.11775, 0.0] with parameters: {'Vahp': -37.0, 'Vth': -49.0, 'Vmax': 15.0, 't_ref': 7.5, 'R': 0.4, 'tau_m': 73.5, 'rate_low': 19.0, 'rate_high': 14.0}.[0m
2021-04-21 19:38:21.427223: I tensorflow/compiler/jit/xla_gpu_device.cc:99] Not creating XLA devices, tf_xla_enable_xla_devices not set
maxFreq at 10nA: 1000.0
2021-04-21 19:38:48.708485: I tensorflow/compiler/jit/xla_gpu_device.cc:99] Not creating XLA devices, tf_xla_enable_xla_devices not set
2021-04-21 19:39:05.756967: I tensorflow/compiler/jit/xla_gpu_device.cc:99] Not creating XLA devices, tf_xla_enable_xla_devices not set
mse and spike frequency: 0.11775 0.0
[32m[I 2021-04-21 19:39:21,259][0m Trial 95 finished with values: [0.11775, 0.0] with parameters: {'Vahp': -37.0, 'Vth': -52.5, 'Vmax': 27.0, 't_ref': 7.5, 'R': 0.8, 'tau_m': 73.5, 'rate_low': 2.0, 'rate_high': 14.0}.[0m
2021-04-21 19:39:21.827366: I tensorflow/compiler/jit/xla_gpu_device.cc:99] Not creating XLA devices, tf_xla_enable_xla_devices not set
maxFreq at 10nA: 999.0
2021-04-21 19:39:49.219314: I tensorflow/compiler/jit/xla_gpu_device.cc:99] Not creating XLA devices, tf_xla_enable_xla_devices not set
2021-04-21 19:40:06.686089: I tensorflow/compiler/jit/xla_gpu_device.cc:99] Not creating XLA devices, tf_xla_enable_xla_devices not set
mse and spike frequency: 0.11775 0.0
[32m[I 2021-04-21 19:40:22,548][0m Trial 96 finished with values: [0.11775, 0.0] with parameters: {'Vahp': -40.0, 'Vth': -43.5, 'Vmax': 24.0, 't_ref': 13.0, 'R': 0.30000000000000004, 'tau_m': 295.5, 'rate_low': 39.5, 'rate_high': 44.0}.[0m
2021-04-21 19:40:23.127075: I tensorflow/compiler/jit/xla_gpu_device.cc:99] Not creating XLA devices, tf_xla_enable_xla_devices not set
maxFreq at 10nA: 1000.0
2021-04-21 19:40:50.909716: I tensorflow/compiler/jit/xla_gpu_device.cc:99] Not creating XLA devices, tf_xla_enable_xla_devices not set
2021-04-21 19:41:07.985938: I tensorflow/compiler/jit/xla_gpu_device.cc:99] Not creating XLA devices, tf_xla_enable_xla_devices not set
mse and spike frequency: 0.11775 0.0
[32m[I 2021-04-21 19:41:23,524][0m Trial 97 finished with values: [0.11775, 0.0] with parameters: {'Vahp': -39.0, 'Vth': -48.0, 'Vmax': 36.5, 't_ref': 18.5, 'R': 0.2, 'tau_m': 172.0, 'rate_low': 11.5, 'rate_high': 46.0}.[0m
2021-04-21 19:41:24.110252: I tensorflow/compiler/jit/xla_gpu_device.cc:99] Not creating XLA devices, tf_xla_enable_xla_devices not set
maxFreq at 10nA: 72.0
2021-04-21 19:41:51.633221: I tensorflow/compiler/jit/xla_gpu_device.cc:99] Not creating XLA devices, tf_xla_enable_xla_devices not set
2021-04-21 19:42:09.530882: I tensorflow/compiler/jit/xla_gpu_device.cc:99] Not creating XLA devices, tf_xla_enable_xla_devices not set
mse and spike frequency: 0.00073 22.2
[32m[I 2021-04-21 19:42:25,481][0m Trial 98 finished with values: [0.00073, 22.2] with parameters: {'Vahp': -57.5, 'Vth': -43.5, 'Vmax': 18.0, 't_ref': 13.0, 'R': 0.9, 'tau_m': 295.5, 'rate_low': 39.5, 'rate_high': 33.0}.[0m
2021-04-21 19:42:26.097737: I tensorflow/compiler/jit/xla_gpu_device.cc:99] Not creating XLA devices, tf_xla_enable_xla_devices not set
maxFreq at 10nA: 1000.0
2021-04-21 19:42:53.125909: I tensorflow/compiler/jit/xla_gpu_device.cc:99] Not creating XLA devices, tf_xla_enable_xla_devices not set
2021-04-21 19:43:10.846741: I tensorflow/compiler/jit/xla_gpu_device.cc:99] Not creating XLA devices, tf_xla_enable_xla_devices not set
mse and spike frequency: 0.11775 0.0
[32m[I 2021-04-21 19:43:27,046][0m Trial 99 finished with values: [0.11775, 0.0] with parameters: {'Vahp': -41.5, 'Vth': -43.5, 'Vmax': 32.5, 't_ref': 17.5, 'R': 0.6, 'tau_m': 295.5, 'rate_low': 39.5, 'rate_high': 43.5}.[0m
2021-04-21 19:43:27.679054: I tensorflow/compiler/jit/xla_gpu_device.cc:99] Not creating XLA devices, tf_xla_enable_xla_devices not set
maxFreq at 10nA: 250.0
2021-04-21 19:43:55.033185: I tensorflow/compiler/jit/xla_gpu_device.cc:99] Not creating XLA devices, tf_xla_enable_xla_devices not set
2021-04-21 19:44:12.900021: I tensorflow/compiler/jit/xla_gpu_device.cc:99] Not creating XLA devices, tf_xla_enable_xla_devices not set
mse and spike frequency: 0.00028 48.23
[32m[I 2021-04-21 19:44:29,745][0m Trial 100 finished with values: [0.00028, 48.23] with parameters: {'Vahp': -51.5, 'Vth': -32.0, 'Vmax': 20.5, 't_ref': 3.0, 'R': 0.4, 'tau_m': 102.5, 'rate_low': 49.0, 'rate_high': 49.0}.[0m
2021-04-21 19:44:30.365654: I tensorflow/compiler/jit/xla_gpu_device.cc:99] Not creating XLA devices, tf_xla_enable_xla_devices not set
maxFreq at 10nA: 91.0
2021-04-21 19:44:57.768096: I tensorflow/compiler/jit/xla_gpu_device.cc:99] Not creating XLA devices, tf_xla_enable_xla_devices not set
2021-04-21 19:45:15.507432: I tensorflow/compiler/jit/xla_gpu_device.cc:99] Not creating XLA devices, tf_xla_enable_xla_devices not set
mse and spike frequency: 0.00133 35.72
[32m[I 2021-04-21 19:45:32,084][0m Trial 101 finished with values: [0.00133, 35.72] with parameters: {'Vahp': -37.0, 'Vth': -26.0, 'Vmax': 14.0, 't_ref': 10.0, 'R': 0.4, 'tau_m': 30.5, 'rate_low': 31.0, 'rate_high': 46.0}.[0m
2021-04-21 19:45:32.652933: I tensorflow/compiler/jit/xla_gpu_device.cc:99] Not creating XLA devices, tf_xla_enable_xla_devices not set
maxFreq at 10nA: 1000.0
2021-04-21 19:46:00.352086: I tensorflow/compiler/jit/xla_gpu_device.cc:99] Not creating XLA devices, tf_xla_enable_xla_devices not set
2021-04-21 19:46:17.640185: I tensorflow/compiler/jit/xla_gpu_device.cc:99] Not creating XLA devices, tf_xla_enable_xla_devices not set
mse and spike frequency: 0.11775 0.0
[32m[I 2021-04-21 19:46:34,303][0m Trial 102 finished with values: [0.11775, 0.0] with parameters: {'Vahp': -24.5, 'Vth': -43.5, 'Vmax': 32.5, 't_ref': 17.5, 'R': 0.5, 'tau_m': 46.5, 'rate_low': 8.5, 'rate_high': 12.0}.[0m
2021-04-21 19:46:34.908216: I tensorflow/compiler/jit/xla_gpu_device.cc:99] Not creating XLA devices, tf_xla_enable_xla_devices not set
maxFreq at 10nA: 84.0
2021-04-21 19:47:03.121074: I tensorflow/compiler/jit/xla_gpu_device.cc:99] Not creating XLA devices, tf_xla_enable_xla_devices not set
2021-04-21 19:47:20.497771: I tensorflow/compiler/jit/xla_gpu_device.cc:99] Not creating XLA devices, tf_xla_enable_xla_devices not set
mse and spike frequency: 0.00054 13.92
[32m[I 2021-04-21 19:47:37,585][0m Trial 103 finished with values: [0.00054, 13.92] with parameters: {'Vahp': -57.0, 'Vth': -49.5, 'Vmax': 19.5, 't_ref': 11.0, 'R': 0.6, 'tau_m': 362.5, 'rate_low': 7.5, 'rate_high': 49.0}.[0m
2021-04-21 19:47:38.134184: I tensorflow/compiler/jit/xla_gpu_device.cc:99] Not creating XLA devices, tf_xla_enable_xla_devices not set
maxFreq at 10nA: 72.0
2021-04-21 19:48:05.762866: I tensorflow/compiler/jit/xla_gpu_device.cc:99] Not creating XLA devices, tf_xla_enable_xla_devices not set
2021-04-21 19:48:23.373747: I tensorflow/compiler/jit/xla_gpu_device.cc:99] Not creating XLA devices, tf_xla_enable_xla_devices not set
mse and spike frequency: 0.00122 7.8
[32m[I 2021-04-21 19:48:40,429][0m Trial 104 finished with values: [0.00122, 7.8] with parameters: {'Vahp': -57.0, 'Vth': -33.0, 'Vmax': 29.0, 't_ref': 11.0, 'R': 0.30000000000000004, 'tau_m': 284.5, 'rate_low': 23.5, 'rate_high': 44.5}.[0m
2021-04-21 19:48:40.975904: I tensorflow/compiler/jit/xla_gpu_device.cc:99] Not creating XLA devices, tf_xla_enable_xla_devices not set
maxFreq at 10nA: 1000.0
2021-04-21 19:49:09.477626: I tensorflow/compiler/jit/xla_gpu_device.cc:99] Not creating XLA devices, tf_xla_enable_xla_devices not set
2021-04-21 19:49:28.300070: I tensorflow/compiler/jit/xla_gpu_device.cc:99] Not creating XLA devices, tf_xla_enable_xla_devices not set
mse and spike frequency: 0.11775 0.0
[32m[I 2021-04-21 19:49:45,890][0m Trial 105 finished with values: [0.11775, 0.0] with parameters: {'Vahp': -37.0, 'Vth': -52.5, 'Vmax': 27.0, 't_ref': 11.0, 'R': 0.8, 'tau_m': 174.5, 'rate_low': 12.0, 'rate_high': 15.0}.[0m
2021-04-21 19:49:46.461000: I tensorflow/compiler/jit/xla_gpu_device.cc:99] Not creating XLA devices, tf_xla_enable_xla_devices not set
maxFreq at 10nA: 48.0
2021-04-21 19:50:14.641086: I tensorflow/compiler/jit/xla_gpu_device.cc:99] Not creating XLA devices, tf_xla_enable_xla_devices not set
2021-04-21 19:50:34.060088: I tensorflow/compiler/jit/xla_gpu_device.cc:99] Not creating XLA devices, tf_xla_enable_xla_devices not set
mse and spike frequency: 0.00772 1.0
[32m[I 2021-04-21 19:50:51,558][0m Trial 106 finished with values: [0.00772, 1.0] with parameters: {'Vahp': -36.5, 'Vth': -28.0, 'Vmax': 21.0, 't_ref': 20.0, 'R': 0.4, 'tau_m': 71.0, 'rate_low': 4.0, 'rate_high': 26.5}.[0m
2021-04-21 19:50:52.120325: I tensorflow/compiler/jit/xla_gpu_device.cc:99] Not creating XLA devices, tf_xla_enable_xla_devices not set
maxFreq at 10nA: 112.0
2021-04-21 19:51:20.919000: I tensorflow/compiler/jit/xla_gpu_device.cc:99] Not creating XLA devices, tf_xla_enable_xla_devices not set
2021-04-21 19:51:40.380199: I tensorflow/compiler/jit/xla_gpu_device.cc:99] Not creating XLA devices, tf_xla_enable_xla_devices not set
mse and spike frequency: 0.00049 30.79
[32m[I 2021-04-21 19:51:58,289][0m Trial 107 finished with values: [0.00049, 30.79] with parameters: {'Vahp': -44.5, 'Vth': -28.5, 'Vmax': 22.5, 't_ref': 8.0, 'R': 0.8, 'tau_m': 254.5, 'rate_low': 49.0, 'rate_high': 49.0}.[0m
2021-04-21 19:51:58.892579: I tensorflow/compiler/jit/xla_gpu_device.cc:99] Not creating XLA devices, tf_xla_enable_xla_devices not set
maxFreq at 10nA: 1000.0
2021-04-21 19:52:28.191225: I tensorflow/compiler/jit/xla_gpu_device.cc:99] Not creating XLA devices, tf_xla_enable_xla_devices not set
2021-04-21 19:52:47.888341: I tensorflow/compiler/jit/xla_gpu_device.cc:99] Not creating XLA devices, tf_xla_enable_xla_devices not set
mse and spike frequency: 0.11775 0.0
[32m[I 2021-04-21 19:53:06,092][0m Trial 108 finished with values: [0.11775, 0.0] with parameters: {'Vahp': -27.0, 'Vth': -52.5, 'Vmax': 33.0, 't_ref': 19.5, 'R': 0.2, 'tau_m': 241.5, 'rate_low': 7.5, 'rate_high': 16.0}.[0m
2021-04-21 19:53:06.685827: I tensorflow/compiler/jit/xla_gpu_device.cc:99] Not creating XLA devices, tf_xla_enable_xla_devices not set
maxFreq at 10nA: 1000.0
2021-04-21 19:53:36.328292: I tensorflow/compiler/jit/xla_gpu_device.cc:99] Not creating XLA devices, tf_xla_enable_xla_devices not set
2021-04-21 19:53:54.804281: I tensorflow/compiler/jit/xla_gpu_device.cc:99] Not creating XLA devices, tf_xla_enable_xla_devices not set
mse and spike frequency: 0.11775 0.0
[32m[I 2021-04-21 19:54:12,046][0m Trial 109 finished with values: [0.11775, 0.0] with parameters: {'Vahp': -37.0, 'Vth': -49.0, 'Vmax': 15.0, 't_ref': 7.5, 'R': 0.2, 'tau_m': 46.5, 'rate_low': 8.5, 'rate_high': 11.0}.[0m
2021-04-21 19:54:12.639232: I tensorflow/compiler/jit/xla_gpu_device.cc:99] Not creating XLA devices, tf_xla_enable_xla_devices not set
maxFreq at 10nA: 143.0
2021-04-21 19:54:42.232722: I tensorflow/compiler/jit/xla_gpu_device.cc:99] Not creating XLA devices, tf_xla_enable_xla_devices not set
2021-04-21 19:55:00.059986: I tensorflow/compiler/jit/xla_gpu_device.cc:99] Not creating XLA devices, tf_xla_enable_xla_devices not set
mse and spike frequency: 0.11775 0.0
[32m[I 2021-04-21 19:55:17,575][0m Trial 110 finished with values: [0.11775, 0.0] with parameters: {'Vahp': -56.5, 'Vth': -56.5, 'Vmax': 35.0, 't_ref': 6.0, 'R': 0.2, 'tau_m': 56.5, 'rate_low': 1.0, 'rate_high': 46.5}.[0m
2021-04-21 19:55:18.164900: I tensorflow/compiler/jit/xla_gpu_device.cc:99] Not creating XLA devices, tf_xla_enable_xla_devices not set
maxFreq at 10nA: 1000.0
2021-04-21 19:55:48.237737: I tensorflow/compiler/jit/xla_gpu_device.cc:99] Not creating XLA devices, tf_xla_enable_xla_devices not set
2021-04-21 19:56:06.261237: I tensorflow/compiler/jit/xla_gpu_device.cc:99] Not creating XLA devices, tf_xla_enable_xla_devices not set
mse and spike frequency: 0.11775 0.0
[32m[I 2021-04-21 19:56:24,046][0m Trial 111 finished with values: [0.11775, 0.0] with parameters: {'Vahp': -31.5, 'Vth': -52.0, 'Vmax': 28.5, 't_ref': 1.5, 'R': 0.9, 'tau_m': 482.0, 'rate_low': 42.5, 'rate_high': 40.0}.[0m
2021-04-21 19:56:24.637818: I tensorflow/compiler/jit/xla_gpu_device.cc:99] Not creating XLA devices, tf_xla_enable_xla_devices not set
maxFreq at 10nA: 1000.0
2021-04-21 19:56:55.545354: I tensorflow/compiler/jit/xla_gpu_device.cc:99] Not creating XLA devices, tf_xla_enable_xla_devices not set
2021-04-21 19:57:13.310849: I tensorflow/compiler/jit/xla_gpu_device.cc:99] Not creating XLA devices, tf_xla_enable_xla_devices not set
mse and spike frequency: 0.11775 0.0
[32m[I 2021-04-21 19:57:31,497][0m Trial 112 finished with values: [0.11775, 0.0] with parameters: {'Vahp': -37.0, 'Vth': -52.0, 'Vmax': 33.0, 't_ref': 19.5, 'R': 0.8, 'tau_m': 271.5, 'rate_low': 12.5, 'rate_high': 14.0}.[0m
2021-04-21 19:57:32.117757: I tensorflow/compiler/jit/xla_gpu_device.cc:99] Not creating XLA devices, tf_xla_enable_xla_devices not set
maxFreq at 10nA: 334.0
2021-04-21 19:58:02.882664: I tensorflow/compiler/jit/xla_gpu_device.cc:99] Not creating XLA devices, tf_xla_enable_xla_devices not set
2021-04-21 19:58:20.597778: I tensorflow/compiler/jit/xla_gpu_device.cc:99] Not creating XLA devices, tf_xla_enable_xla_devices not set
mse and spike frequency: 0.00031 34.5
[32m[I 2021-04-21 19:58:38,729][0m Trial 113 finished with values: [0.00031, 34.5] with parameters: {'Vahp': -57.5, 'Vth': -40.5, 'Vmax': 22.0, 't_ref': 1.5, 'R': 0.2, 'tau_m': 46.5, 'rate_low': 25.0, 'rate_high': 27.5}.[0m
2021-04-21 19:58:39.340257: I tensorflow/compiler/jit/xla_gpu_device.cc:99] Not creating XLA devices, tf_xla_enable_xla_devices not set
maxFreq at 10nA: 63.0
2021-04-21 19:59:09.649925: I tensorflow/compiler/jit/xla_gpu_device.cc:99] Not creating XLA devices, tf_xla_enable_xla_devices not set
2021-04-21 19:59:27.631678: I tensorflow/compiler/jit/xla_gpu_device.cc:99] Not creating XLA devices, tf_xla_enable_xla_devices not set
mse and spike frequency: 0.0081 1.65
[32m[I 2021-04-21 19:59:45,826][0m Trial 114 finished with values: [0.0081, 1.65] with parameters: {'Vahp': -57.0, 'Vth': -20.5, 'Vmax': 19.5, 't_ref': 11.0, 'R': 0.30000000000000004, 'tau_m': 362.5, 'rate_low': 3.5, 'rate_high': 49.0}.[0m
2021-04-21 19:59:46.451134: I tensorflow/compiler/jit/xla_gpu_device.cc:99] Not creating XLA devices, tf_xla_enable_xla_devices not set
maxFreq at 10nA: 29.0
2021-04-21 20:00:17.201259: I tensorflow/compiler/jit/xla_gpu_device.cc:99] Not creating XLA devices, tf_xla_enable_xla_devices not set
2021-04-21 20:00:35.245295: I tensorflow/compiler/jit/xla_gpu_device.cc:99] Not creating XLA devices, tf_xla_enable_xla_devices not set
mse and spike frequency: 0.03841 0.97
[32m[I 2021-04-21 20:00:53,189][0m Trial 115 finished with values: [0.03841, 0.97] with parameters: {'Vahp': -54.5, 'Vth': -22.0, 'Vmax': 25.5, 't_ref': 20.0, 'R': 0.1, 'tau_m': 415.5, 'rate_low': 41.0, 'rate_high': 38.0}.[0m
2021-04-21 20:00:53.807330: I tensorflow/compiler/jit/xla_gpu_device.cc:99] Not creating XLA devices, tf_xla_enable_xla_devices not set
maxFreq at 10nA: 1000.0
2021-04-21 20:01:24.277479: I tensorflow/compiler/jit/xla_gpu_device.cc:99] Not creating XLA devices, tf_xla_enable_xla_devices not set
2021-04-21 20:01:42.766762: I tensorflow/compiler/jit/xla_gpu_device.cc:99] Not creating XLA devices, tf_xla_enable_xla_devices not set
mse and spike frequency: 0.11775 0.0
[32m[I 2021-04-21 20:02:01,148][0m Trial 116 finished with values: [0.11775, 0.0] with parameters: {'Vahp': -34.5, 'Vth': -53.5, 'Vmax': 39.5, 't_ref': 2.0, 'R': 0.5, 'tau_m': 265.0, 'rate_low': 37.5, 'rate_high': 39.5}.[0m
2021-04-21 20:02:01.753933: I tensorflow/compiler/jit/xla_gpu_device.cc:99] Not creating XLA devices, tf_xla_enable_xla_devices not set
maxFreq at 10nA: 50.0
2021-04-21 20:02:32.265113: I tensorflow/compiler/jit/xla_gpu_device.cc:99] Not creating XLA devices, tf_xla_enable_xla_devices not set
2021-04-21 20:02:51.314520: I tensorflow/compiler/jit/xla_gpu_device.cc:99] Not creating XLA devices, tf_xla_enable_xla_devices not set
mse and spike frequency: 0.00113 10.9
[32m[I 2021-04-21 20:03:09,962][0m Trial 117 finished with values: [0.00113, 10.9] with parameters: {'Vahp': -44.5, 'Vth': -28.5, 'Vmax': 24.0, 't_ref': 18.0, 'R': 0.30000000000000004, 'tau_m': 271.5, 'rate_low': 39.5, 'rate_high': 48.5}.[0m
2021-04-21 20:03:10.586852: I tensorflow/compiler/jit/xla_gpu_device.cc:99] Not creating XLA devices, tf_xla_enable_xla_devices not set
maxFreq at 10nA: 1000.0
2021-04-21 20:03:41.216076: I tensorflow/compiler/jit/xla_gpu_device.cc:99] Not creating XLA devices, tf_xla_enable_xla_devices not set
2021-04-21 20:04:00.377291: I tensorflow/compiler/jit/xla_gpu_device.cc:99] Not creating XLA devices, tf_xla_enable_xla_devices not set
mse and spike frequency: 0.11775 0.0
[32m[I 2021-04-21 20:04:19,143][0m Trial 118 finished with values: [0.11775, 0.0] with parameters: {'Vahp': -24.5, 'Vth': -57.0, 'Vmax': 13.0, 't_ref': 5.5, 'R': 0.8, 'tau_m': 46.5, 'rate_low': 29.5, 'rate_high': 47.5}.[0m
2021-04-21 20:04:19.763757: I tensorflow/compiler/jit/xla_gpu_device.cc:99] Not creating XLA devices, tf_xla_enable_xla_devices not set
maxFreq at 10nA: 998.0
2021-04-21 20:04:50.640662: I tensorflow/compiler/jit/xla_gpu_device.cc:99] Not creating XLA devices, tf_xla_enable_xla_devices not set
2021-04-21 20:05:10.355365: I tensorflow/compiler/jit/xla_gpu_device.cc:99] Not creating XLA devices, tf_xla_enable_xla_devices not set
mse and spike frequency: 0.11775 0.0
[32m[I 2021-04-21 20:05:29,117][0m Trial 119 finished with values: [0.11775, 0.0] with parameters: {'Vahp': -25.5, 'Vth': -37.0, 'Vmax': 29.0, 't_ref': 15.0, 'R': 0.2, 'tau_m': 241.5, 'rate_low': 23.5, 'rate_high': 40.5}.[0m
2021-04-21 20:05:29.773271: I tensorflow/compiler/jit/xla_gpu_device.cc:99] Not creating XLA devices, tf_xla_enable_xla_devices not set
maxFreq at 10nA: 999.0
2021-04-21 20:06:00.258291: I tensorflow/compiler/jit/xla_gpu_device.cc:99] Not creating XLA devices, tf_xla_enable_xla_devices not set
2021-04-21 20:06:20.213050: I tensorflow/compiler/jit/xla_gpu_device.cc:99] Not creating XLA devices, tf_xla_enable_xla_devices not set
mse and spike frequency: 0.11775 0.0
