2021-04-21 18:27:52.632763: I tensorflow/stream_executor/platform/default/dso_loader.cc:49] Successfully opened dynamic library libcudart.so.11.0
Build finished in 0:00:01.                                                      
Simulation finished in 0:00:01.                                                 
[32m[I 2021-04-21 18:27:55,343][0m A new study created in memory with name: no-name-4766ed44-47c6-4fc9-b5d2-873a705dbdb4[0m
2021-04-21 18:27:55.526861: I tensorflow/compiler/jit/xla_cpu_device.cc:41] Not creating XLA devices, tf_xla_enable_xla_devices not set
2021-04-21 18:27:55.527774: I tensorflow/stream_executor/platform/default/dso_loader.cc:49] Successfully opened dynamic library libcuda.so.1
2021-04-21 18:27:56.515431: E tensorflow/stream_executor/cuda/cuda_driver.cc:328] failed call to cuInit: CUDA_ERROR_NO_DEVICE: no CUDA-capable device is detected
2021-04-21 18:27:56.515505: I tensorflow/stream_executor/cuda/cuda_diagnostics.cc:169] retrieving CUDA diagnostic information for host: comparch-t640
2021-04-21 18:27:56.515514: I tensorflow/stream_executor/cuda/cuda_diagnostics.cc:176] hostname: comparch-t640
2021-04-21 18:27:56.515669: I tensorflow/stream_executor/cuda/cuda_diagnostics.cc:200] libcuda reported version is: 450.66.0
2021-04-21 18:27:56.515703: I tensorflow/stream_executor/cuda/cuda_diagnostics.cc:204] kernel reported version is: 450.66.0
2021-04-21 18:27:56.515711: I tensorflow/stream_executor/cuda/cuda_diagnostics.cc:310] kernel version seems to match DSO: 450.66.0
2021-04-21 18:27:56.516052: I tensorflow/core/platform/cpu_feature_guard.cc:142] This TensorFlow binary is optimized with oneAPI Deep Neural Network Library (oneDNN) to use the following CPU instructions in performance-critical operations:  AVX2 AVX512F FMA
To enable them in other operations, rebuild TensorFlow with the appropriate compiler flags.
2021-04-21 18:27:56.518192: I tensorflow/compiler/jit/xla_gpu_device.cc:99] Not creating XLA devices, tf_xla_enable_xla_devices not set
2021-04-21 18:27:56.532041: I tensorflow/compiler/mlir/mlir_graph_optimization_pass.cc:196] None of the MLIR optimization passes are enabled (registered 0 passes)
2021-04-21 18:27:56.555935: I tensorflow/core/platform/profile_utils/cpu_utils.cc:112] CPU Frequency: 2100000000 Hz
maxFreq at 10nA: 998.0
2021-04-21 18:28:13.188141: I tensorflow/compiler/jit/xla_gpu_device.cc:99] Not creating XLA devices, tf_xla_enable_xla_devices not set
2021-04-21 18:28:20.305742: I tensorflow/compiler/jit/xla_gpu_device.cc:99] Not creating XLA devices, tf_xla_enable_xla_devices not set
mse and spike frequency: 0.11775 0.0
[32m[I 2021-04-21 18:28:25,994][0m Trial 0 finished with values: [0.11775, 0.0] with parameters: {'Vahp': -29.0, 'Vth': -39.5, 'Vmax': 14.5, 't_ref': 20.0, 'R': 0.30000000000000004, 'tau_m': 457.5, 'R_adp': 0.7000000000000001, 'tau_w': 134.5, 'a': 192.0, 'rate_low': 31.5, 'rate_high': 43.0}.[0m
2021-04-21 18:28:26.265524: I tensorflow/compiler/jit/xla_gpu_device.cc:99] Not creating XLA devices, tf_xla_enable_xla_devices not set
maxFreq at 10nA: 1000.0
2021-04-21 18:28:42.801128: I tensorflow/compiler/jit/xla_gpu_device.cc:99] Not creating XLA devices, tf_xla_enable_xla_devices not set
2021-04-21 18:28:49.803521: I tensorflow/compiler/jit/xla_gpu_device.cc:99] Not creating XLA devices, tf_xla_enable_xla_devices not set
mse and spike frequency: 0.11775 0.0
[32m[I 2021-04-21 18:28:55,669][0m Trial 1 finished with values: [0.11775, 0.0] with parameters: {'Vahp': -48.5, 'Vth': -53.0, 'Vmax': 21.0, 't_ref': 9.0, 'R': 0.8, 'tau_m': 139.5, 'R_adp': 0.30000000000000004, 'tau_w': 236.5, 'a': 360.0, 'rate_low': 39.0, 'rate_high': 43.0}.[0m
2021-04-21 18:28:55.954179: I tensorflow/compiler/jit/xla_gpu_device.cc:99] Not creating XLA devices, tf_xla_enable_xla_devices not set
maxFreq at 10nA: 1000.0
2021-04-21 18:29:13.069539: I tensorflow/compiler/jit/xla_gpu_device.cc:99] Not creating XLA devices, tf_xla_enable_xla_devices not set
2021-04-21 18:29:18.851273: I tensorflow/compiler/jit/xla_gpu_device.cc:99] Not creating XLA devices, tf_xla_enable_xla_devices not set
mse and spike frequency: 0.11771 1000.1
[32m[I 2021-04-21 18:29:23,963][0m Trial 2 finished with values: [0.11771, 1000.1] with parameters: {'Vahp': -20.0, 'Vth': -60.0, 'Vmax': 39.5, 't_ref': 8.0, 'R': 0.4, 'tau_m': 286.5, 'R_adp': 0.6, 'tau_w': 264.0, 'a': 298.0, 'rate_low': 12.5, 'rate_high': 35.5}.[0m
2021-04-21 18:29:24.254322: I tensorflow/compiler/jit/xla_gpu_device.cc:99] Not creating XLA devices, tf_xla_enable_xla_devices not set
maxFreq at 10nA: 1000.0
2021-04-21 18:29:43.654535: I tensorflow/compiler/jit/xla_gpu_device.cc:99] Not creating XLA devices, tf_xla_enable_xla_devices not set
2021-04-21 18:29:49.646799: I tensorflow/compiler/jit/xla_gpu_device.cc:99] Not creating XLA devices, tf_xla_enable_xla_devices not set
mse and spike frequency: 0.11775 0.0
[32m[I 2021-04-21 18:29:54,982][0m Trial 3 finished with values: [0.11775, 0.0] with parameters: {'Vahp': -36.5, 'Vth': -48.0, 'Vmax': 30.5, 't_ref': 6.5, 'R': 0.6, 'tau_m': 327.0, 'R_adp': 0.4, 'tau_w': 279.0, 'a': 252.0, 'rate_low': 2.0, 'rate_high': 34.5}.[0m
2021-04-21 18:29:55.302179: I tensorflow/compiler/jit/xla_gpu_device.cc:99] Not creating XLA devices, tf_xla_enable_xla_devices not set
maxFreq at 10nA: 1000.0
2021-04-21 18:30:14.988206: I tensorflow/compiler/jit/xla_gpu_device.cc:99] Not creating XLA devices, tf_xla_enable_xla_devices not set
2021-04-21 18:30:20.596994: I tensorflow/compiler/jit/xla_gpu_device.cc:99] Not creating XLA devices, tf_xla_enable_xla_devices not set
mse and spike frequency: 0.11775 0.0
[32m[I 2021-04-21 18:30:26,123][0m Trial 4 finished with values: [0.11775, 0.0] with parameters: {'Vahp': -32.0, 'Vth': -48.0, 'Vmax': 12.0, 't_ref': 9.0, 'R': 0.8, 'tau_m': 16.0, 'R_adp': 0.8, 'tau_w': 194.0, 'a': 152.5, 'rate_low': 16.5, 'rate_high': 48.5}.[0m
2021-04-21 18:30:26.463320: I tensorflow/compiler/jit/xla_gpu_device.cc:99] Not creating XLA devices, tf_xla_enable_xla_devices not set
maxFreq at 10nA: 125.0
2021-04-21 18:30:46.046833: I tensorflow/compiler/jit/xla_gpu_device.cc:99] Not creating XLA devices, tf_xla_enable_xla_devices not set
2021-04-21 18:30:52.202971: I tensorflow/compiler/jit/xla_gpu_device.cc:99] Not creating XLA devices, tf_xla_enable_xla_devices not set
mse and spike frequency: 0.558 16.84
[32m[I 2021-04-21 18:30:57,831][0m Trial 5 finished with values: [0.558, 16.84] with parameters: {'Vahp': -51.5, 'Vth': -32.5, 'Vmax': 29.5, 't_ref': 7.0, 'R': 0.9, 'tau_m': 27.5, 'R_adp': 0.9, 'tau_w': 116.5, 'a': 202.5, 'rate_low': 41.5, 'rate_high': 43.0}.[0m
2021-04-21 18:30:58.145432: I tensorflow/compiler/jit/xla_gpu_device.cc:99] Not creating XLA devices, tf_xla_enable_xla_devices not set
maxFreq at 10nA: 1000.0
2021-04-21 18:31:17.822084: I tensorflow/compiler/jit/xla_gpu_device.cc:99] Not creating XLA devices, tf_xla_enable_xla_devices not set
2021-04-21 18:31:24.166615: I tensorflow/compiler/jit/xla_gpu_device.cc:99] Not creating XLA devices, tf_xla_enable_xla_devices not set
mse and spike frequency: 0.11771 1000.1
[32m[I 2021-04-21 18:31:29,689][0m Trial 6 finished with values: [0.11771, 1000.1] with parameters: {'Vahp': -30.0, 'Vth': -58.5, 'Vmax': 20.5, 't_ref': 10.5, 'R': 0.2, 'tau_m': 283.5, 'R_adp': 0.6, 'tau_w': 437.0, 'a': 168.5, 'rate_low': 20.0, 'rate_high': 26.5}.[0m
2021-04-21 18:31:30.018606: I tensorflow/compiler/jit/xla_gpu_device.cc:99] Not creating XLA devices, tf_xla_enable_xla_devices not set
maxFreq at 10nA: 1000.0
2021-04-21 18:31:49.962551: I tensorflow/compiler/jit/xla_gpu_device.cc:99] Not creating XLA devices, tf_xla_enable_xla_devices not set
2021-04-21 18:31:56.603241: I tensorflow/compiler/jit/xla_gpu_device.cc:99] Not creating XLA devices, tf_xla_enable_xla_devices not set
mse and spike frequency: 0.11771 1000.1
[32m[I 2021-04-21 18:32:02,029][0m Trial 7 finished with values: [0.11771, 1000.1] with parameters: {'Vahp': -26.0, 'Vth': -59.5, 'Vmax': 29.5, 't_ref': 10.0, 'R': 0.5, 'tau_m': 411.5, 'R_adp': 0.2, 'tau_w': 277.5, 'a': 197.0, 'rate_low': 12.0, 'rate_high': 13.5}.[0m
2021-04-21 18:32:02.469662: I tensorflow/compiler/jit/xla_gpu_device.cc:99] Not creating XLA devices, tf_xla_enable_xla_devices not set
maxFreq at 10nA: 1000.0
2021-04-21 18:32:22.035803: I tensorflow/compiler/jit/xla_gpu_device.cc:99] Not creating XLA devices, tf_xla_enable_xla_devices not set
2021-04-21 18:32:28.484034: I tensorflow/compiler/jit/xla_gpu_device.cc:99] Not creating XLA devices, tf_xla_enable_xla_devices not set
mse and spike frequency: 0.11775 0.0
[32m[I 2021-04-21 18:32:34,034][0m Trial 8 finished with values: [0.11775, 0.0] with parameters: {'Vahp': -24.5, 'Vth': -35.5, 'Vmax': 25.5, 't_ref': 20.0, 'R': 0.6, 'tau_m': 242.0, 'R_adp': 0.8, 'tau_w': 403.0, 'a': 98.0, 'rate_low': 32.5, 'rate_high': 43.5}.[0m
2021-04-21 18:32:34.499379: I tensorflow/compiler/jit/xla_gpu_device.cc:99] Not creating XLA devices, tf_xla_enable_xla_devices not set
maxFreq at 10nA: 141.0
2021-04-21 18:32:53.319913: I tensorflow/compiler/jit/xla_gpu_device.cc:99] Not creating XLA devices, tf_xla_enable_xla_devices not set
2021-04-21 18:32:59.720042: I tensorflow/compiler/jit/xla_gpu_device.cc:99] Not creating XLA devices, tf_xla_enable_xla_devices not set
mse and spike frequency: 170.14837 23.88
[32m[I 2021-04-21 18:33:05,706][0m Trial 9 finished with values: [170.14837, 23.88] with parameters: {'Vahp': -48.0, 'Vth': -37.5, 'Vmax': 13.5, 't_ref': 1.0, 'R': 0.2, 'tau_m': 343.0, 'R_adp': 0.4, 'tau_w': 377.5, 'a': 86.0, 'rate_low': 22.0, 'rate_high': 40.5}.[0m
2021-04-21 18:33:06.061702: I tensorflow/compiler/jit/xla_gpu_device.cc:99] Not creating XLA devices, tf_xla_enable_xla_devices not set
maxFreq at 10nA: 56.0
2021-04-21 18:33:24.982847: I tensorflow/compiler/jit/xla_gpu_device.cc:99] Not creating XLA devices, tf_xla_enable_xla_devices not set
2021-04-21 18:33:31.903850: I tensorflow/compiler/jit/xla_gpu_device.cc:99] Not creating XLA devices, tf_xla_enable_xla_devices not set
mse and spike frequency: 0.10261 2.17
[32m[I 2021-04-21 18:33:37,914][0m Trial 10 finished with values: [0.10261, 2.17] with parameters: {'Vahp': -47.0, 'Vth': -21.5, 'Vmax': 25.0, 't_ref': 9.5, 'R': 0.2, 'tau_m': 115.5, 'R_adp': 0.9, 'tau_w': 113.0, 'a': 308.0, 'rate_low': 36.5, 'rate_high': 45.5}.[0m
2021-04-21 18:33:38.304413: I tensorflow/compiler/jit/xla_gpu_device.cc:99] Not creating XLA devices, tf_xla_enable_xla_devices not set
maxFreq at 10nA: 1000.0
2021-04-21 18:33:57.136896: I tensorflow/compiler/jit/xla_gpu_device.cc:99] Not creating XLA devices, tf_xla_enable_xla_devices not set
2021-04-21 18:34:04.005341: I tensorflow/compiler/jit/xla_gpu_device.cc:99] Not creating XLA devices, tf_xla_enable_xla_devices not set
mse and spike frequency: 0.11775 0.0
[32m[I 2021-04-21 18:34:10,121][0m Trial 11 finished with values: [0.11775, 0.0] with parameters: {'Vahp': -20.5, 'Vth': -47.0, 'Vmax': 22.0, 't_ref': 6.0, 'R': 1.0, 'tau_m': 144.5, 'R_adp': 0.5, 'tau_w': 154.5, 'a': 154.5, 'rate_low': 8.5, 'rate_high': 30.5}.[0m
2021-04-21 18:34:10.565517: I tensorflow/compiler/jit/xla_gpu_device.cc:99] Not creating XLA devices, tf_xla_enable_xla_devices not set
maxFreq at 10nA: 999.0
2021-04-21 18:34:29.869572: I tensorflow/compiler/jit/xla_gpu_device.cc:99] Not creating XLA devices, tf_xla_enable_xla_devices not set
2021-04-21 18:34:36.935114: I tensorflow/compiler/jit/xla_gpu_device.cc:99] Not creating XLA devices, tf_xla_enable_xla_devices not set
mse and spike frequency: 0.11775 0.0
[32m[I 2021-04-21 18:34:43,038][0m Trial 12 finished with values: [0.11775, 0.0] with parameters: {'Vahp': -31.5, 'Vth': -37.0, 'Vmax': 15.5, 't_ref': 6.5, 'R': 0.5, 'tau_m': 294.0, 'R_adp': 0.1, 'tau_w': 143.0, 'a': 481.5, 'rate_low': 24.0, 'rate_high': 44.5}.[0m
2021-04-21 18:34:43.386077: I tensorflow/compiler/jit/xla_gpu_device.cc:99] Not creating XLA devices, tf_xla_enable_xla_devices not set
maxFreq at 10nA: 63.0
2021-04-21 18:35:02.243293: I tensorflow/compiler/jit/xla_gpu_device.cc:99] Not creating XLA devices, tf_xla_enable_xla_devices not set
2021-04-21 18:35:09.480701: I tensorflow/compiler/jit/xla_gpu_device.cc:99] Not creating XLA devices, tf_xla_enable_xla_devices not set
mse and spike frequency: 10.47711 8.18
[32m[I 2021-04-21 18:35:15,818][0m Trial 13 finished with values: [10.47711, 8.18] with parameters: {'Vahp': -27.0, 'Vth': -25.0, 'Vmax': 34.0, 't_ref': 15.0, 'R': 0.6, 'tau_m': 145.0, 'R_adp': 1.0, 'tau_w': 377.5, 'a': 169.0, 'rate_low': 8.0, 'rate_high': 43.0}.[0m
2021-04-21 18:35:16.221325: I tensorflow/compiler/jit/xla_gpu_device.cc:99] Not creating XLA devices, tf_xla_enable_xla_devices not set
maxFreq at 10nA: 1000.0
2021-04-21 18:35:34.525867: I tensorflow/compiler/jit/xla_gpu_device.cc:99] Not creating XLA devices, tf_xla_enable_xla_devices not set
2021-04-21 18:35:42.124223: I tensorflow/compiler/jit/xla_gpu_device.cc:99] Not creating XLA devices, tf_xla_enable_xla_devices not set
mse and spike frequency: 0.11775 0.0
[32m[I 2021-04-21 18:35:48,635][0m Trial 14 finished with values: [0.11775, 0.0] with parameters: {'Vahp': -47.0, 'Vth': -52.5, 'Vmax': 30.5, 't_ref': 6.5, 'R': 1.0, 'tau_m': 132.5, 'R_adp': 0.1, 'tau_w': 184.5, 'a': 243.5, 'rate_low': 32.0, 'rate_high': 48.0}.[0m
2021-04-21 18:35:49.107432: I tensorflow/compiler/jit/xla_gpu_device.cc:99] Not creating XLA devices, tf_xla_enable_xla_devices not set
maxFreq at 10nA: 1000.0
2021-04-21 18:36:07.376894: I tensorflow/compiler/jit/xla_gpu_device.cc:99] Not creating XLA devices, tf_xla_enable_xla_devices not set
2021-04-21 18:36:14.987982: I tensorflow/compiler/jit/xla_gpu_device.cc:99] Not creating XLA devices, tf_xla_enable_xla_devices not set
mse and spike frequency: 0.11771 1000.1
[32m[I 2021-04-21 18:36:21,716][0m Trial 15 finished with values: [0.11771, 1000.1] with parameters: {'Vahp': -52.0, 'Vth': -59.5, 'Vmax': 22.0, 't_ref': 16.0, 'R': 1.0, 'tau_m': 483.0, 'R_adp': 0.4, 'tau_w': 155.5, 'a': 308.0, 'rate_low': 23.0, 'rate_high': 49.0}.[0m
2021-04-21 18:36:22.141614: I tensorflow/compiler/jit/xla_gpu_device.cc:99] Not creating XLA devices, tf_xla_enable_xla_devices not set
maxFreq at 10nA: 50.0
2021-04-21 18:36:41.120360: I tensorflow/compiler/jit/xla_gpu_device.cc:99] Not creating XLA devices, tf_xla_enable_xla_devices not set
2021-04-21 18:36:49.025244: I tensorflow/compiler/jit/xla_gpu_device.cc:99] Not creating XLA devices, tf_xla_enable_xla_devices not set
mse and spike frequency: 0.42167 9.62
[32m[I 2021-04-21 18:36:55,779][0m Trial 16 finished with values: [0.42167, 9.62] with parameters: {'Vahp': -47.0, 'Vth': -31.5, 'Vmax': 23.5, 't_ref': 18.5, 'R': 0.9, 'tau_m': 157.0, 'R_adp': 0.7000000000000001, 'tau_w': 341.0, 'a': 159.0, 'rate_low': 38.0, 'rate_high': 41.5}.[0m
2021-04-21 18:36:56.287719: I tensorflow/compiler/jit/xla_gpu_device.cc:99] Not creating XLA devices, tf_xla_enable_xla_devices not set
maxFreq at 10nA: 135.0
2021-04-21 18:37:15.185607: I tensorflow/compiler/jit/xla_gpu_device.cc:99] Not creating XLA devices, tf_xla_enable_xla_devices not set
2021-04-21 18:37:23.307291: I tensorflow/compiler/jit/xla_gpu_device.cc:99] Not creating XLA devices, tf_xla_enable_xla_devices not set
mse and spike frequency: 15.03204 8.64
[32m[I 2021-04-21 18:37:30,358][0m Trial 17 finished with values: [15.03204, 8.64] with parameters: {'Vahp': -38.5, 'Vth': -21.5, 'Vmax': 21.0, 't_ref': 2.0, 'R': 0.2, 'tau_m': 191.5, 'R_adp': 0.2, 'tau_w': 217.0, 'a': 272.0, 'rate_low': 23.5, 'rate_high': 37.5}.[0m
2021-04-21 18:37:30.712280: I tensorflow/compiler/jit/xla_gpu_device.cc:99] Not creating XLA devices, tf_xla_enable_xla_devices not set
maxFreq at 10nA: 52.0
2021-04-21 18:37:49.081299: I tensorflow/compiler/jit/xla_gpu_device.cc:99] Not creating XLA devices, tf_xla_enable_xla_devices not set
2021-04-21 18:37:57.412520: I tensorflow/compiler/jit/xla_gpu_device.cc:99] Not creating XLA devices, tf_xla_enable_xla_devices not set
mse and spike frequency: 8.51625 5.97
[32m[I 2021-04-21 18:38:04,647][0m Trial 18 finished with values: [8.51625, 5.97] with parameters: {'Vahp': -48.5, 'Vth': -32.5, 'Vmax': 32.5, 't_ref': 16.5, 'R': 0.8, 'tau_m': 416.5, 'R_adp': 0.7000000000000001, 'tau_w': 417.5, 'a': 429.0, 'rate_low': 9.0, 'rate_high': 43.0}.[0m
2021-04-21 18:38:05.026829: I tensorflow/compiler/jit/xla_gpu_device.cc:99] Not creating XLA devices, tf_xla_enable_xla_devices not set
maxFreq at 10nA: 1000.0
2021-04-21 18:38:24.140941: I tensorflow/compiler/jit/xla_gpu_device.cc:99] Not creating XLA devices, tf_xla_enable_xla_devices not set
2021-04-21 18:38:32.682983: I tensorflow/compiler/jit/xla_gpu_device.cc:99] Not creating XLA devices, tf_xla_enable_xla_devices not set
mse and spike frequency: 0.11775 0.0
[32m[I 2021-04-21 18:38:40,080][0m Trial 19 finished with values: [0.11775, 0.0] with parameters: {'Vahp': -28.5, 'Vth': -35.0, 'Vmax': 24.5, 't_ref': 15.0, 'R': 0.7000000000000001, 'tau_m': 195.0, 'R_adp': 0.9, 'tau_w': 457.0, 'a': 60.0, 'rate_low': 21.0, 'rate_high': 33.5}.[0m
2021-04-21 18:38:40.463114: I tensorflow/compiler/jit/xla_gpu_device.cc:99] Not creating XLA devices, tf_xla_enable_xla_devices not set
maxFreq at 10nA: 1000.0
2021-04-21 18:38:59.374617: I tensorflow/compiler/jit/xla_gpu_device.cc:99] Not creating XLA devices, tf_xla_enable_xla_devices not set
2021-04-21 18:39:07.797865: I tensorflow/compiler/jit/xla_gpu_device.cc:99] Not creating XLA devices, tf_xla_enable_xla_devices not set
mse and spike frequency: 0.11775 0.0
[32m[I 2021-04-21 18:39:15,132][0m Trial 20 finished with values: [0.11775, 0.0] with parameters: {'Vahp': -21.0, 'Vth': -51.0, 'Vmax': 26.0, 't_ref': 2.5, 'R': 0.30000000000000004, 'tau_m': 399.0, 'R_adp': 0.9, 'tau_w': 48.5, 'a': 294.5, 'rate_low': 39.5, 'rate_high': 47.0}.[0m
2021-04-21 18:39:15.498529: I tensorflow/compiler/jit/xla_gpu_device.cc:99] Not creating XLA devices, tf_xla_enable_xla_devices not set
maxFreq at 10nA: 1000.0
2021-04-21 18:39:34.301628: I tensorflow/compiler/jit/xla_gpu_device.cc:99] Not creating XLA devices, tf_xla_enable_xla_devices not set
2021-04-21 18:39:42.908403: I tensorflow/compiler/jit/xla_gpu_device.cc:99] Not creating XLA devices, tf_xla_enable_xla_devices not set
mse and spike frequency: 0.11775 0.0
[32m[I 2021-04-21 18:39:49,839][0m Trial 21 finished with values: [0.11775, 0.0] with parameters: {'Vahp': -51.5, 'Vth': -53.0, 'Vmax': 28.0, 't_ref': 13.5, 'R': 1.0, 'tau_m': 496.5, 'R_adp': 0.5, 'tau_w': 448.0, 'a': 331.0, 'rate_low': 25.0, 'rate_high': 34.0}.[0m
2021-04-21 18:39:50.210736: I tensorflow/compiler/jit/xla_gpu_device.cc:99] Not creating XLA devices, tf_xla_enable_xla_devices not set
maxFreq at 10nA: 999.0
2021-04-21 18:40:09.695179: I tensorflow/compiler/jit/xla_gpu_device.cc:99] Not creating XLA devices, tf_xla_enable_xla_devices not set
2021-04-21 18:40:18.401834: I tensorflow/compiler/jit/xla_gpu_device.cc:99] Not creating XLA devices, tf_xla_enable_xla_devices not set
mse and spike frequency: 0.11775 0.0
[32m[I 2021-04-21 18:40:25,215][0m Trial 22 finished with values: [0.11775, 0.0] with parameters: {'Vahp': -34.0, 'Vth': -38.5, 'Vmax': 27.5, 't_ref': 14.5, 'R': 0.30000000000000004, 'tau_m': 213.0, 'R_adp': 0.5, 'tau_w': 98.0, 'a': 107.0, 'rate_low': 37.0, 'rate_high': 38.0}.[0m
2021-04-21 18:40:25.610426: I tensorflow/compiler/jit/xla_gpu_device.cc:99] Not creating XLA devices, tf_xla_enable_xla_devices not set
maxFreq at 10nA: 72.0
2021-04-21 18:40:45.494280: I tensorflow/compiler/jit/xla_gpu_device.cc:99] Not creating XLA devices, tf_xla_enable_xla_devices not set
2021-04-21 18:40:54.031114: I tensorflow/compiler/jit/xla_gpu_device.cc:99] Not creating XLA devices, tf_xla_enable_xla_devices not set
mse and spike frequency: 0.22476 25.01
[32m[I 2021-04-21 18:41:01,480][0m Trial 23 finished with values: [0.22476, 25.01] with parameters: {'Vahp': -44.0, 'Vth': -43.5, 'Vmax': 17.0, 't_ref': 13.0, 'R': 0.8, 'tau_m': 3.5, 'R_adp': 0.2, 'tau_w': 215.5, 'a': 258.5, 'rate_low': 42.0, 'rate_high': 42.0}.[0m
2021-04-21 18:41:01.884238: I tensorflow/compiler/jit/xla_gpu_device.cc:99] Not creating XLA devices, tf_xla_enable_xla_devices not set
maxFreq at 10nA: 998.0
2021-04-21 18:41:21.297109: I tensorflow/compiler/jit/xla_gpu_device.cc:99] Not creating XLA devices, tf_xla_enable_xla_devices not set
2021-04-21 18:41:29.866540: I tensorflow/compiler/jit/xla_gpu_device.cc:99] Not creating XLA devices, tf_xla_enable_xla_devices not set
mse and spike frequency: 0.11775 0.0
[32m[I 2021-04-21 18:41:37,517][0m Trial 24 finished with values: [0.11775, 0.0] with parameters: {'Vahp': -23.0, 'Vth': -40.5, 'Vmax': 30.5, 't_ref': 11.5, 'R': 0.30000000000000004, 'tau_m': 359.5, 'R_adp': 0.1, 'tau_w': 484.0, 'a': 313.5, 'rate_low': 35.5, 'rate_high': 41.0}.[0m
2021-04-21 18:41:37.925885: I tensorflow/compiler/jit/xla_gpu_device.cc:99] Not creating XLA devices, tf_xla_enable_xla_devices not set
maxFreq at 10nA: 286.0
2021-04-21 18:41:57.879964: I tensorflow/compiler/jit/xla_gpu_device.cc:99] Not creating XLA devices, tf_xla_enable_xla_devices not set
2021-04-21 18:42:07.065123: I tensorflow/compiler/jit/xla_gpu_device.cc:99] Not creating XLA devices, tf_xla_enable_xla_devices not set
mse and spike frequency: 8.90448 24.76
[32m[I 2021-04-21 18:42:14,253][0m Trial 25 finished with values: [8.90448, 24.76] with parameters: {'Vahp': -45.0, 'Vth': -35.0, 'Vmax': 32.5, 't_ref': 0.5, 'R': 0.6, 'tau_m': 192.0, 'R_adp': 0.6, 'tau_w': 168.5, 'a': 191.5, 'rate_low': 38.0, 'rate_high': 41.0}.[0m
2021-04-21 18:42:14.624324: I tensorflow/compiler/jit/xla_gpu_device.cc:99] Not creating XLA devices, tf_xla_enable_xla_devices not set
maxFreq at 10nA: 41.0
2021-04-21 18:42:34.903483: I tensorflow/compiler/jit/xla_gpu_device.cc:99] Not creating XLA devices, tf_xla_enable_xla_devices not set
2021-04-21 18:42:43.879081: I tensorflow/compiler/jit/xla_gpu_device.cc:99] Not creating XLA devices, tf_xla_enable_xla_devices not set
mse and spike frequency: 3.79961 4.32
