[32m[I 2021-04-21 22:00:19,677][0m Trial 200 finished with values: [0.11775, 0.0] with parameters: {'Vahp': -38.5, 'Vth': -53.5, 'Vmax': 19.0, 't_ref': 2.0, 'R': 0.7000000000000001, 'tau_m': 132.5, 'R_adp': 0.7000000000000001, 'tau_w': 142.0, 'a': 476.5, 'rate_low': 6.5, 'rate_high': 42.5}.[0m
2021-04-21 22:00:20.654382: I tensorflow/compiler/jit/xla_gpu_device.cc:99] Not creating XLA devices, tf_xla_enable_xla_devices not set
maxFreq at 10nA: 26.0
2021-04-21 22:01:01.137435: I tensorflow/compiler/jit/xla_gpu_device.cc:99] Not creating XLA devices, tf_xla_enable_xla_devices not set
2021-04-21 22:01:29.986755: I tensorflow/compiler/jit/xla_gpu_device.cc:99] Not creating XLA devices, tf_xla_enable_xla_devices not set
mse and spike frequency: 0.17986 0.65
[32m[I 2021-04-21 22:01:58,971][0m Trial 201 finished with values: [0.17986, 0.65] with parameters: {'Vahp': -48.0, 'Vth': -37.5, 'Vmax': 11.0, 't_ref': 3.0, 'R': 0.2, 'tau_m': 213.0, 'R_adp': 0.9, 'tau_w': 458.5, 'a': 255.5, 'rate_low': 9.0, 'rate_high': 22.0}.[0m
2021-04-21 22:01:59.795287: I tensorflow/compiler/jit/xla_gpu_device.cc:99] Not creating XLA devices, tf_xla_enable_xla_devices not set
maxFreq at 10nA: 1000.0
2021-04-21 22:02:41.327056: I tensorflow/compiler/jit/xla_gpu_device.cc:99] Not creating XLA devices, tf_xla_enable_xla_devices not set
2021-04-21 22:03:11.444221: I tensorflow/compiler/jit/xla_gpu_device.cc:99] Not creating XLA devices, tf_xla_enable_xla_devices not set
mse and spike frequency: 0.11775 0.0
[32m[I 2021-04-21 22:03:40,888][0m Trial 202 finished with values: [0.11775, 0.0] with parameters: {'Vahp': -25.0, 'Vth': -51.5, 'Vmax': 30.5, 't_ref': 6.5, 'R': 0.9, 'tau_m': 328.5, 'R_adp': 0.7000000000000001, 'tau_w': 107.0, 'a': 255.5, 'rate_low': 29.0, 'rate_high': 34.0}.[0m
2021-04-21 22:03:41.851807: I tensorflow/compiler/jit/xla_gpu_device.cc:99] Not creating XLA devices, tf_xla_enable_xla_devices not set
maxFreq at 10nA: 63.0
2021-04-21 22:04:23.585929: I tensorflow/compiler/jit/xla_gpu_device.cc:99] Not creating XLA devices, tf_xla_enable_xla_devices not set
2021-04-21 22:04:54.348137: I tensorflow/compiler/jit/xla_gpu_device.cc:99] Not creating XLA devices, tf_xla_enable_xla_devices not set
mse and spike frequency: 0.00134 14.74
[32m[I 2021-04-21 22:05:23,600][0m Trial 203 finished with values: [0.00134, 14.74] with parameters: {'Vahp': -48.0, 'Vth': -37.5, 'Vmax': 13.5, 't_ref': 14.5, 'R': 0.7000000000000001, 'tau_m': 346.5, 'R_adp': 0.8, 'tau_w': 98.0, 'a': 86.0, 'rate_low': 37.0, 'rate_high': 40.5}.[0m
2021-04-21 22:05:24.459918: I tensorflow/compiler/jit/xla_gpu_device.cc:99] Not creating XLA devices, tf_xla_enable_xla_devices not set
maxFreq at 10nA: 1000.0
2021-04-21 22:06:06.081701: I tensorflow/compiler/jit/xla_gpu_device.cc:99] Not creating XLA devices, tf_xla_enable_xla_devices not set
2021-04-21 22:06:37.331749: I tensorflow/compiler/jit/xla_gpu_device.cc:99] Not creating XLA devices, tf_xla_enable_xla_devices not set
mse and spike frequency: 0.11775 0.0
[32m[I 2021-04-21 22:07:07,375][0m Trial 204 finished with values: [0.11775, 0.0] with parameters: {'Vahp': -23.0, 'Vth': -51.5, 'Vmax': 25.0, 't_ref': 14.0, 'R': 0.9, 'tau_m': 359.5, 'R_adp': 0.9, 'tau_w': 48.5, 'a': 86.0, 'rate_low': 9.0, 'rate_high': 41.0}.[0m
2021-04-21 22:07:08.175996: I tensorflow/compiler/jit/xla_gpu_device.cc:99] Not creating XLA devices, tf_xla_enable_xla_devices not set
maxFreq at 10nA: 999.0
2021-04-21 22:07:49.510319: I tensorflow/compiler/jit/xla_gpu_device.cc:99] Not creating XLA devices, tf_xla_enable_xla_devices not set
2021-04-21 22:08:20.229193: I tensorflow/compiler/jit/xla_gpu_device.cc:99] Not creating XLA devices, tf_xla_enable_xla_devices not set
mse and spike frequency: 0.11775 0.0
[32m[I 2021-04-21 22:08:50,383][0m Trial 205 finished with values: [0.11775, 0.0] with parameters: {'Vahp': -23.0, 'Vth': -24.5, 'Vmax': 35.5, 't_ref': 0.5, 'R': 1.0, 'tau_m': 399.0, 'R_adp': 0.9, 'tau_w': 48.5, 'a': 86.0, 'rate_low': 33.5, 'rate_high': 41.0}.[0m
2021-04-21 22:08:51.192536: I tensorflow/compiler/jit/xla_gpu_device.cc:99] Not creating XLA devices, tf_xla_enable_xla_devices not set
maxFreq at 10nA: 999.0
2021-04-21 22:09:32.751051: I tensorflow/compiler/jit/xla_gpu_device.cc:99] Not creating XLA devices, tf_xla_enable_xla_devices not set
2021-04-21 22:10:04.873573: I tensorflow/compiler/jit/xla_gpu_device.cc:99] Not creating XLA devices, tf_xla_enable_xla_devices not set
mse and spike frequency: 0.11775 0.0
[32m[I 2021-04-21 22:10:35,761][0m Trial 206 finished with values: [0.11775, 0.0] with parameters: {'Vahp': -20.5, 'Vth': -39.5, 'Vmax': 37.5, 't_ref': 20.0, 'R': 0.7000000000000001, 'tau_m': 420.5, 'R_adp': 0.7000000000000001, 'tau_w': 154.5, 'a': 358.5, 'rate_low': 47.0, 'rate_high': 34.5}.[0m
2021-04-21 22:10:36.575225: I tensorflow/compiler/jit/xla_gpu_device.cc:99] Not creating XLA devices, tf_xla_enable_xla_devices not set
maxFreq at 10nA: 72.0
2021-04-21 22:11:18.568376: I tensorflow/compiler/jit/xla_gpu_device.cc:99] Not creating XLA devices, tf_xla_enable_xla_devices not set
2021-04-21 22:11:52.082646: I tensorflow/compiler/jit/xla_gpu_device.cc:99] Not creating XLA devices, tf_xla_enable_xla_devices not set
mse and spike frequency: 0.00345 25.91
[32m[I 2021-04-21 22:12:23,950][0m Trial 207 finished with values: [0.00345, 25.91] with parameters: {'Vahp': -51.5, 'Vth': -50.0, 'Vmax': 15.5, 't_ref': 13.0, 'R': 0.7000000000000001, 'tau_m': 328.5, 'R_adp': 0.2, 'tau_w': 107.0, 'a': 358.5, 'rate_low': 48.5, 'rate_high': 48.0}.[0m
2021-04-21 22:12:24.774809: I tensorflow/compiler/jit/xla_gpu_device.cc:99] Not creating XLA devices, tf_xla_enable_xla_devices not set
maxFreq at 10nA: 999.0
2021-04-21 22:13:07.031980: I tensorflow/compiler/jit/xla_gpu_device.cc:99] Not creating XLA devices, tf_xla_enable_xla_devices not set
2021-04-21 22:13:40.679722: I tensorflow/compiler/jit/xla_gpu_device.cc:99] Not creating XLA devices, tf_xla_enable_xla_devices not set
mse and spike frequency: 0.11775 0.0
[32m[I 2021-04-21 22:14:12,549][0m Trial 208 finished with values: [0.11775, 0.0] with parameters: {'Vahp': -24.5, 'Vth': -35.5, 'Vmax': 30.5, 't_ref': 6.5, 'R': 0.2, 'tau_m': 132.5, 'R_adp': 0.8, 'tau_w': 364.0, 'a': 358.5, 'rate_low': 6.5, 'rate_high': 43.0}.[0m
2021-04-21 22:14:13.400195: I tensorflow/compiler/jit/xla_gpu_device.cc:99] Not creating XLA devices, tf_xla_enable_xla_devices not set
maxFreq at 10nA: 1000.0
2021-04-21 22:14:55.050885: I tensorflow/compiler/jit/xla_gpu_device.cc:99] Not creating XLA devices, tf_xla_enable_xla_devices not set
2021-04-21 22:15:27.478676: I tensorflow/compiler/jit/xla_gpu_device.cc:99] Not creating XLA devices, tf_xla_enable_xla_devices not set
mse and spike frequency: 0.11775 0.0
[32m[I 2021-04-21 22:15:58,811][0m Trial 209 finished with values: [0.11775, 0.0] with parameters: {'Vahp': -20.5, 'Vth': -39.5, 'Vmax': 35.5, 't_ref': 16.5, 'R': 1.0, 'tau_m': 433.0, 'R_adp': 0.9, 'tau_w': 236.5, 'a': 154.5, 'rate_low': 6.0, 'rate_high': 47.0}.[0m
2021-04-21 22:15:59.642453: I tensorflow/compiler/jit/xla_gpu_device.cc:99] Not creating XLA devices, tf_xla_enable_xla_devices not set
maxFreq at 10nA: 1000.0
2021-04-21 22:16:42.215502: I tensorflow/compiler/jit/xla_gpu_device.cc:99] Not creating XLA devices, tf_xla_enable_xla_devices not set
2021-04-21 22:17:15.539922: I tensorflow/compiler/jit/xla_gpu_device.cc:99] Not creating XLA devices, tf_xla_enable_xla_devices not set
mse and spike frequency: 0.11775 0.0
[32m[I 2021-04-21 22:17:47,634][0m Trial 210 finished with values: [0.11775, 0.0] with parameters: {'Vahp': -38.5, 'Vth': -53.5, 'Vmax': 11.0, 't_ref': 2.0, 'R': 0.7000000000000001, 'tau_m': 190.0, 'R_adp': 0.7000000000000001, 'tau_w': 142.0, 'a': 255.5, 'rate_low': 9.0, 'rate_high': 12.5}.[0m
2021-04-21 22:17:48.465725: I tensorflow/compiler/jit/xla_gpu_device.cc:99] Not creating XLA devices, tf_xla_enable_xla_devices not set
maxFreq at 10nA: 44.0
2021-04-21 22:18:31.414976: I tensorflow/compiler/jit/xla_gpu_device.cc:99] Not creating XLA devices, tf_xla_enable_xla_devices not set
2021-04-21 22:19:04.826404: I tensorflow/compiler/jit/xla_gpu_device.cc:99] Not creating XLA devices, tf_xla_enable_xla_devices not set
mse and spike frequency: 0.01193 3.34
[32m[I 2021-04-21 22:19:37,905][0m Trial 211 finished with values: [0.01193, 3.34] with parameters: {'Vahp': -48.0, 'Vth': -37.5, 'Vmax': 13.5, 't_ref': 20.0, 'R': 0.2, 'tau_m': 328.5, 'R_adp': 0.7000000000000001, 'tau_w': 98.0, 'a': 253.5, 'rate_low': 42.5, 'rate_high': 30.5}.[0m
2021-04-21 22:19:38.693831: I tensorflow/compiler/jit/xla_gpu_device.cc:99] Not creating XLA devices, tf_xla_enable_xla_devices not set
maxFreq at 10nA: 1000.0
2021-04-21 22:20:21.408236: I tensorflow/compiler/jit/xla_gpu_device.cc:99] Not creating XLA devices, tf_xla_enable_xla_devices not set
2021-04-21 22:20:53.984748: I tensorflow/compiler/jit/xla_gpu_device.cc:99] Not creating XLA devices, tf_xla_enable_xla_devices not set
mse and spike frequency: 0.11775 0.0
[32m[I 2021-04-21 22:21:26,886][0m Trial 212 finished with values: [0.11775, 0.0] with parameters: {'Vahp': -34.0, 'Vth': -54.5, 'Vmax': 36.5, 't_ref': 14.5, 'R': 0.9, 'tau_m': 12.5, 'R_adp': 0.9, 'tau_w': 279.0, 'a': 353.0, 'rate_low': 47.0, 'rate_high': 47.0}.[0m
2021-04-21 22:21:27.708822: I tensorflow/compiler/jit/xla_gpu_device.cc:99] Not creating XLA devices, tf_xla_enable_xla_devices not set
maxFreq at 10nA: 1000.0
2021-04-21 22:22:11.195849: I tensorflow/compiler/jit/xla_gpu_device.cc:99] Not creating XLA devices, tf_xla_enable_xla_devices not set
2021-04-21 22:22:44.300314: I tensorflow/compiler/jit/xla_gpu_device.cc:99] Not creating XLA devices, tf_xla_enable_xla_devices not set
mse and spike frequency: 0.11775 0.0
[32m[I 2021-04-21 22:23:17,219][0m Trial 213 finished with values: [0.11775, 0.0] with parameters: {'Vahp': -34.0, 'Vth': -46.0, 'Vmax': 27.5, 't_ref': 9.0, 'R': 0.8, 'tau_m': 213.0, 'R_adp': 0.7000000000000001, 'tau_w': 98.0, 'a': 60.0, 'rate_low': 37.0, 'rate_high': 38.0}.[0m
2021-04-21 22:23:18.034147: I tensorflow/compiler/jit/xla_gpu_device.cc:99] Not creating XLA devices, tf_xla_enable_xla_devices not set
maxFreq at 10nA: 999.0
2021-04-21 22:24:01.488964: I tensorflow/compiler/jit/xla_gpu_device.cc:99] Not creating XLA devices, tf_xla_enable_xla_devices not set
2021-04-21 22:24:35.223577: I tensorflow/compiler/jit/xla_gpu_device.cc:99] Not creating XLA devices, tf_xla_enable_xla_devices not set
mse and spike frequency: 0.11775 0.0
[32m[I 2021-04-21 22:25:08,525][0m Trial 214 finished with values: [0.11775, 0.0] with parameters: {'Vahp': -32.0, 'Vth': -41.5, 'Vmax': 26.5, 't_ref': 14.5, 'R': 0.30000000000000004, 'tau_m': 213.0, 'R_adp': 0.5, 'tau_w': 358.0, 'a': 152.5, 'rate_low': 42.5, 'rate_high': 40.5}.[0m
2021-04-21 22:25:09.394129: I tensorflow/compiler/jit/xla_gpu_device.cc:99] Not creating XLA devices, tf_xla_enable_xla_devices not set
maxFreq at 10nA: 1000.0
2021-04-21 22:25:52.647840: I tensorflow/compiler/jit/xla_gpu_device.cc:99] Not creating XLA devices, tf_xla_enable_xla_devices not set
2021-04-21 22:26:26.601843: I tensorflow/compiler/jit/xla_gpu_device.cc:99] Not creating XLA devices, tf_xla_enable_xla_devices not set
mse and spike frequency: 0.11775 0.0
[32m[I 2021-04-21 22:26:59,670][0m Trial 215 finished with values: [0.11775, 0.0] with parameters: {'Vahp': -26.0, 'Vth': -39.5, 'Vmax': 24.0, 't_ref': 12.5, 'R': 0.6, 'tau_m': 87.0, 'R_adp': 0.8, 'tau_w': 279.0, 'a': 434.5, 'rate_low': 48.5, 'rate_high': 33.5}.[0m
2021-04-21 22:27:00.547969: I tensorflow/compiler/jit/xla_gpu_device.cc:99] Not creating XLA devices, tf_xla_enable_xla_devices not set
maxFreq at 10nA: 202.0
2021-04-21 22:27:43.885451: I tensorflow/compiler/jit/xla_gpu_device.cc:99] Not creating XLA devices, tf_xla_enable_xla_devices not set
2021-04-21 22:28:17.767657: I tensorflow/compiler/jit/xla_gpu_device.cc:99] Not creating XLA devices, tf_xla_enable_xla_devices not set
mse and spike frequency: 59.29239 32.18
[32m[I 2021-04-21 22:28:49,918][0m Trial 216 finished with values: [59.29239, 32.18] with parameters: {'Vahp': -48.0, 'Vth': -37.5, 'Vmax': 13.5, 't_ref': 2.5, 'R': 0.5, 'tau_m': 213.0, 'R_adp': 0.6, 'tau_w': 475.5, 'a': 86.0, 'rate_low': 9.0, 'rate_high': 40.5}.[0m
2021-04-21 22:28:50.828742: I tensorflow/compiler/jit/xla_gpu_device.cc:99] Not creating XLA devices, tf_xla_enable_xla_devices not set
maxFreq at 10nA: 999.0
2021-04-21 22:29:34.146126: I tensorflow/compiler/jit/xla_gpu_device.cc:99] Not creating XLA devices, tf_xla_enable_xla_devices not set
2021-04-21 22:30:06.963856: I tensorflow/compiler/jit/xla_gpu_device.cc:99] Not creating XLA devices, tf_xla_enable_xla_devices not set
mse and spike frequency: 0.11775 0.0
[32m[I 2021-04-21 22:30:38,265][0m Trial 217 finished with values: [0.11775, 0.0] with parameters: {'Vahp': -29.0, 'Vth': -39.5, 'Vmax': 14.5, 't_ref': 13.5, 'R': 0.6, 'tau_m': 496.5, 'R_adp': 0.2, 'tau_w': 107.0, 'a': 434.5, 'rate_low': 25.0, 'rate_high': 43.5}.[0m
2021-04-21 22:30:39.147241: I tensorflow/compiler/jit/xla_gpu_device.cc:99] Not creating XLA devices, tf_xla_enable_xla_devices not set
maxFreq at 10nA: 1000.0
2021-04-21 22:31:21.885274: I tensorflow/compiler/jit/xla_gpu_device.cc:99] Not creating XLA devices, tf_xla_enable_xla_devices not set
2021-04-21 22:31:54.205999: I tensorflow/compiler/jit/xla_gpu_device.cc:99] Not creating XLA devices, tf_xla_enable_xla_devices not set
mse and spike frequency: 0.11775 0.0
[32m[I 2021-04-21 22:32:26,618][0m Trial 218 finished with values: [0.11775, 0.0] with parameters: {'Vahp': -34.0, 'Vth': -57.5, 'Vmax': 36.5, 't_ref': 20.0, 'R': 0.9, 'tau_m': 16.0, 'R_adp': 0.9, 'tau_w': 194.0, 'a': 353.0, 'rate_low': 47.0, 'rate_high': 30.5}.[0m
2021-04-21 22:32:27.497472: I tensorflow/compiler/jit/xla_gpu_device.cc:99] Not creating XLA devices, tf_xla_enable_xla_devices not set
maxFreq at 10nA: 1000.0
2021-04-21 22:33:10.966105: I tensorflow/compiler/jit/xla_gpu_device.cc:99] Not creating XLA devices, tf_xla_enable_xla_devices not set
2021-04-21 22:33:44.232018: I tensorflow/compiler/jit/xla_gpu_device.cc:99] Not creating XLA devices, tf_xla_enable_xla_devices not set
mse and spike frequency: 0.11775 0.0
[32m[I 2021-04-21 22:34:17,717][0m Trial 219 finished with values: [0.11775, 0.0] with parameters: {'Vahp': -24.5, 'Vth': -46.0, 'Vmax': 13.5, 't_ref': 9.5, 'R': 1.0, 'tau_m': 410.0, 'R_adp': 0.8, 'tau_w': 113.0, 'a': 243.5, 'rate_low': 32.0, 'rate_high': 36.0}.[0m
2021-04-21 22:34:18.626586: I tensorflow/compiler/jit/xla_gpu_device.cc:99] Not creating XLA devices, tf_xla_enable_xla_devices not set
maxFreq at 10nA: 998.0
2021-04-21 22:35:02.665960: I tensorflow/compiler/jit/xla_gpu_device.cc:99] Not creating XLA devices, tf_xla_enable_xla_devices not set
2021-04-21 22:35:36.091955: I tensorflow/compiler/jit/xla_gpu_device.cc:99] Not creating XLA devices, tf_xla_enable_xla_devices not set
mse and spike frequency: 0.11775 0.0
[32m[I 2021-04-21 22:36:09,238][0m Trial 220 finished with values: [0.11775, 0.0] with parameters: {'Vahp': -23.0, 'Vth': -28.0, 'Vmax': 13.5, 't_ref': 11.5, 'R': 0.6, 'tau_m': 433.0, 'R_adp': 0.2, 'tau_w': 484.0, 'a': 86.0, 'rate_low': 6.0, 'rate_high': 41.0}.[0m
2021-04-21 22:36:10.176475: I tensorflow/compiler/jit/xla_gpu_device.cc:99] Not creating XLA devices, tf_xla_enable_xla_devices not set
maxFreq at 10nA: 1000.0
2021-04-21 22:36:54.152298: I tensorflow/compiler/jit/xla_gpu_device.cc:99] Not creating XLA devices, tf_xla_enable_xla_devices not set
2021-04-21 22:37:27.941995: I tensorflow/compiler/jit/xla_gpu_device.cc:99] Not creating XLA devices, tf_xla_enable_xla_devices not set
mse and spike frequency: 0.11775 0.0
[32m[I 2021-04-21 22:38:00,551][0m Trial 221 finished with values: [0.11775, 0.0] with parameters: {'Vahp': -37.0, 'Vth': -54.5, 'Vmax': 15.5, 't_ref': 9.0, 'R': 0.5, 'tau_m': 328.5, 'R_adp': 0.4, 'tau_w': 288.0, 'a': 192.0, 'rate_low': 32.0, 'rate_high': 43.0}.[0m
2021-04-21 22:38:01.406249: I tensorflow/compiler/jit/xla_gpu_device.cc:99] Not creating XLA devices, tf_xla_enable_xla_devices not set
maxFreq at 10nA: 1000.0
2021-04-21 22:38:45.012609: I tensorflow/compiler/jit/xla_gpu_device.cc:99] Not creating XLA devices, tf_xla_enable_xla_devices not set
2021-04-21 22:39:18.043692: I tensorflow/compiler/jit/xla_gpu_device.cc:99] Not creating XLA devices, tf_xla_enable_xla_devices not set
mse and spike frequency: 0.11775 0.0
[32m[I 2021-04-21 22:39:51,207][0m Trial 222 finished with values: [0.11775, 0.0] with parameters: {'Vahp': -34.0, 'Vth': -46.0, 'Vmax': 17.0, 't_ref': 3.0, 'R': 1.0, 'tau_m': 190.0, 'R_adp': 0.8, 'tau_w': 98.0, 'a': 192.0, 'rate_low': 9.0, 'rate_high': 38.0}.[0m
2021-04-21 22:39:52.083784: I tensorflow/compiler/jit/xla_gpu_device.cc:99] Not creating XLA devices, tf_xla_enable_xla_devices not set
maxFreq at 10nA: 999.0
2021-04-21 22:40:36.309618: I tensorflow/compiler/jit/xla_gpu_device.cc:99] Not creating XLA devices, tf_xla_enable_xla_devices not set
2021-04-21 22:41:09.915288: I tensorflow/compiler/jit/xla_gpu_device.cc:99] Not creating XLA devices, tf_xla_enable_xla_devices not set
mse and spike frequency: 0.11775 0.0
[32m[I 2021-04-21 22:41:43,047][0m Trial 223 finished with values: [0.11775, 0.0] with parameters: {'Vahp': -21.5, 'Vth': -39.5, 'Vmax': 36.5, 't_ref': 14.5, 'R': 0.5, 'tau_m': 420.5, 'R_adp': 0.8, 'tau_w': 279.0, 'a': 434.5, 'rate_low': 47.0, 'rate_high': 34.5}.[0m
2021-04-21 22:41:43.991784: I tensorflow/compiler/jit/xla_gpu_device.cc:99] Not creating XLA devices, tf_xla_enable_xla_devices not set
maxFreq at 10nA: 1000.0
2021-04-21 22:42:27.994335: I tensorflow/compiler/jit/xla_gpu_device.cc:99] Not creating XLA devices, tf_xla_enable_xla_devices not set
2021-04-21 22:43:02.073764: I tensorflow/compiler/jit/xla_gpu_device.cc:99] Not creating XLA devices, tf_xla_enable_xla_devices not set
mse and spike frequency: 0.11775 0.0
[32m[I 2021-04-21 22:43:35,876][0m Trial 224 finished with values: [0.11775, 0.0] with parameters: {'Vahp': -20.5, 'Vth': -51.5, 'Vmax': 15.5, 't_ref': 14.0, 'R': 0.8, 'tau_m': 328.5, 'R_adp': 0.5, 'tau_w': 154.5, 'a': 234.5, 'rate_low': 6.0, 'rate_high': 41.0}.[0m
2021-04-21 22:43:36.769398: I tensorflow/compiler/jit/xla_gpu_device.cc:99] Not creating XLA devices, tf_xla_enable_xla_devices not set
maxFreq at 10nA: 1000.0
2021-04-21 22:44:20.902636: I tensorflow/compiler/jit/xla_gpu_device.cc:99] Not creating XLA devices, tf_xla_enable_xla_devices not set
2021-04-21 22:44:54.194384: I tensorflow/compiler/jit/xla_gpu_device.cc:99] Not creating XLA devices, tf_xla_enable_xla_devices not set
mse and spike frequency: 0.11775 0.0
[32m[I 2021-04-21 22:45:27,855][0m Trial 225 finished with values: [0.11775, 0.0] with parameters: {'Vahp': -38.5, 'Vth': -50.0, 'Vmax': 15.5, 't_ref': 1.0, 'R': 0.9, 'tau_m': 10.0, 'R_adp': 0.2, 'tau_w': 131.5, 'a': 59.5, 'rate_low': 29.0, 'rate_high': 50.0}.[0m
2021-04-21 22:45:28.724291: I tensorflow/compiler/jit/xla_gpu_device.cc:99] Not creating XLA devices, tf_xla_enable_xla_devices not set
maxFreq at 10nA: 1000.0
2021-04-21 22:46:13.654756: I tensorflow/compiler/jit/xla_gpu_device.cc:99] Not creating XLA devices, tf_xla_enable_xla_devices not set
2021-04-21 22:46:47.267162: I tensorflow/compiler/jit/xla_gpu_device.cc:99] Not creating XLA devices, tf_xla_enable_xla_devices not set
mse and spike frequency: 0.11775 0.0
[32m[I 2021-04-21 22:47:20,862][0m Trial 226 finished with values: [0.11775, 0.0] with parameters: {'Vahp': -23.0, 'Vth': -34.5, 'Vmax': 24.5, 't_ref': 9.0, 'R': 0.2, 'tau_m': 6.0, 'R_adp': 0.2, 'tau_w': 484.0, 'a': 255.5, 'rate_low': 16.5, 'rate_high': 43.0}.[0m
2021-04-21 22:47:21.732764: I tensorflow/compiler/jit/xla_gpu_device.cc:99] Not creating XLA devices, tf_xla_enable_xla_devices not set
maxFreq at 10nA: 1000.0
2021-04-21 22:48:06.973422: I tensorflow/compiler/jit/xla_gpu_device.cc:99] Not creating XLA devices, tf_xla_enable_xla_devices not set
2021-04-21 22:48:40.617214: I tensorflow/compiler/jit/xla_gpu_device.cc:99] Not creating XLA devices, tf_xla_enable_xla_devices not set
mse and spike frequency: 0.11775 0.0
[32m[I 2021-04-21 22:49:14,195][0m Trial 227 finished with values: [0.11775, 0.0] with parameters: {'Vahp': -23.0, 'Vth': -54.5, 'Vmax': 25.0, 't_ref': 14.5, 'R': 0.8, 'tau_m': 190.0, 'R_adp': 0.9, 'tau_w': 98.0, 'a': 86.0, 'rate_low': 16.5, 'rate_high': 42.5}.[0m
2021-04-21 22:49:15.149774: I tensorflow/compiler/jit/xla_gpu_device.cc:99] Not creating XLA devices, tf_xla_enable_xla_devices not set
maxFreq at 10nA: 1000.0
2021-04-21 22:50:00.490867: I tensorflow/compiler/jit/xla_gpu_device.cc:99] Not creating XLA devices, tf_xla_enable_xla_devices not set
2021-04-21 22:50:33.901156: I tensorflow/compiler/jit/xla_gpu_device.cc:99] Not creating XLA devices, tf_xla_enable_xla_devices not set
mse and spike frequency: 0.11775 0.0
[32m[I 2021-04-21 22:51:07,829][0m Trial 228 finished with values: [0.11775, 0.0] with parameters: {'Vahp': -34.0, 'Vth': -57.5, 'Vmax': 36.5, 't_ref': 20.0, 'R': 0.7000000000000001, 'tau_m': 16.0, 'R_adp': 0.7000000000000001, 'tau_w': 279.0, 'a': 152.5, 'rate_low': 31.5, 'rate_high': 30.5}.[0m
2021-04-21 22:51:08.691280: I tensorflow/compiler/jit/xla_gpu_device.cc:99] Not creating XLA devices, tf_xla_enable_xla_devices not set
maxFreq at 10nA: 1000.0
2021-04-21 22:51:53.917342: I tensorflow/compiler/jit/xla_gpu_device.cc:99] Not creating XLA devices, tf_xla_enable_xla_devices not set
2021-04-21 22:52:27.040603: I tensorflow/compiler/jit/xla_gpu_device.cc:99] Not creating XLA devices, tf_xla_enable_xla_devices not set
mse and spike frequency: 0.11775 0.0
