[32m[I 2021-04-21 22:25:09,030][0m Trial 213 finished with values: [0.00058, 14.72] with parameters: {'Vahp': -49.0, 'Vth': -42.5, 'Vmax': 12.0, 't_ref': 8.5, 'R': 0.2, 'tau_m': 232.5, 'rate_low': 24.5, 'rate_high': 32.0}.[0m
2021-04-21 22:25:09.899492: I tensorflow/compiler/jit/xla_gpu_device.cc:99] Not creating XLA devices, tf_xla_enable_xla_devices not set
maxFreq at 10nA: 1000.0
2021-04-21 22:25:53.260741: I tensorflow/compiler/jit/xla_gpu_device.cc:99] Not creating XLA devices, tf_xla_enable_xla_devices not set
2021-04-21 22:26:27.111221: I tensorflow/compiler/jit/xla_gpu_device.cc:99] Not creating XLA devices, tf_xla_enable_xla_devices not set
mse and spike frequency: 0.11775 0.0
[32m[I 2021-04-21 22:27:00,776][0m Trial 214 finished with values: [0.11775, 0.0] with parameters: {'Vahp': -29.0, 'Vth': -52.5, 'Vmax': 27.5, 't_ref': 4.0, 'R': 0.6, 'tau_m': 145.5, 'rate_low': 6.0, 'rate_high': 50.0}.[0m
2021-04-21 22:27:01.728395: I tensorflow/compiler/jit/xla_gpu_device.cc:99] Not creating XLA devices, tf_xla_enable_xla_devices not set
maxFreq at 10nA: 250.0
2021-04-21 22:27:44.944719: I tensorflow/compiler/jit/xla_gpu_device.cc:99] Not creating XLA devices, tf_xla_enable_xla_devices not set
2021-04-21 22:28:18.541291: I tensorflow/compiler/jit/xla_gpu_device.cc:99] Not creating XLA devices, tf_xla_enable_xla_devices not set
mse and spike frequency: 0.00049 13.13
[32m[I 2021-04-21 22:28:50,841][0m Trial 215 finished with values: [0.00049, 13.13] with parameters: {'Vahp': -41.0, 'Vth': -20.0, 'Vmax': 27.5, 't_ref': 2.0, 'R': 0.5, 'tau_m': 278.5, 'rate_low': 24.5, 'rate_high': 27.5}.[0m
2021-04-21 22:28:51.711674: I tensorflow/compiler/jit/xla_gpu_device.cc:99] Not creating XLA devices, tf_xla_enable_xla_devices not set
maxFreq at 10nA: 1000.0
2021-04-21 22:29:34.602966: I tensorflow/compiler/jit/xla_gpu_device.cc:99] Not creating XLA devices, tf_xla_enable_xla_devices not set
2021-04-21 22:30:07.964585: I tensorflow/compiler/jit/xla_gpu_device.cc:99] Not creating XLA devices, tf_xla_enable_xla_devices not set
mse and spike frequency: 0.11775 0.0
[32m[I 2021-04-21 22:30:40,022][0m Trial 216 finished with values: [0.11775, 0.0] with parameters: {'Vahp': -50.0, 'Vth': -58.0, 'Vmax': 24.5, 't_ref': 18.0, 'R': 0.5, 'tau_m': 316.0, 'rate_low': 25.0, 'rate_high': 45.0}.[0m
2021-04-21 22:30:40.885440: I tensorflow/compiler/jit/xla_gpu_device.cc:99] Not creating XLA devices, tf_xla_enable_xla_devices not set
maxFreq at 10nA: 71.0
2021-04-21 22:31:24.408678: I tensorflow/compiler/jit/xla_gpu_device.cc:99] Not creating XLA devices, tf_xla_enable_xla_devices not set
2021-04-21 22:31:57.772029: I tensorflow/compiler/jit/xla_gpu_device.cc:99] Not creating XLA devices, tf_xla_enable_xla_devices not set
mse and spike frequency: 0.00152 8.88
[32m[I 2021-04-21 22:32:30,880][0m Trial 217 finished with values: [0.00152, 8.88] with parameters: {'Vahp': -23.0, 'Vth': -20.0, 'Vmax': 12.0, 't_ref': 12.0, 'R': 0.1, 'tau_m': 456.5, 'rate_low': 41.5, 'rate_high': 48.5}.[0m
2021-04-21 22:32:31.737500: I tensorflow/compiler/jit/xla_gpu_device.cc:99] Not creating XLA devices, tf_xla_enable_xla_devices not set
maxFreq at 10nA: 77.0
2021-04-21 22:33:15.099331: I tensorflow/compiler/jit/xla_gpu_device.cc:99] Not creating XLA devices, tf_xla_enable_xla_devices not set
2021-04-21 22:33:49.258917: I tensorflow/compiler/jit/xla_gpu_device.cc:99] Not creating XLA devices, tf_xla_enable_xla_devices not set
mse and spike frequency: 0.00126 6.31
[32m[I 2021-04-21 22:34:23,107][0m Trial 218 finished with values: [0.00126, 6.31] with parameters: {'Vahp': -44.0, 'Vth': -20.0, 'Vmax': 24.5, 't_ref': 12.0, 'R': 0.5, 'tau_m': 79.0, 'rate_low': 4.5, 'rate_high': 39.5}.[0m
2021-04-21 22:34:23.936636: I tensorflow/compiler/jit/xla_gpu_device.cc:99] Not creating XLA devices, tf_xla_enable_xla_devices not set
maxFreq at 10nA: 1000.0
2021-04-21 22:35:07.224186: I tensorflow/compiler/jit/xla_gpu_device.cc:99] Not creating XLA devices, tf_xla_enable_xla_devices not set
2021-04-21 22:35:41.527482: I tensorflow/compiler/jit/xla_gpu_device.cc:99] Not creating XLA devices, tf_xla_enable_xla_devices not set
mse and spike frequency: 0.11775 0.0
[32m[I 2021-04-21 22:36:15,569][0m Trial 219 finished with values: [0.11775, 0.0] with parameters: {'Vahp': -51.0, 'Vth': -58.0, 'Vmax': 32.5, 't_ref': 8.0, 'R': 0.5, 'tau_m': 316.0, 'rate_low': 24.5, 'rate_high': 32.0}.[0m
2021-04-21 22:36:16.455325: I tensorflow/compiler/jit/xla_gpu_device.cc:99] Not creating XLA devices, tf_xla_enable_xla_devices not set
maxFreq at 10nA: 1000.0
2021-04-21 22:36:59.829273: I tensorflow/compiler/jit/xla_gpu_device.cc:99] Not creating XLA devices, tf_xla_enable_xla_devices not set
2021-04-21 22:37:35.325581: I tensorflow/compiler/jit/xla_gpu_device.cc:99] Not creating XLA devices, tf_xla_enable_xla_devices not set
mse and spike frequency: 0.11775 0.0
[32m[I 2021-04-21 22:38:09,644][0m Trial 220 finished with values: [0.11775, 0.0] with parameters: {'Vahp': -53.0, 'Vth': -57.0, 'Vmax': 29.0, 't_ref': 18.0, 'R': 0.5, 'tau_m': 420.5, 'rate_low': 4.5, 'rate_high': 42.0}.[0m
2021-04-21 22:38:10.511386: I tensorflow/compiler/jit/xla_gpu_device.cc:99] Not creating XLA devices, tf_xla_enable_xla_devices not set
maxFreq at 10nA: 46.0
2021-04-21 22:38:53.628395: I tensorflow/compiler/jit/xla_gpu_device.cc:99] Not creating XLA devices, tf_xla_enable_xla_devices not set
2021-04-21 22:39:29.390659: I tensorflow/compiler/jit/xla_gpu_device.cc:99] Not creating XLA devices, tf_xla_enable_xla_devices not set
mse and spike frequency: 0.00115 11.0
[32m[I 2021-04-21 22:40:04,397][0m Trial 221 finished with values: [0.00115, 11.0] with parameters: {'Vahp': -50.5, 'Vth': -29.0, 'Vmax': 16.5, 't_ref': 20.0, 'R': 0.5, 'tau_m': 236.5, 'rate_low': 25.0, 'rate_high': 50.0}.[0m
2021-04-21 22:40:05.389424: I tensorflow/compiler/jit/xla_gpu_device.cc:99] Not creating XLA devices, tf_xla_enable_xla_devices not set
maxFreq at 10nA: 1000.0
2021-04-21 22:40:48.880274: I tensorflow/compiler/jit/xla_gpu_device.cc:99] Not creating XLA devices, tf_xla_enable_xla_devices not set
2021-04-21 22:41:24.689839: I tensorflow/compiler/jit/xla_gpu_device.cc:99] Not creating XLA devices, tf_xla_enable_xla_devices not set
mse and spike frequency: 0.11775 0.0
[32m[I 2021-04-21 22:41:59,196][0m Trial 222 finished with values: [0.11775, 0.0] with parameters: {'Vahp': -29.0, 'Vth': -52.5, 'Vmax': 12.0, 't_ref': 8.0, 'R': 0.5, 'tau_m': 316.0, 'rate_low': 6.0, 'rate_high': 10.0}.[0m
2021-04-21 22:42:00.076627: I tensorflow/compiler/jit/xla_gpu_device.cc:99] Not creating XLA devices, tf_xla_enable_xla_devices not set
maxFreq at 10nA: 1000.0
2021-04-21 22:42:42.896315: I tensorflow/compiler/jit/xla_gpu_device.cc:99] Not creating XLA devices, tf_xla_enable_xla_devices not set
2021-04-21 22:43:19.178806: I tensorflow/compiler/jit/xla_gpu_device.cc:99] Not creating XLA devices, tf_xla_enable_xla_devices not set
mse and spike frequency: 0.11775 0.0
[32m[I 2021-04-21 22:43:53,797][0m Trial 223 finished with values: [0.11775, 0.0] with parameters: {'Vahp': -23.0, 'Vth': -57.5, 'Vmax': 37.5, 't_ref': 6.5, 'R': 0.4, 'tau_m': 310.5, 'rate_low': 50.0, 'rate_high': 50.0}.[0m
2021-04-21 22:43:54.723922: I tensorflow/compiler/jit/xla_gpu_device.cc:99] Not creating XLA devices, tf_xla_enable_xla_devices not set
maxFreq at 10nA: 1000.0
2021-04-21 22:44:37.156116: I tensorflow/compiler/jit/xla_gpu_device.cc:99] Not creating XLA devices, tf_xla_enable_xla_devices not set
2021-04-21 22:45:13.699559: I tensorflow/compiler/jit/xla_gpu_device.cc:99] Not creating XLA devices, tf_xla_enable_xla_devices not set
mse and spike frequency: 0.11775 0.0
[32m[I 2021-04-21 22:45:49,573][0m Trial 224 finished with values: [0.11775, 0.0] with parameters: {'Vahp': -50.5, 'Vth': -52.5, 'Vmax': 15.5, 't_ref': 2.5, 'R': 0.6, 'tau_m': 342.0, 'rate_low': 17.0, 'rate_high': 50.0}.[0m
2021-04-21 22:45:50.420887: I tensorflow/compiler/jit/xla_gpu_device.cc:99] Not creating XLA devices, tf_xla_enable_xla_devices not set
maxFreq at 10nA: 1000.0
2021-04-21 22:46:32.718066: I tensorflow/compiler/jit/xla_gpu_device.cc:99] Not creating XLA devices, tf_xla_enable_xla_devices not set
2021-04-21 22:47:09.073164: I tensorflow/compiler/jit/xla_gpu_device.cc:99] Not creating XLA devices, tf_xla_enable_xla_devices not set
mse and spike frequency: 0.11775 0.0
[32m[I 2021-04-21 22:47:44,787][0m Trial 225 finished with values: [0.11775, 0.0] with parameters: {'Vahp': -49.0, 'Vth': -57.0, 'Vmax': 39.0, 't_ref': 17.5, 'R': 0.2, 'tau_m': 427.5, 'rate_low': 28.0, 'rate_high': 17.5}.[0m
2021-04-21 22:47:45.667933: I tensorflow/compiler/jit/xla_gpu_device.cc:99] Not creating XLA devices, tf_xla_enable_xla_devices not set
maxFreq at 10nA: 125.0
2021-04-21 22:48:28.661936: I tensorflow/compiler/jit/xla_gpu_device.cc:99] Not creating XLA devices, tf_xla_enable_xla_devices not set
2021-04-21 22:49:05.445199: I tensorflow/compiler/jit/xla_gpu_device.cc:99] Not creating XLA devices, tf_xla_enable_xla_devices not set
mse and spike frequency: 0.00072 2.78
[32m[I 2021-04-21 22:49:41,915][0m Trial 226 finished with values: [0.00072, 2.78] with parameters: {'Vahp': -44.0, 'Vth': -40.5, 'Vmax': 12.0, 't_ref': 7.0, 'R': 0.2, 'tau_m': 232.5, 'rate_low': 4.5, 'rate_high': 32.0}.[0m
2021-04-21 22:49:42.803598: I tensorflow/compiler/jit/xla_gpu_device.cc:99] Not creating XLA devices, tf_xla_enable_xla_devices not set
maxFreq at 10nA: 999.0
2021-04-21 22:50:25.985582: I tensorflow/compiler/jit/xla_gpu_device.cc:99] Not creating XLA devices, tf_xla_enable_xla_devices not set
2021-04-21 22:51:01.874158: I tensorflow/compiler/jit/xla_gpu_device.cc:99] Not creating XLA devices, tf_xla_enable_xla_devices not set
mse and spike frequency: 0.11775 0.0
[32m[I 2021-04-21 22:51:37,481][0m Trial 227 finished with values: [0.11775, 0.0] with parameters: {'Vahp': -22.0, 'Vth': -29.0, 'Vmax': 31.5, 't_ref': 16.0, 'R': 0.5, 'tau_m': 278.5, 'rate_low': 3.5, 'rate_high': 10.0}.[0m
2021-04-21 22:51:38.380315: I tensorflow/compiler/jit/xla_gpu_device.cc:99] Not creating XLA devices, tf_xla_enable_xla_devices not set
maxFreq at 10nA: 72.0
2021-04-21 22:52:22.069831: I tensorflow/compiler/jit/xla_gpu_device.cc:99] Not creating XLA devices, tf_xla_enable_xla_devices not set
2021-04-21 22:52:57.928744: I tensorflow/compiler/jit/xla_gpu_device.cc:99] Not creating XLA devices, tf_xla_enable_xla_devices not set
mse and spike frequency: 0.00183 3.43
[32m[I 2021-04-21 22:53:31,151][0m Trial 228 finished with values: [0.00183, 3.43] with parameters: {'Vahp': -41.0, 'Vth': -20.0, 'Vmax': 24.5, 't_ref': 12.0, 'R': 0.5, 'tau_m': 387.5, 'rate_low': 3.0, 'rate_high': 50.0}.[0m
2021-04-21 22:53:32.004916: I tensorflow/compiler/jit/xla_gpu_device.cc:99] Not creating XLA devices, tf_xla_enable_xla_devices not set
maxFreq at 10nA: 63.0
2021-04-21 22:54:15.106638: I tensorflow/compiler/jit/xla_gpu_device.cc:99] Not creating XLA devices, tf_xla_enable_xla_devices not set
2021-04-21 22:54:50.591165: I tensorflow/compiler/jit/xla_gpu_device.cc:99] Not creating XLA devices, tf_xla_enable_xla_devices not set
mse and spike frequency: 0.0008 14.33
[32m[I 2021-04-21 22:55:24,548][0m Trial 229 finished with values: [0.0008, 14.33] with parameters: {'Vahp': -36.0, 'Vth': -21.0, 'Vmax': 15.0, 't_ref': 14.0, 'R': 0.5, 'tau_m': 492.0, 'rate_low': 50.0, 'rate_high': 50.0}.[0m
2021-04-21 22:55:25.433370: I tensorflow/compiler/jit/xla_gpu_device.cc:99] Not creating XLA devices, tf_xla_enable_xla_devices not set
maxFreq at 10nA: 1000.0
2021-04-21 22:56:08.913889: I tensorflow/compiler/jit/xla_gpu_device.cc:99] Not creating XLA devices, tf_xla_enable_xla_devices not set
2021-04-21 22:56:44.665019: I tensorflow/compiler/jit/xla_gpu_device.cc:99] Not creating XLA devices, tf_xla_enable_xla_devices not set
mse and spike frequency: 0.11775 0.0
[32m[I 2021-04-21 22:57:19,105][0m Trial 230 finished with values: [0.11775, 0.0] with parameters: {'Vahp': -56.5, 'Vth': -58.0, 'Vmax': 23.0, 't_ref': 11.5, 'R': 0.5, 'tau_m': 249.5, 'rate_low': 50.0, 'rate_high': 50.0}.[0m
2021-04-21 22:57:20.033550: I tensorflow/compiler/jit/xla_gpu_device.cc:99] Not creating XLA devices, tf_xla_enable_xla_devices not set
maxFreq at 10nA: 1000.0
2021-04-21 22:58:04.768029: I tensorflow/compiler/jit/xla_gpu_device.cc:99] Not creating XLA devices, tf_xla_enable_xla_devices not set
2021-04-21 22:58:40.609252: I tensorflow/compiler/jit/xla_gpu_device.cc:99] Not creating XLA devices, tf_xla_enable_xla_devices not set
mse and spike frequency: 0.11775 0.0
[32m[I 2021-04-21 22:59:13,957][0m Trial 231 finished with values: [0.11775, 0.0] with parameters: {'Vahp': -24.0, 'Vth': -50.5, 'Vmax': 39.0, 't_ref': 17.5, 'R': 0.8, 'tau_m': 236.5, 'rate_low': 50.0, 'rate_high': 50.0}.[0m
2021-04-21 22:59:14.817286: I tensorflow/compiler/jit/xla_gpu_device.cc:99] Not creating XLA devices, tf_xla_enable_xla_devices not set
maxFreq at 10nA: 1000.0
2021-04-21 22:59:59.788386: I tensorflow/compiler/jit/xla_gpu_device.cc:99] Not creating XLA devices, tf_xla_enable_xla_devices not set
2021-04-21 23:00:35.492149: I tensorflow/compiler/jit/xla_gpu_device.cc:99] Not creating XLA devices, tf_xla_enable_xla_devices not set
mse and spike frequency: 0.11775 0.0
[32m[I 2021-04-21 23:01:09,905][0m Trial 232 finished with values: [0.11775, 0.0] with parameters: {'Vahp': -41.5, 'Vth': -53.0, 'Vmax': 35.0, 't_ref': 1.0, 'R': 0.9, 'tau_m': 342.0, 'rate_low': 3.5, 'rate_high': 27.5}.[0m
2021-04-21 23:01:10.788979: I tensorflow/compiler/jit/xla_gpu_device.cc:99] Not creating XLA devices, tf_xla_enable_xla_devices not set
maxFreq at 10nA: 1000.0
2021-04-21 23:01:55.281882: I tensorflow/compiler/jit/xla_gpu_device.cc:99] Not creating XLA devices, tf_xla_enable_xla_devices not set
2021-04-21 23:02:30.426460: I tensorflow/compiler/jit/xla_gpu_device.cc:99] Not creating XLA devices, tf_xla_enable_xla_devices not set
mse and spike frequency: 0.11775 0.0
[32m[I 2021-04-21 23:03:03,691][0m Trial 233 finished with values: [0.11775, 0.0] with parameters: {'Vahp': -50.5, 'Vth': -58.0, 'Vmax': 35.0, 't_ref': 1.0, 'R': 0.1, 'tau_m': 316.0, 'rate_low': 42.5, 'rate_high': 45.0}.[0m
2021-04-21 23:03:04.610778: I tensorflow/compiler/jit/xla_gpu_device.cc:99] Not creating XLA devices, tf_xla_enable_xla_devices not set
maxFreq at 10nA: 1000.0
2021-04-21 23:03:49.405694: I tensorflow/compiler/jit/xla_gpu_device.cc:99] Not creating XLA devices, tf_xla_enable_xla_devices not set
2021-04-21 23:04:24.544366: I tensorflow/compiler/jit/xla_gpu_device.cc:99] Not creating XLA devices, tf_xla_enable_xla_devices not set
mse and spike frequency: 0.11775 0.0
[32m[I 2021-04-21 23:04:58,695][0m Trial 234 finished with values: [0.11775, 0.0] with parameters: {'Vahp': -31.0, 'Vth': -51.5, 'Vmax': 18.0, 't_ref': 3.0, 'R': 0.5, 'tau_m': 278.5, 'rate_low': 26.5, 'rate_high': 10.0}.[0m
2021-04-21 23:04:59.694242: I tensorflow/compiler/jit/xla_gpu_device.cc:99] Not creating XLA devices, tf_xla_enable_xla_devices not set
maxFreq at 10nA: 1000.0
2021-04-21 23:05:44.378043: I tensorflow/compiler/jit/xla_gpu_device.cc:99] Not creating XLA devices, tf_xla_enable_xla_devices not set
2021-04-21 23:06:20.093787: I tensorflow/compiler/jit/xla_gpu_device.cc:99] Not creating XLA devices, tf_xla_enable_xla_devices not set
mse and spike frequency: 0.11775 0.0
[32m[I 2021-04-21 23:06:54,616][0m Trial 235 finished with values: [0.11775, 0.0] with parameters: {'Vahp': -23.0, 'Vth': -52.5, 'Vmax': 37.5, 't_ref': 7.5, 'R': 0.4, 'tau_m': 23.5, 'rate_low': 12.0, 'rate_high': 46.5}.[0m
2021-04-21 23:06:55.557657: I tensorflow/compiler/jit/xla_gpu_device.cc:99] Not creating XLA devices, tf_xla_enable_xla_devices not set
maxFreq at 10nA: 500.0
2021-04-21 23:07:40.351546: I tensorflow/compiler/jit/xla_gpu_device.cc:99] Not creating XLA devices, tf_xla_enable_xla_devices not set
2021-04-21 23:08:16.810826: I tensorflow/compiler/jit/xla_gpu_device.cc:99] Not creating XLA devices, tf_xla_enable_xla_devices not set
mse and spike frequency: 0.11775 0.0
[32m[I 2021-04-21 23:08:52,008][0m Trial 236 finished with values: [0.11775, 0.0] with parameters: {'Vahp': -42.5, 'Vth': -42.5, 'Vmax': 35.0, 't_ref': 1.0, 'R': 0.9, 'tau_m': 203.0, 'rate_low': 42.5, 'rate_high': 49.5}.[0m
2021-04-21 23:08:52.938217: I tensorflow/compiler/jit/xla_gpu_device.cc:99] Not creating XLA devices, tf_xla_enable_xla_devices not set
maxFreq at 10nA: 998.0
2021-04-21 23:09:37.822164: I tensorflow/compiler/jit/xla_gpu_device.cc:99] Not creating XLA devices, tf_xla_enable_xla_devices not set
2021-04-21 23:10:14.194066: I tensorflow/compiler/jit/xla_gpu_device.cc:99] Not creating XLA devices, tf_xla_enable_xla_devices not set
mse and spike frequency: 0.11775 0.0
[32m[I 2021-04-21 23:10:49,475][0m Trial 237 finished with values: [0.11775, 0.0] with parameters: {'Vahp': -23.0, 'Vth': -52.5, 'Vmax': 16.5, 't_ref': 6.5, 'R': 0.1, 'tau_m': 456.5, 'rate_low': 41.5, 'rate_high': 50.0}.[0m
2021-04-21 23:10:50.492978: I tensorflow/compiler/jit/xla_gpu_device.cc:99] Not creating XLA devices, tf_xla_enable_xla_devices not set
maxFreq at 10nA: 1000.0
2021-04-21 23:11:36.312281: I tensorflow/compiler/jit/xla_gpu_device.cc:99] Not creating XLA devices, tf_xla_enable_xla_devices not set
2021-04-21 23:12:13.409486: I tensorflow/compiler/jit/xla_gpu_device.cc:99] Not creating XLA devices, tf_xla_enable_xla_devices not set
mse and spike frequency: 0.11775 0.0
[32m[I 2021-04-21 23:12:49,651][0m Trial 238 finished with values: [0.11775, 0.0] with parameters: {'Vahp': -40.5, 'Vth': -52.5, 'Vmax': 12.0, 't_ref': 7.5, 'R': 0.6, 'tau_m': 456.5, 'rate_low': 41.5, 'rate_high': 50.0}.[0m
2021-04-21 23:12:50.651506: I tensorflow/compiler/jit/xla_gpu_device.cc:99] Not creating XLA devices, tf_xla_enable_xla_devices not set
maxFreq at 10nA: 1000.0
2021-04-21 23:13:36.304793: I tensorflow/compiler/jit/xla_gpu_device.cc:99] Not creating XLA devices, tf_xla_enable_xla_devices not set
2021-04-21 23:14:13.868011: I tensorflow/compiler/jit/xla_gpu_device.cc:99] Not creating XLA devices, tf_xla_enable_xla_devices not set
mse and spike frequency: 0.11775 0.0
[32m[I 2021-04-21 23:14:50,716][0m Trial 239 finished with values: [0.11775, 0.0] with parameters: {'Vahp': -29.0, 'Vth': -58.0, 'Vmax': 18.0, 't_ref': 16.5, 'R': 0.2, 'tau_m': 278.5, 'rate_low': 4.5, 'rate_high': 10.0}.[0m
2021-04-21 23:14:51.698712: I tensorflow/compiler/jit/xla_gpu_device.cc:99] Not creating XLA devices, tf_xla_enable_xla_devices not set
maxFreq at 10nA: 1000.0
2021-04-21 23:15:37.276822: I tensorflow/compiler/jit/xla_gpu_device.cc:99] Not creating XLA devices, tf_xla_enable_xla_devices not set
2021-04-21 23:16:14.931558: I tensorflow/compiler/jit/xla_gpu_device.cc:99] Not creating XLA devices, tf_xla_enable_xla_devices not set
mse and spike frequency: 0.11775 0.0
[32m[I 2021-04-21 23:16:51,563][0m Trial 240 finished with values: [0.11775, 0.0] with parameters: {'Vahp': -30.0, 'Vth': -52.5, 'Vmax': 39.5, 't_ref': 7.5, 'R': 0.30000000000000004, 'tau_m': 45.5, 'rate_low': 19.5, 'rate_high': 48.5}.[0m
2021-04-21 23:16:52.489407: I tensorflow/compiler/jit/xla_gpu_device.cc:99] Not creating XLA devices, tf_xla_enable_xla_devices not set
maxFreq at 10nA: 53.0
2021-04-21 23:17:38.781523: I tensorflow/compiler/jit/xla_gpu_device.cc:99] Not creating XLA devices, tf_xla_enable_xla_devices not set
2021-04-21 23:18:16.974995: I tensorflow/compiler/jit/xla_gpu_device.cc:99] Not creating XLA devices, tf_xla_enable_xla_devices not set
mse and spike frequency: 0.00226 3.43
[32m[I 2021-04-21 23:18:53,646][0m Trial 241 finished with values: [0.00226, 3.43] with parameters: {'Vahp': -51.0, 'Vth': -36.5, 'Vmax': 26.0, 't_ref': 18.0, 'R': 0.5, 'tau_m': 89.0, 'rate_low': 3.0, 'rate_high': 15.5}.[0m
2021-04-21 23:18:54.644146: I tensorflow/compiler/jit/xla_gpu_device.cc:99] Not creating XLA devices, tf_xla_enable_xla_devices not set
maxFreq at 10nA: 67.0
2021-04-21 23:19:41.114343: I tensorflow/compiler/jit/xla_gpu_device.cc:99] Not creating XLA devices, tf_xla_enable_xla_devices not set
2021-04-21 23:20:18.524226: I tensorflow/compiler/jit/xla_gpu_device.cc:99] Not creating XLA devices, tf_xla_enable_xla_devices not set
mse and spike frequency: 0.00209 2.69
[32m[I 2021-04-21 23:20:55,736][0m Trial 242 finished with values: [0.00209, 2.69] with parameters: {'Vahp': -36.0, 'Vth': -29.0, 'Vmax': 24.5, 't_ref': 14.0, 'R': 0.5, 'tau_m': 278.5, 'rate_low': 4.5, 'rate_high': 21.5}.[0m
2021-04-21 23:20:56.743361: I tensorflow/compiler/jit/xla_gpu_device.cc:99] Not creating XLA devices, tf_xla_enable_xla_devices not set
maxFreq at 10nA: 1000.0
2021-04-21 23:21:44.172341: I tensorflow/compiler/jit/xla_gpu_device.cc:99] Not creating XLA devices, tf_xla_enable_xla_devices not set
2021-04-21 23:22:22.147514: I tensorflow/compiler/jit/xla_gpu_device.cc:99] Not creating XLA devices, tf_xla_enable_xla_devices not set
mse and spike frequency: 0.11775 0.0
[32m[I 2021-04-21 23:23:00,220][0m Trial 243 finished with values: [0.11775, 0.0] with parameters: {'Vahp': -45.5, 'Vth': -54.0, 'Vmax': 28.5, 't_ref': 14.0, 'R': 0.5, 'tau_m': 278.5, 'rate_low': 3.5, 'rate_high': 10.0}.[0m
2021-04-21 23:23:01.216778: I tensorflow/compiler/jit/xla_gpu_device.cc:99] Not creating XLA devices, tf_xla_enable_xla_devices not set
maxFreq at 10nA: 1000.0
2021-04-21 23:23:48.496140: I tensorflow/compiler/jit/xla_gpu_device.cc:99] Not creating XLA devices, tf_xla_enable_xla_devices not set
2021-04-21 23:24:27.003404: I tensorflow/compiler/jit/xla_gpu_device.cc:99] Not creating XLA devices, tf_xla_enable_xla_devices not set
mse and spike frequency: 0.11775 0.0
