[32m[I 2021-04-21 20:45:48,268][0m Trial 151 finished with values: [0.11775, 0.0] with parameters: {'Vahp': -35.0, 'Vth': -54.5, 'Vmax': 38.0, 't_ref': 11.5, 'R': 0.4, 'tau_m': 475.5, 'rate_low': 11.5, 'rate_high': 37.5}.[0m
2021-04-21 20:45:48.984085: I tensorflow/compiler/jit/xla_gpu_device.cc:99] Not creating XLA devices, tf_xla_enable_xla_devices not set
maxFreq at 10nA: 1000.0
2021-04-21 20:46:23.469096: I tensorflow/compiler/jit/xla_gpu_device.cc:99] Not creating XLA devices, tf_xla_enable_xla_devices not set
2021-04-21 20:46:47.708213: I tensorflow/compiler/jit/xla_gpu_device.cc:99] Not creating XLA devices, tf_xla_enable_xla_devices not set
mse and spike frequency: 0.11775 0.0
[32m[I 2021-04-21 20:47:10,768][0m Trial 152 finished with values: [0.11775, 0.0] with parameters: {'Vahp': -26.0, 'Vth': -55.5, 'Vmax': 20.5, 't_ref': 3.5, 'R': 0.2, 'tau_m': 349.5, 'rate_low': 40.5, 'rate_high': 45.0}.[0m
2021-04-21 20:47:11.488377: I tensorflow/compiler/jit/xla_gpu_device.cc:99] Not creating XLA devices, tf_xla_enable_xla_devices not set
maxFreq at 10nA: 1000.0
2021-04-21 20:47:45.196861: I tensorflow/compiler/jit/xla_gpu_device.cc:99] Not creating XLA devices, tf_xla_enable_xla_devices not set
2021-04-21 20:48:09.456247: I tensorflow/compiler/jit/xla_gpu_device.cc:99] Not creating XLA devices, tf_xla_enable_xla_devices not set
mse and spike frequency: 0.11775 0.0
[32m[I 2021-04-21 20:48:32,733][0m Trial 153 finished with values: [0.11775, 0.0] with parameters: {'Vahp': -26.0, 'Vth': -39.5, 'Vmax': 26.0, 't_ref': 3.0, 'R': 0.8, 'tau_m': 398.5, 'rate_low': 28.0, 'rate_high': 50.0}.[0m
2021-04-21 20:48:33.494606: I tensorflow/compiler/jit/xla_gpu_device.cc:99] Not creating XLA devices, tf_xla_enable_xla_devices not set
maxFreq at 10nA: 84.0
2021-04-21 20:49:07.532208: I tensorflow/compiler/jit/xla_gpu_device.cc:99] Not creating XLA devices, tf_xla_enable_xla_devices not set
2021-04-21 20:49:32.484076: I tensorflow/compiler/jit/xla_gpu_device.cc:99] Not creating XLA devices, tf_xla_enable_xla_devices not set
mse and spike frequency: 0.00109 2.16
[32m[I 2021-04-21 20:49:56,061][0m Trial 154 finished with values: [0.00109, 2.16] with parameters: {'Vahp': -29.0, 'Vth': -23.5, 'Vmax': 30.5, 't_ref': 11.0, 'R': 0.2, 'tau_m': 178.0, 'rate_low': 7.0, 'rate_high': 34.5}.[0m
2021-04-21 20:49:56.793039: I tensorflow/compiler/jit/xla_gpu_device.cc:99] Not creating XLA devices, tf_xla_enable_xla_devices not set
maxFreq at 10nA: 248.0
2021-04-21 20:50:30.802782: I tensorflow/compiler/jit/xla_gpu_device.cc:99] Not creating XLA devices, tf_xla_enable_xla_devices not set
2021-04-21 20:50:55.335606: I tensorflow/compiler/jit/xla_gpu_device.cc:99] Not creating XLA devices, tf_xla_enable_xla_devices not set
mse and spike frequency: 0.00521 1.4
[32m[I 2021-04-21 20:51:17,821][0m Trial 155 finished with values: [0.00521, 1.4] with parameters: {'Vahp': -28.5, 'Vth': -23.0, 'Vmax': 13.5, 't_ref': 1.5, 'R': 0.1, 'tau_m': 308.5, 'rate_low': 14.5, 'rate_high': 46.0}.[0m
2021-04-21 20:51:18.583232: I tensorflow/compiler/jit/xla_gpu_device.cc:99] Not creating XLA devices, tf_xla_enable_xla_devices not set
maxFreq at 10nA: 332.0
2021-04-21 20:51:52.126266: I tensorflow/compiler/jit/xla_gpu_device.cc:99] Not creating XLA devices, tf_xla_enable_xla_devices not set
2021-04-21 20:52:16.132282: I tensorflow/compiler/jit/xla_gpu_device.cc:99] Not creating XLA devices, tf_xla_enable_xla_devices not set
mse and spike frequency: 0.00035 29.96
[32m[I 2021-04-21 20:52:38,974][0m Trial 156 finished with values: [0.00035, 29.96] with parameters: {'Vahp': -23.5, 'Vth': -20.5, 'Vmax': 31.5, 't_ref': 1.5, 'R': 0.30000000000000004, 'tau_m': 467.5, 'rate_low': 29.5, 'rate_high': 39.5}.[0m
2021-04-21 20:52:39.757547: I tensorflow/compiler/jit/xla_gpu_device.cc:99] Not creating XLA devices, tf_xla_enable_xla_devices not set
maxFreq at 10nA: 998.0
2021-04-21 20:53:14.854567: I tensorflow/compiler/jit/xla_gpu_device.cc:99] Not creating XLA devices, tf_xla_enable_xla_devices not set
2021-04-21 20:53:39.832550: I tensorflow/compiler/jit/xla_gpu_device.cc:99] Not creating XLA devices, tf_xla_enable_xla_devices not set
mse and spike frequency: 0.11775 0.0
[32m[I 2021-04-21 20:54:02,931][0m Trial 157 finished with values: [0.11775, 0.0] with parameters: {'Vahp': -32.5, 'Vth': -38.5, 'Vmax': 38.5, 't_ref': 11.0, 'R': 0.2, 'tau_m': 242.0, 'rate_low': 49.5, 'rate_high': 50.0}.[0m
2021-04-21 20:54:03.679608: I tensorflow/compiler/jit/xla_gpu_device.cc:99] Not creating XLA devices, tf_xla_enable_xla_devices not set
maxFreq at 10nA: 997.0
2021-04-21 20:54:38.137468: I tensorflow/compiler/jit/xla_gpu_device.cc:99] Not creating XLA devices, tf_xla_enable_xla_devices not set
2021-04-21 20:55:03.102058: I tensorflow/compiler/jit/xla_gpu_device.cc:99] Not creating XLA devices, tf_xla_enable_xla_devices not set
mse and spike frequency: 0.11775 0.0
[32m[I 2021-04-21 20:55:25,604][0m Trial 158 finished with values: [0.11775, 0.0] with parameters: {'Vahp': -39.5, 'Vth': -47.0, 'Vmax': 16.5, 't_ref': 14.0, 'R': 0.1, 'tau_m': 300.0, 'rate_low': 28.0, 'rate_high': 49.5}.[0m
2021-04-21 20:55:26.439487: I tensorflow/compiler/jit/xla_gpu_device.cc:99] Not creating XLA devices, tf_xla_enable_xla_devices not set
maxFreq at 10nA: 99.0
2021-04-21 20:56:00.818395: I tensorflow/compiler/jit/xla_gpu_device.cc:99] Not creating XLA devices, tf_xla_enable_xla_devices not set
2021-04-21 20:56:25.374321: I tensorflow/compiler/jit/xla_gpu_device.cc:99] Not creating XLA devices, tf_xla_enable_xla_devices not set
mse and spike frequency: 0.00278 5.19
[32m[I 2021-04-21 20:56:48,540][0m Trial 159 finished with values: [0.00278, 5.19] with parameters: {'Vahp': -23.5, 'Vth': -20.5, 'Vmax': 22.0, 't_ref': 7.5, 'R': 0.1, 'tau_m': 475.5, 'rate_low': 27.5, 'rate_high': 41.0}.[0m
2021-04-21 20:56:49.341073: I tensorflow/compiler/jit/xla_gpu_device.cc:99] Not creating XLA devices, tf_xla_enable_xla_devices not set
maxFreq at 10nA: 1000.0
2021-04-21 20:57:24.740690: I tensorflow/compiler/jit/xla_gpu_device.cc:99] Not creating XLA devices, tf_xla_enable_xla_devices not set
2021-04-21 20:57:49.730669: I tensorflow/compiler/jit/xla_gpu_device.cc:99] Not creating XLA devices, tf_xla_enable_xla_devices not set
mse and spike frequency: 0.11775 0.0
[32m[I 2021-04-21 20:58:13,127][0m Trial 160 finished with values: [0.11775, 0.0] with parameters: {'Vahp': -28.0, 'Vth': -53.5, 'Vmax': 10.5, 't_ref': 11.0, 'R': 0.30000000000000004, 'tau_m': 139.0, 'rate_low': 34.0, 'rate_high': 34.5}.[0m
2021-04-21 20:58:13.878698: I tensorflow/compiler/jit/xla_gpu_device.cc:99] Not creating XLA devices, tf_xla_enable_xla_devices not set
maxFreq at 10nA: 998.0
2021-04-21 20:58:49.136512: I tensorflow/compiler/jit/xla_gpu_device.cc:99] Not creating XLA devices, tf_xla_enable_xla_devices not set
2021-04-21 20:59:14.276363: I tensorflow/compiler/jit/xla_gpu_device.cc:99] Not creating XLA devices, tf_xla_enable_xla_devices not set
mse and spike frequency: 0.11775 0.0
[32m[I 2021-04-21 20:59:37,719][0m Trial 161 finished with values: [0.11775, 0.0] with parameters: {'Vahp': -24.5, 'Vth': -28.0, 'Vmax': 25.0, 't_ref': 3.0, 'R': 0.1, 'tau_m': 74.0, 'rate_low': 6.0, 'rate_high': 32.5}.[0m
2021-04-21 20:59:38.436778: I tensorflow/compiler/jit/xla_gpu_device.cc:99] Not creating XLA devices, tf_xla_enable_xla_devices not set
maxFreq at 10nA: 1000.0
2021-04-21 21:00:13.382714: I tensorflow/compiler/jit/xla_gpu_device.cc:99] Not creating XLA devices, tf_xla_enable_xla_devices not set
2021-04-21 21:00:38.496741: I tensorflow/compiler/jit/xla_gpu_device.cc:99] Not creating XLA devices, tf_xla_enable_xla_devices not set
mse and spike frequency: 0.11775 0.0
[32m[I 2021-04-21 21:01:02,325][0m Trial 162 finished with values: [0.11775, 0.0] with parameters: {'Vahp': -41.0, 'Vth': -42.0, 'Vmax': 34.5, 't_ref': 7.0, 'R': 0.8, 'tau_m': 464.0, 'rate_low': 7.0, 'rate_high': 25.5}.[0m
2021-04-21 21:01:03.050338: I tensorflow/compiler/jit/xla_gpu_device.cc:99] Not creating XLA devices, tf_xla_enable_xla_devices not set
maxFreq at 10nA: 250.0
2021-04-21 21:01:37.526335: I tensorflow/compiler/jit/xla_gpu_device.cc:99] Not creating XLA devices, tf_xla_enable_xla_devices not set
2021-04-21 21:02:02.824159: I tensorflow/compiler/jit/xla_gpu_device.cc:99] Not creating XLA devices, tf_xla_enable_xla_devices not set
mse and spike frequency: 0.00036 13.67
[32m[I 2021-04-21 21:02:26,381][0m Trial 163 finished with values: [0.00036, 13.67] with parameters: {'Vahp': -41.5, 'Vth': -24.0, 'Vmax': 31.5, 't_ref': 3.0, 'R': 1.0, 'tau_m': 395.5, 'rate_low': 14.0, 'rate_high': 32.5}.[0m
2021-04-21 21:02:27.258484: I tensorflow/compiler/jit/xla_gpu_device.cc:99] Not creating XLA devices, tf_xla_enable_xla_devices not set
maxFreq at 10nA: 998.0
2021-04-21 21:03:02.650701: I tensorflow/compiler/jit/xla_gpu_device.cc:99] Not creating XLA devices, tf_xla_enable_xla_devices not set
2021-04-21 21:03:28.555207: I tensorflow/compiler/jit/xla_gpu_device.cc:99] Not creating XLA devices, tf_xla_enable_xla_devices not set
mse and spike frequency: 0.11775 0.0
[32m[I 2021-04-21 21:03:52,083][0m Trial 164 finished with values: [0.11775, 0.0] with parameters: {'Vahp': -24.5, 'Vth': -39.5, 'Vmax': 38.0, 't_ref': 16.5, 'R': 0.2, 'tau_m': 300.0, 'rate_low': 20.0, 'rate_high': 32.5}.[0m
2021-04-21 21:03:52.856303: I tensorflow/compiler/jit/xla_gpu_device.cc:99] Not creating XLA devices, tf_xla_enable_xla_devices not set
maxFreq at 10nA: 1000.0
2021-04-21 21:04:28.853251: I tensorflow/compiler/jit/xla_gpu_device.cc:99] Not creating XLA devices, tf_xla_enable_xla_devices not set
2021-04-21 21:04:55.011926: I tensorflow/compiler/jit/xla_gpu_device.cc:99] Not creating XLA devices, tf_xla_enable_xla_devices not set
mse and spike frequency: 0.11775 0.0
[32m[I 2021-04-21 21:05:18,995][0m Trial 165 finished with values: [0.11775, 0.0] with parameters: {'Vahp': -54.0, 'Vth': -55.5, 'Vmax': 20.5, 't_ref': 3.5, 'R': 0.9, 'tau_m': 86.0, 'rate_low': 29.0, 'rate_high': 46.0}.[0m
2021-04-21 21:05:19.930655: I tensorflow/compiler/jit/xla_gpu_device.cc:99] Not creating XLA devices, tf_xla_enable_xla_devices not set
maxFreq at 10nA: 1000.0
2021-04-21 21:05:56.078825: I tensorflow/compiler/jit/xla_gpu_device.cc:99] Not creating XLA devices, tf_xla_enable_xla_devices not set
2021-04-21 21:06:21.956031: I tensorflow/compiler/jit/xla_gpu_device.cc:99] Not creating XLA devices, tf_xla_enable_xla_devices not set
mse and spike frequency: 0.11775 0.0
[32m[I 2021-04-21 21:06:46,083][0m Trial 166 finished with values: [0.11775, 0.0] with parameters: {'Vahp': -29.5, 'Vth': -43.0, 'Vmax': 26.5, 't_ref': 3.0, 'R': 1.0, 'tau_m': 467.5, 'rate_low': 29.0, 'rate_high': 39.5}.[0m
2021-04-21 21:06:46.967365: I tensorflow/compiler/jit/xla_gpu_device.cc:99] Not creating XLA devices, tf_xla_enable_xla_devices not set
maxFreq at 10nA: 62.0
2021-04-21 21:07:23.495102: I tensorflow/compiler/jit/xla_gpu_device.cc:99] Not creating XLA devices, tf_xla_enable_xla_devices not set
2021-04-21 21:07:49.780628: I tensorflow/compiler/jit/xla_gpu_device.cc:99] Not creating XLA devices, tf_xla_enable_xla_devices not set
mse and spike frequency: 0.00227 4.86
[32m[I 2021-04-21 21:08:14,209][0m Trial 167 finished with values: [0.00227, 4.86] with parameters: {'Vahp': -38.0, 'Vth': -24.0, 'Vmax': 25.5, 't_ref': 11.0, 'R': 0.1, 'tau_m': 337.0, 'rate_low': 49.0, 'rate_high': 44.5}.[0m
2021-04-21 21:08:15.035817: I tensorflow/compiler/jit/xla_gpu_device.cc:99] Not creating XLA devices, tf_xla_enable_xla_devices not set
maxFreq at 10nA: 999.0
2021-04-21 21:08:51.447573: I tensorflow/compiler/jit/xla_gpu_device.cc:99] Not creating XLA devices, tf_xla_enable_xla_devices not set
2021-04-21 21:09:18.017623: I tensorflow/compiler/jit/xla_gpu_device.cc:99] Not creating XLA devices, tf_xla_enable_xla_devices not set
mse and spike frequency: 0.11775 0.0
[32m[I 2021-04-21 21:09:42,399][0m Trial 168 finished with values: [0.11775, 0.0] with parameters: {'Vahp': -29.0, 'Vth': -54.5, 'Vmax': 25.0, 't_ref': 16.0, 'R': 0.1, 'tau_m': 349.5, 'rate_low': 18.5, 'rate_high': 34.5}.[0m
2021-04-21 21:09:43.174680: I tensorflow/compiler/jit/xla_gpu_device.cc:99] Not creating XLA devices, tf_xla_enable_xla_devices not set
maxFreq at 10nA: 84.0
2021-04-21 21:10:19.630773: I tensorflow/compiler/jit/xla_gpu_device.cc:99] Not creating XLA devices, tf_xla_enable_xla_devices not set
2021-04-21 21:10:45.623645: I tensorflow/compiler/jit/xla_gpu_device.cc:99] Not creating XLA devices, tf_xla_enable_xla_devices not set
mse and spike frequency: 0.0043 2.14
[32m[I 2021-04-21 21:11:09,910][0m Trial 169 finished with values: [0.0043, 2.14] with parameters: {'Vahp': -40.5, 'Vth': -23.5, 'Vmax': 30.5, 't_ref': 11.0, 'R': 0.6, 'tau_m': 332.5, 'rate_low': 7.0, 'rate_high': 14.0}.[0m
2021-04-21 21:11:10.671076: I tensorflow/compiler/jit/xla_gpu_device.cc:99] Not creating XLA devices, tf_xla_enable_xla_devices not set
maxFreq at 10nA: 999.0
2021-04-21 21:11:47.630399: I tensorflow/compiler/jit/xla_gpu_device.cc:99] Not creating XLA devices, tf_xla_enable_xla_devices not set
2021-04-21 21:12:14.214776: I tensorflow/compiler/jit/xla_gpu_device.cc:99] Not creating XLA devices, tf_xla_enable_xla_devices not set
mse and spike frequency: 0.11775 0.0
[32m[I 2021-04-21 21:12:38,411][0m Trial 170 finished with values: [0.11775, 0.0] with parameters: {'Vahp': -24.5, 'Vth': -47.5, 'Vmax': 26.5, 't_ref': 3.0, 'R': 0.2, 'tau_m': 300.0, 'rate_low': 15.5, 'rate_high': 32.5}.[0m
2021-04-21 21:12:39.186374: I tensorflow/compiler/jit/xla_gpu_device.cc:99] Not creating XLA devices, tf_xla_enable_xla_devices not set
maxFreq at 10nA: 1000.0
2021-04-21 21:13:16.193340: I tensorflow/compiler/jit/xla_gpu_device.cc:99] Not creating XLA devices, tf_xla_enable_xla_devices not set
2021-04-21 21:13:42.991273: I tensorflow/compiler/jit/xla_gpu_device.cc:99] Not creating XLA devices, tf_xla_enable_xla_devices not set
mse and spike frequency: 0.11775 0.0
[32m[I 2021-04-21 21:14:07,357][0m Trial 171 finished with values: [0.11775, 0.0] with parameters: {'Vahp': -39.0, 'Vth': -51.5, 'Vmax': 25.0, 't_ref': 1.5, 'R': 0.30000000000000004, 'tau_m': 267.5, 'rate_low': 19.0, 'rate_high': 29.0}.[0m
2021-04-21 21:14:08.163252: I tensorflow/compiler/jit/xla_gpu_device.cc:99] Not creating XLA devices, tf_xla_enable_xla_devices not set
maxFreq at 10nA: 1000.0
2021-04-21 21:14:44.495420: I tensorflow/compiler/jit/xla_gpu_device.cc:99] Not creating XLA devices, tf_xla_enable_xla_devices not set
2021-04-21 21:15:10.957583: I tensorflow/compiler/jit/xla_gpu_device.cc:99] Not creating XLA devices, tf_xla_enable_xla_devices not set
mse and spike frequency: 0.11775 0.0
[32m[I 2021-04-21 21:15:35,863][0m Trial 172 finished with values: [0.11775, 0.0] with parameters: {'Vahp': -39.5, 'Vth': -54.5, 'Vmax': 16.5, 't_ref': 14.0, 'R': 0.1, 'tau_m': 172.0, 'rate_low': 28.0, 'rate_high': 32.5}.[0m
2021-04-21 21:15:36.649756: I tensorflow/compiler/jit/xla_gpu_device.cc:99] Not creating XLA devices, tf_xla_enable_xla_devices not set
maxFreq at 10nA: 250.0
2021-04-21 21:16:13.597393: I tensorflow/compiler/jit/xla_gpu_device.cc:99] Not creating XLA devices, tf_xla_enable_xla_devices not set
2021-04-21 21:16:39.221026: I tensorflow/compiler/jit/xla_gpu_device.cc:99] Not creating XLA devices, tf_xla_enable_xla_devices not set
mse and spike frequency: 0.00026 22.37
[32m[I 2021-04-21 21:17:04,428][0m Trial 173 finished with values: [0.00026, 22.37] with parameters: {'Vahp': -54.0, 'Vth': -24.0, 'Vmax': 30.5, 't_ref': 1.5, 'R': 0.8, 'tau_m': 337.0, 'rate_low': 37.5, 'rate_high': 46.0}.[0m
2021-04-21 21:17:05.247980: I tensorflow/compiler/jit/xla_gpu_device.cc:99] Not creating XLA devices, tf_xla_enable_xla_devices not set
maxFreq at 10nA: 53.0
2021-04-21 21:17:42.520391: I tensorflow/compiler/jit/xla_gpu_device.cc:99] Not creating XLA devices, tf_xla_enable_xla_devices not set
2021-04-21 21:18:08.557612: I tensorflow/compiler/jit/xla_gpu_device.cc:99] Not creating XLA devices, tf_xla_enable_xla_devices not set
mse and spike frequency: 0.00171 3.35
[32m[I 2021-04-21 21:18:33,739][0m Trial 174 finished with values: [0.00171, 3.35] with parameters: {'Vahp': -58.0, 'Vth': -54.0, 'Vmax': 37.5, 't_ref': 18.0, 'R': 0.4, 'tau_m': 288.5, 'rate_low': 7.5, 'rate_high': 21.0}.[0m
2021-04-21 21:18:34.510401: I tensorflow/compiler/jit/xla_gpu_device.cc:99] Not creating XLA devices, tf_xla_enable_xla_devices not set
maxFreq at 10nA: 1000.0
2021-04-21 21:19:11.663225: I tensorflow/compiler/jit/xla_gpu_device.cc:99] Not creating XLA devices, tf_xla_enable_xla_devices not set
2021-04-21 21:19:38.022875: I tensorflow/compiler/jit/xla_gpu_device.cc:99] Not creating XLA devices, tf_xla_enable_xla_devices not set
mse and spike frequency: 0.11775 0.0
[32m[I 2021-04-21 21:20:03,378][0m Trial 175 finished with values: [0.11775, 0.0] with parameters: {'Vahp': -32.5, 'Vth': -43.0, 'Vmax': 36.0, 't_ref': 13.0, 'R': 1.0, 'tau_m': 423.5, 'rate_low': 43.5, 'rate_high': 50.0}.[0m
2021-04-21 21:20:04.217536: I tensorflow/compiler/jit/xla_gpu_device.cc:99] Not creating XLA devices, tf_xla_enable_xla_devices not set
maxFreq at 10nA: 1000.0
2021-04-21 21:20:41.568077: I tensorflow/compiler/jit/xla_gpu_device.cc:99] Not creating XLA devices, tf_xla_enable_xla_devices not set
2021-04-21 21:21:08.039532: I tensorflow/compiler/jit/xla_gpu_device.cc:99] Not creating XLA devices, tf_xla_enable_xla_devices not set
mse and spike frequency: 0.11775 0.0
[32m[I 2021-04-21 21:21:33,596][0m Trial 176 finished with values: [0.11775, 0.0] with parameters: {'Vahp': -32.5, 'Vth': -43.0, 'Vmax': 17.0, 't_ref': 17.5, 'R': 1.0, 'tau_m': 423.5, 'rate_low': 4.5, 'rate_high': 49.5}.[0m
2021-04-21 21:21:34.378056: I tensorflow/compiler/jit/xla_gpu_device.cc:99] Not creating XLA devices, tf_xla_enable_xla_devices not set
maxFreq at 10nA: 1000.0
2021-04-21 21:22:12.211942: I tensorflow/compiler/jit/xla_gpu_device.cc:99] Not creating XLA devices, tf_xla_enable_xla_devices not set
2021-04-21 21:22:38.810992: I tensorflow/compiler/jit/xla_gpu_device.cc:99] Not creating XLA devices, tf_xla_enable_xla_devices not set
mse and spike frequency: 0.11775 0.0
[32m[I 2021-04-21 21:23:05,304][0m Trial 177 finished with values: [0.11775, 0.0] with parameters: {'Vahp': -39.0, 'Vth': -51.5, 'Vmax': 25.0, 't_ref': 1.5, 'R': 0.6, 'tau_m': 267.5, 'rate_low': 19.0, 'rate_high': 29.0}.[0m
2021-04-21 21:23:06.128826: I tensorflow/compiler/jit/xla_gpu_device.cc:99] Not creating XLA devices, tf_xla_enable_xla_devices not set
maxFreq at 10nA: 200.0
2021-04-21 21:23:43.639520: I tensorflow/compiler/jit/xla_gpu_device.cc:99] Not creating XLA devices, tf_xla_enable_xla_devices not set
2021-04-21 21:24:10.896909: I tensorflow/compiler/jit/xla_gpu_device.cc:99] Not creating XLA devices, tf_xla_enable_xla_devices not set
mse and spike frequency: 0.10026 0.11
[32m[I 2021-04-21 21:24:37,353][0m Trial 178 finished with values: [0.10026, 0.11] with parameters: {'Vahp': -39.5, 'Vth': -22.5, 'Vmax': 27.0, 't_ref': 2.5, 'R': 0.6, 'tau_m': 435.5, 'rate_low': 1.0, 'rate_high': 14.0}.[0m
2021-04-21 21:24:38.133562: I tensorflow/compiler/jit/xla_gpu_device.cc:99] Not creating XLA devices, tf_xla_enable_xla_devices not set
maxFreq at 10nA: 1000.0
2021-04-21 21:25:15.534218: I tensorflow/compiler/jit/xla_gpu_device.cc:99] Not creating XLA devices, tf_xla_enable_xla_devices not set
2021-04-21 21:25:43.129716: I tensorflow/compiler/jit/xla_gpu_device.cc:99] Not creating XLA devices, tf_xla_enable_xla_devices not set
mse and spike frequency: 0.11775 0.0
[32m[I 2021-04-21 21:26:08,840][0m Trial 179 finished with values: [0.11775, 0.0] with parameters: {'Vahp': -26.0, 'Vth': -54.5, 'Vmax': 25.0, 't_ref': 3.0, 'R': 0.8, 'tau_m': 475.5, 'rate_low': 3.0, 'rate_high': 41.0}.[0m
2021-04-21 21:26:09.732986: I tensorflow/compiler/jit/xla_gpu_device.cc:99] Not creating XLA devices, tf_xla_enable_xla_devices not set
maxFreq at 10nA: 1000.0
2021-04-21 21:26:47.165981: I tensorflow/compiler/jit/xla_gpu_device.cc:99] Not creating XLA devices, tf_xla_enable_xla_devices not set
2021-04-21 21:27:14.817747: I tensorflow/compiler/jit/xla_gpu_device.cc:99] Not creating XLA devices, tf_xla_enable_xla_devices not set
mse and spike frequency: 0.11775 0.0
[32m[I 2021-04-21 21:27:41,838][0m Trial 180 finished with values: [0.11775, 0.0] with parameters: {'Vahp': -41.5, 'Vth': -47.0, 'Vmax': 37.0, 't_ref': 16.5, 'R': 0.7000000000000001, 'tau_m': 404.0, 'rate_low': 39.0, 'rate_high': 21.0}.[0m
2021-04-21 21:27:42.693527: I tensorflow/compiler/jit/xla_gpu_device.cc:99] Not creating XLA devices, tf_xla_enable_xla_devices not set
maxFreq at 10nA: 1000.0
2021-04-21 21:28:20.710433: I tensorflow/compiler/jit/xla_gpu_device.cc:99] Not creating XLA devices, tf_xla_enable_xla_devices not set
2021-04-21 21:28:49.251358: I tensorflow/compiler/jit/xla_gpu_device.cc:99] Not creating XLA devices, tf_xla_enable_xla_devices not set
mse and spike frequency: 0.11775 0.0
[32m[I 2021-04-21 21:29:16,186][0m Trial 181 finished with values: [0.11775, 0.0] with parameters: {'Vahp': -39.5, 'Vth': -55.5, 'Vmax': 26.5, 't_ref': 14.0, 'R': 0.9, 'tau_m': 172.0, 'rate_low': 28.0, 'rate_high': 49.5}.[0m
2021-04-21 21:29:17.033438: I tensorflow/compiler/jit/xla_gpu_device.cc:99] Not creating XLA devices, tf_xla_enable_xla_devices not set
maxFreq at 10nA: 1000.0
2021-04-21 21:29:55.032875: I tensorflow/compiler/jit/xla_gpu_device.cc:99] Not creating XLA devices, tf_xla_enable_xla_devices not set
2021-04-21 21:30:23.915887: I tensorflow/compiler/jit/xla_gpu_device.cc:99] Not creating XLA devices, tf_xla_enable_xla_devices not set
mse and spike frequency: 0.11775 0.0
