[32m[I 2021-04-21 23:25:05,009][0m Trial 244 finished with values: [0.11775, 0.0] with parameters: {'Vahp': -50.5, 'Vth': -52.5, 'Vmax': 17.0, 't_ref': 1.0, 'R': 0.6, 'tau_m': 185.5, 'rate_low': 42.5, 'rate_high': 50.0}.[0m
2021-04-21 23:25:06.115359: I tensorflow/compiler/jit/xla_gpu_device.cc:99] Not creating XLA devices, tf_xla_enable_xla_devices not set
maxFreq at 10nA: 125.0
2021-04-21 23:25:52.808943: I tensorflow/compiler/jit/xla_gpu_device.cc:99] Not creating XLA devices, tf_xla_enable_xla_devices not set
2021-04-21 23:26:31.237503: I tensorflow/compiler/jit/xla_gpu_device.cc:99] Not creating XLA devices, tf_xla_enable_xla_devices not set
mse and spike frequency: 0.11775 0.0
[32m[I 2021-04-21 23:27:09,677][0m Trial 245 finished with values: [0.11775, 0.0] with parameters: {'Vahp': -58.0, 'Vth': -53.0, 'Vmax': 38.0, 't_ref': 7.0, 'R': 0.5, 'tau_m': 28.5, 'rate_low': 3.5, 'rate_high': 10.0}.[0m
2021-04-21 23:27:10.627931: I tensorflow/compiler/jit/xla_gpu_device.cc:99] Not creating XLA devices, tf_xla_enable_xla_devices not set
maxFreq at 10nA: 991.0
2021-04-21 23:27:58.027473: I tensorflow/compiler/jit/xla_gpu_device.cc:99] Not creating XLA devices, tf_xla_enable_xla_devices not set
2021-04-21 23:28:36.404101: I tensorflow/compiler/jit/xla_gpu_device.cc:99] Not creating XLA devices, tf_xla_enable_xla_devices not set
mse and spike frequency: 0.11775 0.0
[32m[I 2021-04-21 23:29:14,084][0m Trial 246 finished with values: [0.11775, 0.0] with parameters: {'Vahp': -23.0, 'Vth': -38.5, 'Vmax': 19.5, 't_ref': 7.5, 'R': 0.1, 'tau_m': 456.5, 'rate_low': 41.5, 'rate_high': 41.5}.[0m
2021-04-21 23:29:15.133676: I tensorflow/compiler/jit/xla_gpu_device.cc:99] Not creating XLA devices, tf_xla_enable_xla_devices not set
maxFreq at 10nA: 48.0
2021-04-21 23:30:02.917538: I tensorflow/compiler/jit/xla_gpu_device.cc:99] Not creating XLA devices, tf_xla_enable_xla_devices not set
2021-04-21 23:30:41.484208: I tensorflow/compiler/jit/xla_gpu_device.cc:99] Not creating XLA devices, tf_xla_enable_xla_devices not set
mse and spike frequency: 0.00105 15.11
[32m[I 2021-04-21 23:31:19,489][0m Trial 247 finished with values: [0.00105, 15.11] with parameters: {'Vahp': -50.5, 'Vth': -45.5, 'Vmax': 39.0, 't_ref': 20.0, 'R': 0.5, 'tau_m': 492.0, 'rate_low': 25.0, 'rate_high': 50.0}.[0m
2021-04-21 23:31:20.507683: I tensorflow/compiler/jit/xla_gpu_device.cc:99] Not creating XLA devices, tf_xla_enable_xla_devices not set
maxFreq at 10nA: 111.0
2021-04-21 23:32:07.696001: I tensorflow/compiler/jit/xla_gpu_device.cc:99] Not creating XLA devices, tf_xla_enable_xla_devices not set
2021-04-21 23:32:46.385305: I tensorflow/compiler/jit/xla_gpu_device.cc:99] Not creating XLA devices, tf_xla_enable_xla_devices not set
mse and spike frequency: 0.08231 0.14
[32m[I 2021-04-21 23:33:24,563][0m Trial 248 finished with values: [0.08231, 0.14] with parameters: {'Vahp': -41.0, 'Vth': -20.0, 'Vmax': 24.5, 't_ref': 7.0, 'R': 0.5, 'tau_m': 387.5, 'rate_low': 3.0, 'rate_high': 10.0}.[0m
2021-04-21 23:33:25.602317: I tensorflow/compiler/jit/xla_gpu_device.cc:99] Not creating XLA devices, tf_xla_enable_xla_devices not set
maxFreq at 10nA: 111.0
2021-04-21 23:34:12.840853: I tensorflow/compiler/jit/xla_gpu_device.cc:99] Not creating XLA devices, tf_xla_enable_xla_devices not set
2021-04-21 23:34:52.009798: I tensorflow/compiler/jit/xla_gpu_device.cc:99] Not creating XLA devices, tf_xla_enable_xla_devices not set
