2021-04-21 18:27:49.142321: I tensorflow/stream_executor/platform/default/dso_loader.cc:49] Successfully opened dynamic library libcudart.so.11.0
Build finished in 0:00:01.                                                      
Simulation finished in 0:00:01.                                                 
[32m[I 2021-04-21 18:27:51,814][0m A new study created in memory with name: no-name-4ab36599-3a16-436e-9e5e-41cfdb0fd2c0[0m
2021-04-21 18:27:51.994539: I tensorflow/compiler/jit/xla_cpu_device.cc:41] Not creating XLA devices, tf_xla_enable_xla_devices not set
2021-04-21 18:27:51.995444: I tensorflow/stream_executor/platform/default/dso_loader.cc:49] Successfully opened dynamic library libcuda.so.1
2021-04-21 18:27:52.977664: E tensorflow/stream_executor/cuda/cuda_driver.cc:328] failed call to cuInit: CUDA_ERROR_NO_DEVICE: no CUDA-capable device is detected
2021-04-21 18:27:52.977725: I tensorflow/stream_executor/cuda/cuda_diagnostics.cc:169] retrieving CUDA diagnostic information for host: comparch-t640
2021-04-21 18:27:52.977735: I tensorflow/stream_executor/cuda/cuda_diagnostics.cc:176] hostname: comparch-t640
2021-04-21 18:27:52.977894: I tensorflow/stream_executor/cuda/cuda_diagnostics.cc:200] libcuda reported version is: 450.66.0
2021-04-21 18:27:52.977928: I tensorflow/stream_executor/cuda/cuda_diagnostics.cc:204] kernel reported version is: 450.66.0
2021-04-21 18:27:52.977936: I tensorflow/stream_executor/cuda/cuda_diagnostics.cc:310] kernel version seems to match DSO: 450.66.0
2021-04-21 18:27:52.978260: I tensorflow/core/platform/cpu_feature_guard.cc:142] This TensorFlow binary is optimized with oneAPI Deep Neural Network Library (oneDNN) to use the following CPU instructions in performance-critical operations:  AVX2 AVX512F FMA
To enable them in other operations, rebuild TensorFlow with the appropriate compiler flags.
2021-04-21 18:27:52.980251: I tensorflow/compiler/jit/xla_gpu_device.cc:99] Not creating XLA devices, tf_xla_enable_xla_devices not set
2021-04-21 18:27:52.994827: I tensorflow/compiler/mlir/mlir_graph_optimization_pass.cc:196] None of the MLIR optimization passes are enabled (registered 0 passes)
2021-04-21 18:27:53.015898: I tensorflow/core/platform/profile_utils/cpu_utils.cc:112] CPU Frequency: 2100000000 Hz
maxFreq at 10nA: 53.0
2021-04-21 18:28:08.939406: I tensorflow/compiler/jit/xla_gpu_device.cc:99] Not creating XLA devices, tf_xla_enable_xla_devices not set
2021-04-21 18:28:15.896125: I tensorflow/compiler/jit/xla_gpu_device.cc:99] Not creating XLA devices, tf_xla_enable_xla_devices not set
mse and spike frequency: 0.00122 11.8
[32m[I 2021-04-21 18:28:21,980][0m Trial 0 finished with values: [0.00122, 11.8] with parameters: {'Vahp': -55.5, 'Vth': -34.0, 'Vmax': 21.0, 't_ref': 18.0, 'R': 0.9, 'tau_m': 370.0, 'R_adp': 0.9, 'tau_w': 26.5, 'a': 416.0, 'rate_low': 33.5, 'rate_high': 49.0}.[0m
2021-04-21 18:28:22.320814: I tensorflow/compiler/jit/xla_gpu_device.cc:99] Not creating XLA devices, tf_xla_enable_xla_devices not set
maxFreq at 10nA: 210.0
2021-04-21 18:28:38.425291: I tensorflow/compiler/jit/xla_gpu_device.cc:99] Not creating XLA devices, tf_xla_enable_xla_devices not set
2021-04-21 18:28:44.997420: I tensorflow/compiler/jit/xla_gpu_device.cc:99] Not creating XLA devices, tf_xla_enable_xla_devices not set
mse and spike frequency: 5.05472 16.45
[32m[I 2021-04-21 18:28:51,287][0m Trial 1 finished with values: [5.05472, 16.45] with parameters: {'Vahp': -32.5, 'Vth': -25.5, 'Vmax': 23.5, 't_ref': 3.0, 'R': 0.1, 'tau_m': 87.5, 'R_adp': 0.4, 'tau_w': 262.0, 'a': 26.0, 'rate_low': 32.0, 'rate_high': 36.0}.[0m
2021-04-21 18:28:51.581852: I tensorflow/compiler/jit/xla_gpu_device.cc:99] Not creating XLA devices, tf_xla_enable_xla_devices not set
maxFreq at 10nA: 1000.0
2021-04-21 18:29:07.830771: I tensorflow/compiler/jit/xla_gpu_device.cc:99] Not creating XLA devices, tf_xla_enable_xla_devices not set
2021-04-21 18:29:14.239105: I tensorflow/compiler/jit/xla_gpu_device.cc:99] Not creating XLA devices, tf_xla_enable_xla_devices not set
mse and spike frequency: 0.11775 0.0
[32m[I 2021-04-21 18:29:19,040][0m Trial 2 finished with values: [0.11775, 0.0] with parameters: {'Vahp': -31.5, 'Vth': -51.0, 'Vmax': 34.5, 't_ref': 15.5, 'R': 0.5, 'tau_m': 70.5, 'R_adp': 0.9, 'tau_w': 277.0, 'a': 65.5, 'rate_low': 2.0, 'rate_high': 6.0}.[0m
2021-04-21 18:29:19.363891: I tensorflow/compiler/jit/xla_gpu_device.cc:99] Not creating XLA devices, tf_xla_enable_xla_devices not set
maxFreq at 10nA: 999.0
2021-04-21 18:29:38.251458: I tensorflow/compiler/jit/xla_gpu_device.cc:99] Not creating XLA devices, tf_xla_enable_xla_devices not set
2021-04-21 18:29:44.556377: I tensorflow/compiler/jit/xla_gpu_device.cc:99] Not creating XLA devices, tf_xla_enable_xla_devices not set
mse and spike frequency: 0.11775 0.0
[32m[I 2021-04-21 18:29:49,566][0m Trial 3 finished with values: [0.11775, 0.0] with parameters: {'Vahp': -25.0, 'Vth': -26.5, 'Vmax': 27.0, 't_ref': 5.0, 'R': 0.30000000000000004, 'tau_m': 104.5, 'R_adp': 0.5, 'tau_w': 203.0, 'a': 7.5, 'rate_low': 30.0, 'rate_high': 30.0}.[0m
2021-04-21 18:29:49.899374: I tensorflow/compiler/jit/xla_gpu_device.cc:99] Not creating XLA devices, tf_xla_enable_xla_devices not set
maxFreq at 10nA: 112.0
2021-04-21 18:30:08.875573: I tensorflow/compiler/jit/xla_gpu_device.cc:99] Not creating XLA devices, tf_xla_enable_xla_devices not set
2021-04-21 18:30:15.086345: I tensorflow/compiler/jit/xla_gpu_device.cc:99] Not creating XLA devices, tf_xla_enable_xla_devices not set
mse and spike frequency: 0.00049 26.27
[32m[I 2021-04-21 18:30:20,052][0m Trial 4 finished with values: [0.00049, 26.27] with parameters: {'Vahp': -47.0, 'Vth': -42.0, 'Vmax': 16.5, 't_ref': 7.5, 'R': 0.7000000000000001, 'tau_m': 187.0, 'R_adp': 1.0, 'tau_w': 19.0, 'a': 126.5, 'rate_low': 20.5, 'rate_high': 27.5}.[0m
2021-04-21 18:30:20.561488: I tensorflow/compiler/jit/xla_gpu_device.cc:99] Not creating XLA devices, tf_xla_enable_xla_devices not set
maxFreq at 10nA: 77.0
2021-04-21 18:30:39.890467: I tensorflow/compiler/jit/xla_gpu_device.cc:99] Not creating XLA devices, tf_xla_enable_xla_devices not set
2021-04-21 18:30:46.099156: I tensorflow/compiler/jit/xla_gpu_device.cc:99] Not creating XLA devices, tf_xla_enable_xla_devices not set
mse and spike frequency: 0.00096 22.37
[32m[I 2021-04-21 18:30:51,369][0m Trial 5 finished with values: [0.00096, 22.37] with parameters: {'Vahp': -58.5, 'Vth': -54.0, 'Vmax': 36.0, 't_ref': 11.5, 'R': 0.7000000000000001, 'tau_m': 284.5, 'R_adp': 0.30000000000000004, 'tau_w': 65.0, 'a': 199.0, 'rate_low': 31.0, 'rate_high': 33.0}.[0m
2021-04-21 18:30:51.807501: I tensorflow/compiler/jit/xla_gpu_device.cc:99] Not creating XLA devices, tf_xla_enable_xla_devices not set
maxFreq at 10nA: 500.0
2021-04-21 18:31:11.195066: I tensorflow/compiler/jit/xla_gpu_device.cc:99] Not creating XLA devices, tf_xla_enable_xla_devices not set
2021-04-21 18:31:17.506242: I tensorflow/compiler/jit/xla_gpu_device.cc:99] Not creating XLA devices, tf_xla_enable_xla_devices not set
mse and spike frequency: 0.0014 35.52
[32m[I 2021-04-21 18:31:23,049][0m Trial 6 finished with values: [0.0014, 35.52] with parameters: {'Vahp': -58.5, 'Vth': -31.5, 'Vmax': 20.5, 't_ref': 1.0, 'R': 0.6, 'tau_m': 73.0, 'R_adp': 0.7000000000000001, 'tau_w': 123.5, 'a': 51.5, 'rate_low': 48.5, 'rate_high': 49.5}.[0m
2021-04-21 18:31:23.382483: I tensorflow/compiler/jit/xla_gpu_device.cc:99] Not creating XLA devices, tf_xla_enable_xla_devices not set
maxFreq at 10nA: 1000.0
2021-04-21 18:31:42.969249: I tensorflow/compiler/jit/xla_gpu_device.cc:99] Not creating XLA devices, tf_xla_enable_xla_devices not set
2021-04-21 18:31:48.618456: I tensorflow/compiler/jit/xla_gpu_device.cc:99] Not creating XLA devices, tf_xla_enable_xla_devices not set
mse and spike frequency: 0.11775 0.0
[32m[I 2021-04-21 18:31:54,420][0m Trial 7 finished with values: [0.11775, 0.0] with parameters: {'Vahp': -25.0, 'Vth': -26.5, 'Vmax': 24.0, 't_ref': 17.0, 'R': 0.9, 'tau_m': 72.0, 'R_adp': 0.4, 'tau_w': 475.5, 'a': 411.5, 'rate_low': 31.0, 'rate_high': 43.5}.[0m
2021-04-21 18:31:54.765715: I tensorflow/compiler/jit/xla_gpu_device.cc:99] Not creating XLA devices, tf_xla_enable_xla_devices not set
maxFreq at 10nA: 143.0
2021-04-21 18:32:14.271777: I tensorflow/compiler/jit/xla_gpu_device.cc:99] Not creating XLA devices, tf_xla_enable_xla_devices not set
2021-04-21 18:32:21.077788: I tensorflow/compiler/jit/xla_gpu_device.cc:99] Not creating XLA devices, tf_xla_enable_xla_devices not set
mse and spike frequency: 0.68462 23.68
[32m[I 2021-04-21 18:32:26,698][0m Trial 8 finished with values: [0.68462, 23.68] with parameters: {'Vahp': -28.5, 'Vth': -23.5, 'Vmax': 36.5, 't_ref': 5.5, 'R': 0.5, 'tau_m': 124.5, 'R_adp': 0.4, 'tau_w': 181.5, 'a': 91.5, 'rate_low': 35.0, 'rate_high': 46.0}.[0m
2021-04-21 18:32:27.055447: I tensorflow/compiler/jit/xla_gpu_device.cc:99] Not creating XLA devices, tf_xla_enable_xla_devices not set
maxFreq at 10nA: 84.0
2021-04-21 18:32:46.745819: I tensorflow/compiler/jit/xla_gpu_device.cc:99] Not creating XLA devices, tf_xla_enable_xla_devices not set
2021-04-21 18:32:53.345767: I tensorflow/compiler/jit/xla_gpu_device.cc:99] Not creating XLA devices, tf_xla_enable_xla_devices not set
mse and spike frequency: 0.00243 9.83
[32m[I 2021-04-21 18:32:58,972][0m Trial 9 finished with values: [0.00243, 9.83] with parameters: {'Vahp': -57.5, 'Vth': -40.5, 'Vmax': 38.0, 't_ref': 10.5, 'R': 0.6, 'tau_m': 284.5, 'R_adp': 0.2, 'tau_w': 271.5, 'a': 105.5, 'rate_low': 21.0, 'rate_high': 41.5}.[0m
2021-04-21 18:32:59.397249: I tensorflow/compiler/jit/xla_gpu_device.cc:99] Not creating XLA devices, tf_xla_enable_xla_devices not set
maxFreq at 10nA: 1000.0
2021-04-21 18:33:18.912834: I tensorflow/compiler/jit/xla_gpu_device.cc:99] Not creating XLA devices, tf_xla_enable_xla_devices not set
2021-04-21 18:33:25.582459: I tensorflow/compiler/jit/xla_gpu_device.cc:99] Not creating XLA devices, tf_xla_enable_xla_devices not set
mse and spike frequency: 0.11775 0.0
[32m[I 2021-04-21 18:33:31,622][0m Trial 10 finished with values: [0.11775, 0.0] with parameters: {'Vahp': -36.5, 'Vth': -55.5, 'Vmax': 35.0, 't_ref': 15.0, 'R': 0.30000000000000004, 'tau_m': 456.0, 'R_adp': 0.5, 'tau_w': 78.0, 'a': 298.5, 'rate_low': 22.5, 'rate_high': 48.0}.[0m
2021-04-21 18:33:32.025949: I tensorflow/compiler/jit/xla_gpu_device.cc:99] Not creating XLA devices, tf_xla_enable_xla_devices not set
maxFreq at 10nA: 998.0
2021-04-21 18:33:51.247899: I tensorflow/compiler/jit/xla_gpu_device.cc:99] Not creating XLA devices, tf_xla_enable_xla_devices not set
2021-04-21 18:33:58.067447: I tensorflow/compiler/jit/xla_gpu_device.cc:99] Not creating XLA devices, tf_xla_enable_xla_devices not set
mse and spike frequency: 0.11775 0.0
[32m[I 2021-04-21 18:34:03,977][0m Trial 11 finished with values: [0.11775, 0.0] with parameters: {'Vahp': -22.0, 'Vth': -45.0, 'Vmax': 28.5, 't_ref': 6.5, 'R': 0.2, 'tau_m': 419.5, 'R_adp': 0.5, 'tau_w': 392.0, 'a': 26.5, 'rate_low': 6.5, 'rate_high': 12.0}.[0m
2021-04-21 18:34:04.332497: I tensorflow/compiler/jit/xla_gpu_device.cc:99] Not creating XLA devices, tf_xla_enable_xla_devices not set
maxFreq at 10nA: 103.0
2021-04-21 18:34:23.889823: I tensorflow/compiler/jit/xla_gpu_device.cc:99] Not creating XLA devices, tf_xla_enable_xla_devices not set
2021-04-21 18:34:30.929432: I tensorflow/compiler/jit/xla_gpu_device.cc:99] Not creating XLA devices, tf_xla_enable_xla_devices not set
mse and spike frequency: 0.02351 3.49
[32m[I 2021-04-21 18:34:37,220][0m Trial 12 finished with values: [0.02351, 3.49] with parameters: {'Vahp': -51.5, 'Vth': -41.0, 'Vmax': 24.0, 't_ref': 3.0, 'R': 0.2, 'tau_m': 357.5, 'R_adp': 0.8, 'tau_w': 133.5, 'a': 141.0, 'rate_low': 37.0, 'rate_high': 47.5}.[0m
2021-04-21 18:34:37.630766: I tensorflow/compiler/jit/xla_gpu_device.cc:99] Not creating XLA devices, tf_xla_enable_xla_devices not set
maxFreq at 10nA: 72.0
2021-04-21 18:34:56.826220: I tensorflow/compiler/jit/xla_gpu_device.cc:99] Not creating XLA devices, tf_xla_enable_xla_devices not set
2021-04-21 18:35:04.083185: I tensorflow/compiler/jit/xla_gpu_device.cc:99] Not creating XLA devices, tf_xla_enable_xla_devices not set
mse and spike frequency: 0.01377 4.2
[32m[I 2021-04-21 18:35:10,910][0m Trial 13 finished with values: [0.01377, 4.2] with parameters: {'Vahp': -59.0, 'Vth': -26.5, 'Vmax': 20.5, 't_ref': 11.5, 'R': 1.0, 'tau_m': 412.0, 'R_adp': 0.9, 'tau_w': 139.5, 'a': 312.5, 'rate_low': 24.5, 'rate_high': 25.5}.[0m
2021-04-21 18:35:11.351103: I tensorflow/compiler/jit/xla_gpu_device.cc:99] Not creating XLA devices, tf_xla_enable_xla_devices not set
maxFreq at 10nA: 91.0
2021-04-21 18:35:30.855973: I tensorflow/compiler/jit/xla_gpu_device.cc:99] Not creating XLA devices, tf_xla_enable_xla_devices not set
2021-04-21 18:35:37.949501: I tensorflow/compiler/jit/xla_gpu_device.cc:99] Not creating XLA devices, tf_xla_enable_xla_devices not set
mse and spike frequency: 0.68545 12.84
[32m[I 2021-04-21 18:35:45,282][0m Trial 14 finished with values: [0.68545, 12.84] with parameters: {'Vahp': -50.0, 'Vth': -29.5, 'Vmax': 27.0, 't_ref': 10.0, 'R': 0.9, 'tau_m': 205.0, 'R_adp': 0.4, 'tau_w': 429.5, 'a': 229.5, 'rate_low': 44.5, 'rate_high': 49.0}.[0m
2021-04-21 18:35:45.709222: I tensorflow/compiler/jit/xla_gpu_device.cc:99] Not creating XLA devices, tf_xla_enable_xla_devices not set
maxFreq at 10nA: 1000.0
2021-04-21 18:36:04.690335: I tensorflow/compiler/jit/xla_gpu_device.cc:99] Not creating XLA devices, tf_xla_enable_xla_devices not set
2021-04-21 18:36:12.228210: I tensorflow/compiler/jit/xla_gpu_device.cc:99] Not creating XLA devices, tf_xla_enable_xla_devices not set
mse and spike frequency: 0.11775 0.0
[32m[I 2021-04-21 18:36:19,082][0m Trial 15 finished with values: [0.11775, 0.0] with parameters: {'Vahp': -36.5, 'Vth': -57.0, 'Vmax': 19.5, 't_ref': 1.5, 'R': 0.7000000000000001, 'tau_m': 492.0, 'R_adp': 0.4, 'tau_w': 69.0, 'a': 37.5, 'rate_low': 1.0, 'rate_high': 2.5}.[0m
2021-04-21 18:36:19.514762: I tensorflow/compiler/jit/xla_gpu_device.cc:99] Not creating XLA devices, tf_xla_enable_xla_devices not set
maxFreq at 10nA: 1000.0
2021-04-21 18:36:38.851971: I tensorflow/compiler/jit/xla_gpu_device.cc:99] Not creating XLA devices, tf_xla_enable_xla_devices not set
2021-04-21 18:36:46.438234: I tensorflow/compiler/jit/xla_gpu_device.cc:99] Not creating XLA devices, tf_xla_enable_xla_devices not set
mse and spike frequency: 0.11775 0.0
[32m[I 2021-04-21 18:36:53,597][0m Trial 16 finished with values: [0.11775, 0.0] with parameters: {'Vahp': -25.5, 'Vth': -27.5, 'Vmax': 32.5, 't_ref': 18.0, 'R': 0.6, 'tau_m': 117.0, 'R_adp': 0.1, 'tau_w': 475.5, 'a': 125.5, 'rate_low': 18.5, 'rate_high': 40.0}.[0m
2021-04-21 18:36:54.029009: I tensorflow/compiler/jit/xla_gpu_device.cc:99] Not creating XLA devices, tf_xla_enable_xla_devices not set
maxFreq at 10nA: 63.0
2021-04-21 18:37:12.937938: I tensorflow/compiler/jit/xla_gpu_device.cc:99] Not creating XLA devices, tf_xla_enable_xla_devices not set
2021-04-21 18:37:20.513687: I tensorflow/compiler/jit/xla_gpu_device.cc:99] Not creating XLA devices, tf_xla_enable_xla_devices not set
mse and spike frequency: 3.86253 11.6
[32m[I 2021-04-21 18:37:28,023][0m Trial 17 finished with values: [3.86253, 11.6] with parameters: {'Vahp': -54.5, 'Vth': -47.5, 'Vmax': 10.5, 't_ref': 14.5, 'R': 0.30000000000000004, 'tau_m': 60.0, 'R_adp': 0.8, 'tau_w': 318.5, 'a': 106.0, 'rate_low': 43.5, 'rate_high': 45.5}.[0m
2021-04-21 18:37:28.453067: I tensorflow/compiler/jit/xla_gpu_device.cc:99] Not creating XLA devices, tf_xla_enable_xla_devices not set
maxFreq at 10nA: 50.0
2021-04-21 18:37:47.854835: I tensorflow/compiler/jit/xla_gpu_device.cc:99] Not creating XLA devices, tf_xla_enable_xla_devices not set
2021-04-21 18:37:55.895474: I tensorflow/compiler/jit/xla_gpu_device.cc:99] Not creating XLA devices, tf_xla_enable_xla_devices not set
mse and spike frequency: 7.36548 5.76
[32m[I 2021-04-21 18:38:03,250][0m Trial 18 finished with values: [7.36548, 5.76] with parameters: {'Vahp': -43.5, 'Vth': -28.0, 'Vmax': 22.5, 't_ref': 19.0, 'R': 0.4, 'tau_m': 83.0, 'R_adp': 0.4, 'tau_w': 302.5, 'a': 242.0, 'rate_low': 8.0, 'rate_high': 21.5}.[0m
2021-04-21 18:38:03.615013: I tensorflow/compiler/jit/xla_gpu_device.cc:99] Not creating XLA devices, tf_xla_enable_xla_devices not set
maxFreq at 10nA: 68.0
2021-04-21 18:38:22.539697: I tensorflow/compiler/jit/xla_gpu_device.cc:99] Not creating XLA devices, tf_xla_enable_xla_devices not set
2021-04-21 18:38:30.745132: I tensorflow/compiler/jit/xla_gpu_device.cc:99] Not creating XLA devices, tf_xla_enable_xla_devices not set
mse and spike frequency: 0.10322 0.09
[32m[I 2021-04-21 18:38:38,351][0m Trial 19 finished with values: [0.10322, 0.09] with parameters: {'Vahp': -59.0, 'Vth': -22.5, 'Vmax': 22.5, 't_ref': 3.5, 'R': 0.2, 'tau_m': 330.0, 'R_adp': 1.0, 'tau_w': 177.5, 'a': 79.5, 'rate_low': 1.5, 'rate_high': 26.5}.[0m
2021-04-21 18:38:38.759359: I tensorflow/compiler/jit/xla_gpu_device.cc:99] Not creating XLA devices, tf_xla_enable_xla_devices not set
maxFreq at 10nA: 73.0
2021-04-21 18:38:58.177244: I tensorflow/compiler/jit/xla_gpu_device.cc:99] Not creating XLA devices, tf_xla_enable_xla_devices not set
2021-04-21 18:39:06.870312: I tensorflow/compiler/jit/xla_gpu_device.cc:99] Not creating XLA devices, tf_xla_enable_xla_devices not set
mse and spike frequency: 25.58137 11.1
[32m[I 2021-04-21 18:39:14,634][0m Trial 20 finished with values: [25.58137, 11.1] with parameters: {'Vahp': -52.0, 'Vth': -32.5, 'Vmax': 19.5, 't_ref': 5.0, 'R': 0.1, 'tau_m': 92.0, 'R_adp': 0.5, 'tau_w': 402.0, 'a': 72.5, 'rate_low': 44.5, 'rate_high': 46.0}.[0m
2021-04-21 18:39:15.026043: I tensorflow/compiler/jit/xla_gpu_device.cc:99] Not creating XLA devices, tf_xla_enable_xla_devices not set
maxFreq at 10nA: 1000.0
2021-04-21 18:39:33.842792: I tensorflow/compiler/jit/xla_gpu_device.cc:99] Not creating XLA devices, tf_xla_enable_xla_devices not set
2021-04-21 18:39:42.643910: I tensorflow/compiler/jit/xla_gpu_device.cc:99] Not creating XLA devices, tf_xla_enable_xla_devices not set
mse and spike frequency: 0.11775 0.0
[32m[I 2021-04-21 18:39:49,794][0m Trial 21 finished with values: [0.11775, 0.0] with parameters: {'Vahp': -26.0, 'Vth': -41.0, 'Vmax': 39.0, 't_ref': 14.5, 'R': 1.0, 'tau_m': 351.5, 'R_adp': 0.6, 'tau_w': 64.0, 'a': 25.0, 'rate_low': 10.5, 'rate_high': 47.5}.[0m
2021-04-21 18:39:50.162863: I tensorflow/compiler/jit/xla_gpu_device.cc:99] Not creating XLA devices, tf_xla_enable_xla_devices not set
maxFreq at 10nA: 53.0
2021-04-21 18:40:09.906175: I tensorflow/compiler/jit/xla_gpu_device.cc:99] Not creating XLA devices, tf_xla_enable_xla_devices not set
2021-04-21 18:40:18.730613: I tensorflow/compiler/jit/xla_gpu_device.cc:99] Not creating XLA devices, tf_xla_enable_xla_devices not set
mse and spike frequency: 2.43513 7.43
[32m[I 2021-04-21 18:40:25,917][0m Trial 22 finished with values: [2.43513, 7.43] with parameters: {'Vahp': -53.0, 'Vth': -38.0, 'Vmax': 26.5, 't_ref': 17.0, 'R': 0.4, 'tau_m': 226.0, 'R_adp': 0.5, 'tau_w': 307.5, 'a': 227.0, 'rate_low': 36.5, 'rate_high': 40.5}.[0m
2021-04-21 18:40:26.297794: I tensorflow/compiler/jit/xla_gpu_device.cc:99] Not creating XLA devices, tf_xla_enable_xla_devices not set
maxFreq at 10nA: 51.0
2021-04-21 18:40:46.111050: I tensorflow/compiler/jit/xla_gpu_device.cc:99] Not creating XLA devices, tf_xla_enable_xla_devices not set
2021-04-21 18:40:55.007837: I tensorflow/compiler/jit/xla_gpu_device.cc:99] Not creating XLA devices, tf_xla_enable_xla_devices not set
mse and spike frequency: 5.7311 6.64
[32m[I 2021-04-21 18:41:02,387][0m Trial 23 finished with values: [5.7311, 6.64] with parameters: {'Vahp': -51.5, 'Vth': -40.0, 'Vmax': 27.0, 't_ref': 17.5, 'R': 0.5, 'tau_m': 79.5, 'R_adp': 0.7000000000000001, 'tau_w': 335.0, 'a': 433.0, 'rate_low': 34.0, 'rate_high': 40.0}.[0m
2021-04-21 18:41:02.771642: I tensorflow/compiler/jit/xla_gpu_device.cc:99] Not creating XLA devices, tf_xla_enable_xla_devices not set
maxFreq at 10nA: 61.0
2021-04-21 18:41:22.536076: I tensorflow/compiler/jit/xla_gpu_device.cc:99] Not creating XLA devices, tf_xla_enable_xla_devices not set
2021-04-21 18:41:32.113056: I tensorflow/compiler/jit/xla_gpu_device.cc:99] Not creating XLA devices, tf_xla_enable_xla_devices not set
mse and spike frequency: 1.78217 2.63
[32m[I 2021-04-21 18:41:39,606][0m Trial 24 finished with values: [1.78217, 2.63] with parameters: {'Vahp': -55.0, 'Vth': -38.5, 'Vmax': 18.0, 't_ref': 14.5, 'R': 0.4, 'tau_m': 217.5, 'R_adp': 0.1, 'tau_w': 380.0, 'a': 259.5, 'rate_low': 4.5, 'rate_high': 16.0}.[0m
2021-04-21 18:41:39.972034: I tensorflow/compiler/jit/xla_gpu_device.cc:99] Not creating XLA devices, tf_xla_enable_xla_devices not set
maxFreq at 10nA: 1000.0
2021-04-21 18:41:59.676318: I tensorflow/compiler/jit/xla_gpu_device.cc:99] Not creating XLA devices, tf_xla_enable_xla_devices not set
2021-04-21 18:42:08.620025: I tensorflow/compiler/jit/xla_gpu_device.cc:99] Not creating XLA devices, tf_xla_enable_xla_devices not set
mse and spike frequency: 0.11775 0.0
[32m[I 2021-04-21 18:42:16,070][0m Trial 25 finished with values: [0.11775, 0.0] with parameters: {'Vahp': -31.5, 'Vth': -54.5, 'Vmax': 32.5, 't_ref': 0.5, 'R': 0.4, 'tau_m': 423.0, 'R_adp': 0.7000000000000001, 'tau_w': 37.5, 'a': 422.5, 'rate_low': 25.5, 'rate_high': 26.0}.[0m
2021-04-21 18:42:16.452155: I tensorflow/compiler/jit/xla_gpu_device.cc:99] Not creating XLA devices, tf_xla_enable_xla_devices not set
maxFreq at 10nA: 1000.0
2021-04-21 18:42:36.415408: I tensorflow/compiler/jit/xla_gpu_device.cc:99] Not creating XLA devices, tf_xla_enable_xla_devices not set
2021-04-21 18:42:45.449227: I tensorflow/compiler/jit/xla_gpu_device.cc:99] Not creating XLA devices, tf_xla_enable_xla_devices not set
mse and spike frequency: 0.11775 0.0
