[32m[I 2021-04-21 19:58:19,255][0m Trial 113 finished with values: [0.11775, 0.0] with parameters: {'Vahp': -47.0, 'Vth': -53.5, 'Vmax': 10.5, 't_ref': 20.0, 'R': 0.1, 'tau_m': 404.5, 'R_adp': 0.9, 'tau_w': 323.5, 'a': 487.5, 'rate_low': 6.5, 'rate_high': 47.0}.[0m
2021-04-21 19:58:19.941814: I tensorflow/compiler/jit/xla_gpu_device.cc:99] Not creating XLA devices, tf_xla_enable_xla_devices not set
maxFreq at 10nA: 1000.0
2021-04-21 19:58:50.397267: I tensorflow/compiler/jit/xla_gpu_device.cc:99] Not creating XLA devices, tf_xla_enable_xla_devices not set
2021-04-21 19:59:08.885148: I tensorflow/compiler/jit/xla_gpu_device.cc:99] Not creating XLA devices, tf_xla_enable_xla_devices not set
mse and spike frequency: 0.11775 0.0
[32m[I 2021-04-21 19:59:25,811][0m Trial 114 finished with values: [0.11775, 0.0] with parameters: {'Vahp': -49.5, 'Vth': -54.5, 'Vmax': 32.5, 't_ref': 6.5, 'R': 0.5, 'tau_m': 70.5, 'R_adp': 0.9, 'tau_w': 277.0, 'a': 192.0, 'rate_low': 2.0, 'rate_high': 6.0}.[0m
2021-04-21 19:59:26.421992: I tensorflow/compiler/jit/xla_gpu_device.cc:99] Not creating XLA devices, tf_xla_enable_xla_devices not set
maxFreq at 10nA: 1000.0
2021-04-21 19:59:57.272825: I tensorflow/compiler/jit/xla_gpu_device.cc:99] Not creating XLA devices, tf_xla_enable_xla_devices not set
2021-04-21 20:00:15.467473: I tensorflow/compiler/jit/xla_gpu_device.cc:99] Not creating XLA devices, tf_xla_enable_xla_devices not set
mse and spike frequency: 0.11775 0.0
[32m[I 2021-04-21 20:00:33,101][0m Trial 115 finished with values: [0.11775, 0.0] with parameters: {'Vahp': -31.5, 'Vth': -51.0, 'Vmax': 34.5, 't_ref': 16.0, 'R': 0.5, 'tau_m': 479.0, 'R_adp': 0.9, 'tau_w': 415.5, 'a': 65.5, 'rate_low': 40.5, 'rate_high': 6.0}.[0m
2021-04-21 20:00:33.708595: I tensorflow/compiler/jit/xla_gpu_device.cc:99] Not creating XLA devices, tf_xla_enable_xla_devices not set
maxFreq at 10nA: 1000.0
2021-04-21 20:01:04.395420: I tensorflow/compiler/jit/xla_gpu_device.cc:99] Not creating XLA devices, tf_xla_enable_xla_devices not set
2021-04-21 20:01:22.343582: I tensorflow/compiler/jit/xla_gpu_device.cc:99] Not creating XLA devices, tf_xla_enable_xla_devices not set
mse and spike frequency: 0.11775 0.0
[32m[I 2021-04-21 20:01:39,790][0m Trial 116 finished with values: [0.11775, 0.0] with parameters: {'Vahp': -41.5, 'Vth': -55.0, 'Vmax': 25.5, 't_ref': 9.5, 'R': 0.5, 'tau_m': 192.0, 'R_adp': 0.5, 'tau_w': 337.5, 'a': 451.5, 'rate_low': 10.5, 'rate_high': 48.5}.[0m
2021-04-21 20:01:40.481890: I tensorflow/compiler/jit/xla_gpu_device.cc:99] Not creating XLA devices, tf_xla_enable_xla_devices not set
maxFreq at 10nA: 1000.0
2021-04-21 20:02:11.192542: I tensorflow/compiler/jit/xla_gpu_device.cc:99] Not creating XLA devices, tf_xla_enable_xla_devices not set
2021-04-21 20:02:29.268414: I tensorflow/compiler/jit/xla_gpu_device.cc:99] Not creating XLA devices, tf_xla_enable_xla_devices not set
mse and spike frequency: 0.11775 0.0
[32m[I 2021-04-21 20:02:47,028][0m Trial 117 finished with values: [0.11775, 0.0] with parameters: {'Vahp': -30.0, 'Vth': -55.0, 'Vmax': 25.0, 't_ref': 10.5, 'R': 1.0, 'tau_m': 51.0, 'R_adp': 0.7000000000000001, 'tau_w': 299.0, 'a': 237.0, 'rate_low': 46.5, 'rate_high': 50.0}.[0m
2021-04-21 20:02:47.623214: I tensorflow/compiler/jit/xla_gpu_device.cc:99] Not creating XLA devices, tf_xla_enable_xla_devices not set
maxFreq at 10nA: 63.0
2021-04-21 20:03:18.619067: I tensorflow/compiler/jit/xla_gpu_device.cc:99] Not creating XLA devices, tf_xla_enable_xla_devices not set
2021-04-21 20:03:36.675051: I tensorflow/compiler/jit/xla_gpu_device.cc:99] Not creating XLA devices, tf_xla_enable_xla_devices not set
mse and spike frequency: 0.00182 18.75
[32m[I 2021-04-21 20:03:55,069][0m Trial 118 finished with values: [0.00182, 18.75] with parameters: {'Vahp': -57.5, 'Vth': -54.5, 'Vmax': 32.5, 't_ref': 14.5, 'R': 1.0, 'tau_m': 351.5, 'R_adp': 0.6, 'tau_w': 64.0, 'a': 214.5, 'rate_low': 21.0, 'rate_high': 47.5}.[0m
2021-04-21 20:03:55.704658: I tensorflow/compiler/jit/xla_gpu_device.cc:99] Not creating XLA devices, tf_xla_enable_xla_devices not set
maxFreq at 10nA: 1000.0
2021-04-21 20:04:27.503217: I tensorflow/compiler/jit/xla_gpu_device.cc:99] Not creating XLA devices, tf_xla_enable_xla_devices not set
2021-04-21 20:04:46.140450: I tensorflow/compiler/jit/xla_gpu_device.cc:99] Not creating XLA devices, tf_xla_enable_xla_devices not set
mse and spike frequency: 0.11775 0.0
[32m[I 2021-04-21 20:05:04,706][0m Trial 119 finished with values: [0.11775, 0.0] with parameters: {'Vahp': -41.0, 'Vth': -56.0, 'Vmax': 28.5, 't_ref': 9.5, 'R': 0.2, 'tau_m': 423.5, 'R_adp': 0.5, 'tau_w': 300.0, 'a': 238.0, 'rate_low': 30.0, 'rate_high': 45.5}.[0m
2021-04-21 20:05:05.376238: I tensorflow/compiler/jit/xla_gpu_device.cc:99] Not creating XLA devices, tf_xla_enable_xla_devices not set
maxFreq at 10nA: 84.0
2021-04-21 20:05:37.225135: I tensorflow/compiler/jit/xla_gpu_device.cc:99] Not creating XLA devices, tf_xla_enable_xla_devices not set
2021-04-21 20:05:55.934432: I tensorflow/compiler/jit/xla_gpu_device.cc:99] Not creating XLA devices, tf_xla_enable_xla_devices not set
mse and spike frequency: 1.05383 10.9
[32m[I 2021-04-21 20:06:14,156][0m Trial 120 finished with values: [1.05383, 10.9] with parameters: {'Vahp': -26.5, 'Vth': -22.5, 'Vmax': 38.0, 't_ref': 10.5, 'R': 0.7000000000000001, 'tau_m': 284.5, 'R_adp': 0.5, 'tau_w': 203.0, 'a': 165.0, 'rate_low': 21.5, 'rate_high': 30.0}.[0m
2021-04-21 20:06:14.766357: I tensorflow/compiler/jit/xla_gpu_device.cc:99] Not creating XLA devices, tf_xla_enable_xla_devices not set
maxFreq at 10nA: 1000.0
2021-04-21 20:06:46.511026: I tensorflow/compiler/jit/xla_gpu_device.cc:99] Not creating XLA devices, tf_xla_enable_xla_devices not set
2021-04-21 20:07:06.379449: I tensorflow/compiler/jit/xla_gpu_device.cc:99] Not creating XLA devices, tf_xla_enable_xla_devices not set
mse and spike frequency: 0.11775 0.0
[32m[I 2021-04-21 20:07:24,812][0m Trial 121 finished with values: [0.11775, 0.0] with parameters: {'Vahp': -47.5, 'Vth': -48.0, 'Vmax': 37.5, 't_ref': 11.5, 'R': 0.7000000000000001, 'tau_m': 412.0, 'R_adp': 0.8, 'tau_w': 123.0, 'a': 451.5, 'rate_low': 24.5, 'rate_high': 28.5}.[0m
2021-04-21 20:07:25.433604: I tensorflow/compiler/jit/xla_gpu_device.cc:99] Not creating XLA devices, tf_xla_enable_xla_devices not set
maxFreq at 10nA: 1000.0
2021-04-21 20:07:57.190578: I tensorflow/compiler/jit/xla_gpu_device.cc:99] Not creating XLA devices, tf_xla_enable_xla_devices not set
2021-04-21 20:08:17.369900: I tensorflow/compiler/jit/xla_gpu_device.cc:99] Not creating XLA devices, tf_xla_enable_xla_devices not set
mse and spike frequency: 0.11775 0.0
[32m[I 2021-04-21 20:08:36,078][0m Trial 122 finished with values: [0.11775, 0.0] with parameters: {'Vahp': -23.0, 'Vth': -53.5, 'Vmax': 24.5, 't_ref': 10.0, 'R': 1.0, 'tau_m': 35.0, 'R_adp': 0.9, 'tau_w': 323.5, 'a': 487.5, 'rate_low': 6.5, 'rate_high': 17.0}.[0m
2021-04-21 20:08:36.750607: I tensorflow/compiler/jit/xla_gpu_device.cc:99] Not creating XLA devices, tf_xla_enable_xla_devices not set
maxFreq at 10nA: 1000.0
2021-04-21 20:09:09.032807: I tensorflow/compiler/jit/xla_gpu_device.cc:99] Not creating XLA devices, tf_xla_enable_xla_devices not set
2021-04-21 20:09:29.705702: I tensorflow/compiler/jit/xla_gpu_device.cc:99] Not creating XLA devices, tf_xla_enable_xla_devices not set
mse and spike frequency: 0.11775 0.0
[32m[I 2021-04-21 20:09:48,309][0m Trial 123 finished with values: [0.11775, 0.0] with parameters: {'Vahp': -22.0, 'Vth': -46.0, 'Vmax': 11.5, 't_ref': 16.0, 'R': 0.5, 'tau_m': 401.0, 'R_adp': 0.9, 'tau_w': 415.5, 'a': 90.5, 'rate_low': 30.0, 'rate_high': 6.0}.[0m
2021-04-21 20:09:48.941881: I tensorflow/compiler/jit/xla_gpu_device.cc:99] Not creating XLA devices, tf_xla_enable_xla_devices not set
maxFreq at 10nA: 1000.0
2021-04-21 20:10:21.216964: I tensorflow/compiler/jit/xla_gpu_device.cc:99] Not creating XLA devices, tf_xla_enable_xla_devices not set
2021-04-21 20:10:41.976519: I tensorflow/compiler/jit/xla_gpu_device.cc:99] Not creating XLA devices, tf_xla_enable_xla_devices not set
mse and spike frequency: 0.11775 0.0
[32m[I 2021-04-21 20:11:00,962][0m Trial 124 finished with values: [0.11775, 0.0] with parameters: {'Vahp': -40.5, 'Vth': -51.5, 'Vmax': 36.5, 't_ref': 8.0, 'R': 0.8, 'tau_m': 107.5, 'R_adp': 1.0, 'tau_w': 61.0, 'a': 160.5, 'rate_low': 31.5, 'rate_high': 47.0}.[0m
2021-04-21 20:11:01.601730: I tensorflow/compiler/jit/xla_gpu_device.cc:99] Not creating XLA devices, tf_xla_enable_xla_devices not set
maxFreq at 10nA: 1000.0
2021-04-21 20:11:33.107720: I tensorflow/compiler/jit/xla_gpu_device.cc:99] Not creating XLA devices, tf_xla_enable_xla_devices not set
2021-04-21 20:11:54.174019: I tensorflow/compiler/jit/xla_gpu_device.cc:99] Not creating XLA devices, tf_xla_enable_xla_devices not set
mse and spike frequency: 0.11775 0.0
[32m[I 2021-04-21 20:12:13,196][0m Trial 125 finished with values: [0.11775, 0.0] with parameters: {'Vahp': -41.0, 'Vth': -46.0, 'Vmax': 11.5, 't_ref': 9.5, 'R': 0.8, 'tau_m': 36.5, 'R_adp': 0.8, 'tau_w': 415.5, 'a': 253.5, 'rate_low': 30.0, 'rate_high': 48.0}.[0m
2021-04-21 20:12:13.792037: I tensorflow/compiler/jit/xla_gpu_device.cc:99] Not creating XLA devices, tf_xla_enable_xla_devices not set
maxFreq at 10nA: 1000.0
2021-04-21 20:12:45.608382: I tensorflow/compiler/jit/xla_gpu_device.cc:99] Not creating XLA devices, tf_xla_enable_xla_devices not set
2021-04-21 20:13:06.918699: I tensorflow/compiler/jit/xla_gpu_device.cc:99] Not creating XLA devices, tf_xla_enable_xla_devices not set
mse and spike frequency: 0.11775 0.0
[32m[I 2021-04-21 20:13:26,157][0m Trial 126 finished with values: [0.11775, 0.0] with parameters: {'Vahp': -26.0, 'Vth': -41.0, 'Vmax': 20.5, 't_ref': 15.0, 'R': 1.0, 'tau_m': 351.5, 'R_adp': 0.6, 'tau_w': 64.0, 'a': 51.5, 'rate_low': 10.5, 'rate_high': 47.5}.[0m
2021-04-21 20:13:26.780811: I tensorflow/compiler/jit/xla_gpu_device.cc:99] Not creating XLA devices, tf_xla_enable_xla_devices not set
maxFreq at 10nA: 1000.0
2021-04-21 20:13:58.548599: I tensorflow/compiler/jit/xla_gpu_device.cc:99] Not creating XLA devices, tf_xla_enable_xla_devices not set
2021-04-21 20:14:19.829363: I tensorflow/compiler/jit/xla_gpu_device.cc:99] Not creating XLA devices, tf_xla_enable_xla_devices not set
mse and spike frequency: 0.11775 0.0
[32m[I 2021-04-21 20:14:39,338][0m Trial 127 finished with values: [0.11775, 0.0] with parameters: {'Vahp': -22.5, 'Vth': -52.0, 'Vmax': 37.5, 't_ref': 3.5, 'R': 0.5, 'tau_m': 479.0, 'R_adp': 0.6, 'tau_w': 337.5, 'a': 451.5, 'rate_low': 13.0, 'rate_high': 40.5}.[0m
2021-04-21 20:14:39.938505: I tensorflow/compiler/jit/xla_gpu_device.cc:99] Not creating XLA devices, tf_xla_enable_xla_devices not set
maxFreq at 10nA: 1000.0
2021-04-21 20:15:12.227367: I tensorflow/compiler/jit/xla_gpu_device.cc:99] Not creating XLA devices, tf_xla_enable_xla_devices not set
2021-04-21 20:15:33.991882: I tensorflow/compiler/jit/xla_gpu_device.cc:99] Not creating XLA devices, tf_xla_enable_xla_devices not set
mse and spike frequency: 0.11775 0.0
[32m[I 2021-04-21 20:15:54,165][0m Trial 128 finished with values: [0.11775, 0.0] with parameters: {'Vahp': -44.5, 'Vth': -55.0, 'Vmax': 40.0, 't_ref': 2.5, 'R': 0.5, 'tau_m': 423.5, 'R_adp': 0.7000000000000001, 'tau_w': 133.5, 'a': 451.0, 'rate_low': 37.0, 'rate_high': 48.0}.[0m
2021-04-21 20:15:54.771676: I tensorflow/compiler/jit/xla_gpu_device.cc:99] Not creating XLA devices, tf_xla_enable_xla_devices not set
maxFreq at 10nA: 1000.0
2021-04-21 20:16:27.282531: I tensorflow/compiler/jit/xla_gpu_device.cc:99] Not creating XLA devices, tf_xla_enable_xla_devices not set
2021-04-21 20:16:48.695884: I tensorflow/compiler/jit/xla_gpu_device.cc:99] Not creating XLA devices, tf_xla_enable_xla_devices not set
mse and spike frequency: 0.11775 0.0
[32m[I 2021-04-21 20:17:08,998][0m Trial 129 finished with values: [0.11775, 0.0] with parameters: {'Vahp': -26.0, 'Vth': -41.0, 'Vmax': 39.0, 't_ref': 14.5, 'R': 1.0, 'tau_m': 351.5, 'R_adp': 0.6, 'tau_w': 64.0, 'a': 25.0, 'rate_low': 10.5, 'rate_high': 47.5}.[0m
2021-04-21 20:17:09.615420: I tensorflow/compiler/jit/xla_gpu_device.cc:99] Not creating XLA devices, tf_xla_enable_xla_devices not set
maxFreq at 10nA: 1000.0
2021-04-21 20:17:42.275558: I tensorflow/compiler/jit/xla_gpu_device.cc:99] Not creating XLA devices, tf_xla_enable_xla_devices not set
2021-04-21 20:18:03.369412: I tensorflow/compiler/jit/xla_gpu_device.cc:99] Not creating XLA devices, tf_xla_enable_xla_devices not set
mse and spike frequency: 0.11775 0.0
[32m[I 2021-04-21 20:18:23,680][0m Trial 130 finished with values: [0.11775, 0.0] with parameters: {'Vahp': -22.0, 'Vth': -56.0, 'Vmax': 11.5, 't_ref': 16.0, 'R': 0.5, 'tau_m': 117.0, 'R_adp': 0.1, 'tau_w': 415.5, 'a': 125.5, 'rate_low': 18.5, 'rate_high': 40.0}.[0m
2021-04-21 20:18:24.312721: I tensorflow/compiler/jit/xla_gpu_device.cc:99] Not creating XLA devices, tf_xla_enable_xla_devices not set
maxFreq at 10nA: 1000.0
2021-04-21 20:18:57.153408: I tensorflow/compiler/jit/xla_gpu_device.cc:99] Not creating XLA devices, tf_xla_enable_xla_devices not set
2021-04-21 20:19:18.652375: I tensorflow/compiler/jit/xla_gpu_device.cc:99] Not creating XLA devices, tf_xla_enable_xla_devices not set
mse and spike frequency: 0.11775 0.0
[32m[I 2021-04-21 20:19:39,190][0m Trial 131 finished with values: [0.11775, 0.0] with parameters: {'Vahp': -31.5, 'Vth': -51.0, 'Vmax': 34.5, 't_ref': 15.5, 'R': 0.8, 'tau_m': 479.0, 'R_adp': 0.9, 'tau_w': 415.5, 'a': 65.5, 'rate_low': 27.0, 'rate_high': 6.0}.[0m
2021-04-21 20:19:39.810525: I tensorflow/compiler/jit/xla_gpu_device.cc:99] Not creating XLA devices, tf_xla_enable_xla_devices not set
maxFreq at 10nA: 1000.0
2021-04-21 20:20:12.640551: I tensorflow/compiler/jit/xla_gpu_device.cc:99] Not creating XLA devices, tf_xla_enable_xla_devices not set
2021-04-21 20:20:34.080545: I tensorflow/compiler/jit/xla_gpu_device.cc:99] Not creating XLA devices, tf_xla_enable_xla_devices not set
mse and spike frequency: 0.11775 0.0
[32m[I 2021-04-21 20:20:54,831][0m Trial 132 finished with values: [0.11775, 0.0] with parameters: {'Vahp': -31.5, 'Vth': -51.0, 'Vmax': 20.5, 't_ref': 15.5, 'R': 1.0, 'tau_m': 70.0, 'R_adp': 0.9, 'tau_w': 11.5, 'a': 312.5, 'rate_low': 24.5, 'rate_high': 6.0}.[0m
2021-04-21 20:20:55.459570: I tensorflow/compiler/jit/xla_gpu_device.cc:99] Not creating XLA devices, tf_xla_enable_xla_devices not set
maxFreq at 10nA: 57.0
2021-04-21 20:21:29.214001: I tensorflow/compiler/jit/xla_gpu_device.cc:99] Not creating XLA devices, tf_xla_enable_xla_devices not set
2021-04-21 20:21:50.895691: I tensorflow/compiler/jit/xla_gpu_device.cc:99] Not creating XLA devices, tf_xla_enable_xla_devices not set
mse and spike frequency: 0.74603 1.7
[32m[I 2021-04-21 20:22:11,784][0m Trial 133 finished with values: [0.74603, 1.7] with parameters: {'Vahp': -46.5, 'Vth': -23.0, 'Vmax': 24.5, 't_ref': 10.0, 'R': 0.30000000000000004, 'tau_m': 419.5, 'R_adp': 0.7000000000000001, 'tau_w': 392.0, 'a': 141.0, 'rate_low': 22.0, 'rate_high': 12.0}.[0m
2021-04-21 20:22:12.411484: I tensorflow/compiler/jit/xla_gpu_device.cc:99] Not creating XLA devices, tf_xla_enable_xla_devices not set
maxFreq at 10nA: 1000.0
2021-04-21 20:22:45.927022: I tensorflow/compiler/jit/xla_gpu_device.cc:99] Not creating XLA devices, tf_xla_enable_xla_devices not set
2021-04-21 20:23:07.778146: I tensorflow/compiler/jit/xla_gpu_device.cc:99] Not creating XLA devices, tf_xla_enable_xla_devices not set
mse and spike frequency: 0.11775 0.0
[32m[I 2021-04-21 20:23:28,826][0m Trial 134 finished with values: [0.11775, 0.0] with parameters: {'Vahp': -31.5, 'Vth': -51.0, 'Vmax': 24.0, 't_ref': 17.0, 'R': 0.9, 'tau_m': 72.0, 'R_adp': 0.9, 'tau_w': 475.5, 'a': 411.5, 'rate_low': 31.0, 'rate_high': 43.5}.[0m
2021-04-21 20:23:29.489475: I tensorflow/compiler/jit/xla_gpu_device.cc:99] Not creating XLA devices, tf_xla_enable_xla_devices not set
maxFreq at 10nA: 143.0
2021-04-21 20:24:02.964701: I tensorflow/compiler/jit/xla_gpu_device.cc:99] Not creating XLA devices, tf_xla_enable_xla_devices not set
2021-04-21 20:24:25.122470: I tensorflow/compiler/jit/xla_gpu_device.cc:99] Not creating XLA devices, tf_xla_enable_xla_devices not set
mse and spike frequency: 0.00836 3.72
[32m[I 2021-04-21 20:24:46,190][0m Trial 135 finished with values: [0.00836, 3.72] with parameters: {'Vahp': -59.0, 'Vth': -35.5, 'Vmax': 20.5, 't_ref': 5.0, 'R': 1.0, 'tau_m': 456.0, 'R_adp': 0.9, 'tau_w': 78.0, 'a': 312.5, 'rate_low': 14.5, 'rate_high': 15.5}.[0m
2021-04-21 20:24:46.833478: I tensorflow/compiler/jit/xla_gpu_device.cc:99] Not creating XLA devices, tf_xla_enable_xla_devices not set
maxFreq at 10nA: 1000.0
2021-04-21 20:25:20.491333: I tensorflow/compiler/jit/xla_gpu_device.cc:99] Not creating XLA devices, tf_xla_enable_xla_devices not set
2021-04-21 20:25:42.683553: I tensorflow/compiler/jit/xla_gpu_device.cc:99] Not creating XLA devices, tf_xla_enable_xla_devices not set
mse and spike frequency: 0.11775 0.0
[32m[I 2021-04-21 20:26:03,976][0m Trial 136 finished with values: [0.11775, 0.0] with parameters: {'Vahp': -23.0, 'Vth': -51.0, 'Vmax': 11.5, 't_ref': 9.5, 'R': 0.5, 'tau_m': 36.5, 'R_adp': 0.9, 'tau_w': 415.5, 'a': 253.5, 'rate_low': 30.0, 'rate_high': 48.0}.[0m
2021-04-21 20:26:04.637425: I tensorflow/compiler/jit/xla_gpu_device.cc:99] Not creating XLA devices, tf_xla_enable_xla_devices not set
maxFreq at 10nA: 53.0
2021-04-21 20:26:37.909427: I tensorflow/compiler/jit/xla_gpu_device.cc:99] Not creating XLA devices, tf_xla_enable_xla_devices not set
2021-04-21 20:27:00.372103: I tensorflow/compiler/jit/xla_gpu_device.cc:99] Not creating XLA devices, tf_xla_enable_xla_devices not set
mse and spike frequency: 0.00105 14.39
[32m[I 2021-04-21 20:27:21,537][0m Trial 137 finished with values: [0.00105, 14.39] with parameters: {'Vahp': -33.5, 'Vth': -23.0, 'Vmax': 37.0, 't_ref': 17.5, 'R': 1.0, 'tau_m': 474.0, 'R_adp': 1.0, 'tau_w': 9.0, 'a': 199.0, 'rate_low': 26.0, 'rate_high': 26.5}.[0m
2021-04-21 20:27:22.216792: I tensorflow/compiler/jit/xla_gpu_device.cc:99] Not creating XLA devices, tf_xla_enable_xla_devices not set
maxFreq at 10nA: 1000.0
2021-04-21 20:27:56.351044: I tensorflow/compiler/jit/xla_gpu_device.cc:99] Not creating XLA devices, tf_xla_enable_xla_devices not set
2021-04-21 20:28:18.933140: I tensorflow/compiler/jit/xla_gpu_device.cc:99] Not creating XLA devices, tf_xla_enable_xla_devices not set
mse and spike frequency: 0.11771 1000.1
[32m[I 2021-04-21 20:28:40,472][0m Trial 138 finished with values: [0.11771, 1000.1] with parameters: {'Vahp': -59.0, 'Vth': -58.5, 'Vmax': 14.5, 't_ref': 5.0, 'R': 0.2, 'tau_m': 488.5, 'R_adp': 0.7000000000000001, 'tau_w': 482.0, 'a': 448.5, 'rate_low': 14.5, 'rate_high': 26.5}.[0m
2021-04-21 20:28:41.132419: I tensorflow/compiler/jit/xla_gpu_device.cc:99] Not creating XLA devices, tf_xla_enable_xla_devices not set
maxFreq at 10nA: 1000.0
2021-04-21 20:29:15.679087: I tensorflow/compiler/jit/xla_gpu_device.cc:99] Not creating XLA devices, tf_xla_enable_xla_devices not set
2021-04-21 20:29:38.358849: I tensorflow/compiler/jit/xla_gpu_device.cc:99] Not creating XLA devices, tf_xla_enable_xla_devices not set
mse and spike frequency: 0.11775 0.0
[32m[I 2021-04-21 20:29:59,803][0m Trial 139 finished with values: [0.11775, 0.0] with parameters: {'Vahp': -22.0, 'Vth': -45.0, 'Vmax': 28.5, 't_ref': 6.5, 'R': 0.30000000000000004, 'tau_m': 86.0, 'R_adp': 0.7000000000000001, 'tau_w': 392.0, 'a': 422.5, 'rate_low': 6.5, 'rate_high': 45.5}.[0m
2021-04-21 20:30:00.451017: I tensorflow/compiler/jit/xla_gpu_device.cc:99] Not creating XLA devices, tf_xla_enable_xla_devices not set
maxFreq at 10nA: 999.0
2021-04-21 20:30:34.427980: I tensorflow/compiler/jit/xla_gpu_device.cc:99] Not creating XLA devices, tf_xla_enable_xla_devices not set
2021-04-21 20:30:57.348990: I tensorflow/compiler/jit/xla_gpu_device.cc:99] Not creating XLA devices, tf_xla_enable_xla_devices not set
mse and spike frequency: 0.11775 0.0
[32m[I 2021-04-21 20:31:19,208][0m Trial 140 finished with values: [0.11775, 0.0] with parameters: {'Vahp': -21.0, 'Vth': -45.0, 'Vmax': 10.5, 't_ref': 15.5, 'R': 0.30000000000000004, 'tau_m': 310.5, 'R_adp': 0.30000000000000004, 'tau_w': 323.5, 'a': 487.5, 'rate_low': 13.0, 'rate_high': 22.0}.[0m
2021-04-21 20:31:19.884491: I tensorflow/compiler/jit/xla_gpu_device.cc:99] Not creating XLA devices, tf_xla_enable_xla_devices not set
maxFreq at 10nA: 1000.0
2021-04-21 20:31:54.005830: I tensorflow/compiler/jit/xla_gpu_device.cc:99] Not creating XLA devices, tf_xla_enable_xla_devices not set
2021-04-21 20:32:16.719867: I tensorflow/compiler/jit/xla_gpu_device.cc:99] Not creating XLA devices, tf_xla_enable_xla_devices not set
mse and spike frequency: 0.11775 0.0
[32m[I 2021-04-21 20:32:38,776][0m Trial 141 finished with values: [0.11775, 0.0] with parameters: {'Vahp': -41.0, 'Vth': -55.0, 'Vmax': 11.5, 't_ref': 8.5, 'R': 0.9, 'tau_m': 448.0, 'R_adp': 0.2, 'tau_w': 178.5, 'a': 226.0, 'rate_low': 33.0, 'rate_high': 40.5}.[0m
2021-04-21 20:32:39.460358: I tensorflow/compiler/jit/xla_gpu_device.cc:99] Not creating XLA devices, tf_xla_enable_xla_devices not set
maxFreq at 10nA: 1000.0
2021-04-21 20:33:14.185181: I tensorflow/compiler/jit/xla_gpu_device.cc:99] Not creating XLA devices, tf_xla_enable_xla_devices not set
2021-04-21 20:33:37.202775: I tensorflow/compiler/jit/xla_gpu_device.cc:99] Not creating XLA devices, tf_xla_enable_xla_devices not set
mse and spike frequency: 0.11775 0.0
