[32m[I 2021-04-21 18:42:51,328][0m Trial 26 finished with values: [3.79961, 4.32] with parameters: {'Vahp': -34.0, 'Vth': -22.5, 'Vmax': 37.0, 't_ref': 10.5, 'R': 0.1, 'tau_m': 8.5, 'R_adp': 0.6, 'tau_w': 204.5, 'a': 229.0, 'rate_low': 31.5, 'rate_high': 46.0}.[0m
2021-04-21 18:42:51.729008: I tensorflow/compiler/jit/xla_gpu_device.cc:99] Not creating XLA devices, tf_xla_enable_xla_devices not set
maxFreq at 10nA: 114.0
2021-04-21 18:43:11.757828: I tensorflow/compiler/jit/xla_gpu_device.cc:99] Not creating XLA devices, tf_xla_enable_xla_devices not set
2021-04-21 18:43:20.654688: I tensorflow/compiler/jit/xla_gpu_device.cc:99] Not creating XLA devices, tf_xla_enable_xla_devices not set
mse and spike frequency: 104.36296 21.95
[32m[I 2021-04-21 18:43:28,255][0m Trial 27 finished with values: [104.36296, 21.95] with parameters: {'Vahp': -50.5, 'Vth': -39.5, 'Vmax': 33.5, 't_ref': 3.5, 'R': 0.9, 'tau_m': 207.5, 'R_adp': 0.9, 'tau_w': 205.0, 'a': 463.0, 'rate_low': 13.5, 'rate_high': 39.5}.[0m
2021-04-21 18:43:28.703472: I tensorflow/compiler/jit/xla_gpu_device.cc:99] Not creating XLA devices, tf_xla_enable_xla_devices not set
maxFreq at 10nA: 29.0
2021-04-21 18:43:48.705508: I tensorflow/compiler/jit/xla_gpu_device.cc:99] Not creating XLA devices, tf_xla_enable_xla_devices not set
2021-04-21 18:43:57.950408: I tensorflow/compiler/jit/xla_gpu_device.cc:99] Not creating XLA devices, tf_xla_enable_xla_devices not set
mse and spike frequency: 0.1322 0.77
[32m[I 2021-04-21 18:44:05,993][0m Trial 28 finished with values: [0.1322, 0.77] with parameters: {'Vahp': -54.5, 'Vth': -35.0, 'Vmax': 13.0, 't_ref': 3.5, 'R': 0.1, 'tau_m': 320.0, 'R_adp': 0.8, 'tau_w': 268.0, 'a': 159.5, 'rate_low': 44.5, 'rate_high': 50.0}.[0m
2021-04-21 18:44:06.405123: I tensorflow/compiler/jit/xla_gpu_device.cc:99] Not creating XLA devices, tf_xla_enable_xla_devices not set
maxFreq at 10nA: 998.0
2021-04-21 18:44:26.779292: I tensorflow/compiler/jit/xla_gpu_device.cc:99] Not creating XLA devices, tf_xla_enable_xla_devices not set
2021-04-21 18:44:36.263695: I tensorflow/compiler/jit/xla_gpu_device.cc:99] Not creating XLA devices, tf_xla_enable_xla_devices not set
mse and spike frequency: 0.11775 0.0
[32m[I 2021-04-21 18:44:44,398][0m Trial 29 finished with values: [0.11775, 0.0] with parameters: {'Vahp': -43.0, 'Vth': -44.5, 'Vmax': 16.5, 't_ref': 3.0, 'R': 0.2, 'tau_m': 425.0, 'R_adp': 0.7000000000000001, 'tau_w': 407.0, 'a': 211.5, 'rate_low': 33.0, 'rate_high': 36.0}.[0m
2021-04-21 18:44:44.796043: I tensorflow/compiler/jit/xla_gpu_device.cc:99] Not creating XLA devices, tf_xla_enable_xla_devices not set
maxFreq at 10nA: 132.0
2021-04-21 18:45:05.328650: I tensorflow/compiler/jit/xla_gpu_device.cc:99] Not creating XLA devices, tf_xla_enable_xla_devices not set
2021-04-21 18:45:15.325358: I tensorflow/compiler/jit/xla_gpu_device.cc:99] Not creating XLA devices, tf_xla_enable_xla_devices not set
mse and spike frequency: 0.01189 4.47
[32m[I 2021-04-21 18:45:22,940][0m Trial 30 finished with values: [0.01189, 4.47] with parameters: {'Vahp': -40.0, 'Vth': -29.0, 'Vmax': 13.5, 't_ref': 0.5, 'R': 0.4, 'tau_m': 480.5, 'R_adp': 0.5, 'tau_w': 132.5, 'a': 396.5, 'rate_low': 42.0, 'rate_high': 43.5}.[0m
2021-04-21 18:45:23.352846: I tensorflow/compiler/jit/xla_gpu_device.cc:99] Not creating XLA devices, tf_xla_enable_xla_devices not set
maxFreq at 10nA: 1000.0
2021-04-21 18:45:43.669632: I tensorflow/compiler/jit/xla_gpu_device.cc:99] Not creating XLA devices, tf_xla_enable_xla_devices not set
2021-04-21 18:45:53.271680: I tensorflow/compiler/jit/xla_gpu_device.cc:99] Not creating XLA devices, tf_xla_enable_xla_devices not set
mse and spike frequency: 0.11775 0.0
[32m[I 2021-04-21 18:46:01,010][0m Trial 31 finished with values: [0.11775, 0.0] with parameters: {'Vahp': -38.5, 'Vth': -54.5, 'Vmax': 15.5, 't_ref': 20.0, 'R': 0.7000000000000001, 'tau_m': 328.5, 'R_adp': 0.7000000000000001, 'tau_w': 142.0, 'a': 358.5, 'rate_low': 6.5, 'rate_high': 23.5}.[0m
2021-04-21 18:46:01.461189: I tensorflow/compiler/jit/xla_gpu_device.cc:99] Not creating XLA devices, tf_xla_enable_xla_devices not set
maxFreq at 10nA: 91.0
2021-04-21 18:46:22.923555: I tensorflow/compiler/jit/xla_gpu_device.cc:99] Not creating XLA devices, tf_xla_enable_xla_devices not set
2021-04-21 18:46:32.273983: I tensorflow/compiler/jit/xla_gpu_device.cc:99] Not creating XLA devices, tf_xla_enable_xla_devices not set
mse and spike frequency: 11.74316 15.2
[32m[I 2021-04-21 18:46:39,959][0m Trial 32 finished with values: [11.74316, 15.2] with parameters: {'Vahp': -44.5, 'Vth': -27.5, 'Vmax': 21.0, 't_ref': 8.5, 'R': 0.4, 'tau_m': 117.0, 'R_adp': 0.4, 'tau_w': 298.0, 'a': 310.0, 'rate_low': 38.0, 'rate_high': 47.5}.[0m
2021-04-21 18:46:40.364708: I tensorflow/compiler/jit/xla_gpu_device.cc:99] Not creating XLA devices, tf_xla_enable_xla_devices not set
maxFreq at 10nA: 55.0
2021-04-21 18:47:01.420262: I tensorflow/compiler/jit/xla_gpu_device.cc:99] Not creating XLA devices, tf_xla_enable_xla_devices not set
2021-04-21 18:47:10.913730: I tensorflow/compiler/jit/xla_gpu_device.cc:99] Not creating XLA devices, tf_xla_enable_xla_devices not set
mse and spike frequency: 11.96721 6.32
[32m[I 2021-04-21 18:47:18,671][0m Trial 33 finished with values: [11.96721, 6.32] with parameters: {'Vahp': -57.0, 'Vth': -54.0, 'Vmax': 25.0, 't_ref': 11.5, 'R': 0.2, 'tau_m': 197.5, 'R_adp': 0.9, 'tau_w': 249.0, 'a': 181.5, 'rate_low': 25.5, 'rate_high': 34.0}.[0m
2021-04-21 18:47:19.091722: I tensorflow/compiler/jit/xla_gpu_device.cc:99] Not creating XLA devices, tf_xla_enable_xla_devices not set
maxFreq at 10nA: 59.0
2021-04-21 18:47:39.971485: I tensorflow/compiler/jit/xla_gpu_device.cc:99] Not creating XLA devices, tf_xla_enable_xla_devices not set
2021-04-21 18:47:49.474640: I tensorflow/compiler/jit/xla_gpu_device.cc:99] Not creating XLA devices, tf_xla_enable_xla_devices not set
mse and spike frequency: 0.00173 23.46
[32m[I 2021-04-21 18:47:57,201][0m Trial 34 finished with values: [0.00173, 23.46] with parameters: {'Vahp': -32.0, 'Vth': -29.0, 'Vmax': 22.0, 't_ref': 16.0, 'R': 0.30000000000000004, 'tau_m': 33.0, 'R_adp': 0.30000000000000004, 'tau_w': 28.0, 'a': 236.5, 'rate_low': 33.0, 'rate_high': 43.0}.[0m
2021-04-21 18:47:57.634110: I tensorflow/compiler/jit/xla_gpu_device.cc:99] Not creating XLA devices, tf_xla_enable_xla_devices not set
maxFreq at 10nA: 993.0
2021-04-21 18:48:18.835747: I tensorflow/compiler/jit/xla_gpu_device.cc:99] Not creating XLA devices, tf_xla_enable_xla_devices not set
2021-04-21 18:48:28.385301: I tensorflow/compiler/jit/xla_gpu_device.cc:99] Not creating XLA devices, tf_xla_enable_xla_devices not set
mse and spike frequency: 0.11775 0.0
[32m[I 2021-04-21 18:48:36,499][0m Trial 35 finished with values: [0.11775, 0.0] with parameters: {'Vahp': -26.0, 'Vth': -41.5, 'Vmax': 26.5, 't_ref': 13.5, 'R': 0.1, 'tau_m': 433.0, 'R_adp': 0.8, 'tau_w': 316.0, 'a': 476.5, 'rate_low': 6.0, 'rate_high': 41.0}.[0m
2021-04-21 18:48:36.942565: I tensorflow/compiler/jit/xla_gpu_device.cc:99] Not creating XLA devices, tf_xla_enable_xla_devices not set
maxFreq at 10nA: 63.0
2021-04-21 18:48:57.931163: I tensorflow/compiler/jit/xla_gpu_device.cc:99] Not creating XLA devices, tf_xla_enable_xla_devices not set
2021-04-21 18:49:07.413758: I tensorflow/compiler/jit/xla_gpu_device.cc:99] Not creating XLA devices, tf_xla_enable_xla_devices not set
mse and spike frequency: 0.21625 9.55
[32m[I 2021-04-21 18:49:15,751][0m Trial 36 finished with values: [0.21625, 9.55] with parameters: {'Vahp': -59.5, 'Vth': -29.5, 'Vmax': 20.0, 't_ref': 14.5, 'R': 1.0, 'tau_m': 22.0, 'R_adp': 0.2, 'tau_w': 284.5, 'a': 258.0, 'rate_low': 8.0, 'rate_high': 42.5}.[0m
2021-04-21 18:49:16.199648: I tensorflow/compiler/jit/xla_gpu_device.cc:99] Not creating XLA devices, tf_xla_enable_xla_devices not set
maxFreq at 10nA: 65.0
2021-04-21 18:49:37.566412: I tensorflow/compiler/jit/xla_gpu_device.cc:99] Not creating XLA devices, tf_xla_enable_xla_devices not set
2021-04-21 18:49:47.282520: I tensorflow/compiler/jit/xla_gpu_device.cc:99] Not creating XLA devices, tf_xla_enable_xla_devices not set
mse and spike frequency: 0.15884 0.37
[32m[I 2021-04-21 18:49:55,537][0m Trial 37 finished with values: [0.15884, 0.37] with parameters: {'Vahp': -30.5, 'Vth': -28.5, 'Vmax': 37.0, 't_ref': 11.5, 'R': 0.1, 'tau_m': 181.5, 'R_adp': 0.4, 'tau_w': 109.0, 'a': 323.5, 'rate_low': 13.0, 'rate_high': 26.5}.[0m
2021-04-21 18:49:55.999303: I tensorflow/compiler/jit/xla_gpu_device.cc:99] Not creating XLA devices, tf_xla_enable_xla_devices not set
maxFreq at 10nA: 1000.0
2021-04-21 18:50:17.297324: I tensorflow/compiler/jit/xla_gpu_device.cc:99] Not creating XLA devices, tf_xla_enable_xla_devices not set
2021-04-21 18:50:27.163753: I tensorflow/compiler/jit/xla_gpu_device.cc:99] Not creating XLA devices, tf_xla_enable_xla_devices not set
mse and spike frequency: 0.11775 0.0
[32m[I 2021-04-21 18:50:35,581][0m Trial 38 finished with values: [0.11775, 0.0] with parameters: {'Vahp': -34.5, 'Vth': -45.0, 'Vmax': 17.0, 't_ref': 13.0, 'R': 0.5, 'tau_m': 87.0, 'R_adp': 0.6, 'tau_w': 391.5, 'a': 60.5, 'rate_low': 6.5, 'rate_high': 38.5}.[0m
2021-04-21 18:50:36.018842: I tensorflow/compiler/jit/xla_gpu_device.cc:99] Not creating XLA devices, tf_xla_enable_xla_devices not set
maxFreq at 10nA: 166.0
2021-04-21 18:50:57.640476: I tensorflow/compiler/jit/xla_gpu_device.cc:99] Not creating XLA devices, tf_xla_enable_xla_devices not set
2021-04-21 18:51:07.061061: I tensorflow/compiler/jit/xla_gpu_device.cc:99] Not creating XLA devices, tf_xla_enable_xla_devices not set
mse and spike frequency: 0.00136 15.32
[32m[I 2021-04-21 18:51:15,585][0m Trial 39 finished with values: [0.00136, 15.32] with parameters: {'Vahp': -29.0, 'Vth': -23.0, 'Vmax': 20.5, 't_ref': 5.0, 'R': 0.30000000000000004, 'tau_m': 418.5, 'R_adp': 0.2, 'tau_w': 472.0, 'a': 24.5, 'rate_low': 41.5, 'rate_high': 41.5}.[0m
2021-04-21 18:51:16.014067: I tensorflow/compiler/jit/xla_gpu_device.cc:99] Not creating XLA devices, tf_xla_enable_xla_devices not set
maxFreq at 10nA: 1000.0
2021-04-21 18:51:38.426201: I tensorflow/compiler/jit/xla_gpu_device.cc:99] Not creating XLA devices, tf_xla_enable_xla_devices not set
2021-04-21 18:51:48.174378: I tensorflow/compiler/jit/xla_gpu_device.cc:99] Not creating XLA devices, tf_xla_enable_xla_devices not set
mse and spike frequency: 0.11775 0.0
[32m[I 2021-04-21 18:51:56,345][0m Trial 40 finished with values: [0.11775, 0.0] with parameters: {'Vahp': -38.0, 'Vth': -39.5, 'Vmax': 36.5, 't_ref': 1.0, 'R': 0.9, 'tau_m': 420.5, 'R_adp': 0.6, 'tau_w': 382.0, 'a': 102.0, 'rate_low': 47.0, 'rate_high': 47.0}.[0m
2021-04-21 18:51:56.768243: I tensorflow/compiler/jit/xla_gpu_device.cc:99] Not creating XLA devices, tf_xla_enable_xla_devices not set
maxFreq at 10nA: 999.0
2021-04-21 18:52:18.705597: I tensorflow/compiler/jit/xla_gpu_device.cc:99] Not creating XLA devices, tf_xla_enable_xla_devices not set
2021-04-21 18:52:28.125364: I tensorflow/compiler/jit/xla_gpu_device.cc:99] Not creating XLA devices, tf_xla_enable_xla_devices not set
mse and spike frequency: 0.11775 0.0
[32m[I 2021-04-21 18:52:36,363][0m Trial 41 finished with values: [0.11775, 0.0] with parameters: {'Vahp': -23.0, 'Vth': -36.0, 'Vmax': 37.5, 't_ref': 0.5, 'R': 0.8, 'tau_m': 397.5, 'R_adp': 0.6, 'tau_w': 235.0, 'a': 219.5, 'rate_low': 33.5, 'rate_high': 41.5}.[0m
2021-04-21 18:52:36.752696: I tensorflow/compiler/jit/xla_gpu_device.cc:99] Not creating XLA devices, tf_xla_enable_xla_devices not set
maxFreq at 10nA: 1000.0
2021-04-21 18:52:59.270352: I tensorflow/compiler/jit/xla_gpu_device.cc:99] Not creating XLA devices, tf_xla_enable_xla_devices not set
2021-04-21 18:53:08.922310: I tensorflow/compiler/jit/xla_gpu_device.cc:99] Not creating XLA devices, tf_xla_enable_xla_devices not set
mse and spike frequency: 0.11775 0.0
[32m[I 2021-04-21 18:53:17,170][0m Trial 42 finished with values: [0.11775, 0.0] with parameters: {'Vahp': -50.5, 'Vth': -51.5, 'Vmax': 24.5, 't_ref': 1.5, 'R': 0.6, 'tau_m': 56.5, 'R_adp': 0.9, 'tau_w': 131.5, 'a': 36.0, 'rate_low': 29.0, 'rate_high': 34.0}.[0m
2021-04-21 18:53:17.570201: I tensorflow/compiler/jit/xla_gpu_device.cc:99] Not creating XLA devices, tf_xla_enable_xla_devices not set
maxFreq at 10nA: 999.0
2021-04-21 18:53:39.894855: I tensorflow/compiler/jit/xla_gpu_device.cc:99] Not creating XLA devices, tf_xla_enable_xla_devices not set
2021-04-21 18:53:49.581558: I tensorflow/compiler/jit/xla_gpu_device.cc:99] Not creating XLA devices, tf_xla_enable_xla_devices not set
mse and spike frequency: 0.11775 0.0
[32m[I 2021-04-21 18:53:57,978][0m Trial 43 finished with values: [0.11775, 0.0] with parameters: {'Vahp': -39.5, 'Vth': -53.5, 'Vmax': 19.0, 't_ref': 5.5, 'R': 0.2, 'tau_m': 425.0, 'R_adp': 0.9, 'tau_w': 363.0, 'a': 128.5, 'rate_low': 20.5, 'rate_high': 29.5}.[0m
2021-04-21 18:53:58.378124: I tensorflow/compiler/jit/xla_gpu_device.cc:99] Not creating XLA devices, tf_xla_enable_xla_devices not set
maxFreq at 10nA: 69.0
2021-04-21 18:54:20.687105: I tensorflow/compiler/jit/xla_gpu_device.cc:99] Not creating XLA devices, tf_xla_enable_xla_devices not set
2021-04-21 18:54:30.337724: I tensorflow/compiler/jit/xla_gpu_device.cc:99] Not creating XLA devices, tf_xla_enable_xla_devices not set
mse and spike frequency: 1.90209 4.32
[32m[I 2021-04-21 18:54:38,819][0m Trial 44 finished with values: [1.90209, 4.32] with parameters: {'Vahp': -60.0, 'Vth': -31.0, 'Vmax': 37.5, 't_ref': 2.5, 'R': 0.4, 'tau_m': 346.5, 'R_adp': 0.9, 'tau_w': 162.0, 'a': 353.0, 'rate_low': 46.0, 'rate_high': 50.0}.[0m
2021-04-21 18:54:39.251658: I tensorflow/compiler/jit/xla_gpu_device.cc:99] Not creating XLA devices, tf_xla_enable_xla_devices not set
maxFreq at 10nA: 50.0
2021-04-21 18:55:01.815080: I tensorflow/compiler/jit/xla_gpu_device.cc:99] Not creating XLA devices, tf_xla_enable_xla_devices not set
2021-04-21 18:55:11.529754: I tensorflow/compiler/jit/xla_gpu_device.cc:99] Not creating XLA devices, tf_xla_enable_xla_devices not set
mse and spike frequency: 0.47391 5.99
[32m[I 2021-04-21 18:55:20,419][0m Trial 45 finished with values: [0.47391, 5.99] with parameters: {'Vahp': -58.0, 'Vth': -42.5, 'Vmax': 36.5, 't_ref': 19.0, 'R': 1.0, 'tau_m': 407.0, 'R_adp': 0.2, 'tau_w': 358.0, 'a': 415.5, 'rate_low': 19.0, 'rate_high': 19.5}.[0m
2021-04-21 18:55:20.851609: I tensorflow/compiler/jit/xla_gpu_device.cc:99] Not creating XLA devices, tf_xla_enable_xla_devices not set
maxFreq at 10nA: 1000.0
2021-04-21 18:55:43.617818: I tensorflow/compiler/jit/xla_gpu_device.cc:99] Not creating XLA devices, tf_xla_enable_xla_devices not set
2021-04-21 18:55:53.331822: I tensorflow/compiler/jit/xla_gpu_device.cc:99] Not creating XLA devices, tf_xla_enable_xla_devices not set
mse and spike frequency: 0.11775 0.0
[32m[I 2021-04-21 18:56:02,337][0m Trial 46 finished with values: [0.11775, 0.0] with parameters: {'Vahp': -42.0, 'Vth': -50.0, 'Vmax': 40.0, 't_ref': 14.5, 'R': 0.9, 'tau_m': 173.5, 'R_adp': 0.2, 'tau_w': 107.0, 'a': 434.5, 'rate_low': 48.5, 'rate_high': 50.0}.[0m
2021-04-21 18:56:02.809816: I tensorflow/compiler/jit/xla_gpu_device.cc:99] Not creating XLA devices, tf_xla_enable_xla_devices not set
maxFreq at 10nA: 1000.0
2021-04-21 18:56:24.976695: I tensorflow/compiler/jit/xla_gpu_device.cc:99] Not creating XLA devices, tf_xla_enable_xla_devices not set
2021-04-21 18:56:34.670788: I tensorflow/compiler/jit/xla_gpu_device.cc:99] Not creating XLA devices, tf_xla_enable_xla_devices not set
mse and spike frequency: 0.11775 0.0
[32m[I 2021-04-21 18:56:43,962][0m Trial 47 finished with values: [0.11775, 0.0] with parameters: {'Vahp': -25.0, 'Vth': -46.0, 'Vmax': 35.5, 't_ref': 8.5, 'R': 1.0, 'tau_m': 190.0, 'R_adp': 0.30000000000000004, 'tau_w': 458.5, 'a': 255.5, 'rate_low': 9.0, 'rate_high': 22.0}.[0m
2021-04-21 18:56:44.461993: I tensorflow/compiler/jit/xla_gpu_device.cc:99] Not creating XLA devices, tf_xla_enable_xla_devices not set
maxFreq at 10nA: 1000.0
2021-04-21 18:57:07.389280: I tensorflow/compiler/jit/xla_gpu_device.cc:99] Not creating XLA devices, tf_xla_enable_xla_devices not set
2021-04-21 18:57:17.478176: I tensorflow/compiler/jit/xla_gpu_device.cc:99] Not creating XLA devices, tf_xla_enable_xla_devices not set
mse and spike frequency: 0.11771 1000.1
[32m[I 2021-04-21 18:57:26,787][0m Trial 48 finished with values: [0.11771, 1000.1] with parameters: {'Vahp': -59.5, 'Vth': -59.0, 'Vmax': 22.0, 't_ref': 8.0, 'R': 0.1, 'tau_m': 399.0, 'R_adp': 0.1, 'tau_w': 120.0, 'a': 369.5, 'rate_low': 46.0, 'rate_high': 46.5}.[0m
2021-04-21 18:57:27.257900: I tensorflow/compiler/jit/xla_gpu_device.cc:99] Not creating XLA devices, tf_xla_enable_xla_devices not set
maxFreq at 10nA: 52.0
2021-04-21 18:57:50.364292: I tensorflow/compiler/jit/xla_gpu_device.cc:99] Not creating XLA devices, tf_xla_enable_xla_devices not set
2021-04-21 18:58:00.620169: I tensorflow/compiler/jit/xla_gpu_device.cc:99] Not creating XLA devices, tf_xla_enable_xla_devices not set
mse and spike frequency: 7.18832 3.61
[32m[I 2021-04-21 18:58:10,200][0m Trial 49 finished with values: [7.18832, 3.61] with parameters: {'Vahp': -37.0, 'Vth': -33.5, 'Vmax': 15.5, 't_ref': 14.5, 'R': 0.2, 'tau_m': 209.0, 'R_adp': 0.30000000000000004, 'tau_w': 288.0, 'a': 472.5, 'rate_low': 15.5, 'rate_high': 36.0}.[0m
2021-04-21 18:58:10.644419: I tensorflow/compiler/jit/xla_gpu_device.cc:99] Not creating XLA devices, tf_xla_enable_xla_devices not set
maxFreq at 10nA: 72.0
2021-04-21 18:58:33.975021: I tensorflow/compiler/jit/xla_gpu_device.cc:99] Not creating XLA devices, tf_xla_enable_xla_devices not set
2021-04-21 18:58:44.499025: I tensorflow/compiler/jit/xla_gpu_device.cc:99] Not creating XLA devices, tf_xla_enable_xla_devices not set
mse and spike frequency: 0.00548 6.35
[32m[I 2021-04-21 18:58:54,643][0m Trial 50 finished with values: [0.00548, 6.35] with parameters: {'Vahp': -47.0, 'Vth': -20.0, 'Vmax': 30.5, 't_ref': 12.0, 'R': 0.30000000000000004, 'tau_m': 132.5, 'R_adp': 0.1, 'tau_w': 184.5, 'a': 429.0, 'rate_low': 31.5, 'rate_high': 48.0}.[0m
2021-04-21 18:58:55.147127: I tensorflow/compiler/jit/xla_gpu_device.cc:99] Not creating XLA devices, tf_xla_enable_xla_devices not set
maxFreq at 10nA: 1000.0
2021-04-21 18:59:18.572881: I tensorflow/compiler/jit/xla_gpu_device.cc:99] Not creating XLA devices, tf_xla_enable_xla_devices not set
2021-04-21 18:59:29.392078: I tensorflow/compiler/jit/xla_gpu_device.cc:99] Not creating XLA devices, tf_xla_enable_xla_devices not set
mse and spike frequency: 0.11775 0.0
[32m[I 2021-04-21 18:59:40,232][0m Trial 51 finished with values: [0.11775, 0.0] with parameters: {'Vahp': -38.5, 'Vth': -54.5, 'Vmax': 37.5, 't_ref': 20.0, 'R': 0.7000000000000001, 'tau_m': 346.5, 'R_adp': 0.9, 'tau_w': 142.0, 'a': 353.0, 'rate_low': 46.0, 'rate_high': 50.0}.[0m
2021-04-21 18:59:40.802422: I tensorflow/compiler/jit/xla_gpu_device.cc:99] Not creating XLA devices, tf_xla_enable_xla_devices not set
maxFreq at 10nA: 1000.0
2021-04-21 19:00:04.342632: I tensorflow/compiler/jit/xla_gpu_device.cc:99] Not creating XLA devices, tf_xla_enable_xla_devices not set
2021-04-21 19:00:14.796952: I tensorflow/compiler/jit/xla_gpu_device.cc:99] Not creating XLA devices, tf_xla_enable_xla_devices not set
mse and spike frequency: 0.11775 0.0
[32m[I 2021-04-21 19:00:25,502][0m Trial 52 finished with values: [0.11775, 0.0] with parameters: {'Vahp': -32.0, 'Vth': -52.5, 'Vmax': 22.0, 't_ref': 6.5, 'R': 0.30000000000000004, 'tau_m': 132.5, 'R_adp': 0.30000000000000004, 'tau_w': 28.0, 'a': 243.5, 'rate_low': 32.0, 'rate_high': 48.0}.[0m
2021-04-21 19:00:26.078345: I tensorflow/compiler/jit/xla_gpu_device.cc:99] Not creating XLA devices, tf_xla_enable_xla_devices not set
maxFreq at 10nA: 1000.0
2021-04-21 19:00:49.309155: I tensorflow/compiler/jit/xla_gpu_device.cc:99] Not creating XLA devices, tf_xla_enable_xla_devices not set
2021-04-21 19:01:00.094013: I tensorflow/compiler/jit/xla_gpu_device.cc:99] Not creating XLA devices, tf_xla_enable_xla_devices not set
mse and spike frequency: 0.11775 0.0
[32m[I 2021-04-21 19:01:11,269][0m Trial 53 finished with values: [0.11775, 0.0] with parameters: {'Vahp': -42.0, 'Vth': -50.0, 'Vmax': 40.0, 't_ref': 14.5, 'R': 0.6, 'tau_m': 102.5, 'R_adp': 0.8, 'tau_w': 403.0, 'a': 434.5, 'rate_low': 32.5, 'rate_high': 43.5}.[0m
2021-04-21 19:01:11.848837: I tensorflow/compiler/jit/xla_gpu_device.cc:99] Not creating XLA devices, tf_xla_enable_xla_devices not set
maxFreq at 10nA: 1000.0
2021-04-21 19:01:34.586696: I tensorflow/compiler/jit/xla_gpu_device.cc:99] Not creating XLA devices, tf_xla_enable_xla_devices not set
2021-04-21 19:01:45.468760: I tensorflow/compiler/jit/xla_gpu_device.cc:99] Not creating XLA devices, tf_xla_enable_xla_devices not set
mse and spike frequency: 0.11775 0.0
[32m[I 2021-04-21 19:01:56,739][0m Trial 54 finished with values: [0.11775, 0.0] with parameters: {'Vahp': -27.5, 'Vth': -48.0, 'Vmax': 36.5, 't_ref': 6.5, 'R': 1.0, 'tau_m': 327.0, 'R_adp': 0.2, 'tau_w': 279.0, 'a': 415.5, 'rate_low': 1.5, 'rate_high': 34.5}.[0m
2021-04-21 19:01:57.369796: I tensorflow/compiler/jit/xla_gpu_device.cc:99] Not creating XLA devices, tf_xla_enable_xla_devices not set
maxFreq at 10nA: 250.0
2021-04-21 19:02:20.037209: I tensorflow/compiler/jit/xla_gpu_device.cc:99] Not creating XLA devices, tf_xla_enable_xla_devices not set
2021-04-21 19:02:31.008694: I tensorflow/compiler/jit/xla_gpu_device.cc:99] Not creating XLA devices, tf_xla_enable_xla_devices not set
mse and spike frequency: 0.00069 9.63
