[32m[I 2021-04-21 20:33:19,776][0m Trial 142 finished with values: [0.03824, 2.19] with parameters: {'Vahp': -56.0, 'Vth': -46.5, 'Vmax': 25.0, 't_ref': 4.0, 'R': 0.2, 'tau_m': 484.0, 'R_adp': 0.6, 'tau_w': 76.5, 'a': 429.0, 'rate_low': 24.5, 'rate_high': 25.5}.[0m
2021-04-21 20:33:20.559299: I tensorflow/compiler/jit/xla_gpu_device.cc:99] Not creating XLA devices, tf_xla_enable_xla_devices not set
maxFreq at 10nA: 1000.0
2021-04-21 20:33:54.431192: I tensorflow/compiler/jit/xla_gpu_device.cc:99] Not creating XLA devices, tf_xla_enable_xla_devices not set
2021-04-21 20:34:17.150531: I tensorflow/compiler/jit/xla_gpu_device.cc:99] Not creating XLA devices, tf_xla_enable_xla_devices not set
mse and spike frequency: 0.11775 0.0
[32m[I 2021-04-21 20:34:39,051][0m Trial 143 finished with values: [0.11775, 0.0] with parameters: {'Vahp': -28.0, 'Vth': -52.0, 'Vmax': 10.0, 't_ref': 17.0, 'R': 0.30000000000000004, 'tau_m': 55.0, 'R_adp': 0.9, 'tau_w': 229.0, 'a': 105.0, 'rate_low': 8.5, 'rate_high': 32.5}.[0m
2021-04-21 20:34:39.821949: I tensorflow/compiler/jit/xla_gpu_device.cc:99] Not creating XLA devices, tf_xla_enable_xla_devices not set
maxFreq at 10nA: 1000.0
2021-04-21 20:35:13.722557: I tensorflow/compiler/jit/xla_gpu_device.cc:99] Not creating XLA devices, tf_xla_enable_xla_devices not set
2021-04-21 20:35:36.947902: I tensorflow/compiler/jit/xla_gpu_device.cc:99] Not creating XLA devices, tf_xla_enable_xla_devices not set
mse and spike frequency: 0.11775 0.0
[32m[I 2021-04-21 20:35:58,906][0m Trial 144 finished with values: [0.11775, 0.0] with parameters: {'Vahp': -24.0, 'Vth': -55.0, 'Vmax': 18.0, 't_ref': 8.5, 'R': 0.1, 'tau_m': 36.5, 'R_adp': 0.5, 'tau_w': 279.0, 'a': 66.0, 'rate_low': 38.5, 'rate_high': 45.5}.[0m
2021-04-21 20:35:59.700507: I tensorflow/compiler/jit/xla_gpu_device.cc:99] Not creating XLA devices, tf_xla_enable_xla_devices not set
maxFreq at 10nA: 500.0
2021-04-21 20:36:33.624919: I tensorflow/compiler/jit/xla_gpu_device.cc:99] Not creating XLA devices, tf_xla_enable_xla_devices not set
2021-04-21 20:36:56.195097: I tensorflow/compiler/jit/xla_gpu_device.cc:99] Not creating XLA devices, tf_xla_enable_xla_devices not set
mse and spike frequency: 12.05399 89.47
[32m[I 2021-04-21 20:37:18,423][0m Trial 145 finished with values: [12.05399, 89.47] with parameters: {'Vahp': -32.5, 'Vth': -32.0, 'Vmax': 22.5, 't_ref': 1.0, 'R': 0.8, 'tau_m': 205.0, 'R_adp': 0.4, 'tau_w': 460.5, 'a': 64.5, 'rate_low': 44.5, 'rate_high': 32.0}.[0m
2021-04-21 20:37:19.113912: I tensorflow/compiler/jit/xla_gpu_device.cc:99] Not creating XLA devices, tf_xla_enable_xla_devices not set
maxFreq at 10nA: 999.0
2021-04-21 20:37:53.641638: I tensorflow/compiler/jit/xla_gpu_device.cc:99] Not creating XLA devices, tf_xla_enable_xla_devices not set
2021-04-21 20:38:17.032460: I tensorflow/compiler/jit/xla_gpu_device.cc:99] Not creating XLA devices, tf_xla_enable_xla_devices not set
mse and spike frequency: 0.11775 0.0
[32m[I 2021-04-21 20:38:39,849][0m Trial 146 finished with values: [0.11775, 0.0] with parameters: {'Vahp': -24.0, 'Vth': -51.0, 'Vmax': 10.0, 't_ref': 13.0, 'R': 0.30000000000000004, 'tau_m': 475.0, 'R_adp': 0.6, 'tau_w': 328.5, 'a': 57.5, 'rate_low': 38.5, 'rate_high': 25.5}.[0m
2021-04-21 20:38:40.544496: I tensorflow/compiler/jit/xla_gpu_device.cc:99] Not creating XLA devices, tf_xla_enable_xla_devices not set
maxFreq at 10nA: 1000.0
2021-04-21 20:39:14.554449: I tensorflow/compiler/jit/xla_gpu_device.cc:99] Not creating XLA devices, tf_xla_enable_xla_devices not set
2021-04-21 20:39:38.585343: I tensorflow/compiler/jit/xla_gpu_device.cc:99] Not creating XLA devices, tf_xla_enable_xla_devices not set
mse and spike frequency: 0.11775 0.0
[32m[I 2021-04-21 20:40:01,191][0m Trial 147 finished with values: [0.11775, 0.0] with parameters: {'Vahp': -31.5, 'Vth': -53.0, 'Vmax': 15.0, 't_ref': 10.5, 'R': 0.2, 'tau_m': 52.5, 'R_adp': 0.8, 'tau_w': 137.5, 'a': 297.5, 'rate_low': 13.0, 'rate_high': 16.0}.[0m
2021-04-21 20:40:01.865456: I tensorflow/compiler/jit/xla_gpu_device.cc:99] Not creating XLA devices, tf_xla_enable_xla_devices not set
maxFreq at 10nA: 84.0
2021-04-21 20:40:36.427379: I tensorflow/compiler/jit/xla_gpu_device.cc:99] Not creating XLA devices, tf_xla_enable_xla_devices not set
2021-04-21 20:41:00.509521: I tensorflow/compiler/jit/xla_gpu_device.cc:99] Not creating XLA devices, tf_xla_enable_xla_devices not set
mse and spike frequency: 0.8637 6.17
[32m[I 2021-04-21 20:41:23,269][0m Trial 148 finished with values: [0.8637, 6.17] with parameters: {'Vahp': -45.5, 'Vth': -42.5, 'Vmax': 30.0, 't_ref': 11.0, 'R': 0.8, 'tau_m': 74.0, 'R_adp': 0.9, 'tau_w': 114.5, 'a': 312.5, 'rate_low': 20.5, 'rate_high': 32.0}.[0m
2021-04-21 20:41:23.924223: I tensorflow/compiler/jit/xla_gpu_device.cc:99] Not creating XLA devices, tf_xla_enable_xla_devices not set
maxFreq at 10nA: 1000.0
2021-04-21 20:41:58.602136: I tensorflow/compiler/jit/xla_gpu_device.cc:99] Not creating XLA devices, tf_xla_enable_xla_devices not set
2021-04-21 20:42:22.817675: I tensorflow/compiler/jit/xla_gpu_device.cc:99] Not creating XLA devices, tf_xla_enable_xla_devices not set
mse and spike frequency: 0.11775 0.0
[32m[I 2021-04-21 20:42:45,551][0m Trial 149 finished with values: [0.11775, 0.0] with parameters: {'Vahp': -20.0, 'Vth': -30.0, 'Vmax': 15.0, 't_ref': 14.5, 'R': 0.1, 'tau_m': 14.0, 'R_adp': 0.5, 'tau_w': 483.0, 'a': 72.0, 'rate_low': 35.5, 'rate_high': 47.0}.[0m
2021-04-21 20:42:46.262740: I tensorflow/compiler/jit/xla_gpu_device.cc:99] Not creating XLA devices, tf_xla_enable_xla_devices not set
maxFreq at 10nA: 1000.0
2021-04-21 20:43:20.733663: I tensorflow/compiler/jit/xla_gpu_device.cc:99] Not creating XLA devices, tf_xla_enable_xla_devices not set
2021-04-21 20:43:44.893841: I tensorflow/compiler/jit/xla_gpu_device.cc:99] Not creating XLA devices, tf_xla_enable_xla_devices not set
mse and spike frequency: 0.11775 0.0
[32m[I 2021-04-21 20:44:07,609][0m Trial 150 finished with values: [0.11775, 0.0] with parameters: {'Vahp': -20.0, 'Vth': -53.0, 'Vmax': 25.5, 't_ref': 11.5, 'R': 0.9, 'tau_m': 481.0, 'R_adp': 0.4, 'tau_w': 75.0, 'a': 91.0, 'rate_low': 37.5, 'rate_high': 47.0}.[0m
2021-04-21 20:44:08.322065: I tensorflow/compiler/jit/xla_gpu_device.cc:99] Not creating XLA devices, tf_xla_enable_xla_devices not set
maxFreq at 10nA: 1000.0
2021-04-21 20:44:42.241960: I tensorflow/compiler/jit/xla_gpu_device.cc:99] Not creating XLA devices, tf_xla_enable_xla_devices not set
2021-04-21 20:45:06.621924: I tensorflow/compiler/jit/xla_gpu_device.cc:99] Not creating XLA devices, tf_xla_enable_xla_devices not set
mse and spike frequency: 0.11775 0.0
[32m[I 2021-04-21 20:45:29,929][0m Trial 151 finished with values: [0.11775, 0.0] with parameters: {'Vahp': -28.0, 'Vth': -45.5, 'Vmax': 17.5, 't_ref': 17.0, 'R': 1.0, 'tau_m': 81.5, 'R_adp': 0.5, 'tau_w': 195.5, 'a': 66.0, 'rate_low': 6.5, 'rate_high': 47.5}.[0m
2021-04-21 20:45:30.614264: I tensorflow/compiler/jit/xla_gpu_device.cc:99] Not creating XLA devices, tf_xla_enable_xla_devices not set
maxFreq at 10nA: 1000.0
2021-04-21 20:46:05.330495: I tensorflow/compiler/jit/xla_gpu_device.cc:99] Not creating XLA devices, tf_xla_enable_xla_devices not set
2021-04-21 20:46:29.726561: I tensorflow/compiler/jit/xla_gpu_device.cc:99] Not creating XLA devices, tf_xla_enable_xla_devices not set
mse and spike frequency: 0.11775 0.0
[32m[I 2021-04-21 20:46:52,987][0m Trial 152 finished with values: [0.11775, 0.0] with parameters: {'Vahp': -28.5, 'Vth': -50.5, 'Vmax': 16.5, 't_ref': 5.0, 'R': 0.7000000000000001, 'tau_m': 371.0, 'R_adp': 0.1, 'tau_w': 368.5, 'a': 135.0, 'rate_low': 22.5, 'rate_high': 47.5}.[0m
2021-04-21 20:46:53.688416: I tensorflow/compiler/jit/xla_gpu_device.cc:99] Not creating XLA devices, tf_xla_enable_xla_devices not set
maxFreq at 10nA: 56.0
2021-04-21 20:47:28.297246: I tensorflow/compiler/jit/xla_gpu_device.cc:99] Not creating XLA devices, tf_xla_enable_xla_devices not set
2021-04-21 20:47:52.961894: I tensorflow/compiler/jit/xla_gpu_device.cc:99] Not creating XLA devices, tf_xla_enable_xla_devices not set
mse and spike frequency: 0.56408 1.72
[32m[I 2021-04-21 20:48:16,551][0m Trial 153 finished with values: [0.56408, 1.72] with parameters: {'Vahp': -46.5, 'Vth': -31.0, 'Vmax': 20.5, 't_ref': 17.0, 'R': 0.2, 'tau_m': 74.0, 'R_adp': 0.5, 'tau_w': 229.0, 'a': 133.5, 'rate_low': 6.5, 'rate_high': 15.5}.[0m
2021-04-21 20:48:17.222655: I tensorflow/compiler/jit/xla_gpu_device.cc:99] Not creating XLA devices, tf_xla_enable_xla_devices not set
maxFreq at 10nA: 35.0
2021-04-21 20:48:52.160808: I tensorflow/compiler/jit/xla_gpu_device.cc:99] Not creating XLA devices, tf_xla_enable_xla_devices not set
2021-04-21 20:49:16.646597: I tensorflow/compiler/jit/xla_gpu_device.cc:99] Not creating XLA devices, tf_xla_enable_xla_devices not set
mse and spike frequency: 1.72073 2.02
[32m[I 2021-04-21 20:49:40,031][0m Trial 154 finished with values: [1.72073, 2.02] with parameters: {'Vahp': -55.0, 'Vth': -34.0, 'Vmax': 19.0, 't_ref': 8.0, 'R': 0.1, 'tau_m': 141.0, 'R_adp': 1.0, 'tau_w': 492.5, 'a': 72.0, 'rate_low': 5.5, 'rate_high': 42.0}.[0m
2021-04-21 20:49:40.732395: I tensorflow/compiler/jit/xla_gpu_device.cc:99] Not creating XLA devices, tf_xla_enable_xla_devices not set
maxFreq at 10nA: 1000.0
2021-04-21 20:50:15.729983: I tensorflow/compiler/jit/xla_gpu_device.cc:99] Not creating XLA devices, tf_xla_enable_xla_devices not set
2021-04-21 20:50:39.956470: I tensorflow/compiler/jit/xla_gpu_device.cc:99] Not creating XLA devices, tf_xla_enable_xla_devices not set
mse and spike frequency: 0.11775 0.0
[32m[I 2021-04-21 20:51:03,222][0m Trial 155 finished with values: [0.11775, 0.0] with parameters: {'Vahp': -40.0, 'Vth': -45.5, 'Vmax': 34.5, 't_ref': 15.0, 'R': 0.6, 'tau_m': 205.0, 'R_adp': 0.9, 'tau_w': 292.5, 'a': 124.5, 'rate_low': 44.5, 'rate_high': 48.0}.[0m
2021-04-21 20:51:03.895585: I tensorflow/compiler/jit/xla_gpu_device.cc:99] Not creating XLA devices, tf_xla_enable_xla_devices not set
maxFreq at 10nA: 50.0
2021-04-21 20:51:39.108780: I tensorflow/compiler/jit/xla_gpu_device.cc:99] Not creating XLA devices, tf_xla_enable_xla_devices not set
2021-04-21 20:52:03.907121: I tensorflow/compiler/jit/xla_gpu_device.cc:99] Not creating XLA devices, tf_xla_enable_xla_devices not set
mse and spike frequency: 0.77181 11.3
[32m[I 2021-04-21 20:52:27,012][0m Trial 156 finished with values: [0.77181, 11.3] with parameters: {'Vahp': -54.0, 'Vth': -51.0, 'Vmax': 16.0, 't_ref': 18.5, 'R': 0.2, 'tau_m': 36.5, 'R_adp': 0.5, 'tau_w': 244.0, 'a': 72.0, 'rate_low': 38.5, 'rate_high': 45.5}.[0m
2021-04-21 20:52:27.705961: I tensorflow/compiler/jit/xla_gpu_device.cc:99] Not creating XLA devices, tf_xla_enable_xla_devices not set
maxFreq at 10nA: 1000.0
2021-04-21 20:53:02.928722: I tensorflow/compiler/jit/xla_gpu_device.cc:99] Not creating XLA devices, tf_xla_enable_xla_devices not set
2021-04-21 20:53:27.018018: I tensorflow/compiler/jit/xla_gpu_device.cc:99] Not creating XLA devices, tf_xla_enable_xla_devices not set
mse and spike frequency: 0.11775 0.0
[32m[I 2021-04-21 20:53:50,937][0m Trial 157 finished with values: [0.11775, 0.0] with parameters: {'Vahp': -48.0, 'Vth': -50.5, 'Vmax': 17.5, 't_ref': 15.5, 'R': 0.2, 'tau_m': 129.0, 'R_adp': 0.2, 'tau_w': 151.0, 'a': 370.0, 'rate_low': 43.5, 'rate_high': 23.0}.[0m
2021-04-21 20:53:51.626932: I tensorflow/compiler/jit/xla_gpu_device.cc:99] Not creating XLA devices, tf_xla_enable_xla_devices not set
maxFreq at 10nA: 999.0
2021-04-21 20:54:27.253365: I tensorflow/compiler/jit/xla_gpu_device.cc:99] Not creating XLA devices, tf_xla_enable_xla_devices not set
2021-04-21 20:54:51.398152: I tensorflow/compiler/jit/xla_gpu_device.cc:99] Not creating XLA devices, tf_xla_enable_xla_devices not set
mse and spike frequency: 0.11775 0.0
[32m[I 2021-04-21 20:55:15,082][0m Trial 158 finished with values: [0.11775, 0.0] with parameters: {'Vahp': -24.0, 'Vth': -55.0, 'Vmax': 23.5, 't_ref': 13.5, 'R': 0.1, 'tau_m': 382.0, 'R_adp': 0.5, 'tau_w': 187.0, 'a': 57.5, 'rate_low': 38.5, 'rate_high': 45.5}.[0m
2021-04-21 20:55:15.760242: I tensorflow/compiler/jit/xla_gpu_device.cc:99] Not creating XLA devices, tf_xla_enable_xla_devices not set
maxFreq at 10nA: 1000.0
2021-04-21 20:55:51.285321: I tensorflow/compiler/jit/xla_gpu_device.cc:99] Not creating XLA devices, tf_xla_enable_xla_devices not set
2021-04-21 20:56:15.725358: I tensorflow/compiler/jit/xla_gpu_device.cc:99] Not creating XLA devices, tf_xla_enable_xla_devices not set
mse and spike frequency: 0.11775 0.0
[32m[I 2021-04-21 20:56:39,860][0m Trial 159 finished with values: [0.11775, 0.0] with parameters: {'Vahp': -37.5, 'Vth': -50.5, 'Vmax': 34.5, 't_ref': 14.5, 'R': 0.1, 'tau_m': 14.0, 'R_adp': 0.6, 'tau_w': 238.0, 'a': 72.0, 'rate_low': 35.5, 'rate_high': 47.5}.[0m
2021-04-21 20:56:40.617731: I tensorflow/compiler/jit/xla_gpu_device.cc:99] Not creating XLA devices, tf_xla_enable_xla_devices not set
maxFreq at 10nA: 1000.0
2021-04-21 20:57:16.992167: I tensorflow/compiler/jit/xla_gpu_device.cc:99] Not creating XLA devices, tf_xla_enable_xla_devices not set
2021-04-21 20:57:41.563980: I tensorflow/compiler/jit/xla_gpu_device.cc:99] Not creating XLA devices, tf_xla_enable_xla_devices not set
mse and spike frequency: 0.11775 0.0
[32m[I 2021-04-21 20:58:05,831][0m Trial 160 finished with values: [0.11775, 0.0] with parameters: {'Vahp': -44.5, 'Vth': -51.5, 'Vmax': 38.0, 't_ref': 15.0, 'R': 0.9, 'tau_m': 205.0, 'R_adp': 0.5, 'tau_w': 75.0, 'a': 307.0, 'rate_low': 38.5, 'rate_high': 49.5}.[0m
2021-04-21 20:58:06.527928: I tensorflow/compiler/jit/xla_gpu_device.cc:99] Not creating XLA devices, tf_xla_enable_xla_devices not set
maxFreq at 10nA: 997.0
2021-04-21 20:58:42.686758: I tensorflow/compiler/jit/xla_gpu_device.cc:99] Not creating XLA devices, tf_xla_enable_xla_devices not set
2021-04-21 20:59:07.760967: I tensorflow/compiler/jit/xla_gpu_device.cc:99] Not creating XLA devices, tf_xla_enable_xla_devices not set
mse and spike frequency: 0.11775 0.0
[32m[I 2021-04-21 20:59:32,245][0m Trial 161 finished with values: [0.11775, 0.0] with parameters: {'Vahp': -40.0, 'Vth': -51.0, 'Vmax': 10.0, 't_ref': 8.5, 'R': 0.1, 'tau_m': 475.0, 'R_adp': 0.5, 'tau_w': 96.5, 'a': 124.5, 'rate_low': 38.5, 'rate_high': 45.5}.[0m
2021-04-21 20:59:32.987967: I tensorflow/compiler/jit/xla_gpu_device.cc:99] Not creating XLA devices, tf_xla_enable_xla_devices not set
maxFreq at 10nA: 1000.0
2021-04-21 21:00:09.670674: I tensorflow/compiler/jit/xla_gpu_device.cc:99] Not creating XLA devices, tf_xla_enable_xla_devices not set
2021-04-21 21:00:35.245311: I tensorflow/compiler/jit/xla_gpu_device.cc:99] Not creating XLA devices, tf_xla_enable_xla_devices not set
mse and spike frequency: 0.11775 0.0
[32m[I 2021-04-21 21:00:59,292][0m Trial 162 finished with values: [0.11775, 0.0] with parameters: {'Vahp': -24.0, 'Vth': -51.0, 'Vmax': 28.0, 't_ref': 13.0, 'R': 0.4, 'tau_m': 475.0, 'R_adp': 0.8, 'tau_w': 328.5, 'a': 442.5, 'rate_low': 38.5, 'rate_high': 25.5}.[0m
2021-04-21 21:01:00.141190: I tensorflow/compiler/jit/xla_gpu_device.cc:99] Not creating XLA devices, tf_xla_enable_xla_devices not set
maxFreq at 10nA: 59.0
2021-04-21 21:01:36.237155: I tensorflow/compiler/jit/xla_gpu_device.cc:99] Not creating XLA devices, tf_xla_enable_xla_devices not set
2021-04-21 21:02:02.093574: I tensorflow/compiler/jit/xla_gpu_device.cc:99] Not creating XLA devices, tf_xla_enable_xla_devices not set
mse and spike frequency: 0.99501 14.51
[32m[I 2021-04-21 21:02:25,627][0m Trial 163 finished with values: [0.99501, 14.51] with parameters: {'Vahp': -37.0, 'Vth': -37.0, 'Vmax': 32.5, 't_ref': 15.5, 'R': 1.0, 'tau_m': 74.5, 'R_adp': 0.8, 'tau_w': 229.0, 'a': 124.5, 'rate_low': 30.5, 'rate_high': 23.0}.[0m
2021-04-21 21:02:26.359355: I tensorflow/compiler/jit/xla_gpu_device.cc:99] Not creating XLA devices, tf_xla_enable_xla_devices not set
maxFreq at 10nA: 53.0
2021-04-21 21:03:02.612179: I tensorflow/compiler/jit/xla_gpu_device.cc:99] Not creating XLA devices, tf_xla_enable_xla_devices not set
2021-04-21 21:03:28.474913: I tensorflow/compiler/jit/xla_gpu_device.cc:99] Not creating XLA devices, tf_xla_enable_xla_devices not set
mse and spike frequency: 5.32338 4.47
[32m[I 2021-04-21 21:03:52,233][0m Trial 164 finished with values: [5.32338, 4.47] with parameters: {'Vahp': -40.5, 'Vth': -29.0, 'Vmax': 27.5, 't_ref': 14.0, 'R': 0.2, 'tau_m': 261.5, 'R_adp': 0.8, 'tau_w': 218.5, 'a': 172.0, 'rate_low': 32.5, 'rate_high': 42.0}.[0m
2021-04-21 21:03:52.948949: I tensorflow/compiler/jit/xla_gpu_device.cc:99] Not creating XLA devices, tf_xla_enable_xla_devices not set
maxFreq at 10nA: 60.0
2021-04-21 21:04:29.471034: I tensorflow/compiler/jit/xla_gpu_device.cc:99] Not creating XLA devices, tf_xla_enable_xla_devices not set
2021-04-21 21:04:55.527633: I tensorflow/compiler/jit/xla_gpu_device.cc:99] Not creating XLA devices, tf_xla_enable_xla_devices not set
mse and spike frequency: 11.7745 4.15
[32m[I 2021-04-21 21:05:19,578][0m Trial 165 finished with values: [11.7745, 4.15] with parameters: {'Vahp': -48.0, 'Vth': -34.0, 'Vmax': 17.5, 't_ref': 9.0, 'R': 0.2, 'tau_m': 261.5, 'R_adp': 0.2, 'tau_w': 492.5, 'a': 370.0, 'rate_low': 10.0, 'rate_high': 38.0}.[0m
2021-04-21 21:05:20.349143: I tensorflow/compiler/jit/xla_gpu_device.cc:99] Not creating XLA devices, tf_xla_enable_xla_devices not set
maxFreq at 10nA: 1000.0
2021-04-21 21:05:57.371563: I tensorflow/compiler/jit/xla_gpu_device.cc:99] Not creating XLA devices, tf_xla_enable_xla_devices not set
2021-04-21 21:06:23.546166: I tensorflow/compiler/jit/xla_gpu_device.cc:99] Not creating XLA devices, tf_xla_enable_xla_devices not set
mse and spike frequency: 0.11775 0.0
[32m[I 2021-04-21 21:06:47,513][0m Trial 166 finished with values: [0.11775, 0.0] with parameters: {'Vahp': -31.5, 'Vth': -48.5, 'Vmax': 20.0, 't_ref': 19.0, 'R': 0.7000000000000001, 'tau_m': 225.0, 'R_adp': 0.8, 'tau_w': 218.5, 'a': 386.0, 'rate_low': 39.5, 'rate_high': 42.0}.[0m
2021-04-21 21:06:48.222534: I tensorflow/compiler/jit/xla_gpu_device.cc:99] Not creating XLA devices, tf_xla_enable_xla_devices not set
maxFreq at 10nA: 60.0
2021-04-21 21:07:25.521166: I tensorflow/compiler/jit/xla_gpu_device.cc:99] Not creating XLA devices, tf_xla_enable_xla_devices not set
2021-04-21 21:07:51.559074: I tensorflow/compiler/jit/xla_gpu_device.cc:99] Not creating XLA devices, tf_xla_enable_xla_devices not set
mse and spike frequency: 2.04828 7.74
[32m[I 2021-04-21 21:08:15,520][0m Trial 167 finished with values: [2.04828, 7.74] with parameters: {'Vahp': -40.0, 'Vth': -30.0, 'Vmax': 15.0, 't_ref': 15.0, 'R': 0.6, 'tau_m': 496.0, 'R_adp': 0.5, 'tau_w': 476.5, 'a': 263.0, 'rate_low': 44.5, 'rate_high': 48.0}.[0m
2021-04-21 21:08:16.253566: I tensorflow/compiler/jit/xla_gpu_device.cc:99] Not creating XLA devices, tf_xla_enable_xla_devices not set
maxFreq at 10nA: 1000.0
2021-04-21 21:08:53.326033: I tensorflow/compiler/jit/xla_gpu_device.cc:99] Not creating XLA devices, tf_xla_enable_xla_devices not set
2021-04-21 21:09:19.785714: I tensorflow/compiler/jit/xla_gpu_device.cc:99] Not creating XLA devices, tf_xla_enable_xla_devices not set
mse and spike frequency: 0.11775 0.0
[32m[I 2021-04-21 21:09:43,714][0m Trial 168 finished with values: [0.11775, 0.0] with parameters: {'Vahp': -41.5, 'Vth': -49.5, 'Vmax': 16.5, 't_ref': 11.0, 'R': 1.0, 'tau_m': 371.0, 'R_adp': 0.1, 'tau_w': 424.5, 'a': 135.0, 'rate_low': 22.5, 'rate_high': 23.0}.[0m
2021-04-21 21:09:44.416668: I tensorflow/compiler/jit/xla_gpu_device.cc:99] Not creating XLA devices, tf_xla_enable_xla_devices not set
maxFreq at 10nA: 1000.0
2021-04-21 21:10:21.518630: I tensorflow/compiler/jit/xla_gpu_device.cc:99] Not creating XLA devices, tf_xla_enable_xla_devices not set
2021-04-21 21:10:47.980008: I tensorflow/compiler/jit/xla_gpu_device.cc:99] Not creating XLA devices, tf_xla_enable_xla_devices not set
mse and spike frequency: 0.11775 0.0
[32m[I 2021-04-21 21:11:12,582][0m Trial 169 finished with values: [0.11775, 0.0] with parameters: {'Vahp': -35.5, 'Vth': -39.0, 'Vmax': 31.0, 't_ref': 17.0, 'R': 1.0, 'tau_m': 81.5, 'R_adp': 0.9, 'tau_w': 63.0, 'a': 66.0, 'rate_low': 33.5, 'rate_high': 49.5}.[0m
2021-04-21 21:11:13.287038: I tensorflow/compiler/jit/xla_gpu_device.cc:99] Not creating XLA devices, tf_xla_enable_xla_devices not set
maxFreq at 10nA: 1000.0
2021-04-21 21:11:51.066856: I tensorflow/compiler/jit/xla_gpu_device.cc:99] Not creating XLA devices, tf_xla_enable_xla_devices not set
2021-04-21 21:12:17.217711: I tensorflow/compiler/jit/xla_gpu_device.cc:99] Not creating XLA devices, tf_xla_enable_xla_devices not set
mse and spike frequency: 0.11775 0.0
[32m[I 2021-04-21 21:12:42,342][0m Trial 170 finished with values: [0.11775, 0.0] with parameters: {'Vahp': -55.0, 'Vth': -55.5, 'Vmax': 26.0, 't_ref': 18.0, 'R': 0.1, 'tau_m': 261.5, 'R_adp': 1.0, 'tau_w': 407.0, 'a': 485.0, 'rate_low': 6.5, 'rate_high': 49.0}.[0m
2021-04-21 21:12:43.039656: I tensorflow/compiler/jit/xla_gpu_device.cc:99] Not creating XLA devices, tf_xla_enable_xla_devices not set
maxFreq at 10nA: 1000.0
2021-04-21 21:13:19.848209: I tensorflow/compiler/jit/xla_gpu_device.cc:99] Not creating XLA devices, tf_xla_enable_xla_devices not set
2021-04-21 21:13:46.060919: I tensorflow/compiler/jit/xla_gpu_device.cc:99] Not creating XLA devices, tf_xla_enable_xla_devices not set
mse and spike frequency: 0.11775 0.0
