[32m[I 2021-04-21 19:05:57,567][0m Trial 58 finished with values: [0.11775, 0.0] with parameters: {'Vahp': -39.5, 'Vth': -54.5, 'Vmax': 27.0, 't_ref': 7.5, 'R': 0.6, 'tau_m': 475.5, 'rate_low': 12.0, 'rate_high': 14.0}.[0m
2021-04-21 19:05:58.056356: I tensorflow/compiler/jit/xla_gpu_device.cc:99] Not creating XLA devices, tf_xla_enable_xla_devices not set
maxFreq at 10nA: 53.0
2021-04-21 19:06:19.698934: I tensorflow/compiler/jit/xla_gpu_device.cc:99] Not creating XLA devices, tf_xla_enable_xla_devices not set
2021-04-21 19:06:32.378599: I tensorflow/compiler/jit/xla_gpu_device.cc:99] Not creating XLA devices, tf_xla_enable_xla_devices not set
mse and spike frequency: 0.00084 15.05
[32m[I 2021-04-21 19:06:43,860][0m Trial 59 finished with values: [0.00084, 15.05] with parameters: {'Vahp': -46.0, 'Vth': -31.0, 'Vmax': 18.0, 't_ref': 17.0, 'R': 0.7000000000000001, 'tau_m': 480.5, 'rate_low': 44.5, 'rate_high': 47.0}.[0m
2021-04-21 19:06:44.331935: I tensorflow/compiler/jit/xla_gpu_device.cc:99] Not creating XLA devices, tf_xla_enable_xla_devices not set
maxFreq at 10nA: 1000.0
2021-04-21 19:07:06.025737: I tensorflow/compiler/jit/xla_gpu_device.cc:99] Not creating XLA devices, tf_xla_enable_xla_devices not set
2021-04-21 19:07:18.318083: I tensorflow/compiler/jit/xla_gpu_device.cc:99] Not creating XLA devices, tf_xla_enable_xla_devices not set
mse and spike frequency: 0.11775 0.0
[32m[I 2021-04-21 19:07:30,319][0m Trial 60 finished with values: [0.11775, 0.0] with parameters: {'Vahp': -24.5, 'Vth': -56.5, 'Vmax': 36.0, 't_ref': 11.0, 'R': 0.9, 'tau_m': 308.5, 'rate_low': 14.5, 'rate_high': 28.5}.[0m
2021-04-21 19:07:30.982754: I tensorflow/compiler/jit/xla_gpu_device.cc:99] Not creating XLA devices, tf_xla_enable_xla_devices not set
maxFreq at 10nA: 63.0
2021-04-21 19:07:52.831032: I tensorflow/compiler/jit/xla_gpu_device.cc:99] Not creating XLA devices, tf_xla_enable_xla_devices not set
2021-04-21 19:08:05.260654: I tensorflow/compiler/jit/xla_gpu_device.cc:99] Not creating XLA devices, tf_xla_enable_xla_devices not set
mse and spike frequency: 0.00178 6.05
[32m[I 2021-04-21 19:08:18,135][0m Trial 61 finished with values: [0.00178, 6.05] with parameters: {'Vahp': -50.0, 'Vth': -23.5, 'Vmax': 29.0, 't_ref': 13.0, 'R': 0.2, 'tau_m': 178.0, 'rate_low': 27.0, 'rate_high': 34.5}.[0m
2021-04-21 19:08:18.786828: I tensorflow/compiler/jit/xla_gpu_device.cc:99] Not creating XLA devices, tf_xla_enable_xla_devices not set
maxFreq at 10nA: 76.0
2021-04-21 19:08:41.172341: I tensorflow/compiler/jit/xla_gpu_device.cc:99] Not creating XLA devices, tf_xla_enable_xla_devices not set
2021-04-21 19:08:53.967828: I tensorflow/compiler/jit/xla_gpu_device.cc:99] Not creating XLA devices, tf_xla_enable_xla_devices not set
mse and spike frequency: 0.00302 4.37
[32m[I 2021-04-21 19:09:06,298][0m Trial 62 finished with values: [0.00302, 4.37] with parameters: {'Vahp': -28.0, 'Vth': -24.0, 'Vmax': 16.0, 't_ref': 11.0, 'R': 0.1, 'tau_m': 453.5, 'rate_low': 27.0, 'rate_high': 34.5}.[0m
2021-04-21 19:09:06.964572: I tensorflow/compiler/jit/xla_gpu_device.cc:99] Not creating XLA devices, tf_xla_enable_xla_devices not set
maxFreq at 10nA: 1000.0
2021-04-21 19:09:29.114787: I tensorflow/compiler/jit/xla_gpu_device.cc:99] Not creating XLA devices, tf_xla_enable_xla_devices not set
2021-04-21 19:09:41.504711: I tensorflow/compiler/jit/xla_gpu_device.cc:99] Not creating XLA devices, tf_xla_enable_xla_devices not set
mse and spike frequency: 0.11775 0.0
[32m[I 2021-04-21 19:09:54,472][0m Trial 63 finished with values: [0.11775, 0.0] with parameters: {'Vahp': -36.5, 'Vth': -42.0, 'Vmax': 30.5, 't_ref': 0.5, 'R': 0.8, 'tau_m': 464.0, 'rate_low': 7.0, 'rate_high': 44.5}.[0m
2021-04-21 19:09:55.129064: I tensorflow/compiler/jit/xla_gpu_device.cc:99] Not creating XLA devices, tf_xla_enable_xla_devices not set
maxFreq at 10nA: 111.0
2021-04-21 19:10:17.760121: I tensorflow/compiler/jit/xla_gpu_device.cc:99] Not creating XLA devices, tf_xla_enable_xla_devices not set
2021-04-21 19:10:30.385530: I tensorflow/compiler/jit/xla_gpu_device.cc:99] Not creating XLA devices, tf_xla_enable_xla_devices not set
mse and spike frequency: 0.00059 15.76
[32m[I 2021-04-21 19:10:43,527][0m Trial 64 finished with values: [0.00059, 15.76] with parameters: {'Vahp': -53.0, 'Vth': -24.0, 'Vmax': 10.0, 't_ref': 6.5, 'R': 0.5, 'tau_m': 239.5, 'rate_low': 37.5, 'rate_high': 44.5}.[0m
2021-04-21 19:10:44.040525: I tensorflow/compiler/jit/xla_gpu_device.cc:99] Not creating XLA devices, tf_xla_enable_xla_devices not set
maxFreq at 10nA: 1000.0
2021-04-21 19:11:07.278082: I tensorflow/compiler/jit/xla_gpu_device.cc:99] Not creating XLA devices, tf_xla_enable_xla_devices not set
2021-04-21 19:11:20.161725: I tensorflow/compiler/jit/xla_gpu_device.cc:99] Not creating XLA devices, tf_xla_enable_xla_devices not set
mse and spike frequency: 0.11771 1000.1
[32m[I 2021-04-21 19:11:32,792][0m Trial 65 finished with values: [0.11771, 1000.1] with parameters: {'Vahp': -25.5, 'Vth': -58.5, 'Vmax': 37.5, 't_ref': 13.5, 'R': 0.6, 'tau_m': 121.5, 'rate_low': 1.0, 'rate_high': 43.0}.[0m
2021-04-21 19:11:33.277274: I tensorflow/compiler/jit/xla_gpu_device.cc:99] Not creating XLA devices, tf_xla_enable_xla_devices not set
maxFreq at 10nA: 1000.0
2021-04-21 19:11:56.313722: I tensorflow/compiler/jit/xla_gpu_device.cc:99] Not creating XLA devices, tf_xla_enable_xla_devices not set
2021-04-21 19:12:08.924107: I tensorflow/compiler/jit/xla_gpu_device.cc:99] Not creating XLA devices, tf_xla_enable_xla_devices not set
mse and spike frequency: 0.11775 0.0
[32m[I 2021-04-21 19:12:21,449][0m Trial 66 finished with values: [0.11775, 0.0] with parameters: {'Vahp': -24.5, 'Vth': -39.5, 'Vmax': 26.0, 't_ref': 16.5, 'R': 0.9, 'tau_m': 300.0, 'rate_low': 40.5, 'rate_high': 45.0}.[0m
2021-04-21 19:12:21.944095: I tensorflow/compiler/jit/xla_gpu_device.cc:99] Not creating XLA devices, tf_xla_enable_xla_devices not set
maxFreq at 10nA: 1000.0
2021-04-21 19:12:45.434525: I tensorflow/compiler/jit/xla_gpu_device.cc:99] Not creating XLA devices, tf_xla_enable_xla_devices not set
2021-04-21 19:12:58.246788: I tensorflow/compiler/jit/xla_gpu_device.cc:99] Not creating XLA devices, tf_xla_enable_xla_devices not set
mse and spike frequency: 0.11775 0.0
[32m[I 2021-04-21 19:13:10,593][0m Trial 67 finished with values: [0.11775, 0.0] with parameters: {'Vahp': -28.0, 'Vth': -53.0, 'Vmax': 24.5, 't_ref': 2.0, 'R': 0.7000000000000001, 'tau_m': 472.0, 'rate_low': 13.5, 'rate_high': 14.0}.[0m
2021-04-21 19:13:11.275727: I tensorflow/compiler/jit/xla_gpu_device.cc:99] Not creating XLA devices, tf_xla_enable_xla_devices not set
maxFreq at 10nA: 1000.0
2021-04-21 19:13:35.209808: I tensorflow/compiler/jit/xla_gpu_device.cc:99] Not creating XLA devices, tf_xla_enable_xla_devices not set
2021-04-21 19:13:48.164509: I tensorflow/compiler/jit/xla_gpu_device.cc:99] Not creating XLA devices, tf_xla_enable_xla_devices not set
mse and spike frequency: 0.11775 0.0
[32m[I 2021-04-21 19:14:00,801][0m Trial 68 finished with values: [0.11775, 0.0] with parameters: {'Vahp': -28.0, 'Vth': -49.5, 'Vmax': 37.5, 't_ref': 10.0, 'R': 0.4, 'tau_m': 328.5, 'rate_low': 3.5, 'rate_high': 43.0}.[0m
2021-04-21 19:14:01.389910: I tensorflow/compiler/jit/xla_gpu_device.cc:99] Not creating XLA devices, tf_xla_enable_xla_devices not set
maxFreq at 10nA: 1000.0
2021-04-21 19:14:25.707461: I tensorflow/compiler/jit/xla_gpu_device.cc:99] Not creating XLA devices, tf_xla_enable_xla_devices not set
2021-04-21 19:14:38.834283: I tensorflow/compiler/jit/xla_gpu_device.cc:99] Not creating XLA devices, tf_xla_enable_xla_devices not set
mse and spike frequency: 0.11775 0.0
[32m[I 2021-04-21 19:14:51,663][0m Trial 69 finished with values: [0.11775, 0.0] with parameters: {'Vahp': -39.5, 'Vth': -53.5, 'Vmax': 31.5, 't_ref': 17.0, 'R': 0.4, 'tau_m': 480.5, 'rate_low': 35.0, 'rate_high': 35.5}.[0m
2021-04-21 19:14:52.297712: I tensorflow/compiler/jit/xla_gpu_device.cc:99] Not creating XLA devices, tf_xla_enable_xla_devices not set
maxFreq at 10nA: 1000.0
2021-04-21 19:15:16.925211: I tensorflow/compiler/jit/xla_gpu_device.cc:99] Not creating XLA devices, tf_xla_enable_xla_devices not set
2021-04-21 19:15:29.908530: I tensorflow/compiler/jit/xla_gpu_device.cc:99] Not creating XLA devices, tf_xla_enable_xla_devices not set
mse and spike frequency: 0.11775 0.0
[32m[I 2021-04-21 19:15:42,615][0m Trial 70 finished with values: [0.11775, 0.0] with parameters: {'Vahp': -48.0, 'Vth': -51.5, 'Vmax': 29.0, 't_ref': 1.5, 'R': 0.8, 'tau_m': 242.5, 'rate_low': 0.5, 'rate_high': 8.5}.[0m
2021-04-21 19:15:43.269962: I tensorflow/compiler/jit/xla_gpu_device.cc:99] Not creating XLA devices, tf_xla_enable_xla_devices not set
maxFreq at 10nA: 1000.0
2021-04-21 19:16:07.940149: I tensorflow/compiler/jit/xla_gpu_device.cc:99] Not creating XLA devices, tf_xla_enable_xla_devices not set
2021-04-21 19:16:20.751278: I tensorflow/compiler/jit/xla_gpu_device.cc:99] Not creating XLA devices, tf_xla_enable_xla_devices not set
mse and spike frequency: 0.11775 0.0
[32m[I 2021-04-21 19:16:34,219][0m Trial 71 finished with values: [0.11775, 0.0] with parameters: {'Vahp': -39.5, 'Vth': -54.0, 'Vmax': 26.0, 't_ref': 12.0, 'R': 0.4, 'tau_m': 86.0, 'rate_low': 40.5, 'rate_high': 45.5}.[0m
2021-04-21 19:16:34.830869: I tensorflow/compiler/jit/xla_gpu_device.cc:99] Not creating XLA devices, tf_xla_enable_xla_devices not set
maxFreq at 10nA: 1000.0
2021-04-21 19:17:00.125704: I tensorflow/compiler/jit/xla_gpu_device.cc:99] Not creating XLA devices, tf_xla_enable_xla_devices not set
2021-04-21 19:17:13.385010: I tensorflow/compiler/jit/xla_gpu_device.cc:99] Not creating XLA devices, tf_xla_enable_xla_devices not set
mse and spike frequency: 0.11775 0.0
[32m[I 2021-04-21 19:17:27,279][0m Trial 72 finished with values: [0.11775, 0.0] with parameters: {'Vahp': -20.0, 'Vth': -51.5, 'Vmax': 35.5, 't_ref': 11.5, 'R': 0.30000000000000004, 'tau_m': 267.5, 'rate_low': 19.0, 'rate_high': 29.0}.[0m
2021-04-21 19:17:27.901996: I tensorflow/compiler/jit/xla_gpu_device.cc:99] Not creating XLA devices, tf_xla_enable_xla_devices not set
maxFreq at 10nA: 1000.0
2021-04-21 19:17:53.340041: I tensorflow/compiler/jit/xla_gpu_device.cc:99] Not creating XLA devices, tf_xla_enable_xla_devices not set
2021-04-21 19:18:06.683403: I tensorflow/compiler/jit/xla_gpu_device.cc:99] Not creating XLA devices, tf_xla_enable_xla_devices not set
mse and spike frequency: 0.11775 0.0
[32m[I 2021-04-21 19:18:20,436][0m Trial 73 finished with values: [0.11775, 0.0] with parameters: {'Vahp': -32.5, 'Vth': -43.0, 'Vmax': 30.5, 't_ref': 7.5, 'R': 0.8, 'tau_m': 423.5, 'rate_low': 39.5, 'rate_high': 42.5}.[0m
2021-04-21 19:18:21.034635: I tensorflow/compiler/jit/xla_gpu_device.cc:99] Not creating XLA devices, tf_xla_enable_xla_devices not set
maxFreq at 10nA: 1000.0
2021-04-21 19:18:46.912812: I tensorflow/compiler/jit/xla_gpu_device.cc:99] Not creating XLA devices, tf_xla_enable_xla_devices not set
2021-04-21 19:19:00.519847: I tensorflow/compiler/jit/xla_gpu_device.cc:99] Not creating XLA devices, tf_xla_enable_xla_devices not set
mse and spike frequency: 0.11775 0.0
[32m[I 2021-04-21 19:19:14,437][0m Trial 74 finished with values: [0.11775, 0.0] with parameters: {'Vahp': -32.5, 'Vth': -56.5, 'Vmax': 20.5, 't_ref': 14.0, 'R': 0.7000000000000001, 'tau_m': 242.0, 'rate_low': 49.5, 'rate_high': 49.5}.[0m
2021-04-21 19:19:15.035221: I tensorflow/compiler/jit/xla_gpu_device.cc:99] Not creating XLA devices, tf_xla_enable_xla_devices not set
maxFreq at 10nA: 48.0
2021-04-21 19:19:40.477788: I tensorflow/compiler/jit/xla_gpu_device.cc:99] Not creating XLA devices, tf_xla_enable_xla_devices not set
2021-04-21 19:19:54.301291: I tensorflow/compiler/jit/xla_gpu_device.cc:99] Not creating XLA devices, tf_xla_enable_xla_devices not set
mse and spike frequency: 0.0029 4.35
[32m[I 2021-04-21 19:20:07,909][0m Trial 75 finished with values: [0.0029, 4.35] with parameters: {'Vahp': -48.0, 'Vth': -24.0, 'Vmax': 38.0, 't_ref': 14.5, 'R': 0.2, 'tau_m': 483.0, 'rate_low': 40.5, 'rate_high': 48.0}.[0m
2021-04-21 19:20:08.434619: I tensorflow/compiler/jit/xla_gpu_device.cc:99] Not creating XLA devices, tf_xla_enable_xla_devices not set
maxFreq at 10nA: 50.0
2021-04-21 19:20:34.388931: I tensorflow/compiler/jit/xla_gpu_device.cc:99] Not creating XLA devices, tf_xla_enable_xla_devices not set
2021-04-21 19:20:48.508620: I tensorflow/compiler/jit/xla_gpu_device.cc:99] Not creating XLA devices, tf_xla_enable_xla_devices not set
mse and spike frequency: 0.00603 1.66
[32m[I 2021-04-21 19:21:02,608][0m Trial 76 finished with values: [0.00603, 1.66] with parameters: {'Vahp': -41.5, 'Vth': -20.0, 'Vmax': 26.0, 't_ref': 16.5, 'R': 0.30000000000000004, 'tau_m': 395.5, 'rate_low': 3.0, 'rate_high': 43.5}.[0m
2021-04-21 19:21:03.184087: I tensorflow/compiler/jit/xla_gpu_device.cc:99] Not creating XLA devices, tf_xla_enable_xla_devices not set
maxFreq at 10nA: 1000.0
2021-04-21 19:21:29.041048: I tensorflow/compiler/jit/xla_gpu_device.cc:99] Not creating XLA devices, tf_xla_enable_xla_devices not set
2021-04-21 19:21:43.115701: I tensorflow/compiler/jit/xla_gpu_device.cc:99] Not creating XLA devices, tf_xla_enable_xla_devices not set
mse and spike frequency: 0.11771 1000.1
[32m[I 2021-04-21 19:21:57,041][0m Trial 77 finished with values: [0.11771, 1000.1] with parameters: {'Vahp': -49.0, 'Vth': -59.0, 'Vmax': 20.0, 't_ref': 18.0, 'R': 0.6, 'tau_m': 15.0, 'rate_low': 36.5, 'rate_high': 40.5}.[0m
2021-04-21 19:21:57.555030: I tensorflow/compiler/jit/xla_gpu_device.cc:99] Not creating XLA devices, tf_xla_enable_xla_devices not set
maxFreq at 10nA: 63.0
2021-04-21 19:22:24.202837: I tensorflow/compiler/jit/xla_gpu_device.cc:99] Not creating XLA devices, tf_xla_enable_xla_devices not set
2021-04-21 19:22:38.849959: I tensorflow/compiler/jit/xla_gpu_device.cc:99] Not creating XLA devices, tf_xla_enable_xla_devices not set
mse and spike frequency: 0.00089 22.35
[32m[I 2021-04-21 19:22:52,993][0m Trial 78 finished with values: [0.00089, 22.35] with parameters: {'Vahp': -45.0, 'Vth': -24.0, 'Vmax': 37.5, 't_ref': 14.5, 'R': 0.7000000000000001, 'tau_m': 108.0, 'rate_low': 41.5, 'rate_high': 40.5}.[0m
2021-04-21 19:22:53.575825: I tensorflow/compiler/jit/xla_gpu_device.cc:99] Not creating XLA devices, tf_xla_enable_xla_devices not set
maxFreq at 10nA: 999.0
2021-04-21 19:23:19.579518: I tensorflow/compiler/jit/xla_gpu_device.cc:99] Not creating XLA devices, tf_xla_enable_xla_devices not set
2021-04-21 19:23:33.960139: I tensorflow/compiler/jit/xla_gpu_device.cc:99] Not creating XLA devices, tf_xla_enable_xla_devices not set
mse and spike frequency: 0.11775 0.0
[32m[I 2021-04-21 19:23:48,011][0m Trial 79 finished with values: [0.11775, 0.0] with parameters: {'Vahp': -26.0, 'Vth': -28.0, 'Vmax': 25.0, 't_ref': 3.0, 'R': 0.2, 'tau_m': 74.0, 'rate_low': 6.0, 'rate_high': 21.0}.[0m
2021-04-21 19:23:48.575007: I tensorflow/compiler/jit/xla_gpu_device.cc:99] Not creating XLA devices, tf_xla_enable_xla_devices not set
maxFreq at 10nA: 84.0
2021-04-21 19:24:15.072708: I tensorflow/compiler/jit/xla_gpu_device.cc:99] Not creating XLA devices, tf_xla_enable_xla_devices not set
2021-04-21 19:24:29.400499: I tensorflow/compiler/jit/xla_gpu_device.cc:99] Not creating XLA devices, tf_xla_enable_xla_devices not set
mse and spike frequency: 0.00065 10.9
[32m[I 2021-04-21 19:24:42,715][0m Trial 80 finished with values: [0.00065, 10.9] with parameters: {'Vahp': -58.0, 'Vth': -49.5, 'Vmax': 16.0, 't_ref': 10.5, 'R': 0.6, 'tau_m': 472.0, 'rate_low': 9.0, 'rate_high': 43.0}.[0m
2021-04-21 19:24:43.229989: I tensorflow/compiler/jit/xla_gpu_device.cc:99] Not creating XLA devices, tf_xla_enable_xla_devices not set
maxFreq at 10nA: 998.0
2021-04-21 19:25:09.586772: I tensorflow/compiler/jit/xla_gpu_device.cc:99] Not creating XLA devices, tf_xla_enable_xla_devices not set
2021-04-21 19:25:24.103700: I tensorflow/compiler/jit/xla_gpu_device.cc:99] Not creating XLA devices, tf_xla_enable_xla_devices not set
mse and spike frequency: 0.11775 0.0
[32m[I 2021-04-21 19:25:38,029][0m Trial 81 finished with values: [0.11775, 0.0] with parameters: {'Vahp': -34.0, 'Vth': -39.5, 'Vmax': 26.0, 't_ref': 16.0, 'R': 0.2, 'tau_m': 254.5, 'rate_low': 28.0, 'rate_high': 50.0}.[0m
2021-04-21 19:25:38.520967: I tensorflow/compiler/jit/xla_gpu_device.cc:99] Not creating XLA devices, tf_xla_enable_xla_devices not set
maxFreq at 10nA: 247.0
2021-04-21 19:26:05.019291: I tensorflow/compiler/jit/xla_gpu_device.cc:99] Not creating XLA devices, tf_xla_enable_xla_devices not set
2021-04-21 19:26:19.381217: I tensorflow/compiler/jit/xla_gpu_device.cc:99] Not creating XLA devices, tf_xla_enable_xla_devices not set
mse and spike frequency: 0.00055 14.42
[32m[I 2021-04-21 19:26:33,791][0m Trial 82 finished with values: [0.00055, 14.42] with parameters: {'Vahp': -32.5, 'Vth': -29.0, 'Vmax': 25.0, 't_ref': 1.5, 'R': 0.1, 'tau_m': 431.0, 'rate_low': 46.0, 'rate_high': 38.0}.[0m
2021-04-21 19:26:34.301373: I tensorflow/compiler/jit/xla_gpu_device.cc:99] Not creating XLA devices, tf_xla_enable_xla_devices not set
maxFreq at 10nA: 998.0
2021-04-21 19:27:01.146524: I tensorflow/compiler/jit/xla_gpu_device.cc:99] Not creating XLA devices, tf_xla_enable_xla_devices not set
2021-04-21 19:27:16.030894: I tensorflow/compiler/jit/xla_gpu_device.cc:99] Not creating XLA devices, tf_xla_enable_xla_devices not set
mse and spike frequency: 0.11775 0.0
[32m[I 2021-04-21 19:27:30,708][0m Trial 83 finished with values: [0.11775, 0.0] with parameters: {'Vahp': -25.5, 'Vth': -26.0, 'Vmax': 36.0, 't_ref': 13.0, 'R': 0.7000000000000001, 'tau_m': 439.0, 'rate_low': 27.0, 'rate_high': 43.0}.[0m
2021-04-21 19:27:31.226142: I tensorflow/compiler/jit/xla_gpu_device.cc:99] Not creating XLA devices, tf_xla_enable_xla_devices not set
maxFreq at 10nA: 1000.0
2021-04-21 19:27:57.954694: I tensorflow/compiler/jit/xla_gpu_device.cc:99] Not creating XLA devices, tf_xla_enable_xla_devices not set
2021-04-21 19:28:12.594174: I tensorflow/compiler/jit/xla_gpu_device.cc:99] Not creating XLA devices, tf_xla_enable_xla_devices not set
mse and spike frequency: 0.11771 1000.1
[32m[I 2021-04-21 19:28:27,426][0m Trial 84 finished with values: [0.11771, 1000.1] with parameters: {'Vahp': -43.0, 'Vth': -58.5, 'Vmax': 29.0, 't_ref': 2.0, 'R': 0.5, 'tau_m': 439.0, 'rate_low': 27.0, 'rate_high': 14.0}.[0m
2021-04-21 19:28:27.947746: I tensorflow/compiler/jit/xla_gpu_device.cc:99] Not creating XLA devices, tf_xla_enable_xla_devices not set
maxFreq at 10nA: 998.0
2021-04-21 19:28:55.258060: I tensorflow/compiler/jit/xla_gpu_device.cc:99] Not creating XLA devices, tf_xla_enable_xla_devices not set
2021-04-21 19:29:10.363525: I tensorflow/compiler/jit/xla_gpu_device.cc:99] Not creating XLA devices, tf_xla_enable_xla_devices not set
mse and spike frequency: 0.11775 0.0
[32m[I 2021-04-21 19:29:25,174][0m Trial 85 finished with values: [0.11775, 0.0] with parameters: {'Vahp': -29.0, 'Vth': -50.5, 'Vmax': 27.5, 't_ref': 7.0, 'R': 0.1, 'tau_m': 349.5, 'rate_low': 18.5, 'rate_high': 42.5}.[0m
2021-04-21 19:29:25.694711: I tensorflow/compiler/jit/xla_gpu_device.cc:99] Not creating XLA devices, tf_xla_enable_xla_devices not set
maxFreq at 10nA: 84.0
2021-04-21 19:29:52.939872: I tensorflow/compiler/jit/xla_gpu_device.cc:99] Not creating XLA devices, tf_xla_enable_xla_devices not set
2021-04-21 19:30:08.388804: I tensorflow/compiler/jit/xla_gpu_device.cc:99] Not creating XLA devices, tf_xla_enable_xla_devices not set
mse and spike frequency: 0.00159 1.88
[32m[I 2021-04-21 19:30:23,926][0m Trial 86 finished with values: [0.00159, 1.88] with parameters: {'Vahp': -28.0, 'Vth': -23.5, 'Vmax': 30.5, 't_ref': 11.0, 'R': 0.2, 'tau_m': 178.0, 'rate_low': 7.0, 'rate_high': 34.5}.[0m
2021-04-21 19:30:24.465549: I tensorflow/compiler/jit/xla_gpu_device.cc:99] Not creating XLA devices, tf_xla_enable_xla_devices not set
maxFreq at 10nA: 84.0
2021-04-21 19:30:51.718159: I tensorflow/compiler/jit/xla_gpu_device.cc:99] Not creating XLA devices, tf_xla_enable_xla_devices not set
2021-04-21 19:31:06.945688: I tensorflow/compiler/jit/xla_gpu_device.cc:99] Not creating XLA devices, tf_xla_enable_xla_devices not set
mse and spike frequency: 3.98452 21.41
[32m[I 2021-04-21 19:31:22,417][0m Trial 87 finished with values: [3.98452, 21.41] with parameters: {'Vahp': -39.5, 'Vth': -38.5, 'Vmax': 26.0, 't_ref': 11.0, 'R': 0.2, 'tau_m': 86.0, 'rate_low': 40.5, 'rate_high': 48.0}.[0m
2021-04-21 19:31:22.952219: I tensorflow/compiler/jit/xla_gpu_device.cc:99] Not creating XLA devices, tf_xla_enable_xla_devices not set
maxFreq at 10nA: 48.0
2021-04-21 19:31:50.101608: I tensorflow/compiler/jit/xla_gpu_device.cc:99] Not creating XLA devices, tf_xla_enable_xla_devices not set
2021-04-21 19:32:05.804731: I tensorflow/compiler/jit/xla_gpu_device.cc:99] Not creating XLA devices, tf_xla_enable_xla_devices not set
mse and spike frequency: 0.00132 20.06
[32m[I 2021-04-21 19:32:20,300][0m Trial 88 finished with values: [0.00132, 20.06] with parameters: {'Vahp': -43.0, 'Vth': -23.5, 'Vmax': 27.5, 't_ref': 19.5, 'R': 0.6, 'tau_m': 74.0, 'rate_low': 49.0, 'rate_high': 50.0}.[0m
2021-04-21 19:32:20.888527: I tensorflow/compiler/jit/xla_gpu_device.cc:99] Not creating XLA devices, tf_xla_enable_xla_devices not set
maxFreq at 10nA: 125.0
2021-04-21 19:32:48.410834: I tensorflow/compiler/jit/xla_gpu_device.cc:99] Not creating XLA devices, tf_xla_enable_xla_devices not set
2021-04-21 19:33:04.298186: I tensorflow/compiler/jit/xla_gpu_device.cc:99] Not creating XLA devices, tf_xla_enable_xla_devices not set
mse and spike frequency: 0.00076 14.62
