[32m[I 2021-04-21 23:22:48,074][0m Trial 244 finished with values: [0.11775, 0.0] with parameters: {'Vahp': -25.5, 'Vth': -39.5, 'Vmax': 20.5, 't_ref': 3.5, 'R': 0.9, 'tau_m': 86.0, 'rate_low': 20.0, 'rate_high': 46.0}.[0m
2021-04-21 23:22:48.979088: I tensorflow/compiler/jit/xla_gpu_device.cc:99] Not creating XLA devices, tf_xla_enable_xla_devices not set
maxFreq at 10nA: 1000.0
2021-04-21 23:23:36.191121: I tensorflow/compiler/jit/xla_gpu_device.cc:99] Not creating XLA devices, tf_xla_enable_xla_devices not set
2021-04-21 23:24:13.293655: I tensorflow/compiler/jit/xla_gpu_device.cc:99] Not creating XLA devices, tf_xla_enable_xla_devices not set
mse and spike frequency: 0.11775 0.0
[32m[I 2021-04-21 23:24:51,525][0m Trial 245 finished with values: [0.11775, 0.0] with parameters: {'Vahp': -29.5, 'Vth': -54.5, 'Vmax': 26.5, 't_ref': 3.0, 'R': 1.0, 'tau_m': 319.0, 'rate_low': 3.0, 'rate_high': 41.0}.[0m
2021-04-21 23:24:52.438060: I tensorflow/compiler/jit/xla_gpu_device.cc:99] Not creating XLA devices, tf_xla_enable_xla_devices not set
maxFreq at 10nA: 1000.0
2021-04-21 23:25:40.668158: I tensorflow/compiler/jit/xla_gpu_device.cc:99] Not creating XLA devices, tf_xla_enable_xla_devices not set
2021-04-21 23:26:18.418708: I tensorflow/compiler/jit/xla_gpu_device.cc:99] Not creating XLA devices, tf_xla_enable_xla_devices not set
mse and spike frequency: 0.11775 0.0
[32m[I 2021-04-21 23:26:56,262][0m Trial 246 finished with values: [0.11775, 0.0] with parameters: {'Vahp': -39.0, 'Vth': -51.5, 'Vmax': 25.0, 't_ref': 1.5, 'R': 0.9, 'tau_m': 288.5, 'rate_low': 7.5, 'rate_high': 29.0}.[0m
2021-04-21 23:26:57.175406: I tensorflow/compiler/jit/xla_gpu_device.cc:99] Not creating XLA devices, tf_xla_enable_xla_devices not set
maxFreq at 10nA: 1000.0
2021-04-21 23:27:45.160783: I tensorflow/compiler/jit/xla_gpu_device.cc:99] Not creating XLA devices, tf_xla_enable_xla_devices not set
2021-04-21 23:28:23.056010: I tensorflow/compiler/jit/xla_gpu_device.cc:99] Not creating XLA devices, tf_xla_enable_xla_devices not set
mse and spike frequency: 0.11775 0.0
[32m[I 2021-04-21 23:29:00,956][0m Trial 247 finished with values: [0.11775, 0.0] with parameters: {'Vahp': -24.5, 'Vth': -47.5, 'Vmax': 26.5, 't_ref': 3.0, 'R': 0.6, 'tau_m': 80.0, 'rate_low': 2.0, 'rate_high': 32.5}.[0m
2021-04-21 23:29:01.873520: I tensorflow/compiler/jit/xla_gpu_device.cc:99] Not creating XLA devices, tf_xla_enable_xla_devices not set
maxFreq at 10nA: 1000.0
2021-04-21 23:29:50.474670: I tensorflow/compiler/jit/xla_gpu_device.cc:99] Not creating XLA devices, tf_xla_enable_xla_devices not set
2021-04-21 23:30:29.006503: I tensorflow/compiler/jit/xla_gpu_device.cc:99] Not creating XLA devices, tf_xla_enable_xla_devices not set
mse and spike frequency: 0.11775 0.0
[32m[I 2021-04-21 23:31:06,419][0m Trial 248 finished with values: [0.11775, 0.0] with parameters: {'Vahp': -28.0, 'Vth': -51.0, 'Vmax': 16.5, 't_ref': 0.5, 'R': 0.30000000000000004, 'tau_m': 178.0, 'rate_low': 40.5, 'rate_high': 34.5}.[0m
2021-04-21 23:31:07.336399: I tensorflow/compiler/jit/xla_gpu_device.cc:99] Not creating XLA devices, tf_xla_enable_xla_devices not set
maxFreq at 10nA: 1000.0
2021-04-21 23:31:54.615331: I tensorflow/compiler/jit/xla_gpu_device.cc:99] Not creating XLA devices, tf_xla_enable_xla_devices not set
2021-04-21 23:32:30.495081: I tensorflow/compiler/jit/xla_gpu_device.cc:99] Not creating XLA devices, tf_xla_enable_xla_devices not set
mse and spike frequency: 0.11775 0.0
[32m[I 2021-04-21 23:33:08,211][0m Trial 249 finished with values: [0.11775, 0.0] with parameters: {'Vahp': -28.0, 'Vth': -55.5, 'Vmax': 26.5, 't_ref': 11.5, 'R': 0.2, 'tau_m': 467.5, 'rate_low': 7.5, 'rate_high': 46.0}.[0m
2021-04-21 23:33:09.158316: I tensorflow/compiler/jit/xla_gpu_device.cc:99] Not creating XLA devices, tf_xla_enable_xla_devices not set
maxFreq at 10nA: 1000.0
2021-04-21 23:33:57.352497: I tensorflow/compiler/jit/xla_gpu_device.cc:99] Not creating XLA devices, tf_xla_enable_xla_devices not set
2021-04-21 23:34:35.156099: I tensorflow/compiler/jit/xla_gpu_device.cc:99] Not creating XLA devices, tf_xla_enable_xla_devices not set
