2021-04-21 18:29:11.752416: I tensorflow/stream_executor/platform/default/dso_loader.cc:49] Successfully opened dynamic library libcudart.so.11.0
Build finished in 0:00:01.                                                      
Simulation finished in 0:00:01.                                                 
[32m[I 2021-04-21 18:29:15,381][0m A new study created in memory with name: no-name-1b4d0100-652b-47ab-b9e0-3705ff4f9657[0m
2021-04-21 18:29:15.663213: I tensorflow/compiler/jit/xla_cpu_device.cc:41] Not creating XLA devices, tf_xla_enable_xla_devices not set
2021-04-21 18:29:15.664300: I tensorflow/stream_executor/platform/default/dso_loader.cc:49] Successfully opened dynamic library libcuda.so.1
2021-04-21 18:29:16.725222: E tensorflow/stream_executor/cuda/cuda_driver.cc:328] failed call to cuInit: CUDA_ERROR_NO_DEVICE: no CUDA-capable device is detected
2021-04-21 18:29:16.725295: I tensorflow/stream_executor/cuda/cuda_diagnostics.cc:169] retrieving CUDA diagnostic information for host: comparch-t640
2021-04-21 18:29:16.725305: I tensorflow/stream_executor/cuda/cuda_diagnostics.cc:176] hostname: comparch-t640
2021-04-21 18:29:16.725468: I tensorflow/stream_executor/cuda/cuda_diagnostics.cc:200] libcuda reported version is: 450.66.0
2021-04-21 18:29:16.725514: I tensorflow/stream_executor/cuda/cuda_diagnostics.cc:204] kernel reported version is: 450.66.0
2021-04-21 18:29:16.725526: I tensorflow/stream_executor/cuda/cuda_diagnostics.cc:310] kernel version seems to match DSO: 450.66.0
2021-04-21 18:29:16.725895: I tensorflow/core/platform/cpu_feature_guard.cc:142] This TensorFlow binary is optimized with oneAPI Deep Neural Network Library (oneDNN) to use the following CPU instructions in performance-critical operations:  AVX2 AVX512F FMA
To enable them in other operations, rebuild TensorFlow with the appropriate compiler flags.
2021-04-21 18:29:16.727323: I tensorflow/compiler/jit/xla_gpu_device.cc:99] Not creating XLA devices, tf_xla_enable_xla_devices not set
2021-04-21 18:29:16.735489: I tensorflow/compiler/mlir/mlir_graph_optimization_pass.cc:196] None of the MLIR optimization passes are enabled (registered 0 passes)
2021-04-21 18:29:16.755964: I tensorflow/core/platform/profile_utils/cpu_utils.cc:112] CPU Frequency: 2100000000 Hz
maxFreq at 10nA: 63.0
2021-04-21 18:29:33.982816: I tensorflow/compiler/jit/xla_gpu_device.cc:99] Not creating XLA devices, tf_xla_enable_xla_devices not set
2021-04-21 18:29:40.093250: I tensorflow/compiler/jit/xla_gpu_device.cc:99] Not creating XLA devices, tf_xla_enable_xla_devices not set
mse and spike frequency: 0.00348 2.48
[32m[I 2021-04-21 18:29:45,207][0m Trial 0 finished with values: [0.00348, 2.48] with parameters: {'Vahp': -58.0, 'Vth': -37.5, 'Vmax': 22.5, 't_ref': 14.0, 'R': 0.1, 'tau_m': 84.0, 'rate_low': 8.5, 'rate_high': 41.0}.[0m
2021-04-21 18:29:45.597182: I tensorflow/compiler/jit/xla_gpu_device.cc:99] Not creating XLA devices, tf_xla_enable_xla_devices not set
maxFreq at 10nA: 994.0
2021-04-21 18:30:02.958107: I tensorflow/compiler/jit/xla_gpu_device.cc:99] Not creating XLA devices, tf_xla_enable_xla_devices not set
2021-04-21 18:30:08.732771: I tensorflow/compiler/jit/xla_gpu_device.cc:99] Not creating XLA devices, tf_xla_enable_xla_devices not set
mse and spike frequency: 0.11775 0.0
[32m[I 2021-04-21 18:30:13,541][0m Trial 1 finished with values: [0.11775, 0.0] with parameters: {'Vahp': -28.5, 'Vth': -38.5, 'Vmax': 10.5, 't_ref': 11.0, 'R': 0.1, 'tau_m': 308.5, 'rate_low': 14.5, 'rate_high': 36.5}.[0m
2021-04-21 18:30:13.882702: I tensorflow/compiler/jit/xla_gpu_device.cc:99] Not creating XLA devices, tf_xla_enable_xla_devices not set
maxFreq at 10nA: 1000.0
2021-04-21 18:30:31.622565: I tensorflow/compiler/jit/xla_gpu_device.cc:99] Not creating XLA devices, tf_xla_enable_xla_devices not set
2021-04-21 18:30:37.784137: I tensorflow/compiler/jit/xla_gpu_device.cc:99] Not creating XLA devices, tf_xla_enable_xla_devices not set
mse and spike frequency: 0.11775 0.0
[32m[I 2021-04-21 18:30:42,946][0m Trial 2 finished with values: [0.11775, 0.0] with parameters: {'Vahp': -30.5, 'Vth': -53.5, 'Vmax': 37.5, 't_ref': 0.5, 'R': 0.8, 'tau_m': 404.0, 'rate_low': 23.0, 'rate_high': 24.5}.[0m
2021-04-21 18:30:43.267757: I tensorflow/compiler/jit/xla_gpu_device.cc:99] Not creating XLA devices, tf_xla_enable_xla_devices not set
maxFreq at 10nA: 999.0
2021-04-21 18:31:01.216242: I tensorflow/compiler/jit/xla_gpu_device.cc:99] Not creating XLA devices, tf_xla_enable_xla_devices not set
2021-04-21 18:31:07.400897: I tensorflow/compiler/jit/xla_gpu_device.cc:99] Not creating XLA devices, tf_xla_enable_xla_devices not set
mse and spike frequency: 0.11775 0.0
[32m[I 2021-04-21 18:31:12,647][0m Trial 3 finished with values: [0.11775, 0.0] with parameters: {'Vahp': -28.0, 'Vth': -49.5, 'Vmax': 28.0, 't_ref': 10.0, 'R': 0.4, 'tau_m': 472.0, 'rate_low': 3.5, 'rate_high': 43.0}.[0m
2021-04-21 18:31:13.015717: I tensorflow/compiler/jit/xla_gpu_device.cc:99] Not creating XLA devices, tf_xla_enable_xla_devices not set
maxFreq at 10nA: 84.0
2021-04-21 18:31:30.945227: I tensorflow/compiler/jit/xla_gpu_device.cc:99] Not creating XLA devices, tf_xla_enable_xla_devices not set
2021-04-21 18:31:37.279243: I tensorflow/compiler/jit/xla_gpu_device.cc:99] Not creating XLA devices, tf_xla_enable_xla_devices not set
mse and spike frequency: 0.00081 17.18
[32m[I 2021-04-21 18:31:42,573][0m Trial 4 finished with values: [0.00081, 17.18] with parameters: {'Vahp': -28.0, 'Vth': -23.5, 'Vmax': 16.0, 't_ref': 11.0, 'R': 0.2, 'tau_m': 178.0, 'rate_low': 27.0, 'rate_high': 34.5}.[0m
2021-04-21 18:31:42.926810: I tensorflow/compiler/jit/xla_gpu_device.cc:99] Not creating XLA devices, tf_xla_enable_xla_devices not set
maxFreq at 10nA: 59.0
2021-04-21 18:32:01.047031: I tensorflow/compiler/jit/xla_gpu_device.cc:99] Not creating XLA devices, tf_xla_enable_xla_devices not set
2021-04-21 18:32:07.433690: I tensorflow/compiler/jit/xla_gpu_device.cc:99] Not creating XLA devices, tf_xla_enable_xla_devices not set
mse and spike frequency: 0.00273 13.11
[32m[I 2021-04-21 18:32:12,916][0m Trial 5 finished with values: [0.00273, 13.11] with parameters: {'Vahp': -58.0, 'Vth': -56.5, 'Vmax': 16.0, 't_ref': 16.0, 'R': 0.6, 'tau_m': 185.0, 'rate_low': 36.0, 'rate_high': 44.0}.[0m
2021-04-21 18:32:13.256781: I tensorflow/compiler/jit/xla_gpu_device.cc:99] Not creating XLA devices, tf_xla_enable_xla_devices not set
maxFreq at 10nA: 200.0
2021-04-21 18:32:31.716591: I tensorflow/compiler/jit/xla_gpu_device.cc:99] Not creating XLA devices, tf_xla_enable_xla_devices not set
2021-04-21 18:32:38.153239: I tensorflow/compiler/jit/xla_gpu_device.cc:99] Not creating XLA devices, tf_xla_enable_xla_devices not set
mse and spike frequency: 0.11775 0.0
[32m[I 2021-04-21 18:32:43,986][0m Trial 6 finished with values: [0.11775, 0.0] with parameters: {'Vahp': -39.5, 'Vth': -39.5, 'Vmax': 26.0, 't_ref': 3.5, 'R': 0.2, 'tau_m': 86.0, 'rate_low': 40.5, 'rate_high': 48.0}.[0m
2021-04-21 18:32:44.325053: I tensorflow/compiler/jit/xla_gpu_device.cc:99] Not creating XLA devices, tf_xla_enable_xla_devices not set
maxFreq at 10nA: 333.0
2021-04-21 18:33:02.673610: I tensorflow/compiler/jit/xla_gpu_device.cc:99] Not creating XLA devices, tf_xla_enable_xla_devices not set
2021-04-21 18:33:09.251161: I tensorflow/compiler/jit/xla_gpu_device.cc:99] Not creating XLA devices, tf_xla_enable_xla_devices not set
mse and spike frequency: 0.00023 40.52
[32m[I 2021-04-21 18:33:14,950][0m Trial 7 finished with values: [0.00023, 40.52] with parameters: {'Vahp': -38.0, 'Vth': -24.0, 'Vmax': 11.0, 't_ref': 1.5, 'R': 0.8, 'tau_m': 337.0, 'rate_low': 37.5, 'rate_high': 44.5}.[0m
2021-04-21 18:33:15.283487: I tensorflow/compiler/jit/xla_gpu_device.cc:99] Not creating XLA devices, tf_xla_enable_xla_devices not set
maxFreq at 10nA: 63.0
2021-04-21 18:33:33.391256: I tensorflow/compiler/jit/xla_gpu_device.cc:99] Not creating XLA devices, tf_xla_enable_xla_devices not set
2021-04-21 18:33:39.991623: I tensorflow/compiler/jit/xla_gpu_device.cc:99] Not creating XLA devices, tf_xla_enable_xla_devices not set
mse and spike frequency: 0.00098 25.14
[32m[I 2021-04-21 18:33:46,116][0m Trial 8 finished with values: [0.00098, 25.14] with parameters: {'Vahp': -48.0, 'Vth': -24.0, 'Vmax': 37.5, 't_ref': 14.5, 'R': 1.0, 'tau_m': 108.0, 'rate_low': 47.5, 'rate_high': 49.5}.[0m
2021-04-21 18:33:46.422353: I tensorflow/compiler/jit/xla_gpu_device.cc:99] Not creating XLA devices, tf_xla_enable_xla_devices not set
maxFreq at 10nA: 999.0
2021-04-21 18:34:05.838510: I tensorflow/compiler/jit/xla_gpu_device.cc:99] Not creating XLA devices, tf_xla_enable_xla_devices not set
2021-04-21 18:34:12.431252: I tensorflow/compiler/jit/xla_gpu_device.cc:99] Not creating XLA devices, tf_xla_enable_xla_devices not set
mse and spike frequency: 0.11775 0.0
[32m[I 2021-04-21 18:34:18,193][0m Trial 9 finished with values: [0.11775, 0.0] with parameters: {'Vahp': -43.0, 'Vth': -50.5, 'Vmax': 27.5, 't_ref': 19.5, 'R': 0.2, 'tau_m': 349.5, 'rate_low': 49.0, 'rate_high': 50.0}.[0m
2021-04-21 18:34:18.528236: I tensorflow/compiler/jit/xla_gpu_device.cc:99] Not creating XLA devices, tf_xla_enable_xla_devices not set
maxFreq at 10nA: 77.0
2021-04-21 18:34:37.494416: I tensorflow/compiler/jit/xla_gpu_device.cc:99] Not creating XLA devices, tf_xla_enable_xla_devices not set
2021-04-21 18:34:44.190947: I tensorflow/compiler/jit/xla_gpu_device.cc:99] Not creating XLA devices, tf_xla_enable_xla_devices not set
mse and spike frequency: 0.00079 28.23
[32m[I 2021-04-21 18:34:50,390][0m Trial 10 finished with values: [0.00079, 28.23] with parameters: {'Vahp': -56.0, 'Vth': -54.0, 'Vmax': 39.5, 't_ref': 12.0, 'R': 0.4, 'tau_m': 420.0, 'rate_low': 31.0, 'rate_high': 45.5}.[0m
2021-04-21 18:34:50.718837: I tensorflow/compiler/jit/xla_gpu_device.cc:99] Not creating XLA devices, tf_xla_enable_xla_devices not set
maxFreq at 10nA: 1000.0
2021-04-21 18:35:09.944264: I tensorflow/compiler/jit/xla_gpu_device.cc:99] Not creating XLA devices, tf_xla_enable_xla_devices not set
2021-04-21 18:35:16.744469: I tensorflow/compiler/jit/xla_gpu_device.cc:99] Not creating XLA devices, tf_xla_enable_xla_devices not set
mse and spike frequency: 0.11775 0.0
[32m[I 2021-04-21 18:35:23,139][0m Trial 11 finished with values: [0.11775, 0.0] with parameters: {'Vahp': -43.0, 'Vth': -55.5, 'Vmax': 26.5, 't_ref': 8.5, 'R': 0.5, 'tau_m': 60.0, 'rate_low': 21.5, 'rate_high': 22.0}.[0m
2021-04-21 18:35:23.468836: I tensorflow/compiler/jit/xla_gpu_device.cc:99] Not creating XLA devices, tf_xla_enable_xla_devices not set
maxFreq at 10nA: 167.0
2021-04-21 18:35:42.534271: I tensorflow/compiler/jit/xla_gpu_device.cc:99] Not creating XLA devices, tf_xla_enable_xla_devices not set
2021-04-21 18:35:49.526130: I tensorflow/compiler/jit/xla_gpu_device.cc:99] Not creating XLA devices, tf_xla_enable_xla_devices not set
mse and spike frequency: 0.11775 0.0
[32m[I 2021-04-21 18:35:55,855][0m Trial 12 finished with values: [0.11775, 0.0] with parameters: {'Vahp': -49.0, 'Vth': -42.0, 'Vmax': 20.0, 't_ref': 4.5, 'R': 0.7000000000000001, 'tau_m': 15.0, 'rate_low': 36.5, 'rate_high': 40.5}.[0m
2021-04-21 18:35:56.191400: I tensorflow/compiler/jit/xla_gpu_device.cc:99] Not creating XLA devices, tf_xla_enable_xla_devices not set
maxFreq at 10nA: 1000.0
2021-04-21 18:36:15.547344: I tensorflow/compiler/jit/xla_gpu_device.cc:99] Not creating XLA devices, tf_xla_enable_xla_devices not set
2021-04-21 18:36:22.603548: I tensorflow/compiler/jit/xla_gpu_device.cc:99] Not creating XLA devices, tf_xla_enable_xla_devices not set
mse and spike frequency: 0.11775 0.0
[32m[I 2021-04-21 18:36:29,146][0m Trial 13 finished with values: [0.11775, 0.0] with parameters: {'Vahp': -29.0, 'Vth': -58.0, 'Vmax': 33.0, 't_ref': 17.0, 'R': 0.4, 'tau_m': 162.5, 'rate_low': 23.5, 'rate_high': 26.0}.[0m
2021-04-21 18:36:29.493758: I tensorflow/compiler/jit/xla_gpu_device.cc:99] Not creating XLA devices, tf_xla_enable_xla_devices not set
maxFreq at 10nA: 1000.0
2021-04-21 18:36:49.068497: I tensorflow/compiler/jit/xla_gpu_device.cc:99] Not creating XLA devices, tf_xla_enable_xla_devices not set
2021-04-21 18:36:56.343316: I tensorflow/compiler/jit/xla_gpu_device.cc:99] Not creating XLA devices, tf_xla_enable_xla_devices not set
mse and spike frequency: 0.11775 0.0
[32m[I 2021-04-21 18:37:02,416][0m Trial 14 finished with values: [0.11775, 0.0] with parameters: {'Vahp': -23.5, 'Vth': -30.0, 'Vmax': 31.5, 't_ref': 3.0, 'R': 0.7000000000000001, 'tau_m': 111.0, 'rate_low': 29.5, 'rate_high': 47.5}.[0m
2021-04-21 18:37:02.745550: I tensorflow/compiler/jit/xla_gpu_device.cc:99] Not creating XLA devices, tf_xla_enable_xla_devices not set
maxFreq at 10nA: 500.0
2021-04-21 18:37:22.223077: I tensorflow/compiler/jit/xla_gpu_device.cc:99] Not creating XLA devices, tf_xla_enable_xla_devices not set
2021-04-21 18:37:29.816435: I tensorflow/compiler/jit/xla_gpu_device.cc:99] Not creating XLA devices, tf_xla_enable_xla_devices not set
mse and spike frequency: 0.11775 0.0
[32m[I 2021-04-21 18:37:36,342][0m Trial 15 finished with values: [0.11775, 0.0] with parameters: {'Vahp': -49.5, 'Vth': -47.0, 'Vmax': 17.5, 't_ref': 1.0, 'R': 0.1, 'tau_m': 3.5, 'rate_low': 31.5, 'rate_high': 32.5}.[0m
2021-04-21 18:37:36.689775: I tensorflow/compiler/jit/xla_gpu_device.cc:99] Not creating XLA devices, tf_xla_enable_xla_devices not set
maxFreq at 10nA: 125.0
2021-04-21 18:37:55.684398: I tensorflow/compiler/jit/xla_gpu_device.cc:99] Not creating XLA devices, tf_xla_enable_xla_devices not set
2021-04-21 18:38:03.198875: I tensorflow/compiler/jit/xla_gpu_device.cc:99] Not creating XLA devices, tf_xla_enable_xla_devices not set
mse and spike frequency: 0.11775 0.0
[32m[I 2021-04-21 18:38:10,000][0m Trial 16 finished with values: [0.11775, 0.0] with parameters: {'Vahp': -29.0, 'Vth': -23.5, 'Vmax': 27.5, 't_ref': 7.0, 'R': 1.0, 'tau_m': 26.0, 'rate_low': 36.5, 'rate_high': 42.5}.[0m
2021-04-21 18:38:10.338156: I tensorflow/compiler/jit/xla_gpu_device.cc:99] Not creating XLA devices, tf_xla_enable_xla_devices not set
maxFreq at 10nA: 1000.0
2021-04-21 18:38:29.439308: I tensorflow/compiler/jit/xla_gpu_device.cc:99] Not creating XLA devices, tf_xla_enable_xla_devices not set
2021-04-21 18:38:37.294714: I tensorflow/compiler/jit/xla_gpu_device.cc:99] Not creating XLA devices, tf_xla_enable_xla_devices not set
mse and spike frequency: 0.11775 0.0
[32m[I 2021-04-21 18:38:44,101][0m Trial 17 finished with values: [0.11775, 0.0] with parameters: {'Vahp': -30.0, 'Vth': -47.0, 'Vmax': 23.0, 't_ref': 5.0, 'R': 0.30000000000000004, 'tau_m': 149.5, 'rate_low': 3.0, 'rate_high': 49.0}.[0m
2021-04-21 18:38:44.434835: I tensorflow/compiler/jit/xla_gpu_device.cc:99] Not creating XLA devices, tf_xla_enable_xla_devices not set
maxFreq at 10nA: 999.0
2021-04-21 18:39:03.398091: I tensorflow/compiler/jit/xla_gpu_device.cc:99] Not creating XLA devices, tf_xla_enable_xla_devices not set
2021-04-21 18:39:11.896556: I tensorflow/compiler/jit/xla_gpu_device.cc:99] Not creating XLA devices, tf_xla_enable_xla_devices not set
mse and spike frequency: 0.11775 0.0
[32m[I 2021-04-21 18:39:18,712][0m Trial 18 finished with values: [0.11775, 0.0] with parameters: {'Vahp': -29.5, 'Vth': -55.5, 'Vmax': 26.5, 't_ref': 16.5, 'R': 0.1, 'tau_m': 467.5, 'rate_low': 29.0, 'rate_high': 39.0}.[0m
2021-04-21 18:39:19.052470: I tensorflow/compiler/jit/xla_gpu_device.cc:99] Not creating XLA devices, tf_xla_enable_xla_devices not set
maxFreq at 10nA: 1000.0
2021-04-21 18:39:37.801675: I tensorflow/compiler/jit/xla_gpu_device.cc:99] Not creating XLA devices, tf_xla_enable_xla_devices not set
2021-04-21 18:39:46.457806: I tensorflow/compiler/jit/xla_gpu_device.cc:99] Not creating XLA devices, tf_xla_enable_xla_devices not set
mse and spike frequency: 0.11775 0.0
[32m[I 2021-04-21 18:39:53,376][0m Trial 19 finished with values: [0.11775, 0.0] with parameters: {'Vahp': -39.5, 'Vth': -54.5, 'Vmax': 22.0, 't_ref': 7.5, 'R': 0.4, 'tau_m': 475.5, 'rate_low': 12.0, 'rate_high': 44.5}.[0m
2021-04-21 18:39:53.717884: I tensorflow/compiler/jit/xla_gpu_device.cc:99] Not creating XLA devices, tf_xla_enable_xla_devices not set
maxFreq at 10nA: 1000.0
2021-04-21 18:40:12.602299: I tensorflow/compiler/jit/xla_gpu_device.cc:99] Not creating XLA devices, tf_xla_enable_xla_devices not set
2021-04-21 18:40:21.390686: I tensorflow/compiler/jit/xla_gpu_device.cc:99] Not creating XLA devices, tf_xla_enable_xla_devices not set
mse and spike frequency: 0.11775 0.0
[32m[I 2021-04-21 18:40:28,689][0m Trial 20 finished with values: [0.11775, 0.0] with parameters: {'Vahp': -20.0, 'Vth': -51.0, 'Vmax': 26.0, 't_ref': 6.5, 'R': 0.1, 'tau_m': 118.5, 'rate_low': 31.0, 'rate_high': 31.5}.[0m
2021-04-21 18:40:29.030935: I tensorflow/compiler/jit/xla_gpu_device.cc:99] Not creating XLA devices, tf_xla_enable_xla_devices not set
maxFreq at 10nA: 998.0
2021-04-21 18:40:48.024971: I tensorflow/compiler/jit/xla_gpu_device.cc:99] Not creating XLA devices, tf_xla_enable_xla_devices not set
2021-04-21 18:40:56.836330: I tensorflow/compiler/jit/xla_gpu_device.cc:99] Not creating XLA devices, tf_xla_enable_xla_devices not set
mse and spike frequency: 0.11775 0.0
[32m[I 2021-04-21 18:41:04,015][0m Trial 21 finished with values: [0.11775, 0.0] with parameters: {'Vahp': -32.5, 'Vth': -34.5, 'Vmax': 25.0, 't_ref': 1.5, 'R': 0.5, 'tau_m': 431.0, 'rate_low': 46.0, 'rate_high': 49.5}.[0m
2021-04-21 18:41:04.398464: I tensorflow/compiler/jit/xla_gpu_device.cc:99] Not creating XLA devices, tf_xla_enable_xla_devices not set
maxFreq at 10nA: 1000.0
2021-04-21 18:41:22.932402: I tensorflow/compiler/jit/xla_gpu_device.cc:99] Not creating XLA devices, tf_xla_enable_xla_devices not set
2021-04-21 18:41:31.896358: I tensorflow/compiler/jit/xla_gpu_device.cc:99] Not creating XLA devices, tf_xla_enable_xla_devices not set
mse and spike frequency: 0.11771 1000.1
[32m[I 2021-04-21 18:41:38,687][0m Trial 22 finished with values: [0.11771, 1000.1] with parameters: {'Vahp': -25.5, 'Vth': -58.5, 'Vmax': 29.0, 't_ref': 7.0, 'R': 0.7000000000000001, 'tau_m': 121.5, 'rate_low': 27.0, 'rate_high': 43.0}.[0m
2021-04-21 18:41:39.067671: I tensorflow/compiler/jit/xla_gpu_device.cc:99] Not creating XLA devices, tf_xla_enable_xla_devices not set
maxFreq at 10nA: 1000.0
2021-04-21 18:41:58.088740: I tensorflow/compiler/jit/xla_gpu_device.cc:99] Not creating XLA devices, tf_xla_enable_xla_devices not set
2021-04-21 18:42:06.764106: I tensorflow/compiler/jit/xla_gpu_device.cc:99] Not creating XLA devices, tf_xla_enable_xla_devices not set
mse and spike frequency: 0.11775 0.0
[32m[I 2021-04-21 18:42:13,767][0m Trial 23 finished with values: [0.11775, 0.0] with parameters: {'Vahp': -32.5, 'Vth': -56.5, 'Vmax': 20.5, 't_ref': 14.0, 'R': 0.7000000000000001, 'tau_m': 242.0, 'rate_low': 49.5, 'rate_high': 49.5}.[0m
2021-04-21 18:42:14.197286: I tensorflow/compiler/jit/xla_gpu_device.cc:99] Not creating XLA devices, tf_xla_enable_xla_devices not set
maxFreq at 10nA: 50.0
2021-04-21 18:42:33.376522: I tensorflow/compiler/jit/xla_gpu_device.cc:99] Not creating XLA devices, tf_xla_enable_xla_devices not set
2021-04-21 18:42:41.712005: I tensorflow/compiler/jit/xla_gpu_device.cc:99] Not creating XLA devices, tf_xla_enable_xla_devices not set
mse and spike frequency: 0.11775 0.0
[32m[I 2021-04-21 18:42:49,664][0m Trial 24 finished with values: [0.11775, 0.0] with parameters: {'Vahp': -27.0, 'Vth': -26.5, 'Vmax': 25.5, 't_ref': 18.5, 'R': 0.6, 'tau_m': 80.0, 'rate_low': 2.0, 'rate_high': 34.5}.[0m
2021-04-21 18:42:50.116452: I tensorflow/compiler/jit/xla_gpu_device.cc:99] Not creating XLA devices, tf_xla_enable_xla_devices not set
maxFreq at 10nA: 167.0
2021-04-21 18:43:09.509246: I tensorflow/compiler/jit/xla_gpu_device.cc:99] Not creating XLA devices, tf_xla_enable_xla_devices not set
2021-04-21 18:43:17.908106: I tensorflow/compiler/jit/xla_gpu_device.cc:99] Not creating XLA devices, tf_xla_enable_xla_devices not set
mse and spike frequency: 0.00065 5.75
[32m[I 2021-04-21 18:43:26,196][0m Trial 25 finished with values: [0.00065, 5.75] with parameters: {'Vahp': -58.0, 'Vth': -54.0, 'Vmax': 38.5, 't_ref': 4.5, 'R': 0.4, 'tau_m': 288.5, 'rate_low': 7.5, 'rate_high': 27.0}.[0m
2021-04-21 18:43:26.672378: I tensorflow/compiler/jit/xla_gpu_device.cc:99] Not creating XLA devices, tf_xla_enable_xla_devices not set
maxFreq at 10nA: 53.0
2021-04-21 18:43:45.800216: I tensorflow/compiler/jit/xla_gpu_device.cc:99] Not creating XLA devices, tf_xla_enable_xla_devices not set
2021-04-21 18:43:54.515010: I tensorflow/compiler/jit/xla_gpu_device.cc:99] Not creating XLA devices, tf_xla_enable_xla_devices not set
mse and spike frequency: 0.00108 10.36
[32m[I 2021-04-21 18:44:02,640][0m Trial 26 finished with values: [0.00108, 10.36] with parameters: {'Vahp': -47.0, 'Vth': -35.0, 'Vmax': 26.0, 't_ref': 16.5, 'R': 0.30000000000000004, 'tau_m': 395.5, 'rate_low': 33.5, 'rate_high': 43.5}.[0m
2021-04-21 18:44:03.049369: I tensorflow/compiler/jit/xla_gpu_device.cc:99] Not creating XLA devices, tf_xla_enable_xla_devices not set
maxFreq at 10nA: 1000.0
2021-04-21 18:44:22.327180: I tensorflow/compiler/jit/xla_gpu_device.cc:99] Not creating XLA devices, tf_xla_enable_xla_devices not set
2021-04-21 18:44:31.376884: I tensorflow/compiler/jit/xla_gpu_device.cc:99] Not creating XLA devices, tf_xla_enable_xla_devices not set
mse and spike frequency: 0.11775 0.0
