[32m[I 2021-04-21 18:44:30,934][0m Trial 27 finished with values: [0.11775, 0.0] with parameters: {'Vahp': -38.5, 'Vth': -57.5, 'Vmax': 25.0, 't_ref': 12.5, 'R': 0.1, 'tau_m': 138.5, 'rate_low': 23.5, 'rate_high': 36.0}.[0m
2021-04-21 18:44:31.397662: I tensorflow/compiler/jit/xla_gpu_device.cc:99] Not creating XLA devices, tf_xla_enable_xla_devices not set
maxFreq at 10nA: 250.0
2021-04-21 18:44:52.118452: I tensorflow/compiler/jit/xla_gpu_device.cc:99] Not creating XLA devices, tf_xla_enable_xla_devices not set
2021-04-21 18:45:00.829863: I tensorflow/compiler/jit/xla_gpu_device.cc:99] Not creating XLA devices, tf_xla_enable_xla_devices not set
mse and spike frequency: 0.00042 16.28
[32m[I 2021-04-21 18:45:08,615][0m Trial 28 finished with values: [0.00042, 16.28] with parameters: {'Vahp': -42.5, 'Vth': -21.5, 'Vmax': 21.5, 't_ref': 2.5, 'R': 0.30000000000000004, 'tau_m': 98.0, 'rate_low': 20.5, 'rate_high': 34.5}.[0m
2021-04-21 18:45:09.046791: I tensorflow/compiler/jit/xla_gpu_device.cc:99] Not creating XLA devices, tf_xla_enable_xla_devices not set
maxFreq at 10nA: 1000.0
2021-04-21 18:45:30.319935: I tensorflow/compiler/jit/xla_gpu_device.cc:99] Not creating XLA devices, tf_xla_enable_xla_devices not set
2021-04-21 18:45:39.229591: I tensorflow/compiler/jit/xla_gpu_device.cc:99] Not creating XLA devices, tf_xla_enable_xla_devices not set
mse and spike frequency: 0.11775 0.0
[32m[I 2021-04-21 18:45:47,136][0m Trial 29 finished with values: [0.11775, 0.0] with parameters: {'Vahp': -39.0, 'Vth': -48.0, 'Vmax': 17.5, 't_ref': 18.5, 'R': 0.30000000000000004, 'tau_m': 172.0, 'rate_low': 11.5, 'rate_high': 46.0}.[0m
2021-04-21 18:45:47.550218: I tensorflow/compiler/jit/xla_gpu_device.cc:99] Not creating XLA devices, tf_xla_enable_xla_devices not set
maxFreq at 10nA: 91.0
2021-04-21 18:46:08.078569: I tensorflow/compiler/jit/xla_gpu_device.cc:99] Not creating XLA devices, tf_xla_enable_xla_devices not set
2021-04-21 18:46:17.001179: I tensorflow/compiler/jit/xla_gpu_device.cc:99] Not creating XLA devices, tf_xla_enable_xla_devices not set
mse and spike frequency: 0.00075 35.49
[32m[I 2021-04-21 18:46:25,885][0m Trial 30 finished with values: [0.00075, 35.49] with parameters: {'Vahp': -56.5, 'Vth': -27.0, 'Vmax': 18.5, 't_ref': 9.5, 'R': 1.0, 'tau_m': 69.0, 'rate_low': 44.5, 'rate_high': 49.0}.[0m
2021-04-21 18:46:26.355218: I tensorflow/compiler/jit/xla_gpu_device.cc:99] Not creating XLA devices, tf_xla_enable_xla_devices not set
maxFreq at 10nA: 1000.0
2021-04-21 18:46:47.308187: I tensorflow/compiler/jit/xla_gpu_device.cc:99] Not creating XLA devices, tf_xla_enable_xla_devices not set
2021-04-21 18:46:56.444532: I tensorflow/compiler/jit/xla_gpu_device.cc:99] Not creating XLA devices, tf_xla_enable_xla_devices not set
mse and spike frequency: 0.11775 0.0
[32m[I 2021-04-21 18:47:05,342][0m Trial 31 finished with values: [0.11775, 0.0] with parameters: {'Vahp': -47.5, 'Vth': -53.5, 'Vmax': 32.0, 't_ref': 10.0, 'R': 0.30000000000000004, 'tau_m': 112.5, 'rate_low': 37.5, 'rate_high': 38.0}.[0m
2021-04-21 18:47:05.848181: I tensorflow/compiler/jit/xla_gpu_device.cc:99] Not creating XLA devices, tf_xla_enable_xla_devices not set
maxFreq at 10nA: 995.0
2021-04-21 18:47:26.732420: I tensorflow/compiler/jit/xla_gpu_device.cc:99] Not creating XLA devices, tf_xla_enable_xla_devices not set
2021-04-21 18:47:35.723342: I tensorflow/compiler/jit/xla_gpu_device.cc:99] Not creating XLA devices, tf_xla_enable_xla_devices not set
mse and spike frequency: 0.11775 0.0
[32m[I 2021-04-21 18:47:44,443][0m Trial 32 finished with values: [0.11775, 0.0] with parameters: {'Vahp': -27.0, 'Vth': -32.5, 'Vmax': 17.5, 't_ref': 8.0, 'R': 0.2, 'tau_m': 423.5, 'rate_low': 49.0, 'rate_high': 49.0}.[0m
2021-04-21 18:47:44.948698: I tensorflow/compiler/jit/xla_gpu_device.cc:99] Not creating XLA devices, tf_xla_enable_xla_devices not set
maxFreq at 10nA: 56.0
2021-04-21 18:48:06.051016: I tensorflow/compiler/jit/xla_gpu_device.cc:99] Not creating XLA devices, tf_xla_enable_xla_devices not set
2021-04-21 18:48:14.810321: I tensorflow/compiler/jit/xla_gpu_device.cc:99] Not creating XLA devices, tf_xla_enable_xla_devices not set
mse and spike frequency: 0.00197 2.87
[32m[I 2021-04-21 18:48:23,771][0m Trial 33 finished with values: [0.00197, 2.87] with parameters: {'Vahp': -57.5, 'Vth': -48.5, 'Vmax': 12.5, 't_ref': 17.0, 'R': 0.8, 'tau_m': 174.5, 'rate_low': 12.0, 'rate_high': 22.0}.[0m
2021-04-21 18:48:24.272809: I tensorflow/compiler/jit/xla_gpu_device.cc:99] Not creating XLA devices, tf_xla_enable_xla_devices not set
maxFreq at 10nA: 1000.0
2021-04-21 18:48:45.282540: I tensorflow/compiler/jit/xla_gpu_device.cc:99] Not creating XLA devices, tf_xla_enable_xla_devices not set
2021-04-21 18:48:54.393656: I tensorflow/compiler/jit/xla_gpu_device.cc:99] Not creating XLA devices, tf_xla_enable_xla_devices not set
mse and spike frequency: 0.11775 0.0
[32m[I 2021-04-21 18:49:02,864][0m Trial 34 finished with values: [0.11775, 0.0] with parameters: {'Vahp': -31.0, 'Vth': -57.0, 'Vmax': 13.0, 't_ref': 15.0, 'R': 0.8, 'tau_m': 12.0, 'rate_low': 29.5, 'rate_high': 45.0}.[0m
2021-04-21 18:49:03.328866: I tensorflow/compiler/jit/xla_gpu_device.cc:99] Not creating XLA devices, tf_xla_enable_xla_devices not set
maxFreq at 10nA: 59.0
2021-04-21 18:49:24.164837: I tensorflow/compiler/jit/xla_gpu_device.cc:99] Not creating XLA devices, tf_xla_enable_xla_devices not set
2021-04-21 18:49:33.067793: I tensorflow/compiler/jit/xla_gpu_device.cc:99] Not creating XLA devices, tf_xla_enable_xla_devices not set
mse and spike frequency: 0.00116 13.73
[32m[I 2021-04-21 18:49:41,342][0m Trial 35 finished with values: [0.00116, 13.73] with parameters: {'Vahp': -40.5, 'Vth': -23.5, 'Vmax': 37.5, 't_ref': 15.0, 'R': 0.4, 'tau_m': 316.5, 'rate_low': 45.5, 'rate_high': 47.5}.[0m
2021-04-21 18:49:41.781351: I tensorflow/compiler/jit/xla_gpu_device.cc:99] Not creating XLA devices, tf_xla_enable_xla_devices not set
maxFreq at 10nA: 1000.0
2021-04-21 18:50:02.419395: I tensorflow/compiler/jit/xla_gpu_device.cc:99] Not creating XLA devices, tf_xla_enable_xla_devices not set
2021-04-21 18:50:11.472588: I tensorflow/compiler/jit/xla_gpu_device.cc:99] Not creating XLA devices, tf_xla_enable_xla_devices not set
mse and spike frequency: 0.11775 0.0
[32m[I 2021-04-21 18:50:20,208][0m Trial 36 finished with values: [0.11775, 0.0] with parameters: {'Vahp': -40.0, 'Vth': -54.0, 'Vmax': 37.5, 't_ref': 7.5, 'R': 1.0, 'tau_m': 442.5, 'rate_low': 39.5, 'rate_high': 49.5}.[0m
2021-04-21 18:50:20.624748: I tensorflow/compiler/jit/xla_gpu_device.cc:99] Not creating XLA devices, tf_xla_enable_xla_devices not set
maxFreq at 10nA: 100.0
2021-04-21 18:50:42.226911: I tensorflow/compiler/jit/xla_gpu_device.cc:99] Not creating XLA devices, tf_xla_enable_xla_devices not set
2021-04-21 18:50:51.772525: I tensorflow/compiler/jit/xla_gpu_device.cc:99] Not creating XLA devices, tf_xla_enable_xla_devices not set
mse and spike frequency: 0.00081 8.37
[32m[I 2021-04-21 18:51:00,034][0m Trial 37 finished with values: [0.00081, 8.37] with parameters: {'Vahp': -55.0, 'Vth': -26.5, 'Vmax': 17.0, 't_ref': 6.5, 'R': 0.5, 'tau_m': 500.0, 'rate_low': 35.5, 'rate_high': 39.5}.[0m
2021-04-21 18:51:00.424702: I tensorflow/compiler/jit/xla_gpu_device.cc:99] Not creating XLA devices, tf_xla_enable_xla_devices not set
maxFreq at 10nA: 53.0
2021-04-21 18:51:21.185790: I tensorflow/compiler/jit/xla_gpu_device.cc:99] Not creating XLA devices, tf_xla_enable_xla_devices not set
2021-04-21 18:51:30.297774: I tensorflow/compiler/jit/xla_gpu_device.cc:99] Not creating XLA devices, tf_xla_enable_xla_devices not set
mse and spike frequency: 0.00121 21.95
[32m[I 2021-04-21 18:51:39,048][0m Trial 38 finished with values: [0.00121, 21.95] with parameters: {'Vahp': -56.5, 'Vth': -36.5, 'Vmax': 35.0, 't_ref': 17.5, 'R': 1.0, 'tau_m': 81.5, 'rate_low': 29.5, 'rate_high': 43.0}.[0m
2021-04-21 18:51:39.478156: I tensorflow/compiler/jit/xla_gpu_device.cc:99] Not creating XLA devices, tf_xla_enable_xla_devices not set
maxFreq at 10nA: 77.0
2021-04-21 18:52:00.988211: I tensorflow/compiler/jit/xla_gpu_device.cc:99] Not creating XLA devices, tf_xla_enable_xla_devices not set
2021-04-21 18:52:10.732988: I tensorflow/compiler/jit/xla_gpu_device.cc:99] Not creating XLA devices, tf_xla_enable_xla_devices not set
mse and spike frequency: 0.00391 2.68
[32m[I 2021-04-21 18:52:18,909][0m Trial 39 finished with values: [0.00391, 2.68] with parameters: {'Vahp': -44.5, 'Vth': -28.5, 'Vmax': 36.5, 't_ref': 8.0, 'R': 0.1, 'tau_m': 271.5, 'rate_low': 23.5, 'rate_high': 48.5}.[0m
2021-04-21 18:52:19.315038: I tensorflow/compiler/jit/xla_gpu_device.cc:99] Not creating XLA devices, tf_xla_enable_xla_devices not set
maxFreq at 10nA: 1000.0
2021-04-21 18:52:40.287702: I tensorflow/compiler/jit/xla_gpu_device.cc:99] Not creating XLA devices, tf_xla_enable_xla_devices not set
2021-04-21 18:52:49.789586: I tensorflow/compiler/jit/xla_gpu_device.cc:99] Not creating XLA devices, tf_xla_enable_xla_devices not set
mse and spike frequency: 0.11775 0.0
[32m[I 2021-04-21 18:52:58,180][0m Trial 40 finished with values: [0.11775, 0.0] with parameters: {'Vahp': -25.5, 'Vth': -37.5, 'Vmax': 29.0, 't_ref': 4.0, 'R': 1.0, 'tau_m': 284.5, 'rate_low': 23.5, 'rate_high': 44.5}.[0m
2021-04-21 18:52:58.627505: I tensorflow/compiler/jit/xla_gpu_device.cc:99] Not creating XLA devices, tf_xla_enable_xla_devices not set
maxFreq at 10nA: 84.0
2021-04-21 18:53:19.695968: I tensorflow/compiler/jit/xla_gpu_device.cc:99] Not creating XLA devices, tf_xla_enable_xla_devices not set
2021-04-21 18:53:29.509510: I tensorflow/compiler/jit/xla_gpu_device.cc:99] Not creating XLA devices, tf_xla_enable_xla_devices not set
mse and spike frequency: 0.00059 16.19
[32m[I 2021-04-21 18:53:38,372][0m Trial 41 finished with values: [0.00059, 16.19] with parameters: {'Vahp': -54.5, 'Vth': -29.0, 'Vmax': 13.0, 't_ref': 10.5, 'R': 1.0, 'tau_m': 214.5, 'rate_low': 16.5, 'rate_high': 43.0}.[0m
2021-04-21 18:53:38.825361: I tensorflow/compiler/jit/xla_gpu_device.cc:99] Not creating XLA devices, tf_xla_enable_xla_devices not set
maxFreq at 10nA: 77.0
2021-04-21 18:54:00.334363: I tensorflow/compiler/jit/xla_gpu_device.cc:99] Not creating XLA devices, tf_xla_enable_xla_devices not set
2021-04-21 18:54:10.524910: I tensorflow/compiler/jit/xla_gpu_device.cc:99] Not creating XLA devices, tf_xla_enable_xla_devices not set
mse and spike frequency: 0.0006 20.0
[32m[I 2021-04-21 18:54:19,169][0m Trial 42 finished with values: [0.0006, 20.0] with parameters: {'Vahp': -50.5, 'Vth': -39.5, 'Vmax': 25.5, 't_ref': 12.0, 'R': 0.8, 'tau_m': 415.5, 'rate_low': 32.5, 'rate_high': 38.0}.[0m
2021-04-21 18:54:19.578365: I tensorflow/compiler/jit/xla_gpu_device.cc:99] Not creating XLA devices, tf_xla_enable_xla_devices not set
maxFreq at 10nA: 1000.0
2021-04-21 18:54:41.330074: I tensorflow/compiler/jit/xla_gpu_device.cc:99] Not creating XLA devices, tf_xla_enable_xla_devices not set
2021-04-21 18:54:51.050304: I tensorflow/compiler/jit/xla_gpu_device.cc:99] Not creating XLA devices, tf_xla_enable_xla_devices not set
mse and spike frequency: 0.11775 0.0
[32m[I 2021-04-21 18:54:59,872][0m Trial 43 finished with values: [0.11775, 0.0] with parameters: {'Vahp': -36.5, 'Vth': -56.0, 'Vmax': 18.0, 't_ref': 4.0, 'R': 0.4, 'tau_m': 16.0, 'rate_low': 4.0, 'rate_high': 26.5}.[0m
2021-04-21 18:55:00.304957: I tensorflow/compiler/jit/xla_gpu_device.cc:99] Not creating XLA devices, tf_xla_enable_xla_devices not set
maxFreq at 10nA: 1000.0
2021-04-21 18:55:21.925987: I tensorflow/compiler/jit/xla_gpu_device.cc:99] Not creating XLA devices, tf_xla_enable_xla_devices not set
2021-04-21 18:55:31.983346: I tensorflow/compiler/jit/xla_gpu_device.cc:99] Not creating XLA devices, tf_xla_enable_xla_devices not set
mse and spike frequency: 0.11775 0.0
[32m[I 2021-04-21 18:55:40,890][0m Trial 44 finished with values: [0.11775, 0.0] with parameters: {'Vahp': -41.5, 'Vth': -49.5, 'Vmax': 30.0, 't_ref': 17.5, 'R': 0.6, 'tau_m': 80.5, 'rate_low': 18.5, 'rate_high': 43.5}.[0m
2021-04-21 18:55:41.291550: I tensorflow/compiler/jit/xla_gpu_device.cc:99] Not creating XLA devices, tf_xla_enable_xla_devices not set
maxFreq at 10nA: 200.0
2021-04-21 18:56:03.238051: I tensorflow/compiler/jit/xla_gpu_device.cc:99] Not creating XLA devices, tf_xla_enable_xla_devices not set
2021-04-21 18:56:13.240287: I tensorflow/compiler/jit/xla_gpu_device.cc:99] Not creating XLA devices, tf_xla_enable_xla_devices not set
mse and spike frequency: 0.00032 27.64
[32m[I 2021-04-21 18:56:22,163][0m Trial 45 finished with values: [0.00032, 27.64] with parameters: {'Vahp': -53.0, 'Vth': -47.0, 'Vmax': 37.5, 't_ref': 4.0, 'R': 0.2, 'tau_m': 285.0, 'rate_low': 43.5, 'rate_high': 47.5}.[0m
2021-04-21 18:56:22.572107: I tensorflow/compiler/jit/xla_gpu_device.cc:99] Not creating XLA devices, tf_xla_enable_xla_devices not set
maxFreq at 10nA: 1000.0
2021-04-21 18:56:44.314620: I tensorflow/compiler/jit/xla_gpu_device.cc:99] Not creating XLA devices, tf_xla_enable_xla_devices not set
2021-04-21 18:56:54.679351: I tensorflow/compiler/jit/xla_gpu_device.cc:99] Not creating XLA devices, tf_xla_enable_xla_devices not set
mse and spike frequency: 0.11775 0.0
[32m[I 2021-04-21 18:57:03,680][0m Trial 46 finished with values: [0.11775, 0.0] with parameters: {'Vahp': -24.5, 'Vth': -52.5, 'Vmax': 21.0, 't_ref': 15.0, 'R': 1.0, 'tau_m': 207.5, 'rate_low': 24.5, 'rate_high': 36.5}.[0m
2021-04-21 18:57:04.116168: I tensorflow/compiler/jit/xla_gpu_device.cc:99] Not creating XLA devices, tf_xla_enable_xla_devices not set
maxFreq at 10nA: 1000.0
2021-04-21 18:57:26.690581: I tensorflow/compiler/jit/xla_gpu_device.cc:99] Not creating XLA devices, tf_xla_enable_xla_devices not set
2021-04-21 18:57:37.363783: I tensorflow/compiler/jit/xla_gpu_device.cc:99] Not creating XLA devices, tf_xla_enable_xla_devices not set
mse and spike frequency: 0.11775 0.0
[32m[I 2021-04-21 18:57:46,532][0m Trial 47 finished with values: [0.11775, 0.0] with parameters: {'Vahp': -37.5, 'Vth': -58.0, 'Vmax': 22.5, 't_ref': 2.5, 'R': 0.8, 'tau_m': 254.5, 'rate_low': 49.0, 'rate_high': 49.0}.[0m
2021-04-21 18:57:46.944706: I tensorflow/compiler/jit/xla_gpu_device.cc:99] Not creating XLA devices, tf_xla_enable_xla_devices not set
maxFreq at 10nA: 1000.0
2021-04-21 18:58:09.090292: I tensorflow/compiler/jit/xla_gpu_device.cc:99] Not creating XLA devices, tf_xla_enable_xla_devices not set
2021-04-21 18:58:19.959126: I tensorflow/compiler/jit/xla_gpu_device.cc:99] Not creating XLA devices, tf_xla_enable_xla_devices not set
mse and spike frequency: 0.11775 0.0
[32m[I 2021-04-21 18:58:28,962][0m Trial 48 finished with values: [0.11775, 0.0] with parameters: {'Vahp': -41.5, 'Vth': -57.5, 'Vmax': 14.0, 't_ref': 10.0, 'R': 0.1, 'tau_m': 30.5, 'rate_low': 31.0, 'rate_high': 33.0}.[0m
2021-04-21 18:58:29.405562: I tensorflow/compiler/jit/xla_gpu_device.cc:99] Not creating XLA devices, tf_xla_enable_xla_devices not set
maxFreq at 10nA: 1000.0
2021-04-21 18:58:51.359949: I tensorflow/compiler/jit/xla_gpu_device.cc:99] Not creating XLA devices, tf_xla_enable_xla_devices not set
2021-04-21 18:59:03.210132: I tensorflow/compiler/jit/xla_gpu_device.cc:99] Not creating XLA devices, tf_xla_enable_xla_devices not set
mse and spike frequency: 0.11775 0.0
[32m[I 2021-04-21 18:59:12,316][0m Trial 49 finished with values: [0.11775, 0.0] with parameters: {'Vahp': -41.5, 'Vth': -49.0, 'Vmax': 30.5, 't_ref': 10.0, 'R': 0.4, 'tau_m': 127.5, 'rate_low': 19.0, 'rate_high': 28.5}.[0m
2021-04-21 18:59:12.763058: I tensorflow/compiler/jit/xla_gpu_device.cc:99] Not creating XLA devices, tf_xla_enable_xla_devices not set
maxFreq at 10nA: 77.0
2021-04-21 18:59:34.990489: I tensorflow/compiler/jit/xla_gpu_device.cc:99] Not creating XLA devices, tf_xla_enable_xla_devices not set
2021-04-21 18:59:46.710827: I tensorflow/compiler/jit/xla_gpu_device.cc:99] Not creating XLA devices, tf_xla_enable_xla_devices not set
mse and spike frequency: 0.0056 2.18
[32m[I 2021-04-21 18:59:56,061][0m Trial 50 finished with values: [0.0056, 2.18] with parameters: {'Vahp': -44.5, 'Vth': -28.5, 'Vmax': 36.5, 't_ref': 8.0, 'R': 0.1, 'tau_m': 271.5, 'rate_low': 23.5, 'rate_high': 33.0}.[0m
2021-04-21 18:59:56.516457: I tensorflow/compiler/jit/xla_gpu_device.cc:99] Not creating XLA devices, tf_xla_enable_xla_devices not set
maxFreq at 10nA: 1000.0
2021-04-21 19:00:18.376371: I tensorflow/compiler/jit/xla_gpu_device.cc:99] Not creating XLA devices, tf_xla_enable_xla_devices not set
2021-04-21 19:00:30.516284: I tensorflow/compiler/jit/xla_gpu_device.cc:99] Not creating XLA devices, tf_xla_enable_xla_devices not set
mse and spike frequency: 0.11775 0.0
[32m[I 2021-04-21 19:00:39,854][0m Trial 51 finished with values: [0.11775, 0.0] with parameters: {'Vahp': -35.0, 'Vth': -49.5, 'Vmax': 35.0, 't_ref': 17.5, 'R': 0.7000000000000001, 'tau_m': 41.0, 'rate_low': 18.5, 'rate_high': 43.5}.[0m
2021-04-21 19:00:40.287362: I tensorflow/compiler/jit/xla_gpu_device.cc:99] Not creating XLA devices, tf_xla_enable_xla_devices not set
maxFreq at 10nA: 998.0
2021-04-21 19:01:02.484326: I tensorflow/compiler/jit/xla_gpu_device.cc:99] Not creating XLA devices, tf_xla_enable_xla_devices not set
2021-04-21 19:01:14.022117: I tensorflow/compiler/jit/xla_gpu_device.cc:99] Not creating XLA devices, tf_xla_enable_xla_devices not set
mse and spike frequency: 0.11775 0.0
[32m[I 2021-04-21 19:01:23,640][0m Trial 52 finished with values: [0.11775, 0.0] with parameters: {'Vahp': -25.5, 'Vth': -40.5, 'Vmax': 29.0, 't_ref': 4.0, 'R': 0.2, 'tau_m': 284.5, 'rate_low': 18.0, 'rate_high': 40.0}.[0m
2021-04-21 19:01:24.086330: I tensorflow/compiler/jit/xla_gpu_device.cc:99] Not creating XLA devices, tf_xla_enable_xla_devices not set
maxFreq at 10nA: 1000.0
2021-04-21 19:01:46.214459: I tensorflow/compiler/jit/xla_gpu_device.cc:99] Not creating XLA devices, tf_xla_enable_xla_devices not set
2021-04-21 19:01:58.294504: I tensorflow/compiler/jit/xla_gpu_device.cc:99] Not creating XLA devices, tf_xla_enable_xla_devices not set
mse and spike frequency: 0.11775 0.0
[32m[I 2021-04-21 19:02:08,201][0m Trial 53 finished with values: [0.11775, 0.0] with parameters: {'Vahp': -25.5, 'Vth': -37.5, 'Vmax': 22.5, 't_ref': 4.0, 'R': 0.8, 'tau_m': 284.5, 'rate_low': 23.5, 'rate_high': 44.5}.[0m
2021-04-21 19:02:08.638682: I tensorflow/compiler/jit/xla_gpu_device.cc:99] Not creating XLA devices, tf_xla_enable_xla_devices not set
maxFreq at 10nA: 63.0
2021-04-21 19:02:30.479896: I tensorflow/compiler/jit/xla_gpu_device.cc:99] Not creating XLA devices, tf_xla_enable_xla_devices not set
2021-04-21 19:02:42.928396: I tensorflow/compiler/jit/xla_gpu_device.cc:99] Not creating XLA devices, tf_xla_enable_xla_devices not set
mse and spike frequency: 0.00148 10.42
[32m[I 2021-04-21 19:02:52,937][0m Trial 54 finished with values: [0.00148, 10.42] with parameters: {'Vahp': -40.5, 'Vth': -23.5, 'Vmax': 36.5, 't_ref': 15.0, 'R': 0.6, 'tau_m': 46.5, 'rate_low': 18.0, 'rate_high': 47.5}.[0m
2021-04-21 19:02:53.367098: I tensorflow/compiler/jit/xla_gpu_device.cc:99] Not creating XLA devices, tf_xla_enable_xla_devices not set
maxFreq at 10nA: 56.0
2021-04-21 19:03:15.159355: I tensorflow/compiler/jit/xla_gpu_device.cc:99] Not creating XLA devices, tf_xla_enable_xla_devices not set
2021-04-21 19:03:28.021282: I tensorflow/compiler/jit/xla_gpu_device.cc:99] Not creating XLA devices, tf_xla_enable_xla_devices not set
mse and spike frequency: 0.00098 19.84
[32m[I 2021-04-21 19:03:38,393][0m Trial 55 finished with values: [0.00098, 19.84] with parameters: {'Vahp': -57.5, 'Vth': -49.5, 'Vmax': 12.5, 't_ref': 17.0, 'R': 0.8, 'tau_m': 174.5, 'rate_low': 18.5, 'rate_high': 32.5}.[0m
2021-04-21 19:03:38.871189: I tensorflow/compiler/jit/xla_gpu_device.cc:99] Not creating XLA devices, tf_xla_enable_xla_devices not set
maxFreq at 10nA: 1000.0
2021-04-21 19:04:00.269613: I tensorflow/compiler/jit/xla_gpu_device.cc:99] Not creating XLA devices, tf_xla_enable_xla_devices not set
2021-04-21 19:04:13.548135: I tensorflow/compiler/jit/xla_gpu_device.cc:99] Not creating XLA devices, tf_xla_enable_xla_devices not set
mse and spike frequency: 0.11775 0.0
[32m[I 2021-04-21 19:04:24,726][0m Trial 56 finished with values: [0.11775, 0.0] with parameters: {'Vahp': -26.5, 'Vth': -38.5, 'Vmax': 12.0, 't_ref': 9.5, 'R': 0.7000000000000001, 'tau_m': 270.5, 'rate_low': 23.5, 'rate_high': 37.0}.[0m
2021-04-21 19:04:25.175685: I tensorflow/compiler/jit/xla_gpu_device.cc:99] Not creating XLA devices, tf_xla_enable_xla_devices not set
maxFreq at 10nA: 997.0
2021-04-21 19:04:46.989304: I tensorflow/compiler/jit/xla_gpu_device.cc:99] Not creating XLA devices, tf_xla_enable_xla_devices not set
2021-04-21 19:05:00.388685: I tensorflow/compiler/jit/xla_gpu_device.cc:99] Not creating XLA devices, tf_xla_enable_xla_devices not set
mse and spike frequency: 0.11775 0.0
[32m[I 2021-04-21 19:05:11,484][0m Trial 57 finished with values: [0.11775, 0.0] with parameters: {'Vahp': -44.5, 'Vth': -46.5, 'Vmax': 23.0, 't_ref': 8.0, 'R': 0.1, 'tau_m': 271.5, 'rate_low': 23.5, 'rate_high': 20.0}.[0m
2021-04-21 19:05:11.946423: I tensorflow/compiler/jit/xla_gpu_device.cc:99] Not creating XLA devices, tf_xla_enable_xla_devices not set
maxFreq at 10nA: 56.0
2021-04-21 19:05:33.775981: I tensorflow/compiler/jit/xla_gpu_device.cc:99] Not creating XLA devices, tf_xla_enable_xla_devices not set
2021-04-21 19:05:47.082465: I tensorflow/compiler/jit/xla_gpu_device.cc:99] Not creating XLA devices, tf_xla_enable_xla_devices not set
mse and spike frequency: 0.00105 23.69
