[32m[I 2021-04-21 18:42:52,896][0m Trial 26 finished with values: [0.11775, 0.0] with parameters: {'Vahp': -30.0, 'Vth': -55.0, 'Vmax': 20.5, 't_ref': 10.5, 'R': 1.0, 'tau_m': 51.0, 'R_adp': 0.9, 'tau_w': 299.0, 'a': 237.0, 'rate_low': 21.0, 'rate_high': 24.5}.[0m
2021-04-21 18:42:53.264228: I tensorflow/compiler/jit/xla_gpu_device.cc:99] Not creating XLA devices, tf_xla_enable_xla_devices not set
maxFreq at 10nA: 1000.0
2021-04-21 18:43:13.675405: I tensorflow/compiler/jit/xla_gpu_device.cc:99] Not creating XLA devices, tf_xla_enable_xla_devices not set
2021-04-21 18:43:22.952295: I tensorflow/compiler/jit/xla_gpu_device.cc:99] Not creating XLA devices, tf_xla_enable_xla_devices not set
mse and spike frequency: 0.11771 1000.1
[32m[I 2021-04-21 18:43:30,536][0m Trial 27 finished with values: [0.11771, 1000.1] with parameters: {'Vahp': -41.0, 'Vth': -59.5, 'Vmax': 28.5, 't_ref': 7.5, 'R': 0.4, 'tau_m': 49.0, 'R_adp': 0.30000000000000004, 'tau_w': 309.5, 'a': 425.5, 'rate_low': 6.0, 'rate_high': 10.0}.[0m
2021-04-21 18:43:30.917957: I tensorflow/compiler/jit/xla_gpu_device.cc:99] Not creating XLA devices, tf_xla_enable_xla_devices not set
maxFreq at 10nA: 1000.0
2021-04-21 18:43:51.351116: I tensorflow/compiler/jit/xla_gpu_device.cc:99] Not creating XLA devices, tf_xla_enable_xla_devices not set
2021-04-21 18:44:00.864268: I tensorflow/compiler/jit/xla_gpu_device.cc:99] Not creating XLA devices, tf_xla_enable_xla_devices not set
mse and spike frequency: 0.11775 0.0
[32m[I 2021-04-21 18:44:08,749][0m Trial 28 finished with values: [0.11775, 0.0] with parameters: {'Vahp': -22.0, 'Vth': -52.0, 'Vmax': 14.0, 't_ref': 8.0, 'R': 0.5, 'tau_m': 479.0, 'R_adp': 0.6, 'tau_w': 54.5, 'a': 90.5, 'rate_low': 13.0, 'rate_high': 35.0}.[0m
2021-04-21 18:44:09.127581: I tensorflow/compiler/jit/xla_gpu_device.cc:99] Not creating XLA devices, tf_xla_enable_xla_devices not set
maxFreq at 10nA: 75.0
2021-04-21 18:44:29.525193: I tensorflow/compiler/jit/xla_gpu_device.cc:99] Not creating XLA devices, tf_xla_enable_xla_devices not set
2021-04-21 18:44:38.771143: I tensorflow/compiler/jit/xla_gpu_device.cc:99] Not creating XLA devices, tf_xla_enable_xla_devices not set
mse and spike frequency: 12.97777 10.09
[32m[I 2021-04-21 18:44:46,149][0m Trial 29 finished with values: [12.97777, 10.09] with parameters: {'Vahp': -47.5, 'Vth': -42.5, 'Vmax': 16.5, 't_ref': 11.5, 'R': 0.30000000000000004, 'tau_m': 285.0, 'R_adp': 0.8, 'tau_w': 360.0, 'a': 90.5, 'rate_low': 12.5, 'rate_high': 35.5}.[0m
2021-04-21 18:44:46.538763: I tensorflow/compiler/jit/xla_gpu_device.cc:99] Not creating XLA devices, tf_xla_enable_xla_devices not set
maxFreq at 10nA: 38.0
2021-04-21 18:45:07.118131: I tensorflow/compiler/jit/xla_gpu_device.cc:99] Not creating XLA devices, tf_xla_enable_xla_devices not set
2021-04-21 18:45:16.373999: I tensorflow/compiler/jit/xla_gpu_device.cc:99] Not creating XLA devices, tf_xla_enable_xla_devices not set
mse and spike frequency: 8.60077 4.26
[32m[I 2021-04-21 18:45:23,866][0m Trial 30 finished with values: [8.60077, 4.26] with parameters: {'Vahp': -53.5, 'Vth': -46.5, 'Vmax': 27.5, 't_ref': 6.5, 'R': 0.1, 'tau_m': 365.5, 'R_adp': 0.4, 'tau_w': 218.5, 'a': 316.0, 'rate_low': 37.0, 'rate_high': 42.0}.[0m
2021-04-21 18:45:24.232718: I tensorflow/compiler/jit/xla_gpu_device.cc:99] Not creating XLA devices, tf_xla_enable_xla_devices not set
maxFreq at 10nA: 999.0
2021-04-21 18:45:45.631693: I tensorflow/compiler/jit/xla_gpu_device.cc:99] Not creating XLA devices, tf_xla_enable_xla_devices not set
2021-04-21 18:45:54.518492: I tensorflow/compiler/jit/xla_gpu_device.cc:99] Not creating XLA devices, tf_xla_enable_xla_devices not set
mse and spike frequency: 0.11775 0.0
[32m[I 2021-04-21 18:46:01,902][0m Trial 31 finished with values: [0.11775, 0.0] with parameters: {'Vahp': -26.5, 'Vth': -41.0, 'Vmax': 34.0, 't_ref': 8.5, 'R': 0.1, 'tau_m': 82.0, 'R_adp': 0.9, 'tau_w': 148.0, 'a': 316.5, 'rate_low': 21.5, 'rate_high': 33.0}.[0m
2021-04-21 18:46:02.290255: I tensorflow/compiler/jit/xla_gpu_device.cc:99] Not creating XLA devices, tf_xla_enable_xla_devices not set
maxFreq at 10nA: 1000.0
2021-04-21 18:46:23.745636: I tensorflow/compiler/jit/xla_gpu_device.cc:99] Not creating XLA devices, tf_xla_enable_xla_devices not set
2021-04-21 18:46:33.014987: I tensorflow/compiler/jit/xla_gpu_device.cc:99] Not creating XLA devices, tf_xla_enable_xla_devices not set
mse and spike frequency: 0.11775 0.0
[32m[I 2021-04-21 18:46:40,531][0m Trial 32 finished with values: [0.11775, 0.0] with parameters: {'Vahp': -41.0, 'Vth': -46.0, 'Vmax': 11.5, 't_ref': 9.5, 'R': 0.8, 'tau_m': 36.5, 'R_adp': 0.8, 'tau_w': 415.5, 'a': 253.5, 'rate_low': 30.0, 'rate_high': 48.0}.[0m
2021-04-21 18:46:40.927518: I tensorflow/compiler/jit/xla_gpu_device.cc:99] Not creating XLA devices, tf_xla_enable_xla_devices not set
maxFreq at 10nA: 1000.0
2021-04-21 18:47:02.106696: I tensorflow/compiler/jit/xla_gpu_device.cc:99] Not creating XLA devices, tf_xla_enable_xla_devices not set
2021-04-21 18:47:11.580895: I tensorflow/compiler/jit/xla_gpu_device.cc:99] Not creating XLA devices, tf_xla_enable_xla_devices not set
mse and spike frequency: 0.11775 0.0
[32m[I 2021-04-21 18:47:19,286][0m Trial 33 finished with values: [0.11775, 0.0] with parameters: {'Vahp': -23.0, 'Vth': -53.5, 'Vmax': 10.5, 't_ref': 20.0, 'R': 0.1, 'tau_m': 35.0, 'R_adp': 0.9, 'tau_w': 323.5, 'a': 487.5, 'rate_low': 21.0, 'rate_high': 46.0}.[0m
2021-04-21 18:47:19.655847: I tensorflow/compiler/jit/xla_gpu_device.cc:99] Not creating XLA devices, tf_xla_enable_xla_devices not set
maxFreq at 10nA: 996.0
2021-04-21 18:47:40.789373: I tensorflow/compiler/jit/xla_gpu_device.cc:99] Not creating XLA devices, tf_xla_enable_xla_devices not set
2021-04-21 18:47:50.400493: I tensorflow/compiler/jit/xla_gpu_device.cc:99] Not creating XLA devices, tf_xla_enable_xla_devices not set
mse and spike frequency: 0.11775 0.0
[32m[I 2021-04-21 18:47:57,994][0m Trial 34 finished with values: [0.11775, 0.0] with parameters: {'Vahp': -47.0, 'Vth': -47.5, 'Vmax': 38.0, 't_ref': 20.0, 'R': 0.1, 'tau_m': 404.5, 'R_adp': 0.1, 'tau_w': 306.5, 'a': 145.5, 'rate_low': 6.5, 'rate_high': 50.0}.[0m
2021-04-21 18:47:58.363633: I tensorflow/compiler/jit/xla_gpu_device.cc:99] Not creating XLA devices, tf_xla_enable_xla_devices not set
maxFreq at 10nA: 1000.0
2021-04-21 18:48:19.669034: I tensorflow/compiler/jit/xla_gpu_device.cc:99] Not creating XLA devices, tf_xla_enable_xla_devices not set
2021-04-21 18:48:29.412372: I tensorflow/compiler/jit/xla_gpu_device.cc:99] Not creating XLA devices, tf_xla_enable_xla_devices not set
mse and spike frequency: 0.11775 0.0
[32m[I 2021-04-21 18:48:37,157][0m Trial 35 finished with values: [0.11775, 0.0] with parameters: {'Vahp': -40.5, 'Vth': -42.0, 'Vmax': 36.5, 't_ref': 8.0, 'R': 0.8, 'tau_m': 107.5, 'R_adp': 1.0, 'tau_w': 61.0, 'a': 371.5, 'rate_low': 31.5, 'rate_high': 34.5}.[0m
2021-04-21 18:48:37.556111: I tensorflow/compiler/jit/xla_gpu_device.cc:99] Not creating XLA devices, tf_xla_enable_xla_devices not set
maxFreq at 10nA: 63.0
2021-04-21 18:48:59.085235: I tensorflow/compiler/jit/xla_gpu_device.cc:99] Not creating XLA devices, tf_xla_enable_xla_devices not set
2021-04-21 18:49:09.048316: I tensorflow/compiler/jit/xla_gpu_device.cc:99] Not creating XLA devices, tf_xla_enable_xla_devices not set
mse and spike frequency: 0.00142 16.55
[32m[I 2021-04-21 18:49:17,026][0m Trial 36 finished with values: [0.00142, 16.55] with parameters: {'Vahp': -50.5, 'Vth': -32.0, 'Vmax': 23.5, 't_ref': 15.0, 'R': 0.9, 'tau_m': 288.5, 'R_adp': 0.4, 'tau_w': 124.0, 'a': 157.5, 'rate_low': 47.5, 'rate_high': 47.5}.[0m
2021-04-21 18:49:17.409196: I tensorflow/compiler/jit/xla_gpu_device.cc:99] Not creating XLA devices, tf_xla_enable_xla_devices not set
maxFreq at 10nA: 999.0
2021-04-21 18:49:39.127691: I tensorflow/compiler/jit/xla_gpu_device.cc:99] Not creating XLA devices, tf_xla_enable_xla_devices not set
2021-04-21 18:49:48.721753: I tensorflow/compiler/jit/xla_gpu_device.cc:99] Not creating XLA devices, tf_xla_enable_xla_devices not set
mse and spike frequency: 0.11775 0.0
[32m[I 2021-04-21 18:49:56,725][0m Trial 37 finished with values: [0.11775, 0.0] with parameters: {'Vahp': -30.5, 'Vth': -34.5, 'Vmax': 19.5, 't_ref': 8.5, 'R': 0.9, 'tau_m': 448.0, 'R_adp': 0.2, 'tau_w': 94.0, 'a': 286.0, 'rate_low': 33.0, 'rate_high': 40.5}.[0m
2021-04-21 18:49:57.114263: I tensorflow/compiler/jit/xla_gpu_device.cc:99] Not creating XLA devices, tf_xla_enable_xla_devices not set
maxFreq at 10nA: 1000.0
2021-04-21 18:50:19.168811: I tensorflow/compiler/jit/xla_gpu_device.cc:99] Not creating XLA devices, tf_xla_enable_xla_devices not set
2021-04-21 18:50:28.731556: I tensorflow/compiler/jit/xla_gpu_device.cc:99] Not creating XLA devices, tf_xla_enable_xla_devices not set
mse and spike frequency: 0.11775 0.0
[32m[I 2021-04-21 18:50:37,092][0m Trial 38 finished with values: [0.11775, 0.0] with parameters: {'Vahp': -21.0, 'Vth': -53.5, 'Vmax': 21.0, 't_ref': 15.5, 'R': 0.5, 'tau_m': 310.5, 'R_adp': 0.30000000000000004, 'tau_w': 269.0, 'a': 248.0, 'rate_low': 3.5, 'rate_high': 35.0}.[0m
2021-04-21 18:50:37.476316: I tensorflow/compiler/jit/xla_gpu_device.cc:99] Not creating XLA devices, tf_xla_enable_xla_devices not set
maxFreq at 10nA: 250.0
2021-04-21 18:50:58.869540: I tensorflow/compiler/jit/xla_gpu_device.cc:99] Not creating XLA devices, tf_xla_enable_xla_devices not set
2021-04-21 18:51:08.509331: I tensorflow/compiler/jit/xla_gpu_device.cc:99] Not creating XLA devices, tf_xla_enable_xla_devices not set
mse and spike frequency: 0.00036 20.68
[32m[I 2021-04-21 18:51:16,645][0m Trial 39 finished with values: [0.00036, 20.68] with parameters: {'Vahp': -33.5, 'Vth': -23.0, 'Vmax': 24.5, 't_ref': 2.5, 'R': 1.0, 'tau_m': 247.0, 'R_adp': 1.0, 'tau_w': 25.5, 'a': 279.0, 'rate_low': 26.0, 'rate_high': 39.0}.[0m
2021-04-21 18:51:17.036507: I tensorflow/compiler/jit/xla_gpu_device.cc:99] Not creating XLA devices, tf_xla_enable_xla_devices not set
maxFreq at 10nA: 999.0
2021-04-21 18:51:39.308623: I tensorflow/compiler/jit/xla_gpu_device.cc:99] Not creating XLA devices, tf_xla_enable_xla_devices not set
2021-04-21 18:51:48.675141: I tensorflow/compiler/jit/xla_gpu_device.cc:99] Not creating XLA devices, tf_xla_enable_xla_devices not set
mse and spike frequency: 0.11775 0.0
[32m[I 2021-04-21 18:51:56,875][0m Trial 40 finished with values: [0.11775, 0.0] with parameters: {'Vahp': -44.5, 'Vth': -55.0, 'Vmax': 25.0, 't_ref': 2.5, 'R': 0.1, 'tau_m': 423.5, 'R_adp': 0.7000000000000001, 'tau_w': 300.0, 'a': 238.0, 'rate_low': 46.5, 'rate_high': 50.0}.[0m
2021-04-21 18:51:57.277805: I tensorflow/compiler/jit/xla_gpu_device.cc:99] Not creating XLA devices, tf_xla_enable_xla_devices not set
maxFreq at 10nA: 1000.0
2021-04-21 18:52:19.141289: I tensorflow/compiler/jit/xla_gpu_device.cc:99] Not creating XLA devices, tf_xla_enable_xla_devices not set
2021-04-21 18:52:28.528224: I tensorflow/compiler/jit/xla_gpu_device.cc:99] Not creating XLA devices, tf_xla_enable_xla_devices not set
mse and spike frequency: 0.11775 0.0
[32m[I 2021-04-21 18:52:36,547][0m Trial 41 finished with values: [0.11775, 0.0] with parameters: {'Vahp': -49.0, 'Vth': -51.5, 'Vmax': 25.5, 't_ref': 19.5, 'R': 1.0, 'tau_m': 192.0, 'R_adp': 0.9, 'tau_w': 209.0, 'a': 403.5, 'rate_low': 10.5, 'rate_high': 48.5}.[0m
2021-04-21 18:52:36.939337: I tensorflow/compiler/jit/xla_gpu_device.cc:99] Not creating XLA devices, tf_xla_enable_xla_devices not set
maxFreq at 10nA: 996.0
2021-04-21 18:52:59.197293: I tensorflow/compiler/jit/xla_gpu_device.cc:99] Not creating XLA devices, tf_xla_enable_xla_devices not set
2021-04-21 18:53:08.945709: I tensorflow/compiler/jit/xla_gpu_device.cc:99] Not creating XLA devices, tf_xla_enable_xla_devices not set
mse and spike frequency: 0.11775 0.0
[32m[I 2021-04-21 18:53:17,273][0m Trial 42 finished with values: [0.11775, 0.0] with parameters: {'Vahp': -23.5, 'Vth': -28.0, 'Vmax': 37.0, 't_ref': 7.5, 'R': 0.30000000000000004, 'tau_m': 474.0, 'R_adp': 0.9, 'tau_w': 9.0, 'a': 199.0, 'rate_low': 18.0, 'rate_high': 26.5}.[0m
2021-04-21 18:53:17.668387: I tensorflow/compiler/jit/xla_gpu_device.cc:99] Not creating XLA devices, tf_xla_enable_xla_devices not set
maxFreq at 10nA: 1000.0
2021-04-21 18:53:40.059162: I tensorflow/compiler/jit/xla_gpu_device.cc:99] Not creating XLA devices, tf_xla_enable_xla_devices not set
2021-04-21 18:53:49.673791: I tensorflow/compiler/jit/xla_gpu_device.cc:99] Not creating XLA devices, tf_xla_enable_xla_devices not set
mse and spike frequency: 0.11775 0.0
[32m[I 2021-04-21 18:53:57,926][0m Trial 43 finished with values: [0.11775, 0.0] with parameters: {'Vahp': -30.5, 'Vth': -46.5, 'Vmax': 28.0, 't_ref': 2.5, 'R': 0.7000000000000001, 'tau_m': 447.5, 'R_adp': 0.2, 'tau_w': 206.5, 'a': 423.5, 'rate_low': 30.0, 'rate_high': 45.0}.[0m
2021-04-21 18:53:58.326823: I tensorflow/compiler/jit/xla_gpu_device.cc:99] Not creating XLA devices, tf_xla_enable_xla_devices not set
maxFreq at 10nA: 84.0
2021-04-21 18:54:20.643938: I tensorflow/compiler/jit/xla_gpu_device.cc:99] Not creating XLA devices, tf_xla_enable_xla_devices not set
2021-04-21 18:54:30.295175: I tensorflow/compiler/jit/xla_gpu_device.cc:99] Not creating XLA devices, tf_xla_enable_xla_devices not set
mse and spike frequency: 2.70024 12.27
[32m[I 2021-04-21 18:54:38,960][0m Trial 44 finished with values: [2.70024, 12.27] with parameters: {'Vahp': -56.5, 'Vth': -48.0, 'Vmax': 38.5, 't_ref': 11.0, 'R': 0.6, 'tau_m': 272.5, 'R_adp': 0.7000000000000001, 'tau_w': 414.5, 'a': 154.0, 'rate_low': 42.5, 'rate_high': 45.5}.[0m
2021-04-21 18:54:39.376274: I tensorflow/compiler/jit/xla_gpu_device.cc:99] Not creating XLA devices, tf_xla_enable_xla_devices not set
maxFreq at 10nA: 1000.0
2021-04-21 18:55:01.985211: I tensorflow/compiler/jit/xla_gpu_device.cc:99] Not creating XLA devices, tf_xla_enable_xla_devices not set
2021-04-21 18:55:11.838051: I tensorflow/compiler/jit/xla_gpu_device.cc:99] Not creating XLA devices, tf_xla_enable_xla_devices not set
mse and spike frequency: 0.11775 0.0
[32m[I 2021-04-21 18:55:20,501][0m Trial 45 finished with values: [0.11775, 0.0] with parameters: {'Vahp': -23.0, 'Vth': -35.5, 'Vmax': 14.5, 't_ref': 5.0, 'R': 0.7000000000000001, 'tau_m': 16.0, 'R_adp': 0.7000000000000001, 'tau_w': 482.0, 'a': 448.5, 'rate_low': 14.5, 'rate_high': 15.5}.[0m
2021-04-21 18:55:20.973252: I tensorflow/compiler/jit/xla_gpu_device.cc:99] Not creating XLA devices, tf_xla_enable_xla_devices not set
maxFreq at 10nA: 1000.0
2021-04-21 18:55:44.018425: I tensorflow/compiler/jit/xla_gpu_device.cc:99] Not creating XLA devices, tf_xla_enable_xla_devices not set
2021-04-21 18:55:53.832347: I tensorflow/compiler/jit/xla_gpu_device.cc:99] Not creating XLA devices, tf_xla_enable_xla_devices not set
mse and spike frequency: 0.11775 0.0
[32m[I 2021-04-21 18:56:02,587][0m Trial 46 finished with values: [0.11775, 0.0] with parameters: {'Vahp': -22.5, 'Vth': -55.0, 'Vmax': 37.5, 't_ref': 3.5, 'R': 0.7000000000000001, 'tau_m': 101.5, 'R_adp': 0.9, 'tau_w': 337.5, 'a': 451.5, 'rate_low': 22.5, 'rate_high': 40.5}.[0m
2021-04-21 18:56:03.013888: I tensorflow/compiler/jit/xla_gpu_device.cc:99] Not creating XLA devices, tf_xla_enable_xla_devices not set
maxFreq at 10nA: 84.0
2021-04-21 18:56:25.732953: I tensorflow/compiler/jit/xla_gpu_device.cc:99] Not creating XLA devices, tf_xla_enable_xla_devices not set
2021-04-21 18:56:35.940370: I tensorflow/compiler/jit/xla_gpu_device.cc:99] Not creating XLA devices, tf_xla_enable_xla_devices not set
mse and spike frequency: 16.21102 6.66
[32m[I 2021-04-21 18:56:45,021][0m Trial 47 finished with values: [16.21102, 6.66] with parameters: {'Vahp': -49.0, 'Vth': -37.0, 'Vmax': 13.0, 't_ref': 10.5, 'R': 0.7000000000000001, 'tau_m': 146.5, 'R_adp': 0.8, 'tau_w': 378.5, 'a': 138.5, 'rate_low': 0.5, 'rate_high': 20.5}.[0m
2021-04-21 18:56:45.423645: I tensorflow/compiler/jit/xla_gpu_device.cc:99] Not creating XLA devices, tf_xla_enable_xla_devices not set
maxFreq at 10nA: 53.0
2021-04-21 18:57:08.489354: I tensorflow/compiler/jit/xla_gpu_device.cc:99] Not creating XLA devices, tf_xla_enable_xla_devices not set
2021-04-21 18:57:18.534237: I tensorflow/compiler/jit/xla_gpu_device.cc:99] Not creating XLA devices, tf_xla_enable_xla_devices not set
mse and spike frequency: 7.51132 6.49
[32m[I 2021-04-21 18:57:28,004][0m Trial 48 finished with values: [7.51132, 6.49] with parameters: {'Vahp': -41.5, 'Vth': -35.5, 'Vmax': 29.0, 't_ref': 18.0, 'R': 0.30000000000000004, 'tau_m': 47.0, 'R_adp': 0.8, 'tau_w': 253.0, 'a': 194.5, 'rate_low': 20.5, 'rate_high': 41.0}.[0m
2021-04-21 18:57:28.435946: I tensorflow/compiler/jit/xla_gpu_device.cc:99] Not creating XLA devices, tf_xla_enable_xla_devices not set
maxFreq at 10nA: 63.0
2021-04-21 18:57:51.541427: I tensorflow/compiler/jit/xla_gpu_device.cc:99] Not creating XLA devices, tf_xla_enable_xla_devices not set
2021-04-21 18:58:01.829975: I tensorflow/compiler/jit/xla_gpu_device.cc:99] Not creating XLA devices, tf_xla_enable_xla_devices not set
mse and spike frequency: 2.27384 5.4
[32m[I 2021-04-21 18:58:11,396][0m Trial 49 finished with values: [2.27384, 5.4] with parameters: {'Vahp': -46.0, 'Vth': -34.5, 'Vmax': 24.0, 't_ref': 14.5, 'R': 0.6, 'tau_m': 44.0, 'R_adp': 0.6, 'tau_w': 143.5, 'a': 208.0, 'rate_low': 8.0, 'rate_high': 26.0}.[0m
2021-04-21 18:58:11.825666: I tensorflow/compiler/jit/xla_gpu_device.cc:99] Not creating XLA devices, tf_xla_enable_xla_devices not set
maxFreq at 10nA: 48.0
2021-04-21 18:58:35.503815: I tensorflow/compiler/jit/xla_gpu_device.cc:99] Not creating XLA devices, tf_xla_enable_xla_devices not set
2021-04-21 18:58:46.095956: I tensorflow/compiler/jit/xla_gpu_device.cc:99] Not creating XLA devices, tf_xla_enable_xla_devices not set
mse and spike frequency: 0.26776 6.94
[32m[I 2021-04-21 18:58:56,622][0m Trial 50 finished with values: [0.26776, 6.94] with parameters: {'Vahp': -58.5, 'Vth': -28.0, 'Vmax': 36.0, 't_ref': 19.0, 'R': 0.7000000000000001, 'tau_m': 284.5, 'R_adp': 0.30000000000000004, 'tau_w': 302.5, 'a': 199.0, 'rate_low': 31.0, 'rate_high': 33.0}.[0m
2021-04-21 18:58:57.091687: I tensorflow/compiler/jit/xla_gpu_device.cc:99] Not creating XLA devices, tf_xla_enable_xla_devices not set
maxFreq at 10nA: 1000.0
2021-04-21 18:59:20.473067: I tensorflow/compiler/jit/xla_gpu_device.cc:99] Not creating XLA devices, tf_xla_enable_xla_devices not set
2021-04-21 18:59:31.478381: I tensorflow/compiler/jit/xla_gpu_device.cc:99] Not creating XLA devices, tf_xla_enable_xla_devices not set
mse and spike frequency: 0.11775 0.0
[32m[I 2021-04-21 18:59:42,068][0m Trial 51 finished with values: [0.11775, 0.0] with parameters: {'Vahp': -23.0, 'Vth': -51.0, 'Vmax': 10.5, 't_ref': 15.5, 'R': 0.5, 'tau_m': 35.0, 'R_adp': 0.9, 'tau_w': 323.5, 'a': 65.5, 'rate_low': 2.0, 'rate_high': 6.0}.[0m
2021-04-21 18:59:42.589902: I tensorflow/compiler/jit/xla_gpu_device.cc:99] Not creating XLA devices, tf_xla_enable_xla_devices not set
maxFreq at 10nA: 77.0
2021-04-21 19:00:05.564768: I tensorflow/compiler/jit/xla_gpu_device.cc:99] Not creating XLA devices, tf_xla_enable_xla_devices not set
2021-04-21 19:00:16.224917: I tensorflow/compiler/jit/xla_gpu_device.cc:99] Not creating XLA devices, tf_xla_enable_xla_devices not set
mse and spike frequency: 0.00698 4.82
[32m[I 2021-04-21 19:00:26,598][0m Trial 52 finished with values: [0.00698, 4.82] with parameters: {'Vahp': -57.5, 'Vth': -22.5, 'Vmax': 38.0, 't_ref': 10.5, 'R': 0.7000000000000001, 'tau_m': 284.5, 'R_adp': 1.0, 'tau_w': 177.5, 'a': 79.5, 'rate_low': 21.0, 'rate_high': 26.5}.[0m
2021-04-21 19:00:27.127859: I tensorflow/compiler/jit/xla_gpu_device.cc:99] Not creating XLA devices, tf_xla_enable_xla_devices not set
maxFreq at 10nA: 1000.0
2021-04-21 19:00:50.793579: I tensorflow/compiler/jit/xla_gpu_device.cc:99] Not creating XLA devices, tf_xla_enable_xla_devices not set
2021-04-21 19:01:01.789469: I tensorflow/compiler/jit/xla_gpu_device.cc:99] Not creating XLA devices, tf_xla_enable_xla_devices not set
mse and spike frequency: 0.11775 0.0
[32m[I 2021-04-21 19:01:12,872][0m Trial 53 finished with values: [0.11775, 0.0] with parameters: {'Vahp': -41.0, 'Vth': -55.0, 'Vmax': 11.5, 't_ref': 8.5, 'R': 0.1, 'tau_m': 82.0, 'R_adp': 0.8, 'tau_w': 148.0, 'a': 316.5, 'rate_low': 30.0, 'rate_high': 33.0}.[0m
2021-04-21 19:01:13.477767: I tensorflow/compiler/jit/xla_gpu_device.cc:99] Not creating XLA devices, tf_xla_enable_xla_devices not set
maxFreq at 10nA: 100.0
2021-04-21 19:01:36.053325: I tensorflow/compiler/jit/xla_gpu_device.cc:99] Not creating XLA devices, tf_xla_enable_xla_devices not set
2021-04-21 19:01:46.966452: I tensorflow/compiler/jit/xla_gpu_device.cc:99] Not creating XLA devices, tf_xla_enable_xla_devices not set
mse and spike frequency: 3.93909 6.85
[32m[I 2021-04-21 19:01:58,506][0m Trial 54 finished with values: [3.93909, 6.85] with parameters: {'Vahp': -51.5, 'Vth': -40.0, 'Vmax': 27.0, 't_ref': 8.5, 'R': 0.5, 'tau_m': 79.5, 'R_adp': 0.9, 'tau_w': 148.0, 'a': 316.5, 'rate_low': 34.0, 'rate_high': 33.0}.[0m
2021-04-21 19:01:58.933836: I tensorflow/compiler/jit/xla_gpu_device.cc:99] Not creating XLA devices, tf_xla_enable_xla_devices not set
maxFreq at 10nA: 91.0
2021-04-21 19:02:21.489272: I tensorflow/compiler/jit/xla_gpu_device.cc:99] Not creating XLA devices, tf_xla_enable_xla_devices not set
2021-04-21 19:02:32.378835: I tensorflow/compiler/jit/xla_gpu_device.cc:99] Not creating XLA devices, tf_xla_enable_xla_devices not set
mse and spike frequency: 83.73461 29.98
