[32m[I 2021-04-21 19:02:44,263][0m Trial 55 finished with values: [83.73461, 29.98] with parameters: {'Vahp': -22.5, 'Vth': -20.0, 'Vmax': 21.0, 't_ref': 4.0, 'R': 0.7000000000000001, 'tau_m': 370.0, 'R_adp': 0.9, 'tau_w': 337.5, 'a': 313.5, 'rate_low': 48.0, 'rate_high': 40.5}.[0m
2021-04-21 19:02:44.688489: I tensorflow/compiler/jit/xla_gpu_device.cc:99] Not creating XLA devices, tf_xla_enable_xla_devices not set
maxFreq at 10nA: 1000.0
2021-04-21 19:03:07.432319: I tensorflow/compiler/jit/xla_gpu_device.cc:99] Not creating XLA devices, tf_xla_enable_xla_devices not set
2021-04-21 19:03:18.534744: I tensorflow/compiler/jit/xla_gpu_device.cc:99] Not creating XLA devices, tf_xla_enable_xla_devices not set
mse and spike frequency: 0.11775 0.0
[32m[I 2021-04-21 19:03:30,719][0m Trial 56 finished with values: [0.11775, 0.0] with parameters: {'Vahp': -36.5, 'Vth': -57.0, 'Vmax': 19.5, 't_ref': 1.5, 'R': 0.8, 'tau_m': 107.5, 'R_adp': 0.4, 'tau_w': 69.0, 'a': 37.5, 'rate_low': 31.5, 'rate_high': 34.5}.[0m
2021-04-21 19:03:31.154965: I tensorflow/compiler/jit/xla_gpu_device.cc:99] Not creating XLA devices, tf_xla_enable_xla_devices not set
maxFreq at 10nA: 1000.0
2021-04-21 19:03:54.471170: I tensorflow/compiler/jit/xla_gpu_device.cc:99] Not creating XLA devices, tf_xla_enable_xla_devices not set
2021-04-21 19:04:05.980832: I tensorflow/compiler/jit/xla_gpu_device.cc:99] Not creating XLA devices, tf_xla_enable_xla_devices not set
mse and spike frequency: 0.11775 0.0
[32m[I 2021-04-21 19:04:18,663][0m Trial 57 finished with values: [0.11775, 0.0] with parameters: {'Vahp': -23.0, 'Vth': -53.5, 'Vmax': 20.5, 't_ref': 20.0, 'R': 0.1, 'tau_m': 51.0, 'R_adp': 0.9, 'tau_w': 323.5, 'a': 237.0, 'rate_low': 21.0, 'rate_high': 46.0}.[0m
2021-04-21 19:04:19.133223: I tensorflow/compiler/jit/xla_gpu_device.cc:99] Not creating XLA devices, tf_xla_enable_xla_devices not set
maxFreq at 10nA: 112.0
2021-04-21 19:04:42.360390: I tensorflow/compiler/jit/xla_gpu_device.cc:99] Not creating XLA devices, tf_xla_enable_xla_devices not set
2021-04-21 19:04:54.781825: I tensorflow/compiler/jit/xla_gpu_device.cc:99] Not creating XLA devices, tf_xla_enable_xla_devices not set
mse and spike frequency: 0.00129 10.34
[32m[I 2021-04-21 19:05:07,724][0m Trial 58 finished with values: [0.00129, 10.34] with parameters: {'Vahp': -58.5, 'Vth': -42.0, 'Vmax': 36.5, 't_ref': 8.0, 'R': 0.7000000000000001, 'tau_m': 284.5, 'R_adp': 1.0, 'tau_w': 65.0, 'a': 199.0, 'rate_low': 31.5, 'rate_high': 34.5}.[0m
2021-04-21 19:05:08.253231: I tensorflow/compiler/jit/xla_gpu_device.cc:99] Not creating XLA devices, tf_xla_enable_xla_devices not set
maxFreq at 10nA: 1000.0
2021-04-21 19:05:30.809611: I tensorflow/compiler/jit/xla_gpu_device.cc:99] Not creating XLA devices, tf_xla_enable_xla_devices not set
2021-04-21 19:05:43.013314: I tensorflow/compiler/jit/xla_gpu_device.cc:99] Not creating XLA devices, tf_xla_enable_xla_devices not set
mse and spike frequency: 0.11775 0.0
[32m[I 2021-04-21 19:05:55,087][0m Trial 59 finished with values: [0.11775, 0.0] with parameters: {'Vahp': -29.0, 'Vth': -50.5, 'Vmax': 14.5, 't_ref': 14.5, 'R': 1.0, 'tau_m': 16.0, 'R_adp': 0.6, 'tau_w': 64.0, 'a': 448.5, 'rate_low': 10.5, 'rate_high': 15.5}.[0m
2021-04-21 19:05:55.630944: I tensorflow/compiler/jit/xla_gpu_device.cc:99] Not creating XLA devices, tf_xla_enable_xla_devices not set
maxFreq at 10nA: 1000.0
2021-04-21 19:06:18.618500: I tensorflow/compiler/jit/xla_gpu_device.cc:99] Not creating XLA devices, tf_xla_enable_xla_devices not set
2021-04-21 19:06:31.265388: I tensorflow/compiler/jit/xla_gpu_device.cc:99] Not creating XLA devices, tf_xla_enable_xla_devices not set
mse and spike frequency: 0.11775 0.0
[32m[I 2021-04-21 19:06:43,279][0m Trial 60 finished with values: [0.11775, 0.0] with parameters: {'Vahp': -47.0, 'Vth': -48.0, 'Vmax': 16.5, 't_ref': 7.5, 'R': 0.7000000000000001, 'tau_m': 272.5, 'R_adp': 0.7000000000000001, 'tau_w': 19.0, 'a': 154.0, 'rate_low': 20.5, 'rate_high': 27.5}.[0m
2021-04-21 19:06:43.787505: I tensorflow/compiler/jit/xla_gpu_device.cc:99] Not creating XLA devices, tf_xla_enable_xla_devices not set
maxFreq at 10nA: 1000.0
2021-04-21 19:07:06.376086: I tensorflow/compiler/jit/xla_gpu_device.cc:99] Not creating XLA devices, tf_xla_enable_xla_devices not set
2021-04-21 19:07:19.552117: I tensorflow/compiler/jit/xla_gpu_device.cc:99] Not creating XLA devices, tf_xla_enable_xla_devices not set
mse and spike frequency: 0.11775 0.0
[32m[I 2021-04-21 19:07:31,637][0m Trial 61 finished with values: [0.11775, 0.0] with parameters: {'Vahp': -21.0, 'Vth': -53.5, 'Vmax': 21.0, 't_ref': 15.5, 'R': 0.5, 'tau_m': 310.5, 'R_adp': 0.30000000000000004, 'tau_w': 269.0, 'a': 422.0, 'rate_low': 3.5, 'rate_high': 35.0}.[0m
2021-04-21 19:07:32.102599: I tensorflow/compiler/jit/xla_gpu_device.cc:99] Not creating XLA devices, tf_xla_enable_xla_devices not set
maxFreq at 10nA: 1000.0
2021-04-21 19:07:54.790946: I tensorflow/compiler/jit/xla_gpu_device.cc:99] Not creating XLA devices, tf_xla_enable_xla_devices not set
2021-04-21 19:08:08.515298: I tensorflow/compiler/jit/xla_gpu_device.cc:99] Not creating XLA devices, tf_xla_enable_xla_devices not set
mse and spike frequency: 0.11775 0.0
[32m[I 2021-04-21 19:08:20,708][0m Trial 62 finished with values: [0.11775, 0.0] with parameters: {'Vahp': -36.5, 'Vth': -55.5, 'Vmax': 35.0, 't_ref': 15.0, 'R': 0.30000000000000004, 'tau_m': 446.0, 'R_adp': 0.5, 'tau_w': 78.0, 'a': 298.5, 'rate_low': 22.5, 'rate_high': 48.0}.[0m
2021-04-21 19:08:21.155605: I tensorflow/compiler/jit/xla_gpu_device.cc:99] Not creating XLA devices, tf_xla_enable_xla_devices not set
maxFreq at 10nA: 1000.0
2021-04-21 19:08:43.482902: I tensorflow/compiler/jit/xla_gpu_device.cc:99] Not creating XLA devices, tf_xla_enable_xla_devices not set
2021-04-21 19:08:56.876212: I tensorflow/compiler/jit/xla_gpu_device.cc:99] Not creating XLA devices, tf_xla_enable_xla_devices not set
mse and spike frequency: 0.11775 0.0
[32m[I 2021-04-21 19:09:09,101][0m Trial 63 finished with values: [0.11775, 0.0] with parameters: {'Vahp': -47.0, 'Vth': -55.0, 'Vmax': 38.0, 't_ref': 10.5, 'R': 1.0, 'tau_m': 51.0, 'R_adp': 0.9, 'tau_w': 306.5, 'a': 145.5, 'rate_low': 21.0, 'rate_high': 50.0}.[0m
2021-04-21 19:09:09.557124: I tensorflow/compiler/jit/xla_gpu_device.cc:99] Not creating XLA devices, tf_xla_enable_xla_devices not set
maxFreq at 10nA: 53.0
2021-04-21 19:09:32.467506: I tensorflow/compiler/jit/xla_gpu_device.cc:99] Not creating XLA devices, tf_xla_enable_xla_devices not set
2021-04-21 19:09:46.052851: I tensorflow/compiler/jit/xla_gpu_device.cc:99] Not creating XLA devices, tf_xla_enable_xla_devices not set
mse and spike frequency: 0.08003 1.5
[32m[I 2021-04-21 19:09:58,718][0m Trial 64 finished with values: [0.08003, 1.5] with parameters: {'Vahp': -47.5, 'Vth': -26.5, 'Vmax': 16.5, 't_ref': 11.5, 'R': 0.30000000000000004, 'tau_m': 412.0, 'R_adp': 0.8, 'tau_w': 139.5, 'a': 312.5, 'rate_low': 24.5, 'rate_high': 28.5}.[0m
2021-04-21 19:09:59.193214: I tensorflow/compiler/jit/xla_gpu_device.cc:99] Not creating XLA devices, tf_xla_enable_xla_devices not set
maxFreq at 10nA: 84.0
2021-04-21 19:10:22.217203: I tensorflow/compiler/jit/xla_gpu_device.cc:99] Not creating XLA devices, tf_xla_enable_xla_devices not set
2021-04-21 19:10:36.522964: I tensorflow/compiler/jit/xla_gpu_device.cc:99] Not creating XLA devices, tf_xla_enable_xla_devices not set
mse and spike frequency: 0.01664 3.11
[32m[I 2021-04-21 19:10:50,316][0m Trial 65 finished with values: [0.01664, 3.11] with parameters: {'Vahp': -46.5, 'Vth': -23.0, 'Vmax': 24.5, 't_ref': 10.0, 'R': 1.0, 'tau_m': 419.5, 'R_adp': 0.7000000000000001, 'tau_w': 392.0, 'a': 26.5, 'rate_low': 6.5, 'rate_high': 12.0}.[0m
2021-04-21 19:10:50.794884: I tensorflow/compiler/jit/xla_gpu_device.cc:99] Not creating XLA devices, tf_xla_enable_xla_devices not set
maxFreq at 10nA: 997.0
2021-04-21 19:11:14.257664: I tensorflow/compiler/jit/xla_gpu_device.cc:99] Not creating XLA devices, tf_xla_enable_xla_devices not set
2021-04-21 19:11:29.488806: I tensorflow/compiler/jit/xla_gpu_device.cc:99] Not creating XLA devices, tf_xla_enable_xla_devices not set
mse and spike frequency: 0.11775 0.0
[32m[I 2021-04-21 19:11:42,627][0m Trial 66 finished with values: [0.11775, 0.0] with parameters: {'Vahp': -25.0, 'Vth': -26.5, 'Vmax': 34.0, 't_ref': 8.5, 'R': 0.1, 'tau_m': 104.5, 'R_adp': 0.5, 'tau_w': 203.0, 'a': 316.5, 'rate_low': 21.5, 'rate_high': 30.0}.[0m
2021-04-21 19:11:43.091165: I tensorflow/compiler/jit/xla_gpu_device.cc:99] Not creating XLA devices, tf_xla_enable_xla_devices not set
maxFreq at 10nA: 53.0
2021-04-21 19:12:06.739629: I tensorflow/compiler/jit/xla_gpu_device.cc:99] Not creating XLA devices, tf_xla_enable_xla_devices not set
2021-04-21 19:12:21.167339: I tensorflow/compiler/jit/xla_gpu_device.cc:99] Not creating XLA devices, tf_xla_enable_xla_devices not set
mse and spike frequency: 0.001 13.75
[32m[I 2021-04-21 19:12:33,838][0m Trial 67 finished with values: [0.001, 13.75] with parameters: {'Vahp': -58.5, 'Vth': -34.0, 'Vmax': 21.0, 't_ref': 18.0, 'R': 0.9, 'tau_m': 284.5, 'R_adp': 0.30000000000000004, 'tau_w': 26.5, 'a': 416.0, 'rate_low': 33.5, 'rate_high': 40.5}.[0m
2021-04-21 19:12:34.311861: I tensorflow/compiler/jit/xla_gpu_device.cc:99] Not creating XLA devices, tf_xla_enable_xla_devices not set
maxFreq at 10nA: 355.0
2021-04-21 19:12:59.000278: I tensorflow/compiler/jit/xla_gpu_device.cc:99] Not creating XLA devices, tf_xla_enable_xla_devices not set
2021-04-21 19:13:13.165999: I tensorflow/compiler/jit/xla_gpu_device.cc:99] Not creating XLA devices, tf_xla_enable_xla_devices not set
mse and spike frequency: 0.00074 12.11
[32m[I 2021-04-21 19:13:25,999][0m Trial 68 finished with values: [0.00074, 12.11] with parameters: {'Vahp': -31.5, 'Vth': -31.5, 'Vmax': 32.5, 't_ref': 1.0, 'R': 0.4, 'tau_m': 314.0, 'R_adp': 0.7000000000000001, 'tau_w': 37.5, 'a': 422.5, 'rate_low': 48.5, 'rate_high': 26.0}.[0m
2021-04-21 19:13:26.451026: I tensorflow/compiler/jit/xla_gpu_device.cc:99] Not creating XLA devices, tf_xla_enable_xla_devices not set
maxFreq at 10nA: 1000.0
2021-04-21 19:13:50.962999: I tensorflow/compiler/jit/xla_gpu_device.cc:99] Not creating XLA devices, tf_xla_enable_xla_devices not set
2021-04-21 19:14:05.227347: I tensorflow/compiler/jit/xla_gpu_device.cc:99] Not creating XLA devices, tf_xla_enable_xla_devices not set
mse and spike frequency: 0.11775 0.0
[32m[I 2021-04-21 19:14:17,827][0m Trial 69 finished with values: [0.11775, 0.0] with parameters: {'Vahp': -31.5, 'Vth': -51.0, 'Vmax': 34.5, 't_ref': 6.5, 'R': 0.5, 'tau_m': 70.5, 'R_adp': 0.9, 'tau_w': 277.0, 'a': 65.5, 'rate_low': 2.0, 'rate_high': 6.0}.[0m
2021-04-21 19:14:18.323521: I tensorflow/compiler/jit/xla_gpu_device.cc:99] Not creating XLA devices, tf_xla_enable_xla_devices not set
maxFreq at 10nA: 1000.0
2021-04-21 19:14:43.399956: I tensorflow/compiler/jit/xla_gpu_device.cc:99] Not creating XLA devices, tf_xla_enable_xla_devices not set
2021-04-21 19:14:57.395599: I tensorflow/compiler/jit/xla_gpu_device.cc:99] Not creating XLA devices, tf_xla_enable_xla_devices not set
mse and spike frequency: 0.11775 0.0
[32m[I 2021-04-21 19:15:10,043][0m Trial 70 finished with values: [0.11775, 0.0] with parameters: {'Vahp': -44.5, 'Vth': -55.0, 'Vmax': 24.0, 't_ref': 2.5, 'R': 0.2, 'tau_m': 423.5, 'R_adp': 0.7000000000000001, 'tau_w': 133.5, 'a': 141.0, 'rate_low': 37.0, 'rate_high': 50.0}.[0m
2021-04-21 19:15:10.504481: I tensorflow/compiler/jit/xla_gpu_device.cc:99] Not creating XLA devices, tf_xla_enable_xla_devices not set
maxFreq at 10nA: 167.0
2021-04-21 19:15:35.721346: I tensorflow/compiler/jit/xla_gpu_device.cc:99] Not creating XLA devices, tf_xla_enable_xla_devices not set
2021-04-21 19:15:50.442100: I tensorflow/compiler/jit/xla_gpu_device.cc:99] Not creating XLA devices, tf_xla_enable_xla_devices not set
mse and spike frequency: 0.9471 5.88
[32m[I 2021-04-21 19:16:02,984][0m Trial 71 finished with values: [0.9471, 5.88] with parameters: {'Vahp': -55.0, 'Vth': -41.5, 'Vmax': 18.0, 't_ref': 5.0, 'R': 0.4, 'tau_m': 192.0, 'R_adp': 0.1, 'tau_w': 209.0, 'a': 259.5, 'rate_low': 10.5, 'rate_high': 16.0}.[0m
2021-04-21 19:16:03.473739: I tensorflow/compiler/jit/xla_gpu_device.cc:99] Not creating XLA devices, tf_xla_enable_xla_devices not set
maxFreq at 10nA: 998.0
2021-04-21 19:16:29.000788: I tensorflow/compiler/jit/xla_gpu_device.cc:99] Not creating XLA devices, tf_xla_enable_xla_devices not set
2021-04-21 19:16:44.128951: I tensorflow/compiler/jit/xla_gpu_device.cc:99] Not creating XLA devices, tf_xla_enable_xla_devices not set
mse and spike frequency: 0.11775 0.0
[32m[I 2021-04-21 19:16:56,951][0m Trial 72 finished with values: [0.11775, 0.0] with parameters: {'Vahp': -22.0, 'Vth': -45.0, 'Vmax': 28.5, 't_ref': 6.5, 'R': 0.2, 'tau_m': 419.5, 'R_adp': 0.5, 'tau_w': 392.0, 'a': 26.5, 'rate_low': 6.5, 'rate_high': 12.0}.[0m
2021-04-21 19:16:57.453098: I tensorflow/compiler/jit/xla_gpu_device.cc:99] Not creating XLA devices, tf_xla_enable_xla_devices not set
maxFreq at 10nA: 143.0
2021-04-21 19:17:23.122406: I tensorflow/compiler/jit/xla_gpu_device.cc:99] Not creating XLA devices, tf_xla_enable_xla_devices not set
2021-04-21 19:17:38.289899: I tensorflow/compiler/jit/xla_gpu_device.cc:99] Not creating XLA devices, tf_xla_enable_xla_devices not set
mse and spike frequency: 0.68462 23.68
[32m[I 2021-04-21 19:17:51,687][0m Trial 73 finished with values: [0.68462, 23.68] with parameters: {'Vahp': -28.5, 'Vth': -23.5, 'Vmax': 36.5, 't_ref': 5.5, 'R': 0.5, 'tau_m': 124.5, 'R_adp': 0.4, 'tau_w': 181.5, 'a': 91.5, 'rate_low': 35.0, 'rate_high': 46.0}.[0m
2021-04-21 19:17:52.200067: I tensorflow/compiler/jit/xla_gpu_device.cc:99] Not creating XLA devices, tf_xla_enable_xla_devices not set
maxFreq at 10nA: 998.0
2021-04-21 19:18:18.114542: I tensorflow/compiler/jit/xla_gpu_device.cc:99] Not creating XLA devices, tf_xla_enable_xla_devices not set
2021-04-21 19:18:33.729980: I tensorflow/compiler/jit/xla_gpu_device.cc:99] Not creating XLA devices, tf_xla_enable_xla_devices not set
mse and spike frequency: 0.11775 0.0
[32m[I 2021-04-21 19:18:47,161][0m Trial 74 finished with values: [0.11775, 0.0] with parameters: {'Vahp': -22.0, 'Vth': -45.0, 'Vmax': 28.5, 't_ref': 6.5, 'R': 0.2, 'tau_m': 419.5, 'R_adp': 0.5, 'tau_w': 392.0, 'a': 9.5, 'rate_low': 6.5, 'rate_high': 45.5}.[0m
2021-04-21 19:18:47.634031: I tensorflow/compiler/jit/xla_gpu_device.cc:99] Not creating XLA devices, tf_xla_enable_xla_devices not set
maxFreq at 10nA: 47.0
2021-04-21 19:19:14.164293: I tensorflow/compiler/jit/xla_gpu_device.cc:99] Not creating XLA devices, tf_xla_enable_xla_devices not set
2021-04-21 19:19:29.371682: I tensorflow/compiler/jit/xla_gpu_device.cc:99] Not creating XLA devices, tf_xla_enable_xla_devices not set
mse and spike frequency: 16.10073 7.21
[32m[I 2021-04-21 19:19:42,411][0m Trial 75 finished with values: [16.10073, 7.21] with parameters: {'Vahp': -55.0, 'Vth': -41.0, 'Vmax': 18.0, 't_ref': 8.5, 'R': 0.4, 'tau_m': 111.5, 'R_adp': 0.9, 'tau_w': 380.0, 'a': 316.5, 'rate_low': 21.5, 'rate_high': 33.0}.[0m
2021-04-21 19:19:42.887243: I tensorflow/compiler/jit/xla_gpu_device.cc:99] Not creating XLA devices, tf_xla_enable_xla_devices not set
maxFreq at 10nA: 45.0
2021-04-21 19:20:09.028467: I tensorflow/compiler/jit/xla_gpu_device.cc:99] Not creating XLA devices, tf_xla_enable_xla_devices not set
2021-04-21 19:20:24.514587: I tensorflow/compiler/jit/xla_gpu_device.cc:99] Not creating XLA devices, tf_xla_enable_xla_devices not set
mse and spike frequency: 3.22246 4.07
[32m[I 2021-04-21 19:20:37,923][0m Trial 76 finished with values: [3.22246, 4.07] with parameters: {'Vahp': -59.0, 'Vth': -26.5, 'Vmax': 22.5, 't_ref': 19.0, 'R': 0.4, 'tau_m': 83.0, 'R_adp': 0.9, 'tau_w': 302.5, 'a': 312.5, 'rate_low': 24.5, 'rate_high': 25.5}.[0m
2021-04-21 19:20:38.419509: I tensorflow/compiler/jit/xla_gpu_device.cc:99] Not creating XLA devices, tf_xla_enable_xla_devices not set
maxFreq at 10nA: 72.0
2021-04-21 19:21:04.755743: I tensorflow/compiler/jit/xla_gpu_device.cc:99] Not creating XLA devices, tf_xla_enable_xla_devices not set
2021-04-21 19:21:20.102823: I tensorflow/compiler/jit/xla_gpu_device.cc:99] Not creating XLA devices, tf_xla_enable_xla_devices not set
mse and spike frequency: 0.00087 9.98
[32m[I 2021-04-21 19:21:33,839][0m Trial 77 finished with values: [0.00087, 9.98] with parameters: {'Vahp': -59.0, 'Vth': -26.5, 'Vmax': 20.5, 't_ref': 11.5, 'R': 1.0, 'tau_m': 412.0, 'R_adp': 0.1, 'tau_w': 11.0, 'a': 312.5, 'rate_low': 24.5, 'rate_high': 25.5}.[0m
2021-04-21 19:21:34.325163: I tensorflow/compiler/jit/xla_gpu_device.cc:99] Not creating XLA devices, tf_xla_enable_xla_devices not set
maxFreq at 10nA: 111.0
2021-04-21 19:22:01.304797: I tensorflow/compiler/jit/xla_gpu_device.cc:99] Not creating XLA devices, tf_xla_enable_xla_devices not set
2021-04-21 19:22:16.449436: I tensorflow/compiler/jit/xla_gpu_device.cc:99] Not creating XLA devices, tf_xla_enable_xla_devices not set
mse and spike frequency: 0.0006 13.68
[32m[I 2021-04-21 19:22:29,871][0m Trial 78 finished with values: [0.0006, 13.68] with parameters: {'Vahp': -47.0, 'Vth': -42.0, 'Vmax': 37.0, 't_ref': 7.5, 'R': 0.30000000000000004, 'tau_m': 187.0, 'R_adp': 1.0, 'tau_w': 19.0, 'a': 126.5, 'rate_low': 20.5, 'rate_high': 26.5}.[0m
2021-04-21 19:22:30.376409: I tensorflow/compiler/jit/xla_gpu_device.cc:99] Not creating XLA devices, tf_xla_enable_xla_devices not set
maxFreq at 10nA: 333.0
2021-04-21 19:22:57.115016: I tensorflow/compiler/jit/xla_gpu_device.cc:99] Not creating XLA devices, tf_xla_enable_xla_devices not set
2021-04-21 19:23:12.325185: I tensorflow/compiler/jit/xla_gpu_device.cc:99] Not creating XLA devices, tf_xla_enable_xla_devices not set
mse and spike frequency: 0.00048 9.51
[32m[I 2021-04-21 19:23:25,852][0m Trial 79 finished with values: [0.00048, 9.51] with parameters: {'Vahp': -58.5, 'Vth': -41.0, 'Vmax': 20.5, 't_ref': 1.0, 'R': 0.6, 'tau_m': 351.5, 'R_adp': 0.6, 'tau_w': 64.0, 'a': 51.5, 'rate_low': 10.5, 'rate_high': 47.5}.[0m
2021-04-21 19:23:26.354247: I tensorflow/compiler/jit/xla_gpu_device.cc:99] Not creating XLA devices, tf_xla_enable_xla_devices not set
maxFreq at 10nA: 91.0
2021-04-21 19:23:54.287885: I tensorflow/compiler/jit/xla_gpu_device.cc:99] Not creating XLA devices, tf_xla_enable_xla_devices not set
2021-04-21 19:24:09.418301: I tensorflow/compiler/jit/xla_gpu_device.cc:99] Not creating XLA devices, tf_xla_enable_xla_devices not set
mse and spike frequency: 3.41015 6.45
[32m[I 2021-04-21 19:24:23,000][0m Trial 80 finished with values: [3.41015, 6.45] with parameters: {'Vahp': -55.0, 'Vth': -26.0, 'Vmax': 18.0, 't_ref': 10.0, 'R': 0.6, 'tau_m': 73.0, 'R_adp': 0.1, 'tau_w': 380.0, 'a': 259.5, 'rate_low': 4.5, 'rate_high': 16.0}.[0m
2021-04-21 19:24:23.540635: I tensorflow/compiler/jit/xla_gpu_device.cc:99] Not creating XLA devices, tf_xla_enable_xla_devices not set
maxFreq at 10nA: 1000.0
2021-04-21 19:24:51.502226: I tensorflow/compiler/jit/xla_gpu_device.cc:99] Not creating XLA devices, tf_xla_enable_xla_devices not set
2021-04-21 19:25:06.781589: I tensorflow/compiler/jit/xla_gpu_device.cc:99] Not creating XLA devices, tf_xla_enable_xla_devices not set
mse and spike frequency: 0.11775 0.0
[32m[I 2021-04-21 19:25:20,532][0m Trial 81 finished with values: [0.11775, 0.0] with parameters: {'Vahp': -23.0, 'Vth': -53.5, 'Vmax': 10.5, 't_ref': 7.5, 'R': 0.30000000000000004, 'tau_m': 474.0, 'R_adp': 0.9, 'tau_w': 323.5, 'a': 487.5, 'rate_low': 21.0, 'rate_high': 26.5}.[0m
2021-04-21 19:25:21.087356: I tensorflow/compiler/jit/xla_gpu_device.cc:99] Not creating XLA devices, tf_xla_enable_xla_devices not set
maxFreq at 10nA: 1000.0
2021-04-21 19:25:48.475139: I tensorflow/compiler/jit/xla_gpu_device.cc:99] Not creating XLA devices, tf_xla_enable_xla_devices not set
2021-04-21 19:26:03.575644: I tensorflow/compiler/jit/xla_gpu_device.cc:99] Not creating XLA devices, tf_xla_enable_xla_devices not set
mse and spike frequency: 0.11775 0.0
[32m[I 2021-04-21 19:26:17,104][0m Trial 82 finished with values: [0.11775, 0.0] with parameters: {'Vahp': -44.5, 'Vth': -54.0, 'Vmax': 36.0, 't_ref': 10.0, 'R': 0.7000000000000001, 'tau_m': 284.5, 'R_adp': 0.7000000000000001, 'tau_w': 65.0, 'a': 199.0, 'rate_low': 46.5, 'rate_high': 33.0}.[0m
2021-04-21 19:26:17.635820: I tensorflow/compiler/jit/xla_gpu_device.cc:99] Not creating XLA devices, tf_xla_enable_xla_devices not set
maxFreq at 10nA: 152.0
2021-04-21 19:26:45.723594: I tensorflow/compiler/jit/xla_gpu_device.cc:99] Not creating XLA devices, tf_xla_enable_xla_devices not set
2021-04-21 19:27:00.417670: I tensorflow/compiler/jit/xla_gpu_device.cc:99] Not creating XLA devices, tf_xla_enable_xla_devices not set
mse and spike frequency: 0.04831 4.22
[32m[I 2021-04-21 19:27:14,513][0m Trial 83 finished with values: [0.04831, 4.22] with parameters: {'Vahp': -55.5, 'Vth': -34.0, 'Vmax': 24.0, 't_ref': 3.0, 'R': 0.9, 'tau_m': 370.0, 'R_adp': 0.8, 'tau_w': 133.5, 'a': 416.0, 'rate_low': 24.5, 'rate_high': 47.5}.[0m
2021-04-21 19:27:15.052402: I tensorflow/compiler/jit/xla_gpu_device.cc:99] Not creating XLA devices, tf_xla_enable_xla_devices not set
maxFreq at 10nA: 1000.0
2021-04-21 19:27:42.752842: I tensorflow/compiler/jit/xla_gpu_device.cc:99] Not creating XLA devices, tf_xla_enable_xla_devices not set
2021-04-21 19:27:57.667619: I tensorflow/compiler/jit/xla_gpu_device.cc:99] Not creating XLA devices, tf_xla_enable_xla_devices not set
mse and spike frequency: 0.11775 0.0
