[32m[I 2021-04-21 19:33:19,610][0m Trial 89 finished with values: [0.00076, 14.62] with parameters: {'Vahp': -53.0, 'Vth': -47.5, 'Vmax': 38.0, 't_ref': 6.5, 'R': 0.2, 'tau_m': 74.0, 'rate_low': 15.5, 'rate_high': 50.0}.[0m
2021-04-21 19:33:20.200652: I tensorflow/compiler/jit/xla_gpu_device.cc:99] Not creating XLA devices, tf_xla_enable_xla_devices not set
maxFreq at 10nA: 333.0
2021-04-21 19:33:47.558636: I tensorflow/compiler/jit/xla_gpu_device.cc:99] Not creating XLA devices, tf_xla_enable_xla_devices not set
2021-04-21 19:34:03.714654: I tensorflow/compiler/jit/xla_gpu_device.cc:99] Not creating XLA devices, tf_xla_enable_xla_devices not set
mse and spike frequency: 0.00056 10.06
[32m[I 2021-04-21 19:34:19,251][0m Trial 90 finished with values: [0.00056, 10.06] with parameters: {'Vahp': -58.0, 'Vth': -53.5, 'Vmax': 37.5, 't_ref': 0.5, 'R': 0.1, 'tau_m': 404.0, 'rate_low': 23.0, 'rate_high': 33.5}.[0m
2021-04-21 19:34:19.886044: I tensorflow/compiler/jit/xla_gpu_device.cc:99] Not creating XLA devices, tf_xla_enable_xla_devices not set
maxFreq at 10nA: 67.0
2021-04-21 19:34:47.262980: I tensorflow/compiler/jit/xla_gpu_device.cc:99] Not creating XLA devices, tf_xla_enable_xla_devices not set
2021-04-21 19:35:03.539020: I tensorflow/compiler/jit/xla_gpu_device.cc:99] Not creating XLA devices, tf_xla_enable_xla_devices not set
mse and spike frequency: 0.00116 8.9
[32m[I 2021-04-21 19:35:19,057][0m Trial 91 finished with values: [0.00116, 8.9] with parameters: {'Vahp': -45.5, 'Vth': -24.0, 'Vmax': 13.5, 't_ref': 12.0, 'R': 0.4, 'tau_m': 420.0, 'rate_low': 31.5, 'rate_high': 46.0}.[0m
2021-04-21 19:35:19.638548: I tensorflow/compiler/jit/xla_gpu_device.cc:99] Not creating XLA devices, tf_xla_enable_xla_devices not set
maxFreq at 10nA: 1000.0
2021-04-21 19:35:46.990521: I tensorflow/compiler/jit/xla_gpu_device.cc:99] Not creating XLA devices, tf_xla_enable_xla_devices not set
2021-04-21 19:36:03.334505: I tensorflow/compiler/jit/xla_gpu_device.cc:99] Not creating XLA devices, tf_xla_enable_xla_devices not set
mse and spike frequency: 0.11775 0.0
[32m[I 2021-04-21 19:36:18,963][0m Trial 92 finished with values: [0.11775, 0.0] with parameters: {'Vahp': -39.5, 'Vth': -54.5, 'Vmax': 16.5, 't_ref': 14.0, 'R': 0.8, 'tau_m': 172.0, 'rate_low': 28.0, 'rate_high': 49.5}.[0m
2021-04-21 19:36:19.561559: I tensorflow/compiler/jit/xla_gpu_device.cc:99] Not creating XLA devices, tf_xla_enable_xla_devices not set
maxFreq at 10nA: 1000.0
2021-04-21 19:36:46.541018: I tensorflow/compiler/jit/xla_gpu_device.cc:99] Not creating XLA devices, tf_xla_enable_xla_devices not set
2021-04-21 19:37:03.285275: I tensorflow/compiler/jit/xla_gpu_device.cc:99] Not creating XLA devices, tf_xla_enable_xla_devices not set
mse and spike frequency: 0.11775 0.0
[32m[I 2021-04-21 19:37:19,112][0m Trial 93 finished with values: [0.11775, 0.0] with parameters: {'Vahp': -23.5, 'Vth': -24.0, 'Vmax': 31.5, 't_ref': 3.0, 'R': 1.0, 'tau_m': 111.0, 'rate_low': 29.5, 'rate_high': 49.5}.[0m
2021-04-21 19:37:19.711507: I tensorflow/compiler/jit/xla_gpu_device.cc:99] Not creating XLA devices, tf_xla_enable_xla_devices not set
maxFreq at 10nA: 997.0
2021-04-21 19:37:46.885909: I tensorflow/compiler/jit/xla_gpu_device.cc:99] Not creating XLA devices, tf_xla_enable_xla_devices not set
2021-04-21 19:38:03.769798: I tensorflow/compiler/jit/xla_gpu_device.cc:99] Not creating XLA devices, tf_xla_enable_xla_devices not set
mse and spike frequency: 0.11775 0.0
[32m[I 2021-04-21 19:38:18,885][0m Trial 94 finished with values: [0.11775, 0.0] with parameters: {'Vahp': -24.5, 'Vth': -47.0, 'Vmax': 15.0, 't_ref': 16.5, 'R': 0.1, 'tau_m': 300.0, 'rate_low': 43.0, 'rate_high': 32.5}.[0m
2021-04-21 19:38:19.499496: I tensorflow/compiler/jit/xla_gpu_device.cc:99] Not creating XLA devices, tf_xla_enable_xla_devices not set
maxFreq at 10nA: 1000.0
2021-04-21 19:38:46.789858: I tensorflow/compiler/jit/xla_gpu_device.cc:99] Not creating XLA devices, tf_xla_enable_xla_devices not set
2021-04-21 19:39:03.910492: I tensorflow/compiler/jit/xla_gpu_device.cc:99] Not creating XLA devices, tf_xla_enable_xla_devices not set
mse and spike frequency: 0.11775 0.0
[32m[I 2021-04-21 19:39:19,440][0m Trial 95 finished with values: [0.11775, 0.0] with parameters: {'Vahp': -39.0, 'Vth': -51.5, 'Vmax': 24.5, 't_ref': 11.5, 'R': 0.30000000000000004, 'tau_m': 267.5, 'rate_low': 41.5, 'rate_high': 29.0}.[0m
2021-04-21 19:39:20.028911: I tensorflow/compiler/jit/xla_gpu_device.cc:99] Not creating XLA devices, tf_xla_enable_xla_devices not set
maxFreq at 10nA: 67.0
2021-04-21 19:39:47.160275: I tensorflow/compiler/jit/xla_gpu_device.cc:99] Not creating XLA devices, tf_xla_enable_xla_devices not set
2021-04-21 19:40:04.985000: I tensorflow/compiler/jit/xla_gpu_device.cc:99] Not creating XLA devices, tf_xla_enable_xla_devices not set
mse and spike frequency: 0.0013 28.33
[32m[I 2021-04-21 19:40:20,793][0m Trial 96 finished with values: [0.0013, 28.33] with parameters: {'Vahp': -58.0, 'Vth': -56.5, 'Vmax': 16.0, 't_ref': 14.0, 'R': 0.2, 'tau_m': 185.0, 'rate_low': 41.5, 'rate_high': 40.0}.[0m
2021-04-21 19:40:21.406133: I tensorflow/compiler/jit/xla_gpu_device.cc:99] Not creating XLA devices, tf_xla_enable_xla_devices not set
maxFreq at 10nA: 84.0
2021-04-21 19:40:48.738045: I tensorflow/compiler/jit/xla_gpu_device.cc:99] Not creating XLA devices, tf_xla_enable_xla_devices not set
2021-04-21 19:41:06.405345: I tensorflow/compiler/jit/xla_gpu_device.cc:99] Not creating XLA devices, tf_xla_enable_xla_devices not set
mse and spike frequency: 0.00064 22.26
[32m[I 2021-04-21 19:41:22,577][0m Trial 97 finished with values: [0.00064, 22.26] with parameters: {'Vahp': -36.0, 'Vth': -23.5, 'Vmax': 27.5, 't_ref': 11.0, 'R': 0.9, 'tau_m': 300.0, 'rate_low': 27.0, 'rate_high': 45.0}.[0m
2021-04-21 19:41:23.195565: I tensorflow/compiler/jit/xla_gpu_device.cc:99] Not creating XLA devices, tf_xla_enable_xla_devices not set
maxFreq at 10nA: 999.0
2021-04-21 19:41:50.079964: I tensorflow/compiler/jit/xla_gpu_device.cc:99] Not creating XLA devices, tf_xla_enable_xla_devices not set
2021-04-21 19:42:07.822151: I tensorflow/compiler/jit/xla_gpu_device.cc:99] Not creating XLA devices, tf_xla_enable_xla_devices not set
mse and spike frequency: 0.11775 0.0
[32m[I 2021-04-21 19:42:23,825][0m Trial 98 finished with values: [0.11775, 0.0] with parameters: {'Vahp': -32.5, 'Vth': -43.0, 'Vmax': 36.0, 't_ref': 13.0, 'R': 0.5, 'tau_m': 423.5, 'rate_low': 43.5, 'rate_high': 42.5}.[0m
2021-04-21 19:42:24.434362: I tensorflow/compiler/jit/xla_gpu_device.cc:99] Not creating XLA devices, tf_xla_enable_xla_devices not set
maxFreq at 10nA: 77.0
2021-04-21 19:42:51.626656: I tensorflow/compiler/jit/xla_gpu_device.cc:99] Not creating XLA devices, tf_xla_enable_xla_devices not set
2021-04-21 19:43:08.817561: I tensorflow/compiler/jit/xla_gpu_device.cc:99] Not creating XLA devices, tf_xla_enable_xla_devices not set
mse and spike frequency: 0.11775 0.0
[32m[I 2021-04-21 19:43:25,195][0m Trial 99 finished with values: [0.11775, 0.0] with parameters: {'Vahp': -48.0, 'Vth': -47.0, 'Vmax': 17.5, 't_ref': 11.5, 'R': 0.1, 'tau_m': 3.5, 'rate_low': 34.5, 'rate_high': 29.0}.[0m
2021-04-21 19:43:25.819096: I tensorflow/compiler/jit/xla_gpu_device.cc:99] Not creating XLA devices, tf_xla_enable_xla_devices not set
maxFreq at 10nA: 1000.0
2021-04-21 19:43:53.289084: I tensorflow/compiler/jit/xla_gpu_device.cc:99] Not creating XLA devices, tf_xla_enable_xla_devices not set
2021-04-21 19:44:10.818825: I tensorflow/compiler/jit/xla_gpu_device.cc:99] Not creating XLA devices, tf_xla_enable_xla_devices not set
mse and spike frequency: 0.11775 0.0
[32m[I 2021-04-21 19:44:27,939][0m Trial 100 finished with values: [0.11775, 0.0] with parameters: {'Vahp': -35.0, 'Vth': -54.5, 'Vmax': 38.0, 't_ref': 11.5, 'R': 0.4, 'tau_m': 475.5, 'rate_low': 11.5, 'rate_high': 24.0}.[0m
2021-04-21 19:44:28.539383: I tensorflow/compiler/jit/xla_gpu_device.cc:99] Not creating XLA devices, tf_xla_enable_xla_devices not set
maxFreq at 10nA: 50.0
2021-04-21 19:44:56.679406: I tensorflow/compiler/jit/xla_gpu_device.cc:99] Not creating XLA devices, tf_xla_enable_xla_devices not set
2021-04-21 19:45:14.367738: I tensorflow/compiler/jit/xla_gpu_device.cc:99] Not creating XLA devices, tf_xla_enable_xla_devices not set
mse and spike frequency: 0.00157 21.81
[32m[I 2021-04-21 19:45:31,520][0m Trial 101 finished with values: [0.00157, 21.81] with parameters: {'Vahp': -32.5, 'Vth': -29.0, 'Vmax': 25.0, 't_ref': 18.5, 'R': 0.6, 'tau_m': 133.0, 'rate_low': 32.5, 'rate_high': 38.0}.[0m
2021-04-21 19:45:32.094433: I tensorflow/compiler/jit/xla_gpu_device.cc:99] Not creating XLA devices, tf_xla_enable_xla_devices not set
maxFreq at 10nA: 1000.0
2021-04-21 19:46:00.004950: I tensorflow/compiler/jit/xla_gpu_device.cc:99] Not creating XLA devices, tf_xla_enable_xla_devices not set
2021-04-21 19:46:17.008326: I tensorflow/compiler/jit/xla_gpu_device.cc:99] Not creating XLA devices, tf_xla_enable_xla_devices not set
mse and spike frequency: 0.11775 0.0
[32m[I 2021-04-21 19:46:33,572][0m Trial 102 finished with values: [0.11775, 0.0] with parameters: {'Vahp': -34.0, 'Vth': -50.0, 'Vmax': 25.5, 't_ref': 16.0, 'R': 0.2, 'tau_m': 2.5, 'rate_low': 28.0, 'rate_high': 50.0}.[0m
2021-04-21 19:46:34.140037: I tensorflow/compiler/jit/xla_gpu_device.cc:99] Not creating XLA devices, tf_xla_enable_xla_devices not set
maxFreq at 10nA: 999.0
2021-04-21 19:47:02.027236: I tensorflow/compiler/jit/xla_gpu_device.cc:99] Not creating XLA devices, tf_xla_enable_xla_devices not set
2021-04-21 19:47:18.595556: I tensorflow/compiler/jit/xla_gpu_device.cc:99] Not creating XLA devices, tf_xla_enable_xla_devices not set
mse and spike frequency: 0.11775 0.0
[32m[I 2021-04-21 19:47:35,403][0m Trial 103 finished with values: [0.11775, 0.0] with parameters: {'Vahp': -41.5, 'Vth': -43.0, 'Vmax': 25.5, 't_ref': 13.0, 'R': 0.5, 'tau_m': 423.5, 'rate_low': 43.5, 'rate_high': 50.0}.[0m
2021-04-21 19:47:36.023455: I tensorflow/compiler/jit/xla_gpu_device.cc:99] Not creating XLA devices, tf_xla_enable_xla_devices not set
maxFreq at 10nA: 248.0
2021-04-21 19:48:04.095124: I tensorflow/compiler/jit/xla_gpu_device.cc:99] Not creating XLA devices, tf_xla_enable_xla_devices not set
2021-04-21 19:48:20.791326: I tensorflow/compiler/jit/xla_gpu_device.cc:99] Not creating XLA devices, tf_xla_enable_xla_devices not set
mse and spike frequency: 0.00521 1.4
[32m[I 2021-04-21 19:48:37,194][0m Trial 104 finished with values: [0.00521, 1.4] with parameters: {'Vahp': -28.5, 'Vth': -23.0, 'Vmax': 13.5, 't_ref': 1.5, 'R': 0.1, 'tau_m': 308.5, 'rate_low': 14.5, 'rate_high': 46.0}.[0m
2021-04-21 19:48:37.805362: I tensorflow/compiler/jit/xla_gpu_device.cc:99] Not creating XLA devices, tf_xla_enable_xla_devices not set
maxFreq at 10nA: 83.0
2021-04-21 19:49:06.151294: I tensorflow/compiler/jit/xla_gpu_device.cc:99] Not creating XLA devices, tf_xla_enable_xla_devices not set
2021-04-21 19:49:22.714268: I tensorflow/compiler/jit/xla_gpu_device.cc:99] Not creating XLA devices, tf_xla_enable_xla_devices not set
mse and spike frequency: 0.00242 1.62
[32m[I 2021-04-21 19:49:39,014][0m Trial 105 finished with values: [0.00242, 1.62] with parameters: {'Vahp': -41.5, 'Vth': -38.5, 'Vmax': 25.5, 't_ref': 11.0, 'R': 0.1, 'tau_m': 308.5, 'rate_low': 3.0, 'rate_high': 50.0}.[0m
2021-04-21 19:49:39.600826: I tensorflow/compiler/jit/xla_gpu_device.cc:99] Not creating XLA devices, tf_xla_enable_xla_devices not set
maxFreq at 10nA: 999.0
2021-04-21 19:50:07.710194: I tensorflow/compiler/jit/xla_gpu_device.cc:99] Not creating XLA devices, tf_xla_enable_xla_devices not set
2021-04-21 19:50:24.937215: I tensorflow/compiler/jit/xla_gpu_device.cc:99] Not creating XLA devices, tf_xla_enable_xla_devices not set
mse and spike frequency: 0.11775 0.0
[32m[I 2021-04-21 19:50:41,901][0m Trial 106 finished with values: [0.11775, 0.0] with parameters: {'Vahp': -26.0, 'Vth': -47.5, 'Vmax': 27.5, 't_ref': 3.0, 'R': 0.2, 'tau_m': 349.5, 'rate_low': 15.5, 'rate_high': 50.0}.[0m
2021-04-21 19:50:42.563609: I tensorflow/compiler/jit/xla_gpu_device.cc:99] Not creating XLA devices, tf_xla_enable_xla_devices not set
maxFreq at 10nA: 167.0
2021-04-21 19:51:10.698882: I tensorflow/compiler/jit/xla_gpu_device.cc:99] Not creating XLA devices, tf_xla_enable_xla_devices not set
2021-04-21 19:51:28.659723: I tensorflow/compiler/jit/xla_gpu_device.cc:99] Not creating XLA devices, tf_xla_enable_xla_devices not set
mse and spike frequency: 0.11775 0.0
[32m[I 2021-04-21 19:51:45,783][0m Trial 107 finished with values: [0.11775, 0.0] with parameters: {'Vahp': -58.0, 'Vth': -54.0, 'Vmax': 16.0, 't_ref': 4.5, 'R': 0.6, 'tau_m': 80.0, 'rate_low': 2.0, 'rate_high': 27.0}.[0m
2021-04-21 19:51:46.429688: I tensorflow/compiler/jit/xla_gpu_device.cc:99] Not creating XLA devices, tf_xla_enable_xla_devices not set
maxFreq at 10nA: 56.0
2021-04-21 19:52:15.450056: I tensorflow/compiler/jit/xla_gpu_device.cc:99] Not creating XLA devices, tf_xla_enable_xla_devices not set
2021-04-21 19:52:33.283579: I tensorflow/compiler/jit/xla_gpu_device.cc:99] Not creating XLA devices, tf_xla_enable_xla_devices not set
mse and spike frequency: 0.00122 6.89
[32m[I 2021-04-21 19:52:50,488][0m Trial 108 finished with values: [0.00122, 6.89] with parameters: {'Vahp': -34.0, 'Vth': -29.5, 'Vmax': 26.0, 't_ref': 16.0, 'R': 0.1, 'tau_m': 254.5, 'rate_low': 23.0, 'rate_high': 50.0}.[0m
2021-04-21 19:52:51.130705: I tensorflow/compiler/jit/xla_gpu_device.cc:99] Not creating XLA devices, tf_xla_enable_xla_devices not set
maxFreq at 10nA: 1000.0
2021-04-21 19:53:19.862096: I tensorflow/compiler/jit/xla_gpu_device.cc:99] Not creating XLA devices, tf_xla_enable_xla_devices not set
2021-04-21 19:53:37.973471: I tensorflow/compiler/jit/xla_gpu_device.cc:99] Not creating XLA devices, tf_xla_enable_xla_devices not set
mse and spike frequency: 0.11775 0.0
[32m[I 2021-04-21 19:53:55,046][0m Trial 109 finished with values: [0.11775, 0.0] with parameters: {'Vahp': -39.0, 'Vth': -51.5, 'Vmax': 25.0, 't_ref': 1.5, 'R': 0.6, 'tau_m': 267.5, 'rate_low': 19.0, 'rate_high': 29.0}.[0m
2021-04-21 19:53:55.726788: I tensorflow/compiler/jit/xla_gpu_device.cc:99] Not creating XLA devices, tf_xla_enable_xla_devices not set
maxFreq at 10nA: 1000.0
2021-04-21 19:54:24.170265: I tensorflow/compiler/jit/xla_gpu_device.cc:99] Not creating XLA devices, tf_xla_enable_xla_devices not set
2021-04-21 19:54:42.065630: I tensorflow/compiler/jit/xla_gpu_device.cc:99] Not creating XLA devices, tf_xla_enable_xla_devices not set
mse and spike frequency: 0.11775 0.0
[32m[I 2021-04-21 19:54:59,378][0m Trial 110 finished with values: [0.11775, 0.0] with parameters: {'Vahp': -32.5, 'Vth': -43.0, 'Vmax': 17.0, 't_ref': 3.0, 'R': 1.0, 'tau_m': 423.5, 'rate_low': 4.5, 'rate_high': 49.5}.[0m
2021-04-21 19:55:00.030550: I tensorflow/compiler/jit/xla_gpu_device.cc:99] Not creating XLA devices, tf_xla_enable_xla_devices not set
maxFreq at 10nA: 1000.0
2021-04-21 19:55:29.233052: I tensorflow/compiler/jit/xla_gpu_device.cc:99] Not creating XLA devices, tf_xla_enable_xla_devices not set
2021-04-21 19:55:47.833349: I tensorflow/compiler/jit/xla_gpu_device.cc:99] Not creating XLA devices, tf_xla_enable_xla_devices not set
mse and spike frequency: 0.11775 0.0
[32m[I 2021-04-21 19:56:05,187][0m Trial 111 finished with values: [0.11775, 0.0] with parameters: {'Vahp': -49.0, 'Vth': -53.5, 'Vmax': 20.0, 't_ref': 4.5, 'R': 0.4, 'tau_m': 15.0, 'rate_low': 35.0, 'rate_high': 35.5}.[0m
2021-04-21 19:56:05.963141: I tensorflow/compiler/jit/xla_gpu_device.cc:99] Not creating XLA devices, tf_xla_enable_xla_devices not set
maxFreq at 10nA: 333.0
2021-04-21 19:56:35.695558: I tensorflow/compiler/jit/xla_gpu_device.cc:99] Not creating XLA devices, tf_xla_enable_xla_devices not set
2021-04-21 19:56:54.703885: I tensorflow/compiler/jit/xla_gpu_device.cc:99] Not creating XLA devices, tf_xla_enable_xla_devices not set
mse and spike frequency: 0.00065 9.53
[32m[I 2021-04-21 19:57:11,950][0m Trial 112 finished with values: [0.00065, 9.53] with parameters: {'Vahp': -58.0, 'Vth': -53.5, 'Vmax': 37.5, 't_ref': 0.5, 'R': 0.1, 'tau_m': 404.0, 'rate_low': 23.0, 'rate_high': 27.0}.[0m
2021-04-21 19:57:12.697769: I tensorflow/compiler/jit/xla_gpu_device.cc:99] Not creating XLA devices, tf_xla_enable_xla_devices not set
maxFreq at 10nA: 1000.0
2021-04-21 19:57:42.321650: I tensorflow/compiler/jit/xla_gpu_device.cc:99] Not creating XLA devices, tf_xla_enable_xla_devices not set
2021-04-21 19:58:01.147739: I tensorflow/compiler/jit/xla_gpu_device.cc:99] Not creating XLA devices, tf_xla_enable_xla_devices not set
mse and spike frequency: 0.11775 0.0
[32m[I 2021-04-21 19:58:18,357][0m Trial 113 finished with values: [0.11775, 0.0] with parameters: {'Vahp': -32.5, 'Vth': -43.0, 'Vmax': 30.5, 't_ref': 7.0, 'R': 0.9, 'tau_m': 423.5, 'rate_low': 7.0, 'rate_high': 25.5}.[0m
2021-04-21 19:58:18.980374: I tensorflow/compiler/jit/xla_gpu_device.cc:99] Not creating XLA devices, tf_xla_enable_xla_devices not set
maxFreq at 10nA: 996.0
2021-04-21 19:58:49.181253: I tensorflow/compiler/jit/xla_gpu_device.cc:99] Not creating XLA devices, tf_xla_enable_xla_devices not set
2021-04-21 19:59:07.872294: I tensorflow/compiler/jit/xla_gpu_device.cc:99] Not creating XLA devices, tf_xla_enable_xla_devices not set
mse and spike frequency: 0.11775 0.0
[32m[I 2021-04-21 19:59:25,103][0m Trial 114 finished with values: [0.11775, 0.0] with parameters: {'Vahp': -41.5, 'Vth': -47.0, 'Vmax': 26.0, 't_ref': 16.5, 'R': 0.1, 'tau_m': 395.5, 'rate_low': 3.0, 'rate_high': 32.5}.[0m
2021-04-21 19:59:25.726945: I tensorflow/compiler/jit/xla_gpu_device.cc:99] Not creating XLA devices, tf_xla_enable_xla_devices not set
maxFreq at 10nA: 999.0
2021-04-21 19:59:56.092927: I tensorflow/compiler/jit/xla_gpu_device.cc:99] Not creating XLA devices, tf_xla_enable_xla_devices not set
2021-04-21 20:00:14.492771: I tensorflow/compiler/jit/xla_gpu_device.cc:99] Not creating XLA devices, tf_xla_enable_xla_devices not set
mse and spike frequency: 0.11775 0.0
[32m[I 2021-04-21 20:00:31,903][0m Trial 115 finished with values: [0.11775, 0.0] with parameters: {'Vahp': -20.0, 'Vth': -24.0, 'Vmax': 11.0, 't_ref': 1.5, 'R': 0.8, 'tau_m': 337.0, 'rate_low': 37.5, 'rate_high': 44.5}.[0m
2021-04-21 20:00:32.578226: I tensorflow/compiler/jit/xla_gpu_device.cc:99] Not creating XLA devices, tf_xla_enable_xla_devices not set
maxFreq at 10nA: 334.0
2021-04-21 20:01:02.772307: I tensorflow/compiler/jit/xla_gpu_device.cc:99] Not creating XLA devices, tf_xla_enable_xla_devices not set
2021-04-21 20:01:21.225139: I tensorflow/compiler/jit/xla_gpu_device.cc:99] Not creating XLA devices, tf_xla_enable_xla_devices not set
mse and spike frequency: 0.11775 0.0
[32m[I 2021-04-21 20:01:38,920][0m Trial 116 finished with values: [0.11775, 0.0] with parameters: {'Vahp': -23.5, 'Vth': -20.5, 'Vmax': 31.5, 't_ref': 1.5, 'R': 0.7000000000000001, 'tau_m': 111.0, 'rate_low': 29.5, 'rate_high': 8.5}.[0m
2021-04-21 20:01:39.545738: I tensorflow/compiler/jit/xla_gpu_device.cc:99] Not creating XLA devices, tf_xla_enable_xla_devices not set
maxFreq at 10nA: 1000.0
2021-04-21 20:02:10.364610: I tensorflow/compiler/jit/xla_gpu_device.cc:99] Not creating XLA devices, tf_xla_enable_xla_devices not set
2021-04-21 20:02:28.459393: I tensorflow/compiler/jit/xla_gpu_device.cc:99] Not creating XLA devices, tf_xla_enable_xla_devices not set
mse and spike frequency: 0.11775 0.0
[32m[I 2021-04-21 20:02:46,616][0m Trial 117 finished with values: [0.11775, 0.0] with parameters: {'Vahp': -29.5, 'Vth': -41.5, 'Vmax': 26.5, 't_ref': 16.5, 'R': 0.9, 'tau_m': 467.5, 'rate_low': 29.0, 'rate_high': 39.5}.[0m
2021-04-21 20:02:47.263852: I tensorflow/compiler/jit/xla_gpu_device.cc:99] Not creating XLA devices, tf_xla_enable_xla_devices not set
maxFreq at 10nA: 84.0
2021-04-21 20:03:17.731363: I tensorflow/compiler/jit/xla_gpu_device.cc:99] Not creating XLA devices, tf_xla_enable_xla_devices not set
2021-04-21 20:03:36.057080: I tensorflow/compiler/jit/xla_gpu_device.cc:99] Not creating XLA devices, tf_xla_enable_xla_devices not set
mse and spike frequency: 0.00101 4.69
[32m[I 2021-04-21 20:03:54,387][0m Trial 118 finished with values: [0.00101, 4.69] with parameters: {'Vahp': -28.0, 'Vth': -23.5, 'Vmax': 16.5, 't_ref': 11.0, 'R': 0.30000000000000004, 'tau_m': 139.0, 'rate_low': 7.0, 'rate_high': 34.5}.[0m
2021-04-21 20:03:55.017625: I tensorflow/compiler/jit/xla_gpu_device.cc:99] Not creating XLA devices, tf_xla_enable_xla_devices not set
maxFreq at 10nA: 111.0
2021-04-21 20:04:25.889437: I tensorflow/compiler/jit/xla_gpu_device.cc:99] Not creating XLA devices, tf_xla_enable_xla_devices not set
2021-04-21 20:04:44.029284: I tensorflow/compiler/jit/xla_gpu_device.cc:99] Not creating XLA devices, tf_xla_enable_xla_devices not set
mse and spike frequency: 0.00231 5.06
[32m[I 2021-04-21 20:05:02,796][0m Trial 119 finished with values: [0.00231, 5.06] with parameters: {'Vahp': -55.0, 'Vth': -42.0, 'Vmax': 30.5, 't_ref': 7.0, 'R': 0.4, 'tau_m': 464.0, 'rate_low': 7.0, 'rate_high': 25.5}.[0m
2021-04-21 20:05:03.416204: I tensorflow/compiler/jit/xla_gpu_device.cc:99] Not creating XLA devices, tf_xla_enable_xla_devices not set
maxFreq at 10nA: 1000.0
2021-04-21 20:05:34.933920: I tensorflow/compiler/jit/xla_gpu_device.cc:99] Not creating XLA devices, tf_xla_enable_xla_devices not set
2021-04-21 20:05:53.236950: I tensorflow/compiler/jit/xla_gpu_device.cc:99] Not creating XLA devices, tf_xla_enable_xla_devices not set
mse and spike frequency: 0.11775 0.0
