[32m[I 2021-04-21 19:05:57,964][0m Trial 58 finished with values: [0.11775, 0.0] with parameters: {'Vahp': -35.5, 'Vth': -54.0, 'Vmax': 27.5, 't_ref': 10.5, 'R': 0.4, 'tau_m': 23.5, 'rate_low': 7.0, 'rate_high': 22.0}.[0m
2021-04-21 19:05:58.442156: I tensorflow/compiler/jit/xla_gpu_device.cc:99] Not creating XLA devices, tf_xla_enable_xla_devices not set
maxFreq at 10nA: 1000.0
2021-04-21 19:06:20.076868: I tensorflow/compiler/jit/xla_gpu_device.cc:99] Not creating XLA devices, tf_xla_enable_xla_devices not set
2021-04-21 19:06:32.962086: I tensorflow/compiler/jit/xla_gpu_device.cc:99] Not creating XLA devices, tf_xla_enable_xla_devices not set
mse and spike frequency: 0.11775 0.0
[32m[I 2021-04-21 19:06:44,825][0m Trial 59 finished with values: [0.11775, 0.0] with parameters: {'Vahp': -35.5, 'Vth': -38.5, 'Vmax': 25.5, 't_ref': 15.0, 'R': 0.30000000000000004, 'tau_m': 79.0, 'rate_low': 33.5, 'rate_high': 40.5}.[0m
2021-04-21 19:06:45.343333: I tensorflow/compiler/jit/xla_gpu_device.cc:99] Not creating XLA devices, tf_xla_enable_xla_devices not set
maxFreq at 10nA: 1000.0
2021-04-21 19:07:07.352584: I tensorflow/compiler/jit/xla_gpu_device.cc:99] Not creating XLA devices, tf_xla_enable_xla_devices not set
2021-04-21 19:07:20.122868: I tensorflow/compiler/jit/xla_gpu_device.cc:99] Not creating XLA devices, tf_xla_enable_xla_devices not set
mse and spike frequency: 0.11775 0.0
[32m[I 2021-04-21 19:07:31,381][0m Trial 60 finished with values: [0.11775, 0.0] with parameters: {'Vahp': -50.0, 'Vth': -51.5, 'Vmax': 13.5, 't_ref': 18.0, 'R': 0.4, 'tau_m': 23.5, 'rate_low': 46.5, 'rate_high': 34.0}.[0m
2021-04-21 19:07:31.851473: I tensorflow/compiler/jit/xla_gpu_device.cc:99] Not creating XLA devices, tf_xla_enable_xla_devices not set
maxFreq at 10nA: 250.0
2021-04-21 19:07:53.637181: I tensorflow/compiler/jit/xla_gpu_device.cc:99] Not creating XLA devices, tf_xla_enable_xla_devices not set
2021-04-21 19:08:06.637884: I tensorflow/compiler/jit/xla_gpu_device.cc:99] Not creating XLA devices, tf_xla_enable_xla_devices not set
mse and spike frequency: 0.00037 35.25
[32m[I 2021-04-21 19:08:19,023][0m Trial 61 finished with values: [0.00037, 35.25] with parameters: {'Vahp': -50.5, 'Vth': -40.0, 'Vmax': 20.5, 't_ref': 2.5, 'R': 0.5, 'tau_m': 207.5, 'rate_low': 26.0, 'rate_high': 50.0}.[0m
2021-04-21 19:08:19.613350: I tensorflow/compiler/jit/xla_gpu_device.cc:99] Not creating XLA devices, tf_xla_enable_xla_devices not set
maxFreq at 10nA: 334.0
2021-04-21 19:08:41.930920: I tensorflow/compiler/jit/xla_gpu_device.cc:99] Not creating XLA devices, tf_xla_enable_xla_devices not set
2021-04-21 19:08:54.987076: I tensorflow/compiler/jit/xla_gpu_device.cc:99] Not creating XLA devices, tf_xla_enable_xla_devices not set
mse and spike frequency: 0.00035 53.48
[32m[I 2021-04-21 19:09:07,299][0m Trial 62 finished with values: [0.00035, 53.48] with parameters: {'Vahp': -53.0, 'Vth': -20.0, 'Vmax': 39.5, 't_ref': 2.0, 'R': 0.5, 'tau_m': 32.0, 'rate_low': 31.0, 'rate_high': 34.5}.[0m
2021-04-21 19:09:07.884495: I tensorflow/compiler/jit/xla_gpu_device.cc:99] Not creating XLA devices, tf_xla_enable_xla_devices not set
maxFreq at 10nA: 53.0
2021-04-21 19:09:30.761052: I tensorflow/compiler/jit/xla_gpu_device.cc:99] Not creating XLA devices, tf_xla_enable_xla_devices not set
2021-04-21 19:09:43.971370: I tensorflow/compiler/jit/xla_gpu_device.cc:99] Not creating XLA devices, tf_xla_enable_xla_devices not set
mse and spike frequency: 0.00144 22.18
[32m[I 2021-04-21 19:09:56,041][0m Trial 63 finished with values: [0.00144, 22.18] with parameters: {'Vahp': -23.5, 'Vth': -20.0, 'Vmax': 22.5, 't_ref': 18.0, 'R': 0.9, 'tau_m': 99.5, 'rate_low': 31.0, 'rate_high': 41.5}.[0m
2021-04-21 19:09:56.584251: I tensorflow/compiler/jit/xla_gpu_device.cc:99] Not creating XLA devices, tf_xla_enable_xla_devices not set
maxFreq at 10nA: 77.0
2021-04-21 19:10:18.715570: I tensorflow/compiler/jit/xla_gpu_device.cc:99] Not creating XLA devices, tf_xla_enable_xla_devices not set
2021-04-21 19:10:31.627656: I tensorflow/compiler/jit/xla_gpu_device.cc:99] Not creating XLA devices, tf_xla_enable_xla_devices not set
mse and spike frequency: 0.00066 12.92
[32m[I 2021-04-21 19:10:44,075][0m Trial 64 finished with values: [0.00066, 12.92] with parameters: {'Vahp': -49.0, 'Vth': -37.5, 'Vmax': 23.0, 't_ref': 11.5, 'R': 0.5, 'tau_m': 368.5, 'rate_low': 17.0, 'rate_high': 41.0}.[0m
2021-04-21 19:10:44.663759: I tensorflow/compiler/jit/xla_gpu_device.cc:99] Not creating XLA devices, tf_xla_enable_xla_devices not set
maxFreq at 10nA: 48.0
2021-04-21 19:11:07.397305: I tensorflow/compiler/jit/xla_gpu_device.cc:99] Not creating XLA devices, tf_xla_enable_xla_devices not set
2021-04-21 19:11:20.053669: I tensorflow/compiler/jit/xla_gpu_device.cc:99] Not creating XLA devices, tf_xla_enable_xla_devices not set
mse and spike frequency: 0.11775 0.0
[32m[I 2021-04-21 19:11:32,583][0m Trial 65 finished with values: [0.11775, 0.0] with parameters: {'Vahp': -51.5, 'Vth': -50.5, 'Vmax': 30.0, 't_ref': 19.5, 'R': 1.0, 'tau_m': 99.5, 'rate_low': 31.0, 'rate_high': 41.5}.[0m
2021-04-21 19:11:33.071248: I tensorflow/compiler/jit/xla_gpu_device.cc:99] Not creating XLA devices, tf_xla_enable_xla_devices not set
maxFreq at 10nA: 77.0
2021-04-21 19:11:56.322578: I tensorflow/compiler/jit/xla_gpu_device.cc:99] Not creating XLA devices, tf_xla_enable_xla_devices not set
2021-04-21 19:12:09.264203: I tensorflow/compiler/jit/xla_gpu_device.cc:99] Not creating XLA devices, tf_xla_enable_xla_devices not set
mse and spike frequency: 0.00094 13.84
[32m[I 2021-04-21 19:12:21,878][0m Trial 66 finished with values: [0.00094, 13.84] with parameters: {'Vahp': -47.0, 'Vth': -37.0, 'Vmax': 31.0, 't_ref': 11.5, 'R': 0.5, 'tau_m': 99.5, 'rate_low': 11.0, 'rate_high': 41.5}.[0m
2021-04-21 19:12:22.401600: I tensorflow/compiler/jit/xla_gpu_device.cc:99] Not creating XLA devices, tf_xla_enable_xla_devices not set
maxFreq at 10nA: 143.0
2021-04-21 19:12:45.498810: I tensorflow/compiler/jit/xla_gpu_device.cc:99] Not creating XLA devices, tf_xla_enable_xla_devices not set
2021-04-21 19:12:58.585897: I tensorflow/compiler/jit/xla_gpu_device.cc:99] Not creating XLA devices, tf_xla_enable_xla_devices not set
mse and spike frequency: 0.00057 40.97
[32m[I 2021-04-21 19:13:10,899][0m Trial 67 finished with values: [0.00057, 40.97] with parameters: {'Vahp': -51.5, 'Vth': -44.5, 'Vmax': 30.0, 't_ref': 5.5, 'R': 1.0, 'tau_m': 480.5, 'rate_low': 41.5, 'rate_high': 41.5}.[0m
2021-04-21 19:13:11.569365: I tensorflow/compiler/jit/xla_gpu_device.cc:99] Not creating XLA devices, tf_xla_enable_xla_devices not set
maxFreq at 10nA: 167.0
2021-04-21 19:13:35.387528: I tensorflow/compiler/jit/xla_gpu_device.cc:99] Not creating XLA devices, tf_xla_enable_xla_devices not set
2021-04-21 19:13:48.260737: I tensorflow/compiler/jit/xla_gpu_device.cc:99] Not creating XLA devices, tf_xla_enable_xla_devices not set
mse and spike frequency: 0.00097 5.42
[32m[I 2021-04-21 19:14:00,914][0m Trial 68 finished with values: [0.00097, 5.42] with parameters: {'Vahp': -48.5, 'Vth': -35.0, 'Vmax': 13.0, 't_ref': 5.0, 'R': 0.9, 'tau_m': 460.5, 'rate_low': 7.0, 'rate_high': 22.0}.[0m
2021-04-21 19:14:01.500674: I tensorflow/compiler/jit/xla_gpu_device.cc:99] Not creating XLA devices, tf_xla_enable_xla_devices not set
maxFreq at 10nA: 996.0
2021-04-21 19:14:26.346428: I tensorflow/compiler/jit/xla_gpu_device.cc:99] Not creating XLA devices, tf_xla_enable_xla_devices not set
2021-04-21 19:14:39.772028: I tensorflow/compiler/jit/xla_gpu_device.cc:99] Not creating XLA devices, tf_xla_enable_xla_devices not set
mse and spike frequency: 0.11775 0.0
[32m[I 2021-04-21 19:14:52,574][0m Trial 69 finished with values: [0.11775, 0.0] with parameters: {'Vahp': -33.0, 'Vth': -40.5, 'Vmax': 39.0, 't_ref': 8.0, 'R': 0.1, 'tau_m': 236.5, 'rate_low': 21.0, 'rate_high': 50.0}.[0m
2021-04-21 19:14:53.137850: I tensorflow/compiler/jit/xla_gpu_device.cc:99] Not creating XLA devices, tf_xla_enable_xla_devices not set
maxFreq at 10nA: 67.0
2021-04-21 19:15:18.119458: I tensorflow/compiler/jit/xla_gpu_device.cc:99] Not creating XLA devices, tf_xla_enable_xla_devices not set
2021-04-21 19:15:31.120450: I tensorflow/compiler/jit/xla_gpu_device.cc:99] Not creating XLA devices, tf_xla_enable_xla_devices not set
mse and spike frequency: 0.00098 9.43
[32m[I 2021-04-21 19:15:43,596][0m Trial 70 finished with values: [0.00098, 9.43] with parameters: {'Vahp': -45.0, 'Vth': -37.5, 'Vmax': 21.0, 't_ref': 13.5, 'R': 0.7000000000000001, 'tau_m': 492.0, 'rate_low': 7.0, 'rate_high': 43.0}.[0m
2021-04-21 19:15:44.245489: I tensorflow/compiler/jit/xla_gpu_device.cc:99] Not creating XLA devices, tf_xla_enable_xla_devices not set
maxFreq at 10nA: 56.0
2021-04-21 19:16:09.004133: I tensorflow/compiler/jit/xla_gpu_device.cc:99] Not creating XLA devices, tf_xla_enable_xla_devices not set
2021-04-21 19:16:22.046341: I tensorflow/compiler/jit/xla_gpu_device.cc:99] Not creating XLA devices, tf_xla_enable_xla_devices not set
mse and spike frequency: 0.00112 18.04
[32m[I 2021-04-21 19:16:35,566][0m Trial 71 finished with values: [0.00112, 18.04] with parameters: {'Vahp': -46.0, 'Vth': -22.0, 'Vmax': 26.0, 't_ref': 17.0, 'R': 0.30000000000000004, 'tau_m': 75.5, 'rate_low': 50.0, 'rate_high': 50.0}.[0m
2021-04-21 19:16:36.150379: I tensorflow/compiler/jit/xla_gpu_device.cc:99] Not creating XLA devices, tf_xla_enable_xla_devices not set
maxFreq at 10nA: 1000.0
2021-04-21 19:17:01.757856: I tensorflow/compiler/jit/xla_gpu_device.cc:99] Not creating XLA devices, tf_xla_enable_xla_devices not set
2021-04-21 19:17:15.083802: I tensorflow/compiler/jit/xla_gpu_device.cc:99] Not creating XLA devices, tf_xla_enable_xla_devices not set
mse and spike frequency: 0.11775 0.0
[32m[I 2021-04-21 19:17:28,652][0m Trial 72 finished with values: [0.11775, 0.0] with parameters: {'Vahp': -50.5, 'Vth': -58.0, 'Vmax': 32.0, 't_ref': 2.5, 'R': 0.5, 'tau_m': 45.5, 'rate_low': 25.0, 'rate_high': 30.5}.[0m
2021-04-21 19:17:29.249644: I tensorflow/compiler/jit/xla_gpu_device.cc:99] Not creating XLA devices, tf_xla_enable_xla_devices not set
maxFreq at 10nA: 1000.0
2021-04-21 19:17:54.874653: I tensorflow/compiler/jit/xla_gpu_device.cc:99] Not creating XLA devices, tf_xla_enable_xla_devices not set
2021-04-21 19:18:08.237826: I tensorflow/compiler/jit/xla_gpu_device.cc:99] Not creating XLA devices, tf_xla_enable_xla_devices not set
mse and spike frequency: 0.11771 1000.1
[32m[I 2021-04-21 19:18:22,027][0m Trial 73 finished with values: [0.11771, 1000.1] with parameters: {'Vahp': -36.0, 'Vth': -60.0, 'Vmax': 35.5, 't_ref': 6.0, 'R': 0.1, 'tau_m': 278.5, 'rate_low': 4.5, 'rate_high': 10.0}.[0m
2021-04-21 19:18:22.551569: I tensorflow/compiler/jit/xla_gpu_device.cc:99] Not creating XLA devices, tf_xla_enable_xla_devices not set
maxFreq at 10nA: 48.0
2021-04-21 19:18:48.214312: I tensorflow/compiler/jit/xla_gpu_device.cc:99] Not creating XLA devices, tf_xla_enable_xla_devices not set
2021-04-21 19:19:01.764502: I tensorflow/compiler/jit/xla_gpu_device.cc:99] Not creating XLA devices, tf_xla_enable_xla_devices not set
mse and spike frequency: 0.00122 10.32
[32m[I 2021-04-21 19:19:15,451][0m Trial 74 finished with values: [0.00122, 10.32] with parameters: {'Vahp': -54.0, 'Vth': -35.0, 'Vmax': 24.5, 't_ref': 20.0, 'R': 0.8, 'tau_m': 291.5, 'rate_low': 12.0, 'rate_high': 45.5}.[0m
2021-04-21 19:19:16.001734: I tensorflow/compiler/jit/xla_gpu_device.cc:99] Not creating XLA devices, tf_xla_enable_xla_devices not set
maxFreq at 10nA: 1000.0
2021-04-21 19:19:41.880990: I tensorflow/compiler/jit/xla_gpu_device.cc:99] Not creating XLA devices, tf_xla_enable_xla_devices not set
2021-04-21 19:19:55.956073: I tensorflow/compiler/jit/xla_gpu_device.cc:99] Not creating XLA devices, tf_xla_enable_xla_devices not set
mse and spike frequency: 0.11775 0.0
[32m[I 2021-04-21 19:20:10,268][0m Trial 75 finished with values: [0.11775, 0.0] with parameters: {'Vahp': -27.0, 'Vth': -54.5, 'Vmax': 21.0, 't_ref': 9.5, 'R': 0.5, 'tau_m': 149.5, 'rate_low': 39.5, 'rate_high': 44.0}.[0m
2021-04-21 19:20:10.780020: I tensorflow/compiler/jit/xla_gpu_device.cc:99] Not creating XLA devices, tf_xla_enable_xla_devices not set
maxFreq at 10nA: 53.0
2021-04-21 19:20:36.369330: I tensorflow/compiler/jit/xla_gpu_device.cc:99] Not creating XLA devices, tf_xla_enable_xla_devices not set
2021-04-21 19:20:50.484350: I tensorflow/compiler/jit/xla_gpu_device.cc:99] Not creating XLA devices, tf_xla_enable_xla_devices not set
mse and spike frequency: 0.16773 0.34
[32m[I 2021-04-21 19:21:04,794][0m Trial 76 finished with values: [0.16773, 0.34] with parameters: {'Vahp': -44.0, 'Vth': -41.0, 'Vmax': 26.0, 't_ref': 17.5, 'R': 1.0, 'tau_m': 122.0, 'rate_low': 22.5, 'rate_high': 40.0}.[0m
2021-04-21 19:21:05.367490: I tensorflow/compiler/jit/xla_gpu_device.cc:99] Not creating XLA devices, tf_xla_enable_xla_devices not set
maxFreq at 10nA: 1000.0
2021-04-21 19:21:31.825517: I tensorflow/compiler/jit/xla_gpu_device.cc:99] Not creating XLA devices, tf_xla_enable_xla_devices not set
2021-04-21 19:21:46.369919: I tensorflow/compiler/jit/xla_gpu_device.cc:99] Not creating XLA devices, tf_xla_enable_xla_devices not set
mse and spike frequency: 0.11775 0.0
[32m[I 2021-04-21 19:22:00,529][0m Trial 77 finished with values: [0.11775, 0.0] with parameters: {'Vahp': -42.0, 'Vth': -57.0, 'Vmax': 33.0, 't_ref': 18.0, 'R': 0.9, 'tau_m': 216.5, 'rate_low': 31.0, 'rate_high': 42.5}.[0m
2021-04-21 19:22:01.110866: I tensorflow/compiler/jit/xla_gpu_device.cc:99] Not creating XLA devices, tf_xla_enable_xla_devices not set
maxFreq at 10nA: 1000.0
2021-04-21 19:22:27.105897: I tensorflow/compiler/jit/xla_gpu_device.cc:99] Not creating XLA devices, tf_xla_enable_xla_devices not set
2021-04-21 19:22:41.627477: I tensorflow/compiler/jit/xla_gpu_device.cc:99] Not creating XLA devices, tf_xla_enable_xla_devices not set
mse and spike frequency: 0.11775 0.0
[32m[I 2021-04-21 19:22:56,102][0m Trial 78 finished with values: [0.11775, 0.0] with parameters: {'Vahp': -21.5, 'Vth': -54.5, 'Vmax': 22.5, 't_ref': 19.0, 'R': 0.5, 'tau_m': 149.5, 'rate_low': 39.5, 'rate_high': 44.0}.[0m
2021-04-21 19:22:56.643593: I tensorflow/compiler/jit/xla_gpu_device.cc:99] Not creating XLA devices, tf_xla_enable_xla_devices not set
maxFreq at 10nA: 999.0
2021-04-21 19:23:22.719530: I tensorflow/compiler/jit/xla_gpu_device.cc:99] Not creating XLA devices, tf_xla_enable_xla_devices not set
2021-04-21 19:23:37.423897: I tensorflow/compiler/jit/xla_gpu_device.cc:99] Not creating XLA devices, tf_xla_enable_xla_devices not set
mse and spike frequency: 0.11775 0.0
[32m[I 2021-04-21 19:23:52,027][0m Trial 79 finished with values: [0.11775, 0.0] with parameters: {'Vahp': -29.0, 'Vth': -39.0, 'Vmax': 15.0, 't_ref': 8.0, 'R': 0.2, 'tau_m': 146.5, 'rate_low': 50.0, 'rate_high': 50.0}.[0m
2021-04-21 19:23:52.550636: I tensorflow/compiler/jit/xla_gpu_device.cc:99] Not creating XLA devices, tf_xla_enable_xla_devices not set
maxFreq at 10nA: 72.0
2021-04-21 19:24:19.141774: I tensorflow/compiler/jit/xla_gpu_device.cc:99] Not creating XLA devices, tf_xla_enable_xla_devices not set
2021-04-21 19:24:34.086125: I tensorflow/compiler/jit/xla_gpu_device.cc:99] Not creating XLA devices, tf_xla_enable_xla_devices not set
mse and spike frequency: 0.01999 1.02
[32m[I 2021-04-21 19:24:48,828][0m Trial 80 finished with values: [0.01999, 1.02] with parameters: {'Vahp': -53.0, 'Vth': -28.0, 'Vmax': 27.5, 't_ref': 11.5, 'R': 0.5, 'tau_m': 278.5, 'rate_low': 4.5, 'rate_high': 10.0}.[0m
2021-04-21 19:24:49.433426: I tensorflow/compiler/jit/xla_gpu_device.cc:99] Not creating XLA devices, tf_xla_enable_xla_devices not set
maxFreq at 10nA: 50.0
2021-04-21 19:25:15.663481: I tensorflow/compiler/jit/xla_gpu_device.cc:99] Not creating XLA devices, tf_xla_enable_xla_devices not set
2021-04-21 19:25:31.008300: I tensorflow/compiler/jit/xla_gpu_device.cc:99] Not creating XLA devices, tf_xla_enable_xla_devices not set
mse and spike frequency: 0.08463 0.16
[32m[I 2021-04-21 19:25:45,599][0m Trial 81 finished with values: [0.08463, 0.16] with parameters: {'Vahp': -51.0, 'Vth': -21.0, 'Vmax': 28.5, 't_ref': 18.0, 'R': 0.5, 'tau_m': 316.0, 'rate_low': 3.0, 'rate_high': 10.0}.[0m
2021-04-21 19:25:46.205430: I tensorflow/compiler/jit/xla_gpu_device.cc:99] Not creating XLA devices, tf_xla_enable_xla_devices not set
maxFreq at 10nA: 500.0
2021-04-21 19:26:12.128835: I tensorflow/compiler/jit/xla_gpu_device.cc:99] Not creating XLA devices, tf_xla_enable_xla_devices not set
2021-04-21 19:26:27.785759: I tensorflow/compiler/jit/xla_gpu_device.cc:99] Not creating XLA devices, tf_xla_enable_xla_devices not set
mse and spike frequency: 0.0002 37.81
[32m[I 2021-04-21 19:26:41,874][0m Trial 82 finished with values: [0.0002, 37.81] with parameters: {'Vahp': -44.0, 'Vth': -29.0, 'Vmax': 16.5, 't_ref': 1.0, 'R': 0.8, 'tau_m': 420.5, 'rate_low': 42.5, 'rate_high': 50.0}.[0m
2021-04-21 19:26:42.406723: I tensorflow/compiler/jit/xla_gpu_device.cc:99] Not creating XLA devices, tf_xla_enable_xla_devices not set
maxFreq at 10nA: 77.0
2021-04-21 19:27:08.621816: I tensorflow/compiler/jit/xla_gpu_device.cc:99] Not creating XLA devices, tf_xla_enable_xla_devices not set
2021-04-21 19:27:24.111209: I tensorflow/compiler/jit/xla_gpu_device.cc:99] Not creating XLA devices, tf_xla_enable_xla_devices not set
mse and spike frequency: 0.00611 1.31
[32m[I 2021-04-21 19:27:38,493][0m Trial 83 finished with values: [0.00611, 1.31] with parameters: {'Vahp': -41.0, 'Vth': -20.0, 'Vmax': 24.5, 't_ref': 12.0, 'R': 0.2, 'tau_m': 79.0, 'rate_low': 3.0, 'rate_high': 39.0}.[0m
2021-04-21 19:27:39.079241: I tensorflow/compiler/jit/xla_gpu_device.cc:99] Not creating XLA devices, tf_xla_enable_xla_devices not set
maxFreq at 10nA: 1000.0
2021-04-21 19:28:05.332169: I tensorflow/compiler/jit/xla_gpu_device.cc:99] Not creating XLA devices, tf_xla_enable_xla_devices not set
2021-04-21 19:28:21.573981: I tensorflow/compiler/jit/xla_gpu_device.cc:99] Not creating XLA devices, tf_xla_enable_xla_devices not set
mse and spike frequency: 0.11775 0.0
[32m[I 2021-04-21 19:28:35,188][0m Trial 84 finished with values: [0.11775, 0.0] with parameters: {'Vahp': -50.5, 'Vth': -58.0, 'Vmax': 24.5, 't_ref': 18.0, 'R': 0.5, 'tau_m': 316.0, 'rate_low': 25.0, 'rate_high': 41.5}.[0m
2021-04-21 19:28:35.716870: I tensorflow/compiler/jit/xla_gpu_device.cc:99] Not creating XLA devices, tf_xla_enable_xla_devices not set
maxFreq at 10nA: 1000.0
2021-04-21 19:29:02.030230: I tensorflow/compiler/jit/xla_gpu_device.cc:99] Not creating XLA devices, tf_xla_enable_xla_devices not set
2021-04-21 19:29:18.238698: I tensorflow/compiler/jit/xla_gpu_device.cc:99] Not creating XLA devices, tf_xla_enable_xla_devices not set
mse and spike frequency: 0.11775 0.0
[32m[I 2021-04-21 19:29:32,535][0m Trial 85 finished with values: [0.11775, 0.0] with parameters: {'Vahp': -24.0, 'Vth': -30.5, 'Vmax': 13.0, 't_ref': 5.0, 'R': 0.7000000000000001, 'tau_m': 89.0, 'rate_low': 7.0, 'rate_high': 22.0}.[0m
2021-04-21 19:29:33.067222: I tensorflow/compiler/jit/xla_gpu_device.cc:99] Not creating XLA devices, tf_xla_enable_xla_devices not set
maxFreq at 10nA: 100.0
2021-04-21 19:29:59.331357: I tensorflow/compiler/jit/xla_gpu_device.cc:99] Not creating XLA devices, tf_xla_enable_xla_devices not set
2021-04-21 19:30:15.474546: I tensorflow/compiler/jit/xla_gpu_device.cc:99] Not creating XLA devices, tf_xla_enable_xla_devices not set
mse and spike frequency: 0.00081 11.98
[32m[I 2021-04-21 19:30:30,259][0m Trial 86 finished with values: [0.00081, 11.98] with parameters: {'Vahp': -58.5, 'Vth': -43.0, 'Vmax': 12.0, 't_ref': 7.5, 'R': 0.4, 'tau_m': 291.5, 'rate_low': 21.0, 'rate_high': 31.5}.[0m
2021-04-21 19:30:30.819623: I tensorflow/compiler/jit/xla_gpu_device.cc:99] Not creating XLA devices, tf_xla_enable_xla_devices not set
maxFreq at 10nA: 72.0
2021-04-21 19:30:57.691824: I tensorflow/compiler/jit/xla_gpu_device.cc:99] Not creating XLA devices, tf_xla_enable_xla_devices not set
2021-04-21 19:31:13.915759: I tensorflow/compiler/jit/xla_gpu_device.cc:99] Not creating XLA devices, tf_xla_enable_xla_devices not set
mse and spike frequency: 0.00072 15.85
[32m[I 2021-04-21 19:31:28,839][0m Trial 87 finished with values: [0.00072, 15.85] with parameters: {'Vahp': -58.5, 'Vth': -35.0, 'Vmax': 24.5, 't_ref': 13.0, 'R': 0.8, 'tau_m': 198.0, 'rate_low': 17.5, 'rate_high': 47.0}.[0m
2021-04-21 19:31:29.391448: I tensorflow/compiler/jit/xla_gpu_device.cc:99] Not creating XLA devices, tf_xla_enable_xla_devices not set
maxFreq at 10nA: 125.0
2021-04-21 19:31:56.262572: I tensorflow/compiler/jit/xla_gpu_device.cc:99] Not creating XLA devices, tf_xla_enable_xla_devices not set
2021-04-21 19:32:12.356729: I tensorflow/compiler/jit/xla_gpu_device.cc:99] Not creating XLA devices, tf_xla_enable_xla_devices not set
mse and spike frequency: 0.00044 38.94
[32m[I 2021-04-21 19:32:27,405][0m Trial 88 finished with values: [0.00044, 38.94] with parameters: {'Vahp': -50.0, 'Vth': -32.0, 'Vmax': 18.5, 't_ref': 7.0, 'R': 0.9, 'tau_m': 90.5, 'rate_low': 41.5, 'rate_high': 17.0}.[0m
2021-04-21 19:32:27.951757: I tensorflow/compiler/jit/xla_gpu_device.cc:99] Not creating XLA devices, tf_xla_enable_xla_devices not set
maxFreq at 10nA: 1000.0
2021-04-21 19:32:55.255989: I tensorflow/compiler/jit/xla_gpu_device.cc:99] Not creating XLA devices, tf_xla_enable_xla_devices not set
2021-04-21 19:33:10.936359: I tensorflow/compiler/jit/xla_gpu_device.cc:99] Not creating XLA devices, tf_xla_enable_xla_devices not set
mse and spike frequency: 0.11775 0.0
