[32m[I 2021-04-21 20:46:37,085][0m Trial 151 finished with values: [0.11775, 0.0] with parameters: {'Vahp': -28.0, 'Vth': -58.0, 'Vmax': 25.5, 't_ref': 2.5, 'R': 0.30000000000000004, 'tau_m': 45.5, 'rate_low': 42.5, 'rate_high': 50.0}.[0m
2021-04-21 20:46:37.760572: I tensorflow/compiler/jit/xla_gpu_device.cc:99] Not creating XLA devices, tf_xla_enable_xla_devices not set
maxFreq at 10nA: 1000.0
2021-04-21 20:47:13.017597: I tensorflow/compiler/jit/xla_gpu_device.cc:99] Not creating XLA devices, tf_xla_enable_xla_devices not set
2021-04-21 20:47:36.123452: I tensorflow/compiler/jit/xla_gpu_device.cc:99] Not creating XLA devices, tf_xla_enable_xla_devices not set
mse and spike frequency: 0.11775 0.0
[32m[I 2021-04-21 20:47:59,232][0m Trial 152 finished with values: [0.11775, 0.0] with parameters: {'Vahp': -23.0, 'Vth': -29.0, 'Vmax': 37.5, 't_ref': 11.5, 'R': 0.8, 'tau_m': 208.0, 'rate_low': 42.5, 'rate_high': 37.0}.[0m
2021-04-21 20:47:59.905291: I tensorflow/compiler/jit/xla_gpu_device.cc:99] Not creating XLA devices, tf_xla_enable_xla_devices not set
maxFreq at 10nA: 1000.0
2021-04-21 20:48:35.023674: I tensorflow/compiler/jit/xla_gpu_device.cc:99] Not creating XLA devices, tf_xla_enable_xla_devices not set
2021-04-21 20:48:58.478653: I tensorflow/compiler/jit/xla_gpu_device.cc:99] Not creating XLA devices, tf_xla_enable_xla_devices not set
mse and spike frequency: 0.11775 0.0
[32m[I 2021-04-21 20:49:21,710][0m Trial 153 finished with values: [0.11775, 0.0] with parameters: {'Vahp': -23.0, 'Vth': -52.5, 'Vmax': 37.5, 't_ref': 6.5, 'R': 0.4, 'tau_m': 23.5, 'rate_low': 31.5, 'rate_high': 46.5}.[0m
2021-04-21 20:49:22.374975: I tensorflow/compiler/jit/xla_gpu_device.cc:99] Not creating XLA devices, tf_xla_enable_xla_devices not set
maxFreq at 10nA: 1000.0
2021-04-21 20:49:58.224854: I tensorflow/compiler/jit/xla_gpu_device.cc:99] Not creating XLA devices, tf_xla_enable_xla_devices not set
2021-04-21 20:50:21.648772: I tensorflow/compiler/jit/xla_gpu_device.cc:99] Not creating XLA devices, tf_xla_enable_xla_devices not set
mse and spike frequency: 0.11775 0.0
[32m[I 2021-04-21 20:50:44,960][0m Trial 154 finished with values: [0.11775, 0.0] with parameters: {'Vahp': -24.0, 'Vth': -56.5, 'Vmax': 24.5, 't_ref': 18.0, 'R': 0.30000000000000004, 'tau_m': 316.0, 'rate_low': 7.0, 'rate_high': 48.5}.[0m
2021-04-21 20:50:45.633029: I tensorflow/compiler/jit/xla_gpu_device.cc:99] Not creating XLA devices, tf_xla_enable_xla_devices not set
maxFreq at 10nA: 250.0
2021-04-21 20:51:20.935342: I tensorflow/compiler/jit/xla_gpu_device.cc:99] Not creating XLA devices, tf_xla_enable_xla_devices not set
2021-04-21 20:51:44.544956: I tensorflow/compiler/jit/xla_gpu_device.cc:99] Not creating XLA devices, tf_xla_enable_xla_devices not set
mse and spike frequency: 0.00062 7.87
[32m[I 2021-04-21 20:52:08,036][0m Trial 155 finished with values: [0.00062, 7.87] with parameters: {'Vahp': -44.0, 'Vth': -29.0, 'Vmax': 15.0, 't_ref': 2.5, 'R': 0.9, 'tau_m': 203.5, 'rate_low': 4.5, 'rate_high': 26.0}.[0m
2021-04-21 20:52:08.732214: I tensorflow/compiler/jit/xla_gpu_device.cc:99] Not creating XLA devices, tf_xla_enable_xla_devices not set
maxFreq at 10nA: 125.0
2021-04-21 20:52:44.305518: I tensorflow/compiler/jit/xla_gpu_device.cc:99] Not creating XLA devices, tf_xla_enable_xla_devices not set
2021-04-21 20:53:08.538370: I tensorflow/compiler/jit/xla_gpu_device.cc:99] Not creating XLA devices, tf_xla_enable_xla_devices not set
mse and spike frequency: 0.11775 0.0
[32m[I 2021-04-21 20:53:31,326][0m Trial 156 finished with values: [0.11775, 0.0] with parameters: {'Vahp': -53.0, 'Vth': -52.5, 'Vmax': 27.5, 't_ref': 7.0, 'R': 0.6, 'tau_m': 342.0, 'rate_low': 50.0, 'rate_high': 50.0}.[0m
2021-04-21 20:53:32.028219: I tensorflow/compiler/jit/xla_gpu_device.cc:99] Not creating XLA devices, tf_xla_enable_xla_devices not set
maxFreq at 10nA: 1000.0
2021-04-21 20:54:07.694429: I tensorflow/compiler/jit/xla_gpu_device.cc:99] Not creating XLA devices, tf_xla_enable_xla_devices not set
2021-04-21 20:54:31.291536: I tensorflow/compiler/jit/xla_gpu_device.cc:99] Not creating XLA devices, tf_xla_enable_xla_devices not set
mse and spike frequency: 0.11775 0.0
[32m[I 2021-04-21 20:54:54,958][0m Trial 157 finished with values: [0.11775, 0.0] with parameters: {'Vahp': -50.5, 'Vth': -58.0, 'Vmax': 35.0, 't_ref': 1.0, 'R': 0.1, 'tau_m': 45.5, 'rate_low': 42.5, 'rate_high': 45.0}.[0m
2021-04-21 20:54:55.633469: I tensorflow/compiler/jit/xla_gpu_device.cc:99] Not creating XLA devices, tf_xla_enable_xla_devices not set
maxFreq at 10nA: 999.0
2021-04-21 20:55:31.045621: I tensorflow/compiler/jit/xla_gpu_device.cc:99] Not creating XLA devices, tf_xla_enable_xla_devices not set
2021-04-21 20:55:56.026463: I tensorflow/compiler/jit/xla_gpu_device.cc:99] Not creating XLA devices, tf_xla_enable_xla_devices not set
mse and spike frequency: 0.11775 0.0
[32m[I 2021-04-21 20:56:20,557][0m Trial 158 finished with values: [0.11775, 0.0] with parameters: {'Vahp': -29.0, 'Vth': -52.5, 'Vmax': 12.0, 't_ref': 8.0, 'R': 0.1, 'tau_m': 232.5, 'rate_low': 6.0, 'rate_high': 31.5}.[0m
2021-04-21 20:56:21.259260: I tensorflow/compiler/jit/xla_gpu_device.cc:99] Not creating XLA devices, tf_xla_enable_xla_devices not set
maxFreq at 10nA: 1000.0
2021-04-21 20:56:57.581924: I tensorflow/compiler/jit/xla_gpu_device.cc:99] Not creating XLA devices, tf_xla_enable_xla_devices not set
2021-04-21 20:57:23.300595: I tensorflow/compiler/jit/xla_gpu_device.cc:99] Not creating XLA devices, tf_xla_enable_xla_devices not set
mse and spike frequency: 0.11775 0.0
[32m[I 2021-04-21 20:57:48,378][0m Trial 159 finished with values: [0.11775, 0.0] with parameters: {'Vahp': -50.5, 'Vth': -52.5, 'Vmax': 15.5, 't_ref': 2.5, 'R': 0.6, 'tau_m': 185.5, 'rate_low': 25.0, 'rate_high': 50.0}.[0m
2021-04-21 20:57:49.234657: I tensorflow/compiler/jit/xla_gpu_device.cc:99] Not creating XLA devices, tf_xla_enable_xla_devices not set
maxFreq at 10nA: 334.0
2021-04-21 20:58:24.899009: I tensorflow/compiler/jit/xla_gpu_device.cc:99] Not creating XLA devices, tf_xla_enable_xla_devices not set
2021-04-21 20:58:50.541986: I tensorflow/compiler/jit/xla_gpu_device.cc:99] Not creating XLA devices, tf_xla_enable_xla_devices not set
mse and spike frequency: 0.00028 26.42
[32m[I 2021-04-21 20:59:15,544][0m Trial 160 finished with values: [0.00028, 26.42] with parameters: {'Vahp': -53.0, 'Vth': -20.0, 'Vmax': 29.0, 't_ref': 2.0, 'R': 0.5, 'tau_m': 88.0, 'rate_low': 24.5, 'rate_high': 27.5}.[0m
2021-04-21 20:59:16.238682: I tensorflow/compiler/jit/xla_gpu_device.cc:99] Not creating XLA devices, tf_xla_enable_xla_devices not set
maxFreq at 10nA: 1000.0
2021-04-21 20:59:51.980690: I tensorflow/compiler/jit/xla_gpu_device.cc:99] Not creating XLA devices, tf_xla_enable_xla_devices not set
2021-04-21 21:00:17.485375: I tensorflow/compiler/jit/xla_gpu_device.cc:99] Not creating XLA devices, tf_xla_enable_xla_devices not set
mse and spike frequency: 0.11775 0.0
[32m[I 2021-04-21 21:00:42,228][0m Trial 161 finished with values: [0.11775, 0.0] with parameters: {'Vahp': -56.5, 'Vth': -57.5, 'Vmax': 16.5, 't_ref': 17.5, 'R': 0.8, 'tau_m': 310.5, 'rate_low': 50.0, 'rate_high': 50.0}.[0m
2021-04-21 21:00:42.945952: I tensorflow/compiler/jit/xla_gpu_device.cc:99] Not creating XLA devices, tf_xla_enable_xla_devices not set
maxFreq at 10nA: 1000.0
2021-04-21 21:01:18.762715: I tensorflow/compiler/jit/xla_gpu_device.cc:99] Not creating XLA devices, tf_xla_enable_xla_devices not set
2021-04-21 21:01:44.987657: I tensorflow/compiler/jit/xla_gpu_device.cc:99] Not creating XLA devices, tf_xla_enable_xla_devices not set
mse and spike frequency: 0.11775 0.0
[32m[I 2021-04-21 21:02:10,940][0m Trial 162 finished with values: [0.11775, 0.0] with parameters: {'Vahp': -50.0, 'Vth': -58.0, 'Vmax': 24.5, 't_ref': 18.0, 'R': 0.5, 'tau_m': 316.0, 'rate_low': 25.0, 'rate_high': 36.0}.[0m
2021-04-21 21:02:11.652560: I tensorflow/compiler/jit/xla_gpu_device.cc:99] Not creating XLA devices, tf_xla_enable_xla_devices not set
maxFreq at 10nA: 1000.0
2021-04-21 21:02:47.571440: I tensorflow/compiler/jit/xla_gpu_device.cc:99] Not creating XLA devices, tf_xla_enable_xla_devices not set
2021-04-21 21:03:13.789702: I tensorflow/compiler/jit/xla_gpu_device.cc:99] Not creating XLA devices, tf_xla_enable_xla_devices not set
mse and spike frequency: 0.11775 0.0
[32m[I 2021-04-21 21:03:39,563][0m Trial 163 finished with values: [0.11775, 0.0] with parameters: {'Vahp': -29.0, 'Vth': -58.0, 'Vmax': 12.0, 't_ref': 8.0, 'R': 0.2, 'tau_m': 232.5, 'rate_low': 24.5, 'rate_high': 32.0}.[0m
2021-04-21 21:03:40.274179: I tensorflow/compiler/jit/xla_gpu_device.cc:99] Not creating XLA devices, tf_xla_enable_xla_devices not set
maxFreq at 10nA: 1000.0
2021-04-21 21:04:16.794639: I tensorflow/compiler/jit/xla_gpu_device.cc:99] Not creating XLA devices, tf_xla_enable_xla_devices not set
2021-04-21 21:04:43.064096: I tensorflow/compiler/jit/xla_gpu_device.cc:99] Not creating XLA devices, tf_xla_enable_xla_devices not set
mse and spike frequency: 0.11775 0.0
[32m[I 2021-04-21 21:05:08,161][0m Trial 164 finished with values: [0.11775, 0.0] with parameters: {'Vahp': -36.0, 'Vth': -51.5, 'Vmax': 27.5, 't_ref': 6.5, 'R': 0.5, 'tau_m': 278.5, 'rate_low': 15.5, 'rate_high': 10.0}.[0m
2021-04-21 21:05:08.874429: I tensorflow/compiler/jit/xla_gpu_device.cc:99] Not creating XLA devices, tf_xla_enable_xla_devices not set
maxFreq at 10nA: 999.0
2021-04-21 21:05:45.137163: I tensorflow/compiler/jit/xla_gpu_device.cc:99] Not creating XLA devices, tf_xla_enable_xla_devices not set
2021-04-21 21:06:10.924045: I tensorflow/compiler/jit/xla_gpu_device.cc:99] Not creating XLA devices, tf_xla_enable_xla_devices not set
mse and spike frequency: 0.11775 0.0
[32m[I 2021-04-21 21:06:36,406][0m Trial 165 finished with values: [0.11775, 0.0] with parameters: {'Vahp': -20.0, 'Vth': -42.5, 'Vmax': 16.5, 't_ref': 1.0, 'R': 0.5, 'tau_m': 442.5, 'rate_low': 42.5, 'rate_high': 50.0}.[0m
2021-04-21 21:06:37.116402: I tensorflow/compiler/jit/xla_gpu_device.cc:99] Not creating XLA devices, tf_xla_enable_xla_devices not set
maxFreq at 10nA: 1000.0
2021-04-21 21:07:14.813525: I tensorflow/compiler/jit/xla_gpu_device.cc:99] Not creating XLA devices, tf_xla_enable_xla_devices not set
2021-04-21 21:07:40.829811: I tensorflow/compiler/jit/xla_gpu_device.cc:99] Not creating XLA devices, tf_xla_enable_xla_devices not set
mse and spike frequency: 0.11775 0.0
[32m[I 2021-04-21 21:08:06,501][0m Trial 166 finished with values: [0.11775, 0.0] with parameters: {'Vahp': -34.0, 'Vth': -40.5, 'Vmax': 13.0, 't_ref': 5.0, 'R': 0.5, 'tau_m': 89.0, 'rate_low': 4.5, 'rate_high': 22.0}.[0m
2021-04-21 21:08:07.230956: I tensorflow/compiler/jit/xla_gpu_device.cc:99] Not creating XLA devices, tf_xla_enable_xla_devices not set
maxFreq at 10nA: 999.0
2021-04-21 21:08:45.103119: I tensorflow/compiler/jit/xla_gpu_device.cc:99] Not creating XLA devices, tf_xla_enable_xla_devices not set
2021-04-21 21:09:11.714313: I tensorflow/compiler/jit/xla_gpu_device.cc:99] Not creating XLA devices, tf_xla_enable_xla_devices not set
mse and spike frequency: 0.11775 0.0
[32m[I 2021-04-21 21:09:37,408][0m Trial 167 finished with values: [0.11775, 0.0] with parameters: {'Vahp': -31.0, 'Vth': -37.5, 'Vmax': 28.5, 't_ref': 18.0, 'R': 0.5, 'tau_m': 316.0, 'rate_low': 4.5, 'rate_high': 10.0}.[0m
2021-04-21 21:09:38.208075: I tensorflow/compiler/jit/xla_gpu_device.cc:99] Not creating XLA devices, tf_xla_enable_xla_devices not set
maxFreq at 10nA: 1000.0
2021-04-21 21:10:15.969847: I tensorflow/compiler/jit/xla_gpu_device.cc:99] Not creating XLA devices, tf_xla_enable_xla_devices not set
2021-04-21 21:10:42.930633: I tensorflow/compiler/jit/xla_gpu_device.cc:99] Not creating XLA devices, tf_xla_enable_xla_devices not set
mse and spike frequency: 0.11775 0.0
[32m[I 2021-04-21 21:11:08,146][0m Trial 168 finished with values: [0.11775, 0.0] with parameters: {'Vahp': -31.0, 'Vth': -58.0, 'Vmax': 27.0, 't_ref': 1.0, 'R': 0.5, 'tau_m': 45.5, 'rate_low': 42.5, 'rate_high': 41.5}.[0m
2021-04-21 21:11:08.992735: I tensorflow/compiler/jit/xla_gpu_device.cc:99] Not creating XLA devices, tf_xla_enable_xla_devices not set
maxFreq at 10nA: 111.0
2021-04-21 21:11:46.067042: I tensorflow/compiler/jit/xla_gpu_device.cc:99] Not creating XLA devices, tf_xla_enable_xla_devices not set
2021-04-21 21:12:12.973106: I tensorflow/compiler/jit/xla_gpu_device.cc:99] Not creating XLA devices, tf_xla_enable_xla_devices not set
mse and spike frequency: 0.04387 0.42
[32m[I 2021-04-21 21:12:37,697][0m Trial 169 finished with values: [0.04387, 0.42] with parameters: {'Vahp': -44.0, 'Vth': -29.0, 'Vmax': 24.5, 't_ref': 7.0, 'R': 0.5, 'tau_m': 420.5, 'rate_low': 4.5, 'rate_high': 10.0}.[0m
2021-04-21 21:12:38.604584: I tensorflow/compiler/jit/xla_gpu_device.cc:99] Not creating XLA devices, tf_xla_enable_xla_devices not set
maxFreq at 10nA: 125.0
2021-04-21 21:13:16.009986: I tensorflow/compiler/jit/xla_gpu_device.cc:99] Not creating XLA devices, tf_xla_enable_xla_devices not set
2021-04-21 21:13:42.826503: I tensorflow/compiler/jit/xla_gpu_device.cc:99] Not creating XLA devices, tf_xla_enable_xla_devices not set
mse and spike frequency: 0.11775 0.0
[32m[I 2021-04-21 21:14:07,880][0m Trial 170 finished with values: [0.11775, 0.0] with parameters: {'Vahp': -58.0, 'Vth': -53.0, 'Vmax': 28.5, 't_ref': 7.0, 'R': 0.5, 'tau_m': 342.0, 'rate_low': 3.5, 'rate_high': 10.0}.[0m
2021-04-21 21:14:08.696235: I tensorflow/compiler/jit/xla_gpu_device.cc:99] Not creating XLA devices, tf_xla_enable_xla_devices not set
maxFreq at 10nA: 1000.0
2021-04-21 21:14:45.746585: I tensorflow/compiler/jit/xla_gpu_device.cc:99] Not creating XLA devices, tf_xla_enable_xla_devices not set
2021-04-21 21:15:12.395681: I tensorflow/compiler/jit/xla_gpu_device.cc:99] Not creating XLA devices, tf_xla_enable_xla_devices not set
mse and spike frequency: 0.11775 0.0
[32m[I 2021-04-21 21:15:37,097][0m Trial 171 finished with values: [0.11775, 0.0] with parameters: {'Vahp': -36.0, 'Vth': -43.5, 'Vmax': 27.5, 't_ref': 5.5, 'R': 0.5, 'tau_m': 325.5, 'rate_low': 4.5, 'rate_high': 35.0}.[0m
2021-04-21 21:15:37.847510: I tensorflow/compiler/jit/xla_gpu_device.cc:99] Not creating XLA devices, tf_xla_enable_xla_devices not set
maxFreq at 10nA: 125.0
2021-04-21 21:16:14.689758: I tensorflow/compiler/jit/xla_gpu_device.cc:99] Not creating XLA devices, tf_xla_enable_xla_devices not set
2021-04-21 21:16:40.276091: I tensorflow/compiler/jit/xla_gpu_device.cc:99] Not creating XLA devices, tf_xla_enable_xla_devices not set
mse and spike frequency: 0.00091 4.3
[32m[I 2021-04-21 21:17:05,294][0m Trial 172 finished with values: [0.00091, 4.3] with parameters: {'Vahp': -50.5, 'Vth': -29.0, 'Vmax': 15.5, 't_ref': 7.0, 'R': 0.5, 'tau_m': 67.0, 'rate_low': 4.5, 'rate_high': 41.5}.[0m
2021-04-21 21:17:06.030726: I tensorflow/compiler/jit/xla_gpu_device.cc:99] Not creating XLA devices, tf_xla_enable_xla_devices not set
maxFreq at 10nA: 67.0
2021-04-21 21:17:43.236812: I tensorflow/compiler/jit/xla_gpu_device.cc:99] Not creating XLA devices, tf_xla_enable_xla_devices not set
2021-04-21 21:18:09.116236: I tensorflow/compiler/jit/xla_gpu_device.cc:99] Not creating XLA devices, tf_xla_enable_xla_devices not set
mse and spike frequency: 0.0013 5.33
[32m[I 2021-04-21 21:18:34,220][0m Trial 173 finished with values: [0.0013, 5.33] with parameters: {'Vahp': -50.5, 'Vth': -21.0, 'Vmax': 12.0, 't_ref': 14.0, 'R': 0.5, 'tau_m': 45.5, 'rate_low': 4.5, 'rate_high': 41.5}.[0m
2021-04-21 21:18:35.017524: I tensorflow/compiler/jit/xla_gpu_device.cc:99] Not creating XLA devices, tf_xla_enable_xla_devices not set
maxFreq at 10nA: 53.0
2021-04-21 21:19:12.274276: I tensorflow/compiler/jit/xla_gpu_device.cc:99] Not creating XLA devices, tf_xla_enable_xla_devices not set
2021-04-21 21:19:38.602372: I tensorflow/compiler/jit/xla_gpu_device.cc:99] Not creating XLA devices, tf_xla_enable_xla_devices not set
mse and spike frequency: 0.11775 0.0
[32m[I 2021-04-21 21:20:03,898][0m Trial 174 finished with values: [0.11775, 0.0] with parameters: {'Vahp': -36.5, 'Vth': -36.5, 'Vmax': 26.0, 't_ref': 18.0, 'R': 0.5, 'tau_m': 89.0, 'rate_low': 3.0, 'rate_high': 15.5}.[0m
2021-04-21 21:20:04.696649: I tensorflow/compiler/jit/xla_gpu_device.cc:99] Not creating XLA devices, tf_xla_enable_xla_devices not set
maxFreq at 10nA: 48.0
2021-04-21 21:20:42.731985: I tensorflow/compiler/jit/xla_gpu_device.cc:99] Not creating XLA devices, tf_xla_enable_xla_devices not set
2021-04-21 21:21:08.978934: I tensorflow/compiler/jit/xla_gpu_device.cc:99] Not creating XLA devices, tf_xla_enable_xla_devices not set
mse and spike frequency: 0.00473 2.47
[32m[I 2021-04-21 21:21:35,344][0m Trial 175 finished with values: [0.00473, 2.47] with parameters: {'Vahp': -51.0, 'Vth': -21.0, 'Vmax': 22.0, 't_ref': 18.0, 'R': 0.4, 'tau_m': 278.5, 'rate_low': 3.5, 'rate_high': 35.0}.[0m
2021-04-21 21:21:36.186378: I tensorflow/compiler/jit/xla_gpu_device.cc:99] Not creating XLA devices, tf_xla_enable_xla_devices not set
maxFreq at 10nA: 77.0
2021-04-21 21:22:14.543008: I tensorflow/compiler/jit/xla_gpu_device.cc:99] Not creating XLA devices, tf_xla_enable_xla_devices not set
2021-04-21 21:22:41.027011: I tensorflow/compiler/jit/xla_gpu_device.cc:99] Not creating XLA devices, tf_xla_enable_xla_devices not set
mse and spike frequency: 0.11772 3.0
[32m[I 2021-04-21 21:23:07,449][0m Trial 176 finished with values: [0.11772, 3.0] with parameters: {'Vahp': -23.0, 'Vth': -20.0, 'Vmax': 24.5, 't_ref': 11.5, 'R': 0.8, 'tau_m': 282.5, 'rate_low': 3.0, 'rate_high': 25.0}.[0m
2021-04-21 21:23:08.330564: I tensorflow/compiler/jit/xla_gpu_device.cc:99] Not creating XLA devices, tf_xla_enable_xla_devices not set
maxFreq at 10nA: 998.0
2021-04-21 21:23:46.179014: I tensorflow/compiler/jit/xla_gpu_device.cc:99] Not creating XLA devices, tf_xla_enable_xla_devices not set
2021-04-21 21:24:12.769995: I tensorflow/compiler/jit/xla_gpu_device.cc:99] Not creating XLA devices, tf_xla_enable_xla_devices not set
mse and spike frequency: 0.11775 0.0
[32m[I 2021-04-21 21:24:38,435][0m Trial 177 finished with values: [0.11775, 0.0] with parameters: {'Vahp': -23.0, 'Vth': -52.5, 'Vmax': 12.0, 't_ref': 7.5, 'R': 0.1, 'tau_m': 456.5, 'rate_low': 41.5, 'rate_high': 31.5}.[0m
2021-04-21 21:24:39.211663: I tensorflow/compiler/jit/xla_gpu_device.cc:99] Not creating XLA devices, tf_xla_enable_xla_devices not set
maxFreq at 10nA: 72.0
2021-04-21 21:25:16.928550: I tensorflow/compiler/jit/xla_gpu_device.cc:99] Not creating XLA devices, tf_xla_enable_xla_devices not set
2021-04-21 21:25:44.251100: I tensorflow/compiler/jit/xla_gpu_device.cc:99] Not creating XLA devices, tf_xla_enable_xla_devices not set
mse and spike frequency: 0.00122 10.46
[32m[I 2021-04-21 21:26:10,206][0m Trial 178 finished with values: [0.00122, 10.46] with parameters: {'Vahp': -34.5, 'Vth': -21.0, 'Vmax': 37.5, 't_ref': 11.5, 'R': 0.5, 'tau_m': 438.0, 'rate_low': 31.5, 'rate_high': 10.0}.[0m
2021-04-21 21:26:11.052504: I tensorflow/compiler/jit/xla_gpu_device.cc:99] Not creating XLA devices, tf_xla_enable_xla_devices not set
maxFreq at 10nA: 143.0
2021-04-21 21:26:48.560806: I tensorflow/compiler/jit/xla_gpu_device.cc:99] Not creating XLA devices, tf_xla_enable_xla_devices not set
2021-04-21 21:27:16.673094: I tensorflow/compiler/jit/xla_gpu_device.cc:99] Not creating XLA devices, tf_xla_enable_xla_devices not set
mse and spike frequency: 0.00052 44.73
[32m[I 2021-04-21 21:27:43,214][0m Trial 179 finished with values: [0.00052, 44.73] with parameters: {'Vahp': -51.5, 'Vth': -50.5, 'Vmax': 15.0, 't_ref': 5.5, 'R': 0.2, 'tau_m': 492.0, 'rate_low': 41.5, 'rate_high': 50.0}.[0m
2021-04-21 21:27:44.148879: I tensorflow/compiler/jit/xla_gpu_device.cc:99] Not creating XLA devices, tf_xla_enable_xla_devices not set
maxFreq at 10nA: 1000.0
2021-04-21 21:28:22.195351: I tensorflow/compiler/jit/xla_gpu_device.cc:99] Not creating XLA devices, tf_xla_enable_xla_devices not set
2021-04-21 21:28:50.473871: I tensorflow/compiler/jit/xla_gpu_device.cc:99] Not creating XLA devices, tf_xla_enable_xla_devices not set
mse and spike frequency: 0.11775 0.0
[32m[I 2021-04-21 21:29:17,026][0m Trial 180 finished with values: [0.11775, 0.0] with parameters: {'Vahp': -31.0, 'Vth': -56.0, 'Vmax': 29.5, 't_ref': 18.0, 'R': 0.5, 'tau_m': 354.5, 'rate_low': 4.5, 'rate_high': 41.5}.[0m
2021-04-21 21:29:17.996701: I tensorflow/compiler/jit/xla_gpu_device.cc:99] Not creating XLA devices, tf_xla_enable_xla_devices not set
maxFreq at 10nA: 53.0
2021-04-21 21:29:55.896602: I tensorflow/compiler/jit/xla_gpu_device.cc:99] Not creating XLA devices, tf_xla_enable_xla_devices not set
2021-04-21 21:30:24.599519: I tensorflow/compiler/jit/xla_gpu_device.cc:99] Not creating XLA devices, tf_xla_enable_xla_devices not set
mse and spike frequency: 0.00125 24.24
[32m[I 2021-04-21 21:30:51,479][0m Trial 181 finished with values: [0.00125, 24.24] with parameters: {'Vahp': -54.5, 'Vth': -50.5, 'Vmax': 24.5, 't_ref': 18.0, 'R': 0.5, 'tau_m': 142.0, 'rate_low': 46.5, 'rate_high': 41.5}.[0m
2021-04-21 21:30:52.503858: I tensorflow/compiler/jit/xla_gpu_device.cc:99] Not creating XLA devices, tf_xla_enable_xla_devices not set
maxFreq at 10nA: 1000.0
2021-04-21 21:31:30.453966: I tensorflow/compiler/jit/xla_gpu_device.cc:99] Not creating XLA devices, tf_xla_enable_xla_devices not set
2021-04-21 21:31:59.296202: I tensorflow/compiler/jit/xla_gpu_device.cc:99] Not creating XLA devices, tf_xla_enable_xla_devices not set
mse and spike frequency: 0.11775 0.0
