[32m[I 2021-04-21 22:53:12,852][0m Trial 229 finished with values: [0.11775, 0.0] with parameters: {'Vahp': -28.0, 'Vth': -49.5, 'Vmax': 16.5, 't_ref': 13.5, 'R': 1.0, 'tau_m': 81.5, 'R_adp': 0.1, 'tau_w': 424.5, 'a': 66.0, 'rate_low': 6.5, 'rate_high': 47.5}.[0m
2021-04-21 22:53:13.735438: I tensorflow/compiler/jit/xla_gpu_device.cc:99] Not creating XLA devices, tf_xla_enable_xla_devices not set
maxFreq at 10nA: 1000.0
2021-04-21 22:53:59.198519: I tensorflow/compiler/jit/xla_gpu_device.cc:99] Not creating XLA devices, tf_xla_enable_xla_devices not set
2021-04-21 22:54:35.255946: I tensorflow/compiler/jit/xla_gpu_device.cc:99] Not creating XLA devices, tf_xla_enable_xla_devices not set
mse and spike frequency: 0.11775 0.0
[32m[I 2021-04-21 22:55:10,350][0m Trial 230 finished with values: [0.11775, 0.0] with parameters: {'Vahp': -24.0, 'Vth': -55.0, 'Vmax': 23.5, 't_ref': 9.0, 'R': 0.1, 'tau_m': 261.5, 'R_adp': 0.2, 'tau_w': 24.0, 'a': 297.5, 'rate_low': 38.5, 'rate_high': 45.5}.[0m
2021-04-21 22:55:11.261510: I tensorflow/compiler/jit/xla_gpu_device.cc:99] Not creating XLA devices, tf_xla_enable_xla_devices not set
maxFreq at 10nA: 999.0
2021-04-21 22:55:56.341225: I tensorflow/compiler/jit/xla_gpu_device.cc:99] Not creating XLA devices, tf_xla_enable_xla_devices not set
2021-04-21 22:56:32.451847: I tensorflow/compiler/jit/xla_gpu_device.cc:99] Not creating XLA devices, tf_xla_enable_xla_devices not set
mse and spike frequency: 0.11775 0.0
[32m[I 2021-04-21 22:57:07,852][0m Trial 231 finished with values: [0.11775, 0.0] with parameters: {'Vahp': -44.5, 'Vth': -50.5, 'Vmax': 38.0, 't_ref': 2.5, 'R': 0.1, 'tau_m': 205.0, 'R_adp': 0.6, 'tau_w': 238.0, 'a': 72.0, 'rate_low': 35.5, 'rate_high': 44.5}.[0m
2021-04-21 22:57:08.730457: I tensorflow/compiler/jit/xla_gpu_device.cc:99] Not creating XLA devices, tf_xla_enable_xla_devices not set
maxFreq at 10nA: 56.0
2021-04-21 22:57:53.502725: I tensorflow/compiler/jit/xla_gpu_device.cc:99] Not creating XLA devices, tf_xla_enable_xla_devices not set
2021-04-21 22:58:29.615993: I tensorflow/compiler/jit/xla_gpu_device.cc:99] Not creating XLA devices, tf_xla_enable_xla_devices not set
mse and spike frequency: 0.15335 7.82
[32m[I 2021-04-21 22:59:05,217][0m Trial 232 finished with values: [0.15335, 7.82] with parameters: {'Vahp': -55.0, 'Vth': -45.5, 'Vmax': 34.5, 't_ref': 17.0, 'R': 1.0, 'tau_m': 141.0, 'R_adp': 0.9, 'tau_w': 265.0, 'a': 66.0, 'rate_low': 6.5, 'rate_high': 45.0}.[0m
2021-04-21 22:59:06.144599: I tensorflow/compiler/jit/xla_gpu_device.cc:99] Not creating XLA devices, tf_xla_enable_xla_devices not set
maxFreq at 10nA: 1000.0
2021-04-21 22:59:50.825288: I tensorflow/compiler/jit/xla_gpu_device.cc:99] Not creating XLA devices, tf_xla_enable_xla_devices not set
2021-04-21 23:00:27.336356: I tensorflow/compiler/jit/xla_gpu_device.cc:99] Not creating XLA devices, tf_xla_enable_xla_devices not set
mse and spike frequency: 0.11775 0.0
[32m[I 2021-04-21 23:01:03,605][0m Trial 233 finished with values: [0.11775, 0.0] with parameters: {'Vahp': -24.0, 'Vth': -43.0, 'Vmax': 16.5, 't_ref': 13.5, 'R': 1.0, 'tau_m': 382.0, 'R_adp': 0.5, 'tau_w': 187.0, 'a': 135.0, 'rate_low': 4.0, 'rate_high': 23.0}.[0m
2021-04-21 23:01:04.608698: I tensorflow/compiler/jit/xla_gpu_device.cc:99] Not creating XLA devices, tf_xla_enable_xla_devices not set
maxFreq at 10nA: 999.0
2021-04-21 23:01:49.702552: I tensorflow/compiler/jit/xla_gpu_device.cc:99] Not creating XLA devices, tf_xla_enable_xla_devices not set
2021-04-21 23:02:26.694566: I tensorflow/compiler/jit/xla_gpu_device.cc:99] Not creating XLA devices, tf_xla_enable_xla_devices not set
mse and spike frequency: 0.11775 0.0
[32m[I 2021-04-21 23:03:01,439][0m Trial 234 finished with values: [0.11775, 0.0] with parameters: {'Vahp': -40.5, 'Vth': -49.5, 'Vmax': 34.5, 't_ref': 19.5, 'R': 0.2, 'tau_m': 371.0, 'R_adp': 0.1, 'tau_w': 424.5, 'a': 207.5, 'rate_low': 22.5, 'rate_high': 23.0}.[0m
2021-04-21 23:03:02.537465: I tensorflow/compiler/jit/xla_gpu_device.cc:99] Not creating XLA devices, tf_xla_enable_xla_devices not set
maxFreq at 10nA: 1000.0
2021-04-21 23:03:47.917611: I tensorflow/compiler/jit/xla_gpu_device.cc:99] Not creating XLA devices, tf_xla_enable_xla_devices not set
2021-04-21 23:04:24.172542: I tensorflow/compiler/jit/xla_gpu_device.cc:99] Not creating XLA devices, tf_xla_enable_xla_devices not set
mse and spike frequency: 0.11775 0.0
[32m[I 2021-04-21 23:04:57,925][0m Trial 235 finished with values: [0.11775, 0.0] with parameters: {'Vahp': -22.5, 'Vth': -50.5, 'Vmax': 28.0, 't_ref': 20.0, 'R': 0.4, 'tau_m': 481.0, 'R_adp': 0.8, 'tau_w': 168.0, 'a': 356.5, 'rate_low': 43.0, 'rate_high': 47.5}.[0m
2021-04-21 23:04:58.847004: I tensorflow/compiler/jit/xla_gpu_device.cc:99] Not creating XLA devices, tf_xla_enable_xla_devices not set
maxFreq at 10nA: 999.0
2021-04-21 23:05:44.134065: I tensorflow/compiler/jit/xla_gpu_device.cc:99] Not creating XLA devices, tf_xla_enable_xla_devices not set
2021-04-21 23:06:19.787916: I tensorflow/compiler/jit/xla_gpu_device.cc:99] Not creating XLA devices, tf_xla_enable_xla_devices not set
mse and spike frequency: 0.11775 0.0
[32m[I 2021-04-21 23:06:54,726][0m Trial 236 finished with values: [0.11775, 0.0] with parameters: {'Vahp': -21.5, 'Vth': -55.5, 'Vmax': 34.5, 't_ref': 18.0, 'R': 0.1, 'tau_m': 475.0, 'R_adp': 0.9, 'tau_w': 117.0, 'a': 485.0, 'rate_low': 49.5, 'rate_high': 49.5}.[0m
2021-04-21 23:06:55.669149: I tensorflow/compiler/jit/xla_gpu_device.cc:99] Not creating XLA devices, tf_xla_enable_xla_devices not set
maxFreq at 10nA: 1000.0
2021-04-21 23:07:41.264841: I tensorflow/compiler/jit/xla_gpu_device.cc:99] Not creating XLA devices, tf_xla_enable_xla_devices not set
2021-04-21 23:08:17.843729: I tensorflow/compiler/jit/xla_gpu_device.cc:99] Not creating XLA devices, tf_xla_enable_xla_devices not set
mse and spike frequency: 0.11775 0.0
[32m[I 2021-04-21 23:08:53,546][0m Trial 237 finished with values: [0.11775, 0.0] with parameters: {'Vahp': -28.0, 'Vth': -48.5, 'Vmax': 37.0, 't_ref': 18.0, 'R': 0.4, 'tau_m': 16.0, 'R_adp': 0.6, 'tau_w': 137.5, 'a': 144.0, 'rate_low': 6.5, 'rate_high': 36.5}.[0m
2021-04-21 23:08:54.643857: I tensorflow/compiler/jit/xla_gpu_device.cc:99] Not creating XLA devices, tf_xla_enable_xla_devices not set
maxFreq at 10nA: 1000.0
2021-04-21 23:09:40.000258: I tensorflow/compiler/jit/xla_gpu_device.cc:99] Not creating XLA devices, tf_xla_enable_xla_devices not set
2021-04-21 23:10:17.411841: I tensorflow/compiler/jit/xla_gpu_device.cc:99] Not creating XLA devices, tf_xla_enable_xla_devices not set
mse and spike frequency: 0.11775 0.0
[32m[I 2021-04-21 23:10:53,285][0m Trial 238 finished with values: [0.11775, 0.0] with parameters: {'Vahp': -31.5, 'Vth': -33.5, 'Vmax': 34.5, 't_ref': 19.0, 'R': 0.7000000000000001, 'tau_m': 102.0, 'R_adp': 0.8, 'tau_w': 311.5, 'a': 307.0, 'rate_low': 32.5, 'rate_high': 36.0}.[0m
2021-04-21 23:10:54.209562: I tensorflow/compiler/jit/xla_gpu_device.cc:99] Not creating XLA devices, tf_xla_enable_xla_devices not set
maxFreq at 10nA: 999.0
2021-04-21 23:11:40.107087: I tensorflow/compiler/jit/xla_gpu_device.cc:99] Not creating XLA devices, tf_xla_enable_xla_devices not set
2021-04-21 23:12:17.794915: I tensorflow/compiler/jit/xla_gpu_device.cc:99] Not creating XLA devices, tf_xla_enable_xla_devices not set
mse and spike frequency: 0.11775 0.0
[32m[I 2021-04-21 23:12:54,065][0m Trial 239 finished with values: [0.11775, 0.0] with parameters: {'Vahp': -28.0, 'Vth': -53.0, 'Vmax': 15.0, 't_ref': 14.5, 'R': 0.2, 'tau_m': 484.0, 'R_adp': 0.6, 'tau_w': 76.5, 'a': 66.0, 'rate_low': 43.5, 'rate_high': 25.5}.[0m
2021-04-21 23:12:55.042727: I tensorflow/compiler/jit/xla_gpu_device.cc:99] Not creating XLA devices, tf_xla_enable_xla_devices not set
maxFreq at 10nA: 1000.0
2021-04-21 23:13:40.090588: I tensorflow/compiler/jit/xla_gpu_device.cc:99] Not creating XLA devices, tf_xla_enable_xla_devices not set
2021-04-21 23:14:17.978663: I tensorflow/compiler/jit/xla_gpu_device.cc:99] Not creating XLA devices, tf_xla_enable_xla_devices not set
mse and spike frequency: 0.11775 0.0
[32m[I 2021-04-21 23:14:54,763][0m Trial 240 finished with values: [0.11775, 0.0] with parameters: {'Vahp': -40.0, 'Vth': -53.0, 'Vmax': 34.5, 't_ref': 17.0, 'R': 1.0, 'tau_m': 198.5, 'R_adp': 0.4, 'tau_w': 265.0, 'a': 66.0, 'rate_low': 6.5, 'rate_high': 45.0}.[0m
2021-04-21 23:14:55.689456: I tensorflow/compiler/jit/xla_gpu_device.cc:99] Not creating XLA devices, tf_xla_enable_xla_devices not set
maxFreq at 10nA: 13.0
2021-04-21 23:15:41.966335: I tensorflow/compiler/jit/xla_gpu_device.cc:99] Not creating XLA devices, tf_xla_enable_xla_devices not set
2021-04-21 23:16:19.590672: I tensorflow/compiler/jit/xla_gpu_device.cc:99] Not creating XLA devices, tf_xla_enable_xla_devices not set
mse and spike frequency: 0.11039 0.38
[32m[I 2021-04-21 23:16:56,543][0m Trial 241 finished with values: [0.11039, 0.38] with parameters: {'Vahp': -55.0, 'Vth': -45.5, 'Vmax': 26.0, 't_ref': 8.0, 'R': 0.1, 'tau_m': 141.0, 'R_adp': 0.7000000000000001, 'tau_w': 407.0, 'a': 386.0, 'rate_low': 5.5, 'rate_high': 38.0}.[0m
2021-04-21 23:16:57.486088: I tensorflow/compiler/jit/xla_gpu_device.cc:99] Not creating XLA devices, tf_xla_enable_xla_devices not set
maxFreq at 10nA: 1000.0
2021-04-21 23:17:43.711102: I tensorflow/compiler/jit/xla_gpu_device.cc:99] Not creating XLA devices, tf_xla_enable_xla_devices not set
2021-04-21 23:18:21.873618: I tensorflow/compiler/jit/xla_gpu_device.cc:99] Not creating XLA devices, tf_xla_enable_xla_devices not set
mse and spike frequency: 0.11775 0.0
[32m[I 2021-04-21 23:18:59,829][0m Trial 242 finished with values: [0.11775, 0.0] with parameters: {'Vahp': -40.0, 'Vth': -48.5, 'Vmax': 34.5, 't_ref': 17.0, 'R': 0.7000000000000001, 'tau_m': 225.0, 'R_adp': 0.2, 'tau_w': 265.0, 'a': 386.0, 'rate_low': 6.5, 'rate_high': 45.0}.[0m
2021-04-21 23:19:00.771062: I tensorflow/compiler/jit/xla_gpu_device.cc:99] Not creating XLA devices, tf_xla_enable_xla_devices not set
maxFreq at 10nA: 1000.0
2021-04-21 23:19:46.902593: I tensorflow/compiler/jit/xla_gpu_device.cc:99] Not creating XLA devices, tf_xla_enable_xla_devices not set
2021-04-21 23:20:25.215311: I tensorflow/compiler/jit/xla_gpu_device.cc:99] Not creating XLA devices, tf_xla_enable_xla_devices not set
mse and spike frequency: 0.11775 0.0
[32m[I 2021-04-21 23:21:02,725][0m Trial 243 finished with values: [0.11775, 0.0] with parameters: {'Vahp': -31.0, 'Vth': -51.5, 'Vmax': 12.5, 't_ref': 12.5, 'R': 0.5, 'tau_m': 102.0, 'R_adp': 0.2, 'tau_w': 311.5, 'a': 307.0, 'rate_low': 21.5, 'rate_high': 31.0}.[0m
2021-04-21 23:21:03.632096: I tensorflow/compiler/jit/xla_gpu_device.cc:99] Not creating XLA devices, tf_xla_enable_xla_devices not set
maxFreq at 10nA: 999.0
2021-04-21 23:21:50.521180: I tensorflow/compiler/jit/xla_gpu_device.cc:99] Not creating XLA devices, tf_xla_enable_xla_devices not set
2021-04-21 23:22:29.815656: I tensorflow/compiler/jit/xla_gpu_device.cc:99] Not creating XLA devices, tf_xla_enable_xla_devices not set
mse and spike frequency: 0.11775 0.0
[32m[I 2021-04-21 23:23:07,412][0m Trial 244 finished with values: [0.11775, 0.0] with parameters: {'Vahp': -41.5, 'Vth': -49.5, 'Vmax': 16.5, 't_ref': 11.0, 'R': 0.2, 'tau_m': 371.0, 'R_adp': 0.1, 'tau_w': 424.5, 'a': 135.0, 'rate_low': 22.5, 'rate_high': 47.5}.[0m
2021-04-21 23:23:08.316545: I tensorflow/compiler/jit/xla_gpu_device.cc:99] Not creating XLA devices, tf_xla_enable_xla_devices not set
maxFreq at 10nA: 1000.0
2021-04-21 23:23:54.243569: I tensorflow/compiler/jit/xla_gpu_device.cc:99] Not creating XLA devices, tf_xla_enable_xla_devices not set
2021-04-21 23:24:33.817256: I tensorflow/compiler/jit/xla_gpu_device.cc:99] Not creating XLA devices, tf_xla_enable_xla_devices not set
mse and spike frequency: 0.11775 0.0
[32m[I 2021-04-21 23:25:11,723][0m Trial 245 finished with values: [0.11775, 0.0] with parameters: {'Vahp': -20.0, 'Vth': -53.0, 'Vmax': 25.5, 't_ref': 15.5, 'R': 1.0, 'tau_m': 481.0, 'R_adp': 0.30000000000000004, 'tau_w': 75.0, 'a': 255.5, 'rate_low': 38.5, 'rate_high': 31.0}.[0m
2021-04-21 23:25:12.621910: I tensorflow/compiler/jit/xla_gpu_device.cc:99] Not creating XLA devices, tf_xla_enable_xla_devices not set
maxFreq at 10nA: 200.0
2021-04-21 23:25:59.028124: I tensorflow/compiler/jit/xla_gpu_device.cc:99] Not creating XLA devices, tf_xla_enable_xla_devices not set
2021-04-21 23:26:38.005953: I tensorflow/compiler/jit/xla_gpu_device.cc:99] Not creating XLA devices, tf_xla_enable_xla_devices not set
mse and spike frequency: 0.00247 41.44
[32m[I 2021-04-21 23:27:16,366][0m Trial 246 finished with values: [0.00247, 41.44] with parameters: {'Vahp': -48.0, 'Vth': -45.5, 'Vmax': 10.0, 't_ref': 3.5, 'R': 1.0, 'tau_m': 81.5, 'R_adp': 0.2, 'tau_w': 75.0, 'a': 386.0, 'rate_low': 38.5, 'rate_high': 16.0}.[0m
2021-04-21 23:27:17.313097: I tensorflow/compiler/jit/xla_gpu_device.cc:99] Not creating XLA devices, tf_xla_enable_xla_devices not set
maxFreq at 10nA: 1000.0
2021-04-21 23:28:04.259937: I tensorflow/compiler/jit/xla_gpu_device.cc:99] Not creating XLA devices, tf_xla_enable_xla_devices not set
2021-04-21 23:28:43.209860: I tensorflow/compiler/jit/xla_gpu_device.cc:99] Not creating XLA devices, tf_xla_enable_xla_devices not set
mse and spike frequency: 0.11775 0.0
[32m[I 2021-04-21 23:29:20,893][0m Trial 247 finished with values: [0.11775, 0.0] with parameters: {'Vahp': -48.0, 'Vth': -50.5, 'Vmax': 17.5, 't_ref': 13.0, 'R': 0.1, 'tau_m': 36.5, 'R_adp': 0.2, 'tau_w': 169.0, 'a': 370.0, 'rate_low': 43.5, 'rate_high': 23.0}.[0m
2021-04-21 23:29:21.777814: I tensorflow/compiler/jit/xla_gpu_device.cc:99] Not creating XLA devices, tf_xla_enable_xla_devices not set
maxFreq at 10nA: 19.0
2021-04-21 23:30:07.610493: I tensorflow/compiler/jit/xla_gpu_device.cc:99] Not creating XLA devices, tf_xla_enable_xla_devices not set
2021-04-21 23:30:47.222084: I tensorflow/compiler/jit/xla_gpu_device.cc:99] Not creating XLA devices, tf_xla_enable_xla_devices not set
mse and spike frequency: 0.20918 1.07
[32m[I 2021-04-21 23:31:25,460][0m Trial 248 finished with values: [0.20918, 1.07] with parameters: {'Vahp': -55.0, 'Vth': -50.5, 'Vmax': 34.5, 't_ref': 8.0, 'R': 0.1, 'tau_m': 36.5, 'R_adp': 0.6, 'tau_w': 407.0, 'a': 307.0, 'rate_low': 5.5, 'rate_high': 45.5}.[0m
2021-04-21 23:31:26.380052: I tensorflow/compiler/jit/xla_gpu_device.cc:99] Not creating XLA devices, tf_xla_enable_xla_devices not set
maxFreq at 10nA: 1000.0
2021-04-21 23:32:12.924613: I tensorflow/compiler/jit/xla_gpu_device.cc:99] Not creating XLA devices, tf_xla_enable_xla_devices not set
2021-04-21 23:32:52.193527: I tensorflow/compiler/jit/xla_gpu_device.cc:99] Not creating XLA devices, tf_xla_enable_xla_devices not set
mse and spike frequency: 0.11775 0.0
[32m[I 2021-04-21 23:33:29,691][0m Trial 249 finished with values: [0.11775, 0.0] with parameters: {'Vahp': -35.5, 'Vth': -50.5, 'Vmax': 31.0, 't_ref': 17.0, 'R': 1.0, 'tau_m': 81.5, 'R_adp': 0.7000000000000001, 'tau_w': 279.0, 'a': 66.0, 'rate_low': 33.5, 'rate_high': 49.5}.[0m
2021-04-21 23:33:30.670971: I tensorflow/compiler/jit/xla_gpu_device.cc:99] Not creating XLA devices, tf_xla_enable_xla_devices not set
maxFreq at 10nA: 1000.0
2021-04-21 23:34:17.422029: I tensorflow/compiler/jit/xla_gpu_device.cc:99] Not creating XLA devices, tf_xla_enable_xla_devices not set
2021-04-21 23:34:56.158934: I tensorflow/compiler/jit/xla_gpu_device.cc:99] Not creating XLA devices, tf_xla_enable_xla_devices not set
