[32m[I 2021-04-21 22:54:52,622][0m Trial 229 finished with values: [0.11775, 0.0] with parameters: {'Vahp': -31.5, 'Vth': -55.0, 'Vmax': 18.5, 't_ref': 11.5, 'R': 0.30000000000000004, 'tau_m': 412.0, 'R_adp': 0.8, 'tau_w': 37.5, 'a': 141.0, 'rate_low': 25.5, 'rate_high': 28.5}.[0m
2021-04-21 22:54:53.489214: I tensorflow/compiler/jit/xla_gpu_device.cc:99] Not creating XLA devices, tf_xla_enable_xla_devices not set
maxFreq at 10nA: 43.0
2021-04-21 22:55:38.804515: I tensorflow/compiler/jit/xla_gpu_device.cc:99] Not creating XLA devices, tf_xla_enable_xla_devices not set
2021-04-21 22:56:13.018799: I tensorflow/compiler/jit/xla_gpu_device.cc:99] Not creating XLA devices, tf_xla_enable_xla_devices not set
mse and spike frequency: 35.55745 6.34
[32m[I 2021-04-21 22:56:46,979][0m Trial 230 finished with values: [35.55745, 6.34] with parameters: {'Vahp': -33.5, 'Vth': -23.0, 'Vmax': 11.5, 't_ref': 2.5, 'R': 0.2, 'tau_m': 247.0, 'R_adp': 1.0, 'tau_w': 178.5, 'a': 279.0, 'rate_low': 33.0, 'rate_high': 50.0}.[0m
2021-04-21 22:56:47.857982: I tensorflow/compiler/jit/xla_gpu_device.cc:99] Not creating XLA devices, tf_xla_enable_xla_devices not set
maxFreq at 10nA: 1000.0
2021-04-21 22:57:33.629174: I tensorflow/compiler/jit/xla_gpu_device.cc:99] Not creating XLA devices, tf_xla_enable_xla_devices not set
2021-04-21 22:58:07.605687: I tensorflow/compiler/jit/xla_gpu_device.cc:99] Not creating XLA devices, tf_xla_enable_xla_devices not set
mse and spike frequency: 0.11775 0.0
[32m[I 2021-04-21 22:58:41,538][0m Trial 231 finished with values: [0.11775, 0.0] with parameters: {'Vahp': -36.5, 'Vth': -46.0, 'Vmax': 32.5, 't_ref': 8.5, 'R': 0.30000000000000004, 'tau_m': 70.5, 'R_adp': 0.9, 'tau_w': 1.5, 'a': 160.5, 'rate_low': 13.0, 'rate_high': 41.5}.[0m
2021-04-21 22:58:42.496633: I tensorflow/compiler/jit/xla_gpu_device.cc:99] Not creating XLA devices, tf_xla_enable_xla_devices not set
maxFreq at 10nA: 1000.0
2021-04-21 22:59:27.186634: I tensorflow/compiler/jit/xla_gpu_device.cc:99] Not creating XLA devices, tf_xla_enable_xla_devices not set
2021-04-21 23:00:01.621764: I tensorflow/compiler/jit/xla_gpu_device.cc:99] Not creating XLA devices, tf_xla_enable_xla_devices not set
mse and spike frequency: 0.11775 0.0
[32m[I 2021-04-21 23:00:36,414][0m Trial 232 finished with values: [0.11775, 0.0] with parameters: {'Vahp': -36.5, 'Vth': -47.5, 'Vmax': 23.0, 't_ref': 8.0, 'R': 0.2, 'tau_m': 107.5, 'R_adp': 0.5, 'tau_w': 61.0, 'a': 160.5, 'rate_low': 6.5, 'rate_high': 47.0}.[0m
2021-04-21 23:00:37.296129: I tensorflow/compiler/jit/xla_gpu_device.cc:99] Not creating XLA devices, tf_xla_enable_xla_devices not set
maxFreq at 10nA: 48.0
2021-04-21 23:01:23.163353: I tensorflow/compiler/jit/xla_gpu_device.cc:99] Not creating XLA devices, tf_xla_enable_xla_devices not set
2021-04-21 23:01:57.865420: I tensorflow/compiler/jit/xla_gpu_device.cc:99] Not creating XLA devices, tf_xla_enable_xla_devices not set
mse and spike frequency: 0.00122 8.88
[32m[I 2021-04-21 23:02:31,744][0m Trial 233 finished with values: [0.00122, 8.88] with parameters: {'Vahp': -57.5, 'Vth': -31.0, 'Vmax': 28.5, 't_ref': 18.5, 'R': 1.0, 'tau_m': 423.0, 'R_adp': 0.2, 'tau_w': 31.0, 'a': 113.5, 'rate_low': 21.0, 'rate_high': 26.0}.[0m
2021-04-21 23:02:32.639860: I tensorflow/compiler/jit/xla_gpu_device.cc:99] Not creating XLA devices, tf_xla_enable_xla_devices not set
maxFreq at 10nA: 82.0
2021-04-21 23:03:18.465144: I tensorflow/compiler/jit/xla_gpu_device.cc:99] Not creating XLA devices, tf_xla_enable_xla_devices not set
2021-04-21 23:03:54.302443: I tensorflow/compiler/jit/xla_gpu_device.cc:99] Not creating XLA devices, tf_xla_enable_xla_devices not set
mse and spike frequency: 0.36348 2.65
[32m[I 2021-04-21 23:04:30,256][0m Trial 234 finished with values: [0.36348, 2.65] with parameters: {'Vahp': -46.5, 'Vth': -23.0, 'Vmax': 14.0, 't_ref': 10.0, 'R': 0.5, 'tau_m': 351.5, 'R_adp': 0.6, 'tau_w': 392.0, 'a': 51.5, 'rate_low': 13.0, 'rate_high': 12.0}.[0m
2021-04-21 23:04:31.124488: I tensorflow/compiler/jit/xla_gpu_device.cc:99] Not creating XLA devices, tf_xla_enable_xla_devices not set
maxFreq at 10nA: 1000.0
2021-04-21 23:05:17.017386: I tensorflow/compiler/jit/xla_gpu_device.cc:99] Not creating XLA devices, tf_xla_enable_xla_devices not set
2021-04-21 23:05:53.297329: I tensorflow/compiler/jit/xla_gpu_device.cc:99] Not creating XLA devices, tf_xla_enable_xla_devices not set
mse and spike frequency: 0.11775 0.0
[32m[I 2021-04-21 23:06:30,765][0m Trial 235 finished with values: [0.11775, 0.0] with parameters: {'Vahp': -30.5, 'Vth': -47.0, 'Vmax': 24.5, 't_ref': 0.5, 'R': 0.9, 'tau_m': 247.0, 'R_adp': 0.4, 'tau_w': 25.5, 'a': 286.0, 'rate_low': 26.0, 'rate_high': 2.5}.[0m
2021-04-21 23:06:31.655851: I tensorflow/compiler/jit/xla_gpu_device.cc:99] Not creating XLA devices, tf_xla_enable_xla_devices not set
maxFreq at 10nA: 1000.0
2021-04-21 23:07:18.649175: I tensorflow/compiler/jit/xla_gpu_device.cc:99] Not creating XLA devices, tf_xla_enable_xla_devices not set
2021-04-21 23:07:55.005444: I tensorflow/compiler/jit/xla_gpu_device.cc:99] Not creating XLA devices, tf_xla_enable_xla_devices not set
mse and spike frequency: 0.11775 0.0
[32m[I 2021-04-21 23:08:31,489][0m Trial 236 finished with values: [0.11775, 0.0] with parameters: {'Vahp': -26.5, 'Vth': -46.0, 'Vmax': 34.0, 't_ref': 9.5, 'R': 0.8, 'tau_m': 104.5, 'R_adp': 0.9, 'tau_w': 415.5, 'a': 253.5, 'rate_low': 30.0, 'rate_high': 48.0}.[0m
2021-04-21 23:08:32.376293: I tensorflow/compiler/jit/xla_gpu_device.cc:99] Not creating XLA devices, tf_xla_enable_xla_devices not set
maxFreq at 10nA: 112.0
2021-04-21 23:09:20.131093: I tensorflow/compiler/jit/xla_gpu_device.cc:99] Not creating XLA devices, tf_xla_enable_xla_devices not set
2021-04-21 23:09:57.104638: I tensorflow/compiler/jit/xla_gpu_device.cc:99] Not creating XLA devices, tf_xla_enable_xla_devices not set
mse and spike frequency: 0.00096 31.96
[32m[I 2021-04-21 23:10:33,849][0m Trial 237 finished with values: [0.00096, 31.96] with parameters: {'Vahp': -40.5, 'Vth': -31.0, 'Vmax': 28.5, 't_ref': 8.0, 'R': 0.8, 'tau_m': 107.5, 'R_adp': 0.2, 'tau_w': 61.0, 'a': 282.5, 'rate_low': 31.5, 'rate_high': 47.0}.[0m
2021-04-21 23:10:34.908391: I tensorflow/compiler/jit/xla_gpu_device.cc:99] Not creating XLA devices, tf_xla_enable_xla_devices not set
maxFreq at 10nA: 1000.0
2021-04-21 23:11:21.882580: I tensorflow/compiler/jit/xla_gpu_device.cc:99] Not creating XLA devices, tf_xla_enable_xla_devices not set
2021-04-21 23:11:58.581304: I tensorflow/compiler/jit/xla_gpu_device.cc:99] Not creating XLA devices, tf_xla_enable_xla_devices not set
mse and spike frequency: 0.11775 0.0
[32m[I 2021-04-21 23:12:35,311][0m Trial 238 finished with values: [0.11775, 0.0] with parameters: {'Vahp': -41.0, 'Vth': -46.0, 'Vmax': 11.5, 't_ref': 8.5, 'R': 0.8, 'tau_m': 104.5, 'R_adp': 0.9, 'tau_w': 33.0, 'a': 65.5, 'rate_low': 21.5, 'rate_high': 48.0}.[0m
2021-04-21 23:12:36.233052: I tensorflow/compiler/jit/xla_gpu_device.cc:99] Not creating XLA devices, tf_xla_enable_xla_devices not set
maxFreq at 10nA: 1000.0
2021-04-21 23:13:23.159070: I tensorflow/compiler/jit/xla_gpu_device.cc:99] Not creating XLA devices, tf_xla_enable_xla_devices not set
2021-04-21 23:13:59.923197: I tensorflow/compiler/jit/xla_gpu_device.cc:99] Not creating XLA devices, tf_xla_enable_xla_devices not set
mse and spike frequency: 0.11775 0.0
[32m[I 2021-04-21 23:14:37,074][0m Trial 239 finished with values: [0.11775, 0.0] with parameters: {'Vahp': -46.5, 'Vth': -55.0, 'Vmax': 14.0, 't_ref': 10.0, 'R': 0.5, 'tau_m': 423.5, 'R_adp': 0.8, 'tau_w': 392.0, 'a': 141.0, 'rate_low': 21.5, 'rate_high': 45.0}.[0m
2021-04-21 23:14:37.969016: I tensorflow/compiler/jit/xla_gpu_device.cc:99] Not creating XLA devices, tf_xla_enable_xla_devices not set
maxFreq at 10nA: 999.0
2021-04-21 23:15:25.293189: I tensorflow/compiler/jit/xla_gpu_device.cc:99] Not creating XLA devices, tf_xla_enable_xla_devices not set
2021-04-21 23:16:02.347596: I tensorflow/compiler/jit/xla_gpu_device.cc:99] Not creating XLA devices, tf_xla_enable_xla_devices not set
mse and spike frequency: 0.11775 0.0
[32m[I 2021-04-21 23:16:39,757][0m Trial 240 finished with values: [0.11775, 0.0] with parameters: {'Vahp': -22.0, 'Vth': -43.5, 'Vmax': 32.5, 't_ref': 15.5, 'R': 0.6, 'tau_m': 404.5, 'R_adp': 0.9, 'tau_w': 323.5, 'a': 65.5, 'rate_low': 27.0, 'rate_high': 43.0}.[0m
2021-04-21 23:16:40.644082: I tensorflow/compiler/jit/xla_gpu_device.cc:99] Not creating XLA devices, tf_xla_enable_xla_devices not set
maxFreq at 10nA: 1000.0
2021-04-21 23:17:28.367152: I tensorflow/compiler/jit/xla_gpu_device.cc:99] Not creating XLA devices, tf_xla_enable_xla_devices not set
2021-04-21 23:18:05.718953: I tensorflow/compiler/jit/xla_gpu_device.cc:99] Not creating XLA devices, tf_xla_enable_xla_devices not set
mse and spike frequency: 0.11775 0.0
[32m[I 2021-04-21 23:18:42,425][0m Trial 241 finished with values: [0.11775, 0.0] with parameters: {'Vahp': -22.0, 'Vth': -54.0, 'Vmax': 28.5, 't_ref': 6.5, 'R': 0.5, 'tau_m': 479.0, 'R_adp': 0.9, 'tau_w': 277.0, 'a': 65.5, 'rate_low': 6.5, 'rate_high': 34.5}.[0m
2021-04-21 23:18:43.318579: I tensorflow/compiler/jit/xla_gpu_device.cc:99] Not creating XLA devices, tf_xla_enable_xla_devices not set
maxFreq at 10nA: 1000.0
2021-04-21 23:19:29.909851: I tensorflow/compiler/jit/xla_gpu_device.cc:99] Not creating XLA devices, tf_xla_enable_xla_devices not set
2021-04-21 23:20:05.506804: I tensorflow/compiler/jit/xla_gpu_device.cc:99] Not creating XLA devices, tf_xla_enable_xla_devices not set
mse and spike frequency: 0.11775 0.0
[32m[I 2021-04-21 23:20:41,789][0m Trial 242 finished with values: [0.11775, 0.0] with parameters: {'Vahp': -50.0, 'Vth': -51.0, 'Vmax': 34.5, 't_ref': 15.5, 'R': 0.5, 'tau_m': 479.0, 'R_adp': 0.9, 'tau_w': 277.0, 'a': 65.5, 'rate_low': 5.5, 'rate_high': 34.5}.[0m
2021-04-21 23:20:42.755874: I tensorflow/compiler/jit/xla_gpu_device.cc:99] Not creating XLA devices, tf_xla_enable_xla_devices not set
maxFreq at 10nA: 1000.0
2021-04-21 23:21:30.452212: I tensorflow/compiler/jit/xla_gpu_device.cc:99] Not creating XLA devices, tf_xla_enable_xla_devices not set
2021-04-21 23:22:07.506336: I tensorflow/compiler/jit/xla_gpu_device.cc:99] Not creating XLA devices, tf_xla_enable_xla_devices not set
mse and spike frequency: 0.11775 0.0
[32m[I 2021-04-21 23:22:44,163][0m Trial 243 finished with values: [0.11775, 0.0] with parameters: {'Vahp': -26.5, 'Vth': -41.0, 'Vmax': 34.0, 't_ref': 7.0, 'R': 0.8, 'tau_m': 104.5, 'R_adp': 0.9, 'tau_w': 61.0, 'a': 160.5, 'rate_low': 21.5, 'rate_high': 33.0}.[0m
2021-04-21 23:22:45.096611: I tensorflow/compiler/jit/xla_gpu_device.cc:99] Not creating XLA devices, tf_xla_enable_xla_devices not set
maxFreq at 10nA: 112.0
2021-04-21 23:23:32.378060: I tensorflow/compiler/jit/xla_gpu_device.cc:99] Not creating XLA devices, tf_xla_enable_xla_devices not set
2021-04-21 23:24:08.965105: I tensorflow/compiler/jit/xla_gpu_device.cc:99] Not creating XLA devices, tf_xla_enable_xla_devices not set
mse and spike frequency: 0.002 8.45
[32m[I 2021-04-21 23:24:45,972][0m Trial 244 finished with values: [0.002, 8.45] with parameters: {'Vahp': -59.0, 'Vth': -45.0, 'Vmax': 36.5, 't_ref': 8.0, 'R': 0.8, 'tau_m': 107.5, 'R_adp': 1.0, 'tau_w': 61.0, 'a': 227.0, 'rate_low': 10.5, 'rate_high': 48.5}.[0m
2021-04-21 23:24:46.966843: I tensorflow/compiler/jit/xla_gpu_device.cc:99] Not creating XLA devices, tf_xla_enable_xla_devices not set
maxFreq at 10nA: 1000.0
2021-04-21 23:25:33.857379: I tensorflow/compiler/jit/xla_gpu_device.cc:99] Not creating XLA devices, tf_xla_enable_xla_devices not set
2021-04-21 23:26:10.777864: I tensorflow/compiler/jit/xla_gpu_device.cc:99] Not creating XLA devices, tf_xla_enable_xla_devices not set
mse and spike frequency: 0.11775 0.0
[32m[I 2021-04-21 23:26:48,909][0m Trial 245 finished with values: [0.11775, 0.0] with parameters: {'Vahp': -31.5, 'Vth': -51.0, 'Vmax': 14.0, 't_ref': 15.5, 'R': 0.5, 'tau_m': 479.0, 'R_adp': 0.1, 'tau_w': 64.0, 'a': 65.5, 'rate_low': 14.5, 'rate_high': 47.5}.[0m
2021-04-21 23:26:49.836258: I tensorflow/compiler/jit/xla_gpu_device.cc:99] Not creating XLA devices, tf_xla_enable_xla_devices not set
maxFreq at 10nA: 1000.0
2021-04-21 23:27:37.462378: I tensorflow/compiler/jit/xla_gpu_device.cc:99] Not creating XLA devices, tf_xla_enable_xla_devices not set
2021-04-21 23:28:15.508968: I tensorflow/compiler/jit/xla_gpu_device.cc:99] Not creating XLA devices, tf_xla_enable_xla_devices not set
mse and spike frequency: 0.11775 0.0
[32m[I 2021-04-21 23:28:53,992][0m Trial 246 finished with values: [0.11775, 0.0] with parameters: {'Vahp': -47.0, 'Vth': -51.0, 'Vmax': 20.5, 't_ref': 15.5, 'R': 1.0, 'tau_m': 70.0, 'R_adp': 0.6, 'tau_w': 11.5, 'a': 65.5, 'rate_low': 27.0, 'rate_high': 6.0}.[0m
2021-04-21 23:28:54.990437: I tensorflow/compiler/jit/xla_gpu_device.cc:99] Not creating XLA devices, tf_xla_enable_xla_devices not set
maxFreq at 10nA: 1000.0
2021-04-21 23:29:44.380431: I tensorflow/compiler/jit/xla_gpu_device.cc:99] Not creating XLA devices, tf_xla_enable_xla_devices not set
2021-04-21 23:30:22.511115: I tensorflow/compiler/jit/xla_gpu_device.cc:99] Not creating XLA devices, tf_xla_enable_xla_devices not set
mse and spike frequency: 0.11775 0.0
[32m[I 2021-04-21 23:31:01,017][0m Trial 247 finished with values: [0.11775, 0.0] with parameters: {'Vahp': -22.0, 'Vth': -51.0, 'Vmax': 34.5, 't_ref': 18.0, 'R': 0.5, 'tau_m': 70.5, 'R_adp': 0.9, 'tau_w': 277.0, 'a': 65.5, 'rate_low': 2.0, 'rate_high': 26.5}.[0m
2021-04-21 23:31:01.936949: I tensorflow/compiler/jit/xla_gpu_device.cc:99] Not creating XLA devices, tf_xla_enable_xla_devices not set
maxFreq at 10nA: 1000.0
2021-04-21 23:31:50.691606: I tensorflow/compiler/jit/xla_gpu_device.cc:99] Not creating XLA devices, tf_xla_enable_xla_devices not set
2021-04-21 23:32:28.200218: I tensorflow/compiler/jit/xla_gpu_device.cc:99] Not creating XLA devices, tf_xla_enable_xla_devices not set
mse and spike frequency: 0.11775 0.0
[32m[I 2021-04-21 23:33:05,109][0m Trial 248 finished with values: [0.11775, 0.0] with parameters: {'Vahp': -47.0, 'Vth': -55.0, 'Vmax': 18.5, 't_ref': 11.5, 'R': 0.2, 'tau_m': 412.0, 'R_adp': 0.5, 'tau_w': 125.0, 'a': 141.0, 'rate_low': 6.5, 'rate_high': 28.5}.[0m
2021-04-21 23:33:06.049528: I tensorflow/compiler/jit/xla_gpu_device.cc:99] Not creating XLA devices, tf_xla_enable_xla_devices not set
maxFreq at 10nA: 125.0
2021-04-21 23:33:54.277352: I tensorflow/compiler/jit/xla_gpu_device.cc:99] Not creating XLA devices, tf_xla_enable_xla_devices not set
2021-04-21 23:34:31.225570: I tensorflow/compiler/jit/xla_gpu_device.cc:99] Not creating XLA devices, tf_xla_enable_xla_devices not set
