2021-04-21 18:27:45.448057: I tensorflow/stream_executor/platform/default/dso_loader.cc:49] Successfully opened dynamic library libcudart.so.11.0
Build finished in 0:00:01.                                                      
Simulation finished in 0:00:01.                                                 
[32m[I 2021-04-21 18:27:48,015][0m A new study created in memory with name: no-name-c37272ca-7a2c-4eef-9508-9beda0cb7a19[0m
2021-04-21 18:27:48.187650: I tensorflow/compiler/jit/xla_cpu_device.cc:41] Not creating XLA devices, tf_xla_enable_xla_devices not set
2021-04-21 18:27:48.188560: I tensorflow/stream_executor/platform/default/dso_loader.cc:49] Successfully opened dynamic library libcuda.so.1
2021-04-21 18:27:49.194905: E tensorflow/stream_executor/cuda/cuda_driver.cc:328] failed call to cuInit: CUDA_ERROR_NO_DEVICE: no CUDA-capable device is detected
2021-04-21 18:27:49.194972: I tensorflow/stream_executor/cuda/cuda_diagnostics.cc:169] retrieving CUDA diagnostic information for host: comparch-t640
2021-04-21 18:27:49.194982: I tensorflow/stream_executor/cuda/cuda_diagnostics.cc:176] hostname: comparch-t640
2021-04-21 18:27:49.195137: I tensorflow/stream_executor/cuda/cuda_diagnostics.cc:200] libcuda reported version is: 450.66.0
2021-04-21 18:27:49.195172: I tensorflow/stream_executor/cuda/cuda_diagnostics.cc:204] kernel reported version is: 450.66.0
2021-04-21 18:27:49.195180: I tensorflow/stream_executor/cuda/cuda_diagnostics.cc:310] kernel version seems to match DSO: 450.66.0
2021-04-21 18:27:49.195513: I tensorflow/core/platform/cpu_feature_guard.cc:142] This TensorFlow binary is optimized with oneAPI Deep Neural Network Library (oneDNN) to use the following CPU instructions in performance-critical operations:  AVX2 AVX512F FMA
To enable them in other operations, rebuild TensorFlow with the appropriate compiler flags.
2021-04-21 18:27:49.197834: I tensorflow/compiler/jit/xla_gpu_device.cc:99] Not creating XLA devices, tf_xla_enable_xla_devices not set
2021-04-21 18:27:49.211139: I tensorflow/compiler/mlir/mlir_graph_optimization_pass.cc:196] None of the MLIR optimization passes are enabled (registered 0 passes)
2021-04-21 18:27:49.235896: I tensorflow/core/platform/profile_utils/cpu_utils.cc:112] CPU Frequency: 2100000000 Hz
maxFreq at 10nA: 50.0
2021-04-21 18:28:04.479580: I tensorflow/compiler/jit/xla_gpu_device.cc:99] Not creating XLA devices, tf_xla_enable_xla_devices not set
2021-04-21 18:28:11.097768: I tensorflow/compiler/jit/xla_gpu_device.cc:99] Not creating XLA devices, tf_xla_enable_xla_devices not set
mse and spike frequency: 20.42693 8.41
[32m[I 2021-04-21 18:28:17,501][0m Trial 0 finished with values: [20.42693, 8.41] with parameters: {'Vahp': -37.0, 'Vth': -25.5, 'Vmax': 23.0, 't_ref': 9.5, 'R': 0.2, 'tau_m': 99.0, 'R_adp': 0.7000000000000001, 'tau_w': 379.5, 'a': 182.0, 'rate_low': 28.0, 'rate_high': 47.5}.[0m
2021-04-21 18:28:17.805584: I tensorflow/compiler/jit/xla_gpu_device.cc:99] Not creating XLA devices, tf_xla_enable_xla_devices not set
maxFreq at 10nA: 143.0
2021-04-21 18:28:34.080352: I tensorflow/compiler/jit/xla_gpu_device.cc:99] Not creating XLA devices, tf_xla_enable_xla_devices not set
2021-04-21 18:28:41.042732: I tensorflow/compiler/jit/xla_gpu_device.cc:99] Not creating XLA devices, tf_xla_enable_xla_devices not set
mse and spike frequency: 3.62951 23.85
[32m[I 2021-04-21 18:28:47,527][0m Trial 1 finished with values: [3.62951, 23.85] with parameters: {'Vahp': -52.0, 'Vth': -47.0, 'Vmax': 30.5, 't_ref': 6.0, 'R': 0.9, 'tau_m': 255.0, 'R_adp': 0.5, 'tau_w': 244.5, 'a': 183.5, 'rate_low': 29.0, 'rate_high': 47.0}.[0m
2021-04-21 18:28:47.830122: I tensorflow/compiler/jit/xla_gpu_device.cc:99] Not creating XLA devices, tf_xla_enable_xla_devices not set
maxFreq at 10nA: 84.0
2021-04-21 18:29:03.970418: I tensorflow/compiler/jit/xla_gpu_device.cc:99] Not creating XLA devices, tf_xla_enable_xla_devices not set
2021-04-21 18:29:10.477130: I tensorflow/compiler/jit/xla_gpu_device.cc:99] Not creating XLA devices, tf_xla_enable_xla_devices not set
mse and spike frequency: 0.00117 21.09
[32m[I 2021-04-21 18:29:15,701][0m Trial 2 finished with values: [0.00117, 21.09] with parameters: {'Vahp': -49.5, 'Vth': -31.0, 'Vmax': 20.5, 't_ref': 10.5, 'R': 1.0, 'tau_m': 168.0, 'R_adp': 0.30000000000000004, 'tau_w': 101.5, 'a': 133.5, 'rate_low': 30.5, 'rate_high': 36.5}.[0m
2021-04-21 18:29:16.066375: I tensorflow/compiler/jit/xla_gpu_device.cc:99] Not creating XLA devices, tf_xla_enable_xla_devices not set
maxFreq at 10nA: 1000.0
2021-04-21 18:29:34.185695: I tensorflow/compiler/jit/xla_gpu_device.cc:99] Not creating XLA devices, tf_xla_enable_xla_devices not set
2021-04-21 18:29:40.585286: I tensorflow/compiler/jit/xla_gpu_device.cc:99] Not creating XLA devices, tf_xla_enable_xla_devices not set
mse and spike frequency: 0.11775 0.0
[32m[I 2021-04-21 18:29:45,769][0m Trial 3 finished with values: [0.11775, 0.0] with parameters: {'Vahp': -45.0, 'Vth': -48.5, 'Vmax': 29.0, 't_ref': 15.0, 'R': 0.7000000000000001, 'tau_m': 182.0, 'R_adp': 0.6, 'tau_w': 238.0, 'a': 408.0, 'rate_low': 32.5, 'rate_high': 45.5}.[0m
2021-04-21 18:29:46.120358: I tensorflow/compiler/jit/xla_gpu_device.cc:99] Not creating XLA devices, tf_xla_enable_xla_devices not set
maxFreq at 10nA: 1000.0
2021-04-21 18:30:04.492311: I tensorflow/compiler/jit/xla_gpu_device.cc:99] Not creating XLA devices, tf_xla_enable_xla_devices not set
2021-04-21 18:30:10.841604: I tensorflow/compiler/jit/xla_gpu_device.cc:99] Not creating XLA devices, tf_xla_enable_xla_devices not set
mse and spike frequency: 0.11775 0.0
[32m[I 2021-04-21 18:30:16,009][0m Trial 4 finished with values: [0.11775, 0.0] with parameters: {'Vahp': -21.5, 'Vth': -45.5, 'Vmax': 37.5, 't_ref': 19.5, 'R': 0.6, 'tau_m': 51.5, 'R_adp': 0.9, 'tau_w': 120.0, 'a': 124.5, 'rate_low': 49.5, 'rate_high': 50.0}.[0m
2021-04-21 18:30:16.347370: I tensorflow/compiler/jit/xla_gpu_device.cc:99] Not creating XLA devices, tf_xla_enable_xla_devices not set
maxFreq at 10nA: 11.0
2021-04-21 18:30:35.162439: I tensorflow/compiler/jit/xla_gpu_device.cc:99] Not creating XLA devices, tf_xla_enable_xla_devices not set
2021-04-21 18:30:41.510261: I tensorflow/compiler/jit/xla_gpu_device.cc:99] Not creating XLA devices, tf_xla_enable_xla_devices not set
mse and spike frequency: 0.11857 0.11
[32m[I 2021-04-21 18:30:46,720][0m Trial 5 finished with values: [0.11857, 0.11] with parameters: {'Vahp': -38.0, 'Vth': -22.0, 'Vmax': 28.0, 't_ref': 8.5, 'R': 0.1, 'tau_m': 58.5, 'R_adp': 0.8, 'tau_w': 374.0, 'a': 442.5, 'rate_low': 36.0, 'rate_high': 37.5}.[0m
2021-04-21 18:30:47.075218: I tensorflow/compiler/jit/xla_gpu_device.cc:99] Not creating XLA devices, tf_xla_enable_xla_devices not set
maxFreq at 10nA: 52.0
2021-04-21 18:31:06.352427: I tensorflow/compiler/jit/xla_gpu_device.cc:99] Not creating XLA devices, tf_xla_enable_xla_devices not set
2021-04-21 18:31:12.833769: I tensorflow/compiler/jit/xla_gpu_device.cc:99] Not creating XLA devices, tf_xla_enable_xla_devices not set
mse and spike frequency: 5.6455 5.83
[32m[I 2021-04-21 18:31:18,375][0m Trial 6 finished with values: [5.6455, 5.83] with parameters: {'Vahp': -53.0, 'Vth': -36.0, 'Vmax': 13.5, 't_ref': 5.5, 'R': 0.7000000000000001, 'tau_m': 87.5, 'R_adp': 0.9, 'tau_w': 424.0, 'a': 472.5, 'rate_low': 14.0, 'rate_high': 18.5}.[0m
2021-04-21 18:31:18.758899: I tensorflow/compiler/jit/xla_gpu_device.cc:99] Not creating XLA devices, tf_xla_enable_xla_devices not set
maxFreq at 10nA: 102.0
2021-04-21 18:31:38.413084: I tensorflow/compiler/jit/xla_gpu_device.cc:99] Not creating XLA devices, tf_xla_enable_xla_devices not set
2021-04-21 18:31:44.832965: I tensorflow/compiler/jit/xla_gpu_device.cc:99] Not creating XLA devices, tf_xla_enable_xla_devices not set
mse and spike frequency: 9.79483 11.65
[32m[I 2021-04-21 18:31:50,359][0m Trial 7 finished with values: [9.79483, 11.65] with parameters: {'Vahp': -43.0, 'Vth': -32.5, 'Vmax': 29.5, 't_ref': 7.5, 'R': 0.8, 'tau_m': 450.0, 'R_adp': 0.5, 'tau_w': 252.5, 'a': 456.5, 'rate_low': 33.5, 'rate_high': 35.0}.[0m
2021-04-21 18:31:50.682623: I tensorflow/compiler/jit/xla_gpu_device.cc:99] Not creating XLA devices, tf_xla_enable_xla_devices not set
maxFreq at 10nA: 56.0
2021-04-21 18:32:10.349898: I tensorflow/compiler/jit/xla_gpu_device.cc:99] Not creating XLA devices, tf_xla_enable_xla_devices not set
2021-04-21 18:32:16.882701: I tensorflow/compiler/jit/xla_gpu_device.cc:99] Not creating XLA devices, tf_xla_enable_xla_devices not set
mse and spike frequency: 1.80666 9.08
[32m[I 2021-04-21 18:32:22,478][0m Trial 8 finished with values: [1.80666, 9.08] with parameters: {'Vahp': -51.5, 'Vth': -23.5, 'Vmax': 15.0, 't_ref': 16.5, 'R': 0.4, 'tau_m': 2.0, 'R_adp': 0.30000000000000004, 'tau_w': 319.0, 'a': 138.0, 'rate_low': 12.0, 'rate_high': 30.5}.[0m
2021-04-21 18:32:22.840410: I tensorflow/compiler/jit/xla_gpu_device.cc:99] Not creating XLA devices, tf_xla_enable_xla_devices not set
maxFreq at 10nA: 1000.0
2021-04-21 18:32:42.440197: I tensorflow/compiler/jit/xla_gpu_device.cc:99] Not creating XLA devices, tf_xla_enable_xla_devices not set
2021-04-21 18:32:49.071433: I tensorflow/compiler/jit/xla_gpu_device.cc:99] Not creating XLA devices, tf_xla_enable_xla_devices not set
mse and spike frequency: 0.11775 0.0
[32m[I 2021-04-21 18:32:54,747][0m Trial 9 finished with values: [0.11775, 0.0] with parameters: {'Vahp': -28.5, 'Vth': -49.5, 'Vmax': 16.5, 't_ref': 13.5, 'R': 1.0, 'tau_m': 371.0, 'R_adp': 0.1, 'tau_w': 424.5, 'a': 135.0, 'rate_low': 22.5, 'rate_high': 23.0}.[0m
2021-04-21 18:32:55.100514: I tensorflow/compiler/jit/xla_gpu_device.cc:99] Not creating XLA devices, tf_xla_enable_xla_devices not set
maxFreq at 10nA: 57.0
2021-04-21 18:33:14.900838: I tensorflow/compiler/jit/xla_gpu_device.cc:99] Not creating XLA devices, tf_xla_enable_xla_devices not set
2021-04-21 18:33:21.320282: I tensorflow/compiler/jit/xla_gpu_device.cc:99] Not creating XLA devices, tf_xla_enable_xla_devices not set
mse and spike frequency: 3.96024 6.26
[32m[I 2021-04-21 18:33:27,239][0m Trial 10 finished with values: [3.96024, 6.26] with parameters: {'Vahp': -52.0, 'Vth': -22.5, 'Vmax': 14.0, 't_ref': 13.0, 'R': 0.4, 'tau_m': 225.0, 'R_adp': 0.8, 'tau_w': 218.5, 'a': 288.5, 'rate_low': 46.0, 'rate_high': 49.0}.[0m
2021-04-21 18:33:27.645562: I tensorflow/compiler/jit/xla_gpu_device.cc:99] Not creating XLA devices, tf_xla_enable_xla_devices not set
maxFreq at 10nA: 1000.0
2021-04-21 18:33:47.462440: I tensorflow/compiler/jit/xla_gpu_device.cc:99] Not creating XLA devices, tf_xla_enable_xla_devices not set
2021-04-21 18:33:54.410871: I tensorflow/compiler/jit/xla_gpu_device.cc:99] Not creating XLA devices, tf_xla_enable_xla_devices not set
mse and spike frequency: 0.11775 0.0
[32m[I 2021-04-21 18:34:00,435][0m Trial 11 finished with values: [0.11775, 0.0] with parameters: {'Vahp': -48.0, 'Vth': -53.0, 'Vmax': 15.0, 't_ref': 17.0, 'R': 0.2, 'tau_m': 52.5, 'R_adp': 0.2, 'tau_w': 226.0, 'a': 297.5, 'rate_low': 7.5, 'rate_high': 16.0}.[0m
2021-04-21 18:34:00.850876: I tensorflow/compiler/jit/xla_gpu_device.cc:99] Not creating XLA devices, tf_xla_enable_xla_devices not set
maxFreq at 10nA: 64.0
2021-04-21 18:34:20.974314: I tensorflow/compiler/jit/xla_gpu_device.cc:99] Not creating XLA devices, tf_xla_enable_xla_devices not set
2021-04-21 18:34:28.152973: I tensorflow/compiler/jit/xla_gpu_device.cc:99] Not creating XLA devices, tf_xla_enable_xla_devices not set
mse and spike frequency: 11.0934 7.17
[32m[I 2021-04-21 18:34:34,170][0m Trial 12 finished with values: [11.0934, 7.17] with parameters: {'Vahp': -48.5, 'Vth': -35.0, 'Vmax': 35.0, 't_ref': 12.0, 'R': 0.4, 'tau_m': 195.5, 'R_adp': 0.6, 'tau_w': 370.0, 'a': 294.5, 'rate_low': 30.5, 'rate_high': 33.0}.[0m
2021-04-21 18:34:34.590472: I tensorflow/compiler/jit/xla_gpu_device.cc:99] Not creating XLA devices, tf_xla_enable_xla_devices not set
maxFreq at 10nA: 1000.0
2021-04-21 18:34:54.754319: I tensorflow/compiler/jit/xla_gpu_device.cc:99] Not creating XLA devices, tf_xla_enable_xla_devices not set
2021-04-21 18:35:01.919133: I tensorflow/compiler/jit/xla_gpu_device.cc:99] Not creating XLA devices, tf_xla_enable_xla_devices not set
mse and spike frequency: 0.11775 0.0
[32m[I 2021-04-21 18:35:08,298][0m Trial 13 finished with values: [0.11775, 0.0] with parameters: {'Vahp': -24.0, 'Vth': -55.0, 'Vmax': 38.0, 't_ref': 8.5, 'R': 0.1, 'tau_m': 36.5, 'R_adp': 0.5, 'tau_w': 227.5, 'a': 57.5, 'rate_low': 38.5, 'rate_high': 45.5}.[0m
2021-04-21 18:35:08.789965: I tensorflow/compiler/jit/xla_gpu_device.cc:99] Not creating XLA devices, tf_xla_enable_xla_devices not set
maxFreq at 10nA: 1000.0
2021-04-21 18:35:28.866417: I tensorflow/compiler/jit/xla_gpu_device.cc:99] Not creating XLA devices, tf_xla_enable_xla_devices not set
2021-04-21 18:35:35.893720: I tensorflow/compiler/jit/xla_gpu_device.cc:99] Not creating XLA devices, tf_xla_enable_xla_devices not set
mse and spike frequency: 0.11775 0.0
[32m[I 2021-04-21 18:35:42,640][0m Trial 14 finished with values: [0.11775, 0.0] with parameters: {'Vahp': -22.5, 'Vth': -50.5, 'Vmax': 28.0, 't_ref': 14.0, 'R': 0.1, 'tau_m': 14.0, 'R_adp': 0.7000000000000001, 'tau_w': 346.5, 'a': 72.0, 'rate_low': 35.5, 'rate_high': 37.5}.[0m
2021-04-21 18:35:43.051384: I tensorflow/compiler/jit/xla_gpu_device.cc:99] Not creating XLA devices, tf_xla_enable_xla_devices not set
maxFreq at 10nA: 999.0
2021-04-21 18:36:02.662500: I tensorflow/compiler/jit/xla_gpu_device.cc:99] Not creating XLA devices, tf_xla_enable_xla_devices not set
2021-04-21 18:36:09.840740: I tensorflow/compiler/jit/xla_gpu_device.cc:99] Not creating XLA devices, tf_xla_enable_xla_devices not set
mse and spike frequency: 0.11775 0.0
[32m[I 2021-04-21 18:36:17,188][0m Trial 15 finished with values: [0.11775, 0.0] with parameters: {'Vahp': -20.5, 'Vth': -32.0, 'Vmax': 12.5, 't_ref': 11.5, 'R': 0.30000000000000004, 'tau_m': 205.0, 'R_adp': 0.1, 'tau_w': 460.5, 'a': 64.5, 'rate_low': 44.5, 'rate_high': 47.0}.[0m
2021-04-21 18:36:17.656703: I tensorflow/compiler/jit/xla_gpu_device.cc:99] Not creating XLA devices, tf_xla_enable_xla_devices not set
maxFreq at 10nA: 1000.0
2021-04-21 18:36:36.808122: I tensorflow/compiler/jit/xla_gpu_device.cc:99] Not creating XLA devices, tf_xla_enable_xla_devices not set
2021-04-21 18:36:44.227408: I tensorflow/compiler/jit/xla_gpu_device.cc:99] Not creating XLA devices, tf_xla_enable_xla_devices not set
mse and spike frequency: 0.11775 0.0
[32m[I 2021-04-21 18:36:51,489][0m Trial 16 finished with values: [0.11775, 0.0] with parameters: {'Vahp': -30.5, 'Vth': -42.5, 'Vmax': 16.0, 't_ref': 17.0, 'R': 0.9, 'tau_m': 437.0, 'R_adp': 0.7000000000000001, 'tau_w': 229.0, 'a': 105.0, 'rate_low': 8.5, 'rate_high': 15.5}.[0m
2021-04-21 18:36:51.996264: I tensorflow/compiler/jit/xla_gpu_device.cc:99] Not creating XLA devices, tf_xla_enable_xla_devices not set
maxFreq at 10nA: 49.0
2021-04-21 18:37:11.527887: I tensorflow/compiler/jit/xla_gpu_device.cc:99] Not creating XLA devices, tf_xla_enable_xla_devices not set
2021-04-21 18:37:19.212675: I tensorflow/compiler/jit/xla_gpu_device.cc:99] Not creating XLA devices, tf_xla_enable_xla_devices not set
mse and spike frequency: 15.83998 5.88
[32m[I 2021-04-21 18:37:26,631][0m Trial 17 finished with values: [15.83998, 5.88] with parameters: {'Vahp': -59.5, 'Vth': -30.0, 'Vmax': 28.0, 't_ref': 5.5, 'R': 0.5, 'tau_m': 490.5, 'R_adp': 0.6, 'tau_w': 383.0, 'a': 483.5, 'rate_low': 23.5, 'rate_high': 34.5}.[0m
2021-04-21 18:37:27.117857: I tensorflow/compiler/jit/xla_gpu_device.cc:99] Not creating XLA devices, tf_xla_enable_xla_devices not set
maxFreq at 10nA: 1000.0
2021-04-21 18:37:45.942628: I tensorflow/compiler/jit/xla_gpu_device.cc:99] Not creating XLA devices, tf_xla_enable_xla_devices not set
2021-04-21 18:37:53.797208: I tensorflow/compiler/jit/xla_gpu_device.cc:99] Not creating XLA devices, tf_xla_enable_xla_devices not set
mse and spike frequency: 0.11775 0.0
[32m[I 2021-04-21 18:38:01,341][0m Trial 18 finished with values: [0.11775, 0.0] with parameters: {'Vahp': -37.0, 'Vth': -37.5, 'Vmax': 23.5, 't_ref': 0.5, 'R': 1.0, 'tau_m': 234.0, 'R_adp': 1.0, 'tau_w': 81.5, 'a': 307.5, 'rate_low': 20.5, 'rate_high': 45.0}.[0m
2021-04-21 18:38:01.827460: I tensorflow/compiler/jit/xla_gpu_device.cc:99] Not creating XLA devices, tf_xla_enable_xla_devices not set
maxFreq at 10nA: 1000.0
2021-04-21 18:38:20.736822: I tensorflow/compiler/jit/xla_gpu_device.cc:99] Not creating XLA devices, tf_xla_enable_xla_devices not set
2021-04-21 18:38:28.771660: I tensorflow/compiler/jit/xla_gpu_device.cc:99] Not creating XLA devices, tf_xla_enable_xla_devices not set
mse and spike frequency: 0.11775 0.0
[32m[I 2021-04-21 18:38:36,235][0m Trial 19 finished with values: [0.11775, 0.0] with parameters: {'Vahp': -51.0, 'Vth': -51.5, 'Vmax': 19.0, 't_ref': 15.0, 'R': 0.9, 'tau_m': 205.5, 'R_adp': 0.6, 'tau_w': 462.0, 'a': 360.0, 'rate_low': 39.5, 'rate_high': 42.0}.[0m
2021-04-21 18:38:36.710876: I tensorflow/compiler/jit/xla_gpu_device.cc:99] Not creating XLA devices, tf_xla_enable_xla_devices not set
maxFreq at 10nA: 59.0
2021-04-21 18:38:55.771004: I tensorflow/compiler/jit/xla_gpu_device.cc:99] Not creating XLA devices, tf_xla_enable_xla_devices not set
2021-04-21 18:39:03.879304: I tensorflow/compiler/jit/xla_gpu_device.cc:99] Not creating XLA devices, tf_xla_enable_xla_devices not set
mse and spike frequency: 0.91783 11.25
[32m[I 2021-04-21 18:39:11,947][0m Trial 20 finished with values: [0.91783, 11.25] with parameters: {'Vahp': -57.0, 'Vth': -37.0, 'Vmax': 32.5, 't_ref': 15.5, 'R': 0.7000000000000001, 'tau_m': 74.5, 'R_adp': 0.4, 'tau_w': 348.0, 'a': 261.5, 'rate_low': 43.5, 'rate_high': 44.0}.[0m
2021-04-21 18:39:12.356565: I tensorflow/compiler/jit/xla_gpu_device.cc:99] Not creating XLA devices, tf_xla_enable_xla_devices not set
maxFreq at 10nA: 1000.0
2021-04-21 18:39:31.401720: I tensorflow/compiler/jit/xla_gpu_device.cc:99] Not creating XLA devices, tf_xla_enable_xla_devices not set
2021-04-21 18:39:39.455798: I tensorflow/compiler/jit/xla_gpu_device.cc:99] Not creating XLA devices, tf_xla_enable_xla_devices not set
mse and spike frequency: 0.11775 0.0
[32m[I 2021-04-21 18:39:47,456][0m Trial 21 finished with values: [0.11775, 0.0] with parameters: {'Vahp': -45.5, 'Vth': -46.5, 'Vmax': 30.5, 't_ref': 11.0, 'R': 1.0, 'tau_m': 192.5, 'R_adp': 0.9, 'tau_w': 114.5, 'a': 312.5, 'rate_low': 46.5, 'rate_high': 47.0}.[0m
2021-04-21 18:39:47.878265: I tensorflow/compiler/jit/xla_gpu_device.cc:99] Not creating XLA devices, tf_xla_enable_xla_devices not set
maxFreq at 10nA: 1000.0
2021-04-21 18:40:07.058863: I tensorflow/compiler/jit/xla_gpu_device.cc:99] Not creating XLA devices, tf_xla_enable_xla_devices not set
2021-04-21 18:40:15.889180: I tensorflow/compiler/jit/xla_gpu_device.cc:99] Not creating XLA devices, tf_xla_enable_xla_devices not set
mse and spike frequency: 0.11775 0.0
[32m[I 2021-04-21 18:40:23,755][0m Trial 22 finished with values: [0.11775, 0.0] with parameters: {'Vahp': -29.5, 'Vth': -46.5, 'Vmax': 23.0, 't_ref': 4.0, 'R': 1.0, 'tau_m': 484.0, 'R_adp': 0.2, 'tau_w': 76.5, 'a': 429.0, 'rate_low': 43.0, 'rate_high': 46.0}.[0m
2021-04-21 18:40:24.202383: I tensorflow/compiler/jit/xla_gpu_device.cc:99] Not creating XLA devices, tf_xla_enable_xla_devices not set
maxFreq at 10nA: 1000.0
2021-04-21 18:40:43.825812: I tensorflow/compiler/jit/xla_gpu_device.cc:99] Not creating XLA devices, tf_xla_enable_xla_devices not set
2021-04-21 18:40:52.612141: I tensorflow/compiler/jit/xla_gpu_device.cc:99] Not creating XLA devices, tf_xla_enable_xla_devices not set
mse and spike frequency: 0.11775 0.0
[32m[I 2021-04-21 18:41:00,402][0m Trial 23 finished with values: [0.11775, 0.0] with parameters: {'Vahp': -27.0, 'Vth': -55.5, 'Vmax': 15.0, 't_ref': 14.5, 'R': 0.30000000000000004, 'tau_m': 496.0, 'R_adp': 0.5, 'tau_w': 483.0, 'a': 263.0, 'rate_low': 36.0, 'rate_high': 48.0}.[0m
2021-04-21 18:41:00.875986: I tensorflow/compiler/jit/xla_gpu_device.cc:99] Not creating XLA devices, tf_xla_enable_xla_devices not set
maxFreq at 10nA: 16.0
2021-04-21 18:41:20.909663: I tensorflow/compiler/jit/xla_gpu_device.cc:99] Not creating XLA devices, tf_xla_enable_xla_devices not set
2021-04-21 18:41:29.574338: I tensorflow/compiler/jit/xla_gpu_device.cc:99] Not creating XLA devices, tf_xla_enable_xla_devices not set
mse and spike frequency: 0.12212 0.36
[32m[I 2021-04-21 18:41:37,396][0m Trial 24 finished with values: [0.12212, 0.36] with parameters: {'Vahp': -40.0, 'Vth': -21.5, 'Vmax': 31.0, 't_ref': 19.0, 'R': 0.2, 'tau_m': 247.5, 'R_adp': 0.7000000000000001, 'tau_w': 497.0, 'a': 488.0, 'rate_low': 33.5, 'rate_high': 47.5}.[0m
2021-04-21 18:41:37.783419: I tensorflow/compiler/jit/xla_gpu_device.cc:99] Not creating XLA devices, tf_xla_enable_xla_devices not set
maxFreq at 10nA: 1000.0
2021-04-21 18:41:57.510479: I tensorflow/compiler/jit/xla_gpu_device.cc:99] Not creating XLA devices, tf_xla_enable_xla_devices not set
2021-04-21 18:42:06.726193: I tensorflow/compiler/jit/xla_gpu_device.cc:99] Not creating XLA devices, tf_xla_enable_xla_devices not set
mse and spike frequency: 0.11775 0.0
[32m[I 2021-04-21 18:42:14,132][0m Trial 25 finished with values: [0.11775, 0.0] with parameters: {'Vahp': -40.5, 'Vth': -45.5, 'Vmax': 34.5, 't_ref': 14.0, 'R': 0.6, 'tau_m': 236.0, 'R_adp': 0.2, 'tau_w': 492.5, 'a': 386.0, 'rate_low': 10.0, 'rate_high': 31.0}.[0m
2021-04-21 18:42:14.513439: I tensorflow/compiler/jit/xla_gpu_device.cc:99] Not creating XLA devices, tf_xla_enable_xla_devices not set
maxFreq at 10nA: 999.0
2021-04-21 18:42:35.111551: I tensorflow/compiler/jit/xla_gpu_device.cc:99] Not creating XLA devices, tf_xla_enable_xla_devices not set
2021-04-21 18:42:44.239297: I tensorflow/compiler/jit/xla_gpu_device.cc:99] Not creating XLA devices, tf_xla_enable_xla_devices not set
mse and spike frequency: 0.11775 0.0
