[32m[I 2021-04-21 23:23:39,901][0m Trial 244 finished with values: [0.11775, 0.0] with parameters: {'Vahp': -41.5, 'Vth': -58.0, 'Vmax': 10.5, 't_ref': 1.5, 'R': 1.0, 'tau_m': 442.5, 'rate_low': 8.0, 'rate_high': 31.5}.[0m
2021-04-21 23:23:40.786123: I tensorflow/compiler/jit/xla_gpu_device.cc:99] Not creating XLA devices, tf_xla_enable_xla_devices not set
maxFreq at 10nA: 1000.0
2021-04-21 23:24:28.960427: I tensorflow/compiler/jit/xla_gpu_device.cc:99] Not creating XLA devices, tf_xla_enable_xla_devices not set
2021-04-21 23:25:07.529474: I tensorflow/compiler/jit/xla_gpu_device.cc:99] Not creating XLA devices, tf_xla_enable_xla_devices not set
mse and spike frequency: 0.11775 0.0
[32m[I 2021-04-21 23:25:43,843][0m Trial 245 finished with values: [0.11775, 0.0] with parameters: {'Vahp': -24.5, 'Vth': -57.0, 'Vmax': 36.5, 't_ref': 9.0, 'R': 0.5, 'tau_m': 172.0, 'rate_low': 1.5, 'rate_high': 47.5}.[0m
2021-04-21 23:25:44.737190: I tensorflow/compiler/jit/xla_gpu_device.cc:99] Not creating XLA devices, tf_xla_enable_xla_devices not set
maxFreq at 10nA: 1000.0
2021-04-21 23:26:34.217239: I tensorflow/compiler/jit/xla_gpu_device.cc:99] Not creating XLA devices, tf_xla_enable_xla_devices not set
2021-04-21 23:27:13.488532: I tensorflow/compiler/jit/xla_gpu_device.cc:99] Not creating XLA devices, tf_xla_enable_xla_devices not set
mse and spike frequency: 0.11775 0.0
[32m[I 2021-04-21 23:27:49,246][0m Trial 246 finished with values: [0.11775, 0.0] with parameters: {'Vahp': -40.5, 'Vth': -47.5, 'Vmax': 35.0, 't_ref': 7.5, 'R': 0.30000000000000004, 'tau_m': 112.5, 'rate_low': 39.5, 'rate_high': 34.0}.[0m
2021-04-21 23:27:50.172976: I tensorflow/compiler/jit/xla_gpu_device.cc:99] Not creating XLA devices, tf_xla_enable_xla_devices not set
maxFreq at 10nA: 1000.0
2021-04-21 23:28:39.502868: I tensorflow/compiler/jit/xla_gpu_device.cc:99] Not creating XLA devices, tf_xla_enable_xla_devices not set
2021-04-21 23:29:19.424788: I tensorflow/compiler/jit/xla_gpu_device.cc:99] Not creating XLA devices, tf_xla_enable_xla_devices not set
mse and spike frequency: 0.11775 0.0
[32m[I 2021-04-21 23:29:54,952][0m Trial 247 finished with values: [0.11775, 0.0] with parameters: {'Vahp': -31.0, 'Vth': -38.5, 'Vmax': 33.0, 't_ref': 6.0, 'R': 0.9, 'tau_m': 254.5, 'rate_low': 12.5, 'rate_high': 40.0}.[0m
2021-04-21 23:29:55.869927: I tensorflow/compiler/jit/xla_gpu_device.cc:99] Not creating XLA devices, tf_xla_enable_xla_devices not set
maxFreq at 10nA: 63.0
2021-04-21 23:30:45.239892: I tensorflow/compiler/jit/xla_gpu_device.cc:99] Not creating XLA devices, tf_xla_enable_xla_devices not set
2021-04-21 23:31:24.306548: I tensorflow/compiler/jit/xla_gpu_device.cc:99] Not creating XLA devices, tf_xla_enable_xla_devices not set
mse and spike frequency: 0.00095 25.71
[32m[I 2021-04-21 23:32:00,387][0m Trial 248 finished with values: [0.00095, 25.71] with parameters: {'Vahp': -45.5, 'Vth': -37.0, 'Vmax': 38.0, 't_ref': 15.0, 'R': 0.9, 'tau_m': 241.5, 'rate_low': 49.0, 'rate_high': 49.0}.[0m
2021-04-21 23:32:01.280616: I tensorflow/compiler/jit/xla_gpu_device.cc:99] Not creating XLA devices, tf_xla_enable_xla_devices not set
maxFreq at 10nA: 1000.0
2021-04-21 23:32:50.457005: I tensorflow/compiler/jit/xla_gpu_device.cc:99] Not creating XLA devices, tf_xla_enable_xla_devices not set
2021-04-21 23:33:29.629415: I tensorflow/compiler/jit/xla_gpu_device.cc:99] Not creating XLA devices, tf_xla_enable_xla_devices not set
mse and spike frequency: 0.11775 0.0
[32m[I 2021-04-21 23:34:05,848][0m Trial 249 finished with values: [0.11775, 0.0] with parameters: {'Vahp': -32.5, 'Vth': -40.5, 'Vmax': 22.0, 't_ref': 5.5, 'R': 0.2, 'tau_m': 46.5, 'rate_low': 18.0, 'rate_high': 41.0}.[0m
2021-04-21 23:34:06.792681: I tensorflow/compiler/jit/xla_gpu_device.cc:99] Not creating XLA devices, tf_xla_enable_xla_devices not set
maxFreq at 10nA: 1000.0
2021-04-21 23:34:56.422814: I tensorflow/compiler/jit/xla_gpu_device.cc:99] Not creating XLA devices, tf_xla_enable_xla_devices not set
