[32m[I 2021-04-21 19:58:02,362][0m Trial 113 finished with values: [0.11775, 0.0] with parameters: {'Vahp': -35.5, 'Vth': -51.5, 'Vmax': 29.5, 't_ref': 15.0, 'R': 0.9, 'tau_m': 205.0, 'R_adp': 0.6, 'tau_w': 443.5, 'a': 307.0, 'rate_low': 49.5, 'rate_high': 49.5}.[0m
2021-04-21 19:58:02.941273: I tensorflow/compiler/jit/xla_gpu_device.cc:99] Not creating XLA devices, tf_xla_enable_xla_devices not set
maxFreq at 10nA: 999.0
2021-04-21 19:58:33.201640: I tensorflow/compiler/jit/xla_gpu_device.cc:99] Not creating XLA devices, tf_xla_enable_xla_devices not set
2021-04-21 19:58:52.507911: I tensorflow/compiler/jit/xla_gpu_device.cc:99] Not creating XLA devices, tf_xla_enable_xla_devices not set
mse and spike frequency: 0.11775 0.0
[32m[I 2021-04-21 19:59:09,322][0m Trial 114 finished with values: [0.11775, 0.0] with parameters: {'Vahp': -40.0, 'Vth': -51.0, 'Vmax': 10.0, 't_ref': 3.0, 'R': 0.2, 'tau_m': 475.0, 'R_adp': 0.5, 'tau_w': 265.0, 'a': 124.5, 'rate_low': 36.5, 'rate_high': 45.0}.[0m
2021-04-21 19:59:09.926178: I tensorflow/compiler/jit/xla_gpu_device.cc:99] Not creating XLA devices, tf_xla_enable_xla_devices not set
maxFreq at 10nA: 19.0
2021-04-21 19:59:39.651626: I tensorflow/compiler/jit/xla_gpu_device.cc:99] Not creating XLA devices, tf_xla_enable_xla_devices not set
2021-04-21 19:59:57.894417: I tensorflow/compiler/jit/xla_gpu_device.cc:99] Not creating XLA devices, tf_xla_enable_xla_devices not set
mse and spike frequency: 0.17254 0.9
[32m[I 2021-04-21 20:00:15,067][0m Trial 115 finished with values: [0.17254, 0.9] with parameters: {'Vahp': -51.0, 'Vth': -45.5, 'Vmax': 37.5, 't_ref': 19.5, 'R': 0.2, 'tau_m': 205.5, 'R_adp': 0.9, 'tau_w': 462.0, 'a': 360.0, 'rate_low': 39.5, 'rate_high': 50.0}.[0m
2021-04-21 20:00:15.746591: I tensorflow/compiler/jit/xla_gpu_device.cc:99] Not creating XLA devices, tf_xla_enable_xla_devices not set
maxFreq at 10nA: 1000.0
2021-04-21 20:00:46.065647: I tensorflow/compiler/jit/xla_gpu_device.cc:99] Not creating XLA devices, tf_xla_enable_xla_devices not set
2021-04-21 20:01:04.338016: I tensorflow/compiler/jit/xla_gpu_device.cc:99] Not creating XLA devices, tf_xla_enable_xla_devices not set
mse and spike frequency: 0.11775 0.0
[32m[I 2021-04-21 20:01:21,736][0m Trial 116 finished with values: [0.11775, 0.0] with parameters: {'Vahp': -20.0, 'Vth': -53.0, 'Vmax': 25.5, 't_ref': 11.5, 'R': 0.9, 'tau_m': 481.0, 'R_adp': 0.4, 'tau_w': 75.0, 'a': 255.5, 'rate_low': 37.5, 'rate_high': 47.0}.[0m
2021-04-21 20:01:22.425467: I tensorflow/compiler/jit/xla_gpu_device.cc:99] Not creating XLA devices, tf_xla_enable_xla_devices not set
maxFreq at 10nA: 200.0
2021-04-21 20:01:52.646618: I tensorflow/compiler/jit/xla_gpu_device.cc:99] Not creating XLA devices, tf_xla_enable_xla_devices not set
2021-04-21 20:02:10.822172: I tensorflow/compiler/jit/xla_gpu_device.cc:99] Not creating XLA devices, tf_xla_enable_xla_devices not set
mse and spike frequency: 0.00083 13.46
[32m[I 2021-04-21 20:02:28,161][0m Trial 117 finished with values: [0.00083, 13.46] with parameters: {'Vahp': -56.0, 'Vth': -42.5, 'Vmax': 30.0, 't_ref': 4.0, 'R': 1.0, 'tau_m': 481.0, 'R_adp': 0.4, 'tau_w': 76.5, 'a': 246.5, 'rate_low': 24.5, 'rate_high': 25.0}.[0m
2021-04-21 20:02:28.922650: I tensorflow/compiler/jit/xla_gpu_device.cc:99] Not creating XLA devices, tf_xla_enable_xla_devices not set
maxFreq at 10nA: 1000.0
2021-04-21 20:02:59.747671: I tensorflow/compiler/jit/xla_gpu_device.cc:99] Not creating XLA devices, tf_xla_enable_xla_devices not set
2021-04-21 20:03:18.335005: I tensorflow/compiler/jit/xla_gpu_device.cc:99] Not creating XLA devices, tf_xla_enable_xla_devices not set
mse and spike frequency: 0.11775 0.0
[32m[I 2021-04-21 20:03:35,869][0m Trial 118 finished with values: [0.11775, 0.0] with parameters: {'Vahp': -40.5, 'Vth': -48.5, 'Vmax': 20.0, 't_ref': 14.0, 'R': 0.7000000000000001, 'tau_m': 225.0, 'R_adp': 0.8, 'tau_w': 218.5, 'a': 386.0, 'rate_low': 32.5, 'rate_high': 42.0}.[0m
2021-04-21 20:03:36.520307: I tensorflow/compiler/jit/xla_gpu_device.cc:99] Not creating XLA devices, tf_xla_enable_xla_devices not set
maxFreq at 10nA: 1000.0
2021-04-21 20:04:07.334150: I tensorflow/compiler/jit/xla_gpu_device.cc:99] Not creating XLA devices, tf_xla_enable_xla_devices not set
2021-04-21 20:04:26.076115: I tensorflow/compiler/jit/xla_gpu_device.cc:99] Not creating XLA devices, tf_xla_enable_xla_devices not set
mse and spike frequency: 0.11775 0.0
[32m[I 2021-04-21 20:04:43,684][0m Trial 119 finished with values: [0.11775, 0.0] with parameters: {'Vahp': -28.5, 'Vth': -50.5, 'Vmax': 38.0, 't_ref': 8.5, 'R': 0.1, 'tau_m': 36.5, 'R_adp': 0.5, 'tau_w': 151.0, 'a': 370.0, 'rate_low': 38.5, 'rate_high': 47.5}.[0m
2021-04-21 20:04:44.346020: I tensorflow/compiler/jit/xla_gpu_device.cc:99] Not creating XLA devices, tf_xla_enable_xla_devices not set
maxFreq at 10nA: 1000.0
2021-04-21 20:05:15.081706: I tensorflow/compiler/jit/xla_gpu_device.cc:99] Not creating XLA devices, tf_xla_enable_xla_devices not set
2021-04-21 20:05:34.369809: I tensorflow/compiler/jit/xla_gpu_device.cc:99] Not creating XLA devices, tf_xla_enable_xla_devices not set
mse and spike frequency: 0.11775 0.0
[32m[I 2021-04-21 20:05:52,037][0m Trial 120 finished with values: [0.11775, 0.0] with parameters: {'Vahp': -40.5, 'Vth': -55.0, 'Vmax': 10.0, 't_ref': 13.0, 'R': 0.1, 'tau_m': 36.5, 'R_adp': 0.6, 'tau_w': 328.5, 'a': 57.5, 'rate_low': 38.5, 'rate_high': 45.5}.[0m
2021-04-21 20:05:52.833154: I tensorflow/compiler/jit/xla_gpu_device.cc:99] Not creating XLA devices, tf_xla_enable_xla_devices not set
maxFreq at 10nA: 1000.0
2021-04-21 20:06:23.731938: I tensorflow/compiler/jit/xla_gpu_device.cc:99] Not creating XLA devices, tf_xla_enable_xla_devices not set
2021-04-21 20:06:42.820228: I tensorflow/compiler/jit/xla_gpu_device.cc:99] Not creating XLA devices, tf_xla_enable_xla_devices not set
mse and spike frequency: 0.11775 0.0
[32m[I 2021-04-21 20:07:00,590][0m Trial 121 finished with values: [0.11775, 0.0] with parameters: {'Vahp': -35.5, 'Vth': -39.0, 'Vmax': 34.5, 't_ref': 17.0, 'R': 1.0, 'tau_m': 81.5, 'R_adp': 0.9, 'tau_w': 63.0, 'a': 66.0, 'rate_low': 6.5, 'rate_high': 49.5}.[0m
2021-04-21 20:07:01.312544: I tensorflow/compiler/jit/xla_gpu_device.cc:99] Not creating XLA devices, tf_xla_enable_xla_devices not set
maxFreq at 10nA: 63.0
2021-04-21 20:07:32.065025: I tensorflow/compiler/jit/xla_gpu_device.cc:99] Not creating XLA devices, tf_xla_enable_xla_devices not set
2021-04-21 20:07:51.489730: I tensorflow/compiler/jit/xla_gpu_device.cc:99] Not creating XLA devices, tf_xla_enable_xla_devices not set
mse and spike frequency: 1.45052 7.1
[32m[I 2021-04-21 20:08:10,155][0m Trial 122 finished with values: [1.45052, 7.1] with parameters: {'Vahp': -31.5, 'Vth': -25.5, 'Vmax': 28.0, 't_ref': 15.0, 'R': 0.6, 'tau_m': 16.0, 'R_adp': 0.8, 'tau_w': 137.5, 'a': 211.0, 'rate_low': 13.0, 'rate_high': 47.0}.[0m
2021-04-21 20:08:10.927260: I tensorflow/compiler/jit/xla_gpu_device.cc:99] Not creating XLA devices, tf_xla_enable_xla_devices not set
maxFreq at 10nA: 100.0
2021-04-21 20:08:42.454280: I tensorflow/compiler/jit/xla_gpu_device.cc:99] Not creating XLA devices, tf_xla_enable_xla_devices not set
2021-04-21 20:09:01.911426: I tensorflow/compiler/jit/xla_gpu_device.cc:99] Not creating XLA devices, tf_xla_enable_xla_devices not set
mse and spike frequency: 0.00067 12.51
[32m[I 2021-04-21 20:09:20,853][0m Trial 123 finished with values: [0.00067, 12.51] with parameters: {'Vahp': -57.0, 'Vth': -45.5, 'Vmax': 12.5, 't_ref': 8.5, 'R': 0.6, 'tau_m': 461.5, 'R_adp': 0.2, 'tau_w': 20.5, 'a': 386.0, 'rate_low': 21.5, 'rate_high': 31.0}.[0m
2021-04-21 20:09:21.507570: I tensorflow/compiler/jit/xla_gpu_device.cc:99] Not creating XLA devices, tf_xla_enable_xla_devices not set
maxFreq at 10nA: 1000.0
2021-04-21 20:09:53.122168: I tensorflow/compiler/jit/xla_gpu_device.cc:99] Not creating XLA devices, tf_xla_enable_xla_devices not set
2021-04-21 20:10:12.711987: I tensorflow/compiler/jit/xla_gpu_device.cc:99] Not creating XLA devices, tf_xla_enable_xla_devices not set
mse and spike frequency: 0.11775 0.0
[32m[I 2021-04-21 20:10:31,679][0m Trial 124 finished with values: [0.11775, 0.0] with parameters: {'Vahp': -28.0, 'Vth': -55.5, 'Vmax': 27.5, 't_ref': 18.0, 'R': 0.30000000000000004, 'tau_m': 261.5, 'R_adp': 0.30000000000000004, 'tau_w': 101.5, 'a': 263.0, 'rate_low': 6.5, 'rate_high': 49.0}.[0m
2021-04-21 20:10:32.426383: I tensorflow/compiler/jit/xla_gpu_device.cc:99] Not creating XLA devices, tf_xla_enable_xla_devices not set
maxFreq at 10nA: 1000.0
2021-04-21 20:11:03.807461: I tensorflow/compiler/jit/xla_gpu_device.cc:99] Not creating XLA devices, tf_xla_enable_xla_devices not set
2021-04-21 20:11:23.799830: I tensorflow/compiler/jit/xla_gpu_device.cc:99] Not creating XLA devices, tf_xla_enable_xla_devices not set
mse and spike frequency: 0.11775 0.0
[32m[I 2021-04-21 20:11:43,472][0m Trial 125 finished with values: [0.11775, 0.0] with parameters: {'Vahp': -24.0, 'Vth': -42.5, 'Vmax': 38.0, 't_ref': 14.5, 'R': 0.30000000000000004, 'tau_m': 36.5, 'R_adp': 0.7000000000000001, 'tau_w': 483.0, 'a': 170.5, 'rate_low': 38.5, 'rate_high': 31.0}.[0m
2021-04-21 20:11:44.120658: I tensorflow/compiler/jit/xla_gpu_device.cc:99] Not creating XLA devices, tf_xla_enable_xla_devices not set
maxFreq at 10nA: 1000.0
2021-04-21 20:12:15.860409: I tensorflow/compiler/jit/xla_gpu_device.cc:99] Not creating XLA devices, tf_xla_enable_xla_devices not set
2021-04-21 20:12:36.281592: I tensorflow/compiler/jit/xla_gpu_device.cc:99] Not creating XLA devices, tf_xla_enable_xla_devices not set
mse and spike frequency: 0.11775 0.0
[32m[I 2021-04-21 20:12:55,659][0m Trial 126 finished with values: [0.11775, 0.0] with parameters: {'Vahp': -24.0, 'Vth': -55.0, 'Vmax': 38.0, 't_ref': 8.5, 'R': 0.1, 'tau_m': 36.5, 'R_adp': 0.5, 'tau_w': 96.5, 'a': 57.5, 'rate_low': 38.5, 'rate_high': 45.5}.[0m
2021-04-21 20:12:56.385271: I tensorflow/compiler/jit/xla_gpu_device.cc:99] Not creating XLA devices, tf_xla_enable_xla_devices not set
maxFreq at 10nA: 1000.0
2021-04-21 20:13:28.384104: I tensorflow/compiler/jit/xla_gpu_device.cc:99] Not creating XLA devices, tf_xla_enable_xla_devices not set
2021-04-21 20:13:49.398360: I tensorflow/compiler/jit/xla_gpu_device.cc:99] Not creating XLA devices, tf_xla_enable_xla_devices not set
mse and spike frequency: 0.11775 0.0
[32m[I 2021-04-21 20:14:09,700][0m Trial 127 finished with values: [0.11775, 0.0] with parameters: {'Vahp': -22.5, 'Vth': -34.0, 'Vmax': 28.0, 't_ref': 14.0, 'R': 0.9, 'tau_m': 16.0, 'R_adp': 0.8, 'tau_w': 346.5, 'a': 72.0, 'rate_low': 13.0, 'rate_high': 37.5}.[0m
2021-04-21 20:14:10.330299: I tensorflow/compiler/jit/xla_gpu_device.cc:99] Not creating XLA devices, tf_xla_enable_xla_devices not set
maxFreq at 10nA: 200.0
2021-04-21 20:14:41.879806: I tensorflow/compiler/jit/xla_gpu_device.cc:99] Not creating XLA devices, tf_xla_enable_xla_devices not set
2021-04-21 20:15:03.015613: I tensorflow/compiler/jit/xla_gpu_device.cc:99] Not creating XLA devices, tf_xla_enable_xla_devices not set
mse and spike frequency: 0.0028 8.3
[32m[I 2021-04-21 20:15:23,487][0m Trial 128 finished with values: [0.0028, 8.3] with parameters: {'Vahp': -56.0, 'Vth': -46.5, 'Vmax': 25.0, 't_ref': 4.0, 'R': 1.0, 'tau_m': 484.0, 'R_adp': 0.7000000000000001, 'tau_w': 76.5, 'a': 429.0, 'rate_low': 30.5, 'rate_high': 15.5}.[0m
2021-04-21 20:15:24.137386: I tensorflow/compiler/jit/xla_gpu_device.cc:99] Not creating XLA devices, tf_xla_enable_xla_devices not set
maxFreq at 10nA: 999.0
2021-04-21 20:15:56.567083: I tensorflow/compiler/jit/xla_gpu_device.cc:99] Not creating XLA devices, tf_xla_enable_xla_devices not set
2021-04-21 20:16:17.881407: I tensorflow/compiler/jit/xla_gpu_device.cc:99] Not creating XLA devices, tf_xla_enable_xla_devices not set
mse and spike frequency: 0.11775 0.0
[32m[I 2021-04-21 20:16:38,338][0m Trial 129 finished with values: [0.11775, 0.0] with parameters: {'Vahp': -48.0, 'Vth': -50.5, 'Vmax': 17.5, 't_ref': 20.0, 'R': 0.2, 'tau_m': 483.0, 'R_adp': 0.2, 'tau_w': 151.0, 'a': 370.0, 'rate_low': 1.0, 'rate_high': 47.5}.[0m
2021-04-21 20:16:38.961349: I tensorflow/compiler/jit/xla_gpu_device.cc:99] Not creating XLA devices, tf_xla_enable_xla_devices not set
maxFreq at 10nA: 997.0
2021-04-21 20:17:11.840064: I tensorflow/compiler/jit/xla_gpu_device.cc:99] Not creating XLA devices, tf_xla_enable_xla_devices not set
2021-04-21 20:17:33.447507: I tensorflow/compiler/jit/xla_gpu_device.cc:99] Not creating XLA devices, tf_xla_enable_xla_devices not set
mse and spike frequency: 0.11775 0.0
[32m[I 2021-04-21 20:17:53,616][0m Trial 130 finished with values: [0.11775, 0.0] with parameters: {'Vahp': -21.5, 'Vth': -45.5, 'Vmax': 19.0, 't_ref': 13.0, 'R': 0.2, 'tau_m': 475.0, 'R_adp': 0.9, 'tau_w': 328.5, 'a': 124.5, 'rate_low': 49.5, 'rate_high': 50.0}.[0m
2021-04-21 20:17:54.257236: I tensorflow/compiler/jit/xla_gpu_device.cc:99] Not creating XLA devices, tf_xla_enable_xla_devices not set
maxFreq at 10nA: 1000.0
2021-04-21 20:18:25.924995: I tensorflow/compiler/jit/xla_gpu_device.cc:99] Not creating XLA devices, tf_xla_enable_xla_devices not set
2021-04-21 20:18:47.346338: I tensorflow/compiler/jit/xla_gpu_device.cc:99] Not creating XLA devices, tf_xla_enable_xla_devices not set
mse and spike frequency: 0.11775 0.0
[32m[I 2021-04-21 20:19:07,629][0m Trial 131 finished with values: [0.11775, 0.0] with parameters: {'Vahp': -28.0, 'Vth': -45.5, 'Vmax': 17.5, 't_ref': 18.0, 'R': 0.2, 'tau_m': 81.5, 'R_adp': 0.5, 'tau_w': 279.0, 'a': 66.0, 'rate_low': 6.5, 'rate_high': 47.5}.[0m
2021-04-21 20:19:08.281966: I tensorflow/compiler/jit/xla_gpu_device.cc:99] Not creating XLA devices, tf_xla_enable_xla_devices not set
maxFreq at 10nA: 1000.0
2021-04-21 20:19:40.711302: I tensorflow/compiler/jit/xla_gpu_device.cc:99] Not creating XLA devices, tf_xla_enable_xla_devices not set
2021-04-21 20:20:02.709758: I tensorflow/compiler/jit/xla_gpu_device.cc:99] Not creating XLA devices, tf_xla_enable_xla_devices not set
mse and spike frequency: 0.11775 0.0
[32m[I 2021-04-21 20:20:23,334][0m Trial 132 finished with values: [0.11775, 0.0] with parameters: {'Vahp': -40.0, 'Vth': -53.0, 'Vmax': 15.0, 't_ref': 14.5, 'R': 0.9, 'tau_m': 496.0, 'R_adp': 0.7000000000000001, 'tau_w': 483.0, 'a': 263.0, 'rate_low': 48.0, 'rate_high': 48.0}.[0m
2021-04-21 20:20:23.955707: I tensorflow/compiler/jit/xla_gpu_device.cc:99] Not creating XLA devices, tf_xla_enable_xla_devices not set
maxFreq at 10nA: 1000.0
2021-04-21 20:20:56.413987: I tensorflow/compiler/jit/xla_gpu_device.cc:99] Not creating XLA devices, tf_xla_enable_xla_devices not set
2021-04-21 20:21:18.522531: I tensorflow/compiler/jit/xla_gpu_device.cc:99] Not creating XLA devices, tf_xla_enable_xla_devices not set
mse and spike frequency: 0.11775 0.0
[32m[I 2021-04-21 20:21:39,486][0m Trial 133 finished with values: [0.11775, 0.0] with parameters: {'Vahp': -37.5, 'Vth': -50.5, 'Vmax': 34.5, 't_ref': 20.0, 'R': 0.7000000000000001, 'tau_m': 201.0, 'R_adp': 0.6, 'tau_w': 238.0, 'a': 307.0, 'rate_low': 1.0, 'rate_high': 47.5}.[0m
2021-04-21 20:21:40.111151: I tensorflow/compiler/jit/xla_gpu_device.cc:99] Not creating XLA devices, tf_xla_enable_xla_devices not set
maxFreq at 10nA: 151.0
2021-04-21 20:22:12.844529: I tensorflow/compiler/jit/xla_gpu_device.cc:99] Not creating XLA devices, tf_xla_enable_xla_devices not set
2021-04-21 20:22:35.061866: I tensorflow/compiler/jit/xla_gpu_device.cc:99] Not creating XLA devices, tf_xla_enable_xla_devices not set
mse and spike frequency: 0.00214 6.44
[32m[I 2021-04-21 20:22:56,063][0m Trial 134 finished with values: [0.00214, 6.44] with parameters: {'Vahp': -57.0, 'Vth': -46.5, 'Vmax': 12.5, 't_ref': 4.0, 'R': 0.4, 'tau_m': 484.0, 'R_adp': 0.30000000000000004, 'tau_w': 76.5, 'a': 429.0, 'rate_low': 24.0, 'rate_high': 42.0}.[0m
2021-04-21 20:22:56.694210: I tensorflow/compiler/jit/xla_gpu_device.cc:99] Not creating XLA devices, tf_xla_enable_xla_devices not set
maxFreq at 10nA: 997.0
2021-04-21 20:23:30.288828: I tensorflow/compiler/jit/xla_gpu_device.cc:99] Not creating XLA devices, tf_xla_enable_xla_devices not set
2021-04-21 20:23:52.617405: I tensorflow/compiler/jit/xla_gpu_device.cc:99] Not creating XLA devices, tf_xla_enable_xla_devices not set
mse and spike frequency: 0.11775 0.0
[32m[I 2021-04-21 20:24:13,809][0m Trial 135 finished with values: [0.11775, 0.0] with parameters: {'Vahp': -29.5, 'Vth': -50.5, 'Vmax': 16.0, 't_ref': 18.5, 'R': 0.1, 'tau_m': 484.0, 'R_adp': 0.7000000000000001, 'tau_w': 244.0, 'a': 72.0, 'rate_low': 43.0, 'rate_high': 46.0}.[0m
2021-04-21 20:24:14.466726: I tensorflow/compiler/jit/xla_gpu_device.cc:99] Not creating XLA devices, tf_xla_enable_xla_devices not set
maxFreq at 10nA: 1000.0
2021-04-21 20:24:48.237489: I tensorflow/compiler/jit/xla_gpu_device.cc:99] Not creating XLA devices, tf_xla_enable_xla_devices not set
2021-04-21 20:25:10.625172: I tensorflow/compiler/jit/xla_gpu_device.cc:99] Not creating XLA devices, tf_xla_enable_xla_devices not set
mse and spike frequency: 0.11775 0.0
[32m[I 2021-04-21 20:25:31,832][0m Trial 136 finished with values: [0.11775, 0.0] with parameters: {'Vahp': -40.0, 'Vth': -45.5, 'Vmax': 34.5, 't_ref': 3.0, 'R': 0.8, 'tau_m': 102.0, 'R_adp': 0.9, 'tau_w': 265.0, 'a': 67.5, 'rate_low': 36.5, 'rate_high': 45.0}.[0m
2021-04-21 20:25:32.471190: I tensorflow/compiler/jit/xla_gpu_device.cc:99] Not creating XLA devices, tf_xla_enable_xla_devices not set
maxFreq at 10nA: 1000.0
2021-04-21 20:26:05.920426: I tensorflow/compiler/jit/xla_gpu_device.cc:99] Not creating XLA devices, tf_xla_enable_xla_devices not set
2021-04-21 20:26:27.122001: I tensorflow/compiler/jit/xla_gpu_device.cc:99] Not creating XLA devices, tf_xla_enable_xla_devices not set
mse and spike frequency: 0.11775 0.0
[32m[I 2021-04-21 20:26:48,588][0m Trial 137 finished with values: [0.11775, 0.0] with parameters: {'Vahp': -48.0, 'Vth': -53.0, 'Vmax': 15.0, 't_ref': 17.0, 'R': 1.0, 'tau_m': 52.5, 'R_adp': 0.1, 'tau_w': 75.0, 'a': 297.5, 'rate_low': 22.5, 'rate_high': 16.0}.[0m
2021-04-21 20:26:49.285119: I tensorflow/compiler/jit/xla_gpu_device.cc:99] Not creating XLA devices, tf_xla_enable_xla_devices not set
maxFreq at 10nA: 182.0
2021-04-21 20:27:22.501529: I tensorflow/compiler/jit/xla_gpu_device.cc:99] Not creating XLA devices, tf_xla_enable_xla_devices not set
2021-04-21 20:27:44.519528: I tensorflow/compiler/jit/xla_gpu_device.cc:99] Not creating XLA devices, tf_xla_enable_xla_devices not set
mse and spike frequency: 372.35604 79.68
[32m[I 2021-04-21 20:28:06,296][0m Trial 138 finished with values: [372.35604, 79.68] with parameters: {'Vahp': -50.0, 'Vth': -48.5, 'Vmax': 19.0, 't_ref': 0.5, 'R': 0.9, 'tau_m': 182.0, 'R_adp': 0.6, 'tau_w': 238.0, 'a': 408.0, 'rate_low': 32.5, 'rate_high': 45.5}.[0m
2021-04-21 20:28:06.995061: I tensorflow/compiler/jit/xla_gpu_device.cc:99] Not creating XLA devices, tf_xla_enable_xla_devices not set
maxFreq at 10nA: 1000.0
2021-04-21 20:28:40.014779: I tensorflow/compiler/jit/xla_gpu_device.cc:99] Not creating XLA devices, tf_xla_enable_xla_devices not set
2021-04-21 20:29:02.669417: I tensorflow/compiler/jit/xla_gpu_device.cc:99] Not creating XLA devices, tf_xla_enable_xla_devices not set
mse and spike frequency: 0.11771 1000.1
[32m[I 2021-04-21 20:29:24,474][0m Trial 139 finished with values: [0.11771, 1000.1] with parameters: {'Vahp': -45.5, 'Vth': -60.0, 'Vmax': 16.5, 't_ref': 11.0, 'R': 1.0, 'tau_m': 371.0, 'R_adp': 0.1, 'tau_w': 114.5, 'a': 312.5, 'rate_low': 22.5, 'rate_high': 23.0}.[0m
2021-04-21 20:29:25.148003: I tensorflow/compiler/jit/xla_gpu_device.cc:99] Not creating XLA devices, tf_xla_enable_xla_devices not set
maxFreq at 10nA: 1000.0
2021-04-21 20:29:58.611358: I tensorflow/compiler/jit/xla_gpu_device.cc:99] Not creating XLA devices, tf_xla_enable_xla_devices not set
2021-04-21 20:30:20.732398: I tensorflow/compiler/jit/xla_gpu_device.cc:99] Not creating XLA devices, tf_xla_enable_xla_devices not set
mse and spike frequency: 0.11775 0.0
[32m[I 2021-04-21 20:30:42,636][0m Trial 140 finished with values: [0.11775, 0.0] with parameters: {'Vahp': -31.5, 'Vth': -34.0, 'Vmax': 15.0, 't_ref': 14.5, 'R': 0.30000000000000004, 'tau_m': 20.5, 'R_adp': 0.5, 'tau_w': 163.0, 'a': 263.0, 'rate_low': 36.0, 'rate_high': 42.0}.[0m
2021-04-21 20:30:43.347742: I tensorflow/compiler/jit/xla_gpu_device.cc:99] Not creating XLA devices, tf_xla_enable_xla_devices not set
maxFreq at 10nA: 1000.0
2021-04-21 20:31:16.415602: I tensorflow/compiler/jit/xla_gpu_device.cc:99] Not creating XLA devices, tf_xla_enable_xla_devices not set
2021-04-21 20:31:38.792137: I tensorflow/compiler/jit/xla_gpu_device.cc:99] Not creating XLA devices, tf_xla_enable_xla_devices not set
mse and spike frequency: 0.11775 0.0
[32m[I 2021-04-21 20:32:00,988][0m Trial 141 finished with values: [0.11775, 0.0] with parameters: {'Vahp': -28.5, 'Vth': -48.5, 'Vmax': 16.5, 't_ref': 10.5, 'R': 0.7000000000000001, 'tau_m': 182.0, 'R_adp': 0.1, 'tau_w': 238.0, 'a': 133.5, 'rate_low': 25.0, 'rate_high': 36.5}.[0m
2021-04-21 20:32:01.688434: I tensorflow/compiler/jit/xla_gpu_device.cc:99] Not creating XLA devices, tf_xla_enable_xla_devices not set
maxFreq at 10nA: 79.0
2021-04-21 20:32:35.326542: I tensorflow/compiler/jit/xla_gpu_device.cc:99] Not creating XLA devices, tf_xla_enable_xla_devices not set
2021-04-21 20:32:57.907435: I tensorflow/compiler/jit/xla_gpu_device.cc:99] Not creating XLA devices, tf_xla_enable_xla_devices not set
mse and spike frequency: 0.03824 2.19
