[32m[I 2021-04-21 19:27:54,522][0m Trial 84 finished with values: [0.11775, 0.0] with parameters: {'Vahp': -47.0, 'Vth': -52.5, 'Vmax': 24.0, 't_ref': 15.0, 'R': 0.7000000000000001, 'tau_m': 195.0, 'R_adp': 0.1, 'tau_w': 236.5, 'a': 243.5, 'rate_low': 32.0, 'rate_high': 33.5}.[0m
2021-04-21 19:27:55.070548: I tensorflow/compiler/jit/xla_gpu_device.cc:99] Not creating XLA devices, tf_xla_enable_xla_devices not set
maxFreq at 10nA: 200.0
2021-04-21 19:28:22.293308: I tensorflow/compiler/jit/xla_gpu_device.cc:99] Not creating XLA devices, tf_xla_enable_xla_devices not set
2021-04-21 19:28:36.663063: I tensorflow/compiler/jit/xla_gpu_device.cc:99] Not creating XLA devices, tf_xla_enable_xla_devices not set
mse and spike frequency: 2.0847 23.01
[32m[I 2021-04-21 19:28:51,204][0m Trial 85 finished with values: [2.0847, 23.01] with parameters: {'Vahp': -54.5, 'Vth': -35.0, 'Vmax': 30.5, 't_ref': 3.5, 'R': 1.0, 'tau_m': 190.0, 'R_adp': 0.30000000000000004, 'tau_w': 268.0, 'a': 255.5, 'rate_low': 44.5, 'rate_high': 22.0}.[0m
2021-04-21 19:28:51.754475: I tensorflow/compiler/jit/xla_gpu_device.cc:99] Not creating XLA devices, tf_xla_enable_xla_devices not set
maxFreq at 10nA: 1000.0
2021-04-21 19:29:19.424353: I tensorflow/compiler/jit/xla_gpu_device.cc:99] Not creating XLA devices, tf_xla_enable_xla_devices not set
2021-04-21 19:29:34.333002: I tensorflow/compiler/jit/xla_gpu_device.cc:99] Not creating XLA devices, tf_xla_enable_xla_devices not set
mse and spike frequency: 0.11775 0.0
[32m[I 2021-04-21 19:29:49,043][0m Trial 86 finished with values: [0.11775, 0.0] with parameters: {'Vahp': -38.5, 'Vth': -54.5, 'Vmax': 25.0, 't_ref': 20.0, 'R': 0.2, 'tau_m': 115.5, 'R_adp': 0.7000000000000001, 'tau_w': 113.0, 'a': 308.0, 'rate_low': 36.5, 'rate_high': 23.5}.[0m
2021-04-21 19:29:49.560783: I tensorflow/compiler/jit/xla_gpu_device.cc:99] Not creating XLA devices, tf_xla_enable_xla_devices not set
maxFreq at 10nA: 1000.0
2021-04-21 19:30:16.890950: I tensorflow/compiler/jit/xla_gpu_device.cc:99] Not creating XLA devices, tf_xla_enable_xla_devices not set
2021-04-21 19:30:32.298212: I tensorflow/compiler/jit/xla_gpu_device.cc:99] Not creating XLA devices, tf_xla_enable_xla_devices not set
mse and spike frequency: 0.11775 0.0
[32m[I 2021-04-21 19:30:47,237][0m Trial 87 finished with values: [0.11775, 0.0] with parameters: {'Vahp': -39.5, 'Vth': -53.5, 'Vmax': 19.0, 't_ref': 9.0, 'R': 0.8, 'tau_m': 139.5, 'R_adp': 0.30000000000000004, 'tau_w': 432.5, 'a': 349.5, 'rate_low': 39.0, 'rate_high': 43.0}.[0m
2021-04-21 19:30:47.795758: I tensorflow/compiler/jit/xla_gpu_device.cc:99] Not creating XLA devices, tf_xla_enable_xla_devices not set
maxFreq at 10nA: 1000.0
2021-04-21 19:31:15.711635: I tensorflow/compiler/jit/xla_gpu_device.cc:99] Not creating XLA devices, tf_xla_enable_xla_devices not set
2021-04-21 19:31:31.120594: I tensorflow/compiler/jit/xla_gpu_device.cc:99] Not creating XLA devices, tf_xla_enable_xla_devices not set
mse and spike frequency: 0.11775 0.0
[32m[I 2021-04-21 19:31:45,678][0m Trial 88 finished with values: [0.11775, 0.0] with parameters: {'Vahp': -25.0, 'Vth': -38.5, 'Vmax': 28.0, 't_ref': 14.5, 'R': 1.0, 'tau_m': 105.5, 'R_adp': 0.5, 'tau_w': 448.0, 'a': 107.0, 'rate_low': 37.0, 'rate_high': 38.0}.[0m
2021-04-21 19:31:46.209829: I tensorflow/compiler/jit/xla_gpu_device.cc:99] Not creating XLA devices, tf_xla_enable_xla_devices not set
maxFreq at 10nA: 59.0
2021-04-21 19:32:14.123739: I tensorflow/compiler/jit/xla_gpu_device.cc:99] Not creating XLA devices, tf_xla_enable_xla_devices not set
2021-04-21 19:32:29.685458: I tensorflow/compiler/jit/xla_gpu_device.cc:99] Not creating XLA devices, tf_xla_enable_xla_devices not set
mse and spike frequency: 1.19658 12.51
[32m[I 2021-04-21 19:32:44,956][0m Trial 89 finished with values: [1.19658, 12.51] with parameters: {'Vahp': -52.0, 'Vth': -51.5, 'Vmax': 22.0, 't_ref': 16.0, 'R': 0.6, 'tau_m': 56.5, 'R_adp': 0.4, 'tau_w': 155.5, 'a': 308.0, 'rate_low': 29.0, 'rate_high': 32.0}.[0m
2021-04-21 19:32:45.522996: I tensorflow/compiler/jit/xla_gpu_device.cc:99] Not creating XLA devices, tf_xla_enable_xla_devices not set
maxFreq at 10nA: 59.0
2021-04-21 19:33:13.730822: I tensorflow/compiler/jit/xla_gpu_device.cc:99] Not creating XLA devices, tf_xla_enable_xla_devices not set
2021-04-21 19:33:29.937757: I tensorflow/compiler/jit/xla_gpu_device.cc:99] Not creating XLA devices, tf_xla_enable_xla_devices not set
mse and spike frequency: 0.00172 8.71
[32m[I 2021-04-21 19:33:45,085][0m Trial 90 finished with values: [0.00172, 8.71] with parameters: {'Vahp': -48.0, 'Vth': -37.5, 'Vmax': 13.5, 't_ref': 14.5, 'R': 0.2, 'tau_m': 213.0, 'R_adp': 0.5, 'tau_w': 98.0, 'a': 86.0, 'rate_low': 42.5, 'rate_high': 40.5}.[0m
2021-04-21 19:33:45.631626: I tensorflow/compiler/jit/xla_gpu_device.cc:99] Not creating XLA devices, tf_xla_enable_xla_devices not set
maxFreq at 10nA: 67.0
2021-04-21 19:34:13.860644: I tensorflow/compiler/jit/xla_gpu_device.cc:99] Not creating XLA devices, tf_xla_enable_xla_devices not set
2021-04-21 19:34:30.565537: I tensorflow/compiler/jit/xla_gpu_device.cc:99] Not creating XLA devices, tf_xla_enable_xla_devices not set
mse and spike frequency: 0.00133 12.88
[32m[I 2021-04-21 19:34:45,956][0m Trial 91 finished with values: [0.00133, 12.88] with parameters: {'Vahp': -51.5, 'Vth': -38.5, 'Vmax': 27.5, 't_ref': 13.5, 'R': 1.0, 'tau_m': 213.0, 'R_adp': 0.5, 'tau_w': 74.5, 'a': 331.0, 'rate_low': 25.0, 'rate_high': 34.0}.[0m
2021-04-21 19:34:46.505676: I tensorflow/compiler/jit/xla_gpu_device.cc:99] Not creating XLA devices, tf_xla_enable_xla_devices not set
maxFreq at 10nA: 215.0
2021-04-21 19:35:14.799464: I tensorflow/compiler/jit/xla_gpu_device.cc:99] Not creating XLA devices, tf_xla_enable_xla_devices not set
2021-04-21 19:35:31.434975: I tensorflow/compiler/jit/xla_gpu_device.cc:99] Not creating XLA devices, tf_xla_enable_xla_devices not set
mse and spike frequency: 29.23881 24.79
[32m[I 2021-04-21 19:35:46,732][0m Trial 92 finished with values: [29.23881, 24.79] with parameters: {'Vahp': -56.5, 'Vth': -36.0, 'Vmax': 37.5, 't_ref': 0.5, 'R': 0.8, 'tau_m': 397.5, 'R_adp': 0.6, 'tau_w': 235.0, 'a': 219.5, 'rate_low': 33.5, 'rate_high': 41.5}.[0m
2021-04-21 19:35:47.259846: I tensorflow/compiler/jit/xla_gpu_device.cc:99] Not creating XLA devices, tf_xla_enable_xla_devices not set
maxFreq at 10nA: 1000.0
2021-04-21 19:36:15.614288: I tensorflow/compiler/jit/xla_gpu_device.cc:99] Not creating XLA devices, tf_xla_enable_xla_devices not set
2021-04-21 19:36:32.462091: I tensorflow/compiler/jit/xla_gpu_device.cc:99] Not creating XLA devices, tf_xla_enable_xla_devices not set
mse and spike frequency: 0.11775 0.0
[32m[I 2021-04-21 19:36:47,829][0m Trial 93 finished with values: [0.11775, 0.0] with parameters: {'Vahp': -24.5, 'Vth': -35.5, 'Vmax': 22.0, 't_ref': 20.0, 'R': 1.0, 'tau_m': 242.0, 'R_adp': 0.5, 'tau_w': 403.0, 'a': 98.0, 'rate_low': 8.5, 'rate_high': 43.5}.[0m
2021-04-21 19:36:48.417616: I tensorflow/compiler/jit/xla_gpu_device.cc:99] Not creating XLA devices, tf_xla_enable_xla_devices not set
maxFreq at 10nA: 125.0
2021-04-21 19:37:17.472850: I tensorflow/compiler/jit/xla_gpu_device.cc:99] Not creating XLA devices, tf_xla_enable_xla_devices not set
2021-04-21 19:37:33.778578: I tensorflow/compiler/jit/xla_gpu_device.cc:99] Not creating XLA devices, tf_xla_enable_xla_devices not set
mse and spike frequency: 5.5564 17.84
[32m[I 2021-04-21 19:37:48,373][0m Trial 94 finished with values: [5.5564, 17.84] with parameters: {'Vahp': -36.5, 'Vth': -22.5, 'Vmax': 30.5, 't_ref': 6.5, 'R': 0.6, 'tau_m': 139.5, 'R_adp': 0.30000000000000004, 'tau_w': 236.5, 'a': 360.0, 'rate_low': 39.0, 'rate_high': 43.0}.[0m
2021-04-21 19:37:48.919081: I tensorflow/compiler/jit/xla_gpu_device.cc:99] Not creating XLA devices, tf_xla_enable_xla_devices not set
maxFreq at 10nA: 999.0
2021-04-21 19:38:17.823359: I tensorflow/compiler/jit/xla_gpu_device.cc:99] Not creating XLA devices, tf_xla_enable_xla_devices not set
2021-04-21 19:38:34.310746: I tensorflow/compiler/jit/xla_gpu_device.cc:99] Not creating XLA devices, tf_xla_enable_xla_devices not set
mse and spike frequency: 0.11775 0.0
[32m[I 2021-04-21 19:38:49,881][0m Trial 95 finished with values: [0.11775, 0.0] with parameters: {'Vahp': -31.5, 'Vth': -39.5, 'Vmax': 15.5, 't_ref': 6.5, 'R': 0.5, 'tau_m': 457.5, 'R_adp': 0.1, 'tau_w': 134.5, 'a': 192.0, 'rate_low': 31.5, 'rate_high': 43.0}.[0m
2021-04-21 19:38:50.583069: I tensorflow/compiler/jit/xla_gpu_device.cc:99] Not creating XLA devices, tf_xla_enable_xla_devices not set
maxFreq at 10nA: 999.0
2021-04-21 19:39:19.595447: I tensorflow/compiler/jit/xla_gpu_device.cc:99] Not creating XLA devices, tf_xla_enable_xla_devices not set
2021-04-21 19:39:35.852050: I tensorflow/compiler/jit/xla_gpu_device.cc:99] Not creating XLA devices, tf_xla_enable_xla_devices not set
mse and spike frequency: 0.11775 0.0
[32m[I 2021-04-21 19:39:52,006][0m Trial 96 finished with values: [0.11775, 0.0] with parameters: {'Vahp': -26.0, 'Vth': -45.0, 'Vmax': 17.0, 't_ref': 13.0, 'R': 0.1, 'tau_m': 87.0, 'R_adp': 0.8, 'tau_w': 391.5, 'a': 476.5, 'rate_low': 6.5, 'rate_high': 28.5}.[0m
2021-04-21 19:39:52.730756: I tensorflow/compiler/jit/xla_gpu_device.cc:99] Not creating XLA devices, tf_xla_enable_xla_devices not set
maxFreq at 10nA: 1000.0
2021-04-21 19:40:21.101637: I tensorflow/compiler/jit/xla_gpu_device.cc:99] Not creating XLA devices, tf_xla_enable_xla_devices not set
2021-04-21 19:40:37.040439: I tensorflow/compiler/jit/xla_gpu_device.cc:99] Not creating XLA devices, tf_xla_enable_xla_devices not set
mse and spike frequency: 0.11775 0.0
[32m[I 2021-04-21 19:40:53,351][0m Trial 97 finished with values: [0.11775, 0.0] with parameters: {'Vahp': -20.5, 'Vth': -47.0, 'Vmax': 22.0, 't_ref': 6.0, 'R': 1.0, 'tau_m': 433.0, 'R_adp': 0.8, 'tau_w': 316.0, 'a': 154.5, 'rate_low': 6.0, 'rate_high': 30.5}.[0m
2021-04-21 19:40:53.981771: I tensorflow/compiler/jit/xla_gpu_device.cc:99] Not creating XLA devices, tf_xla_enable_xla_devices not set
maxFreq at 10nA: 1000.0
2021-04-21 19:41:23.425674: I tensorflow/compiler/jit/xla_gpu_device.cc:99] Not creating XLA devices, tf_xla_enable_xla_devices not set
2021-04-21 19:41:39.621923: I tensorflow/compiler/jit/xla_gpu_device.cc:99] Not creating XLA devices, tf_xla_enable_xla_devices not set
mse and spike frequency: 0.11775 0.0
[32m[I 2021-04-21 19:41:56,275][0m Trial 98 finished with values: [0.11775, 0.0] with parameters: {'Vahp': -20.5, 'Vth': -54.5, 'Vmax': 15.5, 't_ref': 20.0, 'R': 0.7000000000000001, 'tau_m': 328.5, 'R_adp': 0.7000000000000001, 'tau_w': 154.5, 'a': 358.5, 'rate_low': 6.5, 'rate_high': 30.5}.[0m
2021-04-21 19:41:56.907744: I tensorflow/compiler/jit/xla_gpu_device.cc:99] Not creating XLA devices, tf_xla_enable_xla_devices not set
maxFreq at 10nA: 59.0
2021-04-21 19:42:26.161021: I tensorflow/compiler/jit/xla_gpu_device.cc:99] Not creating XLA devices, tf_xla_enable_xla_devices not set
2021-04-21 19:42:42.147669: I tensorflow/compiler/jit/xla_gpu_device.cc:99] Not creating XLA devices, tf_xla_enable_xla_devices not set
mse and spike frequency: 0.4467 11.38
[32m[I 2021-04-21 19:42:59,579][0m Trial 99 finished with values: [0.4467, 11.38] with parameters: {'Vahp': -52.0, 'Vth': -48.0, 'Vmax': 12.0, 't_ref': 16.0, 'R': 0.8, 'tau_m': 16.0, 'R_adp': 0.8, 'tau_w': 155.5, 'a': 152.5, 'rate_low': 16.5, 'rate_high': 49.0}.[0m
2021-04-21 19:43:00.289070: I tensorflow/compiler/jit/xla_gpu_device.cc:99] Not creating XLA devices, tf_xla_enable_xla_devices not set
maxFreq at 10nA: 1000.0
2021-04-21 19:43:30.340777: I tensorflow/compiler/jit/xla_gpu_device.cc:99] Not creating XLA devices, tf_xla_enable_xla_devices not set
2021-04-21 19:43:46.623315: I tensorflow/compiler/jit/xla_gpu_device.cc:99] Not creating XLA devices, tf_xla_enable_xla_devices not set
mse and spike frequency: 0.11775 0.0
[32m[I 2021-04-21 19:44:04,118][0m Trial 100 finished with values: [0.11775, 0.0] with parameters: {'Vahp': -38.5, 'Vth': -54.5, 'Vmax': 15.5, 't_ref': 6.5, 'R': 0.7000000000000001, 'tau_m': 132.5, 'R_adp': 0.7000000000000001, 'tau_w': 184.5, 'a': 243.5, 'rate_low': 6.5, 'rate_high': 48.0}.[0m
2021-04-21 19:44:04.781107: I tensorflow/compiler/jit/xla_gpu_device.cc:99] Not creating XLA devices, tf_xla_enable_xla_devices not set
maxFreq at 10nA: 999.0
2021-04-21 19:44:34.998026: I tensorflow/compiler/jit/xla_gpu_device.cc:99] Not creating XLA devices, tf_xla_enable_xla_devices not set
2021-04-21 19:44:51.658913: I tensorflow/compiler/jit/xla_gpu_device.cc:99] Not creating XLA devices, tf_xla_enable_xla_devices not set
mse and spike frequency: 0.11775 0.0
[32m[I 2021-04-21 19:45:08,926][0m Trial 101 finished with values: [0.11775, 0.0] with parameters: {'Vahp': -26.0, 'Vth': -46.0, 'Vmax': 27.5, 't_ref': 13.5, 'R': 0.30000000000000004, 'tau_m': 433.0, 'R_adp': 0.8, 'tau_w': 303.5, 'a': 60.0, 'rate_low': 39.5, 'rate_high': 41.0}.[0m
2021-04-21 19:45:09.639543: I tensorflow/compiler/jit/xla_gpu_device.cc:99] Not creating XLA devices, tf_xla_enable_xla_devices not set
maxFreq at 10nA: 997.0
2021-04-21 19:45:39.348481: I tensorflow/compiler/jit/xla_gpu_device.cc:99] Not creating XLA devices, tf_xla_enable_xla_devices not set
2021-04-21 19:45:55.695277: I tensorflow/compiler/jit/xla_gpu_device.cc:99] Not creating XLA devices, tf_xla_enable_xla_devices not set
mse and spike frequency: 0.11775 0.0
[32m[I 2021-04-21 19:46:12,079][0m Trial 102 finished with values: [0.11775, 0.0] with parameters: {'Vahp': -24.5, 'Vth': -35.5, 'Vmax': 16.5, 't_ref': 3.0, 'R': 0.2, 'tau_m': 305.5, 'R_adp': 0.8, 'tau_w': 407.0, 'a': 225.0, 'rate_low': 11.0, 'rate_high': 36.0}.[0m
2021-04-21 19:46:12.815467: I tensorflow/compiler/jit/xla_gpu_device.cc:99] Not creating XLA devices, tf_xla_enable_xla_devices not set
maxFreq at 10nA: 1000.0
2021-04-21 19:46:42.231018: I tensorflow/compiler/jit/xla_gpu_device.cc:99] Not creating XLA devices, tf_xla_enable_xla_devices not set
2021-04-21 19:46:58.668083: I tensorflow/compiler/jit/xla_gpu_device.cc:99] Not creating XLA devices, tf_xla_enable_xla_devices not set
mse and spike frequency: 0.11775 0.0
[32m[I 2021-04-21 19:47:14,714][0m Trial 103 finished with values: [0.11775, 0.0] with parameters: {'Vahp': -42.0, 'Vth': -50.0, 'Vmax': 25.0, 't_ref': 13.5, 'R': 0.9, 'tau_m': 66.5, 'R_adp': 0.7000000000000001, 'tau_w': 113.0, 'a': 495.0, 'rate_low': 31.5, 'rate_high': 41.0}.[0m
2021-04-21 19:47:15.441553: I tensorflow/compiler/jit/xla_gpu_device.cc:99] Not creating XLA devices, tf_xla_enable_xla_devices not set
maxFreq at 10nA: 1000.0
2021-04-21 19:47:45.119181: I tensorflow/compiler/jit/xla_gpu_device.cc:99] Not creating XLA devices, tf_xla_enable_xla_devices not set
2021-04-21 19:48:01.740679: I tensorflow/compiler/jit/xla_gpu_device.cc:99] Not creating XLA devices, tf_xla_enable_xla_devices not set
mse and spike frequency: 0.11775 0.0
[32m[I 2021-04-21 19:48:17,815][0m Trial 104 finished with values: [0.11775, 0.0] with parameters: {'Vahp': -50.5, 'Vth': -51.5, 'Vmax': 24.5, 't_ref': 6.5, 'R': 0.5, 'tau_m': 56.5, 'R_adp': 0.9, 'tau_w': 131.5, 'a': 36.0, 'rate_low': 29.0, 'rate_high': 34.0}.[0m
2021-04-21 19:48:18.541313: I tensorflow/compiler/jit/xla_gpu_device.cc:99] Not creating XLA devices, tf_xla_enable_xla_devices not set
maxFreq at 10nA: 100.0
2021-04-21 19:48:48.634579: I tensorflow/compiler/jit/xla_gpu_device.cc:99] Not creating XLA devices, tf_xla_enable_xla_devices not set
2021-04-21 19:49:05.791541: I tensorflow/compiler/jit/xla_gpu_device.cc:99] Not creating XLA devices, tf_xla_enable_xla_devices not set
mse and spike frequency: 0.00576 21.84
[32m[I 2021-04-21 19:49:21,864][0m Trial 105 finished with values: [0.00576, 21.84] with parameters: {'Vahp': -39.0, 'Vth': -35.0, 'Vmax': 24.5, 't_ref': 9.0, 'R': 0.8, 'tau_m': 263.5, 'R_adp': 0.30000000000000004, 'tau_w': 236.5, 'a': 60.0, 'rate_low': 21.0, 'rate_high': 43.0}.[0m
2021-04-21 19:49:22.664573: I tensorflow/compiler/jit/xla_gpu_device.cc:99] Not creating XLA devices, tf_xla_enable_xla_devices not set
maxFreq at 10nA: 1000.0
2021-04-21 19:49:51.671705: I tensorflow/compiler/jit/xla_gpu_device.cc:99] Not creating XLA devices, tf_xla_enable_xla_devices not set
2021-04-21 19:50:09.069412: I tensorflow/compiler/jit/xla_gpu_device.cc:99] Not creating XLA devices, tf_xla_enable_xla_devices not set
mse and spike frequency: 0.11775 0.0
[32m[I 2021-04-21 19:50:25,194][0m Trial 106 finished with values: [0.11775, 0.0] with parameters: {'Vahp': -23.0, 'Vth': -51.0, 'Vmax': 30.5, 't_ref': 11.5, 'R': 0.30000000000000004, 'tau_m': 359.5, 'R_adp': 0.9, 'tau_w': 484.0, 'a': 294.5, 'rate_low': 16.5, 'rate_high': 41.0}.[0m
2021-04-21 19:50:25.986790: I tensorflow/compiler/jit/xla_gpu_device.cc:99] Not creating XLA devices, tf_xla_enable_xla_devices not set
maxFreq at 10nA: 1000.0
2021-04-21 19:50:55.720648: I tensorflow/compiler/jit/xla_gpu_device.cc:99] Not creating XLA devices, tf_xla_enable_xla_devices not set
2021-04-21 19:51:13.501061: I tensorflow/compiler/jit/xla_gpu_device.cc:99] Not creating XLA devices, tf_xla_enable_xla_devices not set
mse and spike frequency: 0.11775 0.0
[32m[I 2021-04-21 19:51:29,946][0m Trial 107 finished with values: [0.11775, 0.0] with parameters: {'Vahp': -48.5, 'Vth': -53.0, 'Vmax': 21.0, 't_ref': 9.0, 'R': 0.2, 'tau_m': 139.5, 'R_adp': 0.9, 'tau_w': 490.0, 'a': 128.5, 'rate_low': 20.5, 'rate_high': 21.5}.[0m
2021-04-21 19:51:30.508402: I tensorflow/compiler/jit/xla_gpu_device.cc:99] Not creating XLA devices, tf_xla_enable_xla_devices not set
maxFreq at 10nA: 362.0
2021-04-21 19:52:00.395472: I tensorflow/compiler/jit/xla_gpu_device.cc:99] Not creating XLA devices, tf_xla_enable_xla_devices not set
2021-04-21 19:52:17.854098: I tensorflow/compiler/jit/xla_gpu_device.cc:99] Not creating XLA devices, tf_xla_enable_xla_devices not set
mse and spike frequency: 0.00234 11.8
[32m[I 2021-04-21 19:52:33,751][0m Trial 108 finished with values: [0.00234, 11.8] with parameters: {'Vahp': -38.0, 'Vth': -37.5, 'Vmax': 36.5, 't_ref': 1.0, 'R': 0.2, 'tau_m': 420.5, 'R_adp': 0.6, 'tau_w': 98.0, 'a': 86.0, 'rate_low': 42.5, 'rate_high': 47.0}.[0m
2021-04-21 19:52:34.469135: I tensorflow/compiler/jit/xla_gpu_device.cc:99] Not creating XLA devices, tf_xla_enable_xla_devices not set
maxFreq at 10nA: 1000.0
2021-04-21 19:53:03.866962: I tensorflow/compiler/jit/xla_gpu_device.cc:99] Not creating XLA devices, tf_xla_enable_xla_devices not set
2021-04-21 19:53:21.592677: I tensorflow/compiler/jit/xla_gpu_device.cc:99] Not creating XLA devices, tf_xla_enable_xla_devices not set
mse and spike frequency: 0.11775 0.0
[32m[I 2021-04-21 19:53:38,312][0m Trial 109 finished with values: [0.11775, 0.0] with parameters: {'Vahp': -43.0, 'Vth': -53.5, 'Vmax': 16.5, 't_ref': 3.0, 'R': 0.2, 'tau_m': 115.5, 'R_adp': 0.9, 'tau_w': 113.0, 'a': 128.5, 'rate_low': 33.0, 'rate_high': 29.5}.[0m
2021-04-21 19:53:38.976611: I tensorflow/compiler/jit/xla_gpu_device.cc:99] Not creating XLA devices, tf_xla_enable_xla_devices not set
maxFreq at 10nA: 999.0
2021-04-21 19:54:08.517126: I tensorflow/compiler/jit/xla_gpu_device.cc:99] Not creating XLA devices, tf_xla_enable_xla_devices not set
2021-04-21 19:54:26.607613: I tensorflow/compiler/jit/xla_gpu_device.cc:99] Not creating XLA devices, tf_xla_enable_xla_devices not set
mse and spike frequency: 0.11775 0.0
[32m[I 2021-04-21 19:54:43,409][0m Trial 110 finished with values: [0.11775, 0.0] with parameters: {'Vahp': -29.0, 'Vth': -45.0, 'Vmax': 14.5, 't_ref': 13.0, 'R': 0.1, 'tau_m': 87.0, 'R_adp': 0.8, 'tau_w': 391.5, 'a': 476.5, 'rate_low': 31.5, 'rate_high': 28.5}.[0m
2021-04-21 19:54:44.090735: I tensorflow/compiler/jit/xla_gpu_device.cc:99] Not creating XLA devices, tf_xla_enable_xla_devices not set
maxFreq at 10nA: 999.0
2021-04-21 19:55:13.559135: I tensorflow/compiler/jit/xla_gpu_device.cc:99] Not creating XLA devices, tf_xla_enable_xla_devices not set
2021-04-21 19:55:32.412042: I tensorflow/compiler/jit/xla_gpu_device.cc:99] Not creating XLA devices, tf_xla_enable_xla_devices not set
mse and spike frequency: 0.11775 0.0
[32m[I 2021-04-21 19:55:49,238][0m Trial 111 finished with values: [0.11775, 0.0] with parameters: {'Vahp': -29.0, 'Vth': -39.5, 'Vmax': 14.5, 't_ref': 14.5, 'R': 0.30000000000000004, 'tau_m': 173.5, 'R_adp': 0.2, 'tau_w': 107.0, 'a': 434.5, 'rate_low': 48.5, 'rate_high': 43.0}.[0m
2021-04-21 19:55:49.845878: I tensorflow/compiler/jit/xla_gpu_device.cc:99] Not creating XLA devices, tf_xla_enable_xla_devices not set
maxFreq at 10nA: 43.0
2021-04-21 19:56:20.080428: I tensorflow/compiler/jit/xla_gpu_device.cc:99] Not creating XLA devices, tf_xla_enable_xla_devices not set
2021-04-21 19:56:39.123920: I tensorflow/compiler/jit/xla_gpu_device.cc:99] Not creating XLA devices, tf_xla_enable_xla_devices not set
mse and spike frequency: 1.9317 3.09
[32m[I 2021-04-21 19:56:56,038][0m Trial 112 finished with values: [1.9317, 3.09] with parameters: {'Vahp': -54.5, 'Vth': -20.0, 'Vmax': 30.5, 't_ref': 9.5, 'R': 0.30000000000000004, 'tau_m': 132.5, 'R_adp': 0.9, 'tau_w': 184.5, 'a': 429.0, 'rate_low': 31.5, 'rate_high': 48.0}.[0m
2021-04-21 19:56:56.621261: I tensorflow/compiler/jit/xla_gpu_device.cc:99] Not creating XLA devices, tf_xla_enable_xla_devices not set
maxFreq at 10nA: 10.0
2021-04-21 19:57:26.294899: I tensorflow/compiler/jit/xla_gpu_device.cc:99] Not creating XLA devices, tf_xla_enable_xla_devices not set
2021-04-21 19:57:44.828155: I tensorflow/compiler/jit/xla_gpu_device.cc:99] Not creating XLA devices, tf_xla_enable_xla_devices not set
mse and spike frequency: 0.1096 0.22
