[32m[I 2021-04-21 20:46:05,937][0m Trial 151 finished with values: [0.00108, 83.25] with parameters: {'Vahp': -27.0, 'Vth': -26.5, 'Vmax': 17.5, 't_ref': 4.0, 'R': 0.2, 'tau_m': 186.5, 'rate_low': 49.0, 'rate_high': 50.0}.[0m
2021-04-21 20:46:06.649838: I tensorflow/compiler/jit/xla_gpu_device.cc:99] Not creating XLA devices, tf_xla_enable_xla_devices not set
maxFreq at 10nA: 48.0
2021-04-21 20:46:42.206110: I tensorflow/compiler/jit/xla_gpu_device.cc:99] Not creating XLA devices, tf_xla_enable_xla_devices not set
2021-04-21 20:47:05.800854: I tensorflow/compiler/jit/xla_gpu_device.cc:99] Not creating XLA devices, tf_xla_enable_xla_devices not set
mse and spike frequency: 0.00156 5.43
[32m[I 2021-04-21 20:47:28,636][0m Trial 152 finished with values: [0.00156, 5.43] with parameters: {'Vahp': -57.0, 'Vth': -48.5, 'Vmax': 19.5, 't_ref': 19.5, 'R': 0.8, 'tau_m': 174.5, 'rate_low': 12.0, 'rate_high': 22.0}.[0m
2021-04-21 20:47:29.388112: I tensorflow/compiler/jit/xla_gpu_device.cc:99] Not creating XLA devices, tf_xla_enable_xla_devices not set
maxFreq at 10nA: 334.0
2021-04-21 20:48:04.562034: I tensorflow/compiler/jit/xla_gpu_device.cc:99] Not creating XLA devices, tf_xla_enable_xla_devices not set
2021-04-21 20:48:27.959851: I tensorflow/compiler/jit/xla_gpu_device.cc:99] Not creating XLA devices, tf_xla_enable_xla_devices not set
mse and spike frequency: 28.95314 29.13
[32m[I 2021-04-21 20:48:50,619][0m Trial 153 finished with values: [28.95314, 29.13] with parameters: {'Vahp': -36.5, 'Vth': -28.0, 'Vmax': 21.0, 't_ref': 1.5, 'R': 0.4, 'tau_m': 71.0, 'rate_low': 4.0, 'rate_high': 26.5}.[0m
2021-04-21 20:48:51.425940: I tensorflow/compiler/jit/xla_gpu_device.cc:99] Not creating XLA devices, tf_xla_enable_xla_devices not set
maxFreq at 10nA: 1000.0
2021-04-21 20:49:27.243386: I tensorflow/compiler/jit/xla_gpu_device.cc:99] Not creating XLA devices, tf_xla_enable_xla_devices not set
2021-04-21 20:49:52.036242: I tensorflow/compiler/jit/xla_gpu_device.cc:99] Not creating XLA devices, tf_xla_enable_xla_devices not set
mse and spike frequency: 0.11775 0.0
[32m[I 2021-04-21 20:50:15,531][0m Trial 154 finished with values: [0.11775, 0.0] with parameters: {'Vahp': -24.5, 'Vth': -57.0, 'Vmax': 39.5, 't_ref': 5.5, 'R': 0.5, 'tau_m': 46.5, 'rate_low': 29.5, 'rate_high': 39.5}.[0m
2021-04-21 20:50:16.374394: I tensorflow/compiler/jit/xla_gpu_device.cc:99] Not creating XLA devices, tf_xla_enable_xla_devices not set
maxFreq at 10nA: 91.0
2021-04-21 20:50:51.845414: I tensorflow/compiler/jit/xla_gpu_device.cc:99] Not creating XLA devices, tf_xla_enable_xla_devices not set
2021-04-21 20:51:16.474595: I tensorflow/compiler/jit/xla_gpu_device.cc:99] Not creating XLA devices, tf_xla_enable_xla_devices not set
mse and spike frequency: 0.00074 25.42
[32m[I 2021-04-21 20:51:40,090][0m Trial 155 finished with values: [0.00074, 25.42] with parameters: {'Vahp': -47.5, 'Vth': -28.0, 'Vmax': 32.0, 't_ref': 10.0, 'R': 0.4, 'tau_m': 71.0, 'rate_low': 33.0, 'rate_high': 38.0}.[0m
2021-04-21 20:51:41.060998: I tensorflow/compiler/jit/xla_gpu_device.cc:99] Not creating XLA devices, tf_xla_enable_xla_devices not set
maxFreq at 10nA: 1000.0
2021-04-21 20:52:16.032481: I tensorflow/compiler/jit/xla_gpu_device.cc:99] Not creating XLA devices, tf_xla_enable_xla_devices not set
2021-04-21 20:52:40.104826: I tensorflow/compiler/jit/xla_gpu_device.cc:99] Not creating XLA devices, tf_xla_enable_xla_devices not set
mse and spike frequency: 0.11775 0.0
[32m[I 2021-04-21 20:53:02,957][0m Trial 156 finished with values: [0.11775, 0.0] with parameters: {'Vahp': -32.5, 'Vth': -52.0, 'Vmax': 13.0, 't_ref': 5.5, 'R': 0.30000000000000004, 'tau_m': 46.5, 'rate_low': 29.5, 'rate_high': 47.5}.[0m
2021-04-21 20:53:03.870847: I tensorflow/compiler/jit/xla_gpu_device.cc:99] Not creating XLA devices, tf_xla_enable_xla_devices not set
maxFreq at 10nA: 1000.0
2021-04-21 20:53:39.362971: I tensorflow/compiler/jit/xla_gpu_device.cc:99] Not creating XLA devices, tf_xla_enable_xla_devices not set
2021-04-21 20:54:02.938636: I tensorflow/compiler/jit/xla_gpu_device.cc:99] Not creating XLA devices, tf_xla_enable_xla_devices not set
mse and spike frequency: 0.11775 0.0
[32m[I 2021-04-21 20:54:25,459][0m Trial 157 finished with values: [0.11775, 0.0] with parameters: {'Vahp': -35.5, 'Vth': -43.5, 'Vmax': 32.5, 't_ref': 17.5, 'R': 0.2, 'tau_m': 46.5, 'rate_low': 8.5, 'rate_high': 12.0}.[0m
2021-04-21 20:54:26.301291: I tensorflow/compiler/jit/xla_gpu_device.cc:99] Not creating XLA devices, tf_xla_enable_xla_devices not set
maxFreq at 10nA: 1000.0
2021-04-21 20:55:01.958597: I tensorflow/compiler/jit/xla_gpu_device.cc:99] Not creating XLA devices, tf_xla_enable_xla_devices not set
2021-04-21 20:55:26.028445: I tensorflow/compiler/jit/xla_gpu_device.cc:99] Not creating XLA devices, tf_xla_enable_xla_devices not set
mse and spike frequency: 0.11775 0.0
[32m[I 2021-04-21 20:55:48,578][0m Trial 158 finished with values: [0.11775, 0.0] with parameters: {'Vahp': -45.5, 'Vth': -57.0, 'Vmax': 35.0, 't_ref': 1.5, 'R': 0.30000000000000004, 'tau_m': 46.5, 'rate_low': 29.5, 'rate_high': 34.0}.[0m
2021-04-21 20:55:49.363019: I tensorflow/compiler/jit/xla_gpu_device.cc:99] Not creating XLA devices, tf_xla_enable_xla_devices not set
maxFreq at 10nA: 1000.0
2021-04-21 20:56:24.724599: I tensorflow/compiler/jit/xla_gpu_device.cc:99] Not creating XLA devices, tf_xla_enable_xla_devices not set
2021-04-21 20:56:48.886294: I tensorflow/compiler/jit/xla_gpu_device.cc:99] Not creating XLA devices, tf_xla_enable_xla_devices not set
mse and spike frequency: 0.11775 0.0
[32m[I 2021-04-21 20:57:11,875][0m Trial 159 finished with values: [0.11775, 0.0] with parameters: {'Vahp': -24.5, 'Vth': -57.0, 'Vmax': 13.0, 't_ref': 6.5, 'R': 0.8, 'tau_m': 46.5, 'rate_low': 29.5, 'rate_high': 47.5}.[0m
2021-04-21 20:57:12.678408: I tensorflow/compiler/jit/xla_gpu_device.cc:99] Not creating XLA devices, tf_xla_enable_xla_devices not set
maxFreq at 10nA: 66.0
2021-04-21 20:57:48.420965: I tensorflow/compiler/jit/xla_gpu_device.cc:99] Not creating XLA devices, tf_xla_enable_xla_devices not set
2021-04-21 20:58:12.607605: I tensorflow/compiler/jit/xla_gpu_device.cc:99] Not creating XLA devices, tf_xla_enable_xla_devices not set
mse and spike frequency: 0.00799 1.77
[32m[I 2021-04-21 20:58:35,766][0m Trial 160 finished with values: [0.00799, 1.77] with parameters: {'Vahp': -44.5, 'Vth': -22.0, 'Vmax': 33.0, 't_ref': 8.0, 'R': 0.1, 'tau_m': 271.5, 'rate_low': 23.5, 'rate_high': 45.0}.[0m
2021-04-21 20:58:36.557363: I tensorflow/compiler/jit/xla_gpu_device.cc:99] Not creating XLA devices, tf_xla_enable_xla_devices not set
maxFreq at 10nA: 1000.0
2021-04-21 20:59:12.631851: I tensorflow/compiler/jit/xla_gpu_device.cc:99] Not creating XLA devices, tf_xla_enable_xla_devices not set
2021-04-21 20:59:37.538829: I tensorflow/compiler/jit/xla_gpu_device.cc:99] Not creating XLA devices, tf_xla_enable_xla_devices not set
mse and spike frequency: 0.11775 0.0
[32m[I 2021-04-21 21:00:00,987][0m Trial 161 finished with values: [0.11775, 0.0] with parameters: {'Vahp': -37.0, 'Vth': -52.5, 'Vmax': 37.0, 't_ref': 19.5, 'R': 0.7000000000000001, 'tau_m': 12.0, 'rate_low': 7.5, 'rate_high': 39.5}.[0m
2021-04-21 21:00:01.787260: I tensorflow/compiler/jit/xla_gpu_device.cc:99] Not creating XLA devices, tf_xla_enable_xla_devices not set
maxFreq at 10nA: 250.0
2021-04-21 21:00:38.602712: I tensorflow/compiler/jit/xla_gpu_device.cc:99] Not creating XLA devices, tf_xla_enable_xla_devices not set
2021-04-21 21:01:03.423005: I tensorflow/compiler/jit/xla_gpu_device.cc:99] Not creating XLA devices, tf_xla_enable_xla_devices not set
mse and spike frequency: 0.00031 19.55
[32m[I 2021-04-21 21:01:26,978][0m Trial 162 finished with values: [0.00031, 19.55] with parameters: {'Vahp': -51.5, 'Vth': -32.0, 'Vmax': 17.5, 't_ref': 2.0, 'R': 0.4, 'tau_m': 265.0, 'rate_low': 37.5, 'rate_high': 39.5}.[0m
2021-04-21 21:01:27.747281: I tensorflow/compiler/jit/xla_gpu_device.cc:99] Not creating XLA devices, tf_xla_enable_xla_devices not set
maxFreq at 10nA: 250.0
2021-04-21 21:02:04.002228: I tensorflow/compiler/jit/xla_gpu_device.cc:99] Not creating XLA devices, tf_xla_enable_xla_devices not set
2021-04-21 21:02:28.594339: I tensorflow/compiler/jit/xla_gpu_device.cc:99] Not creating XLA devices, tf_xla_enable_xla_devices not set
mse and spike frequency: 0.00028 48.23
[32m[I 2021-04-21 21:02:52,619][0m Trial 163 finished with values: [0.00028, 48.23] with parameters: {'Vahp': -51.5, 'Vth': -32.0, 'Vmax': 20.5, 't_ref': 3.0, 'R': 0.4, 'tau_m': 102.5, 'rate_low': 49.0, 'rate_high': 49.0}.[0m
2021-04-21 21:02:53.409326: I tensorflow/compiler/jit/xla_gpu_device.cc:99] Not creating XLA devices, tf_xla_enable_xla_devices not set
maxFreq at 10nA: 1000.0
2021-04-21 21:03:29.871161: I tensorflow/compiler/jit/xla_gpu_device.cc:99] Not creating XLA devices, tf_xla_enable_xla_devices not set
2021-04-21 21:03:54.396586: I tensorflow/compiler/jit/xla_gpu_device.cc:99] Not creating XLA devices, tf_xla_enable_xla_devices not set
mse and spike frequency: 0.11775 0.0
[32m[I 2021-04-21 21:04:18,855][0m Trial 164 finished with values: [0.11775, 0.0] with parameters: {'Vahp': -28.0, 'Vth': -47.5, 'Vmax': 32.0, 't_ref': 7.5, 'R': 0.30000000000000004, 'tau_m': 112.5, 'rate_low': 18.5, 'rate_high': 38.0}.[0m
2021-04-21 21:04:19.684514: I tensorflow/compiler/jit/xla_gpu_device.cc:99] Not creating XLA devices, tf_xla_enable_xla_devices not set
maxFreq at 10nA: 1000.0
2021-04-21 21:04:56.198277: I tensorflow/compiler/jit/xla_gpu_device.cc:99] Not creating XLA devices, tf_xla_enable_xla_devices not set
2021-04-21 21:05:20.469616: I tensorflow/compiler/jit/xla_gpu_device.cc:99] Not creating XLA devices, tf_xla_enable_xla_devices not set
mse and spike frequency: 0.11775 0.0
[32m[I 2021-04-21 21:05:45,027][0m Trial 165 finished with values: [0.11775, 0.0] with parameters: {'Vahp': -27.0, 'Vth': -52.5, 'Vmax': 35.0, 't_ref': 19.5, 'R': 0.2, 'tau_m': 241.5, 'rate_low': 29.5, 'rate_high': 46.5}.[0m
2021-04-21 21:05:45.851312: I tensorflow/compiler/jit/xla_gpu_device.cc:99] Not creating XLA devices, tf_xla_enable_xla_devices not set
maxFreq at 10nA: 1000.0
2021-04-21 21:06:22.584781: I tensorflow/compiler/jit/xla_gpu_device.cc:99] Not creating XLA devices, tf_xla_enable_xla_devices not set
2021-04-21 21:06:47.372481: I tensorflow/compiler/jit/xla_gpu_device.cc:99] Not creating XLA devices, tf_xla_enable_xla_devices not set
mse and spike frequency: 0.11775 0.0
[32m[I 2021-04-21 21:07:12,330][0m Trial 166 finished with values: [0.11775, 0.0] with parameters: {'Vahp': -26.0, 'Vth': -52.0, 'Vmax': 13.0, 't_ref': 6.0, 'R': 0.9, 'tau_m': 254.5, 'rate_low': 49.0, 'rate_high': 40.0}.[0m
2021-04-21 21:07:13.069923: I tensorflow/compiler/jit/xla_gpu_device.cc:99] Not creating XLA devices, tf_xla_enable_xla_devices not set
maxFreq at 10nA: 1000.0
2021-04-21 21:07:49.926677: I tensorflow/compiler/jit/xla_gpu_device.cc:99] Not creating XLA devices, tf_xla_enable_xla_devices not set
2021-04-21 21:08:15.134992: I tensorflow/compiler/jit/xla_gpu_device.cc:99] Not creating XLA devices, tf_xla_enable_xla_devices not set
mse and spike frequency: 0.11775 0.0
[32m[I 2021-04-21 21:08:39,798][0m Trial 167 finished with values: [0.11775, 0.0] with parameters: {'Vahp': -25.5, 'Vth': -58.0, 'Vmax': 29.0, 't_ref': 7.5, 'R': 0.2, 'tau_m': 73.5, 'rate_low': 23.5, 'rate_high': 40.5}.[0m
2021-04-21 21:08:40.579318: I tensorflow/compiler/jit/xla_gpu_device.cc:99] Not creating XLA devices, tf_xla_enable_xla_devices not set
maxFreq at 10nA: 112.0
2021-04-21 21:09:18.109875: I tensorflow/compiler/jit/xla_gpu_device.cc:99] Not creating XLA devices, tf_xla_enable_xla_devices not set
2021-04-21 21:09:43.031947: I tensorflow/compiler/jit/xla_gpu_device.cc:99] Not creating XLA devices, tf_xla_enable_xla_devices not set
mse and spike frequency: 0.11775 0.09
[32m[I 2021-04-21 21:10:07,961][0m Trial 168 finished with values: [0.11775, 0.09] with parameters: {'Vahp': -54.0, 'Vth': -31.0, 'Vmax': 23.0, 't_ref': 7.5, 'R': 0.4, 'tau_m': 73.5, 'rate_low': 8.0, 'rate_high': 12.0}.[0m
2021-04-21 21:10:08.753126: I tensorflow/compiler/jit/xla_gpu_device.cc:99] Not creating XLA devices, tf_xla_enable_xla_devices not set
maxFreq at 10nA: 1000.0
2021-04-21 21:10:46.275332: I tensorflow/compiler/jit/xla_gpu_device.cc:99] Not creating XLA devices, tf_xla_enable_xla_devices not set
2021-04-21 21:11:10.993586: I tensorflow/compiler/jit/xla_gpu_device.cc:99] Not creating XLA devices, tf_xla_enable_xla_devices not set
mse and spike frequency: 0.11775 0.0
[32m[I 2021-04-21 21:11:36,106][0m Trial 169 finished with values: [0.11775, 0.0] with parameters: {'Vahp': -24.5, 'Vth': -38.5, 'Vmax': 35.0, 't_ref': 17.5, 'R': 0.30000000000000004, 'tau_m': 46.5, 'rate_low': 29.5, 'rate_high': 39.0}.[0m
2021-04-21 21:11:36.847932: I tensorflow/compiler/jit/xla_gpu_device.cc:99] Not creating XLA devices, tf_xla_enable_xla_devices not set
maxFreq at 10nA: 112.0
2021-04-21 21:12:14.158561: I tensorflow/compiler/jit/xla_gpu_device.cc:99] Not creating XLA devices, tf_xla_enable_xla_devices not set
2021-04-21 21:12:39.049341: I tensorflow/compiler/jit/xla_gpu_device.cc:99] Not creating XLA devices, tf_xla_enable_xla_devices not set
mse and spike frequency: 0.0007 34.47
[32m[I 2021-04-21 21:13:04,338][0m Trial 170 finished with values: [0.0007, 34.47] with parameters: {'Vahp': -51.5, 'Vth': -32.0, 'Vmax': 20.5, 't_ref': 7.5, 'R': 0.4, 'tau_m': 73.5, 'rate_low': 49.0, 'rate_high': 49.0}.[0m
2021-04-21 21:13:05.078246: I tensorflow/compiler/jit/xla_gpu_device.cc:99] Not creating XLA devices, tf_xla_enable_xla_devices not set
maxFreq at 10nA: 1000.0
2021-04-21 21:13:41.943409: I tensorflow/compiler/jit/xla_gpu_device.cc:99] Not creating XLA devices, tf_xla_enable_xla_devices not set
2021-04-21 21:14:07.630791: I tensorflow/compiler/jit/xla_gpu_device.cc:99] Not creating XLA devices, tf_xla_enable_xla_devices not set
mse and spike frequency: 0.11775 0.0
[32m[I 2021-04-21 21:14:32,683][0m Trial 171 finished with values: [0.11775, 0.0] with parameters: {'Vahp': -54.5, 'Vth': -58.0, 'Vmax': 19.0, 't_ref': 7.5, 'R': 0.1, 'tau_m': 415.5, 'rate_low': 41.0, 'rate_high': 44.0}.[0m
2021-04-21 21:14:33.397782: I tensorflow/compiler/jit/xla_gpu_device.cc:99] Not creating XLA devices, tf_xla_enable_xla_devices not set
maxFreq at 10nA: 111.0
2021-04-21 21:15:09.989615: I tensorflow/compiler/jit/xla_gpu_device.cc:99] Not creating XLA devices, tf_xla_enable_xla_devices not set
2021-04-21 21:15:36.083752: I tensorflow/compiler/jit/xla_gpu_device.cc:99] Not creating XLA devices, tf_xla_enable_xla_devices not set
mse and spike frequency: 0.0008 20.86
[32m[I 2021-04-21 21:16:01,196][0m Trial 172 finished with values: [0.0008, 20.86] with parameters: {'Vahp': -28.0, 'Vth': -25.5, 'Vmax': 39.5, 't_ref': 7.5, 'R': 0.30000000000000004, 'tau_m': 362.5, 'rate_low': 18.5, 'rate_high': 49.0}.[0m
2021-04-21 21:16:02.014936: I tensorflow/compiler/jit/xla_gpu_device.cc:99] Not creating XLA devices, tf_xla_enable_xla_devices not set
maxFreq at 10nA: 1000.0
2021-04-21 21:16:39.015916: I tensorflow/compiler/jit/xla_gpu_device.cc:99] Not creating XLA devices, tf_xla_enable_xla_devices not set
2021-04-21 21:17:04.833453: I tensorflow/compiler/jit/xla_gpu_device.cc:99] Not creating XLA devices, tf_xla_enable_xla_devices not set
mse and spike frequency: 0.11775 0.0
[32m[I 2021-04-21 21:17:30,095][0m Trial 173 finished with values: [0.11775, 0.0] with parameters: {'Vahp': -34.5, 'Vth': -54.0, 'Vmax': 35.0, 't_ref': 10.0, 'R': 0.30000000000000004, 'tau_m': 476.5, 'rate_low': 17.0, 'rate_high': 34.0}.[0m
2021-04-21 21:17:30.924028: I tensorflow/compiler/jit/xla_gpu_device.cc:99] Not creating XLA devices, tf_xla_enable_xla_devices not set
maxFreq at 10nA: 84.0
2021-04-21 21:18:08.433034: I tensorflow/compiler/jit/xla_gpu_device.cc:99] Not creating XLA devices, tf_xla_enable_xla_devices not set
2021-04-21 21:18:34.548175: I tensorflow/compiler/jit/xla_gpu_device.cc:99] Not creating XLA devices, tf_xla_enable_xla_devices not set
mse and spike frequency: 0.00102 9.41
[32m[I 2021-04-21 21:19:00,302][0m Trial 174 finished with values: [0.00102, 9.41] with parameters: {'Vahp': -57.0, 'Vth': -32.5, 'Vmax': 29.5, 't_ref': 8.0, 'R': 0.30000000000000004, 'tau_m': 423.5, 'rate_low': 49.0, 'rate_high': 49.0}.[0m
2021-04-21 21:19:01.077141: I tensorflow/compiler/jit/xla_gpu_device.cc:99] Not creating XLA devices, tf_xla_enable_xla_devices not set
maxFreq at 10nA: 1000.0
2021-04-21 21:19:38.898641: I tensorflow/compiler/jit/xla_gpu_device.cc:99] Not creating XLA devices, tf_xla_enable_xla_devices not set
2021-04-21 21:20:05.077649: I tensorflow/compiler/jit/xla_gpu_device.cc:99] Not creating XLA devices, tf_xla_enable_xla_devices not set
mse and spike frequency: 0.11775 0.0
[32m[I 2021-04-21 21:20:30,896][0m Trial 175 finished with values: [0.11775, 0.0] with parameters: {'Vahp': -37.0, 'Vth': -49.0, 'Vmax': 15.0, 't_ref': 7.5, 'R': 0.2, 'tau_m': 46.5, 'rate_low': 8.5, 'rate_high': 49.0}.[0m
2021-04-21 21:20:31.682799: I tensorflow/compiler/jit/xla_gpu_device.cc:99] Not creating XLA devices, tf_xla_enable_xla_devices not set
maxFreq at 10nA: 1000.0
2021-04-21 21:21:10.371031: I tensorflow/compiler/jit/xla_gpu_device.cc:99] Not creating XLA devices, tf_xla_enable_xla_devices not set
2021-04-21 21:21:36.915111: I tensorflow/compiler/jit/xla_gpu_device.cc:99] Not creating XLA devices, tf_xla_enable_xla_devices not set
mse and spike frequency: 0.11775 0.0
[32m[I 2021-04-21 21:22:02,851][0m Trial 176 finished with values: [0.11775, 0.0] with parameters: {'Vahp': -39.0, 'Vth': -58.0, 'Vmax': 23.0, 't_ref': 7.5, 'R': 0.4, 'tau_m': 172.0, 'rate_low': 32.5, 'rate_high': 46.0}.[0m
2021-04-21 21:22:03.620685: I tensorflow/compiler/jit/xla_gpu_device.cc:99] Not creating XLA devices, tf_xla_enable_xla_devices not set
maxFreq at 10nA: 50.0
2021-04-21 21:22:42.096752: I tensorflow/compiler/jit/xla_gpu_device.cc:99] Not creating XLA devices, tf_xla_enable_xla_devices not set
2021-04-21 21:23:08.865748: I tensorflow/compiler/jit/xla_gpu_device.cc:99] Not creating XLA devices, tf_xla_enable_xla_devices not set
mse and spike frequency: 0.00188 2.2
[32m[I 2021-04-21 21:23:34,829][0m Trial 177 finished with values: [0.00188, 2.2] with parameters: {'Vahp': -37.0, 'Vth': -28.5, 'Vmax': 15.0, 't_ref': 19.0, 'R': 0.1, 'tau_m': 46.5, 'rate_low': 8.5, 'rate_high': 48.5}.[0m
2021-04-21 21:23:35.582028: I tensorflow/compiler/jit/xla_gpu_device.cc:99] Not creating XLA devices, tf_xla_enable_xla_devices not set
maxFreq at 10nA: 112.0
2021-04-21 21:24:14.127452: I tensorflow/compiler/jit/xla_gpu_device.cc:99] Not creating XLA devices, tf_xla_enable_xla_devices not set
2021-04-21 21:24:40.652621: I tensorflow/compiler/jit/xla_gpu_device.cc:99] Not creating XLA devices, tf_xla_enable_xla_devices not set
mse and spike frequency: 0.11775 0.0
[32m[I 2021-04-21 21:25:06,718][0m Trial 178 finished with values: [0.11775, 0.0] with parameters: {'Vahp': -45.5, 'Vth': -45.5, 'Vmax': 38.0, 't_ref': 7.5, 'R': 0.9, 'tau_m': 73.5, 'rate_low': 49.0, 'rate_high': 49.0}.[0m
2021-04-21 21:25:07.453695: I tensorflow/compiler/jit/xla_gpu_device.cc:99] Not creating XLA devices, tf_xla_enable_xla_devices not set
maxFreq at 10nA: 1000.0
2021-04-21 21:25:46.771490: I tensorflow/compiler/jit/xla_gpu_device.cc:99] Not creating XLA devices, tf_xla_enable_xla_devices not set
2021-04-21 21:26:13.571054: I tensorflow/compiler/jit/xla_gpu_device.cc:99] Not creating XLA devices, tf_xla_enable_xla_devices not set
mse and spike frequency: 0.11775 0.0
[32m[I 2021-04-21 21:26:39,473][0m Trial 179 finished with values: [0.11775, 0.0] with parameters: {'Vahp': -41.5, 'Vth': -54.0, 'Vmax': 37.5, 't_ref': 10.0, 'R': 0.4, 'tau_m': 442.5, 'rate_low': 23.5, 'rate_high': 49.5}.[0m
2021-04-21 21:26:40.223241: I tensorflow/compiler/jit/xla_gpu_device.cc:99] Not creating XLA devices, tf_xla_enable_xla_devices not set
maxFreq at 10nA: 84.0
2021-04-21 21:27:19.821527: I tensorflow/compiler/jit/xla_gpu_device.cc:99] Not creating XLA devices, tf_xla_enable_xla_devices not set
2021-04-21 21:27:46.916531: I tensorflow/compiler/jit/xla_gpu_device.cc:99] Not creating XLA devices, tf_xla_enable_xla_devices not set
mse and spike frequency: 0.11775 0.0
[32m[I 2021-04-21 21:28:12,785][0m Trial 180 finished with values: [0.11775, 0.0] with parameters: {'Vahp': -40.5, 'Vth': -38.5, 'Vmax': 35.0, 't_ref': 11.0, 'R': 0.30000000000000004, 'tau_m': 41.0, 'rate_low': 39.5, 'rate_high': 34.0}.[0m
2021-04-21 21:28:13.539180: I tensorflow/compiler/jit/xla_gpu_device.cc:99] Not creating XLA devices, tf_xla_enable_xla_devices not set
maxFreq at 10nA: 1000.0
2021-04-21 21:28:52.586426: I tensorflow/compiler/jit/xla_gpu_device.cc:99] Not creating XLA devices, tf_xla_enable_xla_devices not set
2021-04-21 21:29:20.050757: I tensorflow/compiler/jit/xla_gpu_device.cc:99] Not creating XLA devices, tf_xla_enable_xla_devices not set
mse and spike frequency: 0.11775 0.0
[32m[I 2021-04-21 21:29:46,196][0m Trial 181 finished with values: [0.11775, 0.0] with parameters: {'Vahp': -54.0, 'Vth': -57.0, 'Vmax': 39.5, 't_ref': 12.5, 'R': 0.5, 'tau_m': 265.0, 'rate_low': 23.5, 'rate_high': 28.5}.[0m
2021-04-21 21:29:46.963880: I tensorflow/compiler/jit/xla_gpu_device.cc:99] Not creating XLA devices, tf_xla_enable_xla_devices not set
maxFreq at 10nA: 67.0
2021-04-21 21:30:26.118807: I tensorflow/compiler/jit/xla_gpu_device.cc:99] Not creating XLA devices, tf_xla_enable_xla_devices not set
2021-04-21 21:30:53.704020: I tensorflow/compiler/jit/xla_gpu_device.cc:99] Not creating XLA devices, tf_xla_enable_xla_devices not set
mse and spike frequency: 0.00091 13.37
