[32m[I 2021-04-21 21:31:20,073][0m Trial 182 finished with values: [0.00091, 13.37] with parameters: {'Vahp': -53.5, 'Vth': -26.5, 'Vmax': 36.0, 't_ref': 12.5, 'R': 0.5, 'tau_m': 187.0, 'rate_low': 35.5, 'rate_high': 16.0}.[0m
2021-04-21 21:31:20.848214: I tensorflow/compiler/jit/xla_gpu_device.cc:99] Not creating XLA devices, tf_xla_enable_xla_devices not set
maxFreq at 10nA: 1000.0
2021-04-21 21:32:00.594283: I tensorflow/compiler/jit/xla_gpu_device.cc:99] Not creating XLA devices, tf_xla_enable_xla_devices not set
2021-04-21 21:32:28.722226: I tensorflow/compiler/jit/xla_gpu_device.cc:99] Not creating XLA devices, tf_xla_enable_xla_devices not set
mse and spike frequency: 0.11775 0.0
[32m[I 2021-04-21 21:32:55,370][0m Trial 183 finished with values: [0.11775, 0.0] with parameters: {'Vahp': -41.5, 'Vth': -58.0, 'Vmax': 37.5, 't_ref': 1.5, 'R': 0.4, 'tau_m': 442.5, 'rate_low': 8.0, 'rate_high': 49.5}.[0m
2021-04-21 21:32:56.136983: I tensorflow/compiler/jit/xla_gpu_device.cc:99] Not creating XLA devices, tf_xla_enable_xla_devices not set
maxFreq at 10nA: 334.0
2021-04-21 21:33:35.394277: I tensorflow/compiler/jit/xla_gpu_device.cc:99] Not creating XLA devices, tf_xla_enable_xla_devices not set
2021-04-21 21:34:03.998674: I tensorflow/compiler/jit/xla_gpu_device.cc:99] Not creating XLA devices, tf_xla_enable_xla_devices not set
mse and spike frequency: 0.00037 54.72
[32m[I 2021-04-21 21:34:30,740][0m Trial 184 finished with values: [0.00037, 54.72] with parameters: {'Vahp': -57.5, 'Vth': -40.5, 'Vmax': 25.0, 't_ref': 1.5, 'R': 0.5, 'tau_m': 46.5, 'rate_low': 18.0, 'rate_high': 27.5}.[0m
2021-04-21 21:34:31.508790: I tensorflow/compiler/jit/xla_gpu_device.cc:99] Not creating XLA devices, tf_xla_enable_xla_devices not set
maxFreq at 10nA: 250.0
2021-04-21 21:35:11.003755: I tensorflow/compiler/jit/xla_gpu_device.cc:99] Not creating XLA devices, tf_xla_enable_xla_devices not set
2021-04-21 21:35:39.921536: I tensorflow/compiler/jit/xla_gpu_device.cc:99] Not creating XLA devices, tf_xla_enable_xla_devices not set
mse and spike frequency: 0.00044 64.36
[32m[I 2021-04-21 21:36:07,320][0m Trial 185 finished with values: [0.00044, 64.36] with parameters: {'Vahp': -51.5, 'Vth': -49.0, 'Vmax': 13.0, 't_ref': 3.0, 'R': 0.4, 'tau_m': 190.5, 'rate_low': 49.0, 'rate_high': 40.0}.[0m
2021-04-21 21:36:08.141782: I tensorflow/compiler/jit/xla_gpu_device.cc:99] Not creating XLA devices, tf_xla_enable_xla_devices not set
maxFreq at 10nA: 1000.0
2021-04-21 21:36:47.857958: I tensorflow/compiler/jit/xla_gpu_device.cc:99] Not creating XLA devices, tf_xla_enable_xla_devices not set
2021-04-21 21:37:17.302379: I tensorflow/compiler/jit/xla_gpu_device.cc:99] Not creating XLA devices, tf_xla_enable_xla_devices not set
mse and spike frequency: 0.11775 0.0
[32m[I 2021-04-21 21:37:44,563][0m Trial 186 finished with values: [0.11775, 0.0] with parameters: {'Vahp': -22.0, 'Vth': -54.0, 'Vmax': 37.5, 't_ref': 11.5, 'R': 0.9, 'tau_m': 271.5, 'rate_low': 23.5, 'rate_high': 34.5}.[0m
2021-04-21 21:37:45.354961: I tensorflow/compiler/jit/xla_gpu_device.cc:99] Not creating XLA devices, tf_xla_enable_xla_devices not set
maxFreq at 10nA: 125.0
2021-04-21 21:38:24.792787: I tensorflow/compiler/jit/xla_gpu_device.cc:99] Not creating XLA devices, tf_xla_enable_xla_devices not set
2021-04-21 21:38:53.932968: I tensorflow/compiler/jit/xla_gpu_device.cc:99] Not creating XLA devices, tf_xla_enable_xla_devices not set
mse and spike frequency: 0.01059 1.14
[32m[I 2021-04-21 21:39:21,485][0m Trial 187 finished with values: [0.01059, 1.14] with parameters: {'Vahp': -56.5, 'Vth': -36.0, 'Vmax': 21.0, 't_ref': 6.0, 'R': 0.1, 'tau_m': 56.5, 'rate_low': 1.0, 'rate_high': 46.5}.[0m
2021-04-21 21:39:22.262003: I tensorflow/compiler/jit/xla_gpu_device.cc:99] Not creating XLA devices, tf_xla_enable_xla_devices not set
maxFreq at 10nA: 1000.0
2021-04-21 21:40:02.611026: I tensorflow/compiler/jit/xla_gpu_device.cc:99] Not creating XLA devices, tf_xla_enable_xla_devices not set
2021-04-21 21:40:32.976839: I tensorflow/compiler/jit/xla_gpu_device.cc:99] Not creating XLA devices, tf_xla_enable_xla_devices not set
mse and spike frequency: 0.11775 0.0
[32m[I 2021-04-21 21:41:00,567][0m Trial 188 finished with values: [0.11775, 0.0] with parameters: {'Vahp': -31.0, 'Vth': -38.5, 'Vmax': 33.0, 't_ref': 19.5, 'R': 0.8, 'tau_m': 41.0, 'rate_low': 12.5, 'rate_high': 45.0}.[0m
2021-04-21 21:41:01.367995: I tensorflow/compiler/jit/xla_gpu_device.cc:99] Not creating XLA devices, tf_xla_enable_xla_devices not set
maxFreq at 10nA: 1000.0
2021-04-21 21:41:41.697413: I tensorflow/compiler/jit/xla_gpu_device.cc:99] Not creating XLA devices, tf_xla_enable_xla_devices not set
2021-04-21 21:42:12.150850: I tensorflow/compiler/jit/xla_gpu_device.cc:99] Not creating XLA devices, tf_xla_enable_xla_devices not set
mse and spike frequency: 0.11775 0.0
[32m[I 2021-04-21 21:42:40,393][0m Trial 189 finished with values: [0.11775, 0.0] with parameters: {'Vahp': -37.0, 'Vth': -52.5, 'Vmax': 32.0, 't_ref': 3.5, 'R': 0.2, 'tau_m': 174.5, 'rate_low': 27.0, 'rate_high': 40.0}.[0m
2021-04-21 21:42:41.201214: I tensorflow/compiler/jit/xla_gpu_device.cc:99] Not creating XLA devices, tf_xla_enable_xla_devices not set
maxFreq at 10nA: 1000.0
2021-04-21 21:43:20.892710: I tensorflow/compiler/jit/xla_gpu_device.cc:99] Not creating XLA devices, tf_xla_enable_xla_devices not set
2021-04-21 21:43:51.734920: I tensorflow/compiler/jit/xla_gpu_device.cc:99] Not creating XLA devices, tf_xla_enable_xla_devices not set
mse and spike frequency: 0.11775 0.0
[32m[I 2021-04-21 21:44:19,029][0m Trial 190 finished with values: [0.11775, 0.0] with parameters: {'Vahp': -37.0, 'Vth': -58.0, 'Vmax': 23.0, 't_ref': 4.0, 'R': 0.4, 'tau_m': 73.5, 'rate_low': 4.0, 'rate_high': 14.0}.[0m
2021-04-21 21:44:19.787395: I tensorflow/compiler/jit/xla_gpu_device.cc:99] Not creating XLA devices, tf_xla_enable_xla_devices not set
maxFreq at 10nA: 1000.0
2021-04-21 21:44:59.270087: I tensorflow/compiler/jit/xla_gpu_device.cc:99] Not creating XLA devices, tf_xla_enable_xla_devices not set
2021-04-21 21:45:29.335351: I tensorflow/compiler/jit/xla_gpu_device.cc:99] Not creating XLA devices, tf_xla_enable_xla_devices not set
mse and spike frequency: 0.11775 0.0
[32m[I 2021-04-21 21:45:57,260][0m Trial 191 finished with values: [0.11775, 0.0] with parameters: {'Vahp': -37.0, 'Vth': -47.5, 'Vmax': 29.0, 't_ref': 7.5, 'R': 0.2, 'tau_m': 46.5, 'rate_low': 18.5, 'rate_high': 11.0}.[0m
2021-04-21 21:45:58.044216: I tensorflow/compiler/jit/xla_gpu_device.cc:99] Not creating XLA devices, tf_xla_enable_xla_devices not set
maxFreq at 10nA: 112.0
2021-04-21 21:46:38.469292: I tensorflow/compiler/jit/xla_gpu_device.cc:99] Not creating XLA devices, tf_xla_enable_xla_devices not set
2021-04-21 21:47:09.089584: I tensorflow/compiler/jit/xla_gpu_device.cc:99] Not creating XLA devices, tf_xla_enable_xla_devices not set
mse and spike frequency: 0.11775 0.0
[32m[I 2021-04-21 21:47:37,200][0m Trial 192 finished with values: [0.11775, 0.0] with parameters: {'Vahp': -57.5, 'Vth': -44.5, 'Vmax': 15.0, 't_ref': 7.5, 'R': 0.2, 'tau_m': 46.5, 'rate_low': 8.5, 'rate_high': 11.0}.[0m
2021-04-21 21:47:37.980610: I tensorflow/compiler/jit/xla_gpu_device.cc:99] Not creating XLA devices, tf_xla_enable_xla_devices not set
maxFreq at 10nA: 1000.0
2021-04-21 21:48:18.326337: I tensorflow/compiler/jit/xla_gpu_device.cc:99] Not creating XLA devices, tf_xla_enable_xla_devices not set
2021-04-21 21:48:48.993471: I tensorflow/compiler/jit/xla_gpu_device.cc:99] Not creating XLA devices, tf_xla_enable_xla_devices not set
mse and spike frequency: 0.11775 0.0
[32m[I 2021-04-21 21:49:17,277][0m Trial 193 finished with values: [0.11775, 0.0] with parameters: {'Vahp': -39.0, 'Vth': -53.5, 'Vmax': 36.5, 't_ref': 2.0, 'R': 0.5, 'tau_m': 172.0, 'rate_low': 1.5, 'rate_high': 46.0}.[0m
2021-04-21 21:49:18.046906: I tensorflow/compiler/jit/xla_gpu_device.cc:99] Not creating XLA devices, tf_xla_enable_xla_devices not set
maxFreq at 10nA: 999.0
2021-04-21 21:49:58.256886: I tensorflow/compiler/jit/xla_gpu_device.cc:99] Not creating XLA devices, tf_xla_enable_xla_devices not set
2021-04-21 21:50:29.129426: I tensorflow/compiler/jit/xla_gpu_device.cc:99] Not creating XLA devices, tf_xla_enable_xla_devices not set
mse and spike frequency: 0.11775 0.0
[32m[I 2021-04-21 21:50:57,157][0m Trial 194 finished with values: [0.11775, 0.0] with parameters: {'Vahp': -31.0, 'Vth': -52.0, 'Vmax': 35.0, 't_ref': 3.5, 'R': 0.30000000000000004, 'tau_m': 476.5, 'rate_low': 31.5, 'rate_high': 49.5}.[0m
2021-04-21 21:50:57.925092: I tensorflow/compiler/jit/xla_gpu_device.cc:99] Not creating XLA devices, tf_xla_enable_xla_devices not set
maxFreq at 10nA: 48.0
2021-04-21 21:51:38.209338: I tensorflow/compiler/jit/xla_gpu_device.cc:99] Not creating XLA devices, tf_xla_enable_xla_devices not set
2021-04-21 21:52:09.080000: I tensorflow/compiler/jit/xla_gpu_device.cc:99] Not creating XLA devices, tf_xla_enable_xla_devices not set
mse and spike frequency: 0.00157 18.65
[32m[I 2021-04-21 21:52:37,574][0m Trial 195 finished with values: [0.00157, 18.65] with parameters: {'Vahp': -36.5, 'Vth': -28.0, 'Vmax': 21.0, 't_ref': 20.0, 'R': 0.4, 'tau_m': 71.0, 'rate_low': 31.5, 'rate_high': 26.5}.[0m
2021-04-21 21:52:38.364135: I tensorflow/compiler/jit/xla_gpu_device.cc:99] Not creating XLA devices, tf_xla_enable_xla_devices not set
maxFreq at 10nA: 1000.0
2021-04-21 21:53:18.833974: I tensorflow/compiler/jit/xla_gpu_device.cc:99] Not creating XLA devices, tf_xla_enable_xla_devices not set
2021-04-21 21:53:49.384867: I tensorflow/compiler/jit/xla_gpu_device.cc:99] Not creating XLA devices, tf_xla_enable_xla_devices not set
mse and spike frequency: 0.11775 0.0
[32m[I 2021-04-21 21:54:17,276][0m Trial 196 finished with values: [0.11775, 0.0] with parameters: {'Vahp': -28.0, 'Vth': -57.0, 'Vmax': 22.0, 't_ref': 1.5, 'R': 0.2, 'tau_m': 46.5, 'rate_low': 15.0, 'rate_high': 27.5}.[0m
2021-04-21 21:54:18.062384: I tensorflow/compiler/jit/xla_gpu_device.cc:99] Not creating XLA devices, tf_xla_enable_xla_devices not set
maxFreq at 10nA: 1000.0
2021-04-21 21:54:58.096352: I tensorflow/compiler/jit/xla_gpu_device.cc:99] Not creating XLA devices, tf_xla_enable_xla_devices not set
2021-04-21 21:55:27.843059: I tensorflow/compiler/jit/xla_gpu_device.cc:99] Not creating XLA devices, tf_xla_enable_xla_devices not set
mse and spike frequency: 0.11775 0.0
[32m[I 2021-04-21 21:55:55,698][0m Trial 197 finished with values: [0.11775, 0.0] with parameters: {'Vahp': -34.5, 'Vth': -44.5, 'Vmax': 27.0, 't_ref': 2.0, 'R': 0.5, 'tau_m': 118.0, 'rate_low': 9.5, 'rate_high': 39.5}.[0m
2021-04-21 21:55:56.560500: I tensorflow/compiler/jit/xla_gpu_device.cc:99] Not creating XLA devices, tf_xla_enable_xla_devices not set
maxFreq at 10nA: 112.0
2021-04-21 21:56:36.943250: I tensorflow/compiler/jit/xla_gpu_device.cc:99] Not creating XLA devices, tf_xla_enable_xla_devices not set
2021-04-21 21:57:06.979360: I tensorflow/compiler/jit/xla_gpu_device.cc:99] Not creating XLA devices, tf_xla_enable_xla_devices not set
mse and spike frequency: 0.00067 11.86
[32m[I 2021-04-21 21:57:35,810][0m Trial 198 finished with values: [0.00067, 11.86] with parameters: {'Vahp': -54.0, 'Vth': -32.5, 'Vmax': 30.5, 't_ref': 7.5, 'R': 0.4, 'tau_m': 72.0, 'rate_low': 8.0, 'rate_high': 49.0}.[0m
2021-04-21 21:57:36.610272: I tensorflow/compiler/jit/xla_gpu_device.cc:99] Not creating XLA devices, tf_xla_enable_xla_devices not set
maxFreq at 10nA: 56.0
2021-04-21 21:58:17.219072: I tensorflow/compiler/jit/xla_gpu_device.cc:99] Not creating XLA devices, tf_xla_enable_xla_devices not set
2021-04-21 21:58:49.411364: I tensorflow/compiler/jit/xla_gpu_device.cc:99] Not creating XLA devices, tf_xla_enable_xla_devices not set
mse and spike frequency: 0.002 4.06
[32m[I 2021-04-21 21:59:19,106][0m Trial 199 finished with values: [0.002, 4.06] with parameters: {'Vahp': -57.0, 'Vth': -48.5, 'Vmax': 19.5, 't_ref': 17.0, 'R': 0.30000000000000004, 'tau_m': 174.5, 'rate_low': 3.5, 'rate_high': 22.0}.[0m
2021-04-21 21:59:19.936870: I tensorflow/compiler/jit/xla_gpu_device.cc:99] Not creating XLA devices, tf_xla_enable_xla_devices not set
maxFreq at 10nA: 112.0
2021-04-21 22:00:00.419476: I tensorflow/compiler/jit/xla_gpu_device.cc:99] Not creating XLA devices, tf_xla_enable_xla_devices not set
2021-04-21 22:00:32.580993: I tensorflow/compiler/jit/xla_gpu_device.cc:99] Not creating XLA devices, tf_xla_enable_xla_devices not set
mse and spike frequency: 0.11775 0.0
[32m[I 2021-04-21 22:01:01,669][0m Trial 200 finished with values: [0.11775, 0.0] with parameters: {'Vahp': -45.5, 'Vth': -45.5, 'Vmax': 38.0, 't_ref': 7.5, 'R': 0.2, 'tau_m': 46.5, 'rate_low': 18.0, 'rate_high': 49.0}.[0m
2021-04-21 22:01:02.470710: I tensorflow/compiler/jit/xla_gpu_device.cc:99] Not creating XLA devices, tf_xla_enable_xla_devices not set
maxFreq at 10nA: 1000.0
2021-04-21 22:01:42.363801: I tensorflow/compiler/jit/xla_gpu_device.cc:99] Not creating XLA devices, tf_xla_enable_xla_devices not set
2021-04-21 22:02:13.810610: I tensorflow/compiler/jit/xla_gpu_device.cc:99] Not creating XLA devices, tf_xla_enable_xla_devices not set
mse and spike frequency: 0.11775 0.0
[32m[I 2021-04-21 22:02:43,032][0m Trial 201 finished with values: [0.11775, 0.0] with parameters: {'Vahp': -37.0, 'Vth': -58.0, 'Vmax': 23.0, 't_ref': 4.0, 'R': 0.4, 'tau_m': 73.5, 'rate_low': 4.0, 'rate_high': 14.0}.[0m
2021-04-21 22:02:43.827502: I tensorflow/compiler/jit/xla_gpu_device.cc:99] Not creating XLA devices, tf_xla_enable_xla_devices not set
maxFreq at 10nA: 1000.0
2021-04-21 22:03:24.941721: I tensorflow/compiler/jit/xla_gpu_device.cc:99] Not creating XLA devices, tf_xla_enable_xla_devices not set
2021-04-21 22:03:57.127859: I tensorflow/compiler/jit/xla_gpu_device.cc:99] Not creating XLA devices, tf_xla_enable_xla_devices not set
mse and spike frequency: 0.11775 0.0
[32m[I 2021-04-21 22:04:26,798][0m Trial 202 finished with values: [0.11775, 0.0] with parameters: {'Vahp': -24.5, 'Vth': -57.0, 'Vmax': 33.5, 't_ref': 7.5, 'R': 0.8, 'tau_m': 46.5, 'rate_low': 8.5, 'rate_high': 46.5}.[0m
2021-04-21 22:04:27.604654: I tensorflow/compiler/jit/xla_gpu_device.cc:99] Not creating XLA devices, tf_xla_enable_xla_devices not set
maxFreq at 10nA: 998.0
2021-04-21 22:05:09.095810: I tensorflow/compiler/jit/xla_gpu_device.cc:99] Not creating XLA devices, tf_xla_enable_xla_devices not set
2021-04-21 22:05:41.333391: I tensorflow/compiler/jit/xla_gpu_device.cc:99] Not creating XLA devices, tf_xla_enable_xla_devices not set
mse and spike frequency: 0.11775 0.0
[32m[I 2021-04-21 22:06:11,293][0m Trial 203 finished with values: [0.11775, 0.0] with parameters: {'Vahp': -24.5, 'Vth': -40.5, 'Vmax': 39.5, 't_ref': 5.5, 'R': 0.2, 'tau_m': 250.0, 'rate_low': 18.0, 'rate_high': 39.5}.[0m
2021-04-21 22:06:12.105046: I tensorflow/compiler/jit/xla_gpu_device.cc:99] Not creating XLA devices, tf_xla_enable_xla_devices not set
maxFreq at 10nA: 1000.0
2021-04-21 22:06:53.186583: I tensorflow/compiler/jit/xla_gpu_device.cc:99] Not creating XLA devices, tf_xla_enable_xla_devices not set
2021-04-21 22:07:26.375951: I tensorflow/compiler/jit/xla_gpu_device.cc:99] Not creating XLA devices, tf_xla_enable_xla_devices not set
mse and spike frequency: 0.11775 0.0
[32m[I 2021-04-21 22:07:56,480][0m Trial 204 finished with values: [0.11775, 0.0] with parameters: {'Vahp': -25.0, 'Vth': -44.5, 'Vmax': 15.0, 't_ref': 7.5, 'R': 0.1, 'tau_m': 46.5, 'rate_low': 8.5, 'rate_high': 46.5}.[0m
2021-04-21 22:07:57.281158: I tensorflow/compiler/jit/xla_gpu_device.cc:99] Not creating XLA devices, tf_xla_enable_xla_devices not set
maxFreq at 10nA: 1000.0
2021-04-21 22:08:39.212274: I tensorflow/compiler/jit/xla_gpu_device.cc:99] Not creating XLA devices, tf_xla_enable_xla_devices not set
2021-04-21 22:09:12.361632: I tensorflow/compiler/jit/xla_gpu_device.cc:99] Not creating XLA devices, tf_xla_enable_xla_devices not set
mse and spike frequency: 0.11775 0.0
[32m[I 2021-04-21 22:09:42,382][0m Trial 205 finished with values: [0.11775, 0.0] with parameters: {'Vahp': -37.0, 'Vth': -52.5, 'Vmax': 37.0, 't_ref': 19.5, 'R': 0.7000000000000001, 'tau_m': 12.0, 'rate_low': 29.5, 'rate_high': 46.5}.[0m
2021-04-21 22:09:43.211121: I tensorflow/compiler/jit/xla_gpu_device.cc:99] Not creating XLA devices, tf_xla_enable_xla_devices not set
maxFreq at 10nA: 250.0
2021-04-21 22:10:25.412819: I tensorflow/compiler/jit/xla_gpu_device.cc:99] Not creating XLA devices, tf_xla_enable_xla_devices not set
2021-04-21 22:10:57.986488: I tensorflow/compiler/jit/xla_gpu_device.cc:99] Not creating XLA devices, tf_xla_enable_xla_devices not set
mse and spike frequency: 0.00048 58.88
[32m[I 2021-04-21 22:11:28,014][0m Trial 206 finished with values: [0.00048, 58.88] with parameters: {'Vahp': -54.5, 'Vth': -45.5, 'Vmax': 20.5, 't_ref': 3.0, 'R': 0.6, 'tau_m': 102.5, 'rate_low': 25.0, 'rate_high': 37.0}.[0m
2021-04-21 22:11:28.822303: I tensorflow/compiler/jit/xla_gpu_device.cc:99] Not creating XLA devices, tf_xla_enable_xla_devices not set
maxFreq at 10nA: 53.0
2021-04-21 22:12:11.416933: I tensorflow/compiler/jit/xla_gpu_device.cc:99] Not creating XLA devices, tf_xla_enable_xla_devices not set
2021-04-21 22:12:43.977569: I tensorflow/compiler/jit/xla_gpu_device.cc:99] Not creating XLA devices, tf_xla_enable_xla_devices not set
mse and spike frequency: 0.11607 0.08
[32m[I 2021-04-21 22:13:13,964][0m Trial 207 finished with values: [0.11607, 0.08] with parameters: {'Vahp': -57.5, 'Vth': -43.5, 'Vmax': 22.0, 't_ref': 17.5, 'R': 0.2, 'tau_m': 55.5, 'rate_low': 8.5, 'rate_high': 12.0}.[0m
2021-04-21 22:13:14.772128: I tensorflow/compiler/jit/xla_gpu_device.cc:99] Not creating XLA devices, tf_xla_enable_xla_devices not set
maxFreq at 10nA: 1000.0
2021-04-21 22:13:58.291616: I tensorflow/compiler/jit/xla_gpu_device.cc:99] Not creating XLA devices, tf_xla_enable_xla_devices not set
2021-04-21 22:14:30.312070: I tensorflow/compiler/jit/xla_gpu_device.cc:99] Not creating XLA devices, tf_xla_enable_xla_devices not set
mse and spike frequency: 0.11775 0.0
[32m[I 2021-04-21 22:15:00,148][0m Trial 208 finished with values: [0.11775, 0.0] with parameters: {'Vahp': -20.0, 'Vth': -58.0, 'Vmax': 19.0, 't_ref': 3.5, 'R': 0.4, 'tau_m': 102.5, 'rate_low': 41.0, 'rate_high': 44.0}.[0m
2021-04-21 22:15:00.955168: I tensorflow/compiler/jit/xla_gpu_device.cc:99] Not creating XLA devices, tf_xla_enable_xla_devices not set
maxFreq at 10nA: 50.0
2021-04-21 22:15:44.652255: I tensorflow/compiler/jit/xla_gpu_device.cc:99] Not creating XLA devices, tf_xla_enable_xla_devices not set
2021-04-21 22:16:16.632689: I tensorflow/compiler/jit/xla_gpu_device.cc:99] Not creating XLA devices, tf_xla_enable_xla_devices not set
mse and spike frequency: 0.15786 0.97
[32m[I 2021-04-21 22:16:46,938][0m Trial 209 finished with values: [0.15786, 0.97] with parameters: {'Vahp': -37.0, 'Vth': -28.5, 'Vmax': 15.0, 't_ref': 19.0, 'R': 0.1, 'tau_m': 46.5, 'rate_low': 8.5, 'rate_high': 27.5}.[0m
2021-04-21 22:16:47.756899: I tensorflow/compiler/jit/xla_gpu_device.cc:99] Not creating XLA devices, tf_xla_enable_xla_devices not set
maxFreq at 10nA: 1000.0
2021-04-21 22:17:31.616159: I tensorflow/compiler/jit/xla_gpu_device.cc:99] Not creating XLA devices, tf_xla_enable_xla_devices not set
2021-04-21 22:18:03.909735: I tensorflow/compiler/jit/xla_gpu_device.cc:99] Not creating XLA devices, tf_xla_enable_xla_devices not set
mse and spike frequency: 0.11775 0.0
[32m[I 2021-04-21 22:18:34,251][0m Trial 210 finished with values: [0.11775, 0.0] with parameters: {'Vahp': -22.0, 'Vth': -26.5, 'Vmax': 17.0, 't_ref': 6.5, 'R': 0.9, 'tau_m': 271.5, 'rate_low': 23.5, 'rate_high': 34.5}.[0m
2021-04-21 22:18:35.060998: I tensorflow/compiler/jit/xla_gpu_device.cc:99] Not creating XLA devices, tf_xla_enable_xla_devices not set
maxFreq at 10nA: 334.0
2021-04-21 22:19:19.018307: I tensorflow/compiler/jit/xla_gpu_device.cc:99] Not creating XLA devices, tf_xla_enable_xla_devices not set
2021-04-21 22:19:51.657214: I tensorflow/compiler/jit/xla_gpu_device.cc:99] Not creating XLA devices, tf_xla_enable_xla_devices not set
mse and spike frequency: 0.11775 0.19
[32m[I 2021-04-21 22:20:22,238][0m Trial 211 finished with values: [0.11775, 0.19] with parameters: {'Vahp': -41.5, 'Vth': -38.5, 'Vmax': 33.0, 't_ref': 1.5, 'R': 0.5, 'tau_m': 41.0, 'rate_low': 8.0, 'rate_high': 49.5}.[0m
2021-04-21 22:20:23.062154: I tensorflow/compiler/jit/xla_gpu_device.cc:99] Not creating XLA devices, tf_xla_enable_xla_devices not set
maxFreq at 10nA: 1000.0
2021-04-21 22:21:07.268408: I tensorflow/compiler/jit/xla_gpu_device.cc:99] Not creating XLA devices, tf_xla_enable_xla_devices not set
2021-04-21 22:21:40.693485: I tensorflow/compiler/jit/xla_gpu_device.cc:99] Not creating XLA devices, tf_xla_enable_xla_devices not set
mse and spike frequency: 0.11775 0.0
[32m[I 2021-04-21 22:22:11,648][0m Trial 212 finished with values: [0.11775, 0.0] with parameters: {'Vahp': -34.5, 'Vth': -57.0, 'Vmax': 13.0, 't_ref': 6.5, 'R': 0.8, 'tau_m': 46.5, 'rate_low': 29.5, 'rate_high': 39.5}.[0m
2021-04-21 22:22:12.489753: I tensorflow/compiler/jit/xla_gpu_device.cc:99] Not creating XLA devices, tf_xla_enable_xla_devices not set
maxFreq at 10nA: 1000.0
2021-04-21 22:22:57.108869: I tensorflow/compiler/jit/xla_gpu_device.cc:99] Not creating XLA devices, tf_xla_enable_xla_devices not set
2021-04-21 22:23:30.383727: I tensorflow/compiler/jit/xla_gpu_device.cc:99] Not creating XLA devices, tf_xla_enable_xla_devices not set
mse and spike frequency: 0.11775 0.0
