[32m[I 2021-04-21 21:14:10,899][0m Trial 171 finished with values: [0.11775, 0.0] with parameters: {'Vahp': -48.0, 'Vth': -53.0, 'Vmax': 10.0, 't_ref': 17.0, 'R': 1.0, 'tau_m': 475.0, 'R_adp': 0.1, 'tau_w': 75.0, 'a': 57.5, 'rate_low': 38.5, 'rate_high': 16.0}.[0m
2021-04-21 21:14:11.595269: I tensorflow/compiler/jit/xla_gpu_device.cc:99] Not creating XLA devices, tf_xla_enable_xla_devices not set
maxFreq at 10nA: 78.0
2021-04-21 21:14:48.752944: I tensorflow/compiler/jit/xla_gpu_device.cc:99] Not creating XLA devices, tf_xla_enable_xla_devices not set
2021-04-21 21:15:15.839193: I tensorflow/compiler/jit/xla_gpu_device.cc:99] Not creating XLA devices, tf_xla_enable_xla_devices not set
mse and spike frequency: 25.48116 10.23
[32m[I 2021-04-21 21:15:41,443][0m Trial 172 finished with values: [25.48116, 10.23] with parameters: {'Vahp': -49.5, 'Vth': -21.5, 'Vmax': 26.0, 't_ref': 8.0, 'R': 0.8, 'tau_m': 261.5, 'R_adp': 1.0, 'tau_w': 407.0, 'a': 269.0, 'rate_low': 23.0, 'rate_high': 36.5}.[0m
2021-04-21 21:15:42.157670: I tensorflow/compiler/jit/xla_gpu_device.cc:99] Not creating XLA devices, tf_xla_enable_xla_devices not set
maxFreq at 10nA: 1000.0
2021-04-21 21:16:19.481639: I tensorflow/compiler/jit/xla_gpu_device.cc:99] Not creating XLA devices, tf_xla_enable_xla_devices not set
2021-04-21 21:16:48.252151: I tensorflow/compiler/jit/xla_gpu_device.cc:99] Not creating XLA devices, tf_xla_enable_xla_devices not set
mse and spike frequency: 0.11775 0.0
[32m[I 2021-04-21 21:17:14,789][0m Trial 173 finished with values: [0.11775, 0.0] with parameters: {'Vahp': -40.5, 'Vth': -55.0, 'Vmax': 10.0, 't_ref': 13.0, 'R': 1.0, 'tau_m': 484.0, 'R_adp': 0.2, 'tau_w': 286.5, 'a': 219.5, 'rate_low': 35.0, 'rate_high': 25.0}.[0m
2021-04-21 21:17:15.494876: I tensorflow/compiler/jit/xla_gpu_device.cc:99] Not creating XLA devices, tf_xla_enable_xla_devices not set
maxFreq at 10nA: 1000.0
2021-04-21 21:17:53.153168: I tensorflow/compiler/jit/xla_gpu_device.cc:99] Not creating XLA devices, tf_xla_enable_xla_devices not set
2021-04-21 21:18:21.781955: I tensorflow/compiler/jit/xla_gpu_device.cc:99] Not creating XLA devices, tf_xla_enable_xla_devices not set
mse and spike frequency: 0.11775 0.0
[32m[I 2021-04-21 21:18:47,946][0m Trial 174 finished with values: [0.11775, 0.0] with parameters: {'Vahp': -29.5, 'Vth': -50.5, 'Vmax': 18.0, 't_ref': 8.5, 'R': 0.1, 'tau_m': 36.5, 'R_adp': 0.7000000000000001, 'tau_w': 279.0, 'a': 66.0, 'rate_low': 43.0, 'rate_high': 45.5}.[0m
2021-04-21 21:18:48.655624: I tensorflow/compiler/jit/xla_gpu_device.cc:99] Not creating XLA devices, tf_xla_enable_xla_devices not set
maxFreq at 10nA: 1000.0
2021-04-21 21:19:26.057679: I tensorflow/compiler/jit/xla_gpu_device.cc:99] Not creating XLA devices, tf_xla_enable_xla_devices not set
2021-04-21 21:19:54.898284: I tensorflow/compiler/jit/xla_gpu_device.cc:99] Not creating XLA devices, tf_xla_enable_xla_devices not set
mse and spike frequency: 0.11775 0.0
[32m[I 2021-04-21 21:20:22,295][0m Trial 175 finished with values: [0.11775, 0.0] with parameters: {'Vahp': -38.0, 'Vth': -50.5, 'Vmax': 28.0, 't_ref': 20.0, 'R': 0.4, 'tau_m': 483.0, 'R_adp': 0.2, 'tau_w': 374.0, 'a': 429.0, 'rate_low': 43.0, 'rate_high': 47.5}.[0m
2021-04-21 21:20:23.070708: I tensorflow/compiler/jit/xla_gpu_device.cc:99] Not creating XLA devices, tf_xla_enable_xla_devices not set
maxFreq at 10nA: 84.0
2021-04-21 21:21:01.217643: I tensorflow/compiler/jit/xla_gpu_device.cc:99] Not creating XLA devices, tf_xla_enable_xla_devices not set
2021-04-21 21:21:29.738509: I tensorflow/compiler/jit/xla_gpu_device.cc:99] Not creating XLA devices, tf_xla_enable_xla_devices not set
mse and spike frequency: 0.0014 17.37
[32m[I 2021-04-21 21:21:56,580][0m Trial 176 finished with values: [0.0014, 17.37] with parameters: {'Vahp': -31.5, 'Vth': -28.0, 'Vmax': 19.0, 't_ref': 10.5, 'R': 0.6, 'tau_m': 481.0, 'R_adp': 0.4, 'tau_w': 75.0, 'a': 255.5, 'rate_low': 39.5, 'rate_high': 42.0}.[0m
2021-04-21 21:21:57.420688: I tensorflow/compiler/jit/xla_gpu_device.cc:99] Not creating XLA devices, tf_xla_enable_xla_devices not set
maxFreq at 10nA: 996.0
2021-04-21 21:22:35.996853: I tensorflow/compiler/jit/xla_gpu_device.cc:99] Not creating XLA devices, tf_xla_enable_xla_devices not set
2021-04-21 21:23:04.469989: I tensorflow/compiler/jit/xla_gpu_device.cc:99] Not creating XLA devices, tf_xla_enable_xla_devices not set
mse and spike frequency: 0.11775 0.0
[32m[I 2021-04-21 21:23:30,869][0m Trial 177 finished with values: [0.11775, 0.0] with parameters: {'Vahp': -21.5, 'Vth': -39.0, 'Vmax': 34.5, 't_ref': 0.5, 'R': 0.2, 'tau_m': 475.0, 'R_adp': 0.9, 'tau_w': 63.0, 'a': 124.5, 'rate_low': 49.5, 'rate_high': 49.5}.[0m
2021-04-21 21:23:31.634742: I tensorflow/compiler/jit/xla_gpu_device.cc:99] Not creating XLA devices, tf_xla_enable_xla_devices not set
maxFreq at 10nA: 1000.0
2021-04-21 21:24:11.732128: I tensorflow/compiler/jit/xla_gpu_device.cc:99] Not creating XLA devices, tf_xla_enable_xla_devices not set
2021-04-21 21:24:38.524857: I tensorflow/compiler/jit/xla_gpu_device.cc:99] Not creating XLA devices, tf_xla_enable_xla_devices not set
mse and spike frequency: 0.11775 0.0
[32m[I 2021-04-21 21:25:04,594][0m Trial 178 finished with values: [0.11775, 0.0] with parameters: {'Vahp': -31.5, 'Vth': -50.0, 'Vmax': 19.0, 't_ref': 18.0, 'R': 0.2, 'tau_m': 16.0, 'R_adp': 0.6, 'tau_w': 137.5, 'a': 66.0, 'rate_low': 6.5, 'rate_high': 47.5}.[0m
2021-04-21 21:25:05.333256: I tensorflow/compiler/jit/xla_gpu_device.cc:99] Not creating XLA devices, tf_xla_enable_xla_devices not set
maxFreq at 10nA: 1000.0
2021-04-21 21:25:44.978270: I tensorflow/compiler/jit/xla_gpu_device.cc:99] Not creating XLA devices, tf_xla_enable_xla_devices not set
2021-04-21 21:26:11.214759: I tensorflow/compiler/jit/xla_gpu_device.cc:99] Not creating XLA devices, tf_xla_enable_xla_devices not set
mse and spike frequency: 0.11775 0.0
[32m[I 2021-04-21 21:26:37,118][0m Trial 179 finished with values: [0.11775, 0.0] with parameters: {'Vahp': -24.0, 'Vth': -37.0, 'Vmax': 32.5, 't_ref': 15.5, 'R': 1.0, 'tau_m': 74.5, 'R_adp': 0.30000000000000004, 'tau_w': 424.5, 'a': 135.0, 'rate_low': 38.5, 'rate_high': 31.0}.[0m
2021-04-21 21:26:37.911247: I tensorflow/compiler/jit/xla_gpu_device.cc:99] Not creating XLA devices, tf_xla_enable_xla_devices not set
maxFreq at 10nA: 999.0
2021-04-21 21:27:18.026323: I tensorflow/compiler/jit/xla_gpu_device.cc:99] Not creating XLA devices, tf_xla_enable_xla_devices not set
2021-04-21 21:27:45.049061: I tensorflow/compiler/jit/xla_gpu_device.cc:99] Not creating XLA devices, tf_xla_enable_xla_devices not set
mse and spike frequency: 0.11775 0.0
[32m[I 2021-04-21 21:28:11,389][0m Trial 180 finished with values: [0.11775, 0.0] with parameters: {'Vahp': -22.5, 'Vth': -34.0, 'Vmax': 30.0, 't_ref': 1.0, 'R': 0.9, 'tau_m': 481.0, 'R_adp': 0.8, 'tau_w': 168.0, 'a': 356.5, 'rate_low': 13.0, 'rate_high': 32.0}.[0m
2021-04-21 21:28:12.163342: I tensorflow/compiler/jit/xla_gpu_device.cc:99] Not creating XLA devices, tf_xla_enable_xla_devices not set
maxFreq at 10nA: 44.0
2021-04-21 21:28:51.606591: I tensorflow/compiler/jit/xla_gpu_device.cc:99] Not creating XLA devices, tf_xla_enable_xla_devices not set
2021-04-21 21:29:18.877244: I tensorflow/compiler/jit/xla_gpu_device.cc:99] Not creating XLA devices, tf_xla_enable_xla_devices not set
mse and spike frequency: 8.41068 5.93
[32m[I 2021-04-21 21:29:45,082][0m Trial 181 finished with values: [8.41068, 5.93] with parameters: {'Vahp': -37.0, 'Vth': -30.0, 'Vmax': 15.0, 't_ref': 14.5, 'R': 0.1, 'tau_m': 99.5, 'R_adp': 0.8, 'tau_w': 483.0, 'a': 72.0, 'rate_low': 30.5, 'rate_high': 47.5}.[0m
2021-04-21 21:29:45.873098: I tensorflow/compiler/jit/xla_gpu_device.cc:99] Not creating XLA devices, tf_xla_enable_xla_devices not set
maxFreq at 10nA: 51.0
2021-04-21 21:30:26.160023: I tensorflow/compiler/jit/xla_gpu_device.cc:99] Not creating XLA devices, tf_xla_enable_xla_devices not set
2021-04-21 21:30:53.878292: I tensorflow/compiler/jit/xla_gpu_device.cc:99] Not creating XLA devices, tf_xla_enable_xla_devices not set
mse and spike frequency: 3.52806 4.84
[32m[I 2021-04-21 21:31:20,335][0m Trial 182 finished with values: [3.52806, 4.84] with parameters: {'Vahp': -59.0, 'Vth': -25.0, 'Vmax': 16.0, 't_ref': 14.5, 'R': 0.1, 'tau_m': 20.5, 'R_adp': 0.30000000000000004, 'tau_w': 244.0, 'a': 263.0, 'rate_low': 36.0, 'rate_high': 42.0}.[0m
2021-04-21 21:31:21.066120: I tensorflow/compiler/jit/xla_gpu_device.cc:99] Not creating XLA devices, tf_xla_enable_xla_devices not set
maxFreq at 10nA: 1000.0
2021-04-21 21:32:01.307716: I tensorflow/compiler/jit/xla_gpu_device.cc:99] Not creating XLA devices, tf_xla_enable_xla_devices not set
2021-04-21 21:32:29.805825: I tensorflow/compiler/jit/xla_gpu_device.cc:99] Not creating XLA devices, tf_xla_enable_xla_devices not set
mse and spike frequency: 0.11775 0.0
[32m[I 2021-04-21 21:32:56,433][0m Trial 183 finished with values: [0.11775, 0.0] with parameters: {'Vahp': -31.5, 'Vth': -34.0, 'Vmax': 15.0, 't_ref': 14.5, 'R': 0.9, 'tau_m': 205.0, 'R_adp': 0.5, 'tau_w': 443.5, 'a': 263.0, 'rate_low': 36.0, 'rate_high': 47.0}.[0m
2021-04-21 21:32:57.192973: I tensorflow/compiler/jit/xla_gpu_device.cc:99] Not creating XLA devices, tf_xla_enable_xla_devices not set
maxFreq at 10nA: 48.0
2021-04-21 21:33:37.371593: I tensorflow/compiler/jit/xla_gpu_device.cc:99] Not creating XLA devices, tf_xla_enable_xla_devices not set
2021-04-21 21:34:06.674302: I tensorflow/compiler/jit/xla_gpu_device.cc:99] Not creating XLA devices, tf_xla_enable_xla_devices not set
mse and spike frequency: 0.81268 7.69
[32m[I 2021-04-21 21:34:33,477][0m Trial 184 finished with values: [0.81268, 7.69] with parameters: {'Vahp': -59.5, 'Vth': -45.5, 'Vmax': 19.0, 't_ref': 19.5, 'R': 0.4, 'tau_m': 16.0, 'R_adp': 0.8, 'tau_w': 137.5, 'a': 124.5, 'rate_low': 16.0, 'rate_high': 45.0}.[0m
2021-04-21 21:34:34.233356: I tensorflow/compiler/jit/xla_gpu_device.cc:99] Not creating XLA devices, tf_xla_enable_xla_devices not set
maxFreq at 10nA: 1000.0
2021-04-21 21:35:14.098856: I tensorflow/compiler/jit/xla_gpu_device.cc:99] Not creating XLA devices, tf_xla_enable_xla_devices not set
2021-04-21 21:35:42.905546: I tensorflow/compiler/jit/xla_gpu_device.cc:99] Not creating XLA devices, tf_xla_enable_xla_devices not set
mse and spike frequency: 0.11775 0.0
[32m[I 2021-04-21 21:36:09,452][0m Trial 185 finished with values: [0.11775, 0.0] with parameters: {'Vahp': -35.5, 'Vth': -45.5, 'Vmax': 12.5, 't_ref': 17.0, 'R': 1.0, 'tau_m': 81.5, 'R_adp': 0.2, 'tau_w': 63.0, 'a': 386.0, 'rate_low': 6.5, 'rate_high': 49.5}.[0m
2021-04-21 21:36:10.185187: I tensorflow/compiler/jit/xla_gpu_device.cc:99] Not creating XLA devices, tf_xla_enable_xla_devices not set
maxFreq at 10nA: 1000.0
2021-04-21 21:36:50.451502: I tensorflow/compiler/jit/xla_gpu_device.cc:99] Not creating XLA devices, tf_xla_enable_xla_devices not set
2021-04-21 21:37:19.832565: I tensorflow/compiler/jit/xla_gpu_device.cc:99] Not creating XLA devices, tf_xla_enable_xla_devices not set
mse and spike frequency: 0.11775 0.0
[32m[I 2021-04-21 21:37:46,339][0m Trial 186 finished with values: [0.11775, 0.0] with parameters: {'Vahp': -20.0, 'Vth': -51.0, 'Vmax': 25.5, 't_ref': 3.0, 'R': 0.9, 'tau_m': 481.0, 'R_adp': 0.5, 'tau_w': 265.0, 'a': 124.5, 'rate_low': 37.5, 'rate_high': 45.0}.[0m
2021-04-21 21:37:47.067698: I tensorflow/compiler/jit/xla_gpu_device.cc:99] Not creating XLA devices, tf_xla_enable_xla_devices not set
maxFreq at 10nA: 1000.0
2021-04-21 21:38:26.890724: I tensorflow/compiler/jit/xla_gpu_device.cc:99] Not creating XLA devices, tf_xla_enable_xla_devices not set
2021-04-21 21:38:55.682671: I tensorflow/compiler/jit/xla_gpu_device.cc:99] Not creating XLA devices, tf_xla_enable_xla_devices not set
mse and spike frequency: 0.11775 0.0
[32m[I 2021-04-21 21:39:22,581][0m Trial 187 finished with values: [0.11775, 0.0] with parameters: {'Vahp': -28.0, 'Vth': -48.5, 'Vmax': 10.0, 't_ref': 10.5, 'R': 0.30000000000000004, 'tau_m': 182.0, 'R_adp': 0.1, 'tau_w': 229.0, 'a': 144.0, 'rate_low': 19.0, 'rate_high': 36.5}.[0m
2021-04-21 21:39:23.320174: I tensorflow/compiler/jit/xla_gpu_device.cc:99] Not creating XLA devices, tf_xla_enable_xla_devices not set
maxFreq at 10nA: 999.0
2021-04-21 21:40:03.466743: I tensorflow/compiler/jit/xla_gpu_device.cc:99] Not creating XLA devices, tf_xla_enable_xla_devices not set
2021-04-21 21:40:33.344386: I tensorflow/compiler/jit/xla_gpu_device.cc:99] Not creating XLA devices, tf_xla_enable_xla_devices not set
mse and spike frequency: 0.11775 0.0
[32m[I 2021-04-21 21:40:59,861][0m Trial 188 finished with values: [0.11775, 0.0] with parameters: {'Vahp': -21.5, 'Vth': -38.0, 'Vmax': 34.5, 't_ref': 17.0, 'R': 0.8, 'tau_m': 475.0, 'R_adp': 0.9, 'tau_w': 63.0, 'a': 289.0, 'rate_low': 6.5, 'rate_high': 49.5}.[0m
2021-04-21 21:41:00.609027: I tensorflow/compiler/jit/xla_gpu_device.cc:99] Not creating XLA devices, tf_xla_enable_xla_devices not set
maxFreq at 10nA: 999.0
2021-04-21 21:41:40.588808: I tensorflow/compiler/jit/xla_gpu_device.cc:99] Not creating XLA devices, tf_xla_enable_xla_devices not set
2021-04-21 21:42:10.258863: I tensorflow/compiler/jit/xla_gpu_device.cc:99] Not creating XLA devices, tf_xla_enable_xla_devices not set
mse and spike frequency: 0.11775 0.0
[32m[I 2021-04-21 21:42:36,776][0m Trial 189 finished with values: [0.11775, 0.0] with parameters: {'Vahp': -40.5, 'Vth': -45.5, 'Vmax': 34.5, 't_ref': 19.5, 'R': 0.2, 'tau_m': 225.0, 'R_adp': 0.5, 'tau_w': 265.0, 'a': 66.0, 'rate_low': 6.5, 'rate_high': 45.0}.[0m
2021-04-21 21:42:37.587523: I tensorflow/compiler/jit/xla_gpu_device.cc:99] Not creating XLA devices, tf_xla_enable_xla_devices not set
maxFreq at 10nA: 1000.0
2021-04-21 21:43:17.330221: I tensorflow/compiler/jit/xla_gpu_device.cc:99] Not creating XLA devices, tf_xla_enable_xla_devices not set
2021-04-21 21:43:47.990122: I tensorflow/compiler/jit/xla_gpu_device.cc:99] Not creating XLA devices, tf_xla_enable_xla_devices not set
mse and spike frequency: 0.11775 0.0
[32m[I 2021-04-21 21:44:15,054][0m Trial 190 finished with values: [0.11775, 0.0] with parameters: {'Vahp': -37.5, 'Vth': -50.5, 'Vmax': 34.5, 't_ref': 13.0, 'R': 0.1, 'tau_m': 36.5, 'R_adp': 0.6, 'tau_w': 238.0, 'a': 307.0, 'rate_low': 48.0, 'rate_high': 45.5}.[0m
2021-04-21 21:44:15.850528: I tensorflow/compiler/jit/xla_gpu_device.cc:99] Not creating XLA devices, tf_xla_enable_xla_devices not set
maxFreq at 10nA: 1000.0
2021-04-21 21:44:56.330867: I tensorflow/compiler/jit/xla_gpu_device.cc:99] Not creating XLA devices, tf_xla_enable_xla_devices not set
2021-04-21 21:45:25.999228: I tensorflow/compiler/jit/xla_gpu_device.cc:99] Not creating XLA devices, tf_xla_enable_xla_devices not set
mse and spike frequency: 0.11775 0.0
[32m[I 2021-04-21 21:45:53,692][0m Trial 191 finished with values: [0.11775, 0.0] with parameters: {'Vahp': -22.5, 'Vth': -34.0, 'Vmax': 20.0, 't_ref': 14.0, 'R': 0.9, 'tau_m': 225.0, 'R_adp': 0.8, 'tau_w': 406.5, 'a': 386.0, 'rate_low': 13.0, 'rate_high': 42.0}.[0m
2021-04-21 21:45:54.494148: I tensorflow/compiler/jit/xla_gpu_device.cc:99] Not creating XLA devices, tf_xla_enable_xla_devices not set
maxFreq at 10nA: 1000.0
2021-04-21 21:46:35.498479: I tensorflow/compiler/jit/xla_gpu_device.cc:99] Not creating XLA devices, tf_xla_enable_xla_devices not set
2021-04-21 21:47:06.109911: I tensorflow/compiler/jit/xla_gpu_device.cc:99] Not creating XLA devices, tf_xla_enable_xla_devices not set
mse and spike frequency: 0.11775 0.0
[32m[I 2021-04-21 21:47:33,714][0m Trial 192 finished with values: [0.11775, 0.0] with parameters: {'Vahp': -35.5, 'Vth': -39.0, 'Vmax': 16.5, 't_ref': 17.0, 'R': 0.7000000000000001, 'tau_m': 81.5, 'R_adp': 0.9, 'tau_w': 238.0, 'a': 133.5, 'rate_low': 6.5, 'rate_high': 41.0}.[0m
2021-04-21 21:47:34.488405: I tensorflow/compiler/jit/xla_gpu_device.cc:99] Not creating XLA devices, tf_xla_enable_xla_devices not set
maxFreq at 10nA: 994.0
2021-04-21 21:48:15.170145: I tensorflow/compiler/jit/xla_gpu_device.cc:99] Not creating XLA devices, tf_xla_enable_xla_devices not set
2021-04-21 21:48:45.692346: I tensorflow/compiler/jit/xla_gpu_device.cc:99] Not creating XLA devices, tf_xla_enable_xla_devices not set
mse and spike frequency: 0.11775 0.0
[32m[I 2021-04-21 21:49:13,823][0m Trial 193 finished with values: [0.11775, 0.0] with parameters: {'Vahp': -30.5, 'Vth': -31.0, 'Vmax': 25.0, 't_ref': 17.0, 'R': 0.2, 'tau_m': 437.0, 'R_adp': 0.6, 'tau_w': 229.0, 'a': 429.0, 'rate_low': 7.0, 'rate_high': 25.5}.[0m
2021-04-21 21:49:14.655536: I tensorflow/compiler/jit/xla_gpu_device.cc:99] Not creating XLA devices, tf_xla_enable_xla_devices not set
maxFreq at 10nA: 1000.0
2021-04-21 21:49:55.074097: I tensorflow/compiler/jit/xla_gpu_device.cc:99] Not creating XLA devices, tf_xla_enable_xla_devices not set
2021-04-21 21:50:26.122673: I tensorflow/compiler/jit/xla_gpu_device.cc:99] Not creating XLA devices, tf_xla_enable_xla_devices not set
mse and spike frequency: 0.11775 0.0
[32m[I 2021-04-21 21:50:54,019][0m Trial 194 finished with values: [0.11775, 0.0] with parameters: {'Vahp': -28.0, 'Vth': -51.5, 'Vmax': 27.5, 't_ref': 18.0, 'R': 1.0, 'tau_m': 261.5, 'R_adp': 0.30000000000000004, 'tau_w': 101.5, 'a': 307.0, 'rate_low': 19.0, 'rate_high': 49.0}.[0m
2021-04-21 21:50:54.826424: I tensorflow/compiler/jit/xla_gpu_device.cc:99] Not creating XLA devices, tf_xla_enable_xla_devices not set
maxFreq at 10nA: 1000.0
2021-04-21 21:51:35.399573: I tensorflow/compiler/jit/xla_gpu_device.cc:99] Not creating XLA devices, tf_xla_enable_xla_devices not set
2021-04-21 21:52:05.671588: I tensorflow/compiler/jit/xla_gpu_device.cc:99] Not creating XLA devices, tf_xla_enable_xla_devices not set
mse and spike frequency: 0.11775 0.0
[32m[I 2021-04-21 21:52:33,674][0m Trial 195 finished with values: [0.11775, 0.0] with parameters: {'Vahp': -20.0, 'Vth': -53.0, 'Vmax': 25.5, 't_ref': 11.5, 'R': 0.9, 'tau_m': 481.0, 'R_adp': 0.4, 'tau_w': 75.0, 'a': 255.5, 'rate_low': 37.5, 'rate_high': 40.0}.[0m
2021-04-21 21:52:34.515713: I tensorflow/compiler/jit/xla_gpu_device.cc:99] Not creating XLA devices, tf_xla_enable_xla_devices not set
maxFreq at 10nA: 999.0
2021-04-21 21:53:15.547586: I tensorflow/compiler/jit/xla_gpu_device.cc:99] Not creating XLA devices, tf_xla_enable_xla_devices not set
2021-04-21 21:53:45.986123: I tensorflow/compiler/jit/xla_gpu_device.cc:99] Not creating XLA devices, tf_xla_enable_xla_devices not set
mse and spike frequency: 0.11775 0.0
[32m[I 2021-04-21 21:54:13,878][0m Trial 196 finished with values: [0.11775, 0.0] with parameters: {'Vahp': -24.0, 'Vth': -26.0, 'Vmax': 10.0, 't_ref': 17.0, 'R': 1.0, 'tau_m': 475.0, 'R_adp': 0.7000000000000001, 'tau_w': 75.0, 'a': 297.5, 'rate_low': 22.5, 'rate_high': 25.5}.[0m
2021-04-21 21:54:14.651119: I tensorflow/compiler/jit/xla_gpu_device.cc:99] Not creating XLA devices, tf_xla_enable_xla_devices not set
maxFreq at 10nA: 1000.0
2021-04-21 21:54:55.693956: I tensorflow/compiler/jit/xla_gpu_device.cc:99] Not creating XLA devices, tf_xla_enable_xla_devices not set
2021-04-21 21:55:24.569531: I tensorflow/compiler/jit/xla_gpu_device.cc:99] Not creating XLA devices, tf_xla_enable_xla_devices not set
mse and spike frequency: 0.11775 0.0
[32m[I 2021-04-21 21:55:52,339][0m Trial 197 finished with values: [0.11775, 0.0] with parameters: {'Vahp': -40.5, 'Vth': -48.5, 'Vmax': 12.5, 't_ref': 8.5, 'R': 0.6, 'tau_m': 225.0, 'R_adp': 0.2, 'tau_w': 20.5, 'a': 386.0, 'rate_low': 21.5, 'rate_high': 31.0}.[0m
2021-04-21 21:55:53.137544: I tensorflow/compiler/jit/xla_gpu_device.cc:99] Not creating XLA devices, tf_xla_enable_xla_devices not set
maxFreq at 10nA: 1000.0
2021-04-21 21:56:33.781945: I tensorflow/compiler/jit/xla_gpu_device.cc:99] Not creating XLA devices, tf_xla_enable_xla_devices not set
2021-04-21 21:57:03.655223: I tensorflow/compiler/jit/xla_gpu_device.cc:99] Not creating XLA devices, tf_xla_enable_xla_devices not set
mse and spike frequency: 0.11775 0.0
[32m[I 2021-04-21 21:57:31,779][0m Trial 198 finished with values: [0.11775, 0.0] with parameters: {'Vahp': -28.0, 'Vth': -53.0, 'Vmax': 15.0, 't_ref': 14.5, 'R': 0.9, 'tau_m': 458.5, 'R_adp': 0.30000000000000004, 'tau_w': 483.0, 'a': 66.0, 'rate_low': 43.5, 'rate_high': 47.5}.[0m
2021-04-21 21:57:32.612541: I tensorflow/compiler/jit/xla_gpu_device.cc:99] Not creating XLA devices, tf_xla_enable_xla_devices not set
maxFreq at 10nA: 1000.0
2021-04-21 21:58:12.840671: I tensorflow/compiler/jit/xla_gpu_device.cc:99] Not creating XLA devices, tf_xla_enable_xla_devices not set
2021-04-21 21:58:42.101625: I tensorflow/compiler/jit/xla_gpu_device.cc:99] Not creating XLA devices, tf_xla_enable_xla_devices not set
mse and spike frequency: 0.11775 0.0
[32m[I 2021-04-21 21:59:10,418][0m Trial 199 finished with values: [0.11775, 0.0] with parameters: {'Vahp': -40.0, 'Vth': -45.5, 'Vmax': 34.5, 't_ref': 17.0, 'R': 1.0, 'tau_m': 81.5, 'R_adp': 0.9, 'tau_w': 265.0, 'a': 66.0, 'rate_low': 6.5, 'rate_high': 45.0}.[0m
2021-04-21 21:59:11.210034: I tensorflow/compiler/jit/xla_gpu_device.cc:99] Not creating XLA devices, tf_xla_enable_xla_devices not set
maxFreq at 10nA: 1000.0
2021-04-21 21:59:52.120818: I tensorflow/compiler/jit/xla_gpu_device.cc:99] Not creating XLA devices, tf_xla_enable_xla_devices not set
2021-04-21 22:00:21.377759: I tensorflow/compiler/jit/xla_gpu_device.cc:99] Not creating XLA devices, tf_xla_enable_xla_devices not set
mse and spike frequency: 0.11775 0.0
