[32m[I 2021-04-21 21:30:50,262][0m Trial 182 finished with values: [0.11775, 0.0] with parameters: {'Vahp': -32.0, 'Vth': -54.5, 'Vmax': 25.0, 't_ref': 16.0, 'R': 0.8, 'tau_m': 475.5, 'rate_low': 12.0, 'rate_high': 50.0}.[0m
2021-04-21 21:30:51.117943: I tensorflow/compiler/jit/xla_gpu_device.cc:99] Not creating XLA devices, tf_xla_enable_xla_devices not set
maxFreq at 10nA: 1000.0
2021-04-21 21:31:28.725589: I tensorflow/compiler/jit/xla_gpu_device.cc:99] Not creating XLA devices, tf_xla_enable_xla_devices not set
2021-04-21 21:31:57.005188: I tensorflow/compiler/jit/xla_gpu_device.cc:99] Not creating XLA devices, tf_xla_enable_xla_devices not set
mse and spike frequency: 0.11775 0.0
[32m[I 2021-04-21 21:32:25,106][0m Trial 183 finished with values: [0.11775, 0.0] with parameters: {'Vahp': -39.0, 'Vth': -51.5, 'Vmax': 24.5, 't_ref': 11.5, 'R': 0.30000000000000004, 'tau_m': 267.5, 'rate_low': 7.0, 'rate_high': 14.0}.[0m
2021-04-21 21:32:26.003674: I tensorflow/compiler/jit/xla_gpu_device.cc:99] Not creating XLA devices, tf_xla_enable_xla_devices not set
maxFreq at 10nA: 62.0
2021-04-21 21:33:04.288592: I tensorflow/compiler/jit/xla_gpu_device.cc:99] Not creating XLA devices, tf_xla_enable_xla_devices not set
2021-04-21 21:33:33.358955: I tensorflow/compiler/jit/xla_gpu_device.cc:99] Not creating XLA devices, tf_xla_enable_xla_devices not set
mse and spike frequency: 0.10735 0.1
[32m[I 2021-04-21 21:34:01,006][0m Trial 184 finished with values: [0.10735, 0.1] with parameters: {'Vahp': -38.0, 'Vth': -24.0, 'Vmax': 11.0, 't_ref': 11.0, 'R': 0.1, 'tau_m': 308.5, 'rate_low': 3.0, 'rate_high': 44.5}.[0m
2021-04-21 21:34:01.842847: I tensorflow/compiler/jit/xla_gpu_device.cc:99] Not creating XLA devices, tf_xla_enable_xla_devices not set
maxFreq at 10nA: 167.0
2021-04-21 21:34:40.670860: I tensorflow/compiler/jit/xla_gpu_device.cc:99] Not creating XLA devices, tf_xla_enable_xla_devices not set
2021-04-21 21:35:10.135108: I tensorflow/compiler/jit/xla_gpu_device.cc:99] Not creating XLA devices, tf_xla_enable_xla_devices not set
mse and spike frequency: 0.11775 0.0
[32m[I 2021-04-21 21:35:37,800][0m Trial 185 finished with values: [0.11775, 0.0] with parameters: {'Vahp': -54.0, 'Vth': -54.0, 'Vmax': 16.0, 't_ref': 4.5, 'R': 0.6, 'tau_m': 80.0, 'rate_low': 2.0, 'rate_high': 50.0}.[0m
2021-04-21 21:35:38.713196: I tensorflow/compiler/jit/xla_gpu_device.cc:99] Not creating XLA devices, tf_xla_enable_xla_devices not set
maxFreq at 10nA: 1000.0
2021-04-21 21:36:16.744719: I tensorflow/compiler/jit/xla_gpu_device.cc:99] Not creating XLA devices, tf_xla_enable_xla_devices not set
2021-04-21 21:36:45.784508: I tensorflow/compiler/jit/xla_gpu_device.cc:99] Not creating XLA devices, tf_xla_enable_xla_devices not set
mse and spike frequency: 0.11775 0.0
[32m[I 2021-04-21 21:37:14,015][0m Trial 186 finished with values: [0.11775, 0.0] with parameters: {'Vahp': -28.0, 'Vth': -51.0, 'Vmax': 25.0, 't_ref': 11.0, 'R': 0.2, 'tau_m': 178.0, 'rate_low': 40.5, 'rate_high': 34.5}.[0m
2021-04-21 21:37:14.832378: I tensorflow/compiler/jit/xla_gpu_device.cc:99] Not creating XLA devices, tf_xla_enable_xla_devices not set
maxFreq at 10nA: 84.0
2021-04-21 21:37:53.536309: I tensorflow/compiler/jit/xla_gpu_device.cc:99] Not creating XLA devices, tf_xla_enable_xla_devices not set
2021-04-21 21:38:22.022038: I tensorflow/compiler/jit/xla_gpu_device.cc:99] Not creating XLA devices, tf_xla_enable_xla_devices not set
mse and spike frequency: 0.00109 5.12
[32m[I 2021-04-21 21:38:50,315][0m Trial 187 finished with values: [0.00109, 5.12] with parameters: {'Vahp': -35.0, 'Vth': -23.5, 'Vmax': 30.5, 't_ref': 11.0, 'R': 0.4, 'tau_m': 178.0, 'rate_low': 7.0, 'rate_high': 34.5}.[0m
2021-04-21 21:38:51.123470: I tensorflow/compiler/jit/xla_gpu_device.cc:99] Not creating XLA devices, tf_xla_enable_xla_devices not set
maxFreq at 10nA: 1000.0
2021-04-21 21:39:30.002293: I tensorflow/compiler/jit/xla_gpu_device.cc:99] Not creating XLA devices, tf_xla_enable_xla_devices not set
2021-04-21 21:39:58.740530: I tensorflow/compiler/jit/xla_gpu_device.cc:99] Not creating XLA devices, tf_xla_enable_xla_devices not set
mse and spike frequency: 0.11775 0.0
[32m[I 2021-04-21 21:40:26,595][0m Trial 188 finished with values: [0.11775, 0.0] with parameters: {'Vahp': -41.0, 'Vth': -42.0, 'Vmax': 30.5, 't_ref': 14.0, 'R': 0.8, 'tau_m': 54.5, 'rate_low': 7.0, 'rate_high': 49.5}.[0m
2021-04-21 21:40:27.454533: I tensorflow/compiler/jit/xla_gpu_device.cc:99] Not creating XLA devices, tf_xla_enable_xla_devices not set
maxFreq at 10nA: 1000.0
2021-04-21 21:41:06.367626: I tensorflow/compiler/jit/xla_gpu_device.cc:99] Not creating XLA devices, tf_xla_enable_xla_devices not set
2021-04-21 21:41:34.778133: I tensorflow/compiler/jit/xla_gpu_device.cc:99] Not creating XLA devices, tf_xla_enable_xla_devices not set
mse and spike frequency: 0.11775 0.0
[32m[I 2021-04-21 21:42:03,058][0m Trial 189 finished with values: [0.11775, 0.0] with parameters: {'Vahp': -28.5, 'Vth': -50.0, 'Vmax': 31.5, 't_ref': 3.0, 'R': 0.2, 'tau_m': 111.0, 'rate_low': 29.5, 'rate_high': 49.5}.[0m
2021-04-21 21:42:03.904734: I tensorflow/compiler/jit/xla_gpu_device.cc:99] Not creating XLA devices, tf_xla_enable_xla_devices not set
maxFreq at 10nA: 999.0
2021-04-21 21:42:43.592272: I tensorflow/compiler/jit/xla_gpu_device.cc:99] Not creating XLA devices, tf_xla_enable_xla_devices not set
2021-04-21 21:43:12.116387: I tensorflow/compiler/jit/xla_gpu_device.cc:99] Not creating XLA devices, tf_xla_enable_xla_devices not set
mse and spike frequency: 0.11775 0.0
[32m[I 2021-04-21 21:43:40,327][0m Trial 190 finished with values: [0.11775, 0.0] with parameters: {'Vahp': -25.5, 'Vth': -45.5, 'Vmax': 26.0, 't_ref': 16.0, 'R': 0.2, 'tau_m': 254.5, 'rate_low': 27.0, 'rate_high': 50.0}.[0m
2021-04-21 21:43:41.185323: I tensorflow/compiler/jit/xla_gpu_device.cc:99] Not creating XLA devices, tf_xla_enable_xla_devices not set
maxFreq at 10nA: 1000.0
2021-04-21 21:44:20.816947: I tensorflow/compiler/jit/xla_gpu_device.cc:99] Not creating XLA devices, tf_xla_enable_xla_devices not set
2021-04-21 21:44:49.220618: I tensorflow/compiler/jit/xla_gpu_device.cc:99] Not creating XLA devices, tf_xla_enable_xla_devices not set
mse and spike frequency: 0.11775 0.0
[32m[I 2021-04-21 21:45:16,811][0m Trial 191 finished with values: [0.11775, 0.0] with parameters: {'Vahp': -32.5, 'Vth': -54.5, 'Vmax': 22.0, 't_ref': 1.5, 'R': 0.6, 'tau_m': 475.5, 'rate_low': 37.5, 'rate_high': 44.5}.[0m
2021-04-21 21:45:17.647673: I tensorflow/compiler/jit/xla_gpu_device.cc:99] Not creating XLA devices, tf_xla_enable_xla_devices not set
maxFreq at 10nA: 1000.0
2021-04-21 21:45:56.894916: I tensorflow/compiler/jit/xla_gpu_device.cc:99] Not creating XLA devices, tf_xla_enable_xla_devices not set
2021-04-21 21:46:26.028251: I tensorflow/compiler/jit/xla_gpu_device.cc:99] Not creating XLA devices, tf_xla_enable_xla_devices not set
mse and spike frequency: 0.11775 0.0
[32m[I 2021-04-21 21:46:54,849][0m Trial 192 finished with values: [0.11775, 0.0] with parameters: {'Vahp': -39.0, 'Vth': -39.5, 'Vmax': 34.5, 't_ref': 3.0, 'R': 0.8, 'tau_m': 267.5, 'rate_low': 41.5, 'rate_high': 29.0}.[0m
2021-04-21 21:46:55.724422: I tensorflow/compiler/jit/xla_gpu_device.cc:99] Not creating XLA devices, tf_xla_enable_xla_devices not set
maxFreq at 10nA: 200.0
2021-04-21 21:47:35.783779: I tensorflow/compiler/jit/xla_gpu_device.cc:99] Not creating XLA devices, tf_xla_enable_xla_devices not set
2021-04-21 21:48:04.589128: I tensorflow/compiler/jit/xla_gpu_device.cc:99] Not creating XLA devices, tf_xla_enable_xla_devices not set
mse and spike frequency: 0.00444 3.05
[32m[I 2021-04-21 21:48:33,596][0m Trial 193 finished with values: [0.00444, 3.05] with parameters: {'Vahp': -39.5, 'Vth': -23.5, 'Vmax': 27.0, 't_ref': 2.5, 'R': 0.6, 'tau_m': 435.5, 'rate_low': 7.0, 'rate_high': 14.0}.[0m
2021-04-21 21:48:34.442846: I tensorflow/compiler/jit/xla_gpu_device.cc:99] Not creating XLA devices, tf_xla_enable_xla_devices not set
maxFreq at 10nA: 84.0
2021-04-21 21:49:14.146687: I tensorflow/compiler/jit/xla_gpu_device.cc:99] Not creating XLA devices, tf_xla_enable_xla_devices not set
2021-04-21 21:49:43.157313: I tensorflow/compiler/jit/xla_gpu_device.cc:99] Not creating XLA devices, tf_xla_enable_xla_devices not set
mse and spike frequency: 0.00104 28.09
[32m[I 2021-04-21 21:50:12,788][0m Trial 194 finished with values: [0.00104, 28.09] with parameters: {'Vahp': -28.0, 'Vth': -20.5, 'Vmax': 20.0, 't_ref': 11.0, 'R': 1.0, 'tau_m': 111.0, 'rate_low': 29.5, 'rate_high': 8.5}.[0m
2021-04-21 21:50:13.643089: I tensorflow/compiler/jit/xla_gpu_device.cc:99] Not creating XLA devices, tf_xla_enable_xla_devices not set
maxFreq at 10nA: 45.0
2021-04-21 21:50:54.105584: I tensorflow/compiler/jit/xla_gpu_device.cc:99] Not creating XLA devices, tf_xla_enable_xla_devices not set
2021-04-21 21:51:23.640669: I tensorflow/compiler/jit/xla_gpu_device.cc:99] Not creating XLA devices, tf_xla_enable_xla_devices not set
mse and spike frequency: 0.0025 4.91
[32m[I 2021-04-21 21:51:53,527][0m Trial 195 finished with values: [0.0025, 4.91] with parameters: {'Vahp': -28.5, 'Vth': -21.0, 'Vmax': 13.5, 't_ref': 18.5, 'R': 0.1, 'tau_m': 377.0, 'rate_low': 43.0, 'rate_high': 46.0}.[0m
2021-04-21 21:51:54.352590: I tensorflow/compiler/jit/xla_gpu_device.cc:99] Not creating XLA devices, tf_xla_enable_xla_devices not set
maxFreq at 10nA: 1000.0
2021-04-21 21:52:35.620491: I tensorflow/compiler/jit/xla_gpu_device.cc:99] Not creating XLA devices, tf_xla_enable_xla_devices not set
2021-04-21 21:53:04.752070: I tensorflow/compiler/jit/xla_gpu_device.cc:99] Not creating XLA devices, tf_xla_enable_xla_devices not set
mse and spike frequency: 0.11775 0.0
[32m[I 2021-04-21 21:53:34,505][0m Trial 196 finished with values: [0.11775, 0.0] with parameters: {'Vahp': -39.0, 'Vth': -51.5, 'Vmax': 22.0, 't_ref': 7.5, 'R': 0.8, 'tau_m': 475.5, 'rate_low': 19.0, 'rate_high': 41.0}.[0m
2021-04-21 21:53:35.312203: I tensorflow/compiler/jit/xla_gpu_device.cc:99] Not creating XLA devices, tf_xla_enable_xla_devices not set
maxFreq at 10nA: 1000.0
2021-04-21 21:54:16.631285: I tensorflow/compiler/jit/xla_gpu_device.cc:99] Not creating XLA devices, tf_xla_enable_xla_devices not set
2021-04-21 21:54:45.394433: I tensorflow/compiler/jit/xla_gpu_device.cc:99] Not creating XLA devices, tf_xla_enable_xla_devices not set
mse and spike frequency: 0.11775 0.0
[32m[I 2021-04-21 21:55:15,222][0m Trial 197 finished with values: [0.11775, 0.0] with parameters: {'Vahp': -28.0, 'Vth': -39.5, 'Vmax': 16.0, 't_ref': 11.5, 'R': 0.2, 'tau_m': 86.0, 'rate_low': 7.5, 'rate_high': 46.0}.[0m
2021-04-21 21:55:16.073614: I tensorflow/compiler/jit/xla_gpu_device.cc:99] Not creating XLA devices, tf_xla_enable_xla_devices not set
maxFreq at 10nA: 143.0
2021-04-21 21:55:58.000911: I tensorflow/compiler/jit/xla_gpu_device.cc:99] Not creating XLA devices, tf_xla_enable_xla_devices not set
2021-04-21 21:56:27.393593: I tensorflow/compiler/jit/xla_gpu_device.cc:99] Not creating XLA devices, tf_xla_enable_xla_devices not set
mse and spike frequency: 0.00042 23.54
[32m[I 2021-04-21 21:56:58,120][0m Trial 198 finished with values: [0.00042, 23.54] with parameters: {'Vahp': -58.0, 'Vth': -43.0, 'Vmax': 25.5, 't_ref': 4.5, 'R': 0.6, 'tau_m': 423.5, 'rate_low': 43.5, 'rate_high': 50.0}.[0m
2021-04-21 21:56:59.060082: I tensorflow/compiler/jit/xla_gpu_device.cc:99] Not creating XLA devices, tf_xla_enable_xla_devices not set
maxFreq at 10nA: 1000.0
2021-04-21 21:57:39.604580: I tensorflow/compiler/jit/xla_gpu_device.cc:99] Not creating XLA devices, tf_xla_enable_xla_devices not set
2021-04-21 21:58:09.237788: I tensorflow/compiler/jit/xla_gpu_device.cc:99] Not creating XLA devices, tf_xla_enable_xla_devices not set
mse and spike frequency: 0.11775 0.0
[32m[I 2021-04-21 21:58:39,155][0m Trial 199 finished with values: [0.11775, 0.0] with parameters: {'Vahp': -29.5, 'Vth': -55.5, 'Vmax': 26.5, 't_ref': 16.5, 'R': 0.9, 'tau_m': 467.5, 'rate_low': 29.0, 'rate_high': 46.0}.[0m
2021-04-21 21:58:40.133864: I tensorflow/compiler/jit/xla_gpu_device.cc:99] Not creating XLA devices, tf_xla_enable_xla_devices not set
maxFreq at 10nA: 1000.0
2021-04-21 21:59:20.300036: I tensorflow/compiler/jit/xla_gpu_device.cc:99] Not creating XLA devices, tf_xla_enable_xla_devices not set
2021-04-21 21:59:49.475623: I tensorflow/compiler/jit/xla_gpu_device.cc:99] Not creating XLA devices, tf_xla_enable_xla_devices not set
mse and spike frequency: 0.11775 0.0
[32m[I 2021-04-21 22:00:18,572][0m Trial 200 finished with values: [0.11775, 0.0] with parameters: {'Vahp': -32.5, 'Vth': -43.0, 'Vmax': 10.5, 't_ref': 15.0, 'R': 1.0, 'tau_m': 423.5, 'rate_low': 34.0, 'rate_high': 50.0}.[0m
2021-04-21 22:00:19.414268: I tensorflow/compiler/jit/xla_gpu_device.cc:99] Not creating XLA devices, tf_xla_enable_xla_devices not set
maxFreq at 10nA: 1000.0
2021-04-21 22:01:00.236183: I tensorflow/compiler/jit/xla_gpu_device.cc:99] Not creating XLA devices, tf_xla_enable_xla_devices not set
2021-04-21 22:01:29.881776: I tensorflow/compiler/jit/xla_gpu_device.cc:99] Not creating XLA devices, tf_xla_enable_xla_devices not set
mse and spike frequency: 0.11775 0.0
[32m[I 2021-04-21 22:01:58,238][0m Trial 201 finished with values: [0.11775, 0.0] with parameters: {'Vahp': -39.0, 'Vth': -51.5, 'Vmax': 10.5, 't_ref': 1.5, 'R': 0.30000000000000004, 'tau_m': 267.5, 'rate_low': 19.0, 'rate_high': 29.0}.[0m
2021-04-21 22:01:59.170526: I tensorflow/compiler/jit/xla_gpu_device.cc:99] Not creating XLA devices, tf_xla_enable_xla_devices not set
maxFreq at 10nA: 999.0
2021-04-21 22:02:39.445262: I tensorflow/compiler/jit/xla_gpu_device.cc:99] Not creating XLA devices, tf_xla_enable_xla_devices not set
2021-04-21 22:03:09.094593: I tensorflow/compiler/jit/xla_gpu_device.cc:99] Not creating XLA devices, tf_xla_enable_xla_devices not set
mse and spike frequency: 0.11775 0.0
[32m[I 2021-04-21 22:03:38,520][0m Trial 202 finished with values: [0.11775, 0.0] with parameters: {'Vahp': -39.5, 'Vth': -51.5, 'Vmax': 24.5, 't_ref': 11.5, 'R': 0.30000000000000004, 'tau_m': 467.5, 'rate_low': 7.0, 'rate_high': 46.0}.[0m
2021-04-21 22:03:39.524743: I tensorflow/compiler/jit/xla_gpu_device.cc:99] Not creating XLA devices, tf_xla_enable_xla_devices not set
maxFreq at 10nA: 77.0
2021-04-21 22:04:20.478131: I tensorflow/compiler/jit/xla_gpu_device.cc:99] Not creating XLA devices, tf_xla_enable_xla_devices not set
2021-04-21 22:04:51.219946: I tensorflow/compiler/jit/xla_gpu_device.cc:99] Not creating XLA devices, tf_xla_enable_xla_devices not set
mse and spike frequency: 0.00085 9.33
[32m[I 2021-04-21 22:05:21,412][0m Trial 203 finished with values: [0.00085, 9.33] with parameters: {'Vahp': -41.5, 'Vth': -33.5, 'Vmax': 25.5, 't_ref': 11.0, 'R': 0.1, 'tau_m': 172.0, 'rate_low': 28.0, 'rate_high': 50.0}.[0m
2021-04-21 22:05:22.394081: I tensorflow/compiler/jit/xla_gpu_device.cc:99] Not creating XLA devices, tf_xla_enable_xla_devices not set
maxFreq at 10nA: 53.0
2021-04-21 22:06:03.506484: I tensorflow/compiler/jit/xla_gpu_device.cc:99] Not creating XLA devices, tf_xla_enable_xla_devices not set
2021-04-21 22:06:34.042210: I tensorflow/compiler/jit/xla_gpu_device.cc:99] Not creating XLA devices, tf_xla_enable_xla_devices not set
mse and spike frequency: 0.0011 12.22
[32m[I 2021-04-21 22:07:03,767][0m Trial 204 finished with values: [0.0011, 12.22] with parameters: {'Vahp': -41.0, 'Vth': -23.5, 'Vmax': 13.5, 't_ref': 18.0, 'R': 0.8, 'tau_m': 308.5, 'rate_low': 14.5, 'rate_high': 46.0}.[0m
2021-04-21 22:07:04.702990: I tensorflow/compiler/jit/xla_gpu_device.cc:99] Not creating XLA devices, tf_xla_enable_xla_devices not set
maxFreq at 10nA: 999.0
2021-04-21 22:07:46.322371: I tensorflow/compiler/jit/xla_gpu_device.cc:99] Not creating XLA devices, tf_xla_enable_xla_devices not set
2021-04-21 22:08:17.389886: I tensorflow/compiler/jit/xla_gpu_device.cc:99] Not creating XLA devices, tf_xla_enable_xla_devices not set
mse and spike frequency: 0.11775 0.0
[32m[I 2021-04-21 22:08:46,281][0m Trial 205 finished with values: [0.11775, 0.0] with parameters: {'Vahp': -28.5, 'Vth': -50.0, 'Vmax': 31.5, 't_ref': 3.0, 'R': 0.2, 'tau_m': 435.5, 'rate_low': 7.0, 'rate_high': 49.5}.[0m
2021-04-21 22:08:47.215363: I tensorflow/compiler/jit/xla_gpu_device.cc:99] Not creating XLA devices, tf_xla_enable_xla_devices not set
maxFreq at 10nA: 1000.0
2021-04-21 22:09:27.642715: I tensorflow/compiler/jit/xla_gpu_device.cc:99] Not creating XLA devices, tf_xla_enable_xla_devices not set
2021-04-21 22:09:58.642606: I tensorflow/compiler/jit/xla_gpu_device.cc:99] Not creating XLA devices, tf_xla_enable_xla_devices not set
mse and spike frequency: 0.11775 0.0
[32m[I 2021-04-21 22:10:28,940][0m Trial 206 finished with values: [0.11775, 0.0] with parameters: {'Vahp': -32.5, 'Vth': -43.0, 'Vmax': 17.0, 't_ref': 17.5, 'R': 1.0, 'tau_m': 423.5, 'rate_low': 27.0, 'rate_high': 49.5}.[0m
2021-04-21 22:10:29.899653: I tensorflow/compiler/jit/xla_gpu_device.cc:99] Not creating XLA devices, tf_xla_enable_xla_devices not set
maxFreq at 10nA: 250.0
2021-04-21 22:11:11.314051: I tensorflow/compiler/jit/xla_gpu_device.cc:99] Not creating XLA devices, tf_xla_enable_xla_devices not set
2021-04-21 22:11:43.037920: I tensorflow/compiler/jit/xla_gpu_device.cc:99] Not creating XLA devices, tf_xla_enable_xla_devices not set
mse and spike frequency: 0.0004 36.72
[32m[I 2021-04-21 22:12:13,899][0m Trial 207 finished with values: [0.0004, 36.72] with parameters: {'Vahp': -29.5, 'Vth': -21.0, 'Vmax': 26.5, 't_ref': 3.0, 'R': 1.0, 'tau_m': 467.5, 'rate_low': 29.0, 'rate_high': 46.0}.[0m
2021-04-21 22:12:14.799386: I tensorflow/compiler/jit/xla_gpu_device.cc:99] Not creating XLA devices, tf_xla_enable_xla_devices not set
maxFreq at 10nA: 67.0
2021-04-21 22:12:57.475624: I tensorflow/compiler/jit/xla_gpu_device.cc:99] Not creating XLA devices, tf_xla_enable_xla_devices not set
2021-04-21 22:13:29.348989: I tensorflow/compiler/jit/xla_gpu_device.cc:99] Not creating XLA devices, tf_xla_enable_xla_devices not set
mse and spike frequency: 0.11775 0.05
[32m[I 2021-04-21 22:14:00,507][0m Trial 208 finished with values: [0.11775, 0.05] with parameters: {'Vahp': -45.5, 'Vth': -42.0, 'Vmax': 30.5, 't_ref': 14.0, 'R': 0.8, 'tau_m': 54.5, 'rate_low': 14.5, 'rate_high': 49.5}.[0m
2021-04-21 22:14:01.329915: I tensorflow/compiler/jit/xla_gpu_device.cc:99] Not creating XLA devices, tf_xla_enable_xla_devices not set
maxFreq at 10nA: 1000.0
2021-04-21 22:14:43.487497: I tensorflow/compiler/jit/xla_gpu_device.cc:99] Not creating XLA devices, tf_xla_enable_xla_devices not set
2021-04-21 22:15:14.494448: I tensorflow/compiler/jit/xla_gpu_device.cc:99] Not creating XLA devices, tf_xla_enable_xla_devices not set
mse and spike frequency: 0.11775 0.0
[32m[I 2021-04-21 22:15:45,853][0m Trial 209 finished with values: [0.11775, 0.0] with parameters: {'Vahp': -24.5, 'Vth': -39.5, 'Vmax': 38.0, 't_ref': 1.5, 'R': 0.9, 'tau_m': 300.0, 'rate_low': 20.0, 'rate_high': 46.0}.[0m
2021-04-21 22:15:46.687815: I tensorflow/compiler/jit/xla_gpu_device.cc:99] Not creating XLA devices, tf_xla_enable_xla_devices not set
maxFreq at 10nA: 999.0
2021-04-21 22:16:29.608039: I tensorflow/compiler/jit/xla_gpu_device.cc:99] Not creating XLA devices, tf_xla_enable_xla_devices not set
2021-04-21 22:17:01.563377: I tensorflow/compiler/jit/xla_gpu_device.cc:99] Not creating XLA devices, tf_xla_enable_xla_devices not set
mse and spike frequency: 0.11775 0.0
[32m[I 2021-04-21 22:17:34,594][0m Trial 210 finished with values: [0.11775, 0.0] with parameters: {'Vahp': -24.5, 'Vth': -28.0, 'Vmax': 35.5, 't_ref': 3.0, 'R': 0.2, 'tau_m': 74.0, 'rate_low': 15.5, 'rate_high': 32.5}.[0m
2021-04-21 22:17:35.431091: I tensorflow/compiler/jit/xla_gpu_device.cc:99] Not creating XLA devices, tf_xla_enable_xla_devices not set
maxFreq at 10nA: 84.0
2021-04-21 22:18:18.771634: I tensorflow/compiler/jit/xla_gpu_device.cc:99] Not creating XLA devices, tf_xla_enable_xla_devices not set
2021-04-21 22:18:50.305306: I tensorflow/compiler/jit/xla_gpu_device.cc:99] Not creating XLA devices, tf_xla_enable_xla_devices not set
mse and spike frequency: 0.00101 4.69
[32m[I 2021-04-21 22:19:23,386][0m Trial 211 finished with values: [0.00101, 4.69] with parameters: {'Vahp': -28.0, 'Vth': -23.5, 'Vmax': 28.5, 't_ref': 11.0, 'R': 0.30000000000000004, 'tau_m': 139.0, 'rate_low': 7.0, 'rate_high': 34.5}.[0m
2021-04-21 22:19:24.233535: I tensorflow/compiler/jit/xla_gpu_device.cc:99] Not creating XLA devices, tf_xla_enable_xla_devices not set
maxFreq at 10nA: 1000.0
2021-04-21 22:20:07.899490: I tensorflow/compiler/jit/xla_gpu_device.cc:99] Not creating XLA devices, tf_xla_enable_xla_devices not set
2021-04-21 22:20:40.044862: I tensorflow/compiler/jit/xla_gpu_device.cc:99] Not creating XLA devices, tf_xla_enable_xla_devices not set
mse and spike frequency: 0.11775 0.0
[32m[I 2021-04-21 22:21:13,548][0m Trial 212 finished with values: [0.11775, 0.0] with parameters: {'Vahp': -41.0, 'Vth': -42.0, 'Vmax': 38.0, 't_ref': 14.0, 'R': 0.8, 'tau_m': 54.5, 'rate_low': 7.0, 'rate_high': 46.0}.[0m
2021-04-21 22:21:14.401473: I tensorflow/compiler/jit/xla_gpu_device.cc:99] Not creating XLA devices, tf_xla_enable_xla_devices not set
maxFreq at 10nA: 46.0
2021-04-21 22:21:58.191640: I tensorflow/compiler/jit/xla_gpu_device.cc:99] Not creating XLA devices, tf_xla_enable_xla_devices not set
2021-04-21 22:22:30.994161: I tensorflow/compiler/jit/xla_gpu_device.cc:99] Not creating XLA devices, tf_xla_enable_xla_devices not set
mse and spike frequency: 0.11724 0.04
