[32m[I 2021-04-21 19:28:11,965][0m Trial 84 finished with values: [0.11775, 0.0] with parameters: {'Vahp': -21.0, 'Vth': -45.0, 'Vmax': 28.5, 't_ref': 15.5, 'R': 0.5, 'tau_m': 310.5, 'R_adp': 0.30000000000000004, 'tau_w': 269.0, 'a': 248.0, 'rate_low': 6.5, 'rate_high': 35.0}.[0m
2021-04-21 19:28:12.525406: I tensorflow/compiler/jit/xla_gpu_device.cc:99] Not creating XLA devices, tf_xla_enable_xla_devices not set
maxFreq at 10nA: 102.0
2021-04-21 19:28:39.652943: I tensorflow/compiler/jit/xla_gpu_device.cc:99] Not creating XLA devices, tf_xla_enable_xla_devices not set
2021-04-21 19:28:55.246824: I tensorflow/compiler/jit/xla_gpu_device.cc:99] Not creating XLA devices, tf_xla_enable_xla_devices not set
mse and spike frequency: 3.66659 3.46
[32m[I 2021-04-21 19:29:10,040][0m Trial 85 finished with values: [3.66659, 3.46] with parameters: {'Vahp': -41.0, 'Vth': -26.0, 'Vmax': 28.5, 't_ref': 7.5, 'R': 0.4, 'tau_m': 49.0, 'R_adp': 0.30000000000000004, 'tau_w': 309.5, 'a': 425.5, 'rate_low': 6.0, 'rate_high': 10.0}.[0m
2021-04-21 19:29:10.649914: I tensorflow/compiler/jit/xla_gpu_device.cc:99] Not creating XLA devices, tf_xla_enable_xla_devices not set
maxFreq at 10nA: 200.0
2021-04-21 19:29:38.426313: I tensorflow/compiler/jit/xla_gpu_device.cc:99] Not creating XLA devices, tf_xla_enable_xla_devices not set
2021-04-21 19:29:53.542851: I tensorflow/compiler/jit/xla_gpu_device.cc:99] Not creating XLA devices, tf_xla_enable_xla_devices not set
mse and spike frequency: 0.11775 0.0
[32m[I 2021-04-21 19:30:08,528][0m Trial 86 finished with values: [0.11775, 0.0] with parameters: {'Vahp': -59.0, 'Vth': -58.0, 'Vmax': 16.5, 't_ref': 3.5, 'R': 0.7000000000000001, 'tau_m': 187.0, 'R_adp': 1.0, 'tau_w': 19.0, 'a': 138.5, 'rate_low': 1.5, 'rate_high': 18.0}.[0m
2021-04-21 19:30:09.078038: I tensorflow/compiler/jit/xla_gpu_device.cc:99] Not creating XLA devices, tf_xla_enable_xla_devices not set
maxFreq at 10nA: 1000.0
2021-04-21 19:30:36.961769: I tensorflow/compiler/jit/xla_gpu_device.cc:99] Not creating XLA devices, tf_xla_enable_xla_devices not set
2021-04-21 19:30:52.330124: I tensorflow/compiler/jit/xla_gpu_device.cc:99] Not creating XLA devices, tf_xla_enable_xla_devices not set
mse and spike frequency: 0.11775 0.0
[32m[I 2021-04-21 19:31:06,932][0m Trial 87 finished with values: [0.11775, 0.0] with parameters: {'Vahp': -41.5, 'Vth': -55.0, 'Vmax': 37.5, 't_ref': 9.5, 'R': 0.5, 'tau_m': 101.5, 'R_adp': 0.5, 'tau_w': 337.5, 'a': 451.5, 'rate_low': 30.0, 'rate_high': 40.5}.[0m
2021-04-21 19:31:07.486544: I tensorflow/compiler/jit/xla_gpu_device.cc:99] Not creating XLA devices, tf_xla_enable_xla_devices not set
maxFreq at 10nA: 999.0
2021-04-21 19:31:35.608229: I tensorflow/compiler/jit/xla_gpu_device.cc:99] Not creating XLA devices, tf_xla_enable_xla_devices not set
2021-04-21 19:31:51.294838: I tensorflow/compiler/jit/xla_gpu_device.cc:99] Not creating XLA devices, tf_xla_enable_xla_devices not set
mse and spike frequency: 0.11775 0.0
[32m[I 2021-04-21 19:32:06,198][0m Trial 88 finished with values: [0.11775, 0.0] with parameters: {'Vahp': -22.0, 'Vth': -46.0, 'Vmax': 11.5, 't_ref': 16.0, 'R': 0.5, 'tau_m': 479.0, 'R_adp': 0.8, 'tau_w': 415.5, 'a': 90.5, 'rate_low': 30.0, 'rate_high': 35.5}.[0m
2021-04-21 19:32:06.782368: I tensorflow/compiler/jit/xla_gpu_device.cc:99] Not creating XLA devices, tf_xla_enable_xla_devices not set
maxFreq at 10nA: 100.0
2021-04-21 19:32:34.959510: I tensorflow/compiler/jit/xla_gpu_device.cc:99] Not creating XLA devices, tf_xla_enable_xla_devices not set
2021-04-21 19:32:51.083035: I tensorflow/compiler/jit/xla_gpu_device.cc:99] Not creating XLA devices, tf_xla_enable_xla_devices not set
mse and spike frequency: 0.00063 22.06
[32m[I 2021-04-21 19:33:06,110][0m Trial 89 finished with values: [0.00063, 22.06] with parameters: {'Vahp': -57.5, 'Vth': -40.5, 'Vmax': 38.0, 't_ref': 8.5, 'R': 0.9, 'tau_m': 284.5, 'R_adp': 0.2, 'tau_w': 94.0, 'a': 105.5, 'rate_low': 33.0, 'rate_high': 40.5}.[0m
2021-04-21 19:33:06.675069: I tensorflow/compiler/jit/xla_gpu_device.cc:99] Not creating XLA devices, tf_xla_enable_xla_devices not set
maxFreq at 10nA: 72.0
2021-04-21 19:33:34.435681: I tensorflow/compiler/jit/xla_gpu_device.cc:99] Not creating XLA devices, tf_xla_enable_xla_devices not set
2021-04-21 19:33:50.624917: I tensorflow/compiler/jit/xla_gpu_device.cc:99] Not creating XLA devices, tf_xla_enable_xla_devices not set
mse and spike frequency: 0.00349 5.57
[32m[I 2021-04-21 19:34:05,497][0m Trial 90 finished with values: [0.00349, 5.57] with parameters: {'Vahp': -59.0, 'Vth': -26.5, 'Vmax': 20.5, 't_ref': 11.5, 'R': 1.0, 'tau_m': 456.0, 'R_adp': 0.9, 'tau_w': 78.0, 'a': 312.5, 'rate_low': 24.5, 'rate_high': 25.5}.[0m
2021-04-21 19:34:06.092776: I tensorflow/compiler/jit/xla_gpu_device.cc:99] Not creating XLA devices, tf_xla_enable_xla_devices not set
maxFreq at 10nA: 1000.0
2021-04-21 19:34:34.816050: I tensorflow/compiler/jit/xla_gpu_device.cc:99] Not creating XLA devices, tf_xla_enable_xla_devices not set
2021-04-21 19:34:51.065615: I tensorflow/compiler/jit/xla_gpu_device.cc:99] Not creating XLA devices, tf_xla_enable_xla_devices not set
mse and spike frequency: 0.11771 1000.1
[32m[I 2021-04-21 19:35:05,871][0m Trial 91 finished with values: [0.11771, 1000.1] with parameters: {'Vahp': -23.0, 'Vth': -59.5, 'Vmax': 10.5, 't_ref': 7.5, 'R': 0.4, 'tau_m': 49.0, 'R_adp': 0.9, 'tau_w': 309.5, 'a': 425.5, 'rate_low': 7.5, 'rate_high': 46.0}.[0m
2021-04-21 19:35:06.581301: I tensorflow/compiler/jit/xla_gpu_device.cc:99] Not creating XLA devices, tf_xla_enable_xla_devices not set
maxFreq at 10nA: 1000.0
2021-04-21 19:35:34.540567: I tensorflow/compiler/jit/xla_gpu_device.cc:99] Not creating XLA devices, tf_xla_enable_xla_devices not set
2021-04-21 19:35:50.919844: I tensorflow/compiler/jit/xla_gpu_device.cc:99] Not creating XLA devices, tf_xla_enable_xla_devices not set
mse and spike frequency: 0.11775 0.0
[32m[I 2021-04-21 19:36:06,321][0m Trial 92 finished with values: [0.11775, 0.0] with parameters: {'Vahp': -31.5, 'Vth': -54.5, 'Vmax': 32.5, 't_ref': 0.5, 'R': 0.4, 'tau_m': 423.0, 'R_adp': 0.7000000000000001, 'tau_w': 37.5, 'a': 422.5, 'rate_low': 25.5, 'rate_high': 26.0}.[0m
2021-04-21 19:36:06.897981: I tensorflow/compiler/jit/xla_gpu_device.cc:99] Not creating XLA devices, tf_xla_enable_xla_devices not set
maxFreq at 10nA: 117.0
2021-04-21 19:36:34.969822: I tensorflow/compiler/jit/xla_gpu_device.cc:99] Not creating XLA devices, tf_xla_enable_xla_devices not set
2021-04-21 19:36:51.157069: I tensorflow/compiler/jit/xla_gpu_device.cc:99] Not creating XLA devices, tf_xla_enable_xla_devices not set
mse and spike frequency: 9.96925 5.83
[32m[I 2021-04-21 19:37:06,479][0m Trial 93 finished with values: [9.96925, 5.83] with parameters: {'Vahp': -41.0, 'Vth': -41.0, 'Vmax': 34.0, 't_ref': 6.0, 'R': 0.4, 'tau_m': 49.0, 'R_adp': 0.30000000000000004, 'tau_w': 309.5, 'a': 425.5, 'rate_low': 6.0, 'rate_high': 10.0}.[0m
2021-04-21 19:37:07.060338: I tensorflow/compiler/jit/xla_gpu_device.cc:99] Not creating XLA devices, tf_xla_enable_xla_devices not set
maxFreq at 10nA: 1000.0
2021-04-21 19:37:35.090474: I tensorflow/compiler/jit/xla_gpu_device.cc:99] Not creating XLA devices, tf_xla_enable_xla_devices not set
2021-04-21 19:37:51.162980: I tensorflow/compiler/jit/xla_gpu_device.cc:99] Not creating XLA devices, tf_xla_enable_xla_devices not set
mse and spike frequency: 0.11775 0.0
[32m[I 2021-04-21 19:38:06,719][0m Trial 94 finished with values: [0.11775, 0.0] with parameters: {'Vahp': -26.5, 'Vth': -41.0, 'Vmax': 29.0, 't_ref': 5.0, 'R': 0.30000000000000004, 'tau_m': 104.5, 'R_adp': 0.5, 'tau_w': 203.0, 'a': 316.5, 'rate_low': 21.5, 'rate_high': 30.0}.[0m
2021-04-21 19:38:07.323434: I tensorflow/compiler/jit/xla_gpu_device.cc:99] Not creating XLA devices, tf_xla_enable_xla_devices not set
maxFreq at 10nA: 998.0
2021-04-21 19:38:34.704197: I tensorflow/compiler/jit/xla_gpu_device.cc:99] Not creating XLA devices, tf_xla_enable_xla_devices not set
2021-04-21 19:38:51.300344: I tensorflow/compiler/jit/xla_gpu_device.cc:99] Not creating XLA devices, tf_xla_enable_xla_devices not set
mse and spike frequency: 0.11775 0.0
[32m[I 2021-04-21 19:39:07,694][0m Trial 95 finished with values: [0.11775, 0.0] with parameters: {'Vahp': -47.0, 'Vth': -47.5, 'Vmax': 38.0, 't_ref': 2.5, 'R': 0.2, 'tau_m': 404.5, 'R_adp': 0.1, 'tau_w': 306.5, 'a': 145.5, 'rate_low': 6.5, 'rate_high': 50.0}.[0m
2021-04-21 19:39:08.256074: I tensorflow/compiler/jit/xla_gpu_device.cc:99] Not creating XLA devices, tf_xla_enable_xla_devices not set
maxFreq at 10nA: 97.0
2021-04-21 19:39:36.186116: I tensorflow/compiler/jit/xla_gpu_device.cc:99] Not creating XLA devices, tf_xla_enable_xla_devices not set
2021-04-21 19:39:52.909650: I tensorflow/compiler/jit/xla_gpu_device.cc:99] Not creating XLA devices, tf_xla_enable_xla_devices not set
mse and spike frequency: 0.03863 2.31
[32m[I 2021-04-21 19:40:09,290][0m Trial 96 finished with values: [0.03863, 2.31] with parameters: {'Vahp': -53.5, 'Vth': -41.0, 'Vmax': 27.5, 't_ref': 3.0, 'R': 0.2, 'tau_m': 365.5, 'R_adp': 0.8, 'tau_w': 133.5, 'a': 141.0, 'rate_low': 22.0, 'rate_high': 47.5}.[0m
2021-04-21 19:40:09.829217: I tensorflow/compiler/jit/xla_gpu_device.cc:99] Not creating XLA devices, tf_xla_enable_xla_devices not set
maxFreq at 10nA: 1000.0
2021-04-21 19:40:37.598134: I tensorflow/compiler/jit/xla_gpu_device.cc:99] Not creating XLA devices, tf_xla_enable_xla_devices not set
2021-04-21 19:40:54.534153: I tensorflow/compiler/jit/xla_gpu_device.cc:99] Not creating XLA devices, tf_xla_enable_xla_devices not set
mse and spike frequency: 0.11775 0.0
[32m[I 2021-04-21 19:41:11,218][0m Trial 97 finished with values: [0.11775, 0.0] with parameters: {'Vahp': -41.0, 'Vth': -55.0, 'Vmax': 11.5, 't_ref': 9.5, 'R': 0.8, 'tau_m': 423.5, 'R_adp': 0.8, 'tau_w': 300.0, 'a': 238.0, 'rate_low': 30.0, 'rate_high': 48.0}.[0m
2021-04-21 19:41:11.746722: I tensorflow/compiler/jit/xla_gpu_device.cc:99] Not creating XLA devices, tf_xla_enable_xla_devices not set
maxFreq at 10nA: 500.0
2021-04-21 19:41:39.873526: I tensorflow/compiler/jit/xla_gpu_device.cc:99] Not creating XLA devices, tf_xla_enable_xla_devices not set
2021-04-21 19:41:57.045023: I tensorflow/compiler/jit/xla_gpu_device.cc:99] Not creating XLA devices, tf_xla_enable_xla_devices not set
mse and spike frequency: 0.00032 22.13
[32m[I 2021-04-21 19:42:13,759][0m Trial 98 finished with values: [0.00032, 22.13] with parameters: {'Vahp': -57.5, 'Vth': -54.5, 'Vmax': 32.5, 't_ref': 0.5, 'R': 0.6, 'tau_m': 423.0, 'R_adp': 0.7000000000000001, 'tau_w': 31.0, 'a': 105.5, 'rate_low': 21.0, 'rate_high': 26.0}.[0m
2021-04-21 19:42:14.294474: I tensorflow/compiler/jit/xla_gpu_device.cc:99] Not creating XLA devices, tf_xla_enable_xla_devices not set
maxFreq at 10nA: 53.0
2021-04-21 19:42:42.777242: I tensorflow/compiler/jit/xla_gpu_device.cc:99] Not creating XLA devices, tf_xla_enable_xla_devices not set
2021-04-21 19:43:00.474154: I tensorflow/compiler/jit/xla_gpu_device.cc:99] Not creating XLA devices, tf_xla_enable_xla_devices not set
mse and spike frequency: 1.18691 12.11
[32m[I 2021-04-21 19:43:17,633][0m Trial 99 finished with values: [1.18691, 12.11] with parameters: {'Vahp': -51.5, 'Vth': -40.0, 'Vmax': 34.5, 't_ref': 17.5, 'R': 0.5, 'tau_m': 15.0, 'R_adp': 0.7000000000000001, 'tau_w': 277.0, 'a': 65.5, 'rate_low': 34.0, 'rate_high': 6.0}.[0m
2021-04-21 19:43:18.257680: I tensorflow/compiler/jit/xla_gpu_device.cc:99] Not creating XLA devices, tf_xla_enable_xla_devices not set
maxFreq at 10nA: 55.0
2021-04-21 19:43:46.476901: I tensorflow/compiler/jit/xla_gpu_device.cc:99] Not creating XLA devices, tf_xla_enable_xla_devices not set
2021-04-21 19:44:04.545492: I tensorflow/compiler/jit/xla_gpu_device.cc:99] Not creating XLA devices, tf_xla_enable_xla_devices not set
mse and spike frequency: 0.12598 0.63
[32m[I 2021-04-21 19:44:22,318][0m Trial 100 finished with values: [0.12598, 0.63] with parameters: {'Vahp': -59.0, 'Vth': -47.5, 'Vmax': 38.0, 't_ref': 3.5, 'R': 0.1, 'tau_m': 404.5, 'R_adp': 1.0, 'tau_w': 177.5, 'a': 79.5, 'rate_low': 1.5, 'rate_high': 50.0}.[0m
2021-04-21 19:44:22.916176: I tensorflow/compiler/jit/xla_gpu_device.cc:99] Not creating XLA devices, tf_xla_enable_xla_devices not set
maxFreq at 10nA: 1000.0
2021-04-21 19:44:51.522801: I tensorflow/compiler/jit/xla_gpu_device.cc:99] Not creating XLA devices, tf_xla_enable_xla_devices not set
2021-04-21 19:45:09.505474: I tensorflow/compiler/jit/xla_gpu_device.cc:99] Not creating XLA devices, tf_xla_enable_xla_devices not set
mse and spike frequency: 0.11775 0.0
[32m[I 2021-04-21 19:45:27,261][0m Trial 101 finished with values: [0.11775, 0.0] with parameters: {'Vahp': -44.5, 'Vth': -55.0, 'Vmax': 18.5, 't_ref': 5.0, 'R': 0.30000000000000004, 'tau_m': 423.5, 'R_adp': 0.8, 'tau_w': 203.0, 'a': 141.0, 'rate_low': 21.5, 'rate_high': 45.0}.[0m
2021-04-21 19:45:27.886897: I tensorflow/compiler/jit/xla_gpu_device.cc:99] Not creating XLA devices, tf_xla_enable_xla_devices not set
maxFreq at 10nA: 112.0
2021-04-21 19:45:56.513903: I tensorflow/compiler/jit/xla_gpu_device.cc:99] Not creating XLA devices, tf_xla_enable_xla_devices not set
2021-04-21 19:46:14.013519: I tensorflow/compiler/jit/xla_gpu_device.cc:99] Not creating XLA devices, tf_xla_enable_xla_devices not set
mse and spike frequency: 0.01872 3.14
[32m[I 2021-04-21 19:46:31,105][0m Trial 102 finished with values: [0.01872, 3.14] with parameters: {'Vahp': -46.5, 'Vth': -23.0, 'Vmax': 28.5, 't_ref': 6.5, 'R': 1.0, 'tau_m': 419.5, 'R_adp': 0.7000000000000001, 'tau_w': 392.0, 'a': 26.5, 'rate_low': 6.5, 'rate_high': 12.0}.[0m
2021-04-21 19:46:31.717224: I tensorflow/compiler/jit/xla_gpu_device.cc:99] Not creating XLA devices, tf_xla_enable_xla_devices not set
maxFreq at 10nA: 1000.0
2021-04-21 19:47:00.205446: I tensorflow/compiler/jit/xla_gpu_device.cc:99] Not creating XLA devices, tf_xla_enable_xla_devices not set
2021-04-21 19:47:17.767974: I tensorflow/compiler/jit/xla_gpu_device.cc:99] Not creating XLA devices, tf_xla_enable_xla_devices not set
mse and spike frequency: 0.11775 0.0
[32m[I 2021-04-21 19:47:34,249][0m Trial 103 finished with values: [0.11775, 0.0] with parameters: {'Vahp': -22.0, 'Vth': -54.5, 'Vmax': 32.5, 't_ref': 6.5, 'R': 0.4, 'tau_m': 318.0, 'R_adp': 0.7000000000000001, 'tau_w': 392.0, 'a': 9.5, 'rate_low': 6.5, 'rate_high': 26.0}.[0m
2021-04-21 19:47:34.878161: I tensorflow/compiler/jit/xla_gpu_device.cc:99] Not creating XLA devices, tf_xla_enable_xla_devices not set
maxFreq at 10nA: 500.0
2021-04-21 19:48:03.471011: I tensorflow/compiler/jit/xla_gpu_device.cc:99] Not creating XLA devices, tf_xla_enable_xla_devices not set
2021-04-21 19:48:20.507058: I tensorflow/compiler/jit/xla_gpu_device.cc:99] Not creating XLA devices, tf_xla_enable_xla_devices not set
mse and spike frequency: 0.00252 51.02
[32m[I 2021-04-21 19:48:37,047][0m Trial 104 finished with values: [0.00252, 51.02] with parameters: {'Vahp': -31.5, 'Vth': -26.5, 'Vmax': 27.0, 't_ref': 0.5, 'R': 0.4, 'tau_m': 104.5, 'R_adp': 0.5, 'tau_w': 203.0, 'a': 7.5, 'rate_low': 25.5, 'rate_high': 26.0}.[0m
2021-04-21 19:48:37.611076: I tensorflow/compiler/jit/xla_gpu_device.cc:99] Not creating XLA devices, tf_xla_enable_xla_devices not set
maxFreq at 10nA: 91.0
2021-04-21 19:49:06.656894: I tensorflow/compiler/jit/xla_gpu_device.cc:99] Not creating XLA devices, tf_xla_enable_xla_devices not set
2021-04-21 19:49:23.249497: I tensorflow/compiler/jit/xla_gpu_device.cc:99] Not creating XLA devices, tf_xla_enable_xla_devices not set
mse and spike frequency: 0.00438 2.71
[32m[I 2021-04-21 19:49:39,643][0m Trial 105 finished with values: [0.00438, 2.71] with parameters: {'Vahp': -46.5, 'Vth': -31.0, 'Vmax': 28.5, 't_ref': 10.0, 'R': 1.0, 'tau_m': 419.5, 'R_adp': 0.30000000000000004, 'tau_w': 392.0, 'a': 26.5, 'rate_low': 6.5, 'rate_high': 12.0}.[0m
2021-04-21 19:49:40.198808: I tensorflow/compiler/jit/xla_gpu_device.cc:99] Not creating XLA devices, tf_xla_enable_xla_devices not set
maxFreq at 10nA: 77.0
2021-04-21 19:50:09.428995: I tensorflow/compiler/jit/xla_gpu_device.cc:99] Not creating XLA devices, tf_xla_enable_xla_devices not set
2021-04-21 19:50:26.479543: I tensorflow/compiler/jit/xla_gpu_device.cc:99] Not creating XLA devices, tf_xla_enable_xla_devices not set
mse and spike frequency: 0.05652 5.14
[32m[I 2021-04-21 19:50:43,005][0m Trial 106 finished with values: [0.05652, 5.14] with parameters: {'Vahp': -47.5, 'Vth': -41.0, 'Vmax': 16.5, 't_ref': 11.5, 'R': 0.5, 'tau_m': 365.5, 'R_adp': 0.5, 'tau_w': 133.5, 'a': 312.5, 'rate_low': 22.0, 'rate_high': 47.5}.[0m
2021-04-21 19:50:43.561246: I tensorflow/compiler/jit/xla_gpu_device.cc:99] Not creating XLA devices, tf_xla_enable_xla_devices not set
maxFreq at 10nA: 77.0
2021-04-21 19:51:12.883618: I tensorflow/compiler/jit/xla_gpu_device.cc:99] Not creating XLA devices, tf_xla_enable_xla_devices not set
2021-04-21 19:51:30.169330: I tensorflow/compiler/jit/xla_gpu_device.cc:99] Not creating XLA devices, tf_xla_enable_xla_devices not set
mse and spike frequency: 0.01773 2.35
[32m[I 2021-04-21 19:51:47,295][0m Trial 107 finished with values: [0.01773, 2.35] with parameters: {'Vahp': -46.5, 'Vth': -23.0, 'Vmax': 14.0, 't_ref': 10.0, 'R': 0.5, 'tau_m': 479.0, 'R_adp': 0.6, 'tau_w': 392.0, 'a': 26.5, 'rate_low': 13.0, 'rate_high': 12.0}.[0m
2021-04-21 19:51:47.974205: I tensorflow/compiler/jit/xla_gpu_device.cc:99] Not creating XLA devices, tf_xla_enable_xla_devices not set
maxFreq at 10nA: 1000.0
2021-04-21 19:52:17.533136: I tensorflow/compiler/jit/xla_gpu_device.cc:99] Not creating XLA devices, tf_xla_enable_xla_devices not set
2021-04-21 19:52:34.841879: I tensorflow/compiler/jit/xla_gpu_device.cc:99] Not creating XLA devices, tf_xla_enable_xla_devices not set
mse and spike frequency: 0.11775 0.0
[32m[I 2021-04-21 19:52:51,999][0m Trial 108 finished with values: [0.11775, 0.0] with parameters: {'Vahp': -31.5, 'Vth': -51.0, 'Vmax': 12.0, 't_ref': 8.0, 'R': 0.5, 'tau_m': 107.5, 'R_adp': 0.9, 'tau_w': 277.0, 'a': 65.5, 'rate_low': 31.5, 'rate_high': 34.5}.[0m
2021-04-21 19:52:52.581084: I tensorflow/compiler/jit/xla_gpu_device.cc:99] Not creating XLA devices, tf_xla_enable_xla_devices not set
maxFreq at 10nA: 999.0
2021-04-21 19:53:22.478679: I tensorflow/compiler/jit/xla_gpu_device.cc:99] Not creating XLA devices, tf_xla_enable_xla_devices not set
2021-04-21 19:53:39.925561: I tensorflow/compiler/jit/xla_gpu_device.cc:99] Not creating XLA devices, tf_xla_enable_xla_devices not set
mse and spike frequency: 0.11775 0.0
[32m[I 2021-04-21 19:53:56,604][0m Trial 109 finished with values: [0.11775, 0.0] with parameters: {'Vahp': -36.5, 'Vth': -46.0, 'Vmax': 11.5, 't_ref': 16.0, 'R': 0.30000000000000004, 'tau_m': 479.0, 'R_adp': 0.5, 'tau_w': 78.0, 'a': 298.5, 'rate_low': 22.5, 'rate_high': 48.0}.[0m
2021-04-21 19:53:57.215909: I tensorflow/compiler/jit/xla_gpu_device.cc:99] Not creating XLA devices, tf_xla_enable_xla_devices not set
maxFreq at 10nA: 1000.0
2021-04-21 19:54:27.256328: I tensorflow/compiler/jit/xla_gpu_device.cc:99] Not creating XLA devices, tf_xla_enable_xla_devices not set
2021-04-21 19:54:44.758982: I tensorflow/compiler/jit/xla_gpu_device.cc:99] Not creating XLA devices, tf_xla_enable_xla_devices not set
mse and spike frequency: 0.11775 0.0
[32m[I 2021-04-21 19:55:01,650][0m Trial 110 finished with values: [0.11775, 0.0] with parameters: {'Vahp': -23.0, 'Vth': -51.0, 'Vmax': 34.5, 't_ref': 6.5, 'R': 0.5, 'tau_m': 70.5, 'R_adp': 0.9, 'tau_w': 277.0, 'a': 65.5, 'rate_low': 2.0, 'rate_high': 6.0}.[0m
2021-04-21 19:55:02.274747: I tensorflow/compiler/jit/xla_gpu_device.cc:99] Not creating XLA devices, tf_xla_enable_xla_devices not set
maxFreq at 10nA: 999.0
2021-04-21 19:55:31.978139: I tensorflow/compiler/jit/xla_gpu_device.cc:99] Not creating XLA devices, tf_xla_enable_xla_devices not set
2021-04-21 19:55:49.854791: I tensorflow/compiler/jit/xla_gpu_device.cc:99] Not creating XLA devices, tf_xla_enable_xla_devices not set
mse and spike frequency: 0.11775 0.0
[32m[I 2021-04-21 19:56:07,012][0m Trial 111 finished with values: [0.11775, 0.0] with parameters: {'Vahp': -30.5, 'Vth': -34.5, 'Vmax': 19.5, 't_ref': 8.5, 'R': 0.9, 'tau_m': 448.0, 'R_adp': 0.2, 'tau_w': 94.0, 'a': 286.0, 'rate_low': 33.0, 'rate_high': 40.5}.[0m
2021-04-21 19:56:07.595857: I tensorflow/compiler/jit/xla_gpu_device.cc:99] Not creating XLA devices, tf_xla_enable_xla_devices not set
maxFreq at 10nA: 999.0
2021-04-21 19:56:38.274121: I tensorflow/compiler/jit/xla_gpu_device.cc:99] Not creating XLA devices, tf_xla_enable_xla_devices not set
2021-04-21 19:56:56.275741: I tensorflow/compiler/jit/xla_gpu_device.cc:99] Not creating XLA devices, tf_xla_enable_xla_devices not set
mse and spike frequency: 0.11775 0.0
[32m[I 2021-04-21 19:57:13,499][0m Trial 112 finished with values: [0.11775, 0.0] with parameters: {'Vahp': -26.5, 'Vth': -41.0, 'Vmax': 34.0, 't_ref': 8.5, 'R': 0.1, 'tau_m': 82.0, 'R_adp': 0.9, 'tau_w': 277.0, 'a': 65.5, 'rate_low': 21.5, 'rate_high': 33.0}.[0m
2021-04-21 19:57:14.092224: I tensorflow/compiler/jit/xla_gpu_device.cc:99] Not creating XLA devices, tf_xla_enable_xla_devices not set
maxFreq at 10nA: 999.0
2021-04-21 19:57:44.483972: I tensorflow/compiler/jit/xla_gpu_device.cc:99] Not creating XLA devices, tf_xla_enable_xla_devices not set
2021-04-21 19:58:02.434027: I tensorflow/compiler/jit/xla_gpu_device.cc:99] Not creating XLA devices, tf_xla_enable_xla_devices not set
mse and spike frequency: 0.11775 0.0
