[32m[I 2021-04-21 22:00:50,030][0m Trial 200 finished with values: [0.11775, 0.0] with parameters: {'Vahp': -26.0, 'Vth': -45.5, 'Vmax': 12.5, 't_ref': 19.5, 'R': 0.2, 'tau_m': 81.5, 'R_adp': 0.2, 'tau_w': 63.0, 'a': 386.0, 'rate_low': 6.5, 'rate_high': 49.5}.[0m
2021-04-21 22:00:50.827736: I tensorflow/compiler/jit/xla_gpu_device.cc:99] Not creating XLA devices, tf_xla_enable_xla_devices not set
maxFreq at 10nA: 998.0
2021-04-21 22:01:32.331856: I tensorflow/compiler/jit/xla_gpu_device.cc:99] Not creating XLA devices, tf_xla_enable_xla_devices not set
2021-04-21 22:02:02.048278: I tensorflow/compiler/jit/xla_gpu_device.cc:99] Not creating XLA devices, tf_xla_enable_xla_devices not set
mse and spike frequency: 0.11775 0.0
[32m[I 2021-04-21 22:02:31,152][0m Trial 201 finished with values: [0.11775, 0.0] with parameters: {'Vahp': -35.5, 'Vth': -46.5, 'Vmax': 31.0, 't_ref': 17.0, 'R': 0.2, 'tau_m': 484.0, 'R_adp': 0.9, 'tau_w': 63.0, 'a': 429.0, 'rate_low': 33.5, 'rate_high': 25.5}.[0m
2021-04-21 22:02:31.975508: I tensorflow/compiler/jit/xla_gpu_device.cc:99] Not creating XLA devices, tf_xla_enable_xla_devices not set
maxFreq at 10nA: 1000.0
2021-04-21 22:03:13.442146: I tensorflow/compiler/jit/xla_gpu_device.cc:99] Not creating XLA devices, tf_xla_enable_xla_devices not set
2021-04-21 22:03:43.040680: I tensorflow/compiler/jit/xla_gpu_device.cc:99] Not creating XLA devices, tf_xla_enable_xla_devices not set
mse and spike frequency: 0.11775 0.0
[32m[I 2021-04-21 22:04:11,934][0m Trial 202 finished with values: [0.11775, 0.0] with parameters: {'Vahp': -29.5, 'Vth': -46.5, 'Vmax': 25.0, 't_ref': 18.5, 'R': 1.0, 'tau_m': 484.0, 'R_adp': 0.2, 'tau_w': 76.5, 'a': 429.0, 'rate_low': 43.0, 'rate_high': 25.0}.[0m
2021-04-21 22:04:12.710185: I tensorflow/compiler/jit/xla_gpu_device.cc:99] Not creating XLA devices, tf_xla_enable_xla_devices not set
maxFreq at 10nA: 998.0
2021-04-21 22:04:54.163344: I tensorflow/compiler/jit/xla_gpu_device.cc:99] Not creating XLA devices, tf_xla_enable_xla_devices not set
2021-04-21 22:05:24.004647: I tensorflow/compiler/jit/xla_gpu_device.cc:99] Not creating XLA devices, tf_xla_enable_xla_devices not set
mse and spike frequency: 0.11775 0.0
[32m[I 2021-04-21 22:05:53,161][0m Trial 203 finished with values: [0.11775, 0.0] with parameters: {'Vahp': -20.0, 'Vth': -53.0, 'Vmax': 25.5, 't_ref': 10.5, 'R': 0.1, 'tau_m': 481.0, 'R_adp': 0.30000000000000004, 'tau_w': 339.0, 'a': 269.0, 'rate_low': 23.0, 'rate_high': 47.0}.[0m
2021-04-21 22:05:53.953518: I tensorflow/compiler/jit/xla_gpu_device.cc:99] Not creating XLA devices, tf_xla_enable_xla_devices not set
maxFreq at 10nA: 999.0
2021-04-21 22:06:35.342990: I tensorflow/compiler/jit/xla_gpu_device.cc:99] Not creating XLA devices, tf_xla_enable_xla_devices not set
2021-04-21 22:07:05.189949: I tensorflow/compiler/jit/xla_gpu_device.cc:99] Not creating XLA devices, tf_xla_enable_xla_devices not set
mse and spike frequency: 0.11775 0.0
[32m[I 2021-04-21 22:07:34,707][0m Trial 204 finished with values: [0.11775, 0.0] with parameters: {'Vahp': -21.5, 'Vth': -38.0, 'Vmax': 34.5, 't_ref': 17.0, 'R': 0.6, 'tau_m': 475.0, 'R_adp': 0.9, 'tau_w': 75.0, 'a': 307.0, 'rate_low': 5.5, 'rate_high': 49.5}.[0m
2021-04-21 22:07:35.534914: I tensorflow/compiler/jit/xla_gpu_device.cc:99] Not creating XLA devices, tf_xla_enable_xla_devices not set
maxFreq at 10nA: 54.0
2021-04-21 22:08:17.016837: I tensorflow/compiler/jit/xla_gpu_device.cc:99] Not creating XLA devices, tf_xla_enable_xla_devices not set
2021-04-21 22:08:47.246864: I tensorflow/compiler/jit/xla_gpu_device.cc:99] Not creating XLA devices, tf_xla_enable_xla_devices not set
mse and spike frequency: 8.52733 6.37
[32m[I 2021-04-21 22:09:16,880][0m Trial 205 finished with values: [8.52733, 6.37] with parameters: {'Vahp': -40.5, 'Vth': -39.0, 'Vmax': 31.0, 't_ref': 17.0, 'R': 0.1, 'tau_m': 225.0, 'R_adp': 0.9, 'tau_w': 265.0, 'a': 66.0, 'rate_low': 27.5, 'rate_high': 45.0}.[0m
2021-04-21 22:09:17.654550: I tensorflow/compiler/jit/xla_gpu_device.cc:99] Not creating XLA devices, tf_xla_enable_xla_devices not set
maxFreq at 10nA: 1000.0
2021-04-21 22:09:59.022926: I tensorflow/compiler/jit/xla_gpu_device.cc:99] Not creating XLA devices, tf_xla_enable_xla_devices not set
2021-04-21 22:10:30.009228: I tensorflow/compiler/jit/xla_gpu_device.cc:99] Not creating XLA devices, tf_xla_enable_xla_devices not set
mse and spike frequency: 0.11775 0.0
[32m[I 2021-04-21 22:11:00,202][0m Trial 206 finished with values: [0.11775, 0.0] with parameters: {'Vahp': -20.0, 'Vth': -51.0, 'Vmax': 25.5, 't_ref': 3.0, 'R': 0.1, 'tau_m': 14.0, 'R_adp': 0.5, 'tau_w': 148.0, 'a': 93.0, 'rate_low': 35.5, 'rate_high': 47.5}.[0m
2021-04-21 22:11:00.992244: I tensorflow/compiler/jit/xla_gpu_device.cc:99] Not creating XLA devices, tf_xla_enable_xla_devices not set
maxFreq at 10nA: 1000.0
2021-04-21 22:11:41.993428: I tensorflow/compiler/jit/xla_gpu_device.cc:99] Not creating XLA devices, tf_xla_enable_xla_devices not set
2021-04-21 22:12:13.589478: I tensorflow/compiler/jit/xla_gpu_device.cc:99] Not creating XLA devices, tf_xla_enable_xla_devices not set
mse and spike frequency: 0.11775 0.0
[32m[I 2021-04-21 22:12:44,719][0m Trial 207 finished with values: [0.11775, 0.0] with parameters: {'Vahp': -20.0, 'Vth': -53.0, 'Vmax': 25.5, 't_ref': 11.5, 'R': 0.9, 'tau_m': 481.0, 'R_adp': 0.4, 'tau_w': 75.0, 'a': 5.5, 'rate_low': 37.5, 'rate_high': 47.0}.[0m
2021-04-21 22:12:45.509560: I tensorflow/compiler/jit/xla_gpu_device.cc:99] Not creating XLA devices, tf_xla_enable_xla_devices not set
maxFreq at 10nA: 1000.0
2021-04-21 22:13:26.100486: I tensorflow/compiler/jit/xla_gpu_device.cc:99] Not creating XLA devices, tf_xla_enable_xla_devices not set
2021-04-21 22:13:59.005482: I tensorflow/compiler/jit/xla_gpu_device.cc:99] Not creating XLA devices, tf_xla_enable_xla_devices not set
mse and spike frequency: 0.11775 0.0
[32m[I 2021-04-21 22:14:29,789][0m Trial 208 finished with values: [0.11775, 0.0] with parameters: {'Vahp': -40.5, 'Vth': -55.0, 'Vmax': 10.0, 't_ref': 17.0, 'R': 1.0, 'tau_m': 81.5, 'R_adp': 0.9, 'tau_w': 265.0, 'a': 66.0, 'rate_low': 6.5, 'rate_high': 45.0}.[0m
2021-04-21 22:14:30.652712: I tensorflow/compiler/jit/xla_gpu_device.cc:99] Not creating XLA devices, tf_xla_enable_xla_devices not set
maxFreq at 10nA: 998.0
2021-04-21 22:15:11.537854: I tensorflow/compiler/jit/xla_gpu_device.cc:99] Not creating XLA devices, tf_xla_enable_xla_devices not set
2021-04-21 22:15:44.227717: I tensorflow/compiler/jit/xla_gpu_device.cc:99] Not creating XLA devices, tf_xla_enable_xla_devices not set
mse and spike frequency: 0.11775 0.0
[32m[I 2021-04-21 22:16:14,739][0m Trial 209 finished with values: [0.11775, 0.0] with parameters: {'Vahp': -20.0, 'Vth': -46.5, 'Vmax': 25.5, 't_ref': 4.0, 'R': 0.2, 'tau_m': 481.0, 'R_adp': 0.6, 'tau_w': 76.5, 'a': 396.0, 'rate_low': 24.5, 'rate_high': 42.5}.[0m
2021-04-21 22:16:15.710237: I tensorflow/compiler/jit/xla_gpu_device.cc:99] Not creating XLA devices, tf_xla_enable_xla_devices not set
maxFreq at 10nA: 999.0
2021-04-21 22:16:56.398827: I tensorflow/compiler/jit/xla_gpu_device.cc:99] Not creating XLA devices, tf_xla_enable_xla_devices not set
2021-04-21 22:17:29.085496: I tensorflow/compiler/jit/xla_gpu_device.cc:99] Not creating XLA devices, tf_xla_enable_xla_devices not set
mse and spike frequency: 0.11775 0.0
[32m[I 2021-04-21 22:18:00,086][0m Trial 210 finished with values: [0.11775, 0.0] with parameters: {'Vahp': -29.5, 'Vth': -34.0, 'Vmax': 20.0, 't_ref': 18.5, 'R': 1.0, 'tau_m': 484.0, 'R_adp': 0.8, 'tau_w': 76.5, 'a': 429.0, 'rate_low': 43.0, 'rate_high': 42.0}.[0m
2021-04-21 22:18:00.942166: I tensorflow/compiler/jit/xla_gpu_device.cc:99] Not creating XLA devices, tf_xla_enable_xla_devices not set
maxFreq at 10nA: 1000.0
2021-04-21 22:18:41.845545: I tensorflow/compiler/jit/xla_gpu_device.cc:99] Not creating XLA devices, tf_xla_enable_xla_devices not set
2021-04-21 22:19:15.173512: I tensorflow/compiler/jit/xla_gpu_device.cc:99] Not creating XLA devices, tf_xla_enable_xla_devices not set
mse and spike frequency: 0.11775 0.0
[32m[I 2021-04-21 22:19:47,045][0m Trial 211 finished with values: [0.11775, 0.0] with parameters: {'Vahp': -24.0, 'Vth': -39.0, 'Vmax': 23.5, 't_ref': 13.5, 'R': 0.9, 'tau_m': 225.0, 'R_adp': 0.8, 'tau_w': 406.5, 'a': 57.5, 'rate_low': 38.5, 'rate_high': 50.0}.[0m
2021-04-21 22:19:47.960415: I tensorflow/compiler/jit/xla_gpu_device.cc:99] Not creating XLA devices, tf_xla_enable_xla_devices not set
maxFreq at 10nA: 1000.0
2021-04-21 22:20:28.862052: I tensorflow/compiler/jit/xla_gpu_device.cc:99] Not creating XLA devices, tf_xla_enable_xla_devices not set
2021-04-21 22:21:02.899730: I tensorflow/compiler/jit/xla_gpu_device.cc:99] Not creating XLA devices, tf_xla_enable_xla_devices not set
mse and spike frequency: 0.11775 0.0
[32m[I 2021-04-21 22:21:35,973][0m Trial 212 finished with values: [0.11775, 0.0] with parameters: {'Vahp': -40.0, 'Vth': -49.5, 'Vmax': 10.0, 't_ref': 8.5, 'R': 1.0, 'tau_m': 371.0, 'R_adp': 0.1, 'tau_w': 424.5, 'a': 124.5, 'rate_low': 22.5, 'rate_high': 45.5}.[0m
2021-04-21 22:21:36.857286: I tensorflow/compiler/jit/xla_gpu_device.cc:99] Not creating XLA devices, tf_xla_enable_xla_devices not set
maxFreq at 10nA: 1000.0
2021-04-21 22:22:18.910952: I tensorflow/compiler/jit/xla_gpu_device.cc:99] Not creating XLA devices, tf_xla_enable_xla_devices not set
2021-04-21 22:22:53.262614: I tensorflow/compiler/jit/xla_gpu_device.cc:99] Not creating XLA devices, tf_xla_enable_xla_devices not set
mse and spike frequency: 0.11775 0.0
[32m[I 2021-04-21 22:23:26,312][0m Trial 213 finished with values: [0.11775, 0.0] with parameters: {'Vahp': -28.5, 'Vth': -48.5, 'Vmax': 15.0, 't_ref': 14.5, 'R': 0.30000000000000004, 'tau_m': 182.0, 'R_adp': 0.5, 'tau_w': 229.0, 'a': 263.0, 'rate_low': 19.0, 'rate_high': 47.0}.[0m
2021-04-21 22:23:27.161156: I tensorflow/compiler/jit/xla_gpu_device.cc:99] Not creating XLA devices, tf_xla_enable_xla_devices not set
maxFreq at 10nA: 1000.0
2021-04-21 22:24:08.981009: I tensorflow/compiler/jit/xla_gpu_device.cc:99] Not creating XLA devices, tf_xla_enable_xla_devices not set
2021-04-21 22:24:43.250024: I tensorflow/compiler/jit/xla_gpu_device.cc:99] Not creating XLA devices, tf_xla_enable_xla_devices not set
mse and spike frequency: 0.11775 0.0
[32m[I 2021-04-21 22:25:15,731][0m Trial 214 finished with values: [0.11775, 0.0] with parameters: {'Vahp': -40.5, 'Vth': -57.0, 'Vmax': 26.0, 't_ref': 18.0, 'R': 0.1, 'tau_m': 261.5, 'R_adp': 1.0, 'tau_w': 407.0, 'a': 66.0, 'rate_low': 6.5, 'rate_high': 45.0}.[0m
2021-04-21 22:25:16.581029: I tensorflow/compiler/jit/xla_gpu_device.cc:99] Not creating XLA devices, tf_xla_enable_xla_devices not set
maxFreq at 10nA: 1000.0
2021-04-21 22:25:58.702906: I tensorflow/compiler/jit/xla_gpu_device.cc:99] Not creating XLA devices, tf_xla_enable_xla_devices not set
2021-04-21 22:26:32.400871: I tensorflow/compiler/jit/xla_gpu_device.cc:99] Not creating XLA devices, tf_xla_enable_xla_devices not set
mse and spike frequency: 0.11775 0.0
[32m[I 2021-04-21 22:27:04,726][0m Trial 215 finished with values: [0.11775, 0.0] with parameters: {'Vahp': -48.0, 'Vth': -50.5, 'Vmax': 17.5, 't_ref': 5.0, 'R': 0.2, 'tau_m': 129.0, 'R_adp': 0.2, 'tau_w': 151.0, 'a': 370.0, 'rate_low': 43.5, 'rate_high': 23.0}.[0m
2021-04-21 22:27:05.590306: I tensorflow/compiler/jit/xla_gpu_device.cc:99] Not creating XLA devices, tf_xla_enable_xla_devices not set
maxFreq at 10nA: 1000.0
2021-04-21 22:27:47.787696: I tensorflow/compiler/jit/xla_gpu_device.cc:99] Not creating XLA devices, tf_xla_enable_xla_devices not set
2021-04-21 22:28:20.039866: I tensorflow/compiler/jit/xla_gpu_device.cc:99] Not creating XLA devices, tf_xla_enable_xla_devices not set
mse and spike frequency: 0.11775 0.0
[32m[I 2021-04-21 22:28:51,495][0m Trial 216 finished with values: [0.11775, 0.0] with parameters: {'Vahp': -20.0, 'Vth': -53.0, 'Vmax': 36.5, 't_ref': 11.5, 'R': 0.9, 'tau_m': 481.0, 'R_adp': 0.30000000000000004, 'tau_w': 20.5, 'a': 255.5, 'rate_low': 21.5, 'rate_high': 47.0}.[0m
2021-04-21 22:28:52.359764: I tensorflow/compiler/jit/xla_gpu_device.cc:99] Not creating XLA devices, tf_xla_enable_xla_devices not set
maxFreq at 10nA: 1000.0
2021-04-21 22:29:35.079784: I tensorflow/compiler/jit/xla_gpu_device.cc:99] Not creating XLA devices, tf_xla_enable_xla_devices not set
2021-04-21 22:30:07.538697: I tensorflow/compiler/jit/xla_gpu_device.cc:99] Not creating XLA devices, tf_xla_enable_xla_devices not set
mse and spike frequency: 0.11775 0.0
[32m[I 2021-04-21 22:30:39,110][0m Trial 217 finished with values: [0.11775, 0.0] with parameters: {'Vahp': -37.5, 'Vth': -53.0, 'Vmax': 34.5, 't_ref': 14.5, 'R': 1.0, 'tau_m': 475.0, 'R_adp': 0.1, 'tau_w': 75.0, 'a': 72.0, 'rate_low': 38.5, 'rate_high': 47.5}.[0m
2021-04-21 22:30:40.010104: I tensorflow/compiler/jit/xla_gpu_device.cc:99] Not creating XLA devices, tf_xla_enable_xla_devices not set
maxFreq at 10nA: 1000.0
2021-04-21 22:31:23.892042: I tensorflow/compiler/jit/xla_gpu_device.cc:99] Not creating XLA devices, tf_xla_enable_xla_devices not set
2021-04-21 22:31:57.289295: I tensorflow/compiler/jit/xla_gpu_device.cc:99] Not creating XLA devices, tf_xla_enable_xla_devices not set
mse and spike frequency: 0.11775 0.0
[32m[I 2021-04-21 22:32:30,005][0m Trial 218 finished with values: [0.11775, 0.0] with parameters: {'Vahp': -40.5, 'Vth': -55.0, 'Vmax': 20.0, 't_ref': 13.0, 'R': 1.0, 'tau_m': 484.0, 'R_adp': 0.2, 'tau_w': 286.5, 'a': 219.5, 'rate_low': 35.0, 'rate_high': 42.0}.[0m
2021-04-21 22:32:30.887359: I tensorflow/compiler/jit/xla_gpu_device.cc:99] Not creating XLA devices, tf_xla_enable_xla_devices not set
maxFreq at 10nA: 999.0
2021-04-21 22:33:14.536538: I tensorflow/compiler/jit/xla_gpu_device.cc:99] Not creating XLA devices, tf_xla_enable_xla_devices not set
2021-04-21 22:33:48.253681: I tensorflow/compiler/jit/xla_gpu_device.cc:99] Not creating XLA devices, tf_xla_enable_xla_devices not set
mse and spike frequency: 0.11775 0.0
[32m[I 2021-04-21 22:34:21,478][0m Trial 219 finished with values: [0.11775, 0.0] with parameters: {'Vahp': -22.5, 'Vth': -34.0, 'Vmax': 12.5, 't_ref': 1.0, 'R': 0.6, 'tau_m': 461.5, 'R_adp': 0.2, 'tau_w': 20.5, 'a': 386.0, 'rate_low': 50.0, 'rate_high': 50.0}.[0m
2021-04-21 22:34:22.353131: I tensorflow/compiler/jit/xla_gpu_device.cc:99] Not creating XLA devices, tf_xla_enable_xla_devices not set
maxFreq at 10nA: 999.0
2021-04-21 22:35:05.389806: I tensorflow/compiler/jit/xla_gpu_device.cc:99] Not creating XLA devices, tf_xla_enable_xla_devices not set
2021-04-21 22:35:38.505015: I tensorflow/compiler/jit/xla_gpu_device.cc:99] Not creating XLA devices, tf_xla_enable_xla_devices not set
mse and spike frequency: 0.11775 0.0
[32m[I 2021-04-21 22:36:11,052][0m Trial 220 finished with values: [0.11775, 0.0] with parameters: {'Vahp': -30.5, 'Vth': -31.0, 'Vmax': 25.0, 't_ref': 17.0, 'R': 0.7000000000000001, 'tau_m': 437.0, 'R_adp': 0.6, 'tau_w': 368.5, 'a': 429.0, 'rate_low': 22.5, 'rate_high': 47.5}.[0m
2021-04-21 22:36:11.893920: I tensorflow/compiler/jit/xla_gpu_device.cc:99] Not creating XLA devices, tf_xla_enable_xla_devices not set
maxFreq at 10nA: 1000.0
2021-04-21 22:36:55.756691: I tensorflow/compiler/jit/xla_gpu_device.cc:99] Not creating XLA devices, tf_xla_enable_xla_devices not set
2021-04-21 22:37:29.098803: I tensorflow/compiler/jit/xla_gpu_device.cc:99] Not creating XLA devices, tf_xla_enable_xla_devices not set
mse and spike frequency: 0.11775 0.0
[32m[I 2021-04-21 22:38:01,867][0m Trial 221 finished with values: [0.11775, 0.0] with parameters: {'Vahp': -40.0, 'Vth': -51.0, 'Vmax': 34.5, 't_ref': 17.0, 'R': 1.0, 'tau_m': 475.0, 'R_adp': 0.9, 'tau_w': 265.0, 'a': 66.0, 'rate_low': 6.5, 'rate_high': 45.0}.[0m
2021-04-21 22:38:02.714617: I tensorflow/compiler/jit/xla_gpu_device.cc:99] Not creating XLA devices, tf_xla_enable_xla_devices not set
maxFreq at 10nA: 999.0
2021-04-21 22:38:46.623724: I tensorflow/compiler/jit/xla_gpu_device.cc:99] Not creating XLA devices, tf_xla_enable_xla_devices not set
2021-04-21 22:39:19.880490: I tensorflow/compiler/jit/xla_gpu_device.cc:99] Not creating XLA devices, tf_xla_enable_xla_devices not set
mse and spike frequency: 0.11775 0.0
[32m[I 2021-04-21 22:39:52,658][0m Trial 222 finished with values: [0.11775, 0.0] with parameters: {'Vahp': -24.0, 'Vth': -26.0, 'Vmax': 10.0, 't_ref': 17.0, 'R': 1.0, 'tau_m': 475.0, 'R_adp': 0.1, 'tau_w': 75.0, 'a': 57.5, 'rate_low': 38.5, 'rate_high': 16.0}.[0m
2021-04-21 22:39:53.487493: I tensorflow/compiler/jit/xla_gpu_device.cc:99] Not creating XLA devices, tf_xla_enable_xla_devices not set
maxFreq at 10nA: 1000.0
2021-04-21 22:40:38.108012: I tensorflow/compiler/jit/xla_gpu_device.cc:99] Not creating XLA devices, tf_xla_enable_xla_devices not set
2021-04-21 22:41:11.759934: I tensorflow/compiler/jit/xla_gpu_device.cc:99] Not creating XLA devices, tf_xla_enable_xla_devices not set
mse and spike frequency: 0.11775 0.0
[32m[I 2021-04-21 22:41:45,265][0m Trial 223 finished with values: [0.11775, 0.0] with parameters: {'Vahp': -24.0, 'Vth': -37.0, 'Vmax': 28.0, 't_ref': 20.0, 'R': 1.0, 'tau_m': 283.0, 'R_adp': 0.7000000000000001, 'tau_w': 374.0, 'a': 429.0, 'rate_low': 43.0, 'rate_high': 31.0}.[0m
2021-04-21 22:41:46.098083: I tensorflow/compiler/jit/xla_gpu_device.cc:99] Not creating XLA devices, tf_xla_enable_xla_devices not set
maxFreq at 10nA: 1000.0
2021-04-21 22:42:30.598514: I tensorflow/compiler/jit/xla_gpu_device.cc:99] Not creating XLA devices, tf_xla_enable_xla_devices not set
2021-04-21 22:43:04.447042: I tensorflow/compiler/jit/xla_gpu_device.cc:99] Not creating XLA devices, tf_xla_enable_xla_devices not set
mse and spike frequency: 0.11775 0.0
[32m[I 2021-04-21 22:43:37,890][0m Trial 224 finished with values: [0.11775, 0.0] with parameters: {'Vahp': -37.5, 'Vth': -50.5, 'Vmax': 34.5, 't_ref': 14.5, 'R': 0.1, 'tau_m': 14.0, 'R_adp': 0.6, 'tau_w': 238.0, 'a': 72.0, 'rate_low': 35.5, 'rate_high': 47.5}.[0m
2021-04-21 22:43:38.726415: I tensorflow/compiler/jit/xla_gpu_device.cc:99] Not creating XLA devices, tf_xla_enable_xla_devices not set
maxFreq at 10nA: 100.0
2021-04-21 22:44:22.891927: I tensorflow/compiler/jit/xla_gpu_device.cc:99] Not creating XLA devices, tf_xla_enable_xla_devices not set
2021-04-21 22:44:56.565616: I tensorflow/compiler/jit/xla_gpu_device.cc:99] Not creating XLA devices, tf_xla_enable_xla_devices not set
mse and spike frequency: 0.00093 14.27
[32m[I 2021-04-21 22:45:30,811][0m Trial 225 finished with values: [0.00093, 14.27] with parameters: {'Vahp': -57.0, 'Vth': -54.0, 'Vmax': 35.5, 't_ref': 8.5, 'R': 1.0, 'tau_m': 371.0, 'R_adp': 0.30000000000000004, 'tau_w': 20.5, 'a': 135.0, 'rate_low': 21.5, 'rate_high': 23.5}.[0m
2021-04-21 22:45:31.648361: I tensorflow/compiler/jit/xla_gpu_device.cc:99] Not creating XLA devices, tf_xla_enable_xla_devices not set
maxFreq at 10nA: 996.0
2021-04-21 22:46:16.821970: I tensorflow/compiler/jit/xla_gpu_device.cc:99] Not creating XLA devices, tf_xla_enable_xla_devices not set
2021-04-21 22:46:50.489455: I tensorflow/compiler/jit/xla_gpu_device.cc:99] Not creating XLA devices, tf_xla_enable_xla_devices not set
mse and spike frequency: 0.11775 0.0
[32m[I 2021-04-21 22:47:24,572][0m Trial 226 finished with values: [0.11775, 0.0] with parameters: {'Vahp': -29.5, 'Vth': -39.0, 'Vmax': 25.5, 't_ref': 0.5, 'R': 0.2, 'tau_m': 475.0, 'R_adp': 0.9, 'tau_w': 63.0, 'a': 255.5, 'rate_low': 49.5, 'rate_high': 40.0}.[0m
2021-04-21 22:47:25.446084: I tensorflow/compiler/jit/xla_gpu_device.cc:99] Not creating XLA devices, tf_xla_enable_xla_devices not set
maxFreq at 10nA: 1000.0
2021-04-21 22:48:10.595776: I tensorflow/compiler/jit/xla_gpu_device.cc:99] Not creating XLA devices, tf_xla_enable_xla_devices not set
2021-04-21 22:48:44.691298: I tensorflow/compiler/jit/xla_gpu_device.cc:99] Not creating XLA devices, tf_xla_enable_xla_devices not set
mse and spike frequency: 0.11775 0.0
[32m[I 2021-04-21 22:49:19,047][0m Trial 227 finished with values: [0.11775, 0.0] with parameters: {'Vahp': -29.5, 'Vth': -53.0, 'Vmax': 25.5, 't_ref': 8.5, 'R': 0.1, 'tau_m': 36.5, 'R_adp': 0.30000000000000004, 'tau_w': 279.0, 'a': 66.0, 'rate_low': 37.5, 'rate_high': 45.5}.[0m
2021-04-21 22:49:19.923295: I tensorflow/compiler/jit/xla_gpu_device.cc:99] Not creating XLA devices, tf_xla_enable_xla_devices not set
maxFreq at 10nA: 999.0
2021-04-21 22:50:05.519500: I tensorflow/compiler/jit/xla_gpu_device.cc:99] Not creating XLA devices, tf_xla_enable_xla_devices not set
2021-04-21 22:50:40.535216: I tensorflow/compiler/jit/xla_gpu_device.cc:99] Not creating XLA devices, tf_xla_enable_xla_devices not set
mse and spike frequency: 0.11775 0.0
[32m[I 2021-04-21 22:51:15,985][0m Trial 228 finished with values: [0.11775, 0.0] with parameters: {'Vahp': -40.0, 'Vth': -51.0, 'Vmax': 29.5, 't_ref': 15.0, 'R': 0.1, 'tau_m': 205.0, 'R_adp': 0.6, 'tau_w': 443.5, 'a': 307.0, 'rate_low': 38.5, 'rate_high': 49.5}.[0m
2021-04-21 22:51:16.928367: I tensorflow/compiler/jit/xla_gpu_device.cc:99] Not creating XLA devices, tf_xla_enable_xla_devices not set
maxFreq at 10nA: 1000.0
2021-04-21 22:52:01.921103: I tensorflow/compiler/jit/xla_gpu_device.cc:99] Not creating XLA devices, tf_xla_enable_xla_devices not set
2021-04-21 22:52:37.774190: I tensorflow/compiler/jit/xla_gpu_device.cc:99] Not creating XLA devices, tf_xla_enable_xla_devices not set
mse and spike frequency: 0.11775 0.0
