[32m[I 2021-04-21 21:14:57,067][0m Trial 171 finished with values: [0.11775, 0.0] with parameters: {'Vahp': -47.0, 'Vth': -47.5, 'Vmax': 20.5, 't_ref': 6.5, 'R': 0.2, 'tau_m': 419.5, 'R_adp': 0.5, 'tau_w': 125.0, 'a': 145.5, 'rate_low': 6.5, 'rate_high': 50.0}.[0m
2021-04-21 21:14:57.783640: I tensorflow/compiler/jit/xla_gpu_device.cc:99] Not creating XLA devices, tf_xla_enable_xla_devices not set
maxFreq at 10nA: 1000.0
2021-04-21 21:15:36.184408: I tensorflow/compiler/jit/xla_gpu_device.cc:99] Not creating XLA devices, tf_xla_enable_xla_devices not set
2021-04-21 21:16:02.126114: I tensorflow/compiler/jit/xla_gpu_device.cc:99] Not creating XLA devices, tf_xla_enable_xla_devices not set
mse and spike frequency: 0.11775 0.0
[32m[I 2021-04-21 21:16:27,927][0m Trial 172 finished with values: [0.11775, 0.0] with parameters: {'Vahp': -47.0, 'Vth': -55.0, 'Vmax': 11.5, 't_ref': 8.5, 'R': 0.2, 'tau_m': 404.5, 'R_adp': 0.1, 'tau_w': 178.5, 'a': 226.0, 'rate_low': 33.0, 'rate_high': 50.0}.[0m
2021-04-21 21:16:28.649535: I tensorflow/compiler/jit/xla_gpu_device.cc:99] Not creating XLA devices, tf_xla_enable_xla_devices not set
maxFreq at 10nA: 1000.0
2021-04-21 21:17:07.028636: I tensorflow/compiler/jit/xla_gpu_device.cc:99] Not creating XLA devices, tf_xla_enable_xla_devices not set
2021-04-21 21:17:33.751207: I tensorflow/compiler/jit/xla_gpu_device.cc:99] Not creating XLA devices, tf_xla_enable_xla_devices not set
mse and spike frequency: 0.11775 0.0
[32m[I 2021-04-21 21:18:00,061][0m Trial 173 finished with values: [0.11775, 0.0] with parameters: {'Vahp': -44.5, 'Vth': -55.0, 'Vmax': 34.0, 't_ref': 0.5, 'R': 0.5, 'tau_m': 423.5, 'R_adp': 0.8, 'tau_w': 277.0, 'a': 141.0, 'rate_low': 21.5, 'rate_high': 45.0}.[0m
2021-04-21 21:18:00.819249: I tensorflow/compiler/jit/xla_gpu_device.cc:99] Not creating XLA devices, tf_xla_enable_xla_devices not set
maxFreq at 10nA: 1000.0
2021-04-21 21:18:40.074383: I tensorflow/compiler/jit/xla_gpu_device.cc:99] Not creating XLA devices, tf_xla_enable_xla_devices not set
2021-04-21 21:19:07.723956: I tensorflow/compiler/jit/xla_gpu_device.cc:99] Not creating XLA devices, tf_xla_enable_xla_devices not set
mse and spike frequency: 0.11775 0.0
[32m[I 2021-04-21 21:19:33,570][0m Trial 174 finished with values: [0.11775, 0.0] with parameters: {'Vahp': -30.5, 'Vth': -57.0, 'Vmax': 19.5, 't_ref': 8.5, 'R': 0.9, 'tau_m': 492.0, 'R_adp': 0.4, 'tau_w': 69.0, 'a': 286.0, 'rate_low': 33.0, 'rate_high': 2.5}.[0m
2021-04-21 21:19:34.419741: I tensorflow/compiler/jit/xla_gpu_device.cc:99] Not creating XLA devices, tf_xla_enable_xla_devices not set
maxFreq at 10nA: 1000.0
2021-04-21 21:20:12.517268: I tensorflow/compiler/jit/xla_gpu_device.cc:99] Not creating XLA devices, tf_xla_enable_xla_devices not set
2021-04-21 21:20:40.361176: I tensorflow/compiler/jit/xla_gpu_device.cc:99] Not creating XLA devices, tf_xla_enable_xla_devices not set
mse and spike frequency: 0.11775 0.0
[32m[I 2021-04-21 21:21:05,927][0m Trial 175 finished with values: [0.11775, 0.0] with parameters: {'Vahp': -26.0, 'Vth': -41.0, 'Vmax': 39.0, 't_ref': 14.5, 'R': 1.0, 'tau_m': 351.5, 'R_adp': 0.6, 'tau_w': 462.0, 'a': 25.0, 'rate_low': 10.5, 'rate_high': 47.5}.[0m
2021-04-21 21:21:06.836615: I tensorflow/compiler/jit/xla_gpu_device.cc:99] Not creating XLA devices, tf_xla_enable_xla_devices not set
maxFreq at 10nA: 1000.0
2021-04-21 21:21:45.456293: I tensorflow/compiler/jit/xla_gpu_device.cc:99] Not creating XLA devices, tf_xla_enable_xla_devices not set
2021-04-21 21:22:12.430410: I tensorflow/compiler/jit/xla_gpu_device.cc:99] Not creating XLA devices, tf_xla_enable_xla_devices not set
mse and spike frequency: 0.11775 0.0
[32m[I 2021-04-21 21:22:38,156][0m Trial 176 finished with values: [0.11775, 0.0] with parameters: {'Vahp': -41.0, 'Vth': -46.0, 'Vmax': 11.5, 't_ref': 2.5, 'R': 0.8, 'tau_m': 36.5, 'R_adp': 0.8, 'tau_w': 346.0, 'a': 253.5, 'rate_low': 30.0, 'rate_high': 48.0}.[0m
2021-04-21 21:22:38.977977: I tensorflow/compiler/jit/xla_gpu_device.cc:99] Not creating XLA devices, tf_xla_enable_xla_devices not set
maxFreq at 10nA: 1000.0
2021-04-21 21:23:17.809970: I tensorflow/compiler/jit/xla_gpu_device.cc:99] Not creating XLA devices, tf_xla_enable_xla_devices not set
2021-04-21 21:23:46.012720: I tensorflow/compiler/jit/xla_gpu_device.cc:99] Not creating XLA devices, tf_xla_enable_xla_devices not set
mse and spike frequency: 0.11775 0.0
[32m[I 2021-04-21 21:24:11,926][0m Trial 177 finished with values: [0.11775, 0.0] with parameters: {'Vahp': -22.0, 'Vth': -51.0, 'Vmax': 11.5, 't_ref': 6.5, 'R': 0.5, 'tau_m': 70.5, 'R_adp': 0.9, 'tau_w': 277.0, 'a': 65.5, 'rate_low': 41.0, 'rate_high': 6.0}.[0m
2021-04-21 21:24:12.726962: I tensorflow/compiler/jit/xla_gpu_device.cc:99] Not creating XLA devices, tf_xla_enable_xla_devices not set
maxFreq at 10nA: 1000.0
2021-04-21 21:24:51.171881: I tensorflow/compiler/jit/xla_gpu_device.cc:99] Not creating XLA devices, tf_xla_enable_xla_devices not set
2021-04-21 21:25:18.752367: I tensorflow/compiler/jit/xla_gpu_device.cc:99] Not creating XLA devices, tf_xla_enable_xla_devices not set
mse and spike frequency: 0.11775 0.0
[32m[I 2021-04-21 21:25:44,751][0m Trial 178 finished with values: [0.11775, 0.0] with parameters: {'Vahp': -26.5, 'Vth': -55.0, 'Vmax': 34.0, 't_ref': 8.5, 'R': 0.9, 'tau_m': 448.0, 'R_adp': 0.2, 'tau_w': 178.5, 'a': 65.5, 'rate_low': 21.5, 'rate_high': 40.5}.[0m
2021-04-21 21:25:45.512887: I tensorflow/compiler/jit/xla_gpu_device.cc:99] Not creating XLA devices, tf_xla_enable_xla_devices not set
maxFreq at 10nA: 258.0
2021-04-21 21:26:24.050351: I tensorflow/compiler/jit/xla_gpu_device.cc:99] Not creating XLA devices, tf_xla_enable_xla_devices not set
2021-04-21 21:26:51.628196: I tensorflow/compiler/jit/xla_gpu_device.cc:99] Not creating XLA devices, tf_xla_enable_xla_devices not set
mse and spike frequency: 28.72518 45.48
[32m[I 2021-04-21 21:27:18,095][0m Trial 179 finished with values: [28.72518, 45.48] with parameters: {'Vahp': -58.5, 'Vth': -47.5, 'Vmax': 25.0, 't_ref': 1.0, 'R': 0.9, 'tau_m': 351.5, 'R_adp': 0.7000000000000001, 'tau_w': 203.0, 'a': 237.0, 'rate_low': 46.5, 'rate_high': 47.5}.[0m
2021-04-21 21:27:18.927801: I tensorflow/compiler/jit/xla_gpu_device.cc:99] Not creating XLA devices, tf_xla_enable_xla_devices not set
maxFreq at 10nA: 72.0
2021-04-21 21:27:57.331235: I tensorflow/compiler/jit/xla_gpu_device.cc:99] Not creating XLA devices, tf_xla_enable_xla_devices not set
2021-04-21 21:28:25.156372: I tensorflow/compiler/jit/xla_gpu_device.cc:99] Not creating XLA devices, tf_xla_enable_xla_devices not set
mse and spike frequency: 0.00348 5.56
[32m[I 2021-04-21 21:28:52,145][0m Trial 180 finished with values: [0.00348, 5.56] with parameters: {'Vahp': -59.0, 'Vth': -26.5, 'Vmax': 20.5, 't_ref': 11.5, 'R': 1.0, 'tau_m': 456.0, 'R_adp': 0.9, 'tau_w': 78.0, 'a': 312.5, 'rate_low': 24.5, 'rate_high': 25.0}.[0m
2021-04-21 21:28:52.893267: I tensorflow/compiler/jit/xla_gpu_device.cc:99] Not creating XLA devices, tf_xla_enable_xla_devices not set
maxFreq at 10nA: 1000.0
2021-04-21 21:29:32.118300: I tensorflow/compiler/jit/xla_gpu_device.cc:99] Not creating XLA devices, tf_xla_enable_xla_devices not set
2021-04-21 21:30:00.282547: I tensorflow/compiler/jit/xla_gpu_device.cc:99] Not creating XLA devices, tf_xla_enable_xla_devices not set
mse and spike frequency: 0.11775 0.0
[32m[I 2021-04-21 21:30:27,143][0m Trial 181 finished with values: [0.11775, 0.0] with parameters: {'Vahp': -22.0, 'Vth': -54.5, 'Vmax': 32.5, 't_ref': 8.5, 'R': 0.5, 'tau_m': 70.5, 'R_adp': 0.9, 'tau_w': 337.5, 'a': 192.0, 'rate_low': 13.0, 'rate_high': 40.5}.[0m
2021-04-21 21:30:27.935937: I tensorflow/compiler/jit/xla_gpu_device.cc:99] Not creating XLA devices, tf_xla_enable_xla_devices not set
maxFreq at 10nA: 997.0
2021-04-21 21:31:07.354674: I tensorflow/compiler/jit/xla_gpu_device.cc:99] Not creating XLA devices, tf_xla_enable_xla_devices not set
2021-04-21 21:31:35.533132: I tensorflow/compiler/jit/xla_gpu_device.cc:99] Not creating XLA devices, tf_xla_enable_xla_devices not set
mse and spike frequency: 0.11775 0.0
[32m[I 2021-04-21 21:32:04,091][0m Trial 182 finished with values: [0.11775, 0.0] with parameters: {'Vahp': -22.0, 'Vth': -23.0, 'Vmax': 14.0, 't_ref': 8.5, 'R': 0.5, 'tau_m': 492.0, 'R_adp': 0.6, 'tau_w': 392.0, 'a': 26.5, 'rate_low': 13.0, 'rate_high': 2.5}.[0m
2021-04-21 21:32:04.843388: I tensorflow/compiler/jit/xla_gpu_device.cc:99] Not creating XLA devices, tf_xla_enable_xla_devices not set
maxFreq at 10nA: 1000.0
2021-04-21 21:32:44.719873: I tensorflow/compiler/jit/xla_gpu_device.cc:99] Not creating XLA devices, tf_xla_enable_xla_devices not set
2021-04-21 21:33:13.828342: I tensorflow/compiler/jit/xla_gpu_device.cc:99] Not creating XLA devices, tf_xla_enable_xla_devices not set
mse and spike frequency: 0.11775 0.0
[32m[I 2021-04-21 21:33:42,237][0m Trial 183 finished with values: [0.11775, 0.0] with parameters: {'Vahp': -31.5, 'Vth': -54.5, 'Vmax': 40.0, 't_ref': 0.5, 'R': 0.5, 'tau_m': 423.5, 'R_adp': 0.9, 'tau_w': 18.5, 'a': 422.5, 'rate_low': 25.5, 'rate_high': 26.0}.[0m
2021-04-21 21:33:43.002013: I tensorflow/compiler/jit/xla_gpu_device.cc:99] Not creating XLA devices, tf_xla_enable_xla_devices not set
maxFreq at 10nA: 1000.0
2021-04-21 21:34:22.827972: I tensorflow/compiler/jit/xla_gpu_device.cc:99] Not creating XLA devices, tf_xla_enable_xla_devices not set
2021-04-21 21:34:51.942038: I tensorflow/compiler/jit/xla_gpu_device.cc:99] Not creating XLA devices, tf_xla_enable_xla_devices not set
mse and spike frequency: 0.11775 0.0
[32m[I 2021-04-21 21:35:21,646][0m Trial 184 finished with values: [0.11775, 0.0] with parameters: {'Vahp': -30.0, 'Vth': -55.0, 'Vmax': 25.0, 't_ref': 10.5, 'R': 1.0, 'tau_m': 70.0, 'R_adp': 0.7000000000000001, 'tau_w': 299.0, 'a': 312.5, 'rate_low': 24.5, 'rate_high': 6.0}.[0m
2021-04-21 21:35:22.424532: I tensorflow/compiler/jit/xla_gpu_device.cc:99] Not creating XLA devices, tf_xla_enable_xla_devices not set
maxFreq at 10nA: 1000.0
2021-04-21 21:36:02.683130: I tensorflow/compiler/jit/xla_gpu_device.cc:99] Not creating XLA devices, tf_xla_enable_xla_devices not set
2021-04-21 21:36:31.180375: I tensorflow/compiler/jit/xla_gpu_device.cc:99] Not creating XLA devices, tf_xla_enable_xla_devices not set
mse and spike frequency: 0.11775 0.0
[32m[I 2021-04-21 21:36:59,607][0m Trial 185 finished with values: [0.11775, 0.0] with parameters: {'Vahp': -40.5, 'Vth': -51.0, 'Vmax': 36.5, 't_ref': 6.5, 'R': 0.5, 'tau_m': 70.5, 'R_adp': 0.9, 'tau_w': 277.0, 'a': 371.5, 'rate_low': 2.0, 'rate_high': 34.5}.[0m
2021-04-21 21:37:00.367291: I tensorflow/compiler/jit/xla_gpu_device.cc:99] Not creating XLA devices, tf_xla_enable_xla_devices not set
maxFreq at 10nA: 91.0
2021-04-21 21:37:39.751510: I tensorflow/compiler/jit/xla_gpu_device.cc:99] Not creating XLA devices, tf_xla_enable_xla_devices not set
2021-04-21 21:38:08.145655: I tensorflow/compiler/jit/xla_gpu_device.cc:99] Not creating XLA devices, tf_xla_enable_xla_devices not set
mse and spike frequency: 11.9922 13.39
[32m[I 2021-04-21 21:38:36,635][0m Trial 186 finished with values: [11.9922, 13.39] with parameters: {'Vahp': -54.5, 'Vth': -54.5, 'Vmax': 11.5, 't_ref': 9.5, 'R': 0.5, 'tau_m': 70.5, 'R_adp': 0.9, 'tau_w': 277.0, 'a': 119.0, 'rate_low': 30.0, 'rate_high': 6.0}.[0m
2021-04-21 21:38:37.429686: I tensorflow/compiler/jit/xla_gpu_device.cc:99] Not creating XLA devices, tf_xla_enable_xla_devices not set
maxFreq at 10nA: 1000.0
2021-04-21 21:39:17.013243: I tensorflow/compiler/jit/xla_gpu_device.cc:99] Not creating XLA devices, tf_xla_enable_xla_devices not set
2021-04-21 21:39:45.263707: I tensorflow/compiler/jit/xla_gpu_device.cc:99] Not creating XLA devices, tf_xla_enable_xla_devices not set
mse and spike frequency: 0.11775 0.0
[32m[I 2021-04-21 21:40:14,196][0m Trial 187 finished with values: [0.11775, 0.0] with parameters: {'Vahp': -31.5, 'Vth': -51.0, 'Vmax': 12.0, 't_ref': 8.0, 'R': 0.5, 'tau_m': 107.5, 'R_adp': 0.7000000000000001, 'tau_w': 133.5, 'a': 451.0, 'rate_low': 37.0, 'rate_high': 34.5}.[0m
2021-04-21 21:40:14.939998: I tensorflow/compiler/jit/xla_gpu_device.cc:99] Not creating XLA devices, tf_xla_enable_xla_devices not set
maxFreq at 10nA: 54.0
2021-04-21 21:40:53.934727: I tensorflow/compiler/jit/xla_gpu_device.cc:99] Not creating XLA devices, tf_xla_enable_xla_devices not set
2021-04-21 21:41:22.579905: I tensorflow/compiler/jit/xla_gpu_device.cc:99] Not creating XLA devices, tf_xla_enable_xla_devices not set
mse and spike frequency: 0.05037 3.65
[32m[I 2021-04-21 21:41:51,506][0m Trial 188 finished with values: [0.05037, 3.65] with parameters: {'Vahp': -44.5, 'Vth': -26.5, 'Vmax': 20.5, 't_ref': 17.0, 'R': 1.0, 'tau_m': 423.5, 'R_adp': 0.9, 'tau_w': 133.5, 'a': 451.0, 'rate_low': 24.5, 'rate_high': 25.5}.[0m
2021-04-21 21:41:52.253673: I tensorflow/compiler/jit/xla_gpu_device.cc:99] Not creating XLA devices, tf_xla_enable_xla_devices not set
maxFreq at 10nA: 1000.0
2021-04-21 21:42:32.721075: I tensorflow/compiler/jit/xla_gpu_device.cc:99] Not creating XLA devices, tf_xla_enable_xla_devices not set
2021-04-21 21:43:01.125211: I tensorflow/compiler/jit/xla_gpu_device.cc:99] Not creating XLA devices, tf_xla_enable_xla_devices not set
mse and spike frequency: 0.11775 0.0
[32m[I 2021-04-21 21:43:30,364][0m Trial 189 finished with values: [0.11775, 0.0] with parameters: {'Vahp': -41.0, 'Vth': -55.0, 'Vmax': 11.5, 't_ref': 8.5, 'R': 0.9, 'tau_m': 448.0, 'R_adp': 0.2, 'tau_w': 11.5, 'a': 312.5, 'rate_low': 24.5, 'rate_high': 6.0}.[0m
2021-04-21 21:43:31.156472: I tensorflow/compiler/jit/xla_gpu_device.cc:99] Not creating XLA devices, tf_xla_enable_xla_devices not set
maxFreq at 10nA: 1000.0
2021-04-21 21:44:11.297658: I tensorflow/compiler/jit/xla_gpu_device.cc:99] Not creating XLA devices, tf_xla_enable_xla_devices not set
2021-04-21 21:44:39.916925: I tensorflow/compiler/jit/xla_gpu_device.cc:99] Not creating XLA devices, tf_xla_enable_xla_devices not set
mse and spike frequency: 0.11775 0.0
[32m[I 2021-04-21 21:45:09,443][0m Trial 190 finished with values: [0.11775, 0.0] with parameters: {'Vahp': -26.0, 'Vth': -31.0, 'Vmax': 28.5, 't_ref': 10.0, 'R': 1.0, 'tau_m': 351.5, 'R_adp': 0.2, 'tau_w': 106.5, 'a': 113.5, 'rate_low': 45.0, 'rate_high': 12.0}.[0m
2021-04-21 21:45:10.292683: I tensorflow/compiler/jit/xla_gpu_device.cc:99] Not creating XLA devices, tf_xla_enable_xla_devices not set
maxFreq at 10nA: 1000.0
2021-04-21 21:45:50.967279: I tensorflow/compiler/jit/xla_gpu_device.cc:99] Not creating XLA devices, tf_xla_enable_xla_devices not set
2021-04-21 21:46:19.826121: I tensorflow/compiler/jit/xla_gpu_device.cc:99] Not creating XLA devices, tf_xla_enable_xla_devices not set
mse and spike frequency: 0.11775 0.0
[32m[I 2021-04-21 21:46:49,199][0m Trial 191 finished with values: [0.11775, 0.0] with parameters: {'Vahp': -36.5, 'Vth': -46.0, 'Vmax': 23.0, 't_ref': 8.0, 'R': 0.30000000000000004, 'tau_m': 107.5, 'R_adp': 1.0, 'tau_w': 61.0, 'a': 160.5, 'rate_low': 31.5, 'rate_high': 47.0}.[0m
2021-04-21 21:46:50.023423: I tensorflow/compiler/jit/xla_gpu_device.cc:99] Not creating XLA devices, tf_xla_enable_xla_devices not set
maxFreq at 10nA: 998.0
2021-04-21 21:47:30.949128: I tensorflow/compiler/jit/xla_gpu_device.cc:99] Not creating XLA devices, tf_xla_enable_xla_devices not set
2021-04-21 21:47:59.898788: I tensorflow/compiler/jit/xla_gpu_device.cc:99] Not creating XLA devices, tf_xla_enable_xla_devices not set
mse and spike frequency: 0.11775 0.0
[32m[I 2021-04-21 21:48:29,164][0m Trial 192 finished with values: [0.11775, 0.0] with parameters: {'Vahp': -26.0, 'Vth': -41.0, 'Vmax': 39.0, 't_ref': 16.0, 'R': 0.30000000000000004, 'tau_m': 479.0, 'R_adp': 0.1, 'tau_w': 64.0, 'a': 298.5, 'rate_low': 14.5, 'rate_high': 47.5}.[0m
2021-04-21 21:48:29.945236: I tensorflow/compiler/jit/xla_gpu_device.cc:99] Not creating XLA devices, tf_xla_enable_xla_devices not set
maxFreq at 10nA: 1000.0
2021-04-21 21:49:10.849639: I tensorflow/compiler/jit/xla_gpu_device.cc:99] Not creating XLA devices, tf_xla_enable_xla_devices not set
2021-04-21 21:49:40.043155: I tensorflow/compiler/jit/xla_gpu_device.cc:99] Not creating XLA devices, tf_xla_enable_xla_devices not set
mse and spike frequency: 0.11775 0.0
[32m[I 2021-04-21 21:50:09,606][0m Trial 193 finished with values: [0.11775, 0.0] with parameters: {'Vahp': -28.0, 'Vth': -55.0, 'Vmax': 16.5, 't_ref': 8.5, 'R': 0.9, 'tau_m': 412.0, 'R_adp': 0.7000000000000001, 'tau_w': 178.5, 'a': 312.5, 'rate_low': 33.0, 'rate_high': 28.5}.[0m
2021-04-21 21:50:10.396635: I tensorflow/compiler/jit/xla_gpu_device.cc:99] Not creating XLA devices, tf_xla_enable_xla_devices not set
maxFreq at 10nA: 1000.0
2021-04-21 21:50:52.020230: I tensorflow/compiler/jit/xla_gpu_device.cc:99] Not creating XLA devices, tf_xla_enable_xla_devices not set
2021-04-21 21:51:20.968261: I tensorflow/compiler/jit/xla_gpu_device.cc:99] Not creating XLA devices, tf_xla_enable_xla_devices not set
mse and spike frequency: 0.11775 0.0
[32m[I 2021-04-21 21:51:51,023][0m Trial 194 finished with values: [0.11775, 0.0] with parameters: {'Vahp': -47.0, 'Vth': -53.5, 'Vmax': 32.5, 't_ref': 0.5, 'R': 0.6, 'tau_m': 404.5, 'R_adp': 0.9, 'tau_w': 323.5, 'a': 105.5, 'rate_low': 29.0, 'rate_high': 43.0}.[0m
2021-04-21 21:51:51.817823: I tensorflow/compiler/jit/xla_gpu_device.cc:99] Not creating XLA devices, tf_xla_enable_xla_devices not set
maxFreq at 10nA: 1000.0
2021-04-21 21:52:33.043679: I tensorflow/compiler/jit/xla_gpu_device.cc:99] Not creating XLA devices, tf_xla_enable_xla_devices not set
2021-04-21 21:53:02.271301: I tensorflow/compiler/jit/xla_gpu_device.cc:99] Not creating XLA devices, tf_xla_enable_xla_devices not set
mse and spike frequency: 0.11775 0.0
[32m[I 2021-04-21 21:53:32,374][0m Trial 195 finished with values: [0.11775, 0.0] with parameters: {'Vahp': -31.5, 'Vth': -51.0, 'Vmax': 20.5, 't_ref': 15.5, 'R': 0.8, 'tau_m': 479.0, 'R_adp': 0.9, 'tau_w': 11.5, 'a': 65.5, 'rate_low': 27.0, 'rate_high': 6.0}.[0m
2021-04-21 21:53:33.242779: I tensorflow/compiler/jit/xla_gpu_device.cc:99] Not creating XLA devices, tf_xla_enable_xla_devices not set
maxFreq at 10nA: 1000.0
2021-04-21 21:54:14.657168: I tensorflow/compiler/jit/xla_gpu_device.cc:99] Not creating XLA devices, tf_xla_enable_xla_devices not set
2021-04-21 21:54:43.432037: I tensorflow/compiler/jit/xla_gpu_device.cc:99] Not creating XLA devices, tf_xla_enable_xla_devices not set
mse and spike frequency: 0.11775 0.0
[32m[I 2021-04-21 21:55:13,751][0m Trial 196 finished with values: [0.11775, 0.0] with parameters: {'Vahp': -44.5, 'Vth': -51.5, 'Vmax': 25.5, 't_ref': 5.0, 'R': 0.30000000000000004, 'tau_m': 192.0, 'R_adp': 0.8, 'tau_w': 323.5, 'a': 141.0, 'rate_low': 2.0, 'rate_high': 45.0}.[0m
2021-04-21 21:55:14.579722: I tensorflow/compiler/jit/xla_gpu_device.cc:99] Not creating XLA devices, tf_xla_enable_xla_devices not set
maxFreq at 10nA: 1000.0
2021-04-21 21:55:56.631252: I tensorflow/compiler/jit/xla_gpu_device.cc:99] Not creating XLA devices, tf_xla_enable_xla_devices not set
2021-04-21 21:56:25.944987: I tensorflow/compiler/jit/xla_gpu_device.cc:99] Not creating XLA devices, tf_xla_enable_xla_devices not set
mse and spike frequency: 0.11775 0.0
[32m[I 2021-04-21 21:56:56,343][0m Trial 197 finished with values: [0.11775, 0.0] with parameters: {'Vahp': -41.5, 'Vth': -45.0, 'Vmax': 25.5, 't_ref': 9.5, 'R': 0.5, 'tau_m': 192.0, 'R_adp': 0.5, 'tau_w': 337.5, 'a': 227.0, 'rate_low': 10.5, 'rate_high': 48.5}.[0m
2021-04-21 21:56:57.222324: I tensorflow/compiler/jit/xla_gpu_device.cc:99] Not creating XLA devices, tf_xla_enable_xla_devices not set
maxFreq at 10nA: 1000.0
2021-04-21 21:57:38.628407: I tensorflow/compiler/jit/xla_gpu_device.cc:99] Not creating XLA devices, tf_xla_enable_xla_devices not set
2021-04-21 21:58:07.818318: I tensorflow/compiler/jit/xla_gpu_device.cc:99] Not creating XLA devices, tf_xla_enable_xla_devices not set
mse and spike frequency: 0.11775 0.0
[32m[I 2021-04-21 21:58:37,405][0m Trial 198 finished with values: [0.11775, 0.0] with parameters: {'Vahp': -47.0, 'Vth': -48.0, 'Vmax': 20.5, 't_ref': 2.5, 'R': 1.0, 'tau_m': 70.0, 'R_adp': 0.6, 'tau_w': 306.5, 'a': 145.5, 'rate_low': 24.5, 'rate_high': 6.0}.[0m
2021-04-21 21:58:38.380519: I tensorflow/compiler/jit/xla_gpu_device.cc:99] Not creating XLA devices, tf_xla_enable_xla_devices not set
maxFreq at 10nA: 125.0
2021-04-21 21:59:18.645142: I tensorflow/compiler/jit/xla_gpu_device.cc:99] Not creating XLA devices, tf_xla_enable_xla_devices not set
2021-04-21 21:59:47.522384: I tensorflow/compiler/jit/xla_gpu_device.cc:99] Not creating XLA devices, tf_xla_enable_xla_devices not set
mse and spike frequency: 0.59956 16.73
[32m[I 2021-04-21 22:00:17,003][0m Trial 199 finished with values: [0.59956, 16.73] with parameters: {'Vahp': -46.5, 'Vth': -45.0, 'Vmax': 14.0, 't_ref': 6.5, 'R': 0.5, 'tau_m': 86.0, 'R_adp': 0.7000000000000001, 'tau_w': 175.5, 'a': 26.5, 'rate_low': 6.5, 'rate_high': 45.5}.[0m
2021-04-21 22:00:18.026261: I tensorflow/compiler/jit/xla_gpu_device.cc:99] Not creating XLA devices, tf_xla_enable_xla_devices not set
maxFreq at 10nA: 1000.0
2021-04-21 22:00:58.669104: I tensorflow/compiler/jit/xla_gpu_device.cc:99] Not creating XLA devices, tf_xla_enable_xla_devices not set
2021-04-21 22:01:28.080552: I tensorflow/compiler/jit/xla_gpu_device.cc:99] Not creating XLA devices, tf_xla_enable_xla_devices not set
mse and spike frequency: 0.11775 0.0
