[32m[I 2021-04-21 18:44:39,407][0m Trial 27 finished with values: [0.11775, 0.0] with parameters: {'Vahp': -41.5, 'Vth': -50.0, 'Vmax': 25.5, 't_ref': 16.0, 'R': 0.2, 'tau_m': 2.5, 'rate_low': 3.0, 'rate_high': 50.0}.[0m
2021-04-21 18:44:39.787162: I tensorflow/compiler/jit/xla_gpu_device.cc:99] Not creating XLA devices, tf_xla_enable_xla_devices not set
maxFreq at 10nA: 1000.0
2021-04-21 18:44:59.574937: I tensorflow/compiler/jit/xla_gpu_device.cc:99] Not creating XLA devices, tf_xla_enable_xla_devices not set
2021-04-21 18:45:08.502573: I tensorflow/compiler/jit/xla_gpu_device.cc:99] Not creating XLA devices, tf_xla_enable_xla_devices not set
mse and spike frequency: 0.11775 0.0
[32m[I 2021-04-21 18:45:16,429][0m Trial 28 finished with values: [0.11775, 0.0] with parameters: {'Vahp': -26.0, 'Vth': -47.5, 'Vmax': 38.0, 't_ref': 3.0, 'R': 0.2, 'tau_m': 74.0, 'rate_low': 15.5, 'rate_high': 21.0}.[0m
2021-04-21 18:45:16.793068: I tensorflow/compiler/jit/xla_gpu_device.cc:99] Not creating XLA devices, tf_xla_enable_xla_devices not set
maxFreq at 10nA: 1000.0
2021-04-21 18:45:36.085989: I tensorflow/compiler/jit/xla_gpu_device.cc:99] Not creating XLA devices, tf_xla_enable_xla_devices not set
2021-04-21 18:45:45.447736: I tensorflow/compiler/jit/xla_gpu_device.cc:99] Not creating XLA devices, tf_xla_enable_xla_devices not set
mse and spike frequency: 0.11775 0.0
[32m[I 2021-04-21 18:45:53,438][0m Trial 29 finished with values: [0.11775, 0.0] with parameters: {'Vahp': -24.5, 'Vth': -29.5, 'Vmax': 15.0, 't_ref': 16.5, 'R': 0.9, 'tau_m': 300.0, 'rate_low': 43.0, 'rate_high': 45.0}.[0m
2021-04-21 18:45:53.867015: I tensorflow/compiler/jit/xla_gpu_device.cc:99] Not creating XLA devices, tf_xla_enable_xla_devices not set
maxFreq at 10nA: 1000.0
2021-04-21 18:46:13.315220: I tensorflow/compiler/jit/xla_gpu_device.cc:99] Not creating XLA devices, tf_xla_enable_xla_devices not set
2021-04-21 18:46:22.321228: I tensorflow/compiler/jit/xla_gpu_device.cc:99] Not creating XLA devices, tf_xla_enable_xla_devices not set
mse and spike frequency: 0.11775 0.0
[32m[I 2021-04-21 18:46:30,232][0m Trial 30 finished with values: [0.11775, 0.0] with parameters: {'Vahp': -32.5, 'Vth': -43.0, 'Vmax': 30.5, 't_ref': 7.5, 'R': 0.8, 'tau_m': 423.5, 'rate_low': 39.5, 'rate_high': 42.5}.[0m
2021-04-21 18:46:30.706466: I tensorflow/compiler/jit/xla_gpu_device.cc:99] Not creating XLA devices, tf_xla_enable_xla_devices not set
maxFreq at 10nA: 250.0
2021-04-21 18:46:50.693056: I tensorflow/compiler/jit/xla_gpu_device.cc:99] Not creating XLA devices, tf_xla_enable_xla_devices not set
2021-04-21 18:46:59.357111: I tensorflow/compiler/jit/xla_gpu_device.cc:99] Not creating XLA devices, tf_xla_enable_xla_devices not set
mse and spike frequency: 0.00026 19.94
[32m[I 2021-04-21 18:47:07,430][0m Trial 31 finished with values: [0.00026, 19.94] with parameters: {'Vahp': -45.5, 'Vth': -23.0, 'Vmax': 13.5, 't_ref': 1.5, 'R': 0.9, 'tau_m': 496.0, 'rate_low': 31.5, 'rate_high': 46.0}.[0m
2021-04-21 18:47:07.930657: I tensorflow/compiler/jit/xla_gpu_device.cc:99] Not creating XLA devices, tf_xla_enable_xla_devices not set
maxFreq at 10nA: 1000.0
2021-04-21 18:47:28.246357: I tensorflow/compiler/jit/xla_gpu_device.cc:99] Not creating XLA devices, tf_xla_enable_xla_devices not set
2021-04-21 18:47:36.970615: I tensorflow/compiler/jit/xla_gpu_device.cc:99] Not creating XLA devices, tf_xla_enable_xla_devices not set
mse and spike frequency: 0.11775 0.0
[32m[I 2021-04-21 18:47:45,407][0m Trial 32 finished with values: [0.11775, 0.0] with parameters: {'Vahp': -23.0, 'Vth': -39.0, 'Vmax': 33.0, 't_ref': 10.0, 'R': 1.0, 'tau_m': 485.0, 'rate_low': 21.0, 'rate_high': 38.0}.[0m
2021-04-21 18:47:45.912131: I tensorflow/compiler/jit/xla_gpu_device.cc:99] Not creating XLA devices, tf_xla_enable_xla_devices not set
maxFreq at 10nA: 84.0
2021-04-21 18:48:06.710348: I tensorflow/compiler/jit/xla_gpu_device.cc:99] Not creating XLA devices, tf_xla_enable_xla_devices not set
2021-04-21 18:48:15.427216: I tensorflow/compiler/jit/xla_gpu_device.cc:99] Not creating XLA devices, tf_xla_enable_xla_devices not set
mse and spike frequency: 0.00081 27.21
[32m[I 2021-04-21 18:48:24,005][0m Trial 33 finished with values: [0.00081, 27.21] with parameters: {'Vahp': -46.0, 'Vth': -31.0, 'Vmax': 17.0, 't_ref': 10.5, 'R': 0.30000000000000004, 'tau_m': 72.0, 'rate_low': 44.5, 'rate_high': 47.0}.[0m
2021-04-21 18:48:24.492928: I tensorflow/compiler/jit/xla_gpu_device.cc:99] Not creating XLA devices, tf_xla_enable_xla_devices not set
maxFreq at 10nA: 56.0
2021-04-21 18:48:45.143982: I tensorflow/compiler/jit/xla_gpu_device.cc:99] Not creating XLA devices, tf_xla_enable_xla_devices not set
2021-04-21 18:48:54.365645: I tensorflow/compiler/jit/xla_gpu_device.cc:99] Not creating XLA devices, tf_xla_enable_xla_devices not set
mse and spike frequency: 0.00154 9.82
[32m[I 2021-04-21 18:49:02,626][0m Trial 34 finished with values: [0.00154, 9.82] with parameters: {'Vahp': -39.5, 'Vth': -38.5, 'Vmax': 18.0, 't_ref': 17.0, 'R': 0.7000000000000001, 'tau_m': 480.5, 'rate_low': 4.5, 'rate_high': 45.5}.[0m
2021-04-21 18:49:03.038119: I tensorflow/compiler/jit/xla_gpu_device.cc:99] Not creating XLA devices, tf_xla_enable_xla_devices not set
maxFreq at 10nA: 1000.0
2021-04-21 18:49:24.265137: I tensorflow/compiler/jit/xla_gpu_device.cc:99] Not creating XLA devices, tf_xla_enable_xla_devices not set
2021-04-21 18:49:33.032928: I tensorflow/compiler/jit/xla_gpu_device.cc:99] Not creating XLA devices, tf_xla_enable_xla_devices not set
mse and spike frequency: 0.11775 0.0
[32m[I 2021-04-21 18:49:41,351][0m Trial 35 finished with values: [0.11775, 0.0] with parameters: {'Vahp': -42.5, 'Vth': -53.5, 'Vmax': 31.5, 't_ref': 5.5, 'R': 0.4, 'tau_m': 115.5, 'rate_low': 35.0, 'rate_high': 35.5}.[0m
2021-04-21 18:49:41.778961: I tensorflow/compiler/jit/xla_gpu_device.cc:99] Not creating XLA devices, tf_xla_enable_xla_devices not set
maxFreq at 10nA: 1000.0
2021-04-21 18:50:03.123008: I tensorflow/compiler/jit/xla_gpu_device.cc:99] Not creating XLA devices, tf_xla_enable_xla_devices not set
2021-04-21 18:50:12.084620: I tensorflow/compiler/jit/xla_gpu_device.cc:99] Not creating XLA devices, tf_xla_enable_xla_devices not set
mse and spike frequency: 0.11775 0.0
[32m[I 2021-04-21 18:50:20,334][0m Trial 36 finished with values: [0.11775, 0.0] with parameters: {'Vahp': -50.0, 'Vth': -51.5, 'Vmax': 29.0, 't_ref': 13.0, 'R': 0.8, 'tau_m': 435.5, 'rate_low': 33.5, 'rate_high': 47.5}.[0m
2021-04-21 18:50:20.729737: I tensorflow/compiler/jit/xla_gpu_device.cc:99] Not creating XLA devices, tf_xla_enable_xla_devices not set
maxFreq at 10nA: 100.0
2021-04-21 18:50:42.727395: I tensorflow/compiler/jit/xla_gpu_device.cc:99] Not creating XLA devices, tf_xla_enable_xla_devices not set
2021-04-21 18:50:51.915933: I tensorflow/compiler/jit/xla_gpu_device.cc:99] Not creating XLA devices, tf_xla_enable_xla_devices not set
mse and spike frequency: 0.00073 7.75
[32m[I 2021-04-21 18:51:00,073][0m Trial 37 finished with values: [0.00073, 7.75] with parameters: {'Vahp': -51.5, 'Vth': -29.0, 'Vmax': 32.0, 't_ref': 8.5, 'R': 0.8, 'tau_m': 170.5, 'rate_low': 4.0, 'rate_high': 38.0}.[0m
2021-04-21 18:51:00.460352: I tensorflow/compiler/jit/xla_gpu_device.cc:99] Not creating XLA devices, tf_xla_enable_xla_devices not set
maxFreq at 10nA: 200.0
2021-04-21 18:51:21.945353: I tensorflow/compiler/jit/xla_gpu_device.cc:99] Not creating XLA devices, tf_xla_enable_xla_devices not set
2021-04-21 18:51:31.181128: I tensorflow/compiler/jit/xla_gpu_device.cc:99] Not creating XLA devices, tf_xla_enable_xla_devices not set
mse and spike frequency: 0.10026 0.11
[32m[I 2021-04-21 18:51:39,440][0m Trial 38 finished with values: [0.10026, 0.11] with parameters: {'Vahp': -39.5, 'Vth': -22.5, 'Vmax': 27.0, 't_ref': 2.5, 'R': 0.6, 'tau_m': 435.5, 'rate_low': 1.0, 'rate_high': 14.0}.[0m
2021-04-21 18:51:39.831257: I tensorflow/compiler/jit/xla_gpu_device.cc:99] Not creating XLA devices, tf_xla_enable_xla_devices not set
maxFreq at 10nA: 1000.0
2021-04-21 18:52:01.387368: I tensorflow/compiler/jit/xla_gpu_device.cc:99] Not creating XLA devices, tf_xla_enable_xla_devices not set
2021-04-21 18:52:10.773242: I tensorflow/compiler/jit/xla_gpu_device.cc:99] Not creating XLA devices, tf_xla_enable_xla_devices not set
mse and spike frequency: 0.11771 1000.1
[32m[I 2021-04-21 18:52:18,920][0m Trial 39 finished with values: [0.11771, 1000.1] with parameters: {'Vahp': -23.0, 'Vth': -59.0, 'Vmax': 12.0, 't_ref': 18.0, 'R': 0.6, 'tau_m': 394.0, 'rate_low': 36.5, 'rate_high': 43.5}.[0m
2021-04-21 18:52:19.323512: I tensorflow/compiler/jit/xla_gpu_device.cc:99] Not creating XLA devices, tf_xla_enable_xla_devices not set
maxFreq at 10nA: 1000.0
2021-04-21 18:52:40.919150: I tensorflow/compiler/jit/xla_gpu_device.cc:99] Not creating XLA devices, tf_xla_enable_xla_devices not set
2021-04-21 18:52:50.213140: I tensorflow/compiler/jit/xla_gpu_device.cc:99] Not creating XLA devices, tf_xla_enable_xla_devices not set
mse and spike frequency: 0.11775 0.0
[32m[I 2021-04-21 18:52:58,429][0m Trial 40 finished with values: [0.11775, 0.0] with parameters: {'Vahp': -36.5, 'Vth': -42.0, 'Vmax': 30.5, 't_ref': 7.0, 'R': 0.8, 'tau_m': 464.0, 'rate_low': 7.0, 'rate_high': 25.5}.[0m
2021-04-21 18:52:58.827002: I tensorflow/compiler/jit/xla_gpu_device.cc:99] Not creating XLA devices, tf_xla_enable_xla_devices not set
maxFreq at 10nA: 67.0
2021-04-21 18:53:20.747447: I tensorflow/compiler/jit/xla_gpu_device.cc:99] Not creating XLA devices, tf_xla_enable_xla_devices not set
2021-04-21 18:53:30.343665: I tensorflow/compiler/jit/xla_gpu_device.cc:99] Not creating XLA devices, tf_xla_enable_xla_devices not set
mse and spike frequency: 0.00194 2.48
[32m[I 2021-04-21 18:53:38,844][0m Trial 41 finished with values: [0.00194, 2.48] with parameters: {'Vahp': -30.5, 'Vth': -28.0, 'Vmax': 37.5, 't_ref': 13.5, 'R': 0.6, 'tau_m': 328.5, 'rate_low': 1.0, 'rate_high': 45.0}.[0m
2021-04-21 18:53:39.272850: I tensorflow/compiler/jit/xla_gpu_device.cc:99] Not creating XLA devices, tf_xla_enable_xla_devices not set
maxFreq at 10nA: 72.0
2021-04-21 18:54:00.813267: I tensorflow/compiler/jit/xla_gpu_device.cc:99] Not creating XLA devices, tf_xla_enable_xla_devices not set
2021-04-21 18:54:10.651861: I tensorflow/compiler/jit/xla_gpu_device.cc:99] Not creating XLA devices, tf_xla_enable_xla_devices not set
mse and spike frequency: 0.00121 8.2
[32m[I 2021-04-21 18:54:19,102][0m Trial 42 finished with values: [0.00121, 8.2] with parameters: {'Vahp': -33.0, 'Vth': -26.0, 'Vmax': 36.0, 't_ref': 13.0, 'R': 0.5, 'tau_m': 439.0, 'rate_low': 9.0, 'rate_high': 38.0}.[0m
2021-04-21 18:54:19.522041: I tensorflow/compiler/jit/xla_gpu_device.cc:99] Not creating XLA devices, tf_xla_enable_xla_devices not set
maxFreq at 10nA: 1000.0
2021-04-21 18:54:41.136615: I tensorflow/compiler/jit/xla_gpu_device.cc:99] Not creating XLA devices, tf_xla_enable_xla_devices not set
2021-04-21 18:54:50.829138: I tensorflow/compiler/jit/xla_gpu_device.cc:99] Not creating XLA devices, tf_xla_enable_xla_devices not set
mse and spike frequency: 0.11775 0.0
[32m[I 2021-04-21 18:54:59,571][0m Trial 43 finished with values: [0.11775, 0.0] with parameters: {'Vahp': -43.0, 'Vth': -53.0, 'Vmax': 29.0, 't_ref': 2.0, 'R': 0.8, 'tau_m': 405.0, 'rate_low': 13.5, 'rate_high': 14.0}.[0m
2021-04-21 18:54:59.991266: I tensorflow/compiler/jit/xla_gpu_device.cc:99] Not creating XLA devices, tf_xla_enable_xla_devices not set
maxFreq at 10nA: 1000.0
2021-04-21 18:55:21.848595: I tensorflow/compiler/jit/xla_gpu_device.cc:99] Not creating XLA devices, tf_xla_enable_xla_devices not set
2021-04-21 18:55:31.567273: I tensorflow/compiler/jit/xla_gpu_device.cc:99] Not creating XLA devices, tf_xla_enable_xla_devices not set
mse and spike frequency: 0.11775 0.0
[32m[I 2021-04-21 18:55:40,464][0m Trial 44 finished with values: [0.11775, 0.0] with parameters: {'Vahp': -39.0, 'Vth': -51.5, 'Vmax': 24.5, 't_ref': 11.5, 'R': 0.30000000000000004, 'tau_m': 267.5, 'rate_low': 19.0, 'rate_high': 29.0}.[0m
2021-04-21 18:55:40.920113: I tensorflow/compiler/jit/xla_gpu_device.cc:99] Not creating XLA devices, tf_xla_enable_xla_devices not set
maxFreq at 10nA: 59.0
2021-04-21 18:56:02.699687: I tensorflow/compiler/jit/xla_gpu_device.cc:99] Not creating XLA devices, tf_xla_enable_xla_devices not set
2021-04-21 18:56:12.547298: I tensorflow/compiler/jit/xla_gpu_device.cc:99] Not creating XLA devices, tf_xla_enable_xla_devices not set
mse and spike frequency: 0.00113 25.53
[32m[I 2021-04-21 18:56:21,398][0m Trial 45 finished with values: [0.00113, 25.53] with parameters: {'Vahp': -27.5, 'Vth': -20.5, 'Vmax': 22.5, 't_ref': 16.0, 'R': 0.8, 'tau_m': 172.0, 'rate_low': 47.5, 'rate_high': 49.5}.[0m
2021-04-21 18:56:21.831861: I tensorflow/compiler/jit/xla_gpu_device.cc:99] Not creating XLA devices, tf_xla_enable_xla_devices not set
maxFreq at 10nA: 1000.0
2021-04-21 18:56:43.793291: I tensorflow/compiler/jit/xla_gpu_device.cc:99] Not creating XLA devices, tf_xla_enable_xla_devices not set
2021-04-21 18:56:54.237994: I tensorflow/compiler/jit/xla_gpu_device.cc:99] Not creating XLA devices, tf_xla_enable_xla_devices not set
mse and spike frequency: 0.11775 0.0
[32m[I 2021-04-21 18:57:03,312][0m Trial 46 finished with values: [0.11775, 0.0] with parameters: {'Vahp': -50.0, 'Vth': -52.0, 'Vmax': 26.5, 't_ref': 11.5, 'R': 0.7000000000000001, 'tau_m': 423.5, 'rate_low': 11.5, 'rate_high': 24.0}.[0m
2021-04-21 18:57:03.766357: I tensorflow/compiler/jit/xla_gpu_device.cc:99] Not creating XLA devices, tf_xla_enable_xla_devices not set
maxFreq at 10nA: 125.0
2021-04-21 18:57:25.619073: I tensorflow/compiler/jit/xla_gpu_device.cc:99] Not creating XLA devices, tf_xla_enable_xla_devices not set
2021-04-21 18:57:36.490700: I tensorflow/compiler/jit/xla_gpu_device.cc:99] Not creating XLA devices, tf_xla_enable_xla_devices not set
mse and spike frequency: 0.00102 59.97
[32m[I 2021-04-21 18:57:46,037][0m Trial 47 finished with values: [0.00102, 59.97] with parameters: {'Vahp': -53.0, 'Vth': -52.0, 'Vmax': 10.0, 't_ref': 6.5, 'R': 0.5, 'tau_m': 239.5, 'rate_low': 49.0, 'rate_high': 50.0}.[0m
2021-04-21 18:57:46.480045: I tensorflow/compiler/jit/xla_gpu_device.cc:99] Not creating XLA devices, tf_xla_enable_xla_devices not set
maxFreq at 10nA: 125.0
2021-04-21 18:58:09.019763: I tensorflow/compiler/jit/xla_gpu_device.cc:99] Not creating XLA devices, tf_xla_enable_xla_devices not set
2021-04-21 18:58:20.076617: I tensorflow/compiler/jit/xla_gpu_device.cc:99] Not creating XLA devices, tf_xla_enable_xla_devices not set
mse and spike frequency: 0.11775 0.0
[32m[I 2021-04-21 18:58:29,311][0m Trial 48 finished with values: [0.11775, 0.0] with parameters: {'Vahp': -48.0, 'Vth': -20.5, 'Vmax': 28.5, 't_ref': 1.5, 'R': 0.1, 'tau_m': 179.0, 'rate_low': 0.5, 'rate_high': 8.5}.[0m
2021-04-21 18:58:29.736198: I tensorflow/compiler/jit/xla_gpu_device.cc:99] Not creating XLA devices, tf_xla_enable_xla_devices not set
maxFreq at 10nA: 67.0
2021-04-21 18:58:51.787618: I tensorflow/compiler/jit/xla_gpu_device.cc:99] Not creating XLA devices, tf_xla_enable_xla_devices not set
2021-04-21 18:59:03.350436: I tensorflow/compiler/jit/xla_gpu_device.cc:99] Not creating XLA devices, tf_xla_enable_xla_devices not set
mse and spike frequency: 0.11775 0.0
[32m[I 2021-04-21 18:59:12,283][0m Trial 49 finished with values: [0.11775, 0.0] with parameters: {'Vahp': -39.5, 'Vth': -39.5, 'Vmax': 16.5, 't_ref': 14.0, 'R': 0.2, 'tau_m': 139.0, 'rate_low': 28.0, 'rate_high': 40.0}.[0m
2021-04-21 18:59:12.734735: I tensorflow/compiler/jit/xla_gpu_device.cc:99] Not creating XLA devices, tf_xla_enable_xla_devices not set
maxFreq at 10nA: 1000.0
2021-04-21 18:59:34.956696: I tensorflow/compiler/jit/xla_gpu_device.cc:99] Not creating XLA devices, tf_xla_enable_xla_devices not set
2021-04-21 18:59:46.611092: I tensorflow/compiler/jit/xla_gpu_device.cc:99] Not creating XLA devices, tf_xla_enable_xla_devices not set
mse and spike frequency: 0.11775 0.0
[32m[I 2021-04-21 18:59:56,018][0m Trial 50 finished with values: [0.11775, 0.0] with parameters: {'Vahp': -28.0, 'Vth': -39.5, 'Vmax': 16.0, 't_ref': 11.5, 'R': 0.2, 'tau_m': 86.0, 'rate_low': 7.5, 'rate_high': 46.0}.[0m
2021-04-21 18:59:56.472577: I tensorflow/compiler/jit/xla_gpu_device.cc:99] Not creating XLA devices, tf_xla_enable_xla_devices not set
maxFreq at 10nA: 999.0
2021-04-21 19:00:18.612579: I tensorflow/compiler/jit/xla_gpu_device.cc:99] Not creating XLA devices, tf_xla_enable_xla_devices not set
2021-04-21 19:00:30.691714: I tensorflow/compiler/jit/xla_gpu_device.cc:99] Not creating XLA devices, tf_xla_enable_xla_devices not set
mse and spike frequency: 0.11775 0.0
[32m[I 2021-04-21 19:00:40,201][0m Trial 51 finished with values: [0.11775, 0.0] with parameters: {'Vahp': -30.0, 'Vth': -47.0, 'Vmax': 10.0, 't_ref': 14.0, 'R': 0.1, 'tau_m': 149.5, 'rate_low': 8.5, 'rate_high': 11.5}.[0m
2021-04-21 19:00:40.649373: I tensorflow/compiler/jit/xla_gpu_device.cc:99] Not creating XLA devices, tf_xla_enable_xla_devices not set
maxFreq at 10nA: 1000.0
2021-04-21 19:01:02.777127: I tensorflow/compiler/jit/xla_gpu_device.cc:99] Not creating XLA devices, tf_xla_enable_xla_devices not set
2021-04-21 19:01:14.453173: I tensorflow/compiler/jit/xla_gpu_device.cc:99] Not creating XLA devices, tf_xla_enable_xla_devices not set
mse and spike frequency: 0.11775 0.0
[32m[I 2021-04-21 19:01:24,080][0m Trial 52 finished with values: [0.11775, 0.0] with parameters: {'Vahp': -28.0, 'Vth': -47.0, 'Vmax': 16.0, 't_ref': 1.0, 'R': 0.2, 'tau_m': 3.5, 'rate_low': 31.5, 'rate_high': 32.5}.[0m
2021-04-21 19:01:24.504123: I tensorflow/compiler/jit/xla_gpu_device.cc:99] Not creating XLA devices, tf_xla_enable_xla_devices not set
maxFreq at 10nA: 84.0
2021-04-21 19:01:46.357419: I tensorflow/compiler/jit/xla_gpu_device.cc:99] Not creating XLA devices, tf_xla_enable_xla_devices not set
2021-04-21 19:01:58.255741: I tensorflow/compiler/jit/xla_gpu_device.cc:99] Not creating XLA devices, tf_xla_enable_xla_devices not set
mse and spike frequency: 0.00083 13.8
[32m[I 2021-04-21 19:02:08,177][0m Trial 53 finished with values: [0.00083, 13.8] with parameters: {'Vahp': -33.0, 'Vth': -26.0, 'Vmax': 15.0, 't_ref': 10.5, 'R': 0.9, 'tau_m': 300.0, 'rate_low': 9.0, 'rate_high': 45.0}.[0m
2021-04-21 19:02:08.628899: I tensorflow/compiler/jit/xla_gpu_device.cc:99] Not creating XLA devices, tf_xla_enable_xla_devices not set
maxFreq at 10nA: 1000.0
2021-04-21 19:02:31.011273: I tensorflow/compiler/jit/xla_gpu_device.cc:99] Not creating XLA devices, tf_xla_enable_xla_devices not set
2021-04-21 19:02:43.024189: I tensorflow/compiler/jit/xla_gpu_device.cc:99] Not creating XLA devices, tf_xla_enable_xla_devices not set
mse and spike frequency: 0.11775 0.0
[32m[I 2021-04-21 19:02:52,938][0m Trial 54 finished with values: [0.11775, 0.0] with parameters: {'Vahp': -43.0, 'Vth': -45.0, 'Vmax': 31.5, 't_ref': 8.5, 'R': 0.5, 'tau_m': 111.0, 'rate_low': 29.5, 'rate_high': 47.5}.[0m
2021-04-21 19:02:53.376139: I tensorflow/compiler/jit/xla_gpu_device.cc:99] Not creating XLA devices, tf_xla_enable_xla_devices not set
maxFreq at 10nA: 1000.0
2021-04-21 19:03:14.982771: I tensorflow/compiler/jit/xla_gpu_device.cc:99] Not creating XLA devices, tf_xla_enable_xla_devices not set
2021-04-21 19:03:28.095408: I tensorflow/compiler/jit/xla_gpu_device.cc:99] Not creating XLA devices, tf_xla_enable_xla_devices not set
mse and spike frequency: 0.11771 1000.1
[32m[I 2021-04-21 19:03:38,383][0m Trial 55 finished with values: [0.11771, 1000.1] with parameters: {'Vahp': -25.5, 'Vth': -58.5, 'Vmax': 22.0, 't_ref': 7.5, 'R': 0.7000000000000001, 'tau_m': 121.5, 'rate_low': 27.0, 'rate_high': 43.0}.[0m
2021-04-21 19:03:38.833494: I tensorflow/compiler/jit/xla_gpu_device.cc:99] Not creating XLA devices, tf_xla_enable_xla_devices not set
maxFreq at 10nA: 59.0
2021-04-21 19:04:00.530594: I tensorflow/compiler/jit/xla_gpu_device.cc:99] Not creating XLA devices, tf_xla_enable_xla_devices not set
2021-04-21 19:04:13.784438: I tensorflow/compiler/jit/xla_gpu_device.cc:99] Not creating XLA devices, tf_xla_enable_xla_devices not set
mse and spike frequency: 0.00171 2.45
[32m[I 2021-04-21 19:04:24,820][0m Trial 56 finished with values: [0.00171, 2.45] with parameters: {'Vahp': -28.0, 'Vth': -23.5, 'Vmax': 16.0, 't_ref': 16.0, 'R': 0.2, 'tau_m': 259.5, 'rate_low': 3.0, 'rate_high': 50.0}.[0m
2021-04-21 19:04:25.271103: I tensorflow/compiler/jit/xla_gpu_device.cc:99] Not creating XLA devices, tf_xla_enable_xla_devices not set
maxFreq at 10nA: 1000.0
2021-04-21 19:04:46.811736: I tensorflow/compiler/jit/xla_gpu_device.cc:99] Not creating XLA devices, tf_xla_enable_xla_devices not set
2021-04-21 19:05:00.075481: I tensorflow/compiler/jit/xla_gpu_device.cc:99] Not creating XLA devices, tf_xla_enable_xla_devices not set
mse and spike frequency: 0.11775 0.0
[32m[I 2021-04-21 19:05:11,238][0m Trial 57 finished with values: [0.11775, 0.0] with parameters: {'Vahp': -27.0, 'Vth': -54.5, 'Vmax': 25.5, 't_ref': 7.5, 'R': 0.4, 'tau_m': 475.5, 'rate_low': 2.0, 'rate_high': 35.5}.[0m
2021-04-21 19:05:11.700594: I tensorflow/compiler/jit/xla_gpu_device.cc:99] Not creating XLA devices, tf_xla_enable_xla_devices not set
maxFreq at 10nA: 1000.0
2021-04-21 19:05:33.023860: I tensorflow/compiler/jit/xla_gpu_device.cc:99] Not creating XLA devices, tf_xla_enable_xla_devices not set
2021-04-21 19:05:45.969108: I tensorflow/compiler/jit/xla_gpu_device.cc:99] Not creating XLA devices, tf_xla_enable_xla_devices not set
mse and spike frequency: 0.11775 0.0
