[32m[I 2021-04-21 19:02:42,682][0m Trial 55 finished with values: [0.00069, 9.63] with parameters: {'Vahp': -25.0, 'Vth': -24.5, 'Vmax': 35.5, 't_ref': 2.5, 'R': 1.0, 'tau_m': 399.0, 'R_adp': 0.9, 'tau_w': 48.5, 'a': 255.5, 'rate_low': 9.0, 'rate_high': 47.0}.[0m
2021-04-21 19:02:43.199709: I tensorflow/compiler/jit/xla_gpu_device.cc:99] Not creating XLA devices, tf_xla_enable_xla_devices not set
maxFreq at 10nA: 125.0
2021-04-21 19:03:05.699357: I tensorflow/compiler/jit/xla_gpu_device.cc:99] Not creating XLA devices, tf_xla_enable_xla_devices not set
2021-04-21 19:03:16.944362: I tensorflow/compiler/jit/xla_gpu_device.cc:99] Not creating XLA devices, tf_xla_enable_xla_devices not set
mse and spike frequency: 1.20994 11.48
[32m[I 2021-04-21 19:03:28,812][0m Trial 56 finished with values: [1.20994, 11.48] with parameters: {'Vahp': -39.0, 'Vth': -37.0, 'Vmax': 35.5, 't_ref': 6.5, 'R': 0.4, 'tau_m': 190.0, 'R_adp': 0.30000000000000004, 'tau_w': 143.0, 'a': 255.5, 'rate_low': 24.0, 'rate_high': 45.5}.[0m
2021-04-21 19:03:29.317806: I tensorflow/compiler/jit/xla_gpu_device.cc:99] Not creating XLA devices, tf_xla_enable_xla_devices not set
maxFreq at 10nA: 1000.0
2021-04-21 19:03:52.040824: I tensorflow/compiler/jit/xla_gpu_device.cc:99] Not creating XLA devices, tf_xla_enable_xla_devices not set
2021-04-21 19:04:03.560538: I tensorflow/compiler/jit/xla_gpu_device.cc:99] Not creating XLA devices, tf_xla_enable_xla_devices not set
mse and spike frequency: 0.11775 0.0
[32m[I 2021-04-21 19:04:15,905][0m Trial 57 finished with values: [0.11775, 0.0] with parameters: {'Vahp': -31.5, 'Vth': -54.5, 'Vmax': 20.0, 't_ref': 20.0, 'R': 0.5, 'tau_m': 328.5, 'R_adp': 0.7000000000000001, 'tau_w': 143.0, 'a': 481.5, 'rate_low': 6.5, 'rate_high': 23.5}.[0m
2021-04-21 19:04:16.398544: I tensorflow/compiler/jit/xla_gpu_device.cc:99] Not creating XLA devices, tf_xla_enable_xla_devices not set
maxFreq at 10nA: 63.0
2021-04-21 19:04:39.265306: I tensorflow/compiler/jit/xla_gpu_device.cc:99] Not creating XLA devices, tf_xla_enable_xla_devices not set
2021-04-21 19:04:50.780683: I tensorflow/compiler/jit/xla_gpu_device.cc:99] Not creating XLA devices, tf_xla_enable_xla_devices not set
mse and spike frequency: 0.0014 15.93
[32m[I 2021-04-21 19:05:03,192][0m Trial 58 finished with values: [0.0014, 15.93] with parameters: {'Vahp': -42.0, 'Vth': -29.0, 'Vmax': 40.0, 't_ref': 14.5, 'R': 0.9, 'tau_m': 480.5, 'R_adp': 0.2, 'tau_w': 107.0, 'a': 434.5, 'rate_low': 48.5, 'rate_high': 50.0}.[0m
2021-04-21 19:05:03.753016: I tensorflow/compiler/jit/xla_gpu_device.cc:99] Not creating XLA devices, tf_xla_enable_xla_devices not set
maxFreq at 10nA: 63.0
2021-04-21 19:05:27.305366: I tensorflow/compiler/jit/xla_gpu_device.cc:99] Not creating XLA devices, tf_xla_enable_xla_devices not set
2021-04-21 19:05:39.265429: I tensorflow/compiler/jit/xla_gpu_device.cc:99] Not creating XLA devices, tf_xla_enable_xla_devices not set
mse and spike frequency: 0.00691 13.86
[32m[I 2021-04-21 19:05:52,574][0m Trial 59 finished with values: [0.00691, 13.86] with parameters: {'Vahp': -50.5, 'Vth': -33.5, 'Vmax': 24.5, 't_ref': 14.5, 'R': 0.6, 'tau_m': 56.5, 'R_adp': 0.30000000000000004, 'tau_w': 288.0, 'a': 36.0, 'rate_low': 15.5, 'rate_high': 36.0}.[0m
2021-04-21 19:05:53.157907: I tensorflow/compiler/jit/xla_gpu_device.cc:99] Not creating XLA devices, tf_xla_enable_xla_devices not set
maxFreq at 10nA: 1000.0
2021-04-21 19:06:16.528205: I tensorflow/compiler/jit/xla_gpu_device.cc:99] Not creating XLA devices, tf_xla_enable_xla_devices not set
2021-04-21 19:06:29.351427: I tensorflow/compiler/jit/xla_gpu_device.cc:99] Not creating XLA devices, tf_xla_enable_xla_devices not set
mse and spike frequency: 0.11775 0.0
[32m[I 2021-04-21 19:06:42,134][0m Trial 60 finished with values: [0.11775, 0.0] with parameters: {'Vahp': -38.0, 'Vth': -48.0, 'Vmax': 30.5, 't_ref': 6.5, 'R': 0.6, 'tau_m': 327.0, 'R_adp': 0.4, 'tau_w': 429.0, 'a': 102.0, 'rate_low': 2.0, 'rate_high': 34.5}.[0m
2021-04-21 19:06:42.754351: I tensorflow/compiler/jit/xla_gpu_device.cc:99] Not creating XLA devices, tf_xla_enable_xla_devices not set
maxFreq at 10nA: 999.0
2021-04-21 19:07:05.824418: I tensorflow/compiler/jit/xla_gpu_device.cc:99] Not creating XLA devices, tf_xla_enable_xla_devices not set
2021-04-21 19:07:19.064838: I tensorflow/compiler/jit/xla_gpu_device.cc:99] Not creating XLA devices, tf_xla_enable_xla_devices not set
mse and spike frequency: 0.11775 0.0
[32m[I 2021-04-21 19:07:31,270][0m Trial 61 finished with values: [0.11775, 0.0] with parameters: {'Vahp': -34.5, 'Vth': -45.0, 'Vmax': 21.5, 't_ref': 13.0, 'R': 0.5, 'tau_m': 399.0, 'R_adp': 0.6, 'tau_w': 48.5, 'a': 60.5, 'rate_low': 6.5, 'rate_high': 47.0}.[0m
2021-04-21 19:07:31.769939: I tensorflow/compiler/jit/xla_gpu_device.cc:99] Not creating XLA devices, tf_xla_enable_xla_devices not set
maxFreq at 10nA: 1000.0
2021-04-21 19:07:54.093710: I tensorflow/compiler/jit/xla_gpu_device.cc:99] Not creating XLA devices, tf_xla_enable_xla_devices not set
2021-04-21 19:08:07.838354: I tensorflow/compiler/jit/xla_gpu_device.cc:99] Not creating XLA devices, tf_xla_enable_xla_devices not set
mse and spike frequency: 0.11771 1000.1
[32m[I 2021-04-21 19:08:19,812][0m Trial 62 finished with values: [0.11771, 1000.1] with parameters: {'Vahp': -52.0, 'Vth': -59.5, 'Vmax': 20.0, 't_ref': 16.0, 'R': 1.0, 'tau_m': 22.0, 'R_adp': 0.4, 'tau_w': 155.5, 'a': 258.0, 'rate_low': 8.0, 'rate_high': 42.5}.[0m
2021-04-21 19:08:20.288617: I tensorflow/compiler/jit/xla_gpu_device.cc:99] Not creating XLA devices, tf_xla_enable_xla_devices not set
maxFreq at 10nA: 1000.0
2021-04-21 19:08:43.078958: I tensorflow/compiler/jit/xla_gpu_device.cc:99] Not creating XLA devices, tf_xla_enable_xla_devices not set
2021-04-21 19:08:56.322004: I tensorflow/compiler/jit/xla_gpu_device.cc:99] Not creating XLA devices, tf_xla_enable_xla_devices not set
mse and spike frequency: 0.11771 1000.1
[32m[I 2021-04-21 19:09:08,328][0m Trial 63 finished with values: [0.11771, 1000.1] with parameters: {'Vahp': -50.5, 'Vth': -58.5, 'Vmax': 30.5, 't_ref': 6.5, 'R': 0.6, 'tau_m': 327.0, 'R_adp': 0.4, 'tau_w': 279.0, 'a': 252.0, 'rate_low': 2.0, 'rate_high': 34.5}.[0m
2021-04-21 19:09:08.860996: I tensorflow/compiler/jit/xla_gpu_device.cc:99] Not creating XLA devices, tf_xla_enable_xla_devices not set
maxFreq at 10nA: 1000.0
2021-04-21 19:09:31.708425: I tensorflow/compiler/jit/xla_gpu_device.cc:99] Not creating XLA devices, tf_xla_enable_xla_devices not set
2021-04-21 19:09:44.697666: I tensorflow/compiler/jit/xla_gpu_device.cc:99] Not creating XLA devices, tf_xla_enable_xla_devices not set
mse and spike frequency: 0.11775 0.0
[32m[I 2021-04-21 19:09:56,753][0m Trial 64 finished with values: [0.11775, 0.0] with parameters: {'Vahp': -20.5, 'Vth': -47.0, 'Vmax': 39.5, 't_ref': 8.0, 'R': 0.4, 'tau_m': 69.5, 'R_adp': 0.6, 'tau_w': 154.5, 'a': 154.5, 'rate_low': 12.5, 'rate_high': 35.5}.[0m
2021-04-21 19:09:57.246841: I tensorflow/compiler/jit/xla_gpu_device.cc:99] Not creating XLA devices, tf_xla_enable_xla_devices not set
maxFreq at 10nA: 1000.0
2021-04-21 19:10:20.286547: I tensorflow/compiler/jit/xla_gpu_device.cc:99] Not creating XLA devices, tf_xla_enable_xla_devices not set
2021-04-21 19:10:33.222409: I tensorflow/compiler/jit/xla_gpu_device.cc:99] Not creating XLA devices, tf_xla_enable_xla_devices not set
mse and spike frequency: 0.11775 0.0
[32m[I 2021-04-21 19:10:45,643][0m Trial 65 finished with values: [0.11775, 0.0] with parameters: {'Vahp': -32.0, 'Vth': -39.5, 'Vmax': 14.5, 't_ref': 16.0, 'R': 0.30000000000000004, 'tau_m': 33.0, 'R_adp': 0.7000000000000001, 'tau_w': 28.0, 'a': 236.5, 'rate_low': 18.0, 'rate_high': 43.0}.[0m
2021-04-21 19:10:46.158697: I tensorflow/compiler/jit/xla_gpu_device.cc:99] Not creating XLA devices, tf_xla_enable_xla_devices not set
maxFreq at 10nA: 1000.0
2021-04-21 19:11:10.178639: I tensorflow/compiler/jit/xla_gpu_device.cc:99] Not creating XLA devices, tf_xla_enable_xla_devices not set
2021-04-21 19:11:23.364682: I tensorflow/compiler/jit/xla_gpu_device.cc:99] Not creating XLA devices, tf_xla_enable_xla_devices not set
mse and spike frequency: 0.11775 0.0
[32m[I 2021-04-21 19:11:36,363][0m Trial 66 finished with values: [0.11775, 0.0] with parameters: {'Vahp': -38.5, 'Vth': -54.5, 'Vmax': 37.5, 't_ref': 0.5, 'R': 0.8, 'tau_m': 397.5, 'R_adp': 0.7000000000000001, 'tau_w': 235.0, 'a': 358.5, 'rate_low': 33.5, 'rate_high': 23.5}.[0m
2021-04-21 19:11:36.857689: I tensorflow/compiler/jit/xla_gpu_device.cc:99] Not creating XLA devices, tf_xla_enable_xla_devices not set
maxFreq at 10nA: 1000.0
2021-04-21 19:12:00.908919: I tensorflow/compiler/jit/xla_gpu_device.cc:99] Not creating XLA devices, tf_xla_enable_xla_devices not set
2021-04-21 19:12:13.791600: I tensorflow/compiler/jit/xla_gpu_device.cc:99] Not creating XLA devices, tf_xla_enable_xla_devices not set
mse and spike frequency: 0.11775 0.0
[32m[I 2021-04-21 19:12:27,898][0m Trial 67 finished with values: [0.11775, 0.0] with parameters: {'Vahp': -36.5, 'Vth': -51.0, 'Vmax': 26.0, 't_ref': 2.5, 'R': 0.6, 'tau_m': 399.0, 'R_adp': 0.2, 'tau_w': 279.0, 'a': 294.5, 'rate_low': 2.0, 'rate_high': 47.0}.[0m
2021-04-21 19:12:28.404703: I tensorflow/compiler/jit/xla_gpu_device.cc:99] Not creating XLA devices, tf_xla_enable_xla_devices not set
maxFreq at 10nA: 1000.0
2021-04-21 19:12:51.929828: I tensorflow/compiler/jit/xla_gpu_device.cc:99] Not creating XLA devices, tf_xla_enable_xla_devices not set
2021-04-21 19:13:05.925047: I tensorflow/compiler/jit/xla_gpu_device.cc:99] Not creating XLA devices, tf_xla_enable_xla_devices not set
mse and spike frequency: 0.11775 0.0
[32m[I 2021-04-21 19:13:20,598][0m Trial 68 finished with values: [0.11775, 0.0] with parameters: {'Vahp': -38.5, 'Vth': -54.5, 'Vmax': 15.5, 't_ref': 13.0, 'R': 0.5, 'tau_m': 87.0, 'R_adp': 0.7000000000000001, 'tau_w': 391.5, 'a': 60.5, 'rate_low': 6.5, 'rate_high': 23.5}.[0m
2021-04-21 19:13:21.124204: I tensorflow/compiler/jit/xla_gpu_device.cc:99] Not creating XLA devices, tf_xla_enable_xla_devices not set
maxFreq at 10nA: 1000.0
2021-04-21 19:13:45.034771: I tensorflow/compiler/jit/xla_gpu_device.cc:99] Not creating XLA devices, tf_xla_enable_xla_devices not set
2021-04-21 19:13:59.872380: I tensorflow/compiler/jit/xla_gpu_device.cc:99] Not creating XLA devices, tf_xla_enable_xla_devices not set
mse and spike frequency: 0.11775 0.0
[32m[I 2021-04-21 19:14:13,280][0m Trial 69 finished with values: [0.11775, 0.0] with parameters: {'Vahp': -42.0, 'Vth': -50.0, 'Vmax': 24.5, 't_ref': 14.5, 'R': 0.6, 'tau_m': 56.5, 'R_adp': 0.2, 'tau_w': 107.0, 'a': 36.0, 'rate_low': 14.0, 'rate_high': 50.0}.[0m
2021-04-21 19:14:13.810814: I tensorflow/compiler/jit/xla_gpu_device.cc:99] Not creating XLA devices, tf_xla_enable_xla_devices not set
maxFreq at 10nA: 1000.0
2021-04-21 19:14:37.800213: I tensorflow/compiler/jit/xla_gpu_device.cc:99] Not creating XLA devices, tf_xla_enable_xla_devices not set
2021-04-21 19:14:51.885312: I tensorflow/compiler/jit/xla_gpu_device.cc:99] Not creating XLA devices, tf_xla_enable_xla_devices not set
mse and spike frequency: 0.11775 0.0
[32m[I 2021-04-21 19:15:05,333][0m Trial 70 finished with values: [0.11775, 0.0] with parameters: {'Vahp': -37.0, 'Vth': -45.0, 'Vmax': 15.5, 't_ref': 13.0, 'R': 0.5, 'tau_m': 258.5, 'R_adp': 0.6, 'tau_w': 288.0, 'a': 60.5, 'rate_low': 9.5, 'rate_high': 36.0}.[0m
2021-04-21 19:15:05.886788: I tensorflow/compiler/jit/xla_gpu_device.cc:99] Not creating XLA devices, tf_xla_enable_xla_devices not set
maxFreq at 10nA: 997.0
2021-04-21 19:15:30.902206: I tensorflow/compiler/jit/xla_gpu_device.cc:99] Not creating XLA devices, tf_xla_enable_xla_devices not set
2021-04-21 19:15:44.619597: I tensorflow/compiler/jit/xla_gpu_device.cc:99] Not creating XLA devices, tf_xla_enable_xla_devices not set
mse and spike frequency: 0.11775 0.0
[32m[I 2021-04-21 19:15:58,142][0m Trial 71 finished with values: [0.11775, 0.0] with parameters: {'Vahp': -24.5, 'Vth': -35.5, 'Vmax': 16.5, 't_ref': 3.0, 'R': 0.2, 'tau_m': 305.5, 'R_adp': 0.8, 'tau_w': 407.0, 'a': 376.0, 'rate_low': 32.5, 'rate_high': 36.0}.[0m
2021-04-21 19:15:58.670246: I tensorflow/compiler/jit/xla_gpu_device.cc:99] Not creating XLA devices, tf_xla_enable_xla_devices not set
maxFreq at 10nA: 1000.0
2021-04-21 19:16:23.314507: I tensorflow/compiler/jit/xla_gpu_device.cc:99] Not creating XLA devices, tf_xla_enable_xla_devices not set
2021-04-21 19:16:37.488263: I tensorflow/compiler/jit/xla_gpu_device.cc:99] Not creating XLA devices, tf_xla_enable_xla_devices not set
mse and spike frequency: 0.11775 0.0
[32m[I 2021-04-21 19:16:50,980][0m Trial 72 finished with values: [0.11775, 0.0] with parameters: {'Vahp': -42.0, 'Vth': -50.0, 'Vmax': 10.0, 't_ref': 13.5, 'R': 0.9, 'tau_m': 173.5, 'R_adp': 0.2, 'tau_w': 107.0, 'a': 434.5, 'rate_low': 6.0, 'rate_high': 41.0}.[0m
2021-04-21 19:16:51.455756: I tensorflow/compiler/jit/xla_gpu_device.cc:99] Not creating XLA devices, tf_xla_enable_xla_devices not set
maxFreq at 10nA: 1000.0
2021-04-21 19:17:16.543599: I tensorflow/compiler/jit/xla_gpu_device.cc:99] Not creating XLA devices, tf_xla_enable_xla_devices not set
2021-04-21 19:17:30.829861: I tensorflow/compiler/jit/xla_gpu_device.cc:99] Not creating XLA devices, tf_xla_enable_xla_devices not set
mse and spike frequency: 0.11775 0.0
[32m[I 2021-04-21 19:17:44,518][0m Trial 73 finished with values: [0.11775, 0.0] with parameters: {'Vahp': -32.0, 'Vth': -35.5, 'Vmax': 25.5, 't_ref': 9.0, 'R': 0.8, 'tau_m': 16.0, 'R_adp': 0.8, 'tau_w': 403.0, 'a': 152.5, 'rate_low': 32.5, 'rate_high': 48.5}.[0m
2021-04-21 19:17:45.069110: I tensorflow/compiler/jit/xla_gpu_device.cc:99] Not creating XLA devices, tf_xla_enable_xla_devices not set
maxFreq at 10nA: 1000.0
2021-04-21 19:18:10.256614: I tensorflow/compiler/jit/xla_gpu_device.cc:99] Not creating XLA devices, tf_xla_enable_xla_devices not set
2021-04-21 19:18:24.801145: I tensorflow/compiler/jit/xla_gpu_device.cc:99] Not creating XLA devices, tf_xla_enable_xla_devices not set
mse and spike frequency: 0.11775 0.0
[32m[I 2021-04-21 19:18:38,138][0m Trial 74 finished with values: [0.11775, 0.0] with parameters: {'Vahp': -34.0, 'Vth': -46.0, 'Vmax': 27.5, 't_ref': 14.5, 'R': 0.30000000000000004, 'tau_m': 213.0, 'R_adp': 0.9, 'tau_w': 98.0, 'a': 60.0, 'rate_low': 37.0, 'rate_high': 38.0}.[0m
2021-04-21 19:18:38.670992: I tensorflow/compiler/jit/xla_gpu_device.cc:99] Not creating XLA devices, tf_xla_enable_xla_devices not set
maxFreq at 10nA: 1000.0
2021-04-21 19:19:03.710101: I tensorflow/compiler/jit/xla_gpu_device.cc:99] Not creating XLA devices, tf_xla_enable_xla_devices not set
2021-04-21 19:19:18.387665: I tensorflow/compiler/jit/xla_gpu_device.cc:99] Not creating XLA devices, tf_xla_enable_xla_devices not set
mse and spike frequency: 0.11771 1000.1
[32m[I 2021-04-21 19:19:32,101][0m Trial 75 finished with values: [0.11771, 1000.1] with parameters: {'Vahp': -52.0, 'Vth': -59.5, 'Vmax': 18.0, 't_ref': 14.5, 'R': 1.0, 'tau_m': 173.5, 'R_adp': 0.4, 'tau_w': 107.0, 'a': 308.0, 'rate_low': 23.0, 'rate_high': 49.0}.[0m
2021-04-21 19:19:32.615427: I tensorflow/compiler/jit/xla_gpu_device.cc:99] Not creating XLA devices, tf_xla_enable_xla_devices not set
maxFreq at 10nA: 998.0
2021-04-21 19:19:58.268291: I tensorflow/compiler/jit/xla_gpu_device.cc:99] Not creating XLA devices, tf_xla_enable_xla_devices not set
2021-04-21 19:20:13.276081: I tensorflow/compiler/jit/xla_gpu_device.cc:99] Not creating XLA devices, tf_xla_enable_xla_devices not set
mse and spike frequency: 0.11775 0.0
[32m[I 2021-04-21 19:20:27,264][0m Trial 76 finished with values: [0.11775, 0.0] with parameters: {'Vahp': -29.0, 'Vth': -39.5, 'Vmax': 14.5, 't_ref': 20.0, 'R': 0.30000000000000004, 'tau_m': 457.5, 'R_adp': 0.7000000000000001, 'tau_w': 134.5, 'a': 192.0, 'rate_low': 31.5, 'rate_high': 43.0}.[0m
2021-04-21 19:20:27.816584: I tensorflow/compiler/jit/xla_gpu_device.cc:99] Not creating XLA devices, tf_xla_enable_xla_devices not set
maxFreq at 10nA: 81.0
2021-04-21 19:20:53.506741: I tensorflow/compiler/jit/xla_gpu_device.cc:99] Not creating XLA devices, tf_xla_enable_xla_devices not set
2021-04-21 19:21:08.932190: I tensorflow/compiler/jit/xla_gpu_device.cc:99] Not creating XLA devices, tf_xla_enable_xla_devices not set
mse and spike frequency: 0.28455 3.34
[32m[I 2021-04-21 19:21:22,847][0m Trial 77 finished with values: [0.28455, 3.34] with parameters: {'Vahp': -47.0, 'Vth': -44.5, 'Vmax': 25.0, 't_ref': 9.5, 'R': 0.2, 'tau_m': 115.5, 'R_adp': 0.7000000000000001, 'tau_w': 113.0, 'a': 308.0, 'rate_low': 36.5, 'rate_high': 43.5}.[0m
2021-04-21 19:21:23.344892: I tensorflow/compiler/jit/xla_gpu_device.cc:99] Not creating XLA devices, tf_xla_enable_xla_devices not set
maxFreq at 10nA: 1000.0
2021-04-21 19:21:49.172109: I tensorflow/compiler/jit/xla_gpu_device.cc:99] Not creating XLA devices, tf_xla_enable_xla_devices not set
2021-04-21 19:22:04.504392: I tensorflow/compiler/jit/xla_gpu_device.cc:99] Not creating XLA devices, tf_xla_enable_xla_devices not set
mse and spike frequency: 0.11775 0.0
[32m[I 2021-04-21 19:22:18,134][0m Trial 78 finished with values: [0.11775, 0.0] with parameters: {'Vahp': -26.0, 'Vth': -41.5, 'Vmax': 22.0, 't_ref': 6.0, 'R': 1.0, 'tau_m': 433.0, 'R_adp': 0.8, 'tau_w': 316.0, 'a': 476.5, 'rate_low': 8.5, 'rate_high': 30.5}.[0m
2021-04-21 19:22:18.641332: I tensorflow/compiler/jit/xla_gpu_device.cc:99] Not creating XLA devices, tf_xla_enable_xla_devices not set
maxFreq at 10nA: 999.0
2021-04-21 19:22:44.198238: I tensorflow/compiler/jit/xla_gpu_device.cc:99] Not creating XLA devices, tf_xla_enable_xla_devices not set
2021-04-21 19:22:59.191266: I tensorflow/compiler/jit/xla_gpu_device.cc:99] Not creating XLA devices, tf_xla_enable_xla_devices not set
mse and spike frequency: 0.11775 0.0
[32m[I 2021-04-21 19:23:13,491][0m Trial 79 finished with values: [0.11775, 0.0] with parameters: {'Vahp': -24.5, 'Vth': -35.5, 'Vmax': 25.5, 't_ref': 8.0, 'R': 0.6, 'tau_m': 407.0, 'R_adp': 0.2, 'tau_w': 428.0, 'a': 98.0, 'rate_low': 19.0, 'rate_high': 43.5}.[0m
2021-04-21 19:23:13.986447: I tensorflow/compiler/jit/xla_gpu_device.cc:99] Not creating XLA devices, tf_xla_enable_xla_devices not set
maxFreq at 10nA: 1000.0
2021-04-21 19:23:39.896004: I tensorflow/compiler/jit/xla_gpu_device.cc:99] Not creating XLA devices, tf_xla_enable_xla_devices not set
2021-04-21 19:23:55.028237: I tensorflow/compiler/jit/xla_gpu_device.cc:99] Not creating XLA devices, tf_xla_enable_xla_devices not set
mse and spike frequency: 0.11775 0.0
[32m[I 2021-04-21 19:24:09,068][0m Trial 80 finished with values: [0.11775, 0.0] with parameters: {'Vahp': -42.0, 'Vth': -46.0, 'Vmax': 35.5, 't_ref': 8.5, 'R': 0.9, 'tau_m': 190.0, 'R_adp': 0.30000000000000004, 'tau_w': 33.5, 'a': 225.0, 'rate_low': 48.5, 'rate_high': 22.0}.[0m
2021-04-21 19:24:09.656338: I tensorflow/compiler/jit/xla_gpu_device.cc:99] Not creating XLA devices, tf_xla_enable_xla_devices not set
maxFreq at 10nA: 45.0
2021-04-21 19:24:36.107108: I tensorflow/compiler/jit/xla_gpu_device.cc:99] Not creating XLA devices, tf_xla_enable_xla_devices not set
2021-04-21 19:24:51.337255: I tensorflow/compiler/jit/xla_gpu_device.cc:99] Not creating XLA devices, tf_xla_enable_xla_devices not set
mse and spike frequency: 3.71398 5.42
[32m[I 2021-04-21 19:25:05,437][0m Trial 81 finished with values: [3.71398, 5.42] with parameters: {'Vahp': -58.0, 'Vth': -53.0, 'Vmax': 16.5, 't_ref': 20.0, 'R': 0.30000000000000004, 'tau_m': 457.5, 'R_adp': 0.7000000000000001, 'tau_w': 448.0, 'a': 192.0, 'rate_low': 31.5, 'rate_high': 35.0}.[0m
2021-04-21 19:25:06.113353: I tensorflow/compiler/jit/xla_gpu_device.cc:99] Not creating XLA devices, tf_xla_enable_xla_devices not set
maxFreq at 10nA: 999.0
2021-04-21 19:25:32.433713: I tensorflow/compiler/jit/xla_gpu_device.cc:99] Not creating XLA devices, tf_xla_enable_xla_devices not set
2021-04-21 19:25:47.963226: I tensorflow/compiler/jit/xla_gpu_device.cc:99] Not creating XLA devices, tf_xla_enable_xla_devices not set
mse and spike frequency: 0.11775 0.0
[32m[I 2021-04-21 19:26:01,988][0m Trial 82 finished with values: [0.11775, 0.0] with parameters: {'Vahp': -43.0, 'Vth': -53.5, 'Vmax': 16.5, 't_ref': 3.0, 'R': 0.2, 'tau_m': 425.0, 'R_adp': 0.9, 'tau_w': 407.0, 'a': 128.5, 'rate_low': 33.0, 'rate_high': 29.5}.[0m
2021-04-21 19:26:02.653176: I tensorflow/compiler/jit/xla_gpu_device.cc:99] Not creating XLA devices, tf_xla_enable_xla_devices not set
maxFreq at 10nA: 999.0
2021-04-21 19:26:29.405450: I tensorflow/compiler/jit/xla_gpu_device.cc:99] Not creating XLA devices, tf_xla_enable_xla_devices not set
2021-04-21 19:26:44.414426: I tensorflow/compiler/jit/xla_gpu_device.cc:99] Not creating XLA devices, tf_xla_enable_xla_devices not set
mse and spike frequency: 0.11775 0.0
[32m[I 2021-04-21 19:26:58,323][0m Trial 83 finished with values: [0.11775, 0.0] with parameters: {'Vahp': -31.5, 'Vth': -37.0, 'Vmax': 32.5, 't_ref': 6.5, 'R': 0.5, 'tau_m': 294.0, 'R_adp': 0.1, 'tau_w': 143.0, 'a': 481.5, 'rate_low': 24.0, 'rate_high': 44.5}.[0m
2021-04-21 19:26:58.893551: I tensorflow/compiler/jit/xla_gpu_device.cc:99] Not creating XLA devices, tf_xla_enable_xla_devices not set
maxFreq at 10nA: 1000.0
2021-04-21 19:27:25.959687: I tensorflow/compiler/jit/xla_gpu_device.cc:99] Not creating XLA devices, tf_xla_enable_xla_devices not set
2021-04-21 19:27:40.642456: I tensorflow/compiler/jit/xla_gpu_device.cc:99] Not creating XLA devices, tf_xla_enable_xla_devices not set
mse and spike frequency: 0.11775 0.0
