[32m[I 2021-04-21 23:12:23,960][0m Trial 239 finished with values: [0.11775, 0.0] with parameters: {'Vahp': -25.0, 'Vth': -39.5, 'Vmax': 36.5, 't_ref': 2.5, 'R': 0.30000000000000004, 'tau_m': 491.5, 'R_adp': 0.9, 'tau_w': 279.0, 'a': 462.0, 'rate_low': 48.5, 'rate_high': 34.5}.[0m
[32m[I 2021-04-21 23:14:27,952][0m Trial 240 finished with values: [4.09845, 8.96] with parameters: {'Vahp': -48.5, 'Vth': -41.5, 'Vmax': 21.0, 't_ref': 13.5, 'R': 0.5, 'tau_m': 433.0, 'R_adp': 0.4, 'tau_w': 236.5, 'a': 476.5, 'rate_low': 39.0, 'rate_high': 49.0}.[0m
[32m[I 2021-04-21 23:16:31,157][0m Trial 241 finished with values: [0.11775, 0.0] with parameters: {'Vahp': -31.5, 'Vth': -39.5, 'Vmax': 17.0, 't_ref': 13.5, 'R': 0.5, 'tau_m': 496.5, 'R_adp': 0.4, 'tau_w': 236.5, 'a': 192.0, 'rate_low': 32.0, 'rate_high': 43.0}.[0m
[32m[I 2021-04-21 23:18:34,304][0m Trial 242 finished with values: [0.11775, 0.0] with parameters: {'Vahp': -44.5, 'Vth': -51.5, 'Vmax': 19.0, 't_ref': 14.5, 'R': 0.9, 'tau_m': 328.5, 'R_adp': 0.9, 'tau_w': 107.0, 'a': 358.5, 'rate_low': 16.5, 'rate_high': 41.0}.[0m
[32m[I 2021-04-21 23:20:38,722][0m Trial 243 finished with values: [0.11775, 0.0] with parameters: {'Vahp': -32.0, 'Vth': -57.5, 'Vmax': 15.5, 't_ref': 20.0, 'R': 0.30000000000000004, 'tau_m': 16.0, 'R_adp': 0.7000000000000001, 'tau_w': 194.0, 'a': 152.5, 'rate_low': 31.5, 'rate_high': 30.5}.[0m
[32m[I 2021-04-21 23:22:43,612][0m Trial 244 finished with values: [0.11775, 0.0] with parameters: {'Vahp': -32.0, 'Vth': -51.5, 'Vmax': 26.5, 't_ref': 15.0, 'R': 0.5, 'tau_m': 433.0, 'R_adp': 0.9, 'tau_w': 194.0, 'a': 17.0, 'rate_low': 6.0, 'rate_high': 34.0}.[0m
[32m[I 2021-04-21 23:24:46,153][0m Trial 245 finished with values: [0.11775, 0.0] with parameters: {'Vahp': -25.0, 'Vth': -51.5, 'Vmax': 35.5, 't_ref': 14.5, 'R': 0.8, 'tau_m': 214.5, 'R_adp': 0.9, 'tau_w': 163.5, 'a': 192.0, 'rate_low': 9.0, 'rate_high': 22.0}.[0m
[32m[I 2021-04-21 23:26:49,945][0m Trial 246 finished with values: [0.00453, 4.77] with parameters: {'Vahp': -50.5, 'Vth': -35.5, 'Vmax': 26.5, 't_ref': 6.5, 'R': 0.2, 'tau_m': 132.5, 'R_adp': 0.8, 'tau_w': 48.5, 'a': 243.5, 'rate_low': 32.0, 'rate_high': 34.0}.[0m
[32m[I 2021-04-21 23:28:55,337][0m Trial 247 finished with values: [16.02371, 6.26] with parameters: {'Vahp': -48.0, 'Vth': -41.5, 'Vmax': 26.5, 't_ref': 9.0, 'R': 0.30000000000000004, 'tau_m': 433.0, 'R_adp': 0.8, 'tau_w': 194.0, 'a': 465.5, 'rate_low': 42.5, 'rate_high': 48.5}.[0m
[32m[I 2021-04-21 23:31:01,602][0m Trial 248 finished with values: [15.82006, 6.6] with parameters: {'Vahp': -32.0, 'Vth': -29.0, 'Vmax': 15.5, 't_ref': 13.0, 'R': 0.7000000000000001, 'tau_m': 87.0, 'R_adp': 0.8, 'tau_w': 391.5, 'a': 400.5, 'rate_low': 6.5, 'rate_high': 30.5}.[0m
[32m[I 2021-04-21 23:33:05,926][0m Trial 249 finished with values: [0.11775, 0.0] with parameters: {'Vahp': -38.0, 'Vth': -39.5, 'Vmax': 15.5, 't_ref': 14.5, 'R': 0.30000000000000004, 'tau_m': 173.5, 'R_adp': 0.30000000000000004, 'tau_w': 279.0, 'a': 434.5, 'rate_low': 33.5, 'rate_high': 48.5}.[0m
