[32m[I 2021-04-20 20:48:46,316][0m Trial 89 finished with values: [0.09995, 0.0] with parameters: {'Vahp': -22.0, 'Vth': -24.0, 'Vmax': 29.5, 't_ref': 9.5, 'R': 1.0, 'tau_m': 223.5, 'rate_low': 14.0, 'rate_high': 26.0}.[0m
2021-04-20 20:48:46.876486: I tensorflow/compiler/jit/xla_gpu_device.cc:99] Not creating XLA devices, tf_xla_enable_xla_devices not set
maxFreq at 10nA: 1000.0
2021-04-20 20:49:12.826385: I tensorflow/compiler/jit/xla_gpu_device.cc:99] Not creating XLA devices, tf_xla_enable_xla_devices not set
2021-04-20 20:49:29.561754: I tensorflow/compiler/jit/xla_gpu_device.cc:99] Not creating XLA devices, tf_xla_enable_xla_devices not set
mse and spike frequency: 0.09995 0.0
[32m[I 2021-04-20 20:49:44,820][0m Trial 90 finished with values: [0.09995, 0.0] with parameters: {'Vahp': -39.0, 'Vth': -49.5, 'Vmax': 40.0, 't_ref': 7.0, 'R': 0.6, 'tau_m': 445.5, 'rate_low': 47.0, 'rate_high': 17.0}.[0m
2021-04-20 20:49:45.448700: I tensorflow/compiler/jit/xla_gpu_device.cc:99] Not creating XLA devices, tf_xla_enable_xla_devices not set
maxFreq at 10nA: 999.0
2021-04-20 20:50:11.259784: I tensorflow/compiler/jit/xla_gpu_device.cc:99] Not creating XLA devices, tf_xla_enable_xla_devices not set
2021-04-20 20:50:27.817871: I tensorflow/compiler/jit/xla_gpu_device.cc:99] Not creating XLA devices, tf_xla_enable_xla_devices not set
mse and spike frequency: 0.09995 0.0
[32m[I 2021-04-20 20:50:42,728][0m Trial 91 finished with values: [0.09995, 0.0] with parameters: {'Vahp': -42.5, 'Vth': -45.5, 'Vmax': 33.5, 't_ref': 5.5, 'R': 0.1, 'tau_m': 94.5, 'rate_low': 24.0, 'rate_high': 45.5}.[0m
2021-04-20 20:50:43.303752: I tensorflow/compiler/jit/xla_gpu_device.cc:99] Not creating XLA devices, tf_xla_enable_xla_devices not set
maxFreq at 10nA: 1000.0
2021-04-20 20:51:09.385642: I tensorflow/compiler/jit/xla_gpu_device.cc:99] Not creating XLA devices, tf_xla_enable_xla_devices not set
2021-04-20 20:51:26.109369: I tensorflow/compiler/jit/xla_gpu_device.cc:99] Not creating XLA devices, tf_xla_enable_xla_devices not set
mse and spike frequency: 0.09995 0.0
[32m[I 2021-04-20 20:51:41,140][0m Trial 92 finished with values: [0.09995, 0.0] with parameters: {'Vahp': -29.0, 'Vth': -48.0, 'Vmax': 22.5, 't_ref': 10.5, 'R': 0.5, 'tau_m': 97.5, 'rate_low': 20.0, 'rate_high': 50.0}.[0m
2021-04-20 20:51:41.698634: I tensorflow/compiler/jit/xla_gpu_device.cc:99] Not creating XLA devices, tf_xla_enable_xla_devices not set
maxFreq at 10nA: 1000.0
2021-04-20 20:52:07.554306: I tensorflow/compiler/jit/xla_gpu_device.cc:99] Not creating XLA devices, tf_xla_enable_xla_devices not set
2021-04-20 20:52:24.009080: I tensorflow/compiler/jit/xla_gpu_device.cc:99] Not creating XLA devices, tf_xla_enable_xla_devices not set
mse and spike frequency: 0.09995 0.0
[32m[I 2021-04-20 20:52:39,237][0m Trial 93 finished with values: [0.09995, 0.0] with parameters: {'Vahp': -20.0, 'Vth': -57.5, 'Vmax': 27.0, 't_ref': 16.5, 'R': 1.0, 'tau_m': 97.5, 'rate_low': 48.5, 'rate_high': 49.5}.[0m
2021-04-20 20:52:39.775836: I tensorflow/compiler/jit/xla_gpu_device.cc:99] Not creating XLA devices, tf_xla_enable_xla_devices not set
maxFreq at 10nA: 333.0
2021-04-20 20:53:06.692273: I tensorflow/compiler/jit/xla_gpu_device.cc:99] Not creating XLA devices, tf_xla_enable_xla_devices not set
2021-04-20 20:53:22.984980: I tensorflow/compiler/jit/xla_gpu_device.cc:99] Not creating XLA devices, tf_xla_enable_xla_devices not set
mse and spike frequency: 0.00161 21.25
[32m[I 2021-04-20 20:53:38,401][0m Trial 94 finished with values: [0.00161, 21.25] with parameters: {'Vahp': -49.5, 'Vth': -30.0, 'Vmax': 17.5, 't_ref': 1.0, 'R': 0.6, 'tau_m': 334.0, 'rate_low': 32.5, 'rate_high': 16.0}.[0m
2021-04-20 20:53:38.925511: I tensorflow/compiler/jit/xla_gpu_device.cc:99] Not creating XLA devices, tf_xla_enable_xla_devices not set
maxFreq at 10nA: 332.0
2021-04-20 20:54:05.427375: I tensorflow/compiler/jit/xla_gpu_device.cc:99] Not creating XLA devices, tf_xla_enable_xla_devices not set
2021-04-20 20:54:22.239460: I tensorflow/compiler/jit/xla_gpu_device.cc:99] Not creating XLA devices, tf_xla_enable_xla_devices not set
mse and spike frequency: 0.00258 37.37
[32m[I 2021-04-20 20:54:38,224][0m Trial 95 finished with values: [0.00258, 37.37] with parameters: {'Vahp': -34.0, 'Vth': -32.0, 'Vmax': 27.5, 't_ref': 2.0, 'R': 0.2, 'tau_m': 411.0, 'rate_low': 29.0, 'rate_high': 47.0}.[0m
2021-04-20 20:54:38.752653: I tensorflow/compiler/jit/xla_gpu_device.cc:99] Not creating XLA devices, tf_xla_enable_xla_devices not set
maxFreq at 10nA: 48.0
2021-04-20 20:55:05.173076: I tensorflow/compiler/jit/xla_gpu_device.cc:99] Not creating XLA devices, tf_xla_enable_xla_devices not set
2021-04-20 20:55:22.021896: I tensorflow/compiler/jit/xla_gpu_device.cc:99] Not creating XLA devices, tf_xla_enable_xla_devices not set
mse and spike frequency: 0.00849 19.56
[32m[I 2021-04-20 20:55:38,160][0m Trial 96 finished with values: [0.00849, 19.56] with parameters: {'Vahp': -33.5, 'Vth': -27.0, 'Vmax': 34.0, 't_ref': 19.5, 'R': 1.0, 'tau_m': 420.0, 'rate_low': 48.0, 'rate_high': 50.0}.[0m
2021-04-20 20:55:38.706057: I tensorflow/compiler/jit/xla_gpu_device.cc:99] Not creating XLA devices, tf_xla_enable_xla_devices not set
maxFreq at 10nA: 48.0
2021-04-20 20:56:05.502532: I tensorflow/compiler/jit/xla_gpu_device.cc:99] Not creating XLA devices, tf_xla_enable_xla_devices not set
2021-04-20 20:56:23.463849: I tensorflow/compiler/jit/xla_gpu_device.cc:99] Not creating XLA devices, tf_xla_enable_xla_devices not set
mse and spike frequency: 0.01036 6.19
[32m[I 2021-04-20 20:56:40,531][0m Trial 97 finished with values: [0.01036, 6.19] with parameters: {'Vahp': -53.0, 'Vth': -24.0, 'Vmax': 12.5, 't_ref': 18.5, 'R': 0.2, 'tau_m': 100.5, 'rate_low': 15.0, 'rate_high': 42.0}.[0m
2021-04-20 20:56:41.087316: I tensorflow/compiler/jit/xla_gpu_device.cc:99] Not creating XLA devices, tf_xla_enable_xla_devices not set
maxFreq at 10nA: 1000.0
2021-04-20 20:57:08.468819: I tensorflow/compiler/jit/xla_gpu_device.cc:99] Not creating XLA devices, tf_xla_enable_xla_devices not set
2021-04-20 20:57:27.313632: I tensorflow/compiler/jit/xla_gpu_device.cc:99] Not creating XLA devices, tf_xla_enable_xla_devices not set
mse and spike frequency: 0.09995 0.0
[32m[I 2021-04-20 20:57:44,750][0m Trial 98 finished with values: [0.09995, 0.0] with parameters: {'Vahp': -45.5, 'Vth': -51.0, 'Vmax': 23.0, 't_ref': 6.5, 'R': 0.7000000000000001, 'tau_m': 211.5, 'rate_low': 35.5, 'rate_high': 41.0}.[0m
2021-04-20 20:57:45.318518: I tensorflow/compiler/jit/xla_gpu_device.cc:99] Not creating XLA devices, tf_xla_enable_xla_devices not set
maxFreq at 10nA: 333.0
2021-04-20 20:58:12.775388: I tensorflow/compiler/jit/xla_gpu_device.cc:99] Not creating XLA devices, tf_xla_enable_xla_devices not set
2021-04-20 20:58:31.292709: I tensorflow/compiler/jit/xla_gpu_device.cc:99] Not creating XLA devices, tf_xla_enable_xla_devices not set
mse and spike frequency: 0.00205 18.39
[32m[I 2021-04-20 20:58:48,199][0m Trial 99 finished with values: [0.00205, 18.39] with parameters: {'Vahp': -46.5, 'Vth': -30.0, 'Vmax': 25.5, 't_ref': 2.0, 'R': 0.9, 'tau_m': 357.0, 'rate_low': 10.0, 'rate_high': 49.5}.[0m
2021-04-20 20:58:48.828282: I tensorflow/compiler/jit/xla_gpu_device.cc:99] Not creating XLA devices, tf_xla_enable_xla_devices not set
maxFreq at 10nA: 1000.0
2021-04-20 20:59:15.703947: I tensorflow/compiler/jit/xla_gpu_device.cc:99] Not creating XLA devices, tf_xla_enable_xla_devices not set
2021-04-20 20:59:33.209316: I tensorflow/compiler/jit/xla_gpu_device.cc:99] Not creating XLA devices, tf_xla_enable_xla_devices not set
mse and spike frequency: 0.09995 0.0
[32m[I 2021-04-20 20:59:49,714][0m Trial 100 finished with values: [0.09995, 0.0] with parameters: {'Vahp': -22.0, 'Vth': -24.0, 'Vmax': 29.5, 't_ref': 9.5, 'R': 1.0, 'tau_m': 223.5, 'rate_low': 14.0, 'rate_high': 26.0}.[0m
2021-04-20 20:59:50.278314: I tensorflow/compiler/jit/xla_gpu_device.cc:99] Not creating XLA devices, tf_xla_enable_xla_devices not set
maxFreq at 10nA: 1000.0
2021-04-20 21:00:18.192311: I tensorflow/compiler/jit/xla_gpu_device.cc:99] Not creating XLA devices, tf_xla_enable_xla_devices not set
2021-04-20 21:00:34.685701: I tensorflow/compiler/jit/xla_gpu_device.cc:99] Not creating XLA devices, tf_xla_enable_xla_devices not set
mse and spike frequency: 0.09995 0.0
[32m[I 2021-04-20 21:00:51,199][0m Trial 101 finished with values: [0.09995, 0.0] with parameters: {'Vahp': -24.5, 'Vth': -51.0, 'Vmax': 34.0, 't_ref': 18.5, 'R': 0.8, 'tau_m': 410.0, 'rate_low': 15.0, 'rate_high': 34.0}.[0m
2021-04-20 21:00:51.751462: I tensorflow/compiler/jit/xla_gpu_device.cc:99] Not creating XLA devices, tf_xla_enable_xla_devices not set
maxFreq at 10nA: 999.0
2021-04-20 21:01:19.663206: I tensorflow/compiler/jit/xla_gpu_device.cc:99] Not creating XLA devices, tf_xla_enable_xla_devices not set
2021-04-20 21:01:36.867171: I tensorflow/compiler/jit/xla_gpu_device.cc:99] Not creating XLA devices, tf_xla_enable_xla_devices not set
mse and spike frequency: 0.09995 0.0
[32m[I 2021-04-20 21:01:53,705][0m Trial 102 finished with values: [0.09995, 0.0] with parameters: {'Vahp': -39.0, 'Vth': -41.0, 'Vmax': 14.5, 't_ref': 5.0, 'R': 0.7000000000000001, 'tau_m': 437.5, 'rate_low': 15.0, 'rate_high': 10.5}.[0m
2021-04-20 21:01:54.253586: I tensorflow/compiler/jit/xla_gpu_device.cc:99] Not creating XLA devices, tf_xla_enable_xla_devices not set
maxFreq at 10nA: 1000.0
2021-04-20 21:02:22.587897: I tensorflow/compiler/jit/xla_gpu_device.cc:99] Not creating XLA devices, tf_xla_enable_xla_devices not set
2021-04-20 21:02:40.639972: I tensorflow/compiler/jit/xla_gpu_device.cc:99] Not creating XLA devices, tf_xla_enable_xla_devices not set
mse and spike frequency: 0.09995 0.0
[32m[I 2021-04-20 21:02:57,576][0m Trial 103 finished with values: [0.09995, 0.0] with parameters: {'Vahp': -41.5, 'Vth': -57.5, 'Vmax': 27.0, 't_ref': 0.5, 'R': 0.5, 'tau_m': 255.0, 'rate_low': 36.0, 'rate_high': 49.5}.[0m
2021-04-20 21:02:58.157115: I tensorflow/compiler/jit/xla_gpu_device.cc:99] Not creating XLA devices, tf_xla_enable_xla_devices not set
maxFreq at 10nA: 997.0
2021-04-20 21:03:26.815573: I tensorflow/compiler/jit/xla_gpu_device.cc:99] Not creating XLA devices, tf_xla_enable_xla_devices not set
2021-04-20 21:03:45.525872: I tensorflow/compiler/jit/xla_gpu_device.cc:99] Not creating XLA devices, tf_xla_enable_xla_devices not set
mse and spike frequency: 0.14043 746.39
[32m[I 2021-04-20 21:04:02,220][0m Trial 104 finished with values: [0.14043, 746.39] with parameters: {'Vahp': -39.0, 'Vth': -49.5, 'Vmax': 40.0, 't_ref': 7.0, 'R': 0.1, 'tau_m': 445.5, 'rate_low': 47.0, 'rate_high': 49.5}.[0m
2021-04-20 21:04:02.822510: I tensorflow/compiler/jit/xla_gpu_device.cc:99] Not creating XLA devices, tf_xla_enable_xla_devices not set
maxFreq at 10nA: 1000.0
2021-04-20 21:04:31.473822: I tensorflow/compiler/jit/xla_gpu_device.cc:99] Not creating XLA devices, tf_xla_enable_xla_devices not set
2021-04-20 21:04:51.006568: I tensorflow/compiler/jit/xla_gpu_device.cc:99] Not creating XLA devices, tf_xla_enable_xla_devices not set
mse and spike frequency: 0.09995 0.0
[32m[I 2021-04-20 21:05:08,297][0m Trial 105 finished with values: [0.09995, 0.0] with parameters: {'Vahp': -44.0, 'Vth': -51.0, 'Vmax': 30.5, 't_ref': 14.5, 'R': 0.2, 'tau_m': 261.0, 'rate_low': 4.5, 'rate_high': 7.0}.[0m
2021-04-20 21:05:08.869813: I tensorflow/compiler/jit/xla_gpu_device.cc:99] Not creating XLA devices, tf_xla_enable_xla_devices not set
maxFreq at 10nA: 1000.0
2021-04-20 21:05:37.622172: I tensorflow/compiler/jit/xla_gpu_device.cc:99] Not creating XLA devices, tf_xla_enable_xla_devices not set
2021-04-20 21:05:57.019190: I tensorflow/compiler/jit/xla_gpu_device.cc:99] Not creating XLA devices, tf_xla_enable_xla_devices not set
mse and spike frequency: 0.09995 0.0
[32m[I 2021-04-20 21:06:14,386][0m Trial 106 finished with values: [0.09995, 0.0] with parameters: {'Vahp': -24.5, 'Vth': -51.0, 'Vmax': 25.0, 't_ref': 6.5, 'R': 1.0, 'tau_m': 88.5, 'rate_low': 35.5, 'rate_high': 10.5}.[0m
2021-04-20 21:06:14.956961: I tensorflow/compiler/jit/xla_gpu_device.cc:99] Not creating XLA devices, tf_xla_enable_xla_devices not set
maxFreq at 10nA: 1000.0
2021-04-20 21:06:44.495750: I tensorflow/compiler/jit/xla_gpu_device.cc:99] Not creating XLA devices, tf_xla_enable_xla_devices not set
2021-04-20 21:07:02.689748: I tensorflow/compiler/jit/xla_gpu_device.cc:99] Not creating XLA devices, tf_xla_enable_xla_devices not set
mse and spike frequency: 0.09995 0.0
[32m[I 2021-04-20 21:07:20,088][0m Trial 107 finished with values: [0.09995, 0.0] with parameters: {'Vahp': -29.0, 'Vth': -48.0, 'Vmax': 28.5, 't_ref': 10.5, 'R': 0.4, 'tau_m': 97.5, 'rate_low': 20.0, 'rate_high': 47.0}.[0m
2021-04-20 21:07:20.671174: I tensorflow/compiler/jit/xla_gpu_device.cc:99] Not creating XLA devices, tf_xla_enable_xla_devices not set
maxFreq at 10nA: 999.0
2021-04-20 21:07:50.789552: I tensorflow/compiler/jit/xla_gpu_device.cc:99] Not creating XLA devices, tf_xla_enable_xla_devices not set
2021-04-20 21:08:08.286968: I tensorflow/compiler/jit/xla_gpu_device.cc:99] Not creating XLA devices, tf_xla_enable_xla_devices not set
mse and spike frequency: 0.09995 0.0
[32m[I 2021-04-20 21:08:25,931][0m Trial 108 finished with values: [0.09995, 0.0] with parameters: {'Vahp': -20.0, 'Vth': -45.5, 'Vmax': 33.5, 't_ref': 13.0, 'R': 0.1, 'tau_m': 97.5, 'rate_low': 48.5, 'rate_high': 49.5}.[0m
2021-04-20 21:08:26.511461: I tensorflow/compiler/jit/xla_gpu_device.cc:99] Not creating XLA devices, tf_xla_enable_xla_devices not set
maxFreq at 10nA: 999.0
2021-04-20 21:08:56.491739: I tensorflow/compiler/jit/xla_gpu_device.cc:99] Not creating XLA devices, tf_xla_enable_xla_devices not set
2021-04-20 21:09:14.326262: I tensorflow/compiler/jit/xla_gpu_device.cc:99] Not creating XLA devices, tf_xla_enable_xla_devices not set
mse and spike frequency: 0.09995 0.0
[32m[I 2021-04-20 21:09:32,312][0m Trial 109 finished with values: [0.09995, 0.0] with parameters: {'Vahp': -29.0, 'Vth': -47.0, 'Vmax': 22.0, 't_ref': 11.0, 'R': 0.2, 'tau_m': 298.0, 'rate_low': 6.5, 'rate_high': 32.5}.[0m
2021-04-20 21:09:32.913707: I tensorflow/compiler/jit/xla_gpu_device.cc:99] Not creating XLA devices, tf_xla_enable_xla_devices not set
maxFreq at 10nA: 63.0
2021-04-20 21:10:03.539631: I tensorflow/compiler/jit/xla_gpu_device.cc:99] Not creating XLA devices, tf_xla_enable_xla_devices not set
2021-04-20 21:10:22.043035: I tensorflow/compiler/jit/xla_gpu_device.cc:99] Not creating XLA devices, tf_xla_enable_xla_devices not set
mse and spike frequency: 0.09995 0.0
[32m[I 2021-04-20 21:10:39,783][0m Trial 110 finished with values: [0.09995, 0.0] with parameters: {'Vahp': -50.5, 'Vth': -50.5, 'Vmax': 28.0, 't_ref': 14.5, 'R': 0.9, 'tau_m': 255.5, 'rate_low': 39.5, 'rate_high': 43.5}.[0m
2021-04-20 21:10:40.483288: I tensorflow/compiler/jit/xla_gpu_device.cc:99] Not creating XLA devices, tf_xla_enable_xla_devices not set
maxFreq at 10nA: 1000.0
2021-04-20 21:11:10.828161: I tensorflow/compiler/jit/xla_gpu_device.cc:99] Not creating XLA devices, tf_xla_enable_xla_devices not set
2021-04-20 21:11:29.584039: I tensorflow/compiler/jit/xla_gpu_device.cc:99] Not creating XLA devices, tf_xla_enable_xla_devices not set
mse and spike frequency: 0.09995 0.0
[32m[I 2021-04-20 21:11:47,080][0m Trial 111 finished with values: [0.09995, 0.0] with parameters: {'Vahp': -25.0, 'Vth': -48.0, 'Vmax': 17.5, 't_ref': 10.5, 'R': 0.6, 'tau_m': 97.5, 'rate_low': 20.0, 'rate_high': 35.0}.[0m
2021-04-20 21:11:47.803969: I tensorflow/compiler/jit/xla_gpu_device.cc:99] Not creating XLA devices, tf_xla_enable_xla_devices not set
maxFreq at 10nA: 1000.0
2021-04-20 21:12:18.151015: I tensorflow/compiler/jit/xla_gpu_device.cc:99] Not creating XLA devices, tf_xla_enable_xla_devices not set
2021-04-20 21:12:37.178544: I tensorflow/compiler/jit/xla_gpu_device.cc:99] Not creating XLA devices, tf_xla_enable_xla_devices not set
mse and spike frequency: 0.09995 0.0
[32m[I 2021-04-20 21:12:53,937][0m Trial 112 finished with values: [0.09995, 0.0] with parameters: {'Vahp': -39.0, 'Vth': -49.5, 'Vmax': 40.0, 't_ref': 7.0, 'R': 0.6, 'tau_m': 211.5, 'rate_low': 17.5, 'rate_high': 17.0}.[0m
2021-04-20 21:12:54.756500: I tensorflow/compiler/jit/xla_gpu_device.cc:99] Not creating XLA devices, tf_xla_enable_xla_devices not set
maxFreq at 10nA: 1000.0
2021-04-20 21:13:25.023259: I tensorflow/compiler/jit/xla_gpu_device.cc:99] Not creating XLA devices, tf_xla_enable_xla_devices not set
2021-04-20 21:13:43.704319: I tensorflow/compiler/jit/xla_gpu_device.cc:99] Not creating XLA devices, tf_xla_enable_xla_devices not set
mse and spike frequency: 0.09995 0.0
[32m[I 2021-04-20 21:14:01,265][0m Trial 113 finished with values: [0.09995, 0.0] with parameters: {'Vahp': -45.0, 'Vth': -57.5, 'Vmax': 29.0, 't_ref': 2.5, 'R': 0.5, 'tau_m': 97.5, 'rate_low': 48.5, 'rate_high': 49.5}.[0m
2021-04-20 21:14:01.939096: I tensorflow/compiler/jit/xla_gpu_device.cc:99] Not creating XLA devices, tf_xla_enable_xla_devices not set
maxFreq at 10nA: 1000.0
2021-04-20 21:14:31.839623: I tensorflow/compiler/jit/xla_gpu_device.cc:99] Not creating XLA devices, tf_xla_enable_xla_devices not set
2021-04-20 21:14:50.931485: I tensorflow/compiler/jit/xla_gpu_device.cc:99] Not creating XLA devices, tf_xla_enable_xla_devices not set
mse and spike frequency: 0.09995 0.0
[32m[I 2021-04-20 21:15:08,041][0m Trial 114 finished with values: [0.09995, 0.0] with parameters: {'Vahp': -21.0, 'Vth': -41.0, 'Vmax': 14.5, 't_ref': 5.0, 'R': 0.7000000000000001, 'tau_m': 33.5, 'rate_low': 9.5, 'rate_high': 10.0}.[0m
2021-04-20 21:15:08.622431: I tensorflow/compiler/jit/xla_gpu_device.cc:99] Not creating XLA devices, tf_xla_enable_xla_devices not set
maxFreq at 10nA: 91.0
2021-04-20 21:15:38.449336: I tensorflow/compiler/jit/xla_gpu_device.cc:99] Not creating XLA devices, tf_xla_enable_xla_devices not set
2021-04-20 21:15:57.479230: I tensorflow/compiler/jit/xla_gpu_device.cc:99] Not creating XLA devices, tf_xla_enable_xla_devices not set
mse and spike frequency: 0.00408 7.86
[32m[I 2021-04-20 21:16:14,774][0m Trial 115 finished with values: [0.00408, 7.86] with parameters: {'Vahp': -54.5, 'Vth': -24.0, 'Vmax': 22.5, 't_ref': 10.0, 'R': 0.4, 'tau_m': 100.5, 'rate_low': 4.5, 'rate_high': 47.0}.[0m
2021-04-20 21:16:15.346477: I tensorflow/compiler/jit/xla_gpu_device.cc:99] Not creating XLA devices, tf_xla_enable_xla_devices not set
maxFreq at 10nA: 53.0
2021-04-20 21:16:44.090613: I tensorflow/compiler/jit/xla_gpu_device.cc:99] Not creating XLA devices, tf_xla_enable_xla_devices not set
2021-04-20 21:17:03.270340: I tensorflow/compiler/jit/xla_gpu_device.cc:99] Not creating XLA devices, tf_xla_enable_xla_devices not set
mse and spike frequency: 0.00532 13.6
[32m[I 2021-04-20 21:17:20,186][0m Trial 116 finished with values: [0.00532, 13.6] with parameters: {'Vahp': -43.0, 'Vth': -20.5, 'Vmax': 20.0, 't_ref': 17.5, 'R': 1.0, 'tau_m': 266.5, 'rate_low': 17.5, 'rate_high': 48.0}.[0m
2021-04-20 21:17:20.807713: I tensorflow/compiler/jit/xla_gpu_device.cc:99] Not creating XLA devices, tf_xla_enable_xla_devices not set
maxFreq at 10nA: 200.0
2021-04-20 21:17:50.434007: I tensorflow/compiler/jit/xla_gpu_device.cc:99] Not creating XLA devices, tf_xla_enable_xla_devices not set
2021-04-20 21:18:10.308908: I tensorflow/compiler/jit/xla_gpu_device.cc:99] Not creating XLA devices, tf_xla_enable_xla_devices not set
mse and spike frequency: 0.00173 18.56
[32m[I 2021-04-20 21:18:27,247][0m Trial 117 finished with values: [0.00173, 18.56] with parameters: {'Vahp': -53.0, 'Vth': -49.5, 'Vmax': 22.5, 't_ref': 2.5, 'R': 0.1, 'tau_m': 445.5, 'rate_low': 42.0, 'rate_high': 42.0}.[0m
2021-04-20 21:18:27.870514: I tensorflow/compiler/jit/xla_gpu_device.cc:99] Not creating XLA devices, tf_xla_enable_xla_devices not set
maxFreq at 10nA: 999.0
2021-04-20 21:18:56.758701: I tensorflow/compiler/jit/xla_gpu_device.cc:99] Not creating XLA devices, tf_xla_enable_xla_devices not set
2021-04-20 21:19:16.340835: I tensorflow/compiler/jit/xla_gpu_device.cc:99] Not creating XLA devices, tf_xla_enable_xla_devices not set
mse and spike frequency: 0.09995 0.0
[32m[I 2021-04-20 21:19:33,365][0m Trial 118 finished with values: [0.09995, 0.0] with parameters: {'Vahp': -21.0, 'Vth': -31.5, 'Vmax': 34.0, 't_ref': 5.5, 'R': 1.0, 'tau_m': 396.0, 'rate_low': 11.0, 'rate_high': 34.0}.[0m
2021-04-20 21:19:34.070514: I tensorflow/compiler/jit/xla_gpu_device.cc:99] Not creating XLA devices, tf_xla_enable_xla_devices not set
maxFreq at 10nA: 1000.0
2021-04-20 21:20:03.097024: I tensorflow/compiler/jit/xla_gpu_device.cc:99] Not creating XLA devices, tf_xla_enable_xla_devices not set
2021-04-20 21:20:22.460035: I tensorflow/compiler/jit/xla_gpu_device.cc:99] Not creating XLA devices, tf_xla_enable_xla_devices not set
mse and spike frequency: 0.09995 0.0
[32m[I 2021-04-20 21:20:40,172][0m Trial 119 finished with values: [0.09995, 0.0] with parameters: {'Vahp': -30.5, 'Vth': -47.0, 'Vmax': 31.0, 't_ref': 20.0, 'R': 1.0, 'tau_m': 410.0, 'rate_low': 9.5, 'rate_high': 12.5}.[0m
2021-04-20 21:20:40.947889: I tensorflow/compiler/jit/xla_gpu_device.cc:99] Not creating XLA devices, tf_xla_enable_xla_devices not set
maxFreq at 10nA: 59.0
2021-04-20 21:21:10.984590: I tensorflow/compiler/jit/xla_gpu_device.cc:99] Not creating XLA devices, tf_xla_enable_xla_devices not set
2021-04-20 21:21:30.389666: I tensorflow/compiler/jit/xla_gpu_device.cc:99] Not creating XLA devices, tf_xla_enable_xla_devices not set
mse and spike frequency: 0.01579 4.5
