[32m[I 2021-04-20 20:46:56,864][0m Trial 84 finished with values: [0.09995, 0.0] with parameters: {'Vahp': -42.5, 'Vth': -53.5, 'Vmax': 16.0, 't_ref': 11.5, 'R': 0.1, 'tau_m': 352.5, 'R_adp': 0.30000000000000004, 'tau_w': 190.5, 'a': 51.5, 'rate_low': 6.5, 'rate_high': 11.0}.[0m
2021-04-20 20:46:57.399752: I tensorflow/compiler/jit/xla_gpu_device.cc:99] Not creating XLA devices, tf_xla_enable_xla_devices not set
maxFreq at 10nA: 1000.0
2021-04-20 20:47:23.946909: I tensorflow/compiler/jit/xla_gpu_device.cc:99] Not creating XLA devices, tf_xla_enable_xla_devices not set
2021-04-20 20:47:39.369688: I tensorflow/compiler/jit/xla_gpu_device.cc:99] Not creating XLA devices, tf_xla_enable_xla_devices not set
mse and spike frequency: 0.09995 0.0
[32m[I 2021-04-20 20:47:53,093][0m Trial 85 finished with values: [0.09995, 0.0] with parameters: {'Vahp': -21.0, 'Vth': -43.5, 'Vmax': 32.5, 't_ref': 10.0, 'R': 0.9, 'tau_m': 54.5, 'R_adp': 0.2, 'tau_w': 475.5, 'a': 337.0, 'rate_low': 12.0, 'rate_high': 44.0}.[0m
2021-04-20 20:47:53.620192: I tensorflow/compiler/jit/xla_gpu_device.cc:99] Not creating XLA devices, tf_xla_enable_xla_devices not set
maxFreq at 10nA: 50.0
2021-04-20 20:48:20.062494: I tensorflow/compiler/jit/xla_gpu_device.cc:99] Not creating XLA devices, tf_xla_enable_xla_devices not set
2021-04-20 20:48:35.252425: I tensorflow/compiler/jit/xla_gpu_device.cc:99] Not creating XLA devices, tf_xla_enable_xla_devices not set
mse and spike frequency: 0.09135 25.17
[32m[I 2021-04-20 20:48:49,466][0m Trial 86 finished with values: [0.09135, 25.17] with parameters: {'Vahp': -60.0, 'Vth': -57.0, 'Vmax': 16.0, 't_ref': 18.5, 'R': 0.6, 'tau_m': 5.0, 'R_adp': 0.2, 'tau_w': 44.0, 'a': 262.5, 'rate_low': 33.0, 'rate_high': 48.0}.[0m
2021-04-20 20:48:49.982618: I tensorflow/compiler/jit/xla_gpu_device.cc:99] Not creating XLA devices, tf_xla_enable_xla_devices not set
maxFreq at 10nA: 63.0
2021-04-20 20:49:16.436085: I tensorflow/compiler/jit/xla_gpu_device.cc:99] Not creating XLA devices, tf_xla_enable_xla_devices not set
2021-04-20 20:49:31.847407: I tensorflow/compiler/jit/xla_gpu_device.cc:99] Not creating XLA devices, tf_xla_enable_xla_devices not set
mse and spike frequency: 0.01445 8.93
[32m[I 2021-04-20 20:49:45,879][0m Trial 87 finished with values: [0.01445, 8.93] with parameters: {'Vahp': -56.5, 'Vth': -31.5, 'Vmax': 34.5, 't_ref': 14.5, 'R': 0.30000000000000004, 'tau_m': 91.0, 'R_adp': 0.5, 'tau_w': 220.5, 'a': 42.5, 'rate_low': 24.5, 'rate_high': 39.5}.[0m
2021-04-20 20:49:46.408753: I tensorflow/compiler/jit/xla_gpu_device.cc:99] Not creating XLA devices, tf_xla_enable_xla_devices not set
maxFreq at 10nA: 1000.0
2021-04-20 20:50:13.429056: I tensorflow/compiler/jit/xla_gpu_device.cc:99] Not creating XLA devices, tf_xla_enable_xla_devices not set
2021-04-20 20:50:29.358044: I tensorflow/compiler/jit/xla_gpu_device.cc:99] Not creating XLA devices, tf_xla_enable_xla_devices not set
mse and spike frequency: 0.09995 0.0
[32m[I 2021-04-20 20:50:43,297][0m Trial 88 finished with values: [0.09995, 0.0] with parameters: {'Vahp': -25.5, 'Vth': -49.0, 'Vmax': 10.5, 't_ref': 17.5, 'R': 0.5, 'tau_m': 465.5, 'R_adp': 0.6, 'tau_w': 167.0, 'a': 306.0, 'rate_low': 36.0, 'rate_high': 49.5}.[0m
2021-04-20 20:50:43.828670: I tensorflow/compiler/jit/xla_gpu_device.cc:99] Not creating XLA devices, tf_xla_enable_xla_devices not set
maxFreq at 10nA: 999.0
2021-04-20 20:51:10.866206: I tensorflow/compiler/jit/xla_gpu_device.cc:99] Not creating XLA devices, tf_xla_enable_xla_devices not set
2021-04-20 20:51:26.866079: I tensorflow/compiler/jit/xla_gpu_device.cc:99] Not creating XLA devices, tf_xla_enable_xla_devices not set
mse and spike frequency: 0.09995 0.0
[32m[I 2021-04-20 20:51:41,349][0m Trial 89 finished with values: [0.09995, 0.0] with parameters: {'Vahp': -25.5, 'Vth': -42.0, 'Vmax': 29.0, 't_ref': 10.5, 'R': 0.4, 'tau_m': 267.0, 'R_adp': 0.6, 'tau_w': 479.0, 'a': 141.5, 'rate_low': 25.5, 'rate_high': 44.0}.[0m
2021-04-20 20:51:41.868996: I tensorflow/compiler/jit/xla_gpu_device.cc:99] Not creating XLA devices, tf_xla_enable_xla_devices not set
maxFreq at 10nA: 146.0
2021-04-20 20:52:08.498710: I tensorflow/compiler/jit/xla_gpu_device.cc:99] Not creating XLA devices, tf_xla_enable_xla_devices not set
2021-04-20 20:52:24.326927: I tensorflow/compiler/jit/xla_gpu_device.cc:99] Not creating XLA devices, tf_xla_enable_xla_devices not set
mse and spike frequency: 17.84383 43.39
[32m[I 2021-04-20 20:52:38,865][0m Trial 90 finished with values: [17.84383, 43.39] with parameters: {'Vahp': -41.0, 'Vth': -31.5, 'Vmax': 36.5, 't_ref': 0.5, 'R': 0.1, 'tau_m': 24.0, 'R_adp': 0.1, 'tau_w': 254.0, 'a': 308.0, 'rate_low': 18.5, 'rate_high': 42.0}.[0m
2021-04-20 20:52:39.381280: I tensorflow/compiler/jit/xla_gpu_device.cc:99] Not creating XLA devices, tf_xla_enable_xla_devices not set
maxFreq at 10nA: 22.0
2021-04-20 20:53:06.375884: I tensorflow/compiler/jit/xla_gpu_device.cc:99] Not creating XLA devices, tf_xla_enable_xla_devices not set
2021-04-20 20:53:22.357198: I tensorflow/compiler/jit/xla_gpu_device.cc:99] Not creating XLA devices, tf_xla_enable_xla_devices not set
mse and spike frequency: 0.09883 0.77
[32m[I 2021-04-20 20:53:37,176][0m Trial 91 finished with values: [0.09883, 0.77] with parameters: {'Vahp': -55.5, 'Vth': -48.5, 'Vmax': 22.0, 't_ref': 8.0, 'R': 0.30000000000000004, 'tau_m': 414.0, 'R_adp': 1.0, 'tau_w': 483.0, 'a': 405.5, 'rate_low': 41.0, 'rate_high': 32.5}.[0m
2021-04-20 20:53:37.709906: I tensorflow/compiler/jit/xla_gpu_device.cc:99] Not creating XLA devices, tf_xla_enable_xla_devices not set
maxFreq at 10nA: 1000.0
2021-04-20 20:54:04.513592: I tensorflow/compiler/jit/xla_gpu_device.cc:99] Not creating XLA devices, tf_xla_enable_xla_devices not set
2021-04-20 20:54:20.907042: I tensorflow/compiler/jit/xla_gpu_device.cc:99] Not creating XLA devices, tf_xla_enable_xla_devices not set
mse and spike frequency: 0.09995 0.0
[32m[I 2021-04-20 20:54:36,260][0m Trial 92 finished with values: [0.09995, 0.0] with parameters: {'Vahp': -26.5, 'Vth': -53.5, 'Vmax': 16.0, 't_ref': 13.5, 'R': 0.6, 'tau_m': 5.0, 'R_adp': 0.4, 'tau_w': 396.5, 'a': 400.5, 'rate_low': 46.5, 'rate_high': 36.0}.[0m
2021-04-20 20:54:36.847072: I tensorflow/compiler/jit/xla_gpu_device.cc:99] Not creating XLA devices, tf_xla_enable_xla_devices not set
maxFreq at 10nA: 1000.0
2021-04-20 20:55:03.795336: I tensorflow/compiler/jit/xla_gpu_device.cc:99] Not creating XLA devices, tf_xla_enable_xla_devices not set
2021-04-20 20:55:20.452912: I tensorflow/compiler/jit/xla_gpu_device.cc:99] Not creating XLA devices, tf_xla_enable_xla_devices not set
mse and spike frequency: 0.09995 0.0
[32m[I 2021-04-20 20:55:35,782][0m Trial 93 finished with values: [0.09995, 0.0] with parameters: {'Vahp': -30.0, 'Vth': -31.5, 'Vmax': 18.5, 't_ref': 16.0, 'R': 0.9, 'tau_m': 54.5, 'R_adp': 0.30000000000000004, 'tau_w': 81.5, 'a': 295.0, 'rate_low': 0.5, 'rate_high': 34.0}.[0m
2021-04-20 20:55:36.379741: I tensorflow/compiler/jit/xla_gpu_device.cc:99] Not creating XLA devices, tf_xla_enable_xla_devices not set
maxFreq at 10nA: 1000.0
2021-04-20 20:56:03.463872: I tensorflow/compiler/jit/xla_gpu_device.cc:99] Not creating XLA devices, tf_xla_enable_xla_devices not set
2021-04-20 20:56:20.104570: I tensorflow/compiler/jit/xla_gpu_device.cc:99] Not creating XLA devices, tf_xla_enable_xla_devices not set
mse and spike frequency: 0.09995 0.0
[32m[I 2021-04-20 20:56:35,622][0m Trial 94 finished with values: [0.09995, 0.0] with parameters: {'Vahp': -47.5, 'Vth': -54.5, 'Vmax': 33.0, 't_ref': 17.5, 'R': 0.5, 'tau_m': 453.5, 'R_adp': 0.7000000000000001, 'tau_w': 488.0, 'a': 278.5, 'rate_low': 21.0, 'rate_high': 26.0}.[0m
2021-04-20 20:56:36.201897: I tensorflow/compiler/jit/xla_gpu_device.cc:99] Not creating XLA devices, tf_xla_enable_xla_devices not set
maxFreq at 10nA: 1000.0
2021-04-20 20:57:02.551251: I tensorflow/compiler/jit/xla_gpu_device.cc:99] Not creating XLA devices, tf_xla_enable_xla_devices not set
2021-04-20 20:57:18.607884: I tensorflow/compiler/jit/xla_gpu_device.cc:99] Not creating XLA devices, tf_xla_enable_xla_devices not set
mse and spike frequency: 0.09995 0.0
[32m[I 2021-04-20 20:57:34,429][0m Trial 95 finished with values: [0.09995, 0.0] with parameters: {'Vahp': -23.5, 'Vth': -42.5, 'Vmax': 11.5, 't_ref': 0.5, 'R': 1.0, 'tau_m': 476.0, 'R_adp': 1.0, 'tau_w': 218.0, 'a': 19.0, 'rate_low': 35.0, 'rate_high': 37.0}.[0m
2021-04-20 20:57:34.981261: I tensorflow/compiler/jit/xla_gpu_device.cc:99] Not creating XLA devices, tf_xla_enable_xla_devices not set
maxFreq at 10nA: 53.0
2021-04-20 20:58:02.447597: I tensorflow/compiler/jit/xla_gpu_device.cc:99] Not creating XLA devices, tf_xla_enable_xla_devices not set
2021-04-20 20:58:18.746507: I tensorflow/compiler/jit/xla_gpu_device.cc:99] Not creating XLA devices, tf_xla_enable_xla_devices not set
mse and spike frequency: 0.23682 4.04
[32m[I 2021-04-20 20:58:34,415][0m Trial 96 finished with values: [0.23682, 4.04] with parameters: {'Vahp': -43.0, 'Vth': -29.5, 'Vmax': 29.0, 't_ref': 17.5, 'R': 0.5, 'tau_m': 140.0, 'R_adp': 0.9, 'tau_w': 309.0, 'a': 203.5, 'rate_low': 9.5, 'rate_high': 45.0}.[0m
2021-04-20 20:58:35.022024: I tensorflow/compiler/jit/xla_gpu_device.cc:99] Not creating XLA devices, tf_xla_enable_xla_devices not set
maxFreq at 10nA: 15.0
2021-04-20 20:59:02.540482: I tensorflow/compiler/jit/xla_gpu_device.cc:99] Not creating XLA devices, tf_xla_enable_xla_devices not set
2021-04-20 20:59:18.779098: I tensorflow/compiler/jit/xla_gpu_device.cc:99] Not creating XLA devices, tf_xla_enable_xla_devices not set
mse and spike frequency: 0.09556 0.58
[32m[I 2021-04-20 20:59:34,557][0m Trial 97 finished with values: [0.09556, 0.58] with parameters: {'Vahp': -57.5, 'Vth': -37.5, 'Vmax': 40.0, 't_ref': 7.0, 'R': 0.2, 'tau_m': 113.0, 'R_adp': 1.0, 'tau_w': 482.5, 'a': 426.5, 'rate_low': 31.0, 'rate_high': 43.0}.[0m
2021-04-20 20:59:35.108736: I tensorflow/compiler/jit/xla_gpu_device.cc:99] Not creating XLA devices, tf_xla_enable_xla_devices not set
maxFreq at 10nA: 1000.0
2021-04-20 21:00:03.133917: I tensorflow/compiler/jit/xla_gpu_device.cc:99] Not creating XLA devices, tf_xla_enable_xla_devices not set
2021-04-20 21:00:19.489169: I tensorflow/compiler/jit/xla_gpu_device.cc:99] Not creating XLA devices, tf_xla_enable_xla_devices not set
mse and spike frequency: 0.09995 0.0
[32m[I 2021-04-20 21:00:35,379][0m Trial 98 finished with values: [0.09995, 0.0] with parameters: {'Vahp': -42.5, 'Vth': -50.5, 'Vmax': 15.0, 't_ref': 0.5, 'R': 0.4, 'tau_m': 361.0, 'R_adp': 0.1, 'tau_w': 254.0, 'a': 308.0, 'rate_low': 15.5, 'rate_high': 22.0}.[0m
2021-04-20 21:00:35.928400: I tensorflow/compiler/jit/xla_gpu_device.cc:99] Not creating XLA devices, tf_xla_enable_xla_devices not set
maxFreq at 10nA: 59.0
2021-04-20 21:01:04.733645: I tensorflow/compiler/jit/xla_gpu_device.cc:99] Not creating XLA devices, tf_xla_enable_xla_devices not set
2021-04-20 21:01:21.671766: I tensorflow/compiler/jit/xla_gpu_device.cc:99] Not creating XLA devices, tf_xla_enable_xla_devices not set
mse and spike frequency: 0.21584 6.11
[32m[I 2021-04-20 21:01:38,084][0m Trial 99 finished with values: [0.21584, 6.11] with parameters: {'Vahp': -58.0, 'Vth': -56.0, 'Vmax': 25.5, 't_ref': 15.5, 'R': 0.7000000000000001, 'tau_m': 329.5, 'R_adp': 0.5, 'tau_w': 345.5, 'a': 194.0, 'rate_low': 11.0, 'rate_high': 16.5}.[0m
2021-04-20 21:01:38.640840: I tensorflow/compiler/jit/xla_gpu_device.cc:99] Not creating XLA devices, tf_xla_enable_xla_devices not set
maxFreq at 10nA: 1000.0
2021-04-20 21:02:07.336832: I tensorflow/compiler/jit/xla_gpu_device.cc:99] Not creating XLA devices, tf_xla_enable_xla_devices not set
2021-04-20 21:02:24.657717: I tensorflow/compiler/jit/xla_gpu_device.cc:99] Not creating XLA devices, tf_xla_enable_xla_devices not set
mse and spike frequency: 0.09995 0.0
[32m[I 2021-04-20 21:02:41,674][0m Trial 100 finished with values: [0.09995, 0.0] with parameters: {'Vahp': -42.5, 'Vth': -54.5, 'Vmax': 16.0, 't_ref': 18.0, 'R': 0.7000000000000001, 'tau_m': 33.5, 'R_adp': 0.7000000000000001, 'tau_w': 55.5, 'a': 419.5, 'rate_low': 9.5, 'rate_high': 36.0}.[0m
2021-04-20 21:02:42.221916: I tensorflow/compiler/jit/xla_gpu_device.cc:99] Not creating XLA devices, tf_xla_enable_xla_devices not set
maxFreq at 10nA: 998.0
2021-04-20 21:03:10.858970: I tensorflow/compiler/jit/xla_gpu_device.cc:99] Not creating XLA devices, tf_xla_enable_xla_devices not set
2021-04-20 21:03:29.332518: I tensorflow/compiler/jit/xla_gpu_device.cc:99] Not creating XLA devices, tf_xla_enable_xla_devices not set
mse and spike frequency: 0.09995 0.0
[32m[I 2021-04-20 21:03:46,857][0m Trial 101 finished with values: [0.09995, 0.0] with parameters: {'Vahp': -27.0, 'Vth': -28.5, 'Vmax': 30.0, 't_ref': 9.5, 'R': 0.5, 'tau_m': 406.5, 'R_adp': 0.30000000000000004, 'tau_w': 176.5, 'a': 19.0, 'rate_low': 30.0, 'rate_high': 43.0}.[0m
2021-04-20 21:03:47.422384: I tensorflow/compiler/jit/xla_gpu_device.cc:99] Not creating XLA devices, tf_xla_enable_xla_devices not set
maxFreq at 10nA: 1000.0
2021-04-20 21:04:16.392634: I tensorflow/compiler/jit/xla_gpu_device.cc:99] Not creating XLA devices, tf_xla_enable_xla_devices not set
2021-04-20 21:04:35.398153: I tensorflow/compiler/jit/xla_gpu_device.cc:99] Not creating XLA devices, tf_xla_enable_xla_devices not set
mse and spike frequency: 0.09995 0.0
[32m[I 2021-04-20 21:04:52,856][0m Trial 102 finished with values: [0.09995, 0.0] with parameters: {'Vahp': -22.0, 'Vth': -51.0, 'Vmax': 32.0, 't_ref': 15.5, 'R': 0.9, 'tau_m': 54.5, 'R_adp': 0.7000000000000001, 'tau_w': 396.5, 'a': 416.5, 'rate_low': 0.5, 'rate_high': 33.0}.[0m
2021-04-20 21:04:53.415208: I tensorflow/compiler/jit/xla_gpu_device.cc:99] Not creating XLA devices, tf_xla_enable_xla_devices not set
maxFreq at 10nA: 56.0
2021-04-20 21:05:22.750126: I tensorflow/compiler/jit/xla_gpu_device.cc:99] Not creating XLA devices, tf_xla_enable_xla_devices not set
2021-04-20 21:05:41.045570: I tensorflow/compiler/jit/xla_gpu_device.cc:99] Not creating XLA devices, tf_xla_enable_xla_devices not set
mse and spike frequency: 0.14035 3.3
[32m[I 2021-04-20 21:05:58,176][0m Trial 103 finished with values: [0.14035, 3.3] with parameters: {'Vahp': -42.5, 'Vth': -28.5, 'Vmax': 13.5, 't_ref': 15.5, 'R': 0.1, 'tau_m': 24.0, 'R_adp': 0.7000000000000001, 'tau_w': 64.5, 'a': 308.0, 'rate_low': 36.0, 'rate_high': 46.0}.[0m
2021-04-20 21:05:58.713902: I tensorflow/compiler/jit/xla_gpu_device.cc:99] Not creating XLA devices, tf_xla_enable_xla_devices not set
maxFreq at 10nA: 1000.0
2021-04-20 21:06:27.860217: I tensorflow/compiler/jit/xla_gpu_device.cc:99] Not creating XLA devices, tf_xla_enable_xla_devices not set
2021-04-20 21:06:45.605508: I tensorflow/compiler/jit/xla_gpu_device.cc:99] Not creating XLA devices, tf_xla_enable_xla_devices not set
mse and spike frequency: 0.09995 0.0
[32m[I 2021-04-20 21:07:02,249][0m Trial 104 finished with values: [0.09995, 0.0] with parameters: {'Vahp': -37.0, 'Vth': -37.5, 'Vmax': 36.5, 't_ref': 16.5, 'R': 0.5, 'tau_m': 91.0, 'R_adp': 0.4, 'tau_w': 409.5, 'a': 278.5, 'rate_low': 21.0, 'rate_high': 26.0}.[0m
2021-04-20 21:07:02.890127: I tensorflow/compiler/jit/xla_gpu_device.cc:99] Not creating XLA devices, tf_xla_enable_xla_devices not set
maxFreq at 10nA: 1000.0
2021-04-20 21:07:31.818602: I tensorflow/compiler/jit/xla_gpu_device.cc:99] Not creating XLA devices, tf_xla_enable_xla_devices not set
2021-04-20 21:07:49.477374: I tensorflow/compiler/jit/xla_gpu_device.cc:99] Not creating XLA devices, tf_xla_enable_xla_devices not set
mse and spike frequency: 0.09995 0.0
[32m[I 2021-04-20 21:08:05,836][0m Trial 105 finished with values: [0.09995, 0.0] with parameters: {'Vahp': -23.0, 'Vth': -48.0, 'Vmax': 11.5, 't_ref': 6.5, 'R': 1.0, 'tau_m': 143.0, 'R_adp': 1.0, 'tau_w': 298.0, 'a': 453.5, 'rate_low': 35.0, 'rate_high': 50.0}.[0m
2021-04-20 21:08:06.407423: I tensorflow/compiler/jit/xla_gpu_device.cc:99] Not creating XLA devices, tf_xla_enable_xla_devices not set
maxFreq at 10nA: 22.0
2021-04-20 21:08:36.726297: I tensorflow/compiler/jit/xla_gpu_device.cc:99] Not creating XLA devices, tf_xla_enable_xla_devices not set
2021-04-20 21:08:54.041539: I tensorflow/compiler/jit/xla_gpu_device.cc:99] Not creating XLA devices, tf_xla_enable_xla_devices not set
mse and spike frequency: 0.08818 0.37
[32m[I 2021-04-20 21:09:10,426][0m Trial 106 finished with values: [0.08818, 0.37] with parameters: {'Vahp': -42.5, 'Vth': -20.5, 'Vmax': 16.0, 't_ref': 5.5, 'R': 0.1, 'tau_m': 271.5, 'R_adp': 0.6, 'tau_w': 254.0, 'a': 308.0, 'rate_low': 18.5, 'rate_high': 49.5}.[0m
2021-04-20 21:09:11.019886: I tensorflow/compiler/jit/xla_gpu_device.cc:99] Not creating XLA devices, tf_xla_enable_xla_devices not set
maxFreq at 10nA: 1000.0
2021-04-20 21:09:41.425594: I tensorflow/compiler/jit/xla_gpu_device.cc:99] Not creating XLA devices, tf_xla_enable_xla_devices not set
2021-04-20 21:09:58.523399: I tensorflow/compiler/jit/xla_gpu_device.cc:99] Not creating XLA devices, tf_xla_enable_xla_devices not set
mse and spike frequency: 0.09995 0.0
[32m[I 2021-04-20 21:10:15,250][0m Trial 107 finished with values: [0.09995, 0.0] with parameters: {'Vahp': -46.5, 'Vth': -57.5, 'Vmax': 19.0, 't_ref': 15.5, 'R': 0.2, 'tau_m': 345.5, 'R_adp': 0.9, 'tau_w': 120.0, 'a': 357.5, 'rate_low': 28.5, 'rate_high': 50.0}.[0m
2021-04-20 21:10:15.811075: I tensorflow/compiler/jit/xla_gpu_device.cc:99] Not creating XLA devices, tf_xla_enable_xla_devices not set
maxFreq at 10nA: 1000.0
2021-04-20 21:10:45.868309: I tensorflow/compiler/jit/xla_gpu_device.cc:99] Not creating XLA devices, tf_xla_enable_xla_devices not set
2021-04-20 21:11:03.281209: I tensorflow/compiler/jit/xla_gpu_device.cc:99] Not creating XLA devices, tf_xla_enable_xla_devices not set
mse and spike frequency: 0.09995 0.0
[32m[I 2021-04-20 21:11:20,870][0m Trial 108 finished with values: [0.09995, 0.0] with parameters: {'Vahp': -47.5, 'Vth': -57.0, 'Vmax': 33.0, 't_ref': 18.5, 'R': 0.9, 'tau_m': 195.0, 'R_adp': 0.2, 'tau_w': 475.5, 'a': 337.0, 'rate_low': 2.0, 'rate_high': 26.0}.[0m
2021-04-20 21:11:21.437167: I tensorflow/compiler/jit/xla_gpu_device.cc:99] Not creating XLA devices, tf_xla_enable_xla_devices not set
maxFreq at 10nA: 1000.0
2021-04-20 21:11:52.055256: I tensorflow/compiler/jit/xla_gpu_device.cc:99] Not creating XLA devices, tf_xla_enable_xla_devices not set
2021-04-20 21:12:09.930226: I tensorflow/compiler/jit/xla_gpu_device.cc:99] Not creating XLA devices, tf_xla_enable_xla_devices not set
mse and spike frequency: 0.09995 0.0
[32m[I 2021-04-20 21:12:27,363][0m Trial 109 finished with values: [0.09995, 0.0] with parameters: {'Vahp': -24.5, 'Vth': -56.0, 'Vmax': 25.5, 't_ref': 17.5, 'R': 0.5, 'tau_m': 55.0, 'R_adp': 0.8, 'tau_w': 167.0, 'a': 237.5, 'rate_low': 14.5, 'rate_high': 49.5}.[0m
2021-04-20 21:12:27.943016: I tensorflow/compiler/jit/xla_gpu_device.cc:99] Not creating XLA devices, tf_xla_enable_xla_devices not set
maxFreq at 10nA: 1000.0
2021-04-20 21:12:57.589824: I tensorflow/compiler/jit/xla_gpu_device.cc:99] Not creating XLA devices, tf_xla_enable_xla_devices not set
2021-04-20 21:13:15.244447: I tensorflow/compiler/jit/xla_gpu_device.cc:99] Not creating XLA devices, tf_xla_enable_xla_devices not set
mse and spike frequency: 0.09995 0.0
[32m[I 2021-04-20 21:13:32,305][0m Trial 110 finished with values: [0.09995, 0.0] with parameters: {'Vahp': -23.0, 'Vth': -48.0, 'Vmax': 21.5, 't_ref': 6.5, 'R': 1.0, 'tau_m': 143.0, 'R_adp': 0.30000000000000004, 'tau_w': 298.0, 'a': 453.5, 'rate_low': 49.0, 'rate_high': 50.0}.[0m
2021-04-20 21:13:32.891711: I tensorflow/compiler/jit/xla_gpu_device.cc:99] Not creating XLA devices, tf_xla_enable_xla_devices not set
maxFreq at 10nA: 56.0
2021-04-20 21:14:03.442116: I tensorflow/compiler/jit/xla_gpu_device.cc:99] Not creating XLA devices, tf_xla_enable_xla_devices not set
2021-04-20 21:14:21.601301: I tensorflow/compiler/jit/xla_gpu_device.cc:99] Not creating XLA devices, tf_xla_enable_xla_devices not set
mse and spike frequency: 0.1741 8.23
[32m[I 2021-04-20 21:14:38,818][0m Trial 111 finished with values: [0.1741, 8.23] with parameters: {'Vahp': -42.0, 'Vth': -42.0, 'Vmax': 17.5, 't_ref': 16.5, 'R': 1.0, 'tau_m': 234.0, 'R_adp': 1.0, 'tau_w': 218.0, 'a': 278.5, 'rate_low': 35.0, 'rate_high': 37.0}.[0m
2021-04-20 21:14:39.413554: I tensorflow/compiler/jit/xla_gpu_device.cc:99] Not creating XLA devices, tf_xla_enable_xla_devices not set
maxFreq at 10nA: 1000.0
2021-04-20 21:15:09.801182: I tensorflow/compiler/jit/xla_gpu_device.cc:99] Not creating XLA devices, tf_xla_enable_xla_devices not set
2021-04-20 21:15:27.638988: I tensorflow/compiler/jit/xla_gpu_device.cc:99] Not creating XLA devices, tf_xla_enable_xla_devices not set
mse and spike frequency: 0.09995 0.0
[32m[I 2021-04-20 21:15:44,992][0m Trial 112 finished with values: [0.09995, 0.0] with parameters: {'Vahp': -42.5, 'Vth': -51.0, 'Vmax': 32.0, 't_ref': 5.0, 'R': 1.0, 'tau_m': 33.5, 'R_adp': 0.30000000000000004, 'tau_w': 139.0, 'a': 416.5, 'rate_low': 12.0, 'rate_high': 36.0}.[0m
2021-04-20 21:15:45.564937: I tensorflow/compiler/jit/xla_gpu_device.cc:99] Not creating XLA devices, tf_xla_enable_xla_devices not set
maxFreq at 10nA: 999.0
2021-04-20 21:16:16.642861: I tensorflow/compiler/jit/xla_gpu_device.cc:99] Not creating XLA devices, tf_xla_enable_xla_devices not set
2021-04-20 21:16:34.983357: I tensorflow/compiler/jit/xla_gpu_device.cc:99] Not creating XLA devices, tf_xla_enable_xla_devices not set
mse and spike frequency: 0.09995 0.0
