[32m[I 2021-04-20 22:34:00,569][0m Trial 171 finished with values: [0.09995, 0.0] with parameters: {'Vahp': -28.0, 'Vth': -43.0, 'Vmax': 32.5, 't_ref': 13.0, 'R': 0.1, 'tau_m': 309.5, 'R_adp': 0.1, 'tau_w': 19.0, 'a': 207.0, 'rate_low': 44.0, 'rate_high': 44.5}.[0m
2021-04-20 22:34:01.436439: I tensorflow/compiler/jit/xla_gpu_device.cc:99] Not creating XLA devices, tf_xla_enable_xla_devices not set
maxFreq at 10nA: 200.0
2021-04-20 22:34:39.780560: I tensorflow/compiler/jit/xla_gpu_device.cc:99] Not creating XLA devices, tf_xla_enable_xla_devices not set
2021-04-20 22:35:06.387976: I tensorflow/compiler/jit/xla_gpu_device.cc:99] Not creating XLA devices, tf_xla_enable_xla_devices not set
mse and spike frequency: 0.20145 9.97
[32m[I 2021-04-20 22:35:32,622][0m Trial 172 finished with values: [0.20145, 9.97] with parameters: {'Vahp': -39.0, 'Vth': -24.0, 'Vmax': 36.0, 't_ref': 3.5, 'R': 0.4, 'tau_m': 85.0, 'R_adp': 0.1, 'tau_w': 473.0, 'a': 318.5, 'rate_low': 13.0, 'rate_high': 44.5}.[0m
2021-04-20 22:35:33.466047: I tensorflow/compiler/jit/xla_gpu_device.cc:99] Not creating XLA devices, tf_xla_enable_xla_devices not set
maxFreq at 10nA: 1000.0
2021-04-20 22:36:12.295826: I tensorflow/compiler/jit/xla_gpu_device.cc:99] Not creating XLA devices, tf_xla_enable_xla_devices not set
2021-04-20 22:36:38.775523: I tensorflow/compiler/jit/xla_gpu_device.cc:99] Not creating XLA devices, tf_xla_enable_xla_devices not set
mse and spike frequency: 0.09995 0.0
[32m[I 2021-04-20 22:37:04,429][0m Trial 173 finished with values: [0.09995, 0.0] with parameters: {'Vahp': -48.5, 'Vth': -57.0, 'Vmax': 17.5, 't_ref': 3.5, 'R': 0.4, 'tau_m': 444.0, 'R_adp': 0.30000000000000004, 'tau_w': 102.0, 'a': 315.0, 'rate_low': 16.0, 'rate_high': 36.0}.[0m
2021-04-20 22:37:05.243985: I tensorflow/compiler/jit/xla_gpu_device.cc:99] Not creating XLA devices, tf_xla_enable_xla_devices not set
maxFreq at 10nA: 1000.0
2021-04-20 22:37:43.740833: I tensorflow/compiler/jit/xla_gpu_device.cc:99] Not creating XLA devices, tf_xla_enable_xla_devices not set
2021-04-20 22:38:10.469025: I tensorflow/compiler/jit/xla_gpu_device.cc:99] Not creating XLA devices, tf_xla_enable_xla_devices not set
mse and spike frequency: 0.09995 0.0
[32m[I 2021-04-20 22:38:36,072][0m Trial 174 finished with values: [0.09995, 0.0] with parameters: {'Vahp': -47.0, 'Vth': -52.0, 'Vmax': 19.0, 't_ref': 3.5, 'R': 0.9, 'tau_m': 84.0, 'R_adp': 0.9, 'tau_w': 89.5, 'a': 353.5, 'rate_low': 31.5, 'rate_high': 40.0}.[0m
2021-04-20 22:38:36.803499: I tensorflow/compiler/jit/xla_gpu_device.cc:99] Not creating XLA devices, tf_xla_enable_xla_devices not set
maxFreq at 10nA: 1000.0
2021-04-20 22:39:15.986847: I tensorflow/compiler/jit/xla_gpu_device.cc:99] Not creating XLA devices, tf_xla_enable_xla_devices not set
2021-04-20 22:39:43.047001: I tensorflow/compiler/jit/xla_gpu_device.cc:99] Not creating XLA devices, tf_xla_enable_xla_devices not set
mse and spike frequency: 0.09995 0.0
[32m[I 2021-04-20 22:40:08,745][0m Trial 175 finished with values: [0.09995, 0.0] with parameters: {'Vahp': -31.0, 'Vth': -48.0, 'Vmax': 16.0, 't_ref': 12.0, 'R': 0.7000000000000001, 'tau_m': 358.5, 'R_adp': 0.30000000000000004, 'tau_w': 124.5, 'a': 374.0, 'rate_low': 24.0, 'rate_high': 21.5}.[0m
2021-04-20 22:40:09.575613: I tensorflow/compiler/jit/xla_gpu_device.cc:99] Not creating XLA devices, tf_xla_enable_xla_devices not set
maxFreq at 10nA: 43.0
2021-04-20 22:40:48.568898: I tensorflow/compiler/jit/xla_gpu_device.cc:99] Not creating XLA devices, tf_xla_enable_xla_devices not set
2021-04-20 22:41:15.589876: I tensorflow/compiler/jit/xla_gpu_device.cc:99] Not creating XLA devices, tf_xla_enable_xla_devices not set
mse and spike frequency: 1.73427 7.95
[32m[I 2021-04-20 22:41:41,254][0m Trial 176 finished with values: [1.73427, 7.95] with parameters: {'Vahp': -39.5, 'Vth': -21.5, 'Vmax': 18.0, 't_ref': 3.0, 'R': 0.4, 'tau_m': 313.5, 'R_adp': 0.7000000000000001, 'tau_w': 473.0, 'a': 379.0, 'rate_low': 44.0, 'rate_high': 44.5}.[0m
2021-04-20 22:41:42.042384: I tensorflow/compiler/jit/xla_gpu_device.cc:99] Not creating XLA devices, tf_xla_enable_xla_devices not set
maxFreq at 10nA: 167.0
2021-04-20 22:42:20.729812: I tensorflow/compiler/jit/xla_gpu_device.cc:99] Not creating XLA devices, tf_xla_enable_xla_devices not set
2021-04-20 22:42:48.945700: I tensorflow/compiler/jit/xla_gpu_device.cc:99] Not creating XLA devices, tf_xla_enable_xla_devices not set
mse and spike frequency: 0.00218 14.65
[32m[I 2021-04-20 22:43:14,733][0m Trial 177 finished with values: [0.00218, 14.65] with parameters: {'Vahp': -49.0, 'Vth': -21.0, 'Vmax': 32.0, 't_ref': 3.5, 'R': 1.0, 'tau_m': 464.0, 'R_adp': 0.1, 'tau_w': 59.5, 'a': 410.5, 'rate_low': 26.5, 'rate_high': 36.0}.[0m
2021-04-20 22:43:15.501701: I tensorflow/compiler/jit/xla_gpu_device.cc:99] Not creating XLA devices, tf_xla_enable_xla_devices not set
maxFreq at 10nA: 998.0
2021-04-20 22:43:54.779557: I tensorflow/compiler/jit/xla_gpu_device.cc:99] Not creating XLA devices, tf_xla_enable_xla_devices not set
2021-04-20 22:44:23.488842: I tensorflow/compiler/jit/xla_gpu_device.cc:99] Not creating XLA devices, tf_xla_enable_xla_devices not set
mse and spike frequency: 0.09995 0.0
[32m[I 2021-04-20 22:44:49,025][0m Trial 178 finished with values: [0.09995, 0.0] with parameters: {'Vahp': -21.5, 'Vth': -46.0, 'Vmax': 14.0, 't_ref': 5.0, 'R': 0.1, 'tau_m': 174.0, 'R_adp': 0.8, 'tau_w': 179.5, 'a': 428.5, 'rate_low': 21.0, 'rate_high': 50.0}.[0m
2021-04-20 22:44:49.754783: I tensorflow/compiler/jit/xla_gpu_device.cc:99] Not creating XLA devices, tf_xla_enable_xla_devices not set
maxFreq at 10nA: 1000.0
2021-04-20 22:45:28.594784: I tensorflow/compiler/jit/xla_gpu_device.cc:99] Not creating XLA devices, tf_xla_enable_xla_devices not set
2021-04-20 22:45:57.256262: I tensorflow/compiler/jit/xla_gpu_device.cc:99] Not creating XLA devices, tf_xla_enable_xla_devices not set
mse and spike frequency: 0.09995 0.0
[32m[I 2021-04-20 22:46:23,204][0m Trial 179 finished with values: [0.09995, 0.0] with parameters: {'Vahp': -39.5, 'Vth': -58.0, 'Vmax': 24.5, 't_ref': 3.5, 'R': 0.4, 'tau_m': 313.5, 'R_adp': 0.7000000000000001, 'tau_w': 473.0, 'a': 489.0, 'rate_low': 44.0, 'rate_high': 44.5}.[0m
2021-04-20 22:46:23.931946: I tensorflow/compiler/jit/xla_gpu_device.cc:99] Not creating XLA devices, tf_xla_enable_xla_devices not set
maxFreq at 10nA: 996.0
2021-04-20 22:47:02.773286: I tensorflow/compiler/jit/xla_gpu_device.cc:99] Not creating XLA devices, tf_xla_enable_xla_devices not set
2021-04-20 22:47:30.725732: I tensorflow/compiler/jit/xla_gpu_device.cc:99] Not creating XLA devices, tf_xla_enable_xla_devices not set
mse and spike frequency: 0.09995 0.0
[32m[I 2021-04-20 22:47:56,243][0m Trial 180 finished with values: [0.09995, 0.0] with parameters: {'Vahp': -25.0, 'Vth': -43.0, 'Vmax': 24.5, 't_ref': 13.0, 'R': 0.1, 'tau_m': 313.5, 'R_adp': 0.7000000000000001, 'tau_w': 102.0, 'a': 172.0, 'rate_low': 37.5, 'rate_high': 48.0}.[0m
2021-04-20 22:47:56.986031: I tensorflow/compiler/jit/xla_gpu_device.cc:99] Not creating XLA devices, tf_xla_enable_xla_devices not set
maxFreq at 10nA: 999.0
2021-04-20 22:48:36.235602: I tensorflow/compiler/jit/xla_gpu_device.cc:99] Not creating XLA devices, tf_xla_enable_xla_devices not set
2021-04-20 22:49:04.430551: I tensorflow/compiler/jit/xla_gpu_device.cc:99] Not creating XLA devices, tf_xla_enable_xla_devices not set
mse and spike frequency: 0.09995 0.0
[32m[I 2021-04-20 22:49:30,599][0m Trial 181 finished with values: [0.09995, 0.0] with parameters: {'Vahp': -36.0, 'Vth': -50.5, 'Vmax': 24.5, 't_ref': 13.0, 'R': 0.1, 'tau_m': 172.5, 'R_adp': 1.0, 'tau_w': 19.0, 'a': 151.0, 'rate_low': 44.0, 'rate_high': 39.0}.[0m
2021-04-20 22:49:31.362032: I tensorflow/compiler/jit/xla_gpu_device.cc:99] Not creating XLA devices, tf_xla_enable_xla_devices not set
maxFreq at 10nA: 48.0
2021-04-20 22:50:10.699754: I tensorflow/compiler/jit/xla_gpu_device.cc:99] Not creating XLA devices, tf_xla_enable_xla_devices not set
2021-04-20 22:50:39.474762: I tensorflow/compiler/jit/xla_gpu_device.cc:99] Not creating XLA devices, tf_xla_enable_xla_devices not set
mse and spike frequency: 0.01641 4.86
[32m[I 2021-04-20 22:51:05,915][0m Trial 182 finished with values: [0.01641, 4.86] with parameters: {'Vahp': -31.0, 'Vth': -21.0, 'Vmax': 36.5, 't_ref': 19.0, 'R': 0.30000000000000004, 'tau_m': 444.0, 'R_adp': 0.9, 'tau_w': 124.5, 'a': 149.0, 'rate_low': 42.0, 'rate_high': 39.0}.[0m
2021-04-20 22:51:06.690720: I tensorflow/compiler/jit/xla_gpu_device.cc:99] Not creating XLA devices, tf_xla_enable_xla_devices not set
maxFreq at 10nA: 1000.0
2021-04-20 22:51:45.821482: I tensorflow/compiler/jit/xla_gpu_device.cc:99] Not creating XLA devices, tf_xla_enable_xla_devices not set
2021-04-20 22:52:14.436909: I tensorflow/compiler/jit/xla_gpu_device.cc:99] Not creating XLA devices, tf_xla_enable_xla_devices not set
mse and spike frequency: 0.09995 0.0
[32m[I 2021-04-20 22:52:40,980][0m Trial 183 finished with values: [0.09995, 0.0] with parameters: {'Vahp': -39.5, 'Vth': -58.0, 'Vmax': 28.0, 't_ref': 3.5, 'R': 0.9, 'tau_m': 313.5, 'R_adp': 0.1, 'tau_w': 188.0, 'a': 318.5, 'rate_low': 12.0, 'rate_high': 12.0}.[0m
2021-04-20 22:52:41.714966: I tensorflow/compiler/jit/xla_gpu_device.cc:99] Not creating XLA devices, tf_xla_enable_xla_devices not set
maxFreq at 10nA: 167.0
2021-04-20 22:53:20.472309: I tensorflow/compiler/jit/xla_gpu_device.cc:99] Not creating XLA devices, tf_xla_enable_xla_devices not set
2021-04-20 22:53:48.774305: I tensorflow/compiler/jit/xla_gpu_device.cc:99] Not creating XLA devices, tf_xla_enable_xla_devices not set
mse and spike frequency: 0.00206 21.62
[32m[I 2021-04-20 22:54:14,966][0m Trial 184 finished with values: [0.00206, 21.62] with parameters: {'Vahp': -48.5, 'Vth': -24.0, 'Vmax': 18.0, 't_ref': 3.5, 'R': 0.9, 'tau_m': 444.0, 'R_adp': 0.7000000000000001, 'tau_w': 19.0, 'a': 151.0, 'rate_low': 42.5, 'rate_high': 44.0}.[0m
2021-04-20 22:54:15.736378: I tensorflow/compiler/jit/xla_gpu_device.cc:99] Not creating XLA devices, tf_xla_enable_xla_devices not set
maxFreq at 10nA: 45.0
2021-04-20 22:54:55.290535: I tensorflow/compiler/jit/xla_gpu_device.cc:99] Not creating XLA devices, tf_xla_enable_xla_devices not set
2021-04-20 22:55:23.750567: I tensorflow/compiler/jit/xla_gpu_device.cc:99] Not creating XLA devices, tf_xla_enable_xla_devices not set
mse and spike frequency: 0.02774 2.82
[32m[I 2021-04-20 22:55:50,096][0m Trial 185 finished with values: [0.02774, 2.82] with parameters: {'Vahp': -43.5, 'Vth': -21.5, 'Vmax': 18.0, 't_ref': 13.0, 'R': 0.1, 'tau_m': 313.5, 'R_adp': 0.7000000000000001, 'tau_w': 19.0, 'a': 315.0, 'rate_low': 44.0, 'rate_high': 44.5}.[0m
2021-04-20 22:55:50.843645: I tensorflow/compiler/jit/xla_gpu_device.cc:99] Not creating XLA devices, tf_xla_enable_xla_devices not set
maxFreq at 10nA: 999.0
2021-04-20 22:56:30.885090: I tensorflow/compiler/jit/xla_gpu_device.cc:99] Not creating XLA devices, tf_xla_enable_xla_devices not set
2021-04-20 22:57:00.015567: I tensorflow/compiler/jit/xla_gpu_device.cc:99] Not creating XLA devices, tf_xla_enable_xla_devices not set
mse and spike frequency: 0.09995 0.0
[32m[I 2021-04-20 22:57:26,283][0m Trial 186 finished with values: [0.09995, 0.0] with parameters: {'Vahp': -25.0, 'Vth': -43.0, 'Vmax': 36.5, 't_ref': 9.0, 'R': 0.30000000000000004, 'tau_m': 219.5, 'R_adp': 0.4, 'tau_w': 124.5, 'a': 45.0, 'rate_low': 30.5, 'rate_high': 47.5}.[0m
2021-04-20 22:57:27.065835: I tensorflow/compiler/jit/xla_gpu_device.cc:99] Not creating XLA devices, tf_xla_enable_xla_devices not set
maxFreq at 10nA: 1000.0
2021-04-20 22:58:06.798756: I tensorflow/compiler/jit/xla_gpu_device.cc:99] Not creating XLA devices, tf_xla_enable_xla_devices not set
2021-04-20 22:58:35.584797: I tensorflow/compiler/jit/xla_gpu_device.cc:99] Not creating XLA devices, tf_xla_enable_xla_devices not set
mse and spike frequency: 0.09995 0.0
[32m[I 2021-04-20 22:59:01,788][0m Trial 187 finished with values: [0.09995, 0.0] with parameters: {'Vahp': -44.5, 'Vth': -51.5, 'Vmax': 35.5, 't_ref': 10.5, 'R': 0.5, 'tau_m': 316.0, 'R_adp': 0.9, 'tau_w': 234.0, 'a': 134.5, 'rate_low': 12.5, 'rate_high': 26.0}.[0m
2021-04-20 22:59:02.623186: I tensorflow/compiler/jit/xla_gpu_device.cc:99] Not creating XLA devices, tf_xla_enable_xla_devices not set
maxFreq at 10nA: 999.0
2021-04-20 22:59:42.441594: I tensorflow/compiler/jit/xla_gpu_device.cc:99] Not creating XLA devices, tf_xla_enable_xla_devices not set
2021-04-20 23:00:11.680227: I tensorflow/compiler/jit/xla_gpu_device.cc:99] Not creating XLA devices, tf_xla_enable_xla_devices not set
mse and spike frequency: 0.09995 0.0
[32m[I 2021-04-20 23:00:38,738][0m Trial 188 finished with values: [0.09995, 0.0] with parameters: {'Vahp': -39.5, 'Vth': -41.5, 'Vmax': 13.5, 't_ref': 5.0, 'R': 0.4, 'tau_m': 367.0, 'R_adp': 0.1, 'tau_w': 179.5, 'a': 374.0, 'rate_low': 44.0, 'rate_high': 50.0}.[0m
2021-04-20 23:00:39.505306: I tensorflow/compiler/jit/xla_gpu_device.cc:99] Not creating XLA devices, tf_xla_enable_xla_devices not set
maxFreq at 10nA: 999.0
2021-04-20 23:01:19.550024: I tensorflow/compiler/jit/xla_gpu_device.cc:99] Not creating XLA devices, tf_xla_enable_xla_devices not set
2021-04-20 23:01:48.461055: I tensorflow/compiler/jit/xla_gpu_device.cc:99] Not creating XLA devices, tf_xla_enable_xla_devices not set
mse and spike frequency: 0.09995 0.0
[32m[I 2021-04-20 23:02:15,357][0m Trial 189 finished with values: [0.09995, 0.0] with parameters: {'Vahp': -28.0, 'Vth': -50.5, 'Vmax': 36.0, 't_ref': 13.0, 'R': 0.1, 'tau_m': 172.5, 'R_adp': 0.1, 'tau_w': 473.0, 'a': 207.0, 'rate_low': 12.0, 'rate_high': 31.0}.[0m
2021-04-20 23:02:16.108805: I tensorflow/compiler/jit/xla_gpu_device.cc:99] Not creating XLA devices, tf_xla_enable_xla_devices not set
maxFreq at 10nA: 1000.0
2021-04-20 23:02:55.960347: I tensorflow/compiler/jit/xla_gpu_device.cc:99] Not creating XLA devices, tf_xla_enable_xla_devices not set
2021-04-20 23:03:24.874518: I tensorflow/compiler/jit/xla_gpu_device.cc:99] Not creating XLA devices, tf_xla_enable_xla_devices not set
mse and spike frequency: 0.09995 0.0
[32m[I 2021-04-20 23:03:52,407][0m Trial 190 finished with values: [0.09995, 0.0] with parameters: {'Vahp': -28.0, 'Vth': -50.5, 'Vmax': 36.5, 't_ref': 15.0, 'R': 0.30000000000000004, 'tau_m': 313.5, 'R_adp': 1.0, 'tau_w': 450.5, 'a': 207.0, 'rate_low': 33.5, 'rate_high': 22.5}.[0m
2021-04-20 23:03:53.215420: I tensorflow/compiler/jit/xla_gpu_device.cc:99] Not creating XLA devices, tf_xla_enable_xla_devices not set
maxFreq at 10nA: 1000.0
2021-04-20 23:04:33.433736: I tensorflow/compiler/jit/xla_gpu_device.cc:99] Not creating XLA devices, tf_xla_enable_xla_devices not set
2021-04-20 23:05:03.073740: I tensorflow/compiler/jit/xla_gpu_device.cc:99] Not creating XLA devices, tf_xla_enable_xla_devices not set
mse and spike frequency: 0.09995 0.0
[32m[I 2021-04-20 23:05:31,066][0m Trial 191 finished with values: [0.09995, 0.0] with parameters: {'Vahp': -47.0, 'Vth': -51.5, 'Vmax': 27.0, 't_ref': 3.5, 'R': 0.6, 'tau_m': 210.0, 'R_adp': 0.1, 'tau_w': 188.0, 'a': 151.0, 'rate_low': 2.0, 'rate_high': 12.0}.[0m
2021-04-20 23:05:31.855046: I tensorflow/compiler/jit/xla_gpu_device.cc:99] Not creating XLA devices, tf_xla_enable_xla_devices not set
maxFreq at 10nA: 1000.0
2021-04-20 23:06:11.392452: I tensorflow/compiler/jit/xla_gpu_device.cc:99] Not creating XLA devices, tf_xla_enable_xla_devices not set
2021-04-20 23:06:41.418953: I tensorflow/compiler/jit/xla_gpu_device.cc:99] Not creating XLA devices, tf_xla_enable_xla_devices not set
mse and spike frequency: 0.09995 0.0
[32m[I 2021-04-20 23:07:09,658][0m Trial 192 finished with values: [0.09995, 0.0] with parameters: {'Vahp': -46.0, 'Vth': -56.0, 'Vmax': 38.5, 't_ref': 13.0, 'R': 0.4, 'tau_m': 313.5, 'R_adp': 0.7000000000000001, 'tau_w': 473.0, 'a': 195.0, 'rate_low': 41.5, 'rate_high': 44.5}.[0m
2021-04-20 23:07:10.416255: I tensorflow/compiler/jit/xla_gpu_device.cc:99] Not creating XLA devices, tf_xla_enable_xla_devices not set
maxFreq at 10nA: 1000.0
2021-04-20 23:07:49.983475: I tensorflow/compiler/jit/xla_gpu_device.cc:99] Not creating XLA devices, tf_xla_enable_xla_devices not set
2021-04-20 23:08:20.067607: I tensorflow/compiler/jit/xla_gpu_device.cc:99] Not creating XLA devices, tf_xla_enable_xla_devices not set
mse and spike frequency: 0.09995 0.0
[32m[I 2021-04-20 23:08:48,114][0m Trial 193 finished with values: [0.09995, 0.0] with parameters: {'Vahp': -37.5, 'Vth': -56.0, 'Vmax': 38.5, 't_ref': 13.0, 'R': 0.5, 'tau_m': 316.0, 'R_adp': 1.0, 'tau_w': 234.0, 'a': 195.0, 'rate_low': 10.0, 'rate_high': 39.5}.[0m
2021-04-20 23:08:48.884568: I tensorflow/compiler/jit/xla_gpu_device.cc:99] Not creating XLA devices, tf_xla_enable_xla_devices not set
maxFreq at 10nA: 999.0
2021-04-20 23:09:28.169649: I tensorflow/compiler/jit/xla_gpu_device.cc:99] Not creating XLA devices, tf_xla_enable_xla_devices not set
2021-04-20 23:09:58.338014: I tensorflow/compiler/jit/xla_gpu_device.cc:99] Not creating XLA devices, tf_xla_enable_xla_devices not set
mse and spike frequency: 0.09995 0.0
[32m[I 2021-04-20 23:10:27,401][0m Trial 194 finished with values: [0.09995, 0.0] with parameters: {'Vahp': -29.5, 'Vth': -48.0, 'Vmax': 30.5, 't_ref': 5.0, 'R': 0.30000000000000004, 'tau_m': 471.5, 'R_adp': 0.5, 'tau_w': 319.5, 'a': 67.0, 'rate_low': 30.5, 'rate_high': 32.0}.[0m
2021-04-20 23:10:28.220611: I tensorflow/compiler/jit/xla_gpu_device.cc:99] Not creating XLA devices, tf_xla_enable_xla_devices not set
maxFreq at 10nA: 999.0
2021-04-20 23:11:07.577370: I tensorflow/compiler/jit/xla_gpu_device.cc:99] Not creating XLA devices, tf_xla_enable_xla_devices not set
2021-04-20 23:11:37.173881: I tensorflow/compiler/jit/xla_gpu_device.cc:99] Not creating XLA devices, tf_xla_enable_xla_devices not set
mse and spike frequency: 0.09995 0.0
[32m[I 2021-04-20 23:12:06,616][0m Trial 195 finished with values: [0.09995, 0.0] with parameters: {'Vahp': -29.5, 'Vth': -43.0, 'Vmax': 32.5, 't_ref': 9.0, 'R': 0.30000000000000004, 'tau_m': 219.5, 'R_adp': 0.8, 'tau_w': 319.5, 'a': 45.0, 'rate_low': 13.5, 'rate_high': 36.5}.[0m
2021-04-20 23:12:07.436961: I tensorflow/compiler/jit/xla_gpu_device.cc:99] Not creating XLA devices, tf_xla_enable_xla_devices not set
maxFreq at 10nA: 47.0
2021-04-20 23:12:48.466913: I tensorflow/compiler/jit/xla_gpu_device.cc:99] Not creating XLA devices, tf_xla_enable_xla_devices not set
2021-04-20 23:13:19.568238: I tensorflow/compiler/jit/xla_gpu_device.cc:99] Not creating XLA devices, tf_xla_enable_xla_devices not set
mse and spike frequency: 0.12266 2.34
[32m[I 2021-04-20 23:13:48,606][0m Trial 196 finished with values: [0.12266, 2.34] with parameters: {'Vahp': -39.5, 'Vth': -25.0, 'Vmax': 22.0, 't_ref': 13.0, 'R': 0.4, 'tau_m': 444.0, 'R_adp': 0.7000000000000001, 'tau_w': 414.5, 'a': 315.0, 'rate_low': 44.0, 'rate_high': 39.0}.[0m
2021-04-20 23:13:49.391727: I tensorflow/compiler/jit/xla_gpu_device.cc:99] Not creating XLA devices, tf_xla_enable_xla_devices not set
maxFreq at 10nA: 999.0
2021-04-20 23:14:29.602582: I tensorflow/compiler/jit/xla_gpu_device.cc:99] Not creating XLA devices, tf_xla_enable_xla_devices not set
2021-04-20 23:15:00.883174: I tensorflow/compiler/jit/xla_gpu_device.cc:99] Not creating XLA devices, tf_xla_enable_xla_devices not set
mse and spike frequency: 0.09995 0.0
[32m[I 2021-04-20 23:15:30,753][0m Trial 197 finished with values: [0.09995, 0.0] with parameters: {'Vahp': -39.5, 'Vth': -50.5, 'Vmax': 24.5, 't_ref': 13.0, 'R': 0.2, 'tau_m': 313.5, 'R_adp': 0.7000000000000001, 'tau_w': 98.0, 'a': 315.0, 'rate_low': 22.0, 'rate_high': 36.0}.[0m
2021-04-20 23:15:31.559980: I tensorflow/compiler/jit/xla_gpu_device.cc:99] Not creating XLA devices, tf_xla_enable_xla_devices not set
maxFreq at 10nA: 999.0
2021-04-20 23:16:12.384807: I tensorflow/compiler/jit/xla_gpu_device.cc:99] Not creating XLA devices, tf_xla_enable_xla_devices not set
2021-04-20 23:16:43.666864: I tensorflow/compiler/jit/xla_gpu_device.cc:99] Not creating XLA devices, tf_xla_enable_xla_devices not set
mse and spike frequency: 0.09995 0.0
[32m[I 2021-04-20 23:17:13,181][0m Trial 198 finished with values: [0.09995, 0.0] with parameters: {'Vahp': -39.5, 'Vth': -50.5, 'Vmax': 36.5, 't_ref': 13.0, 'R': 0.30000000000000004, 'tau_m': 471.5, 'R_adp': 1.0, 'tau_w': 188.0, 'a': 436.5, 'rate_low': 30.5, 'rate_high': 44.5}.[0m
2021-04-20 23:17:13.991049: I tensorflow/compiler/jit/xla_gpu_device.cc:99] Not creating XLA devices, tf_xla_enable_xla_devices not set
maxFreq at 10nA: 1000.0
2021-04-20 23:17:54.329516: I tensorflow/compiler/jit/xla_gpu_device.cc:99] Not creating XLA devices, tf_xla_enable_xla_devices not set
2021-04-20 23:18:25.531300: I tensorflow/compiler/jit/xla_gpu_device.cc:99] Not creating XLA devices, tf_xla_enable_xla_devices not set
mse and spike frequency: 0.09995 0.0
[32m[I 2021-04-20 23:18:55,315][0m Trial 199 finished with values: [0.09995, 0.0] with parameters: {'Vahp': -29.5, 'Vth': -39.5, 'Vmax': 39.5, 't_ref': 9.5, 'R': 0.8, 'tau_m': 319.5, 'R_adp': 0.8, 'tau_w': 73.0, 'a': 453.5, 'rate_low': 13.5, 'rate_high': 36.5}.[0m
2021-04-20 23:18:56.160915: I tensorflow/compiler/jit/xla_gpu_device.cc:99] Not creating XLA devices, tf_xla_enable_xla_devices not set
maxFreq at 10nA: 250.0
2021-04-20 23:19:37.055281: I tensorflow/compiler/jit/xla_gpu_device.cc:99] Not creating XLA devices, tf_xla_enable_xla_devices not set
2021-04-20 23:20:08.447180: I tensorflow/compiler/jit/xla_gpu_device.cc:99] Not creating XLA devices, tf_xla_enable_xla_devices not set
mse and spike frequency: 0.00224 36.22
