[32m[I 2021-04-20 20:01:20,395][0m Trial 26 finished with values: [2.68293, 13.41] with parameters: {'Vahp': -43.0, 'Vth': -31.5, 'Vmax': 27.0, 't_ref': 4.5, 'R': 0.6, 'tau_m': 94.5, 'R_adp': 0.6, 'tau_w': 272.5, 'a': 488.5, 'rate_low': 35.0, 'rate_high': 48.5}.[0m
2021-04-20 20:01:20.747701: I tensorflow/compiler/jit/xla_gpu_device.cc:99] Not creating XLA devices, tf_xla_enable_xla_devices not set
maxFreq at 10nA: 63.0
2021-04-20 20:01:42.731144: I tensorflow/compiler/jit/xla_gpu_device.cc:99] Not creating XLA devices, tf_xla_enable_xla_devices not set
2021-04-20 20:01:51.342775: I tensorflow/compiler/jit/xla_gpu_device.cc:99] Not creating XLA devices, tf_xla_enable_xla_devices not set
mse and spike frequency: 0.04003 11.25
[32m[I 2021-04-20 20:01:58,664][0m Trial 27 finished with values: [0.04003, 11.25] with parameters: {'Vahp': -56.5, 'Vth': -52.0, 'Vmax': 23.0, 't_ref': 14.5, 'R': 0.30000000000000004, 'tau_m': 143.0, 'R_adp': 0.9, 'tau_w': 156.5, 'a': 42.5, 'rate_low': 24.5, 'rate_high': 39.5}.[0m
2021-04-20 20:01:59.038902: I tensorflow/compiler/jit/xla_gpu_device.cc:99] Not creating XLA devices, tf_xla_enable_xla_devices not set
maxFreq at 10nA: 1000.0
2021-04-20 20:02:20.514295: I tensorflow/compiler/jit/xla_gpu_device.cc:99] Not creating XLA devices, tf_xla_enable_xla_devices not set
2021-04-20 20:02:29.478804: I tensorflow/compiler/jit/xla_gpu_device.cc:99] Not creating XLA devices, tf_xla_enable_xla_devices not set
mse and spike frequency: 0.09995 0.0
[32m[I 2021-04-20 20:02:36,932][0m Trial 28 finished with values: [0.09995, 0.0] with parameters: {'Vahp': -24.5, 'Vth': -56.0, 'Vmax': 25.5, 't_ref': 8.5, 'R': 1.0, 'tau_m': 55.0, 'R_adp': 0.2, 'tau_w': 345.5, 'a': 237.5, 'rate_low': 14.5, 'rate_high': 43.5}.[0m
2021-04-20 20:02:37.313632: I tensorflow/compiler/jit/xla_gpu_device.cc:99] Not creating XLA devices, tf_xla_enable_xla_devices not set
maxFreq at 10nA: 56.0
2021-04-20 20:02:58.538056: I tensorflow/compiler/jit/xla_gpu_device.cc:99] Not creating XLA devices, tf_xla_enable_xla_devices not set
2021-04-20 20:03:07.517503: I tensorflow/compiler/jit/xla_gpu_device.cc:99] Not creating XLA devices, tf_xla_enable_xla_devices not set
mse and spike frequency: 0.00675 4.57
[32m[I 2021-04-20 20:03:15,231][0m Trial 29 finished with values: [0.00675, 4.57] with parameters: {'Vahp': -41.5, 'Vth': -20.5, 'Vmax': 24.0, 't_ref': 15.5, 'R': 0.5, 'tau_m': 258.5, 'R_adp': 1.0, 'tau_w': 4.0, 'a': 0.5, 'rate_low': 7.0, 'rate_high': 27.0}.[0m
2021-04-20 20:03:15.612832: I tensorflow/compiler/jit/xla_gpu_device.cc:99] Not creating XLA devices, tf_xla_enable_xla_devices not set
maxFreq at 10nA: 56.0
2021-04-20 20:03:37.661493: I tensorflow/compiler/jit/xla_gpu_device.cc:99] Not creating XLA devices, tf_xla_enable_xla_devices not set
2021-04-20 20:03:46.469079: I tensorflow/compiler/jit/xla_gpu_device.cc:99] Not creating XLA devices, tf_xla_enable_xla_devices not set
mse and spike frequency: 0.00714 14.78
[32m[I 2021-04-20 20:03:54,305][0m Trial 30 finished with values: [0.00714, 14.78] with parameters: {'Vahp': -58.0, 'Vth': -42.5, 'Vmax': 24.5, 't_ref': 17.0, 'R': 0.6, 'tau_m': 264.0, 'R_adp': 0.2, 'tau_w': 57.5, 'a': 458.5, 'rate_low': 38.5, 'rate_high': 49.0}.[0m
2021-04-20 20:03:54.672567: I tensorflow/compiler/jit/xla_gpu_device.cc:99] Not creating XLA devices, tf_xla_enable_xla_devices not set
maxFreq at 10nA: 77.0
2021-04-20 20:04:16.751533: I tensorflow/compiler/jit/xla_gpu_device.cc:99] Not creating XLA devices, tf_xla_enable_xla_devices not set
2021-04-20 20:04:25.582094: I tensorflow/compiler/jit/xla_gpu_device.cc:99] Not creating XLA devices, tf_xla_enable_xla_devices not set
mse and spike frequency: 0.01286 15.54
[32m[I 2021-04-20 20:04:33,519][0m Trial 31 finished with values: [0.01286, 15.54] with parameters: {'Vahp': -58.5, 'Vth': -49.5, 'Vmax': 29.5, 't_ref': 11.5, 'R': 0.7000000000000001, 'tau_m': 284.5, 'R_adp': 0.6, 'tau_w': 126.0, 'a': 99.5, 'rate_low': 25.5, 'rate_high': 44.5}.[0m
2021-04-20 20:04:33.886291: I tensorflow/compiler/jit/xla_gpu_device.cc:99] Not creating XLA devices, tf_xla_enable_xla_devices not set
maxFreq at 10nA: 1000.0
2021-04-20 20:04:56.214798: I tensorflow/compiler/jit/xla_gpu_device.cc:99] Not creating XLA devices, tf_xla_enable_xla_devices not set
2021-04-20 20:05:05.367890: I tensorflow/compiler/jit/xla_gpu_device.cc:99] Not creating XLA devices, tf_xla_enable_xla_devices not set
mse and spike frequency: 0.09995 0.0
[32m[I 2021-04-20 20:05:13,418][0m Trial 32 finished with values: [0.09995, 0.0] with parameters: {'Vahp': -42.5, 'Vth': -44.5, 'Vmax': 13.5, 't_ref': 0.5, 'R': 0.1, 'tau_m': 24.0, 'R_adp': 0.1, 'tau_w': 254.0, 'a': 308.0, 'rate_low': 18.5, 'rate_high': 42.0}.[0m
2021-04-20 20:05:13.799627: I tensorflow/compiler/jit/xla_gpu_device.cc:99] Not creating XLA devices, tf_xla_enable_xla_devices not set
maxFreq at 10nA: 1000.0
2021-04-20 20:05:35.579630: I tensorflow/compiler/jit/xla_gpu_device.cc:99] Not creating XLA devices, tf_xla_enable_xla_devices not set
2021-04-20 20:05:44.843983: I tensorflow/compiler/jit/xla_gpu_device.cc:99] Not creating XLA devices, tf_xla_enable_xla_devices not set
mse and spike frequency: 0.09995 0.0
[32m[I 2021-04-20 20:05:52,856][0m Trial 33 finished with values: [0.09995, 0.0] with parameters: {'Vahp': -23.5, 'Vth': -42.5, 'Vmax': 11.5, 't_ref': 4.5, 'R': 1.0, 'tau_m': 476.0, 'R_adp': 1.0, 'tau_w': 418.5, 'a': 107.0, 'rate_low': 35.0, 'rate_high': 37.0}.[0m
2021-04-20 20:05:53.227609: I tensorflow/compiler/jit/xla_gpu_device.cc:99] Not creating XLA devices, tf_xla_enable_xla_devices not set
maxFreq at 10nA: 1000.0
2021-04-20 20:06:16.111764: I tensorflow/compiler/jit/xla_gpu_device.cc:99] Not creating XLA devices, tf_xla_enable_xla_devices not set
2021-04-20 20:06:25.677280: I tensorflow/compiler/jit/xla_gpu_device.cc:99] Not creating XLA devices, tf_xla_enable_xla_devices not set
mse and spike frequency: 0.09995 0.0
[32m[I 2021-04-20 20:06:34,177][0m Trial 34 finished with values: [0.09995, 0.0] with parameters: {'Vahp': -25.5, 'Vth': -42.0, 'Vmax': 39.5, 't_ref': 18.0, 'R': 0.4, 'tau_m': 64.5, 'R_adp': 0.6, 'tau_w': 268.0, 'a': 219.0, 'rate_low': 25.5, 'rate_high': 44.0}.[0m
2021-04-20 20:06:34.551675: I tensorflow/compiler/jit/xla_gpu_device.cc:99] Not creating XLA devices, tf_xla_enable_xla_devices not set
maxFreq at 10nA: 1000.0
2021-04-20 20:06:57.129596: I tensorflow/compiler/jit/xla_gpu_device.cc:99] Not creating XLA devices, tf_xla_enable_xla_devices not set
2021-04-20 20:07:06.574822: I tensorflow/compiler/jit/xla_gpu_device.cc:99] Not creating XLA devices, tf_xla_enable_xla_devices not set
mse and spike frequency: 0.09995 0.0
[32m[I 2021-04-20 20:07:14,999][0m Trial 35 finished with values: [0.09995, 0.0] with parameters: {'Vahp': -47.5, 'Vth': -54.5, 'Vmax': 33.0, 't_ref': 17.5, 'R': 0.7000000000000001, 'tau_m': 140.0, 'R_adp': 0.7000000000000001, 'tau_w': 309.0, 'a': 168.0, 'rate_low': 9.5, 'rate_high': 15.0}.[0m
2021-04-20 20:07:15.392099: I tensorflow/compiler/jit/xla_gpu_device.cc:99] Not creating XLA devices, tf_xla_enable_xla_devices not set
maxFreq at 10nA: 234.0
2021-04-20 20:07:37.974945: I tensorflow/compiler/jit/xla_gpu_device.cc:99] Not creating XLA devices, tf_xla_enable_xla_devices not set
2021-04-20 20:07:47.353143: I tensorflow/compiler/jit/xla_gpu_device.cc:99] Not creating XLA devices, tf_xla_enable_xla_devices not set
mse and spike frequency: 0.29343 14.05
[32m[I 2021-04-20 20:07:56,008][0m Trial 36 finished with values: [0.29343, 14.05] with parameters: {'Vahp': -46.0, 'Vth': -31.5, 'Vmax': 10.0, 't_ref': 1.5, 'R': 0.9, 'tau_m': 436.5, 'R_adp': 0.2, 'tau_w': 437.0, 'a': 378.5, 'rate_low': 46.5, 'rate_high': 48.5}.[0m
2021-04-20 20:07:56.383878: I tensorflow/compiler/jit/xla_gpu_device.cc:99] Not creating XLA devices, tf_xla_enable_xla_devices not set
maxFreq at 10nA: 167.0
2021-04-20 20:08:19.139126: I tensorflow/compiler/jit/xla_gpu_device.cc:99] Not creating XLA devices, tf_xla_enable_xla_devices not set
2021-04-20 20:08:28.612283: I tensorflow/compiler/jit/xla_gpu_device.cc:99] Not creating XLA devices, tf_xla_enable_xla_devices not set
mse and spike frequency: 0.12436 39.37
[32m[I 2021-04-20 20:08:37,218][0m Trial 37 finished with values: [0.12436, 39.37] with parameters: {'Vahp': -59.0, 'Vth': -54.0, 'Vmax': 28.0, 't_ref': 4.5, 'R': 0.9, 'tau_m': 21.0, 'R_adp': 0.2, 'tau_w': 236.5, 'a': 153.0, 'rate_low': 37.0, 'rate_high': 39.0}.[0m
2021-04-20 20:08:37.602388: I tensorflow/compiler/jit/xla_gpu_device.cc:99] Not creating XLA devices, tf_xla_enable_xla_devices not set
maxFreq at 10nA: 75.0
2021-04-20 20:08:59.734877: I tensorflow/compiler/jit/xla_gpu_device.cc:99] Not creating XLA devices, tf_xla_enable_xla_devices not set
2021-04-20 20:09:09.502206: I tensorflow/compiler/jit/xla_gpu_device.cc:99] Not creating XLA devices, tf_xla_enable_xla_devices not set
mse and spike frequency: 0.09995 0.0
[32m[I 2021-04-20 20:09:18,105][0m Trial 38 finished with values: [0.09995, 0.0] with parameters: {'Vahp': -41.0, 'Vth': -28.0, 'Vmax': 30.0, 't_ref': 12.0, 'R': 0.2, 'tau_m': 140.5, 'R_adp': 1.0, 'tau_w': 25.0, 'a': 95.5, 'rate_low': 2.5, 'rate_high': 6.0}.[0m
2021-04-20 20:09:18.485567: I tensorflow/compiler/jit/xla_gpu_device.cc:99] Not creating XLA devices, tf_xla_enable_xla_devices not set
maxFreq at 10nA: 999.0
2021-04-20 20:09:41.230098: I tensorflow/compiler/jit/xla_gpu_device.cc:99] Not creating XLA devices, tf_xla_enable_xla_devices not set
2021-04-20 20:09:51.097483: I tensorflow/compiler/jit/xla_gpu_device.cc:99] Not creating XLA devices, tf_xla_enable_xla_devices not set
mse and spike frequency: 0.09995 0.0
[32m[I 2021-04-20 20:09:59,993][0m Trial 39 finished with values: [0.09995, 0.0] with parameters: {'Vahp': -27.0, 'Vth': -47.0, 'Vmax': 30.0, 't_ref': 9.5, 'R': 0.5, 'tau_m': 440.0, 'R_adp': 0.30000000000000004, 'tau_w': 218.0, 'a': 19.0, 'rate_low': 30.0, 'rate_high': 46.0}.[0m
2021-04-20 20:10:00.390065: I tensorflow/compiler/jit/xla_gpu_device.cc:99] Not creating XLA devices, tf_xla_enable_xla_devices not set
maxFreq at 10nA: 166.0
2021-04-20 20:10:22.931308: I tensorflow/compiler/jit/xla_gpu_device.cc:99] Not creating XLA devices, tf_xla_enable_xla_devices not set
2021-04-20 20:10:33.135108: I tensorflow/compiler/jit/xla_gpu_device.cc:99] Not creating XLA devices, tf_xla_enable_xla_devices not set
mse and spike frequency: 0.09852 8.25
[32m[I 2021-04-20 20:10:42,271][0m Trial 40 finished with values: [0.09852, 8.25] with parameters: {'Vahp': -55.5, 'Vth': -48.5, 'Vmax': 17.5, 't_ref': 2.5, 'R': 0.30000000000000004, 'tau_m': 448.0, 'R_adp': 1.0, 'tau_w': 360.5, 'a': 38.0, 'rate_low': 41.0, 'rate_high': 47.5}.[0m
2021-04-20 20:10:42.713456: I tensorflow/compiler/jit/xla_gpu_device.cc:99] Not creating XLA devices, tf_xla_enable_xla_devices not set
maxFreq at 10nA: 119.0
2021-04-20 20:11:05.200426: I tensorflow/compiler/jit/xla_gpu_device.cc:99] Not creating XLA devices, tf_xla_enable_xla_devices not set
2021-04-20 20:11:15.817238: I tensorflow/compiler/jit/xla_gpu_device.cc:99] Not creating XLA devices, tf_xla_enable_xla_devices not set
mse and spike frequency: 0.09126 2.66
[32m[I 2021-04-20 20:11:24,803][0m Trial 41 finished with values: [0.09126, 2.66] with parameters: {'Vahp': -50.5, 'Vth': -50.5, 'Vmax': 12.5, 't_ref': 5.5, 'R': 0.4, 'tau_m': 182.0, 'R_adp': 1.0, 'tau_w': 103.0, 'a': 344.0, 'rate_low': 15.5, 'rate_high': 22.0}.[0m
2021-04-20 20:11:25.213538: I tensorflow/compiler/jit/xla_gpu_device.cc:99] Not creating XLA devices, tf_xla_enable_xla_devices not set
maxFreq at 10nA: 41.0
2021-04-20 20:11:48.419373: I tensorflow/compiler/jit/xla_gpu_device.cc:99] Not creating XLA devices, tf_xla_enable_xla_devices not set
2021-04-20 20:11:59.199368: I tensorflow/compiler/jit/xla_gpu_device.cc:99] Not creating XLA devices, tf_xla_enable_xla_devices not set
mse and spike frequency: 0.0976 1.05
[32m[I 2021-04-20 20:12:08,216][0m Trial 42 finished with values: [0.0976, 1.05] with parameters: {'Vahp': -50.0, 'Vth': -31.0, 'Vmax': 17.0, 't_ref': 17.5, 'R': 0.1, 'tau_m': 80.5, 'R_adp': 0.30000000000000004, 'tau_w': 152.5, 'a': 453.5, 'rate_low': 16.0, 'rate_high': 44.0}.[0m
2021-04-20 20:12:08.641495: I tensorflow/compiler/jit/xla_gpu_device.cc:99] Not creating XLA devices, tf_xla_enable_xla_devices not set
maxFreq at 10nA: 1000.0
2021-04-20 20:12:31.557418: I tensorflow/compiler/jit/xla_gpu_device.cc:99] Not creating XLA devices, tf_xla_enable_xla_devices not set
2021-04-20 20:12:42.820446: I tensorflow/compiler/jit/xla_gpu_device.cc:99] Not creating XLA devices, tf_xla_enable_xla_devices not set
mse and spike frequency: 0.09995 0.0
[32m[I 2021-04-20 20:12:52,177][0m Trial 43 finished with values: [0.09995, 0.0] with parameters: {'Vahp': -23.0, 'Vth': -48.0, 'Vmax': 21.5, 't_ref': 6.5, 'R': 1.0, 'tau_m': 143.0, 'R_adp': 0.30000000000000004, 'tau_w': 298.0, 'a': 453.5, 'rate_low': 49.0, 'rate_high': 50.0}.[0m
2021-04-20 20:12:52.578980: I tensorflow/compiler/jit/xla_gpu_device.cc:99] Not creating XLA devices, tf_xla_enable_xla_devices not set
maxFreq at 10nA: 15.0
2021-04-20 20:13:15.695324: I tensorflow/compiler/jit/xla_gpu_device.cc:99] Not creating XLA devices, tf_xla_enable_xla_devices not set
2021-04-20 20:13:26.417330: I tensorflow/compiler/jit/xla_gpu_device.cc:99] Not creating XLA devices, tf_xla_enable_xla_devices not set
mse and spike frequency: 0.09556 0.58
[32m[I 2021-04-20 20:13:35,855][0m Trial 44 finished with values: [0.09556, 0.58] with parameters: {'Vahp': -57.5, 'Vth': -37.5, 'Vmax': 40.0, 't_ref': 7.0, 'R': 0.2, 'tau_m': 113.0, 'R_adp': 1.0, 'tau_w': 482.5, 'a': 426.5, 'rate_low': 31.0, 'rate_high': 43.0}.[0m
2021-04-20 20:13:36.257726: I tensorflow/compiler/jit/xla_gpu_device.cc:99] Not creating XLA devices, tf_xla_enable_xla_devices not set
maxFreq at 10nA: 78.0
2021-04-20 20:14:00.075701: I tensorflow/compiler/jit/xla_gpu_device.cc:99] Not creating XLA devices, tf_xla_enable_xla_devices not set
2021-04-20 20:14:10.252216: I tensorflow/compiler/jit/xla_gpu_device.cc:99] Not creating XLA devices, tf_xla_enable_xla_devices not set
mse and spike frequency: 0.01077 10.66
[32m[I 2021-04-20 20:14:19,709][0m Trial 45 finished with values: [0.01077, 10.66] with parameters: {'Vahp': -54.0, 'Vth': -22.5, 'Vmax': 29.0, 't_ref': 10.5, 'R': 0.9, 'tau_m': 267.0, 'R_adp': 0.30000000000000004, 'tau_w': 479.0, 'a': 141.5, 'rate_low': 37.0, 'rate_high': 37.5}.[0m
2021-04-20 20:14:20.104963: I tensorflow/compiler/jit/xla_gpu_device.cc:99] Not creating XLA devices, tf_xla_enable_xla_devices not set
maxFreq at 10nA: 54.0
2021-04-20 20:14:44.386386: I tensorflow/compiler/jit/xla_gpu_device.cc:99] Not creating XLA devices, tf_xla_enable_xla_devices not set
2021-04-20 20:14:54.722700: I tensorflow/compiler/jit/xla_gpu_device.cc:99] Not creating XLA devices, tf_xla_enable_xla_devices not set
mse and spike frequency: 0.08132 1.8
[32m[I 2021-04-20 20:15:04,207][0m Trial 46 finished with values: [0.08132, 1.8] with parameters: {'Vahp': -50.5, 'Vth': -34.0, 'Vmax': 11.5, 't_ref': 16.5, 'R': 0.7000000000000001, 'tau_m': 252.0, 'R_adp': 0.7000000000000001, 'tau_w': 203.0, 'a': 478.0, 'rate_low': 6.0, 'rate_high': 48.0}.[0m
2021-04-20 20:15:04.617135: I tensorflow/compiler/jit/xla_gpu_device.cc:99] Not creating XLA devices, tf_xla_enable_xla_devices not set
maxFreq at 10nA: 1000.0
2021-04-20 20:15:28.914212: I tensorflow/compiler/jit/xla_gpu_device.cc:99] Not creating XLA devices, tf_xla_enable_xla_devices not set
2021-04-20 20:15:39.368063: I tensorflow/compiler/jit/xla_gpu_device.cc:99] Not creating XLA devices, tf_xla_enable_xla_devices not set
mse and spike frequency: 0.09996 1000.1
[32m[I 2021-04-20 20:15:48,888][0m Trial 47 finished with values: [0.09996, 1000.1] with parameters: {'Vahp': -42.0, 'Vth': -60.0, 'Vmax': 19.0, 't_ref': 7.0, 'R': 0.4, 'tau_m': 344.0, 'R_adp': 0.9, 'tau_w': 239.5, 'a': 32.5, 'rate_low': 42.0, 'rate_high': 42.0}.[0m
2021-04-20 20:15:49.325731: I tensorflow/compiler/jit/xla_gpu_device.cc:99] Not creating XLA devices, tf_xla_enable_xla_devices not set
maxFreq at 10nA: 100.0
2021-04-20 20:16:12.957085: I tensorflow/compiler/jit/xla_gpu_device.cc:99] Not creating XLA devices, tf_xla_enable_xla_devices not set
2021-04-20 20:16:23.804451: I tensorflow/compiler/jit/xla_gpu_device.cc:99] Not creating XLA devices, tf_xla_enable_xla_devices not set
mse and spike frequency: 1.1074 2.57
[32m[I 2021-04-20 20:16:33,386][0m Trial 48 finished with values: [1.1074, 2.57] with parameters: {'Vahp': -39.5, 'Vth': -36.0, 'Vmax': 39.5, 't_ref': 9.0, 'R': 1.0, 'tau_m': 248.0, 'R_adp': 0.7000000000000001, 'tau_w': 416.5, 'a': 261.0, 'rate_low': 2.0, 'rate_high': 11.5}.[0m
2021-04-20 20:16:33.796628: I tensorflow/compiler/jit/xla_gpu_device.cc:99] Not creating XLA devices, tf_xla_enable_xla_devices not set
maxFreq at 10nA: 999.0
2021-04-20 20:16:57.437004: I tensorflow/compiler/jit/xla_gpu_device.cc:99] Not creating XLA devices, tf_xla_enable_xla_devices not set
2021-04-20 20:17:08.081657: I tensorflow/compiler/jit/xla_gpu_device.cc:99] Not creating XLA devices, tf_xla_enable_xla_devices not set
mse and spike frequency: 0.09995 0.0
[32m[I 2021-04-20 20:17:17,617][0m Trial 49 finished with values: [0.09995, 0.0] with parameters: {'Vahp': -42.5, 'Vth': -53.5, 'Vmax': 16.0, 't_ref': 11.5, 'R': 0.1, 'tau_m': 352.5, 'R_adp': 0.30000000000000004, 'tau_w': 190.5, 'a': 51.5, 'rate_low': 6.5, 'rate_high': 11.0}.[0m
2021-04-20 20:17:18.048127: I tensorflow/compiler/jit/xla_gpu_device.cc:99] Not creating XLA devices, tf_xla_enable_xla_devices not set
maxFreq at 10nA: 112.0
2021-04-20 20:17:42.554538: I tensorflow/compiler/jit/xla_gpu_device.cc:99] Not creating XLA devices, tf_xla_enable_xla_devices not set
2021-04-20 20:17:53.556036: I tensorflow/compiler/jit/xla_gpu_device.cc:99] Not creating XLA devices, tf_xla_enable_xla_devices not set
mse and spike frequency: 0.02772 37.26
[32m[I 2021-04-20 20:18:03,508][0m Trial 50 finished with values: [0.02772, 37.26] with parameters: {'Vahp': -49.5, 'Vth': -49.0, 'Vmax': 10.5, 't_ref': 8.0, 'R': 0.9, 'tau_m': 465.5, 'R_adp': 0.4, 'tau_w': 167.0, 'a': 32.5, 'rate_low': 21.0, 'rate_high': 42.5}.[0m
2021-04-20 20:18:03.919216: I tensorflow/compiler/jit/xla_gpu_device.cc:99] Not creating XLA devices, tf_xla_enable_xla_devices not set
maxFreq at 10nA: 1000.0
2021-04-20 20:18:28.291583: I tensorflow/compiler/jit/xla_gpu_device.cc:99] Not creating XLA devices, tf_xla_enable_xla_devices not set
2021-04-20 20:18:39.385057: I tensorflow/compiler/jit/xla_gpu_device.cc:99] Not creating XLA devices, tf_xla_enable_xla_devices not set
mse and spike frequency: 0.09995 0.0
[32m[I 2021-04-20 20:18:49,371][0m Trial 51 finished with values: [0.09995, 0.0] with parameters: {'Vahp': -30.0, 'Vth': -52.0, 'Vmax': 21.5, 't_ref': 15.5, 'R': 0.7000000000000001, 'tau_m': 329.5, 'R_adp': 0.30000000000000004, 'tau_w': 124.5, 'a': 243.5, 'rate_low': 11.0, 'rate_high': 44.0}.[0m
2021-04-20 20:18:49.800493: I tensorflow/compiler/jit/xla_gpu_device.cc:99] Not creating XLA devices, tf_xla_enable_xla_devices not set
maxFreq at 10nA: 997.0
2021-04-20 20:19:14.369551: I tensorflow/compiler/jit/xla_gpu_device.cc:99] Not creating XLA devices, tf_xla_enable_xla_devices not set
2021-04-20 20:19:25.914505: I tensorflow/compiler/jit/xla_gpu_device.cc:99] Not creating XLA devices, tf_xla_enable_xla_devices not set
mse and spike frequency: 0.09995 0.0
[32m[I 2021-04-20 20:19:35,933][0m Trial 52 finished with values: [0.09995, 0.0] with parameters: {'Vahp': -50.0, 'Vth': -51.0, 'Vmax': 17.0, 't_ref': 17.5, 'R': 0.1, 'tau_m': 406.5, 'R_adp': 0.30000000000000004, 'tau_w': 152.5, 'a': 416.5, 'rate_low': 16.0, 'rate_high': 40.0}.[0m
2021-04-20 20:19:36.370763: I tensorflow/compiler/jit/xla_gpu_device.cc:99] Not creating XLA devices, tf_xla_enable_xla_devices not set
maxFreq at 10nA: 59.0
2021-04-20 20:20:00.732782: I tensorflow/compiler/jit/xla_gpu_device.cc:99] Not creating XLA devices, tf_xla_enable_xla_devices not set
2021-04-20 20:20:12.657122: I tensorflow/compiler/jit/xla_gpu_device.cc:99] Not creating XLA devices, tf_xla_enable_xla_devices not set
mse and spike frequency: 0.1002 0.02
[32m[I 2021-04-20 20:20:22,534][0m Trial 53 finished with values: [0.1002, 0.02] with parameters: {'Vahp': -41.0, 'Vth': -38.5, 'Vmax': 29.0, 't_ref': 16.0, 'R': 0.2, 'tau_m': 140.5, 'R_adp': 1.0, 'tau_w': 25.0, 'a': 203.5, 'rate_low': 3.5, 'rate_high': 6.0}.[0m
2021-04-20 20:20:22.971104: I tensorflow/compiler/jit/xla_gpu_device.cc:99] Not creating XLA devices, tf_xla_enable_xla_devices not set
maxFreq at 10nA: 1000.0
2021-04-20 20:20:47.082672: I tensorflow/compiler/jit/xla_gpu_device.cc:99] Not creating XLA devices, tf_xla_enable_xla_devices not set
2021-04-20 20:20:58.495930: I tensorflow/compiler/jit/xla_gpu_device.cc:99] Not creating XLA devices, tf_xla_enable_xla_devices not set
mse and spike frequency: 0.09995 0.0
[32m[I 2021-04-20 20:21:08,886][0m Trial 54 finished with values: [0.09995, 0.0] with parameters: {'Vahp': -25.5, 'Vth': -42.0, 'Vmax': 39.5, 't_ref': 16.5, 'R': 0.7000000000000001, 'tau_m': 64.5, 'R_adp': 0.7000000000000001, 'tau_w': 203.0, 'a': 478.0, 'rate_low': 25.5, 'rate_high': 33.0}.[0m
2021-04-20 20:21:09.332574: I tensorflow/compiler/jit/xla_gpu_device.cc:99] Not creating XLA devices, tf_xla_enable_xla_devices not set
maxFreq at 10nA: 63.0
2021-04-20 20:21:33.531846: I tensorflow/compiler/jit/xla_gpu_device.cc:99] Not creating XLA devices, tf_xla_enable_xla_devices not set
2021-04-20 20:21:45.052718: I tensorflow/compiler/jit/xla_gpu_device.cc:99] Not creating XLA devices, tf_xla_enable_xla_devices not set
mse and spike frequency: 0.01766 5.86
