[32m[I 2021-04-20 22:32:34,871][0m Trial 171 finished with values: [0.00528, 11.72] with parameters: {'Vahp': -59.5, 'Vth': -57.5, 'Vmax': 23.0, 't_ref': 6.0, 'R': 0.1, 'tau_m': 263.5, 'R_adp': 0.6, 'tau_w': 16.5, 'a': 326.5, 'rate_low': 17.5, 'rate_high': 46.0}.[0m
2021-04-20 22:32:35.673299: I tensorflow/compiler/jit/xla_gpu_device.cc:99] Not creating XLA devices, tf_xla_enable_xla_devices not set
maxFreq at 10nA: 997.0
2021-04-20 22:33:13.264234: I tensorflow/compiler/jit/xla_gpu_device.cc:99] Not creating XLA devices, tf_xla_enable_xla_devices not set
2021-04-20 22:33:38.999352: I tensorflow/compiler/jit/xla_gpu_device.cc:99] Not creating XLA devices, tf_xla_enable_xla_devices not set
mse and spike frequency: 0.09995 0.0
[32m[I 2021-04-20 22:34:04,111][0m Trial 172 finished with values: [0.09995, 0.0] with parameters: {'Vahp': -30.0, 'Vth': -34.0, 'Vmax': 22.5, 't_ref': 5.5, 'R': 0.30000000000000004, 'tau_m': 478.5, 'R_adp': 0.5, 'tau_w': 436.5, 'a': 296.0, 'rate_low': 46.0, 'rate_high': 43.0}.[0m
2021-04-20 22:34:04.864101: I tensorflow/compiler/jit/xla_gpu_device.cc:99] Not creating XLA devices, tf_xla_enable_xla_devices not set
maxFreq at 10nA: 1000.0
2021-04-20 22:34:42.648431: I tensorflow/compiler/jit/xla_gpu_device.cc:99] Not creating XLA devices, tf_xla_enable_xla_devices not set
2021-04-20 22:35:09.019993: I tensorflow/compiler/jit/xla_gpu_device.cc:99] Not creating XLA devices, tf_xla_enable_xla_devices not set
mse and spike frequency: 0.09995 0.0
[32m[I 2021-04-20 22:35:34,882][0m Trial 173 finished with values: [0.09995, 0.0] with parameters: {'Vahp': -28.0, 'Vth': -45.5, 'Vmax': 27.5, 't_ref': 15.5, 'R': 0.2, 'tau_m': 116.5, 'R_adp': 0.9, 'tau_w': 409.0, 'a': 418.5, 'rate_low': 20.0, 'rate_high': 43.0}.[0m
2021-04-20 22:35:35.657044: I tensorflow/compiler/jit/xla_gpu_device.cc:99] Not creating XLA devices, tf_xla_enable_xla_devices not set
maxFreq at 10nA: 1000.0
2021-04-20 22:36:14.118011: I tensorflow/compiler/jit/xla_gpu_device.cc:99] Not creating XLA devices, tf_xla_enable_xla_devices not set
2021-04-20 22:36:41.055845: I tensorflow/compiler/jit/xla_gpu_device.cc:99] Not creating XLA devices, tf_xla_enable_xla_devices not set
mse and spike frequency: 0.09995 0.0
[32m[I 2021-04-20 22:37:06,429][0m Trial 174 finished with values: [0.09995, 0.0] with parameters: {'Vahp': -28.0, 'Vth': -45.5, 'Vmax': 27.5, 't_ref': 15.5, 'R': 0.6, 'tau_m': 14.0, 'R_adp': 0.9, 'tau_w': 293.5, 'a': 410.0, 'rate_low': 24.5, 'rate_high': 43.0}.[0m
2021-04-20 22:37:07.257762: I tensorflow/compiler/jit/xla_gpu_device.cc:99] Not creating XLA devices, tf_xla_enable_xla_devices not set
maxFreq at 10nA: 999.0
2021-04-20 22:37:45.908066: I tensorflow/compiler/jit/xla_gpu_device.cc:99] Not creating XLA devices, tf_xla_enable_xla_devices not set
2021-04-20 22:38:12.711711: I tensorflow/compiler/jit/xla_gpu_device.cc:99] Not creating XLA devices, tf_xla_enable_xla_devices not set
mse and spike frequency: 0.09995 0.0
[32m[I 2021-04-20 22:38:38,748][0m Trial 175 finished with values: [0.09995, 0.0] with parameters: {'Vahp': -30.0, 'Vth': -39.5, 'Vmax': 37.5, 't_ref': 15.5, 'R': 0.7000000000000001, 'tau_m': 478.5, 'R_adp': 0.5, 'tau_w': 88.0, 'a': 415.5, 'rate_low': 48.0, 'rate_high': 49.0}.[0m
2021-04-20 22:38:39.495328: I tensorflow/compiler/jit/xla_gpu_device.cc:99] Not creating XLA devices, tf_xla_enable_xla_devices not set
maxFreq at 10nA: 1000.0
2021-04-20 22:39:17.792899: I tensorflow/compiler/jit/xla_gpu_device.cc:99] Not creating XLA devices, tf_xla_enable_xla_devices not set
2021-04-20 22:39:44.746637: I tensorflow/compiler/jit/xla_gpu_device.cc:99] Not creating XLA devices, tf_xla_enable_xla_devices not set
mse and spike frequency: 0.09995 0.0
[32m[I 2021-04-20 22:40:10,118][0m Trial 176 finished with values: [0.09995, 0.0] with parameters: {'Vahp': -35.0, 'Vth': -54.0, 'Vmax': 12.5, 't_ref': 17.0, 'R': 0.7000000000000001, 'tau_m': 478.5, 'R_adp': 0.5, 'tau_w': 318.0, 'a': 38.0, 'rate_low': 20.0, 'rate_high': 43.0}.[0m
2021-04-20 22:40:10.874734: I tensorflow/compiler/jit/xla_gpu_device.cc:99] Not creating XLA devices, tf_xla_enable_xla_devices not set
maxFreq at 10nA: 999.0
2021-04-20 22:40:49.525102: I tensorflow/compiler/jit/xla_gpu_device.cc:99] Not creating XLA devices, tf_xla_enable_xla_devices not set
2021-04-20 22:41:17.267543: I tensorflow/compiler/jit/xla_gpu_device.cc:99] Not creating XLA devices, tf_xla_enable_xla_devices not set
mse and spike frequency: 0.09995 0.0
[32m[I 2021-04-20 22:41:42,933][0m Trial 177 finished with values: [0.09995, 0.0] with parameters: {'Vahp': -22.0, 'Vth': -34.0, 'Vmax': 12.5, 't_ref': 3.0, 'R': 0.5, 'tau_m': 299.0, 'R_adp': 0.1, 'tau_w': 62.0, 'a': 360.0, 'rate_low': 37.0, 'rate_high': 43.0}.[0m
2021-04-20 22:41:43.671191: I tensorflow/compiler/jit/xla_gpu_device.cc:99] Not creating XLA devices, tf_xla_enable_xla_devices not set
maxFreq at 10nA: 1000.0
2021-04-20 22:42:22.590480: I tensorflow/compiler/jit/xla_gpu_device.cc:99] Not creating XLA devices, tf_xla_enable_xla_devices not set
2021-04-20 22:42:50.587611: I tensorflow/compiler/jit/xla_gpu_device.cc:99] Not creating XLA devices, tf_xla_enable_xla_devices not set
mse and spike frequency: 0.09995 0.0
[32m[I 2021-04-20 22:43:15,729][0m Trial 178 finished with values: [0.09995, 0.0] with parameters: {'Vahp': -35.0, 'Vth': -52.5, 'Vmax': 39.5, 't_ref': 12.0, 'R': 0.7000000000000001, 'tau_m': 116.5, 'R_adp': 0.2, 'tau_w': 173.0, 'a': 418.5, 'rate_low': 37.0, 'rate_high': 39.5}.[0m
2021-04-20 22:43:16.480889: I tensorflow/compiler/jit/xla_gpu_device.cc:99] Not creating XLA devices, tf_xla_enable_xla_devices not set
maxFreq at 10nA: 1000.0
2021-04-20 22:43:55.463140: I tensorflow/compiler/jit/xla_gpu_device.cc:99] Not creating XLA devices, tf_xla_enable_xla_devices not set
2021-04-20 22:44:23.165704: I tensorflow/compiler/jit/xla_gpu_device.cc:99] Not creating XLA devices, tf_xla_enable_xla_devices not set
mse and spike frequency: 0.09995 0.0
[32m[I 2021-04-20 22:44:48,382][0m Trial 179 finished with values: [0.09995, 0.0] with parameters: {'Vahp': -48.5, 'Vth': -54.0, 'Vmax': 24.5, 't_ref': 20.0, 'R': 0.4, 'tau_m': 303.5, 'R_adp': 1.0, 'tau_w': 80.5, 'a': 38.0, 'rate_low': 20.0, 'rate_high': 29.0}.[0m
2021-04-20 22:44:49.109233: I tensorflow/compiler/jit/xla_gpu_device.cc:99] Not creating XLA devices, tf_xla_enable_xla_devices not set
maxFreq at 10nA: 53.0
2021-04-20 22:45:27.970954: I tensorflow/compiler/jit/xla_gpu_device.cc:99] Not creating XLA devices, tf_xla_enable_xla_devices not set
2021-04-20 22:45:56.628881: I tensorflow/compiler/jit/xla_gpu_device.cc:99] Not creating XLA devices, tf_xla_enable_xla_devices not set
mse and spike frequency: 0.09927 0.04
[32m[I 2021-04-20 22:46:22,514][0m Trial 180 finished with values: [0.09927, 0.04] with parameters: {'Vahp': -57.0, 'Vth': -26.5, 'Vmax': 21.5, 't_ref': 7.0, 'R': 0.1, 'tau_m': 295.5, 'R_adp': 0.30000000000000004, 'tau_w': 43.0, 'a': 296.0, 'rate_low': 8.5, 'rate_high': 25.5}.[0m
2021-04-20 22:46:23.247101: I tensorflow/compiler/jit/xla_gpu_device.cc:99] Not creating XLA devices, tf_xla_enable_xla_devices not set
maxFreq at 10nA: 1000.0
2021-04-20 22:47:01.739631: I tensorflow/compiler/jit/xla_gpu_device.cc:99] Not creating XLA devices, tf_xla_enable_xla_devices not set
2021-04-20 22:47:29.706463: I tensorflow/compiler/jit/xla_gpu_device.cc:99] Not creating XLA devices, tf_xla_enable_xla_devices not set
mse and spike frequency: 0.09995 0.0
[32m[I 2021-04-20 22:47:55,476][0m Trial 181 finished with values: [0.09995, 0.0] with parameters: {'Vahp': -31.0, 'Vth': -37.5, 'Vmax': 35.0, 't_ref': 16.5, 'R': 0.6, 'tau_m': 241.0, 'R_adp': 0.8, 'tau_w': 288.0, 'a': 410.0, 'rate_low': 47.0, 'rate_high': 25.5}.[0m
2021-04-20 22:47:56.221632: I tensorflow/compiler/jit/xla_gpu_device.cc:99] Not creating XLA devices, tf_xla_enable_xla_devices not set
maxFreq at 10nA: 250.0
2021-04-20 22:48:34.949347: I tensorflow/compiler/jit/xla_gpu_device.cc:99] Not creating XLA devices, tf_xla_enable_xla_devices not set
2021-04-20 22:49:02.625478: I tensorflow/compiler/jit/xla_gpu_device.cc:99] Not creating XLA devices, tf_xla_enable_xla_devices not set
mse and spike frequency: 0.01499 6.76
[32m[I 2021-04-20 22:49:28,832][0m Trial 182 finished with values: [0.01499, 6.76] with parameters: {'Vahp': -48.5, 'Vth': -43.0, 'Vmax': 24.0, 't_ref': 3.0, 'R': 0.6, 'tau_m': 460.0, 'R_adp': 0.5, 'tau_w': 88.0, 'a': 176.0, 'rate_low': 4.5, 'rate_high': 41.5}.[0m
2021-04-20 22:49:29.609808: I tensorflow/compiler/jit/xla_gpu_device.cc:99] Not creating XLA devices, tf_xla_enable_xla_devices not set
maxFreq at 10nA: 1000.0
2021-04-20 22:50:08.638710: I tensorflow/compiler/jit/xla_gpu_device.cc:99] Not creating XLA devices, tf_xla_enable_xla_devices not set
2021-04-20 22:50:36.939152: I tensorflow/compiler/jit/xla_gpu_device.cc:99] Not creating XLA devices, tf_xla_enable_xla_devices not set
mse and spike frequency: 0.09995 0.0
[32m[I 2021-04-20 22:51:03,157][0m Trial 183 finished with values: [0.09995, 0.0] with parameters: {'Vahp': -35.0, 'Vth': -43.0, 'Vmax': 26.5, 't_ref': 17.0, 'R': 1.0, 'tau_m': 116.5, 'R_adp': 0.5, 'tau_w': 88.0, 'a': 38.0, 'rate_low': 20.0, 'rate_high': 43.5}.[0m
2021-04-20 22:51:03.961471: I tensorflow/compiler/jit/xla_gpu_device.cc:99] Not creating XLA devices, tf_xla_enable_xla_devices not set
maxFreq at 10nA: 1000.0
2021-04-20 22:51:43.152461: I tensorflow/compiler/jit/xla_gpu_device.cc:99] Not creating XLA devices, tf_xla_enable_xla_devices not set
2021-04-20 22:52:12.129170: I tensorflow/compiler/jit/xla_gpu_device.cc:99] Not creating XLA devices, tf_xla_enable_xla_devices not set
mse and spike frequency: 0.09995 0.0
[32m[I 2021-04-20 22:52:39,030][0m Trial 184 finished with values: [0.09995, 0.0] with parameters: {'Vahp': -22.5, 'Vth': -57.5, 'Vmax': 36.0, 't_ref': 16.5, 'R': 0.1, 'tau_m': 180.5, 'R_adp': 0.8, 'tau_w': 288.0, 'a': 475.5, 'rate_low': 48.0, 'rate_high': 25.5}.[0m
2021-04-20 22:52:39.843897: I tensorflow/compiler/jit/xla_gpu_device.cc:99] Not creating XLA devices, tf_xla_enable_xla_devices not set
maxFreq at 10nA: 91.0
2021-04-20 22:53:19.020152: I tensorflow/compiler/jit/xla_gpu_device.cc:99] Not creating XLA devices, tf_xla_enable_xla_devices not set
2021-04-20 22:53:47.322311: I tensorflow/compiler/jit/xla_gpu_device.cc:99] Not creating XLA devices, tf_xla_enable_xla_devices not set
mse and spike frequency: 0.31592 5.92
[32m[I 2021-04-20 22:54:13,734][0m Trial 185 finished with values: [0.31592, 5.92] with parameters: {'Vahp': -48.5, 'Vth': -37.5, 'Vmax': 24.5, 't_ref': 9.5, 'R': 0.7000000000000001, 'tau_m': 303.5, 'R_adp': 1.0, 'tau_w': 288.0, 'a': 143.5, 'rate_low': 20.0, 'rate_high': 37.0}.[0m
2021-04-20 22:54:14.498888: I tensorflow/compiler/jit/xla_gpu_device.cc:99] Not creating XLA devices, tf_xla_enable_xla_devices not set
maxFreq at 10nA: 1000.0
2021-04-20 22:54:54.259106: I tensorflow/compiler/jit/xla_gpu_device.cc:99] Not creating XLA devices, tf_xla_enable_xla_devices not set
2021-04-20 22:55:23.420643: I tensorflow/compiler/jit/xla_gpu_device.cc:99] Not creating XLA devices, tf_xla_enable_xla_devices not set
mse and spike frequency: 0.09995 0.0
[32m[I 2021-04-20 22:55:50,042][0m Trial 186 finished with values: [0.09995, 0.0] with parameters: {'Vahp': -52.5, 'Vth': -54.5, 'Vmax': 36.0, 't_ref': 5.5, 'R': 1.0, 'tau_m': 182.5, 'R_adp': 0.9, 'tau_w': 12.0, 'a': 415.5, 'rate_low': 48.0, 'rate_high': 33.5}.[0m
2021-04-20 22:55:50.828350: I tensorflow/compiler/jit/xla_gpu_device.cc:99] Not creating XLA devices, tf_xla_enable_xla_devices not set
maxFreq at 10nA: 93.0
2021-04-20 22:56:31.449918: I tensorflow/compiler/jit/xla_gpu_device.cc:99] Not creating XLA devices, tf_xla_enable_xla_devices not set
2021-04-20 22:56:59.956457: I tensorflow/compiler/jit/xla_gpu_device.cc:99] Not creating XLA devices, tf_xla_enable_xla_devices not set
mse and spike frequency: 1.2768 13.65
[32m[I 2021-04-20 22:57:26,235][0m Trial 187 finished with values: [1.2768, 13.65] with parameters: {'Vahp': -60.0, 'Vth': -40.5, 'Vmax': 24.0, 't_ref': 2.5, 'R': 0.7000000000000001, 'tau_m': 116.5, 'R_adp': 0.8, 'tau_w': 264.0, 'a': 418.5, 'rate_low': 20.0, 'rate_high': 38.0}.[0m
2021-04-20 22:57:26.989964: I tensorflow/compiler/jit/xla_gpu_device.cc:99] Not creating XLA devices, tf_xla_enable_xla_devices not set
maxFreq at 10nA: 68.0
2021-04-20 22:58:07.011032: I tensorflow/compiler/jit/xla_gpu_device.cc:99] Not creating XLA devices, tf_xla_enable_xla_devices not set
2021-04-20 22:58:36.003538: I tensorflow/compiler/jit/xla_gpu_device.cc:99] Not creating XLA devices, tf_xla_enable_xla_devices not set
mse and spike frequency: 0.02529 2.23
[32m[I 2021-04-20 22:59:01,690][0m Trial 188 finished with values: [0.02529, 2.23] with parameters: {'Vahp': -41.0, 'Vth': -25.5, 'Vmax': 21.0, 't_ref': 5.5, 'R': 0.2, 'tau_m': 263.0, 'R_adp': 0.7000000000000001, 'tau_w': 146.0, 'a': 239.0, 'rate_low': 33.0, 'rate_high': 44.0}.[0m
2021-04-20 22:59:02.462270: I tensorflow/compiler/jit/xla_gpu_device.cc:99] Not creating XLA devices, tf_xla_enable_xla_devices not set
maxFreq at 10nA: 1000.0
2021-04-20 22:59:41.350694: I tensorflow/compiler/jit/xla_gpu_device.cc:99] Not creating XLA devices, tf_xla_enable_xla_devices not set
2021-04-20 23:00:09.923771: I tensorflow/compiler/jit/xla_gpu_device.cc:99] Not creating XLA devices, tf_xla_enable_xla_devices not set
mse and spike frequency: 0.09995 0.0
[32m[I 2021-04-20 23:00:36,774][0m Trial 189 finished with values: [0.09995, 0.0] with parameters: {'Vahp': -31.0, 'Vth': -37.5, 'Vmax': 24.0, 't_ref': 5.5, 'R': 0.7000000000000001, 'tau_m': 106.5, 'R_adp': 0.7000000000000001, 'tau_w': 288.0, 'a': 143.5, 'rate_low': 6.0, 'rate_high': 44.5}.[0m
2021-04-20 23:00:37.657898: I tensorflow/compiler/jit/xla_gpu_device.cc:99] Not creating XLA devices, tf_xla_enable_xla_devices not set
maxFreq at 10nA: 1000.0
2021-04-20 23:01:16.136069: I tensorflow/compiler/jit/xla_gpu_device.cc:99] Not creating XLA devices, tf_xla_enable_xla_devices not set
2021-04-20 23:01:45.330880: I tensorflow/compiler/jit/xla_gpu_device.cc:99] Not creating XLA devices, tf_xla_enable_xla_devices not set
mse and spike frequency: 0.09995 0.0
[32m[I 2021-04-20 23:02:12,210][0m Trial 190 finished with values: [0.09995, 0.0] with parameters: {'Vahp': -44.0, 'Vth': -57.5, 'Vmax': 19.0, 't_ref': 12.0, 'R': 0.7000000000000001, 'tau_m': 106.5, 'R_adp': 0.5, 'tau_w': 173.0, 'a': 376.0, 'rate_low': 46.0, 'rate_high': 42.5}.[0m
2021-04-20 23:02:13.077522: I tensorflow/compiler/jit/xla_gpu_device.cc:99] Not creating XLA devices, tf_xla_enable_xla_devices not set
maxFreq at 10nA: 1000.0
2021-04-20 23:02:52.252621: I tensorflow/compiler/jit/xla_gpu_device.cc:99] Not creating XLA devices, tf_xla_enable_xla_devices not set
2021-04-20 23:03:21.671201: I tensorflow/compiler/jit/xla_gpu_device.cc:99] Not creating XLA devices, tf_xla_enable_xla_devices not set
mse and spike frequency: 0.09995 0.0
[32m[I 2021-04-20 23:03:49,202][0m Trial 191 finished with values: [0.09995, 0.0] with parameters: {'Vahp': -31.0, 'Vth': -37.5, 'Vmax': 24.0, 't_ref': 9.5, 'R': 0.8, 'tau_m': 180.5, 'R_adp': 0.8, 'tau_w': 288.0, 'a': 475.5, 'rate_low': 6.0, 'rate_high': 46.0}.[0m
2021-04-20 23:03:50.095149: I tensorflow/compiler/jit/xla_gpu_device.cc:99] Not creating XLA devices, tf_xla_enable_xla_devices not set
maxFreq at 10nA: 1000.0
2021-04-20 23:04:28.585026: I tensorflow/compiler/jit/xla_gpu_device.cc:99] Not creating XLA devices, tf_xla_enable_xla_devices not set
2021-04-20 23:04:57.962321: I tensorflow/compiler/jit/xla_gpu_device.cc:99] Not creating XLA devices, tf_xla_enable_xla_devices not set
mse and spike frequency: 0.09995 0.0
[32m[I 2021-04-20 23:05:27,230][0m Trial 192 finished with values: [0.09995, 0.0] with parameters: {'Vahp': -22.0, 'Vth': -33.0, 'Vmax': 39.0, 't_ref': 3.0, 'R': 1.0, 'tau_m': 180.5, 'R_adp': 0.8, 'tau_w': 288.0, 'a': 137.5, 'rate_low': 31.5, 'rate_high': 25.5}.[0m
2021-04-20 23:05:28.077809: I tensorflow/compiler/jit/xla_gpu_device.cc:99] Not creating XLA devices, tf_xla_enable_xla_devices not set
maxFreq at 10nA: 999.0
2021-04-20 23:06:07.218245: I tensorflow/compiler/jit/xla_gpu_device.cc:99] Not creating XLA devices, tf_xla_enable_xla_devices not set
2021-04-20 23:06:37.080042: I tensorflow/compiler/jit/xla_gpu_device.cc:99] Not creating XLA devices, tf_xla_enable_xla_devices not set
mse and spike frequency: 0.09995 0.0
[32m[I 2021-04-20 23:07:05,887][0m Trial 193 finished with values: [0.09995, 0.0] with parameters: {'Vahp': -37.0, 'Vth': -40.5, 'Vmax': 27.5, 't_ref': 1.5, 'R': 0.2, 'tau_m': 157.5, 'R_adp': 0.8, 'tau_w': 127.5, 'a': 426.0, 'rate_low': 42.0, 'rate_high': 38.0}.[0m
2021-04-20 23:07:06.733215: I tensorflow/compiler/jit/xla_gpu_device.cc:99] Not creating XLA devices, tf_xla_enable_xla_devices not set
maxFreq at 10nA: 103.0
2021-04-20 23:07:45.926239: I tensorflow/compiler/jit/xla_gpu_device.cc:99] Not creating XLA devices, tf_xla_enable_xla_devices not set
2021-04-20 23:08:15.982193: I tensorflow/compiler/jit/xla_gpu_device.cc:99] Not creating XLA devices, tf_xla_enable_xla_devices not set
mse and spike frequency: 2.69302 11.93
[32m[I 2021-04-20 23:08:45,018][0m Trial 194 finished with values: [2.69302, 11.93] with parameters: {'Vahp': -60.0, 'Vth': -43.5, 'Vmax': 24.0, 't_ref': 2.5, 'R': 0.7000000000000001, 'tau_m': 134.0, 'R_adp': 0.8, 'tau_w': 264.0, 'a': 376.0, 'rate_low': 11.5, 'rate_high': 38.0}.[0m
2021-04-20 23:08:45.880038: I tensorflow/compiler/jit/xla_gpu_device.cc:99] Not creating XLA devices, tf_xla_enable_xla_devices not set
maxFreq at 10nA: 1000.0
2021-04-20 23:09:25.878205: I tensorflow/compiler/jit/xla_gpu_device.cc:99] Not creating XLA devices, tf_xla_enable_xla_devices not set
2021-04-20 23:09:56.347946: I tensorflow/compiler/jit/xla_gpu_device.cc:99] Not creating XLA devices, tf_xla_enable_xla_devices not set
mse and spike frequency: 0.09995 0.0
[32m[I 2021-04-20 23:10:25,344][0m Trial 195 finished with values: [0.09995, 0.0] with parameters: {'Vahp': -31.0, 'Vth': -44.5, 'Vmax': 37.5, 't_ref': 9.5, 'R': 0.4, 'tau_m': 106.5, 'R_adp': 0.8, 'tau_w': 288.0, 'a': 376.0, 'rate_low': 6.0, 'rate_high': 47.0}.[0m
2021-04-20 23:10:26.221808: I tensorflow/compiler/jit/xla_gpu_device.cc:99] Not creating XLA devices, tf_xla_enable_xla_devices not set
maxFreq at 10nA: 46.0
2021-04-20 23:11:06.777187: I tensorflow/compiler/jit/xla_gpu_device.cc:99] Not creating XLA devices, tf_xla_enable_xla_devices not set
2021-04-20 23:11:37.182446: I tensorflow/compiler/jit/xla_gpu_device.cc:99] Not creating XLA devices, tf_xla_enable_xla_devices not set
mse and spike frequency: 0.03234 3.49
[32m[I 2021-04-20 23:12:07,162][0m Trial 196 finished with values: [0.03234, 3.49] with parameters: {'Vahp': -57.0, 'Vth': -43.5, 'Vmax': 25.0, 't_ref': 18.5, 'R': 0.30000000000000004, 'tau_m': 312.5, 'R_adp': 0.8, 'tau_w': 156.5, 'a': 283.5, 'rate_low': 46.5, 'rate_high': 40.0}.[0m
2021-04-20 23:12:08.062550: I tensorflow/compiler/jit/xla_gpu_device.cc:99] Not creating XLA devices, tf_xla_enable_xla_devices not set
maxFreq at 10nA: 1000.0
2021-04-20 23:12:48.457999: I tensorflow/compiler/jit/xla_gpu_device.cc:99] Not creating XLA devices, tf_xla_enable_xla_devices not set
2021-04-20 23:13:19.693026: I tensorflow/compiler/jit/xla_gpu_device.cc:99] Not creating XLA devices, tf_xla_enable_xla_devices not set
mse and spike frequency: 0.09995 0.0
[32m[I 2021-04-20 23:13:49,559][0m Trial 197 finished with values: [0.09995, 0.0] with parameters: {'Vahp': -48.5, 'Vth': -54.0, 'Vmax': 24.0, 't_ref': 20.0, 'R': 0.6, 'tau_m': 312.5, 'R_adp': 0.1, 'tau_w': 17.5, 'a': 137.5, 'rate_low': 1.0, 'rate_high': 33.5}.[0m
2021-04-20 23:13:50.431858: I tensorflow/compiler/jit/xla_gpu_device.cc:99] Not creating XLA devices, tf_xla_enable_xla_devices not set
maxFreq at 10nA: 999.0
2021-04-20 23:14:30.574233: I tensorflow/compiler/jit/xla_gpu_device.cc:99] Not creating XLA devices, tf_xla_enable_xla_devices not set
2021-04-20 23:15:01.570337: I tensorflow/compiler/jit/xla_gpu_device.cc:99] Not creating XLA devices, tf_xla_enable_xla_devices not set
mse and spike frequency: 0.09995 0.0
[32m[I 2021-04-20 23:15:31,273][0m Trial 198 finished with values: [0.09995, 0.0] with parameters: {'Vahp': -37.0, 'Vth': -40.5, 'Vmax': 27.5, 't_ref': 3.0, 'R': 0.5, 'tau_m': 299.0, 'R_adp': 1.0, 'tau_w': 77.0, 'a': 426.0, 'rate_low': 42.0, 'rate_high': 38.0}.[0m
2021-04-20 23:15:32.073141: I tensorflow/compiler/jit/xla_gpu_device.cc:99] Not creating XLA devices, tf_xla_enable_xla_devices not set
maxFreq at 10nA: 170.0
2021-04-20 23:16:12.436301: I tensorflow/compiler/jit/xla_gpu_device.cc:99] Not creating XLA devices, tf_xla_enable_xla_devices not set
2021-04-20 23:16:44.515094: I tensorflow/compiler/jit/xla_gpu_device.cc:99] Not creating XLA devices, tf_xla_enable_xla_devices not set
mse and spike frequency: 0.01362 2.8
[32m[I 2021-04-20 23:17:14,136][0m Trial 199 finished with values: [0.01362, 2.8] with parameters: {'Vahp': -52.5, 'Vth': -37.0, 'Vmax': 24.0, 't_ref': 3.0, 'R': 0.6, 'tau_m': 343.5, 'R_adp': 1.0, 'tau_w': 62.0, 'a': 360.0, 'rate_low': 1.0, 'rate_high': 38.0}.[0m
2021-04-20 23:17:14.966593: I tensorflow/compiler/jit/xla_gpu_device.cc:99] Not creating XLA devices, tf_xla_enable_xla_devices not set
maxFreq at 10nA: 37.0
2021-04-20 23:17:56.209456: I tensorflow/compiler/jit/xla_gpu_device.cc:99] Not creating XLA devices, tf_xla_enable_xla_devices not set
2021-04-20 23:18:27.499289: I tensorflow/compiler/jit/xla_gpu_device.cc:99] Not creating XLA devices, tf_xla_enable_xla_devices not set
mse and spike frequency: 0.05555 0.77
