[32m[I 2021-04-20 22:33:11,657][0m Trial 171 finished with values: [0.09995, 0.0] with parameters: {'Vahp': -22.0, 'Vth': -51.0, 'Vmax': 32.0, 't_ref': 15.5, 'R': 0.8, 'tau_m': 406.5, 'R_adp': 0.9, 'tau_w': 14.5, 'a': 443.0, 'rate_low': 29.5, 'rate_high': 49.5}.[0m
2021-04-20 22:33:12.382619: I tensorflow/compiler/jit/xla_gpu_device.cc:99] Not creating XLA devices, tf_xla_enable_xla_devices not set
maxFreq at 10nA: 38.0
2021-04-20 22:33:50.124908: I tensorflow/compiler/jit/xla_gpu_device.cc:99] Not creating XLA devices, tf_xla_enable_xla_devices not set
2021-04-20 22:34:17.792262: I tensorflow/compiler/jit/xla_gpu_device.cc:99] Not creating XLA devices, tf_xla_enable_xla_devices not set
mse and spike frequency: 0.20645 2.46
[32m[I 2021-04-20 22:34:43,035][0m Trial 172 finished with values: [0.20645, 2.46] with parameters: {'Vahp': -59.5, 'Vth': -56.0, 'Vmax': 25.5, 't_ref': 0.5, 'R': 0.1, 'tau_m': 163.0, 'R_adp': 0.7000000000000001, 'tau_w': 254.0, 'a': 182.5, 'rate_low': 3.0, 'rate_high': 42.0}.[0m
2021-04-20 22:34:43.765979: I tensorflow/compiler/jit/xla_gpu_device.cc:99] Not creating XLA devices, tf_xla_enable_xla_devices not set
maxFreq at 10nA: 56.0
2021-04-20 22:35:21.026594: I tensorflow/compiler/jit/xla_gpu_device.cc:99] Not creating XLA devices, tf_xla_enable_xla_devices not set
2021-04-20 22:35:49.046670: I tensorflow/compiler/jit/xla_gpu_device.cc:99] Not creating XLA devices, tf_xla_enable_xla_devices not set
mse and spike frequency: 0.105 0.16
[32m[I 2021-04-20 22:36:14,726][0m Trial 173 finished with values: [0.105, 0.16] with parameters: {'Vahp': -41.5, 'Vth': -31.5, 'Vmax': 24.0, 't_ref': 16.0, 'R': 0.1, 'tau_m': 143.0, 'R_adp': 1.0, 'tau_w': 351.5, 'a': 0.5, 'rate_low': 3.0, 'rate_high': 34.5}.[0m
2021-04-20 22:36:15.512434: I tensorflow/compiler/jit/xla_gpu_device.cc:99] Not creating XLA devices, tf_xla_enable_xla_devices not set
maxFreq at 10nA: 1000.0
2021-04-20 22:36:53.260071: I tensorflow/compiler/jit/xla_gpu_device.cc:99] Not creating XLA devices, tf_xla_enable_xla_devices not set
2021-04-20 22:37:21.506840: I tensorflow/compiler/jit/xla_gpu_device.cc:99] Not creating XLA devices, tf_xla_enable_xla_devices not set
mse and spike frequency: 0.09995 0.0
[32m[I 2021-04-20 22:37:47,769][0m Trial 174 finished with values: [0.09995, 0.0] with parameters: {'Vahp': -42.5, 'Vth': -54.5, 'Vmax': 32.0, 't_ref': 6.5, 'R': 1.0, 'tau_m': 284.5, 'R_adp': 0.30000000000000004, 'tau_w': 298.0, 'a': 419.5, 'rate_low': 9.5, 'rate_high': 36.0}.[0m
2021-04-20 22:37:48.495472: I tensorflow/compiler/jit/xla_gpu_device.cc:99] Not creating XLA devices, tf_xla_enable_xla_devices not set
maxFreq at 10nA: 1000.0
2021-04-20 22:38:26.955950: I tensorflow/compiler/jit/xla_gpu_device.cc:99] Not creating XLA devices, tf_xla_enable_xla_devices not set
2021-04-20 22:38:54.992644: I tensorflow/compiler/jit/xla_gpu_device.cc:99] Not creating XLA devices, tf_xla_enable_xla_devices not set
mse and spike frequency: 0.09995 0.0
[32m[I 2021-04-20 22:39:21,238][0m Trial 175 finished with values: [0.09995, 0.0] with parameters: {'Vahp': -42.5, 'Vth': -52.0, 'Vmax': 21.5, 't_ref': 13.5, 'R': 0.7000000000000001, 'tau_m': 329.5, 'R_adp': 0.30000000000000004, 'tau_w': 124.5, 'a': 86.0, 'rate_low': 11.0, 'rate_high': 36.0}.[0m
2021-04-20 22:39:21.954733: I tensorflow/compiler/jit/xla_gpu_device.cc:99] Not creating XLA devices, tf_xla_enable_xla_devices not set
maxFreq at 10nA: 1000.0
2021-04-20 22:40:00.780035: I tensorflow/compiler/jit/xla_gpu_device.cc:99] Not creating XLA devices, tf_xla_enable_xla_devices not set
2021-04-20 22:40:28.236768: I tensorflow/compiler/jit/xla_gpu_device.cc:99] Not creating XLA devices, tf_xla_enable_xla_devices not set
mse and spike frequency: 0.09995 0.0
[32m[I 2021-04-20 22:40:54,521][0m Trial 176 finished with values: [0.09995, 0.0] with parameters: {'Vahp': -46.5, 'Vth': -52.0, 'Vmax': 29.0, 't_ref': 16.0, 'R': 0.5, 'tau_m': 387.0, 'R_adp': 0.9, 'tau_w': 25.0, 'a': 203.5, 'rate_low': 49.5, 'rate_high': 6.0}.[0m
2021-04-20 22:40:55.245002: I tensorflow/compiler/jit/xla_gpu_device.cc:99] Not creating XLA devices, tf_xla_enable_xla_devices not set
maxFreq at 10nA: 999.0
2021-04-20 22:41:34.748519: I tensorflow/compiler/jit/xla_gpu_device.cc:99] Not creating XLA devices, tf_xla_enable_xla_devices not set
2021-04-20 22:42:02.927648: I tensorflow/compiler/jit/xla_gpu_device.cc:99] Not creating XLA devices, tf_xla_enable_xla_devices not set
mse and spike frequency: 0.09995 0.0
[32m[I 2021-04-20 22:42:30,094][0m Trial 177 finished with values: [0.09995, 0.0] with parameters: {'Vahp': -25.5, 'Vth': -35.0, 'Vmax': 39.5, 't_ref': 14.5, 'R': 0.5, 'tau_m': 373.5, 'R_adp': 0.6, 'tau_w': 215.5, 'a': 129.5, 'rate_low': 26.5, 'rate_high': 42.0}.[0m
2021-04-20 22:42:30.862884: I tensorflow/compiler/jit/xla_gpu_device.cc:99] Not creating XLA devices, tf_xla_enable_xla_devices not set
maxFreq at 10nA: 1000.0
2021-04-20 22:43:10.348298: I tensorflow/compiler/jit/xla_gpu_device.cc:99] Not creating XLA devices, tf_xla_enable_xla_devices not set
2021-04-20 22:43:38.210966: I tensorflow/compiler/jit/xla_gpu_device.cc:99] Not creating XLA devices, tf_xla_enable_xla_devices not set
mse and spike frequency: 0.09995 0.0
[32m[I 2021-04-20 22:44:05,074][0m Trial 178 finished with values: [0.09995, 0.0] with parameters: {'Vahp': -22.0, 'Vth': -43.5, 'Vmax': 32.0, 't_ref': 15.5, 'R': 1.0, 'tau_m': 406.5, 'R_adp': 0.7000000000000001, 'tau_w': 120.0, 'a': 284.0, 'rate_low': 26.5, 'rate_high': 40.0}.[0m
2021-04-20 22:44:05.857261: I tensorflow/compiler/jit/xla_gpu_device.cc:99] Not creating XLA devices, tf_xla_enable_xla_devices not set
maxFreq at 10nA: 1000.0
2021-04-20 22:44:45.914173: I tensorflow/compiler/jit/xla_gpu_device.cc:99] Not creating XLA devices, tf_xla_enable_xla_devices not set
2021-04-20 22:45:13.144204: I tensorflow/compiler/jit/xla_gpu_device.cc:99] Not creating XLA devices, tf_xla_enable_xla_devices not set
mse and spike frequency: 0.09995 0.0
[32m[I 2021-04-20 22:45:40,031][0m Trial 179 finished with values: [0.09995, 0.0] with parameters: {'Vahp': -22.0, 'Vth': -51.0, 'Vmax': 32.0, 't_ref': 10.5, 'R': 0.7000000000000001, 'tau_m': 363.5, 'R_adp': 0.7000000000000001, 'tau_w': 92.5, 'a': 419.5, 'rate_low': 26.5, 'rate_high': 36.0}.[0m
2021-04-20 22:45:40.784632: I tensorflow/compiler/jit/xla_gpu_device.cc:99] Not creating XLA devices, tf_xla_enable_xla_devices not set
maxFreq at 10nA: 1000.0
2021-04-20 22:46:20.373397: I tensorflow/compiler/jit/xla_gpu_device.cc:99] Not creating XLA devices, tf_xla_enable_xla_devices not set
2021-04-20 22:46:47.634820: I tensorflow/compiler/jit/xla_gpu_device.cc:99] Not creating XLA devices, tf_xla_enable_xla_devices not set
mse and spike frequency: 0.09995 0.0
[32m[I 2021-04-20 22:47:14,816][0m Trial 180 finished with values: [0.09995, 0.0] with parameters: {'Vahp': -30.0, 'Vth': -35.0, 'Vmax': 21.5, 't_ref': 0.5, 'R': 0.7000000000000001, 'tau_m': 163.0, 'R_adp': 0.30000000000000004, 'tau_w': 254.0, 'a': 182.5, 'rate_low': 11.0, 'rate_high': 42.0}.[0m
2021-04-20 22:47:15.590552: I tensorflow/compiler/jit/xla_gpu_device.cc:99] Not creating XLA devices, tf_xla_enable_xla_devices not set
maxFreq at 10nA: 1000.0
2021-04-20 22:47:54.951052: I tensorflow/compiler/jit/xla_gpu_device.cc:99] Not creating XLA devices, tf_xla_enable_xla_devices not set
2021-04-20 22:48:22.034268: I tensorflow/compiler/jit/xla_gpu_device.cc:99] Not creating XLA devices, tf_xla_enable_xla_devices not set
mse and spike frequency: 0.09995 0.0
[32m[I 2021-04-20 22:48:49,437][0m Trial 181 finished with values: [0.09995, 0.0] with parameters: {'Vahp': -23.5, 'Vth': -50.5, 'Vmax': 16.0, 't_ref': 0.5, 'R': 1.0, 'tau_m': 361.0, 'R_adp': 1.0, 'tau_w': 254.0, 'a': 19.0, 'rate_low': 23.0, 'rate_high': 27.0}.[0m
2021-04-20 22:48:50.183089: I tensorflow/compiler/jit/xla_gpu_device.cc:99] Not creating XLA devices, tf_xla_enable_xla_devices not set
maxFreq at 10nA: 1000.0
2021-04-20 22:49:29.959623: I tensorflow/compiler/jit/xla_gpu_device.cc:99] Not creating XLA devices, tf_xla_enable_xla_devices not set
2021-04-20 22:49:56.866762: I tensorflow/compiler/jit/xla_gpu_device.cc:99] Not creating XLA devices, tf_xla_enable_xla_devices not set
mse and spike frequency: 0.09995 0.0
[32m[I 2021-04-20 22:50:24,458][0m Trial 182 finished with values: [0.09995, 0.0] with parameters: {'Vahp': -23.5, 'Vth': -42.5, 'Vmax': 11.5, 't_ref': 0.5, 'R': 1.0, 'tau_m': 476.0, 'R_adp': 1.0, 'tau_w': 218.0, 'a': 19.0, 'rate_low': 35.0, 'rate_high': 37.0}.[0m
2021-04-20 22:50:25.245892: I tensorflow/compiler/jit/xla_gpu_device.cc:99] Not creating XLA devices, tf_xla_enable_xla_devices not set
maxFreq at 10nA: 1000.0
2021-04-20 22:51:06.123294: I tensorflow/compiler/jit/xla_gpu_device.cc:99] Not creating XLA devices, tf_xla_enable_xla_devices not set
2021-04-20 22:51:32.637701: I tensorflow/compiler/jit/xla_gpu_device.cc:99] Not creating XLA devices, tf_xla_enable_xla_devices not set
mse and spike frequency: 0.09995 0.0
[32m[I 2021-04-20 22:52:00,472][0m Trial 183 finished with values: [0.09995, 0.0] with parameters: {'Vahp': -31.5, 'Vth': -57.0, 'Vmax': 16.0, 't_ref': 16.5, 'R': 0.4, 'tau_m': 140.0, 'R_adp': 0.2, 'tau_w': 409.5, 'a': 337.0, 'rate_low': 46.5, 'rate_high': 49.5}.[0m
2021-04-20 22:52:01.229481: I tensorflow/compiler/jit/xla_gpu_device.cc:99] Not creating XLA devices, tf_xla_enable_xla_devices not set
maxFreq at 10nA: 1000.0
2021-04-20 22:52:41.798551: I tensorflow/compiler/jit/xla_gpu_device.cc:99] Not creating XLA devices, tf_xla_enable_xla_devices not set
2021-04-20 22:53:08.115385: I tensorflow/compiler/jit/xla_gpu_device.cc:99] Not creating XLA devices, tf_xla_enable_xla_devices not set
mse and spike frequency: 0.09995 0.0
[32m[I 2021-04-20 22:53:34,957][0m Trial 184 finished with values: [0.09995, 0.0] with parameters: {'Vahp': -42.5, 'Vth': -52.0, 'Vmax': 32.0, 't_ref': 10.5, 'R': 0.7000000000000001, 'tau_m': 5.0, 'R_adp': 0.6, 'tau_w': 290.5, 'a': 308.0, 'rate_low': 26.5, 'rate_high': 49.0}.[0m
2021-04-20 22:53:35.736732: I tensorflow/compiler/jit/xla_gpu_device.cc:99] Not creating XLA devices, tf_xla_enable_xla_devices not set
maxFreq at 10nA: 999.0
2021-04-20 22:54:16.129979: I tensorflow/compiler/jit/xla_gpu_device.cc:99] Not creating XLA devices, tf_xla_enable_xla_devices not set
2021-04-20 22:54:43.546219: I tensorflow/compiler/jit/xla_gpu_device.cc:99] Not creating XLA devices, tf_xla_enable_xla_devices not set
mse and spike frequency: 0.09995 0.0
[32m[I 2021-04-20 22:55:11,179][0m Trial 185 finished with values: [0.09995, 0.0] with parameters: {'Vahp': -46.5, 'Vth': -52.0, 'Vmax': 34.0, 't_ref': 15.5, 'R': 0.2, 'tau_m': 329.5, 'R_adp': 0.9, 'tau_w': 120.0, 'a': 357.5, 'rate_low': 11.0, 'rate_high': 50.0}.[0m
2021-04-20 22:55:11.952162: I tensorflow/compiler/jit/xla_gpu_device.cc:99] Not creating XLA devices, tf_xla_enable_xla_devices not set
maxFreq at 10nA: 1000.0
2021-04-20 22:55:52.331081: I tensorflow/compiler/jit/xla_gpu_device.cc:99] Not creating XLA devices, tf_xla_enable_xla_devices not set
2021-04-20 22:56:19.784015: I tensorflow/compiler/jit/xla_gpu_device.cc:99] Not creating XLA devices, tf_xla_enable_xla_devices not set
mse and spike frequency: 0.09995 0.0
[32m[I 2021-04-20 22:56:48,404][0m Trial 186 finished with values: [0.09995, 0.0] with parameters: {'Vahp': -24.5, 'Vth': -52.0, 'Vmax': 25.5, 't_ref': 17.5, 'R': 0.5, 'tau_m': 140.5, 'R_adp': 0.5, 'tau_w': 25.0, 'a': 95.5, 'rate_low': 11.0, 'rate_high': 49.5}.[0m
2021-04-20 22:56:49.167138: I tensorflow/compiler/jit/xla_gpu_device.cc:99] Not creating XLA devices, tf_xla_enable_xla_devices not set
maxFreq at 10nA: 1000.0
2021-04-20 22:57:30.537523: I tensorflow/compiler/jit/xla_gpu_device.cc:99] Not creating XLA devices, tf_xla_enable_xla_devices not set
2021-04-20 22:57:58.277344: I tensorflow/compiler/jit/xla_gpu_device.cc:99] Not creating XLA devices, tf_xla_enable_xla_devices not set
mse and spike frequency: 0.09995 0.0
[32m[I 2021-04-20 22:58:26,931][0m Trial 187 finished with values: [0.09995, 0.0] with parameters: {'Vahp': -22.0, 'Vth': -31.5, 'Vmax': 18.0, 't_ref': 4.0, 'R': 0.5, 'tau_m': 91.0, 'R_adp': 0.2, 'tau_w': 120.0, 'a': 396.5, 'rate_low': 46.5, 'rate_high': 40.0}.[0m
2021-04-20 22:58:27.713466: I tensorflow/compiler/jit/xla_gpu_device.cc:99] Not creating XLA devices, tf_xla_enable_xla_devices not set
maxFreq at 10nA: 1000.0
2021-04-20 22:59:07.915457: I tensorflow/compiler/jit/xla_gpu_device.cc:99] Not creating XLA devices, tf_xla_enable_xla_devices not set
2021-04-20 22:59:35.660879: I tensorflow/compiler/jit/xla_gpu_device.cc:99] Not creating XLA devices, tf_xla_enable_xla_devices not set
mse and spike frequency: 0.09995 0.0
[32m[I 2021-04-20 23:00:04,205][0m Trial 188 finished with values: [0.09995, 0.0] with parameters: {'Vahp': -23.0, 'Vth': -42.5, 'Vmax': 21.5, 't_ref': 6.5, 'R': 1.0, 'tau_m': 143.0, 'R_adp': 1.0, 'tau_w': 298.0, 'a': 453.5, 'rate_low': 49.0, 'rate_high': 37.0}.[0m
2021-04-20 23:00:05.151657: I tensorflow/compiler/jit/xla_gpu_device.cc:99] Not creating XLA devices, tf_xla_enable_xla_devices not set
maxFreq at 10nA: 1000.0
2021-04-20 23:00:45.877587: I tensorflow/compiler/jit/xla_gpu_device.cc:99] Not creating XLA devices, tf_xla_enable_xla_devices not set
2021-04-20 23:01:13.948565: I tensorflow/compiler/jit/xla_gpu_device.cc:99] Not creating XLA devices, tf_xla_enable_xla_devices not set
mse and spike frequency: 0.09995 0.0
[32m[I 2021-04-20 23:01:42,379][0m Trial 189 finished with values: [0.09995, 0.0] with parameters: {'Vahp': -41.0, 'Vth': -48.5, 'Vmax': 36.5, 't_ref': 10.5, 'R': 0.4, 'tau_m': 363.5, 'R_adp': 0.30000000000000004, 'tau_w': 31.0, 'a': 400.5, 'rate_low': 17.5, 'rate_high': 21.0}.[0m
2021-04-20 23:01:43.422956: I tensorflow/compiler/jit/xla_gpu_device.cc:99] Not creating XLA devices, tf_xla_enable_xla_devices not set
maxFreq at 10nA: 1000.0
2021-04-20 23:02:23.144587: I tensorflow/compiler/jit/xla_gpu_device.cc:99] Not creating XLA devices, tf_xla_enable_xla_devices not set
2021-04-20 23:02:51.486153: I tensorflow/compiler/jit/xla_gpu_device.cc:99] Not creating XLA devices, tf_xla_enable_xla_devices not set
mse and spike frequency: 0.09995 0.0
[32m[I 2021-04-20 23:03:19,846][0m Trial 190 finished with values: [0.09995, 0.0] with parameters: {'Vahp': -41.0, 'Vth': -52.0, 'Vmax': 29.5, 't_ref': 13.5, 'R': 0.4, 'tau_m': 54.5, 'R_adp': 0.30000000000000004, 'tau_w': 31.0, 'a': 95.5, 'rate_low': 11.0, 'rate_high': 34.0}.[0m
2021-04-20 23:03:20.954217: I tensorflow/compiler/jit/xla_gpu_device.cc:99] Not creating XLA devices, tf_xla_enable_xla_devices not set
maxFreq at 10nA: 1000.0
2021-04-20 23:04:00.970306: I tensorflow/compiler/jit/xla_gpu_device.cc:99] Not creating XLA devices, tf_xla_enable_xla_devices not set
2021-04-20 23:04:29.606551: I tensorflow/compiler/jit/xla_gpu_device.cc:99] Not creating XLA devices, tf_xla_enable_xla_devices not set
mse and spike frequency: 0.09995 0.0
[32m[I 2021-04-20 23:04:58,122][0m Trial 191 finished with values: [0.09995, 0.0] with parameters: {'Vahp': -41.0, 'Vth': -42.5, 'Vmax': 36.5, 't_ref': 13.5, 'R': 1.0, 'tau_m': 54.5, 'R_adp': 0.2, 'tau_w': 218.0, 'a': 165.5, 'rate_low': 0.5, 'rate_high': 19.0}.[0m
2021-04-20 23:04:59.095869: I tensorflow/compiler/jit/xla_gpu_device.cc:99] Not creating XLA devices, tf_xla_enable_xla_devices not set
maxFreq at 10nA: 996.0
2021-04-20 23:05:39.244604: I tensorflow/compiler/jit/xla_gpu_device.cc:99] Not creating XLA devices, tf_xla_enable_xla_devices not set
2021-04-20 23:06:07.897301: I tensorflow/compiler/jit/xla_gpu_device.cc:99] Not creating XLA devices, tf_xla_enable_xla_devices not set
mse and spike frequency: 0.09995 0.0
[32m[I 2021-04-20 23:06:36,547][0m Trial 192 finished with values: [0.09995, 0.0] with parameters: {'Vahp': -23.5, 'Vth': -48.0, 'Vmax': 20.0, 't_ref': 0.5, 'R': 0.1, 'tau_m': 476.0, 'R_adp': 0.1, 'tau_w': 215.5, 'a': 129.5, 'rate_low': 3.0, 'rate_high': 34.5}.[0m
2021-04-20 23:06:37.566752: I tensorflow/compiler/jit/xla_gpu_device.cc:99] Not creating XLA devices, tf_xla_enable_xla_devices not set
maxFreq at 10nA: 999.0
2021-04-20 23:07:18.039752: I tensorflow/compiler/jit/xla_gpu_device.cc:99] Not creating XLA devices, tf_xla_enable_xla_devices not set
2021-04-20 23:07:46.348334: I tensorflow/compiler/jit/xla_gpu_device.cc:99] Not creating XLA devices, tf_xla_enable_xla_devices not set
mse and spike frequency: 0.09995 0.0
[32m[I 2021-04-20 23:08:15,760][0m Trial 193 finished with values: [0.09995, 0.0] with parameters: {'Vahp': -31.5, 'Vth': -38.5, 'Vmax': 25.5, 't_ref': 17.5, 'R': 0.5, 'tau_m': 329.5, 'R_adp': 0.9, 'tau_w': 0.5, 'a': 237.5, 'rate_low': 11.0, 'rate_high': 19.0}.[0m
2021-04-20 23:08:16.608864: I tensorflow/compiler/jit/xla_gpu_device.cc:99] Not creating XLA devices, tf_xla_enable_xla_devices not set
maxFreq at 10nA: 1000.0
2021-04-20 23:08:57.102629: I tensorflow/compiler/jit/xla_gpu_device.cc:99] Not creating XLA devices, tf_xla_enable_xla_devices not set
2021-04-20 23:09:25.508000: I tensorflow/compiler/jit/xla_gpu_device.cc:99] Not creating XLA devices, tf_xla_enable_xla_devices not set
mse and spike frequency: 0.09995 0.0
[32m[I 2021-04-20 23:09:54,635][0m Trial 194 finished with values: [0.09995, 0.0] with parameters: {'Vahp': -23.5, 'Vth': -42.5, 'Vmax': 32.0, 't_ref': 5.0, 'R': 1.0, 'tau_m': 33.5, 'R_adp': 1.0, 'tau_w': 139.0, 'a': 19.0, 'rate_low': 12.0, 'rate_high': 37.0}.[0m
2021-04-20 23:09:55.648096: I tensorflow/compiler/jit/xla_gpu_device.cc:99] Not creating XLA devices, tf_xla_enable_xla_devices not set
maxFreq at 10nA: 50.0
2021-04-20 23:10:36.424142: I tensorflow/compiler/jit/xla_gpu_device.cc:99] Not creating XLA devices, tf_xla_enable_xla_devices not set
2021-04-20 23:11:05.143045: I tensorflow/compiler/jit/xla_gpu_device.cc:99] Not creating XLA devices, tf_xla_enable_xla_devices not set
mse and spike frequency: 0.05496 4.39
[32m[I 2021-04-20 23:11:33,988][0m Trial 195 finished with values: [0.05496, 4.39] with parameters: {'Vahp': -53.5, 'Vth': -35.0, 'Vmax': 33.0, 't_ref': 18.5, 'R': 0.9, 'tau_m': 195.0, 'R_adp': 0.2, 'tau_w': 475.5, 'a': 182.5, 'rate_low': 3.0, 'rate_high': 42.0}.[0m
2021-04-20 23:11:34.947446: I tensorflow/compiler/jit/xla_gpu_device.cc:99] Not creating XLA devices, tf_xla_enable_xla_devices not set
maxFreq at 10nA: 77.0
2021-04-20 23:12:16.094566: I tensorflow/compiler/jit/xla_gpu_device.cc:99] Not creating XLA devices, tf_xla_enable_xla_devices not set
2021-04-20 23:12:45.025348: I tensorflow/compiler/jit/xla_gpu_device.cc:99] Not creating XLA devices, tf_xla_enable_xla_devices not set
mse and spike frequency: 0.00504 15.19
[32m[I 2021-04-20 23:13:14,711][0m Trial 196 finished with values: [0.00504, 15.19] with parameters: {'Vahp': -41.0, 'Vth': -31.5, 'Vmax': 31.0, 't_ref': 11.5, 'R': 0.4, 'tau_m': 140.5, 'R_adp': 0.2, 'tau_w': 25.0, 'a': 95.5, 'rate_low': 11.0, 'rate_high': 49.5}.[0m
2021-04-20 23:13:15.568203: I tensorflow/compiler/jit/xla_gpu_device.cc:99] Not creating XLA devices, tf_xla_enable_xla_devices not set
maxFreq at 10nA: 999.0
2021-04-20 23:13:57.492593: I tensorflow/compiler/jit/xla_gpu_device.cc:99] Not creating XLA devices, tf_xla_enable_xla_devices not set
2021-04-20 23:14:26.148019: I tensorflow/compiler/jit/xla_gpu_device.cc:99] Not creating XLA devices, tf_xla_enable_xla_devices not set
mse and spike frequency: 0.09995 0.0
[32m[I 2021-04-20 23:14:56,115][0m Trial 197 finished with values: [0.09995, 0.0] with parameters: {'Vahp': -31.5, 'Vth': -38.5, 'Vmax': 21.5, 't_ref': 13.5, 'R': 0.5, 'tau_m': 329.5, 'R_adp': 0.2, 'tau_w': 475.5, 'a': 355.5, 'rate_low': 11.0, 'rate_high': 49.5}.[0m
2021-04-20 23:14:56.999532: I tensorflow/compiler/jit/xla_gpu_device.cc:99] Not creating XLA devices, tf_xla_enable_xla_devices not set
maxFreq at 10nA: 1000.0
2021-04-20 23:15:38.920190: I tensorflow/compiler/jit/xla_gpu_device.cc:99] Not creating XLA devices, tf_xla_enable_xla_devices not set
2021-04-20 23:16:08.078535: I tensorflow/compiler/jit/xla_gpu_device.cc:99] Not creating XLA devices, tf_xla_enable_xla_devices not set
mse and spike frequency: 0.09995 0.0
[32m[I 2021-04-20 23:16:37,637][0m Trial 198 finished with values: [0.09995, 0.0] with parameters: {'Vahp': -31.5, 'Vth': -52.0, 'Vmax': 21.5, 't_ref': 15.5, 'R': 0.5, 'tau_m': 33.5, 'R_adp': 0.30000000000000004, 'tau_w': 124.5, 'a': 419.5, 'rate_low': 11.0, 'rate_high': 44.0}.[0m
2021-04-20 23:16:38.523240: I tensorflow/compiler/jit/xla_gpu_device.cc:99] Not creating XLA devices, tf_xla_enable_xla_devices not set
maxFreq at 10nA: 1000.0
2021-04-20 23:17:20.543959: I tensorflow/compiler/jit/xla_gpu_device.cc:99] Not creating XLA devices, tf_xla_enable_xla_devices not set
2021-04-20 23:17:49.375333: I tensorflow/compiler/jit/xla_gpu_device.cc:99] Not creating XLA devices, tf_xla_enable_xla_devices not set
mse and spike frequency: 0.09995 0.0
[32m[I 2021-04-20 23:18:18,450][0m Trial 199 finished with values: [0.09995, 0.0] with parameters: {'Vahp': -37.0, 'Vth': -48.5, 'Vmax': 36.5, 't_ref': 16.5, 'R': 0.4, 'tau_m': 54.5, 'R_adp': 0.6, 'tau_w': 31.0, 'a': 343.0, 'rate_low': 21.0, 'rate_high': 26.0}.[0m
2021-04-20 23:18:19.277183: I tensorflow/compiler/jit/xla_gpu_device.cc:99] Not creating XLA devices, tf_xla_enable_xla_devices not set
maxFreq at 10nA: 1000.0
2021-04-20 23:19:01.947348: I tensorflow/compiler/jit/xla_gpu_device.cc:99] Not creating XLA devices, tf_xla_enable_xla_devices not set
2021-04-20 23:19:31.130570: I tensorflow/compiler/jit/xla_gpu_device.cc:99] Not creating XLA devices, tf_xla_enable_xla_devices not set
mse and spike frequency: 0.09995 0.0
