2021-04-20 19:44:51.692719: I tensorflow/stream_executor/platform/default/dso_loader.cc:49] Successfully opened dynamic library libcudart.so.11.0
Build finished in 0:00:01.                                                      
Simulation finished in 0:00:01.                                                 
[32m[I 2021-04-20 19:44:54,289][0m A new study created in memory with name: no-name-7ef7c6ef-e4e0-4ddd-9c2d-b6150a9cc96c[0m
2021-04-20 19:44:54.465169: I tensorflow/compiler/jit/xla_cpu_device.cc:41] Not creating XLA devices, tf_xla_enable_xla_devices not set
2021-04-20 19:44:54.466225: I tensorflow/stream_executor/platform/default/dso_loader.cc:49] Successfully opened dynamic library libcuda.so.1
2021-04-20 19:44:55.397037: E tensorflow/stream_executor/cuda/cuda_driver.cc:328] failed call to cuInit: CUDA_ERROR_NO_DEVICE: no CUDA-capable device is detected
2021-04-20 19:44:55.397093: I tensorflow/stream_executor/cuda/cuda_diagnostics.cc:169] retrieving CUDA diagnostic information for host: comparch-t640
2021-04-20 19:44:55.397103: I tensorflow/stream_executor/cuda/cuda_diagnostics.cc:176] hostname: comparch-t640
2021-04-20 19:44:55.397261: I tensorflow/stream_executor/cuda/cuda_diagnostics.cc:200] libcuda reported version is: 450.66.0
2021-04-20 19:44:55.397293: I tensorflow/stream_executor/cuda/cuda_diagnostics.cc:204] kernel reported version is: 450.66.0
2021-04-20 19:44:55.397301: I tensorflow/stream_executor/cuda/cuda_diagnostics.cc:310] kernel version seems to match DSO: 450.66.0
2021-04-20 19:44:55.397644: I tensorflow/core/platform/cpu_feature_guard.cc:142] This TensorFlow binary is optimized with oneAPI Deep Neural Network Library (oneDNN) to use the following CPU instructions in performance-critical operations:  AVX2 AVX512F FMA
To enable them in other operations, rebuild TensorFlow with the appropriate compiler flags.
2021-04-20 19:44:55.399865: I tensorflow/compiler/jit/xla_gpu_device.cc:99] Not creating XLA devices, tf_xla_enable_xla_devices not set
2021-04-20 19:44:55.413591: I tensorflow/compiler/mlir/mlir_graph_optimization_pass.cc:196] None of the MLIR optimization passes are enabled (registered 0 passes)
2021-04-20 19:44:55.420020: I tensorflow/core/platform/profile_utils/cpu_utils.cc:112] CPU Frequency: 2100000000 Hz
maxFreq at 10nA: 125.0
2021-04-20 19:45:09.930149: I tensorflow/compiler/jit/xla_gpu_device.cc:99] Not creating XLA devices, tf_xla_enable_xla_devices not set
2021-04-20 19:45:16.417893: I tensorflow/compiler/jit/xla_gpu_device.cc:99] Not creating XLA devices, tf_xla_enable_xla_devices not set
mse and spike frequency: 0.00559 9.34
[32m[I 2021-04-20 19:45:22,515][0m Trial 0 finished with values: [0.00559, 9.34] with parameters: {'Vahp': -42.5, 'Vth': -29.0, 'Vmax': 20.5, 't_ref': 5.5, 'R': 0.1, 'tau_m': 94.5, 'rate_low': 24.0, 'rate_high': 45.5}.[0m
2021-04-20 19:45:22.820742: I tensorflow/compiler/jit/xla_gpu_device.cc:99] Not creating XLA devices, tf_xla_enable_xla_devices not set
maxFreq at 10nA: 1000.0
2021-04-20 19:45:39.111763: I tensorflow/compiler/jit/xla_gpu_device.cc:99] Not creating XLA devices, tf_xla_enable_xla_devices not set
2021-04-20 19:45:45.718160: I tensorflow/compiler/jit/xla_gpu_device.cc:99] Not creating XLA devices, tf_xla_enable_xla_devices not set
mse and spike frequency: 0.09995 0.0
[32m[I 2021-04-20 19:45:51,685][0m Trial 1 finished with values: [0.09995, 0.0] with parameters: {'Vahp': -45.5, 'Vth': -51.0, 'Vmax': 29.0, 't_ref': 6.5, 'R': 0.7000000000000001, 'tau_m': 161.5, 'rate_low': 34.5, 'rate_high': 40.5}.[0m
2021-04-20 19:45:52.002365: I tensorflow/compiler/jit/xla_gpu_device.cc:99] Not creating XLA devices, tf_xla_enable_xla_devices not set
maxFreq at 10nA: 1000.0
2021-04-20 19:46:08.420814: I tensorflow/compiler/jit/xla_gpu_device.cc:99] Not creating XLA devices, tf_xla_enable_xla_devices not set
2021-04-20 19:46:14.842121: I tensorflow/compiler/jit/xla_gpu_device.cc:99] Not creating XLA devices, tf_xla_enable_xla_devices not set
mse and spike frequency: 0.09995 0.0
[32m[I 2021-04-20 19:46:20,527][0m Trial 2 finished with values: [0.09995, 0.0] with parameters: {'Vahp': -36.5, 'Vth': -47.0, 'Vmax': 32.5, 't_ref': 2.5, 'R': 0.8, 'tau_m': 166.5, 'rate_low': 8.5, 'rate_high': 29.5}.[0m
2021-04-20 19:46:20.874858: I tensorflow/compiler/jit/xla_gpu_device.cc:99] Not creating XLA devices, tf_xla_enable_xla_devices not set
maxFreq at 10nA: 1000.0
2021-04-20 19:46:38.086092: I tensorflow/compiler/jit/xla_gpu_device.cc:99] Not creating XLA devices, tf_xla_enable_xla_devices not set
2021-04-20 19:46:43.719181: I tensorflow/compiler/jit/xla_gpu_device.cc:99] Not creating XLA devices, tf_xla_enable_xla_devices not set
mse and spike frequency: 0.09995 0.0
[32m[I 2021-04-20 19:46:48,961][0m Trial 3 finished with values: [0.09995, 0.0] with parameters: {'Vahp': -22.0, 'Vth': -24.0, 'Vmax': 29.5, 't_ref': 9.5, 'R': 1.0, 'tau_m': 223.5, 'rate_low': 14.0, 'rate_high': 26.0}.[0m
2021-04-20 19:46:49.306262: I tensorflow/compiler/jit/xla_gpu_device.cc:99] Not creating XLA devices, tf_xla_enable_xla_devices not set
maxFreq at 10nA: 1000.0
2021-04-20 19:47:05.995661: I tensorflow/compiler/jit/xla_gpu_device.cc:99] Not creating XLA devices, tf_xla_enable_xla_devices not set
2021-04-20 19:47:12.159371: I tensorflow/compiler/jit/xla_gpu_device.cc:99] Not creating XLA devices, tf_xla_enable_xla_devices not set
mse and spike frequency: 0.09995 0.0
[32m[I 2021-04-20 19:47:17,377][0m Trial 4 finished with values: [0.09995, 0.0] with parameters: {'Vahp': -26.5, 'Vth': -51.0, 'Vmax': 14.5, 't_ref': 5.0, 'R': 1.0, 'tau_m': 410.0, 'rate_low': 9.5, 'rate_high': 10.5}.[0m
2021-04-20 19:47:17.692533: I tensorflow/compiler/jit/xla_gpu_device.cc:99] Not creating XLA devices, tf_xla_enable_xla_devices not set
maxFreq at 10nA: 500.0
2021-04-20 19:47:34.621511: I tensorflow/compiler/jit/xla_gpu_device.cc:99] Not creating XLA devices, tf_xla_enable_xla_devices not set
2021-04-20 19:47:40.950541: I tensorflow/compiler/jit/xla_gpu_device.cc:99] Not creating XLA devices, tf_xla_enable_xla_devices not set
mse and spike frequency: 0.00161 60.99
[32m[I 2021-04-20 19:47:46,240][0m Trial 5 finished with values: [0.00161, 60.99] with parameters: {'Vahp': -38.5, 'Vth': -27.0, 'Vmax': 36.5, 't_ref': 1.0, 'R': 1.0, 'tau_m': 420.0, 'rate_low': 48.0, 'rate_high': 50.0}.[0m
2021-04-20 19:47:46.575300: I tensorflow/compiler/jit/xla_gpu_device.cc:99] Not creating XLA devices, tf_xla_enable_xla_devices not set
maxFreq at 10nA: 1000.0
2021-04-20 19:48:04.420249: I tensorflow/compiler/jit/xla_gpu_device.cc:99] Not creating XLA devices, tf_xla_enable_xla_devices not set
2021-04-20 19:48:11.089548: I tensorflow/compiler/jit/xla_gpu_device.cc:99] Not creating XLA devices, tf_xla_enable_xla_devices not set
mse and spike frequency: 0.09995 0.0
[32m[I 2021-04-20 19:48:16,524][0m Trial 6 finished with values: [0.09995, 0.0] with parameters: {'Vahp': -28.5, 'Vth': -39.0, 'Vmax': 18.5, 't_ref': 16.5, 'R': 0.9, 'tau_m': 418.5, 'rate_low': 23.0, 'rate_high': 50.0}.[0m
2021-04-20 19:48:16.867881: I tensorflow/compiler/jit/xla_gpu_device.cc:99] Not creating XLA devices, tf_xla_enable_xla_devices not set
maxFreq at 10nA: 48.0
2021-04-20 19:48:35.036493: I tensorflow/compiler/jit/xla_gpu_device.cc:99] Not creating XLA devices, tf_xla_enable_xla_devices not set
2021-04-20 19:48:41.474669: I tensorflow/compiler/jit/xla_gpu_device.cc:99] Not creating XLA devices, tf_xla_enable_xla_devices not set
mse and spike frequency: 0.0096 16.72
[32m[I 2021-04-20 19:48:47,072][0m Trial 7 finished with values: [0.0096, 16.72] with parameters: {'Vahp': -38.5, 'Vth': -20.5, 'Vmax': 30.5, 't_ref': 19.5, 'R': 0.6, 'tau_m': 155.5, 'rate_low': 38.5, 'rate_high': 47.5}.[0m
2021-04-20 19:48:47.430710: I tensorflow/compiler/jit/xla_gpu_device.cc:99] Not creating XLA devices, tf_xla_enable_xla_devices not set
maxFreq at 10nA: 48.0
2021-04-20 19:49:04.902361: I tensorflow/compiler/jit/xla_gpu_device.cc:99] Not creating XLA devices, tf_xla_enable_xla_devices not set
2021-04-20 19:49:11.303855: I tensorflow/compiler/jit/xla_gpu_device.cc:99] Not creating XLA devices, tf_xla_enable_xla_devices not set
mse and spike frequency: 0.01506 8.86
[32m[I 2021-04-20 19:49:17,006][0m Trial 8 finished with values: [0.01506, 8.86] with parameters: {'Vahp': -33.5, 'Vth': -30.0, 'Vmax': 34.0, 't_ref': 19.5, 'R': 0.7000000000000001, 'tau_m': 252.0, 'rate_low': 10.5, 'rate_high': 20.5}.[0m
2021-04-20 19:49:17.390572: I tensorflow/compiler/jit/xla_gpu_device.cc:99] Not creating XLA devices, tf_xla_enable_xla_devices not set
maxFreq at 10nA: 91.0
2021-04-20 19:49:35.479298: I tensorflow/compiler/jit/xla_gpu_device.cc:99] Not creating XLA devices, tf_xla_enable_xla_devices not set
2021-04-20 19:49:42.148711: I tensorflow/compiler/jit/xla_gpu_device.cc:99] Not creating XLA devices, tf_xla_enable_xla_devices not set
mse and spike frequency: 0.01552 2.64
[32m[I 2021-04-20 19:49:48,153][0m Trial 9 finished with values: [0.01552, 2.64] with parameters: {'Vahp': -25.5, 'Vth': -25.5, 'Vmax': 28.5, 't_ref': 10.0, 'R': 0.4, 'tau_m': 411.0, 'rate_low': 4.5, 'rate_high': 47.0}.[0m
2021-04-20 19:49:48.516322: I tensorflow/compiler/jit/xla_gpu_device.cc:99] Not creating XLA devices, tf_xla_enable_xla_devices not set
maxFreq at 10nA: 1000.0
2021-04-20 19:50:06.547395: I tensorflow/compiler/jit/xla_gpu_device.cc:99] Not creating XLA devices, tf_xla_enable_xla_devices not set
2021-04-20 19:50:13.560793: I tensorflow/compiler/jit/xla_gpu_device.cc:99] Not creating XLA devices, tf_xla_enable_xla_devices not set
mse and spike frequency: 0.09995 0.0
[32m[I 2021-04-20 19:50:19,447][0m Trial 10 finished with values: [0.09995, 0.0] with parameters: {'Vahp': -27.0, 'Vth': -50.5, 'Vmax': 28.0, 't_ref': 14.5, 'R': 0.9, 'tau_m': 255.5, 'rate_low': 39.5, 'rate_high': 43.5}.[0m
2021-04-20 19:50:19.778913: I tensorflow/compiler/jit/xla_gpu_device.cc:99] Not creating XLA devices, tf_xla_enable_xla_devices not set
maxFreq at 10nA: 1000.0
2021-04-20 19:50:38.040143: I tensorflow/compiler/jit/xla_gpu_device.cc:99] Not creating XLA devices, tf_xla_enable_xla_devices not set
2021-04-20 19:50:45.120396: I tensorflow/compiler/jit/xla_gpu_device.cc:99] Not creating XLA devices, tf_xla_enable_xla_devices not set
mse and spike frequency: 0.09995 0.0
[32m[I 2021-04-20 19:50:51,031][0m Trial 11 finished with values: [0.09995, 0.0] with parameters: {'Vahp': -24.5, 'Vth': -48.0, 'Vmax': 14.0, 't_ref': 11.0, 'R': 0.4, 'tau_m': 33.5, 'rate_low': 1.5, 'rate_high': 10.0}.[0m
2021-04-20 19:50:51.400213: I tensorflow/compiler/jit/xla_gpu_device.cc:99] Not creating XLA devices, tf_xla_enable_xla_devices not set
maxFreq at 10nA: 50.0
2021-04-20 19:51:09.486009: I tensorflow/compiler/jit/xla_gpu_device.cc:99] Not creating XLA devices, tf_xla_enable_xla_devices not set
2021-04-20 19:51:16.693169: I tensorflow/compiler/jit/xla_gpu_device.cc:99] Not creating XLA devices, tf_xla_enable_xla_devices not set
mse and spike frequency: 0.00673 12.84
[32m[I 2021-04-20 19:51:22,795][0m Trial 12 finished with values: [0.00673, 12.84] with parameters: {'Vahp': -39.0, 'Vth': -30.5, 'Vmax': 19.5, 't_ref': 18.5, 'R': 0.30000000000000004, 'tau_m': 145.5, 'rate_low': 15.0, 'rate_high': 48.0}.[0m
2021-04-20 19:51:23.172059: I tensorflow/compiler/jit/xla_gpu_device.cc:99] Not creating XLA devices, tf_xla_enable_xla_devices not set
maxFreq at 10nA: 84.0
2021-04-20 19:51:40.840387: I tensorflow/compiler/jit/xla_gpu_device.cc:99] Not creating XLA devices, tf_xla_enable_xla_devices not set
2021-04-20 19:51:48.069287: I tensorflow/compiler/jit/xla_gpu_device.cc:99] Not creating XLA devices, tf_xla_enable_xla_devices not set
mse and spike frequency: 0.09995 0.0
[32m[I 2021-04-20 19:51:54,223][0m Trial 13 finished with values: [0.09995, 0.0] with parameters: {'Vahp': -22.5, 'Vth': -22.0, 'Vmax': 22.0, 't_ref': 10.5, 'R': 0.6, 'tau_m': 298.0, 'rate_low': 15.0, 'rate_high': 32.5}.[0m
2021-04-20 19:51:54.749805: I tensorflow/compiler/jit/xla_gpu_device.cc:99] Not creating XLA devices, tf_xla_enable_xla_devices not set
maxFreq at 10nA: 50.0
2021-04-20 19:52:12.921144: I tensorflow/compiler/jit/xla_gpu_device.cc:99] Not creating XLA devices, tf_xla_enable_xla_devices not set
2021-04-20 19:52:20.026445: I tensorflow/compiler/jit/xla_gpu_device.cc:99] Not creating XLA devices, tf_xla_enable_xla_devices not set
mse and spike frequency: 0.00547 11.69
[32m[I 2021-04-20 19:52:26,203][0m Trial 14 finished with values: [0.00547, 11.69] with parameters: {'Vahp': -43.5, 'Vth': -30.5, 'Vmax': 20.0, 't_ref': 19.0, 'R': 0.6, 'tau_m': 367.5, 'rate_low': 22.5, 'rate_high': 23.0}.[0m
2021-04-20 19:52:26.568688: I tensorflow/compiler/jit/xla_gpu_device.cc:99] Not creating XLA devices, tf_xla_enable_xla_devices not set
maxFreq at 10nA: 59.0
2021-04-20 19:52:44.808827: I tensorflow/compiler/jit/xla_gpu_device.cc:99] Not creating XLA devices, tf_xla_enable_xla_devices not set
2021-04-20 19:52:52.393425: I tensorflow/compiler/jit/xla_gpu_device.cc:99] Not creating XLA devices, tf_xla_enable_xla_devices not set
mse and spike frequency: 0.0047 12.69
[32m[I 2021-04-20 19:52:58,785][0m Trial 15 finished with values: [0.0047, 12.69] with parameters: {'Vahp': -58.0, 'Vth': -27.0, 'Vmax': 28.5, 't_ref': 16.0, 'R': 0.5, 'tau_m': 155.0, 'rate_low': 27.0, 'rate_high': 34.5}.[0m
2021-04-20 19:52:59.172237: I tensorflow/compiler/jit/xla_gpu_device.cc:99] Not creating XLA devices, tf_xla_enable_xla_devices not set
maxFreq at 10nA: 334.0
2021-04-20 19:53:17.374415: I tensorflow/compiler/jit/xla_gpu_device.cc:99] Not creating XLA devices, tf_xla_enable_xla_devices not set
2021-04-20 19:53:25.345152: I tensorflow/compiler/jit/xla_gpu_device.cc:99] Not creating XLA devices, tf_xla_enable_xla_devices not set
mse and spike frequency: 0.00554 139.25
[32m[I 2021-04-20 19:53:31,903][0m Trial 16 finished with values: [0.00554, 139.25] with parameters: {'Vahp': -21.0, 'Vth': -20.0, 'Vmax': 39.5, 't_ref': 1.5, 'R': 0.9, 'tau_m': 199.5, 'rate_low': 47.0, 'rate_high': 47.0}.[0m
2021-04-20 19:53:32.288971: I tensorflow/compiler/jit/xla_gpu_device.cc:99] Not creating XLA devices, tf_xla_enable_xla_devices not set
maxFreq at 10nA: 111.0
2021-04-20 19:53:50.777757: I tensorflow/compiler/jit/xla_gpu_device.cc:99] Not creating XLA devices, tf_xla_enable_xla_devices not set
2021-04-20 19:53:58.848495: I tensorflow/compiler/jit/xla_gpu_device.cc:99] Not creating XLA devices, tf_xla_enable_xla_devices not set
mse and spike frequency: 0.01209 20.36
[32m[I 2021-04-20 19:54:05,291][0m Trial 17 finished with values: [0.01209, 20.36] with parameters: {'Vahp': -23.5, 'Vth': -22.0, 'Vmax': 38.0, 't_ref': 7.5, 'R': 0.2, 'tau_m': 252.0, 'rate_low': 21.5, 'rate_high': 24.5}.[0m
2021-04-20 19:54:05.671820: I tensorflow/compiler/jit/xla_gpu_device.cc:99] Not creating XLA devices, tf_xla_enable_xla_devices not set
maxFreq at 10nA: 1000.0
2021-04-20 19:54:24.373045: I tensorflow/compiler/jit/xla_gpu_device.cc:99] Not creating XLA devices, tf_xla_enable_xla_devices not set
2021-04-20 19:54:32.332956: I tensorflow/compiler/jit/xla_gpu_device.cc:99] Not creating XLA devices, tf_xla_enable_xla_devices not set
mse and spike frequency: 0.09996 1000.1
[32m[I 2021-04-20 19:54:38,887][0m Trial 18 finished with values: [0.09996, 1000.1] with parameters: {'Vahp': -20.0, 'Vth': -58.5, 'Vmax': 25.5, 't_ref': 16.0, 'R': 0.4, 'tau_m': 393.0, 'rate_low': 6.0, 'rate_high': 38.0}.[0m
2021-04-20 19:54:39.307307: I tensorflow/compiler/jit/xla_gpu_device.cc:99] Not creating XLA devices, tf_xla_enable_xla_devices not set
maxFreq at 10nA: 1000.0
2021-04-20 19:54:58.054860: I tensorflow/compiler/jit/xla_gpu_device.cc:99] Not creating XLA devices, tf_xla_enable_xla_devices not set
2021-04-20 19:55:06.048807: I tensorflow/compiler/jit/xla_gpu_device.cc:99] Not creating XLA devices, tf_xla_enable_xla_devices not set
mse and spike frequency: 0.09995 0.0
[32m[I 2021-04-20 19:55:12,729][0m Trial 19 finished with values: [0.09995, 0.0] with parameters: {'Vahp': -45.5, 'Vth': -53.5, 'Vmax': 29.0, 't_ref': 2.5, 'R': 0.5, 'tau_m': 296.0, 'rate_low': 0.5, 'rate_high': 17.5}.[0m
2021-04-20 19:55:13.123741: I tensorflow/compiler/jit/xla_gpu_device.cc:99] Not creating XLA devices, tf_xla_enable_xla_devices not set
maxFreq at 10nA: 46.0
2021-04-20 19:55:32.063208: I tensorflow/compiler/jit/xla_gpu_device.cc:99] Not creating XLA devices, tf_xla_enable_xla_devices not set
2021-04-20 19:55:39.958906: I tensorflow/compiler/jit/xla_gpu_device.cc:99] Not creating XLA devices, tf_xla_enable_xla_devices not set
mse and spike frequency: 0.00706 5.46
[32m[I 2021-04-20 19:55:46,450][0m Trial 20 finished with values: [0.00706, 5.46] with parameters: {'Vahp': -55.0, 'Vth': -40.5, 'Vmax': 24.5, 't_ref': 15.5, 'R': 0.1, 'tau_m': 366.0, 'rate_low': 47.0, 'rate_high': 47.0}.[0m
2021-04-20 19:55:46.823310: I tensorflow/compiler/jit/xla_gpu_device.cc:99] Not creating XLA devices, tf_xla_enable_xla_devices not set
maxFreq at 10nA: 63.0
2021-04-20 19:56:05.538953: I tensorflow/compiler/jit/xla_gpu_device.cc:99] Not creating XLA devices, tf_xla_enable_xla_devices not set
2021-04-20 19:56:13.790263: I tensorflow/compiler/jit/xla_gpu_device.cc:99] Not creating XLA devices, tf_xla_enable_xla_devices not set
mse and spike frequency: 0.00706 4.86
[32m[I 2021-04-20 19:56:20,493][0m Trial 21 finished with values: [0.00706, 4.86] with parameters: {'Vahp': -51.5, 'Vth': -31.0, 'Vmax': 19.0, 't_ref': 12.0, 'R': 0.30000000000000004, 'tau_m': 448.0, 'rate_low': 23.0, 'rate_high': 23.5}.[0m
2021-04-20 19:56:20.961940: I tensorflow/compiler/jit/xla_gpu_device.cc:99] Not creating XLA devices, tf_xla_enable_xla_devices not set
maxFreq at 10nA: 48.0
2021-04-20 19:56:39.498429: I tensorflow/compiler/jit/xla_gpu_device.cc:99] Not creating XLA devices, tf_xla_enable_xla_devices not set
2021-04-20 19:56:47.921016: I tensorflow/compiler/jit/xla_gpu_device.cc:99] Not creating XLA devices, tf_xla_enable_xla_devices not set
mse and spike frequency: 0.01196 19.93
[32m[I 2021-04-20 19:56:54,807][0m Trial 22 finished with values: [0.01196, 19.93] with parameters: {'Vahp': -46.5, 'Vth': -22.5, 'Vmax': 16.0, 't_ref': 19.5, 'R': 0.8, 'tau_m': 79.0, 'rate_low': 41.0, 'rate_high': 46.5}.[0m
2021-04-20 19:56:55.211865: I tensorflow/compiler/jit/xla_gpu_device.cc:99] Not creating XLA devices, tf_xla_enable_xla_devices not set
maxFreq at 10nA: 1000.0
2021-04-20 19:57:14.253972: I tensorflow/compiler/jit/xla_gpu_device.cc:99] Not creating XLA devices, tf_xla_enable_xla_devices not set
2021-04-20 19:57:22.764321: I tensorflow/compiler/jit/xla_gpu_device.cc:99] Not creating XLA devices, tf_xla_enable_xla_devices not set
mse and spike frequency: 0.09995 0.0
[32m[I 2021-04-20 19:57:29,987][0m Trial 23 finished with values: [0.09995, 0.0] with parameters: {'Vahp': -29.0, 'Vth': -47.0, 'Vmax': 22.5, 't_ref': 19.5, 'R': 0.5, 'tau_m': 33.5, 'rate_low': 6.5, 'rate_high': 23.0}.[0m
2021-04-20 19:57:30.411822: I tensorflow/compiler/jit/xla_gpu_device.cc:99] Not creating XLA devices, tf_xla_enable_xla_devices not set
maxFreq at 10nA: 91.0
2021-04-20 19:57:49.627430: I tensorflow/compiler/jit/xla_gpu_device.cc:99] Not creating XLA devices, tf_xla_enable_xla_devices not set
2021-04-20 19:57:57.497688: I tensorflow/compiler/jit/xla_gpu_device.cc:99] Not creating XLA devices, tf_xla_enable_xla_devices not set
mse and spike frequency: 0.00549 3.11
[32m[I 2021-04-20 19:58:05,023][0m Trial 24 finished with values: [0.00549, 3.11] with parameters: {'Vahp': -48.5, 'Vth': -33.0, 'Vmax': 30.0, 't_ref': 8.5, 'R': 0.30000000000000004, 'tau_m': 198.5, 'rate_low': 2.0, 'rate_high': 31.5}.[0m
2021-04-20 19:58:05.435190: I tensorflow/compiler/jit/xla_gpu_device.cc:99] Not creating XLA devices, tf_xla_enable_xla_devices not set
maxFreq at 10nA: 50.0
2021-04-20 19:58:24.739104: I tensorflow/compiler/jit/xla_gpu_device.cc:99] Not creating XLA devices, tf_xla_enable_xla_devices not set
2021-04-20 19:58:33.252078: I tensorflow/compiler/jit/xla_gpu_device.cc:99] Not creating XLA devices, tf_xla_enable_xla_devices not set
mse and spike frequency: 0.02194 22.75
[32m[I 2021-04-20 19:58:40,528][0m Trial 25 finished with values: [0.02194, 22.75] with parameters: {'Vahp': -42.0, 'Vth': -28.0, 'Vmax': 35.5, 't_ref': 18.5, 'R': 0.4, 'tau_m': 36.0, 'rate_low': 48.5, 'rate_high': 49.5}.[0m
2021-04-20 19:58:40.947239: I tensorflow/compiler/jit/xla_gpu_device.cc:99] Not creating XLA devices, tf_xla_enable_xla_devices not set
maxFreq at 10nA: 333.0
2021-04-20 19:59:00.143099: I tensorflow/compiler/jit/xla_gpu_device.cc:99] Not creating XLA devices, tf_xla_enable_xla_devices not set
2021-04-20 19:59:08.468546: I tensorflow/compiler/jit/xla_gpu_device.cc:99] Not creating XLA devices, tf_xla_enable_xla_devices not set
mse and spike frequency: 0.00157 18.81
[32m[I 2021-04-20 19:59:15,881][0m Trial 26 finished with values: [0.00157, 18.81] with parameters: {'Vahp': -36.5, 'Vth': -30.0, 'Vmax': 25.5, 't_ref': 2.0, 'R': 0.9, 'tau_m': 419.5, 'rate_low': 4.5, 'rate_high': 49.5}.[0m
2021-04-20 19:59:16.300335: I tensorflow/compiler/jit/xla_gpu_device.cc:99] Not creating XLA devices, tf_xla_enable_xla_devices not set
maxFreq at 10nA: 1000.0
2021-04-20 19:59:35.716632: I tensorflow/compiler/jit/xla_gpu_device.cc:99] Not creating XLA devices, tf_xla_enable_xla_devices not set
2021-04-20 19:59:44.226484: I tensorflow/compiler/jit/xla_gpu_device.cc:99] Not creating XLA devices, tf_xla_enable_xla_devices not set
mse and spike frequency: 0.09995 0.0
