[32m[I 2021-04-20 23:38:35,325][0m Trial 213 finished with values: [0.09995, 0.0] with parameters: {'Vahp': -20.0, 'Vth': -33.5, 'Vmax': 14.0, 't_ref': 6.5, 'R': 0.1, 'tau_m': 97.5, 'rate_low': 48.5, 'rate_high': 49.5}.[0m
2021-04-20 23:38:36.173770: I tensorflow/compiler/jit/xla_gpu_device.cc:99] Not creating XLA devices, tf_xla_enable_xla_devices not set
maxFreq at 10nA: 1000.0
2021-04-20 23:39:18.909227: I tensorflow/compiler/jit/xla_gpu_device.cc:99] Not creating XLA devices, tf_xla_enable_xla_devices not set
2021-04-20 23:39:52.304388: I tensorflow/compiler/jit/xla_gpu_device.cc:99] Not creating XLA devices, tf_xla_enable_xla_devices not set
mse and spike frequency: 0.09995 0.0
[32m[I 2021-04-20 23:40:24,386][0m Trial 214 finished with values: [0.09995, 0.0] with parameters: {'Vahp': -39.0, 'Vth': -48.0, 'Vmax': 25.5, 't_ref': 13.5, 'R': 0.5, 'tau_m': 97.5, 'rate_low': 10.0, 'rate_high': 49.5}.[0m
2021-04-20 23:40:25.230709: I tensorflow/compiler/jit/xla_gpu_device.cc:99] Not creating XLA devices, tf_xla_enable_xla_devices not set
maxFreq at 10nA: 999.0
2021-04-20 23:41:08.528522: I tensorflow/compiler/jit/xla_gpu_device.cc:99] Not creating XLA devices, tf_xla_enable_xla_devices not set
2021-04-20 23:41:41.395078: I tensorflow/compiler/jit/xla_gpu_device.cc:99] Not creating XLA devices, tf_xla_enable_xla_devices not set
mse and spike frequency: 0.09995 0.0
[32m[I 2021-04-20 23:42:13,264][0m Trial 215 finished with values: [0.09995, 0.0] with parameters: {'Vahp': -46.5, 'Vth': -48.0, 'Vmax': 35.5, 't_ref': 2.0, 'R': 0.2, 'tau_m': 357.0, 'rate_low': 10.0, 'rate_high': 17.5}.[0m
2021-04-20 23:42:14.127470: I tensorflow/compiler/jit/xla_gpu_device.cc:99] Not creating XLA devices, tf_xla_enable_xla_devices not set
maxFreq at 10nA: 63.0
2021-04-20 23:42:56.675967: I tensorflow/compiler/jit/xla_gpu_device.cc:99] Not creating XLA devices, tf_xla_enable_xla_devices not set
2021-04-20 23:43:29.767397: I tensorflow/compiler/jit/xla_gpu_device.cc:99] Not creating XLA devices, tf_xla_enable_xla_devices not set
mse and spike frequency: 0.00975 27.54
[32m[I 2021-04-20 23:44:00,910][0m Trial 216 finished with values: [0.00975, 27.54] with parameters: {'Vahp': -53.5, 'Vth': -48.0, 'Vmax': 22.5, 't_ref': 14.5, 'R': 1.0, 'tau_m': 261.0, 'rate_low': 41.5, 'rate_high': 50.0}.[0m
2021-04-20 23:44:01.823733: I tensorflow/compiler/jit/xla_gpu_device.cc:99] Not creating XLA devices, tf_xla_enable_xla_devices not set
maxFreq at 10nA: 1000.0
2021-04-20 23:44:45.076526: I tensorflow/compiler/jit/xla_gpu_device.cc:99] Not creating XLA devices, tf_xla_enable_xla_devices not set
2021-04-20 23:45:17.168730: I tensorflow/compiler/jit/xla_gpu_device.cc:99] Not creating XLA devices, tf_xla_enable_xla_devices not set
mse and spike frequency: 0.09995 0.0
[32m[I 2021-04-20 23:45:48,363][0m Trial 217 finished with values: [0.09995, 0.0] with parameters: {'Vahp': -29.0, 'Vth': -51.0, 'Vmax': 27.5, 't_ref': 6.5, 'R': 0.6, 'tau_m': 211.5, 'rate_low': 17.5, 'rate_high': 50.0}.[0m
2021-04-20 23:45:49.245898: I tensorflow/compiler/jit/xla_gpu_device.cc:99] Not creating XLA devices, tf_xla_enable_xla_devices not set
maxFreq at 10nA: 997.0
2021-04-20 23:46:32.171378: I tensorflow/compiler/jit/xla_gpu_device.cc:99] Not creating XLA devices, tf_xla_enable_xla_devices not set
2021-04-20 23:47:05.126662: I tensorflow/compiler/jit/xla_gpu_device.cc:99] Not creating XLA devices, tf_xla_enable_xla_devices not set
mse and spike frequency: 0.09995 0.0
[32m[I 2021-04-20 23:47:36,512][0m Trial 218 finished with values: [0.09995, 0.0] with parameters: {'Vahp': -20.0, 'Vth': -49.5, 'Vmax': 27.0, 't_ref': 2.5, 'R': 0.1, 'tau_m': 411.0, 'rate_low': 48.5, 'rate_high': 42.0}.[0m
2021-04-20 23:47:37.383796: I tensorflow/compiler/jit/xla_gpu_device.cc:99] Not creating XLA devices, tf_xla_enable_xla_devices not set
maxFreq at 10nA: 1000.0
2021-04-20 23:48:21.628474: I tensorflow/compiler/jit/xla_gpu_device.cc:99] Not creating XLA devices, tf_xla_enable_xla_devices not set
2021-04-20 23:48:54.235370: I tensorflow/compiler/jit/xla_gpu_device.cc:99] Not creating XLA devices, tf_xla_enable_xla_devices not set
mse and spike frequency: 0.09995 0.0
[32m[I 2021-04-20 23:49:25,924][0m Trial 219 finished with values: [0.09995, 0.0] with parameters: {'Vahp': -29.0, 'Vth': -41.0, 'Vmax': 40.0, 't_ref': 5.0, 'R': 0.6, 'tau_m': 298.0, 'rate_low': 9.5, 'rate_high': 41.5}.[0m
2021-04-20 23:49:26.810755: I tensorflow/compiler/jit/xla_gpu_device.cc:99] Not creating XLA devices, tf_xla_enable_xla_devices not set
maxFreq at 10nA: 1000.0
2021-04-20 23:50:10.423548: I tensorflow/compiler/jit/xla_gpu_device.cc:99] Not creating XLA devices, tf_xla_enable_xla_devices not set
2021-04-20 23:50:42.761327: I tensorflow/compiler/jit/xla_gpu_device.cc:99] Not creating XLA devices, tf_xla_enable_xla_devices not set
mse and spike frequency: 0.09995 0.0
[32m[I 2021-04-20 23:51:14,527][0m Trial 220 finished with values: [0.09995, 0.0] with parameters: {'Vahp': -29.0, 'Vth': -48.0, 'Vmax': 25.5, 't_ref': 3.0, 'R': 0.7000000000000001, 'tau_m': 192.0, 'rate_low': 32.5, 'rate_high': 45.0}.[0m
2021-04-20 23:51:15.487346: I tensorflow/compiler/jit/xla_gpu_device.cc:99] Not creating XLA devices, tf_xla_enable_xla_devices not set
maxFreq at 10nA: 999.0
2021-04-20 23:51:59.962918: I tensorflow/compiler/jit/xla_gpu_device.cc:99] Not creating XLA devices, tf_xla_enable_xla_devices not set
2021-04-20 23:52:32.781420: I tensorflow/compiler/jit/xla_gpu_device.cc:99] Not creating XLA devices, tf_xla_enable_xla_devices not set
mse and spike frequency: 0.09995 0.0
[32m[I 2021-04-20 23:53:05,171][0m Trial 221 finished with values: [0.09995, 0.0] with parameters: {'Vahp': -20.0, 'Vth': -43.0, 'Vmax': 14.0, 't_ref': 6.5, 'R': 0.6, 'tau_m': 459.0, 'rate_low': 42.0, 'rate_high': 49.5}.[0m
2021-04-20 23:53:06.112355: I tensorflow/compiler/jit/xla_gpu_device.cc:99] Not creating XLA devices, tf_xla_enable_xla_devices not set
maxFreq at 10nA: 250.0
2021-04-20 23:53:51.158744: I tensorflow/compiler/jit/xla_gpu_device.cc:99] Not creating XLA devices, tf_xla_enable_xla_devices not set
2021-04-20 23:54:25.148399: I tensorflow/compiler/jit/xla_gpu_device.cc:99] Not creating XLA devices, tf_xla_enable_xla_devices not set
mse and spike frequency: 0.09995 0.0
[32m[I 2021-04-20 23:54:57,333][0m Trial 222 finished with values: [0.09995, 0.0] with parameters: {'Vahp': -44.0, 'Vth': -44.0, 'Vmax': 19.5, 't_ref': 3.0, 'R': 0.9, 'tau_m': 357.0, 'rate_low': 34.5, 'rate_high': 40.5}.[0m
2021-04-20 23:54:58.285764: I tensorflow/compiler/jit/xla_gpu_device.cc:99] Not creating XLA devices, tf_xla_enable_xla_devices not set
maxFreq at 10nA: 100.0
2021-04-20 23:55:42.877236: I tensorflow/compiler/jit/xla_gpu_device.cc:99] Not creating XLA devices, tf_xla_enable_xla_devices not set
2021-04-20 23:56:17.423882: I tensorflow/compiler/jit/xla_gpu_device.cc:99] Not creating XLA devices, tf_xla_enable_xla_devices not set
mse and spike frequency: 0.00446 26.35
[32m[I 2021-04-20 23:56:50,052][0m Trial 223 finished with values: [0.00446, 26.35] with parameters: {'Vahp': -48.5, 'Vth': -47.0, 'Vmax': 40.0, 't_ref': 8.5, 'R': 0.30000000000000004, 'tau_m': 198.5, 'rate_low': 11.0, 'rate_high': 32.5}.[0m
2021-04-20 23:56:50.973946: I tensorflow/compiler/jit/xla_gpu_device.cc:99] Not creating XLA devices, tf_xla_enable_xla_devices not set
maxFreq at 10nA: 1000.0
2021-04-20 23:57:35.778288: I tensorflow/compiler/jit/xla_gpu_device.cc:99] Not creating XLA devices, tf_xla_enable_xla_devices not set
2021-04-20 23:58:10.921991: I tensorflow/compiler/jit/xla_gpu_device.cc:99] Not creating XLA devices, tf_xla_enable_xla_devices not set
mse and spike frequency: 0.09995 0.0
[32m[I 2021-04-20 23:58:44,237][0m Trial 224 finished with values: [0.09995, 0.0] with parameters: {'Vahp': -40.5, 'Vth': -51.0, 'Vmax': 40.0, 't_ref': 11.0, 'R': 0.6, 'tau_m': 211.5, 'rate_low': 17.5, 'rate_high': 32.5}.[0m
2021-04-20 23:58:45.109922: I tensorflow/compiler/jit/xla_gpu_device.cc:99] Not creating XLA devices, tf_xla_enable_xla_devices not set
maxFreq at 10nA: 1000.0
2021-04-20 23:59:29.246345: I tensorflow/compiler/jit/xla_gpu_device.cc:99] Not creating XLA devices, tf_xla_enable_xla_devices not set
2021-04-21 00:00:03.892811: I tensorflow/compiler/jit/xla_gpu_device.cc:99] Not creating XLA devices, tf_xla_enable_xla_devices not set
mse and spike frequency: 0.09995 0.0
[32m[I 2021-04-21 00:00:38,342][0m Trial 225 finished with values: [0.09995, 0.0] with parameters: {'Vahp': -24.5, 'Vth': -48.0, 'Vmax': 18.5, 't_ref': 11.0, 'R': 1.0, 'tau_m': 459.0, 'rate_low': 15.0, 'rate_high': 37.5}.[0m
2021-04-21 00:00:39.225853: I tensorflow/compiler/jit/xla_gpu_device.cc:99] Not creating XLA devices, tf_xla_enable_xla_devices not set
maxFreq at 10nA: 56.0
2021-04-21 00:01:24.193659: I tensorflow/compiler/jit/xla_gpu_device.cc:99] Not creating XLA devices, tf_xla_enable_xla_devices not set
2021-04-21 00:01:59.327424: I tensorflow/compiler/jit/xla_gpu_device.cc:99] Not creating XLA devices, tf_xla_enable_xla_devices not set
mse and spike frequency: 0.09995 0.0
[32m[I 2021-04-21 00:02:33,598][0m Trial 226 finished with values: [0.09995, 0.0] with parameters: {'Vahp': -46.5, 'Vth': -46.5, 'Vmax': 25.5, 't_ref': 16.5, 'R': 0.6, 'tau_m': 357.0, 'rate_low': 10.0, 'rate_high': 49.5}.[0m
2021-04-21 00:02:34.481190: I tensorflow/compiler/jit/xla_gpu_device.cc:99] Not creating XLA devices, tf_xla_enable_xla_devices not set
maxFreq at 10nA: 48.0
2021-04-21 00:03:20.095004: I tensorflow/compiler/jit/xla_gpu_device.cc:99] Not creating XLA devices, tf_xla_enable_xla_devices not set
2021-04-21 00:03:55.787129: I tensorflow/compiler/jit/xla_gpu_device.cc:99] Not creating XLA devices, tf_xla_enable_xla_devices not set
mse and spike frequency: 0.01009 13.63
[32m[I 2021-04-21 00:04:29,736][0m Trial 227 finished with values: [0.01009, 13.63] with parameters: {'Vahp': -48.5, 'Vth': -24.0, 'Vmax': 30.0, 't_ref': 20.0, 'R': 1.0, 'tau_m': 122.0, 'rate_low': 10.0, 'rate_high': 49.5}.[0m
2021-04-21 00:04:30.619490: I tensorflow/compiler/jit/xla_gpu_device.cc:99] Not creating XLA devices, tf_xla_enable_xla_devices not set
maxFreq at 10nA: 998.0
2021-04-21 00:05:16.870648: I tensorflow/compiler/jit/xla_gpu_device.cc:99] Not creating XLA devices, tf_xla_enable_xla_devices not set
2021-04-21 00:05:51.786753: I tensorflow/compiler/jit/xla_gpu_device.cc:99] Not creating XLA devices, tf_xla_enable_xla_devices not set
mse and spike frequency: 0.09995 0.0
[32m[I 2021-04-21 00:06:25,387][0m Trial 228 finished with values: [0.09995, 0.0] with parameters: {'Vahp': -23.0, 'Vth': -37.0, 'Vmax': 14.0, 't_ref': 16.5, 'R': 0.4, 'tau_m': 383.5, 'rate_low': 1.5, 'rate_high': 14.0}.[0m
2021-04-21 00:06:26.311688: I tensorflow/compiler/jit/xla_gpu_device.cc:99] Not creating XLA devices, tf_xla_enable_xla_devices not set
maxFreq at 10nA: 1000.0
2021-04-21 00:07:11.987305: I tensorflow/compiler/jit/xla_gpu_device.cc:99] Not creating XLA devices, tf_xla_enable_xla_devices not set
2021-04-21 00:07:45.689212: I tensorflow/compiler/jit/xla_gpu_device.cc:99] Not creating XLA devices, tf_xla_enable_xla_devices not set
mse and spike frequency: 0.09995 0.0
[32m[I 2021-04-21 00:08:19,182][0m Trial 229 finished with values: [0.09995, 0.0] with parameters: {'Vahp': -53.0, 'Vth': -53.5, 'Vmax': 17.5, 't_ref': 6.5, 'R': 0.6, 'tau_m': 97.5, 'rate_low': 20.0, 'rate_high': 35.0}.[0m
2021-04-21 00:08:20.095157: I tensorflow/compiler/jit/xla_gpu_device.cc:99] Not creating XLA devices, tf_xla_enable_xla_devices not set
maxFreq at 10nA: 1000.0
2021-04-21 00:09:05.734618: I tensorflow/compiler/jit/xla_gpu_device.cc:99] Not creating XLA devices, tf_xla_enable_xla_devices not set
2021-04-21 00:09:39.598844: I tensorflow/compiler/jit/xla_gpu_device.cc:99] Not creating XLA devices, tf_xla_enable_xla_devices not set
mse and spike frequency: 0.09995 0.0
[32m[I 2021-04-21 00:10:13,484][0m Trial 230 finished with values: [0.09995, 0.0] with parameters: {'Vahp': -25.0, 'Vth': -44.0, 'Vmax': 17.5, 't_ref': 10.5, 'R': 0.5, 'tau_m': 261.0, 'rate_low': 48.5, 'rate_high': 7.0}.[0m
2021-04-21 00:10:14.501396: I tensorflow/compiler/jit/xla_gpu_device.cc:99] Not creating XLA devices, tf_xla_enable_xla_devices not set
maxFreq at 10nA: 1000.0
2021-04-21 00:11:00.162549: I tensorflow/compiler/jit/xla_gpu_device.cc:99] Not creating XLA devices, tf_xla_enable_xla_devices not set
2021-04-21 00:11:33.315818: I tensorflow/compiler/jit/xla_gpu_device.cc:99] Not creating XLA devices, tf_xla_enable_xla_devices not set
mse and spike frequency: 0.09995 0.0
[32m[I 2021-04-21 00:12:08,073][0m Trial 231 finished with values: [0.09995, 0.0] with parameters: {'Vahp': -36.5, 'Vth': -49.0, 'Vmax': 30.0, 't_ref': 2.0, 'R': 0.5, 'tau_m': 357.0, 'rate_low': 36.0, 'rate_high': 29.5}.[0m
2021-04-21 00:12:08.979476: I tensorflow/compiler/jit/xla_gpu_device.cc:99] Not creating XLA devices, tf_xla_enable_xla_devices not set
maxFreq at 10nA: 1000.0
2021-04-21 00:12:55.182030: I tensorflow/compiler/jit/xla_gpu_device.cc:99] Not creating XLA devices, tf_xla_enable_xla_devices not set
2021-04-21 00:13:29.378203: I tensorflow/compiler/jit/xla_gpu_device.cc:99] Not creating XLA devices, tf_xla_enable_xla_devices not set
mse and spike frequency: 0.09995 0.0
[32m[I 2021-04-21 00:14:04,304][0m Trial 232 finished with values: [0.09995, 0.0] with parameters: {'Vahp': -29.0, 'Vth': -47.0, 'Vmax': 27.0, 't_ref': 11.0, 'R': 0.6, 'tau_m': 298.0, 'rate_low': 36.0, 'rate_high': 32.5}.[0m
2021-04-21 00:14:05.286722: I tensorflow/compiler/jit/xla_gpu_device.cc:99] Not creating XLA devices, tf_xla_enable_xla_devices not set
maxFreq at 10nA: 999.0
2021-04-21 00:14:52.381961: I tensorflow/compiler/jit/xla_gpu_device.cc:99] Not creating XLA devices, tf_xla_enable_xla_devices not set
2021-04-21 00:15:26.957164: I tensorflow/compiler/jit/xla_gpu_device.cc:99] Not creating XLA devices, tf_xla_enable_xla_devices not set
mse and spike frequency: 0.09995 0.0
[32m[I 2021-04-21 00:16:02,309][0m Trial 233 finished with values: [0.09995, 0.0] with parameters: {'Vahp': -20.0, 'Vth': -30.0, 'Vmax': 38.0, 't_ref': 2.0, 'R': 0.9, 'tau_m': 419.5, 'rate_low': 4.5, 'rate_high': 41.5}.[0m
2021-04-21 00:16:03.228125: I tensorflow/compiler/jit/xla_gpu_device.cc:99] Not creating XLA devices, tf_xla_enable_xla_devices not set
maxFreq at 10nA: 125.0
2021-04-21 00:16:50.175707: I tensorflow/compiler/jit/xla_gpu_device.cc:99] Not creating XLA devices, tf_xla_enable_xla_devices not set
2021-04-21 00:17:25.026814: I tensorflow/compiler/jit/xla_gpu_device.cc:99] Not creating XLA devices, tf_xla_enable_xla_devices not set
mse and spike frequency: 0.00246 14.49
[32m[I 2021-04-21 00:17:59,470][0m Trial 234 finished with values: [0.00246, 14.49] with parameters: {'Vahp': -52.0, 'Vth': -33.5, 'Vmax': 38.0, 't_ref': 6.5, 'R': 0.9, 'tau_m': 459.0, 'rate_low': 17.5, 'rate_high': 41.5}.[0m
2021-04-21 00:18:00.373520: I tensorflow/compiler/jit/xla_gpu_device.cc:99] Not creating XLA devices, tf_xla_enable_xla_devices not set
maxFreq at 10nA: 199.0
2021-04-21 00:18:47.531081: I tensorflow/compiler/jit/xla_gpu_device.cc:99] Not creating XLA devices, tf_xla_enable_xla_devices not set
2021-04-21 00:19:22.472470: I tensorflow/compiler/jit/xla_gpu_device.cc:99] Not creating XLA devices, tf_xla_enable_xla_devices not set
mse and spike frequency: 0.01044 16.4
[32m[I 2021-04-21 00:19:57,285][0m Trial 235 finished with values: [0.01044, 16.4] with parameters: {'Vahp': -30.5, 'Vth': -28.5, 'Vmax': 30.5, 't_ref': 4.0, 'R': 0.1, 'tau_m': 261.0, 'rate_low': 36.0, 'rate_high': 17.0}.[0m
2021-04-21 00:19:58.283472: I tensorflow/compiler/jit/xla_gpu_device.cc:99] Not creating XLA devices, tf_xla_enable_xla_devices not set
maxFreq at 10nA: 999.0
2021-04-21 00:20:45.655275: I tensorflow/compiler/jit/xla_gpu_device.cc:99] Not creating XLA devices, tf_xla_enable_xla_devices not set
2021-04-21 00:21:21.138478: I tensorflow/compiler/jit/xla_gpu_device.cc:99] Not creating XLA devices, tf_xla_enable_xla_devices not set
mse and spike frequency: 0.09995 0.0
[32m[I 2021-04-21 00:21:55,577][0m Trial 236 finished with values: [0.09995, 0.0] with parameters: {'Vahp': -28.0, 'Vth': -41.0, 'Vmax': 40.0, 't_ref': 20.0, 'R': 0.4, 'tau_m': 410.0, 'rate_low': 9.5, 'rate_high': 34.0}.[0m
2021-04-21 00:21:56.589383: I tensorflow/compiler/jit/xla_gpu_device.cc:99] Not creating XLA devices, tf_xla_enable_xla_devices not set
maxFreq at 10nA: 1000.0
2021-04-21 00:22:44.204486: I tensorflow/compiler/jit/xla_gpu_device.cc:99] Not creating XLA devices, tf_xla_enable_xla_devices not set
2021-04-21 00:23:18.837283: I tensorflow/compiler/jit/xla_gpu_device.cc:99] Not creating XLA devices, tf_xla_enable_xla_devices not set
mse and spike frequency: 0.09996 1000.1
[32m[I 2021-04-21 00:23:52,355][0m Trial 237 finished with values: [0.09996, 1000.1] with parameters: {'Vahp': -36.5, 'Vth': -58.5, 'Vmax': 40.0, 't_ref': 4.0, 'R': 0.6, 'tau_m': 298.0, 'rate_low': 36.0, 'rate_high': 29.5}.[0m
2021-04-21 00:23:53.270414: I tensorflow/compiler/jit/xla_gpu_device.cc:99] Not creating XLA devices, tf_xla_enable_xla_devices not set
maxFreq at 10nA: 1000.0
2021-04-21 00:24:40.831591: I tensorflow/compiler/jit/xla_gpu_device.cc:99] Not creating XLA devices, tf_xla_enable_xla_devices not set
2021-04-21 00:25:15.510214: I tensorflow/compiler/jit/xla_gpu_device.cc:99] Not creating XLA devices, tf_xla_enable_xla_devices not set
mse and spike frequency: 0.09995 0.0
[32m[I 2021-04-21 00:25:49,213][0m Trial 238 finished with values: [0.09995, 0.0] with parameters: {'Vahp': -25.0, 'Vth': -57.5, 'Vmax': 29.0, 't_ref': 10.5, 'R': 0.8, 'tau_m': 97.5, 'rate_low': 22.0, 'rate_high': 35.0}.[0m
2021-04-21 00:25:50.186057: I tensorflow/compiler/jit/xla_gpu_device.cc:99] Not creating XLA devices, tf_xla_enable_xla_devices not set
maxFreq at 10nA: 1000.0
2021-04-21 00:26:36.543617: I tensorflow/compiler/jit/xla_gpu_device.cc:99] Not creating XLA devices, tf_xla_enable_xla_devices not set
2021-04-21 00:27:11.916701: I tensorflow/compiler/jit/xla_gpu_device.cc:99] Not creating XLA devices, tf_xla_enable_xla_devices not set
mse and spike frequency: 0.09995 0.0
[32m[I 2021-04-21 00:27:46,877][0m Trial 239 finished with values: [0.09995, 0.0] with parameters: {'Vahp': -21.0, 'Vth': -51.0, 'Vmax': 20.0, 't_ref': 9.0, 'R': 1.0, 'tau_m': 97.5, 'rate_low': 20.0, 'rate_high': 35.0}.[0m
2021-04-21 00:27:47.817217: I tensorflow/compiler/jit/xla_gpu_device.cc:99] Not creating XLA devices, tf_xla_enable_xla_devices not set
maxFreq at 10nA: 1000.0
2021-04-21 00:28:35.487260: I tensorflow/compiler/jit/xla_gpu_device.cc:99] Not creating XLA devices, tf_xla_enable_xla_devices not set
2021-04-21 00:29:11.272509: I tensorflow/compiler/jit/xla_gpu_device.cc:99] Not creating XLA devices, tf_xla_enable_xla_devices not set
mse and spike frequency: 0.09995 0.0
[32m[I 2021-04-21 00:29:45,858][0m Trial 240 finished with values: [0.09995, 0.0] with parameters: {'Vahp': -21.0, 'Vth': -41.0, 'Vmax': 34.5, 't_ref': 5.0, 'R': 0.7000000000000001, 'tau_m': 211.5, 'rate_low': 17.5, 'rate_high': 10.0}.[0m
2021-04-21 00:29:46.785651: I tensorflow/compiler/jit/xla_gpu_device.cc:99] Not creating XLA devices, tf_xla_enable_xla_devices not set
maxFreq at 10nA: 1000.0
2021-04-21 00:30:34.425302: I tensorflow/compiler/jit/xla_gpu_device.cc:99] Not creating XLA devices, tf_xla_enable_xla_devices not set
2021-04-21 00:31:10.213050: I tensorflow/compiler/jit/xla_gpu_device.cc:99] Not creating XLA devices, tf_xla_enable_xla_devices not set
mse and spike frequency: 0.09995 0.0
[32m[I 2021-04-21 00:31:44,059][0m Trial 241 finished with values: [0.09995, 0.0] with parameters: {'Vahp': -25.0, 'Vth': -48.0, 'Vmax': 38.0, 't_ref': 6.0, 'R': 0.6, 'tau_m': 97.5, 'rate_low': 17.5, 'rate_high': 41.5}.[0m
2021-04-21 00:31:44.987547: I tensorflow/compiler/jit/xla_gpu_device.cc:99] Not creating XLA devices, tf_xla_enable_xla_devices not set
maxFreq at 10nA: 996.0
2021-04-21 00:32:32.544501: I tensorflow/compiler/jit/xla_gpu_device.cc:99] Not creating XLA devices, tf_xla_enable_xla_devices not set
2021-04-21 00:33:09.297096: I tensorflow/compiler/jit/xla_gpu_device.cc:99] Not creating XLA devices, tf_xla_enable_xla_devices not set
mse and spike frequency: 0.09995 0.0
[32m[I 2021-04-21 00:33:43,070][0m Trial 242 finished with values: [0.09995, 0.0] with parameters: {'Vahp': -20.0, 'Vth': -49.5, 'Vmax': 22.5, 't_ref': 16.5, 'R': 0.1, 'tau_m': 459.0, 'rate_low': 48.5, 'rate_high': 49.5}.[0m
2021-04-21 00:33:44.040883: I tensorflow/compiler/jit/xla_gpu_device.cc:99] Not creating XLA devices, tf_xla_enable_xla_devices not set
maxFreq at 10nA: 999.0
2021-04-21 00:34:31.231377: I tensorflow/compiler/jit/xla_gpu_device.cc:99] Not creating XLA devices, tf_xla_enable_xla_devices not set
2021-04-21 00:35:07.997620: I tensorflow/compiler/jit/xla_gpu_device.cc:99] Not creating XLA devices, tf_xla_enable_xla_devices not set
mse and spike frequency: 0.09995 0.0
[32m[I 2021-04-21 00:35:41,707][0m Trial 243 finished with values: [0.09995, 0.0] with parameters: {'Vahp': -20.0, 'Vth': -45.5, 'Vmax': 14.0, 't_ref': 5.0, 'R': 0.1, 'tau_m': 97.5, 'rate_low': 49.0, 'rate_high': 49.5}.[0m
2021-04-21 00:35:42.621615: I tensorflow/compiler/jit/xla_gpu_device.cc:99] Not creating XLA devices, tf_xla_enable_xla_devices not set
maxFreq at 10nA: 72.0
2021-04-21 00:36:29.592850: I tensorflow/compiler/jit/xla_gpu_device.cc:99] Not creating XLA devices, tf_xla_enable_xla_devices not set
2021-04-21 00:37:06.591991: I tensorflow/compiler/jit/xla_gpu_device.cc:99] Not creating XLA devices, tf_xla_enable_xla_devices not set
mse and spike frequency: 0.00745 9.36
