[32m[I 2021-04-20 21:16:48,626][0m Trial 113 finished with values: [0.09995, 0.0] with parameters: {'Vahp': -52.5, 'Vth': -54.5, 'Vmax': 24.0, 't_ref': 5.5, 'R': 0.6, 'tau_m': 343.5, 'R_adp': 0.8, 'tau_w': 476.5, 'a': 74.0, 'rate_low': 1.0, 'rate_high': 33.5}.[0m
2021-04-20 21:16:49.227784: I tensorflow/compiler/jit/xla_gpu_device.cc:99] Not creating XLA devices, tf_xla_enable_xla_devices not set
maxFreq at 10nA: 1000.0
2021-04-20 21:17:20.078515: I tensorflow/compiler/jit/xla_gpu_device.cc:99] Not creating XLA devices, tf_xla_enable_xla_devices not set
2021-04-20 21:17:37.986196: I tensorflow/compiler/jit/xla_gpu_device.cc:99] Not creating XLA devices, tf_xla_enable_xla_devices not set
mse and spike frequency: 0.09995 0.0
[32m[I 2021-04-20 21:17:55,210][0m Trial 114 finished with values: [0.09995, 0.0] with parameters: {'Vahp': -41.0, 'Vth': -43.5, 'Vmax': 12.5, 't_ref': 7.5, 'R': 0.8, 'tau_m': 223.5, 'R_adp': 1.0, 'tau_w': 406.0, 'a': 171.0, 'rate_low': 4.0, 'rate_high': 28.0}.[0m
2021-04-20 21:17:55.842115: I tensorflow/compiler/jit/xla_gpu_device.cc:99] Not creating XLA devices, tf_xla_enable_xla_devices not set
maxFreq at 10nA: 991.0
2021-04-20 21:18:27.020571: I tensorflow/compiler/jit/xla_gpu_device.cc:99] Not creating XLA devices, tf_xla_enable_xla_devices not set
2021-04-20 21:18:44.554641: I tensorflow/compiler/jit/xla_gpu_device.cc:99] Not creating XLA devices, tf_xla_enable_xla_devices not set
mse and spike frequency: 0.09995 0.0
[32m[I 2021-04-20 21:19:02,568][0m Trial 115 finished with values: [0.09995, 0.0] with parameters: {'Vahp': -22.5, 'Vth': -29.0, 'Vmax': 21.5, 't_ref': 2.5, 'R': 0.1, 'tau_m': 305.0, 'R_adp': 0.1, 'tau_w': 146.0, 'a': 475.5, 'rate_low': 2.5, 'rate_high': 25.5}.[0m
2021-04-20 21:19:03.149300: I tensorflow/compiler/jit/xla_gpu_device.cc:99] Not creating XLA devices, tf_xla_enable_xla_devices not set
maxFreq at 10nA: 1000.0
2021-04-20 21:19:34.029252: I tensorflow/compiler/jit/xla_gpu_device.cc:99] Not creating XLA devices, tf_xla_enable_xla_devices not set
2021-04-20 21:19:51.620519: I tensorflow/compiler/jit/xla_gpu_device.cc:99] Not creating XLA devices, tf_xla_enable_xla_devices not set
mse and spike frequency: 0.09995 0.0
[32m[I 2021-04-20 21:20:09,764][0m Trial 116 finished with values: [0.09995, 0.0] with parameters: {'Vahp': -48.5, 'Vth': -54.0, 'Vmax': 24.5, 't_ref': 20.0, 'R': 0.30000000000000004, 'tau_m': 303.5, 'R_adp': 1.0, 'tau_w': 80.5, 'a': 38.0, 'rate_low': 20.0, 'rate_high': 37.0}.[0m
2021-04-20 21:20:10.425444: I tensorflow/compiler/jit/xla_gpu_device.cc:99] Not creating XLA devices, tf_xla_enable_xla_devices not set
maxFreq at 10nA: 999.0
2021-04-20 21:20:41.786628: I tensorflow/compiler/jit/xla_gpu_device.cc:99] Not creating XLA devices, tf_xla_enable_xla_devices not set
2021-04-20 21:20:59.794291: I tensorflow/compiler/jit/xla_gpu_device.cc:99] Not creating XLA devices, tf_xla_enable_xla_devices not set
mse and spike frequency: 0.09995 0.0
[32m[I 2021-04-20 21:21:18,160][0m Trial 117 finished with values: [0.09995, 0.0] with parameters: {'Vahp': -31.5, 'Vth': -43.5, 'Vmax': 28.5, 't_ref': 2.5, 'R': 0.30000000000000004, 'tau_m': 266.5, 'R_adp': 0.6, 'tau_w': 156.5, 'a': 283.5, 'rate_low': 46.5, 'rate_high': 47.0}.[0m
2021-04-20 21:21:18.749407: I tensorflow/compiler/jit/xla_gpu_device.cc:99] Not creating XLA devices, tf_xla_enable_xla_devices not set
maxFreq at 10nA: 72.0
2021-04-20 21:21:49.839668: I tensorflow/compiler/jit/xla_gpu_device.cc:99] Not creating XLA devices, tf_xla_enable_xla_devices not set
2021-04-20 21:22:08.484526: I tensorflow/compiler/jit/xla_gpu_device.cc:99] Not creating XLA devices, tf_xla_enable_xla_devices not set
mse and spike frequency: 0.01224 5.85
[32m[I 2021-04-20 21:22:27,053][0m Trial 118 finished with values: [0.01224, 5.85] with parameters: {'Vahp': -48.5, 'Vth': -43.5, 'Vmax': 28.5, 't_ref': 13.0, 'R': 0.30000000000000004, 'tau_m': 266.5, 'R_adp': 1.0, 'tau_w': 80.5, 'a': 283.5, 'rate_low': 46.5, 'rate_high': 47.0}.[0m
2021-04-20 21:22:27.662963: I tensorflow/compiler/jit/xla_gpu_device.cc:99] Not creating XLA devices, tf_xla_enable_xla_devices not set
maxFreq at 10nA: 1000.0
2021-04-20 21:22:59.968214: I tensorflow/compiler/jit/xla_gpu_device.cc:99] Not creating XLA devices, tf_xla_enable_xla_devices not set
2021-04-20 21:23:19.328657: I tensorflow/compiler/jit/xla_gpu_device.cc:99] Not creating XLA devices, tf_xla_enable_xla_devices not set
mse and spike frequency: 0.09995 0.0
[32m[I 2021-04-20 21:23:37,717][0m Trial 119 finished with values: [0.09995, 0.0] with parameters: {'Vahp': -31.0, 'Vth': -37.5, 'Vmax': 24.0, 't_ref': 9.5, 'R': 0.4, 'tau_m': 106.5, 'R_adp': 0.8, 'tau_w': 288.0, 'a': 143.5, 'rate_low': 6.0, 'rate_high': 12.5}.[0m
2021-04-20 21:23:38.298032: I tensorflow/compiler/jit/xla_gpu_device.cc:99] Not creating XLA devices, tf_xla_enable_xla_devices not set
maxFreq at 10nA: 1000.0
2021-04-20 21:24:09.818187: I tensorflow/compiler/jit/xla_gpu_device.cc:99] Not creating XLA devices, tf_xla_enable_xla_devices not set
2021-04-20 21:24:28.829182: I tensorflow/compiler/jit/xla_gpu_device.cc:99] Not creating XLA devices, tf_xla_enable_xla_devices not set
mse and spike frequency: 0.09995 0.0
[32m[I 2021-04-20 21:24:47,113][0m Trial 120 finished with values: [0.09995, 0.0] with parameters: {'Vahp': -22.0, 'Vth': -22.5, 'Vmax': 13.0, 't_ref': 2.5, 'R': 0.6, 'tau_m': 134.0, 'R_adp': 0.8, 'tau_w': 135.5, 'a': 104.0, 'rate_low': 9.0, 'rate_high': 8.5}.[0m
2021-04-20 21:24:47.715263: I tensorflow/compiler/jit/xla_gpu_device.cc:99] Not creating XLA devices, tf_xla_enable_xla_devices not set
maxFreq at 10nA: 998.0
2021-04-20 21:25:19.161818: I tensorflow/compiler/jit/xla_gpu_device.cc:99] Not creating XLA devices, tf_xla_enable_xla_devices not set
2021-04-20 21:25:38.421924: I tensorflow/compiler/jit/xla_gpu_device.cc:99] Not creating XLA devices, tf_xla_enable_xla_devices not set
mse and spike frequency: 0.09995 0.0
[32m[I 2021-04-20 21:25:56,471][0m Trial 121 finished with values: [0.09995, 0.0] with parameters: {'Vahp': -22.5, 'Vth': -25.5, 'Vmax': 21.0, 't_ref': 5.5, 'R': 0.2, 'tau_m': 153.5, 'R_adp': 0.7000000000000001, 'tau_w': 146.0, 'a': 239.0, 'rate_low': 33.0, 'rate_high': 44.5}.[0m
2021-04-20 21:25:57.077256: I tensorflow/compiler/jit/xla_gpu_device.cc:99] Not creating XLA devices, tf_xla_enable_xla_devices not set
maxFreq at 10nA: 49.0
2021-04-20 21:26:28.793647: I tensorflow/compiler/jit/xla_gpu_device.cc:99] Not creating XLA devices, tf_xla_enable_xla_devices not set
2021-04-20 21:26:48.287413: I tensorflow/compiler/jit/xla_gpu_device.cc:99] Not creating XLA devices, tf_xla_enable_xla_devices not set
mse and spike frequency: 0.10057 4.62
[32m[I 2021-04-20 21:27:06,392][0m Trial 122 finished with values: [0.10057, 4.62] with parameters: {'Vahp': -55.0, 'Vth': -46.0, 'Vmax': 27.5, 't_ref': 18.5, 'R': 0.6, 'tau_m': 157.5, 'R_adp': 1.0, 'tau_w': 279.5, 'a': 426.0, 'rate_low': 42.0, 'rate_high': 46.5}.[0m
2021-04-20 21:27:06.975178: I tensorflow/compiler/jit/xla_gpu_device.cc:99] Not creating XLA devices, tf_xla_enable_xla_devices not set
maxFreq at 10nA: 998.0
2021-04-20 21:27:38.773571: I tensorflow/compiler/jit/xla_gpu_device.cc:99] Not creating XLA devices, tf_xla_enable_xla_devices not set
2021-04-20 21:27:57.766756: I tensorflow/compiler/jit/xla_gpu_device.cc:99] Not creating XLA devices, tf_xla_enable_xla_devices not set
mse and spike frequency: 0.09995 0.0
[32m[I 2021-04-20 21:28:16,197][0m Trial 123 finished with values: [0.09995, 0.0] with parameters: {'Vahp': -23.0, 'Vth': -25.0, 'Vmax': 11.0, 't_ref': 5.5, 'R': 0.2, 'tau_m': 153.5, 'R_adp': 0.30000000000000004, 'tau_w': 167.0, 'a': 280.5, 'rate_low': 33.0, 'rate_high': 44.5}.[0m
2021-04-20 21:28:16.808870: I tensorflow/compiler/jit/xla_gpu_device.cc:99] Not creating XLA devices, tf_xla_enable_xla_devices not set
maxFreq at 10nA: 997.0
2021-04-20 21:28:48.792069: I tensorflow/compiler/jit/xla_gpu_device.cc:99] Not creating XLA devices, tf_xla_enable_xla_devices not set
2021-04-20 21:29:08.066903: I tensorflow/compiler/jit/xla_gpu_device.cc:99] Not creating XLA devices, tf_xla_enable_xla_devices not set
mse and spike frequency: 0.09995 0.0
[32m[I 2021-04-20 21:29:26,746][0m Trial 124 finished with values: [0.09995, 0.0] with parameters: {'Vahp': -22.0, 'Vth': -22.5, 'Vmax': 28.5, 't_ref': 3.0, 'R': 0.30000000000000004, 'tau_m': 266.5, 'R_adp': 0.5, 'tau_w': 156.5, 'a': 283.5, 'rate_low': 4.0, 'rate_high': 8.5}.[0m
2021-04-20 21:29:27.366995: I tensorflow/compiler/jit/xla_gpu_device.cc:99] Not creating XLA devices, tf_xla_enable_xla_devices not set
maxFreq at 10nA: 1000.0
2021-04-20 21:29:58.532922: I tensorflow/compiler/jit/xla_gpu_device.cc:99] Not creating XLA devices, tf_xla_enable_xla_devices not set
2021-04-20 21:30:18.223496: I tensorflow/compiler/jit/xla_gpu_device.cc:99] Not creating XLA devices, tf_xla_enable_xla_devices not set
mse and spike frequency: 0.09995 0.0
[32m[I 2021-04-20 21:30:37,238][0m Trial 125 finished with values: [0.09995, 0.0] with parameters: {'Vahp': -35.0, 'Vth': -52.5, 'Vmax': 26.5, 't_ref': 17.0, 'R': 1.0, 'tau_m': 116.5, 'R_adp': 0.5, 'tau_w': 498.5, 'a': 388.5, 'rate_low': 20.0, 'rate_high': 43.5}.[0m
2021-04-20 21:30:37.859267: I tensorflow/compiler/jit/xla_gpu_device.cc:99] Not creating XLA devices, tf_xla_enable_xla_devices not set
maxFreq at 10nA: 1000.0
2021-04-20 21:31:09.460030: I tensorflow/compiler/jit/xla_gpu_device.cc:99] Not creating XLA devices, tf_xla_enable_xla_devices not set
2021-04-20 21:31:29.453064: I tensorflow/compiler/jit/xla_gpu_device.cc:99] Not creating XLA devices, tf_xla_enable_xla_devices not set
mse and spike frequency: 0.09995 0.0
[32m[I 2021-04-20 21:31:48,142][0m Trial 126 finished with values: [0.09995, 0.0] with parameters: {'Vahp': -30.0, 'Vth': -47.0, 'Vmax': 24.5, 't_ref': 5.5, 'R': 0.7000000000000001, 'tau_m': 478.5, 'R_adp': 0.5, 'tau_w': 88.0, 'a': 418.5, 'rate_low': 46.0, 'rate_high': 43.0}.[0m
2021-04-20 21:31:48.823038: I tensorflow/compiler/jit/xla_gpu_device.cc:99] Not creating XLA devices, tf_xla_enable_xla_devices not set
maxFreq at 10nA: 1000.0
2021-04-20 21:32:20.527272: I tensorflow/compiler/jit/xla_gpu_device.cc:99] Not creating XLA devices, tf_xla_enable_xla_devices not set
2021-04-20 21:32:40.583239: I tensorflow/compiler/jit/xla_gpu_device.cc:99] Not creating XLA devices, tf_xla_enable_xla_devices not set
mse and spike frequency: 0.09995 0.0
[32m[I 2021-04-20 21:32:59,479][0m Trial 127 finished with values: [0.09995, 0.0] with parameters: {'Vahp': -28.0, 'Vth': -45.5, 'Vmax': 27.5, 't_ref': 15.5, 'R': 0.6, 'tau_m': 116.5, 'R_adp': 0.9, 'tau_w': 384.5, 'a': 418.5, 'rate_low': 40.5, 'rate_high': 43.0}.[0m
2021-04-20 21:33:00.153736: I tensorflow/compiler/jit/xla_gpu_device.cc:99] Not creating XLA devices, tf_xla_enable_xla_devices not set
maxFreq at 10nA: 32.0
2021-04-20 21:33:31.794891: I tensorflow/compiler/jit/xla_gpu_device.cc:99] Not creating XLA devices, tf_xla_enable_xla_devices not set
2021-04-20 21:33:52.623742: I tensorflow/compiler/jit/xla_gpu_device.cc:99] Not creating XLA devices, tf_xla_enable_xla_devices not set
mse and spike frequency: 0.07263 0.71
[32m[I 2021-04-20 21:34:11,736][0m Trial 128 finished with values: [0.07263, 0.71] with parameters: {'Vahp': -51.5, 'Vth': -34.0, 'Vmax': 12.5, 't_ref': 9.0, 'R': 0.30000000000000004, 'tau_m': 430.0, 'R_adp': 1.0, 'tau_w': 500.0, 'a': 242.0, 'rate_low': 27.5, 'rate_high': 9.0}.[0m
2021-04-20 21:34:12.350623: I tensorflow/compiler/jit/xla_gpu_device.cc:99] Not creating XLA devices, tf_xla_enable_xla_devices not set
maxFreq at 10nA: 997.0
2021-04-20 21:34:43.928224: I tensorflow/compiler/jit/xla_gpu_device.cc:99] Not creating XLA devices, tf_xla_enable_xla_devices not set
2021-04-20 21:35:05.171012: I tensorflow/compiler/jit/xla_gpu_device.cc:99] Not creating XLA devices, tf_xla_enable_xla_devices not set
mse and spike frequency: 0.09995 0.0
[32m[I 2021-04-20 21:35:25,073][0m Trial 129 finished with values: [0.09995, 0.0] with parameters: {'Vahp': -31.0, 'Vth': -37.5, 'Vmax': 24.0, 't_ref': 16.5, 'R': 0.1, 'tau_m': 180.5, 'R_adp': 0.8, 'tau_w': 288.0, 'a': 475.5, 'rate_low': 31.5, 'rate_high': 25.5}.[0m
2021-04-20 21:35:25.753426: I tensorflow/compiler/jit/xla_gpu_device.cc:99] Not creating XLA devices, tf_xla_enable_xla_devices not set
maxFreq at 10nA: 1000.0
2021-04-20 21:35:57.669734: I tensorflow/compiler/jit/xla_gpu_device.cc:99] Not creating XLA devices, tf_xla_enable_xla_devices not set
2021-04-20 21:36:19.473004: I tensorflow/compiler/jit/xla_gpu_device.cc:99] Not creating XLA devices, tf_xla_enable_xla_devices not set
mse and spike frequency: 0.09995 0.0
[32m[I 2021-04-20 21:36:39,430][0m Trial 130 finished with values: [0.09995, 0.0] with parameters: {'Vahp': -34.5, 'Vth': -48.0, 'Vmax': 23.0, 't_ref': 5.0, 'R': 0.6, 'tau_m': 43.5, 'R_adp': 0.6, 'tau_w': 488.5, 'a': 326.5, 'rate_low': 17.5, 'rate_high': 46.0}.[0m
2021-04-20 21:36:40.095582: I tensorflow/compiler/jit/xla_gpu_device.cc:99] Not creating XLA devices, tf_xla_enable_xla_devices not set
maxFreq at 10nA: 1000.0
2021-04-20 21:37:12.760515: I tensorflow/compiler/jit/xla_gpu_device.cc:99] Not creating XLA devices, tf_xla_enable_xla_devices not set
2021-04-20 21:37:34.889574: I tensorflow/compiler/jit/xla_gpu_device.cc:99] Not creating XLA devices, tf_xla_enable_xla_devices not set
mse and spike frequency: 0.09995 0.0
[32m[I 2021-04-20 21:37:55,151][0m Trial 131 finished with values: [0.09995, 0.0] with parameters: {'Vahp': -35.0, 'Vth': -54.0, 'Vmax': 24.5, 't_ref': 17.0, 'R': 0.7000000000000001, 'tau_m': 116.5, 'R_adp': 0.5, 'tau_w': 318.0, 'a': 418.5, 'rate_low': 20.0, 'rate_high': 29.0}.[0m
2021-04-20 21:37:55.790138: I tensorflow/compiler/jit/xla_gpu_device.cc:99] Not creating XLA devices, tf_xla_enable_xla_devices not set
maxFreq at 10nA: 999.0
2021-04-20 21:38:28.542367: I tensorflow/compiler/jit/xla_gpu_device.cc:99] Not creating XLA devices, tf_xla_enable_xla_devices not set
2021-04-20 21:38:50.824823: I tensorflow/compiler/jit/xla_gpu_device.cc:99] Not creating XLA devices, tf_xla_enable_xla_devices not set
mse and spike frequency: 0.09995 0.0
[32m[I 2021-04-20 21:39:11,184][0m Trial 132 finished with values: [0.09995, 0.0] with parameters: {'Vahp': -28.0, 'Vth': -43.0, 'Vmax': 12.5, 't_ref': 5.5, 'R': 0.6, 'tau_m': 478.5, 'R_adp': 0.5, 'tau_w': 88.0, 'a': 38.0, 'rate_low': 20.0, 'rate_high': 43.0}.[0m
2021-04-20 21:39:11.857607: I tensorflow/compiler/jit/xla_gpu_device.cc:99] Not creating XLA devices, tf_xla_enable_xla_devices not set
maxFreq at 10nA: 999.0
2021-04-20 21:39:44.522160: I tensorflow/compiler/jit/xla_gpu_device.cc:99] Not creating XLA devices, tf_xla_enable_xla_devices not set
2021-04-20 21:40:05.787974: I tensorflow/compiler/jit/xla_gpu_device.cc:99] Not creating XLA devices, tf_xla_enable_xla_devices not set
mse and spike frequency: 0.09995 0.0
[32m[I 2021-04-20 21:40:25,974][0m Trial 133 finished with values: [0.09995, 0.0] with parameters: {'Vahp': -23.0, 'Vth': -40.0, 'Vmax': 38.0, 't_ref': 16.5, 'R': 0.2, 'tau_m': 180.5, 'R_adp': 0.7000000000000001, 'tau_w': 288.0, 'a': 263.5, 'rate_low': 31.5, 'rate_high': 36.0}.[0m
2021-04-20 21:40:26.627548: I tensorflow/compiler/jit/xla_gpu_device.cc:99] Not creating XLA devices, tf_xla_enable_xla_devices not set
maxFreq at 10nA: 1000.0
2021-04-20 21:40:59.491758: I tensorflow/compiler/jit/xla_gpu_device.cc:99] Not creating XLA devices, tf_xla_enable_xla_devices not set
2021-04-20 21:41:20.726365: I tensorflow/compiler/jit/xla_gpu_device.cc:99] Not creating XLA devices, tf_xla_enable_xla_devices not set
mse and spike frequency: 0.09995 0.0
[32m[I 2021-04-20 21:41:41,268][0m Trial 134 finished with values: [0.09995, 0.0] with parameters: {'Vahp': -23.5, 'Vth': -40.0, 'Vmax': 38.0, 't_ref': 17.0, 'R': 0.7000000000000001, 'tau_m': 116.5, 'R_adp': 0.5, 'tau_w': 309.0, 'a': 418.5, 'rate_low': 20.0, 'rate_high': 43.0}.[0m
2021-04-20 21:41:41.893956: I tensorflow/compiler/jit/xla_gpu_device.cc:99] Not creating XLA devices, tf_xla_enable_xla_devices not set
maxFreq at 10nA: 999.0
2021-04-20 21:42:15.256073: I tensorflow/compiler/jit/xla_gpu_device.cc:99] Not creating XLA devices, tf_xla_enable_xla_devices not set
2021-04-20 21:42:36.402747: I tensorflow/compiler/jit/xla_gpu_device.cc:99] Not creating XLA devices, tf_xla_enable_xla_devices not set
mse and spike frequency: 0.09995 0.0
[32m[I 2021-04-20 21:42:57,139][0m Trial 135 finished with values: [0.09995, 0.0] with parameters: {'Vahp': -22.0, 'Vth': -22.5, 'Vmax': 35.0, 't_ref': 5.0, 'R': 0.6, 'tau_m': 241.0, 'R_adp': 0.6, 'tau_w': 293.5, 'a': 410.0, 'rate_low': 24.5, 'rate_high': 25.5}.[0m
2021-04-20 21:42:57.781388: I tensorflow/compiler/jit/xla_gpu_device.cc:99] Not creating XLA devices, tf_xla_enable_xla_devices not set
maxFreq at 10nA: 93.0
2021-04-20 21:43:30.813192: I tensorflow/compiler/jit/xla_gpu_device.cc:99] Not creating XLA devices, tf_xla_enable_xla_devices not set
2021-04-20 21:43:52.166694: I tensorflow/compiler/jit/xla_gpu_device.cc:99] Not creating XLA devices, tf_xla_enable_xla_devices not set
mse and spike frequency: 0.07427 1.08
[32m[I 2021-04-20 21:44:12,944][0m Trial 136 finished with values: [0.07427, 1.08] with parameters: {'Vahp': -52.5, 'Vth': -25.5, 'Vmax': 21.5, 't_ref': 7.0, 'R': 0.5, 'tau_m': 379.5, 'R_adp': 0.30000000000000004, 'tau_w': 146.0, 'a': 475.5, 'rate_low': 2.5, 'rate_high': 25.5}.[0m
2021-04-20 21:44:13.615120: I tensorflow/compiler/jit/xla_gpu_device.cc:99] Not creating XLA devices, tf_xla_enable_xla_devices not set
maxFreq at 10nA: 1000.0
2021-04-20 21:44:46.743962: I tensorflow/compiler/jit/xla_gpu_device.cc:99] Not creating XLA devices, tf_xla_enable_xla_devices not set
2021-04-20 21:45:08.253404: I tensorflow/compiler/jit/xla_gpu_device.cc:99] Not creating XLA devices, tf_xla_enable_xla_devices not set
mse and spike frequency: 0.09995 0.0
[32m[I 2021-04-20 21:45:28,873][0m Trial 137 finished with values: [0.09995, 0.0] with parameters: {'Vahp': -35.0, 'Vth': -52.5, 'Vmax': 39.5, 't_ref': 17.0, 'R': 0.7000000000000001, 'tau_m': 116.5, 'R_adp': 0.2, 'tau_w': 299.0, 'a': 418.5, 'rate_low': 20.0, 'rate_high': 39.5}.[0m
2021-04-20 21:45:29.555971: I tensorflow/compiler/jit/xla_gpu_device.cc:99] Not creating XLA devices, tf_xla_enable_xla_devices not set
maxFreq at 10nA: 250.0
2021-04-20 21:46:03.342823: I tensorflow/compiler/jit/xla_gpu_device.cc:99] Not creating XLA devices, tf_xla_enable_xla_devices not set
2021-04-20 21:46:24.625201: I tensorflow/compiler/jit/xla_gpu_device.cc:99] Not creating XLA devices, tf_xla_enable_xla_devices not set
mse and spike frequency: 0.04571 13.01
[32m[I 2021-04-20 21:46:45,115][0m Trial 138 finished with values: [0.04571, 13.01] with parameters: {'Vahp': -28.5, 'Vth': -22.5, 'Vmax': 27.5, 't_ref': 2.5, 'R': 0.6, 'tau_m': 134.0, 'R_adp': 0.8, 'tau_w': 127.5, 'a': 104.0, 'rate_low': 25.5, 'rate_high': 39.5}.[0m
2021-04-20 21:46:45.798819: I tensorflow/compiler/jit/xla_gpu_device.cc:99] Not creating XLA devices, tf_xla_enable_xla_devices not set
maxFreq at 10nA: 199.0
2021-04-20 21:47:19.123817: I tensorflow/compiler/jit/xla_gpu_device.cc:99] Not creating XLA devices, tf_xla_enable_xla_devices not set
2021-04-20 21:47:40.774428: I tensorflow/compiler/jit/xla_gpu_device.cc:99] Not creating XLA devices, tf_xla_enable_xla_devices not set
mse and spike frequency: 0.05898 2.76
[32m[I 2021-04-20 21:48:01,148][0m Trial 139 finished with values: [0.05898, 2.76] with parameters: {'Vahp': -29.5, 'Vth': -22.5, 'Vmax': 11.0, 't_ref': 2.5, 'R': 0.1, 'tau_m': 153.5, 'R_adp': 0.30000000000000004, 'tau_w': 67.5, 'a': 9.5, 'rate_low': 9.5, 'rate_high': 48.0}.[0m
2021-04-20 21:48:01.806643: I tensorflow/compiler/jit/xla_gpu_device.cc:99] Not creating XLA devices, tf_xla_enable_xla_devices not set
maxFreq at 10nA: 1000.0
2021-04-20 21:48:34.481659: I tensorflow/compiler/jit/xla_gpu_device.cc:99] Not creating XLA devices, tf_xla_enable_xla_devices not set
2021-04-20 21:48:56.464924: I tensorflow/compiler/jit/xla_gpu_device.cc:99] Not creating XLA devices, tf_xla_enable_xla_devices not set
mse and spike frequency: 0.09995 0.0
[32m[I 2021-04-20 21:49:17,117][0m Trial 140 finished with values: [0.09995, 0.0] with parameters: {'Vahp': -27.5, 'Vth': -34.0, 'Vmax': 12.5, 't_ref': 2.0, 'R': 1.0, 'tau_m': 312.5, 'R_adp': 0.1, 'tau_w': 17.5, 'a': 137.5, 'rate_low': 37.0, 'rate_high': 40.0}.[0m
2021-04-20 21:49:17.792239: I tensorflow/compiler/jit/xla_gpu_device.cc:99] Not creating XLA devices, tf_xla_enable_xla_devices not set
maxFreq at 10nA: 1000.0
2021-04-20 21:49:51.510088: I tensorflow/compiler/jit/xla_gpu_device.cc:99] Not creating XLA devices, tf_xla_enable_xla_devices not set
2021-04-20 21:50:13.403526: I tensorflow/compiler/jit/xla_gpu_device.cc:99] Not creating XLA devices, tf_xla_enable_xla_devices not set
mse and spike frequency: 0.09995 0.0
[32m[I 2021-04-20 21:50:34,196][0m Trial 141 finished with values: [0.09995, 0.0] with parameters: {'Vahp': -22.0, 'Vth': -34.0, 'Vmax': 12.5, 't_ref': 2.0, 'R': 1.0, 'tau_m': 312.5, 'R_adp': 0.1, 'tau_w': 17.5, 'a': 137.5, 'rate_low': 37.0, 'rate_high': 40.0}.[0m
2021-04-20 21:50:34.920483: I tensorflow/compiler/jit/xla_gpu_device.cc:99] Not creating XLA devices, tf_xla_enable_xla_devices not set
maxFreq at 10nA: 44.0
2021-04-20 21:51:08.130622: I tensorflow/compiler/jit/xla_gpu_device.cc:99] Not creating XLA devices, tf_xla_enable_xla_devices not set
2021-04-20 21:51:30.271259: I tensorflow/compiler/jit/xla_gpu_device.cc:99] Not creating XLA devices, tf_xla_enable_xla_devices not set
mse and spike frequency: 0.02786 2.14
