[32m[I 2021-04-20 20:46:57,110][0m Trial 84 finished with values: [0.09995, 0.0] with parameters: {'Vahp': -44.0, 'Vth': -51.0, 'Vmax': 19.0, 't_ref': 9.5, 'R': 0.7000000000000001, 'tau_m': 106.5, 'R_adp': 0.7000000000000001, 'tau_w': 260.5, 'a': 376.0, 'rate_low': 11.5, 'rate_high': 12.5}.[0m
2021-04-20 20:46:57.642977: I tensorflow/compiler/jit/xla_gpu_device.cc:99] Not creating XLA devices, tf_xla_enable_xla_devices not set
maxFreq at 10nA: 56.0
2021-04-20 20:47:23.769800: I tensorflow/compiler/jit/xla_gpu_device.cc:99] Not creating XLA devices, tf_xla_enable_xla_devices not set
2021-04-20 20:47:39.279316: I tensorflow/compiler/jit/xla_gpu_device.cc:99] Not creating XLA devices, tf_xla_enable_xla_devices not set
mse and spike frequency: 0.17552 4.02
[32m[I 2021-04-20 20:47:53,137][0m Trial 85 finished with values: [0.17552, 4.02] with parameters: {'Vahp': -49.5, 'Vth': -45.5, 'Vmax': 39.5, 't_ref': 17.0, 'R': 0.8, 'tau_m': 116.5, 'R_adp': 1.0, 'tau_w': 127.5, 'a': 238.5, 'rate_low': 3.5, 'rate_high': 39.5}.[0m
2021-04-20 20:47:53.684478: I tensorflow/compiler/jit/xla_gpu_device.cc:99] Not creating XLA devices, tf_xla_enable_xla_devices not set
maxFreq at 10nA: 50.0
2021-04-20 20:48:20.085590: I tensorflow/compiler/jit/xla_gpu_device.cc:99] Not creating XLA devices, tf_xla_enable_xla_devices not set
2021-04-20 20:48:35.494384: I tensorflow/compiler/jit/xla_gpu_device.cc:99] Not creating XLA devices, tf_xla_enable_xla_devices not set
mse and spike frequency: 0.16628 0.55
[32m[I 2021-04-20 20:48:49,564][0m Trial 86 finished with values: [0.16628, 0.55] with parameters: {'Vahp': -53.5, 'Vth': -29.0, 'Vmax': 34.0, 't_ref': 16.0, 'R': 0.4, 'tau_m': 305.0, 'R_adp': 0.30000000000000004, 'tau_w': 398.0, 'a': 475.5, 'rate_low': 0.5, 'rate_high': 25.5}.[0m
2021-04-20 20:48:50.146639: I tensorflow/compiler/jit/xla_gpu_device.cc:99] Not creating XLA devices, tf_xla_enable_xla_devices not set
maxFreq at 10nA: 1000.0
2021-04-20 20:49:16.189834: I tensorflow/compiler/jit/xla_gpu_device.cc:99] Not creating XLA devices, tf_xla_enable_xla_devices not set
2021-04-20 20:49:31.535086: I tensorflow/compiler/jit/xla_gpu_device.cc:99] Not creating XLA devices, tf_xla_enable_xla_devices not set
mse and spike frequency: 0.09995 0.0
[32m[I 2021-04-20 20:49:45,860][0m Trial 87 finished with values: [0.09995, 0.0] with parameters: {'Vahp': -37.0, 'Vth': -46.0, 'Vmax': 27.5, 't_ref': 6.5, 'R': 0.6, 'tau_m': 157.5, 'R_adp': 1.0, 'tau_w': 127.5, 'a': 426.0, 'rate_low': 42.0, 'rate_high': 46.5}.[0m
2021-04-20 20:49:46.401529: I tensorflow/compiler/jit/xla_gpu_device.cc:99] Not creating XLA devices, tf_xla_enable_xla_devices not set
maxFreq at 10nA: 998.0
2021-04-20 20:50:12.441448: I tensorflow/compiler/jit/xla_gpu_device.cc:99] Not creating XLA devices, tf_xla_enable_xla_devices not set
2021-04-20 20:50:28.440820: I tensorflow/compiler/jit/xla_gpu_device.cc:99] Not creating XLA devices, tf_xla_enable_xla_devices not set
mse and spike frequency: 0.09995 0.0
[32m[I 2021-04-20 20:50:43,092][0m Trial 88 finished with values: [0.09995, 0.0] with parameters: {'Vahp': -40.0, 'Vth': -43.5, 'Vmax': 12.5, 't_ref': 14.5, 'R': 0.2, 'tau_m': 371.5, 'R_adp': 1.0, 'tau_w': 484.5, 'a': 171.0, 'rate_low': 5.0, 'rate_high': 13.0}.[0m
2021-04-20 20:50:43.603300: I tensorflow/compiler/jit/xla_gpu_device.cc:99] Not creating XLA devices, tf_xla_enable_xla_devices not set
maxFreq at 10nA: 64.0
2021-04-20 20:51:10.319747: I tensorflow/compiler/jit/xla_gpu_device.cc:99] Not creating XLA devices, tf_xla_enable_xla_devices not set
2021-04-20 20:51:26.401727: I tensorflow/compiler/jit/xla_gpu_device.cc:99] Not creating XLA devices, tf_xla_enable_xla_devices not set
mse and spike frequency: 0.08159 2.62
[32m[I 2021-04-20 20:51:40,855][0m Trial 89 finished with values: [0.08159, 2.62] with parameters: {'Vahp': -48.5, 'Vth': -23.0, 'Vmax': 24.5, 't_ref': 13.0, 'R': 0.6, 'tau_m': 330.5, 'R_adp': 0.30000000000000004, 'tau_w': 473.0, 'a': 380.5, 'rate_low': 20.0, 'rate_high': 37.0}.[0m
2021-04-20 20:51:41.402503: I tensorflow/compiler/jit/xla_gpu_device.cc:99] Not creating XLA devices, tf_xla_enable_xla_devices not set
maxFreq at 10nA: 73.0
2021-04-20 20:52:07.967681: I tensorflow/compiler/jit/xla_gpu_device.cc:99] Not creating XLA devices, tf_xla_enable_xla_devices not set
2021-04-20 20:52:23.987820: I tensorflow/compiler/jit/xla_gpu_device.cc:99] Not creating XLA devices, tf_xla_enable_xla_devices not set
mse and spike frequency: 0.09617 2.67
[32m[I 2021-04-20 20:52:38,744][0m Trial 90 finished with values: [0.09617, 2.67] with parameters: {'Vahp': -52.5, 'Vth': -43.5, 'Vmax': 24.0, 't_ref': 6.0, 'R': 0.1, 'tau_m': 223.5, 'R_adp': 0.2, 'tau_w': 387.0, 'a': 171.0, 'rate_low': 37.0, 'rate_high': 42.5}.[0m
2021-04-20 20:52:39.265276: I tensorflow/compiler/jit/xla_gpu_device.cc:99] Not creating XLA devices, tf_xla_enable_xla_devices not set
maxFreq at 10nA: 48.0
2021-04-20 20:53:05.655173: I tensorflow/compiler/jit/xla_gpu_device.cc:99] Not creating XLA devices, tf_xla_enable_xla_devices not set
2021-04-20 20:53:21.796843: I tensorflow/compiler/jit/xla_gpu_device.cc:99] Not creating XLA devices, tf_xla_enable_xla_devices not set
mse and spike frequency: 3.37829 8.55
[32m[I 2021-04-20 20:53:36,977][0m Trial 91 finished with values: [3.37829, 8.55] with parameters: {'Vahp': -40.0, 'Vth': -39.0, 'Vmax': 25.5, 't_ref': 1.0, 'R': 0.2, 'tau_m': 380.0, 'R_adp': 0.9, 'tau_w': 484.5, 'a': 137.5, 'rate_low': 37.0, 'rate_high': 13.0}.[0m
2021-04-20 20:53:37.575901: I tensorflow/compiler/jit/xla_gpu_device.cc:99] Not creating XLA devices, tf_xla_enable_xla_devices not set
maxFreq at 10nA: 334.0
2021-04-20 20:54:03.638441: I tensorflow/compiler/jit/xla_gpu_device.cc:99] Not creating XLA devices, tf_xla_enable_xla_devices not set
2021-04-20 20:54:19.748131: I tensorflow/compiler/jit/xla_gpu_device.cc:99] Not creating XLA devices, tf_xla_enable_xla_devices not set
mse and spike frequency: 0.01152 29.61
[32m[I 2021-04-20 20:54:35,280][0m Trial 92 finished with values: [0.01152, 29.61] with parameters: {'Vahp': -45.5, 'Vth': -33.0, 'Vmax': 39.0, 't_ref': 2.0, 'R': 1.0, 'tau_m': 312.5, 'R_adp': 0.1, 'tau_w': 466.5, 'a': 137.5, 'rate_low': 37.0, 'rate_high': 40.0}.[0m
2021-04-20 20:54:35.933799: I tensorflow/compiler/jit/xla_gpu_device.cc:99] Not creating XLA devices, tf_xla_enable_xla_devices not set
maxFreq at 10nA: 999.0
2021-04-20 20:55:02.450675: I tensorflow/compiler/jit/xla_gpu_device.cc:99] Not creating XLA devices, tf_xla_enable_xla_devices not set
2021-04-20 20:55:18.809514: I tensorflow/compiler/jit/xla_gpu_device.cc:99] Not creating XLA devices, tf_xla_enable_xla_devices not set
mse and spike frequency: 0.09995 0.0
[32m[I 2021-04-20 20:55:34,470][0m Trial 93 finished with values: [0.09995, 0.0] with parameters: {'Vahp': -31.5, 'Vth': -43.5, 'Vmax': 28.5, 't_ref': 13.0, 'R': 0.30000000000000004, 'tau_m': 351.0, 'R_adp': 0.8, 'tau_w': 156.5, 'a': 283.5, 'rate_low': 46.5, 'rate_high': 38.0}.[0m
2021-04-20 20:55:35.166663: I tensorflow/compiler/jit/xla_gpu_device.cc:99] Not creating XLA devices, tf_xla_enable_xla_devices not set
maxFreq at 10nA: 1000.0
2021-04-20 20:56:02.055903: I tensorflow/compiler/jit/xla_gpu_device.cc:99] Not creating XLA devices, tf_xla_enable_xla_devices not set
2021-04-20 20:56:18.641362: I tensorflow/compiler/jit/xla_gpu_device.cc:99] Not creating XLA devices, tf_xla_enable_xla_devices not set
mse and spike frequency: 0.09995 0.0
[32m[I 2021-04-20 20:56:34,302][0m Trial 94 finished with values: [0.09995, 0.0] with parameters: {'Vahp': -52.5, 'Vth': -54.5, 'Vmax': 24.0, 't_ref': 2.0, 'R': 0.6, 'tau_m': 312.5, 'R_adp': 0.1, 'tau_w': 17.5, 'a': 137.5, 'rate_low': 1.0, 'rate_high': 33.5}.[0m
2021-04-20 20:56:34.905615: I tensorflow/compiler/jit/xla_gpu_device.cc:99] Not creating XLA devices, tf_xla_enable_xla_devices not set
maxFreq at 10nA: 50.0
2021-04-20 20:57:01.431713: I tensorflow/compiler/jit/xla_gpu_device.cc:99] Not creating XLA devices, tf_xla_enable_xla_devices not set
2021-04-20 20:57:17.762962: I tensorflow/compiler/jit/xla_gpu_device.cc:99] Not creating XLA devices, tf_xla_enable_xla_devices not set
mse and spike frequency: 0.01011 19.01
[32m[I 2021-04-20 20:57:33,553][0m Trial 95 finished with values: [0.01011, 19.01] with parameters: {'Vahp': -58.5, 'Vth': -25.0, 'Vmax': 36.5, 't_ref': 18.5, 'R': 1.0, 'tau_m': 107.0, 'R_adp': 0.1, 'tau_w': 17.5, 'a': 137.5, 'rate_low': 37.0, 'rate_high': 45.5}.[0m
2021-04-20 20:57:34.150905: I tensorflow/compiler/jit/xla_gpu_device.cc:99] Not creating XLA devices, tf_xla_enable_xla_devices not set
maxFreq at 10nA: 1000.0
2021-04-20 20:58:01.797973: I tensorflow/compiler/jit/xla_gpu_device.cc:99] Not creating XLA devices, tf_xla_enable_xla_devices not set
2021-04-20 20:58:18.212476: I tensorflow/compiler/jit/xla_gpu_device.cc:99] Not creating XLA devices, tf_xla_enable_xla_devices not set
mse and spike frequency: 0.09995 0.0
[32m[I 2021-04-20 20:58:34,028][0m Trial 96 finished with values: [0.09995, 0.0] with parameters: {'Vahp': -48.5, 'Vth': -54.0, 'Vmax': 24.5, 't_ref': 20.0, 'R': 0.4, 'tau_m': 303.5, 'R_adp': 1.0, 'tau_w': 80.5, 'a': 38.0, 'rate_low': 20.0, 'rate_high': 29.0}.[0m
2021-04-20 20:58:34.578122: I tensorflow/compiler/jit/xla_gpu_device.cc:99] Not creating XLA devices, tf_xla_enable_xla_devices not set
maxFreq at 10nA: 45.0
2021-04-20 20:59:02.195771: I tensorflow/compiler/jit/xla_gpu_device.cc:99] Not creating XLA devices, tf_xla_enable_xla_devices not set
2021-04-20 20:59:18.275708: I tensorflow/compiler/jit/xla_gpu_device.cc:99] Not creating XLA devices, tf_xla_enable_xla_devices not set
mse and spike frequency: 0.15603 0.51
[32m[I 2021-04-20 20:59:33,786][0m Trial 97 finished with values: [0.15603, 0.51] with parameters: {'Vahp': -57.0, 'Vth': -20.5, 'Vmax': 12.5, 't_ref': 16.0, 'R': 0.30000000000000004, 'tau_m': 242.5, 'R_adp': 0.4, 'tau_w': 398.0, 'a': 296.0, 'rate_low': 0.5, 'rate_high': 36.0}.[0m
2021-04-20 20:59:34.357197: I tensorflow/compiler/jit/xla_gpu_device.cc:99] Not creating XLA devices, tf_xla_enable_xla_devices not set
maxFreq at 10nA: 40.0
2021-04-20 21:00:02.280063: I tensorflow/compiler/jit/xla_gpu_device.cc:99] Not creating XLA devices, tf_xla_enable_xla_devices not set
2021-04-20 21:00:18.362107: I tensorflow/compiler/jit/xla_gpu_device.cc:99] Not creating XLA devices, tf_xla_enable_xla_devices not set
mse and spike frequency: 0.17291 2.94
[32m[I 2021-04-20 21:00:34,305][0m Trial 98 finished with values: [0.17291, 2.94] with parameters: {'Vahp': -46.5, 'Vth': -45.5, 'Vmax': 27.5, 't_ref': 17.0, 'R': 0.6, 'tau_m': 217.0, 'R_adp': 1.0, 'tau_w': 473.0, 'a': 418.5, 'rate_low': 16.5, 'rate_high': 37.0}.[0m
2021-04-20 21:00:34.921780: I tensorflow/compiler/jit/xla_gpu_device.cc:99] Not creating XLA devices, tf_xla_enable_xla_devices not set
maxFreq at 10nA: 1000.0
2021-04-20 21:01:02.728163: I tensorflow/compiler/jit/xla_gpu_device.cc:99] Not creating XLA devices, tf_xla_enable_xla_devices not set
2021-04-20 21:01:19.046913: I tensorflow/compiler/jit/xla_gpu_device.cc:99] Not creating XLA devices, tf_xla_enable_xla_devices not set
mse and spike frequency: 0.09995 0.0
[32m[I 2021-04-20 21:01:34,868][0m Trial 99 finished with values: [0.09995, 0.0] with parameters: {'Vahp': -21.5, 'Vth': -46.0, 'Vmax': 11.0, 't_ref': 17.0, 'R': 0.7000000000000001, 'tau_m': 116.5, 'R_adp': 0.7000000000000001, 'tau_w': 167.0, 'a': 280.5, 'rate_low': 33.0, 'rate_high': 44.5}.[0m
2021-04-20 21:01:35.493739: I tensorflow/compiler/jit/xla_gpu_device.cc:99] Not creating XLA devices, tf_xla_enable_xla_devices not set
maxFreq at 10nA: 1000.0
2021-04-20 21:02:04.093282: I tensorflow/compiler/jit/xla_gpu_device.cc:99] Not creating XLA devices, tf_xla_enable_xla_devices not set
2021-04-20 21:02:20.642148: I tensorflow/compiler/jit/xla_gpu_device.cc:99] Not creating XLA devices, tf_xla_enable_xla_devices not set
mse and spike frequency: 0.09995 0.0
[32m[I 2021-04-20 21:02:36,766][0m Trial 100 finished with values: [0.09995, 0.0] with parameters: {'Vahp': -31.5, 'Vth': -43.5, 'Vmax': 19.0, 't_ref': 13.0, 'R': 0.7000000000000001, 'tau_m': 106.5, 'R_adp': 0.8, 'tau_w': 156.5, 'a': 376.0, 'rate_low': 11.5, 'rate_high': 38.0}.[0m
2021-04-20 21:02:37.324311: I tensorflow/compiler/jit/xla_gpu_device.cc:99] Not creating XLA devices, tf_xla_enable_xla_devices not set
maxFreq at 10nA: 1000.0
2021-04-20 21:03:05.583286: I tensorflow/compiler/jit/xla_gpu_device.cc:99] Not creating XLA devices, tf_xla_enable_xla_devices not set
2021-04-20 21:03:22.489312: I tensorflow/compiler/jit/xla_gpu_device.cc:99] Not creating XLA devices, tf_xla_enable_xla_devices not set
mse and spike frequency: 0.09995 0.0
[32m[I 2021-04-20 21:03:39,207][0m Trial 101 finished with values: [0.09995, 0.0] with parameters: {'Vahp': -22.0, 'Vth': -57.5, 'Vmax': 24.0, 't_ref': 6.0, 'R': 0.1, 'tau_m': 263.5, 'R_adp': 0.2, 'tau_w': 387.0, 'a': 176.0, 'rate_low': 37.0, 'rate_high': 8.5}.[0m
2021-04-20 21:03:39.803485: I tensorflow/compiler/jit/xla_gpu_device.cc:99] Not creating XLA devices, tf_xla_enable_xla_devices not set
maxFreq at 10nA: 111.0
2021-04-20 21:04:08.260047: I tensorflow/compiler/jit/xla_gpu_device.cc:99] Not creating XLA devices, tf_xla_enable_xla_devices not set
2021-04-20 21:04:25.197323: I tensorflow/compiler/jit/xla_gpu_device.cc:99] Not creating XLA devices, tf_xla_enable_xla_devices not set
mse and spike frequency: 0.04145 5.13
[32m[I 2021-04-20 21:04:41,573][0m Trial 102 finished with values: [0.04145, 5.13] with parameters: {'Vahp': -37.0, 'Vth': -27.0, 'Vmax': 17.0, 't_ref': 6.5, 'R': 0.6, 'tau_m': 157.5, 'R_adp': 1.0, 'tau_w': 115.0, 'a': 426.0, 'rate_low': 42.0, 'rate_high': 46.5}.[0m
2021-04-20 21:04:42.129738: I tensorflow/compiler/jit/xla_gpu_device.cc:99] Not creating XLA devices, tf_xla_enable_xla_devices not set
maxFreq at 10nA: 125.0
2021-04-20 21:05:10.892031: I tensorflow/compiler/jit/xla_gpu_device.cc:99] Not creating XLA devices, tf_xla_enable_xla_devices not set
2021-04-20 21:05:28.002399: I tensorflow/compiler/jit/xla_gpu_device.cc:99] Not creating XLA devices, tf_xla_enable_xla_devices not set
mse and spike frequency: 0.01322 2.58
[32m[I 2021-04-20 21:05:44,635][0m Trial 103 finished with values: [0.01322, 2.58] with parameters: {'Vahp': -41.0, 'Vth': -25.0, 'Vmax': 12.5, 't_ref': 5.5, 'R': 0.2, 'tau_m': 233.0, 'R_adp': 0.4, 'tau_w': 167.0, 'a': 9.5, 'rate_low': 4.0, 'rate_high': 44.0}.[0m
2021-04-20 21:05:45.207822: I tensorflow/compiler/jit/xla_gpu_device.cc:99] Not creating XLA devices, tf_xla_enable_xla_devices not set
maxFreq at 10nA: 115.0
2021-04-20 21:06:14.250557: I tensorflow/compiler/jit/xla_gpu_device.cc:99] Not creating XLA devices, tf_xla_enable_xla_devices not set
2021-04-20 21:06:31.830838: I tensorflow/compiler/jit/xla_gpu_device.cc:99] Not creating XLA devices, tf_xla_enable_xla_devices not set
mse and spike frequency: 0.11526 0.16
[32m[I 2021-04-20 21:06:48,061][0m Trial 104 finished with values: [0.11526, 0.16] with parameters: {'Vahp': -49.5, 'Vth': -22.5, 'Vmax': 39.5, 't_ref': 6.0, 'R': 0.6, 'tau_m': 142.0, 'R_adp': 0.8, 'tau_w': 135.5, 'a': 379.5, 'rate_low': 1.0, 'rate_high': 8.5}.[0m
2021-04-20 21:06:48.605385: I tensorflow/compiler/jit/xla_gpu_device.cc:99] Not creating XLA devices, tf_xla_enable_xla_devices not set
maxFreq at 10nA: 1000.0
2021-04-20 21:07:17.625170: I tensorflow/compiler/jit/xla_gpu_device.cc:99] Not creating XLA devices, tf_xla_enable_xla_devices not set
2021-04-20 21:07:35.346854: I tensorflow/compiler/jit/xla_gpu_device.cc:99] Not creating XLA devices, tf_xla_enable_xla_devices not set
mse and spike frequency: 0.09995 0.0
[32m[I 2021-04-20 21:07:51,725][0m Trial 105 finished with values: [0.09995, 0.0] with parameters: {'Vahp': -44.0, 'Vth': -57.5, 'Vmax': 19.0, 't_ref': 12.0, 'R': 0.7000000000000001, 'tau_m': 106.5, 'R_adp': 0.7000000000000001, 'tau_w': 173.0, 'a': 376.0, 'rate_low': 37.0, 'rate_high': 42.5}.[0m
2021-04-20 21:07:52.298666: I tensorflow/compiler/jit/xla_gpu_device.cc:99] Not creating XLA devices, tf_xla_enable_xla_devices not set
maxFreq at 10nA: 1000.0
2021-04-20 21:08:21.678431: I tensorflow/compiler/jit/xla_gpu_device.cc:99] Not creating XLA devices, tf_xla_enable_xla_devices not set
2021-04-20 21:08:39.604705: I tensorflow/compiler/jit/xla_gpu_device.cc:99] Not creating XLA devices, tf_xla_enable_xla_devices not set
mse and spike frequency: 0.09995 0.0
[32m[I 2021-04-20 21:08:56,320][0m Trial 106 finished with values: [0.09995, 0.0] with parameters: {'Vahp': -48.5, 'Vth': -54.0, 'Vmax': 20.5, 't_ref': 17.0, 'R': 0.4, 'tau_m': 116.5, 'R_adp': 0.1, 'tau_w': 88.0, 'a': 418.5, 'rate_low': 20.0, 'rate_high': 29.0}.[0m
2021-04-20 21:08:56.869719: I tensorflow/compiler/jit/xla_gpu_device.cc:99] Not creating XLA devices, tf_xla_enable_xla_devices not set
maxFreq at 10nA: 44.0
2021-04-20 21:09:26.200470: I tensorflow/compiler/jit/xla_gpu_device.cc:99] Not creating XLA devices, tf_xla_enable_xla_devices not set
2021-04-20 21:09:44.440228: I tensorflow/compiler/jit/xla_gpu_device.cc:99] Not creating XLA devices, tf_xla_enable_xla_devices not set
mse and spike frequency: 4.48004 6.54
[32m[I 2021-04-20 21:10:01,696][0m Trial 107 finished with values: [4.48004, 6.54] with parameters: {'Vahp': -52.5, 'Vth': -25.5, 'Vmax': 21.0, 't_ref': 2.5, 'R': 0.1, 'tau_m': 57.5, 'R_adp': 0.30000000000000004, 'tau_w': 387.0, 'a': 239.0, 'rate_low': 2.5, 'rate_high': 42.5}.[0m
2021-04-20 21:10:02.299578: I tensorflow/compiler/jit/xla_gpu_device.cc:99] Not creating XLA devices, tf_xla_enable_xla_devices not set
maxFreq at 10nA: 999.0
2021-04-20 21:10:31.920737: I tensorflow/compiler/jit/xla_gpu_device.cc:99] Not creating XLA devices, tf_xla_enable_xla_devices not set
2021-04-20 21:10:51.842320: I tensorflow/compiler/jit/xla_gpu_device.cc:99] Not creating XLA devices, tf_xla_enable_xla_devices not set
mse and spike frequency: 0.09995 0.0
[32m[I 2021-04-20 21:11:10,032][0m Trial 108 finished with values: [0.09995, 0.0] with parameters: {'Vahp': -23.0, 'Vth': -40.0, 'Vmax': 38.0, 't_ref': 17.0, 'R': 0.2, 'tau_m': 116.5, 'R_adp': 0.7000000000000001, 'tau_w': 210.5, 'a': 263.5, 'rate_low': 20.0, 'rate_high': 43.0}.[0m
2021-04-20 21:11:10.593588: I tensorflow/compiler/jit/xla_gpu_device.cc:99] Not creating XLA devices, tf_xla_enable_xla_devices not set
maxFreq at 10nA: 1000.0
2021-04-20 21:11:39.590361: I tensorflow/compiler/jit/xla_gpu_device.cc:99] Not creating XLA devices, tf_xla_enable_xla_devices not set
2021-04-20 21:11:59.902522: I tensorflow/compiler/jit/xla_gpu_device.cc:99] Not creating XLA devices, tf_xla_enable_xla_devices not set
mse and spike frequency: 0.09995 0.0
[32m[I 2021-04-20 21:12:17,969][0m Trial 109 finished with values: [0.09995, 0.0] with parameters: {'Vahp': -40.0, 'Vth': -46.0, 'Vmax': 24.0, 't_ref': 5.5, 'R': 0.2, 'tau_m': 153.5, 'R_adp': 0.4, 'tau_w': 167.0, 'a': 137.5, 'rate_low': 33.0, 'rate_high': 44.5}.[0m
2021-04-20 21:12:18.526688: I tensorflow/compiler/jit/xla_gpu_device.cc:99] Not creating XLA devices, tf_xla_enable_xla_devices not set
maxFreq at 10nA: 999.0
2021-04-20 21:12:47.982060: I tensorflow/compiler/jit/xla_gpu_device.cc:99] Not creating XLA devices, tf_xla_enable_xla_devices not set
2021-04-20 21:13:08.188987: I tensorflow/compiler/jit/xla_gpu_device.cc:99] Not creating XLA devices, tf_xla_enable_xla_devices not set
mse and spike frequency: 0.09995 0.0
[32m[I 2021-04-20 21:13:26,631][0m Trial 110 finished with values: [0.09995, 0.0] with parameters: {'Vahp': -31.5, 'Vth': -48.0, 'Vmax': 28.5, 't_ref': 7.5, 'R': 0.30000000000000004, 'tau_m': 351.0, 'R_adp': 1.0, 'tau_w': 367.5, 'a': 99.0, 'rate_low': 4.0, 'rate_high': 19.0}.[0m
2021-04-20 21:13:27.223597: I tensorflow/compiler/jit/xla_gpu_device.cc:99] Not creating XLA devices, tf_xla_enable_xla_devices not set
maxFreq at 10nA: 1000.0
2021-04-20 21:13:56.750720: I tensorflow/compiler/jit/xla_gpu_device.cc:99] Not creating XLA devices, tf_xla_enable_xla_devices not set
2021-04-20 21:14:16.392845: I tensorflow/compiler/jit/xla_gpu_device.cc:99] Not creating XLA devices, tf_xla_enable_xla_devices not set
mse and spike frequency: 0.09995 0.0
[32m[I 2021-04-20 21:14:34,120][0m Trial 111 finished with values: [0.09995, 0.0] with parameters: {'Vahp': -32.0, 'Vth': -57.5, 'Vmax': 36.0, 't_ref': 15.5, 'R': 1.0, 'tau_m': 182.5, 'R_adp': 0.9, 'tau_w': 384.5, 'a': 415.5, 'rate_low': 48.0, 'rate_high': 49.0}.[0m
2021-04-20 21:14:34.696937: I tensorflow/compiler/jit/xla_gpu_device.cc:99] Not creating XLA devices, tf_xla_enable_xla_devices not set
maxFreq at 10nA: 1000.0
2021-04-20 21:15:05.240115: I tensorflow/compiler/jit/xla_gpu_device.cc:99] Not creating XLA devices, tf_xla_enable_xla_devices not set
2021-04-20 21:15:24.057669: I tensorflow/compiler/jit/xla_gpu_device.cc:99] Not creating XLA devices, tf_xla_enable_xla_devices not set
mse and spike frequency: 0.09995 0.0
[32m[I 2021-04-20 21:15:41,437][0m Trial 112 finished with values: [0.09995, 0.0] with parameters: {'Vahp': -48.5, 'Vth': -57.5, 'Vmax': 24.0, 't_ref': 3.0, 'R': 0.1, 'tau_m': 460.0, 'R_adp': 0.9, 'tau_w': 387.0, 'a': 176.0, 'rate_low': 2.5, 'rate_high': 41.5}.[0m
2021-04-20 21:15:42.059392: I tensorflow/compiler/jit/xla_gpu_device.cc:99] Not creating XLA devices, tf_xla_enable_xla_devices not set
maxFreq at 10nA: 1000.0
2021-04-20 21:16:12.912543: I tensorflow/compiler/jit/xla_gpu_device.cc:99] Not creating XLA devices, tf_xla_enable_xla_devices not set
2021-04-20 21:16:30.650701: I tensorflow/compiler/jit/xla_gpu_device.cc:99] Not creating XLA devices, tf_xla_enable_xla_devices not set
mse and spike frequency: 0.09995 0.0
