[32m[I 2021-04-20 22:00:39,061][0m Trial 151 finished with values: [0.09995, 0.0] with parameters: {'Vahp': -23.5, 'Vth': -24.0, 'Vmax': 27.0, 't_ref': 9.0, 'R': 0.2, 'tau_m': 97.5, 'rate_low': 11.0, 'rate_high': 17.0}.[0m
2021-04-20 22:00:39.872613: I tensorflow/compiler/jit/xla_gpu_device.cc:99] Not creating XLA devices, tf_xla_enable_xla_devices not set
maxFreq at 10nA: 1000.0
2021-04-20 22:01:15.061434: I tensorflow/compiler/jit/xla_gpu_device.cc:99] Not creating XLA devices, tf_xla_enable_xla_devices not set
2021-04-20 22:01:38.264953: I tensorflow/compiler/jit/xla_gpu_device.cc:99] Not creating XLA devices, tf_xla_enable_xla_devices not set
mse and spike frequency: 0.09995 0.0
[32m[I 2021-04-20 22:02:01,322][0m Trial 152 finished with values: [0.09995, 0.0] with parameters: {'Vahp': -20.0, 'Vth': -57.5, 'Vmax': 27.0, 't_ref': 16.5, 'R': 1.0, 'tau_m': 411.0, 'rate_low': 48.5, 'rate_high': 49.5}.[0m
2021-04-20 22:02:02.104719: I tensorflow/compiler/jit/xla_gpu_device.cc:99] Not creating XLA devices, tf_xla_enable_xla_devices not set
maxFreq at 10nA: 91.0
2021-04-20 22:02:37.322837: I tensorflow/compiler/jit/xla_gpu_device.cc:99] Not creating XLA devices, tf_xla_enable_xla_devices not set
2021-04-20 22:03:01.475936: I tensorflow/compiler/jit/xla_gpu_device.cc:99] Not creating XLA devices, tf_xla_enable_xla_devices not set
mse and spike frequency: 0.09995 0.0
[32m[I 2021-04-20 22:03:24,221][0m Trial 153 finished with values: [0.09995, 0.0] with parameters: {'Vahp': -21.0, 'Vth': -21.0, 'Vmax': 34.0, 't_ref': 9.5, 'R': 0.7000000000000001, 'tau_m': 396.0, 'rate_low': 9.0, 'rate_high': 34.0}.[0m
2021-04-20 22:03:24.944187: I tensorflow/compiler/jit/xla_gpu_device.cc:99] Not creating XLA devices, tf_xla_enable_xla_devices not set
maxFreq at 10nA: 1000.0
2021-04-20 22:04:00.345142: I tensorflow/compiler/jit/xla_gpu_device.cc:99] Not creating XLA devices, tf_xla_enable_xla_devices not set
2021-04-20 22:04:24.478379: I tensorflow/compiler/jit/xla_gpu_device.cc:99] Not creating XLA devices, tf_xla_enable_xla_devices not set
mse and spike frequency: 0.09995 0.0
[32m[I 2021-04-20 22:04:47,573][0m Trial 154 finished with values: [0.09995, 0.0] with parameters: {'Vahp': -28.0, 'Vth': -41.0, 'Vmax': 14.5, 't_ref': 5.0, 'R': 0.6, 'tau_m': 33.5, 'rate_low': 9.5, 'rate_high': 41.5}.[0m
2021-04-20 22:04:48.361151: I tensorflow/compiler/jit/xla_gpu_device.cc:99] Not creating XLA devices, tf_xla_enable_xla_devices not set
maxFreq at 10nA: 1000.0
2021-04-20 22:05:23.339375: I tensorflow/compiler/jit/xla_gpu_device.cc:99] Not creating XLA devices, tf_xla_enable_xla_devices not set
2021-04-20 22:05:48.689481: I tensorflow/compiler/jit/xla_gpu_device.cc:99] Not creating XLA devices, tf_xla_enable_xla_devices not set
mse and spike frequency: 0.09995 0.0
[32m[I 2021-04-20 22:06:11,687][0m Trial 155 finished with values: [0.09995, 0.0] with parameters: {'Vahp': -29.0, 'Vth': -47.0, 'Vmax': 40.0, 't_ref': 11.0, 'R': 0.6, 'tau_m': 298.0, 'rate_low': 6.5, 'rate_high': 32.5}.[0m
2021-04-20 22:06:12.505108: I tensorflow/compiler/jit/xla_gpu_device.cc:99] Not creating XLA devices, tf_xla_enable_xla_devices not set
maxFreq at 10nA: 1000.0
2021-04-20 22:06:46.720691: I tensorflow/compiler/jit/xla_gpu_device.cc:99] Not creating XLA devices, tf_xla_enable_xla_devices not set
2021-04-20 22:07:11.568538: I tensorflow/compiler/jit/xla_gpu_device.cc:99] Not creating XLA devices, tf_xla_enable_xla_devices not set
mse and spike frequency: 0.09995 0.0
[32m[I 2021-04-20 22:07:35,205][0m Trial 156 finished with values: [0.09995, 0.0] with parameters: {'Vahp': -43.0, 'Vth': -48.0, 'Vmax': 18.5, 't_ref': 11.0, 'R': 1.0, 'tau_m': 422.0, 'rate_low': 1.5, 'rate_high': 37.5}.[0m
2021-04-20 22:07:36.007475: I tensorflow/compiler/jit/xla_gpu_device.cc:99] Not creating XLA devices, tf_xla_enable_xla_devices not set
maxFreq at 10nA: 1000.0
2021-04-20 22:08:10.493900: I tensorflow/compiler/jit/xla_gpu_device.cc:99] Not creating XLA devices, tf_xla_enable_xla_devices not set
2021-04-20 22:08:35.500225: I tensorflow/compiler/jit/xla_gpu_device.cc:99] Not creating XLA devices, tf_xla_enable_xla_devices not set
mse and spike frequency: 0.09995 0.0
[32m[I 2021-04-20 22:08:59,698][0m Trial 157 finished with values: [0.09995, 0.0] with parameters: {'Vahp': -21.0, 'Vth': -51.0, 'Vmax': 20.0, 't_ref': 9.0, 'R': 1.0, 'tau_m': 275.0, 'rate_low': 11.0, 'rate_high': 43.0}.[0m
2021-04-20 22:09:00.406584: I tensorflow/compiler/jit/xla_gpu_device.cc:99] Not creating XLA devices, tf_xla_enable_xla_devices not set
maxFreq at 10nA: 333.0
2021-04-20 22:09:35.919672: I tensorflow/compiler/jit/xla_gpu_device.cc:99] Not creating XLA devices, tf_xla_enable_xla_devices not set
2021-04-20 22:10:01.370490: I tensorflow/compiler/jit/xla_gpu_device.cc:99] Not creating XLA devices, tf_xla_enable_xla_devices not set
mse and spike frequency: 0.00231 11.46
[32m[I 2021-04-20 22:10:26,349][0m Trial 158 finished with values: [0.00231, 11.46] with parameters: {'Vahp': -46.5, 'Vth': -30.0, 'Vmax': 35.5, 't_ref': 2.0, 'R': 0.9, 'tau_m': 357.0, 'rate_low': 10.0, 'rate_high': 17.5}.[0m
2021-04-20 22:10:27.166479: I tensorflow/compiler/jit/xla_gpu_device.cc:99] Not creating XLA devices, tf_xla_enable_xla_devices not set
maxFreq at 10nA: 63.0
2021-04-20 22:11:02.130645: I tensorflow/compiler/jit/xla_gpu_device.cc:99] Not creating XLA devices, tf_xla_enable_xla_devices not set
2021-04-20 22:11:27.921630: I tensorflow/compiler/jit/xla_gpu_device.cc:99] Not creating XLA devices, tf_xla_enable_xla_devices not set
mse and spike frequency: 0.09995 0.0
[32m[I 2021-04-20 22:11:52,731][0m Trial 159 finished with values: [0.09995, 0.0] with parameters: {'Vahp': -44.0, 'Vth': -44.0, 'Vmax': 12.5, 't_ref': 14.5, 'R': 1.0, 'tau_m': 261.0, 'rate_low': 9.5, 'rate_high': 7.0}.[0m
2021-04-20 22:11:53.560686: I tensorflow/compiler/jit/xla_gpu_device.cc:99] Not creating XLA devices, tf_xla_enable_xla_devices not set
maxFreq at 10nA: 999.0
2021-04-20 22:12:29.465361: I tensorflow/compiler/jit/xla_gpu_device.cc:99] Not creating XLA devices, tf_xla_enable_xla_devices not set
2021-04-20 22:12:55.377195: I tensorflow/compiler/jit/xla_gpu_device.cc:99] Not creating XLA devices, tf_xla_enable_xla_devices not set
mse and spike frequency: 0.09995 0.0
[32m[I 2021-04-20 22:13:19,983][0m Trial 160 finished with values: [0.09995, 0.0] with parameters: {'Vahp': -48.5, 'Vth': -49.0, 'Vmax': 30.0, 't_ref': 2.0, 'R': 0.30000000000000004, 'tau_m': 357.0, 'rate_low': 10.0, 'rate_high': 49.5}.[0m
2021-04-20 22:13:20.708519: I tensorflow/compiler/jit/xla_gpu_device.cc:99] Not creating XLA devices, tf_xla_enable_xla_devices not set
maxFreq at 10nA: 91.0
2021-04-20 22:13:56.405989: I tensorflow/compiler/jit/xla_gpu_device.cc:99] Not creating XLA devices, tf_xla_enable_xla_devices not set
2021-04-20 22:14:22.069725: I tensorflow/compiler/jit/xla_gpu_device.cc:99] Not creating XLA devices, tf_xla_enable_xla_devices not set
mse and spike frequency: 0.00408 4.58
[32m[I 2021-04-20 22:14:46,637][0m Trial 161 finished with values: [0.00408, 4.58] with parameters: {'Vahp': -36.5, 'Vth': -24.0, 'Vmax': 25.5, 't_ref': 9.5, 'R': 1.0, 'tau_m': 419.5, 'rate_low': 4.5, 'rate_high': 26.0}.[0m
2021-04-20 22:14:47.459032: I tensorflow/compiler/jit/xla_gpu_device.cc:99] Not creating XLA devices, tf_xla_enable_xla_devices not set
maxFreq at 10nA: 250.0
2021-04-20 22:15:23.656896: I tensorflow/compiler/jit/xla_gpu_device.cc:99] Not creating XLA devices, tf_xla_enable_xla_devices not set
2021-04-20 22:15:49.880295: I tensorflow/compiler/jit/xla_gpu_device.cc:99] Not creating XLA devices, tf_xla_enable_xla_devices not set
mse and spike frequency: 0.00157 24.71
[32m[I 2021-04-20 22:16:15,194][0m Trial 162 finished with values: [0.00157, 24.71] with parameters: {'Vahp': -53.0, 'Vth': -49.5, 'Vmax': 25.5, 't_ref': 2.0, 'R': 0.1, 'tau_m': 357.0, 'rate_low': 42.0, 'rate_high': 49.5}.[0m
2021-04-20 22:16:15.983171: I tensorflow/compiler/jit/xla_gpu_device.cc:99] Not creating XLA devices, tf_xla_enable_xla_devices not set
maxFreq at 10nA: 1000.0
2021-04-20 22:16:52.015925: I tensorflow/compiler/jit/xla_gpu_device.cc:99] Not creating XLA devices, tf_xla_enable_xla_devices not set
2021-04-20 22:17:17.485577: I tensorflow/compiler/jit/xla_gpu_device.cc:99] Not creating XLA devices, tf_xla_enable_xla_devices not set
mse and spike frequency: 0.09995 0.0
[32m[I 2021-04-20 22:17:42,800][0m Trial 163 finished with values: [0.09995, 0.0] with parameters: {'Vahp': -39.0, 'Vth': -57.5, 'Vmax': 40.0, 't_ref': 16.5, 'R': 1.0, 'tau_m': 135.0, 'rate_low': 1.5, 'rate_high': 17.0}.[0m
2021-04-20 22:17:43.523166: I tensorflow/compiler/jit/xla_gpu_device.cc:99] Not creating XLA devices, tf_xla_enable_xla_devices not set
maxFreq at 10nA: 1000.0
2021-04-20 22:18:20.023262: I tensorflow/compiler/jit/xla_gpu_device.cc:99] Not creating XLA devices, tf_xla_enable_xla_devices not set
2021-04-20 22:18:45.196380: I tensorflow/compiler/jit/xla_gpu_device.cc:99] Not creating XLA devices, tf_xla_enable_xla_devices not set
mse and spike frequency: 0.09995 0.0
[32m[I 2021-04-20 22:19:10,361][0m Trial 164 finished with values: [0.09995, 0.0] with parameters: {'Vahp': -24.5, 'Vth': -57.5, 'Vmax': 14.0, 't_ref': 20.0, 'R': 1.0, 'tau_m': 410.0, 'rate_low': 1.5, 'rate_high': 16.5}.[0m
2021-04-20 22:19:11.204571: I tensorflow/compiler/jit/xla_gpu_device.cc:99] Not creating XLA devices, tf_xla_enable_xla_devices not set
maxFreq at 10nA: 1000.0
2021-04-20 22:19:48.069736: I tensorflow/compiler/jit/xla_gpu_device.cc:99] Not creating XLA devices, tf_xla_enable_xla_devices not set
2021-04-20 22:20:13.518928: I tensorflow/compiler/jit/xla_gpu_device.cc:99] Not creating XLA devices, tf_xla_enable_xla_devices not set
mse and spike frequency: 0.09995 0.0
[32m[I 2021-04-20 22:20:38,563][0m Trial 165 finished with values: [0.09995, 0.0] with parameters: {'Vahp': -20.0, 'Vth': -41.0, 'Vmax': 14.5, 't_ref': 3.0, 'R': 0.7000000000000001, 'tau_m': 33.5, 'rate_low': 1.5, 'rate_high': 10.0}.[0m
2021-04-20 22:20:39.320020: I tensorflow/compiler/jit/xla_gpu_device.cc:99] Not creating XLA devices, tf_xla_enable_xla_devices not set
maxFreq at 10nA: 1000.0
2021-04-20 22:21:16.324208: I tensorflow/compiler/jit/xla_gpu_device.cc:99] Not creating XLA devices, tf_xla_enable_xla_devices not set
2021-04-20 22:21:41.605129: I tensorflow/compiler/jit/xla_gpu_device.cc:99] Not creating XLA devices, tf_xla_enable_xla_devices not set
mse and spike frequency: 0.09995 0.0
[32m[I 2021-04-20 22:22:07,198][0m Trial 166 finished with values: [0.09995, 0.0] with parameters: {'Vahp': -29.0, 'Vth': -48.0, 'Vmax': 25.5, 't_ref': 13.5, 'R': 0.5, 'tau_m': 97.5, 'rate_low': 10.0, 'rate_high': 49.5}.[0m
2021-04-20 22:22:08.045937: I tensorflow/compiler/jit/xla_gpu_device.cc:99] Not creating XLA devices, tf_xla_enable_xla_devices not set
maxFreq at 10nA: 1000.0
2021-04-20 22:22:45.062419: I tensorflow/compiler/jit/xla_gpu_device.cc:99] Not creating XLA devices, tf_xla_enable_xla_devices not set
2021-04-20 22:23:10.258411: I tensorflow/compiler/jit/xla_gpu_device.cc:99] Not creating XLA devices, tf_xla_enable_xla_devices not set
mse and spike frequency: 0.09995 0.0
[32m[I 2021-04-20 22:23:35,490][0m Trial 167 finished with values: [0.09995, 0.0] with parameters: {'Vahp': -29.0, 'Vth': -51.0, 'Vmax': 38.0, 't_ref': 6.5, 'R': 0.6, 'tau_m': 211.5, 'rate_low': 17.5, 'rate_high': 50.0}.[0m
2021-04-20 22:23:36.222693: I tensorflow/compiler/jit/xla_gpu_device.cc:99] Not creating XLA devices, tf_xla_enable_xla_devices not set
maxFreq at 10nA: 125.0
2021-04-20 22:24:13.354014: I tensorflow/compiler/jit/xla_gpu_device.cc:99] Not creating XLA devices, tf_xla_enable_xla_devices not set
2021-04-20 22:24:39.130769: I tensorflow/compiler/jit/xla_gpu_device.cc:99] Not creating XLA devices, tf_xla_enable_xla_devices not set
mse and spike frequency: 0.00281 15.75
[32m[I 2021-04-20 22:25:05,131][0m Trial 168 finished with values: [0.00281, 15.75] with parameters: {'Vahp': -29.0, 'Vth': -20.5, 'Vmax': 16.0, 't_ref': 7.0, 'R': 0.6, 'tau_m': 459.0, 'rate_low': 17.5, 'rate_high': 40.5}.[0m
2021-04-20 22:25:06.076470: I tensorflow/compiler/jit/xla_gpu_device.cc:99] Not creating XLA devices, tf_xla_enable_xla_devices not set
maxFreq at 10nA: 1000.0
2021-04-20 22:25:43.886262: I tensorflow/compiler/jit/xla_gpu_device.cc:99] Not creating XLA devices, tf_xla_enable_xla_devices not set
2021-04-20 22:26:10.347868: I tensorflow/compiler/jit/xla_gpu_device.cc:99] Not creating XLA devices, tf_xla_enable_xla_devices not set
mse and spike frequency: 0.09995 0.0
[32m[I 2021-04-20 22:26:36,015][0m Trial 169 finished with values: [0.09995, 0.0] with parameters: {'Vahp': -25.0, 'Vth': -48.0, 'Vmax': 17.5, 't_ref': 11.5, 'R': 0.6, 'tau_m': 97.5, 'rate_low': 20.0, 'rate_high': 35.0}.[0m
2021-04-20 22:26:36.840266: I tensorflow/compiler/jit/xla_gpu_device.cc:99] Not creating XLA devices, tf_xla_enable_xla_devices not set
maxFreq at 10nA: 1000.0
2021-04-20 22:27:13.787690: I tensorflow/compiler/jit/xla_gpu_device.cc:99] Not creating XLA devices, tf_xla_enable_xla_devices not set
2021-04-20 22:27:40.181396: I tensorflow/compiler/jit/xla_gpu_device.cc:99] Not creating XLA devices, tf_xla_enable_xla_devices not set
mse and spike frequency: 0.09995 0.0
[32m[I 2021-04-20 22:28:05,434][0m Trial 170 finished with values: [0.09995, 0.0] with parameters: {'Vahp': -24.5, 'Vth': -51.0, 'Vmax': 38.0, 't_ref': 6.5, 'R': 0.8, 'tau_m': 459.0, 'rate_low': 15.0, 'rate_high': 41.5}.[0m
2021-04-20 22:28:06.289173: I tensorflow/compiler/jit/xla_gpu_device.cc:99] Not creating XLA devices, tf_xla_enable_xla_devices not set
maxFreq at 10nA: 1000.0
2021-04-20 22:28:43.573912: I tensorflow/compiler/jit/xla_gpu_device.cc:99] Not creating XLA devices, tf_xla_enable_xla_devices not set
2021-04-20 22:29:10.097168: I tensorflow/compiler/jit/xla_gpu_device.cc:99] Not creating XLA devices, tf_xla_enable_xla_devices not set
mse and spike frequency: 0.09995 0.0
[32m[I 2021-04-20 22:29:34,886][0m Trial 171 finished with values: [0.09995, 0.0] with parameters: {'Vahp': -39.0, 'Vth': -49.5, 'Vmax': 40.0, 't_ref': 14.0, 'R': 0.6, 'tau_m': 334.0, 'rate_low': 24.0, 'rate_high': 17.0}.[0m
2021-04-20 22:29:35.665984: I tensorflow/compiler/jit/xla_gpu_device.cc:99] Not creating XLA devices, tf_xla_enable_xla_devices not set
maxFreq at 10nA: 999.0
2021-04-20 22:30:13.000534: I tensorflow/compiler/jit/xla_gpu_device.cc:99] Not creating XLA devices, tf_xla_enable_xla_devices not set
2021-04-20 22:30:39.540244: I tensorflow/compiler/jit/xla_gpu_device.cc:99] Not creating XLA devices, tf_xla_enable_xla_devices not set
mse and spike frequency: 0.09995 0.0
[32m[I 2021-04-20 22:31:04,607][0m Trial 172 finished with values: [0.09995, 0.0] with parameters: {'Vahp': -29.0, 'Vth': -48.0, 'Vmax': 22.5, 't_ref': 14.5, 'R': 0.2, 'tau_m': 261.0, 'rate_low': 41.5, 'rate_high': 50.0}.[0m
2021-04-20 22:31:05.482538: I tensorflow/compiler/jit/xla_gpu_device.cc:99] Not creating XLA devices, tf_xla_enable_xla_devices not set
maxFreq at 10nA: 1000.0
2021-04-20 22:31:42.994790: I tensorflow/compiler/jit/xla_gpu_device.cc:99] Not creating XLA devices, tf_xla_enable_xla_devices not set
2021-04-20 22:32:09.735019: I tensorflow/compiler/jit/xla_gpu_device.cc:99] Not creating XLA devices, tf_xla_enable_xla_devices not set
mse and spike frequency: 0.09995 0.0
[32m[I 2021-04-20 22:32:34,839][0m Trial 173 finished with values: [0.09995, 0.0] with parameters: {'Vahp': -30.5, 'Vth': -57.5, 'Vmax': 27.0, 't_ref': 7.0, 'R': 0.1, 'tau_m': 97.5, 'rate_low': 36.0, 'rate_high': 17.0}.[0m
2021-04-20 22:32:35.682947: I tensorflow/compiler/jit/xla_gpu_device.cc:99] Not creating XLA devices, tf_xla_enable_xla_devices not set
maxFreq at 10nA: 999.0
2021-04-20 22:33:13.521419: I tensorflow/compiler/jit/xla_gpu_device.cc:99] Not creating XLA devices, tf_xla_enable_xla_devices not set
2021-04-20 22:33:39.904938: I tensorflow/compiler/jit/xla_gpu_device.cc:99] Not creating XLA devices, tf_xla_enable_xla_devices not set
mse and spike frequency: 0.09995 0.0
[32m[I 2021-04-20 22:34:05,361][0m Trial 174 finished with values: [0.09995, 0.0] with parameters: {'Vahp': -39.0, 'Vth': -47.0, 'Vmax': 40.0, 't_ref': 20.0, 'R': 0.4, 'tau_m': 410.0, 'rate_low': 17.5, 'rate_high': 34.0}.[0m
2021-04-20 22:34:06.208429: I tensorflow/compiler/jit/xla_gpu_device.cc:99] Not creating XLA devices, tf_xla_enable_xla_devices not set
maxFreq at 10nA: 999.0
2021-04-20 22:34:44.347897: I tensorflow/compiler/jit/xla_gpu_device.cc:99] Not creating XLA devices, tf_xla_enable_xla_devices not set
2021-04-20 22:35:11.116912: I tensorflow/compiler/jit/xla_gpu_device.cc:99] Not creating XLA devices, tf_xla_enable_xla_devices not set
mse and spike frequency: 0.09995 0.0
[32m[I 2021-04-20 22:35:37,024][0m Trial 175 finished with values: [0.09995, 0.0] with parameters: {'Vahp': -20.0, 'Vth': -45.5, 'Vmax': 14.0, 't_ref': 13.0, 'R': 0.1, 'tau_m': 97.5, 'rate_low': 48.5, 'rate_high': 49.5}.[0m
2021-04-20 22:35:37.777286: I tensorflow/compiler/jit/xla_gpu_device.cc:99] Not creating XLA devices, tf_xla_enable_xla_devices not set
maxFreq at 10nA: 1000.0
2021-04-20 22:36:15.180812: I tensorflow/compiler/jit/xla_gpu_device.cc:99] Not creating XLA devices, tf_xla_enable_xla_devices not set
2021-04-20 22:36:41.553233: I tensorflow/compiler/jit/xla_gpu_device.cc:99] Not creating XLA devices, tf_xla_enable_xla_devices not set
mse and spike frequency: 0.09995 0.0
[32m[I 2021-04-20 22:37:07,444][0m Trial 176 finished with values: [0.09995, 0.0] with parameters: {'Vahp': -26.5, 'Vth': -49.0, 'Vmax': 19.5, 't_ref': 5.0, 'R': 1.0, 'tau_m': 357.0, 'rate_low': 10.0, 'rate_high': 50.0}.[0m
2021-04-20 22:37:08.211247: I tensorflow/compiler/jit/xla_gpu_device.cc:99] Not creating XLA devices, tf_xla_enable_xla_devices not set
maxFreq at 10nA: 63.0
2021-04-20 22:37:46.592721: I tensorflow/compiler/jit/xla_gpu_device.cc:99] Not creating XLA devices, tf_xla_enable_xla_devices not set
2021-04-20 22:38:13.571734: I tensorflow/compiler/jit/xla_gpu_device.cc:99] Not creating XLA devices, tf_xla_enable_xla_devices not set
mse and spike frequency: 0.00666 17.64
[32m[I 2021-04-20 22:38:39,827][0m Trial 177 finished with values: [0.00666, 17.64] with parameters: {'Vahp': -58.0, 'Vth': -37.5, 'Vmax': 33.5, 't_ref': 14.5, 'R': 0.4, 'tau_m': 97.5, 'rate_low': 22.0, 'rate_high': 49.5}.[0m
2021-04-20 22:38:40.574455: I tensorflow/compiler/jit/xla_gpu_device.cc:99] Not creating XLA devices, tf_xla_enable_xla_devices not set
maxFreq at 10nA: 1000.0
2021-04-20 22:39:18.505679: I tensorflow/compiler/jit/xla_gpu_device.cc:99] Not creating XLA devices, tf_xla_enable_xla_devices not set
2021-04-20 22:39:45.215475: I tensorflow/compiler/jit/xla_gpu_device.cc:99] Not creating XLA devices, tf_xla_enable_xla_devices not set
mse and spike frequency: 0.09995 0.0
[32m[I 2021-04-20 22:40:10,644][0m Trial 178 finished with values: [0.09995, 0.0] with parameters: {'Vahp': -41.5, 'Vth': -44.0, 'Vmax': 27.0, 't_ref': 16.5, 'R': 1.0, 'tau_m': 255.0, 'rate_low': 1.5, 'rate_high': 49.5}.[0m
2021-04-20 22:40:11.409019: I tensorflow/compiler/jit/xla_gpu_device.cc:99] Not creating XLA devices, tf_xla_enable_xla_devices not set
maxFreq at 10nA: 111.0
2021-04-20 22:40:49.870552: I tensorflow/compiler/jit/xla_gpu_device.cc:99] Not creating XLA devices, tf_xla_enable_xla_devices not set
2021-04-20 22:41:17.323649: I tensorflow/compiler/jit/xla_gpu_device.cc:99] Not creating XLA devices, tf_xla_enable_xla_devices not set
mse and spike frequency: 0.0026 11.73
[32m[I 2021-04-20 22:41:43,030][0m Trial 179 finished with values: [0.0026, 11.73] with parameters: {'Vahp': -50.5, 'Vth': -20.5, 'Vmax': 12.0, 't_ref': 7.0, 'R': 0.6, 'tau_m': 211.5, 'rate_low': 17.5, 'rate_high': 32.5}.[0m
2021-04-20 22:41:43.786513: I tensorflow/compiler/jit/xla_gpu_device.cc:99] Not creating XLA devices, tf_xla_enable_xla_devices not set
maxFreq at 10nA: 999.0
2021-04-20 22:42:22.400543: I tensorflow/compiler/jit/xla_gpu_device.cc:99] Not creating XLA devices, tf_xla_enable_xla_devices not set
2021-04-20 22:42:50.109420: I tensorflow/compiler/jit/xla_gpu_device.cc:99] Not creating XLA devices, tf_xla_enable_xla_devices not set
mse and spike frequency: 0.09995 0.0
[32m[I 2021-04-20 22:43:15,488][0m Trial 180 finished with values: [0.09995, 0.0] with parameters: {'Vahp': -39.0, 'Vth': -41.0, 'Vmax': 36.5, 't_ref': 2.0, 'R': 0.7000000000000001, 'tau_m': 419.5, 'rate_low': 15.0, 'rate_high': 10.5}.[0m
2021-04-20 22:43:16.242249: I tensorflow/compiler/jit/xla_gpu_device.cc:99] Not creating XLA devices, tf_xla_enable_xla_devices not set
maxFreq at 10nA: 72.0
2021-04-20 22:43:54.599981: I tensorflow/compiler/jit/xla_gpu_device.cc:99] Not creating XLA devices, tf_xla_enable_xla_devices not set
2021-04-20 22:44:22.849678: I tensorflow/compiler/jit/xla_gpu_device.cc:99] Not creating XLA devices, tf_xla_enable_xla_devices not set
mse and spike frequency: 0.00768 5.21
[32m[I 2021-04-20 22:44:48,535][0m Trial 181 finished with values: [0.00768, 5.21] with parameters: {'Vahp': -53.0, 'Vth': -36.0, 'Vmax': 28.5, 't_ref': 9.5, 'R': 0.1, 'tau_m': 223.5, 'rate_low': 37.0, 'rate_high': 26.0}.[0m
2021-04-20 22:44:49.282372: I tensorflow/compiler/jit/xla_gpu_device.cc:99] Not creating XLA devices, tf_xla_enable_xla_devices not set
maxFreq at 10nA: 1000.0
2021-04-20 22:45:27.424734: I tensorflow/compiler/jit/xla_gpu_device.cc:99] Not creating XLA devices, tf_xla_enable_xla_devices not set
2021-04-20 22:45:55.738363: I tensorflow/compiler/jit/xla_gpu_device.cc:99] Not creating XLA devices, tf_xla_enable_xla_devices not set
mse and spike frequency: 0.09995 0.0
