[32m[I 2021-04-20 20:46:57,785][0m Trial 84 finished with values: [0.09995, 0.0] with parameters: {'Vahp': -29.0, 'Vth': -37.5, 'Vmax': 36.5, 't_ref': 3.0, 'R': 0.30000000000000004, 'tau_m': 471.5, 'R_adp': 0.4, 'tau_w': 414.5, 'a': 436.5, 'rate_low': 30.5, 'rate_high': 43.5}.[0m
2021-04-20 20:46:58.289636: I tensorflow/compiler/jit/xla_gpu_device.cc:99] Not creating XLA devices, tf_xla_enable_xla_devices not set
maxFreq at 10nA: 1000.0
2021-04-20 20:47:24.536037: I tensorflow/compiler/jit/xla_gpu_device.cc:99] Not creating XLA devices, tf_xla_enable_xla_devices not set
2021-04-20 20:47:40.143391: I tensorflow/compiler/jit/xla_gpu_device.cc:99] Not creating XLA devices, tf_xla_enable_xla_devices not set
mse and spike frequency: 0.09995 0.0
[32m[I 2021-04-20 20:47:54,390][0m Trial 85 finished with values: [0.09995, 0.0] with parameters: {'Vahp': -49.0, 'Vth': -57.0, 'Vmax': 22.0, 't_ref': 3.5, 'R': 1.0, 'tau_m': 440.5, 'R_adp': 0.30000000000000004, 'tau_w': 59.5, 'a': 410.5, 'rate_low': 32.5, 'rate_high': 36.0}.[0m
2021-04-20 20:47:54.914952: I tensorflow/compiler/jit/xla_gpu_device.cc:99] Not creating XLA devices, tf_xla_enable_xla_devices not set
maxFreq at 10nA: 999.0
2021-04-20 20:48:21.305333: I tensorflow/compiler/jit/xla_gpu_device.cc:99] Not creating XLA devices, tf_xla_enable_xla_devices not set
2021-04-20 20:48:37.315546: I tensorflow/compiler/jit/xla_gpu_device.cc:99] Not creating XLA devices, tf_xla_enable_xla_devices not set
mse and spike frequency: 0.09995 0.0
[32m[I 2021-04-20 20:48:51,878][0m Trial 86 finished with values: [0.09995, 0.0] with parameters: {'Vahp': -28.0, 'Vth': -52.0, 'Vmax': 30.5, 't_ref': 5.0, 'R': 0.2, 'tau_m': 333.5, 'R_adp': 0.5, 'tau_w': 98.0, 'a': 144.0, 'rate_low': 22.0, 'rate_high': 47.0}.[0m
2021-04-20 20:48:52.390570: I tensorflow/compiler/jit/xla_gpu_device.cc:99] Not creating XLA devices, tf_xla_enable_xla_devices not set
maxFreq at 10nA: 998.0
2021-04-20 20:49:18.988296: I tensorflow/compiler/jit/xla_gpu_device.cc:99] Not creating XLA devices, tf_xla_enable_xla_devices not set
2021-04-20 20:49:35.418308: I tensorflow/compiler/jit/xla_gpu_device.cc:99] Not creating XLA devices, tf_xla_enable_xla_devices not set
mse and spike frequency: 0.09995 0.0
[32m[I 2021-04-20 20:49:50,280][0m Trial 87 finished with values: [0.09995, 0.0] with parameters: {'Vahp': -28.0, 'Vth': -50.5, 'Vmax': 24.5, 't_ref': 13.0, 'R': 0.1, 'tau_m': 313.5, 'R_adp': 0.7000000000000001, 'tau_w': 102.0, 'a': 207.0, 'rate_low': 44.0, 'rate_high': 22.5}.[0m
2021-04-20 20:49:50.795501: I tensorflow/compiler/jit/xla_gpu_device.cc:99] Not creating XLA devices, tf_xla_enable_xla_devices not set
maxFreq at 10nA: 148.0
2021-04-20 20:50:16.787843: I tensorflow/compiler/jit/xla_gpu_device.cc:99] Not creating XLA devices, tf_xla_enable_xla_devices not set
2021-04-20 20:50:33.614346: I tensorflow/compiler/jit/xla_gpu_device.cc:99] Not creating XLA devices, tf_xla_enable_xla_devices not set
mse and spike frequency: 2.2544 12.03
[32m[I 2021-04-20 20:50:49,306][0m Trial 88 finished with values: [2.2544, 12.03] with parameters: {'Vahp': -42.5, 'Vth': -31.0, 'Vmax': 34.5, 't_ref': 5.0, 'R': 0.8, 'tau_m': 90.0, 'R_adp': 1.0, 'tau_w': 154.0, 'a': 346.0, 'rate_low': 30.5, 'rate_high': 48.0}.[0m
2021-04-20 20:50:49.821438: I tensorflow/compiler/jit/xla_gpu_device.cc:99] Not creating XLA devices, tf_xla_enable_xla_devices not set
maxFreq at 10nA: 1000.0
2021-04-20 20:51:16.135492: I tensorflow/compiler/jit/xla_gpu_device.cc:99] Not creating XLA devices, tf_xla_enable_xla_devices not set
2021-04-20 20:51:34.754050: I tensorflow/compiler/jit/xla_gpu_device.cc:99] Not creating XLA devices, tf_xla_enable_xla_devices not set
mse and spike frequency: 0.09995 0.0
[32m[I 2021-04-20 20:51:50,573][0m Trial 89 finished with values: [0.09995, 0.0] with parameters: {'Vahp': -39.5, 'Vth': -50.5, 'Vmax': 13.5, 't_ref': 13.0, 'R': 0.4, 'tau_m': 464.0, 'R_adp': 0.1, 'tau_w': 188.0, 'a': 248.5, 'rate_low': 44.0, 'rate_high': 44.5}.[0m
2021-04-20 20:51:51.111665: I tensorflow/compiler/jit/xla_gpu_device.cc:99] Not creating XLA devices, tf_xla_enable_xla_devices not set
maxFreq at 10nA: 1000.0
2021-04-20 20:52:17.034225: I tensorflow/compiler/jit/xla_gpu_device.cc:99] Not creating XLA devices, tf_xla_enable_xla_devices not set
2021-04-20 20:52:35.794153: I tensorflow/compiler/jit/xla_gpu_device.cc:99] Not creating XLA devices, tf_xla_enable_xla_devices not set
mse and spike frequency: 0.09995 0.0
[32m[I 2021-04-20 20:52:51,156][0m Trial 90 finished with values: [0.09995, 0.0] with parameters: {'Vahp': -38.0, 'Vth': -57.0, 'Vmax': 22.0, 't_ref': 3.5, 'R': 1.0, 'tau_m': 440.5, 'R_adp': 0.8, 'tau_w': 59.5, 'a': 151.0, 'rate_low': 32.5, 'rate_high': 36.0}.[0m
2021-04-20 20:52:51.692960: I tensorflow/compiler/jit/xla_gpu_device.cc:99] Not creating XLA devices, tf_xla_enable_xla_devices not set
maxFreq at 10nA: 1000.0
2021-04-20 20:53:19.121711: I tensorflow/compiler/jit/xla_gpu_device.cc:99] Not creating XLA devices, tf_xla_enable_xla_devices not set
2021-04-20 20:53:36.270542: I tensorflow/compiler/jit/xla_gpu_device.cc:99] Not creating XLA devices, tf_xla_enable_xla_devices not set
mse and spike frequency: 0.09995 0.0
[32m[I 2021-04-20 20:53:50,585][0m Trial 91 finished with values: [0.09995, 0.0] with parameters: {'Vahp': -47.0, 'Vth': -57.0, 'Vmax': 22.0, 't_ref': 3.5, 'R': 0.9, 'tau_m': 464.0, 'R_adp': 0.1, 'tau_w': 59.5, 'a': 248.5, 'rate_low': 35.0, 'rate_high': 36.0}.[0m
2021-04-20 20:53:51.106879: I tensorflow/compiler/jit/xla_gpu_device.cc:99] Not creating XLA devices, tf_xla_enable_xla_devices not set
maxFreq at 10nA: 39.0
2021-04-20 20:54:19.333255: I tensorflow/compiler/jit/xla_gpu_device.cc:99] Not creating XLA devices, tf_xla_enable_xla_devices not set
2021-04-20 20:54:35.944855: I tensorflow/compiler/jit/xla_gpu_device.cc:99] Not creating XLA devices, tf_xla_enable_xla_devices not set
mse and spike frequency: 0.05696 0.97
[32m[I 2021-04-20 20:54:50,855][0m Trial 92 finished with values: [0.05696, 0.97] with parameters: {'Vahp': -51.0, 'Vth': -22.0, 'Vmax': 14.0, 't_ref': 5.0, 'R': 0.1, 'tau_m': 214.0, 'R_adp': 0.8, 'tau_w': 277.5, 'a': 99.5, 'rate_low': 36.5, 'rate_high': 44.0}.[0m
2021-04-20 20:54:51.396439: I tensorflow/compiler/jit/xla_gpu_device.cc:99] Not creating XLA devices, tf_xla_enable_xla_devices not set
maxFreq at 10nA: 46.0
2021-04-20 20:55:19.527065: I tensorflow/compiler/jit/xla_gpu_device.cc:99] Not creating XLA devices, tf_xla_enable_xla_devices not set
2021-04-20 20:55:35.816237: I tensorflow/compiler/jit/xla_gpu_device.cc:99] Not creating XLA devices, tf_xla_enable_xla_devices not set
mse and spike frequency: 0.30883 3.85
[32m[I 2021-04-20 20:55:50,839][0m Trial 93 finished with values: [0.30883, 3.85] with parameters: {'Vahp': -42.5, 'Vth': -37.5, 'Vmax': 36.5, 't_ref': 15.0, 'R': 0.6, 'tau_m': 471.5, 'R_adp': 1.0, 'tau_w': 414.5, 'a': 380.0, 'rate_low': 30.5, 'rate_high': 43.5}.[0m
2021-04-20 20:55:51.359338: I tensorflow/compiler/jit/xla_gpu_device.cc:99] Not creating XLA devices, tf_xla_enable_xla_devices not set
maxFreq at 10nA: 1000.0
2021-04-20 20:56:19.644004: I tensorflow/compiler/jit/xla_gpu_device.cc:99] Not creating XLA devices, tf_xla_enable_xla_devices not set
2021-04-20 20:56:36.119547: I tensorflow/compiler/jit/xla_gpu_device.cc:99] Not creating XLA devices, tf_xla_enable_xla_devices not set
mse and spike frequency: 0.09995 0.0
[32m[I 2021-04-20 20:56:51,209][0m Trial 94 finished with values: [0.09995, 0.0] with parameters: {'Vahp': -39.5, 'Vth': -50.5, 'Vmax': 24.5, 't_ref': 13.0, 'R': 0.4, 'tau_m': 313.5, 'R_adp': 0.7000000000000001, 'tau_w': 473.0, 'a': 315.0, 'rate_low': 44.0, 'rate_high': 44.5}.[0m
2021-04-20 20:56:51.735726: I tensorflow/compiler/jit/xla_gpu_device.cc:99] Not creating XLA devices, tf_xla_enable_xla_devices not set
maxFreq at 10nA: 997.0
2021-04-20 20:57:19.803800: I tensorflow/compiler/jit/xla_gpu_device.cc:99] Not creating XLA devices, tf_xla_enable_xla_devices not set
2021-04-20 20:57:37.035040: I tensorflow/compiler/jit/xla_gpu_device.cc:99] Not creating XLA devices, tf_xla_enable_xla_devices not set
mse and spike frequency: 0.09995 0.0
[32m[I 2021-04-20 20:57:52,375][0m Trial 95 finished with values: [0.09995, 0.0] with parameters: {'Vahp': -29.0, 'Vth': -37.5, 'Vmax': 32.5, 't_ref': 19.0, 'R': 0.30000000000000004, 'tau_m': 471.5, 'R_adp': 0.8, 'tau_w': 414.5, 'a': 321.5, 'rate_low': 30.5, 'rate_high': 43.5}.[0m
2021-04-20 20:57:52.888415: I tensorflow/compiler/jit/xla_gpu_device.cc:99] Not creating XLA devices, tf_xla_enable_xla_devices not set
maxFreq at 10nA: 112.0
2021-04-20 20:58:20.885476: I tensorflow/compiler/jit/xla_gpu_device.cc:99] Not creating XLA devices, tf_xla_enable_xla_devices not set
2021-04-20 20:58:38.735580: I tensorflow/compiler/jit/xla_gpu_device.cc:99] Not creating XLA devices, tf_xla_enable_xla_devices not set
mse and spike frequency: 0.90106 11.0
[32m[I 2021-04-20 20:58:54,447][0m Trial 96 finished with values: [0.90106, 11.0] with parameters: {'Vahp': -24.5, 'Vth': -24.5, 'Vmax': 34.5, 't_ref': 7.5, 'R': 0.8, 'tau_m': 37.0, 'R_adp': 0.8, 'tau_w': 177.5, 'a': 433.5, 'rate_low': 40.5, 'rate_high': 48.0}.[0m
2021-04-20 20:58:55.003728: I tensorflow/compiler/jit/xla_gpu_device.cc:99] Not creating XLA devices, tf_xla_enable_xla_devices not set
maxFreq at 10nA: 999.0
2021-04-20 20:59:23.499438: I tensorflow/compiler/jit/xla_gpu_device.cc:99] Not creating XLA devices, tf_xla_enable_xla_devices not set
2021-04-20 20:59:42.059773: I tensorflow/compiler/jit/xla_gpu_device.cc:99] Not creating XLA devices, tf_xla_enable_xla_devices not set
mse and spike frequency: 0.09995 0.0
[32m[I 2021-04-20 20:59:57,712][0m Trial 97 finished with values: [0.09995, 0.0] with parameters: {'Vahp': -29.5, 'Vth': -39.5, 'Vmax': 39.5, 't_ref': 9.5, 'R': 0.5, 'tau_m': 319.5, 'R_adp': 0.8, 'tau_w': 319.5, 'a': 247.5, 'rate_low': 13.5, 'rate_high': 36.5}.[0m
2021-04-20 20:59:58.252407: I tensorflow/compiler/jit/xla_gpu_device.cc:99] Not creating XLA devices, tf_xla_enable_xla_devices not set
maxFreq at 10nA: 1000.0
2021-04-20 21:00:26.389679: I tensorflow/compiler/jit/xla_gpu_device.cc:99] Not creating XLA devices, tf_xla_enable_xla_devices not set
2021-04-20 21:00:45.509018: I tensorflow/compiler/jit/xla_gpu_device.cc:99] Not creating XLA devices, tf_xla_enable_xla_devices not set
mse and spike frequency: 0.09995 0.0
[32m[I 2021-04-20 21:01:00,946][0m Trial 98 finished with values: [0.09995, 0.0] with parameters: {'Vahp': -29.5, 'Vth': -52.0, 'Vmax': 11.0, 't_ref': 18.0, 'R': 0.4, 'tau_m': 231.0, 'R_adp': 0.30000000000000004, 'tau_w': 319.5, 'a': 67.0, 'rate_low': 31.5, 'rate_high': 40.0}.[0m
2021-04-20 21:01:01.511109: I tensorflow/compiler/jit/xla_gpu_device.cc:99] Not creating XLA devices, tf_xla_enable_xla_devices not set
maxFreq at 10nA: 91.0
2021-04-20 21:01:30.708191: I tensorflow/compiler/jit/xla_gpu_device.cc:99] Not creating XLA devices, tf_xla_enable_xla_devices not set
2021-04-20 21:01:49.118750: I tensorflow/compiler/jit/xla_gpu_device.cc:99] Not creating XLA devices, tf_xla_enable_xla_devices not set
mse and spike frequency: 0.01112 18.39
[32m[I 2021-04-20 21:02:05,102][0m Trial 99 finished with values: [0.01112, 18.39] with parameters: {'Vahp': -29.5, 'Vth': -27.0, 'Vmax': 19.0, 't_ref': 9.5, 'R': 0.7000000000000001, 'tau_m': 417.0, 'R_adp': 0.30000000000000004, 'tau_w': 162.5, 'a': 67.0, 'rate_low': 17.5, 'rate_high': 22.0}.[0m
2021-04-20 21:02:05.693162: I tensorflow/compiler/jit/xla_gpu_device.cc:99] Not creating XLA devices, tf_xla_enable_xla_devices not set
maxFreq at 10nA: 1000.0
2021-04-20 21:02:35.466479: I tensorflow/compiler/jit/xla_gpu_device.cc:99] Not creating XLA devices, tf_xla_enable_xla_devices not set
2021-04-20 21:02:52.819129: I tensorflow/compiler/jit/xla_gpu_device.cc:99] Not creating XLA devices, tf_xla_enable_xla_devices not set
mse and spike frequency: 0.09995 0.0
[32m[I 2021-04-20 21:03:08,734][0m Trial 100 finished with values: [0.09995, 0.0] with parameters: {'Vahp': -47.0, 'Vth': -51.5, 'Vmax': 19.0, 't_ref': 3.5, 'R': 0.9, 'tau_m': 84.0, 'R_adp': 0.1, 'tau_w': 188.0, 'a': 67.0, 'rate_low': 13.5, 'rate_high': 40.0}.[0m
2021-04-20 21:03:09.291078: I tensorflow/compiler/jit/xla_gpu_device.cc:99] Not creating XLA devices, tf_xla_enable_xla_devices not set
maxFreq at 10nA: 1000.0
2021-04-20 21:03:39.498624: I tensorflow/compiler/jit/xla_gpu_device.cc:99] Not creating XLA devices, tf_xla_enable_xla_devices not set
2021-04-20 21:03:57.110333: I tensorflow/compiler/jit/xla_gpu_device.cc:99] Not creating XLA devices, tf_xla_enable_xla_devices not set
mse and spike frequency: 0.09995 0.0
[32m[I 2021-04-20 21:04:13,544][0m Trial 101 finished with values: [0.09995, 0.0] with parameters: {'Vahp': -39.5, 'Vth': -58.0, 'Vmax': 17.5, 't_ref': 3.5, 'R': 0.1, 'tau_m': 313.5, 'R_adp': 0.7000000000000001, 'tau_w': 473.0, 'a': 318.5, 'rate_low': 41.0, 'rate_high': 22.5}.[0m
2021-04-20 21:04:14.128641: I tensorflow/compiler/jit/xla_gpu_device.cc:99] Not creating XLA devices, tf_xla_enable_xla_devices not set
maxFreq at 10nA: 50.0
2021-04-20 21:04:44.350782: I tensorflow/compiler/jit/xla_gpu_device.cc:99] Not creating XLA devices, tf_xla_enable_xla_devices not set
2021-04-20 21:05:02.158436: I tensorflow/compiler/jit/xla_gpu_device.cc:99] Not creating XLA devices, tf_xla_enable_xla_devices not set
mse and spike frequency: 0.04325 4.1
[32m[I 2021-04-20 21:05:19,134][0m Trial 102 finished with values: [0.04325, 4.1] with parameters: {'Vahp': -29.0, 'Vth': -21.0, 'Vmax': 36.5, 't_ref': 19.0, 'R': 0.5, 'tau_m': 249.5, 'R_adp': 0.8, 'tau_w': 138.5, 'a': 225.5, 'rate_low': 16.0, 'rate_high': 43.5}.[0m
2021-04-20 21:05:19.671204: I tensorflow/compiler/jit/xla_gpu_device.cc:99] Not creating XLA devices, tf_xla_enable_xla_devices not set
maxFreq at 10nA: 51.0
2021-04-20 21:05:49.174765: I tensorflow/compiler/jit/xla_gpu_device.cc:99] Not creating XLA devices, tf_xla_enable_xla_devices not set
2021-04-20 21:06:07.467750: I tensorflow/compiler/jit/xla_gpu_device.cc:99] Not creating XLA devices, tf_xla_enable_xla_devices not set
mse and spike frequency: 0.0379 1.84
[32m[I 2021-04-20 21:06:24,330][0m Trial 103 finished with values: [0.0379, 1.84] with parameters: {'Vahp': -49.0, 'Vth': -32.5, 'Vmax': 11.5, 't_ref': 13.0, 'R': 0.4, 'tau_m': 440.5, 'R_adp': 0.8, 'tau_w': 263.0, 'a': 321.5, 'rate_low': 32.5, 'rate_high': 36.0}.[0m
2021-04-20 21:06:24.885795: I tensorflow/compiler/jit/xla_gpu_device.cc:99] Not creating XLA devices, tf_xla_enable_xla_devices not set
maxFreq at 10nA: 1000.0
2021-04-20 21:06:54.385717: I tensorflow/compiler/jit/xla_gpu_device.cc:99] Not creating XLA devices, tf_xla_enable_xla_devices not set
2021-04-20 21:07:12.193922: I tensorflow/compiler/jit/xla_gpu_device.cc:99] Not creating XLA devices, tf_xla_enable_xla_devices not set
mse and spike frequency: 0.09995 0.0
[32m[I 2021-04-20 21:07:29,131][0m Trial 104 finished with values: [0.09995, 0.0] with parameters: {'Vahp': -51.0, 'Vth': -54.5, 'Vmax': 14.0, 't_ref': 12.5, 'R': 0.5, 'tau_m': 444.0, 'R_adp': 0.7000000000000001, 'tau_w': 277.5, 'a': 225.5, 'rate_low': 36.5, 'rate_high': 42.0}.[0m
2021-04-20 21:07:29.800399: I tensorflow/compiler/jit/xla_gpu_device.cc:99] Not creating XLA devices, tf_xla_enable_xla_devices not set
maxFreq at 10nA: 15.0
2021-04-20 21:07:59.460155: I tensorflow/compiler/jit/xla_gpu_device.cc:99] Not creating XLA devices, tf_xla_enable_xla_devices not set
2021-04-20 21:08:17.487764: I tensorflow/compiler/jit/xla_gpu_device.cc:99] Not creating XLA devices, tf_xla_enable_xla_devices not set
mse and spike frequency: 0.14202 0.4
[32m[I 2021-04-20 21:08:34,305][0m Trial 105 finished with values: [0.14202, 0.4] with parameters: {'Vahp': -46.5, 'Vth': -41.5, 'Vmax': 36.5, 't_ref': 13.0, 'R': 0.1, 'tau_m': 313.5, 'R_adp': 1.0, 'tau_w': 450.5, 'a': 207.0, 'rate_low': 33.5, 'rate_high': 22.5}.[0m
2021-04-20 21:08:35.015494: I tensorflow/compiler/jit/xla_gpu_device.cc:99] Not creating XLA devices, tf_xla_enable_xla_devices not set
maxFreq at 10nA: 53.0
2021-04-20 21:09:04.146587: I tensorflow/compiler/jit/xla_gpu_device.cc:99] Not creating XLA devices, tf_xla_enable_xla_devices not set
2021-04-20 21:09:22.389211: I tensorflow/compiler/jit/xla_gpu_device.cc:99] Not creating XLA devices, tf_xla_enable_xla_devices not set
mse and spike frequency: 0.07458 1.79
[32m[I 2021-04-20 21:09:39,098][0m Trial 106 finished with values: [0.07458, 1.79] with parameters: {'Vahp': -31.0, 'Vth': -25.0, 'Vmax': 36.5, 't_ref': 15.0, 'R': 0.30000000000000004, 'tau_m': 245.0, 'R_adp': 1.0, 'tau_w': 124.5, 'a': 436.5, 'rate_low': 30.5, 'rate_high': 32.0}.[0m
2021-04-20 21:09:39.968973: I tensorflow/compiler/jit/xla_gpu_device.cc:99] Not creating XLA devices, tf_xla_enable_xla_devices not set
maxFreq at 10nA: 1000.0
2021-04-20 21:10:09.062361: I tensorflow/compiler/jit/xla_gpu_device.cc:99] Not creating XLA devices, tf_xla_enable_xla_devices not set
2021-04-20 21:10:26.719220: I tensorflow/compiler/jit/xla_gpu_device.cc:99] Not creating XLA devices, tf_xla_enable_xla_devices not set
mse and spike frequency: 0.09995 0.0
[32m[I 2021-04-20 21:10:43,532][0m Trial 107 finished with values: [0.09995, 0.0] with parameters: {'Vahp': -38.0, 'Vth': -57.0, 'Vmax': 38.5, 't_ref': 12.5, 'R': 0.5, 'tau_m': 440.5, 'R_adp': 0.30000000000000004, 'tau_w': 437.5, 'a': 195.0, 'rate_low': 32.5, 'rate_high': 36.0}.[0m
2021-04-20 21:10:44.250177: I tensorflow/compiler/jit/xla_gpu_device.cc:99] Not creating XLA devices, tf_xla_enable_xla_devices not set
maxFreq at 10nA: 997.0
2021-04-20 21:11:14.091563: I tensorflow/compiler/jit/xla_gpu_device.cc:99] Not creating XLA devices, tf_xla_enable_xla_devices not set
2021-04-20 21:11:32.339219: I tensorflow/compiler/jit/xla_gpu_device.cc:99] Not creating XLA devices, tf_xla_enable_xla_devices not set
mse and spike frequency: 0.09995 0.0
[32m[I 2021-04-20 21:11:49,101][0m Trial 108 finished with values: [0.09995, 0.0] with parameters: {'Vahp': -28.0, 'Vth': -29.5, 'Vmax': 17.5, 't_ref': 16.0, 'R': 0.4, 'tau_m': 464.0, 'R_adp': 0.8, 'tau_w': 102.0, 'a': 207.0, 'rate_low': 44.0, 'rate_high': 44.5}.[0m
2021-04-20 21:11:49.781826: I tensorflow/compiler/jit/xla_gpu_device.cc:99] Not creating XLA devices, tf_xla_enable_xla_devices not set
maxFreq at 10nA: 91.0
2021-04-20 21:12:18.957068: I tensorflow/compiler/jit/xla_gpu_device.cc:99] Not creating XLA devices, tf_xla_enable_xla_devices not set
2021-04-20 21:12:37.249770: I tensorflow/compiler/jit/xla_gpu_device.cc:99] Not creating XLA devices, tf_xla_enable_xla_devices not set
mse and spike frequency: 0.00866 9.58
[32m[I 2021-04-20 21:12:53,772][0m Trial 109 finished with values: [0.00866, 9.58] with parameters: {'Vahp': -52.0, 'Vth': -36.5, 'Vmax': 22.0, 't_ref': 9.5, 'R': 1.0, 'tau_m': 440.5, 'R_adp': 0.30000000000000004, 'tau_w': 319.5, 'a': 67.0, 'rate_low': 13.5, 'rate_high': 31.5}.[0m
2021-04-20 21:12:54.402929: I tensorflow/compiler/jit/xla_gpu_device.cc:99] Not creating XLA devices, tf_xla_enable_xla_devices not set
maxFreq at 10nA: 999.0
2021-04-20 21:13:24.848069: I tensorflow/compiler/jit/xla_gpu_device.cc:99] Not creating XLA devices, tf_xla_enable_xla_devices not set
2021-04-20 21:13:43.310567: I tensorflow/compiler/jit/xla_gpu_device.cc:99] Not creating XLA devices, tf_xla_enable_xla_devices not set
mse and spike frequency: 0.09995 0.0
[32m[I 2021-04-20 21:14:00,047][0m Trial 110 finished with values: [0.09995, 0.0] with parameters: {'Vahp': -28.0, 'Vth': -50.5, 'Vmax': 30.5, 't_ref': 5.0, 'R': 0.2, 'tau_m': 333.5, 'R_adp': 0.7000000000000001, 'tau_w': 102.0, 'a': 144.0, 'rate_low': 10.0, 'rate_high': 47.0}.[0m
2021-04-20 21:14:00.964461: I tensorflow/compiler/jit/xla_gpu_device.cc:99] Not creating XLA devices, tf_xla_enable_xla_devices not set
maxFreq at 10nA: 999.0
2021-04-20 21:14:31.074561: I tensorflow/compiler/jit/xla_gpu_device.cc:99] Not creating XLA devices, tf_xla_enable_xla_devices not set
2021-04-20 21:14:50.047368: I tensorflow/compiler/jit/xla_gpu_device.cc:99] Not creating XLA devices, tf_xla_enable_xla_devices not set
mse and spike frequency: 0.09995 0.0
[32m[I 2021-04-20 21:15:06,768][0m Trial 111 finished with values: [0.09995, 0.0] with parameters: {'Vahp': -21.0, 'Vth': -36.5, 'Vmax': 14.0, 't_ref': 18.5, 'R': 0.30000000000000004, 'tau_m': 138.5, 'R_adp': 0.4, 'tau_w': 437.5, 'a': 308.5, 'rate_low': 13.0, 'rate_high': 39.0}.[0m
2021-04-20 21:15:07.494698: I tensorflow/compiler/jit/xla_gpu_device.cc:99] Not creating XLA devices, tf_xla_enable_xla_devices not set
maxFreq at 10nA: 63.0
2021-04-20 21:15:37.598517: I tensorflow/compiler/jit/xla_gpu_device.cc:99] Not creating XLA devices, tf_xla_enable_xla_devices not set
2021-04-20 21:15:56.558281: I tensorflow/compiler/jit/xla_gpu_device.cc:99] Not creating XLA devices, tf_xla_enable_xla_devices not set
mse and spike frequency: 0.04428 8.27
[32m[I 2021-04-20 21:16:13,713][0m Trial 112 finished with values: [0.04428, 8.27] with parameters: {'Vahp': -46.5, 'Vth': -41.5, 'Vmax': 36.5, 't_ref': 15.0, 'R': 0.30000000000000004, 'tau_m': 213.0, 'R_adp': 1.0, 'tau_w': 450.5, 'a': 24.0, 'rate_low': 33.5, 'rate_high': 39.5}.[0m
2021-04-20 21:16:14.317281: I tensorflow/compiler/jit/xla_gpu_device.cc:99] Not creating XLA devices, tf_xla_enable_xla_devices not set
maxFreq at 10nA: 125.0
2021-04-20 21:16:43.683111: I tensorflow/compiler/jit/xla_gpu_device.cc:99] Not creating XLA devices, tf_xla_enable_xla_devices not set
2021-04-20 21:17:02.829113: I tensorflow/compiler/jit/xla_gpu_device.cc:99] Not creating XLA devices, tf_xla_enable_xla_devices not set
mse and spike frequency: 0.01677 32.56
