2021-04-20 19:46:12.211083: I tensorflow/stream_executor/platform/default/dso_loader.cc:49] Successfully opened dynamic library libcudart.so.11.0
Build finished in 0:00:01.                                                      
Simulation finished in 0:00:01.                                                 
[32m[I 2021-04-20 19:46:15,511][0m A new study created in memory with name: no-name-e4be4e5b-366a-4b64-89f6-ae25553035ab[0m
2021-04-20 19:46:15.727535: I tensorflow/compiler/jit/xla_cpu_device.cc:41] Not creating XLA devices, tf_xla_enable_xla_devices not set
2021-04-20 19:46:15.728834: I tensorflow/stream_executor/platform/default/dso_loader.cc:49] Successfully opened dynamic library libcuda.so.1
2021-04-20 19:46:16.743659: E tensorflow/stream_executor/cuda/cuda_driver.cc:328] failed call to cuInit: CUDA_ERROR_NO_DEVICE: no CUDA-capable device is detected
2021-04-20 19:46:16.743724: I tensorflow/stream_executor/cuda/cuda_diagnostics.cc:169] retrieving CUDA diagnostic information for host: comparch-t640
2021-04-20 19:46:16.743734: I tensorflow/stream_executor/cuda/cuda_diagnostics.cc:176] hostname: comparch-t640
2021-04-20 19:46:16.743908: I tensorflow/stream_executor/cuda/cuda_diagnostics.cc:200] libcuda reported version is: 450.66.0
2021-04-20 19:46:16.743944: I tensorflow/stream_executor/cuda/cuda_diagnostics.cc:204] kernel reported version is: 450.66.0
2021-04-20 19:46:16.743952: I tensorflow/stream_executor/cuda/cuda_diagnostics.cc:310] kernel version seems to match DSO: 450.66.0
2021-04-20 19:46:16.744277: I tensorflow/core/platform/cpu_feature_guard.cc:142] This TensorFlow binary is optimized with oneAPI Deep Neural Network Library (oneDNN) to use the following CPU instructions in performance-critical operations:  AVX2 AVX512F FMA
To enable them in other operations, rebuild TensorFlow with the appropriate compiler flags.
2021-04-20 19:46:16.746243: I tensorflow/compiler/jit/xla_gpu_device.cc:99] Not creating XLA devices, tf_xla_enable_xla_devices not set
2021-04-20 19:46:16.758203: I tensorflow/compiler/mlir/mlir_graph_optimization_pass.cc:196] None of the MLIR optimization passes are enabled (registered 0 passes)
2021-04-20 19:46:16.779912: I tensorflow/core/platform/profile_utils/cpu_utils.cc:112] CPU Frequency: 2100000000 Hz
maxFreq at 10nA: 53.0
2021-04-20 19:46:34.819558: I tensorflow/compiler/jit/xla_gpu_device.cc:99] Not creating XLA devices, tf_xla_enable_xla_devices not set
2021-04-20 19:46:40.788225: I tensorflow/compiler/jit/xla_gpu_device.cc:99] Not creating XLA devices, tf_xla_enable_xla_devices not set
mse and spike frequency: 0.0182 5.41
[32m[I 2021-04-20 19:46:45,736][0m Trial 0 finished with values: [0.0182, 5.41] with parameters: {'Vahp': -41.0, 'Vth': -31.5, 'Vmax': 36.5, 't_ref': 17.5, 'R': 0.5, 'tau_m': 91.0, 'R_adp': 0.5, 'tau_w': 81.5, 'a': 295.0, 'rate_low': 9.5, 'rate_high': 34.0}.[0m
2021-04-20 19:46:46.071572: I tensorflow/compiler/jit/xla_gpu_device.cc:99] Not creating XLA devices, tf_xla_enable_xla_devices not set
maxFreq at 10nA: 1000.0
2021-04-20 19:47:04.604070: I tensorflow/compiler/jit/xla_gpu_device.cc:99] Not creating XLA devices, tf_xla_enable_xla_devices not set
2021-04-20 19:47:10.569274: I tensorflow/compiler/jit/xla_gpu_device.cc:99] Not creating XLA devices, tf_xla_enable_xla_devices not set
mse and spike frequency: 0.09995 0.0
[32m[I 2021-04-20 19:47:15,703][0m Trial 1 finished with values: [0.09995, 0.0] with parameters: {'Vahp': -46.5, 'Vth': -57.5, 'Vmax': 33.0, 't_ref': 18.5, 'R': 0.6, 'tau_m': 345.5, 'R_adp': 0.9, 'tau_w': 474.5, 'a': 357.5, 'rate_low': 28.5, 'rate_high': 50.0}.[0m
2021-04-20 19:47:16.056367: I tensorflow/compiler/jit/xla_gpu_device.cc:99] Not creating XLA devices, tf_xla_enable_xla_devices not set
maxFreq at 10nA: 1000.0
2021-04-20 19:47:34.544673: I tensorflow/compiler/jit/xla_gpu_device.cc:99] Not creating XLA devices, tf_xla_enable_xla_devices not set
2021-04-20 19:47:40.283087: I tensorflow/compiler/jit/xla_gpu_device.cc:99] Not creating XLA devices, tf_xla_enable_xla_devices not set
mse and spike frequency: 0.09995 0.0
[32m[I 2021-04-20 19:47:45,556][0m Trial 2 finished with values: [0.09995, 0.0] with parameters: {'Vahp': -25.5, 'Vth': -49.0, 'Vmax': 10.5, 't_ref': 17.5, 'R': 0.9, 'tau_m': 465.5, 'R_adp': 0.4, 'tau_w': 167.0, 'a': 353.5, 'rate_low': 36.0, 'rate_high': 42.5}.[0m
2021-04-20 19:47:45.900114: I tensorflow/compiler/jit/xla_gpu_device.cc:99] Not creating XLA devices, tf_xla_enable_xla_devices not set
maxFreq at 10nA: 999.0
2021-04-20 19:48:04.771394: I tensorflow/compiler/jit/xla_gpu_device.cc:99] Not creating XLA devices, tf_xla_enable_xla_devices not set
2021-04-20 19:48:11.043562: I tensorflow/compiler/jit/xla_gpu_device.cc:99] Not creating XLA devices, tf_xla_enable_xla_devices not set
mse and spike frequency: 0.09995 0.0
[32m[I 2021-04-20 19:48:16,080][0m Trial 3 finished with values: [0.09995, 0.0] with parameters: {'Vahp': -23.0, 'Vth': -33.5, 'Vmax': 17.5, 't_ref': 14.0, 'R': 0.5, 'tau_m': 271.5, 'R_adp': 0.6, 'tau_w': 414.5, 'a': 306.0, 'rate_low': 2.5, 'rate_high': 49.5}.[0m
2021-04-20 19:48:16.429852: I tensorflow/compiler/jit/xla_gpu_device.cc:99] Not creating XLA devices, tf_xla_enable_xla_devices not set
maxFreq at 10nA: 997.0
2021-04-20 19:48:35.014530: I tensorflow/compiler/jit/xla_gpu_device.cc:99] Not creating XLA devices, tf_xla_enable_xla_devices not set
2021-04-20 19:48:41.327834: I tensorflow/compiler/jit/xla_gpu_device.cc:99] Not creating XLA devices, tf_xla_enable_xla_devices not set
mse and spike frequency: 0.09995 0.0
[32m[I 2021-04-20 19:48:46,558][0m Trial 4 finished with values: [0.09995, 0.0] with parameters: {'Vahp': -22.0, 'Vth': -51.0, 'Vmax': 32.0, 't_ref': 15.5, 'R': 0.1, 'tau_m': 406.5, 'R_adp': 0.7000000000000001, 'tau_w': 120.0, 'a': 416.5, 'rate_low': 26.5, 'rate_high': 40.0}.[0m
2021-04-20 19:48:46.897182: I tensorflow/compiler/jit/xla_gpu_device.cc:99] Not creating XLA devices, tf_xla_enable_xla_devices not set
maxFreq at 10nA: 1000.0
2021-04-20 19:49:05.642147: I tensorflow/compiler/jit/xla_gpu_device.cc:99] Not creating XLA devices, tf_xla_enable_xla_devices not set
2021-04-20 19:49:12.180583: I tensorflow/compiler/jit/xla_gpu_device.cc:99] Not creating XLA devices, tf_xla_enable_xla_devices not set
mse and spike frequency: 0.09995 0.0
[32m[I 2021-04-20 19:49:17,604][0m Trial 5 finished with values: [0.09995, 0.0] with parameters: {'Vahp': -31.5, 'Vth': -52.0, 'Vmax': 21.5, 't_ref': 15.5, 'R': 0.7000000000000001, 'tau_m': 329.5, 'R_adp': 0.5, 'tau_w': 429.0, 'a': 194.0, 'rate_low': 11.0, 'rate_high': 19.0}.[0m
2021-04-20 19:49:17.964624: I tensorflow/compiler/jit/xla_gpu_device.cc:99] Not creating XLA devices, tf_xla_enable_xla_devices not set
maxFreq at 10nA: 48.0
2021-04-20 19:49:36.418327: I tensorflow/compiler/jit/xla_gpu_device.cc:99] Not creating XLA devices, tf_xla_enable_xla_devices not set
2021-04-20 19:49:42.938927: I tensorflow/compiler/jit/xla_gpu_device.cc:99] Not creating XLA devices, tf_xla_enable_xla_devices not set
mse and spike frequency: 0.15496 4.06
[32m[I 2021-04-20 19:49:48,341][0m Trial 6 finished with values: [0.15496, 4.06] with parameters: {'Vahp': -43.0, 'Vth': -23.0, 'Vmax': 23.5, 't_ref': 20.0, 'R': 1.0, 'tau_m': 175.5, 'R_adp': 1.0, 'tau_w': 368.0, 'a': 119.0, 'rate_low': 12.5, 'rate_high': 21.5}.[0m
2021-04-20 19:49:48.681859: I tensorflow/compiler/jit/xla_gpu_device.cc:99] Not creating XLA devices, tf_xla_enable_xla_devices not set
maxFreq at 10nA: 59.0
2021-04-20 19:50:07.063482: I tensorflow/compiler/jit/xla_gpu_device.cc:99] Not creating XLA devices, tf_xla_enable_xla_devices not set
2021-04-20 19:50:13.760318: I tensorflow/compiler/jit/xla_gpu_device.cc:99] Not creating XLA devices, tf_xla_enable_xla_devices not set
mse and spike frequency: 0.02109 3.12
[32m[I 2021-04-20 19:50:19,245][0m Trial 7 finished with values: [0.02109, 3.12] with parameters: {'Vahp': -59.5, 'Vth': -35.0, 'Vmax': 26.0, 't_ref': 14.5, 'R': 0.5, 'tau_m': 373.5, 'R_adp': 0.1, 'tau_w': 215.5, 'a': 129.5, 'rate_low': 3.0, 'rate_high': 34.5}.[0m
2021-04-20 19:50:19.603459: I tensorflow/compiler/jit/xla_gpu_device.cc:99] Not creating XLA devices, tf_xla_enable_xla_devices not set
maxFreq at 10nA: 55.0
2021-04-20 19:50:38.274433: I tensorflow/compiler/jit/xla_gpu_device.cc:99] Not creating XLA devices, tf_xla_enable_xla_devices not set
2021-04-20 19:50:45.274010: I tensorflow/compiler/jit/xla_gpu_device.cc:99] Not creating XLA devices, tf_xla_enable_xla_devices not set
mse and spike frequency: 0.13358 2.9
[32m[I 2021-04-20 19:50:50,956][0m Trial 8 finished with values: [0.13358, 2.9] with parameters: {'Vahp': -48.0, 'Vth': -39.5, 'Vmax': 24.0, 't_ref': 12.0, 'R': 0.30000000000000004, 'tau_m': 35.5, 'R_adp': 0.9, 'tau_w': 195.0, 'a': 345.0, 'rate_low': 15.5, 'rate_high': 49.5}.[0m
2021-04-20 19:50:51.303824: I tensorflow/compiler/jit/xla_gpu_device.cc:99] Not creating XLA devices, tf_xla_enable_xla_devices not set
maxFreq at 10nA: 143.0
2021-04-20 19:51:10.157972: I tensorflow/compiler/jit/xla_gpu_device.cc:99] Not creating XLA devices, tf_xla_enable_xla_devices not set
2021-04-20 19:51:17.417919: I tensorflow/compiler/jit/xla_gpu_device.cc:99] Not creating XLA devices, tf_xla_enable_xla_devices not set
mse and spike frequency: 0.01127 15.05
[32m[I 2021-04-20 19:51:23,168][0m Trial 9 finished with values: [0.01127, 15.05] with parameters: {'Vahp': -50.0, 'Vth': -46.5, 'Vmax': 21.5, 't_ref': 5.5, 'R': 0.7000000000000001, 'tau_m': 484.0, 'R_adp': 0.9, 'tau_w': 96.0, 'a': 85.5, 'rate_low': 19.0, 'rate_high': 37.5}.[0m
2021-04-20 19:51:23.494677: I tensorflow/compiler/jit/xla_gpu_device.cc:99] Not creating XLA devices, tf_xla_enable_xla_devices not set
maxFreq at 10nA: 1000.0
2021-04-20 19:51:42.319697: I tensorflow/compiler/jit/xla_gpu_device.cc:99] Not creating XLA devices, tf_xla_enable_xla_devices not set
2021-04-20 19:51:49.565109: I tensorflow/compiler/jit/xla_gpu_device.cc:99] Not creating XLA devices, tf_xla_enable_xla_devices not set
mse and spike frequency: 0.09995 0.0
[32m[I 2021-04-20 19:51:55,528][0m Trial 10 finished with values: [0.09995, 0.0] with parameters: {'Vahp': -26.5, 'Vth': -53.5, 'Vmax': 18.0, 't_ref': 13.5, 'R': 0.4, 'tau_m': 24.5, 'R_adp': 0.4, 'tau_w': 396.5, 'a': 400.5, 'rate_low': 46.5, 'rate_high': 49.5}.[0m
2021-04-20 19:51:55.854447: I tensorflow/compiler/jit/xla_gpu_device.cc:99] Not creating XLA devices, tf_xla_enable_xla_devices not set
maxFreq at 10nA: 1000.0
2021-04-20 19:52:14.983646: I tensorflow/compiler/jit/xla_gpu_device.cc:99] Not creating XLA devices, tf_xla_enable_xla_devices not set
2021-04-20 19:52:22.461953: I tensorflow/compiler/jit/xla_gpu_device.cc:99] Not creating XLA devices, tf_xla_enable_xla_devices not set
mse and spike frequency: 0.09995 0.0
[32m[I 2021-04-20 19:52:28,457][0m Trial 11 finished with values: [0.09995, 0.0] with parameters: {'Vahp': -21.0, 'Vth': -43.5, 'Vmax': 32.5, 't_ref': 10.0, 'R': 0.9, 'tau_m': 195.0, 'R_adp': 0.2, 'tau_w': 475.5, 'a': 337.0, 'rate_low': 12.0, 'rate_high': 27.0}.[0m
2021-04-20 19:52:28.841475: I tensorflow/compiler/jit/xla_gpu_device.cc:99] Not creating XLA devices, tf_xla_enable_xla_devices not set
maxFreq at 10nA: 72.0
2021-04-20 19:52:47.750734: I tensorflow/compiler/jit/xla_gpu_device.cc:99] Not creating XLA devices, tf_xla_enable_xla_devices not set
2021-04-20 19:52:55.302023: I tensorflow/compiler/jit/xla_gpu_device.cc:99] Not creating XLA devices, tf_xla_enable_xla_devices not set
mse and spike frequency: 0.09921 3.13
[32m[I 2021-04-20 19:53:01,475][0m Trial 12 finished with values: [0.09921, 3.13] with parameters: {'Vahp': -37.0, 'Vth': -37.0, 'Vmax': 40.0, 't_ref': 12.5, 'R': 1.0, 'tau_m': 448.0, 'R_adp': 0.4, 'tau_w': 136.5, 'a': 147.0, 'rate_low': 4.0, 'rate_high': 15.5}.[0m
2021-04-20 19:53:01.799445: I tensorflow/compiler/jit/xla_gpu_device.cc:99] Not creating XLA devices, tf_xla_enable_xla_devices not set
maxFreq at 10nA: 63.0
2021-04-20 19:53:20.900549: I tensorflow/compiler/jit/xla_gpu_device.cc:99] Not creating XLA devices, tf_xla_enable_xla_devices not set
2021-04-20 19:53:28.604399: I tensorflow/compiler/jit/xla_gpu_device.cc:99] Not creating XLA devices, tf_xla_enable_xla_devices not set
mse and spike frequency: 0.01985 24.07
[32m[I 2021-04-20 19:53:34,940][0m Trial 13 finished with values: [0.01985, 24.07] with parameters: {'Vahp': -55.0, 'Vth': -51.0, 'Vmax': 34.0, 't_ref': 14.5, 'R': 0.6, 'tau_m': 227.0, 'R_adp': 1.0, 'tau_w': 79.0, 'a': 60.5, 'rate_low': 47.0, 'rate_high': 49.5}.[0m
2021-04-20 19:53:35.283766: I tensorflow/compiler/jit/xla_gpu_device.cc:99] Not creating XLA devices, tf_xla_enable_xla_devices not set
maxFreq at 10nA: 1000.0
2021-04-20 19:53:55.090634: I tensorflow/compiler/jit/xla_gpu_device.cc:99] Not creating XLA devices, tf_xla_enable_xla_devices not set
2021-04-20 19:54:02.863416: I tensorflow/compiler/jit/xla_gpu_device.cc:99] Not creating XLA devices, tf_xla_enable_xla_devices not set
mse and spike frequency: 0.09995 0.0
[32m[I 2021-04-20 19:54:09,323][0m Trial 14 finished with values: [0.09995, 0.0] with parameters: {'Vahp': -21.0, 'Vth': -46.0, 'Vmax': 24.0, 't_ref': 7.0, 'R': 0.8, 'tau_m': 328.0, 'R_adp': 0.9, 'tau_w': 14.5, 'a': 379.0, 'rate_low': 29.5, 'rate_high': 49.5}.[0m
2021-04-20 19:54:09.647733: I tensorflow/compiler/jit/xla_gpu_device.cc:99] Not creating XLA devices, tf_xla_enable_xla_devices not set
maxFreq at 10nA: 1000.0
2021-04-20 19:54:29.452705: I tensorflow/compiler/jit/xla_gpu_device.cc:99] Not creating XLA devices, tf_xla_enable_xla_devices not set
2021-04-20 19:54:36.992517: I tensorflow/compiler/jit/xla_gpu_device.cc:99] Not creating XLA devices, tf_xla_enable_xla_devices not set
mse and spike frequency: 0.09996 1000.1
[32m[I 2021-04-20 19:54:43,547][0m Trial 15 finished with values: [0.09996, 1000.1] with parameters: {'Vahp': -33.5, 'Vth': -59.0, 'Vmax': 10.5, 't_ref': 9.0, 'R': 0.8, 'tau_m': 215.5, 'R_adp': 0.7000000000000001, 'tau_w': 259.0, 'a': 379.0, 'rate_low': 14.0, 'rate_high': 39.0}.[0m
2021-04-20 19:54:43.882076: I tensorflow/compiler/jit/xla_gpu_device.cc:99] Not creating XLA devices, tf_xla_enable_xla_devices not set
maxFreq at 10nA: 50.0
2021-04-20 19:55:03.732367: I tensorflow/compiler/jit/xla_gpu_device.cc:99] Not creating XLA devices, tf_xla_enable_xla_devices not set
2021-04-20 19:55:11.731604: I tensorflow/compiler/jit/xla_gpu_device.cc:99] Not creating XLA devices, tf_xla_enable_xla_devices not set
mse and spike frequency: 0.07813 25.53
[32m[I 2021-04-20 19:55:18,401][0m Trial 16 finished with values: [0.07813, 25.53] with parameters: {'Vahp': -60.0, 'Vth': -57.0, 'Vmax': 16.0, 't_ref': 18.5, 'R': 0.6, 'tau_m': 5.0, 'R_adp': 0.2, 'tau_w': 44.0, 'a': 155.5, 'rate_low': 33.0, 'rate_high': 36.0}.[0m
2021-04-20 19:55:18.725726: I tensorflow/compiler/jit/xla_gpu_device.cc:99] Not creating XLA devices, tf_xla_enable_xla_devices not set
maxFreq at 10nA: 63.0
2021-04-20 19:55:38.785706: I tensorflow/compiler/jit/xla_gpu_device.cc:99] Not creating XLA devices, tf_xla_enable_xla_devices not set
2021-04-20 19:55:46.455416: I tensorflow/compiler/jit/xla_gpu_device.cc:99] Not creating XLA devices, tf_xla_enable_xla_devices not set
mse and spike frequency: 0.01517 12.97
[32m[I 2021-04-20 19:55:52,892][0m Trial 17 finished with values: [0.01517, 12.97] with parameters: {'Vahp': -40.5, 'Vth': -28.5, 'Vmax': 26.5, 't_ref': 15.0, 'R': 0.8, 'tau_m': 340.0, 'R_adp': 0.7000000000000001, 'tau_w': 176.5, 'a': 168.0, 'rate_low': 48.0, 'rate_high': 50.0}.[0m
2021-04-20 19:55:53.247956: I tensorflow/compiler/jit/xla_gpu_device.cc:99] Not creating XLA devices, tf_xla_enable_xla_devices not set
maxFreq at 10nA: 1000.0
2021-04-20 19:56:13.726128: I tensorflow/compiler/jit/xla_gpu_device.cc:99] Not creating XLA devices, tf_xla_enable_xla_devices not set
2021-04-20 19:56:20.966715: I tensorflow/compiler/jit/xla_gpu_device.cc:99] Not creating XLA devices, tf_xla_enable_xla_devices not set
mse and spike frequency: 0.09996 1000.1
[32m[I 2021-04-20 19:56:27,506][0m Trial 18 finished with values: [0.09996, 1000.1] with parameters: {'Vahp': -47.5, 'Vth': -60.0, 'Vmax': 23.0, 't_ref': 12.5, 'R': 0.9, 'tau_m': 250.0, 'R_adp': 0.2, 'tau_w': 99.0, 'a': 296.5, 'rate_low': 7.5, 'rate_high': 40.0}.[0m
2021-04-20 19:56:27.848807: I tensorflow/compiler/jit/xla_gpu_device.cc:99] Not creating XLA devices, tf_xla_enable_xla_devices not set
maxFreq at 10nA: 1000.0
2021-04-20 19:56:48.823023: I tensorflow/compiler/jit/xla_gpu_device.cc:99] Not creating XLA devices, tf_xla_enable_xla_devices not set
2021-04-20 19:56:55.970776: I tensorflow/compiler/jit/xla_gpu_device.cc:99] Not creating XLA devices, tf_xla_enable_xla_devices not set
mse and spike frequency: 0.09995 0.0
[32m[I 2021-04-20 19:57:02,538][0m Trial 19 finished with values: [0.09995, 0.0] with parameters: {'Vahp': -37.0, 'Vth': -37.5, 'Vmax': 12.5, 't_ref': 16.5, 'R': 0.5, 'tau_m': 108.0, 'R_adp': 0.5, 'tau_w': 409.5, 'a': 278.5, 'rate_low': 21.0, 'rate_high': 26.0}.[0m
2021-04-20 19:57:02.900407: I tensorflow/compiler/jit/xla_gpu_device.cc:99] Not creating XLA devices, tf_xla_enable_xla_devices not set
maxFreq at 10nA: 59.0
2021-04-20 19:57:23.590935: I tensorflow/compiler/jit/xla_gpu_device.cc:99] Not creating XLA devices, tf_xla_enable_xla_devices not set
2021-04-20 19:57:31.093436: I tensorflow/compiler/jit/xla_gpu_device.cc:99] Not creating XLA devices, tf_xla_enable_xla_devices not set
mse and spike frequency: 0.00645 8.48
[32m[I 2021-04-20 19:57:37,459][0m Trial 20 finished with values: [0.00645, 8.48] with parameters: {'Vahp': -43.0, 'Vth': -38.5, 'Vmax': 29.0, 't_ref': 16.0, 'R': 0.5, 'tau_m': 387.0, 'R_adp': 0.9, 'tau_w': 0.5, 'a': 203.5, 'rate_low': 3.5, 'rate_high': 49.0}.[0m
2021-04-20 19:57:37.979178: I tensorflow/compiler/jit/xla_gpu_device.cc:99] Not creating XLA devices, tf_xla_enable_xla_devices not set
maxFreq at 10nA: 72.0
2021-04-20 19:57:58.744593: I tensorflow/compiler/jit/xla_gpu_device.cc:99] Not creating XLA devices, tf_xla_enable_xla_devices not set
2021-04-20 19:58:06.588738: I tensorflow/compiler/jit/xla_gpu_device.cc:99] Not creating XLA devices, tf_xla_enable_xla_devices not set
mse and spike frequency: 0.12319 2.46
[32m[I 2021-04-20 19:58:13,197][0m Trial 21 finished with values: [0.12319, 2.46] with parameters: {'Vahp': -38.0, 'Vth': -37.0, 'Vmax': 21.5, 't_ref': 12.5, 'R': 0.6, 'tau_m': 82.5, 'R_adp': 0.7000000000000001, 'tau_w': 245.5, 'a': 469.5, 'rate_low': 16.5, 'rate_high': 19.0}.[0m
2021-04-20 19:58:13.577881: I tensorflow/compiler/jit/xla_gpu_device.cc:99] Not creating XLA devices, tf_xla_enable_xla_devices not set
maxFreq at 10nA: 1000.0
2021-04-20 19:58:35.042843: I tensorflow/compiler/jit/xla_gpu_device.cc:99] Not creating XLA devices, tf_xla_enable_xla_devices not set
2021-04-20 19:58:43.128203: I tensorflow/compiler/jit/xla_gpu_device.cc:99] Not creating XLA devices, tf_xla_enable_xla_devices not set
mse and spike frequency: 0.09995 0.0
[32m[I 2021-04-20 19:58:50,075][0m Trial 22 finished with values: [0.09995, 0.0] with parameters: {'Vahp': -31.5, 'Vth': -54.5, 'Vmax': 16.0, 't_ref': 5.5, 'R': 0.7000000000000001, 'tau_m': 33.5, 'R_adp': 0.1, 'tau_w': 92.5, 'a': 419.5, 'rate_low': 26.0, 'rate_high': 36.0}.[0m
2021-04-20 19:58:50.442506: I tensorflow/compiler/jit/xla_gpu_device.cc:99] Not creating XLA devices, tf_xla_enable_xla_devices not set
maxFreq at 10nA: 1000.0
2021-04-20 19:59:11.725846: I tensorflow/compiler/jit/xla_gpu_device.cc:99] Not creating XLA devices, tf_xla_enable_xla_devices not set
2021-04-20 19:59:20.294166: I tensorflow/compiler/jit/xla_gpu_device.cc:99] Not creating XLA devices, tf_xla_enable_xla_devices not set
mse and spike frequency: 0.09995 0.0
[32m[I 2021-04-20 19:59:27,354][0m Trial 23 finished with values: [0.09995, 0.0] with parameters: {'Vahp': -30.0, 'Vth': -48.5, 'Vmax': 18.5, 't_ref': 16.0, 'R': 0.9, 'tau_m': 54.5, 'R_adp': 0.30000000000000004, 'tau_w': 124.5, 'a': 243.5, 'rate_low': 0.5, 'rate_high': 44.0}.[0m
2021-04-20 19:59:27.710696: I tensorflow/compiler/jit/xla_gpu_device.cc:99] Not creating XLA devices, tf_xla_enable_xla_devices not set
maxFreq at 10nA: 1000.0
2021-04-20 19:59:49.467414: I tensorflow/compiler/jit/xla_gpu_device.cc:99] Not creating XLA devices, tf_xla_enable_xla_devices not set
2021-04-20 19:59:58.117931: I tensorflow/compiler/jit/xla_gpu_device.cc:99] Not creating XLA devices, tf_xla_enable_xla_devices not set
mse and spike frequency: 0.09995 0.0
[32m[I 2021-04-20 20:00:05,276][0m Trial 24 finished with values: [0.09995, 0.0] with parameters: {'Vahp': -49.5, 'Vth': -51.5, 'Vmax': 22.0, 't_ref': 8.0, 'R': 0.30000000000000004, 'tau_m': 414.0, 'R_adp': 0.4, 'tau_w': 483.0, 'a': 405.5, 'rate_low': 21.0, 'rate_high': 32.5}.[0m
2021-04-20 20:00:05.644752: I tensorflow/compiler/jit/xla_gpu_device.cc:99] Not creating XLA devices, tf_xla_enable_xla_devices not set
maxFreq at 10nA: 48.0
2021-04-20 20:00:27.117745: I tensorflow/compiler/jit/xla_gpu_device.cc:99] Not creating XLA devices, tf_xla_enable_xla_devices not set
2021-04-20 20:00:35.488303: I tensorflow/compiler/jit/xla_gpu_device.cc:99] Not creating XLA devices, tf_xla_enable_xla_devices not set
mse and spike frequency: 0.00685 6.43
[32m[I 2021-04-20 20:00:42,674][0m Trial 25 finished with values: [0.00685, 6.43] with parameters: {'Vahp': -58.5, 'Vth': -40.0, 'Vmax': 29.0, 't_ref': 18.5, 'R': 0.4, 'tau_m': 275.5, 'R_adp': 0.8, 'tau_w': 6.5, 'a': 196.5, 'rate_low': 12.5, 'rate_high': 15.5}.[0m
2021-04-20 20:00:43.050437: I tensorflow/compiler/jit/xla_gpu_device.cc:99] Not creating XLA devices, tf_xla_enable_xla_devices not set
maxFreq at 10nA: 88.0
2021-04-20 20:01:04.582458: I tensorflow/compiler/jit/xla_gpu_device.cc:99] Not creating XLA devices, tf_xla_enable_xla_devices not set
2021-04-20 20:01:13.282907: I tensorflow/compiler/jit/xla_gpu_device.cc:99] Not creating XLA devices, tf_xla_enable_xla_devices not set
mse and spike frequency: 2.68293 13.41
