[32m[I 2021-04-20 21:21:48,873][0m Trial 120 finished with values: [0.01579, 4.5] with parameters: {'Vahp': -36.5, 'Vth': -21.0, 'Vmax': 10.5, 't_ref': 14.5, 'R': 0.2, 'tau_m': 137.0, 'rate_low': 19.0, 'rate_high': 7.0}.[0m
2021-04-20 21:21:49.539823: I tensorflow/compiler/jit/xla_gpu_device.cc:99] Not creating XLA devices, tf_xla_enable_xla_devices not set
maxFreq at 10nA: 56.0
2021-04-20 21:22:19.465128: I tensorflow/compiler/jit/xla_gpu_device.cc:99] Not creating XLA devices, tf_xla_enable_xla_devices not set
2021-04-20 21:22:39.331154: I tensorflow/compiler/jit/xla_gpu_device.cc:99] Not creating XLA devices, tf_xla_enable_xla_devices not set
mse and spike frequency: 0.00766 15.9
[32m[I 2021-04-20 21:22:58,205][0m Trial 121 finished with values: [0.00766, 15.9] with parameters: {'Vahp': -54.0, 'Vth': -45.5, 'Vmax': 27.0, 't_ref': 16.5, 'R': 1.0, 'tau_m': 326.5, 'rate_low': 11.5, 'rate_high': 37.5}.[0m
2021-04-20 21:22:58.835919: I tensorflow/compiler/jit/xla_gpu_device.cc:99] Not creating XLA devices, tf_xla_enable_xla_devices not set
maxFreq at 10nA: 333.0
2021-04-20 21:23:29.336695: I tensorflow/compiler/jit/xla_gpu_device.cc:99] Not creating XLA devices, tf_xla_enable_xla_devices not set
2021-04-20 21:23:49.405818: I tensorflow/compiler/jit/xla_gpu_device.cc:99] Not creating XLA devices, tf_xla_enable_xla_devices not set
mse and spike frequency: 0.00158 23.63
[32m[I 2021-04-20 21:24:08,397][0m Trial 122 finished with values: [0.00158, 23.63] with parameters: {'Vahp': -46.5, 'Vth': -30.0, 'Vmax': 18.5, 't_ref': 2.0, 'R': 0.9, 'tau_m': 466.5, 'rate_low': 23.0, 'rate_high': 49.5}.[0m
2021-04-20 21:24:09.004079: I tensorflow/compiler/jit/xla_gpu_device.cc:99] Not creating XLA devices, tf_xla_enable_xla_devices not set
maxFreq at 10nA: 1000.0
2021-04-20 21:24:38.877175: I tensorflow/compiler/jit/xla_gpu_device.cc:99] Not creating XLA devices, tf_xla_enable_xla_devices not set
2021-04-20 21:24:59.414269: I tensorflow/compiler/jit/xla_gpu_device.cc:99] Not creating XLA devices, tf_xla_enable_xla_devices not set
mse and spike frequency: 0.09995 0.0
[32m[I 2021-04-20 21:25:18,979][0m Trial 123 finished with values: [0.09995, 0.0] with parameters: {'Vahp': -20.0, 'Vth': -44.0, 'Vmax': 12.5, 't_ref': 1.0, 'R': 1.0, 'tau_m': 97.5, 'rate_low': 1.5, 'rate_high': 34.0}.[0m
2021-04-20 21:25:19.646123: I tensorflow/compiler/jit/xla_gpu_device.cc:99] Not creating XLA devices, tf_xla_enable_xla_devices not set
maxFreq at 10nA: 999.0
2021-04-20 21:25:49.974375: I tensorflow/compiler/jit/xla_gpu_device.cc:99] Not creating XLA devices, tf_xla_enable_xla_devices not set
2021-04-20 21:26:09.866672: I tensorflow/compiler/jit/xla_gpu_device.cc:99] Not creating XLA devices, tf_xla_enable_xla_devices not set
mse and spike frequency: 0.09995 0.0
[32m[I 2021-04-20 21:26:29,622][0m Trial 124 finished with values: [0.09995, 0.0] with parameters: {'Vahp': -21.0, 'Vth': -31.5, 'Vmax': 34.0, 't_ref': 9.5, 'R': 0.7000000000000001, 'tau_m': 396.0, 'rate_low': 11.0, 'rate_high': 31.0}.[0m
2021-04-20 21:26:30.247544: I tensorflow/compiler/jit/xla_gpu_device.cc:99] Not creating XLA devices, tf_xla_enable_xla_devices not set
maxFreq at 10nA: 1000.0
2021-04-20 21:26:59.636394: I tensorflow/compiler/jit/xla_gpu_device.cc:99] Not creating XLA devices, tf_xla_enable_xla_devices not set
2021-04-20 21:27:20.026632: I tensorflow/compiler/jit/xla_gpu_device.cc:99] Not creating XLA devices, tf_xla_enable_xla_devices not set
mse and spike frequency: 0.09995 0.0
[32m[I 2021-04-20 21:27:40,030][0m Trial 125 finished with values: [0.09995, 0.0] with parameters: {'Vahp': -30.5, 'Vth': -47.0, 'Vmax': 31.0, 't_ref': 20.0, 'R': 1.0, 'tau_m': 459.0, 'rate_low': 20.0, 'rate_high': 41.5}.[0m
2021-04-20 21:27:40.700051: I tensorflow/compiler/jit/xla_gpu_device.cc:99] Not creating XLA devices, tf_xla_enable_xla_devices not set
maxFreq at 10nA: 1000.0
2021-04-20 21:28:10.453827: I tensorflow/compiler/jit/xla_gpu_device.cc:99] Not creating XLA devices, tf_xla_enable_xla_devices not set
2021-04-20 21:28:31.202931: I tensorflow/compiler/jit/xla_gpu_device.cc:99] Not creating XLA devices, tf_xla_enable_xla_devices not set
mse and spike frequency: 0.09995 0.0
[32m[I 2021-04-20 21:28:51,156][0m Trial 126 finished with values: [0.09995, 0.0] with parameters: {'Vahp': -20.0, 'Vth': -48.0, 'Vmax': 14.0, 't_ref': 11.0, 'R': 1.0, 'tau_m': 326.5, 'rate_low': 1.5, 'rate_high': 37.5}.[0m
2021-04-20 21:28:51.776020: I tensorflow/compiler/jit/xla_gpu_device.cc:99] Not creating XLA devices, tf_xla_enable_xla_devices not set
maxFreq at 10nA: 1000.0
2021-04-20 21:29:22.569547: I tensorflow/compiler/jit/xla_gpu_device.cc:99] Not creating XLA devices, tf_xla_enable_xla_devices not set
2021-04-20 21:29:42.785512: I tensorflow/compiler/jit/xla_gpu_device.cc:99] Not creating XLA devices, tf_xla_enable_xla_devices not set
mse and spike frequency: 0.09996 1000.1
[32m[I 2021-04-20 21:30:02,734][0m Trial 127 finished with values: [0.09996, 1000.1] with parameters: {'Vahp': -52.5, 'Vth': -58.5, 'Vmax': 22.5, 't_ref': 1.5, 'R': 0.9, 'tau_m': 186.5, 'rate_low': 23.0, 'rate_high': 42.0}.[0m
2021-04-20 21:30:03.338292: I tensorflow/compiler/jit/xla_gpu_device.cc:99] Not creating XLA devices, tf_xla_enable_xla_devices not set
maxFreq at 10nA: 111.0
2021-04-20 21:30:34.119560: I tensorflow/compiler/jit/xla_gpu_device.cc:99] Not creating XLA devices, tf_xla_enable_xla_devices not set
2021-04-20 21:30:55.003024: I tensorflow/compiler/jit/xla_gpu_device.cc:99] Not creating XLA devices, tf_xla_enable_xla_devices not set
mse and spike frequency: 0.00254 16.51
[32m[I 2021-04-20 21:31:15,703][0m Trial 128 finished with values: [0.00254, 16.51] with parameters: {'Vahp': -53.0, 'Vth': -33.5, 'Vmax': 29.5, 't_ref': 6.5, 'R': 0.6, 'tau_m': 459.0, 'rate_low': 42.0, 'rate_high': 26.0}.[0m
2021-04-20 21:31:16.315375: I tensorflow/compiler/jit/xla_gpu_device.cc:99] Not creating XLA devices, tf_xla_enable_xla_devices not set
maxFreq at 10nA: 1000.0
2021-04-20 21:31:47.531377: I tensorflow/compiler/jit/xla_gpu_device.cc:99] Not creating XLA devices, tf_xla_enable_xla_devices not set
2021-04-20 21:32:08.342435: I tensorflow/compiler/jit/xla_gpu_device.cc:99] Not creating XLA devices, tf_xla_enable_xla_devices not set
mse and spike frequency: 0.09995 0.0
[32m[I 2021-04-20 21:32:29,830][0m Trial 129 finished with values: [0.09995, 0.0] with parameters: {'Vahp': -39.0, 'Vth': -45.5, 'Vmax': 40.0, 't_ref': 7.0, 'R': 0.6, 'tau_m': 135.0, 'rate_low': 24.0, 'rate_high': 17.0}.[0m
2021-04-20 21:32:30.456547: I tensorflow/compiler/jit/xla_gpu_device.cc:99] Not creating XLA devices, tf_xla_enable_xla_devices not set
maxFreq at 10nA: 1000.0
2021-04-20 21:33:02.460660: I tensorflow/compiler/jit/xla_gpu_device.cc:99] Not creating XLA devices, tf_xla_enable_xla_devices not set
2021-04-20 21:33:23.281679: I tensorflow/compiler/jit/xla_gpu_device.cc:99] Not creating XLA devices, tf_xla_enable_xla_devices not set
mse and spike frequency: 0.09995 0.0
[32m[I 2021-04-20 21:33:44,964][0m Trial 130 finished with values: [0.09995, 0.0] with parameters: {'Vahp': -47.0, 'Vth': -49.0, 'Vmax': 19.5, 't_ref': 2.0, 'R': 0.9, 'tau_m': 357.0, 'rate_low': 10.0, 'rate_high': 49.5}.[0m
2021-04-20 21:33:45.595523: I tensorflow/compiler/jit/xla_gpu_device.cc:99] Not creating XLA devices, tf_xla_enable_xla_devices not set
maxFreq at 10nA: 59.0
2021-04-20 21:34:17.755014: I tensorflow/compiler/jit/xla_gpu_device.cc:99] Not creating XLA devices, tf_xla_enable_xla_devices not set
2021-04-20 21:34:38.433884: I tensorflow/compiler/jit/xla_gpu_device.cc:99] Not creating XLA devices, tf_xla_enable_xla_devices not set
mse and spike frequency: 0.01407 25.93
[32m[I 2021-04-20 21:34:59,804][0m Trial 131 finished with values: [0.01407, 25.93] with parameters: {'Vahp': -46.5, 'Vth': -24.5, 'Vmax': 40.0, 't_ref': 16.0, 'R': 0.8, 'tau_m': 58.0, 'rate_low': 47.0, 'rate_high': 49.0}.[0m
2021-04-20 21:35:00.510495: I tensorflow/compiler/jit/xla_gpu_device.cc:99] Not creating XLA devices, tf_xla_enable_xla_devices not set
maxFreq at 10nA: 999.0
2021-04-20 21:35:32.654472: I tensorflow/compiler/jit/xla_gpu_device.cc:99] Not creating XLA devices, tf_xla_enable_xla_devices not set
2021-04-20 21:35:53.389216: I tensorflow/compiler/jit/xla_gpu_device.cc:99] Not creating XLA devices, tf_xla_enable_xla_devices not set
mse and spike frequency: 0.09995 0.0
[32m[I 2021-04-20 21:36:15,292][0m Trial 132 finished with values: [0.09995, 0.0] with parameters: {'Vahp': -29.0, 'Vth': -33.5, 'Vmax': 38.0, 't_ref': 10.5, 'R': 0.6, 'tau_m': 459.0, 'rate_low': 17.5, 'rate_high': 50.0}.[0m
2021-04-20 21:36:15.988073: I tensorflow/compiler/jit/xla_gpu_device.cc:99] Not creating XLA devices, tf_xla_enable_xla_devices not set
maxFreq at 10nA: 996.0
2021-04-20 21:36:49.292611: I tensorflow/compiler/jit/xla_gpu_device.cc:99] Not creating XLA devices, tf_xla_enable_xla_devices not set
2021-04-20 21:37:10.294628: I tensorflow/compiler/jit/xla_gpu_device.cc:99] Not creating XLA devices, tf_xla_enable_xla_devices not set
mse and spike frequency: 0.09995 0.0
[32m[I 2021-04-20 21:37:32,097][0m Trial 133 finished with values: [0.09995, 0.0] with parameters: {'Vahp': -21.0, 'Vth': -24.0, 'Vmax': 20.0, 't_ref': 9.0, 'R': 0.2, 'tau_m': 275.0, 'rate_low': 11.0, 'rate_high': 43.0}.[0m
2021-04-20 21:37:32.835180: I tensorflow/compiler/jit/xla_gpu_device.cc:99] Not creating XLA devices, tf_xla_enable_xla_devices not set
maxFreq at 10nA: 1000.0
2021-04-20 21:38:05.034253: I tensorflow/compiler/jit/xla_gpu_device.cc:99] Not creating XLA devices, tf_xla_enable_xla_devices not set
2021-04-20 21:38:25.476418: I tensorflow/compiler/jit/xla_gpu_device.cc:99] Not creating XLA devices, tf_xla_enable_xla_devices not set
mse and spike frequency: 0.09995 0.0
[32m[I 2021-04-20 21:38:47,284][0m Trial 134 finished with values: [0.09995, 0.0] with parameters: {'Vahp': -22.0, 'Vth': -36.0, 'Vmax': 28.5, 't_ref': 9.5, 'R': 1.0, 'tau_m': 223.5, 'rate_low': 37.0, 'rate_high': 26.0}.[0m
2021-04-20 21:38:47.994347: I tensorflow/compiler/jit/xla_gpu_device.cc:99] Not creating XLA devices, tf_xla_enable_xla_devices not set
maxFreq at 10nA: 500.0
2021-04-20 21:39:20.751270: I tensorflow/compiler/jit/xla_gpu_device.cc:99] Not creating XLA devices, tf_xla_enable_xla_devices not set
2021-04-20 21:39:42.330917: I tensorflow/compiler/jit/xla_gpu_device.cc:99] Not creating XLA devices, tf_xla_enable_xla_devices not set
mse and spike frequency: 0.00154 39.68
[32m[I 2021-04-20 21:40:03,716][0m Trial 135 finished with values: [0.00154, 39.68] with parameters: {'Vahp': -40.5, 'Vth': -23.5, 'Vmax': 14.0, 't_ref': 0.5, 'R': 0.5, 'tau_m': 255.0, 'rate_low': 50.0, 'rate_high': 50.0}.[0m
2021-04-20 21:40:04.447539: I tensorflow/compiler/jit/xla_gpu_device.cc:99] Not creating XLA devices, tf_xla_enable_xla_devices not set
maxFreq at 10nA: 1000.0
2021-04-20 21:40:36.597155: I tensorflow/compiler/jit/xla_gpu_device.cc:99] Not creating XLA devices, tf_xla_enable_xla_devices not set
2021-04-20 21:40:58.606963: I tensorflow/compiler/jit/xla_gpu_device.cc:99] Not creating XLA devices, tf_xla_enable_xla_devices not set
mse and spike frequency: 0.09995 0.0
[32m[I 2021-04-20 21:41:19,374][0m Trial 136 finished with values: [0.09995, 0.0] with parameters: {'Vahp': -33.5, 'Vth': -43.0, 'Vmax': 27.0, 't_ref': 16.5, 'R': 1.0, 'tau_m': 326.5, 'rate_low': 11.5, 'rate_high': 37.5}.[0m
2021-04-20 21:41:20.130452: I tensorflow/compiler/jit/xla_gpu_device.cc:99] Not creating XLA devices, tf_xla_enable_xla_devices not set
maxFreq at 10nA: 125.0
2021-04-20 21:41:52.268037: I tensorflow/compiler/jit/xla_gpu_device.cc:99] Not creating XLA devices, tf_xla_enable_xla_devices not set
2021-04-20 21:42:13.198567: I tensorflow/compiler/jit/xla_gpu_device.cc:99] Not creating XLA devices, tf_xla_enable_xla_devices not set
mse and spike frequency: 0.0036 29.03
[32m[I 2021-04-20 21:42:34,340][0m Trial 137 finished with values: [0.0036, 29.03] with parameters: {'Vahp': -52.0, 'Vth': -33.5, 'Vmax': 38.0, 't_ref': 6.5, 'R': 0.6, 'tau_m': 161.5, 'rate_low': 34.5, 'rate_high': 40.5}.[0m
2021-04-20 21:42:35.044324: I tensorflow/compiler/jit/xla_gpu_device.cc:99] Not creating XLA devices, tf_xla_enable_xla_devices not set
maxFreq at 10nA: 56.0
2021-04-20 21:43:07.404689: I tensorflow/compiler/jit/xla_gpu_device.cc:99] Not creating XLA devices, tf_xla_enable_xla_devices not set
2021-04-20 21:43:29.212578: I tensorflow/compiler/jit/xla_gpu_device.cc:99] Not creating XLA devices, tf_xla_enable_xla_devices not set
mse and spike frequency: 0.00875 10.73
[32m[I 2021-04-20 21:43:50,179][0m Trial 138 finished with values: [0.00875, 10.73] with parameters: {'Vahp': -46.5, 'Vth': -24.0, 'Vmax': 39.0, 't_ref': 16.0, 'R': 0.1, 'tau_m': 58.0, 'rate_low': 42.0, 'rate_high': 42.0}.[0m
2021-04-20 21:43:50.941432: I tensorflow/compiler/jit/xla_gpu_device.cc:99] Not creating XLA devices, tf_xla_enable_xla_devices not set
maxFreq at 10nA: 1000.0
2021-04-20 21:44:23.326298: I tensorflow/compiler/jit/xla_gpu_device.cc:99] Not creating XLA devices, tf_xla_enable_xla_devices not set
2021-04-20 21:44:44.985060: I tensorflow/compiler/jit/xla_gpu_device.cc:99] Not creating XLA devices, tf_xla_enable_xla_devices not set
mse and spike frequency: 0.09995 0.0
[32m[I 2021-04-20 21:45:06,181][0m Trial 139 finished with values: [0.09995, 0.0] with parameters: {'Vahp': -26.5, 'Vth': -50.0, 'Vmax': 14.5, 't_ref': 5.0, 'R': 1.0, 'tau_m': 97.5, 'rate_low': 41.0, 'rate_high': 50.0}.[0m
2021-04-20 21:45:07.279623: I tensorflow/compiler/jit/xla_gpu_device.cc:99] Not creating XLA devices, tf_xla_enable_xla_devices not set
maxFreq at 10nA: 167.0
2021-04-20 21:45:39.896026: I tensorflow/compiler/jit/xla_gpu_device.cc:99] Not creating XLA devices, tf_xla_enable_xla_devices not set
2021-04-20 21:46:01.662843: I tensorflow/compiler/jit/xla_gpu_device.cc:99] Not creating XLA devices, tf_xla_enable_xla_devices not set
mse and spike frequency: 0.01594 2.82
[32m[I 2021-04-20 21:46:22,988][0m Trial 140 finished with values: [0.01594, 2.82] with parameters: {'Vahp': -53.0, 'Vth': -22.0, 'Vmax': 24.0, 't_ref': 1.5, 'R': 0.1, 'tau_m': 100.5, 'rate_low': 15.0, 'rate_high': 42.5}.[0m
2021-04-20 21:46:23.840618: I tensorflow/compiler/jit/xla_gpu_device.cc:99] Not creating XLA devices, tf_xla_enable_xla_devices not set
maxFreq at 10nA: 1000.0
2021-04-20 21:46:56.750912: I tensorflow/compiler/jit/xla_gpu_device.cc:99] Not creating XLA devices, tf_xla_enable_xla_devices not set
2021-04-20 21:47:17.952308: I tensorflow/compiler/jit/xla_gpu_device.cc:99] Not creating XLA devices, tf_xla_enable_xla_devices not set
mse and spike frequency: 0.09995 0.0
[32m[I 2021-04-20 21:47:38,781][0m Trial 141 finished with values: [0.09995, 0.0] with parameters: {'Vahp': -25.0, 'Vth': -49.5, 'Vmax': 40.0, 't_ref': 7.0, 'R': 0.6, 'tau_m': 334.0, 'rate_low': 47.0, 'rate_high': 49.5}.[0m
2021-04-20 21:47:39.668904: I tensorflow/compiler/jit/xla_gpu_device.cc:99] Not creating XLA devices, tf_xla_enable_xla_devices not set
maxFreq at 10nA: 111.0
2021-04-20 21:48:12.723645: I tensorflow/compiler/jit/xla_gpu_device.cc:99] Not creating XLA devices, tf_xla_enable_xla_devices not set
2021-04-20 21:48:34.720716: I tensorflow/compiler/jit/xla_gpu_device.cc:99] Not creating XLA devices, tf_xla_enable_xla_devices not set
mse and spike frequency: 0.00241 12.79
[32m[I 2021-04-20 21:48:56,280][0m Trial 142 finished with values: [0.00241, 12.79] with parameters: {'Vahp': -50.5, 'Vth': -20.5, 'Vmax': 12.0, 't_ref': 7.0, 'R': 0.6, 'tau_m': 211.5, 'rate_low': 17.5, 'rate_high': 41.0}.[0m
2021-04-20 21:48:57.037700: I tensorflow/compiler/jit/xla_gpu_device.cc:99] Not creating XLA devices, tf_xla_enable_xla_devices not set
maxFreq at 10nA: 1000.0
2021-04-20 21:49:30.240676: I tensorflow/compiler/jit/xla_gpu_device.cc:99] Not creating XLA devices, tf_xla_enable_xla_devices not set
2021-04-20 21:49:52.427514: I tensorflow/compiler/jit/xla_gpu_device.cc:99] Not creating XLA devices, tf_xla_enable_xla_devices not set
mse and spike frequency: 0.09995 0.0
[32m[I 2021-04-20 21:50:13,972][0m Trial 143 finished with values: [0.09995, 0.0] with parameters: {'Vahp': -33.5, 'Vth': -43.0, 'Vmax': 20.0, 't_ref': 5.0, 'R': 0.8, 'tau_m': 94.5, 'rate_low': 22.0, 'rate_high': 26.5}.[0m
2021-04-20 21:50:14.640159: I tensorflow/compiler/jit/xla_gpu_device.cc:99] Not creating XLA devices, tf_xla_enable_xla_devices not set
maxFreq at 10nA: 1000.0
2021-04-20 21:50:47.144365: I tensorflow/compiler/jit/xla_gpu_device.cc:99] Not creating XLA devices, tf_xla_enable_xla_devices not set
2021-04-20 21:51:08.966714: I tensorflow/compiler/jit/xla_gpu_device.cc:99] Not creating XLA devices, tf_xla_enable_xla_devices not set
mse and spike frequency: 0.09995 0.0
[32m[I 2021-04-20 21:51:29,974][0m Trial 144 finished with values: [0.09995, 0.0] with parameters: {'Vahp': -24.5, 'Vth': -57.5, 'Vmax': 14.0, 't_ref': 16.5, 'R': 1.0, 'tau_m': 97.5, 'rate_low': 1.5, 'rate_high': 21.0}.[0m
2021-04-20 21:51:30.737436: I tensorflow/compiler/jit/xla_gpu_device.cc:99] Not creating XLA devices, tf_xla_enable_xla_devices not set
maxFreq at 10nA: 1000.0
2021-04-20 21:52:04.185001: I tensorflow/compiler/jit/xla_gpu_device.cc:99] Not creating XLA devices, tf_xla_enable_xla_devices not set
2021-04-20 21:52:26.184230: I tensorflow/compiler/jit/xla_gpu_device.cc:99] Not creating XLA devices, tf_xla_enable_xla_devices not set
mse and spike frequency: 0.09995 0.0
[32m[I 2021-04-20 21:52:47,302][0m Trial 145 finished with values: [0.09995, 0.0] with parameters: {'Vahp': -30.5, 'Vth': -57.5, 'Vmax': 27.0, 't_ref': 7.0, 'R': 0.1, 'tau_m': 97.5, 'rate_low': 48.5, 'rate_high': 17.0}.[0m
2021-04-20 21:52:48.114834: I tensorflow/compiler/jit/xla_gpu_device.cc:99] Not creating XLA devices, tf_xla_enable_xla_devices not set
maxFreq at 10nA: 53.0
2021-04-20 21:53:21.022468: I tensorflow/compiler/jit/xla_gpu_device.cc:99] Not creating XLA devices, tf_xla_enable_xla_devices not set
2021-04-20 21:53:42.559298: I tensorflow/compiler/jit/xla_gpu_device.cc:99] Not creating XLA devices, tf_xla_enable_xla_devices not set
mse and spike frequency: 0.0062 10.47
[32m[I 2021-04-20 21:54:03,962][0m Trial 146 finished with values: [0.0062, 10.47] with parameters: {'Vahp': -24.5, 'Vth': -20.0, 'Vmax': 19.5, 't_ref': 17.5, 'R': 0.30000000000000004, 'tau_m': 410.0, 'rate_low': 15.0, 'rate_high': 48.0}.[0m
2021-04-20 21:54:04.820244: I tensorflow/compiler/jit/xla_gpu_device.cc:99] Not creating XLA devices, tf_xla_enable_xla_devices not set
maxFreq at 10nA: 999.0
2021-04-20 21:54:38.099349: I tensorflow/compiler/jit/xla_gpu_device.cc:99] Not creating XLA devices, tf_xla_enable_xla_devices not set
2021-04-20 21:55:00.135739: I tensorflow/compiler/jit/xla_gpu_device.cc:99] Not creating XLA devices, tf_xla_enable_xla_devices not set
mse and spike frequency: 0.09995 0.0
[32m[I 2021-04-20 21:55:21,858][0m Trial 147 finished with values: [0.09995, 0.0] with parameters: {'Vahp': -36.5, 'Vth': -47.0, 'Vmax': 30.5, 't_ref': 4.0, 'R': 0.2, 'tau_m': 261.0, 'rate_low': 4.5, 'rate_high': 29.5}.[0m
2021-04-20 21:55:22.790578: I tensorflow/compiler/jit/xla_gpu_device.cc:99] Not creating XLA devices, tf_xla_enable_xla_devices not set
maxFreq at 10nA: 1000.0
2021-04-20 21:55:56.737560: I tensorflow/compiler/jit/xla_gpu_device.cc:99] Not creating XLA devices, tf_xla_enable_xla_devices not set
2021-04-20 21:56:18.541436: I tensorflow/compiler/jit/xla_gpu_device.cc:99] Not creating XLA devices, tf_xla_enable_xla_devices not set
mse and spike frequency: 0.09995 0.0
[32m[I 2021-04-20 21:56:39,988][0m Trial 148 finished with values: [0.09995, 0.0] with parameters: {'Vahp': -33.5, 'Vth': -43.0, 'Vmax': 20.0, 't_ref': 14.5, 'R': 0.8, 'tau_m': 275.0, 'rate_low': 22.0, 'rate_high': 26.5}.[0m
2021-04-20 21:56:40.883160: I tensorflow/compiler/jit/xla_gpu_device.cc:99] Not creating XLA devices, tf_xla_enable_xla_devices not set
maxFreq at 10nA: 1000.0
2021-04-20 21:57:15.321777: I tensorflow/compiler/jit/xla_gpu_device.cc:99] Not creating XLA devices, tf_xla_enable_xla_devices not set
2021-04-20 21:57:37.205522: I tensorflow/compiler/jit/xla_gpu_device.cc:99] Not creating XLA devices, tf_xla_enable_xla_devices not set
mse and spike frequency: 0.09995 0.0
[32m[I 2021-04-20 21:57:58,648][0m Trial 149 finished with values: [0.09995, 0.0] with parameters: {'Vahp': -35.5, 'Vth': -51.0, 'Vmax': 23.0, 't_ref': 6.5, 'R': 0.5, 'tau_m': 211.5, 'rate_low': 50.0, 'rate_high': 50.0}.[0m
2021-04-20 21:57:59.596213: I tensorflow/compiler/jit/xla_gpu_device.cc:99] Not creating XLA devices, tf_xla_enable_xla_devices not set
maxFreq at 10nA: 250.0
2021-04-20 21:58:33.540780: I tensorflow/compiler/jit/xla_gpu_device.cc:99] Not creating XLA devices, tf_xla_enable_xla_devices not set
2021-04-20 21:58:55.580775: I tensorflow/compiler/jit/xla_gpu_device.cc:99] Not creating XLA devices, tf_xla_enable_xla_devices not set
mse and spike frequency: 0.09995 0.0
[32m[I 2021-04-20 21:59:17,941][0m Trial 150 finished with values: [0.09995, 0.0] with parameters: {'Vahp': -53.0, 'Vth': -51.0, 'Vmax': 22.5, 't_ref': 2.5, 'R': 1.0, 'tau_m': 334.0, 'rate_low': 42.0, 'rate_high': 10.5}.[0m
2021-04-20 21:59:18.678544: I tensorflow/compiler/jit/xla_gpu_device.cc:99] Not creating XLA devices, tf_xla_enable_xla_devices not set
maxFreq at 10nA: 999.0
2021-04-20 21:59:53.808564: I tensorflow/compiler/jit/xla_gpu_device.cc:99] Not creating XLA devices, tf_xla_enable_xla_devices not set
2021-04-20 22:00:16.400554: I tensorflow/compiler/jit/xla_gpu_device.cc:99] Not creating XLA devices, tf_xla_enable_xla_devices not set
mse and spike frequency: 0.09995 0.0
