[32m[I 2021-04-20 21:22:06,491][0m Trial 120 finished with values: [0.09995, 0.0] with parameters: {'Vahp': -26.5, 'Vth': -46.0, 'Vmax': 39.5, 't_ref': 8.0, 'R': 0.7000000000000001, 'tau_m': 106.5, 'rate_low': 19.0, 'rate_high': 48.0}.[0m
2021-04-20 21:22:07.153465: I tensorflow/compiler/jit/xla_gpu_device.cc:99] Not creating XLA devices, tf_xla_enable_xla_devices not set
maxFreq at 10nA: 46.0
2021-04-20 21:22:37.813170: I tensorflow/compiler/jit/xla_gpu_device.cc:99] Not creating XLA devices, tf_xla_enable_xla_devices not set
2021-04-20 21:22:58.187077: I tensorflow/compiler/jit/xla_gpu_device.cc:99] Not creating XLA devices, tf_xla_enable_xla_devices not set
mse and spike frequency: 0.09995 0.0
[32m[I 2021-04-20 21:23:17,071][0m Trial 121 finished with values: [0.09995, 0.0] with parameters: {'Vahp': -44.5, 'Vth': -29.5, 'Vmax': 26.5, 't_ref': 20.0, 'R': 0.30000000000000004, 'tau_m': 391.5, 'rate_low': 0.5, 'rate_high': 7.0}.[0m
2021-04-20 21:23:17.736217: I tensorflow/compiler/jit/xla_gpu_device.cc:99] Not creating XLA devices, tf_xla_enable_xla_devices not set
maxFreq at 10nA: 167.0
2021-04-20 21:23:48.851525: I tensorflow/compiler/jit/xla_gpu_device.cc:99] Not creating XLA devices, tf_xla_enable_xla_devices not set
2021-04-20 21:24:08.570518: I tensorflow/compiler/jit/xla_gpu_device.cc:99] Not creating XLA devices, tf_xla_enable_xla_devices not set
mse and spike frequency: 0.00212 11.73
[32m[I 2021-04-20 21:24:27,741][0m Trial 122 finished with values: [0.00212, 11.73] with parameters: {'Vahp': -50.0, 'Vth': -41.0, 'Vmax': 11.5, 't_ref': 5.0, 'R': 0.5, 'tau_m': 481.5, 'rate_low': 11.5, 'rate_high': 36.0}.[0m
2021-04-20 21:24:28.482470: I tensorflow/compiler/jit/xla_gpu_device.cc:99] Not creating XLA devices, tf_xla_enable_xla_devices not set
maxFreq at 10nA: 1000.0
2021-04-20 21:24:59.481423: I tensorflow/compiler/jit/xla_gpu_device.cc:99] Not creating XLA devices, tf_xla_enable_xla_devices not set
2021-04-20 21:25:19.472725: I tensorflow/compiler/jit/xla_gpu_device.cc:99] Not creating XLA devices, tf_xla_enable_xla_devices not set
mse and spike frequency: 0.09995 0.0
[32m[I 2021-04-20 21:25:38,207][0m Trial 123 finished with values: [0.09995, 0.0] with parameters: {'Vahp': -56.0, 'Vth': -57.0, 'Vmax': 19.0, 't_ref': 11.5, 'R': 0.5, 'tau_m': 92.0, 'rate_low': 1.5, 'rate_high': 41.5}.[0m
2021-04-20 21:25:38.838594: I tensorflow/compiler/jit/xla_gpu_device.cc:99] Not creating XLA devices, tf_xla_enable_xla_devices not set
maxFreq at 10nA: 1000.0
2021-04-20 21:26:09.618245: I tensorflow/compiler/jit/xla_gpu_device.cc:99] Not creating XLA devices, tf_xla_enable_xla_devices not set
2021-04-20 21:26:29.885537: I tensorflow/compiler/jit/xla_gpu_device.cc:99] Not creating XLA devices, tf_xla_enable_xla_devices not set
mse and spike frequency: 0.09995 0.0
[32m[I 2021-04-20 21:26:48,830][0m Trial 124 finished with values: [0.09995, 0.0] with parameters: {'Vahp': -35.0, 'Vth': -54.0, 'Vmax': 36.5, 't_ref': 6.5, 'R': 0.9, 'tau_m': 133.5, 'rate_low': 35.0, 'rate_high': 41.0}.[0m
2021-04-20 21:26:49.422689: I tensorflow/compiler/jit/xla_gpu_device.cc:99] Not creating XLA devices, tf_xla_enable_xla_devices not set
maxFreq at 10nA: 100.0
2021-04-20 21:27:20.287415: I tensorflow/compiler/jit/xla_gpu_device.cc:99] Not creating XLA devices, tf_xla_enable_xla_devices not set
2021-04-20 21:27:40.404522: I tensorflow/compiler/jit/xla_gpu_device.cc:99] Not creating XLA devices, tf_xla_enable_xla_devices not set
mse and spike frequency: 0.00585 5.08
[32m[I 2021-04-20 21:27:59,241][0m Trial 125 finished with values: [0.00585, 5.08] with parameters: {'Vahp': -49.5, 'Vth': -22.5, 'Vmax': 19.5, 't_ref': 6.5, 'R': 0.4, 'tau_m': 305.0, 'rate_low': 13.5, 'rate_high': 21.0}.[0m
2021-04-20 21:27:59.836846: I tensorflow/compiler/jit/xla_gpu_device.cc:99] Not creating XLA devices, tf_xla_enable_xla_devices not set
maxFreq at 10nA: 63.0
2021-04-20 21:28:30.782982: I tensorflow/compiler/jit/xla_gpu_device.cc:99] Not creating XLA devices, tf_xla_enable_xla_devices not set
2021-04-20 21:28:51.008658: I tensorflow/compiler/jit/xla_gpu_device.cc:99] Not creating XLA devices, tf_xla_enable_xla_devices not set
mse and spike frequency: 0.09995 0.0
[32m[I 2021-04-20 21:29:09,878][0m Trial 126 finished with values: [0.09995, 0.0] with parameters: {'Vahp': -59.5, 'Vth': -47.0, 'Vmax': 13.5, 't_ref': 15.0, 'R': 0.4, 'tau_m': 8.5, 'rate_low': 21.0, 'rate_high': 38.0}.[0m
2021-04-20 21:29:10.498498: I tensorflow/compiler/jit/xla_gpu_device.cc:99] Not creating XLA devices, tf_xla_enable_xla_devices not set
maxFreq at 10nA: 53.0
2021-04-20 21:29:41.373213: I tensorflow/compiler/jit/xla_gpu_device.cc:99] Not creating XLA devices, tf_xla_enable_xla_devices not set
2021-04-20 21:30:01.877261: I tensorflow/compiler/jit/xla_gpu_device.cc:99] Not creating XLA devices, tf_xla_enable_xla_devices not set
mse and spike frequency: 0.00841 9.23
[32m[I 2021-04-20 21:30:20,590][0m Trial 127 finished with values: [0.00841, 9.23] with parameters: {'Vahp': -45.0, 'Vth': -23.0, 'Vmax': 20.5, 't_ref': 17.0, 'R': 0.7000000000000001, 'tau_m': 319.0, 'rate_low': 22.5, 'rate_high': 13.0}.[0m
2021-04-20 21:30:21.229149: I tensorflow/compiler/jit/xla_gpu_device.cc:99] Not creating XLA devices, tf_xla_enable_xla_devices not set
maxFreq at 10nA: 1000.0
2021-04-20 21:30:51.572495: I tensorflow/compiler/jit/xla_gpu_device.cc:99] Not creating XLA devices, tf_xla_enable_xla_devices not set
2021-04-20 21:31:12.219911: I tensorflow/compiler/jit/xla_gpu_device.cc:99] Not creating XLA devices, tf_xla_enable_xla_devices not set
mse and spike frequency: 0.09995 0.0
[32m[I 2021-04-20 21:31:31,967][0m Trial 128 finished with values: [0.09995, 0.0] with parameters: {'Vahp': -56.0, 'Vth': -58.0, 'Vmax': 11.0, 't_ref': 11.0, 'R': 0.8, 'tau_m': 94.0, 'rate_low': 1.5, 'rate_high': 35.0}.[0m
2021-04-20 21:31:32.568383: I tensorflow/compiler/jit/xla_gpu_device.cc:99] Not creating XLA devices, tf_xla_enable_xla_devices not set
maxFreq at 10nA: 44.0
2021-04-20 21:32:03.391093: I tensorflow/compiler/jit/xla_gpu_device.cc:99] Not creating XLA devices, tf_xla_enable_xla_devices not set
2021-04-20 21:32:24.464152: I tensorflow/compiler/jit/xla_gpu_device.cc:99] Not creating XLA devices, tf_xla_enable_xla_devices not set
mse and spike frequency: 0.01015 7.17
[32m[I 2021-04-20 21:32:45,533][0m Trial 129 finished with values: [0.01015, 7.17] with parameters: {'Vahp': -51.0, 'Vth': -29.5, 'Vmax': 26.5, 't_ref': 20.0, 'R': 0.30000000000000004, 'tau_m': 313.0, 'rate_low': 41.0, 'rate_high': 7.0}.[0m
2021-04-20 21:32:46.154914: I tensorflow/compiler/jit/xla_gpu_device.cc:99] Not creating XLA devices, tf_xla_enable_xla_devices not set
maxFreq at 10nA: 1000.0
2021-04-20 21:33:16.752795: I tensorflow/compiler/jit/xla_gpu_device.cc:99] Not creating XLA devices, tf_xla_enable_xla_devices not set
2021-04-20 21:33:39.106564: I tensorflow/compiler/jit/xla_gpu_device.cc:99] Not creating XLA devices, tf_xla_enable_xla_devices not set
mse and spike frequency: 0.09995 0.0
[32m[I 2021-04-20 21:34:00,271][0m Trial 130 finished with values: [0.09995, 0.0] with parameters: {'Vahp': -20.5, 'Vth': -24.5, 'Vmax': 10.0, 't_ref': 17.0, 'R': 1.0, 'tau_m': 104.5, 'rate_low': 21.0, 'rate_high': 32.0}.[0m
2021-04-20 21:34:00.899987: I tensorflow/compiler/jit/xla_gpu_device.cc:99] Not creating XLA devices, tf_xla_enable_xla_devices not set
maxFreq at 10nA: 1000.0
2021-04-20 21:34:32.516128: I tensorflow/compiler/jit/xla_gpu_device.cc:99] Not creating XLA devices, tf_xla_enable_xla_devices not set
2021-04-20 21:34:55.185263: I tensorflow/compiler/jit/xla_gpu_device.cc:99] Not creating XLA devices, tf_xla_enable_xla_devices not set
mse and spike frequency: 0.09995 0.0
[32m[I 2021-04-20 21:35:16,330][0m Trial 131 finished with values: [0.09995, 0.0] with parameters: {'Vahp': -28.5, 'Vth': -52.5, 'Vmax': 14.0, 't_ref': 5.5, 'R': 0.4, 'tau_m': 134.5, 'rate_low': 13.5, 'rate_high': 44.0}.[0m
2021-04-20 21:35:16.960550: I tensorflow/compiler/jit/xla_gpu_device.cc:99] Not creating XLA devices, tf_xla_enable_xla_devices not set
maxFreq at 10nA: 1000.0
2021-04-20 21:35:48.178950: I tensorflow/compiler/jit/xla_gpu_device.cc:99] Not creating XLA devices, tf_xla_enable_xla_devices not set
2021-04-20 21:36:09.618184: I tensorflow/compiler/jit/xla_gpu_device.cc:99] Not creating XLA devices, tf_xla_enable_xla_devices not set
mse and spike frequency: 0.09995 0.0
[32m[I 2021-04-20 21:36:31,573][0m Trial 132 finished with values: [0.09995, 0.0] with parameters: {'Vahp': -28.5, 'Vth': -43.0, 'Vmax': 26.5, 't_ref': 10.0, 'R': 1.0, 'tau_m': 106.5, 'rate_low': 26.0, 'rate_high': 28.0}.[0m
2021-04-20 21:36:32.234971: I tensorflow/compiler/jit/xla_gpu_device.cc:99] Not creating XLA devices, tf_xla_enable_xla_devices not set
maxFreq at 10nA: 999.0
2021-04-20 21:37:03.931910: I tensorflow/compiler/jit/xla_gpu_device.cc:99] Not creating XLA devices, tf_xla_enable_xla_devices not set
2021-04-20 21:37:26.475034: I tensorflow/compiler/jit/xla_gpu_device.cc:99] Not creating XLA devices, tf_xla_enable_xla_devices not set
mse and spike frequency: 0.09995 0.0
[32m[I 2021-04-20 21:37:47,582][0m Trial 133 finished with values: [0.09995, 0.0] with parameters: {'Vahp': -28.5, 'Vth': -41.5, 'Vmax': 39.0, 't_ref': 6.0, 'R': 0.30000000000000004, 'tau_m': 192.0, 'rate_low': 34.5, 'rate_high': 43.5}.[0m
2021-04-20 21:37:48.241417: I tensorflow/compiler/jit/xla_gpu_device.cc:99] Not creating XLA devices, tf_xla_enable_xla_devices not set
maxFreq at 10nA: 72.0
2021-04-20 21:38:19.662822: I tensorflow/compiler/jit/xla_gpu_device.cc:99] Not creating XLA devices, tf_xla_enable_xla_devices not set
2021-04-20 21:38:42.021951: I tensorflow/compiler/jit/xla_gpu_device.cc:99] Not creating XLA devices, tf_xla_enable_xla_devices not set
mse and spike frequency: 0.00342 3.46
[32m[I 2021-04-20 21:39:04,148][0m Trial 134 finished with values: [0.00342, 3.46] with parameters: {'Vahp': -37.0, 'Vth': -35.5, 'Vmax': 36.0, 't_ref': 13.0, 'R': 0.5, 'tau_m': 432.0, 'rate_low': 10.0, 'rate_high': 34.0}.[0m
2021-04-20 21:39:04.776797: I tensorflow/compiler/jit/xla_gpu_device.cc:99] Not creating XLA devices, tf_xla_enable_xla_devices not set
maxFreq at 10nA: 167.0
2021-04-20 21:39:36.631133: I tensorflow/compiler/jit/xla_gpu_device.cc:99] Not creating XLA devices, tf_xla_enable_xla_devices not set
2021-04-20 21:39:59.186862: I tensorflow/compiler/jit/xla_gpu_device.cc:99] Not creating XLA devices, tf_xla_enable_xla_devices not set
mse and spike frequency: 0.00393 36.36
[32m[I 2021-04-20 21:40:21,650][0m Trial 135 finished with values: [0.00393, 36.36] with parameters: {'Vahp': -55.0, 'Vth': -22.5, 'Vmax': 22.0, 't_ref': 5.0, 'R': 0.5, 'tau_m': 39.0, 'rate_low': 25.0, 'rate_high': 46.0}.[0m
2021-04-20 21:40:22.328619: I tensorflow/compiler/jit/xla_gpu_device.cc:99] Not creating XLA devices, tf_xla_enable_xla_devices not set
maxFreq at 10nA: 1000.0
2021-04-20 21:40:55.024645: I tensorflow/compiler/jit/xla_gpu_device.cc:99] Not creating XLA devices, tf_xla_enable_xla_devices not set
2021-04-20 21:41:17.672463: I tensorflow/compiler/jit/xla_gpu_device.cc:99] Not creating XLA devices, tf_xla_enable_xla_devices not set
mse and spike frequency: 0.09995 0.0
[32m[I 2021-04-20 21:41:39,185][0m Trial 136 finished with values: [0.09995, 0.0] with parameters: {'Vahp': -20.5, 'Vth': -41.0, 'Vmax': 11.5, 't_ref': 8.0, 'R': 0.4, 'tau_m': 104.5, 'rate_low': 26.0, 'rate_high': 28.0}.[0m
2021-04-20 21:41:39.850588: I tensorflow/compiler/jit/xla_gpu_device.cc:99] Not creating XLA devices, tf_xla_enable_xla_devices not set
maxFreq at 10nA: 1000.0
2021-04-20 21:42:12.236589: I tensorflow/compiler/jit/xla_gpu_device.cc:99] Not creating XLA devices, tf_xla_enable_xla_devices not set
2021-04-20 21:42:34.316768: I tensorflow/compiler/jit/xla_gpu_device.cc:99] Not creating XLA devices, tf_xla_enable_xla_devices not set
mse and spike frequency: 0.09995 0.0
[32m[I 2021-04-20 21:42:55,421][0m Trial 137 finished with values: [0.09995, 0.0] with parameters: {'Vahp': -32.0, 'Vth': -52.5, 'Vmax': 22.0, 't_ref': 17.5, 'R': 0.30000000000000004, 'tau_m': 260.5, 'rate_low': 6.5, 'rate_high': 22.0}.[0m
2021-04-20 21:42:56.073808: I tensorflow/compiler/jit/xla_gpu_device.cc:99] Not creating XLA devices, tf_xla_enable_xla_devices not set
maxFreq at 10nA: 56.0
2021-04-20 21:43:28.462203: I tensorflow/compiler/jit/xla_gpu_device.cc:99] Not creating XLA devices, tf_xla_enable_xla_devices not set
2021-04-20 21:43:50.661165: I tensorflow/compiler/jit/xla_gpu_device.cc:99] Not creating XLA devices, tf_xla_enable_xla_devices not set
mse and spike frequency: 0.00543 11.09
[32m[I 2021-04-20 21:44:12,420][0m Trial 138 finished with values: [0.00543, 11.09] with parameters: {'Vahp': -47.5, 'Vth': -22.5, 'Vmax': 38.5, 't_ref': 16.5, 'R': 0.30000000000000004, 'tau_m': 111.5, 'rate_low': 20.0, 'rate_high': 50.0}.[0m
2021-04-20 21:44:13.072950: I tensorflow/compiler/jit/xla_gpu_device.cc:99] Not creating XLA devices, tf_xla_enable_xla_devices not set
maxFreq at 10nA: 998.0
2021-04-20 21:44:45.860709: I tensorflow/compiler/jit/xla_gpu_device.cc:99] Not creating XLA devices, tf_xla_enable_xla_devices not set
2021-04-20 21:45:07.709118: I tensorflow/compiler/jit/xla_gpu_device.cc:99] Not creating XLA devices, tf_xla_enable_xla_devices not set
mse and spike frequency: 0.09995 0.0
[32m[I 2021-04-20 21:45:28,643][0m Trial 139 finished with values: [0.09995, 0.0] with parameters: {'Vahp': -25.0, 'Vth': -26.0, 'Vmax': 31.5, 't_ref': 16.5, 'R': 0.6, 'tau_m': 397.0, 'rate_low': 29.5, 'rate_high': 40.5}.[0m
2021-04-20 21:45:29.288083: I tensorflow/compiler/jit/xla_gpu_device.cc:99] Not creating XLA devices, tf_xla_enable_xla_devices not set
maxFreq at 10nA: 84.0
2021-04-20 21:46:02.104361: I tensorflow/compiler/jit/xla_gpu_device.cc:99] Not creating XLA devices, tf_xla_enable_xla_devices not set
2021-04-20 21:46:23.979633: I tensorflow/compiler/jit/xla_gpu_device.cc:99] Not creating XLA devices, tf_xla_enable_xla_devices not set
mse and spike frequency: 0.09995 0.0
[32m[I 2021-04-20 21:46:45,181][0m Trial 140 finished with values: [0.09995, 0.0] with parameters: {'Vahp': -47.5, 'Vth': -47.0, 'Vmax': 38.5, 't_ref': 11.0, 'R': 0.9, 'tau_m': 111.5, 'rate_low': 5.5, 'rate_high': 26.5}.[0m
2021-04-20 21:46:45.865494: I tensorflow/compiler/jit/xla_gpu_device.cc:99] Not creating XLA devices, tf_xla_enable_xla_devices not set
maxFreq at 10nA: 1000.0
2021-04-20 21:47:19.456190: I tensorflow/compiler/jit/xla_gpu_device.cc:99] Not creating XLA devices, tf_xla_enable_xla_devices not set
2021-04-20 21:47:41.272403: I tensorflow/compiler/jit/xla_gpu_device.cc:99] Not creating XLA devices, tf_xla_enable_xla_devices not set
mse and spike frequency: 0.09995 0.0
[32m[I 2021-04-20 21:48:01,952][0m Trial 141 finished with values: [0.09995, 0.0] with parameters: {'Vahp': -26.5, 'Vth': -35.5, 'Vmax': 28.0, 't_ref': 6.0, 'R': 0.7000000000000001, 'tau_m': 14.0, 'rate_low': 25.0, 'rate_high': 43.5}.[0m
2021-04-20 21:48:02.594752: I tensorflow/compiler/jit/xla_gpu_device.cc:99] Not creating XLA devices, tf_xla_enable_xla_devices not set
maxFreq at 10nA: 999.0
2021-04-20 21:48:36.258733: I tensorflow/compiler/jit/xla_gpu_device.cc:99] Not creating XLA devices, tf_xla_enable_xla_devices not set
2021-04-20 21:48:58.335692: I tensorflow/compiler/jit/xla_gpu_device.cc:99] Not creating XLA devices, tf_xla_enable_xla_devices not set
mse and spike frequency: 0.09995 0.0
[32m[I 2021-04-20 21:49:19,311][0m Trial 142 finished with values: [0.09995, 0.0] with parameters: {'Vahp': -28.5, 'Vth': -48.5, 'Vmax': 28.5, 't_ref': 6.0, 'R': 0.30000000000000004, 'tau_m': 456.5, 'rate_low': 20.0, 'rate_high': 13.0}.[0m
2021-04-20 21:49:19.944547: I tensorflow/compiler/jit/xla_gpu_device.cc:99] Not creating XLA devices, tf_xla_enable_xla_devices not set
maxFreq at 10nA: 1000.0
2021-04-20 21:49:53.943219: I tensorflow/compiler/jit/xla_gpu_device.cc:99] Not creating XLA devices, tf_xla_enable_xla_devices not set
2021-04-20 21:50:16.136514: I tensorflow/compiler/jit/xla_gpu_device.cc:99] Not creating XLA devices, tf_xla_enable_xla_devices not set
mse and spike frequency: 0.09995 0.0
[32m[I 2021-04-20 21:50:36,970][0m Trial 143 finished with values: [0.09995, 0.0] with parameters: {'Vahp': -31.0, 'Vth': -35.0, 'Vmax': 28.0, 't_ref': 14.0, 'R': 0.6, 'tau_m': 126.0, 'rate_low': 25.0, 'rate_high': 48.0}.[0m
2021-04-20 21:50:37.679450: I tensorflow/compiler/jit/xla_gpu_device.cc:99] Not creating XLA devices, tf_xla_enable_xla_devices not set
maxFreq at 10nA: 167.0
2021-04-20 21:51:10.635847: I tensorflow/compiler/jit/xla_gpu_device.cc:99] Not creating XLA devices, tf_xla_enable_xla_devices not set
2021-04-20 21:51:32.681579: I tensorflow/compiler/jit/xla_gpu_device.cc:99] Not creating XLA devices, tf_xla_enable_xla_devices not set
mse and spike frequency: 0.09995 0.0
[32m[I 2021-04-20 21:51:53,558][0m Trial 144 finished with values: [0.09995, 0.0] with parameters: {'Vahp': -59.5, 'Vth': -38.5, 'Vmax': 14.5, 't_ref': 5.0, 'R': 0.6, 'tau_m': 8.5, 'rate_low': 31.5, 'rate_high': 36.0}.[0m
2021-04-20 21:51:54.209772: I tensorflow/compiler/jit/xla_gpu_device.cc:99] Not creating XLA devices, tf_xla_enable_xla_devices not set
maxFreq at 10nA: 56.0
2021-04-20 21:52:27.545427: I tensorflow/compiler/jit/xla_gpu_device.cc:99] Not creating XLA devices, tf_xla_enable_xla_devices not set
2021-04-20 21:52:49.798582: I tensorflow/compiler/jit/xla_gpu_device.cc:99] Not creating XLA devices, tf_xla_enable_xla_devices not set
mse and spike frequency: 0.09995 0.0
[32m[I 2021-04-20 21:53:10,923][0m Trial 145 finished with values: [0.09995, 0.0] with parameters: {'Vahp': -47.5, 'Vth': -47.0, 'Vmax': 29.5, 't_ref': 16.5, 'R': 0.1, 'tau_m': 205.5, 'rate_low': 5.5, 'rate_high': 16.0}.[0m
2021-04-20 21:53:11.589916: I tensorflow/compiler/jit/xla_gpu_device.cc:99] Not creating XLA devices, tf_xla_enable_xla_devices not set
maxFreq at 10nA: 1000.0
2021-04-20 21:53:45.446038: I tensorflow/compiler/jit/xla_gpu_device.cc:99] Not creating XLA devices, tf_xla_enable_xla_devices not set
2021-04-20 21:54:08.035433: I tensorflow/compiler/jit/xla_gpu_device.cc:99] Not creating XLA devices, tf_xla_enable_xla_devices not set
mse and spike frequency: 0.09995 0.0
[32m[I 2021-04-20 21:54:29,387][0m Trial 146 finished with values: [0.09995, 0.0] with parameters: {'Vahp': -28.5, 'Vth': -35.5, 'Vmax': 39.5, 't_ref': 6.0, 'R': 0.7000000000000001, 'tau_m': 106.5, 'rate_low': 42.0, 'rate_high': 43.5}.[0m
2021-04-20 21:54:30.037738: I tensorflow/compiler/jit/xla_gpu_device.cc:99] Not creating XLA devices, tf_xla_enable_xla_devices not set
maxFreq at 10nA: 167.0
2021-04-20 21:55:03.863538: I tensorflow/compiler/jit/xla_gpu_device.cc:99] Not creating XLA devices, tf_xla_enable_xla_devices not set
2021-04-20 21:55:26.706285: I tensorflow/compiler/jit/xla_gpu_device.cc:99] Not creating XLA devices, tf_xla_enable_xla_devices not set
mse and spike frequency: 0.09995 0.0
[32m[I 2021-04-20 21:55:48,311][0m Trial 147 finished with values: [0.09995, 0.0] with parameters: {'Vahp': -59.5, 'Vth': -52.5, 'Vmax': 24.5, 't_ref': 5.0, 'R': 0.6, 'tau_m': 98.5, 'rate_low': 22.5, 'rate_high': 36.0}.[0m
2021-04-20 21:55:49.022731: I tensorflow/compiler/jit/xla_gpu_device.cc:99] Not creating XLA devices, tf_xla_enable_xla_devices not set
maxFreq at 10nA: 56.0
2021-04-20 21:56:22.700316: I tensorflow/compiler/jit/xla_gpu_device.cc:99] Not creating XLA devices, tf_xla_enable_xla_devices not set
2021-04-20 21:56:46.407358: I tensorflow/compiler/jit/xla_gpu_device.cc:99] Not creating XLA devices, tf_xla_enable_xla_devices not set
mse and spike frequency: 0.09995 0.04
[32m[I 2021-04-20 21:57:09,538][0m Trial 148 finished with values: [0.09995, 0.04] with parameters: {'Vahp': -33.5, 'Vth': -26.5, 'Vmax': 38.0, 't_ref': 16.5, 'R': 0.5, 'tau_m': 13.0, 'rate_low': 25.0, 'rate_high': 50.0}.[0m
2021-04-20 21:57:10.240894: I tensorflow/compiler/jit/xla_gpu_device.cc:99] Not creating XLA devices, tf_xla_enable_xla_devices not set
maxFreq at 10nA: 1000.0
2021-04-20 21:57:44.048462: I tensorflow/compiler/jit/xla_gpu_device.cc:99] Not creating XLA devices, tf_xla_enable_xla_devices not set
2021-04-20 21:58:08.744106: I tensorflow/compiler/jit/xla_gpu_device.cc:99] Not creating XLA devices, tf_xla_enable_xla_devices not set
mse and spike frequency: 0.09995 0.0
[32m[I 2021-04-20 21:58:31,926][0m Trial 149 finished with values: [0.09995, 0.0] with parameters: {'Vahp': -31.0, 'Vth': -52.5, 'Vmax': 28.0, 't_ref': 5.0, 'R': 0.5, 'tau_m': 39.0, 'rate_low': 25.0, 'rate_high': 36.0}.[0m
2021-04-20 21:58:32.810687: I tensorflow/compiler/jit/xla_gpu_device.cc:99] Not creating XLA devices, tf_xla_enable_xla_devices not set
maxFreq at 10nA: 1000.0
2021-04-20 21:59:06.138513: I tensorflow/compiler/jit/xla_gpu_device.cc:99] Not creating XLA devices, tf_xla_enable_xla_devices not set
2021-04-20 21:59:31.258103: I tensorflow/compiler/jit/xla_gpu_device.cc:99] Not creating XLA devices, tf_xla_enable_xla_devices not set
mse and spike frequency: 0.09995 0.0
[32m[I 2021-04-20 21:59:54,263][0m Trial 150 finished with values: [0.09995, 0.0] with parameters: {'Vahp': -25.0, 'Vth': -26.0, 'Vmax': 31.5, 't_ref': 16.5, 'R': 0.6, 'tau_m': 111.5, 'rate_low': 5.5, 'rate_high': 40.5}.[0m
2021-04-20 21:59:54.936682: I tensorflow/compiler/jit/xla_gpu_device.cc:99] Not creating XLA devices, tf_xla_enable_xla_devices not set
maxFreq at 10nA: 1000.0
2021-04-20 22:00:28.271713: I tensorflow/compiler/jit/xla_gpu_device.cc:99] Not creating XLA devices, tf_xla_enable_xla_devices not set
2021-04-20 22:00:54.093422: I tensorflow/compiler/jit/xla_gpu_device.cc:99] Not creating XLA devices, tf_xla_enable_xla_devices not set
mse and spike frequency: 0.09995 0.0
