[32m[I 2021-04-20 22:47:26,380][0m Trial 182 finished with values: [0.09995, 0.0] with parameters: {'Vahp': -56.0, 'Vth': -58.0, 'Vmax': 11.0, 't_ref': 11.0, 'R': 0.8, 'tau_m': 373.5, 'rate_low': 1.5, 'rate_high': 35.0}.[0m
2021-04-20 22:47:27.488936: I tensorflow/compiler/jit/xla_gpu_device.cc:99] Not creating XLA devices, tf_xla_enable_xla_devices not set
maxFreq at 10nA: 112.0
2021-04-20 22:48:05.289918: I tensorflow/compiler/jit/xla_gpu_device.cc:99] Not creating XLA devices, tf_xla_enable_xla_devices not set
2021-04-20 22:48:34.032810: I tensorflow/compiler/jit/xla_gpu_device.cc:99] Not creating XLA devices, tf_xla_enable_xla_devices not set
mse and spike frequency: 0.09995 0.0
[32m[I 2021-04-20 22:49:01,472][0m Trial 183 finished with values: [0.09995, 0.0] with parameters: {'Vahp': -50.5, 'Vth': -46.0, 'Vmax': 39.5, 't_ref': 8.0, 'R': 0.8, 'tau_m': 27.5, 'rate_low': 36.5, 'rate_high': 42.0}.[0m
2021-04-20 22:49:02.356493: I tensorflow/compiler/jit/xla_gpu_device.cc:99] Not creating XLA devices, tf_xla_enable_xla_devices not set
maxFreq at 10nA: 200.0
2021-04-20 22:49:40.148802: I tensorflow/compiler/jit/xla_gpu_device.cc:99] Not creating XLA devices, tf_xla_enable_xla_devices not set
2021-04-20 22:50:09.297646: I tensorflow/compiler/jit/xla_gpu_device.cc:99] Not creating XLA devices, tf_xla_enable_xla_devices not set
mse and spike frequency: 0.09995 0.0
[32m[I 2021-04-20 22:50:36,668][0m Trial 184 finished with values: [0.09995, 0.0] with parameters: {'Vahp': -59.5, 'Vth': -38.5, 'Vmax': 39.5, 't_ref': 3.5, 'R': 0.30000000000000004, 'tau_m': 8.5, 'rate_low': 44.5, 'rate_high': 43.5}.[0m
2021-04-20 22:50:37.535783: I tensorflow/compiler/jit/xla_gpu_device.cc:99] Not creating XLA devices, tf_xla_enable_xla_devices not set
maxFreq at 10nA: 91.0
2021-04-20 22:51:15.701681: I tensorflow/compiler/jit/xla_gpu_device.cc:99] Not creating XLA devices, tf_xla_enable_xla_devices not set
2021-04-20 22:51:44.376801: I tensorflow/compiler/jit/xla_gpu_device.cc:99] Not creating XLA devices, tf_xla_enable_xla_devices not set
mse and spike frequency: 0.01169 9.41
[32m[I 2021-04-20 22:52:12,097][0m Trial 185 finished with values: [0.01169, 9.41] with parameters: {'Vahp': -58.5, 'Vth': -56.5, 'Vmax': 11.5, 't_ref': 9.5, 'R': 0.5, 'tau_m': 432.0, 'rate_low': 10.0, 'rate_high': 44.5}.[0m
2021-04-20 22:52:12.890161: I tensorflow/compiler/jit/xla_gpu_device.cc:99] Not creating XLA devices, tf_xla_enable_xla_devices not set
maxFreq at 10nA: 1000.0
2021-04-20 22:52:50.377780: I tensorflow/compiler/jit/xla_gpu_device.cc:99] Not creating XLA devices, tf_xla_enable_xla_devices not set
2021-04-20 22:53:19.461379: I tensorflow/compiler/jit/xla_gpu_device.cc:99] Not creating XLA devices, tf_xla_enable_xla_devices not set
mse and spike frequency: 0.09995 0.0
[32m[I 2021-04-20 22:53:47,080][0m Trial 186 finished with values: [0.09995, 0.0] with parameters: {'Vahp': -50.0, 'Vth': -52.5, 'Vmax': 28.5, 't_ref': 5.0, 'R': 0.5, 'tau_m': 260.5, 'rate_low': 11.5, 'rate_high': 22.0}.[0m
2021-04-20 22:53:48.014438: I tensorflow/compiler/jit/xla_gpu_device.cc:99] Not creating XLA devices, tf_xla_enable_xla_devices not set
maxFreq at 10nA: 1000.0
2021-04-20 22:54:25.472256: I tensorflow/compiler/jit/xla_gpu_device.cc:99] Not creating XLA devices, tf_xla_enable_xla_devices not set
2021-04-20 22:54:54.946420: I tensorflow/compiler/jit/xla_gpu_device.cc:99] Not creating XLA devices, tf_xla_enable_xla_devices not set
mse and spike frequency: 0.09995 0.0
[32m[I 2021-04-20 22:55:22,967][0m Trial 187 finished with values: [0.09995, 0.0] with parameters: {'Vahp': -56.0, 'Vth': -57.0, 'Vmax': 19.0, 't_ref': 11.5, 'R': 0.7000000000000001, 'tau_m': 369.5, 'rate_low': 42.0, 'rate_high': 43.5}.[0m
2021-04-20 22:55:23.880130: I tensorflow/compiler/jit/xla_gpu_device.cc:99] Not creating XLA devices, tf_xla_enable_xla_devices not set
maxFreq at 10nA: 56.0
2021-04-20 22:56:02.035569: I tensorflow/compiler/jit/xla_gpu_device.cc:99] Not creating XLA devices, tf_xla_enable_xla_devices not set
2021-04-20 22:56:31.594556: I tensorflow/compiler/jit/xla_gpu_device.cc:99] Not creating XLA devices, tf_xla_enable_xla_devices not set
mse and spike frequency: 0.00947 22.83
[32m[I 2021-04-20 22:56:59,596][0m Trial 188 finished with values: [0.00947, 22.83] with parameters: {'Vahp': -47.5, 'Vth': -47.0, 'Vmax': 29.5, 't_ref': 16.5, 'R': 0.1, 'tau_m': 205.5, 'rate_low': 40.0, 'rate_high': 43.5}.[0m
2021-04-20 22:57:00.525102: I tensorflow/compiler/jit/xla_gpu_device.cc:99] Not creating XLA devices, tf_xla_enable_xla_devices not set
maxFreq at 10nA: 1000.0
2021-04-20 22:57:38.875546: I tensorflow/compiler/jit/xla_gpu_device.cc:99] Not creating XLA devices, tf_xla_enable_xla_devices not set
2021-04-20 22:58:08.545759: I tensorflow/compiler/jit/xla_gpu_device.cc:99] Not creating XLA devices, tf_xla_enable_xla_devices not set
mse and spike frequency: 0.09995 0.0
[32m[I 2021-04-20 22:58:36,903][0m Trial 189 finished with values: [0.09995, 0.0] with parameters: {'Vahp': -26.0, 'Vth': -56.5, 'Vmax': 11.5, 't_ref': 9.5, 'R': 0.8, 'tau_m': 137.0, 'rate_low': 6.5, 'rate_high': 43.5}.[0m
2021-04-20 22:58:37.653062: I tensorflow/compiler/jit/xla_gpu_device.cc:99] Not creating XLA devices, tf_xla_enable_xla_devices not set
maxFreq at 10nA: 999.0
2021-04-20 22:59:15.948947: I tensorflow/compiler/jit/xla_gpu_device.cc:99] Not creating XLA devices, tf_xla_enable_xla_devices not set
2021-04-20 22:59:43.980623: I tensorflow/compiler/jit/xla_gpu_device.cc:99] Not creating XLA devices, tf_xla_enable_xla_devices not set
mse and spike frequency: 0.09995 0.0
[32m[I 2021-04-20 23:00:12,153][0m Trial 190 finished with values: [0.09995, 0.0] with parameters: {'Vahp': -25.0, 'Vth': -26.0, 'Vmax': 24.5, 't_ref': 9.5, 'R': 0.9, 'tau_m': 397.0, 'rate_low': 35.0, 'rate_high': 40.5}.[0m
2021-04-20 23:00:12.914048: I tensorflow/compiler/jit/xla_gpu_device.cc:99] Not creating XLA devices, tf_xla_enable_xla_devices not set
maxFreq at 10nA: 999.0
2021-04-20 23:00:51.312520: I tensorflow/compiler/jit/xla_gpu_device.cc:99] Not creating XLA devices, tf_xla_enable_xla_devices not set
2021-04-20 23:01:19.761443: I tensorflow/compiler/jit/xla_gpu_device.cc:99] Not creating XLA devices, tf_xla_enable_xla_devices not set
mse and spike frequency: 0.09995 0.0
[32m[I 2021-04-20 23:01:47,745][0m Trial 191 finished with values: [0.09995, 0.0] with parameters: {'Vahp': -28.5, 'Vth': -48.5, 'Vmax': 28.5, 't_ref': 6.0, 'R': 0.30000000000000004, 'tau_m': 456.5, 'rate_low': 20.0, 'rate_high': 13.0}.[0m
2021-04-20 23:01:48.556838: I tensorflow/compiler/jit/xla_gpu_device.cc:99] Not creating XLA devices, tf_xla_enable_xla_devices not set
maxFreq at 10nA: 50.0
2021-04-20 23:02:26.882386: I tensorflow/compiler/jit/xla_gpu_device.cc:99] Not creating XLA devices, tf_xla_enable_xla_devices not set
2021-04-20 23:02:56.308016: I tensorflow/compiler/jit/xla_gpu_device.cc:99] Not creating XLA devices, tf_xla_enable_xla_devices not set
mse and spike frequency: 0.00866 3.65
[32m[I 2021-04-20 23:03:25,040][0m Trial 192 finished with values: [0.00866, 3.65] with parameters: {'Vahp': -54.5, 'Vth': -20.0, 'Vmax': 26.5, 't_ref': 17.5, 'R': 0.7000000000000001, 'tau_m': 319.0, 'rate_low': 0.5, 'rate_high': 46.5}.[0m
2021-04-20 23:03:25.819874: I tensorflow/compiler/jit/xla_gpu_device.cc:99] Not creating XLA devices, tf_xla_enable_xla_devices not set
maxFreq at 10nA: 84.0
2021-04-20 23:04:05.378157: I tensorflow/compiler/jit/xla_gpu_device.cc:99] Not creating XLA devices, tf_xla_enable_xla_devices not set
2021-04-20 23:04:34.713603: I tensorflow/compiler/jit/xla_gpu_device.cc:99] Not creating XLA devices, tf_xla_enable_xla_devices not set
mse and spike frequency: 0.09995 0.0
[32m[I 2021-04-20 23:05:04,081][0m Trial 193 finished with values: [0.09995, 0.0] with parameters: {'Vahp': -56.0, 'Vth': -41.5, 'Vmax': 11.0, 't_ref': 11.0, 'R': 0.30000000000000004, 'tau_m': 94.0, 'rate_low': 1.5, 'rate_high': 7.5}.[0m
2021-04-20 23:05:04.847510: I tensorflow/compiler/jit/xla_gpu_device.cc:99] Not creating XLA devices, tf_xla_enable_xla_devices not set
maxFreq at 10nA: 63.0
2021-04-20 23:05:44.552642: I tensorflow/compiler/jit/xla_gpu_device.cc:99] Not creating XLA devices, tf_xla_enable_xla_devices not set
2021-04-20 23:06:14.632851: I tensorflow/compiler/jit/xla_gpu_device.cc:99] Not creating XLA devices, tf_xla_enable_xla_devices not set
mse and spike frequency: 0.01231 28.34
[32m[I 2021-04-20 23:06:45,529][0m Trial 194 finished with values: [0.01231, 28.34] with parameters: {'Vahp': -59.5, 'Vth': -56.5, 'Vmax': 29.5, 't_ref': 15.0, 'R': 0.30000000000000004, 'tau_m': 137.0, 'rate_low': 39.5, 'rate_high': 38.0}.[0m
2021-04-20 23:06:46.296350: I tensorflow/compiler/jit/xla_gpu_device.cc:99] Not creating XLA devices, tf_xla_enable_xla_devices not set
maxFreq at 10nA: 72.0
2021-04-20 23:07:26.528282: I tensorflow/compiler/jit/xla_gpu_device.cc:99] Not creating XLA devices, tf_xla_enable_xla_devices not set
2021-04-20 23:07:56.107417: I tensorflow/compiler/jit/xla_gpu_device.cc:99] Not creating XLA devices, tf_xla_enable_xla_devices not set
mse and spike frequency: 0.11948 0.21
[32m[I 2021-04-20 23:08:27,040][0m Trial 195 finished with values: [0.11948, 0.21] with parameters: {'Vahp': -28.5, 'Vth': -25.0, 'Vmax': 24.5, 't_ref': 13.0, 'R': 0.6, 'tau_m': 98.5, 'rate_low': 22.5, 'rate_high': 43.5}.[0m
2021-04-20 23:08:27.844700: I tensorflow/compiler/jit/xla_gpu_device.cc:99] Not creating XLA devices, tf_xla_enable_xla_devices not set
maxFreq at 10nA: 143.0
2021-04-20 23:09:07.877707: I tensorflow/compiler/jit/xla_gpu_device.cc:99] Not creating XLA devices, tf_xla_enable_xla_devices not set
2021-04-20 23:09:37.947516: I tensorflow/compiler/jit/xla_gpu_device.cc:99] Not creating XLA devices, tf_xla_enable_xla_devices not set
mse and spike frequency: 0.00447 8.86
[32m[I 2021-04-20 23:10:08,947][0m Trial 196 finished with values: [0.00447, 8.86] with parameters: {'Vahp': -56.0, 'Vth': -35.5, 'Vmax': 39.5, 't_ref': 6.0, 'R': 1.0, 'tau_m': 94.0, 'rate_low': 1.5, 'rate_high': 41.5}.[0m
2021-04-20 23:10:09.755313: I tensorflow/compiler/jit/xla_gpu_device.cc:99] Not creating XLA devices, tf_xla_enable_xla_devices not set
maxFreq at 10nA: 1000.0
2021-04-20 23:10:50.596650: I tensorflow/compiler/jit/xla_gpu_device.cc:99] Not creating XLA devices, tf_xla_enable_xla_devices not set
2021-04-20 23:11:21.102931: I tensorflow/compiler/jit/xla_gpu_device.cc:99] Not creating XLA devices, tf_xla_enable_xla_devices not set
mse and spike frequency: 0.09995 0.0
[32m[I 2021-04-20 23:11:52,389][0m Trial 197 finished with values: [0.09995, 0.0] with parameters: {'Vahp': -35.0, 'Vth': -52.5, 'Vmax': 40.0, 't_ref': 18.5, 'R': 0.7000000000000001, 'tau_m': 133.5, 'rate_low': 35.0, 'rate_high': 13.0}.[0m
2021-04-20 23:11:53.177451: I tensorflow/compiler/jit/xla_gpu_device.cc:99] Not creating XLA devices, tf_xla_enable_xla_devices not set
maxFreq at 10nA: 1000.0
2021-04-20 23:12:33.846290: I tensorflow/compiler/jit/xla_gpu_device.cc:99] Not creating XLA devices, tf_xla_enable_xla_devices not set
2021-04-20 23:13:04.192192: I tensorflow/compiler/jit/xla_gpu_device.cc:99] Not creating XLA devices, tf_xla_enable_xla_devices not set
mse and spike frequency: 0.09995 0.0
[32m[I 2021-04-20 23:13:35,533][0m Trial 198 finished with values: [0.09995, 0.0] with parameters: {'Vahp': -40.5, 'Vth': -52.5, 'Vmax': 33.5, 't_ref': 5.0, 'R': 0.6, 'tau_m': 260.5, 'rate_low': 22.5, 'rate_high': 49.5}.[0m
2021-04-20 23:13:36.341925: I tensorflow/compiler/jit/xla_gpu_device.cc:99] Not creating XLA devices, tf_xla_enable_xla_devices not set
maxFreq at 10nA: 1000.0
2021-04-20 23:14:16.718226: I tensorflow/compiler/jit/xla_gpu_device.cc:99] Not creating XLA devices, tf_xla_enable_xla_devices not set
2021-04-20 23:14:47.319284: I tensorflow/compiler/jit/xla_gpu_device.cc:99] Not creating XLA devices, tf_xla_enable_xla_devices not set
mse and spike frequency: 0.09995 0.0
[32m[I 2021-04-20 23:15:18,805][0m Trial 199 finished with values: [0.09995, 0.0] with parameters: {'Vahp': -20.5, 'Vth': -43.0, 'Vmax': 16.5, 't_ref': 4.0, 'R': 0.4, 'tau_m': 104.5, 'rate_low': 21.0, 'rate_high': 28.0}.[0m
2021-04-20 23:15:19.666240: I tensorflow/compiler/jit/xla_gpu_device.cc:99] Not creating XLA devices, tf_xla_enable_xla_devices not set
maxFreq at 10nA: 334.0
2021-04-20 23:16:00.376106: I tensorflow/compiler/jit/xla_gpu_device.cc:99] Not creating XLA devices, tf_xla_enable_xla_devices not set
2021-04-20 23:16:30.949229: I tensorflow/compiler/jit/xla_gpu_device.cc:99] Not creating XLA devices, tf_xla_enable_xla_devices not set
mse and spike frequency: 0.00184 45.04
[32m[I 2021-04-20 23:17:02,835][0m Trial 200 finished with values: [0.00184, 45.04] with parameters: {'Vahp': -35.0, 'Vth': -20.5, 'Vmax': 36.5, 't_ref': 2.0, 'R': 0.7000000000000001, 'tau_m': 133.5, 'rate_low': 35.0, 'rate_high': 13.0}.[0m
2021-04-20 23:17:03.668450: I tensorflow/compiler/jit/xla_gpu_device.cc:99] Not creating XLA devices, tf_xla_enable_xla_devices not set
maxFreq at 10nA: 998.0
2021-04-20 23:17:44.750722: I tensorflow/compiler/jit/xla_gpu_device.cc:99] Not creating XLA devices, tf_xla_enable_xla_devices not set
2021-04-20 23:18:15.558114: I tensorflow/compiler/jit/xla_gpu_device.cc:99] Not creating XLA devices, tf_xla_enable_xla_devices not set
mse and spike frequency: 0.09995 0.0
[32m[I 2021-04-20 23:18:46,542][0m Trial 201 finished with values: [0.09995, 0.0] with parameters: {'Vahp': -26.5, 'Vth': -38.0, 'Vmax': 21.0, 't_ref': 16.0, 'R': 0.1, 'tau_m': 133.5, 'rate_low': 19.0, 'rate_high': 48.0}.[0m
2021-04-20 23:18:47.434893: I tensorflow/compiler/jit/xla_gpu_device.cc:99] Not creating XLA devices, tf_xla_enable_xla_devices not set
maxFreq at 10nA: 77.0
2021-04-20 23:19:28.478965: I tensorflow/compiler/jit/xla_gpu_device.cc:99] Not creating XLA devices, tf_xla_enable_xla_devices not set
2021-04-20 23:19:58.456768: I tensorflow/compiler/jit/xla_gpu_device.cc:99] Not creating XLA devices, tf_xla_enable_xla_devices not set
mse and spike frequency: 0.01672 4.51
[32m[I 2021-04-20 23:20:30,485][0m Trial 202 finished with values: [0.01672, 4.51] with parameters: {'Vahp': -31.0, 'Vth': -20.0, 'Vmax': 30.5, 't_ref': 9.5, 'R': 0.2, 'tau_m': 440.5, 'rate_low': 24.0, 'rate_high': 25.0}.[0m
2021-04-20 23:20:31.343967: I tensorflow/compiler/jit/xla_gpu_device.cc:99] Not creating XLA devices, tf_xla_enable_xla_devices not set
maxFreq at 10nA: 998.0
2021-04-20 23:21:12.445121: I tensorflow/compiler/jit/xla_gpu_device.cc:99] Not creating XLA devices, tf_xla_enable_xla_devices not set
2021-04-20 23:21:42.625355: I tensorflow/compiler/jit/xla_gpu_device.cc:99] Not creating XLA devices, tf_xla_enable_xla_devices not set
mse and spike frequency: 0.09995 0.0
[32m[I 2021-04-20 23:22:14,295][0m Trial 203 finished with values: [0.09995, 0.0] with parameters: {'Vahp': -30.0, 'Vth': -35.5, 'Vmax': 36.5, 't_ref': 6.0, 'R': 0.30000000000000004, 'tau_m': 377.0, 'rate_low': 10.0, 'rate_high': 43.5}.[0m
2021-04-20 23:22:15.280684: I tensorflow/compiler/jit/xla_gpu_device.cc:99] Not creating XLA devices, tf_xla_enable_xla_devices not set
maxFreq at 10nA: 1000.0
2021-04-20 23:22:56.365076: I tensorflow/compiler/jit/xla_gpu_device.cc:99] Not creating XLA devices, tf_xla_enable_xla_devices not set
2021-04-20 23:23:26.598999: I tensorflow/compiler/jit/xla_gpu_device.cc:99] Not creating XLA devices, tf_xla_enable_xla_devices not set
mse and spike frequency: 0.09995 0.0
[32m[I 2021-04-20 23:23:58,130][0m Trial 204 finished with values: [0.09995, 0.0] with parameters: {'Vahp': -54.5, 'Vth': -58.0, 'Vmax': 37.5, 't_ref': 11.0, 'R': 0.30000000000000004, 'tau_m': 94.0, 'rate_low': 1.5, 'rate_high': 41.5}.[0m
2021-04-20 23:23:59.051060: I tensorflow/compiler/jit/xla_gpu_device.cc:99] Not creating XLA devices, tf_xla_enable_xla_devices not set
maxFreq at 10nA: 200.0
2021-04-20 23:24:40.124902: I tensorflow/compiler/jit/xla_gpu_device.cc:99] Not creating XLA devices, tf_xla_enable_xla_devices not set
2021-04-20 23:25:10.955814: I tensorflow/compiler/jit/xla_gpu_device.cc:99] Not creating XLA devices, tf_xla_enable_xla_devices not set
mse and spike frequency: 0.09995 0.0
[32m[I 2021-04-20 23:25:42,329][0m Trial 205 finished with values: [0.09995, 0.0] with parameters: {'Vahp': -45.0, 'Vth': -24.5, 'Vmax': 10.0, 't_ref': 3.5, 'R': 1.0, 'tau_m': 8.5, 'rate_low': 21.0, 'rate_high': 43.5}.[0m
2021-04-20 23:25:43.243462: I tensorflow/compiler/jit/xla_gpu_device.cc:99] Not creating XLA devices, tf_xla_enable_xla_devices not set
maxFreq at 10nA: 72.0
2021-04-20 23:26:24.685293: I tensorflow/compiler/jit/xla_gpu_device.cc:99] Not creating XLA devices, tf_xla_enable_xla_devices not set
2021-04-20 23:26:55.701531: I tensorflow/compiler/jit/xla_gpu_device.cc:99] Not creating XLA devices, tf_xla_enable_xla_devices not set
mse and spike frequency: 0.09995 0.0
[32m[I 2021-04-20 23:27:27,068][0m Trial 206 finished with values: [0.09995, 0.0] with parameters: {'Vahp': -28.0, 'Vth': -28.0, 'Vmax': 21.0, 't_ref': 13.0, 'R': 0.1, 'tau_m': 133.5, 'rate_low': 17.5, 'rate_high': 41.0}.[0m
2021-04-20 23:27:28.003649: I tensorflow/compiler/jit/xla_gpu_device.cc:99] Not creating XLA devices, tf_xla_enable_xla_devices not set
maxFreq at 10nA: 91.0
2021-04-20 23:28:09.361735: I tensorflow/compiler/jit/xla_gpu_device.cc:99] Not creating XLA devices, tf_xla_enable_xla_devices not set
2021-04-20 23:28:41.032605: I tensorflow/compiler/jit/xla_gpu_device.cc:99] Not creating XLA devices, tf_xla_enable_xla_devices not set
mse and spike frequency: 0.00863 8.98
[32m[I 2021-04-20 23:29:12,665][0m Trial 207 finished with values: [0.00863, 8.98] with parameters: {'Vahp': -28.0, 'Vth': -22.5, 'Vmax': 26.5, 't_ref': 10.0, 'R': 0.1, 'tau_m': 133.5, 'rate_low': 26.0, 'rate_high': 41.0}.[0m
2021-04-20 23:29:13.589468: I tensorflow/compiler/jit/xla_gpu_device.cc:99] Not creating XLA devices, tf_xla_enable_xla_devices not set
maxFreq at 10nA: 500.0
2021-04-20 23:29:56.052424: I tensorflow/compiler/jit/xla_gpu_device.cc:99] Not creating XLA devices, tf_xla_enable_xla_devices not set
2021-04-20 23:30:27.553627: I tensorflow/compiler/jit/xla_gpu_device.cc:99] Not creating XLA devices, tf_xla_enable_xla_devices not set
mse and spike frequency: 0.09995 0.0
[32m[I 2021-04-20 23:30:59,714][0m Trial 208 finished with values: [0.09995, 0.0] with parameters: {'Vahp': -59.0, 'Vth': -56.5, 'Vmax': 11.5, 't_ref': 1.0, 'R': 0.9, 'tau_m': 137.0, 'rate_low': 6.5, 'rate_high': 43.5}.[0m
2021-04-20 23:31:00.615656: I tensorflow/compiler/jit/xla_gpu_device.cc:99] Not creating XLA devices, tf_xla_enable_xla_devices not set
maxFreq at 10nA: 84.0
2021-04-20 23:31:42.485767: I tensorflow/compiler/jit/xla_gpu_device.cc:99] Not creating XLA devices, tf_xla_enable_xla_devices not set
2021-04-20 23:32:14.868387: I tensorflow/compiler/jit/xla_gpu_device.cc:99] Not creating XLA devices, tf_xla_enable_xla_devices not set
mse and spike frequency: 0.00322 10.89
[32m[I 2021-04-20 23:32:46,298][0m Trial 209 finished with values: [0.00322, 10.89] with parameters: {'Vahp': -50.0, 'Vth': -41.0, 'Vmax': 22.0, 't_ref': 11.0, 'R': 0.6, 'tau_m': 260.5, 'rate_low': 11.5, 'rate_high': 22.0}.[0m
2021-04-20 23:32:47.150645: I tensorflow/compiler/jit/xla_gpu_device.cc:99] Not creating XLA devices, tf_xla_enable_xla_devices not set
maxFreq at 10nA: 84.0
2021-04-20 23:33:30.004480: I tensorflow/compiler/jit/xla_gpu_device.cc:99] Not creating XLA devices, tf_xla_enable_xla_devices not set
2021-04-20 23:34:02.122056: I tensorflow/compiler/jit/xla_gpu_device.cc:99] Not creating XLA devices, tf_xla_enable_xla_devices not set
mse and spike frequency: 0.00477 4.81
[32m[I 2021-04-20 23:34:33,188][0m Trial 210 finished with values: [0.00477, 4.81] with parameters: {'Vahp': -50.0, 'Vth': -41.0, 'Vmax': 11.0, 't_ref': 11.0, 'R': 0.5, 'tau_m': 481.5, 'rate_low': 1.5, 'rate_high': 36.0}.[0m
2021-04-20 23:34:34.068024: I tensorflow/compiler/jit/xla_gpu_device.cc:99] Not creating XLA devices, tf_xla_enable_xla_devices not set
maxFreq at 10nA: 1000.0
2021-04-20 23:35:16.450806: I tensorflow/compiler/jit/xla_gpu_device.cc:99] Not creating XLA devices, tf_xla_enable_xla_devices not set
2021-04-20 23:35:48.316195: I tensorflow/compiler/jit/xla_gpu_device.cc:99] Not creating XLA devices, tf_xla_enable_xla_devices not set
mse and spike frequency: 0.09995 0.0
[32m[I 2021-04-20 23:36:20,600][0m Trial 211 finished with values: [0.09995, 0.0] with parameters: {'Vahp': -28.5, 'Vth': -43.0, 'Vmax': 16.5, 't_ref': 19.0, 'R': 0.4, 'tau_m': 192.0, 'rate_low': 6.0, 'rate_high': 28.0}.[0m
2021-04-20 23:36:21.450120: I tensorflow/compiler/jit/xla_gpu_device.cc:99] Not creating XLA devices, tf_xla_enable_xla_devices not set
maxFreq at 10nA: 1000.0
2021-04-20 23:37:03.560787: I tensorflow/compiler/jit/xla_gpu_device.cc:99] Not creating XLA devices, tf_xla_enable_xla_devices not set
2021-04-20 23:37:35.628012: I tensorflow/compiler/jit/xla_gpu_device.cc:99] Not creating XLA devices, tf_xla_enable_xla_devices not set
mse and spike frequency: 0.09995 0.0
[32m[I 2021-04-20 23:38:07,739][0m Trial 212 finished with values: [0.09995, 0.0] with parameters: {'Vahp': -56.0, 'Vth': -57.0, 'Vmax': 10.0, 't_ref': 11.5, 'R': 0.7000000000000001, 'tau_m': 369.5, 'rate_low': 21.0, 'rate_high': 32.0}.[0m
2021-04-20 23:38:08.614400: I tensorflow/compiler/jit/xla_gpu_device.cc:99] Not creating XLA devices, tf_xla_enable_xla_devices not set
maxFreq at 10nA: 1000.0
2021-04-20 23:38:51.691278: I tensorflow/compiler/jit/xla_gpu_device.cc:99] Not creating XLA devices, tf_xla_enable_xla_devices not set
2021-04-20 23:39:23.995614: I tensorflow/compiler/jit/xla_gpu_device.cc:99] Not creating XLA devices, tf_xla_enable_xla_devices not set
mse and spike frequency: 0.09995 0.0
