[32m[I 2021-04-20 21:22:06,419][0m Trial 120 finished with values: [0.09995, 0.0] with parameters: {'Vahp': -21.5, 'Vth': -48.5, 'Vmax': 40.0, 't_ref': 4.0, 'R': 0.30000000000000004, 'tau_m': 421.0, 'rate_low': 11.5, 'rate_high': 43.5}.[0m
2021-04-20 21:22:07.077165: I tensorflow/compiler/jit/xla_gpu_device.cc:99] Not creating XLA devices, tf_xla_enable_xla_devices not set
maxFreq at 10nA: 250.0
2021-04-20 21:22:37.364180: I tensorflow/compiler/jit/xla_gpu_device.cc:99] Not creating XLA devices, tf_xla_enable_xla_devices not set
2021-04-20 21:22:57.709747: I tensorflow/compiler/jit/xla_gpu_device.cc:99] Not creating XLA devices, tf_xla_enable_xla_devices not set
mse and spike frequency: 0.00295 62.43
[32m[I 2021-04-20 21:23:16,716][0m Trial 121 finished with values: [0.00295, 62.43] with parameters: {'Vahp': -59.5, 'Vth': -48.5, 'Vmax': 14.0, 't_ref': 3.0, 'R': 0.30000000000000004, 'tau_m': 88.0, 'rate_low': 50.0, 'rate_high': 50.0}.[0m
2021-04-20 21:23:17.344431: I tensorflow/compiler/jit/xla_gpu_device.cc:99] Not creating XLA devices, tf_xla_enable_xla_devices not set
maxFreq at 10nA: 1000.0
2021-04-20 21:23:48.066287: I tensorflow/compiler/jit/xla_gpu_device.cc:99] Not creating XLA devices, tf_xla_enable_xla_devices not set
2021-04-20 21:24:08.004107: I tensorflow/compiler/jit/xla_gpu_device.cc:99] Not creating XLA devices, tf_xla_enable_xla_devices not set
mse and spike frequency: 0.09995 0.0
[32m[I 2021-04-20 21:24:26,706][0m Trial 122 finished with values: [0.09995, 0.0] with parameters: {'Vahp': -32.0, 'Vth': -34.0, 'Vmax': 14.0, 't_ref': 13.0, 'R': 0.7000000000000001, 'tau_m': 100.0, 'rate_low': 32.5, 'rate_high': 33.0}.[0m
2021-04-20 21:24:27.387743: I tensorflow/compiler/jit/xla_gpu_device.cc:99] Not creating XLA devices, tf_xla_enable_xla_devices not set
maxFreq at 10nA: 1000.0
2021-04-20 21:24:58.519768: I tensorflow/compiler/jit/xla_gpu_device.cc:99] Not creating XLA devices, tf_xla_enable_xla_devices not set
2021-04-20 21:25:18.514923: I tensorflow/compiler/jit/xla_gpu_device.cc:99] Not creating XLA devices, tf_xla_enable_xla_devices not set
mse and spike frequency: 0.09995 0.0
[32m[I 2021-04-20 21:25:36,919][0m Trial 123 finished with values: [0.09995, 0.0] with parameters: {'Vahp': -34.0, 'Vth': -52.5, 'Vmax': 33.5, 't_ref': 5.0, 'R': 0.9, 'tau_m': 317.0, 'rate_low': 22.5, 'rate_high': 23.5}.[0m
2021-04-20 21:25:37.741695: I tensorflow/compiler/jit/xla_gpu_device.cc:99] Not creating XLA devices, tf_xla_enable_xla_devices not set
maxFreq at 10nA: 999.0
2021-04-20 21:26:07.533923: I tensorflow/compiler/jit/xla_gpu_device.cc:99] Not creating XLA devices, tf_xla_enable_xla_devices not set
2021-04-20 21:26:27.904693: I tensorflow/compiler/jit/xla_gpu_device.cc:99] Not creating XLA devices, tf_xla_enable_xla_devices not set
mse and spike frequency: 0.09995 0.0
[32m[I 2021-04-20 21:26:46,709][0m Trial 124 finished with values: [0.09995, 0.0] with parameters: {'Vahp': -34.0, 'Vth': -36.0, 'Vmax': 39.0, 't_ref': 15.0, 'R': 1.0, 'tau_m': 489.0, 'rate_low': 1.5, 'rate_high': 47.0}.[0m
2021-04-20 21:26:47.491965: I tensorflow/compiler/jit/xla_gpu_device.cc:99] Not creating XLA devices, tf_xla_enable_xla_devices not set
maxFreq at 10nA: 333.0
2021-04-20 21:27:18.069324: I tensorflow/compiler/jit/xla_gpu_device.cc:99] Not creating XLA devices, tf_xla_enable_xla_devices not set
2021-04-20 21:27:38.443682: I tensorflow/compiler/jit/xla_gpu_device.cc:99] Not creating XLA devices, tf_xla_enable_xla_devices not set
mse and spike frequency: 0.00117 33.71
[32m[I 2021-04-20 21:27:57,104][0m Trial 125 finished with values: [0.00117, 33.71] with parameters: {'Vahp': -57.5, 'Vth': -35.5, 'Vmax': 23.5, 't_ref': 0.5, 'R': 0.9, 'tau_m': 423.5, 'rate_low': 43.0, 'rate_high': 43.5}.[0m
2021-04-20 21:27:57.752850: I tensorflow/compiler/jit/xla_gpu_device.cc:99] Not creating XLA devices, tf_xla_enable_xla_devices not set
maxFreq at 10nA: 1000.0
2021-04-20 21:28:27.767856: I tensorflow/compiler/jit/xla_gpu_device.cc:99] Not creating XLA devices, tf_xla_enable_xla_devices not set
2021-04-20 21:28:48.660466: I tensorflow/compiler/jit/xla_gpu_device.cc:99] Not creating XLA devices, tf_xla_enable_xla_devices not set
mse and spike frequency: 0.09995 0.0
[32m[I 2021-04-20 21:29:07,411][0m Trial 126 finished with values: [0.09995, 0.0] with parameters: {'Vahp': -32.0, 'Vth': -34.0, 'Vmax': 25.5, 't_ref': 13.0, 'R': 1.0, 'tau_m': 100.0, 'rate_low': 18.0, 'rate_high': 33.0}.[0m
2021-04-20 21:29:08.078356: I tensorflow/compiler/jit/xla_gpu_device.cc:99] Not creating XLA devices, tf_xla_enable_xla_devices not set
maxFreq at 10nA: 1000.0
2021-04-20 21:29:37.999501: I tensorflow/compiler/jit/xla_gpu_device.cc:99] Not creating XLA devices, tf_xla_enable_xla_devices not set
2021-04-20 21:29:59.212827: I tensorflow/compiler/jit/xla_gpu_device.cc:99] Not creating XLA devices, tf_xla_enable_xla_devices not set
mse and spike frequency: 0.09995 0.0
[32m[I 2021-04-20 21:30:17,800][0m Trial 127 finished with values: [0.09995, 0.0] with parameters: {'Vahp': -39.5, 'Vth': -53.0, 'Vmax': 35.0, 't_ref': 5.0, 'R': 1.0, 'tau_m': 196.5, 'rate_low': 46.5, 'rate_high': 49.0}.[0m
2021-04-20 21:30:18.572179: I tensorflow/compiler/jit/xla_gpu_device.cc:99] Not creating XLA devices, tf_xla_enable_xla_devices not set
maxFreq at 10nA: 1000.0
2021-04-20 21:30:49.033115: I tensorflow/compiler/jit/xla_gpu_device.cc:99] Not creating XLA devices, tf_xla_enable_xla_devices not set
2021-04-20 21:31:10.131150: I tensorflow/compiler/jit/xla_gpu_device.cc:99] Not creating XLA devices, tf_xla_enable_xla_devices not set
mse and spike frequency: 0.09995 0.0
[32m[I 2021-04-20 21:31:29,166][0m Trial 128 finished with values: [0.09995, 0.0] with parameters: {'Vahp': -55.5, 'Vth': -57.5, 'Vmax': 11.0, 't_ref': 9.0, 'R': 0.4, 'tau_m': 482.0, 'rate_low': 29.0, 'rate_high': 31.0}.[0m
2021-04-20 21:31:29.853597: I tensorflow/compiler/jit/xla_gpu_device.cc:99] Not creating XLA devices, tf_xla_enable_xla_devices not set
maxFreq at 10nA: 1000.0
2021-04-20 21:31:59.969949: I tensorflow/compiler/jit/xla_gpu_device.cc:99] Not creating XLA devices, tf_xla_enable_xla_devices not set
2021-04-20 21:32:21.390791: I tensorflow/compiler/jit/xla_gpu_device.cc:99] Not creating XLA devices, tf_xla_enable_xla_devices not set
mse and spike frequency: 0.09995 0.0
[32m[I 2021-04-20 21:32:40,673][0m Trial 129 finished with values: [0.09995, 0.0] with parameters: {'Vahp': -30.0, 'Vth': -34.0, 'Vmax': 25.5, 't_ref': 13.0, 'R': 0.8, 'tau_m': 22.0, 'rate_low': 33.0, 'rate_high': 34.0}.[0m
2021-04-20 21:32:41.328952: I tensorflow/compiler/jit/xla_gpu_device.cc:99] Not creating XLA devices, tf_xla_enable_xla_devices not set
maxFreq at 10nA: 1000.0
2021-04-20 21:33:11.864622: I tensorflow/compiler/jit/xla_gpu_device.cc:99] Not creating XLA devices, tf_xla_enable_xla_devices not set
2021-04-20 21:33:33.676927: I tensorflow/compiler/jit/xla_gpu_device.cc:99] Not creating XLA devices, tf_xla_enable_xla_devices not set
mse and spike frequency: 0.09995 0.0
[32m[I 2021-04-20 21:33:53,284][0m Trial 130 finished with values: [0.09995, 0.0] with parameters: {'Vahp': -32.0, 'Vth': -52.0, 'Vmax': 16.0, 't_ref': 13.0, 'R': 0.6, 'tau_m': 425.5, 'rate_low': 18.0, 'rate_high': 19.5}.[0m
2021-04-20 21:33:53.924936: I tensorflow/compiler/jit/xla_gpu_device.cc:99] Not creating XLA devices, tf_xla_enable_xla_devices not set
maxFreq at 10nA: 1000.0
2021-04-20 21:34:25.035571: I tensorflow/compiler/jit/xla_gpu_device.cc:99] Not creating XLA devices, tf_xla_enable_xla_devices not set
2021-04-20 21:34:47.051875: I tensorflow/compiler/jit/xla_gpu_device.cc:99] Not creating XLA devices, tf_xla_enable_xla_devices not set
mse and spike frequency: 0.09995 0.0
[32m[I 2021-04-20 21:35:07,678][0m Trial 131 finished with values: [0.09995, 0.0] with parameters: {'Vahp': -48.0, 'Vth': -57.0, 'Vmax': 40.0, 't_ref': 13.0, 'R': 0.9, 'tau_m': 100.0, 'rate_low': 32.5, 'rate_high': 34.0}.[0m
2021-04-20 21:35:08.305787: I tensorflow/compiler/jit/xla_gpu_device.cc:99] Not creating XLA devices, tf_xla_enable_xla_devices not set
maxFreq at 10nA: 200.0
2021-04-20 21:35:39.707096: I tensorflow/compiler/jit/xla_gpu_device.cc:99] Not creating XLA devices, tf_xla_enable_xla_devices not set
2021-04-20 21:36:01.890801: I tensorflow/compiler/jit/xla_gpu_device.cc:99] Not creating XLA devices, tf_xla_enable_xla_devices not set
mse and spike frequency: 0.00289 47.18
[32m[I 2021-04-20 21:36:23,454][0m Trial 132 finished with values: [0.00289, 47.18] with parameters: {'Vahp': -35.0, 'Vth': -24.5, 'Vmax': 17.5, 't_ref': 4.0, 'R': 0.9, 'tau_m': 259.0, 'rate_low': 40.0, 'rate_high': 49.0}.[0m
2021-04-20 21:36:24.108727: I tensorflow/compiler/jit/xla_gpu_device.cc:99] Not creating XLA devices, tf_xla_enable_xla_devices not set
maxFreq at 10nA: 1000.0
2021-04-20 21:36:55.514996: I tensorflow/compiler/jit/xla_gpu_device.cc:99] Not creating XLA devices, tf_xla_enable_xla_devices not set
2021-04-20 21:37:17.680567: I tensorflow/compiler/jit/xla_gpu_device.cc:99] Not creating XLA devices, tf_xla_enable_xla_devices not set
mse and spike frequency: 0.09995 0.0
[32m[I 2021-04-20 21:37:38,639][0m Trial 133 finished with values: [0.09995, 0.0] with parameters: {'Vahp': -22.5, 'Vth': -36.0, 'Vmax': 39.0, 't_ref': 14.0, 'R': 0.9, 'tau_m': 255.0, 'rate_low': 13.0, 'rate_high': 47.0}.[0m
2021-04-20 21:37:39.265542: I tensorflow/compiler/jit/xla_gpu_device.cc:99] Not creating XLA devices, tf_xla_enable_xla_devices not set
maxFreq at 10nA: 200.0
2021-04-20 21:38:10.950353: I tensorflow/compiler/jit/xla_gpu_device.cc:99] Not creating XLA devices, tf_xla_enable_xla_devices not set
2021-04-20 21:38:32.792264: I tensorflow/compiler/jit/xla_gpu_device.cc:99] Not creating XLA devices, tf_xla_enable_xla_devices not set
mse and spike frequency: 0.00178 20.62
[32m[I 2021-04-20 21:38:54,186][0m Trial 134 finished with values: [0.00178, 20.62] with parameters: {'Vahp': -53.5, 'Vth': -30.0, 'Vmax': 24.0, 't_ref': 3.0, 'R': 0.5, 'tau_m': 323.0, 'rate_low': 47.0, 'rate_high': 35.0}.[0m
2021-04-20 21:38:54.813511: I tensorflow/compiler/jit/xla_gpu_device.cc:99] Not creating XLA devices, tf_xla_enable_xla_devices not set
maxFreq at 10nA: 999.0
2021-04-20 21:39:27.090458: I tensorflow/compiler/jit/xla_gpu_device.cc:99] Not creating XLA devices, tf_xla_enable_xla_devices not set
2021-04-20 21:39:49.136093: I tensorflow/compiler/jit/xla_gpu_device.cc:99] Not creating XLA devices, tf_xla_enable_xla_devices not set
mse and spike frequency: 0.09995 0.0
[32m[I 2021-04-20 21:40:11,336][0m Trial 135 finished with values: [0.09995, 0.0] with parameters: {'Vahp': -32.0, 'Vth': -34.0, 'Vmax': 16.0, 't_ref': 13.0, 'R': 0.9, 'tau_m': 410.0, 'rate_low': 15.0, 'rate_high': 19.5}.[0m
2021-04-20 21:40:11.991470: I tensorflow/compiler/jit/xla_gpu_device.cc:99] Not creating XLA devices, tf_xla_enable_xla_devices not set
maxFreq at 10nA: 59.0
2021-04-20 21:40:44.354332: I tensorflow/compiler/jit/xla_gpu_device.cc:99] Not creating XLA devices, tf_xla_enable_xla_devices not set
2021-04-20 21:41:07.483914: I tensorflow/compiler/jit/xla_gpu_device.cc:99] Not creating XLA devices, tf_xla_enable_xla_devices not set
mse and spike frequency: 0.09995 0.0
[32m[I 2021-04-20 21:41:29,108][0m Trial 136 finished with values: [0.09995, 0.0] with parameters: {'Vahp': -46.5, 'Vth': -29.0, 'Vmax': 38.0, 't_ref': 16.0, 'R': 0.5, 'tau_m': 24.0, 'rate_low': 3.0, 'rate_high': 32.0}.[0m
2021-04-20 21:41:29.777091: I tensorflow/compiler/jit/xla_gpu_device.cc:99] Not creating XLA devices, tf_xla_enable_xla_devices not set
maxFreq at 10nA: 1000.0
2021-04-20 21:42:01.865153: I tensorflow/compiler/jit/xla_gpu_device.cc:99] Not creating XLA devices, tf_xla_enable_xla_devices not set
2021-04-20 21:42:24.448956: I tensorflow/compiler/jit/xla_gpu_device.cc:99] Not creating XLA devices, tf_xla_enable_xla_devices not set
mse and spike frequency: 0.09995 0.0
[32m[I 2021-04-20 21:42:46,446][0m Trial 137 finished with values: [0.09995, 0.0] with parameters: {'Vahp': -37.0, 'Vth': -49.5, 'Vmax': 17.5, 't_ref': 20.0, 'R': 0.9, 'tau_m': 166.5, 'rate_low': 48.0, 'rate_high': 34.0}.[0m
2021-04-20 21:42:47.090401: I tensorflow/compiler/jit/xla_gpu_device.cc:99] Not creating XLA devices, tf_xla_enable_xla_devices not set
maxFreq at 10nA: 67.0
2021-04-20 21:43:19.475461: I tensorflow/compiler/jit/xla_gpu_device.cc:99] Not creating XLA devices, tf_xla_enable_xla_devices not set
2021-04-20 21:43:42.495441: I tensorflow/compiler/jit/xla_gpu_device.cc:99] Not creating XLA devices, tf_xla_enable_xla_devices not set
mse and spike frequency: 0.00793 7.53
[32m[I 2021-04-20 21:44:04,636][0m Trial 138 finished with values: [0.00793, 7.53] with parameters: {'Vahp': -54.0, 'Vth': -35.0, 'Vmax': 36.5, 't_ref': 13.5, 'R': 0.4, 'tau_m': 94.5, 'rate_low': 3.0, 'rate_high': 46.0}.[0m
2021-04-20 21:44:05.325191: I tensorflow/compiler/jit/xla_gpu_device.cc:99] Not creating XLA devices, tf_xla_enable_xla_devices not set
maxFreq at 10nA: 1000.0
2021-04-20 21:44:37.519196: I tensorflow/compiler/jit/xla_gpu_device.cc:99] Not creating XLA devices, tf_xla_enable_xla_devices not set
2021-04-20 21:45:00.033565: I tensorflow/compiler/jit/xla_gpu_device.cc:99] Not creating XLA devices, tf_xla_enable_xla_devices not set
mse and spike frequency: 0.09995 0.0
[32m[I 2021-04-20 21:45:22,622][0m Trial 139 finished with values: [0.09995, 0.0] with parameters: {'Vahp': -31.5, 'Vth': -48.5, 'Vmax': 13.0, 't_ref': 11.0, 'R': 0.30000000000000004, 'tau_m': 232.5, 'rate_low': 16.5, 'rate_high': 34.5}.[0m
2021-04-20 21:45:23.316170: I tensorflow/compiler/jit/xla_gpu_device.cc:99] Not creating XLA devices, tf_xla_enable_xla_devices not set
maxFreq at 10nA: 167.0
2021-04-20 21:45:55.894112: I tensorflow/compiler/jit/xla_gpu_device.cc:99] Not creating XLA devices, tf_xla_enable_xla_devices not set
2021-04-20 21:46:18.620711: I tensorflow/compiler/jit/xla_gpu_device.cc:99] Not creating XLA devices, tf_xla_enable_xla_devices not set
mse and spike frequency: 0.09995 0.0
[32m[I 2021-04-20 21:46:40,783][0m Trial 140 finished with values: [0.09995, 0.0] with parameters: {'Vahp': -53.0, 'Vth': -52.5, 'Vmax': 27.0, 't_ref': 5.0, 'R': 0.9, 'tau_m': 317.0, 'rate_low': 7.0, 'rate_high': 23.5}.[0m
2021-04-20 21:46:41.560248: I tensorflow/compiler/jit/xla_gpu_device.cc:99] Not creating XLA devices, tf_xla_enable_xla_devices not set
maxFreq at 10nA: 334.0
2021-04-20 21:47:14.439905: I tensorflow/compiler/jit/xla_gpu_device.cc:99] Not creating XLA devices, tf_xla_enable_xla_devices not set
2021-04-20 21:47:37.089159: I tensorflow/compiler/jit/xla_gpu_device.cc:99] Not creating XLA devices, tf_xla_enable_xla_devices not set
mse and spike frequency: 0.00223 54.34
[32m[I 2021-04-20 21:47:58,856][0m Trial 141 finished with values: [0.00223, 54.34] with parameters: {'Vahp': -57.5, 'Vth': -34.0, 'Vmax': 33.0, 't_ref': 2.0, 'R': 0.8, 'tau_m': 100.0, 'rate_low': 32.5, 'rate_high': 28.5}.[0m
2021-04-20 21:47:59.603617: I tensorflow/compiler/jit/xla_gpu_device.cc:99] Not creating XLA devices, tf_xla_enable_xla_devices not set
maxFreq at 10nA: 1000.0
2021-04-20 21:48:32.239849: I tensorflow/compiler/jit/xla_gpu_device.cc:99] Not creating XLA devices, tf_xla_enable_xla_devices not set
2021-04-20 21:48:54.797633: I tensorflow/compiler/jit/xla_gpu_device.cc:99] Not creating XLA devices, tf_xla_enable_xla_devices not set
mse and spike frequency: 0.09995 0.0
[32m[I 2021-04-20 21:49:16,309][0m Trial 142 finished with values: [0.09995, 0.0] with parameters: {'Vahp': -39.5, 'Vth': -53.0, 'Vmax': 34.0, 't_ref': 5.0, 'R': 0.8, 'tau_m': 316.5, 'rate_low': 46.0, 'rate_high': 49.0}.[0m
2021-04-20 21:49:16.998278: I tensorflow/compiler/jit/xla_gpu_device.cc:99] Not creating XLA devices, tf_xla_enable_xla_devices not set
maxFreq at 10nA: 59.0
2021-04-20 21:49:49.700400: I tensorflow/compiler/jit/xla_gpu_device.cc:99] Not creating XLA devices, tf_xla_enable_xla_devices not set
2021-04-20 21:50:12.669641: I tensorflow/compiler/jit/xla_gpu_device.cc:99] Not creating XLA devices, tf_xla_enable_xla_devices not set
mse and spike frequency: 0.00782 22.31
[32m[I 2021-04-20 21:50:34,352][0m Trial 143 finished with values: [0.00782, 22.31] with parameters: {'Vahp': -40.0, 'Vth': -36.0, 'Vmax': 39.0, 't_ref': 15.5, 'R': 0.6, 'tau_m': 448.5, 'rate_low': 44.5, 'rate_high': 47.5}.[0m
2021-04-20 21:50:35.046663: I tensorflow/compiler/jit/xla_gpu_device.cc:99] Not creating XLA devices, tf_xla_enable_xla_devices not set
maxFreq at 10nA: 167.0
2021-04-20 21:51:07.928884: I tensorflow/compiler/jit/xla_gpu_device.cc:99] Not creating XLA devices, tf_xla_enable_xla_devices not set
2021-04-20 21:51:30.405094: I tensorflow/compiler/jit/xla_gpu_device.cc:99] Not creating XLA devices, tf_xla_enable_xla_devices not set
mse and spike frequency: 0.0325 2.74
[32m[I 2021-04-20 21:51:51,610][0m Trial 144 finished with values: [0.0325, 2.74] with parameters: {'Vahp': -53.0, 'Vth': -49.0, 'Vmax': 27.0, 't_ref': 3.5, 'R': 0.1, 'tau_m': 331.0, 'rate_low': 7.0, 'rate_high': 14.5}.[0m
2021-04-20 21:51:52.327238: I tensorflow/compiler/jit/xla_gpu_device.cc:99] Not creating XLA devices, tf_xla_enable_xla_devices not set
maxFreq at 10nA: 998.0
2021-04-20 21:52:25.803970: I tensorflow/compiler/jit/xla_gpu_device.cc:99] Not creating XLA devices, tf_xla_enable_xla_devices not set
2021-04-20 21:52:48.049304: I tensorflow/compiler/jit/xla_gpu_device.cc:99] Not creating XLA devices, tf_xla_enable_xla_devices not set
mse and spike frequency: 0.09995 0.0
[32m[I 2021-04-20 21:53:09,303][0m Trial 145 finished with values: [0.09995, 0.0] with parameters: {'Vahp': -23.5, 'Vth': -41.5, 'Vmax': 34.0, 't_ref': 16.0, 'R': 0.30000000000000004, 'tau_m': 496.0, 'rate_low': 19.0, 'rate_high': 37.5}.[0m
2021-04-20 21:53:10.022095: I tensorflow/compiler/jit/xla_gpu_device.cc:99] Not creating XLA devices, tf_xla_enable_xla_devices not set
maxFreq at 10nA: 1000.0
2021-04-20 21:53:43.461105: I tensorflow/compiler/jit/xla_gpu_device.cc:99] Not creating XLA devices, tf_xla_enable_xla_devices not set
2021-04-20 21:54:05.283244: I tensorflow/compiler/jit/xla_gpu_device.cc:99] Not creating XLA devices, tf_xla_enable_xla_devices not set
mse and spike frequency: 0.09995 0.0
[32m[I 2021-04-20 21:54:26,780][0m Trial 146 finished with values: [0.09995, 0.0] with parameters: {'Vahp': -24.5, 'Vth': -55.0, 'Vmax': 38.0, 't_ref': 2.5, 'R': 0.2, 'tau_m': 405.0, 'rate_low': 3.0, 'rate_high': 7.5}.[0m
2021-04-20 21:54:27.529976: I tensorflow/compiler/jit/xla_gpu_device.cc:99] Not creating XLA devices, tf_xla_enable_xla_devices not set
maxFreq at 10nA: 84.0
2021-04-20 21:55:01.463869: I tensorflow/compiler/jit/xla_gpu_device.cc:99] Not creating XLA devices, tf_xla_enable_xla_devices not set
2021-04-20 21:55:23.449440: I tensorflow/compiler/jit/xla_gpu_device.cc:99] Not creating XLA devices, tf_xla_enable_xla_devices not set
mse and spike frequency: 0.09995 0.0
[32m[I 2021-04-20 21:55:45,105][0m Trial 147 finished with values: [0.09995, 0.0] with parameters: {'Vahp': -36.0, 'Vth': -35.5, 'Vmax': 37.5, 't_ref': 10.5, 'R': 0.30000000000000004, 'tau_m': 3.5, 'rate_low': 20.0, 'rate_high': 36.0}.[0m
2021-04-20 21:55:45.810167: I tensorflow/compiler/jit/xla_gpu_device.cc:99] Not creating XLA devices, tf_xla_enable_xla_devices not set
maxFreq at 10nA: 334.0
2021-04-20 21:56:19.854806: I tensorflow/compiler/jit/xla_gpu_device.cc:99] Not creating XLA devices, tf_xla_enable_xla_devices not set
2021-04-20 21:56:41.630130: I tensorflow/compiler/jit/xla_gpu_device.cc:99] Not creating XLA devices, tf_xla_enable_xla_devices not set
mse and spike frequency: 0.71545 6.8
[32m[I 2021-04-20 21:57:03,916][0m Trial 148 finished with values: [0.71545, 6.8] with parameters: {'Vahp': -53.0, 'Vth': -48.5, 'Vmax': 33.0, 't_ref': 2.0, 'R': 0.8, 'tau_m': 232.5, 'rate_low': 13.0, 'rate_high': 34.5}.[0m
2021-04-20 21:57:04.637374: I tensorflow/compiler/jit/xla_gpu_device.cc:99] Not creating XLA devices, tf_xla_enable_xla_devices not set
maxFreq at 10nA: 56.0
2021-04-20 21:57:39.016627: I tensorflow/compiler/jit/xla_gpu_device.cc:99] Not creating XLA devices, tf_xla_enable_xla_devices not set
2021-04-20 21:58:01.236894: I tensorflow/compiler/jit/xla_gpu_device.cc:99] Not creating XLA devices, tf_xla_enable_xla_devices not set
mse and spike frequency: 0.07205 0.89
[32m[I 2021-04-20 21:58:23,910][0m Trial 149 finished with values: [0.07205, 0.89] with parameters: {'Vahp': -39.0, 'Vth': -24.5, 'Vmax': 37.5, 't_ref': 13.5, 'R': 0.2, 'tau_m': 450.5, 'rate_low': 9.0, 'rate_high': 18.0}.[0m
2021-04-20 21:58:24.645744: I tensorflow/compiler/jit/xla_gpu_device.cc:99] Not creating XLA devices, tf_xla_enable_xla_devices not set
maxFreq at 10nA: 67.0
2021-04-20 21:58:59.196983: I tensorflow/compiler/jit/xla_gpu_device.cc:99] Not creating XLA devices, tf_xla_enable_xla_devices not set
2021-04-20 21:59:22.540634: I tensorflow/compiler/jit/xla_gpu_device.cc:99] Not creating XLA devices, tf_xla_enable_xla_devices not set
mse and spike frequency: 0.00581 7.08
[32m[I 2021-04-20 21:59:45,177][0m Trial 150 finished with values: [0.00581, 7.08] with parameters: {'Vahp': -32.0, 'Vth': -20.0, 'Vmax': 25.5, 't_ref': 13.0, 'R': 0.2, 'tau_m': 236.0, 'rate_low': 18.0, 'rate_high': 42.5}.[0m
2021-04-20 21:59:45.846462: I tensorflow/compiler/jit/xla_gpu_device.cc:99] Not creating XLA devices, tf_xla_enable_xla_devices not set
maxFreq at 10nA: 1000.0
2021-04-20 22:00:20.398756: I tensorflow/compiler/jit/xla_gpu_device.cc:99] Not creating XLA devices, tf_xla_enable_xla_devices not set
2021-04-20 22:00:44.381889: I tensorflow/compiler/jit/xla_gpu_device.cc:99] Not creating XLA devices, tf_xla_enable_xla_devices not set
mse and spike frequency: 0.09995 0.0
