[32m[I 2021-04-20 20:21:55,622][0m Trial 55 finished with values: [0.01766, 5.86] with parameters: {'Vahp': -40.5, 'Vth': -31.0, 'Vmax': 17.0, 't_ref': 15.0, 'R': 0.8, 'tau_m': 340.0, 'R_adp': 0.7000000000000001, 'tau_w': 152.5, 'a': 267.0, 'rate_low': 16.0, 'rate_high': 49.0}.[0m
2021-04-20 20:21:56.055291: I tensorflow/compiler/jit/xla_gpu_device.cc:99] Not creating XLA devices, tf_xla_enable_xla_devices not set
maxFreq at 10nA: 45.0
2021-04-20 20:22:20.591187: I tensorflow/compiler/jit/xla_gpu_device.cc:99] Not creating XLA devices, tf_xla_enable_xla_devices not set
2021-04-20 20:22:32.276963: I tensorflow/compiler/jit/xla_gpu_device.cc:99] Not creating XLA devices, tf_xla_enable_xla_devices not set
mse and spike frequency: 0.10975 2.17
[32m[I 2021-04-20 20:22:43,164][0m Trial 56 finished with values: [0.10975, 2.17] with parameters: {'Vahp': -58.5, 'Vth': -44.5, 'Vmax': 13.5, 't_ref': 18.0, 'R': 0.1, 'tau_m': 24.0, 'R_adp': 0.6, 'tau_w': 126.0, 'a': 308.0, 'rate_low': 18.5, 'rate_high': 42.0}.[0m
2021-04-20 20:22:43.624973: I tensorflow/compiler/jit/xla_gpu_device.cc:99] Not creating XLA devices, tf_xla_enable_xla_devices not set
maxFreq at 10nA: 1000.0
2021-04-20 20:23:08.097653: I tensorflow/compiler/jit/xla_gpu_device.cc:99] Not creating XLA devices, tf_xla_enable_xla_devices not set
2021-04-20 20:23:20.315836: I tensorflow/compiler/jit/xla_gpu_device.cc:99] Not creating XLA devices, tf_xla_enable_xla_devices not set
mse and spike frequency: 0.09995 0.0
[32m[I 2021-04-20 20:23:31,391][0m Trial 57 finished with values: [0.09995, 0.0] with parameters: {'Vahp': -42.5, 'Vth': -53.5, 'Vmax': 28.0, 't_ref': 11.5, 'R': 0.9, 'tau_m': 21.0, 'R_adp': 0.30000000000000004, 'tau_w': 236.5, 'a': 153.0, 'rate_low': 6.5, 'rate_high': 39.0}.[0m
2021-04-20 20:23:31.905494: I tensorflow/compiler/jit/xla_gpu_device.cc:99] Not creating XLA devices, tf_xla_enable_xla_devices not set
maxFreq at 10nA: 1000.0
2021-04-20 20:23:56.581618: I tensorflow/compiler/jit/xla_gpu_device.cc:99] Not creating XLA devices, tf_xla_enable_xla_devices not set
2021-04-20 20:24:08.891027: I tensorflow/compiler/jit/xla_gpu_device.cc:99] Not creating XLA devices, tf_xla_enable_xla_devices not set
mse and spike frequency: 0.09995 0.0
[32m[I 2021-04-20 20:24:20,354][0m Trial 58 finished with values: [0.09995, 0.0] with parameters: {'Vahp': -50.5, 'Vth': -54.5, 'Vmax': 11.5, 't_ref': 16.5, 'R': 0.7000000000000001, 'tau_m': 140.0, 'R_adp': 0.7000000000000001, 'tau_w': 203.0, 'a': 168.0, 'rate_low': 6.0, 'rate_high': 48.0}.[0m
2021-04-20 20:24:20.815352: I tensorflow/compiler/jit/xla_gpu_device.cc:99] Not creating XLA devices, tf_xla_enable_xla_devices not set
maxFreq at 10nA: 44.0
2021-04-20 20:24:45.040914: I tensorflow/compiler/jit/xla_gpu_device.cc:99] Not creating XLA devices, tf_xla_enable_xla_devices not set
2021-04-20 20:24:57.651128: I tensorflow/compiler/jit/xla_gpu_device.cc:99] Not creating XLA devices, tf_xla_enable_xla_devices not set
mse and spike frequency: 0.45653 2.4
[32m[I 2021-04-20 20:25:08,947][0m Trial 59 finished with values: [0.45653, 2.4] with parameters: {'Vahp': -37.0, 'Vth': -37.0, 'Vmax': 20.0, 't_ref': 18.5, 'R': 0.1, 'tau_m': 345.5, 'R_adp': 0.4, 'tau_w': 474.5, 'a': 147.0, 'rate_low': 28.5, 'rate_high': 50.0}.[0m
2021-04-20 20:25:09.492835: I tensorflow/compiler/jit/xla_gpu_device.cc:99] Not creating XLA devices, tf_xla_enable_xla_devices not set
maxFreq at 10nA: 1000.0
2021-04-20 20:25:34.012856: I tensorflow/compiler/jit/xla_gpu_device.cc:99] Not creating XLA devices, tf_xla_enable_xla_devices not set
2021-04-20 20:25:46.689710: I tensorflow/compiler/jit/xla_gpu_device.cc:99] Not creating XLA devices, tf_xla_enable_xla_devices not set
mse and spike frequency: 0.09995 0.0
[32m[I 2021-04-20 20:25:57,806][0m Trial 60 finished with values: [0.09995, 0.0] with parameters: {'Vahp': -31.5, 'Vth': -54.5, 'Vmax': 24.0, 't_ref': 5.5, 'R': 0.9, 'tau_m': 258.5, 'R_adp': 1.0, 'tau_w': 4.0, 'a': 117.0, 'rate_low': 7.0, 'rate_high': 36.0}.[0m
2021-04-20 20:25:58.354533: I tensorflow/compiler/jit/xla_gpu_device.cc:99] Not creating XLA devices, tf_xla_enable_xla_devices not set
maxFreq at 10nA: 1000.0
2021-04-20 20:26:23.091346: I tensorflow/compiler/jit/xla_gpu_device.cc:99] Not creating XLA devices, tf_xla_enable_xla_devices not set
2021-04-20 20:26:36.147117: I tensorflow/compiler/jit/xla_gpu_device.cc:99] Not creating XLA devices, tf_xla_enable_xla_devices not set
mse and spike frequency: 0.09995 0.0
[32m[I 2021-04-20 20:26:47,397][0m Trial 61 finished with values: [0.09995, 0.0] with parameters: {'Vahp': -42.5, 'Vth': -54.5, 'Vmax': 16.0, 't_ref': 5.5, 'R': 0.1, 'tau_m': 33.5, 'R_adp': 0.30000000000000004, 'tau_w': 139.0, 'a': 419.5, 'rate_low': 12.0, 'rate_high': 36.0}.[0m
2021-04-20 20:26:48.115902: I tensorflow/compiler/jit/xla_gpu_device.cc:99] Not creating XLA devices, tf_xla_enable_xla_devices not set
maxFreq at 10nA: 127.0
2021-04-20 20:27:12.658859: I tensorflow/compiler/jit/xla_gpu_device.cc:99] Not creating XLA devices, tf_xla_enable_xla_devices not set
2021-04-20 20:27:25.061102: I tensorflow/compiler/jit/xla_gpu_device.cc:99] Not creating XLA devices, tf_xla_enable_xla_devices not set
mse and spike frequency: 0.01221 4.8
[32m[I 2021-04-20 20:27:36,687][0m Trial 62 finished with values: [0.01221, 4.8] with parameters: {'Vahp': -50.5, 'Vth': -20.0, 'Vmax': 12.5, 't_ref': 5.5, 'R': 0.5, 'tau_m': 108.0, 'R_adp': 0.5, 'tau_w': 103.0, 'a': 344.0, 'rate_low': 21.0, 'rate_high': 26.0}.[0m
2021-04-20 20:27:37.331941: I tensorflow/compiler/jit/xla_gpu_device.cc:99] Not creating XLA devices, tf_xla_enable_xla_devices not set
maxFreq at 10nA: 997.0
2021-04-20 20:28:01.733578: I tensorflow/compiler/jit/xla_gpu_device.cc:99] Not creating XLA devices, tf_xla_enable_xla_devices not set
2021-04-20 20:28:14.150166: I tensorflow/compiler/jit/xla_gpu_device.cc:99] Not creating XLA devices, tf_xla_enable_xla_devices not set
mse and spike frequency: 0.09995 0.0
[32m[I 2021-04-20 20:28:25,786][0m Trial 63 finished with values: [0.09995, 0.0] with parameters: {'Vahp': -42.5, 'Vth': -44.5, 'Vmax': 13.5, 't_ref': 14.0, 'R': 0.1, 'tau_m': 271.5, 'R_adp': 0.6, 'tau_w': 254.0, 'a': 308.0, 'rate_low': 18.5, 'rate_high': 49.5}.[0m
2021-04-20 20:28:26.393676: I tensorflow/compiler/jit/xla_gpu_device.cc:99] Not creating XLA devices, tf_xla_enable_xla_devices not set
maxFreq at 10nA: 1000.0
2021-04-20 20:28:50.797804: I tensorflow/compiler/jit/xla_gpu_device.cc:99] Not creating XLA devices, tf_xla_enable_xla_devices not set
2021-04-20 20:29:02.849695: I tensorflow/compiler/jit/xla_gpu_device.cc:99] Not creating XLA devices, tf_xla_enable_xla_devices not set
mse and spike frequency: 0.09995 0.0
[32m[I 2021-04-20 20:29:14,361][0m Trial 64 finished with values: [0.09995, 0.0] with parameters: {'Vahp': -41.0, 'Vth': -48.0, 'Vmax': 21.5, 't_ref': 17.0, 'R': 0.2, 'tau_m': 143.0, 'R_adp': 1.0, 'tau_w': 298.0, 'a': 95.5, 'rate_low': 2.5, 'rate_high': 25.0}.[0m
2021-04-20 20:29:14.906567: I tensorflow/compiler/jit/xla_gpu_device.cc:99] Not creating XLA devices, tf_xla_enable_xla_devices not set
maxFreq at 10nA: 1000.0
2021-04-20 20:29:40.147134: I tensorflow/compiler/jit/xla_gpu_device.cc:99] Not creating XLA devices, tf_xla_enable_xla_devices not set
2021-04-20 20:29:52.218232: I tensorflow/compiler/jit/xla_gpu_device.cc:99] Not creating XLA devices, tf_xla_enable_xla_devices not set
mse and spike frequency: 0.09995 0.0
[32m[I 2021-04-20 20:30:04,164][0m Trial 65 finished with values: [0.09995, 0.0] with parameters: {'Vahp': -22.0, 'Vth': -51.0, 'Vmax': 32.0, 't_ref': 15.5, 'R': 0.1, 'tau_m': 24.5, 'R_adp': 0.7000000000000001, 'tau_w': 396.5, 'a': 416.5, 'rate_low': 26.5, 'rate_high': 49.5}.[0m
2021-04-20 20:30:04.715807: I tensorflow/compiler/jit/xla_gpu_device.cc:99] Not creating XLA devices, tf_xla_enable_xla_devices not set
maxFreq at 10nA: 190.0
2021-04-20 20:30:29.661162: I tensorflow/compiler/jit/xla_gpu_device.cc:99] Not creating XLA devices, tf_xla_enable_xla_devices not set
2021-04-20 20:30:41.836649: I tensorflow/compiler/jit/xla_gpu_device.cc:99] Not creating XLA devices, tf_xla_enable_xla_devices not set
mse and spike frequency: 0.59057 15.09
[32m[I 2021-04-20 20:30:53,708][0m Trial 66 finished with values: [0.59057, 15.09] with parameters: {'Vahp': -55.5, 'Vth': -51.5, 'Vmax': 17.5, 't_ref': 2.5, 'R': 0.30000000000000004, 'tau_m': 448.0, 'R_adp': 1.0, 'tau_w': 360.5, 'a': 38.0, 'rate_low': 41.0, 'rate_high': 47.5}.[0m
2021-04-20 20:30:54.271191: I tensorflow/compiler/jit/xla_gpu_device.cc:99] Not creating XLA devices, tf_xla_enable_xla_devices not set
maxFreq at 10nA: 1000.0
2021-04-20 20:31:19.109164: I tensorflow/compiler/jit/xla_gpu_device.cc:99] Not creating XLA devices, tf_xla_enable_xla_devices not set
2021-04-20 20:31:31.490728: I tensorflow/compiler/jit/xla_gpu_device.cc:99] Not creating XLA devices, tf_xla_enable_xla_devices not set
mse and spike frequency: 0.09995 0.0
[32m[I 2021-04-20 20:31:43,635][0m Trial 67 finished with values: [0.09995, 0.0] with parameters: {'Vahp': -23.0, 'Vth': -48.0, 'Vmax': 21.5, 't_ref': 6.5, 'R': 1.0, 'tau_m': 284.5, 'R_adp': 0.30000000000000004, 'tau_w': 298.0, 'a': 453.5, 'rate_low': 25.5, 'rate_high': 50.0}.[0m
2021-04-20 20:31:44.206963: I tensorflow/compiler/jit/xla_gpu_device.cc:99] Not creating XLA devices, tf_xla_enable_xla_devices not set
maxFreq at 10nA: 999.0
2021-04-20 20:32:09.753552: I tensorflow/compiler/jit/xla_gpu_device.cc:99] Not creating XLA devices, tf_xla_enable_xla_devices not set
2021-04-20 20:32:22.820008: I tensorflow/compiler/jit/xla_gpu_device.cc:99] Not creating XLA devices, tf_xla_enable_xla_devices not set
mse and spike frequency: 0.09995 0.0
[32m[I 2021-04-20 20:32:35,480][0m Trial 68 finished with values: [0.09995, 0.0] with parameters: {'Vahp': -42.5, 'Vth': -44.5, 'Vmax': 13.5, 't_ref': 16.0, 'R': 0.5, 'tau_m': 387.0, 'R_adp': 0.1, 'tau_w': 254.0, 'a': 308.0, 'rate_low': 3.5, 'rate_high': 49.0}.[0m
2021-04-20 20:32:36.061210: I tensorflow/compiler/jit/xla_gpu_device.cc:99] Not creating XLA devices, tf_xla_enable_xla_devices not set
maxFreq at 10nA: 57.0
2021-04-20 20:33:01.249413: I tensorflow/compiler/jit/xla_gpu_device.cc:99] Not creating XLA devices, tf_xla_enable_xla_devices not set
2021-04-20 20:33:14.457038: I tensorflow/compiler/jit/xla_gpu_device.cc:99] Not creating XLA devices, tf_xla_enable_xla_devices not set
mse and spike frequency: 0.39008 3.87
[32m[I 2021-04-20 20:33:26,851][0m Trial 69 finished with values: [0.39008, 3.87] with parameters: {'Vahp': -55.0, 'Vth': -51.0, 'Vmax': 17.5, 't_ref': 14.0, 'R': 0.6, 'tau_m': 227.0, 'R_adp': 1.0, 'tau_w': 414.5, 'a': 306.0, 'rate_low': 2.5, 'rate_high': 49.5}.[0m
2021-04-20 20:33:27.335953: I tensorflow/compiler/jit/xla_gpu_device.cc:99] Not creating XLA devices, tf_xla_enable_xla_devices not set
maxFreq at 10nA: 1000.0
2021-04-20 20:33:52.733112: I tensorflow/compiler/jit/xla_gpu_device.cc:99] Not creating XLA devices, tf_xla_enable_xla_devices not set
2021-04-20 20:34:06.555934: I tensorflow/compiler/jit/xla_gpu_device.cc:99] Not creating XLA devices, tf_xla_enable_xla_devices not set
mse and spike frequency: 0.09995 0.0
[32m[I 2021-04-20 20:34:19,384][0m Trial 70 finished with values: [0.09995, 0.0] with parameters: {'Vahp': -31.5, 'Vth': -52.0, 'Vmax': 29.5, 't_ref': 11.5, 'R': 0.5, 'tau_m': 329.5, 'R_adp': 0.5, 'tau_w': 329.5, 'a': 194.0, 'rate_low': 11.0, 'rate_high': 19.0}.[0m
2021-04-20 20:34:19.875803: I tensorflow/compiler/jit/xla_gpu_device.cc:99] Not creating XLA devices, tf_xla_enable_xla_devices not set
maxFreq at 10nA: 56.0
2021-04-20 20:34:45.523696: I tensorflow/compiler/jit/xla_gpu_device.cc:99] Not creating XLA devices, tf_xla_enable_xla_devices not set
2021-04-20 20:34:59.383267: I tensorflow/compiler/jit/xla_gpu_device.cc:99] Not creating XLA devices, tf_xla_enable_xla_devices not set
mse and spike frequency: 0.09673 10.69
[32m[I 2021-04-20 20:35:12,065][0m Trial 71 finished with values: [0.09673, 10.69] with parameters: {'Vahp': -50.5, 'Vth': -48.0, 'Vmax': 21.5, 't_ref': 16.5, 'R': 0.7000000000000001, 'tau_m': 252.0, 'R_adp': 0.30000000000000004, 'tau_w': 298.0, 'a': 478.0, 'rate_low': 49.0, 'rate_high': 48.0}.[0m
2021-04-20 20:35:12.535889: I tensorflow/compiler/jit/xla_gpu_device.cc:99] Not creating XLA devices, tf_xla_enable_xla_devices not set
maxFreq at 10nA: 1000.0
2021-04-20 20:35:38.722138: I tensorflow/compiler/jit/xla_gpu_device.cc:99] Not creating XLA devices, tf_xla_enable_xla_devices not set
2021-04-20 20:35:52.218449: I tensorflow/compiler/jit/xla_gpu_device.cc:99] Not creating XLA devices, tf_xla_enable_xla_devices not set
mse and spike frequency: 0.09995 0.0
[32m[I 2021-04-20 20:36:05,005][0m Trial 72 finished with values: [0.09995, 0.0] with parameters: {'Vahp': -41.0, 'Vth': -48.5, 'Vmax': 36.5, 't_ref': 16.0, 'R': 0.9, 'tau_m': 54.5, 'R_adp': 0.30000000000000004, 'tau_w': 81.5, 'a': 243.5, 'rate_low': 0.5, 'rate_high': 34.0}.[0m
2021-04-20 20:36:05.500047: I tensorflow/compiler/jit/xla_gpu_device.cc:99] Not creating XLA devices, tf_xla_enable_xla_devices not set
maxFreq at 10nA: 53.0
2021-04-20 20:36:31.124053: I tensorflow/compiler/jit/xla_gpu_device.cc:99] Not creating XLA devices, tf_xla_enable_xla_devices not set
2021-04-20 20:36:44.530685: I tensorflow/compiler/jit/xla_gpu_device.cc:99] Not creating XLA devices, tf_xla_enable_xla_devices not set
mse and spike frequency: 0.01481 10.83
[32m[I 2021-04-20 20:36:57,554][0m Trial 73 finished with values: [0.01481, 10.83] with parameters: {'Vahp': -39.5, 'Vth': -28.5, 'Vmax': 10.5, 't_ref': 17.5, 'R': 1.0, 'tau_m': 465.5, 'R_adp': 0.4, 'tau_w': 167.0, 'a': 353.5, 'rate_low': 36.0, 'rate_high': 42.5}.[0m
2021-04-20 20:36:58.030666: I tensorflow/compiler/jit/xla_gpu_device.cc:99] Not creating XLA devices, tf_xla_enable_xla_devices not set
maxFreq at 10nA: 1000.0
2021-04-20 20:37:23.600535: I tensorflow/compiler/jit/xla_gpu_device.cc:99] Not creating XLA devices, tf_xla_enable_xla_devices not set
2021-04-20 20:37:36.922541: I tensorflow/compiler/jit/xla_gpu_device.cc:99] Not creating XLA devices, tf_xla_enable_xla_devices not set
mse and spike frequency: 0.09995 0.0
[32m[I 2021-04-20 20:37:50,328][0m Trial 74 finished with values: [0.09995, 0.0] with parameters: {'Vahp': -22.0, 'Vth': -51.0, 'Vmax': 32.0, 't_ref': 15.5, 'R': 1.0, 'tau_m': 406.5, 'R_adp': 0.7000000000000001, 'tau_w': 120.0, 'a': 416.5, 'rate_low': 26.5, 'rate_high': 40.0}.[0m
2021-04-20 20:37:50.883621: I tensorflow/compiler/jit/xla_gpu_device.cc:99] Not creating XLA devices, tf_xla_enable_xla_devices not set
maxFreq at 10nA: 1000.0
2021-04-20 20:38:17.134058: I tensorflow/compiler/jit/xla_gpu_device.cc:99] Not creating XLA devices, tf_xla_enable_xla_devices not set
2021-04-20 20:38:31.472019: I tensorflow/compiler/jit/xla_gpu_device.cc:99] Not creating XLA devices, tf_xla_enable_xla_devices not set
mse and spike frequency: 0.09995 0.0
[32m[I 2021-04-20 20:38:45,303][0m Trial 75 finished with values: [0.09995, 0.0] with parameters: {'Vahp': -21.0, 'Vth': -57.0, 'Vmax': 16.0, 't_ref': 18.5, 'R': 0.9, 'tau_m': 195.0, 'R_adp': 0.2, 'tau_w': 475.5, 'a': 337.0, 'rate_low': 12.0, 'rate_high': 27.0}.[0m
2021-04-20 20:38:45.783774: I tensorflow/compiler/jit/xla_gpu_device.cc:99] Not creating XLA devices, tf_xla_enable_xla_devices not set
maxFreq at 10nA: 143.0
2021-04-20 20:39:12.002523: I tensorflow/compiler/jit/xla_gpu_device.cc:99] Not creating XLA devices, tf_xla_enable_xla_devices not set
2021-04-20 20:39:26.174060: I tensorflow/compiler/jit/xla_gpu_device.cc:99] Not creating XLA devices, tf_xla_enable_xla_devices not set
mse and spike frequency: 0.02785 11.45
[32m[I 2021-04-20 20:39:39,542][0m Trial 76 finished with values: [0.02785, 11.45] with parameters: {'Vahp': -50.0, 'Vth': -46.5, 'Vmax': 21.5, 't_ref': 5.5, 'R': 0.7000000000000001, 'tau_m': 484.0, 'R_adp': 0.9, 'tau_w': 145.0, 'a': 85.5, 'rate_low': 19.0, 'rate_high': 37.5}.[0m
2021-04-20 20:39:40.022852: I tensorflow/compiler/jit/xla_gpu_device.cc:99] Not creating XLA devices, tf_xla_enable_xla_devices not set
maxFreq at 10nA: 120.0
2021-04-20 20:40:06.304335: I tensorflow/compiler/jit/xla_gpu_device.cc:99] Not creating XLA devices, tf_xla_enable_xla_devices not set
2021-04-20 20:40:20.250777: I tensorflow/compiler/jit/xla_gpu_device.cc:99] Not creating XLA devices, tf_xla_enable_xla_devices not set
mse and spike frequency: 0.0791 0.45
[32m[I 2021-04-20 20:40:33,305][0m Trial 77 finished with values: [0.0791, 0.45] with parameters: {'Vahp': -59.5, 'Vth': -35.0, 'Vmax': 13.5, 't_ref': 0.5, 'R': 0.1, 'tau_m': 163.0, 'R_adp': 0.1, 'tau_w': 254.0, 'a': 182.5, 'rate_low': 3.0, 'rate_high': 42.0}.[0m
2021-04-20 20:40:33.808940: I tensorflow/compiler/jit/xla_gpu_device.cc:99] Not creating XLA devices, tf_xla_enable_xla_devices not set
maxFreq at 10nA: 1000.0
2021-04-20 20:41:00.207700: I tensorflow/compiler/jit/xla_gpu_device.cc:99] Not creating XLA devices, tf_xla_enable_xla_devices not set
2021-04-20 20:41:14.327204: I tensorflow/compiler/jit/xla_gpu_device.cc:99] Not creating XLA devices, tf_xla_enable_xla_devices not set
mse and spike frequency: 0.09995 0.0
[32m[I 2021-04-20 20:41:27,335][0m Trial 78 finished with values: [0.09995, 0.0] with parameters: {'Vahp': -25.5, 'Vth': -31.5, 'Vmax': 36.5, 't_ref': 17.5, 'R': 0.5, 'tau_m': 91.0, 'R_adp': 0.4, 'tau_w': 81.5, 'a': 295.0, 'rate_low': 36.0, 'rate_high': 42.5}.[0m
2021-04-20 20:41:27.852068: I tensorflow/compiler/jit/xla_gpu_device.cc:99] Not creating XLA devices, tf_xla_enable_xla_devices not set
maxFreq at 10nA: 999.0
2021-04-20 20:41:53.957557: I tensorflow/compiler/jit/xla_gpu_device.cc:99] Not creating XLA devices, tf_xla_enable_xla_devices not set
2021-04-20 20:42:07.552654: I tensorflow/compiler/jit/xla_gpu_device.cc:99] Not creating XLA devices, tf_xla_enable_xla_devices not set
mse and spike frequency: 0.09995 0.0
[32m[I 2021-04-20 20:42:20,435][0m Trial 79 finished with values: [0.09995, 0.0] with parameters: {'Vahp': -22.0, 'Vth': -28.5, 'Vmax': 32.0, 't_ref': 15.5, 'R': 0.8, 'tau_m': 406.5, 'R_adp': 0.7000000000000001, 'tau_w': 176.5, 'a': 416.5, 'rate_low': 48.0, 'rate_high': 50.0}.[0m
2021-04-20 20:42:20.950510: I tensorflow/compiler/jit/xla_gpu_device.cc:99] Not creating XLA devices, tf_xla_enable_xla_devices not set
maxFreq at 10nA: 1000.0
2021-04-20 20:42:46.737305: I tensorflow/compiler/jit/xla_gpu_device.cc:99] Not creating XLA devices, tf_xla_enable_xla_devices not set
2021-04-20 20:43:00.539084: I tensorflow/compiler/jit/xla_gpu_device.cc:99] Not creating XLA devices, tf_xla_enable_xla_devices not set
mse and spike frequency: 0.09995 0.0
[32m[I 2021-04-20 20:43:13,628][0m Trial 80 finished with values: [0.09995, 0.0] with parameters: {'Vahp': -30.0, 'Vth': -48.5, 'Vmax': 21.5, 't_ref': 6.5, 'R': 1.0, 'tau_m': 143.0, 'R_adp': 0.30000000000000004, 'tau_w': 298.0, 'a': 243.5, 'rate_low': 49.0, 'rate_high': 50.0}.[0m
2021-04-20 20:43:14.189379: I tensorflow/compiler/jit/xla_gpu_device.cc:99] Not creating XLA devices, tf_xla_enable_xla_devices not set
maxFreq at 10nA: 999.0
2021-04-20 20:43:40.513103: I tensorflow/compiler/jit/xla_gpu_device.cc:99] Not creating XLA devices, tf_xla_enable_xla_devices not set
2021-04-20 20:43:55.261693: I tensorflow/compiler/jit/xla_gpu_device.cc:99] Not creating XLA devices, tf_xla_enable_xla_devices not set
mse and spike frequency: 0.09995 0.0
[32m[I 2021-04-20 20:44:08,501][0m Trial 81 finished with values: [0.09995, 0.0] with parameters: {'Vahp': -23.0, 'Vth': -48.0, 'Vmax': 19.0, 't_ref': 15.5, 'R': 0.1, 'tau_m': 143.0, 'R_adp': 0.7000000000000001, 'tau_w': 120.0, 'a': 453.5, 'rate_low': 49.0, 'rate_high': 50.0}.[0m
2021-04-20 20:44:09.057532: I tensorflow/compiler/jit/xla_gpu_device.cc:99] Not creating XLA devices, tf_xla_enable_xla_devices not set
maxFreq at 10nA: 100.0
2021-04-20 20:44:35.556778: I tensorflow/compiler/jit/xla_gpu_device.cc:99] Not creating XLA devices, tf_xla_enable_xla_devices not set
2021-04-20 20:44:50.772445: I tensorflow/compiler/jit/xla_gpu_device.cc:99] Not creating XLA devices, tf_xla_enable_xla_devices not set
mse and spike frequency: 0.18283 12.27
[32m[I 2021-04-20 20:45:03,992][0m Trial 82 finished with values: [0.18283, 12.27] with parameters: {'Vahp': -56.5, 'Vth': -56.0, 'Vmax': 25.5, 't_ref': 8.5, 'R': 0.30000000000000004, 'tau_m': 143.0, 'R_adp': 0.9, 'tau_w': 345.5, 'a': 42.5, 'rate_low': 24.5, 'rate_high': 43.5}.[0m
2021-04-20 20:45:04.526998: I tensorflow/compiler/jit/xla_gpu_device.cc:99] Not creating XLA devices, tf_xla_enable_xla_devices not set
maxFreq at 10nA: 1000.0
2021-04-20 20:45:31.521089: I tensorflow/compiler/jit/xla_gpu_device.cc:99] Not creating XLA devices, tf_xla_enable_xla_devices not set
2021-04-20 20:45:47.082852: I tensorflow/compiler/jit/xla_gpu_device.cc:99] Not creating XLA devices, tf_xla_enable_xla_devices not set
mse and spike frequency: 0.09995 0.0
[32m[I 2021-04-20 20:46:00,314][0m Trial 83 finished with values: [0.09995, 0.0] with parameters: {'Vahp': -31.5, 'Vth': -54.5, 'Vmax': 16.0, 't_ref': 5.5, 'R': 0.7000000000000001, 'tau_m': 33.5, 'R_adp': 0.1, 'tau_w': 92.5, 'a': 419.5, 'rate_low': 26.0, 'rate_high': 36.0}.[0m
2021-04-20 20:46:00.838019: I tensorflow/compiler/jit/xla_gpu_device.cc:99] Not creating XLA devices, tf_xla_enable_xla_devices not set
maxFreq at 10nA: 999.0
2021-04-20 20:46:27.487688: I tensorflow/compiler/jit/xla_gpu_device.cc:99] Not creating XLA devices, tf_xla_enable_xla_devices not set
2021-04-20 20:46:43.020152: I tensorflow/compiler/jit/xla_gpu_device.cc:99] Not creating XLA devices, tf_xla_enable_xla_devices not set
mse and spike frequency: 0.09995 0.0
