[32m[I 2021-04-20 20:49:30,928][0m Trial 89 finished with values: [0.0077, 17.42] with parameters: {'Vahp': -51.5, 'Vth': -24.0, 'Vmax': 17.0, 't_ref': 16.5, 'R': 0.9, 'tau_m': 140.5, 'rate_low': 24.0, 'rate_high': 43.0}.[0m
2021-04-20 20:49:31.679910: I tensorflow/compiler/jit/xla_gpu_device.cc:99] Not creating XLA devices, tf_xla_enable_xla_devices not set
maxFreq at 10nA: 500.0
2021-04-20 20:49:58.177164: I tensorflow/compiler/jit/xla_gpu_device.cc:99] Not creating XLA devices, tf_xla_enable_xla_devices not set
2021-04-20 20:50:13.526504: I tensorflow/compiler/jit/xla_gpu_device.cc:99] Not creating XLA devices, tf_xla_enable_xla_devices not set
mse and spike frequency: 0.00182 54.91
[32m[I 2021-04-20 20:50:28,773][0m Trial 90 finished with values: [0.00182, 54.91] with parameters: {'Vahp': -48.0, 'Vth': -38.0, 'Vmax': 24.5, 't_ref': 1.0, 'R': 0.9, 'tau_m': 480.0, 'rate_low': 41.0, 'rate_high': 41.5}.[0m
2021-04-20 20:50:29.350016: I tensorflow/compiler/jit/xla_gpu_device.cc:99] Not creating XLA devices, tf_xla_enable_xla_devices not set
maxFreq at 10nA: 56.0
2021-04-20 20:50:55.925477: I tensorflow/compiler/jit/xla_gpu_device.cc:99] Not creating XLA devices, tf_xla_enable_xla_devices not set
2021-04-20 20:51:11.476619: I tensorflow/compiler/jit/xla_gpu_device.cc:99] Not creating XLA devices, tf_xla_enable_xla_devices not set
mse and spike frequency: 0.09995 0.0
[32m[I 2021-04-20 20:51:26,744][0m Trial 91 finished with values: [0.09995, 0.0] with parameters: {'Vahp': -47.5, 'Vth': -47.0, 'Vmax': 38.5, 't_ref': 16.5, 'R': 0.9, 'tau_m': 111.5, 'rate_low': 5.5, 'rate_high': 26.5}.[0m
2021-04-20 20:51:27.282205: I tensorflow/compiler/jit/xla_gpu_device.cc:99] Not creating XLA devices, tf_xla_enable_xla_devices not set
maxFreq at 10nA: 53.0
2021-04-20 20:51:54.585888: I tensorflow/compiler/jit/xla_gpu_device.cc:99] Not creating XLA devices, tf_xla_enable_xla_devices not set
2021-04-20 20:52:10.258114: I tensorflow/compiler/jit/xla_gpu_device.cc:99] Not creating XLA devices, tf_xla_enable_xla_devices not set
mse and spike frequency: 0.01006 9.38
[32m[I 2021-04-20 20:52:25,951][0m Trial 92 finished with values: [0.01006, 9.38] with parameters: {'Vahp': -43.5, 'Vth': -24.0, 'Vmax': 30.0, 't_ref': 18.0, 'R': 0.1, 'tau_m': 48.5, 'rate_low': 32.5, 'rate_high': 35.5}.[0m
2021-04-20 20:52:26.473476: I tensorflow/compiler/jit/xla_gpu_device.cc:99] Not creating XLA devices, tf_xla_enable_xla_devices not set
maxFreq at 10nA: 67.0
2021-04-20 20:52:54.089414: I tensorflow/compiler/jit/xla_gpu_device.cc:99] Not creating XLA devices, tf_xla_enable_xla_devices not set
2021-04-20 20:53:09.724939: I tensorflow/compiler/jit/xla_gpu_device.cc:99] Not creating XLA devices, tf_xla_enable_xla_devices not set
mse and spike frequency: 0.01338 7.69
[32m[I 2021-04-20 20:53:26,110][0m Trial 93 finished with values: [0.01338, 7.69] with parameters: {'Vahp': -27.5, 'Vth': -23.0, 'Vmax': 12.5, 't_ref': 13.5, 'R': 0.7000000000000001, 'tau_m': 127.0, 'rate_low': 21.0, 'rate_high': 48.5}.[0m
2021-04-20 20:53:26.659072: I tensorflow/compiler/jit/xla_gpu_device.cc:99] Not creating XLA devices, tf_xla_enable_xla_devices not set
maxFreq at 10nA: 50.0
2021-04-20 20:53:54.419670: I tensorflow/compiler/jit/xla_gpu_device.cc:99] Not creating XLA devices, tf_xla_enable_xla_devices not set
2021-04-20 20:54:10.912911: I tensorflow/compiler/jit/xla_gpu_device.cc:99] Not creating XLA devices, tf_xla_enable_xla_devices not set
mse and spike frequency: 0.01746 3.23
[32m[I 2021-04-20 20:54:28,427][0m Trial 94 finished with values: [0.01746, 3.23] with parameters: {'Vahp': -46.0, 'Vth': -33.5, 'Vmax': 35.0, 't_ref': 15.0, 'R': 0.1, 'tau_m': 319.0, 'rate_low': 22.5, 'rate_high': 46.5}.[0m
2021-04-20 20:54:29.016155: I tensorflow/compiler/jit/xla_gpu_device.cc:99] Not creating XLA devices, tf_xla_enable_xla_devices not set
maxFreq at 10nA: 53.0
2021-04-20 20:54:56.754130: I tensorflow/compiler/jit/xla_gpu_device.cc:99] Not creating XLA devices, tf_xla_enable_xla_devices not set
2021-04-20 20:55:13.807922: I tensorflow/compiler/jit/xla_gpu_device.cc:99] Not creating XLA devices, tf_xla_enable_xla_devices not set
mse and spike frequency: 0.00584 8.85
[32m[I 2021-04-20 20:55:31,313][0m Trial 95 finished with values: [0.00584, 8.85] with parameters: {'Vahp': -59.5, 'Vth': -38.5, 'Vmax': 29.5, 't_ref': 17.5, 'R': 0.8, 'tau_m': 260.5, 'rate_low': 6.5, 'rate_high': 38.0}.[0m
2021-04-20 20:55:32.000786: I tensorflow/compiler/jit/xla_gpu_device.cc:99] Not creating XLA devices, tf_xla_enable_xla_devices not set
maxFreq at 10nA: 333.0
2021-04-20 20:55:59.536828: I tensorflow/compiler/jit/xla_gpu_device.cc:99] Not creating XLA devices, tf_xla_enable_xla_devices not set
2021-04-20 20:56:16.544048: I tensorflow/compiler/jit/xla_gpu_device.cc:99] Not creating XLA devices, tf_xla_enable_xla_devices not set
mse and spike frequency: 0.00166 41.55
[32m[I 2021-04-20 20:56:33,231][0m Trial 96 finished with values: [0.00166, 41.55] with parameters: {'Vahp': -50.0, 'Vth': -41.0, 'Vmax': 11.5, 't_ref': 1.5, 'R': 0.5, 'tau_m': 313.0, 'rate_low': 35.5, 'rate_high': 40.5}.[0m
2021-04-20 20:56:33.929166: I tensorflow/compiler/jit/xla_gpu_device.cc:99] Not creating XLA devices, tf_xla_enable_xla_devices not set
maxFreq at 10nA: 53.0
2021-04-20 20:57:01.126135: I tensorflow/compiler/jit/xla_gpu_device.cc:99] Not creating XLA devices, tf_xla_enable_xla_devices not set
2021-04-20 20:57:17.557352: I tensorflow/compiler/jit/xla_gpu_device.cc:99] Not creating XLA devices, tf_xla_enable_xla_devices not set
mse and spike frequency: 0.01055 22.87
[32m[I 2021-04-20 20:57:33,596][0m Trial 97 finished with values: [0.01055, 22.87] with parameters: {'Vahp': -38.0, 'Vth': -36.5, 'Vmax': 31.5, 't_ref': 17.5, 'R': 0.4, 'tau_m': 251.5, 'rate_low': 37.5, 'rate_high': 37.5}.[0m
2021-04-20 20:57:34.194944: I tensorflow/compiler/jit/xla_gpu_device.cc:99] Not creating XLA devices, tf_xla_enable_xla_devices not set
maxFreq at 10nA: 100.0
2021-04-20 20:58:01.123150: I tensorflow/compiler/jit/xla_gpu_device.cc:99] Not creating XLA devices, tf_xla_enable_xla_devices not set
2021-04-20 20:58:17.577539: I tensorflow/compiler/jit/xla_gpu_device.cc:99] Not creating XLA devices, tf_xla_enable_xla_devices not set
mse and spike frequency: 0.00352 6.91
[32m[I 2021-04-20 20:58:33,659][0m Trial 98 finished with values: [0.00352, 6.91] with parameters: {'Vahp': -49.5, 'Vth': -26.0, 'Vmax': 28.0, 't_ref': 6.5, 'R': 0.5, 'tau_m': 491.0, 'rate_low': 16.0, 'rate_high': 47.5}.[0m
2021-04-20 20:58:34.241922: I tensorflow/compiler/jit/xla_gpu_device.cc:99] Not creating XLA devices, tf_xla_enable_xla_devices not set
maxFreq at 10nA: 1000.0
2021-04-20 20:59:01.030025: I tensorflow/compiler/jit/xla_gpu_device.cc:99] Not creating XLA devices, tf_xla_enable_xla_devices not set
2021-04-20 20:59:17.483208: I tensorflow/compiler/jit/xla_gpu_device.cc:99] Not creating XLA devices, tf_xla_enable_xla_devices not set
mse and spike frequency: 0.09995 0.0
[32m[I 2021-04-20 20:59:33,209][0m Trial 99 finished with values: [0.09995, 0.0] with parameters: {'Vahp': -23.5, 'Vth': -24.5, 'Vmax': 36.5, 't_ref': 17.0, 'R': 1.0, 'tau_m': 126.0, 'rate_low': 20.0, 'rate_high': 32.0}.[0m
2021-04-20 20:59:33.853546: I tensorflow/compiler/jit/xla_gpu_device.cc:99] Not creating XLA devices, tf_xla_enable_xla_devices not set
maxFreq at 10nA: 1000.0
2021-04-20 21:00:00.626668: I tensorflow/compiler/jit/xla_gpu_device.cc:99] Not creating XLA devices, tf_xla_enable_xla_devices not set
2021-04-20 21:00:17.190398: I tensorflow/compiler/jit/xla_gpu_device.cc:99] Not creating XLA devices, tf_xla_enable_xla_devices not set
mse and spike frequency: 0.09995 0.0
[32m[I 2021-04-20 21:00:33,191][0m Trial 100 finished with values: [0.09995, 0.0] with parameters: {'Vahp': -23.5, 'Vth': -47.5, 'Vmax': 34.0, 't_ref': 17.0, 'R': 1.0, 'tau_m': 129.5, 'rate_low': 39.5, 'rate_high': 32.0}.[0m
2021-04-20 21:00:33.959260: I tensorflow/compiler/jit/xla_gpu_device.cc:99] Not creating XLA devices, tf_xla_enable_xla_devices not set
maxFreq at 10nA: 50.0
2021-04-20 21:01:01.780466: I tensorflow/compiler/jit/xla_gpu_device.cc:99] Not creating XLA devices, tf_xla_enable_xla_devices not set
2021-04-20 21:01:17.967242: I tensorflow/compiler/jit/xla_gpu_device.cc:99] Not creating XLA devices, tf_xla_enable_xla_devices not set
mse and spike frequency: 0.09995 0.0
[32m[I 2021-04-20 21:01:34,088][0m Trial 101 finished with values: [0.09995, 0.0] with parameters: {'Vahp': -45.0, 'Vth': -44.0, 'Vmax': 15.5, 't_ref': 18.5, 'R': 0.7000000000000001, 'tau_m': 304.0, 'rate_low': 2.5, 'rate_high': 13.0}.[0m
2021-04-20 21:01:34.706224: I tensorflow/compiler/jit/xla_gpu_device.cc:99] Not creating XLA devices, tf_xla_enable_xla_devices not set
maxFreq at 10nA: 63.0
2021-04-20 21:02:02.372882: I tensorflow/compiler/jit/xla_gpu_device.cc:99] Not creating XLA devices, tf_xla_enable_xla_devices not set
2021-04-20 21:02:19.143681: I tensorflow/compiler/jit/xla_gpu_device.cc:99] Not creating XLA devices, tf_xla_enable_xla_devices not set
mse and spike frequency: 0.09995 0.0
[32m[I 2021-04-20 21:02:35,421][0m Trial 102 finished with values: [0.09995, 0.0] with parameters: {'Vahp': -59.5, 'Vth': -38.5, 'Vmax': 29.5, 't_ref': 15.0, 'R': 0.30000000000000004, 'tau_m': 8.5, 'rate_low': 31.5, 'rate_high': 38.0}.[0m
2021-04-20 21:02:36.052233: I tensorflow/compiler/jit/xla_gpu_device.cc:99] Not creating XLA devices, tf_xla_enable_xla_devices not set
maxFreq at 10nA: 1000.0
2021-04-20 21:03:04.115823: I tensorflow/compiler/jit/xla_gpu_device.cc:99] Not creating XLA devices, tf_xla_enable_xla_devices not set
2021-04-20 21:03:20.960962: I tensorflow/compiler/jit/xla_gpu_device.cc:99] Not creating XLA devices, tf_xla_enable_xla_devices not set
mse and spike frequency: 0.09995 0.0
[32m[I 2021-04-20 21:03:37,731][0m Trial 103 finished with values: [0.09995, 0.0] with parameters: {'Vahp': -56.0, 'Vth': -57.0, 'Vmax': 39.5, 't_ref': 11.5, 'R': 0.7000000000000001, 'tau_m': 106.5, 'rate_low': 44.5, 'rate_high': 43.5}.[0m
2021-04-20 21:03:38.333699: I tensorflow/compiler/jit/xla_gpu_device.cc:99] Not creating XLA devices, tf_xla_enable_xla_devices not set
maxFreq at 10nA: 1000.0
2021-04-20 21:04:07.447153: I tensorflow/compiler/jit/xla_gpu_device.cc:99] Not creating XLA devices, tf_xla_enable_xla_devices not set
2021-04-20 21:04:24.725106: I tensorflow/compiler/jit/xla_gpu_device.cc:99] Not creating XLA devices, tf_xla_enable_xla_devices not set
mse and spike frequency: 0.09995 0.0
[32m[I 2021-04-20 21:04:40,896][0m Trial 104 finished with values: [0.09995, 0.0] with parameters: {'Vahp': -46.0, 'Vth': -56.5, 'Vmax': 30.5, 't_ref': 9.5, 'R': 0.8, 'tau_m': 133.5, 'rate_low': 39.5, 'rate_high': 49.0}.[0m
2021-04-20 21:04:41.487118: I tensorflow/compiler/jit/xla_gpu_device.cc:99] Not creating XLA devices, tf_xla_enable_xla_devices not set
maxFreq at 10nA: 1000.0
2021-04-20 21:05:10.092154: I tensorflow/compiler/jit/xla_gpu_device.cc:99] Not creating XLA devices, tf_xla_enable_xla_devices not set
2021-04-20 21:05:27.181157: I tensorflow/compiler/jit/xla_gpu_device.cc:99] Not creating XLA devices, tf_xla_enable_xla_devices not set
mse and spike frequency: 0.09995 0.0
[32m[I 2021-04-20 21:05:43,565][0m Trial 105 finished with values: [0.09995, 0.0] with parameters: {'Vahp': -26.0, 'Vth': -56.5, 'Vmax': 11.5, 't_ref': 9.5, 'R': 0.8, 'tau_m': 137.0, 'rate_low': 26.0, 'rate_high': 44.5}.[0m
2021-04-20 21:05:44.184900: I tensorflow/compiler/jit/xla_gpu_device.cc:99] Not creating XLA devices, tf_xla_enable_xla_devices not set
maxFreq at 10nA: 56.0
2021-04-20 21:06:12.714563: I tensorflow/compiler/jit/xla_gpu_device.cc:99] Not creating XLA devices, tf_xla_enable_xla_devices not set
2021-04-20 21:06:30.071424: I tensorflow/compiler/jit/xla_gpu_device.cc:99] Not creating XLA devices, tf_xla_enable_xla_devices not set
mse and spike frequency: 0.09996 2.84
[32m[I 2021-04-20 21:06:47,120][0m Trial 106 finished with values: [0.09996, 2.84] with parameters: {'Vahp': -47.5, 'Vth': -47.0, 'Vmax': 28.0, 't_ref': 16.5, 'R': 0.7000000000000001, 'tau_m': 111.5, 'rate_low': 49.0, 'rate_high': 26.5}.[0m
2021-04-20 21:06:47.728864: I tensorflow/compiler/jit/xla_gpu_device.cc:99] Not creating XLA devices, tf_xla_enable_xla_devices not set
maxFreq at 10nA: 67.0
2021-04-20 21:07:16.079487: I tensorflow/compiler/jit/xla_gpu_device.cc:99] Not creating XLA devices, tf_xla_enable_xla_devices not set
2021-04-20 21:07:33.679344: I tensorflow/compiler/jit/xla_gpu_device.cc:99] Not creating XLA devices, tf_xla_enable_xla_devices not set
mse and spike frequency: 0.00435 16.63
[32m[I 2021-04-20 21:07:50,082][0m Trial 107 finished with values: [0.00435, 16.63] with parameters: {'Vahp': -38.0, 'Vth': -34.5, 'Vmax': 18.5, 't_ref': 14.0, 'R': 0.6, 'tau_m': 495.5, 'rate_low': 19.0, 'rate_high': 16.5}.[0m
2021-04-20 21:07:50.722221: I tensorflow/compiler/jit/xla_gpu_device.cc:99] Not creating XLA devices, tf_xla_enable_xla_devices not set
maxFreq at 10nA: 1000.0
2021-04-20 21:08:19.235120: I tensorflow/compiler/jit/xla_gpu_device.cc:99] Not creating XLA devices, tf_xla_enable_xla_devices not set
2021-04-20 21:08:36.959386: I tensorflow/compiler/jit/xla_gpu_device.cc:99] Not creating XLA devices, tf_xla_enable_xla_devices not set
mse and spike frequency: 0.09995 0.0
[32m[I 2021-04-20 21:08:53,509][0m Trial 108 finished with values: [0.09995, 0.0] with parameters: {'Vahp': -25.0, 'Vth': -43.0, 'Vmax': 14.0, 't_ref': 9.5, 'R': 0.8, 'tau_m': 27.5, 'rate_low': 34.5, 'rate_high': 42.0}.[0m
2021-04-20 21:08:54.138329: I tensorflow/compiler/jit/xla_gpu_device.cc:99] Not creating XLA devices, tf_xla_enable_xla_devices not set
maxFreq at 10nA: 63.0
2021-04-20 21:09:22.849806: I tensorflow/compiler/jit/xla_gpu_device.cc:99] Not creating XLA devices, tf_xla_enable_xla_devices not set
2021-04-20 21:09:40.489625: I tensorflow/compiler/jit/xla_gpu_device.cc:99] Not creating XLA devices, tf_xla_enable_xla_devices not set
mse and spike frequency: 0.01177 3.67
[32m[I 2021-04-20 21:09:57,191][0m Trial 109 finished with values: [0.01177, 3.67] with parameters: {'Vahp': -49.5, 'Vth': -34.5, 'Vmax': 39.0, 't_ref': 14.0, 'R': 0.5, 'tau_m': 432.0, 'rate_low': 7.5, 'rate_high': 16.5}.[0m
2021-04-20 21:09:57.924317: I tensorflow/compiler/jit/xla_gpu_device.cc:99] Not creating XLA devices, tf_xla_enable_xla_devices not set
maxFreq at 10nA: 91.0
2021-04-20 21:10:27.346544: I tensorflow/compiler/jit/xla_gpu_device.cc:99] Not creating XLA devices, tf_xla_enable_xla_devices not set
2021-04-20 21:10:44.781205: I tensorflow/compiler/jit/xla_gpu_device.cc:99] Not creating XLA devices, tf_xla_enable_xla_devices not set
mse and spike frequency: 0.00526 8.75
[32m[I 2021-04-20 21:11:01,596][0m Trial 110 finished with values: [0.00526, 8.75] with parameters: {'Vahp': -45.0, 'Vth': -22.5, 'Vmax': 14.0, 't_ref': 9.5, 'R': 0.4, 'tau_m': 134.5, 'rate_low': 13.5, 'rate_high': 21.0}.[0m
2021-04-20 21:11:02.189169: I tensorflow/compiler/jit/xla_gpu_device.cc:99] Not creating XLA devices, tf_xla_enable_xla_devices not set
maxFreq at 10nA: 999.0
2021-04-20 21:11:32.221099: I tensorflow/compiler/jit/xla_gpu_device.cc:99] Not creating XLA devices, tf_xla_enable_xla_devices not set
2021-04-20 21:11:49.798740: I tensorflow/compiler/jit/xla_gpu_device.cc:99] Not creating XLA devices, tf_xla_enable_xla_devices not set
mse and spike frequency: 0.09995 0.0
[32m[I 2021-04-20 21:12:07,397][0m Trial 111 finished with values: [0.09995, 0.0] with parameters: {'Vahp': -25.0, 'Vth': -26.0, 'Vmax': 24.5, 't_ref': 9.5, 'R': 0.9, 'tau_m': 397.0, 'rate_low': 35.0, 'rate_high': 40.5}.[0m
2021-04-20 21:12:08.013692: I tensorflow/compiler/jit/xla_gpu_device.cc:99] Not creating XLA devices, tf_xla_enable_xla_devices not set
maxFreq at 10nA: 1000.0
2021-04-20 21:12:37.798929: I tensorflow/compiler/jit/xla_gpu_device.cc:99] Not creating XLA devices, tf_xla_enable_xla_devices not set
2021-04-20 21:12:55.768724: I tensorflow/compiler/jit/xla_gpu_device.cc:99] Not creating XLA devices, tf_xla_enable_xla_devices not set
mse and spike frequency: 0.09995 0.0
[32m[I 2021-04-20 21:13:13,075][0m Trial 112 finished with values: [0.09995, 0.0] with parameters: {'Vahp': -25.5, 'Vth': -34.0, 'Vmax': 24.5, 't_ref': 19.5, 'R': 0.5, 'tau_m': 133.5, 'rate_low': 35.0, 'rate_high': 24.5}.[0m
2021-04-20 21:13:13.665542: I tensorflow/compiler/jit/xla_gpu_device.cc:99] Not creating XLA devices, tf_xla_enable_xla_devices not set
maxFreq at 10nA: 1000.0
2021-04-20 21:13:43.829405: I tensorflow/compiler/jit/xla_gpu_device.cc:99] Not creating XLA devices, tf_xla_enable_xla_devices not set
2021-04-20 21:14:01.778277: I tensorflow/compiler/jit/xla_gpu_device.cc:99] Not creating XLA devices, tf_xla_enable_xla_devices not set
mse and spike frequency: 0.09995 0.0
[32m[I 2021-04-20 21:14:19,254][0m Trial 113 finished with values: [0.09995, 0.0] with parameters: {'Vahp': -28.0, 'Vth': -51.0, 'Vmax': 19.0, 't_ref': 13.0, 'R': 0.9, 'tau_m': 440.5, 'rate_low': 17.5, 'rate_high': 25.0}.[0m
2021-04-20 21:14:19.894887: I tensorflow/compiler/jit/xla_gpu_device.cc:99] Not creating XLA devices, tf_xla_enable_xla_devices not set
maxFreq at 10nA: 72.0
2021-04-20 21:14:49.946771: I tensorflow/compiler/jit/xla_gpu_device.cc:99] Not creating XLA devices, tf_xla_enable_xla_devices not set
2021-04-20 21:15:07.888018: I tensorflow/compiler/jit/xla_gpu_device.cc:99] Not creating XLA devices, tf_xla_enable_xla_devices not set
mse and spike frequency: 0.00376 18.68
[32m[I 2021-04-20 21:15:25,160][0m Trial 114 finished with values: [0.00376, 18.68] with parameters: {'Vahp': -51.0, 'Vth': -46.0, 'Vmax': 38.0, 't_ref': 13.0, 'R': 0.7000000000000001, 'tau_m': 391.5, 'rate_low': 26.0, 'rate_high': 7.0}.[0m
2021-04-20 21:15:25.833860: I tensorflow/compiler/jit/xla_gpu_device.cc:99] Not creating XLA devices, tf_xla_enable_xla_devices not set
maxFreq at 10nA: 1000.0
2021-04-20 21:15:55.250348: I tensorflow/compiler/jit/xla_gpu_device.cc:99] Not creating XLA devices, tf_xla_enable_xla_devices not set
2021-04-20 21:16:13.819956: I tensorflow/compiler/jit/xla_gpu_device.cc:99] Not creating XLA devices, tf_xla_enable_xla_devices not set
mse and spike frequency: 0.09995 0.0
[32m[I 2021-04-20 21:16:31,170][0m Trial 115 finished with values: [0.09995, 0.0] with parameters: {'Vahp': -28.5, 'Vth': -52.5, 'Vmax': 23.5, 't_ref': 17.5, 'R': 0.8, 'tau_m': 192.0, 'rate_low': 6.5, 'rate_high': 43.5}.[0m
2021-04-20 21:16:31.821259: I tensorflow/compiler/jit/xla_gpu_device.cc:99] Not creating XLA devices, tf_xla_enable_xla_devices not set
maxFreq at 10nA: 1000.0
2021-04-20 21:17:01.455050: I tensorflow/compiler/jit/xla_gpu_device.cc:99] Not creating XLA devices, tf_xla_enable_xla_devices not set
2021-04-20 21:17:20.014240: I tensorflow/compiler/jit/xla_gpu_device.cc:99] Not creating XLA devices, tf_xla_enable_xla_devices not set
mse and spike frequency: 0.09995 0.0
[32m[I 2021-04-20 21:17:37,481][0m Trial 116 finished with values: [0.09995, 0.0] with parameters: {'Vahp': -47.5, 'Vth': -50.5, 'Vmax': 35.0, 't_ref': 8.0, 'R': 0.9, 'tau_m': 171.0, 'rate_low': 23.0, 'rate_high': 30.0}.[0m
2021-04-20 21:17:38.169374: I tensorflow/compiler/jit/xla_gpu_device.cc:99] Not creating XLA devices, tf_xla_enable_xla_devices not set
maxFreq at 10nA: 998.0
2021-04-20 21:18:08.014236: I tensorflow/compiler/jit/xla_gpu_device.cc:99] Not creating XLA devices, tf_xla_enable_xla_devices not set
2021-04-20 21:18:26.831390: I tensorflow/compiler/jit/xla_gpu_device.cc:99] Not creating XLA devices, tf_xla_enable_xla_devices not set
mse and spike frequency: 0.09995 0.0
[32m[I 2021-04-20 21:18:43,963][0m Trial 117 finished with values: [0.09995, 0.0] with parameters: {'Vahp': -28.5, 'Vth': -35.5, 'Vmax': 38.5, 't_ref': 13.0, 'R': 0.30000000000000004, 'tau_m': 313.0, 'rate_low': 32.5, 'rate_high': 43.5}.[0m
2021-04-20 21:18:44.610368: I tensorflow/compiler/jit/xla_gpu_device.cc:99] Not creating XLA devices, tf_xla_enable_xla_devices not set
maxFreq at 10nA: 1000.0
2021-04-20 21:19:14.673737: I tensorflow/compiler/jit/xla_gpu_device.cc:99] Not creating XLA devices, tf_xla_enable_xla_devices not set
2021-04-20 21:19:33.728686: I tensorflow/compiler/jit/xla_gpu_device.cc:99] Not creating XLA devices, tf_xla_enable_xla_devices not set
mse and spike frequency: 0.09995 0.0
[32m[I 2021-04-20 21:19:50,953][0m Trial 118 finished with values: [0.09995, 0.0] with parameters: {'Vahp': -56.0, 'Vth': -58.0, 'Vmax': 37.5, 't_ref': 11.0, 'R': 0.30000000000000004, 'tau_m': 94.0, 'rate_low': 1.5, 'rate_high': 41.5}.[0m
2021-04-20 21:19:51.598172: I tensorflow/compiler/jit/xla_gpu_device.cc:99] Not creating XLA devices, tf_xla_enable_xla_devices not set
maxFreq at 10nA: 100.0
2021-04-20 21:20:22.090059: I tensorflow/compiler/jit/xla_gpu_device.cc:99] Not creating XLA devices, tf_xla_enable_xla_devices not set
2021-04-20 21:20:40.684845: I tensorflow/compiler/jit/xla_gpu_device.cc:99] Not creating XLA devices, tf_xla_enable_xla_devices not set
mse and spike frequency: 0.00402 8.67
[32m[I 2021-04-20 21:20:58,271][0m Trial 119 finished with values: [0.00402, 8.67] with parameters: {'Vahp': -49.5, 'Vth': -22.5, 'Vmax': 22.0, 't_ref': 6.5, 'R': 0.5, 'tau_m': 493.5, 'rate_low': 36.0, 'rate_high': 16.5}.[0m
2021-04-20 21:20:59.040991: I tensorflow/compiler/jit/xla_gpu_device.cc:99] Not creating XLA devices, tf_xla_enable_xla_devices not set
maxFreq at 10nA: 1000.0
2021-04-20 21:21:29.613419: I tensorflow/compiler/jit/xla_gpu_device.cc:99] Not creating XLA devices, tf_xla_enable_xla_devices not set
2021-04-20 21:21:48.535596: I tensorflow/compiler/jit/xla_gpu_device.cc:99] Not creating XLA devices, tf_xla_enable_xla_devices not set
mse and spike frequency: 0.09995 0.0
