[32m[I 2021-04-21 00:38:38,502][0m Trial 244 finished with values: [0.09995, 0.0] with parameters: {'Vahp': -42.0, 'Vth': -45.0, 'Vmax': 36.5, 't_ref': 13.5, 'R': 0.2, 'tau_m': 94.5, 'rate_low': 20.0, 'rate_high': 34.5}.[0m
2021-04-21 00:38:39.424057: I tensorflow/compiler/jit/xla_gpu_device.cc:99] Not creating XLA devices, tf_xla_enable_xla_devices not set
maxFreq at 10nA: 84.0
2021-04-21 00:39:27.345504: I tensorflow/compiler/jit/xla_gpu_device.cc:99] Not creating XLA devices, tf_xla_enable_xla_devices not set
2021-04-21 00:40:05.386743: I tensorflow/compiler/jit/xla_gpu_device.cc:99] Not creating XLA devices, tf_xla_enable_xla_devices not set
mse and spike frequency: 0.00558 20.09
[32m[I 2021-04-21 00:40:40,824][0m Trial 245 finished with values: [0.00558, 20.09] with parameters: {'Vahp': -32.0, 'Vth': -20.5, 'Vmax': 20.5, 't_ref': 11.0, 'R': 0.4, 'tau_m': 100.0, 'rate_low': 24.0, 'rate_high': 33.0}.[0m
2021-04-21 00:40:41.721245: I tensorflow/compiler/jit/xla_gpu_device.cc:99] Not creating XLA devices, tf_xla_enable_xla_devices not set
maxFreq at 10nA: 77.0
2021-04-21 00:41:30.202537: I tensorflow/compiler/jit/xla_gpu_device.cc:99] Not creating XLA devices, tf_xla_enable_xla_devices not set
2021-04-21 00:42:08.375538: I tensorflow/compiler/jit/xla_gpu_device.cc:99] Not creating XLA devices, tf_xla_enable_xla_devices not set
mse and spike frequency: 0.00368 14.34
[32m[I 2021-04-21 00:42:43,485][0m Trial 246 finished with values: [0.00368, 14.34] with parameters: {'Vahp': -43.5, 'Vth': -35.0, 'Vmax': 26.0, 't_ref': 12.0, 'R': 0.4, 'tau_m': 317.0, 'rate_low': 22.5, 'rate_high': 30.0}.[0m
2021-04-21 00:42:44.388683: I tensorflow/compiler/jit/xla_gpu_device.cc:99] Not creating XLA devices, tf_xla_enable_xla_devices not set
maxFreq at 10nA: 111.0
2021-04-21 00:43:32.438625: I tensorflow/compiler/jit/xla_gpu_device.cc:99] Not creating XLA devices, tf_xla_enable_xla_devices not set
2021-04-21 00:44:10.659730: I tensorflow/compiler/jit/xla_gpu_device.cc:99] Not creating XLA devices, tf_xla_enable_xla_devices not set
mse and spike frequency: 0.00294 12.31
[32m[I 2021-04-21 00:44:45,372][0m Trial 247 finished with values: [0.00294, 12.31] with parameters: {'Vahp': -57.5, 'Vth': -35.5, 'Vmax': 23.5, 't_ref': 6.0, 'R': 0.30000000000000004, 'tau_m': 337.5, 'rate_low': 43.0, 'rate_high': 43.0}.[0m
2021-04-21 00:44:46.299745: I tensorflow/compiler/jit/xla_gpu_device.cc:99] Not creating XLA devices, tf_xla_enable_xla_devices not set
maxFreq at 10nA: 143.0
2021-04-21 00:45:33.838997: I tensorflow/compiler/jit/xla_gpu_device.cc:99] Not creating XLA devices, tf_xla_enable_xla_devices not set
2021-04-21 00:46:11.730240: I tensorflow/compiler/jit/xla_gpu_device.cc:99] Not creating XLA devices, tf_xla_enable_xla_devices not set
mse and spike frequency: 0.00467 5.05
[32m[I 2021-04-21 00:46:46,935][0m Trial 248 finished with values: [0.00467, 5.05] with parameters: {'Vahp': -57.5, 'Vth': -35.5, 'Vmax': 23.5, 't_ref': 2.5, 'R': 0.30000000000000004, 'tau_m': 423.5, 'rate_low': 11.5, 'rate_high': 43.5}.[0m
2021-04-21 00:46:47.864060: I tensorflow/compiler/jit/xla_gpu_device.cc:99] Not creating XLA devices, tf_xla_enable_xla_devices not set
maxFreq at 10nA: 1000.0
2021-04-21 00:47:35.951910: I tensorflow/compiler/jit/xla_gpu_device.cc:99] Not creating XLA devices, tf_xla_enable_xla_devices not set
2021-04-21 00:48:14.343087: I tensorflow/compiler/jit/xla_gpu_device.cc:99] Not creating XLA devices, tf_xla_enable_xla_devices not set
mse and spike frequency: 0.09995 0.0
[32m[I 2021-04-21 00:48:51,243][0m Trial 249 finished with values: [0.09995, 0.0] with parameters: {'Vahp': -47.0, 'Vth': -48.5, 'Vmax': 16.0, 't_ref': 4.0, 'R': 0.7000000000000001, 'tau_m': 410.0, 'rate_low': 15.0, 'rate_high': 43.5}.[0m
2021-04-21 00:48:52.225947: I tensorflow/compiler/jit/xla_gpu_device.cc:99] Not creating XLA devices, tf_xla_enable_xla_devices not set
maxFreq at 10nA: 1000.0
2021-04-21 00:49:41.638589: I tensorflow/compiler/jit/xla_gpu_device.cc:99] Not creating XLA devices, tf_xla_enable_xla_devices not set
2021-04-21 00:50:21.297127: I tensorflow/compiler/jit/xla_gpu_device.cc:99] Not creating XLA devices, tf_xla_enable_xla_devices not set
mse and spike frequency: 0.09995 0.0
[32m[I 2021-04-21 00:50:58,443][0m Trial 250 finished with values: [0.09995, 0.0] with parameters: {'Vahp': -39.0, 'Vth': -48.5, 'Vmax': 23.5, 't_ref': 4.0, 'R': 0.7000000000000001, 'tau_m': 410.0, 'rate_low': 15.0, 'rate_high': 18.0}.[0m
2021-04-21 00:50:59.423754: I tensorflow/compiler/jit/xla_gpu_device.cc:99] Not creating XLA devices, tf_xla_enable_xla_devices not set
maxFreq at 10nA: 997.0
2021-04-21 00:51:49.205616: I tensorflow/compiler/jit/xla_gpu_device.cc:99] Not creating XLA devices, tf_xla_enable_xla_devices not set
2021-04-21 00:52:29.227908: I tensorflow/compiler/jit/xla_gpu_device.cc:99] Not creating XLA devices, tf_xla_enable_xla_devices not set
mse and spike frequency: 0.09995 0.0
[32m[I 2021-04-21 00:53:06,315][0m Trial 251 finished with values: [0.09995, 0.0] with parameters: {'Vahp': -32.0, 'Vth': -35.5, 'Vmax': 23.5, 't_ref': 6.0, 'R': 0.30000000000000004, 'tau_m': 423.5, 'rate_low': 16.5, 'rate_high': 28.0}.[0m
2021-04-21 00:53:07.269587: I tensorflow/compiler/jit/xla_gpu_device.cc:99] Not creating XLA devices, tf_xla_enable_xla_devices not set
maxFreq at 10nA: 53.0
2021-04-21 00:53:55.852867: I tensorflow/compiler/jit/xla_gpu_device.cc:99] Not creating XLA devices, tf_xla_enable_xla_devices not set
2021-04-21 00:54:34.379974: I tensorflow/compiler/jit/xla_gpu_device.cc:99] Not creating XLA devices, tf_xla_enable_xla_devices not set
mse and spike frequency: 0.01072 4.06
[32m[I 2021-04-21 00:55:11,464][0m Trial 252 finished with values: [0.01072, 4.06] with parameters: {'Vahp': -57.5, 'Vth': -35.5, 'Vmax': 30.0, 't_ref': 13.5, 'R': 0.2, 'tau_m': 406.0, 'rate_low': 20.0, 'rate_high': 43.0}.[0m
2021-04-21 00:55:12.405871: I tensorflow/compiler/jit/xla_gpu_device.cc:99] Not creating XLA devices, tf_xla_enable_xla_devices not set
maxFreq at 10nA: 143.0
2021-04-21 00:56:01.677338: I tensorflow/compiler/jit/xla_gpu_device.cc:99] Not creating XLA devices, tf_xla_enable_xla_devices not set
2021-04-21 00:56:41.202323: I tensorflow/compiler/jit/xla_gpu_device.cc:99] Not creating XLA devices, tf_xla_enable_xla_devices not set
mse and spike frequency: 0.0133 52.13
[32m[I 2021-04-21 00:57:18,398][0m Trial 253 finished with values: [0.0133, 52.13] with parameters: {'Vahp': -57.5, 'Vth': -52.5, 'Vmax': 32.5, 't_ref': 6.0, 'R': 0.9, 'tau_m': 192.5, 'rate_low': 44.0, 'rate_high': 23.5}.[0m
2021-04-21 00:57:19.351894: I tensorflow/compiler/jit/xla_gpu_device.cc:99] Not creating XLA devices, tf_xla_enable_xla_devices not set
maxFreq at 10nA: 1000.0
2021-04-21 00:58:09.810591: I tensorflow/compiler/jit/xla_gpu_device.cc:99] Not creating XLA devices, tf_xla_enable_xla_devices not set
2021-04-21 00:58:49.275318: I tensorflow/compiler/jit/xla_gpu_device.cc:99] Not creating XLA devices, tf_xla_enable_xla_devices not set
mse and spike frequency: 0.09995 0.0
[32m[I 2021-04-21 00:59:27,024][0m Trial 254 finished with values: [0.09995, 0.0] with parameters: {'Vahp': -42.0, 'Vth': -45.0, 'Vmax': 36.5, 't_ref': 13.5, 'R': 0.2, 'tau_m': 94.5, 'rate_low': 20.0, 'rate_high': 34.5}.[0m
2021-04-21 00:59:27.943910: I tensorflow/compiler/jit/xla_gpu_device.cc:99] Not creating XLA devices, tf_xla_enable_xla_devices not set
maxFreq at 10nA: 1000.0
2021-04-21 01:00:18.802573: I tensorflow/compiler/jit/xla_gpu_device.cc:99] Not creating XLA devices, tf_xla_enable_xla_devices not set
2021-04-21 01:00:57.740122: I tensorflow/compiler/jit/xla_gpu_device.cc:99] Not creating XLA devices, tf_xla_enable_xla_devices not set
mse and spike frequency: 0.09995 0.0
[32m[I 2021-04-21 01:01:35,839][0m Trial 255 finished with values: [0.09995, 0.0] with parameters: {'Vahp': -36.0, 'Vth': -49.5, 'Vmax': 34.0, 't_ref': 2.5, 'R': 0.9, 'tau_m': 259.0, 'rate_low': 43.0, 'rate_high': 18.0}.[0m
2021-04-21 01:01:36.764239: I tensorflow/compiler/jit/xla_gpu_device.cc:99] Not creating XLA devices, tf_xla_enable_xla_devices not set
maxFreq at 10nA: 1000.0
2021-04-21 01:02:26.760218: I tensorflow/compiler/jit/xla_gpu_device.cc:99] Not creating XLA devices, tf_xla_enable_xla_devices not set
2021-04-21 01:03:06.105354: I tensorflow/compiler/jit/xla_gpu_device.cc:99] Not creating XLA devices, tf_xla_enable_xla_devices not set
mse and spike frequency: 0.09995 0.0
[32m[I 2021-04-21 01:03:44,316][0m Trial 256 finished with values: [0.09995, 0.0] with parameters: {'Vahp': -40.5, 'Vth': -52.5, 'Vmax': 11.0, 't_ref': 4.0, 'R': 0.9, 'tau_m': 489.0, 'rate_low': 1.5, 'rate_high': 15.5}.[0m
2021-04-21 01:03:45.256088: I tensorflow/compiler/jit/xla_gpu_device.cc:99] Not creating XLA devices, tf_xla_enable_xla_devices not set
maxFreq at 10nA: 67.0
2021-04-21 01:04:36.000603: I tensorflow/compiler/jit/xla_gpu_device.cc:99] Not creating XLA devices, tf_xla_enable_xla_devices not set
2021-04-21 01:05:15.033727: I tensorflow/compiler/jit/xla_gpu_device.cc:99] Not creating XLA devices, tf_xla_enable_xla_devices not set
mse and spike frequency: 0.00579 19.88
[32m[I 2021-04-21 01:05:53,204][0m Trial 257 finished with values: [0.00579, 19.88] with parameters: {'Vahp': -42.0, 'Vth': -35.5, 'Vmax': 11.5, 't_ref': 13.5, 'R': 0.9, 'tau_m': 423.5, 'rate_low': 20.0, 'rate_high': 43.5}.[0m
2021-04-21 01:05:54.131813: I tensorflow/compiler/jit/xla_gpu_device.cc:99] Not creating XLA devices, tf_xla_enable_xla_devices not set
maxFreq at 10nA: 1000.0
2021-04-21 01:06:44.646731: I tensorflow/compiler/jit/xla_gpu_device.cc:99] Not creating XLA devices, tf_xla_enable_xla_devices not set
