[32m[I 2021-04-20 20:00:27,404][0m Trial 27 finished with values: [0.09995, 0.0] with parameters: {'Vahp': -44.5, 'Vth': -52.5, 'Vmax': 22.0, 't_ref': 17.5, 'R': 0.8, 'tau_m': 260.5, 'rate_low': 6.5, 'rate_high': 35.0}.[0m
2021-04-20 20:00:27.826130: I tensorflow/compiler/jit/xla_gpu_device.cc:99] Not creating XLA devices, tf_xla_enable_xla_devices not set
maxFreq at 10nA: 91.0
2021-04-20 20:00:47.093703: I tensorflow/compiler/jit/xla_gpu_device.cc:99] Not creating XLA devices, tf_xla_enable_xla_devices not set
2021-04-20 20:00:56.092228: I tensorflow/compiler/jit/xla_gpu_device.cc:99] Not creating XLA devices, tf_xla_enable_xla_devices not set
mse and spike frequency: 0.00512 32.25
[32m[I 2021-04-20 20:01:04,446][0m Trial 28 finished with values: [0.00512, 32.25] with parameters: {'Vahp': -45.0, 'Vth': -28.0, 'Vmax': 24.5, 't_ref': 10.0, 'R': 1.0, 'tau_m': 184.0, 'rate_low': 45.5, 'rate_high': 47.0}.[0m
2021-04-20 20:01:04.887844: I tensorflow/compiler/jit/xla_gpu_device.cc:99] Not creating XLA devices, tf_xla_enable_xla_devices not set
maxFreq at 10nA: 1000.0
2021-04-20 20:01:24.873979: I tensorflow/compiler/jit/xla_gpu_device.cc:99] Not creating XLA devices, tf_xla_enable_xla_devices not set
2021-04-20 20:01:33.842459: I tensorflow/compiler/jit/xla_gpu_device.cc:99] Not creating XLA devices, tf_xla_enable_xla_devices not set
mse and spike frequency: 0.09995 0.0
[32m[I 2021-04-20 20:01:42,511][0m Trial 29 finished with values: [0.09995, 0.0] with parameters: {'Vahp': -37.5, 'Vth': -50.0, 'Vmax': 14.0, 't_ref': 9.5, 'R': 0.4, 'tau_m': 134.5, 'rate_low': 13.5, 'rate_high': 21.0}.[0m
2021-04-20 20:01:42.971308: I tensorflow/compiler/jit/xla_gpu_device.cc:99] Not creating XLA devices, tf_xla_enable_xla_devices not set
maxFreq at 10nA: 53.0
2021-04-20 20:02:03.117845: I tensorflow/compiler/jit/xla_gpu_device.cc:99] Not creating XLA devices, tf_xla_enable_xla_devices not set
2021-04-20 20:02:12.138726: I tensorflow/compiler/jit/xla_gpu_device.cc:99] Not creating XLA devices, tf_xla_enable_xla_devices not set
mse and spike frequency: 0.00735 20.32
[32m[I 2021-04-20 20:02:20,508][0m Trial 30 finished with values: [0.00735, 20.32] with parameters: {'Vahp': -43.5, 'Vth': -31.0, 'Vmax': 29.0, 't_ref': 18.0, 'R': 0.6, 'tau_m': 136.0, 'rate_low': 38.0, 'rate_high': 41.0}.[0m
2021-04-20 20:02:20.962966: I tensorflow/compiler/jit/xla_gpu_device.cc:99] Not creating XLA devices, tf_xla_enable_xla_devices not set
maxFreq at 10nA: 50.0
2021-04-20 20:02:41.414126: I tensorflow/compiler/jit/xla_gpu_device.cc:99] Not creating XLA devices, tf_xla_enable_xla_devices not set
2021-04-20 20:02:50.509663: I tensorflow/compiler/jit/xla_gpu_device.cc:99] Not creating XLA devices, tf_xla_enable_xla_devices not set
mse and spike frequency: 0.00764 6.58
[32m[I 2021-04-20 20:02:59,002][0m Trial 31 finished with values: [0.00764, 6.58] with parameters: {'Vahp': -51.0, 'Vth': -32.5, 'Vmax': 20.0, 't_ref': 16.0, 'R': 0.1, 'tau_m': 189.5, 'rate_low': 45.5, 'rate_high': 48.0}.[0m
2021-04-20 20:02:59.397909: I tensorflow/compiler/jit/xla_gpu_device.cc:99] Not creating XLA devices, tf_xla_enable_xla_devices not set
maxFreq at 10nA: 999.0
2021-04-20 20:03:19.967153: I tensorflow/compiler/jit/xla_gpu_device.cc:99] Not creating XLA devices, tf_xla_enable_xla_devices not set
2021-04-20 20:03:29.402950: I tensorflow/compiler/jit/xla_gpu_device.cc:99] Not creating XLA devices, tf_xla_enable_xla_devices not set
mse and spike frequency: 0.09995 0.0
[32m[I 2021-04-20 20:03:37,889][0m Trial 32 finished with values: [0.09995, 0.0] with parameters: {'Vahp': -38.0, 'Vth': -47.0, 'Vmax': 13.0, 't_ref': 17.5, 'R': 0.4, 'tau_m': 472.5, 'rate_low': 37.5, 'rate_high': 37.5}.[0m
2021-04-20 20:03:38.302900: I tensorflow/compiler/jit/xla_gpu_device.cc:99] Not creating XLA devices, tf_xla_enable_xla_devices not set
maxFreq at 10nA: 56.0
2021-04-20 20:03:58.775685: I tensorflow/compiler/jit/xla_gpu_device.cc:99] Not creating XLA devices, tf_xla_enable_xla_devices not set
2021-04-20 20:04:08.456528: I tensorflow/compiler/jit/xla_gpu_device.cc:99] Not creating XLA devices, tf_xla_enable_xla_devices not set
mse and spike frequency: 0.00601 16.14
[32m[I 2021-04-20 20:04:17,058][0m Trial 33 finished with values: [0.00601, 16.14] with parameters: {'Vahp': -38.0, 'Vth': -35.0, 'Vmax': 36.5, 't_ref': 17.0, 'R': 0.30000000000000004, 'tau_m': 305.0, 'rate_low': 20.0, 'rate_high': 44.0}.[0m
2021-04-20 20:04:17.466362: I tensorflow/compiler/jit/xla_gpu_device.cc:99] Not creating XLA devices, tf_xla_enable_xla_devices not set
maxFreq at 10nA: 44.0
2021-04-20 20:04:37.826039: I tensorflow/compiler/jit/xla_gpu_device.cc:99] Not creating XLA devices, tf_xla_enable_xla_devices not set
2021-04-20 20:04:47.801061: I tensorflow/compiler/jit/xla_gpu_device.cc:99] Not creating XLA devices, tf_xla_enable_xla_devices not set
mse and spike frequency: 0.00794 6.08
[32m[I 2021-04-20 20:04:56,361][0m Trial 34 finished with values: [0.00794, 6.08] with parameters: {'Vahp': -52.5, 'Vth': -26.0, 'Vmax': 28.0, 't_ref': 19.5, 'R': 0.6, 'tau_m': 491.0, 'rate_low': 16.0, 'rate_high': 47.5}.[0m
2021-04-20 20:04:56.766765: I tensorflow/compiler/jit/xla_gpu_device.cc:99] Not creating XLA devices, tf_xla_enable_xla_devices not set
maxFreq at 10nA: 1000.0
2021-04-20 20:05:17.277964: I tensorflow/compiler/jit/xla_gpu_device.cc:99] Not creating XLA devices, tf_xla_enable_xla_devices not set
2021-04-20 20:05:27.454034: I tensorflow/compiler/jit/xla_gpu_device.cc:99] Not creating XLA devices, tf_xla_enable_xla_devices not set
mse and spike frequency: 0.09995 0.0
[32m[I 2021-04-20 20:05:36,397][0m Trial 35 finished with values: [0.09995, 0.0] with parameters: {'Vahp': -43.0, 'Vth': -52.5, 'Vmax': 30.0, 't_ref': 5.0, 'R': 0.6, 'tau_m': 355.5, 'rate_low': 22.5, 'rate_high': 36.0}.[0m
2021-04-20 20:05:36.821815: I tensorflow/compiler/jit/xla_gpu_device.cc:99] Not creating XLA devices, tf_xla_enable_xla_devices not set
maxFreq at 10nA: 1000.0
2021-04-20 20:05:57.692546: I tensorflow/compiler/jit/xla_gpu_device.cc:99] Not creating XLA devices, tf_xla_enable_xla_devices not set
2021-04-20 20:06:07.571085: I tensorflow/compiler/jit/xla_gpu_device.cc:99] Not creating XLA devices, tf_xla_enable_xla_devices not set
mse and spike frequency: 0.09995 0.0
[32m[I 2021-04-20 20:06:16,583][0m Trial 36 finished with values: [0.09995, 0.0] with parameters: {'Vahp': -31.0, 'Vth': -35.0, 'Vmax': 36.5, 't_ref': 14.0, 'R': 0.6, 'tau_m': 251.0, 'rate_low': 7.5, 'rate_high': 48.0}.[0m
2021-04-20 20:06:17.003984: I tensorflow/compiler/jit/xla_gpu_device.cc:99] Not creating XLA devices, tf_xla_enable_xla_devices not set
maxFreq at 10nA: 1000.0
2021-04-20 20:06:38.564021: I tensorflow/compiler/jit/xla_gpu_device.cc:99] Not creating XLA devices, tf_xla_enable_xla_devices not set
2021-04-20 20:06:48.254095: I tensorflow/compiler/jit/xla_gpu_device.cc:99] Not creating XLA devices, tf_xla_enable_xla_devices not set
mse and spike frequency: 0.09995 0.0
[32m[I 2021-04-20 20:06:57,413][0m Trial 37 finished with values: [0.09995, 0.0] with parameters: {'Vahp': -22.0, 'Vth': -50.5, 'Vmax': 35.0, 't_ref': 8.0, 'R': 0.9, 'tau_m': 171.0, 'rate_low': 23.0, 'rate_high': 30.0}.[0m
2021-04-20 20:06:57.837563: I tensorflow/compiler/jit/xla_gpu_device.cc:99] Not creating XLA devices, tf_xla_enable_xla_devices not set
maxFreq at 10nA: 53.0
2021-04-20 20:07:19.366782: I tensorflow/compiler/jit/xla_gpu_device.cc:99] Not creating XLA devices, tf_xla_enable_xla_devices not set
2021-04-20 20:07:29.705024: I tensorflow/compiler/jit/xla_gpu_device.cc:99] Not creating XLA devices, tf_xla_enable_xla_devices not set
mse and spike frequency: 0.00423 11.02
[32m[I 2021-04-20 20:07:38,868][0m Trial 38 finished with values: [0.00423, 11.02] with parameters: {'Vahp': -48.0, 'Vth': -24.0, 'Vmax': 38.0, 't_ref': 16.5, 'R': 0.9, 'tau_m': 480.0, 'rate_low': 24.0, 'rate_high': 41.5}.[0m
2021-04-20 20:07:39.331572: I tensorflow/compiler/jit/xla_gpu_device.cc:99] Not creating XLA devices, tf_xla_enable_xla_devices not set
maxFreq at 10nA: 1000.0
2021-04-20 20:08:00.888185: I tensorflow/compiler/jit/xla_gpu_device.cc:99] Not creating XLA devices, tf_xla_enable_xla_devices not set
2021-04-20 20:08:11.120711: I tensorflow/compiler/jit/xla_gpu_device.cc:99] Not creating XLA devices, tf_xla_enable_xla_devices not set
mse and spike frequency: 0.09995 0.0
[32m[I 2021-04-20 20:08:20,725][0m Trial 39 finished with values: [0.09995, 0.0] with parameters: {'Vahp': -56.0, 'Vth': -58.0, 'Vmax': 11.0, 't_ref': 11.0, 'R': 0.5, 'tau_m': 94.0, 'rate_low': 1.5, 'rate_high': 30.0}.[0m
2021-04-20 20:08:21.161518: I tensorflow/compiler/jit/xla_gpu_device.cc:99] Not creating XLA devices, tf_xla_enable_xla_devices not set
maxFreq at 10nA: 999.0
2021-04-20 20:08:43.086407: I tensorflow/compiler/jit/xla_gpu_device.cc:99] Not creating XLA devices, tf_xla_enable_xla_devices not set
2021-04-20 20:08:53.396813: I tensorflow/compiler/jit/xla_gpu_device.cc:99] Not creating XLA devices, tf_xla_enable_xla_devices not set
mse and spike frequency: 0.09995 0.0
[32m[I 2021-04-20 20:09:03,291][0m Trial 40 finished with values: [0.09995, 0.0] with parameters: {'Vahp': -28.5, 'Vth': -35.5, 'Vmax': 39.5, 't_ref': 6.0, 'R': 0.30000000000000004, 'tau_m': 192.0, 'rate_low': 42.0, 'rate_high': 43.5}.[0m
2021-04-20 20:09:03.753536: I tensorflow/compiler/jit/xla_gpu_device.cc:99] Not creating XLA devices, tf_xla_enable_xla_devices not set
maxFreq at 10nA: 56.0
2021-04-20 20:09:25.506990: I tensorflow/compiler/jit/xla_gpu_device.cc:99] Not creating XLA devices, tf_xla_enable_xla_devices not set
2021-04-20 20:09:35.561265: I tensorflow/compiler/jit/xla_gpu_device.cc:99] Not creating XLA devices, tf_xla_enable_xla_devices not set
mse and spike frequency: 0.09995 0.0
[32m[I 2021-04-20 20:09:45,937][0m Trial 41 finished with values: [0.09995, 0.0] with parameters: {'Vahp': -47.5, 'Vth': -47.0, 'Vmax': 24.5, 't_ref': 16.5, 'R': 0.1, 'tau_m': 205.5, 'rate_low': 5.5, 'rate_high': 16.0}.[0m
2021-04-20 20:09:46.445693: I tensorflow/compiler/jit/xla_gpu_device.cc:99] Not creating XLA devices, tf_xla_enable_xla_devices not set
maxFreq at 10nA: 1000.0
2021-04-20 20:10:07.682001: I tensorflow/compiler/jit/xla_gpu_device.cc:99] Not creating XLA devices, tf_xla_enable_xla_devices not set
2021-04-20 20:10:17.930040: I tensorflow/compiler/jit/xla_gpu_device.cc:99] Not creating XLA devices, tf_xla_enable_xla_devices not set
mse and spike frequency: 0.09995 0.0
[32m[I 2021-04-20 20:10:28,119][0m Trial 42 finished with values: [0.09995, 0.0] with parameters: {'Vahp': -45.0, 'Vth': -48.5, 'Vmax': 20.5, 't_ref': 17.0, 'R': 0.7000000000000001, 'tau_m': 456.5, 'rate_low': 2.5, 'rate_high': 13.0}.[0m
2021-04-20 20:10:28.624531: I tensorflow/compiler/jit/xla_gpu_device.cc:99] Not creating XLA devices, tf_xla_enable_xla_devices not set
maxFreq at 10nA: 50.0
2021-04-20 20:10:50.079497: I tensorflow/compiler/jit/xla_gpu_device.cc:99] Not creating XLA devices, tf_xla_enable_xla_devices not set
2021-04-20 20:11:00.327542: I tensorflow/compiler/jit/xla_gpu_device.cc:99] Not creating XLA devices, tf_xla_enable_xla_devices not set
mse and spike frequency: 0.01721 23.01
[32m[I 2021-04-20 20:11:10,111][0m Trial 43 finished with values: [0.01721, 23.01] with parameters: {'Vahp': -51.5, 'Vth': -46.0, 'Vmax': 17.0, 't_ref': 18.5, 'R': 0.8, 'tau_m': 140.5, 'rate_low': 34.5, 'rate_high': 43.0}.[0m
2021-04-20 20:11:10.619617: I tensorflow/compiler/jit/xla_gpu_device.cc:99] Not creating XLA devices, tf_xla_enable_xla_devices not set
maxFreq at 10nA: 1000.0
2021-04-20 20:11:31.392620: I tensorflow/compiler/jit/xla_gpu_device.cc:99] Not creating XLA devices, tf_xla_enable_xla_devices not set
2021-04-20 20:11:41.788536: I tensorflow/compiler/jit/xla_gpu_device.cc:99] Not creating XLA devices, tf_xla_enable_xla_devices not set
mse and spike frequency: 0.09995 0.0
[32m[I 2021-04-20 20:11:51,651][0m Trial 44 finished with values: [0.09995, 0.0] with parameters: {'Vahp': -23.5, 'Vth': -24.5, 'Vmax': 10.0, 't_ref': 17.0, 'R': 1.0, 'tau_m': 126.0, 'rate_low': 21.0, 'rate_high': 32.0}.[0m
2021-04-20 20:11:52.106944: I tensorflow/compiler/jit/xla_gpu_device.cc:99] Not creating XLA devices, tf_xla_enable_xla_devices not set
maxFreq at 10nA: 1000.0
2021-04-20 20:12:14.047706: I tensorflow/compiler/jit/xla_gpu_device.cc:99] Not creating XLA devices, tf_xla_enable_xla_devices not set
2021-04-20 20:12:24.479101: I tensorflow/compiler/jit/xla_gpu_device.cc:99] Not creating XLA devices, tf_xla_enable_xla_devices not set
mse and spike frequency: 0.09995 0.0
[32m[I 2021-04-20 20:12:34,414][0m Trial 45 finished with values: [0.09995, 0.0] with parameters: {'Vahp': -23.5, 'Vth': -47.5, 'Vmax': 34.0, 't_ref': 9.5, 'R': 0.8, 'tau_m': 137.0, 'rate_low': 39.5, 'rate_high': 49.0}.[0m
2021-04-20 20:12:34.925598: I tensorflow/compiler/jit/xla_gpu_device.cc:99] Not creating XLA devices, tf_xla_enable_xla_devices not set
maxFreq at 10nA: 125.0
2021-04-20 20:12:56.633989: I tensorflow/compiler/jit/xla_gpu_device.cc:99] Not creating XLA devices, tf_xla_enable_xla_devices not set
2021-04-20 20:13:07.176415: I tensorflow/compiler/jit/xla_gpu_device.cc:99] Not creating XLA devices, tf_xla_enable_xla_devices not set
mse and spike frequency: 0.00481 30.25
[32m[I 2021-04-20 20:13:17,182][0m Trial 46 finished with values: [0.00481, 30.25] with parameters: {'Vahp': -25.0, 'Vth': -22.0, 'Vmax': 18.0, 't_ref': 6.5, 'R': 0.30000000000000004, 'tau_m': 215.5, 'rate_low': 29.5, 'rate_high': 38.5}.[0m
2021-04-20 20:13:17.687938: I tensorflow/compiler/jit/xla_gpu_device.cc:99] Not creating XLA devices, tf_xla_enable_xla_devices not set
maxFreq at 10nA: 63.0
2021-04-20 20:13:39.520701: I tensorflow/compiler/jit/xla_gpu_device.cc:99] Not creating XLA devices, tf_xla_enable_xla_devices not set
2021-04-20 20:13:50.327901: I tensorflow/compiler/jit/xla_gpu_device.cc:99] Not creating XLA devices, tf_xla_enable_xla_devices not set
mse and spike frequency: 0.09995 0.0
[32m[I 2021-04-20 20:14:00,088][0m Trial 47 finished with values: [0.09995, 0.0] with parameters: {'Vahp': -59.5, 'Vth': -38.5, 'Vmax': 29.5, 't_ref': 15.0, 'R': 0.30000000000000004, 'tau_m': 8.5, 'rate_low': 31.5, 'rate_high': 38.0}.[0m
2021-04-20 20:14:00.543457: I tensorflow/compiler/jit/xla_gpu_device.cc:99] Not creating XLA devices, tf_xla_enable_xla_devices not set
maxFreq at 10nA: 1000.0
2021-04-20 20:14:21.566674: I tensorflow/compiler/jit/xla_gpu_device.cc:99] Not creating XLA devices, tf_xla_enable_xla_devices not set
2021-04-20 20:14:32.532469: I tensorflow/compiler/jit/xla_gpu_device.cc:99] Not creating XLA devices, tf_xla_enable_xla_devices not set
mse and spike frequency: 0.09995 0.0
[32m[I 2021-04-20 20:14:43,007][0m Trial 48 finished with values: [0.09995, 0.0] with parameters: {'Vahp': -20.5, 'Vth': -43.0, 'Vmax': 16.5, 't_ref': 4.0, 'R': 1.0, 'tau_m': 104.5, 'rate_low': 10.5, 'rate_high': 28.0}.[0m
2021-04-20 20:14:43.541852: I tensorflow/compiler/jit/xla_gpu_device.cc:99] Not creating XLA devices, tf_xla_enable_xla_devices not set
maxFreq at 10nA: 997.0
2021-04-20 20:15:05.421591: I tensorflow/compiler/jit/xla_gpu_device.cc:99] Not creating XLA devices, tf_xla_enable_xla_devices not set
2021-04-20 20:15:16.810910: I tensorflow/compiler/jit/xla_gpu_device.cc:99] Not creating XLA devices, tf_xla_enable_xla_devices not set
mse and spike frequency: 0.09995 0.0
[32m[I 2021-04-20 20:15:27,099][0m Trial 49 finished with values: [0.09995, 0.0] with parameters: {'Vahp': -25.0, 'Vth': -43.0, 'Vmax': 20.5, 't_ref': 2.0, 'R': 0.2, 'tau_m': 397.0, 'rate_low': 34.5, 'rate_high': 42.0}.[0m
2021-04-20 20:15:27.605589: I tensorflow/compiler/jit/xla_gpu_device.cc:99] Not creating XLA devices, tf_xla_enable_xla_devices not set
maxFreq at 10nA: 56.0
2021-04-20 20:15:49.607021: I tensorflow/compiler/jit/xla_gpu_device.cc:99] Not creating XLA devices, tf_xla_enable_xla_devices not set
2021-04-20 20:16:00.942773: I tensorflow/compiler/jit/xla_gpu_device.cc:99] Not creating XLA devices, tf_xla_enable_xla_devices not set
mse and spike frequency: 0.01337 4.87
[32m[I 2021-04-20 20:16:11,525][0m Trial 50 finished with values: [0.01337, 4.87] with parameters: {'Vahp': -33.5, 'Vth': -26.5, 'Vmax': 38.0, 't_ref': 16.5, 'R': 0.5, 'tau_m': 71.0, 'rate_low': 5.5, 'rate_high': 50.0}.[0m
2021-04-20 20:16:12.019697: I tensorflow/compiler/jit/xla_gpu_device.cc:99] Not creating XLA devices, tf_xla_enable_xla_devices not set
maxFreq at 10nA: 1000.0
2021-04-20 20:16:34.198308: I tensorflow/compiler/jit/xla_gpu_device.cc:99] Not creating XLA devices, tf_xla_enable_xla_devices not set
2021-04-20 20:16:44.979899: I tensorflow/compiler/jit/xla_gpu_device.cc:99] Not creating XLA devices, tf_xla_enable_xla_devices not set
mse and spike frequency: 0.09995 0.0
[32m[I 2021-04-20 20:16:55,790][0m Trial 51 finished with values: [0.09995, 0.0] with parameters: {'Vahp': -26.0, 'Vth': -56.5, 'Vmax': 14.0, 't_ref': 9.5, 'R': 0.8, 'tau_m': 137.0, 'rate_low': 39.5, 'rate_high': 49.0}.[0m
2021-04-20 20:16:56.285908: I tensorflow/compiler/jit/xla_gpu_device.cc:99] Not creating XLA devices, tf_xla_enable_xla_devices not set
maxFreq at 10nA: 999.0
2021-04-20 20:17:18.636248: I tensorflow/compiler/jit/xla_gpu_device.cc:99] Not creating XLA devices, tf_xla_enable_xla_devices not set
2021-04-20 20:17:29.624564: I tensorflow/compiler/jit/xla_gpu_device.cc:99] Not creating XLA devices, tf_xla_enable_xla_devices not set
mse and spike frequency: 0.09995 0.0
[32m[I 2021-04-20 20:17:40,806][0m Trial 52 finished with values: [0.09995, 0.0] with parameters: {'Vahp': -40.0, 'Vth': -41.0, 'Vmax': 31.5, 't_ref': 18.5, 'R': 0.4, 'tau_m': 374.0, 'rate_low': 26.0, 'rate_high': 44.5}.[0m
2021-04-20 20:17:41.324160: I tensorflow/compiler/jit/xla_gpu_device.cc:99] Not creating XLA devices, tf_xla_enable_xla_devices not set
maxFreq at 10nA: 1000.0
2021-04-20 20:18:03.325883: I tensorflow/compiler/jit/xla_gpu_device.cc:99] Not creating XLA devices, tf_xla_enable_xla_devices not set
2021-04-20 20:18:14.923698: I tensorflow/compiler/jit/xla_gpu_device.cc:99] Not creating XLA devices, tf_xla_enable_xla_devices not set
mse and spike frequency: 0.09995 0.0
[32m[I 2021-04-20 20:18:26,275][0m Trial 53 finished with values: [0.09995, 0.0] with parameters: {'Vahp': -23.5, 'Vth': -24.5, 'Vmax': 29.5, 't_ref': 17.0, 'R': 1.0, 'tau_m': 126.0, 'rate_low': 27.0, 'rate_high': 32.0}.[0m
2021-04-20 20:18:26.813216: I tensorflow/compiler/jit/xla_gpu_device.cc:99] Not creating XLA devices, tf_xla_enable_xla_devices not set
maxFreq at 10nA: 91.0
2021-04-20 20:18:49.479218: I tensorflow/compiler/jit/xla_gpu_device.cc:99] Not creating XLA devices, tf_xla_enable_xla_devices not set
2021-04-20 20:19:01.049985: I tensorflow/compiler/jit/xla_gpu_device.cc:99] Not creating XLA devices, tf_xla_enable_xla_devices not set
mse and spike frequency: 0.0203 4.33
[32m[I 2021-04-20 20:19:12,341][0m Trial 54 finished with values: [0.0203, 4.33] with parameters: {'Vahp': -59.5, 'Vth': -53.0, 'Vmax': 38.5, 't_ref': 9.5, 'R': 0.9, 'tau_m': 111.5, 'rate_low': 28.5, 'rate_high': 50.0}.[0m
2021-04-20 20:19:12.804897: I tensorflow/compiler/jit/xla_gpu_device.cc:99] Not creating XLA devices, tf_xla_enable_xla_devices not set
maxFreq at 10nA: 999.0
2021-04-20 20:19:35.699866: I tensorflow/compiler/jit/xla_gpu_device.cc:99] Not creating XLA devices, tf_xla_enable_xla_devices not set
2021-04-20 20:19:47.300444: I tensorflow/compiler/jit/xla_gpu_device.cc:99] Not creating XLA devices, tf_xla_enable_xla_devices not set
mse and spike frequency: 0.09995 0.0
[32m[I 2021-04-20 20:19:59,163][0m Trial 55 finished with values: [0.09995, 0.0] with parameters: {'Vahp': -38.0, 'Vth': -47.0, 'Vmax': 13.0, 't_ref': 17.5, 'R': 0.4, 'tau_m': 472.5, 'rate_low': 37.5, 'rate_high': 37.5}.[0m
2021-04-20 20:19:59.635831: I tensorflow/compiler/jit/xla_gpu_device.cc:99] Not creating XLA devices, tf_xla_enable_xla_devices not set
maxFreq at 10nA: 63.0
2021-04-20 20:20:22.521070: I tensorflow/compiler/jit/xla_gpu_device.cc:99] Not creating XLA devices, tf_xla_enable_xla_devices not set
2021-04-20 20:20:33.874441: I tensorflow/compiler/jit/xla_gpu_device.cc:99] Not creating XLA devices, tf_xla_enable_xla_devices not set
mse and spike frequency: 0.00479 15.05
[32m[I 2021-04-20 20:20:44,734][0m Trial 56 finished with values: [0.00479, 15.05] with parameters: {'Vahp': -59.5, 'Vth': -38.5, 'Vmax': 16.5, 't_ref': 15.0, 'R': 0.30000000000000004, 'tau_m': 104.5, 'rate_low': 25.0, 'rate_high': 38.0}.[0m
2021-04-20 20:20:45.235882: I tensorflow/compiler/jit/xla_gpu_device.cc:99] Not creating XLA devices, tf_xla_enable_xla_devices not set
maxFreq at 10nA: 46.0
2021-04-20 20:21:08.305774: I tensorflow/compiler/jit/xla_gpu_device.cc:99] Not creating XLA devices, tf_xla_enable_xla_devices not set
2021-04-20 20:21:19.756609: I tensorflow/compiler/jit/xla_gpu_device.cc:99] Not creating XLA devices, tf_xla_enable_xla_devices not set
mse and spike frequency: 0.0051 8.47
[32m[I 2021-04-20 20:21:30,452][0m Trial 57 finished with values: [0.0051, 8.47] with parameters: {'Vahp': -40.0, 'Vth': -29.5, 'Vmax': 26.5, 't_ref': 20.0, 'R': 0.30000000000000004, 'tau_m': 391.5, 'rate_low': 26.5, 'rate_high': 36.0}.[0m
2021-04-20 20:21:30.906195: I tensorflow/compiler/jit/xla_gpu_device.cc:99] Not creating XLA devices, tf_xla_enable_xla_devices not set
maxFreq at 10nA: 1000.0
2021-04-20 20:21:54.254703: I tensorflow/compiler/jit/xla_gpu_device.cc:99] Not creating XLA devices, tf_xla_enable_xla_devices not set
2021-04-20 20:22:05.852585: I tensorflow/compiler/jit/xla_gpu_device.cc:99] Not creating XLA devices, tf_xla_enable_xla_devices not set
mse and spike frequency: 0.09995 0.0
