[32m[I 2021-04-20 22:47:14,350][0m Trial 182 finished with values: [0.09995, 0.0] with parameters: {'Vahp': -30.0, 'Vth': -34.0, 'Vmax': 25.5, 't_ref': 13.0, 'R': 0.8, 'tau_m': 313.0, 'rate_low': 33.0, 'rate_high': 34.0}.[0m
2021-04-20 22:47:15.142737: I tensorflow/compiler/jit/xla_gpu_device.cc:99] Not creating XLA devices, tf_xla_enable_xla_devices not set
maxFreq at 10nA: 334.0
2021-04-20 22:47:54.692597: I tensorflow/compiler/jit/xla_gpu_device.cc:99] Not creating XLA devices, tf_xla_enable_xla_devices not set
2021-04-20 22:48:22.539298: I tensorflow/compiler/jit/xla_gpu_device.cc:99] Not creating XLA devices, tf_xla_enable_xla_devices not set
mse and spike frequency: 0.00237 65.04
[32m[I 2021-04-20 22:48:50,032][0m Trial 183 finished with values: [0.00237, 65.04] with parameters: {'Vahp': -46.0, 'Vth': -30.0, 'Vmax': 24.0, 't_ref': 2.0, 'R': 0.5, 'tau_m': 100.0, 'rate_low': 47.0, 'rate_high': 35.0}.[0m
2021-04-20 22:48:50.807208: I tensorflow/compiler/jit/xla_gpu_device.cc:99] Not creating XLA devices, tf_xla_enable_xla_devices not set
maxFreq at 10nA: 1000.0
2021-04-20 22:49:30.552853: I tensorflow/compiler/jit/xla_gpu_device.cc:99] Not creating XLA devices, tf_xla_enable_xla_devices not set
2021-04-20 22:49:57.861029: I tensorflow/compiler/jit/xla_gpu_device.cc:99] Not creating XLA devices, tf_xla_enable_xla_devices not set
mse and spike frequency: 0.09995 0.0
[32m[I 2021-04-20 22:50:25,625][0m Trial 184 finished with values: [0.09995, 0.0] with parameters: {'Vahp': -32.0, 'Vth': -49.5, 'Vmax': 25.5, 't_ref': 13.0, 'R': 0.30000000000000004, 'tau_m': 28.5, 'rate_low': 32.5, 'rate_high': 33.0}.[0m
2021-04-20 22:50:26.411652: I tensorflow/compiler/jit/xla_gpu_device.cc:99] Not creating XLA devices, tf_xla_enable_xla_devices not set
maxFreq at 10nA: 1000.0
2021-04-20 22:51:06.433343: I tensorflow/compiler/jit/xla_gpu_device.cc:99] Not creating XLA devices, tf_xla_enable_xla_devices not set
2021-04-20 22:51:33.411906: I tensorflow/compiler/jit/xla_gpu_device.cc:99] Not creating XLA devices, tf_xla_enable_xla_devices not set
mse and spike frequency: 0.09995 0.0
[32m[I 2021-04-20 22:52:01,244][0m Trial 185 finished with values: [0.09995, 0.0] with parameters: {'Vahp': -41.0, 'Vth': -47.0, 'Vmax': 36.5, 't_ref': 5.0, 'R': 0.9, 'tau_m': 94.5, 'rate_low': 3.0, 'rate_high': 5.0}.[0m
2021-04-20 22:52:02.043960: I tensorflow/compiler/jit/xla_gpu_device.cc:99] Not creating XLA devices, tf_xla_enable_xla_devices not set
maxFreq at 10nA: 50.0
2021-04-20 22:52:42.301118: I tensorflow/compiler/jit/xla_gpu_device.cc:99] Not creating XLA devices, tf_xla_enable_xla_devices not set
2021-04-20 22:53:09.715756: I tensorflow/compiler/jit/xla_gpu_device.cc:99] Not creating XLA devices, tf_xla_enable_xla_devices not set
mse and spike frequency: 0.0154 8.73
[32m[I 2021-04-20 22:53:38,060][0m Trial 186 finished with values: [0.0154, 8.73] with parameters: {'Vahp': -39.0, 'Vth': -29.0, 'Vmax': 28.0, 't_ref': 19.0, 'R': 0.6, 'tau_m': 236.0, 'rate_low': 12.5, 'rate_high': 5.0}.[0m
2021-04-20 22:53:38.863896: I tensorflow/compiler/jit/xla_gpu_device.cc:99] Not creating XLA devices, tf_xla_enable_xla_devices not set
maxFreq at 10nA: 1000.0
2021-04-20 22:54:19.201789: I tensorflow/compiler/jit/xla_gpu_device.cc:99] Not creating XLA devices, tf_xla_enable_xla_devices not set
2021-04-20 22:54:47.166081: I tensorflow/compiler/jit/xla_gpu_device.cc:99] Not creating XLA devices, tf_xla_enable_xla_devices not set
mse and spike frequency: 0.09995 0.0
[32m[I 2021-04-20 22:55:15,422][0m Trial 187 finished with values: [0.09995, 0.0] with parameters: {'Vahp': -39.0, 'Vth': -48.5, 'Vmax': 38.5, 't_ref': 4.0, 'R': 0.6, 'tau_m': 85.5, 'rate_low': 13.0, 'rate_high': 18.0}.[0m
2021-04-20 22:55:16.201727: I tensorflow/compiler/jit/xla_gpu_device.cc:99] Not creating XLA devices, tf_xla_enable_xla_devices not set
maxFreq at 10nA: 125.0
2021-04-20 22:55:56.491700: I tensorflow/compiler/jit/xla_gpu_device.cc:99] Not creating XLA devices, tf_xla_enable_xla_devices not set
2021-04-20 22:56:25.239215: I tensorflow/compiler/jit/xla_gpu_device.cc:99] Not creating XLA devices, tf_xla_enable_xla_devices not set
mse and spike frequency: 0.00346 10.17
[32m[I 2021-04-20 22:56:54,301][0m Trial 188 finished with values: [0.00346, 10.17] with parameters: {'Vahp': -48.0, 'Vth': -24.5, 'Vmax': 17.0, 't_ref': 5.0, 'R': 0.4, 'tau_m': 450.5, 'rate_low': 40.0, 'rate_high': 23.5}.[0m
2021-04-20 22:56:55.295362: I tensorflow/compiler/jit/xla_gpu_device.cc:99] Not creating XLA devices, tf_xla_enable_xla_devices not set
maxFreq at 10nA: 67.0
2021-04-20 22:57:34.805349: I tensorflow/compiler/jit/xla_gpu_device.cc:99] Not creating XLA devices, tf_xla_enable_xla_devices not set
2021-04-20 22:58:03.992743: I tensorflow/compiler/jit/xla_gpu_device.cc:99] Not creating XLA devices, tf_xla_enable_xla_devices not set
mse and spike frequency: 0.0079 23.81
[32m[I 2021-04-20 22:58:32,648][0m Trial 189 finished with values: [0.0079, 23.81] with parameters: {'Vahp': -42.0, 'Vth': -29.0, 'Vmax': 36.5, 't_ref': 13.5, 'R': 0.6, 'tau_m': 115.0, 'rate_low': 32.5, 'rate_high': 36.0}.[0m
2021-04-20 22:58:33.578743: I tensorflow/compiler/jit/xla_gpu_device.cc:99] Not creating XLA devices, tf_xla_enable_xla_devices not set
maxFreq at 10nA: 100.0
2021-04-20 22:59:12.424051: I tensorflow/compiler/jit/xla_gpu_device.cc:99] Not creating XLA devices, tf_xla_enable_xla_devices not set
2021-04-20 22:59:41.602240: I tensorflow/compiler/jit/xla_gpu_device.cc:99] Not creating XLA devices, tf_xla_enable_xla_devices not set
mse and spike frequency: 0.00597 37.24
[32m[I 2021-04-20 23:00:09,726][0m Trial 190 finished with values: [0.00597, 37.24] with parameters: {'Vahp': -55.5, 'Vth': -54.5, 'Vmax': 11.0, 't_ref': 9.0, 'R': 0.4, 'tau_m': 482.0, 'rate_low': 29.0, 'rate_high': 31.0}.[0m
2021-04-20 23:00:10.642354: I tensorflow/compiler/jit/xla_gpu_device.cc:99] Not creating XLA devices, tf_xla_enable_xla_devices not set
maxFreq at 10nA: 143.0
2021-04-20 23:00:49.617730: I tensorflow/compiler/jit/xla_gpu_device.cc:99] Not creating XLA devices, tf_xla_enable_xla_devices not set
2021-04-20 23:01:18.658599: I tensorflow/compiler/jit/xla_gpu_device.cc:99] Not creating XLA devices, tf_xla_enable_xla_devices not set
mse and spike frequency: 0.00239 15.96
[32m[I 2021-04-20 23:01:47,014][0m Trial 191 finished with values: [0.00239, 15.96] with parameters: {'Vahp': -57.5, 'Vth': -52.5, 'Vmax': 28.0, 't_ref': 6.0, 'R': 0.30000000000000004, 'tau_m': 423.5, 'rate_low': 16.5, 'rate_high': 28.0}.[0m
2021-04-20 23:01:47.925872: I tensorflow/compiler/jit/xla_gpu_device.cc:99] Not creating XLA devices, tf_xla_enable_xla_devices not set
maxFreq at 10nA: 1000.0
2021-04-20 23:02:27.574389: I tensorflow/compiler/jit/xla_gpu_device.cc:99] Not creating XLA devices, tf_xla_enable_xla_devices not set
2021-04-20 23:02:56.914194: I tensorflow/compiler/jit/xla_gpu_device.cc:99] Not creating XLA devices, tf_xla_enable_xla_devices not set
mse and spike frequency: 0.09995 0.0
[32m[I 2021-04-20 23:03:25,679][0m Trial 192 finished with values: [0.09995, 0.0] with parameters: {'Vahp': -36.0, 'Vth': -50.0, 'Vmax': 34.0, 't_ref': 3.0, 'R': 0.9, 'tau_m': 450.5, 'rate_low': 13.5, 'rate_high': 43.5}.[0m
2021-04-20 23:03:26.446140: I tensorflow/compiler/jit/xla_gpu_device.cc:99] Not creating XLA devices, tf_xla_enable_xla_devices not set
maxFreq at 10nA: 72.0
2021-04-20 23:04:04.978749: I tensorflow/compiler/jit/xla_gpu_device.cc:99] Not creating XLA devices, tf_xla_enable_xla_devices not set
2021-04-20 23:04:34.458918: I tensorflow/compiler/jit/xla_gpu_device.cc:99] Not creating XLA devices, tf_xla_enable_xla_devices not set
mse and spike frequency: 0.09995 0.0
[32m[I 2021-04-20 23:05:03,769][0m Trial 193 finished with values: [0.09995, 0.0] with parameters: {'Vahp': -36.0, 'Vth': -34.0, 'Vmax': 14.0, 't_ref': 13.0, 'R': 0.30000000000000004, 'tau_m': 3.5, 'rate_low': 20.0, 'rate_high': 36.0}.[0m
2021-04-20 23:05:04.542487: I tensorflow/compiler/jit/xla_gpu_device.cc:99] Not creating XLA devices, tf_xla_enable_xla_devices not set
maxFreq at 10nA: 200.0
2021-04-20 23:05:43.459368: I tensorflow/compiler/jit/xla_gpu_device.cc:99] Not creating XLA devices, tf_xla_enable_xla_devices not set
2021-04-20 23:06:13.109767: I tensorflow/compiler/jit/xla_gpu_device.cc:99] Not creating XLA devices, tf_xla_enable_xla_devices not set
mse and spike frequency: 0.09995 0.0
[32m[I 2021-04-20 23:06:43,549][0m Trial 194 finished with values: [0.09995, 0.0] with parameters: {'Vahp': -53.0, 'Vth': -53.0, 'Vmax': 19.5, 't_ref': 4.0, 'R': 1.0, 'tau_m': 196.5, 'rate_low': 13.0, 'rate_high': 49.0}.[0m
2021-04-20 23:06:44.348392: I tensorflow/compiler/jit/xla_gpu_device.cc:99] Not creating XLA devices, tf_xla_enable_xla_devices not set
maxFreq at 10nA: 72.0
2021-04-20 23:07:24.227234: I tensorflow/compiler/jit/xla_gpu_device.cc:99] Not creating XLA devices, tf_xla_enable_xla_devices not set
2021-04-20 23:07:54.622725: I tensorflow/compiler/jit/xla_gpu_device.cc:99] Not creating XLA devices, tf_xla_enable_xla_devices not set
mse and spike frequency: 0.00512 18.88
[32m[I 2021-04-20 23:08:25,848][0m Trial 195 finished with values: [0.00512, 18.88] with parameters: {'Vahp': -52.0, 'Vth': -29.0, 'Vmax': 38.0, 't_ref': 13.0, 'R': 0.7000000000000001, 'tau_m': 180.0, 'rate_low': 32.5, 'rate_high': 33.0}.[0m
2021-04-20 23:08:26.663932: I tensorflow/compiler/jit/xla_gpu_device.cc:99] Not creating XLA devices, tf_xla_enable_xla_devices not set
maxFreq at 10nA: 250.0
2021-04-20 23:09:06.885163: I tensorflow/compiler/jit/xla_gpu_device.cc:99] Not creating XLA devices, tf_xla_enable_xla_devices not set
2021-04-20 23:09:37.961994: I tensorflow/compiler/jit/xla_gpu_device.cc:99] Not creating XLA devices, tf_xla_enable_xla_devices not set
mse and spike frequency: 0.00162 17.8
[32m[I 2021-04-20 23:10:09,254][0m Trial 196 finished with values: [0.00162, 17.8] with parameters: {'Vahp': -50.5, 'Vth': -24.5, 'Vmax': 33.5, 't_ref': 3.0, 'R': 0.9, 'tau_m': 317.0, 'rate_low': 22.5, 'rate_high': 23.5}.[0m
2021-04-20 23:10:10.059639: I tensorflow/compiler/jit/xla_gpu_device.cc:99] Not creating XLA devices, tf_xla_enable_xla_devices not set
maxFreq at 10nA: 998.0
2021-04-20 23:10:50.866063: I tensorflow/compiler/jit/xla_gpu_device.cc:99] Not creating XLA devices, tf_xla_enable_xla_devices not set
2021-04-20 23:11:21.140771: I tensorflow/compiler/jit/xla_gpu_device.cc:99] Not creating XLA devices, tf_xla_enable_xla_devices not set
mse and spike frequency: 0.09995 0.0
[32m[I 2021-04-20 23:11:52,466][0m Trial 197 finished with values: [0.09995, 0.0] with parameters: {'Vahp': -39.0, 'Vth': -41.5, 'Vmax': 37.5, 't_ref': 4.0, 'R': 0.2, 'tau_m': 335.0, 'rate_low': 12.5, 'rate_high': 34.5}.[0m
2021-04-20 23:11:53.257434: I tensorflow/compiler/jit/xla_gpu_device.cc:99] Not creating XLA devices, tf_xla_enable_xla_devices not set
maxFreq at 10nA: 1000.0
2021-04-20 23:12:34.103316: I tensorflow/compiler/jit/xla_gpu_device.cc:99] Not creating XLA devices, tf_xla_enable_xla_devices not set
2021-04-20 23:13:04.270725: I tensorflow/compiler/jit/xla_gpu_device.cc:99] Not creating XLA devices, tf_xla_enable_xla_devices not set
mse and spike frequency: 0.09995 0.0
[32m[I 2021-04-20 23:13:35,702][0m Trial 198 finished with values: [0.09995, 0.0] with parameters: {'Vahp': -22.0, 'Vth': -48.5, 'Vmax': 13.0, 't_ref': 11.0, 'R': 0.4, 'tau_m': 232.5, 'rate_low': 16.5, 'rate_high': 34.5}.[0m
2021-04-20 23:13:36.511504: I tensorflow/compiler/jit/xla_gpu_device.cc:99] Not creating XLA devices, tf_xla_enable_xla_devices not set
maxFreq at 10nA: 67.0
2021-04-20 23:14:17.499239: I tensorflow/compiler/jit/xla_gpu_device.cc:99] Not creating XLA devices, tf_xla_enable_xla_devices not set
2021-04-20 23:14:48.427512: I tensorflow/compiler/jit/xla_gpu_device.cc:99] Not creating XLA devices, tf_xla_enable_xla_devices not set
mse and spike frequency: 0.09995 0.0
[32m[I 2021-04-20 23:15:20,500][0m Trial 199 finished with values: [0.09995, 0.0] with parameters: {'Vahp': -42.0, 'Vth': -29.0, 'Vmax': 37.5, 't_ref': 13.5, 'R': 0.30000000000000004, 'tau_m': 3.5, 'rate_low': 20.0, 'rate_high': 5.0}.[0m
2021-04-20 23:15:21.340000: I tensorflow/compiler/jit/xla_gpu_device.cc:99] Not creating XLA devices, tf_xla_enable_xla_devices not set
maxFreq at 10nA: 167.0
2021-04-20 23:16:02.652915: I tensorflow/compiler/jit/xla_gpu_device.cc:99] Not creating XLA devices, tf_xla_enable_xla_devices not set
2021-04-20 23:16:33.391914: I tensorflow/compiler/jit/xla_gpu_device.cc:99] Not creating XLA devices, tf_xla_enable_xla_devices not set
mse and spike frequency: 0.00336 32.06
[32m[I 2021-04-20 23:17:05,371][0m Trial 200 finished with values: [0.00336, 32.06] with parameters: {'Vahp': -57.5, 'Vth': -52.5, 'Vmax': 23.5, 't_ref': 5.0, 'R': 0.9, 'tau_m': 406.0, 'rate_low': 16.5, 'rate_high': 43.0}.[0m
2021-04-20 23:17:06.242069: I tensorflow/compiler/jit/xla_gpu_device.cc:99] Not creating XLA devices, tf_xla_enable_xla_devices not set
maxFreq at 10nA: 1000.0
2021-04-20 23:17:47.548385: I tensorflow/compiler/jit/xla_gpu_device.cc:99] Not creating XLA devices, tf_xla_enable_xla_devices not set
2021-04-20 23:18:18.025708: I tensorflow/compiler/jit/xla_gpu_device.cc:99] Not creating XLA devices, tf_xla_enable_xla_devices not set
mse and spike frequency: 0.09995 0.0
[32m[I 2021-04-20 23:18:49,164][0m Trial 201 finished with values: [0.09995, 0.0] with parameters: {'Vahp': -39.0, 'Vth': -52.5, 'Vmax': 20.0, 't_ref': 4.0, 'R': 0.2, 'tau_m': 335.0, 'rate_low': 12.5, 'rate_high': 17.0}.[0m
2021-04-20 23:18:50.003691: I tensorflow/compiler/jit/xla_gpu_device.cc:99] Not creating XLA devices, tf_xla_enable_xla_devices not set
maxFreq at 10nA: 1000.0
2021-04-20 23:19:31.370967: I tensorflow/compiler/jit/xla_gpu_device.cc:99] Not creating XLA devices, tf_xla_enable_xla_devices not set
2021-04-20 23:20:02.189442: I tensorflow/compiler/jit/xla_gpu_device.cc:99] Not creating XLA devices, tf_xla_enable_xla_devices not set
mse and spike frequency: 0.09995 0.0
[32m[I 2021-04-20 23:20:33,760][0m Trial 202 finished with values: [0.09995, 0.0] with parameters: {'Vahp': -32.0, 'Vth': -42.0, 'Vmax': 25.5, 't_ref': 13.5, 'R': 0.30000000000000004, 'tau_m': 28.5, 'rate_low': 32.5, 'rate_high': 5.0}.[0m
2021-04-20 23:20:34.694831: I tensorflow/compiler/jit/xla_gpu_device.cc:99] Not creating XLA devices, tf_xla_enable_xla_devices not set
maxFreq at 10nA: 1000.0
2021-04-20 23:21:15.749897: I tensorflow/compiler/jit/xla_gpu_device.cc:99] Not creating XLA devices, tf_xla_enable_xla_devices not set
2021-04-20 23:21:46.285824: I tensorflow/compiler/jit/xla_gpu_device.cc:99] Not creating XLA devices, tf_xla_enable_xla_devices not set
mse and spike frequency: 0.09995 0.0
[32m[I 2021-04-20 23:22:16,463][0m Trial 203 finished with values: [0.09995, 0.0] with parameters: {'Vahp': -21.5, 'Vth': -53.0, 'Vmax': 24.0, 't_ref': 3.5, 'R': 0.30000000000000004, 'tau_m': 33.5, 'rate_low': 11.5, 'rate_high': 48.0}.[0m
2021-04-20 23:22:17.425477: I tensorflow/compiler/jit/xla_gpu_device.cc:99] Not creating XLA devices, tf_xla_enable_xla_devices not set
maxFreq at 10nA: 1000.0
2021-04-20 23:22:57.817938: I tensorflow/compiler/jit/xla_gpu_device.cc:99] Not creating XLA devices, tf_xla_enable_xla_devices not set
2021-04-20 23:23:27.449208: I tensorflow/compiler/jit/xla_gpu_device.cc:99] Not creating XLA devices, tf_xla_enable_xla_devices not set
mse and spike frequency: 0.09995 0.0
[32m[I 2021-04-20 23:23:58,620][0m Trial 204 finished with values: [0.09995, 0.0] with parameters: {'Vahp': -40.0, 'Vth': -52.5, 'Vmax': 30.0, 't_ref': 5.0, 'R': 0.9, 'tau_m': 317.0, 'rate_low': 22.5, 'rate_high': 23.5}.[0m
2021-04-20 23:23:59.526838: I tensorflow/compiler/jit/xla_gpu_device.cc:99] Not creating XLA devices, tf_xla_enable_xla_devices not set
maxFreq at 10nA: 1000.0
2021-04-20 23:24:41.428968: I tensorflow/compiler/jit/xla_gpu_device.cc:99] Not creating XLA devices, tf_xla_enable_xla_devices not set
2021-04-20 23:25:12.393737: I tensorflow/compiler/jit/xla_gpu_device.cc:99] Not creating XLA devices, tf_xla_enable_xla_devices not set
mse and spike frequency: 0.09995 0.0
[32m[I 2021-04-20 23:25:43,161][0m Trial 205 finished with values: [0.09995, 0.0] with parameters: {'Vahp': -25.0, 'Vth': -52.5, 'Vmax': 32.5, 't_ref': 2.5, 'R': 0.9, 'tau_m': 192.5, 'rate_low': 11.5, 'rate_high': 23.5}.[0m
2021-04-20 23:25:44.083095: I tensorflow/compiler/jit/xla_gpu_device.cc:99] Not creating XLA devices, tf_xla_enable_xla_devices not set
maxFreq at 10nA: 1000.0
2021-04-20 23:26:25.356182: I tensorflow/compiler/jit/xla_gpu_device.cc:99] Not creating XLA devices, tf_xla_enable_xla_devices not set
2021-04-20 23:26:56.341764: I tensorflow/compiler/jit/xla_gpu_device.cc:99] Not creating XLA devices, tf_xla_enable_xla_devices not set
mse and spike frequency: 0.09995 0.0
[32m[I 2021-04-20 23:27:26,940][0m Trial 206 finished with values: [0.09995, 0.0] with parameters: {'Vahp': -40.0, 'Vth': -52.5, 'Vmax': 30.0, 't_ref': 13.0, 'R': 0.30000000000000004, 'tau_m': 406.0, 'rate_low': 16.5, 'rate_high': 36.0}.[0m
2021-04-20 23:27:27.885991: I tensorflow/compiler/jit/xla_gpu_device.cc:99] Not creating XLA devices, tf_xla_enable_xla_devices not set
maxFreq at 10nA: 1000.0
2021-04-20 23:28:08.598067: I tensorflow/compiler/jit/xla_gpu_device.cc:99] Not creating XLA devices, tf_xla_enable_xla_devices not set
2021-04-20 23:28:39.751911: I tensorflow/compiler/jit/xla_gpu_device.cc:99] Not creating XLA devices, tf_xla_enable_xla_devices not set
mse and spike frequency: 0.09995 0.0
[32m[I 2021-04-20 23:29:10,830][0m Trial 207 finished with values: [0.09995, 0.0] with parameters: {'Vahp': -42.0, 'Vth': -52.5, 'Vmax': 37.5, 't_ref': 5.0, 'R': 1.0, 'tau_m': 276.0, 'rate_low': 24.0, 'rate_high': 23.5}.[0m
2021-04-20 23:29:11.727412: I tensorflow/compiler/jit/xla_gpu_device.cc:99] Not creating XLA devices, tf_xla_enable_xla_devices not set
maxFreq at 10nA: 1000.0
2021-04-20 23:29:53.891752: I tensorflow/compiler/jit/xla_gpu_device.cc:99] Not creating XLA devices, tf_xla_enable_xla_devices not set
2021-04-20 23:30:24.747044: I tensorflow/compiler/jit/xla_gpu_device.cc:99] Not creating XLA devices, tf_xla_enable_xla_devices not set
mse and spike frequency: 0.09995 0.0
[32m[I 2021-04-20 23:30:57,435][0m Trial 208 finished with values: [0.09995, 0.0] with parameters: {'Vahp': -32.0, 'Vth': -35.5, 'Vmax': 23.5, 't_ref': 7.5, 'R': 0.9, 'tau_m': 100.0, 'rate_low': 43.0, 'rate_high': 43.5}.[0m
2021-04-20 23:30:58.320860: I tensorflow/compiler/jit/xla_gpu_device.cc:99] Not creating XLA devices, tf_xla_enable_xla_devices not set
maxFreq at 10nA: 72.0
2021-04-20 23:31:40.479295: I tensorflow/compiler/jit/xla_gpu_device.cc:99] Not creating XLA devices, tf_xla_enable_xla_devices not set
2021-04-20 23:32:12.178662: I tensorflow/compiler/jit/xla_gpu_device.cc:99] Not creating XLA devices, tf_xla_enable_xla_devices not set
mse and spike frequency: 0.00786 25.42
[32m[I 2021-04-20 23:32:44,372][0m Trial 209 finished with values: [0.00786, 25.42] with parameters: {'Vahp': -40.0, 'Vth': -33.0, 'Vmax': 12.5, 't_ref': 13.0, 'R': 0.7000000000000001, 'tau_m': 94.5, 'rate_low': 32.5, 'rate_high': 37.5}.[0m
2021-04-20 23:32:45.285714: I tensorflow/compiler/jit/xla_gpu_device.cc:99] Not creating XLA devices, tf_xla_enable_xla_devices not set
maxFreq at 10nA: 1000.0
2021-04-20 23:33:28.289654: I tensorflow/compiler/jit/xla_gpu_device.cc:99] Not creating XLA devices, tf_xla_enable_xla_devices not set
2021-04-20 23:34:00.324307: I tensorflow/compiler/jit/xla_gpu_device.cc:99] Not creating XLA devices, tf_xla_enable_xla_devices not set
mse and spike frequency: 0.09995 0.0
[32m[I 2021-04-20 23:34:32,666][0m Trial 210 finished with values: [0.09995, 0.0] with parameters: {'Vahp': -39.0, 'Vth': -48.5, 'Vmax': 23.5, 't_ref': 0.5, 'R': 0.5, 'tau_m': 423.5, 'rate_low': 43.0, 'rate_high': 18.0}.[0m
2021-04-20 23:34:33.570940: I tensorflow/compiler/jit/xla_gpu_device.cc:99] Not creating XLA devices, tf_xla_enable_xla_devices not set
maxFreq at 10nA: 1000.0
2021-04-20 23:35:16.324508: I tensorflow/compiler/jit/xla_gpu_device.cc:99] Not creating XLA devices, tf_xla_enable_xla_devices not set
2021-04-20 23:35:48.633273: I tensorflow/compiler/jit/xla_gpu_device.cc:99] Not creating XLA devices, tf_xla_enable_xla_devices not set
mse and spike frequency: 0.09995 0.0
[32m[I 2021-04-20 23:36:20,704][0m Trial 211 finished with values: [0.09995, 0.0] with parameters: {'Vahp': -21.5, 'Vth': -48.5, 'Vmax': 40.0, 't_ref': 4.0, 'R': 0.6, 'tau_m': 268.0, 'rate_low': 2.5, 'rate_high': 23.0}.[0m
2021-04-20 23:36:21.582462: I tensorflow/compiler/jit/xla_gpu_device.cc:99] Not creating XLA devices, tf_xla_enable_xla_devices not set
maxFreq at 10nA: 1000.0
2021-04-20 23:37:03.830790: I tensorflow/compiler/jit/xla_gpu_device.cc:99] Not creating XLA devices, tf_xla_enable_xla_devices not set
2021-04-20 23:37:36.143066: I tensorflow/compiler/jit/xla_gpu_device.cc:99] Not creating XLA devices, tf_xla_enable_xla_devices not set
mse and spike frequency: 0.09995 0.0
[32m[I 2021-04-20 23:38:07,812][0m Trial 212 finished with values: [0.09995, 0.0] with parameters: {'Vahp': -25.0, 'Vth': -34.0, 'Vmax': 34.0, 't_ref': 11.5, 'R': 1.0, 'tau_m': 232.5, 'rate_low': 19.0, 'rate_high': 33.0}.[0m
2021-04-20 23:38:08.659253: I tensorflow/compiler/jit/xla_gpu_device.cc:99] Not creating XLA devices, tf_xla_enable_xla_devices not set
maxFreq at 10nA: 1000.0
2021-04-20 23:38:51.367737: I tensorflow/compiler/jit/xla_gpu_device.cc:99] Not creating XLA devices, tf_xla_enable_xla_devices not set
2021-04-20 23:39:23.288524: I tensorflow/compiler/jit/xla_gpu_device.cc:99] Not creating XLA devices, tf_xla_enable_xla_devices not set
mse and spike frequency: 0.09995 0.0
