[32m[I 2021-04-20 20:01:27,946][0m Trial 26 finished with values: [1.71569, 13.65] with parameters: {'Vahp': -48.5, 'Vth': -31.0, 'Vmax': 34.0, 't_ref': 3.0, 'R': 0.7000000000000001, 'tau_m': 44.0, 'R_adp': 0.9, 'tau_w': 380.0, 'a': 445.0, 'rate_low': 41.5, 'rate_high': 46.0}.[0m
2021-04-20 20:01:28.337383: I tensorflow/compiler/jit/xla_gpu_device.cc:99] Not creating XLA devices, tf_xla_enable_xla_devices not set
maxFreq at 10nA: 999.0
2021-04-20 20:01:50.087470: I tensorflow/compiler/jit/xla_gpu_device.cc:99] Not creating XLA devices, tf_xla_enable_xla_devices not set
2021-04-20 20:01:58.571857: I tensorflow/compiler/jit/xla_gpu_device.cc:99] Not creating XLA devices, tf_xla_enable_xla_devices not set
mse and spike frequency: 0.09995 0.0
[32m[I 2021-04-20 20:02:05,901][0m Trial 27 finished with values: [0.09995, 0.0] with parameters: {'Vahp': -22.0, 'Vth': -22.5, 'Vmax': 13.0, 't_ref': 3.0, 'R': 0.8, 'tau_m': 230.0, 'R_adp': 0.5, 'tau_w': 135.5, 'a': 104.0, 'rate_low': 4.0, 'rate_high': 8.5}.[0m
2021-04-20 20:02:06.309999: I tensorflow/compiler/jit/xla_gpu_device.cc:99] Not creating XLA devices, tf_xla_enable_xla_devices not set
maxFreq at 10nA: 112.0
2021-04-20 20:02:27.799131: I tensorflow/compiler/jit/xla_gpu_device.cc:99] Not creating XLA devices, tf_xla_enable_xla_devices not set
2021-04-20 20:02:36.617601: I tensorflow/compiler/jit/xla_gpu_device.cc:99] Not creating XLA devices, tf_xla_enable_xla_devices not set
mse and spike frequency: 0.20551 13.92
[32m[I 2021-04-20 20:02:44,471][0m Trial 28 finished with values: [0.20551, 13.92] with parameters: {'Vahp': -57.5, 'Vth': -42.5, 'Vmax': 10.5, 't_ref': 7.5, 'R': 0.9, 'tau_m': 83.5, 'R_adp': 0.30000000000000004, 'tau_w': 398.0, 'a': 272.0, 'rate_low': 29.0, 'rate_high': 36.5}.[0m
2021-04-20 20:02:44.899071: I tensorflow/compiler/jit/xla_gpu_device.cc:99] Not creating XLA devices, tf_xla_enable_xla_devices not set
maxFreq at 10nA: 204.0
2021-04-20 20:03:06.925089: I tensorflow/compiler/jit/xla_gpu_device.cc:99] Not creating XLA devices, tf_xla_enable_xla_devices not set
2021-04-20 20:03:15.357508: I tensorflow/compiler/jit/xla_gpu_device.cc:99] Not creating XLA devices, tf_xla_enable_xla_devices not set
mse and spike frequency: 8.0512 48.11
[32m[I 2021-04-20 20:03:22,973][0m Trial 29 finished with values: [8.0512, 48.11] with parameters: {'Vahp': -57.5, 'Vth': -51.0, 'Vmax': 21.0, 't_ref': 0.5, 'R': 1.0, 'tau_m': 132.0, 'R_adp': 0.6, 'tau_w': 383.5, 'a': 273.5, 'rate_low': 48.0, 'rate_high': 49.0}.[0m
2021-04-20 20:03:23.398960: I tensorflow/compiler/jit/xla_gpu_device.cc:99] Not creating XLA devices, tf_xla_enable_xla_devices not set
maxFreq at 10nA: 998.0
2021-04-20 20:03:45.453143: I tensorflow/compiler/jit/xla_gpu_device.cc:99] Not creating XLA devices, tf_xla_enable_xla_devices not set
2021-04-20 20:03:53.963213: I tensorflow/compiler/jit/xla_gpu_device.cc:99] Not creating XLA devices, tf_xla_enable_xla_devices not set
mse and spike frequency: 0.09995 0.0
[32m[I 2021-04-20 20:04:01,941][0m Trial 30 finished with values: [0.09995, 0.0] with parameters: {'Vahp': -20.5, 'Vth': -28.5, 'Vmax': 37.5, 't_ref': 8.5, 'R': 0.6, 'tau_m': 402.0, 'R_adp': 0.30000000000000004, 'tau_w': 108.5, 'a': 478.0, 'rate_low': 15.0, 'rate_high': 49.5}.[0m
2021-04-20 20:04:02.327401: I tensorflow/compiler/jit/xla_gpu_device.cc:99] Not creating XLA devices, tf_xla_enable_xla_devices not set
maxFreq at 10nA: 1000.0
2021-04-20 20:04:24.137006: I tensorflow/compiler/jit/xla_gpu_device.cc:99] Not creating XLA devices, tf_xla_enable_xla_devices not set
2021-04-20 20:04:32.923202: I tensorflow/compiler/jit/xla_gpu_device.cc:99] Not creating XLA devices, tf_xla_enable_xla_devices not set
mse and spike frequency: 0.09995 0.0
[32m[I 2021-04-20 20:04:40,856][0m Trial 31 finished with values: [0.09995, 0.0] with parameters: {'Vahp': -48.5, 'Vth': -54.0, 'Vmax': 24.5, 't_ref': 20.0, 'R': 0.4, 'tau_m': 330.5, 'R_adp': 1.0, 'tau_w': 88.0, 'a': 380.5, 'rate_low': 20.0, 'rate_high': 29.0}.[0m
2021-04-20 20:04:41.247954: I tensorflow/compiler/jit/xla_gpu_device.cc:99] Not creating XLA devices, tf_xla_enable_xla_devices not set
maxFreq at 10nA: 1000.0
2021-04-20 20:05:03.637800: I tensorflow/compiler/jit/xla_gpu_device.cc:99] Not creating XLA devices, tf_xla_enable_xla_devices not set
2021-04-20 20:05:12.859426: I tensorflow/compiler/jit/xla_gpu_device.cc:99] Not creating XLA devices, tf_xla_enable_xla_devices not set
mse and spike frequency: 0.09996 1000.1
[32m[I 2021-04-20 20:05:20,964][0m Trial 32 finished with values: [0.09996, 1000.1] with parameters: {'Vahp': -20.0, 'Vth': -59.0, 'Vmax': 13.0, 't_ref': 4.0, 'R': 0.2, 'tau_m': 308.0, 'R_adp': 0.5, 'tau_w': 128.0, 'a': 158.5, 'rate_low': 13.5, 'rate_high': 45.0}.[0m
2021-04-20 20:05:21.356555: I tensorflow/compiler/jit/xla_gpu_device.cc:99] Not creating XLA devices, tf_xla_enable_xla_devices not set
maxFreq at 10nA: 53.0
2021-04-20 20:05:43.696574: I tensorflow/compiler/jit/xla_gpu_device.cc:99] Not creating XLA devices, tf_xla_enable_xla_devices not set
2021-04-20 20:05:52.665404: I tensorflow/compiler/jit/xla_gpu_device.cc:99] Not creating XLA devices, tf_xla_enable_xla_devices not set
mse and spike frequency: 0.01391 11.92
[32m[I 2021-04-20 20:06:00,639][0m Trial 33 finished with values: [0.01391, 11.92] with parameters: {'Vahp': -58.5, 'Vth': -36.5, 'Vmax': 20.0, 't_ref': 17.5, 'R': 1.0, 'tau_m': 155.5, 'R_adp': 0.1, 'tau_w': 244.5, 'a': 310.5, 'rate_low': 20.0, 'rate_high': 25.5}.[0m
2021-04-20 20:06:01.016330: I tensorflow/compiler/jit/xla_gpu_device.cc:99] Not creating XLA devices, tf_xla_enable_xla_devices not set
maxFreq at 10nA: 1000.0
2021-04-20 20:06:23.328810: I tensorflow/compiler/jit/xla_gpu_device.cc:99] Not creating XLA devices, tf_xla_enable_xla_devices not set
2021-04-20 20:06:32.660244: I tensorflow/compiler/jit/xla_gpu_device.cc:99] Not creating XLA devices, tf_xla_enable_xla_devices not set
mse and spike frequency: 0.09995 0.0
[32m[I 2021-04-20 20:06:41,100][0m Trial 34 finished with values: [0.09995, 0.0] with parameters: {'Vahp': -41.0, 'Vth': -52.5, 'Vmax': 26.5, 't_ref': 4.0, 'R': 1.0, 'tau_m': 355.0, 'R_adp': 0.5, 'tau_w': 498.5, 'a': 388.5, 'rate_low': 41.0, 'rate_high': 43.5}.[0m
2021-04-20 20:06:41.472048: I tensorflow/compiler/jit/xla_gpu_device.cc:99] Not creating XLA devices, tf_xla_enable_xla_devices not set
maxFreq at 10nA: 50.0
2021-04-20 20:07:04.340264: I tensorflow/compiler/jit/xla_gpu_device.cc:99] Not creating XLA devices, tf_xla_enable_xla_devices not set
2021-04-20 20:07:13.742295: I tensorflow/compiler/jit/xla_gpu_device.cc:99] Not creating XLA devices, tf_xla_enable_xla_devices not set
mse and spike frequency: 0.17856 2.75
[32m[I 2021-04-20 20:07:22,109][0m Trial 35 finished with values: [0.17856, 2.75] with parameters: {'Vahp': -53.0, 'Vth': -42.5, 'Vmax': 14.5, 't_ref': 18.0, 'R': 0.5, 'tau_m': 416.0, 'R_adp': 0.6, 'tau_w': 252.0, 'a': 390.0, 'rate_low': 18.5, 'rate_high': 41.5}.[0m
2021-04-20 20:07:22.510091: I tensorflow/compiler/jit/xla_gpu_device.cc:99] Not creating XLA devices, tf_xla_enable_xla_devices not set
maxFreq at 10nA: 1000.0
2021-04-20 20:07:45.014323: I tensorflow/compiler/jit/xla_gpu_device.cc:99] Not creating XLA devices, tf_xla_enable_xla_devices not set
2021-04-20 20:07:54.644834: I tensorflow/compiler/jit/xla_gpu_device.cc:99] Not creating XLA devices, tf_xla_enable_xla_devices not set
mse and spike frequency: 0.09995 0.0
[32m[I 2021-04-20 20:08:03,315][0m Trial 36 finished with values: [0.09995, 0.0] with parameters: {'Vahp': -23.5, 'Vth': -40.0, 'Vmax': 38.0, 't_ref': 19.5, 'R': 0.5, 'tau_m': 88.0, 'R_adp': 1.0, 'tau_w': 309.0, 'a': 263.5, 'rate_low': 39.0, 'rate_high': 43.0}.[0m
2021-04-20 20:08:03.703393: I tensorflow/compiler/jit/xla_gpu_device.cc:99] Not creating XLA devices, tf_xla_enable_xla_devices not set
maxFreq at 10nA: 1000.0
2021-04-20 20:08:26.594881: I tensorflow/compiler/jit/xla_gpu_device.cc:99] Not creating XLA devices, tf_xla_enable_xla_devices not set
2021-04-20 20:08:36.060537: I tensorflow/compiler/jit/xla_gpu_device.cc:99] Not creating XLA devices, tf_xla_enable_xla_devices not set
mse and spike frequency: 0.09995 0.0
[32m[I 2021-04-20 20:08:44,592][0m Trial 37 finished with values: [0.09995, 0.0] with parameters: {'Vahp': -34.5, 'Vth': -35.0, 'Vmax': 30.5, 't_ref': 5.0, 'R': 0.6, 'tau_m': 43.5, 'R_adp': 0.6, 'tau_w': 293.5, 'a': 410.0, 'rate_low': 24.5, 'rate_high': 33.0}.[0m
2021-04-20 20:08:45.022245: I tensorflow/compiler/jit/xla_gpu_device.cc:99] Not creating XLA devices, tf_xla_enable_xla_devices not set
maxFreq at 10nA: 50.0
2021-04-20 20:09:07.935695: I tensorflow/compiler/jit/xla_gpu_device.cc:99] Not creating XLA devices, tf_xla_enable_xla_devices not set
2021-04-20 20:09:17.142775: I tensorflow/compiler/jit/xla_gpu_device.cc:99] Not creating XLA devices, tf_xla_enable_xla_devices not set
mse and spike frequency: 0.59727 2.17
[32m[I 2021-04-20 20:09:25,515][0m Trial 38 finished with values: [0.59727, 2.17] with parameters: {'Vahp': -46.5, 'Vth': -23.0, 'Vmax': 28.0, 't_ref': 13.0, 'R': 0.6, 'tau_m': 217.0, 'R_adp': 0.9, 'tau_w': 473.0, 'a': 336.0, 'rate_low': 8.5, 'rate_high': 37.0}.[0m
2021-04-20 20:09:25.903547: I tensorflow/compiler/jit/xla_gpu_device.cc:99] Not creating XLA devices, tf_xla_enable_xla_devices not set
maxFreq at 10nA: 26.0
2021-04-20 20:09:48.690702: I tensorflow/compiler/jit/xla_gpu_device.cc:99] Not creating XLA devices, tf_xla_enable_xla_devices not set
2021-04-20 20:09:58.469462: I tensorflow/compiler/jit/xla_gpu_device.cc:99] Not creating XLA devices, tf_xla_enable_xla_devices not set
mse and spike frequency: 0.10488 0.07
[32m[I 2021-04-20 20:10:07,502][0m Trial 39 finished with values: [0.10488, 0.07] with parameters: {'Vahp': -53.5, 'Vth': -20.5, 'Vmax': 34.0, 't_ref': 16.0, 'R': 0.4, 'tau_m': 242.5, 'R_adp': 1.0, 'tau_w': 398.0, 'a': 474.0, 'rate_low': 0.5, 'rate_high': 10.0}.[0m
2021-04-20 20:10:07.901713: I tensorflow/compiler/jit/xla_gpu_device.cc:99] Not creating XLA devices, tf_xla_enable_xla_devices not set
maxFreq at 10nA: 999.0
2021-04-20 20:10:31.469298: I tensorflow/compiler/jit/xla_gpu_device.cc:99] Not creating XLA devices, tf_xla_enable_xla_devices not set
2021-04-20 20:10:41.538125: I tensorflow/compiler/jit/xla_gpu_device.cc:99] Not creating XLA devices, tf_xla_enable_xla_devices not set
mse and spike frequency: 0.09995 0.0
[32m[I 2021-04-20 20:10:50,397][0m Trial 40 finished with values: [0.09995, 0.0] with parameters: {'Vahp': -31.5, 'Vth': -43.5, 'Vmax': 28.5, 't_ref': 13.0, 'R': 0.30000000000000004, 'tau_m': 266.5, 'R_adp': 0.6, 'tau_w': 156.5, 'a': 283.5, 'rate_low': 46.5, 'rate_high': 47.0}.[0m
2021-04-20 20:10:50.782626: I tensorflow/compiler/jit/xla_gpu_device.cc:99] Not creating XLA devices, tf_xla_enable_xla_devices not set
maxFreq at 10nA: 50.0
2021-04-20 20:11:13.348960: I tensorflow/compiler/jit/xla_gpu_device.cc:99] Not creating XLA devices, tf_xla_enable_xla_devices not set
2021-04-20 20:11:23.395092: I tensorflow/compiler/jit/xla_gpu_device.cc:99] Not creating XLA devices, tf_xla_enable_xla_devices not set
mse and spike frequency: 0.13671 14.81
[32m[I 2021-04-20 20:11:32,554][0m Trial 41 finished with values: [0.13671, 14.81] with parameters: {'Vahp': -58.0, 'Vth': -57.5, 'Vmax': 31.5, 't_ref': 18.5, 'R': 1.0, 'tau_m': 230.0, 'R_adp': 0.2, 'tau_w': 384.5, 'a': 415.5, 'rate_low': 48.0, 'rate_high': 49.0}.[0m
2021-04-20 20:11:32.962072: I tensorflow/compiler/jit/xla_gpu_device.cc:99] Not creating XLA devices, tf_xla_enable_xla_devices not set
maxFreq at 10nA: 113.0
2021-04-20 20:11:56.016642: I tensorflow/compiler/jit/xla_gpu_device.cc:99] Not creating XLA devices, tf_xla_enable_xla_devices not set
2021-04-20 20:12:06.339115: I tensorflow/compiler/jit/xla_gpu_device.cc:99] Not creating XLA devices, tf_xla_enable_xla_devices not set
mse and spike frequency: 0.50751 8.73
[32m[I 2021-04-20 20:12:15,473][0m Trial 42 finished with values: [0.50751, 8.73] with parameters: {'Vahp': -59.0, 'Vth': -45.5, 'Vmax': 29.5, 't_ref': 6.5, 'R': 0.2, 'tau_m': 95.0, 'R_adp': 0.5, 'tau_w': 195.5, 'a': 121.5, 'rate_low': 42.0, 'rate_high': 46.0}.[0m
2021-04-20 20:12:15.885115: I tensorflow/compiler/jit/xla_gpu_device.cc:99] Not creating XLA devices, tf_xla_enable_xla_devices not set
maxFreq at 10nA: 171.0
2021-04-20 20:12:39.039115: I tensorflow/compiler/jit/xla_gpu_device.cc:99] Not creating XLA devices, tf_xla_enable_xla_devices not set
2021-04-20 20:12:49.391923: I tensorflow/compiler/jit/xla_gpu_device.cc:99] Not creating XLA devices, tf_xla_enable_xla_devices not set
mse and spike frequency: 0.00603 7.14
[32m[I 2021-04-20 20:12:58,952][0m Trial 43 finished with values: [0.00603, 7.14] with parameters: {'Vahp': -59.0, 'Vth': -47.0, 'Vmax': 13.5, 't_ref': 3.0, 'R': 0.5, 'tau_m': 299.0, 'R_adp': 1.0, 'tau_w': 62.0, 'a': 360.0, 'rate_low': 34.0, 'rate_high': 38.0}.[0m
2021-04-20 20:12:59.356163: I tensorflow/compiler/jit/xla_gpu_device.cc:99] Not creating XLA devices, tf_xla_enable_xla_devices not set
maxFreq at 10nA: 1000.0
2021-04-20 20:13:22.888310: I tensorflow/compiler/jit/xla_gpu_device.cc:99] Not creating XLA devices, tf_xla_enable_xla_devices not set
2021-04-20 20:13:33.349343: I tensorflow/compiler/jit/xla_gpu_device.cc:99] Not creating XLA devices, tf_xla_enable_xla_devices not set
mse and spike frequency: 0.09995 0.0
[32m[I 2021-04-20 20:13:43,030][0m Trial 44 finished with values: [0.09995, 0.0] with parameters: {'Vahp': -44.0, 'Vth': -44.5, 'Vmax': 19.0, 't_ref': 16.0, 'R': 0.7000000000000001, 'tau_m': 258.0, 'R_adp': 0.9, 'tau_w': 249.5, 'a': 376.0, 'rate_low': 11.5, 'rate_high': 43.0}.[0m
2021-04-20 20:13:43.471571: I tensorflow/compiler/jit/xla_gpu_device.cc:99] Not creating XLA devices, tf_xla_enable_xla_devices not set
maxFreq at 10nA: 999.0
2021-04-20 20:14:07.093053: I tensorflow/compiler/jit/xla_gpu_device.cc:99] Not creating XLA devices, tf_xla_enable_xla_devices not set
2021-04-20 20:14:17.722104: I tensorflow/compiler/jit/xla_gpu_device.cc:99] Not creating XLA devices, tf_xla_enable_xla_devices not set
mse and spike frequency: 0.09995 0.0
[32m[I 2021-04-20 20:14:27,608][0m Trial 45 finished with values: [0.09995, 0.0] with parameters: {'Vahp': -37.0, 'Vth': -46.0, 'Vmax': 15.0, 't_ref': 6.5, 'R': 0.4, 'tau_m': 405.5, 'R_adp': 0.1, 'tau_w': 412.5, 'a': 426.0, 'rate_low': 42.0, 'rate_high': 46.5}.[0m
2021-04-20 20:14:28.055150: I tensorflow/compiler/jit/xla_gpu_device.cc:99] Not creating XLA devices, tf_xla_enable_xla_devices not set
maxFreq at 10nA: 1000.0
2021-04-20 20:14:52.034652: I tensorflow/compiler/jit/xla_gpu_device.cc:99] Not creating XLA devices, tf_xla_enable_xla_devices not set
2021-04-20 20:15:02.713583: I tensorflow/compiler/jit/xla_gpu_device.cc:99] Not creating XLA devices, tf_xla_enable_xla_devices not set
mse and spike frequency: 0.09995 0.0
[32m[I 2021-04-20 20:15:12,883][0m Trial 46 finished with values: [0.09995, 0.0] with parameters: {'Vahp': -52.5, 'Vth': -54.5, 'Vmax': 24.0, 't_ref': 5.5, 'R': 0.6, 'tau_m': 343.5, 'R_adp': 0.8, 'tau_w': 476.5, 'a': 74.0, 'rate_low': 1.0, 'rate_high': 33.5}.[0m
2021-04-20 20:15:13.389430: I tensorflow/compiler/jit/xla_gpu_device.cc:99] Not creating XLA devices, tf_xla_enable_xla_devices not set
maxFreq at 10nA: 59.0
2021-04-20 20:15:37.072500: I tensorflow/compiler/jit/xla_gpu_device.cc:99] Not creating XLA devices, tf_xla_enable_xla_devices not set
2021-04-20 20:15:47.517862: I tensorflow/compiler/jit/xla_gpu_device.cc:99] Not creating XLA devices, tf_xla_enable_xla_devices not set
mse and spike frequency: 0.01482 4.13
[32m[I 2021-04-20 20:15:57,280][0m Trial 47 finished with values: [0.01482, 4.13] with parameters: {'Vahp': -32.0, 'Vth': -30.0, 'Vmax': 36.0, 't_ref': 15.5, 'R': 0.2, 'tau_m': 182.5, 'R_adp': 0.9, 'tau_w': 24.0, 'a': 189.0, 'rate_low': 14.0, 'rate_high': 17.5}.[0m
2021-04-20 20:15:57.782542: I tensorflow/compiler/jit/xla_gpu_device.cc:99] Not creating XLA devices, tf_xla_enable_xla_devices not set
maxFreq at 10nA: 1000.0
2021-04-20 20:16:21.766146: I tensorflow/compiler/jit/xla_gpu_device.cc:99] Not creating XLA devices, tf_xla_enable_xla_devices not set
2021-04-20 20:16:32.566680: I tensorflow/compiler/jit/xla_gpu_device.cc:99] Not creating XLA devices, tf_xla_enable_xla_devices not set
mse and spike frequency: 0.09995 0.0
[32m[I 2021-04-20 20:16:42,425][0m Trial 48 finished with values: [0.09995, 0.0] with parameters: {'Vahp': -52.5, 'Vth': -57.5, 'Vmax': 24.0, 't_ref': 6.0, 'R': 0.1, 'tau_m': 57.5, 'R_adp': 0.30000000000000004, 'tau_w': 387.0, 'a': 176.0, 'rate_low': 37.0, 'rate_high': 42.5}.[0m
2021-04-20 20:16:42.940530: I tensorflow/compiler/jit/xla_gpu_device.cc:99] Not creating XLA devices, tf_xla_enable_xla_devices not set
maxFreq at 10nA: 997.0
2021-04-20 20:17:06.673116: I tensorflow/compiler/jit/xla_gpu_device.cc:99] Not creating XLA devices, tf_xla_enable_xla_devices not set
2021-04-20 20:17:17.049642: I tensorflow/compiler/jit/xla_gpu_device.cc:99] Not creating XLA devices, tf_xla_enable_xla_devices not set
mse and spike frequency: 0.09995 0.0
[32m[I 2021-04-20 20:17:26,896][0m Trial 49 finished with values: [0.09995, 0.0] with parameters: {'Vahp': -37.5, 'Vth': -49.5, 'Vmax': 21.0, 't_ref': 16.5, 'R': 0.1, 'tau_m': 351.0, 'R_adp': 0.8, 'tau_w': 120.0, 'a': 344.5, 'rate_low': 37.5, 'rate_high': 38.0}.[0m
2021-04-20 20:17:27.406510: I tensorflow/compiler/jit/xla_gpu_device.cc:99] Not creating XLA devices, tf_xla_enable_xla_devices not set
maxFreq at 10nA: 56.0
2021-04-20 20:17:51.430895: I tensorflow/compiler/jit/xla_gpu_device.cc:99] Not creating XLA devices, tf_xla_enable_xla_devices not set
2021-04-20 20:18:02.272762: I tensorflow/compiler/jit/xla_gpu_device.cc:99] Not creating XLA devices, tf_xla_enable_xla_devices not set
mse and spike frequency: 0.13429 0.34
[32m[I 2021-04-20 20:18:12,506][0m Trial 50 finished with values: [0.13429, 0.34] with parameters: {'Vahp': -20.5, 'Vth': -20.5, 'Vmax': 37.5, 't_ref': 16.5, 'R': 0.6, 'tau_m': 242.5, 'R_adp': 0.30000000000000004, 'tau_w': 398.0, 'a': 478.0, 'rate_low': 0.5, 'rate_high': 10.0}.[0m
2021-04-20 20:18:13.027246: I tensorflow/compiler/jit/xla_gpu_device.cc:99] Not creating XLA devices, tf_xla_enable_xla_devices not set
maxFreq at 10nA: 1000.0
2021-04-20 20:18:37.150079: I tensorflow/compiler/jit/xla_gpu_device.cc:99] Not creating XLA devices, tf_xla_enable_xla_devices not set
2021-04-20 20:18:48.238367: I tensorflow/compiler/jit/xla_gpu_device.cc:99] Not creating XLA devices, tf_xla_enable_xla_devices not set
mse and spike frequency: 0.09995 0.0
[32m[I 2021-04-20 20:18:58,477][0m Trial 51 finished with values: [0.09995, 0.0] with parameters: {'Vahp': -31.5, 'Vth': -44.5, 'Vmax': 28.5, 't_ref': 13.0, 'R': 0.7000000000000001, 'tau_m': 266.5, 'R_adp': 0.6, 'tau_w': 156.5, 'a': 376.0, 'rate_low': 46.5, 'rate_high': 47.0}.[0m
2021-04-20 20:18:58.937986: I tensorflow/compiler/jit/xla_gpu_device.cc:99] Not creating XLA devices, tf_xla_enable_xla_devices not set
maxFreq at 10nA: 1000.0
2021-04-20 20:19:23.106513: I tensorflow/compiler/jit/xla_gpu_device.cc:99] Not creating XLA devices, tf_xla_enable_xla_devices not set
2021-04-20 20:19:34.033024: I tensorflow/compiler/jit/xla_gpu_device.cc:99] Not creating XLA devices, tf_xla_enable_xla_devices not set
mse and spike frequency: 0.09995 0.0
[32m[I 2021-04-20 20:19:44,238][0m Trial 52 finished with values: [0.09995, 0.0] with parameters: {'Vahp': -46.0, 'Vth': -48.0, 'Vmax': 30.5, 't_ref': 4.5, 'R': 0.30000000000000004, 'tau_m': 84.5, 'R_adp': 1.0, 'tau_w': 327.5, 'a': 99.0, 'rate_low': 8.0, 'rate_high': 9.0}.[0m
2021-04-20 20:19:44.718831: I tensorflow/compiler/jit/xla_gpu_device.cc:99] Not creating XLA devices, tf_xla_enable_xla_devices not set
maxFreq at 10nA: 68.0
2021-04-20 20:20:09.033255: I tensorflow/compiler/jit/xla_gpu_device.cc:99] Not creating XLA devices, tf_xla_enable_xla_devices not set
2021-04-20 20:20:20.469995: I tensorflow/compiler/jit/xla_gpu_device.cc:99] Not creating XLA devices, tf_xla_enable_xla_devices not set
mse and spike frequency: 0.08946 1.89
[32m[I 2021-04-20 20:20:30,849][0m Trial 53 finished with values: [0.08946, 1.89] with parameters: {'Vahp': -51.5, 'Vth': -26.5, 'Vmax': 32.5, 't_ref': 3.0, 'R': 0.8, 'tau_m': 50.5, 'R_adp': 1.0, 'tau_w': 294.0, 'a': 499.5, 'rate_low': 19.0, 'rate_high': 9.0}.[0m
2021-04-20 20:20:31.308323: I tensorflow/compiler/jit/xla_gpu_device.cc:99] Not creating XLA devices, tf_xla_enable_xla_devices not set
maxFreq at 10nA: 999.0
2021-04-20 20:20:55.083215: I tensorflow/compiler/jit/xla_gpu_device.cc:99] Not creating XLA devices, tf_xla_enable_xla_devices not set
2021-04-20 20:21:06.664160: I tensorflow/compiler/jit/xla_gpu_device.cc:99] Not creating XLA devices, tf_xla_enable_xla_devices not set
mse and spike frequency: 0.09995 0.0
[32m[I 2021-04-20 20:21:17,107][0m Trial 54 finished with values: [0.09995, 0.0] with parameters: {'Vahp': -20.0, 'Vth': -27.0, 'Vmax': 17.0, 't_ref': 9.0, 'R': 0.7000000000000001, 'tau_m': 258.0, 'R_adp': 0.5, 'tau_w': 249.5, 'a': 486.0, 'rate_low': 7.0, 'rate_high': 43.0}.[0m
2021-04-20 20:21:17.576827: I tensorflow/compiler/jit/xla_gpu_device.cc:99] Not creating XLA devices, tf_xla_enable_xla_devices not set
maxFreq at 10nA: 250.0
2021-04-20 20:21:41.568842: I tensorflow/compiler/jit/xla_gpu_device.cc:99] Not creating XLA devices, tf_xla_enable_xla_devices not set
2021-04-20 20:21:53.046179: I tensorflow/compiler/jit/xla_gpu_device.cc:99] Not creating XLA devices, tf_xla_enable_xla_devices not set
mse and spike frequency: 0.01193 4.52
