2021-04-20 19:46:15.286977: I tensorflow/stream_executor/platform/default/dso_loader.cc:49] Successfully opened dynamic library libcudart.so.11.0
Build finished in 0:00:01.                                                      
Simulation finished in 0:00:01.                                                 
[32m[I 2021-04-20 19:46:18,610][0m A new study created in memory with name: no-name-e1e5fa78-39eb-44fd-86ee-ffff210c53ef[0m
2021-04-20 19:46:18.857859: I tensorflow/compiler/jit/xla_cpu_device.cc:41] Not creating XLA devices, tf_xla_enable_xla_devices not set
2021-04-20 19:46:18.858944: I tensorflow/stream_executor/platform/default/dso_loader.cc:49] Successfully opened dynamic library libcuda.so.1
2021-04-20 19:46:19.894376: E tensorflow/stream_executor/cuda/cuda_driver.cc:328] failed call to cuInit: CUDA_ERROR_NO_DEVICE: no CUDA-capable device is detected
2021-04-20 19:46:19.894446: I tensorflow/stream_executor/cuda/cuda_diagnostics.cc:169] retrieving CUDA diagnostic information for host: comparch-t640
2021-04-20 19:46:19.894456: I tensorflow/stream_executor/cuda/cuda_diagnostics.cc:176] hostname: comparch-t640
2021-04-20 19:46:19.894614: I tensorflow/stream_executor/cuda/cuda_diagnostics.cc:200] libcuda reported version is: 450.66.0
2021-04-20 19:46:19.894653: I tensorflow/stream_executor/cuda/cuda_diagnostics.cc:204] kernel reported version is: 450.66.0
2021-04-20 19:46:19.894661: I tensorflow/stream_executor/cuda/cuda_diagnostics.cc:310] kernel version seems to match DSO: 450.66.0
2021-04-20 19:46:19.894995: I tensorflow/core/platform/cpu_feature_guard.cc:142] This TensorFlow binary is optimized with oneAPI Deep Neural Network Library (oneDNN) to use the following CPU instructions in performance-critical operations:  AVX2 AVX512F FMA
To enable them in other operations, rebuild TensorFlow with the appropriate compiler flags.
2021-04-20 19:46:19.897376: I tensorflow/compiler/jit/xla_gpu_device.cc:99] Not creating XLA devices, tf_xla_enable_xla_devices not set
2021-04-20 19:46:19.908458: I tensorflow/compiler/mlir/mlir_graph_optimization_pass.cc:196] None of the MLIR optimization passes are enabled (registered 0 passes)
2021-04-20 19:46:19.931947: I tensorflow/core/platform/profile_utils/cpu_utils.cc:112] CPU Frequency: 2100000000 Hz
maxFreq at 10nA: 72.0
2021-04-20 19:46:38.460588: I tensorflow/compiler/jit/xla_gpu_device.cc:99] Not creating XLA devices, tf_xla_enable_xla_devices not set
2021-04-20 19:46:44.450265: I tensorflow/compiler/jit/xla_gpu_device.cc:99] Not creating XLA devices, tf_xla_enable_xla_devices not set
mse and spike frequency: 0.00724 23.1
[32m[I 2021-04-20 19:46:49,261][0m Trial 0 finished with values: [0.00724, 23.1] with parameters: {'Vahp': -49.5, 'Vth': -35.0, 'Vmax': 15.0, 't_ref': 12.5, 'R': 0.8, 'tau_m': 248.5, 'R_adp': 0.4, 'tau_w': 58.0, 'a': 144.5, 'rate_low': 50.0, 'rate_high': 50.0}.[0m
2021-04-20 19:46:49.587768: I tensorflow/compiler/jit/xla_gpu_device.cc:99] Not creating XLA devices, tf_xla_enable_xla_devices not set
maxFreq at 10nA: 1000.0
2021-04-20 19:47:08.223489: I tensorflow/compiler/jit/xla_gpu_device.cc:99] Not creating XLA devices, tf_xla_enable_xla_devices not set
2021-04-20 19:47:14.229115: I tensorflow/compiler/jit/xla_gpu_device.cc:99] Not creating XLA devices, tf_xla_enable_xla_devices not set
mse and spike frequency: 0.09995 0.0
[32m[I 2021-04-20 19:47:19,139][0m Trial 1 finished with values: [0.09995, 0.0] with parameters: {'Vahp': -49.5, 'Vth': -52.5, 'Vmax': 39.5, 't_ref': 6.0, 'R': 0.2, 'tau_m': 63.5, 'R_adp': 0.7000000000000001, 'tau_w': 136.0, 'a': 238.5, 'rate_low': 3.5, 'rate_high': 27.5}.[0m
2021-04-20 19:47:19.468427: I tensorflow/compiler/jit/xla_gpu_device.cc:99] Not creating XLA devices, tf_xla_enable_xla_devices not set
maxFreq at 10nA: 357.0
2021-04-20 19:47:38.075324: I tensorflow/compiler/jit/xla_gpu_device.cc:99] Not creating XLA devices, tf_xla_enable_xla_devices not set
2021-04-20 19:47:43.958713: I tensorflow/compiler/jit/xla_gpu_device.cc:99] Not creating XLA devices, tf_xla_enable_xla_devices not set
mse and spike frequency: 0.35729 9.47
[32m[I 2021-04-20 19:47:49,007][0m Trial 2 finished with values: [0.35729, 9.47] with parameters: {'Vahp': -53.0, 'Vth': -48.5, 'Vmax': 13.5, 't_ref': 1.0, 'R': 0.9, 'tau_m': 13.0, 'R_adp': 1.0, 'tau_w': 96.0, 'a': 271.0, 'rate_low': 20.0, 'rate_high': 32.0}.[0m
2021-04-20 19:47:49.321736: I tensorflow/compiler/jit/xla_gpu_device.cc:99] Not creating XLA devices, tf_xla_enable_xla_devices not set
maxFreq at 10nA: 999.0
2021-04-20 19:48:08.426650: I tensorflow/compiler/jit/xla_gpu_device.cc:99] Not creating XLA devices, tf_xla_enable_xla_devices not set
2021-04-20 19:48:14.567855: I tensorflow/compiler/jit/xla_gpu_device.cc:99] Not creating XLA devices, tf_xla_enable_xla_devices not set
mse and spike frequency: 0.09995 0.0
[32m[I 2021-04-20 19:48:19,578][0m Trial 3 finished with values: [0.09995, 0.0] with parameters: {'Vahp': -22.5, 'Vth': -25.5, 'Vmax': 21.0, 't_ref': 2.5, 'R': 0.5, 'tau_m': 292.5, 'R_adp': 0.1, 'tau_w': 146.0, 'a': 239.0, 'rate_low': 2.5, 'rate_high': 14.5}.[0m
2021-04-20 19:48:19.880916: I tensorflow/compiler/jit/xla_gpu_device.cc:99] Not creating XLA devices, tf_xla_enable_xla_devices not set
maxFreq at 10nA: 53.0
2021-04-20 19:48:38.662960: I tensorflow/compiler/jit/xla_gpu_device.cc:99] Not creating XLA devices, tf_xla_enable_xla_devices not set
2021-04-20 19:48:44.955264: I tensorflow/compiler/jit/xla_gpu_device.cc:99] Not creating XLA devices, tf_xla_enable_xla_devices not set
mse and spike frequency: 0.05271 6.47
[32m[I 2021-04-20 19:48:50,122][0m Trial 4 finished with values: [0.05271, 6.47] with parameters: {'Vahp': -32.5, 'Vth': -29.5, 'Vmax': 28.5, 't_ref': 18.0, 'R': 0.30000000000000004, 'tau_m': 460.0, 'R_adp': 0.5, 'tau_w': 358.0, 'a': 78.5, 'rate_low': 37.0, 'rate_high': 41.5}.[0m
2021-04-20 19:48:50.446617: I tensorflow/compiler/jit/xla_gpu_device.cc:99] Not creating XLA devices, tf_xla_enable_xla_devices not set
maxFreq at 10nA: 48.0
2021-04-20 19:49:09.185169: I tensorflow/compiler/jit/xla_gpu_device.cc:99] Not creating XLA devices, tf_xla_enable_xla_devices not set
2021-04-20 19:49:15.443063: I tensorflow/compiler/jit/xla_gpu_device.cc:99] Not creating XLA devices, tf_xla_enable_xla_devices not set
mse and spike frequency: 0.00693 8.25
[32m[I 2021-04-20 19:49:20,807][0m Trial 5 finished with values: [0.00693, 8.25] with parameters: {'Vahp': -58.5, 'Vth': -25.0, 'Vmax': 36.5, 't_ref': 18.5, 'R': 0.2, 'tau_m': 107.0, 'R_adp': 0.30000000000000004, 'tau_w': 131.0, 'a': 9.5, 'rate_low': 30.5, 'rate_high': 44.5}.[0m
2021-04-20 19:49:21.136808: I tensorflow/compiler/jit/xla_gpu_device.cc:99] Not creating XLA devices, tf_xla_enable_xla_devices not set
maxFreq at 10nA: 56.0
2021-04-20 19:49:40.132670: I tensorflow/compiler/jit/xla_gpu_device.cc:99] Not creating XLA devices, tf_xla_enable_xla_devices not set
2021-04-20 19:49:46.676408: I tensorflow/compiler/jit/xla_gpu_device.cc:99] Not creating XLA devices, tf_xla_enable_xla_devices not set
mse and spike frequency: 0.09867 0.07
[32m[I 2021-04-20 19:49:52,079][0m Trial 6 finished with values: [0.09867, 0.07] with parameters: {'Vahp': -52.5, 'Vth': -29.0, 'Vmax': 21.5, 't_ref': 7.0, 'R': 0.1, 'tau_m': 305.0, 'R_adp': 0.30000000000000004, 'tau_w': 43.0, 'a': 475.5, 'rate_low': 8.5, 'rate_high': 25.5}.[0m
2021-04-20 19:49:52.377634: I tensorflow/compiler/jit/xla_gpu_device.cc:99] Not creating XLA devices, tf_xla_enable_xla_devices not set
maxFreq at 10nA: 84.0
2021-04-20 19:50:11.362139: I tensorflow/compiler/jit/xla_gpu_device.cc:99] Not creating XLA devices, tf_xla_enable_xla_devices not set
2021-04-20 19:50:17.915591: I tensorflow/compiler/jit/xla_gpu_device.cc:99] Not creating XLA devices, tf_xla_enable_xla_devices not set
mse and spike frequency: 0.09995 0.02
[32m[I 2021-04-20 19:50:23,636][0m Trial 7 finished with values: [0.09995, 0.02] with parameters: {'Vahp': -37.5, 'Vth': -37.0, 'Vmax': 13.5, 't_ref': 11.0, 'R': 0.4, 'tau_m': 78.5, 'R_adp': 0.9, 'tau_w': 407.0, 'a': 1.5, 'rate_low': 13.0, 'rate_high': 43.0}.[0m
2021-04-20 19:50:23.949683: I tensorflow/compiler/jit/xla_gpu_device.cc:99] Not creating XLA devices, tf_xla_enable_xla_devices not set
maxFreq at 10nA: 1000.0
2021-04-20 19:50:43.221719: I tensorflow/compiler/jit/xla_gpu_device.cc:99] Not creating XLA devices, tf_xla_enable_xla_devices not set
2021-04-20 19:50:50.011425: I tensorflow/compiler/jit/xla_gpu_device.cc:99] Not creating XLA devices, tf_xla_enable_xla_devices not set
mse and spike frequency: 0.09995 0.0
[32m[I 2021-04-20 19:50:56,008][0m Trial 8 finished with values: [0.09995, 0.0] with parameters: {'Vahp': -23.0, 'Vth': -46.0, 'Vmax': 11.0, 't_ref': 5.5, 'R': 0.2, 'tau_m': 153.5, 'R_adp': 0.7000000000000001, 'tau_w': 167.0, 'a': 280.5, 'rate_low': 33.0, 'rate_high': 44.5}.[0m
2021-04-20 19:50:56.322852: I tensorflow/compiler/jit/xla_gpu_device.cc:99] Not creating XLA devices, tf_xla_enable_xla_devices not set
maxFreq at 10nA: 56.0
2021-04-20 19:51:15.693587: I tensorflow/compiler/jit/xla_gpu_device.cc:99] Not creating XLA devices, tf_xla_enable_xla_devices not set
2021-04-20 19:51:22.890691: I tensorflow/compiler/jit/xla_gpu_device.cc:99] Not creating XLA devices, tf_xla_enable_xla_devices not set
mse and spike frequency: 0.00573 16.38
[32m[I 2021-04-20 19:51:28,532][0m Trial 9 finished with values: [0.00573, 16.38] with parameters: {'Vahp': -46.5, 'Vth': -36.0, 'Vmax': 32.0, 't_ref': 16.5, 'R': 0.7000000000000001, 'tau_m': 471.5, 'R_adp': 0.4, 'tau_w': 367.0, 'a': 17.0, 'rate_low': 46.0, 'rate_high': 46.0}.[0m
2021-04-20 19:51:28.848674: I tensorflow/compiler/jit/xla_gpu_device.cc:99] Not creating XLA devices, tf_xla_enable_xla_devices not set
maxFreq at 10nA: 250.0
2021-04-20 19:51:48.231129: I tensorflow/compiler/jit/xla_gpu_device.cc:99] Not creating XLA devices, tf_xla_enable_xla_devices not set
2021-04-20 19:51:54.942927: I tensorflow/compiler/jit/xla_gpu_device.cc:99] Not creating XLA devices, tf_xla_enable_xla_devices not set
mse and spike frequency: 0.00309 39.7
[32m[I 2021-04-20 19:52:00,936][0m Trial 10 finished with values: [0.00309, 39.7] with parameters: {'Vahp': -27.5, 'Vth': -26.5, 'Vmax': 32.5, 't_ref': 3.0, 'R': 0.8, 'tau_m': 50.5, 'R_adp': 0.2, 'tau_w': 16.5, 'a': 499.5, 'rate_low': 19.0, 'rate_high': 41.5}.[0m
2021-04-20 19:52:01.252634: I tensorflow/compiler/jit/xla_gpu_device.cc:99] Not creating XLA devices, tf_xla_enable_xla_devices not set
maxFreq at 10nA: 1000.0
2021-04-20 19:52:20.494053: I tensorflow/compiler/jit/xla_gpu_device.cc:99] Not creating XLA devices, tf_xla_enable_xla_devices not set
2021-04-20 19:52:27.323050: I tensorflow/compiler/jit/xla_gpu_device.cc:99] Not creating XLA devices, tf_xla_enable_xla_devices not set
mse and spike frequency: 0.09995 0.0
[32m[I 2021-04-20 19:52:33,534][0m Trial 11 finished with values: [0.09995, 0.0] with parameters: {'Vahp': -41.0, 'Vth': -43.5, 'Vmax': 12.5, 't_ref': 7.5, 'R': 0.8, 'tau_m': 223.5, 'R_adp': 1.0, 'tau_w': 406.0, 'a': 171.0, 'rate_low': 4.0, 'rate_high': 28.0}.[0m
2021-04-20 19:52:33.864711: I tensorflow/compiler/jit/xla_gpu_device.cc:99] Not creating XLA devices, tf_xla_enable_xla_devices not set
maxFreq at 10nA: 1000.0
2021-04-20 19:52:53.642480: I tensorflow/compiler/jit/xla_gpu_device.cc:99] Not creating XLA devices, tf_xla_enable_xla_devices not set
2021-04-20 19:53:01.020967: I tensorflow/compiler/jit/xla_gpu_device.cc:99] Not creating XLA devices, tf_xla_enable_xla_devices not set
mse and spike frequency: 0.09995 0.0
[32m[I 2021-04-20 19:53:06,836][0m Trial 12 finished with values: [0.09995, 0.0] with parameters: {'Vahp': -31.0, 'Vth': -37.5, 'Vmax': 24.0, 't_ref': 16.5, 'R': 0.9, 'tau_m': 180.5, 'R_adp': 0.8, 'tau_w': 288.0, 'a': 143.5, 'rate_low': 31.5, 'rate_high': 36.0}.[0m
2021-04-20 19:53:07.152261: I tensorflow/compiler/jit/xla_gpu_device.cc:99] Not creating XLA devices, tf_xla_enable_xla_devices not set
maxFreq at 10nA: 35.0
2021-04-20 19:53:26.924882: I tensorflow/compiler/jit/xla_gpu_device.cc:99] Not creating XLA devices, tf_xla_enable_xla_devices not set
2021-04-20 19:53:34.506351: I tensorflow/compiler/jit/xla_gpu_device.cc:99] Not creating XLA devices, tf_xla_enable_xla_devices not set
mse and spike frequency: 0.14515 0.57
[32m[I 2021-04-20 19:53:40,769][0m Trial 13 finished with values: [0.14515, 0.57] with parameters: {'Vahp': -55.0, 'Vth': -39.0, 'Vmax': 37.5, 't_ref': 5.0, 'R': 0.4, 'tau_m': 455.5, 'R_adp': 0.8, 'tau_w': 465.0, 'a': 402.0, 'rate_low': 5.0, 'rate_high': 19.0}.[0m
2021-04-20 19:53:41.109983: I tensorflow/compiler/jit/xla_gpu_device.cc:99] Not creating XLA devices, tf_xla_enable_xla_devices not set
maxFreq at 10nA: 1000.0
2021-04-20 19:54:01.311185: I tensorflow/compiler/jit/xla_gpu_device.cc:99] Not creating XLA devices, tf_xla_enable_xla_devices not set
2021-04-20 19:54:08.937036: I tensorflow/compiler/jit/xla_gpu_device.cc:99] Not creating XLA devices, tf_xla_enable_xla_devices not set
mse and spike frequency: 0.09995 0.0
[32m[I 2021-04-20 19:54:15,382][0m Trial 14 finished with values: [0.09995, 0.0] with parameters: {'Vahp': -46.0, 'Vth': -48.0, 'Vmax': 13.0, 't_ref': 4.5, 'R': 0.7000000000000001, 'tau_m': 84.5, 'R_adp': 0.1, 'tau_w': 367.5, 'a': 99.0, 'rate_low': 8.0, 'rate_high': 40.5}.[0m
2021-04-20 19:54:15.742148: I tensorflow/compiler/jit/xla_gpu_device.cc:99] Not creating XLA devices, tf_xla_enable_xla_devices not set
maxFreq at 10nA: 199.0
2021-04-20 19:54:35.555740: I tensorflow/compiler/jit/xla_gpu_device.cc:99] Not creating XLA devices, tf_xla_enable_xla_devices not set
2021-04-20 19:54:43.071270: I tensorflow/compiler/jit/xla_gpu_device.cc:99] Not creating XLA devices, tf_xla_enable_xla_devices not set
mse and spike frequency: 0.00673 7.32
[32m[I 2021-04-20 19:54:49,436][0m Trial 15 finished with values: [0.00673, 7.32] with parameters: {'Vahp': -29.5, 'Vth': -22.5, 'Vmax': 24.0, 't_ref': 2.5, 'R': 0.1, 'tau_m': 149.5, 'R_adp': 0.30000000000000004, 'tau_w': 67.5, 'a': 64.0, 'rate_low': 32.0, 'rate_high': 48.0}.[0m
2021-04-20 19:54:49.774348: I tensorflow/compiler/jit/xla_gpu_device.cc:99] Not creating XLA devices, tf_xla_enable_xla_devices not set
maxFreq at 10nA: 250.0
2021-04-20 19:55:10.309092: I tensorflow/compiler/jit/xla_gpu_device.cc:99] Not creating XLA devices, tf_xla_enable_xla_devices not set
2021-04-20 19:55:18.121462: I tensorflow/compiler/jit/xla_gpu_device.cc:99] Not creating XLA devices, tf_xla_enable_xla_devices not set
mse and spike frequency: 0.00395 15.77
[32m[I 2021-04-20 19:55:24,372][0m Trial 16 finished with values: [0.00395, 15.77] with parameters: {'Vahp': -60.0, 'Vth': -40.5, 'Vmax': 24.0, 't_ref': 2.5, 'R': 0.6, 'tau_m': 134.0, 'R_adp': 0.8, 'tau_w': 264.0, 'a': 3.5, 'rate_low': 9.0, 'rate_high': 38.0}.[0m
2021-04-20 19:55:24.710207: I tensorflow/compiler/jit/xla_gpu_device.cc:99] Not creating XLA devices, tf_xla_enable_xla_devices not set
maxFreq at 10nA: 1000.0
2021-04-20 19:55:44.996637: I tensorflow/compiler/jit/xla_gpu_device.cc:99] Not creating XLA devices, tf_xla_enable_xla_devices not set
2021-04-20 19:55:52.645159: I tensorflow/compiler/jit/xla_gpu_device.cc:99] Not creating XLA devices, tf_xla_enable_xla_devices not set
mse and spike frequency: 0.09995 0.0
[32m[I 2021-04-20 19:55:59,404][0m Trial 17 finished with values: [0.09995, 0.0] with parameters: {'Vahp': -28.0, 'Vth': -47.0, 'Vmax': 12.5, 't_ref': 5.5, 'R': 0.6, 'tau_m': 478.5, 'R_adp': 1.0, 'tau_w': 80.5, 'a': 38.0, 'rate_low': 33.0, 'rate_high': 43.0}.[0m
2021-04-20 19:55:59.759314: I tensorflow/compiler/jit/xla_gpu_device.cc:99] Not creating XLA devices, tf_xla_enable_xla_devices not set
maxFreq at 10nA: 1000.0
2021-04-20 19:56:20.224299: I tensorflow/compiler/jit/xla_gpu_device.cc:99] Not creating XLA devices, tf_xla_enable_xla_devices not set
2021-04-20 19:56:27.684649: I tensorflow/compiler/jit/xla_gpu_device.cc:99] Not creating XLA devices, tf_xla_enable_xla_devices not set
mse and spike frequency: 0.09995 0.0
[32m[I 2021-04-20 19:56:34,337][0m Trial 18 finished with values: [0.09995, 0.0] with parameters: {'Vahp': -20.0, 'Vth': -27.0, 'Vmax': 17.0, 't_ref': 9.0, 'R': 0.5, 'tau_m': 147.5, 'R_adp': 0.5, 'tau_w': 115.0, 'a': 486.0, 'rate_low': 7.0, 'rate_high': 40.0}.[0m
2021-04-20 19:56:34.698055: I tensorflow/compiler/jit/xla_gpu_device.cc:99] Not creating XLA devices, tf_xla_enable_xla_devices not set
maxFreq at 10nA: 81.0
2021-04-20 19:56:55.315739: I tensorflow/compiler/jit/xla_gpu_device.cc:99] Not creating XLA devices, tf_xla_enable_xla_devices not set
2021-04-20 19:57:02.782927: I tensorflow/compiler/jit/xla_gpu_device.cc:99] Not creating XLA devices, tf_xla_enable_xla_devices not set
mse and spike frequency: 0.05828 0.65
[32m[I 2021-04-20 19:57:09,649][0m Trial 19 finished with values: [0.05828, 0.65] with parameters: {'Vahp': -51.5, 'Vth': -48.5, 'Vmax': 30.5, 't_ref': 3.5, 'R': 0.7000000000000001, 'tau_m': 430.0, 'R_adp': 1.0, 'tau_w': 500.0, 'a': 242.0, 'rate_low': 3.0, 'rate_high': 9.0}.[0m
2021-04-20 19:57:09.988426: I tensorflow/compiler/jit/xla_gpu_device.cc:99] Not creating XLA devices, tf_xla_enable_xla_devices not set
maxFreq at 10nA: 1000.0
2021-04-20 19:57:31.038521: I tensorflow/compiler/jit/xla_gpu_device.cc:99] Not creating XLA devices, tf_xla_enable_xla_devices not set
2021-04-20 19:57:38.121350: I tensorflow/compiler/jit/xla_gpu_device.cc:99] Not creating XLA devices, tf_xla_enable_xla_devices not set
mse and spike frequency: 0.09995 0.0
[32m[I 2021-04-20 19:57:45,125][0m Trial 20 finished with values: [0.09995, 0.0] with parameters: {'Vahp': -35.0, 'Vth': -45.5, 'Vmax': 27.5, 't_ref': 17.0, 'R': 0.7000000000000001, 'tau_m': 116.5, 'R_adp': 1.0, 'tau_w': 127.5, 'a': 418.5, 'rate_low': 15.0, 'rate_high': 39.5}.[0m
2021-04-20 19:57:45.471703: I tensorflow/compiler/jit/xla_gpu_device.cc:99] Not creating XLA devices, tf_xla_enable_xla_devices not set
maxFreq at 10nA: 58.0
2021-04-20 19:58:06.837013: I tensorflow/compiler/jit/xla_gpu_device.cc:99] Not creating XLA devices, tf_xla_enable_xla_devices not set
2021-04-20 19:58:14.572989: I tensorflow/compiler/jit/xla_gpu_device.cc:99] Not creating XLA devices, tf_xla_enable_xla_devices not set
mse and spike frequency: 0.04844 1.7
[32m[I 2021-04-20 19:58:21,759][0m Trial 21 finished with values: [0.04844, 1.7] with parameters: {'Vahp': -57.0, 'Vth': -34.0, 'Vmax': 12.5, 't_ref': 9.0, 'R': 0.30000000000000004, 'tau_m': 295.5, 'R_adp': 0.4, 'tau_w': 436.5, 'a': 296.0, 'rate_low': 27.5, 'rate_high': 36.0}.[0m
2021-04-20 19:58:22.126873: I tensorflow/compiler/jit/xla_gpu_device.cc:99] Not creating XLA devices, tf_xla_enable_xla_devices not set
maxFreq at 10nA: 177.0
2021-04-20 19:58:43.602138: I tensorflow/compiler/jit/xla_gpu_device.cc:99] Not creating XLA devices, tf_xla_enable_xla_devices not set
2021-04-20 19:58:51.366346: I tensorflow/compiler/jit/xla_gpu_device.cc:99] Not creating XLA devices, tf_xla_enable_xla_devices not set
mse and spike frequency: 7.33736 4.5
[32m[I 2021-04-20 19:58:58,445][0m Trial 22 finished with values: [7.33736, 4.5] with parameters: {'Vahp': -40.0, 'Vth': -39.0, 'Vmax': 25.5, 't_ref': 1.0, 'R': 0.2, 'tau_m': 380.0, 'R_adp': 0.9, 'tau_w': 484.5, 'a': 35.0, 'rate_low': 5.0, 'rate_high': 13.0}.[0m
2021-04-20 19:58:58.802230: I tensorflow/compiler/jit/xla_gpu_device.cc:99] Not creating XLA devices, tf_xla_enable_xla_devices not set
maxFreq at 10nA: 1000.0
2021-04-20 19:59:19.812761: I tensorflow/compiler/jit/xla_gpu_device.cc:99] Not creating XLA devices, tf_xla_enable_xla_devices not set
2021-04-20 19:59:27.545710: I tensorflow/compiler/jit/xla_gpu_device.cc:99] Not creating XLA devices, tf_xla_enable_xla_devices not set
mse and spike frequency: 0.09995 0.0
[32m[I 2021-04-20 19:59:34,838][0m Trial 23 finished with values: [0.09995, 0.0] with parameters: {'Vahp': -22.0, 'Vth': -33.0, 'Vmax': 39.0, 't_ref': 2.0, 'R': 1.0, 'tau_m': 312.5, 'R_adp': 0.1, 'tau_w': 17.5, 'a': 137.5, 'rate_low': 37.0, 'rate_high': 40.0}.[0m
2021-04-20 19:59:35.199391: I tensorflow/compiler/jit/xla_gpu_device.cc:99] Not creating XLA devices, tf_xla_enable_xla_devices not set
maxFreq at 10nA: 1000.0
2021-04-20 19:59:56.774452: I tensorflow/compiler/jit/xla_gpu_device.cc:99] Not creating XLA devices, tf_xla_enable_xla_devices not set
2021-04-20 20:00:04.980148: I tensorflow/compiler/jit/xla_gpu_device.cc:99] Not creating XLA devices, tf_xla_enable_xla_devices not set
mse and spike frequency: 0.09995 0.0
[32m[I 2021-04-20 20:00:12,351][0m Trial 24 finished with values: [0.09995, 0.0] with parameters: {'Vahp': -44.0, 'Vth': -51.0, 'Vmax': 36.5, 't_ref': 9.5, 'R': 0.5, 'tau_m': 106.5, 'R_adp': 0.7000000000000001, 'tau_w': 260.5, 'a': 390.5, 'rate_low': 6.0, 'rate_high': 12.5}.[0m
2021-04-20 20:00:12.745212: I tensorflow/compiler/jit/xla_gpu_device.cc:99] Not creating XLA devices, tf_xla_enable_xla_devices not set
maxFreq at 10nA: 998.0
2021-04-20 20:00:34.276485: I tensorflow/compiler/jit/xla_gpu_device.cc:99] Not creating XLA devices, tf_xla_enable_xla_devices not set
2021-04-20 20:00:42.423327: I tensorflow/compiler/jit/xla_gpu_device.cc:99] Not creating XLA devices, tf_xla_enable_xla_devices not set
mse and spike frequency: 0.09995 0.0
[32m[I 2021-04-20 20:00:49,893][0m Trial 25 finished with values: [0.09995, 0.0] with parameters: {'Vahp': -21.0, 'Vth': -33.0, 'Vmax': 35.0, 't_ref': 18.5, 'R': 0.30000000000000004, 'tau_m': 241.0, 'R_adp': 0.9, 'tau_w': 279.5, 'a': 446.0, 'rate_low': 36.0, 'rate_high': 47.0}.[0m
2021-04-20 20:00:50.263139: I tensorflow/compiler/jit/xla_gpu_device.cc:99] Not creating XLA devices, tf_xla_enable_xla_devices not set
maxFreq at 10nA: 61.0
2021-04-20 20:01:12.040934: I tensorflow/compiler/jit/xla_gpu_device.cc:99] Not creating XLA devices, tf_xla_enable_xla_devices not set
2021-04-20 20:01:20.335146: I tensorflow/compiler/jit/xla_gpu_device.cc:99] Not creating XLA devices, tf_xla_enable_xla_devices not set
mse and spike frequency: 1.71569 13.65
