[32m[I 2021-04-20 20:22:16,213][0m Trial 58 finished with values: [0.00401, 17.09] with parameters: {'Vahp': -59.0, 'Vth': -42.5, 'Vmax': 31.0, 't_ref': 13.0, 'R': 0.7000000000000001, 'tau_m': 418.0, 'rate_low': 36.0, 'rate_high': 47.5}.[0m
2021-04-20 20:22:16.734154: I tensorflow/compiler/jit/xla_gpu_device.cc:99] Not creating XLA devices, tf_xla_enable_xla_devices not set
maxFreq at 10nA: 1000.0
2021-04-20 20:22:39.350793: I tensorflow/compiler/jit/xla_gpu_device.cc:99] Not creating XLA devices, tf_xla_enable_xla_devices not set
2021-04-20 20:22:50.858111: I tensorflow/compiler/jit/xla_gpu_device.cc:99] Not creating XLA devices, tf_xla_enable_xla_devices not set
mse and spike frequency: 0.09995 0.0
[32m[I 2021-04-20 20:23:01,464][0m Trial 59 finished with values: [0.09995, 0.0] with parameters: {'Vahp': -47.0, 'Vth': -52.5, 'Vmax': 25.0, 't_ref': 5.0, 'R': 0.5, 'tau_m': 423.0, 'rate_low': 22.5, 'rate_high': 35.0}.[0m
2021-04-20 20:23:02.053122: I tensorflow/compiler/jit/xla_gpu_device.cc:99] Not creating XLA devices, tf_xla_enable_xla_devices not set
maxFreq at 10nA: 143.0
2021-04-20 20:23:24.712554: I tensorflow/compiler/jit/xla_gpu_device.cc:99] Not creating XLA devices, tf_xla_enable_xla_devices not set
2021-04-20 20:23:36.942759: I tensorflow/compiler/jit/xla_gpu_device.cc:99] Not creating XLA devices, tf_xla_enable_xla_devices not set
mse and spike frequency: 0.09995 0.0
[32m[I 2021-04-20 20:23:47,905][0m Trial 60 finished with values: [0.09995, 0.0] with parameters: {'Vahp': -36.0, 'Vth': -35.5, 'Vmax': 23.5, 't_ref': 6.0, 'R': 1.0, 'tau_m': 255.0, 'rate_low': 16.5, 'rate_high': 47.0}.[0m
2021-04-20 20:23:48.454869: I tensorflow/compiler/jit/xla_gpu_device.cc:99] Not creating XLA devices, tf_xla_enable_xla_devices not set
maxFreq at 10nA: 67.0
2021-04-20 20:24:11.826520: I tensorflow/compiler/jit/xla_gpu_device.cc:99] Not creating XLA devices, tf_xla_enable_xla_devices not set
2021-04-20 20:24:24.223631: I tensorflow/compiler/jit/xla_gpu_device.cc:99] Not creating XLA devices, tf_xla_enable_xla_devices not set
mse and spike frequency: 0.00585 16.07
[32m[I 2021-04-20 20:24:35,617][0m Trial 61 finished with values: [0.00585, 16.07] with parameters: {'Vahp': -42.0, 'Vth': -29.0, 'Vmax': 36.5, 't_ref': 13.5, 'R': 0.6, 'tau_m': 94.5, 'rate_low': 27.5, 'rate_high': 5.0}.[0m
2021-04-20 20:24:36.156533: I tensorflow/compiler/jit/xla_gpu_device.cc:99] Not creating XLA devices, tf_xla_enable_xla_devices not set
maxFreq at 10nA: 1000.0
2021-04-20 20:24:59.936068: I tensorflow/compiler/jit/xla_gpu_device.cc:99] Not creating XLA devices, tf_xla_enable_xla_devices not set
2021-04-20 20:25:12.424151: I tensorflow/compiler/jit/xla_gpu_device.cc:99] Not creating XLA devices, tf_xla_enable_xla_devices not set
mse and spike frequency: 0.09995 0.0
[32m[I 2021-04-20 20:25:23,755][0m Trial 62 finished with values: [0.09995, 0.0] with parameters: {'Vahp': -29.5, 'Vth': -45.5, 'Vmax': 19.5, 't_ref': 14.0, 'R': 0.7000000000000001, 'tau_m': 427.5, 'rate_low': 28.0, 'rate_high': 32.0}.[0m
2021-04-20 20:25:24.288084: I tensorflow/compiler/jit/xla_gpu_device.cc:99] Not creating XLA devices, tf_xla_enable_xla_devices not set
maxFreq at 10nA: 84.0
2021-04-20 20:25:48.034205: I tensorflow/compiler/jit/xla_gpu_device.cc:99] Not creating XLA devices, tf_xla_enable_xla_devices not set
2021-04-20 20:26:00.189159: I tensorflow/compiler/jit/xla_gpu_device.cc:99] Not creating XLA devices, tf_xla_enable_xla_devices not set
mse and spike frequency: 0.00413 8.19
[32m[I 2021-04-20 20:26:12,151][0m Trial 63 finished with values: [0.00413, 8.19] with parameters: {'Vahp': -57.5, 'Vth': -49.0, 'Vmax': 14.5, 't_ref': 8.5, 'R': 0.1, 'tau_m': 331.0, 'rate_low': 32.5, 'rate_high': 32.0}.[0m
2021-04-20 20:26:12.681448: I tensorflow/compiler/jit/xla_gpu_device.cc:99] Not creating XLA devices, tf_xla_enable_xla_devices not set
maxFreq at 10nA: 200.0
2021-04-20 20:26:36.854274: I tensorflow/compiler/jit/xla_gpu_device.cc:99] Not creating XLA devices, tf_xla_enable_xla_devices not set
2021-04-20 20:26:49.296947: I tensorflow/compiler/jit/xla_gpu_device.cc:99] Not creating XLA devices, tf_xla_enable_xla_devices not set
mse and spike frequency: 0.0135 3.01
[32m[I 2021-04-20 20:27:01,310][0m Trial 64 finished with values: [0.0135, 3.01] with parameters: {'Vahp': -35.0, 'Vth': -22.5, 'Vmax': 17.5, 't_ref': 4.0, 'R': 0.9, 'tau_m': 259.0, 'rate_low': 13.0, 'rate_high': 15.5}.[0m
2021-04-20 20:27:01.842012: I tensorflow/compiler/jit/xla_gpu_device.cc:99] Not creating XLA devices, tf_xla_enable_xla_devices not set
maxFreq at 10nA: 1000.0
2021-04-20 20:27:26.051626: I tensorflow/compiler/jit/xla_gpu_device.cc:99] Not creating XLA devices, tf_xla_enable_xla_devices not set
2021-04-20 20:27:38.491367: I tensorflow/compiler/jit/xla_gpu_device.cc:99] Not creating XLA devices, tf_xla_enable_xla_devices not set
mse and spike frequency: 0.09995 0.0
[32m[I 2021-04-20 20:27:50,216][0m Trial 65 finished with values: [0.09995, 0.0] with parameters: {'Vahp': -21.5, 'Vth': -25.0, 'Vmax': 39.0, 't_ref': 14.0, 'R': 0.9, 'tau_m': 255.0, 'rate_low': 27.5, 'rate_high': 47.0}.[0m
2021-04-20 20:27:50.677501: I tensorflow/compiler/jit/xla_gpu_device.cc:99] Not creating XLA devices, tf_xla_enable_xla_devices not set
maxFreq at 10nA: 250.0
2021-04-20 20:28:15.104126: I tensorflow/compiler/jit/xla_gpu_device.cc:99] Not creating XLA devices, tf_xla_enable_xla_devices not set
2021-04-20 20:28:27.560841: I tensorflow/compiler/jit/xla_gpu_device.cc:99] Not creating XLA devices, tf_xla_enable_xla_devices not set
mse and spike frequency: 0.09995 0.0
[32m[I 2021-04-20 20:28:39,727][0m Trial 66 finished with values: [0.09995, 0.0] with parameters: {'Vahp': -29.0, 'Vth': -28.0, 'Vmax': 17.0, 't_ref': 3.0, 'R': 0.4, 'tau_m': 20.0, 'rate_low': 43.5, 'rate_high': 28.5}.[0m
2021-04-20 20:28:40.195058: I tensorflow/compiler/jit/xla_gpu_device.cc:99] Not creating XLA devices, tf_xla_enable_xla_devices not set
maxFreq at 10nA: 1000.0
2021-04-20 20:29:04.806141: I tensorflow/compiler/jit/xla_gpu_device.cc:99] Not creating XLA devices, tf_xla_enable_xla_devices not set
2021-04-20 20:29:17.407113: I tensorflow/compiler/jit/xla_gpu_device.cc:99] Not creating XLA devices, tf_xla_enable_xla_devices not set
mse and spike frequency: 0.09996 1000.1
[32m[I 2021-04-20 20:29:29,584][0m Trial 67 finished with values: [0.09996, 1000.1] with parameters: {'Vahp': -29.0, 'Vth': -58.5, 'Vmax': 17.0, 't_ref': 3.0, 'R': 0.8, 'tau_m': 26.0, 'rate_low': 40.0, 'rate_high': 40.0}.[0m
2021-04-20 20:29:30.080851: I tensorflow/compiler/jit/xla_gpu_device.cc:99] Not creating XLA devices, tf_xla_enable_xla_devices not set
maxFreq at 10nA: 67.0
2021-04-20 20:29:55.027809: I tensorflow/compiler/jit/xla_gpu_device.cc:99] Not creating XLA devices, tf_xla_enable_xla_devices not set
2021-04-20 20:30:07.671721: I tensorflow/compiler/jit/xla_gpu_device.cc:99] Not creating XLA devices, tf_xla_enable_xla_devices not set
mse and spike frequency: 0.01084 3.84
[32m[I 2021-04-20 20:30:19,716][0m Trial 68 finished with values: [0.01084, 3.84] with parameters: {'Vahp': -42.0, 'Vth': -29.0, 'Vmax': 36.5, 't_ref': 13.5, 'R': 0.6, 'tau_m': 94.5, 'rate_low': 3.0, 'rate_high': 5.0}.[0m
2021-04-20 20:30:20.195368: I tensorflow/compiler/jit/xla_gpu_device.cc:99] Not creating XLA devices, tf_xla_enable_xla_devices not set
maxFreq at 10nA: 142.0
2021-04-20 20:30:45.365410: I tensorflow/compiler/jit/xla_gpu_device.cc:99] Not creating XLA devices, tf_xla_enable_xla_devices not set
2021-04-20 20:30:57.845539: I tensorflow/compiler/jit/xla_gpu_device.cc:99] Not creating XLA devices, tf_xla_enable_xla_devices not set
mse and spike frequency: 0.03748 2.92
[32m[I 2021-04-20 20:31:10,118][0m Trial 69 finished with values: [0.03748, 2.92] with parameters: {'Vahp': -39.0, 'Vth': -24.5, 'Vmax': 24.5, 't_ref': 3.0, 'R': 0.2, 'tau_m': 450.5, 'rate_low': 12.5, 'rate_high': 34.0}.[0m
2021-04-20 20:31:10.585992: I tensorflow/compiler/jit/xla_gpu_device.cc:99] Not creating XLA devices, tf_xla_enable_xla_devices not set
maxFreq at 10nA: 998.0
2021-04-20 20:31:35.590070: I tensorflow/compiler/jit/xla_gpu_device.cc:99] Not creating XLA devices, tf_xla_enable_xla_devices not set
2021-04-20 20:31:48.659125: I tensorflow/compiler/jit/xla_gpu_device.cc:99] Not creating XLA devices, tf_xla_enable_xla_devices not set
mse and spike frequency: 0.09995 0.0
[32m[I 2021-04-20 20:32:01,365][0m Trial 70 finished with values: [0.09995, 0.0] with parameters: {'Vahp': -25.5, 'Vth': -43.0, 'Vmax': 34.0, 't_ref': 7.5, 'R': 0.30000000000000004, 'tau_m': 496.0, 'rate_low': 40.0, 'rate_high': 42.0}.[0m
2021-04-20 20:32:01.840664: I tensorflow/compiler/jit/xla_gpu_device.cc:99] Not creating XLA devices, tf_xla_enable_xla_devices not set
maxFreq at 10nA: 334.0
2021-04-20 20:32:27.077774: I tensorflow/compiler/jit/xla_gpu_device.cc:99] Not creating XLA devices, tf_xla_enable_xla_devices not set
2021-04-20 20:32:40.957282: I tensorflow/compiler/jit/xla_gpu_device.cc:99] Not creating XLA devices, tf_xla_enable_xla_devices not set
mse and spike frequency: 0.00351 88.28
[32m[I 2021-04-20 20:32:53,635][0m Trial 71 finished with values: [0.00351, 88.28] with parameters: {'Vahp': -46.5, 'Vth': -25.5, 'Vmax': 33.0, 't_ref': 2.0, 'R': 0.7000000000000001, 'tau_m': 24.0, 'rate_low': 17.5, 'rate_high': 41.0}.[0m
2021-04-20 20:32:54.125211: I tensorflow/compiler/jit/xla_gpu_device.cc:99] Not creating XLA devices, tf_xla_enable_xla_devices not set
maxFreq at 10nA: 1000.0
2021-04-20 20:33:19.332012: I tensorflow/compiler/jit/xla_gpu_device.cc:99] Not creating XLA devices, tf_xla_enable_xla_devices not set
2021-04-20 20:33:33.773868: I tensorflow/compiler/jit/xla_gpu_device.cc:99] Not creating XLA devices, tf_xla_enable_xla_devices not set
mse and spike frequency: 0.09995 0.0
[32m[I 2021-04-20 20:33:46,760][0m Trial 72 finished with values: [0.09995, 0.0] with parameters: {'Vahp': -44.0, 'Vth': -49.5, 'Vmax': 35.0, 't_ref': 10.5, 'R': 0.30000000000000004, 'tau_m': 3.5, 'rate_low': 20.0, 'rate_high': 21.5}.[0m
2021-04-20 20:33:47.252273: I tensorflow/compiler/jit/xla_gpu_device.cc:99] Not creating XLA devices, tf_xla_enable_xla_devices not set
maxFreq at 10nA: 200.0
2021-04-20 20:34:13.072148: I tensorflow/compiler/jit/xla_gpu_device.cc:99] Not creating XLA devices, tf_xla_enable_xla_devices not set
2021-04-20 20:34:27.567410: I tensorflow/compiler/jit/xla_gpu_device.cc:99] Not creating XLA devices, tf_xla_enable_xla_devices not set
mse and spike frequency: 0.00712 4.07
[32m[I 2021-04-20 20:34:40,765][0m Trial 73 finished with values: [0.00712, 4.07] with parameters: {'Vahp': -47.0, 'Vth': -29.0, 'Vmax': 38.0, 't_ref': 2.5, 'R': 0.5, 'tau_m': 405.0, 'rate_low': 3.0, 'rate_high': 35.0}.[0m
2021-04-20 20:34:41.272914: I tensorflow/compiler/jit/xla_gpu_device.cc:99] Not creating XLA devices, tf_xla_enable_xla_devices not set
maxFreq at 10nA: 998.0
2021-04-20 20:35:07.151240: I tensorflow/compiler/jit/xla_gpu_device.cc:99] Not creating XLA devices, tf_xla_enable_xla_devices not set
2021-04-20 20:35:21.800807: I tensorflow/compiler/jit/xla_gpu_device.cc:99] Not creating XLA devices, tf_xla_enable_xla_devices not set
mse and spike frequency: 0.09995 0.0
[32m[I 2021-04-20 20:35:34,671][0m Trial 74 finished with values: [0.09995, 0.0] with parameters: {'Vahp': -39.0, 'Vth': -41.5, 'Vmax': 36.5, 't_ref': 19.0, 'R': 0.2, 'tau_m': 236.0, 'rate_low': 12.5, 'rate_high': 18.0}.[0m
2021-04-20 20:35:35.236107: I tensorflow/compiler/jit/xla_gpu_device.cc:99] Not creating XLA devices, tf_xla_enable_xla_devices not set
maxFreq at 10nA: 1000.0
2021-04-20 20:36:00.934971: I tensorflow/compiler/jit/xla_gpu_device.cc:99] Not creating XLA devices, tf_xla_enable_xla_devices not set
2021-04-20 20:36:15.634150: I tensorflow/compiler/jit/xla_gpu_device.cc:99] Not creating XLA devices, tf_xla_enable_xla_devices not set
mse and spike frequency: 0.09995 0.0
[32m[I 2021-04-20 20:36:28,532][0m Trial 75 finished with values: [0.09995, 0.0] with parameters: {'Vahp': -36.0, 'Vth': -50.5, 'Vmax': 34.0, 't_ref': 2.5, 'R': 0.8, 'tau_m': 88.5, 'rate_low': 46.0, 'rate_high': 46.0}.[0m
2021-04-20 20:36:29.059683: I tensorflow/compiler/jit/xla_gpu_device.cc:99] Not creating XLA devices, tf_xla_enable_xla_devices not set
maxFreq at 10nA: 100.0
2021-04-20 20:36:54.725425: I tensorflow/compiler/jit/xla_gpu_device.cc:99] Not creating XLA devices, tf_xla_enable_xla_devices not set
2021-04-20 20:37:08.929308: I tensorflow/compiler/jit/xla_gpu_device.cc:99] Not creating XLA devices, tf_xla_enable_xla_devices not set
mse and spike frequency: 0.00324 10.63
[32m[I 2021-04-20 20:37:21,833][0m Trial 76 finished with values: [0.00324, 10.63] with parameters: {'Vahp': -43.5, 'Vth': -30.0, 'Vmax': 16.5, 't_ref': 7.5, 'R': 0.4, 'tau_m': 482.0, 'rate_low': 29.0, 'rate_high': 30.0}.[0m
2021-04-20 20:37:22.399271: I tensorflow/compiler/jit/xla_gpu_device.cc:99] Not creating XLA devices, tf_xla_enable_xla_devices not set
maxFreq at 10nA: 1000.0
2021-04-20 20:37:48.119119: I tensorflow/compiler/jit/xla_gpu_device.cc:99] Not creating XLA devices, tf_xla_enable_xla_devices not set
2021-04-20 20:38:02.650379: I tensorflow/compiler/jit/xla_gpu_device.cc:99] Not creating XLA devices, tf_xla_enable_xla_devices not set
mse and spike frequency: 0.09995 0.0
[32m[I 2021-04-20 20:38:15,480][0m Trial 77 finished with values: [0.09995, 0.0] with parameters: {'Vahp': -21.5, 'Vth': -50.0, 'Vmax': 16.5, 't_ref': 0.5, 'R': 0.9, 'tau_m': 482.0, 'rate_low': 11.5, 'rate_high': 43.5}.[0m
2021-04-20 20:38:16.148121: I tensorflow/compiler/jit/xla_gpu_device.cc:99] Not creating XLA devices, tf_xla_enable_xla_devices not set
maxFreq at 10nA: 1000.0
2021-04-20 20:38:42.075324: I tensorflow/compiler/jit/xla_gpu_device.cc:99] Not creating XLA devices, tf_xla_enable_xla_devices not set
2021-04-20 20:38:56.673256: I tensorflow/compiler/jit/xla_gpu_device.cc:99] Not creating XLA devices, tf_xla_enable_xla_devices not set
mse and spike frequency: 0.09995 0.0
[32m[I 2021-04-20 20:39:09,661][0m Trial 78 finished with values: [0.09995, 0.0] with parameters: {'Vahp': -38.5, 'Vth': -53.0, 'Vmax': 24.0, 't_ref': 13.5, 'R': 0.9, 'tau_m': 33.5, 'rate_low': 47.0, 'rate_high': 48.0}.[0m
2021-04-20 20:39:10.182965: I tensorflow/compiler/jit/xla_gpu_device.cc:99] Not creating XLA devices, tf_xla_enable_xla_devices not set
maxFreq at 10nA: 998.0
2021-04-20 20:39:36.160715: I tensorflow/compiler/jit/xla_gpu_device.cc:99] Not creating XLA devices, tf_xla_enable_xla_devices not set
2021-04-20 20:39:50.944681: I tensorflow/compiler/jit/xla_gpu_device.cc:99] Not creating XLA devices, tf_xla_enable_xla_devices not set
mse and spike frequency: 0.09995 0.0
[32m[I 2021-04-20 20:40:04,199][0m Trial 79 finished with values: [0.09995, 0.0] with parameters: {'Vahp': -23.5, 'Vth': -41.5, 'Vmax': 34.0, 't_ref': 9.5, 'R': 0.30000000000000004, 'tau_m': 496.0, 'rate_low': 33.0, 'rate_high': 37.5}.[0m
2021-04-20 20:40:04.730499: I tensorflow/compiler/jit/xla_gpu_device.cc:99] Not creating XLA devices, tf_xla_enable_xla_devices not set
maxFreq at 10nA: 200.0
2021-04-20 20:40:30.438474: I tensorflow/compiler/jit/xla_gpu_device.cc:99] Not creating XLA devices, tf_xla_enable_xla_devices not set
2021-04-20 20:40:45.145581: I tensorflow/compiler/jit/xla_gpu_device.cc:99] Not creating XLA devices, tf_xla_enable_xla_devices not set
mse and spike frequency: 0.00236 17.66
[32m[I 2021-04-20 20:40:58,599][0m Trial 80 finished with values: [0.00236, 17.66] with parameters: {'Vahp': -53.0, 'Vth': -48.5, 'Vmax': 40.0, 't_ref': 4.0, 'R': 0.30000000000000004, 'tau_m': 232.5, 'rate_low': 13.0, 'rate_high': 34.5}.[0m
2021-04-20 20:40:59.116246: I tensorflow/compiler/jit/xla_gpu_device.cc:99] Not creating XLA devices, tf_xla_enable_xla_devices not set
maxFreq at 10nA: 1000.0
2021-04-20 20:41:25.132753: I tensorflow/compiler/jit/xla_gpu_device.cc:99] Not creating XLA devices, tf_xla_enable_xla_devices not set
2021-04-20 20:41:39.649970: I tensorflow/compiler/jit/xla_gpu_device.cc:99] Not creating XLA devices, tf_xla_enable_xla_devices not set
mse and spike frequency: 0.09995 0.0
[32m[I 2021-04-20 20:41:53,118][0m Trial 81 finished with values: [0.09995, 0.0] with parameters: {'Vahp': -46.5, 'Vth': -50.5, 'Vmax': 15.0, 't_ref': 16.0, 'R': 0.9, 'tau_m': 24.0, 'rate_low': 12.5, 'rate_high': 18.0}.[0m
2021-04-20 20:41:53.614285: I tensorflow/compiler/jit/xla_gpu_device.cc:99] Not creating XLA devices, tf_xla_enable_xla_devices not set
maxFreq at 10nA: 1000.0
2021-04-20 20:42:19.991081: I tensorflow/compiler/jit/xla_gpu_device.cc:99] Not creating XLA devices, tf_xla_enable_xla_devices not set
2021-04-20 20:42:34.310000: I tensorflow/compiler/jit/xla_gpu_device.cc:99] Not creating XLA devices, tf_xla_enable_xla_devices not set
mse and spike frequency: 0.09995 0.0
[32m[I 2021-04-20 20:42:47,625][0m Trial 82 finished with values: [0.09995, 0.0] with parameters: {'Vahp': -44.0, 'Vth': -55.0, 'Vmax': 16.5, 't_ref': 10.5, 'R': 0.30000000000000004, 'tau_m': 3.5, 'rate_low': 23.5, 'rate_high': 33.0}.[0m
2021-04-20 20:42:48.127151: I tensorflow/compiler/jit/xla_gpu_device.cc:99] Not creating XLA devices, tf_xla_enable_xla_devices not set
maxFreq at 10nA: 84.0
2021-04-20 20:43:14.233360: I tensorflow/compiler/jit/xla_gpu_device.cc:99] Not creating XLA devices, tf_xla_enable_xla_devices not set
2021-04-20 20:43:29.217114: I tensorflow/compiler/jit/xla_gpu_device.cc:99] Not creating XLA devices, tf_xla_enable_xla_devices not set
mse and spike frequency: 0.09995 0.0
[32m[I 2021-04-20 20:43:42,892][0m Trial 83 finished with values: [0.09995, 0.0] with parameters: {'Vahp': -44.0, 'Vth': -24.5, 'Vmax': 24.5, 't_ref': 10.5, 'R': 0.9, 'tau_m': 3.5, 'rate_low': 20.0, 'rate_high': 21.5}.[0m
2021-04-20 20:43:43.417331: I tensorflow/compiler/jit/xla_gpu_device.cc:99] Not creating XLA devices, tf_xla_enable_xla_devices not set
maxFreq at 10nA: 48.0
2021-04-20 20:44:10.066217: I tensorflow/compiler/jit/xla_gpu_device.cc:99] Not creating XLA devices, tf_xla_enable_xla_devices not set
2021-04-20 20:44:25.221560: I tensorflow/compiler/jit/xla_gpu_device.cc:99] Not creating XLA devices, tf_xla_enable_xla_devices not set
mse and spike frequency: 0.01261 4.23
[32m[I 2021-04-20 20:44:39,902][0m Trial 84 finished with values: [0.01261, 4.23] with parameters: {'Vahp': -59.0, 'Vth': -42.5, 'Vmax': 30.5, 't_ref': 13.0, 'R': 0.1, 'tau_m': 470.0, 'rate_low': 43.0, 'rate_high': 47.5}.[0m
2021-04-20 20:44:40.419921: I tensorflow/compiler/jit/xla_gpu_device.cc:99] Not creating XLA devices, tf_xla_enable_xla_devices not set
maxFreq at 10nA: 1000.0
2021-04-20 20:45:07.659797: I tensorflow/compiler/jit/xla_gpu_device.cc:99] Not creating XLA devices, tf_xla_enable_xla_devices not set
2021-04-20 20:45:22.630951: I tensorflow/compiler/jit/xla_gpu_device.cc:99] Not creating XLA devices, tf_xla_enable_xla_devices not set
mse and spike frequency: 0.09995 0.0
[32m[I 2021-04-20 20:45:37,827][0m Trial 85 finished with values: [0.09995, 0.0] with parameters: {'Vahp': -37.0, 'Vth': -49.5, 'Vmax': 17.5, 't_ref': 20.0, 'R': 0.30000000000000004, 'tau_m': 166.5, 'rate_low': 50.0, 'rate_high': 50.0}.[0m
2021-04-20 20:45:38.408549: I tensorflow/compiler/jit/xla_gpu_device.cc:99] Not creating XLA devices, tf_xla_enable_xla_devices not set
maxFreq at 10nA: 72.0
2021-04-20 20:46:05.360521: I tensorflow/compiler/jit/xla_gpu_device.cc:99] Not creating XLA devices, tf_xla_enable_xla_devices not set
2021-04-20 20:46:20.352182: I tensorflow/compiler/jit/xla_gpu_device.cc:99] Not creating XLA devices, tf_xla_enable_xla_devices not set
mse and spike frequency: 0.02108 11.81
[32m[I 2021-04-20 20:46:36,115][0m Trial 86 finished with values: [0.02108, 11.81] with parameters: {'Vahp': -37.0, 'Vth': -35.5, 'Vmax': 23.5, 't_ref': 12.5, 'R': 0.6, 'tau_m': 406.0, 'rate_low': 6.5, 'rate_high': 28.0}.[0m
2021-04-20 20:46:36.728907: I tensorflow/compiler/jit/xla_gpu_device.cc:99] Not creating XLA devices, tf_xla_enable_xla_devices not set
maxFreq at 10nA: 1000.0
2021-04-20 20:47:03.875285: I tensorflow/compiler/jit/xla_gpu_device.cc:99] Not creating XLA devices, tf_xla_enable_xla_devices not set
2021-04-20 20:47:19.097065: I tensorflow/compiler/jit/xla_gpu_device.cc:99] Not creating XLA devices, tf_xla_enable_xla_devices not set
mse and spike frequency: 0.09995 0.0
[32m[I 2021-04-20 20:47:34,469][0m Trial 87 finished with values: [0.09995, 0.0] with parameters: {'Vahp': -48.0, 'Vth': -57.0, 'Vmax': 16.5, 't_ref': 12.0, 'R': 0.9, 'tau_m': 496.0, 'rate_low': 33.0, 'rate_high': 34.0}.[0m
2021-04-20 20:47:35.157959: I tensorflow/compiler/jit/xla_gpu_device.cc:99] Not creating XLA devices, tf_xla_enable_xla_devices not set
maxFreq at 10nA: 1000.0
2021-04-20 20:48:01.703262: I tensorflow/compiler/jit/xla_gpu_device.cc:99] Not creating XLA devices, tf_xla_enable_xla_devices not set
2021-04-20 20:48:16.712770: I tensorflow/compiler/jit/xla_gpu_device.cc:99] Not creating XLA devices, tf_xla_enable_xla_devices not set
mse and spike frequency: 0.09995 0.0
[32m[I 2021-04-20 20:48:31,799][0m Trial 88 finished with values: [0.09995, 0.0] with parameters: {'Vahp': -39.5, 'Vth': -53.0, 'Vmax': 20.5, 't_ref': 5.0, 'R': 1.0, 'tau_m': 274.0, 'rate_low': 46.5, 'rate_high': 49.0}.[0m
2021-04-20 20:48:32.514571: I tensorflow/compiler/jit/xla_gpu_device.cc:99] Not creating XLA devices, tf_xla_enable_xla_devices not set
maxFreq at 10nA: 998.0
2021-04-20 20:48:59.739144: I tensorflow/compiler/jit/xla_gpu_device.cc:99] Not creating XLA devices, tf_xla_enable_xla_devices not set
2021-04-20 20:49:15.022636: I tensorflow/compiler/jit/xla_gpu_device.cc:99] Not creating XLA devices, tf_xla_enable_xla_devices not set
mse and spike frequency: 0.09995 0.0
