[32m[I 2021-04-20 20:01:08,621][0m Trial 26 finished with values: [0.09995, 0.0] with parameters: {'Vahp': -47.0, 'Vth': -51.5, 'Vmax': 13.5, 't_ref': 3.5, 'R': 0.9, 'tau_m': 464.0, 'R_adp': 0.1, 'tau_w': 188.0, 'a': 248.5, 'rate_low': 7.5, 'rate_high': 12.0}.[0m
2021-04-20 20:01:09.054824: I tensorflow/compiler/jit/xla_gpu_device.cc:99] Not creating XLA devices, tf_xla_enable_xla_devices not set
maxFreq at 10nA: 1000.0
2021-04-20 20:01:29.917659: I tensorflow/compiler/jit/xla_gpu_device.cc:99] Not creating XLA devices, tf_xla_enable_xla_devices not set
2021-04-20 20:01:38.970114: I tensorflow/compiler/jit/xla_gpu_device.cc:99] Not creating XLA devices, tf_xla_enable_xla_devices not set
mse and spike frequency: 0.09996 1000.1
[32m[I 2021-04-20 20:01:47,190][0m Trial 27 finished with values: [0.09996, 1000.1] with parameters: {'Vahp': -44.0, 'Vth': -60.0, 'Vmax': 34.0, 't_ref': 17.5, 'R': 0.2, 'tau_m': 336.0, 'R_adp': 0.9, 'tau_w': 304.5, 'a': 94.5, 'rate_low': 9.0, 'rate_high': 20.0}.[0m
2021-04-20 20:01:47.594364: I tensorflow/compiler/jit/xla_gpu_device.cc:99] Not creating XLA devices, tf_xla_enable_xla_devices not set
maxFreq at 10nA: 48.0
2021-04-20 20:02:08.319108: I tensorflow/compiler/jit/xla_gpu_device.cc:99] Not creating XLA devices, tf_xla_enable_xla_devices not set
2021-04-20 20:02:17.500647: I tensorflow/compiler/jit/xla_gpu_device.cc:99] Not creating XLA devices, tf_xla_enable_xla_devices not set
mse and spike frequency: 0.11763 1.43
[32m[I 2021-04-20 20:02:25,836][0m Trial 28 finished with values: [0.11763, 1.43] with parameters: {'Vahp': -38.0, 'Vth': -32.5, 'Vmax': 28.0, 't_ref': 19.0, 'R': 0.4, 'tau_m': 383.0, 'R_adp': 0.8, 'tau_w': 263.0, 'a': 321.5, 'rate_low': 7.5, 'rate_high': 37.5}.[0m
2021-04-20 20:02:26.232306: I tensorflow/compiler/jit/xla_gpu_device.cc:99] Not creating XLA devices, tf_xla_enable_xla_devices not set
maxFreq at 10nA: 59.0
2021-04-20 20:02:46.922901: I tensorflow/compiler/jit/xla_gpu_device.cc:99] Not creating XLA devices, tf_xla_enable_xla_devices not set
2021-04-20 20:02:56.195207: I tensorflow/compiler/jit/xla_gpu_device.cc:99] Not creating XLA devices, tf_xla_enable_xla_devices not set
mse and spike frequency: 0.3648 6.92
[32m[I 2021-04-20 20:03:04,824][0m Trial 29 finished with values: [0.3648, 6.92] with parameters: {'Vahp': -24.5, 'Vth': -23.5, 'Vmax': 24.5, 't_ref': 15.5, 'R': 0.7000000000000001, 'tau_m': 223.0, 'R_adp': 0.4, 'tau_w': 177.5, 'a': 433.5, 'rate_low': 19.5, 'rate_high': 36.5}.[0m
2021-04-20 20:03:05.233290: I tensorflow/compiler/jit/xla_gpu_device.cc:99] Not creating XLA devices, tf_xla_enable_xla_devices not set
maxFreq at 10nA: 112.0
2021-04-20 20:03:25.854118: I tensorflow/compiler/jit/xla_gpu_device.cc:99] Not creating XLA devices, tf_xla_enable_xla_devices not set
2021-04-20 20:03:35.529988: I tensorflow/compiler/jit/xla_gpu_device.cc:99] Not creating XLA devices, tf_xla_enable_xla_devices not set
mse and spike frequency: 0.00869 19.64
[32m[I 2021-04-20 20:03:44,032][0m Trial 30 finished with values: [0.00869, 19.64] with parameters: {'Vahp': -26.5, 'Vth': -24.5, 'Vmax': 18.0, 't_ref': 7.5, 'R': 0.8, 'tau_m': 11.5, 'R_adp': 1.0, 'tau_w': 35.5, 'a': 179.0, 'rate_low': 11.0, 'rate_high': 45.5}.[0m
2021-04-20 20:03:44.436481: I tensorflow/compiler/jit/xla_gpu_device.cc:99] Not creating XLA devices, tf_xla_enable_xla_devices not set
maxFreq at 10nA: 77.0
2021-04-20 20:04:04.795510: I tensorflow/compiler/jit/xla_gpu_device.cc:99] Not creating XLA devices, tf_xla_enable_xla_devices not set
2021-04-20 20:04:14.588423: I tensorflow/compiler/jit/xla_gpu_device.cc:99] Not creating XLA devices, tf_xla_enable_xla_devices not set
mse and spike frequency: 0.21965 8.68
[32m[I 2021-04-20 20:04:23,334][0m Trial 31 finished with values: [0.21965, 8.68] with parameters: {'Vahp': -27.5, 'Vth': -23.5, 'Vmax': 27.0, 't_ref': 12.0, 'R': 1.0, 'tau_m': 141.5, 'R_adp': 0.5, 'tau_w': 298.5, 'a': 397.0, 'rate_low': 26.5, 'rate_high': 39.0}.[0m
2021-04-20 20:04:23.719452: I tensorflow/compiler/jit/xla_gpu_device.cc:99] Not creating XLA devices, tf_xla_enable_xla_devices not set
maxFreq at 10nA: 1000.0
2021-04-20 20:04:45.021014: I tensorflow/compiler/jit/xla_gpu_device.cc:99] Not creating XLA devices, tf_xla_enable_xla_devices not set
2021-04-20 20:04:54.560607: I tensorflow/compiler/jit/xla_gpu_device.cc:99] Not creating XLA devices, tf_xla_enable_xla_devices not set
mse and spike frequency: 0.09995 0.0
[32m[I 2021-04-20 20:05:03,373][0m Trial 32 finished with values: [0.09995, 0.0] with parameters: {'Vahp': -28.0, 'Vth': -52.0, 'Vmax': 11.0, 't_ref': 4.0, 'R': 0.4, 'tau_m': 231.0, 'R_adp': 0.30000000000000004, 'tau_w': 98.0, 'a': 60.5, 'rate_low': 22.0, 'rate_high': 44.0}.[0m
2021-04-20 20:05:03.779324: I tensorflow/compiler/jit/xla_gpu_device.cc:99] Not creating XLA devices, tf_xla_enable_xla_devices not set
maxFreq at 10nA: 152.0
2021-04-20 20:05:24.454567: I tensorflow/compiler/jit/xla_gpu_device.cc:99] Not creating XLA devices, tf_xla_enable_xla_devices not set
2021-04-20 20:05:34.201456: I tensorflow/compiler/jit/xla_gpu_device.cc:99] Not creating XLA devices, tf_xla_enable_xla_devices not set
mse and spike frequency: 0.98573 8.01
[32m[I 2021-04-20 20:05:43,068][0m Trial 33 finished with values: [0.98573, 8.01] with parameters: {'Vahp': -50.0, 'Vth': -43.0, 'Vmax': 21.0, 't_ref': 5.0, 'R': 1.0, 'tau_m': 409.0, 'R_adp': 0.9, 'tau_w': 389.5, 'a': 183.0, 'rate_low': 11.5, 'rate_high': 15.5}.[0m
2021-04-20 20:05:43.470067: I tensorflow/compiler/jit/xla_gpu_device.cc:99] Not creating XLA devices, tf_xla_enable_xla_devices not set
maxFreq at 10nA: 999.0
2021-04-20 20:06:05.009248: I tensorflow/compiler/jit/xla_gpu_device.cc:99] Not creating XLA devices, tf_xla_enable_xla_devices not set
2021-04-20 20:06:14.906900: I tensorflow/compiler/jit/xla_gpu_device.cc:99] Not creating XLA devices, tf_xla_enable_xla_devices not set
mse and spike frequency: 0.09995 0.0
[32m[I 2021-04-20 20:06:23,711][0m Trial 34 finished with values: [0.09995, 0.0] with parameters: {'Vahp': -25.0, 'Vth': -43.0, 'Vmax': 32.5, 't_ref': 9.0, 'R': 0.30000000000000004, 'tau_m': 219.5, 'R_adp': 0.4, 'tau_w': 309.5, 'a': 45.0, 'rate_low': 37.5, 'rate_high': 47.5}.[0m
2021-04-20 20:06:24.131086: I tensorflow/compiler/jit/xla_gpu_device.cc:99] Not creating XLA devices, tf_xla_enable_xla_devices not set
maxFreq at 10nA: 220.0
2021-04-20 20:06:45.625326: I tensorflow/compiler/jit/xla_gpu_device.cc:99] Not creating XLA devices, tf_xla_enable_xla_devices not set
2021-04-20 20:06:55.432053: I tensorflow/compiler/jit/xla_gpu_device.cc:99] Not creating XLA devices, tf_xla_enable_xla_devices not set
mse and spike frequency: 0.19691 6.99
[32m[I 2021-04-20 20:07:04,495][0m Trial 35 finished with values: [0.19691, 6.99] with parameters: {'Vahp': -43.5, 'Vth': -39.5, 'Vmax': 33.5, 't_ref': 3.0, 'R': 0.4, 'tau_m': 463.0, 'R_adp': 0.5, 'tau_w': 384.5, 'a': 67.5, 'rate_low': 21.5, 'rate_high': 24.5}.[0m
2021-04-20 20:07:04.890375: I tensorflow/compiler/jit/xla_gpu_device.cc:99] Not creating XLA devices, tf_xla_enable_xla_devices not set
maxFreq at 10nA: 77.0
2021-04-20 20:07:27.228062: I tensorflow/compiler/jit/xla_gpu_device.cc:99] Not creating XLA devices, tf_xla_enable_xla_devices not set
2021-04-20 20:07:37.122139: I tensorflow/compiler/jit/xla_gpu_device.cc:99] Not creating XLA devices, tf_xla_enable_xla_devices not set
mse and spike frequency: 0.02608 4.81
[32m[I 2021-04-20 20:07:45,774][0m Trial 36 finished with values: [0.02608, 4.81] with parameters: {'Vahp': -44.5, 'Vth': -31.5, 'Vmax': 35.5, 't_ref': 11.5, 'R': 0.9, 'tau_m': 415.5, 'R_adp': 0.7000000000000001, 'tau_w': 234.0, 'a': 143.5, 'rate_low': 12.5, 'rate_high': 26.0}.[0m
2021-04-20 20:07:46.210206: I tensorflow/compiler/jit/xla_gpu_device.cc:99] Not creating XLA devices, tf_xla_enable_xla_devices not set
maxFreq at 10nA: 44.0
2021-04-20 20:08:07.620065: I tensorflow/compiler/jit/xla_gpu_device.cc:99] Not creating XLA devices, tf_xla_enable_xla_devices not set
2021-04-20 20:08:18.022168: I tensorflow/compiler/jit/xla_gpu_device.cc:99] Not creating XLA devices, tf_xla_enable_xla_devices not set
mse and spike frequency: 0.01464 2.57
[32m[I 2021-04-20 20:08:26,887][0m Trial 37 finished with values: [0.01464, 2.57] with parameters: {'Vahp': -56.0, 'Vth': -21.0, 'Vmax': 36.5, 't_ref': 19.0, 'R': 0.5, 'tau_m': 444.0, 'R_adp': 0.7000000000000001, 'tau_w': 138.5, 'a': 225.5, 'rate_low': 16.0, 'rate_high': 39.0}.[0m
2021-04-20 20:08:27.313446: I tensorflow/compiler/jit/xla_gpu_device.cc:99] Not creating XLA devices, tf_xla_enable_xla_devices not set
maxFreq at 10nA: 1000.0
2021-04-20 20:08:48.624107: I tensorflow/compiler/jit/xla_gpu_device.cc:99] Not creating XLA devices, tf_xla_enable_xla_devices not set
2021-04-20 20:08:58.969860: I tensorflow/compiler/jit/xla_gpu_device.cc:99] Not creating XLA devices, tf_xla_enable_xla_devices not set
mse and spike frequency: 0.09995 0.0
[32m[I 2021-04-20 20:09:07,923][0m Trial 38 finished with values: [0.09995, 0.0] with parameters: {'Vahp': -21.0, 'Vth': -36.5, 'Vmax': 37.5, 't_ref': 0.5, 'R': 0.9, 'tau_m': 63.0, 'R_adp': 0.4, 'tau_w': 437.5, 'a': 308.5, 'rate_low': 13.0, 'rate_high': 39.0}.[0m
2021-04-20 20:09:08.332145: I tensorflow/compiler/jit/xla_gpu_device.cc:99] Not creating XLA devices, tf_xla_enable_xla_devices not set
maxFreq at 10nA: 84.0
2021-04-20 20:09:29.572897: I tensorflow/compiler/jit/xla_gpu_device.cc:99] Not creating XLA devices, tf_xla_enable_xla_devices not set
2021-04-20 20:09:39.758086: I tensorflow/compiler/jit/xla_gpu_device.cc:99] Not creating XLA devices, tf_xla_enable_xla_devices not set
mse and spike frequency: 0.6802 6.69
[32m[I 2021-04-20 20:09:48,744][0m Trial 39 finished with values: [0.6802, 6.69] with parameters: {'Vahp': -54.5, 'Vth': -51.5, 'Vmax': 37.5, 't_ref': 11.0, 'R': 0.5, 'tau_m': 316.0, 'R_adp': 0.9, 'tau_w': 291.0, 'a': 134.5, 'rate_low': 11.5, 'rate_high': 22.5}.[0m
2021-04-20 20:09:49.161536: I tensorflow/compiler/jit/xla_gpu_device.cc:99] Not creating XLA devices, tf_xla_enable_xla_devices not set
maxFreq at 10nA: 995.0
2021-04-20 20:10:10.617125: I tensorflow/compiler/jit/xla_gpu_device.cc:99] Not creating XLA devices, tf_xla_enable_xla_devices not set
2021-04-20 20:10:20.861229: I tensorflow/compiler/jit/xla_gpu_device.cc:99] Not creating XLA devices, tf_xla_enable_xla_devices not set
mse and spike frequency: 0.09995 0.0
[32m[I 2021-04-20 20:10:29,997][0m Trial 40 finished with values: [0.09995, 0.0] with parameters: {'Vahp': -28.0, 'Vth': -29.5, 'Vmax': 17.5, 't_ref': 18.0, 'R': 0.1, 'tau_m': 185.0, 'R_adp': 0.8, 'tau_w': 102.0, 'a': 207.0, 'rate_low': 20.0, 'rate_high': 22.5}.[0m
2021-04-20 20:10:30.419345: I tensorflow/compiler/jit/xla_gpu_device.cc:99] Not creating XLA devices, tf_xla_enable_xla_devices not set
maxFreq at 10nA: 1000.0
2021-04-20 20:10:52.222797: I tensorflow/compiler/jit/xla_gpu_device.cc:99] Not creating XLA devices, tf_xla_enable_xla_devices not set
2021-04-20 20:11:02.344933: I tensorflow/compiler/jit/xla_gpu_device.cc:99] Not creating XLA devices, tf_xla_enable_xla_devices not set
mse and spike frequency: 0.09995 0.0
[32m[I 2021-04-20 20:11:11,461][0m Trial 41 finished with values: [0.09995, 0.0] with parameters: {'Vahp': -51.0, 'Vth': -54.5, 'Vmax': 14.0, 't_ref': 12.5, 'R': 0.6, 'tau_m': 214.0, 'R_adp': 0.2, 'tau_w': 277.5, 'a': 298.0, 'rate_low': 36.5, 'rate_high': 44.0}.[0m
2021-04-20 20:11:11.888871: I tensorflow/compiler/jit/xla_gpu_device.cc:99] Not creating XLA devices, tf_xla_enable_xla_devices not set
maxFreq at 10nA: 100.0
2021-04-20 20:11:34.055653: I tensorflow/compiler/jit/xla_gpu_device.cc:99] Not creating XLA devices, tf_xla_enable_xla_devices not set
2021-04-20 20:11:44.389527: I tensorflow/compiler/jit/xla_gpu_device.cc:99] Not creating XLA devices, tf_xla_enable_xla_devices not set
mse and spike frequency: 0.18293 11.19
[32m[I 2021-04-20 20:11:53,742][0m Trial 42 finished with values: [0.18293, 11.19] with parameters: {'Vahp': -56.0, 'Vth': -23.0, 'Vmax': 30.5, 't_ref': 8.5, 'R': 0.8, 'tau_m': 32.5, 'R_adp': 0.6, 'tau_w': 473.0, 'a': 229.0, 'rate_low': 41.0, 'rate_high': 43.5}.[0m
2021-04-20 20:11:54.195669: I tensorflow/compiler/jit/xla_gpu_device.cc:99] Not creating XLA devices, tf_xla_enable_xla_devices not set
maxFreq at 10nA: 67.0
2021-04-20 20:12:16.493664: I tensorflow/compiler/jit/xla_gpu_device.cc:99] Not creating XLA devices, tf_xla_enable_xla_devices not set
2021-04-20 20:12:26.963320: I tensorflow/compiler/jit/xla_gpu_device.cc:99] Not creating XLA devices, tf_xla_enable_xla_devices not set
mse and spike frequency: 0.19845 6.94
[32m[I 2021-04-20 20:12:36,242][0m Trial 43 finished with values: [0.19845, 6.94] with parameters: {'Vahp': -51.0, 'Vth': -36.5, 'Vmax': 12.0, 't_ref': 13.5, 'R': 0.8, 'tau_m': 344.0, 'R_adp': 0.8, 'tau_w': 332.0, 'a': 175.5, 'rate_low': 35.0, 'rate_high': 50.0}.[0m
2021-04-20 20:12:36.688492: I tensorflow/compiler/jit/xla_gpu_device.cc:99] Not creating XLA devices, tf_xla_enable_xla_devices not set
maxFreq at 10nA: 1000.0
2021-04-20 20:12:58.993361: I tensorflow/compiler/jit/xla_gpu_device.cc:99] Not creating XLA devices, tf_xla_enable_xla_devices not set
2021-04-20 20:13:09.458298: I tensorflow/compiler/jit/xla_gpu_device.cc:99] Not creating XLA devices, tf_xla_enable_xla_devices not set
mse and spike frequency: 0.09995 0.0
[32m[I 2021-04-20 20:13:18,609][0m Trial 44 finished with values: [0.09995, 0.0] with parameters: {'Vahp': -29.5, 'Vth': -36.5, 'Vmax': 19.0, 't_ref': 9.5, 'R': 0.5, 'tau_m': 84.0, 'R_adp': 0.30000000000000004, 'tau_w': 319.5, 'a': 67.0, 'rate_low': 13.5, 'rate_high': 40.0}.[0m
2021-04-20 20:13:19.013995: I tensorflow/compiler/jit/xla_gpu_device.cc:99] Not creating XLA devices, tf_xla_enable_xla_devices not set
maxFreq at 10nA: 108.0
2021-04-20 20:13:41.511962: I tensorflow/compiler/jit/xla_gpu_device.cc:99] Not creating XLA devices, tf_xla_enable_xla_devices not set
2021-04-20 20:13:52.322206: I tensorflow/compiler/jit/xla_gpu_device.cc:99] Not creating XLA devices, tf_xla_enable_xla_devices not set
mse and spike frequency: 0.09019 2.97
[32m[I 2021-04-20 20:14:01,966][0m Trial 45 finished with values: [0.09019, 2.97] with parameters: {'Vahp': -52.5, 'Vth': -39.0, 'Vmax': 10.0, 't_ref': 3.5, 'R': 0.5, 'tau_m': 213.0, 'R_adp': 0.8, 'tau_w': 183.0, 'a': 318.5, 'rate_low': 12.0, 'rate_high': 37.5}.[0m
2021-04-20 20:14:02.378449: I tensorflow/compiler/jit/xla_gpu_device.cc:99] Not creating XLA devices, tf_xla_enable_xla_devices not set
maxFreq at 10nA: 49.0
2021-04-20 20:14:25.197991: I tensorflow/compiler/jit/xla_gpu_device.cc:99] Not creating XLA devices, tf_xla_enable_xla_devices not set
2021-04-20 20:14:36.406205: I tensorflow/compiler/jit/xla_gpu_device.cc:99] Not creating XLA devices, tf_xla_enable_xla_devices not set
mse and spike frequency: 0.01976 3.28
[32m[I 2021-04-20 20:14:46,414][0m Trial 46 finished with values: [0.01976, 3.28] with parameters: {'Vahp': -55.0, 'Vth': -27.0, 'Vmax': 22.5, 't_ref': 17.5, 'R': 0.7000000000000001, 'tau_m': 417.0, 'R_adp': 0.4, 'tau_w': 162.5, 'a': 409.5, 'rate_low': 17.5, 'rate_high': 22.0}.[0m
2021-04-20 20:14:46.831205: I tensorflow/compiler/jit/xla_gpu_device.cc:99] Not creating XLA devices, tf_xla_enable_xla_devices not set
maxFreq at 10nA: 83.0
2021-04-20 20:15:09.178993: I tensorflow/compiler/jit/xla_gpu_device.cc:99] Not creating XLA devices, tf_xla_enable_xla_devices not set
2021-04-20 20:15:20.535458: I tensorflow/compiler/jit/xla_gpu_device.cc:99] Not creating XLA devices, tf_xla_enable_xla_devices not set
mse and spike frequency: 0.32549 8.25
[32m[I 2021-04-20 20:15:30,501][0m Trial 47 finished with values: [0.32549, 8.25] with parameters: {'Vahp': -46.0, 'Vth': -39.5, 'Vmax': 39.5, 't_ref': 11.0, 'R': 0.7000000000000001, 'tau_m': 319.5, 'R_adp': 0.8, 'tau_w': 319.0, 'a': 247.5, 'rate_low': 34.0, 'rate_high': 36.5}.[0m
2021-04-20 20:15:30.926541: I tensorflow/compiler/jit/xla_gpu_device.cc:99] Not creating XLA devices, tf_xla_enable_xla_devices not set
maxFreq at 10nA: 50.0
2021-04-20 20:15:53.387543: I tensorflow/compiler/jit/xla_gpu_device.cc:99] Not creating XLA devices, tf_xla_enable_xla_devices not set
2021-04-20 20:16:04.582179: I tensorflow/compiler/jit/xla_gpu_device.cc:99] Not creating XLA devices, tf_xla_enable_xla_devices not set
mse and spike frequency: 0.12764 0.83
[32m[I 2021-04-20 20:16:14,680][0m Trial 48 finished with values: [0.12764, 0.83] with parameters: {'Vahp': -23.0, 'Vth': -21.5, 'Vmax': 25.0, 't_ref': 19.0, 'R': 0.4, 'tau_m': 293.0, 'R_adp': 0.8, 'tau_w': 323.0, 'a': 308.5, 'rate_low': 6.5, 'rate_high': 26.0}.[0m
2021-04-20 20:16:15.099983: I tensorflow/compiler/jit/xla_gpu_device.cc:99] Not creating XLA devices, tf_xla_enable_xla_devices not set
maxFreq at 10nA: 67.0
2021-04-20 20:16:37.702952: I tensorflow/compiler/jit/xla_gpu_device.cc:99] Not creating XLA devices, tf_xla_enable_xla_devices not set
2021-04-20 20:16:49.183516: I tensorflow/compiler/jit/xla_gpu_device.cc:99] Not creating XLA devices, tf_xla_enable_xla_devices not set
mse and spike frequency: 0.14161 4.64
[32m[I 2021-04-20 20:16:59,319][0m Trial 49 finished with values: [0.14161, 4.64] with parameters: {'Vahp': -42.5, 'Vth': -31.0, 'Vmax': 17.0, 't_ref': 14.0, 'R': 0.6, 'tau_m': 90.0, 'R_adp': 1.0, 'tau_w': 154.0, 'a': 380.0, 'rate_low': 30.5, 'rate_high': 46.0}.[0m
2021-04-20 20:16:59.765983: I tensorflow/compiler/jit/xla_gpu_device.cc:99] Not creating XLA devices, tf_xla_enable_xla_devices not set
maxFreq at 10nA: 48.0
2021-04-20 20:17:22.471147: I tensorflow/compiler/jit/xla_gpu_device.cc:99] Not creating XLA devices, tf_xla_enable_xla_devices not set
2021-04-20 20:17:34.345712: I tensorflow/compiler/jit/xla_gpu_device.cc:99] Not creating XLA devices, tf_xla_enable_xla_devices not set
mse and spike frequency: 0.05512 1.27
[32m[I 2021-04-20 20:17:44,853][0m Trial 50 finished with values: [0.05512, 1.27] with parameters: {'Vahp': -43.5, 'Vth': -29.5, 'Vmax': 17.5, 't_ref': 17.5, 'R': 0.1, 'tau_m': 123.0, 'R_adp': 0.4, 'tau_w': 102.0, 'a': 207.0, 'rate_low': 20.0, 'rate_high': 22.5}.[0m
2021-04-20 20:17:45.278548: I tensorflow/compiler/jit/xla_gpu_device.cc:99] Not creating XLA devices, tf_xla_enable_xla_devices not set
maxFreq at 10nA: 133.0
2021-04-20 20:18:08.238738: I tensorflow/compiler/jit/xla_gpu_device.cc:99] Not creating XLA devices, tf_xla_enable_xla_devices not set
2021-04-20 20:18:20.289844: I tensorflow/compiler/jit/xla_gpu_device.cc:99] Not creating XLA devices, tf_xla_enable_xla_devices not set
mse and spike frequency: 5.58773 6.82
[32m[I 2021-04-20 20:18:31,603][0m Trial 51 finished with values: [5.58773, 6.82] with parameters: {'Vahp': -39.5, 'Vth': -37.5, 'Vmax': 10.0, 't_ref': 3.5, 'R': 0.5, 'tau_m': 207.0, 'R_adp': 0.7000000000000001, 'tau_w': 183.0, 'a': 318.5, 'rate_low': 12.0, 'rate_high': 37.5}.[0m
2021-04-20 20:18:32.032519: I tensorflow/compiler/jit/xla_gpu_device.cc:99] Not creating XLA devices, tf_xla_enable_xla_devices not set
maxFreq at 10nA: 64.0
2021-04-20 20:18:54.890572: I tensorflow/compiler/jit/xla_gpu_device.cc:99] Not creating XLA devices, tf_xla_enable_xla_devices not set
2021-04-20 20:19:07.534517: I tensorflow/compiler/jit/xla_gpu_device.cc:99] Not creating XLA devices, tf_xla_enable_xla_devices not set
mse and spike frequency: 0.08496 1.28
[32m[I 2021-04-20 20:19:19,105][0m Trial 52 finished with values: [0.08496, 1.28] with parameters: {'Vahp': -49.5, 'Vth': -31.5, 'Vmax': 35.5, 't_ref': 11.5, 'R': 0.6, 'tau_m': 323.5, 'R_adp': 0.7000000000000001, 'tau_w': 234.0, 'a': 473.0, 'rate_low': 9.0, 'rate_high': 26.0}.[0m
2021-04-20 20:19:19.532420: I tensorflow/compiler/jit/xla_gpu_device.cc:99] Not creating XLA devices, tf_xla_enable_xla_devices not set
maxFreq at 10nA: 1000.0
2021-04-20 20:19:42.698003: I tensorflow/compiler/jit/xla_gpu_device.cc:99] Not creating XLA devices, tf_xla_enable_xla_devices not set
2021-04-20 20:19:55.244653: I tensorflow/compiler/jit/xla_gpu_device.cc:99] Not creating XLA devices, tf_xla_enable_xla_devices not set
mse and spike frequency: 0.09995 0.0
[32m[I 2021-04-20 20:20:06,579][0m Trial 53 finished with values: [0.09995, 0.0] with parameters: {'Vahp': -43.5, 'Vth': -57.0, 'Vmax': 12.5, 't_ref': 11.5, 'R': 1.0, 'tau_m': 390.0, 'R_adp': 0.1, 'tau_w': 240.5, 'a': 473.0, 'rate_low': 42.5, 'rate_high': 46.5}.[0m
2021-04-20 20:20:07.057872: I tensorflow/compiler/jit/xla_gpu_device.cc:99] Not creating XLA devices, tf_xla_enable_xla_devices not set
maxFreq at 10nA: 999.0
2021-04-20 20:20:30.477111: I tensorflow/compiler/jit/xla_gpu_device.cc:99] Not creating XLA devices, tf_xla_enable_xla_devices not set
2021-04-20 20:20:42.791492: I tensorflow/compiler/jit/xla_gpu_device.cc:99] Not creating XLA devices, tf_xla_enable_xla_devices not set
mse and spike frequency: 0.09995 0.0
[32m[I 2021-04-20 20:20:53,826][0m Trial 54 finished with values: [0.09995, 0.0] with parameters: {'Vahp': -21.5, 'Vth': -41.5, 'Vmax': 14.0, 't_ref': 5.0, 'R': 0.2, 'tau_m': 138.5, 'R_adp': 0.5, 'tau_w': 179.5, 'a': 374.0, 'rate_low': 49.0, 'rate_high': 50.0}.[0m
2021-04-20 20:20:54.287123: I tensorflow/compiler/jit/xla_gpu_device.cc:99] Not creating XLA devices, tf_xla_enable_xla_devices not set
maxFreq at 10nA: 250.0
2021-04-20 20:21:17.614994: I tensorflow/compiler/jit/xla_gpu_device.cc:99] Not creating XLA devices, tf_xla_enable_xla_devices not set
2021-04-20 20:21:29.536666: I tensorflow/compiler/jit/xla_gpu_device.cc:99] Not creating XLA devices, tf_xla_enable_xla_devices not set
mse and spike frequency: 0.2702 42.51
