[32m[I 2021-04-21 00:38:37,277][0m Trial 244 finished with values: [0.09995, 0.0] with parameters: {'Vahp': -20.5, 'Vth': -57.0, 'Vmax': 10.0, 't_ref': 11.5, 'R': 1.0, 'tau_m': 165.5, 'rate_low': 21.0, 'rate_high': 47.5}.[0m
2021-04-21 00:38:38.182282: I tensorflow/compiler/jit/xla_gpu_device.cc:99] Not creating XLA devices, tf_xla_enable_xla_devices not set
maxFreq at 10nA: 84.0
2021-04-21 00:39:25.607385: I tensorflow/compiler/jit/xla_gpu_device.cc:99] Not creating XLA devices, tf_xla_enable_xla_devices not set
2021-04-21 00:40:03.191157: I tensorflow/compiler/jit/xla_gpu_device.cc:99] Not creating XLA devices, tf_xla_enable_xla_devices not set
mse and spike frequency: 0.00527 27.2
[32m[I 2021-04-21 00:40:38,741][0m Trial 245 finished with values: [0.00527, 27.2] with parameters: {'Vahp': -50.5, 'Vth': -46.0, 'Vmax': 26.5, 't_ref': 11.0, 'R': 0.7000000000000001, 'tau_m': 440.5, 'rate_low': 36.5, 'rate_high': 25.0}.[0m
2021-04-21 00:40:39.721001: I tensorflow/compiler/jit/xla_gpu_device.cc:99] Not creating XLA devices, tf_xla_enable_xla_devices not set
maxFreq at 10nA: 1000.0
2021-04-21 00:41:27.657362: I tensorflow/compiler/jit/xla_gpu_device.cc:99] Not creating XLA devices, tf_xla_enable_xla_devices not set
2021-04-21 00:42:05.489859: I tensorflow/compiler/jit/xla_gpu_device.cc:99] Not creating XLA devices, tf_xla_enable_xla_devices not set
mse and spike frequency: 0.09995 0.0
[32m[I 2021-04-21 00:42:41,371][0m Trial 246 finished with values: [0.09995, 0.0] with parameters: {'Vahp': -28.0, 'Vth': -58.0, 'Vmax': 39.0, 't_ref': 11.0, 'R': 0.9, 'tau_m': 94.0, 'rate_low': 2.0, 'rate_high': 41.5}.[0m
2021-04-21 00:42:42.320121: I tensorflow/compiler/jit/xla_gpu_device.cc:99] Not creating XLA devices, tf_xla_enable_xla_devices not set
maxFreq at 10nA: 1000.0
2021-04-21 00:43:30.839438: I tensorflow/compiler/jit/xla_gpu_device.cc:99] Not creating XLA devices, tf_xla_enable_xla_devices not set
2021-04-21 00:44:09.693133: I tensorflow/compiler/jit/xla_gpu_device.cc:99] Not creating XLA devices, tf_xla_enable_xla_devices not set
mse and spike frequency: 0.09995 0.0
[32m[I 2021-04-21 00:44:45,558][0m Trial 247 finished with values: [0.09995, 0.0] with parameters: {'Vahp': -28.0, 'Vth': -46.0, 'Vmax': 39.5, 't_ref': 8.0, 'R': 0.9, 'tau_m': 94.0, 'rate_low': 1.5, 'rate_high': 41.5}.[0m
2021-04-21 00:44:46.470930: I tensorflow/compiler/jit/xla_gpu_device.cc:99] Not creating XLA devices, tf_xla_enable_xla_devices not set
maxFreq at 10nA: 1000.0
2021-04-21 00:45:35.077965: I tensorflow/compiler/jit/xla_gpu_device.cc:99] Not creating XLA devices, tf_xla_enable_xla_devices not set
2021-04-21 00:46:13.141657: I tensorflow/compiler/jit/xla_gpu_device.cc:99] Not creating XLA devices, tf_xla_enable_xla_devices not set
mse and spike frequency: 0.09995 0.0
[32m[I 2021-04-21 00:46:48,009][0m Trial 248 finished with values: [0.09995, 0.0] with parameters: {'Vahp': -25.0, 'Vth': -52.5, 'Vmax': 18.5, 't_ref': 5.0, 'R': 0.6, 'tau_m': 260.5, 'rate_low': 11.5, 'rate_high': 40.5}.[0m
2021-04-21 00:46:48.966721: I tensorflow/compiler/jit/xla_gpu_device.cc:99] Not creating XLA devices, tf_xla_enable_xla_devices not set
maxFreq at 10nA: 1000.0
2021-04-21 00:47:36.503024: I tensorflow/compiler/jit/xla_gpu_device.cc:99] Not creating XLA devices, tf_xla_enable_xla_devices not set
2021-04-21 00:48:15.538354: I tensorflow/compiler/jit/xla_gpu_device.cc:99] Not creating XLA devices, tf_xla_enable_xla_devices not set
mse and spike frequency: 0.09995 0.0
[32m[I 2021-04-21 00:48:50,714][0m Trial 249 finished with values: [0.09995, 0.0] with parameters: {'Vahp': -35.0, 'Vth': -52.5, 'Vmax': 14.0, 't_ref': 18.5, 'R': 0.1, 'tau_m': 133.5, 'rate_low': 35.0, 'rate_high': 13.0}.[0m
2021-04-21 00:48:51.723860: I tensorflow/compiler/jit/xla_gpu_device.cc:99] Not creating XLA devices, tf_xla_enable_xla_devices not set
maxFreq at 10nA: 1000.0
2021-04-21 00:49:40.379880: I tensorflow/compiler/jit/xla_gpu_device.cc:99] Not creating XLA devices, tf_xla_enable_xla_devices not set
2021-04-21 00:50:18.989362: I tensorflow/compiler/jit/xla_gpu_device.cc:99] Not creating XLA devices, tf_xla_enable_xla_devices not set
mse and spike frequency: 0.09995 0.0
[32m[I 2021-04-21 00:50:55,363][0m Trial 250 finished with values: [0.09995, 0.0] with parameters: {'Vahp': -21.0, 'Vth': -43.0, 'Vmax': 28.0, 't_ref': 8.0, 'R': 0.4, 'tau_m': 106.5, 'rate_low': 6.0, 'rate_high': 48.0}.[0m
2021-04-21 00:50:56.384759: I tensorflow/compiler/jit/xla_gpu_device.cc:99] Not creating XLA devices, tf_xla_enable_xla_devices not set
maxFreq at 10nA: 1000.0
2021-04-21 00:51:44.294079: I tensorflow/compiler/jit/xla_gpu_device.cc:99] Not creating XLA devices, tf_xla_enable_xla_devices not set
2021-04-21 00:52:22.751617: I tensorflow/compiler/jit/xla_gpu_device.cc:99] Not creating XLA devices, tf_xla_enable_xla_devices not set
mse and spike frequency: 0.09995 0.0
[32m[I 2021-04-21 00:53:00,670][0m Trial 251 finished with values: [0.09995, 0.0] with parameters: {'Vahp': -35.0, 'Vth': -54.5, 'Vmax': 36.5, 't_ref': 3.5, 'R': 1.0, 'tau_m': 104.5, 'rate_low': 2.0, 'rate_high': 32.0}.[0m
2021-04-21 00:53:01.615170: I tensorflow/compiler/jit/xla_gpu_device.cc:99] Not creating XLA devices, tf_xla_enable_xla_devices not set
maxFreq at 10nA: 77.0
2021-04-21 00:53:51.661995: I tensorflow/compiler/jit/xla_gpu_device.cc:99] Not creating XLA devices, tf_xla_enable_xla_devices not set
2021-04-21 00:54:30.688489: I tensorflow/compiler/jit/xla_gpu_device.cc:99] Not creating XLA devices, tf_xla_enable_xla_devices not set
mse and spike frequency: 0.00372 4.86
[32m[I 2021-04-21 00:55:07,999][0m Trial 252 finished with values: [0.00372, 4.86] with parameters: {'Vahp': -54.5, 'Vth': -41.5, 'Vmax': 11.0, 't_ref': 11.0, 'R': 0.30000000000000004, 'tau_m': 239.5, 'rate_low': 1.5, 'rate_high': 41.5}.[0m
2021-04-21 00:55:09.004689: I tensorflow/compiler/jit/xla_gpu_device.cc:99] Not creating XLA devices, tf_xla_enable_xla_devices not set
maxFreq at 10nA: 999.0
2021-04-21 00:55:58.566995: I tensorflow/compiler/jit/xla_gpu_device.cc:99] Not creating XLA devices, tf_xla_enable_xla_devices not set
2021-04-21 00:56:37.998560: I tensorflow/compiler/jit/xla_gpu_device.cc:99] Not creating XLA devices, tf_xla_enable_xla_devices not set
mse and spike frequency: 0.09995 0.0
[32m[I 2021-04-21 00:57:14,574][0m Trial 253 finished with values: [0.09995, 0.0] with parameters: {'Vahp': -28.0, 'Vth': -38.0, 'Vmax': 35.0, 't_ref': 1.0, 'R': 0.7000000000000001, 'tau_m': 432.0, 'rate_low': 34.0, 'rate_high': 26.0}.[0m
2021-04-21 00:57:15.597268: I tensorflow/compiler/jit/xla_gpu_device.cc:99] Not creating XLA devices, tf_xla_enable_xla_devices not set
maxFreq at 10nA: 1000.0
2021-04-21 00:58:03.767359: I tensorflow/compiler/jit/xla_gpu_device.cc:99] Not creating XLA devices, tf_xla_enable_xla_devices not set
2021-04-21 00:58:44.074854: I tensorflow/compiler/jit/xla_gpu_device.cc:99] Not creating XLA devices, tf_xla_enable_xla_devices not set
mse and spike frequency: 0.09995 0.0
[32m[I 2021-04-21 00:59:22,188][0m Trial 254 finished with values: [0.09995, 0.0] with parameters: {'Vahp': -20.5, 'Vth': -47.5, 'Vmax': 10.0, 't_ref': 6.0, 'R': 1.0, 'tau_m': 129.5, 'rate_low': 20.0, 'rate_high': 37.0}.[0m
2021-04-21 00:59:23.194247: I tensorflow/compiler/jit/xla_gpu_device.cc:99] Not creating XLA devices, tf_xla_enable_xla_devices not set
maxFreq at 10nA: 50.0
2021-04-21 01:00:13.313437: I tensorflow/compiler/jit/xla_gpu_device.cc:99] Not creating XLA devices, tf_xla_enable_xla_devices not set
2021-04-21 01:00:52.364546: I tensorflow/compiler/jit/xla_gpu_device.cc:99] Not creating XLA devices, tf_xla_enable_xla_devices not set
mse and spike frequency: 0.01024 21.4
[32m[I 2021-04-21 01:01:30,224][0m Trial 255 finished with values: [0.01024, 21.4] with parameters: {'Vahp': -59.0, 'Vth': -52.5, 'Vmax': 24.5, 't_ref': 18.5, 'R': 0.5, 'tau_m': 133.5, 'rate_low': 35.0, 'rate_high': 26.0}.[0m
2021-04-21 01:01:31.259460: I tensorflow/compiler/jit/xla_gpu_device.cc:99] Not creating XLA devices, tf_xla_enable_xla_devices not set
maxFreq at 10nA: 998.0
2021-04-21 01:02:20.331729: I tensorflow/compiler/jit/xla_gpu_device.cc:99] Not creating XLA devices, tf_xla_enable_xla_devices not set
2021-04-21 01:03:00.386301: I tensorflow/compiler/jit/xla_gpu_device.cc:99] Not creating XLA devices, tf_xla_enable_xla_devices not set
mse and spike frequency: 0.09995 0.0
[32m[I 2021-04-21 01:03:39,189][0m Trial 256 finished with values: [0.09995, 0.0] with parameters: {'Vahp': -31.0, 'Vth': -43.0, 'Vmax': 21.0, 't_ref': 13.0, 'R': 0.1, 'tau_m': 192.0, 'rate_low': 6.0, 'rate_high': 41.0}.[0m
2021-04-21 01:03:40.223527: I tensorflow/compiler/jit/xla_gpu_device.cc:99] Not creating XLA devices, tf_xla_enable_xla_devices not set
maxFreq at 10nA: 59.0
2021-04-21 01:04:30.109052: I tensorflow/compiler/jit/xla_gpu_device.cc:99] Not creating XLA devices, tf_xla_enable_xla_devices not set
2021-04-21 01:05:09.689886: I tensorflow/compiler/jit/xla_gpu_device.cc:99] Not creating XLA devices, tf_xla_enable_xla_devices not set
mse and spike frequency: 0.00715 5.94
[32m[I 2021-04-21 01:05:48,164][0m Trial 257 finished with values: [0.00715, 5.94] with parameters: {'Vahp': -55.0, 'Vth': -20.0, 'Vmax': 26.5, 't_ref': 16.0, 'R': 0.7000000000000001, 'tau_m': 133.5, 'rate_low': 0.5, 'rate_high': 48.0}.[0m
2021-04-21 01:05:49.249091: I tensorflow/compiler/jit/xla_gpu_device.cc:99] Not creating XLA devices, tf_xla_enable_xla_devices not set
maxFreq at 10nA: 999.0
2021-04-21 01:06:39.496746: I tensorflow/compiler/jit/xla_gpu_device.cc:99] Not creating XLA devices, tf_xla_enable_xla_devices not set
