2021-04-20 19:44:59.144507: I tensorflow/stream_executor/platform/default/dso_loader.cc:49] Successfully opened dynamic library libcudart.so.11.0
Build finished in 0:00:01.                                                      
Simulation finished in 0:00:01.                                                 
[32m[I 2021-04-20 19:45:01,879][0m A new study created in memory with name: no-name-ef086824-0038-4eec-a1b0-4a8a0d1361ca[0m
2021-04-20 19:45:02.060971: I tensorflow/compiler/jit/xla_cpu_device.cc:41] Not creating XLA devices, tf_xla_enable_xla_devices not set
2021-04-20 19:45:02.061902: I tensorflow/stream_executor/platform/default/dso_loader.cc:49] Successfully opened dynamic library libcuda.so.1
2021-04-20 19:45:03.016397: E tensorflow/stream_executor/cuda/cuda_driver.cc:328] failed call to cuInit: CUDA_ERROR_NO_DEVICE: no CUDA-capable device is detected
2021-04-20 19:45:03.016464: I tensorflow/stream_executor/cuda/cuda_diagnostics.cc:169] retrieving CUDA diagnostic information for host: comparch-t640
2021-04-20 19:45:03.016473: I tensorflow/stream_executor/cuda/cuda_diagnostics.cc:176] hostname: comparch-t640
2021-04-20 19:45:03.016632: I tensorflow/stream_executor/cuda/cuda_diagnostics.cc:200] libcuda reported version is: 450.66.0
2021-04-20 19:45:03.016665: I tensorflow/stream_executor/cuda/cuda_diagnostics.cc:204] kernel reported version is: 450.66.0
2021-04-20 19:45:03.016673: I tensorflow/stream_executor/cuda/cuda_diagnostics.cc:310] kernel version seems to match DSO: 450.66.0
2021-04-20 19:45:03.016995: I tensorflow/core/platform/cpu_feature_guard.cc:142] This TensorFlow binary is optimized with oneAPI Deep Neural Network Library (oneDNN) to use the following CPU instructions in performance-critical operations:  AVX2 AVX512F FMA
To enable them in other operations, rebuild TensorFlow with the appropriate compiler flags.
2021-04-20 19:45:03.019081: I tensorflow/compiler/jit/xla_gpu_device.cc:99] Not creating XLA devices, tf_xla_enable_xla_devices not set
2021-04-20 19:45:03.034012: I tensorflow/compiler/mlir/mlir_graph_optimization_pass.cc:196] None of the MLIR optimization passes are enabled (registered 0 passes)
2021-04-20 19:45:03.039737: I tensorflow/core/platform/profile_utils/cpu_utils.cc:112] CPU Frequency: 2100000000 Hz
maxFreq at 10nA: 333.0
2021-04-20 19:45:18.793603: I tensorflow/compiler/jit/xla_gpu_device.cc:99] Not creating XLA devices, tf_xla_enable_xla_devices not set
2021-04-20 19:45:25.465291: I tensorflow/compiler/jit/xla_gpu_device.cc:99] Not creating XLA devices, tf_xla_enable_xla_devices not set
mse and spike frequency: 0.00141 23.38
[32m[I 2021-04-20 19:45:31,356][0m Trial 0 finished with values: [0.00141, 23.38] with parameters: {'Vahp': -59.0, 'Vth': -38.0, 'Vmax': 24.5, 't_ref': 1.0, 'R': 0.5, 'tau_m': 381.5, 'rate_low': 41.0, 'rate_high': 46.5}.[0m
2021-04-20 19:45:31.649350: I tensorflow/compiler/jit/xla_gpu_device.cc:99] Not creating XLA devices, tf_xla_enable_xla_devices not set
maxFreq at 10nA: 1000.0
2021-04-20 19:45:47.415426: I tensorflow/compiler/jit/xla_gpu_device.cc:99] Not creating XLA devices, tf_xla_enable_xla_devices not set
2021-04-20 19:45:53.948112: I tensorflow/compiler/jit/xla_gpu_device.cc:99] Not creating XLA devices, tf_xla_enable_xla_devices not set
mse and spike frequency: 0.09995 0.0
[32m[I 2021-04-20 19:45:59,906][0m Trial 1 finished with values: [0.09995, 0.0] with parameters: {'Vahp': -32.0, 'Vth': -51.5, 'Vmax': 21.5, 't_ref': 19.5, 'R': 0.30000000000000004, 'tau_m': 185.0, 'rate_low': 41.0, 'rate_high': 46.5}.[0m
2021-04-20 19:46:00.195844: I tensorflow/compiler/jit/xla_gpu_device.cc:99] Not creating XLA devices, tf_xla_enable_xla_devices not set
maxFreq at 10nA: 111.0
2021-04-20 19:46:16.567165: I tensorflow/compiler/jit/xla_gpu_device.cc:99] Not creating XLA devices, tf_xla_enable_xla_devices not set
2021-04-20 19:46:22.810321: I tensorflow/compiler/jit/xla_gpu_device.cc:99] Not creating XLA devices, tf_xla_enable_xla_devices not set
mse and spike frequency: 0.00247 12.75
[32m[I 2021-04-20 19:46:28,148][0m Trial 2 finished with values: [0.00247, 12.75] with parameters: {'Vahp': -49.5, 'Vth': -22.5, 'Vmax': 22.0, 't_ref': 6.5, 'R': 0.5, 'tau_m': 357.0, 'rate_low': 36.0, 'rate_high': 46.0}.[0m
2021-04-20 19:46:28.502608: I tensorflow/compiler/jit/xla_gpu_device.cc:99] Not creating XLA devices, tf_xla_enable_xla_devices not set
maxFreq at 10nA: 59.0
2021-04-20 19:46:47.243173: I tensorflow/compiler/jit/xla_gpu_device.cc:99] Not creating XLA devices, tf_xla_enable_xla_devices not set
2021-04-20 19:46:53.224263: I tensorflow/compiler/jit/xla_gpu_device.cc:99] Not creating XLA devices, tf_xla_enable_xla_devices not set
mse and spike frequency: 0.00877 19.76
[32m[I 2021-04-20 19:46:58,800][0m Trial 3 finished with values: [0.00877, 19.76] with parameters: {'Vahp': -42.5, 'Vth': -24.0, 'Vmax': 30.0, 't_ref': 16.0, 'R': 0.30000000000000004, 'tau_m': 48.5, 'rate_low': 32.5, 'rate_high': 35.5}.[0m
2021-04-20 19:46:59.127850: I tensorflow/compiler/jit/xla_gpu_device.cc:99] Not creating XLA devices, tf_xla_enable_xla_devices not set
maxFreq at 10nA: 91.0
2021-04-20 19:47:17.636479: I tensorflow/compiler/jit/xla_gpu_device.cc:99] Not creating XLA devices, tf_xla_enable_xla_devices not set
2021-04-20 19:47:24.156389: I tensorflow/compiler/jit/xla_gpu_device.cc:99] Not creating XLA devices, tf_xla_enable_xla_devices not set
mse and spike frequency: 0.09995 0.0
[32m[I 2021-04-20 19:47:29,646][0m Trial 4 finished with values: [0.09995, 0.0] with parameters: {'Vahp': -59.5, 'Vth': -54.0, 'Vmax': 24.5, 't_ref': 9.5, 'R': 0.9, 'tau_m': 133.5, 'rate_low': 35.0, 'rate_high': 41.0}.[0m
2021-04-20 19:47:29.993268: I tensorflow/compiler/jit/xla_gpu_device.cc:99] Not creating XLA devices, tf_xla_enable_xla_devices not set
maxFreq at 10nA: 53.0
2021-04-20 19:47:48.213383: I tensorflow/compiler/jit/xla_gpu_device.cc:99] Not creating XLA devices, tf_xla_enable_xla_devices not set
2021-04-20 19:47:54.537999: I tensorflow/compiler/jit/xla_gpu_device.cc:99] Not creating XLA devices, tf_xla_enable_xla_devices not set
mse and spike frequency: 0.00597 17.45
[32m[I 2021-04-20 19:48:00,216][0m Trial 5 finished with values: [0.00597, 17.45] with parameters: {'Vahp': -46.0, 'Vth': -33.5, 'Vmax': 35.0, 't_ref': 18.0, 'R': 0.5, 'tau_m': 143.0, 'rate_low': 22.5, 'rate_high': 36.5}.[0m
2021-04-20 19:48:00.532117: I tensorflow/compiler/jit/xla_gpu_device.cc:99] Not creating XLA devices, tf_xla_enable_xla_devices not set
maxFreq at 10nA: 1000.0
2021-04-20 19:48:19.212498: I tensorflow/compiler/jit/xla_gpu_device.cc:99] Not creating XLA devices, tf_xla_enable_xla_devices not set
2021-04-20 19:48:25.834164: I tensorflow/compiler/jit/xla_gpu_device.cc:99] Not creating XLA devices, tf_xla_enable_xla_devices not set
mse and spike frequency: 0.09995 0.0
[32m[I 2021-04-20 19:48:31,535][0m Trial 6 finished with values: [0.09995, 0.0] with parameters: {'Vahp': -33.5, 'Vth': -37.0, 'Vmax': 20.0, 't_ref': 5.0, 'R': 0.8, 'tau_m': 167.5, 'rate_low': 15.0, 'rate_high': 26.0}.[0m
2021-04-20 19:48:31.898824: I tensorflow/compiler/jit/xla_gpu_device.cc:99] Not creating XLA devices, tf_xla_enable_xla_devices not set
maxFreq at 10nA: 1000.0
2021-04-20 19:48:50.483030: I tensorflow/compiler/jit/xla_gpu_device.cc:99] Not creating XLA devices, tf_xla_enable_xla_devices not set
2021-04-20 19:48:57.192370: I tensorflow/compiler/jit/xla_gpu_device.cc:99] Not creating XLA devices, tf_xla_enable_xla_devices not set
mse and spike frequency: 0.09995 0.0
[32m[I 2021-04-20 19:49:03,086][0m Trial 7 finished with values: [0.09995, 0.0] with parameters: {'Vahp': -26.5, 'Vth': -46.0, 'Vmax': 25.0, 't_ref': 13.0, 'R': 0.7000000000000001, 'tau_m': 106.5, 'rate_low': 26.0, 'rate_high': 48.0}.[0m
2021-04-20 19:49:03.444288: I tensorflow/compiler/jit/xla_gpu_device.cc:99] Not creating XLA devices, tf_xla_enable_xla_devices not set
maxFreq at 10nA: 48.0
2021-04-20 19:49:22.603001: I tensorflow/compiler/jit/xla_gpu_device.cc:99] Not creating XLA devices, tf_xla_enable_xla_devices not set
2021-04-20 19:49:29.315002: I tensorflow/compiler/jit/xla_gpu_device.cc:99] Not creating XLA devices, tf_xla_enable_xla_devices not set
mse and spike frequency: 0.00507 9.19
[32m[I 2021-04-20 19:49:35,351][0m Trial 8 finished with values: [0.00507, 9.19] with parameters: {'Vahp': -55.0, 'Vth': -20.0, 'Vmax': 22.5, 't_ref': 17.5, 'R': 0.7000000000000001, 'tau_m': 440.5, 'rate_low': 39.0, 'rate_high': 39.0}.[0m
2021-04-20 19:49:35.704791: I tensorflow/compiler/jit/xla_gpu_device.cc:99] Not creating XLA devices, tf_xla_enable_xla_devices not set
maxFreq at 10nA: 1000.0
2021-04-20 19:49:54.797888: I tensorflow/compiler/jit/xla_gpu_device.cc:99] Not creating XLA devices, tf_xla_enable_xla_devices not set
2021-04-20 19:50:01.588735: I tensorflow/compiler/jit/xla_gpu_device.cc:99] Not creating XLA devices, tf_xla_enable_xla_devices not set
mse and spike frequency: 0.09995 0.0
[32m[I 2021-04-20 19:50:07,622][0m Trial 9 finished with values: [0.09995, 0.0] with parameters: {'Vahp': -28.0, 'Vth': -57.0, 'Vmax': 19.0, 't_ref': 11.5, 'R': 0.30000000000000004, 'tau_m': 92.0, 'rate_low': 35.5, 'rate_high': 41.5}.[0m
2021-04-20 19:50:08.040325: I tensorflow/compiler/jit/xla_gpu_device.cc:99] Not creating XLA devices, tf_xla_enable_xla_devices not set
maxFreq at 10nA: 63.0
2021-04-20 19:50:27.086261: I tensorflow/compiler/jit/xla_gpu_device.cc:99] Not creating XLA devices, tf_xla_enable_xla_devices not set
2021-04-20 19:50:33.948557: I tensorflow/compiler/jit/xla_gpu_device.cc:99] Not creating XLA devices, tf_xla_enable_xla_devices not set
mse and spike frequency: 0.00518 18.28
[32m[I 2021-04-20 19:50:40,117][0m Trial 10 finished with values: [0.00518, 18.28] with parameters: {'Vahp': -46.0, 'Vth': -24.5, 'Vmax': 30.5, 't_ref': 15.0, 'R': 0.8, 'tau_m': 319.0, 'rate_low': 46.5, 'rate_high': 50.0}.[0m
2021-04-20 19:50:40.570726: I tensorflow/compiler/jit/xla_gpu_device.cc:99] Not creating XLA devices, tf_xla_enable_xla_devices not set
maxFreq at 10nA: 1000.0
2021-04-20 19:50:59.653720: I tensorflow/compiler/jit/xla_gpu_device.cc:99] Not creating XLA devices, tf_xla_enable_xla_devices not set
2021-04-20 19:51:06.801985: I tensorflow/compiler/jit/xla_gpu_device.cc:99] Not creating XLA devices, tf_xla_enable_xla_devices not set
mse and spike frequency: 0.09995 0.0
[32m[I 2021-04-20 19:51:13,112][0m Trial 11 finished with values: [0.09995, 0.0] with parameters: {'Vahp': -37.0, 'Vth': -53.5, 'Vmax': 39.0, 't_ref': 8.0, 'R': 0.5, 'tau_m': 432.0, 'rate_low': 19.0, 'rate_high': 24.5}.[0m
2021-04-20 19:51:13.574568: I tensorflow/compiler/jit/xla_gpu_device.cc:99] Not creating XLA devices, tf_xla_enable_xla_devices not set
maxFreq at 10nA: 1000.0
2021-04-20 19:51:32.609687: I tensorflow/compiler/jit/xla_gpu_device.cc:99] Not creating XLA devices, tf_xla_enable_xla_devices not set
2021-04-20 19:51:39.664875: I tensorflow/compiler/jit/xla_gpu_device.cc:99] Not creating XLA devices, tf_xla_enable_xla_devices not set
mse and spike frequency: 0.09995 0.0
[32m[I 2021-04-20 19:51:46,061][0m Trial 12 finished with values: [0.09995, 0.0] with parameters: {'Vahp': -40.0, 'Vth': -49.0, 'Vmax': 38.5, 't_ref': 18.5, 'R': 0.5, 'tau_m': 313.0, 'rate_low': 26.5, 'rate_high': 40.5}.[0m
2021-04-20 19:51:46.612616: I tensorflow/compiler/jit/xla_gpu_device.cc:99] Not creating XLA devices, tf_xla_enable_xla_devices not set
maxFreq at 10nA: 44.0
2021-04-20 19:52:05.162409: I tensorflow/compiler/jit/xla_gpu_device.cc:99] Not creating XLA devices, tf_xla_enable_xla_devices not set
2021-04-20 19:52:12.170383: I tensorflow/compiler/jit/xla_gpu_device.cc:99] Not creating XLA devices, tf_xla_enable_xla_devices not set
mse and spike frequency: 0.09995 0.0
[32m[I 2021-04-20 19:52:18,484][0m Trial 13 finished with values: [0.09995, 0.0] with parameters: {'Vahp': -51.0, 'Vth': -29.5, 'Vmax': 26.5, 't_ref': 20.0, 'R': 0.30000000000000004, 'tau_m': 391.5, 'rate_low': 0.5, 'rate_high': 7.0}.[0m
2021-04-20 19:52:19.016133: I tensorflow/compiler/jit/xla_gpu_device.cc:99] Not creating XLA devices, tf_xla_enable_xla_devices not set
maxFreq at 10nA: 333.0
2021-04-20 19:52:37.797109: I tensorflow/compiler/jit/xla_gpu_device.cc:99] Not creating XLA devices, tf_xla_enable_xla_devices not set
2021-04-20 19:52:45.101716: I tensorflow/compiler/jit/xla_gpu_device.cc:99] Not creating XLA devices, tf_xla_enable_xla_devices not set
mse and spike frequency: 0.00501 96.04
[32m[I 2021-04-20 19:52:51,249][0m Trial 14 finished with values: [0.00501, 96.04] with parameters: {'Vahp': -25.5, 'Vth': -24.5, 'Vmax': 33.5, 't_ref': 2.0, 'R': 0.30000000000000004, 'tau_m': 242.0, 'rate_low': 29.0, 'rate_high': 39.5}.[0m
2021-04-20 19:52:52.138885: I tensorflow/compiler/jit/xla_gpu_device.cc:99] Not creating XLA devices, tf_xla_enable_xla_devices not set
maxFreq at 10nA: 100.0
2021-04-20 19:53:11.119248: I tensorflow/compiler/jit/xla_gpu_device.cc:99] Not creating XLA devices, tf_xla_enable_xla_devices not set
2021-04-20 19:53:18.633958: I tensorflow/compiler/jit/xla_gpu_device.cc:99] Not creating XLA devices, tf_xla_enable_xla_devices not set
mse and spike frequency: 0.00367 18.85
[32m[I 2021-04-20 19:53:25,300][0m Trial 15 finished with values: [0.00367, 18.85] with parameters: {'Vahp': -58.5, 'Vth': -52.5, 'Vmax': 38.0, 't_ref': 8.5, 'R': 0.5, 'tau_m': 394.5, 'rate_low': 15.0, 'rate_high': 41.0}.[0m
2021-04-20 19:53:25.666194: I tensorflow/compiler/jit/xla_gpu_device.cc:99] Not creating XLA devices, tf_xla_enable_xla_devices not set
maxFreq at 10nA: 63.0
2021-04-20 19:53:44.228102: I tensorflow/compiler/jit/xla_gpu_device.cc:99] Not creating XLA devices, tf_xla_enable_xla_devices not set
2021-04-20 19:53:51.707614: I tensorflow/compiler/jit/xla_gpu_device.cc:99] Not creating XLA devices, tf_xla_enable_xla_devices not set
mse and spike frequency: 0.01463 3.85
[32m[I 2021-04-20 19:53:58,590][0m Trial 16 finished with values: [0.01463, 3.85] with parameters: {'Vahp': -49.5, 'Vth': -34.5, 'Vmax': 19.5, 't_ref': 12.0, 'R': 0.2, 'tau_m': 495.5, 'rate_low': 14.5, 'rate_high': 45.0}.[0m
2021-04-20 19:53:59.018134: I tensorflow/compiler/jit/xla_gpu_device.cc:99] Not creating XLA devices, tf_xla_enable_xla_devices not set
maxFreq at 10nA: 100.0
2021-04-20 19:54:17.791047: I tensorflow/compiler/jit/xla_gpu_device.cc:99] Not creating XLA devices, tf_xla_enable_xla_devices not set
2021-04-20 19:54:25.434936: I tensorflow/compiler/jit/xla_gpu_device.cc:99] Not creating XLA devices, tf_xla_enable_xla_devices not set
mse and spike frequency: 0.00212 16.34
[32m[I 2021-04-20 19:54:31,805][0m Trial 17 finished with values: [0.00212, 16.34] with parameters: {'Vahp': -50.0, 'Vth': -41.0, 'Vmax': 11.5, 't_ref': 8.0, 'R': 0.4, 'tau_m': 481.5, 'rate_low': 26.0, 'rate_high': 44.5}.[0m
2021-04-20 19:54:32.279515: I tensorflow/compiler/jit/xla_gpu_device.cc:99] Not creating XLA devices, tf_xla_enable_xla_devices not set
maxFreq at 10nA: 1000.0
2021-04-20 19:54:51.159756: I tensorflow/compiler/jit/xla_gpu_device.cc:99] Not creating XLA devices, tf_xla_enable_xla_devices not set
2021-04-20 19:54:58.899687: I tensorflow/compiler/jit/xla_gpu_device.cc:99] Not creating XLA devices, tf_xla_enable_xla_devices not set
mse and spike frequency: 0.09996 1000.1
[32m[I 2021-04-20 19:55:05,723][0m Trial 18 finished with values: [0.09996, 1000.1] with parameters: {'Vahp': -38.5, 'Vth': -58.5, 'Vmax': 39.0, 't_ref': 6.0, 'R': 0.7000000000000001, 'tau_m': 473.0, 'rate_low': 7.5, 'rate_high': 35.0}.[0m
2021-04-20 19:55:06.150069: I tensorflow/compiler/jit/xla_gpu_device.cc:99] Not creating XLA devices, tf_xla_enable_xla_devices not set
maxFreq at 10nA: 125.0
2021-04-20 19:55:25.225840: I tensorflow/compiler/jit/xla_gpu_device.cc:99] Not creating XLA devices, tf_xla_enable_xla_devices not set
2021-04-20 19:55:33.152795: I tensorflow/compiler/jit/xla_gpu_device.cc:99] Not creating XLA devices, tf_xla_enable_xla_devices not set
mse and spike frequency: 0.09995 0.0
[32m[I 2021-04-20 19:55:40,039][0m Trial 19 finished with values: [0.09995, 0.0] with parameters: {'Vahp': -33.5, 'Vth': -30.5, 'Vmax': 28.0, 't_ref': 6.5, 'R': 0.7000000000000001, 'tau_m': 14.0, 'rate_low': 25.0, 'rate_high': 32.0}.[0m
2021-04-20 19:55:40.407655: I tensorflow/compiler/jit/xla_gpu_device.cc:99] Not creating XLA devices, tf_xla_enable_xla_devices not set
maxFreq at 10nA: 100.0
2021-04-20 19:55:59.989926: I tensorflow/compiler/jit/xla_gpu_device.cc:99] Not creating XLA devices, tf_xla_enable_xla_devices not set
2021-04-20 19:56:07.753864: I tensorflow/compiler/jit/xla_gpu_device.cc:99] Not creating XLA devices, tf_xla_enable_xla_devices not set
mse and spike frequency: 0.00402 28.94
[32m[I 2021-04-20 19:56:14,510][0m Trial 20 finished with values: [0.00402, 28.94] with parameters: {'Vahp': -33.5, 'Vth': -26.5, 'Vmax': 13.0, 't_ref': 9.0, 'R': 0.5, 'tau_m': 322.5, 'rate_low': 45.0, 'rate_high': 50.0}.[0m
2021-04-20 19:56:14.873835: I tensorflow/compiler/jit/xla_gpu_device.cc:99] Not creating XLA devices, tf_xla_enable_xla_devices not set
maxFreq at 10nA: 111.0
2021-04-20 19:56:34.091489: I tensorflow/compiler/jit/xla_gpu_device.cc:99] Not creating XLA devices, tf_xla_enable_xla_devices not set
2021-04-20 19:56:42.071663: I tensorflow/compiler/jit/xla_gpu_device.cc:99] Not creating XLA devices, tf_xla_enable_xla_devices not set
mse and spike frequency: 0.09996 4.5
[32m[I 2021-04-20 19:56:49,414][0m Trial 21 finished with values: [0.09996, 4.5] with parameters: {'Vahp': -31.0, 'Vth': -28.5, 'Vmax': 11.5, 't_ref': 8.0, 'R': 0.7000000000000001, 'tau_m': 487.0, 'rate_low': 6.5, 'rate_high': 11.0}.[0m
2021-04-20 19:56:49.803370: I tensorflow/compiler/jit/xla_gpu_device.cc:99] Not creating XLA devices, tf_xla_enable_xla_devices not set
maxFreq at 10nA: 1000.0
2021-04-20 19:57:09.269547: I tensorflow/compiler/jit/xla_gpu_device.cc:99] Not creating XLA devices, tf_xla_enable_xla_devices not set
2021-04-20 19:57:17.401849: I tensorflow/compiler/jit/xla_gpu_device.cc:99] Not creating XLA devices, tf_xla_enable_xla_devices not set
mse and spike frequency: 0.09995 0.0
[32m[I 2021-04-20 19:57:24,906][0m Trial 22 finished with values: [0.09995, 0.0] with parameters: {'Vahp': -39.5, 'Vth': -53.0, 'Vmax': 38.5, 't_ref': 15.0, 'R': 0.9, 'tau_m': 111.5, 'rate_low': 28.5, 'rate_high': 50.0}.[0m
2021-04-20 19:57:25.327963: I tensorflow/compiler/jit/xla_gpu_device.cc:99] Not creating XLA devices, tf_xla_enable_xla_devices not set
maxFreq at 10nA: 67.0
2021-04-20 19:57:44.992170: I tensorflow/compiler/jit/xla_gpu_device.cc:99] Not creating XLA devices, tf_xla_enable_xla_devices not set
2021-04-20 19:57:53.536787: I tensorflow/compiler/jit/xla_gpu_device.cc:99] Not creating XLA devices, tf_xla_enable_xla_devices not set
mse and spike frequency: 0.01338 7.69
[32m[I 2021-04-20 19:58:01,529][0m Trial 23 finished with values: [0.01338, 7.69] with parameters: {'Vahp': -27.5, 'Vth': -23.0, 'Vmax': 12.5, 't_ref': 13.5, 'R': 0.7000000000000001, 'tau_m': 127.0, 'rate_low': 21.0, 'rate_high': 48.5}.[0m
2021-04-20 19:58:02.021311: I tensorflow/compiler/jit/xla_gpu_device.cc:99] Not creating XLA devices, tf_xla_enable_xla_devices not set
maxFreq at 10nA: 1000.0
2021-04-20 19:58:21.411592: I tensorflow/compiler/jit/xla_gpu_device.cc:99] Not creating XLA devices, tf_xla_enable_xla_devices not set
2021-04-20 19:58:29.673817: I tensorflow/compiler/jit/xla_gpu_device.cc:99] Not creating XLA devices, tf_xla_enable_xla_devices not set
mse and spike frequency: 0.09996 1000.1
[32m[I 2021-04-20 19:58:37,629][0m Trial 24 finished with values: [0.09996, 1000.1] with parameters: {'Vahp': -45.5, 'Vth': -59.0, 'Vmax': 34.5, 't_ref': 17.0, 'R': 1.0, 'tau_m': 113.0, 'rate_low': 20.0, 'rate_high': 48.0}.[0m
2021-04-20 19:58:38.133672: I tensorflow/compiler/jit/xla_gpu_device.cc:99] Not creating XLA devices, tf_xla_enable_xla_devices not set
maxFreq at 10nA: 77.0
2021-04-20 19:58:57.757630: I tensorflow/compiler/jit/xla_gpu_device.cc:99] Not creating XLA devices, tf_xla_enable_xla_devices not set
2021-04-20 19:59:06.144300: I tensorflow/compiler/jit/xla_gpu_device.cc:99] Not creating XLA devices, tf_xla_enable_xla_devices not set
mse and spike frequency: 0.005 23.86
[32m[I 2021-04-20 19:59:14,184][0m Trial 25 finished with values: [0.005, 23.86] with parameters: {'Vahp': -44.5, 'Vth': -28.5, 'Vmax': 31.5, 't_ref': 12.0, 'R': 0.9, 'tau_m': 251.5, 'rate_low': 37.5, 'rate_high': 43.5}.[0m
2021-04-20 19:59:14.675936: I tensorflow/compiler/jit/xla_gpu_device.cc:99] Not creating XLA devices, tf_xla_enable_xla_devices not set
maxFreq at 10nA: 50.0
2021-04-20 19:59:34.095445: I tensorflow/compiler/jit/xla_gpu_device.cc:99] Not creating XLA devices, tf_xla_enable_xla_devices not set
2021-04-20 19:59:42.588192: I tensorflow/compiler/jit/xla_gpu_device.cc:99] Not creating XLA devices, tf_xla_enable_xla_devices not set
mse and spike frequency: 0.00581 12.56
[32m[I 2021-04-20 19:59:50,784][0m Trial 26 finished with values: [0.00581, 12.56] with parameters: {'Vahp': -40.0, 'Vth': -26.0, 'Vmax': 31.5, 't_ref': 18.5, 'R': 0.6, 'tau_m': 374.0, 'rate_low': 29.5, 'rate_high': 40.5}.[0m
2021-04-20 19:59:51.214651: I tensorflow/compiler/jit/xla_gpu_device.cc:99] Not creating XLA devices, tf_xla_enable_xla_devices not set
maxFreq at 10nA: 1000.0
2021-04-20 20:00:10.773749: I tensorflow/compiler/jit/xla_gpu_device.cc:99] Not creating XLA devices, tf_xla_enable_xla_devices not set
2021-04-20 20:00:19.348693: I tensorflow/compiler/jit/xla_gpu_device.cc:99] Not creating XLA devices, tf_xla_enable_xla_devices not set
mse and spike frequency: 0.09995 0.0
