[32m[I 2021-04-20 23:20:00,015][0m Trial 200 finished with values: [0.09995, 0.0] with parameters: {'Vahp': -47.5, 'Vth': -49.0, 'Vmax': 38.0, 't_ref': 17.5, 'R': 0.9, 'tau_m': 195.0, 'R_adp': 0.2, 'tau_w': 488.0, 'a': 337.0, 'rate_low': 9.5, 'rate_high': 26.0}.[0m
2021-04-20 23:20:00.937264: I tensorflow/compiler/jit/xla_gpu_device.cc:99] Not creating XLA devices, tf_xla_enable_xla_devices not set
maxFreq at 10nA: 1000.0
2021-04-20 23:20:43.505569: I tensorflow/compiler/jit/xla_gpu_device.cc:99] Not creating XLA devices, tf_xla_enable_xla_devices not set
2021-04-20 23:21:12.842818: I tensorflow/compiler/jit/xla_gpu_device.cc:99] Not creating XLA devices, tf_xla_enable_xla_devices not set
mse and spike frequency: 0.09995 0.0
[32m[I 2021-04-20 23:21:41,911][0m Trial 201 finished with values: [0.09995, 0.0] with parameters: {'Vahp': -22.0, 'Vth': -35.0, 'Vmax': 18.0, 't_ref': 4.0, 'R': 0.5, 'tau_m': 91.0, 'R_adp': 0.1, 'tau_w': 120.0, 'a': 129.5, 'rate_low': 3.0, 'rate_high': 49.5}.[0m
2021-04-20 23:21:42.811609: I tensorflow/compiler/jit/xla_gpu_device.cc:99] Not creating XLA devices, tf_xla_enable_xla_devices not set
maxFreq at 10nA: 1000.0
2021-04-20 23:22:26.089931: I tensorflow/compiler/jit/xla_gpu_device.cc:99] Not creating XLA devices, tf_xla_enable_xla_devices not set
2021-04-20 23:22:55.480065: I tensorflow/compiler/jit/xla_gpu_device.cc:99] Not creating XLA devices, tf_xla_enable_xla_devices not set
mse and spike frequency: 0.09995 0.0
[32m[I 2021-04-20 23:23:24,582][0m Trial 202 finished with values: [0.09995, 0.0] with parameters: {'Vahp': -33.0, 'Vth': -38.5, 'Vmax': 19.0, 't_ref': 5.0, 'R': 0.5, 'tau_m': 33.5, 'R_adp': 0.4, 'tau_w': 14.5, 'a': 379.0, 'rate_low': 12.0, 'rate_high': 19.0}.[0m
2021-04-20 23:23:25.609987: I tensorflow/compiler/jit/xla_gpu_device.cc:99] Not creating XLA devices, tf_xla_enable_xla_devices not set
maxFreq at 10nA: 1000.0
2021-04-20 23:24:08.781954: I tensorflow/compiler/jit/xla_gpu_device.cc:99] Not creating XLA devices, tf_xla_enable_xla_devices not set
2021-04-20 23:24:38.476836: I tensorflow/compiler/jit/xla_gpu_device.cc:99] Not creating XLA devices, tf_xla_enable_xla_devices not set
mse and spike frequency: 0.09995 0.0
[32m[I 2021-04-20 23:25:07,731][0m Trial 203 finished with values: [0.09995, 0.0] with parameters: {'Vahp': -46.5, 'Vth': -52.0, 'Vmax': 21.5, 't_ref': 12.0, 'R': 1.0, 'tau_m': 387.0, 'R_adp': 0.30000000000000004, 'tau_w': 25.0, 'a': 203.5, 'rate_low': 49.5, 'rate_high': 44.0}.[0m
2021-04-20 23:25:08.666400: I tensorflow/compiler/jit/xla_gpu_device.cc:99] Not creating XLA devices, tf_xla_enable_xla_devices not set
maxFreq at 10nA: 1000.0
2021-04-20 23:25:51.125215: I tensorflow/compiler/jit/xla_gpu_device.cc:99] Not creating XLA devices, tf_xla_enable_xla_devices not set
2021-04-20 23:26:21.171738: I tensorflow/compiler/jit/xla_gpu_device.cc:99] Not creating XLA devices, tf_xla_enable_xla_devices not set
mse and spike frequency: 0.09995 0.0
[32m[I 2021-04-20 23:26:50,757][0m Trial 204 finished with values: [0.09995, 0.0] with parameters: {'Vahp': -23.0, 'Vth': -42.5, 'Vmax': 19.5, 't_ref': 15.5, 'R': 1.0, 'tau_m': 329.5, 'R_adp': 1.0, 'tau_w': 218.0, 'a': 453.5, 'rate_low': 35.0, 'rate_high': 27.0}.[0m
2021-04-20 23:26:51.642638: I tensorflow/compiler/jit/xla_gpu_device.cc:99] Not creating XLA devices, tf_xla_enable_xla_devices not set
maxFreq at 10nA: 1000.0
2021-04-20 23:27:35.466114: I tensorflow/compiler/jit/xla_gpu_device.cc:99] Not creating XLA devices, tf_xla_enable_xla_devices not set
2021-04-20 23:28:05.815782: I tensorflow/compiler/jit/xla_gpu_device.cc:99] Not creating XLA devices, tf_xla_enable_xla_devices not set
mse and spike frequency: 0.09995 0.0
[32m[I 2021-04-20 23:28:35,122][0m Trial 205 finished with values: [0.09995, 0.0] with parameters: {'Vahp': -47.5, 'Vth': -54.5, 'Vmax': 33.0, 't_ref': 18.5, 'R': 0.9, 'tau_m': 284.5, 'R_adp': 0.30000000000000004, 'tau_w': 475.5, 'a': 419.5, 'rate_low': 9.5, 'rate_high': 36.0}.[0m
2021-04-20 23:28:36.003862: I tensorflow/compiler/jit/xla_gpu_device.cc:99] Not creating XLA devices, tf_xla_enable_xla_devices not set
maxFreq at 10nA: 53.0
2021-04-20 23:29:20.189056: I tensorflow/compiler/jit/xla_gpu_device.cc:99] Not creating XLA devices, tf_xla_enable_xla_devices not set
2021-04-20 23:29:50.811443: I tensorflow/compiler/jit/xla_gpu_device.cc:99] Not creating XLA devices, tf_xla_enable_xla_devices not set
mse and spike frequency: 0.2374 3.53
[32m[I 2021-04-20 23:30:21,046][0m Trial 206 finished with values: [0.2374, 3.53] with parameters: {'Vahp': -42.5, 'Vth': -23.5, 'Vmax': 29.0, 't_ref': 18.0, 'R': 0.7000000000000001, 'tau_m': 33.5, 'R_adp': 0.7000000000000001, 'tau_w': 325.0, 'a': 419.5, 'rate_low': 9.5, 'rate_high': 36.0}.[0m
2021-04-20 23:30:21.920689: I tensorflow/compiler/jit/xla_gpu_device.cc:99] Not creating XLA devices, tf_xla_enable_xla_devices not set
maxFreq at 10nA: 1000.0
2021-04-20 23:31:06.147412: I tensorflow/compiler/jit/xla_gpu_device.cc:99] Not creating XLA devices, tf_xla_enable_xla_devices not set
2021-04-20 23:31:36.766624: I tensorflow/compiler/jit/xla_gpu_device.cc:99] Not creating XLA devices, tf_xla_enable_xla_devices not set
mse and spike frequency: 0.09995 0.0
[32m[I 2021-04-20 23:32:06,920][0m Trial 207 finished with values: [0.09995, 0.0] with parameters: {'Vahp': -23.5, 'Vth': -42.5, 'Vmax': 21.5, 't_ref': 16.5, 'R': 1.0, 'tau_m': 329.5, 'R_adp': 0.30000000000000004, 'tau_w': 218.0, 'a': 19.0, 'rate_low': 35.0, 'rate_high': 48.5}.[0m
2021-04-20 23:32:07.787514: I tensorflow/compiler/jit/xla_gpu_device.cc:99] Not creating XLA devices, tf_xla_enable_xla_devices not set
maxFreq at 10nA: 1000.0
2021-04-20 23:32:52.498406: I tensorflow/compiler/jit/xla_gpu_device.cc:99] Not creating XLA devices, tf_xla_enable_xla_devices not set
2021-04-20 23:33:23.552025: I tensorflow/compiler/jit/xla_gpu_device.cc:99] Not creating XLA devices, tf_xla_enable_xla_devices not set
mse and spike frequency: 0.09995 0.0
[32m[I 2021-04-20 23:33:53,580][0m Trial 208 finished with values: [0.09995, 0.0] with parameters: {'Vahp': -34.0, 'Vth': -48.0, 'Vmax': 18.0, 't_ref': 10.5, 'R': 0.5, 'tau_m': 91.0, 'R_adp': 0.30000000000000004, 'tau_w': 120.0, 'a': 396.5, 'rate_low': 11.0, 'rate_high': 40.0}.[0m
2021-04-20 23:33:54.449175: I tensorflow/compiler/jit/xla_gpu_device.cc:99] Not creating XLA devices, tf_xla_enable_xla_devices not set
maxFreq at 10nA: 999.0
2021-04-20 23:34:39.305438: I tensorflow/compiler/jit/xla_gpu_device.cc:99] Not creating XLA devices, tf_xla_enable_xla_devices not set
2021-04-20 23:35:10.863697: I tensorflow/compiler/jit/xla_gpu_device.cc:99] Not creating XLA devices, tf_xla_enable_xla_devices not set
mse and spike frequency: 0.09995 0.0
[32m[I 2021-04-20 23:35:40,804][0m Trial 209 finished with values: [0.09995, 0.0] with parameters: {'Vahp': -46.5, 'Vth': -52.0, 'Vmax': 34.0, 't_ref': 18.5, 'R': 0.2, 'tau_m': 329.5, 'R_adp': 0.30000000000000004, 'tau_w': 120.0, 'a': 357.5, 'rate_low': 11.0, 'rate_high': 50.0}.[0m
2021-04-20 23:35:41.679826: I tensorflow/compiler/jit/xla_gpu_device.cc:99] Not creating XLA devices, tf_xla_enable_xla_devices not set
maxFreq at 10nA: 1000.0
2021-04-20 23:36:26.517450: I tensorflow/compiler/jit/xla_gpu_device.cc:99] Not creating XLA devices, tf_xla_enable_xla_devices not set
2021-04-20 23:36:57.908501: I tensorflow/compiler/jit/xla_gpu_device.cc:99] Not creating XLA devices, tf_xla_enable_xla_devices not set
mse and spike frequency: 0.09995 0.0
[32m[I 2021-04-20 23:37:28,447][0m Trial 210 finished with values: [0.09995, 0.0] with parameters: {'Vahp': -31.5, 'Vth': -51.0, 'Vmax': 21.5, 't_ref': 13.5, 'R': 0.7000000000000001, 'tau_m': 363.5, 'R_adp': 0.7000000000000001, 'tau_w': 92.5, 'a': 355.5, 'rate_low': 11.0, 'rate_high': 36.0}.[0m
2021-04-20 23:37:29.341471: I tensorflow/compiler/jit/xla_gpu_device.cc:99] Not creating XLA devices, tf_xla_enable_xla_devices not set
maxFreq at 10nA: 59.0
2021-04-20 23:38:14.845623: I tensorflow/compiler/jit/xla_gpu_device.cc:99] Not creating XLA devices, tf_xla_enable_xla_devices not set
2021-04-20 23:38:46.943064: I tensorflow/compiler/jit/xla_gpu_device.cc:99] Not creating XLA devices, tf_xla_enable_xla_devices not set
mse and spike frequency: 0.00717 19.6
[32m[I 2021-04-20 23:39:17,047][0m Trial 211 finished with values: [0.00717, 19.6] with parameters: {'Vahp': -31.5, 'Vth': -29.0, 'Vmax': 21.5, 't_ref': 15.5, 'R': 0.9, 'tau_m': 329.5, 'R_adp': 0.1, 'tau_w': 0.5, 'a': 182.5, 'rate_low': 11.0, 'rate_high': 42.0}.[0m
2021-04-20 23:39:17.868194: I tensorflow/compiler/jit/xla_gpu_device.cc:99] Not creating XLA devices, tf_xla_enable_xla_devices not set
maxFreq at 10nA: 1000.0
2021-04-20 23:40:02.044327: I tensorflow/compiler/jit/xla_gpu_device.cc:99] Not creating XLA devices, tf_xla_enable_xla_devices not set
2021-04-20 23:40:33.657682: I tensorflow/compiler/jit/xla_gpu_device.cc:99] Not creating XLA devices, tf_xla_enable_xla_devices not set
mse and spike frequency: 0.09995 0.0
[32m[I 2021-04-20 23:41:04,539][0m Trial 212 finished with values: [0.09995, 0.0] with parameters: {'Vahp': -41.0, 'Vth': -42.5, 'Vmax': 36.5, 't_ref': 16.5, 'R': 1.0, 'tau_m': 54.5, 'R_adp': 0.2, 'tau_w': 218.0, 'a': 337.0, 'rate_low': 8.5, 'rate_high': 19.0}.[0m
2021-04-20 23:41:05.405261: I tensorflow/compiler/jit/xla_gpu_device.cc:99] Not creating XLA devices, tf_xla_enable_xla_devices not set
maxFreq at 10nA: 84.0
2021-04-20 23:41:50.294912: I tensorflow/compiler/jit/xla_gpu_device.cc:99] Not creating XLA devices, tf_xla_enable_xla_devices not set
2021-04-20 23:42:22.231831: I tensorflow/compiler/jit/xla_gpu_device.cc:99] Not creating XLA devices, tf_xla_enable_xla_devices not set
mse and spike frequency: 0.00407 10.13
[32m[I 2021-04-20 23:42:53,187][0m Trial 213 finished with values: [0.00407, 10.13] with parameters: {'Vahp': -60.0, 'Vth': -52.0, 'Vmax': 36.5, 't_ref': 10.5, 'R': 0.5, 'tau_m': 363.5, 'R_adp': 0.9, 'tau_w': 31.0, 'a': 203.5, 'rate_low': 17.5, 'rate_high': 21.0}.[0m
2021-04-20 23:42:54.093105: I tensorflow/compiler/jit/xla_gpu_device.cc:99] Not creating XLA devices, tf_xla_enable_xla_devices not set
maxFreq at 10nA: 1000.0
2021-04-20 23:43:38.725974: I tensorflow/compiler/jit/xla_gpu_device.cc:99] Not creating XLA devices, tf_xla_enable_xla_devices not set
2021-04-20 23:44:11.145391: I tensorflow/compiler/jit/xla_gpu_device.cc:99] Not creating XLA devices, tf_xla_enable_xla_devices not set
mse and spike frequency: 0.09995 0.0
[32m[I 2021-04-20 23:44:41,970][0m Trial 214 finished with values: [0.09995, 0.0] with parameters: {'Vahp': -37.0, 'Vth': -48.5, 'Vmax': 36.5, 't_ref': 10.0, 'R': 0.4, 'tau_m': 54.5, 'R_adp': 0.6, 'tau_w': 358.0, 'a': 343.0, 'rate_low': 29.0, 'rate_high': 26.0}.[0m
2021-04-20 23:44:42.927390: I tensorflow/compiler/jit/xla_gpu_device.cc:99] Not creating XLA devices, tf_xla_enable_xla_devices not set
maxFreq at 10nA: 125.0
2021-04-20 23:45:26.769392: I tensorflow/compiler/jit/xla_gpu_device.cc:99] Not creating XLA devices, tf_xla_enable_xla_devices not set
2021-04-20 23:45:59.018738: I tensorflow/compiler/jit/xla_gpu_device.cc:99] Not creating XLA devices, tf_xla_enable_xla_devices not set
mse and spike frequency: 0.54375 11.29
[32m[I 2021-04-20 23:46:30,065][0m Trial 215 finished with values: [0.54375, 11.29] with parameters: {'Vahp': -46.5, 'Vth': -42.5, 'Vmax': 11.5, 't_ref': 6.5, 'R': 1.0, 'tau_m': 387.0, 'R_adp': 0.9, 'tau_w': 218.0, 'a': 203.5, 'rate_low': 35.0, 'rate_high': 6.0}.[0m
2021-04-20 23:46:31.245188: I tensorflow/compiler/jit/xla_gpu_device.cc:99] Not creating XLA devices, tf_xla_enable_xla_devices not set
maxFreq at 10nA: 1000.0
2021-04-20 23:47:14.724532: I tensorflow/compiler/jit/xla_gpu_device.cc:99] Not creating XLA devices, tf_xla_enable_xla_devices not set
2021-04-20 23:47:47.357744: I tensorflow/compiler/jit/xla_gpu_device.cc:99] Not creating XLA devices, tf_xla_enable_xla_devices not set
mse and spike frequency: 0.09995 0.0
[32m[I 2021-04-20 23:48:18,526][0m Trial 216 finished with values: [0.09995, 0.0] with parameters: {'Vahp': -23.5, 'Vth': -43.5, 'Vmax': 32.0, 't_ref': 0.5, 'R': 1.0, 'tau_m': 361.0, 'R_adp': 1.0, 'tau_w': 120.0, 'a': 19.0, 'rate_low': 23.0, 'rate_high': 40.0}.[0m
2021-04-20 23:48:19.462726: I tensorflow/compiler/jit/xla_gpu_device.cc:99] Not creating XLA devices, tf_xla_enable_xla_devices not set
maxFreq at 10nA: 1000.0
2021-04-20 23:49:02.838476: I tensorflow/compiler/jit/xla_gpu_device.cc:99] Not creating XLA devices, tf_xla_enable_xla_devices not set
2021-04-20 23:49:35.649079: I tensorflow/compiler/jit/xla_gpu_device.cc:99] Not creating XLA devices, tf_xla_enable_xla_devices not set
mse and spike frequency: 0.09995 0.0
[32m[I 2021-04-20 23:50:06,841][0m Trial 217 finished with values: [0.09995, 0.0] with parameters: {'Vahp': -23.5, 'Vth': -50.5, 'Vmax': 21.5, 't_ref': 0.5, 'R': 0.7000000000000001, 'tau_m': 329.5, 'R_adp': 1.0, 'tau_w': 124.5, 'a': 19.0, 'rate_low': 23.0, 'rate_high': 36.0}.[0m
2021-04-20 23:50:07.874394: I tensorflow/compiler/jit/xla_gpu_device.cc:99] Not creating XLA devices, tf_xla_enable_xla_devices not set
maxFreq at 10nA: 1000.0
2021-04-20 23:50:51.820678: I tensorflow/compiler/jit/xla_gpu_device.cc:99] Not creating XLA devices, tf_xla_enable_xla_devices not set
2021-04-20 23:51:25.013063: I tensorflow/compiler/jit/xla_gpu_device.cc:99] Not creating XLA devices, tf_xla_enable_xla_devices not set
mse and spike frequency: 0.09995 0.0
[32m[I 2021-04-20 23:51:56,064][0m Trial 218 finished with values: [0.09995, 0.0] with parameters: {'Vahp': -31.5, 'Vth': -57.0, 'Vmax': 21.5, 't_ref': 0.5, 'R': 0.4, 'tau_m': 163.0, 'R_adp': 0.2, 'tau_w': 409.5, 'a': 337.0, 'rate_low': 46.5, 'rate_high': 49.5}.[0m
2021-04-20 23:51:57.031447: I tensorflow/compiler/jit/xla_gpu_device.cc:99] Not creating XLA devices, tf_xla_enable_xla_devices not set
maxFreq at 10nA: 999.0
2021-04-20 23:52:41.074706: I tensorflow/compiler/jit/xla_gpu_device.cc:99] Not creating XLA devices, tf_xla_enable_xla_devices not set
2021-04-20 23:53:14.242353: I tensorflow/compiler/jit/xla_gpu_device.cc:99] Not creating XLA devices, tf_xla_enable_xla_devices not set
mse and spike frequency: 0.09995 0.0
[32m[I 2021-04-20 23:53:45,110][0m Trial 219 finished with values: [0.09995, 0.0] with parameters: {'Vahp': -31.5, 'Vth': -38.5, 'Vmax': 21.5, 't_ref': 0.5, 'R': 0.5, 'tau_m': 476.0, 'R_adp': 0.2, 'tau_w': 215.5, 'a': 129.5, 'rate_low': 11.0, 'rate_high': 49.5}.[0m
2021-04-20 23:53:46.010490: I tensorflow/compiler/jit/xla_gpu_device.cc:99] Not creating XLA devices, tf_xla_enable_xla_devices not set
maxFreq at 10nA: 1000.0
2021-04-20 23:54:30.540602: I tensorflow/compiler/jit/xla_gpu_device.cc:99] Not creating XLA devices, tf_xla_enable_xla_devices not set
2021-04-20 23:55:02.442017: I tensorflow/compiler/jit/xla_gpu_device.cc:99] Not creating XLA devices, tf_xla_enable_xla_devices not set
mse and spike frequency: 0.09995 0.0
[32m[I 2021-04-20 23:55:33,718][0m Trial 220 finished with values: [0.09995, 0.0] with parameters: {'Vahp': -42.5, 'Vth': -52.0, 'Vmax': 21.5, 't_ref': 15.5, 'R': 0.7000000000000001, 'tau_m': 33.5, 'R_adp': 0.30000000000000004, 'tau_w': 124.5, 'a': 86.0, 'rate_low': 11.0, 'rate_high': 44.0}.[0m
2021-04-20 23:55:34.820592: I tensorflow/compiler/jit/xla_gpu_device.cc:99] Not creating XLA devices, tf_xla_enable_xla_devices not set
maxFreq at 10nA: 1000.0
2021-04-20 23:56:18.212111: I tensorflow/compiler/jit/xla_gpu_device.cc:99] Not creating XLA devices, tf_xla_enable_xla_devices not set
2021-04-20 23:56:50.373361: I tensorflow/compiler/jit/xla_gpu_device.cc:99] Not creating XLA devices, tf_xla_enable_xla_devices not set
mse and spike frequency: 0.09995 0.0
[32m[I 2021-04-20 23:57:21,907][0m Trial 221 finished with values: [0.09995, 0.0] with parameters: {'Vahp': -23.0, 'Vth': -42.5, 'Vmax': 11.5, 't_ref': 0.5, 'R': 1.0, 'tau_m': 33.5, 'R_adp': 0.6, 'tau_w': 218.0, 'a': 416.5, 'rate_low': 35.0, 'rate_high': 50.0}.[0m
2021-04-20 23:57:23.331437: I tensorflow/compiler/jit/xla_gpu_device.cc:99] Not creating XLA devices, tf_xla_enable_xla_devices not set
maxFreq at 10nA: 56.0
2021-04-20 23:58:07.155812: I tensorflow/compiler/jit/xla_gpu_device.cc:99] Not creating XLA devices, tf_xla_enable_xla_devices not set
2021-04-20 23:58:41.483616: I tensorflow/compiler/jit/xla_gpu_device.cc:99] Not creating XLA devices, tf_xla_enable_xla_devices not set
mse and spike frequency: 0.2494 7.77
[32m[I 2021-04-20 23:59:13,046][0m Trial 222 finished with values: [0.2494, 7.77] with parameters: {'Vahp': -37.0, 'Vth': -35.0, 'Vmax': 17.5, 't_ref': 16.5, 'R': 0.4, 'tau_m': 163.0, 'R_adp': 0.6, 'tau_w': 254.0, 'a': 100.0, 'rate_low': 21.0, 'rate_high': 26.0}.[0m
2021-04-20 23:59:14.128298: I tensorflow/compiler/jit/xla_gpu_device.cc:99] Not creating XLA devices, tf_xla_enable_xla_devices not set
maxFreq at 10nA: 1000.0
2021-04-20 23:59:56.026920: I tensorflow/compiler/jit/xla_gpu_device.cc:99] Not creating XLA devices, tf_xla_enable_xla_devices not set
2021-04-21 00:00:29.765535: I tensorflow/compiler/jit/xla_gpu_device.cc:99] Not creating XLA devices, tf_xla_enable_xla_devices not set
mse and spike frequency: 0.09995 0.0
[32m[I 2021-04-21 00:01:02,307][0m Trial 223 finished with values: [0.09995, 0.0] with parameters: {'Vahp': -23.5, 'Vth': -57.0, 'Vmax': 21.5, 't_ref': 6.5, 'R': 1.0, 'tau_m': 284.5, 'R_adp': 0.30000000000000004, 'tau_w': 218.0, 'a': 19.0, 'rate_low': 9.5, 'rate_high': 44.0}.[0m
2021-04-21 00:01:03.351367: I tensorflow/compiler/jit/xla_gpu_device.cc:99] Not creating XLA devices, tf_xla_enable_xla_devices not set
maxFreq at 10nA: 1000.0
2021-04-21 00:01:46.769788: I tensorflow/compiler/jit/xla_gpu_device.cc:99] Not creating XLA devices, tf_xla_enable_xla_devices not set
2021-04-21 00:02:20.631998: I tensorflow/compiler/jit/xla_gpu_device.cc:99] Not creating XLA devices, tf_xla_enable_xla_devices not set
mse and spike frequency: 0.09995 0.0
[32m[I 2021-04-21 00:02:54,685][0m Trial 224 finished with values: [0.09995, 0.0] with parameters: {'Vahp': -47.5, 'Vth': -51.0, 'Vmax': 21.5, 't_ref': 15.5, 'R': 0.5, 'tau_m': 33.5, 'R_adp': 0.30000000000000004, 'tau_w': 120.0, 'a': 416.5, 'rate_low': 12.0, 'rate_high': 50.0}.[0m
2021-04-21 00:02:55.640609: I tensorflow/compiler/jit/xla_gpu_device.cc:99] Not creating XLA devices, tf_xla_enable_xla_devices not set
maxFreq at 10nA: 426.0
2021-04-21 00:03:39.611814: I tensorflow/compiler/jit/xla_gpu_device.cc:99] Not creating XLA devices, tf_xla_enable_xla_devices not set
2021-04-21 00:04:14.001116: I tensorflow/compiler/jit/xla_gpu_device.cc:99] Not creating XLA devices, tf_xla_enable_xla_devices not set
mse and spike frequency: 0.0118 16.99
[32m[I 2021-04-21 00:04:47,039][0m Trial 225 finished with values: [0.0118, 16.99] with parameters: {'Vahp': -59.0, 'Vth': -48.0, 'Vmax': 20.0, 't_ref': 0.5, 'R': 0.8, 'tau_m': 406.5, 'R_adp': 0.1, 'tau_w': 215.5, 'a': 443.0, 'rate_low': 29.5, 'rate_high': 34.5}.[0m
2021-04-21 00:04:48.107016: I tensorflow/compiler/jit/xla_gpu_device.cc:99] Not creating XLA devices, tf_xla_enable_xla_devices not set
maxFreq at 10nA: 1000.0
2021-04-21 00:05:31.657666: I tensorflow/compiler/jit/xla_gpu_device.cc:99] Not creating XLA devices, tf_xla_enable_xla_devices not set
2021-04-21 00:06:06.473511: I tensorflow/compiler/jit/xla_gpu_device.cc:99] Not creating XLA devices, tf_xla_enable_xla_devices not set
mse and spike frequency: 0.09995 0.0
[32m[I 2021-04-21 00:06:40,236][0m Trial 226 finished with values: [0.09995, 0.0] with parameters: {'Vahp': -23.0, 'Vth': -31.5, 'Vmax': 19.0, 't_ref': 4.0, 'R': 1.0, 'tau_m': 91.0, 'R_adp': 0.2, 'tau_w': 422.5, 'a': 396.5, 'rate_low': 46.5, 'rate_high': 50.0}.[0m
2021-04-21 00:06:41.270164: I tensorflow/compiler/jit/xla_gpu_device.cc:99] Not creating XLA devices, tf_xla_enable_xla_devices not set
maxFreq at 10nA: 999.0
2021-04-21 00:07:25.589576: I tensorflow/compiler/jit/xla_gpu_device.cc:99] Not creating XLA devices, tf_xla_enable_xla_devices not set
2021-04-21 00:08:00.638338: I tensorflow/compiler/jit/xla_gpu_device.cc:99] Not creating XLA devices, tf_xla_enable_xla_devices not set
mse and spike frequency: 0.09995 0.0
[32m[I 2021-04-21 00:08:33,717][0m Trial 227 finished with values: [0.09995, 0.0] with parameters: {'Vahp': -30.0, 'Vth': -35.0, 'Vmax': 32.0, 't_ref': 15.5, 'R': 0.7000000000000001, 'tau_m': 406.5, 'R_adp': 0.30000000000000004, 'tau_w': 254.0, 'a': 443.0, 'rate_low': 29.5, 'rate_high': 42.0}.[0m
2021-04-21 00:08:34.674460: I tensorflow/compiler/jit/xla_gpu_device.cc:99] Not creating XLA devices, tf_xla_enable_xla_devices not set
maxFreq at 10nA: 1000.0
2021-04-21 00:09:18.463818: I tensorflow/compiler/jit/xla_gpu_device.cc:99] Not creating XLA devices, tf_xla_enable_xla_devices not set
2021-04-21 00:09:53.108549: I tensorflow/compiler/jit/xla_gpu_device.cc:99] Not creating XLA devices, tf_xla_enable_xla_devices not set
mse and spike frequency: 0.09995 0.0
[32m[I 2021-04-21 00:10:27,416][0m Trial 228 finished with values: [0.09995, 0.0] with parameters: {'Vahp': -42.5, 'Vth': -54.5, 'Vmax': 16.0, 't_ref': 18.0, 'R': 0.7000000000000001, 'tau_m': 33.5, 'R_adp': 0.9, 'tau_w': 55.5, 'a': 419.5, 'rate_low': 9.5, 'rate_high': 36.0}.[0m
2021-04-21 00:10:28.439276: I tensorflow/compiler/jit/xla_gpu_device.cc:99] Not creating XLA devices, tf_xla_enable_xla_devices not set
maxFreq at 10nA: 1000.0
2021-04-21 00:11:13.298206: I tensorflow/compiler/jit/xla_gpu_device.cc:99] Not creating XLA devices, tf_xla_enable_xla_devices not set
2021-04-21 00:11:47.840729: I tensorflow/compiler/jit/xla_gpu_device.cc:99] Not creating XLA devices, tf_xla_enable_xla_devices not set
mse and spike frequency: 0.09995 0.0
