[32m[I 2021-04-20 20:21:40,304][0m Trial 55 finished with values: [0.2702, 42.51] with parameters: {'Vahp': -27.5, 'Vth': -23.5, 'Vmax': 27.0, 't_ref': 3.0, 'R': 1.0, 'tau_m': 85.0, 'R_adp': 0.1, 'tau_w': 298.5, 'a': 397.0, 'rate_low': 41.5, 'rate_high': 44.0}.[0m
2021-04-20 20:21:40.770659: I tensorflow/compiler/jit/xla_gpu_device.cc:99] Not creating XLA devices, tf_xla_enable_xla_devices not set
maxFreq at 10nA: 50.0
2021-04-20 20:22:04.603348: I tensorflow/compiler/jit/xla_gpu_device.cc:99] Not creating XLA devices, tf_xla_enable_xla_devices not set
2021-04-20 20:22:16.506128: I tensorflow/compiler/jit/xla_gpu_device.cc:99] Not creating XLA devices, tf_xla_enable_xla_devices not set
mse and spike frequency: 0.13149 7.11
[32m[I 2021-04-20 20:22:26,938][0m Trial 56 finished with values: [0.13149, 7.11] with parameters: {'Vahp': -32.5, 'Vth': -30.0, 'Vmax': 28.0, 't_ref': 19.0, 'R': 0.4, 'tau_m': 138.5, 'R_adp': 0.6, 'tau_w': 263.0, 'a': 321.5, 'rate_low': 49.0, 'rate_high': 50.0}.[0m
2021-04-20 20:22:27.386815: I tensorflow/compiler/jit/xla_gpu_device.cc:99] Not creating XLA devices, tf_xla_enable_xla_devices not set
maxFreq at 10nA: 999.0
2021-04-20 20:22:51.521527: I tensorflow/compiler/jit/xla_gpu_device.cc:99] Not creating XLA devices, tf_xla_enable_xla_devices not set
2021-04-20 20:23:02.905077: I tensorflow/compiler/jit/xla_gpu_device.cc:99] Not creating XLA devices, tf_xla_enable_xla_devices not set
mse and spike frequency: 0.09995 0.0
[32m[I 2021-04-20 20:23:13,714][0m Trial 57 finished with values: [0.09995, 0.0] with parameters: {'Vahp': -31.0, 'Vth': -48.0, 'Vmax': 36.5, 't_ref': 15.0, 'R': 0.30000000000000004, 'tau_m': 471.5, 'R_adp': 1.0, 'tau_w': 124.5, 'a': 436.5, 'rate_low': 30.5, 'rate_high': 32.0}.[0m
2021-04-20 20:23:14.174721: I tensorflow/compiler/jit/xla_gpu_device.cc:99] Not creating XLA devices, tf_xla_enable_xla_devices not set
maxFreq at 10nA: 50.0
2021-04-20 20:23:38.780648: I tensorflow/compiler/jit/xla_gpu_device.cc:99] Not creating XLA devices, tf_xla_enable_xla_devices not set
2021-04-20 20:23:50.092258: I tensorflow/compiler/jit/xla_gpu_device.cc:99] Not creating XLA devices, tf_xla_enable_xla_devices not set
mse and spike frequency: 0.16629 2.85
[32m[I 2021-04-20 20:24:01,319][0m Trial 58 finished with values: [0.16629, 2.85] with parameters: {'Vahp': -38.0, 'Vth': -32.5, 'Vmax': 32.0, 't_ref': 19.0, 'R': 0.4, 'tau_m': 17.0, 'R_adp': 0.9, 'tau_w': 263.0, 'a': 242.5, 'rate_low': 7.5, 'rate_high': 37.5}.[0m
2021-04-20 20:24:01.799150: I tensorflow/compiler/jit/xla_gpu_device.cc:99] Not creating XLA devices, tf_xla_enable_xla_devices not set
maxFreq at 10nA: 32.0
2021-04-20 20:24:26.821245: I tensorflow/compiler/jit/xla_gpu_device.cc:99] Not creating XLA devices, tf_xla_enable_xla_devices not set
2021-04-20 20:24:38.646323: I tensorflow/compiler/jit/xla_gpu_device.cc:99] Not creating XLA devices, tf_xla_enable_xla_devices not set
mse and spike frequency: 0.16385 0.53
[32m[I 2021-04-20 20:24:49,806][0m Trial 59 finished with values: [0.16385, 0.53] with parameters: {'Vahp': -48.5, 'Vth': -42.0, 'Vmax': 37.0, 't_ref': 1.0, 'R': 0.1, 'tau_m': 289.0, 'R_adp': 0.8, 'tau_w': 356.5, 'a': 134.0, 'rate_low': 10.0, 'rate_high': 21.5}.[0m
2021-04-20 20:24:50.256256: I tensorflow/compiler/jit/xla_gpu_device.cc:99] Not creating XLA devices, tf_xla_enable_xla_devices not set
maxFreq at 10nA: 215.0
2021-04-20 20:25:15.172157: I tensorflow/compiler/jit/xla_gpu_device.cc:99] Not creating XLA devices, tf_xla_enable_xla_devices not set
2021-04-20 20:25:27.180067: I tensorflow/compiler/jit/xla_gpu_device.cc:99] Not creating XLA devices, tf_xla_enable_xla_devices not set
mse and spike frequency: 0.06182 5.79
[32m[I 2021-04-20 20:25:38,516][0m Trial 60 finished with values: [0.06182, 5.79] with parameters: {'Vahp': -31.0, 'Vth': -25.0, 'Vmax': 18.5, 't_ref': 2.5, 'R': 0.5, 'tau_m': 245.0, 'R_adp': 0.9, 'tau_w': 126.5, 'a': 149.0, 'rate_low': 16.0, 'rate_high': 39.0}.[0m
2021-04-20 20:25:38.999824: I tensorflow/compiler/jit/xla_gpu_device.cc:99] Not creating XLA devices, tf_xla_enable_xla_devices not set
maxFreq at 10nA: 77.0
2021-04-20 20:26:04.240242: I tensorflow/compiler/jit/xla_gpu_device.cc:99] Not creating XLA devices, tf_xla_enable_xla_devices not set
2021-04-20 20:26:16.872434: I tensorflow/compiler/jit/xla_gpu_device.cc:99] Not creating XLA devices, tf_xla_enable_xla_devices not set
mse and spike frequency: 0.01472 17.54
[32m[I 2021-04-20 20:26:28,335][0m Trial 61 finished with values: [0.01472, 17.54] with parameters: {'Vahp': -27.5, 'Vth': -23.5, 'Vmax': 17.5, 't_ref': 12.0, 'R': 1.0, 'tau_m': 323.5, 'R_adp': 0.1, 'tau_w': 298.5, 'a': 397.0, 'rate_low': 26.5, 'rate_high': 48.5}.[0m
2021-04-20 20:26:28.841852: I tensorflow/compiler/jit/xla_gpu_device.cc:99] Not creating XLA devices, tf_xla_enable_xla_devices not set
maxFreq at 10nA: 140.0
2021-04-20 20:26:54.288399: I tensorflow/compiler/jit/xla_gpu_device.cc:99] Not creating XLA devices, tf_xla_enable_xla_devices not set
2021-04-20 20:27:07.456305: I tensorflow/compiler/jit/xla_gpu_device.cc:99] Not creating XLA devices, tf_xla_enable_xla_devices not set
mse and spike frequency: 0.09639 8.41
[32m[I 2021-04-20 20:27:19,240][0m Trial 62 finished with values: [0.09639, 8.41] with parameters: {'Vahp': -51.0, 'Vth': -24.5, 'Vmax': 14.0, 't_ref': 5.0, 'R': 0.6, 'tau_m': 214.0, 'R_adp': 0.2, 'tau_w': 436.0, 'a': 298.0, 'rate_low': 40.5, 'rate_high': 48.0}.[0m
2021-04-20 20:27:19.771536: I tensorflow/compiler/jit/xla_gpu_device.cc:99] Not creating XLA devices, tf_xla_enable_xla_devices not set
maxFreq at 10nA: 143.0
2021-04-20 20:27:45.552232: I tensorflow/compiler/jit/xla_gpu_device.cc:99] Not creating XLA devices, tf_xla_enable_xla_devices not set
2021-04-20 20:27:58.982499: I tensorflow/compiler/jit/xla_gpu_device.cc:99] Not creating XLA devices, tf_xla_enable_xla_devices not set
mse and spike frequency: 0.00491 4.92
[32m[I 2021-04-20 20:28:10,618][0m Trial 63 finished with values: [0.00491, 4.92] with parameters: {'Vahp': -48.5, 'Vth': -21.0, 'Vmax': 22.0, 't_ref': 3.5, 'R': 0.5, 'tau_m': 444.0, 'R_adp': 0.7000000000000001, 'tau_w': 59.5, 'a': 151.0, 'rate_low': 16.0, 'rate_high': 39.0}.[0m
2021-04-20 20:28:11.141451: I tensorflow/compiler/jit/xla_gpu_device.cc:99] Not creating XLA devices, tf_xla_enable_xla_devices not set
maxFreq at 10nA: 90.0
2021-04-20 20:28:36.258276: I tensorflow/compiler/jit/xla_gpu_device.cc:99] Not creating XLA devices, tf_xla_enable_xla_devices not set
2021-04-20 20:28:49.397952: I tensorflow/compiler/jit/xla_gpu_device.cc:99] Not creating XLA devices, tf_xla_enable_xla_devices not set
mse and spike frequency: 2.86765 7.17
[32m[I 2021-04-20 20:29:00,862][0m Trial 64 finished with values: [2.86765, 7.17] with parameters: {'Vahp': -38.0, 'Vth': -32.5, 'Vmax': 29.5, 't_ref': 3.5, 'R': 0.4, 'tau_m': 398.0, 'R_adp': 0.8, 'tau_w': 485.0, 'a': 148.5, 'rate_low': 7.5, 'rate_high': 37.5}.[0m
2021-04-20 20:29:01.376460: I tensorflow/compiler/jit/xla_gpu_device.cc:99] Not creating XLA devices, tf_xla_enable_xla_devices not set
maxFreq at 10nA: 1000.0
2021-04-20 20:29:26.270172: I tensorflow/compiler/jit/xla_gpu_device.cc:99] Not creating XLA devices, tf_xla_enable_xla_devices not set
2021-04-20 20:29:39.321058: I tensorflow/compiler/jit/xla_gpu_device.cc:99] Not creating XLA devices, tf_xla_enable_xla_devices not set
mse and spike frequency: 0.09995 0.0
[32m[I 2021-04-20 20:29:50,707][0m Trial 65 finished with values: [0.09995, 0.0] with parameters: {'Vahp': -38.0, 'Vth': -56.0, 'Vmax': 38.5, 't_ref': 12.5, 'R': 0.5, 'tau_m': 179.5, 'R_adp': 1.0, 'tau_w': 437.5, 'a': 195.0, 'rate_low': 10.0, 'rate_high': 46.5}.[0m
2021-04-20 20:29:51.223981: I tensorflow/compiler/jit/xla_gpu_device.cc:99] Not creating XLA devices, tf_xla_enable_xla_devices not set
maxFreq at 10nA: 167.0
2021-04-20 20:30:16.910717: I tensorflow/compiler/jit/xla_gpu_device.cc:99] Not creating XLA devices, tf_xla_enable_xla_devices not set
2021-04-20 20:30:30.268089: I tensorflow/compiler/jit/xla_gpu_device.cc:99] Not creating XLA devices, tf_xla_enable_xla_devices not set
mse and spike frequency: 0.0203 29.05
[32m[I 2021-04-20 20:30:41,887][0m Trial 66 finished with values: [0.0203, 29.05] with parameters: {'Vahp': -47.0, 'Vth': -42.0, 'Vmax': 30.5, 't_ref': 5.0, 'R': 0.2, 'tau_m': 59.0, 'R_adp': 0.30000000000000004, 'tau_w': 101.5, 'a': 61.5, 'rate_low': 39.0, 'rate_high': 47.0}.[0m
2021-04-20 20:30:42.399742: I tensorflow/compiler/jit/xla_gpu_device.cc:99] Not creating XLA devices, tf_xla_enable_xla_devices not set
maxFreq at 10nA: 1000.0
2021-04-20 20:31:07.138041: I tensorflow/compiler/jit/xla_gpu_device.cc:99] Not creating XLA devices, tf_xla_enable_xla_devices not set
2021-04-20 20:31:20.252730: I tensorflow/compiler/jit/xla_gpu_device.cc:99] Not creating XLA devices, tf_xla_enable_xla_devices not set
mse and spike frequency: 0.09995 0.0
[32m[I 2021-04-20 20:31:32,122][0m Trial 67 finished with values: [0.09995, 0.0] with parameters: {'Vahp': -44.5, 'Vth': -51.5, 'Vmax': 35.5, 't_ref': 11.5, 'R': 0.5, 'tau_m': 316.0, 'R_adp': 0.9, 'tau_w': 234.0, 'a': 134.5, 'rate_low': 12.5, 'rate_high': 26.0}.[0m
2021-04-20 20:31:32.623366: I tensorflow/compiler/jit/xla_gpu_device.cc:99] Not creating XLA devices, tf_xla_enable_xla_devices not set
maxFreq at 10nA: 200.0
2021-04-20 20:31:57.188201: I tensorflow/compiler/jit/xla_gpu_device.cc:99] Not creating XLA devices, tf_xla_enable_xla_devices not set
2021-04-20 20:32:10.986736: I tensorflow/compiler/jit/xla_gpu_device.cc:99] Not creating XLA devices, tf_xla_enable_xla_devices not set
mse and spike frequency: 0.013 64.83
[32m[I 2021-04-20 20:32:22,808][0m Trial 68 finished with values: [0.013, 64.83] with parameters: {'Vahp': -58.5, 'Vth': -57.0, 'Vmax': 22.0, 't_ref': 4.0, 'R': 1.0, 'tau_m': 440.5, 'R_adp': 0.1, 'tau_w': 98.0, 'a': 151.0, 'rate_low': 32.5, 'rate_high': 36.0}.[0m
2021-04-20 20:32:23.294254: I tensorflow/compiler/jit/xla_gpu_device.cc:99] Not creating XLA devices, tf_xla_enable_xla_devices not set
maxFreq at 10nA: 72.0
2021-04-20 20:32:49.018080: I tensorflow/compiler/jit/xla_gpu_device.cc:99] Not creating XLA devices, tf_xla_enable_xla_devices not set
2021-04-20 20:33:03.070749: I tensorflow/compiler/jit/xla_gpu_device.cc:99] Not creating XLA devices, tf_xla_enable_xla_devices not set
mse and spike frequency: 0.12196 21.4
[32m[I 2021-04-20 20:33:15,390][0m Trial 69 finished with values: [0.12196, 21.4] with parameters: {'Vahp': -59.0, 'Vth': -58.0, 'Vmax': 33.0, 't_ref': 12.5, 'R': 0.4, 'tau_m': 17.5, 'R_adp': 0.1, 'tau_w': 277.0, 'a': 307.0, 'rate_low': 48.0, 'rate_high': 46.0}.[0m
2021-04-20 20:33:15.855870: I tensorflow/compiler/jit/xla_gpu_device.cc:99] Not creating XLA devices, tf_xla_enable_xla_devices not set
maxFreq at 10nA: 250.0
2021-04-20 20:33:40.952137: I tensorflow/compiler/jit/xla_gpu_device.cc:99] Not creating XLA devices, tf_xla_enable_xla_devices not set
2021-04-20 20:33:55.452198: I tensorflow/compiler/jit/xla_gpu_device.cc:99] Not creating XLA devices, tf_xla_enable_xla_devices not set
mse and spike frequency: 0.005 80.7
[32m[I 2021-04-20 20:34:08,117][0m Trial 70 finished with values: [0.005, 80.7] with parameters: {'Vahp': -43.5, 'Vth': -36.5, 'Vmax': 19.0, 't_ref': 3.0, 'R': 0.7000000000000001, 'tau_m': 84.0, 'R_adp': 0.1, 'tau_w': 19.0, 'a': 460.0, 'rate_low': 41.5, 'rate_high': 44.0}.[0m
2021-04-20 20:34:08.615579: I tensorflow/compiler/jit/xla_gpu_device.cc:99] Not creating XLA devices, tf_xla_enable_xla_devices not set
maxFreq at 10nA: 250.0
2021-04-20 20:34:33.839951: I tensorflow/compiler/jit/xla_gpu_device.cc:99] Not creating XLA devices, tf_xla_enable_xla_devices not set
2021-04-20 20:34:48.051464: I tensorflow/compiler/jit/xla_gpu_device.cc:99] Not creating XLA devices, tf_xla_enable_xla_devices not set
mse and spike frequency: 0.048 10.21
[32m[I 2021-04-20 20:35:00,918][0m Trial 71 finished with values: [0.048, 10.21] with parameters: {'Vahp': -28.0, 'Vth': -27.0, 'Vmax': 11.0, 't_ref': 3.0, 'R': 0.7000000000000001, 'tau_m': 417.0, 'R_adp': 0.4, 'tau_w': 98.0, 'a': 409.5, 'rate_low': 17.5, 'rate_high': 44.0}.[0m
2021-04-20 20:35:01.382139: I tensorflow/compiler/jit/xla_gpu_device.cc:99] Not creating XLA devices, tf_xla_enable_xla_devices not set
maxFreq at 10nA: 1000.0
2021-04-20 20:35:26.566524: I tensorflow/compiler/jit/xla_gpu_device.cc:99] Not creating XLA devices, tf_xla_enable_xla_devices not set
2021-04-20 20:35:40.917275: I tensorflow/compiler/jit/xla_gpu_device.cc:99] Not creating XLA devices, tf_xla_enable_xla_devices not set
mse and spike frequency: 0.09996 1000.1
[32m[I 2021-04-20 20:35:53,901][0m Trial 72 finished with values: [0.09996, 1000.1] with parameters: {'Vahp': -59.0, 'Vth': -59.0, 'Vmax': 33.0, 't_ref': 12.5, 'R': 0.4, 'tau_m': 57.5, 'R_adp': 0.8, 'tau_w': 277.0, 'a': 228.0, 'rate_low': 48.0, 'rate_high': 48.0}.[0m
2021-04-20 20:35:54.360070: I tensorflow/compiler/jit/xla_gpu_device.cc:99] Not creating XLA devices, tf_xla_enable_xla_devices not set
maxFreq at 10nA: 1000.0
2021-04-20 20:36:19.916986: I tensorflow/compiler/jit/xla_gpu_device.cc:99] Not creating XLA devices, tf_xla_enable_xla_devices not set
2021-04-20 20:36:33.831485: I tensorflow/compiler/jit/xla_gpu_device.cc:99] Not creating XLA devices, tf_xla_enable_xla_devices not set
mse and spike frequency: 0.09995 0.0
[32m[I 2021-04-20 20:36:47,061][0m Trial 73 finished with values: [0.09995, 0.0] with parameters: {'Vahp': -39.5, 'Vth': -58.0, 'Vmax': 36.0, 't_ref': 3.5, 'R': 0.4, 'tau_m': 313.5, 'R_adp': 0.7000000000000001, 'tau_w': 473.0, 'a': 318.5, 'rate_low': 12.0, 'rate_high': 44.5}.[0m
2021-04-20 20:36:47.529488: I tensorflow/compiler/jit/xla_gpu_device.cc:99] Not creating XLA devices, tf_xla_enable_xla_devices not set
maxFreq at 10nA: 132.0
2021-04-20 20:37:13.458110: I tensorflow/compiler/jit/xla_gpu_device.cc:99] Not creating XLA devices, tf_xla_enable_xla_devices not set
2021-04-20 20:37:28.041088: I tensorflow/compiler/jit/xla_gpu_device.cc:99] Not creating XLA devices, tf_xla_enable_xla_devices not set
mse and spike frequency: 0.0967 5.43
[32m[I 2021-04-20 20:37:41,554][0m Trial 74 finished with values: [0.0967, 5.43] with parameters: {'Vahp': -48.5, 'Vth': -22.0, 'Vmax': 14.0, 't_ref': 5.0, 'R': 0.6, 'tau_m': 214.0, 'R_adp': 0.8, 'tau_w': 277.5, 'a': 134.0, 'rate_low': 36.5, 'rate_high': 21.5}.[0m
2021-04-20 20:37:42.058628: I tensorflow/compiler/jit/xla_gpu_device.cc:99] Not creating XLA devices, tf_xla_enable_xla_devices not set
maxFreq at 10nA: 50.0
2021-04-20 20:38:08.139389: I tensorflow/compiler/jit/xla_gpu_device.cc:99] Not creating XLA devices, tf_xla_enable_xla_devices not set
2021-04-20 20:38:23.663136: I tensorflow/compiler/jit/xla_gpu_device.cc:99] Not creating XLA devices, tf_xla_enable_xla_devices not set
mse and spike frequency: 0.11999 9.95
[32m[I 2021-04-20 20:38:38,233][0m Trial 75 finished with values: [0.11999, 9.95] with parameters: {'Vahp': -21.5, 'Vth': -20.5, 'Vmax': 20.5, 't_ref': 18.5, 'R': 0.5, 'tau_m': 138.5, 'R_adp': 0.30000000000000004, 'tau_w': 179.5, 'a': 475.0, 'rate_low': 48.5, 'rate_high': 50.0}.[0m
2021-04-20 20:38:38.725810: I tensorflow/compiler/jit/xla_gpu_device.cc:99] Not creating XLA devices, tf_xla_enable_xla_devices not set
maxFreq at 10nA: 56.0
2021-04-20 20:39:04.960932: I tensorflow/compiler/jit/xla_gpu_device.cc:99] Not creating XLA devices, tf_xla_enable_xla_devices not set
2021-04-20 20:39:20.347716: I tensorflow/compiler/jit/xla_gpu_device.cc:99] Not creating XLA devices, tf_xla_enable_xla_devices not set
mse and spike frequency: 0.01099 7.46
[32m[I 2021-04-20 20:39:34,973][0m Trial 76 finished with values: [0.01099, 7.46] with parameters: {'Vahp': -43.5, 'Vth': -21.5, 'Vmax': 18.0, 't_ref': 16.0, 'R': 0.1, 'tau_m': 85.0, 'R_adp': 0.1, 'tau_w': 19.0, 'a': 460.0, 'rate_low': 41.5, 'rate_high': 44.0}.[0m
2021-04-20 20:39:35.506333: I tensorflow/compiler/jit/xla_gpu_device.cc:99] Not creating XLA devices, tf_xla_enable_xla_devices not set
maxFreq at 10nA: 21.0
2021-04-20 20:40:02.012237: I tensorflow/compiler/jit/xla_gpu_device.cc:99] Not creating XLA devices, tf_xla_enable_xla_devices not set
2021-04-20 20:40:16.868218: I tensorflow/compiler/jit/xla_gpu_device.cc:99] Not creating XLA devices, tf_xla_enable_xla_devices not set
mse and spike frequency: 0.09433 0.64
[32m[I 2021-04-20 20:40:30,565][0m Trial 77 finished with values: [0.09433, 0.64] with parameters: {'Vahp': -46.5, 'Vth': -41.5, 'Vmax': 36.5, 't_ref': 15.0, 'R': 0.30000000000000004, 'tau_m': 471.5, 'R_adp': 1.0, 'tau_w': 450.5, 'a': 436.5, 'rate_low': 33.5, 'rate_high': 39.5}.[0m
2021-04-20 20:40:31.147683: I tensorflow/compiler/jit/xla_gpu_device.cc:99] Not creating XLA devices, tf_xla_enable_xla_devices not set
maxFreq at 10nA: 51.0
2021-04-20 20:40:57.417064: I tensorflow/compiler/jit/xla_gpu_device.cc:99] Not creating XLA devices, tf_xla_enable_xla_devices not set
2021-04-20 20:41:12.017598: I tensorflow/compiler/jit/xla_gpu_device.cc:99] Not creating XLA devices, tf_xla_enable_xla_devices not set
mse and spike frequency: 0.0379 1.84
[32m[I 2021-04-20 20:41:25,491][0m Trial 78 finished with values: [0.0379, 1.84] with parameters: {'Vahp': -49.0, 'Vth': -32.5, 'Vmax': 11.5, 't_ref': 13.0, 'R': 0.4, 'tau_m': 440.5, 'R_adp': 0.8, 'tau_w': 263.0, 'a': 321.5, 'rate_low': 32.5, 'rate_high': 36.0}.[0m
2021-04-20 20:41:26.056711: I tensorflow/compiler/jit/xla_gpu_device.cc:99] Not creating XLA devices, tf_xla_enable_xla_devices not set
maxFreq at 10nA: 1000.0
2021-04-20 20:41:52.557888: I tensorflow/compiler/jit/xla_gpu_device.cc:99] Not creating XLA devices, tf_xla_enable_xla_devices not set
2021-04-20 20:42:06.971996: I tensorflow/compiler/jit/xla_gpu_device.cc:99] Not creating XLA devices, tf_xla_enable_xla_devices not set
mse and spike frequency: 0.09996 1000.1
[32m[I 2021-04-20 20:42:20,277][0m Trial 79 finished with values: [0.09996, 1000.1] with parameters: {'Vahp': -52.5, 'Vth': -59.5, 'Vmax': 14.0, 't_ref': 12.5, 'R': 0.5, 'tau_m': 214.0, 'R_adp': 0.7000000000000001, 'tau_w': 183.0, 'a': 298.0, 'rate_low': 12.0, 'rate_high': 37.5}.[0m
2021-04-20 20:42:20.804479: I tensorflow/compiler/jit/xla_gpu_device.cc:99] Not creating XLA devices, tf_xla_enable_xla_devices not set
maxFreq at 10nA: 995.0
2021-04-20 20:42:47.371504: I tensorflow/compiler/jit/xla_gpu_device.cc:99] Not creating XLA devices, tf_xla_enable_xla_devices not set
2021-04-20 20:43:01.574023: I tensorflow/compiler/jit/xla_gpu_device.cc:99] Not creating XLA devices, tf_xla_enable_xla_devices not set
mse and spike frequency: 0.09995 0.0
[32m[I 2021-04-20 20:43:14,669][0m Trial 80 finished with values: [0.09995, 0.0] with parameters: {'Vahp': -28.0, 'Vth': -29.5, 'Vmax': 17.5, 't_ref': 18.0, 'R': 0.1, 'tau_m': 185.0, 'R_adp': 0.8, 'tau_w': 102.0, 'a': 207.0, 'rate_low': 20.0, 'rate_high': 22.5}.[0m
2021-04-20 20:43:15.234506: I tensorflow/compiler/jit/xla_gpu_device.cc:99] Not creating XLA devices, tf_xla_enable_xla_devices not set
maxFreq at 10nA: 1000.0
2021-04-20 20:43:42.044690: I tensorflow/compiler/jit/xla_gpu_device.cc:99] Not creating XLA devices, tf_xla_enable_xla_devices not set
2021-04-20 20:43:56.939055: I tensorflow/compiler/jit/xla_gpu_device.cc:99] Not creating XLA devices, tf_xla_enable_xla_devices not set
mse and spike frequency: 0.09995 0.0
[32m[I 2021-04-20 20:44:10,051][0m Trial 81 finished with values: [0.09995, 0.0] with parameters: {'Vahp': -21.0, 'Vth': -24.0, 'Vmax': 18.0, 't_ref': 0.5, 'R': 0.9, 'tau_m': 85.0, 'R_adp': 0.1, 'tau_w': 19.0, 'a': 460.0, 'rate_low': 13.0, 'rate_high': 44.0}.[0m
2021-04-20 20:44:10.567646: I tensorflow/compiler/jit/xla_gpu_device.cc:99] Not creating XLA devices, tf_xla_enable_xla_devices not set
maxFreq at 10nA: 167.0
2021-04-20 20:44:37.454989: I tensorflow/compiler/jit/xla_gpu_device.cc:99] Not creating XLA devices, tf_xla_enable_xla_devices not set
2021-04-20 20:44:52.390984: I tensorflow/compiler/jit/xla_gpu_device.cc:99] Not creating XLA devices, tf_xla_enable_xla_devices not set
mse and spike frequency: 0.0053 9.14
[32m[I 2021-04-20 20:45:05,755][0m Trial 82 finished with values: [0.0053, 9.14] with parameters: {'Vahp': -43.5, 'Vth': -21.5, 'Vmax': 18.0, 't_ref': 3.0, 'R': 0.1, 'tau_m': 85.0, 'R_adp': 0.1, 'tau_w': 19.0, 'a': 460.0, 'rate_low': 41.5, 'rate_high': 44.0}.[0m
2021-04-20 20:45:06.234875: I tensorflow/compiler/jit/xla_gpu_device.cc:99] Not creating XLA devices, tf_xla_enable_xla_devices not set
maxFreq at 10nA: 112.0
2021-04-20 20:45:33.311531: I tensorflow/compiler/jit/xla_gpu_device.cc:99] Not creating XLA devices, tf_xla_enable_xla_devices not set
2021-04-20 20:45:48.432270: I tensorflow/compiler/jit/xla_gpu_device.cc:99] Not creating XLA devices, tf_xla_enable_xla_devices not set
mse and spike frequency: 0.02609 1.34
[32m[I 2021-04-20 20:46:01,717][0m Trial 83 finished with values: [0.02609, 1.34] with parameters: {'Vahp': -52.5, 'Vth': -21.5, 'Vmax': 18.0, 't_ref': 3.0, 'R': 0.1, 'tau_m': 85.0, 'R_adp': 0.8, 'tau_w': 19.0, 'a': 318.5, 'rate_low': 12.0, 'rate_high': 44.0}.[0m
2021-04-20 20:46:02.202773: I tensorflow/compiler/jit/xla_gpu_device.cc:99] Not creating XLA devices, tf_xla_enable_xla_devices not set
maxFreq at 10nA: 997.0
2021-04-20 20:46:28.525721: I tensorflow/compiler/jit/xla_gpu_device.cc:99] Not creating XLA devices, tf_xla_enable_xla_devices not set
2021-04-20 20:46:44.203921: I tensorflow/compiler/jit/xla_gpu_device.cc:99] Not creating XLA devices, tf_xla_enable_xla_devices not set
mse and spike frequency: 0.09995 0.0
