[32m[I 2021-04-20 21:16:52,708][0m Trial 113 finished with values: [0.09995, 0.0] with parameters: {'Vahp': -31.5, 'Vth': -38.5, 'Vmax': 21.5, 't_ref': 15.5, 'R': 0.5, 'tau_m': 329.5, 'R_adp': 0.9, 'tau_w': 0.5, 'a': 355.5, 'rate_low': 11.0, 'rate_high': 19.0}.[0m
2021-04-20 21:16:53.282067: I tensorflow/compiler/jit/xla_gpu_device.cc:99] Not creating XLA devices, tf_xla_enable_xla_devices not set
maxFreq at 10nA: 84.0
2021-04-20 21:17:23.907802: I tensorflow/compiler/jit/xla_gpu_device.cc:99] Not creating XLA devices, tf_xla_enable_xla_devices not set
2021-04-20 21:17:42.774378: I tensorflow/compiler/jit/xla_gpu_device.cc:99] Not creating XLA devices, tf_xla_enable_xla_devices not set
mse and spike frequency: 0.39533 9.87
[32m[I 2021-04-20 21:18:01,021][0m Trial 114 finished with values: [0.39533, 9.87] with parameters: {'Vahp': -47.5, 'Vth': -42.0, 'Vmax': 33.5, 't_ref': 10.5, 'R': 0.7000000000000001, 'tau_m': 140.0, 'R_adp': 0.7000000000000001, 'tau_w': 309.0, 'a': 168.0, 'rate_low': 25.5, 'rate_high': 15.0}.[0m
2021-04-20 21:18:01.660688: I tensorflow/compiler/jit/xla_gpu_device.cc:99] Not creating XLA devices, tf_xla_enable_xla_devices not set
maxFreq at 10nA: 54.0
2021-04-20 21:18:32.440097: I tensorflow/compiler/jit/xla_gpu_device.cc:99] Not creating XLA devices, tf_xla_enable_xla_devices not set
2021-04-20 21:18:52.041362: I tensorflow/compiler/jit/xla_gpu_device.cc:99] Not creating XLA devices, tf_xla_enable_xla_devices not set
mse and spike frequency: 0.19006 1.26
[32m[I 2021-04-20 21:19:10,111][0m Trial 115 finished with values: [0.19006, 1.26] with parameters: {'Vahp': -41.0, 'Vth': -37.5, 'Vmax': 12.5, 't_ref': 16.5, 'R': 0.2, 'tau_m': 108.0, 'R_adp': 1.0, 'tau_w': 409.5, 'a': 95.5, 'rate_low': 2.5, 'rate_high': 26.0}.[0m
2021-04-20 21:19:10.767773: I tensorflow/compiler/jit/xla_gpu_device.cc:99] Not creating XLA devices, tf_xla_enable_xla_devices not set
maxFreq at 10nA: 997.0
2021-04-20 21:19:41.617162: I tensorflow/compiler/jit/xla_gpu_device.cc:99] Not creating XLA devices, tf_xla_enable_xla_devices not set
2021-04-20 21:20:01.605027: I tensorflow/compiler/jit/xla_gpu_device.cc:99] Not creating XLA devices, tf_xla_enable_xla_devices not set
mse and spike frequency: 0.09995 0.0
[32m[I 2021-04-20 21:20:19,367][0m Trial 116 finished with values: [0.09995, 0.0] with parameters: {'Vahp': -42.5, 'Vth': -44.5, 'Vmax': 13.5, 't_ref': 0.5, 'R': 0.1, 'tau_m': 271.5, 'R_adp': 0.1, 'tau_w': 254.0, 'a': 182.5, 'rate_low': 3.0, 'rate_high': 49.5}.[0m
2021-04-20 21:20:20.092899: I tensorflow/compiler/jit/xla_gpu_device.cc:99] Not creating XLA devices, tf_xla_enable_xla_devices not set
maxFreq at 10nA: 1000.0
2021-04-20 21:20:50.639623: I tensorflow/compiler/jit/xla_gpu_device.cc:99] Not creating XLA devices, tf_xla_enable_xla_devices not set
2021-04-20 21:21:10.691144: I tensorflow/compiler/jit/xla_gpu_device.cc:99] Not creating XLA devices, tf_xla_enable_xla_devices not set
mse and spike frequency: 0.09995 0.0
[32m[I 2021-04-20 21:21:28,999][0m Trial 117 finished with values: [0.09995, 0.0] with parameters: {'Vahp': -31.5, 'Vth': -42.5, 'Vmax': 11.5, 't_ref': 11.5, 'R': 1.0, 'tau_m': 329.5, 'R_adp': 0.5, 'tau_w': 218.0, 'a': 165.5, 'rate_low': 35.0, 'rate_high': 19.0}.[0m
2021-04-20 21:21:29.910846: I tensorflow/compiler/jit/xla_gpu_device.cc:99] Not creating XLA devices, tf_xla_enable_xla_devices not set
maxFreq at 10nA: 1000.0
2021-04-20 21:22:00.460326: I tensorflow/compiler/jit/xla_gpu_device.cc:99] Not creating XLA devices, tf_xla_enable_xla_devices not set
2021-04-20 21:22:20.761452: I tensorflow/compiler/jit/xla_gpu_device.cc:99] Not creating XLA devices, tf_xla_enable_xla_devices not set
mse and spike frequency: 0.09995 0.0
[32m[I 2021-04-20 21:22:39,404][0m Trial 118 finished with values: [0.09995, 0.0] with parameters: {'Vahp': -23.0, 'Vth': -48.0, 'Vmax': 32.0, 't_ref': 6.5, 'R': 1.0, 'tau_m': 284.5, 'R_adp': 0.30000000000000004, 'tau_w': 298.0, 'a': 453.5, 'rate_low': 26.5, 'rate_high': 50.0}.[0m
2021-04-20 21:22:40.023226: I tensorflow/compiler/jit/xla_gpu_device.cc:99] Not creating XLA devices, tf_xla_enable_xla_devices not set
maxFreq at 10nA: 1000.0
2021-04-20 21:23:11.309462: I tensorflow/compiler/jit/xla_gpu_device.cc:99] Not creating XLA devices, tf_xla_enable_xla_devices not set
2021-04-20 21:23:31.606178: I tensorflow/compiler/jit/xla_gpu_device.cc:99] Not creating XLA devices, tf_xla_enable_xla_devices not set
mse and spike frequency: 0.09995 0.0
[32m[I 2021-04-20 21:23:49,883][0m Trial 119 finished with values: [0.09995, 0.0] with parameters: {'Vahp': -22.0, 'Vth': -43.5, 'Vmax': 32.0, 't_ref': 15.5, 'R': 1.0, 'tau_m': 406.5, 'R_adp': 0.7000000000000001, 'tau_w': 120.0, 'a': 416.5, 'rate_low': 26.5, 'rate_high': 40.0}.[0m
2021-04-20 21:23:50.506601: I tensorflow/compiler/jit/xla_gpu_device.cc:99] Not creating XLA devices, tf_xla_enable_xla_devices not set
maxFreq at 10nA: 1000.0
2021-04-20 21:24:21.998749: I tensorflow/compiler/jit/xla_gpu_device.cc:99] Not creating XLA devices, tf_xla_enable_xla_devices not set
2021-04-20 21:24:42.199405: I tensorflow/compiler/jit/xla_gpu_device.cc:99] Not creating XLA devices, tf_xla_enable_xla_devices not set
mse and spike frequency: 0.09995 0.0
[32m[I 2021-04-20 21:25:01,145][0m Trial 120 finished with values: [0.09995, 0.0] with parameters: {'Vahp': -21.0, 'Vth': -53.5, 'Vmax': 18.0, 't_ref': 13.5, 'R': 0.4, 'tau_m': 195.0, 'R_adp': 0.2, 'tau_w': 475.5, 'a': 337.0, 'rate_low': 12.0, 'rate_high': 49.5}.[0m
2021-04-20 21:25:01.722056: I tensorflow/compiler/jit/xla_gpu_device.cc:99] Not creating XLA devices, tf_xla_enable_xla_devices not set
maxFreq at 10nA: 1000.0
2021-04-20 21:25:33.242775: I tensorflow/compiler/jit/xla_gpu_device.cc:99] Not creating XLA devices, tf_xla_enable_xla_devices not set
2021-04-20 21:25:53.585320: I tensorflow/compiler/jit/xla_gpu_device.cc:99] Not creating XLA devices, tf_xla_enable_xla_devices not set
mse and spike frequency: 0.09995 0.0
[32m[I 2021-04-20 21:26:12,285][0m Trial 121 finished with values: [0.09995, 0.0] with parameters: {'Vahp': -25.5, 'Vth': -42.0, 'Vmax': 21.5, 't_ref': 18.0, 'R': 0.4, 'tau_m': 64.5, 'R_adp': 0.4, 'tau_w': 268.0, 'a': 243.5, 'rate_low': 49.0, 'rate_high': 49.5}.[0m
2021-04-20 21:26:12.876056: I tensorflow/compiler/jit/xla_gpu_device.cc:99] Not creating XLA devices, tf_xla_enable_xla_devices not set
maxFreq at 10nA: 1000.0
2021-04-20 21:26:44.595510: I tensorflow/compiler/jit/xla_gpu_device.cc:99] Not creating XLA devices, tf_xla_enable_xla_devices not set
2021-04-20 21:27:04.639935: I tensorflow/compiler/jit/xla_gpu_device.cc:99] Not creating XLA devices, tf_xla_enable_xla_devices not set
mse and spike frequency: 0.09995 0.0
[32m[I 2021-04-20 21:27:23,138][0m Trial 122 finished with values: [0.09995, 0.0] with parameters: {'Vahp': -25.5, 'Vth': -52.0, 'Vmax': 36.5, 't_ref': 10.5, 'R': 0.7000000000000001, 'tau_m': 91.0, 'R_adp': 0.5, 'tau_w': 429.0, 'a': 295.0, 'rate_low': 50.0, 'rate_high': 50.0}.[0m
2021-04-20 21:27:23.758681: I tensorflow/compiler/jit/xla_gpu_device.cc:99] Not creating XLA devices, tf_xla_enable_xla_devices not set
maxFreq at 10nA: 1000.0
2021-04-20 21:27:55.776744: I tensorflow/compiler/jit/xla_gpu_device.cc:99] Not creating XLA devices, tf_xla_enable_xla_devices not set
2021-04-20 21:28:15.232314: I tensorflow/compiler/jit/xla_gpu_device.cc:99] Not creating XLA devices, tf_xla_enable_xla_devices not set
mse and spike frequency: 0.09995 0.0
[32m[I 2021-04-20 21:28:33,953][0m Trial 123 finished with values: [0.09995, 0.0] with parameters: {'Vahp': -31.5, 'Vth': -54.5, 'Vmax': 16.0, 't_ref': 16.5, 'R': 0.5, 'tau_m': 33.5, 'R_adp': 0.1, 'tau_w': 409.5, 'a': 419.5, 'rate_low': 26.0, 'rate_high': 26.0}.[0m
2021-04-20 21:28:34.551998: I tensorflow/compiler/jit/xla_gpu_device.cc:99] Not creating XLA devices, tf_xla_enable_xla_devices not set
maxFreq at 10nA: 1000.0
2021-04-20 21:29:06.616703: I tensorflow/compiler/jit/xla_gpu_device.cc:99] Not creating XLA devices, tf_xla_enable_xla_devices not set
2021-04-20 21:29:26.522939: I tensorflow/compiler/jit/xla_gpu_device.cc:99] Not creating XLA devices, tf_xla_enable_xla_devices not set
mse and spike frequency: 0.09995 0.0
[32m[I 2021-04-20 21:29:45,073][0m Trial 124 finished with values: [0.09995, 0.0] with parameters: {'Vahp': -22.0, 'Vth': -51.0, 'Vmax': 32.0, 't_ref': 15.5, 'R': 0.8, 'tau_m': 406.5, 'R_adp': 0.9, 'tau_w': 14.5, 'a': 443.0, 'rate_low': 29.5, 'rate_high': 40.0}.[0m
2021-04-20 21:29:45.665633: I tensorflow/compiler/jit/xla_gpu_device.cc:99] Not creating XLA devices, tf_xla_enable_xla_devices not set
maxFreq at 10nA: 56.0
2021-04-20 21:30:17.934976: I tensorflow/compiler/jit/xla_gpu_device.cc:99] Not creating XLA devices, tf_xla_enable_xla_devices not set
2021-04-20 21:30:37.401352: I tensorflow/compiler/jit/xla_gpu_device.cc:99] Not creating XLA devices, tf_xla_enable_xla_devices not set
mse and spike frequency: 0.00495 7.27
[32m[I 2021-04-20 21:30:56,081][0m Trial 125 finished with values: [0.00495, 7.27] with parameters: {'Vahp': -43.0, 'Vth': -23.5, 'Vmax': 29.0, 't_ref': 16.0, 'R': 0.5, 'tau_m': 387.0, 'R_adp': 0.9, 'tau_w': 0.5, 'a': 203.5, 'rate_low': 13.0, 'rate_high': 49.0}.[0m
2021-04-20 21:30:56.665977: I tensorflow/compiler/jit/xla_gpu_device.cc:99] Not creating XLA devices, tf_xla_enable_xla_devices not set
maxFreq at 10nA: 1000.0
2021-04-20 21:31:29.596792: I tensorflow/compiler/jit/xla_gpu_device.cc:99] Not creating XLA devices, tf_xla_enable_xla_devices not set
2021-04-20 21:31:48.755797: I tensorflow/compiler/jit/xla_gpu_device.cc:99] Not creating XLA devices, tf_xla_enable_xla_devices not set
mse and spike frequency: 0.09995 0.0
[32m[I 2021-04-20 21:32:07,948][0m Trial 126 finished with values: [0.09995, 0.0] with parameters: {'Vahp': -22.0, 'Vth': -31.5, 'Vmax': 32.0, 't_ref': 15.5, 'R': 0.5, 'tau_m': 91.0, 'R_adp': 0.7000000000000001, 'tau_w': 120.0, 'a': 396.5, 'rate_low': 47.0, 'rate_high': 40.0}.[0m
2021-04-20 21:32:08.623935: I tensorflow/compiler/jit/xla_gpu_device.cc:99] Not creating XLA devices, tf_xla_enable_xla_devices not set
maxFreq at 10nA: 1000.0
2021-04-20 21:32:41.804865: I tensorflow/compiler/jit/xla_gpu_device.cc:99] Not creating XLA devices, tf_xla_enable_xla_devices not set
2021-04-20 21:33:01.695255: I tensorflow/compiler/jit/xla_gpu_device.cc:99] Not creating XLA devices, tf_xla_enable_xla_devices not set
mse and spike frequency: 0.09995 0.0
[32m[I 2021-04-20 21:33:21,077][0m Trial 127 finished with values: [0.09995, 0.0] with parameters: {'Vahp': -47.5, 'Vth': -54.5, 'Vmax': 33.0, 't_ref': 17.5, 'R': 0.7000000000000001, 'tau_m': 140.0, 'R_adp': 0.7000000000000001, 'tau_w': 488.0, 'a': 278.5, 'rate_low': 9.5, 'rate_high': 15.0}.[0m
2021-04-20 21:33:21.745173: I tensorflow/compiler/jit/xla_gpu_device.cc:99] Not creating XLA devices, tf_xla_enable_xla_devices not set
maxFreq at 10nA: 1000.0
2021-04-20 21:33:55.700806: I tensorflow/compiler/jit/xla_gpu_device.cc:99] Not creating XLA devices, tf_xla_enable_xla_devices not set
2021-04-20 21:34:16.310949: I tensorflow/compiler/jit/xla_gpu_device.cc:99] Not creating XLA devices, tf_xla_enable_xla_devices not set
mse and spike frequency: 0.09995 0.0
[32m[I 2021-04-20 21:34:35,122][0m Trial 128 finished with values: [0.09995, 0.0] with parameters: {'Vahp': -41.0, 'Vth': -48.5, 'Vmax': 36.5, 't_ref': 13.5, 'R': 0.4, 'tau_m': 54.5, 'R_adp': 0.30000000000000004, 'tau_w': 31.0, 'a': 400.5, 'rate_low': 0.5, 'rate_high': 34.0}.[0m
2021-04-20 21:34:35.769448: I tensorflow/compiler/jit/xla_gpu_device.cc:99] Not creating XLA devices, tf_xla_enable_xla_devices not set
maxFreq at 10nA: 1000.0
2021-04-20 21:35:10.022977: I tensorflow/compiler/jit/xla_gpu_device.cc:99] Not creating XLA devices, tf_xla_enable_xla_devices not set
2021-04-20 21:35:31.035909: I tensorflow/compiler/jit/xla_gpu_device.cc:99] Not creating XLA devices, tf_xla_enable_xla_devices not set
mse and spike frequency: 0.09995 0.0
[32m[I 2021-04-20 21:35:50,087][0m Trial 129 finished with values: [0.09995, 0.0] with parameters: {'Vahp': -21.0, 'Vth': -57.0, 'Vmax': 18.0, 't_ref': 18.5, 'R': 0.4, 'tau_m': 140.0, 'R_adp': 0.2, 'tau_w': 396.5, 'a': 337.0, 'rate_low': 46.5, 'rate_high': 49.5}.[0m
2021-04-20 21:35:50.708383: I tensorflow/compiler/jit/xla_gpu_device.cc:99] Not creating XLA devices, tf_xla_enable_xla_devices not set
maxFreq at 10nA: 1000.0
2021-04-20 21:36:24.774425: I tensorflow/compiler/jit/xla_gpu_device.cc:99] Not creating XLA devices, tf_xla_enable_xla_devices not set
2021-04-20 21:36:45.900207: I tensorflow/compiler/jit/xla_gpu_device.cc:99] Not creating XLA devices, tf_xla_enable_xla_devices not set
mse and spike frequency: 0.09995 0.0
[32m[I 2021-04-20 21:37:05,374][0m Trial 130 finished with values: [0.09995, 0.0] with parameters: {'Vahp': -31.5, 'Vth': -52.0, 'Vmax': 16.0, 't_ref': 11.5, 'R': 0.7000000000000001, 'tau_m': 352.5, 'R_adp': 0.30000000000000004, 'tau_w': 190.5, 'a': 51.5, 'rate_low': 27.5, 'rate_high': 11.0}.[0m
2021-04-20 21:37:05.993901: I tensorflow/compiler/jit/xla_gpu_device.cc:99] Not creating XLA devices, tf_xla_enable_xla_devices not set
maxFreq at 10nA: 1000.0
2021-04-20 21:37:40.143153: I tensorflow/compiler/jit/xla_gpu_device.cc:99] Not creating XLA devices, tf_xla_enable_xla_devices not set
2021-04-20 21:38:01.499800: I tensorflow/compiler/jit/xla_gpu_device.cc:99] Not creating XLA devices, tf_xla_enable_xla_devices not set
mse and spike frequency: 0.09995 0.0
[32m[I 2021-04-20 21:38:21,116][0m Trial 131 finished with values: [0.09995, 0.0] with parameters: {'Vahp': -41.0, 'Vth': -52.0, 'Vmax': 29.5, 't_ref': 11.5, 'R': 0.5, 'tau_m': 140.5, 'R_adp': 0.5, 'tau_w': 25.0, 'a': 95.5, 'rate_low': 11.0, 'rate_high': 6.0}.[0m
2021-04-20 21:38:21.759709: I tensorflow/compiler/jit/xla_gpu_device.cc:99] Not creating XLA devices, tf_xla_enable_xla_devices not set
maxFreq at 10nA: 1000.0
2021-04-20 21:38:55.468663: I tensorflow/compiler/jit/xla_gpu_device.cc:99] Not creating XLA devices, tf_xla_enable_xla_devices not set
2021-04-20 21:39:16.733740: I tensorflow/compiler/jit/xla_gpu_device.cc:99] Not creating XLA devices, tf_xla_enable_xla_devices not set
mse and spike frequency: 0.09995 0.0
[32m[I 2021-04-20 21:39:36,518][0m Trial 132 finished with values: [0.09995, 0.0] with parameters: {'Vahp': -23.5, 'Vth': -42.5, 'Vmax': 11.5, 't_ref': 0.5, 'R': 1.0, 'tau_m': 476.0, 'R_adp': 1.0, 'tau_w': 218.0, 'a': 19.0, 'rate_low': 23.0, 'rate_high': 37.0}.[0m
2021-04-20 21:39:37.182742: I tensorflow/compiler/jit/xla_gpu_device.cc:99] Not creating XLA devices, tf_xla_enable_xla_devices not set
maxFreq at 10nA: 1000.0
2021-04-20 21:40:11.618487: I tensorflow/compiler/jit/xla_gpu_device.cc:99] Not creating XLA devices, tf_xla_enable_xla_devices not set
2021-04-20 21:40:32.274900: I tensorflow/compiler/jit/xla_gpu_device.cc:99] Not creating XLA devices, tf_xla_enable_xla_devices not set
mse and spike frequency: 0.09995 0.0
[32m[I 2021-04-20 21:40:52,076][0m Trial 133 finished with values: [0.09995, 0.0] with parameters: {'Vahp': -23.0, 'Vth': -43.5, 'Vmax': 19.0, 't_ref': 15.5, 'R': 0.1, 'tau_m': 48.0, 'R_adp': 0.7000000000000001, 'tau_w': 120.0, 'a': 337.0, 'rate_low': 12.0, 'rate_high': 44.0}.[0m
2021-04-20 21:40:52.705842: I tensorflow/compiler/jit/xla_gpu_device.cc:99] Not creating XLA devices, tf_xla_enable_xla_devices not set
maxFreq at 10nA: 1000.0
2021-04-20 21:41:26.981088: I tensorflow/compiler/jit/xla_gpu_device.cc:99] Not creating XLA devices, tf_xla_enable_xla_devices not set
2021-04-20 21:41:48.414198: I tensorflow/compiler/jit/xla_gpu_device.cc:99] Not creating XLA devices, tf_xla_enable_xla_devices not set
mse and spike frequency: 0.09995 0.0
[32m[I 2021-04-20 21:42:08,284][0m Trial 134 finished with values: [0.09995, 0.0] with parameters: {'Vahp': -42.5, 'Vth': -44.5, 'Vmax': 32.0, 't_ref': 15.5, 'R': 0.8, 'tau_m': 387.0, 'R_adp': 0.6, 'tau_w': 176.5, 'a': 308.0, 'rate_low': 3.5, 'rate_high': 49.0}.[0m
2021-04-20 21:42:08.960830: I tensorflow/compiler/jit/xla_gpu_device.cc:99] Not creating XLA devices, tf_xla_enable_xla_devices not set
maxFreq at 10nA: 1000.0
2021-04-20 21:42:43.133987: I tensorflow/compiler/jit/xla_gpu_device.cc:99] Not creating XLA devices, tf_xla_enable_xla_devices not set
2021-04-20 21:43:04.859453: I tensorflow/compiler/jit/xla_gpu_device.cc:99] Not creating XLA devices, tf_xla_enable_xla_devices not set
mse and spike frequency: 0.09995 0.0
[32m[I 2021-04-20 21:43:24,934][0m Trial 135 finished with values: [0.09995, 0.0] with parameters: {'Vahp': -31.5, 'Vth': -54.5, 'Vmax': 13.5, 't_ref': 0.5, 'R': 0.1, 'tau_m': 33.5, 'R_adp': 0.1, 'tau_w': 254.0, 'a': 419.5, 'rate_low': 3.0, 'rate_high': 42.0}.[0m
2021-04-20 21:43:25.628489: I tensorflow/compiler/jit/xla_gpu_device.cc:99] Not creating XLA devices, tf_xla_enable_xla_devices not set
maxFreq at 10nA: 1000.0
2021-04-20 21:43:59.450061: I tensorflow/compiler/jit/xla_gpu_device.cc:99] Not creating XLA devices, tf_xla_enable_xla_devices not set
2021-04-20 21:44:21.811210: I tensorflow/compiler/jit/xla_gpu_device.cc:99] Not creating XLA devices, tf_xla_enable_xla_devices not set
mse and spike frequency: 0.09995 0.0
[32m[I 2021-04-20 21:44:41,432][0m Trial 136 finished with values: [0.09995, 0.0] with parameters: {'Vahp': -22.0, 'Vth': -51.0, 'Vmax': 32.0, 't_ref': 10.5, 'R': 0.7000000000000001, 'tau_m': 363.5, 'R_adp': 0.7000000000000001, 'tau_w': 92.5, 'a': 419.5, 'rate_low': 26.5, 'rate_high': 36.0}.[0m
2021-04-20 21:44:42.100459: I tensorflow/compiler/jit/xla_gpu_device.cc:99] Not creating XLA devices, tf_xla_enable_xla_devices not set
maxFreq at 10nA: 1000.0
2021-04-20 21:45:15.667661: I tensorflow/compiler/jit/xla_gpu_device.cc:99] Not creating XLA devices, tf_xla_enable_xla_devices not set
2021-04-20 21:45:37.778393: I tensorflow/compiler/jit/xla_gpu_device.cc:99] Not creating XLA devices, tf_xla_enable_xla_devices not set
mse and spike frequency: 0.09995 0.0
[32m[I 2021-04-20 21:45:57,712][0m Trial 137 finished with values: [0.09995, 0.0] with parameters: {'Vahp': -22.0, 'Vth': -51.0, 'Vmax': 32.0, 't_ref': 16.0, 'R': 0.9, 'tau_m': 406.5, 'R_adp': 0.30000000000000004, 'tau_w': 120.0, 'a': 416.5, 'rate_low': 26.5, 'rate_high': 34.0}.[0m
2021-04-20 21:45:58.397296: I tensorflow/compiler/jit/xla_gpu_device.cc:99] Not creating XLA devices, tf_xla_enable_xla_devices not set
maxFreq at 10nA: 999.0
2021-04-20 21:46:31.767535: I tensorflow/compiler/jit/xla_gpu_device.cc:99] Not creating XLA devices, tf_xla_enable_xla_devices not set
2021-04-20 21:46:54.245212: I tensorflow/compiler/jit/xla_gpu_device.cc:99] Not creating XLA devices, tf_xla_enable_xla_devices not set
mse and spike frequency: 0.09995 0.0
[32m[I 2021-04-20 21:47:14,574][0m Trial 138 finished with values: [0.09995, 0.0] with parameters: {'Vahp': -23.0, 'Vth': -48.0, 'Vmax': 19.0, 't_ref': 13.0, 'R': 0.1, 'tau_m': 143.0, 'R_adp': 0.7000000000000001, 'tau_w': 120.0, 'a': 453.5, 'rate_low': 13.5, 'rate_high': 50.0}.[0m
2021-04-20 21:47:15.273795: I tensorflow/compiler/jit/xla_gpu_device.cc:99] Not creating XLA devices, tf_xla_enable_xla_devices not set
maxFreq at 10nA: 1000.0
2021-04-20 21:47:48.771692: I tensorflow/compiler/jit/xla_gpu_device.cc:99] Not creating XLA devices, tf_xla_enable_xla_devices not set
2021-04-20 21:48:11.482530: I tensorflow/compiler/jit/xla_gpu_device.cc:99] Not creating XLA devices, tf_xla_enable_xla_devices not set
mse and spike frequency: 0.09995 0.0
[32m[I 2021-04-20 21:48:31,381][0m Trial 139 finished with values: [0.09995, 0.0] with parameters: {'Vahp': -42.5, 'Vth': -52.0, 'Vmax': 21.5, 't_ref': 13.5, 'R': 0.7000000000000001, 'tau_m': 329.5, 'R_adp': 0.30000000000000004, 'tau_w': 124.5, 'a': 243.5, 'rate_low': 11.0, 'rate_high': 36.0}.[0m
2021-04-20 21:48:32.115119: I tensorflow/compiler/jit/xla_gpu_device.cc:99] Not creating XLA devices, tf_xla_enable_xla_devices not set
maxFreq at 10nA: 39.0
2021-04-20 21:49:06.290128: I tensorflow/compiler/jit/xla_gpu_device.cc:99] Not creating XLA devices, tf_xla_enable_xla_devices not set
2021-04-20 21:49:28.763336: I tensorflow/compiler/jit/xla_gpu_device.cc:99] Not creating XLA devices, tf_xla_enable_xla_devices not set
mse and spike frequency: 0.14297 0.68
[32m[I 2021-04-20 21:49:49,167][0m Trial 140 finished with values: [0.14297, 0.68] with parameters: {'Vahp': -49.5, 'Vth': -20.5, 'Vmax': 24.0, 't_ref': 8.0, 'R': 0.6, 'tau_m': 414.0, 'R_adp': 1.0, 'tau_w': 483.0, 'a': 405.5, 'rate_low': 7.0, 'rate_high': 32.5}.[0m
2021-04-20 21:49:49.880879: I tensorflow/compiler/jit/xla_gpu_device.cc:99] Not creating XLA devices, tf_xla_enable_xla_devices not set
maxFreq at 10nA: 1000.0
2021-04-20 21:50:23.405627: I tensorflow/compiler/jit/xla_gpu_device.cc:99] Not creating XLA devices, tf_xla_enable_xla_devices not set
2021-04-20 21:50:45.945482: I tensorflow/compiler/jit/xla_gpu_device.cc:99] Not creating XLA devices, tf_xla_enable_xla_devices not set
mse and spike frequency: 0.09995 0.0
[32m[I 2021-04-20 21:51:06,005][0m Trial 141 finished with values: [0.09995, 0.0] with parameters: {'Vahp': -42.5, 'Vth': -50.5, 'Vmax': 16.0, 't_ref': 0.5, 'R': 0.5, 'tau_m': 361.0, 'R_adp': 1.0, 'tau_w': 254.0, 'a': 0.5, 'rate_low': 7.0, 'rate_high': 27.0}.[0m
2021-04-20 21:51:06.680509: I tensorflow/compiler/jit/xla_gpu_device.cc:99] Not creating XLA devices, tf_xla_enable_xla_devices not set
maxFreq at 10nA: 1000.0
2021-04-20 21:51:40.489103: I tensorflow/compiler/jit/xla_gpu_device.cc:99] Not creating XLA devices, tf_xla_enable_xla_devices not set
2021-04-20 21:52:03.093716: I tensorflow/compiler/jit/xla_gpu_device.cc:99] Not creating XLA devices, tf_xla_enable_xla_devices not set
mse and spike frequency: 0.09995 0.0
