2021-04-20 19:45:03.747228: I tensorflow/stream_executor/platform/default/dso_loader.cc:49] Successfully opened dynamic library libcudart.so.11.0
Build finished in 0:00:01.                                                      
Simulation finished in 0:00:01.                                                 
[32m[I 2021-04-20 19:45:06,444][0m A new study created in memory with name: no-name-e842183c-74b7-44a3-8301-728bc831f44a[0m
2021-04-20 19:45:06.628521: I tensorflow/compiler/jit/xla_cpu_device.cc:41] Not creating XLA devices, tf_xla_enable_xla_devices not set
2021-04-20 19:45:06.629461: I tensorflow/stream_executor/platform/default/dso_loader.cc:49] Successfully opened dynamic library libcuda.so.1
2021-04-20 19:45:07.571220: E tensorflow/stream_executor/cuda/cuda_driver.cc:328] failed call to cuInit: CUDA_ERROR_NO_DEVICE: no CUDA-capable device is detected
2021-04-20 19:45:07.571357: I tensorflow/stream_executor/cuda/cuda_diagnostics.cc:169] retrieving CUDA diagnostic information for host: comparch-t640
2021-04-20 19:45:07.571387: I tensorflow/stream_executor/cuda/cuda_diagnostics.cc:176] hostname: comparch-t640
2021-04-20 19:45:07.571651: I tensorflow/stream_executor/cuda/cuda_diagnostics.cc:200] libcuda reported version is: 450.66.0
2021-04-20 19:45:07.571740: I tensorflow/stream_executor/cuda/cuda_diagnostics.cc:204] kernel reported version is: 450.66.0
2021-04-20 19:45:07.571762: I tensorflow/stream_executor/cuda/cuda_diagnostics.cc:310] kernel version seems to match DSO: 450.66.0
2021-04-20 19:45:07.572404: I tensorflow/core/platform/cpu_feature_guard.cc:142] This TensorFlow binary is optimized with oneAPI Deep Neural Network Library (oneDNN) to use the following CPU instructions in performance-critical operations:  AVX2 AVX512F FMA
To enable them in other operations, rebuild TensorFlow with the appropriate compiler flags.
2021-04-20 19:45:07.575163: I tensorflow/compiler/jit/xla_gpu_device.cc:99] Not creating XLA devices, tf_xla_enable_xla_devices not set
2021-04-20 19:45:07.588910: I tensorflow/compiler/mlir/mlir_graph_optimization_pass.cc:196] None of the MLIR optimization passes are enabled (registered 0 passes)
2021-04-20 19:45:07.594079: I tensorflow/core/platform/profile_utils/cpu_utils.cc:112] CPU Frequency: 2100000000 Hz
maxFreq at 10nA: 59.0
2021-04-20 19:45:23.688028: I tensorflow/compiler/jit/xla_gpu_device.cc:99] Not creating XLA devices, tf_xla_enable_xla_devices not set
2021-04-20 19:45:30.509290: I tensorflow/compiler/jit/xla_gpu_device.cc:99] Not creating XLA devices, tf_xla_enable_xla_devices not set
mse and spike frequency: 0.00518 17.46
[32m[I 2021-04-20 19:45:36,508][0m Trial 0 finished with values: [0.00518, 17.46] with parameters: {'Vahp': -41.0, 'Vth': -25.0, 'Vmax': 30.0, 't_ref': 16.0, 'R': 0.5, 'tau_m': 174.5, 'rate_low': 34.5, 'rate_high': 40.5}.[0m
2021-04-20 19:45:36.786238: I tensorflow/compiler/jit/xla_gpu_device.cc:99] Not creating XLA devices, tf_xla_enable_xla_devices not set
maxFreq at 10nA: 999.0
2021-04-20 19:45:52.676108: I tensorflow/compiler/jit/xla_gpu_device.cc:99] Not creating XLA devices, tf_xla_enable_xla_devices not set
2021-04-20 19:45:59.210054: I tensorflow/compiler/jit/xla_gpu_device.cc:99] Not creating XLA devices, tf_xla_enable_xla_devices not set
mse and spike frequency: 0.09995 0.0
[32m[I 2021-04-20 19:46:04,098][0m Trial 1 finished with values: [0.09995, 0.0] with parameters: {'Vahp': -21.5, 'Vth': -30.0, 'Vmax': 30.0, 't_ref': 11.0, 'R': 0.6, 'tau_m': 406.0, 'rate_low': 16.5, 'rate_high': 43.5}.[0m
2021-04-20 19:46:04.381714: I tensorflow/compiler/jit/xla_gpu_device.cc:99] Not creating XLA devices, tf_xla_enable_xla_devices not set
maxFreq at 10nA: 84.0
2021-04-20 19:46:21.398482: I tensorflow/compiler/jit/xla_gpu_device.cc:99] Not creating XLA devices, tf_xla_enable_xla_devices not set
2021-04-20 19:46:27.189578: I tensorflow/compiler/jit/xla_gpu_device.cc:99] Not creating XLA devices, tf_xla_enable_xla_devices not set
mse and spike frequency: 0.09995 0.0
[32m[I 2021-04-20 19:46:32,598][0m Trial 2 finished with values: [0.09995, 0.0] with parameters: {'Vahp': -44.0, 'Vth': -35.5, 'Vmax': 32.5, 't_ref': 10.5, 'R': 0.30000000000000004, 'tau_m': 3.5, 'rate_low': 20.0, 'rate_high': 21.5}.[0m
2021-04-20 19:46:32.953063: I tensorflow/compiler/jit/xla_gpu_device.cc:99] Not creating XLA devices, tf_xla_enable_xla_devices not set
maxFreq at 10nA: 1000.0
2021-04-20 19:46:51.225772: I tensorflow/compiler/jit/xla_gpu_device.cc:99] Not creating XLA devices, tf_xla_enable_xla_devices not set
2021-04-20 19:46:57.424671: I tensorflow/compiler/jit/xla_gpu_device.cc:99] Not creating XLA devices, tf_xla_enable_xla_devices not set
mse and spike frequency: 0.09995 0.0
[32m[I 2021-04-20 19:47:02,893][0m Trial 3 finished with values: [0.09995, 0.0] with parameters: {'Vahp': -34.0, 'Vth': -36.0, 'Vmax': 39.0, 't_ref': 14.0, 'R': 0.9, 'tau_m': 255.0, 'rate_low': 44.5, 'rate_high': 47.0}.[0m
2021-04-20 19:47:03.228761: I tensorflow/compiler/jit/xla_gpu_device.cc:99] Not creating XLA devices, tf_xla_enable_xla_devices not set
maxFreq at 10nA: 59.0
2021-04-20 19:47:21.191747: I tensorflow/compiler/jit/xla_gpu_device.cc:99] Not creating XLA devices, tf_xla_enable_xla_devices not set
2021-04-20 19:47:27.408572: I tensorflow/compiler/jit/xla_gpu_device.cc:99] Not creating XLA devices, tf_xla_enable_xla_devices not set
mse and spike frequency: 0.09995 0.0
[32m[I 2021-04-20 19:47:33,014][0m Trial 4 finished with values: [0.09995, 0.0] with parameters: {'Vahp': -25.0, 'Vth': -24.5, 'Vmax': 28.5, 't_ref': 16.0, 'R': 0.4, 'tau_m': 20.0, 'rate_low': 19.0, 'rate_high': 35.0}.[0m
2021-04-20 19:47:33.367061: I tensorflow/compiler/jit/xla_gpu_device.cc:99] Not creating XLA devices, tf_xla_enable_xla_devices not set
maxFreq at 10nA: 200.0
2021-04-20 19:47:51.778492: I tensorflow/compiler/jit/xla_gpu_device.cc:99] Not creating XLA devices, tf_xla_enable_xla_devices not set
2021-04-20 19:47:58.053376: I tensorflow/compiler/jit/xla_gpu_device.cc:99] Not creating XLA devices, tf_xla_enable_xla_devices not set
mse and spike frequency: 0.00176 21.74
[32m[I 2021-04-20 19:48:03,622][0m Trial 5 finished with values: [0.00176, 21.74] with parameters: {'Vahp': -54.0, 'Vth': -35.0, 'Vmax': 34.0, 't_ref': 2.5, 'R': 0.4, 'tau_m': 316.5, 'rate_low': 46.0, 'rate_high': 46.0}.[0m
2021-04-20 19:48:03.954969: I tensorflow/compiler/jit/xla_gpu_device.cc:99] Not creating XLA devices, tf_xla_enable_xla_devices not set
maxFreq at 10nA: 1000.0
2021-04-20 19:48:22.817320: I tensorflow/compiler/jit/xla_gpu_device.cc:99] Not creating XLA devices, tf_xla_enable_xla_devices not set
2021-04-20 19:48:29.372670: I tensorflow/compiler/jit/xla_gpu_device.cc:99] Not creating XLA devices, tf_xla_enable_xla_devices not set
mse and spike frequency: 0.09995 0.0
[32m[I 2021-04-20 19:48:35,115][0m Trial 6 finished with values: [0.09995, 0.0] with parameters: {'Vahp': -50.5, 'Vth': -56.0, 'Vmax': 25.5, 't_ref': 12.0, 'R': 0.9, 'tau_m': 84.5, 'rate_low': 20.0, 'rate_high': 34.0}.[0m
2021-04-20 19:48:35.441728: I tensorflow/compiler/jit/xla_gpu_device.cc:99] Not creating XLA devices, tf_xla_enable_xla_devices not set
maxFreq at 10nA: 84.0
2021-04-20 19:48:53.686375: I tensorflow/compiler/jit/xla_gpu_device.cc:99] Not creating XLA devices, tf_xla_enable_xla_devices not set
2021-04-20 19:49:00.460249: I tensorflow/compiler/jit/xla_gpu_device.cc:99] Not creating XLA devices, tf_xla_enable_xla_devices not set
mse and spike frequency: 0.00356 15.31
[32m[I 2021-04-20 19:49:06,157][0m Trial 7 finished with values: [0.00356, 15.31] with parameters: {'Vahp': -55.5, 'Vth': -37.5, 'Vmax': 30.5, 't_ref': 11.0, 'R': 1.0, 'tau_m': 337.0, 'rate_low': 19.5, 'rate_high': 20.5}.[0m
2021-04-20 19:49:06.552347: I tensorflow/compiler/jit/xla_gpu_device.cc:99] Not creating XLA devices, tf_xla_enable_xla_devices not set
maxFreq at 10nA: 100.0
2021-04-20 19:49:25.413854: I tensorflow/compiler/jit/xla_gpu_device.cc:99] Not creating XLA devices, tf_xla_enable_xla_devices not set
2021-04-20 19:49:32.180506: I tensorflow/compiler/jit/xla_gpu_device.cc:99] Not creating XLA devices, tf_xla_enable_xla_devices not set
mse and spike frequency: 0.00532 4.89
[32m[I 2021-04-20 19:49:37,926][0m Trial 8 finished with values: [0.00532, 4.89] with parameters: {'Vahp': -57.5, 'Vth': -35.5, 'Vmax': 23.5, 't_ref': 6.0, 'R': 0.30000000000000004, 'tau_m': 423.5, 'rate_low': 16.5, 'rate_high': 28.0}.[0m
2021-04-20 19:49:38.335037: I tensorflow/compiler/jit/xla_gpu_device.cc:99] Not creating XLA devices, tf_xla_enable_xla_devices not set
maxFreq at 10nA: 143.0
2021-04-20 19:49:57.441932: I tensorflow/compiler/jit/xla_gpu_device.cc:99] Not creating XLA devices, tf_xla_enable_xla_devices not set
2021-04-20 19:50:04.349446: I tensorflow/compiler/jit/xla_gpu_device.cc:99] Not creating XLA devices, tf_xla_enable_xla_devices not set
mse and spike frequency: 0.00255 14.35
[32m[I 2021-04-20 19:50:09,929][0m Trial 9 finished with values: [0.00255, 14.35] with parameters: {'Vahp': -56.5, 'Vth': -34.0, 'Vmax': 26.0, 't_ref': 4.5, 'R': 0.4, 'tau_m': 238.0, 'rate_low': 27.5, 'rate_high': 34.5}.[0m
2021-04-20 19:50:10.340994: I tensorflow/compiler/jit/xla_gpu_device.cc:99] Not creating XLA devices, tf_xla_enable_xla_devices not set
maxFreq at 10nA: 1000.0
2021-04-20 19:50:29.260784: I tensorflow/compiler/jit/xla_gpu_device.cc:99] Not creating XLA devices, tf_xla_enable_xla_devices not set
2021-04-20 19:50:36.259439: I tensorflow/compiler/jit/xla_gpu_device.cc:99] Not creating XLA devices, tf_xla_enable_xla_devices not set
mse and spike frequency: 0.09995 0.0
[32m[I 2021-04-20 19:50:42,163][0m Trial 10 finished with values: [0.09995, 0.0] with parameters: {'Vahp': -36.0, 'Vth': -43.0, 'Vmax': 31.0, 't_ref': 9.5, 'R': 0.7000000000000001, 'tau_m': 418.0, 'rate_low': 36.0, 'rate_high': 37.5}.[0m
2021-04-20 19:50:42.663322: I tensorflow/compiler/jit/xla_gpu_device.cc:99] Not creating XLA devices, tf_xla_enable_xla_devices not set
maxFreq at 10nA: 200.0
2021-04-20 19:51:01.266209: I tensorflow/compiler/jit/xla_gpu_device.cc:99] Not creating XLA devices, tf_xla_enable_xla_devices not set
2021-04-20 19:51:08.328710: I tensorflow/compiler/jit/xla_gpu_device.cc:99] Not creating XLA devices, tf_xla_enable_xla_devices not set
mse and spike frequency: 0.00237 11.38
[32m[I 2021-04-20 19:51:14,597][0m Trial 11 finished with values: [0.00237, 11.38] with parameters: {'Vahp': -53.5, 'Vth': -30.0, 'Vmax': 14.0, 't_ref': 3.0, 'R': 0.5, 'tau_m': 323.0, 'rate_low': 20.5, 'rate_high': 35.0}.[0m
2021-04-20 19:51:14.972553: I tensorflow/compiler/jit/xla_gpu_device.cc:99] Not creating XLA devices, tf_xla_enable_xla_devices not set
maxFreq at 10nA: 67.0
2021-04-20 19:51:33.685419: I tensorflow/compiler/jit/xla_gpu_device.cc:99] Not creating XLA devices, tf_xla_enable_xla_devices not set
2021-04-20 19:51:40.920837: I tensorflow/compiler/jit/xla_gpu_device.cc:99] Not creating XLA devices, tf_xla_enable_xla_devices not set
mse and spike frequency: 0.00854 12.33
[32m[I 2021-04-20 19:51:47,243][0m Trial 12 finished with values: [0.00854, 12.33] with parameters: {'Vahp': -29.5, 'Vth': -26.0, 'Vmax': 19.5, 't_ref': 14.0, 'R': 0.2, 'tau_m': 427.5, 'rate_low': 28.0, 'rate_high': 43.5}.[0m
2021-04-20 19:51:47.799926: I tensorflow/compiler/jit/xla_gpu_device.cc:99] Not creating XLA devices, tf_xla_enable_xla_devices not set
maxFreq at 10nA: 500.0
2021-04-20 19:52:06.172160: I tensorflow/compiler/jit/xla_gpu_device.cc:99] Not creating XLA devices, tf_xla_enable_xla_devices not set
2021-04-20 19:52:12.969226: I tensorflow/compiler/jit/xla_gpu_device.cc:99] Not creating XLA devices, tf_xla_enable_xla_devices not set
mse and spike frequency: 0.00238 46.62
[32m[I 2021-04-20 19:52:19,290][0m Trial 13 finished with values: [0.00238, 46.62] with parameters: {'Vahp': -46.5, 'Vth': -30.5, 'Vmax': 37.0, 't_ref': 0.5, 'R': 0.7000000000000001, 'tau_m': 69.0, 'rate_low': 18.5, 'rate_high': 23.0}.[0m
2021-04-20 19:52:19.856495: I tensorflow/compiler/jit/xla_gpu_device.cc:99] Not creating XLA devices, tf_xla_enable_xla_devices not set
maxFreq at 10nA: 63.0
2021-04-20 19:52:38.550830: I tensorflow/compiler/jit/xla_gpu_device.cc:99] Not creating XLA devices, tf_xla_enable_xla_devices not set
2021-04-20 19:52:45.871322: I tensorflow/compiler/jit/xla_gpu_device.cc:99] Not creating XLA devices, tf_xla_enable_xla_devices not set
mse and spike frequency: 0.00496 10.08
[32m[I 2021-04-20 19:52:52,416][0m Trial 14 finished with values: [0.00496, 10.08] with parameters: {'Vahp': -59.0, 'Vth': -42.5, 'Vmax': 30.5, 't_ref': 13.0, 'R': 0.1, 'tau_m': 158.0, 'rate_low': 46.5, 'rate_high': 47.5}.[0m
2021-04-20 19:52:52.762367: I tensorflow/compiler/jit/xla_gpu_device.cc:99] Not creating XLA devices, tf_xla_enable_xla_devices not set
maxFreq at 10nA: 1000.0
2021-04-20 19:53:11.511606: I tensorflow/compiler/jit/xla_gpu_device.cc:99] Not creating XLA devices, tf_xla_enable_xla_devices not set
2021-04-20 19:53:19.040018: I tensorflow/compiler/jit/xla_gpu_device.cc:99] Not creating XLA devices, tf_xla_enable_xla_devices not set
mse and spike frequency: 0.09995 0.0
[32m[I 2021-04-20 19:53:25,835][0m Trial 15 finished with values: [0.09995, 0.0] with parameters: {'Vahp': -35.0, 'Vth': -48.0, 'Vmax': 39.0, 't_ref': 6.5, 'R': 0.9, 'tau_m': 401.5, 'rate_low': 26.0, 'rate_high': 44.0}.[0m
2021-04-20 19:53:26.217089: I tensorflow/compiler/jit/xla_gpu_device.cc:99] Not creating XLA devices, tf_xla_enable_xla_devices not set
maxFreq at 10nA: 48.0
2021-04-20 19:53:44.896986: I tensorflow/compiler/jit/xla_gpu_device.cc:99] Not creating XLA devices, tf_xla_enable_xla_devices not set
2021-04-20 19:53:52.285770: I tensorflow/compiler/jit/xla_gpu_device.cc:99] Not creating XLA devices, tf_xla_enable_xla_devices not set
mse and spike frequency: 0.10485 0.2
[32m[I 2021-04-20 19:53:58,884][0m Trial 16 finished with values: [0.10485, 0.2] with parameters: {'Vahp': -27.5, 'Vth': -20.0, 'Vmax': 37.5, 't_ref': 19.0, 'R': 0.1, 'tau_m': 153.5, 'rate_low': 3.5, 'rate_high': 47.0}.[0m
2021-04-20 19:53:59.281400: I tensorflow/compiler/jit/xla_gpu_device.cc:99] Not creating XLA devices, tf_xla_enable_xla_devices not set
maxFreq at 10nA: 250.0
2021-04-20 19:54:18.076070: I tensorflow/compiler/jit/xla_gpu_device.cc:99] Not creating XLA devices, tf_xla_enable_xla_devices not set
2021-04-20 19:54:25.604589: I tensorflow/compiler/jit/xla_gpu_device.cc:99] Not creating XLA devices, tf_xla_enable_xla_devices not set
mse and spike frequency: 0.00217 32.69
[32m[I 2021-04-20 19:54:32,145][0m Trial 17 finished with values: [0.00217, 32.69] with parameters: {'Vahp': -47.0, 'Vth': -35.5, 'Vmax': 38.0, 't_ref': 2.5, 'R': 0.5, 'tau_m': 166.5, 'rate_low': 24.0, 'rate_high': 35.0}.[0m
2021-04-20 19:54:32.510074: I tensorflow/compiler/jit/xla_gpu_device.cc:99] Not creating XLA devices, tf_xla_enable_xla_devices not set
maxFreq at 10nA: 1000.0
2021-04-20 19:54:51.498087: I tensorflow/compiler/jit/xla_gpu_device.cc:99] Not creating XLA devices, tf_xla_enable_xla_devices not set
2021-04-20 19:54:59.304437: I tensorflow/compiler/jit/xla_gpu_device.cc:99] Not creating XLA devices, tf_xla_enable_xla_devices not set
mse and spike frequency: 0.09995 0.0
[32m[I 2021-04-20 19:55:05,888][0m Trial 18 finished with values: [0.09995, 0.0] with parameters: {'Vahp': -43.5, 'Vth': -50.0, 'Vmax': 16.5, 't_ref': 16.0, 'R': 0.7000000000000001, 'tau_m': 482.0, 'rate_low': 29.0, 'rate_high': 30.0}.[0m
2021-04-20 19:55:06.275180: I tensorflow/compiler/jit/xla_gpu_device.cc:99] Not creating XLA devices, tf_xla_enable_xla_devices not set
maxFreq at 10nA: 167.0
2021-04-20 19:55:25.768022: I tensorflow/compiler/jit/xla_gpu_device.cc:99] Not creating XLA devices, tf_xla_enable_xla_devices not set
2021-04-20 19:55:33.480571: I tensorflow/compiler/jit/xla_gpu_device.cc:99] Not creating XLA devices, tf_xla_enable_xla_devices not set
mse and spike frequency: 0.00279 40.25
[32m[I 2021-04-20 19:55:40,401][0m Trial 19 finished with values: [0.00279, 40.25] with parameters: {'Vahp': -57.0, 'Vth': -52.5, 'Vmax': 25.0, 't_ref': 5.0, 'R': 0.9, 'tau_m': 423.0, 'rate_low': 22.5, 'rate_high': 23.5}.[0m
2021-04-20 19:55:40.753433: I tensorflow/compiler/jit/xla_gpu_device.cc:99] Not creating XLA devices, tf_xla_enable_xla_devices not set
maxFreq at 10nA: 1000.0
2021-04-20 19:56:00.009758: I tensorflow/compiler/jit/xla_gpu_device.cc:99] Not creating XLA devices, tf_xla_enable_xla_devices not set
2021-04-20 19:56:07.823404: I tensorflow/compiler/jit/xla_gpu_device.cc:99] Not creating XLA devices, tf_xla_enable_xla_devices not set
mse and spike frequency: 0.09996 1000.1
[32m[I 2021-04-20 19:56:14,819][0m Trial 20 finished with values: [0.09996, 1000.1] with parameters: {'Vahp': -41.5, 'Vth': -59.5, 'Vmax': 15.0, 't_ref': 19.0, 'R': 0.5, 'tau_m': 450.0, 'rate_low': 42.0, 'rate_high': 44.5}.[0m
2021-04-20 19:56:15.175351: I tensorflow/compiler/jit/xla_gpu_device.cc:99] Not creating XLA devices, tf_xla_enable_xla_devices not set
maxFreq at 10nA: 200.0
2021-04-20 19:56:34.508084: I tensorflow/compiler/jit/xla_gpu_device.cc:99] Not creating XLA devices, tf_xla_enable_xla_devices not set
2021-04-20 19:56:42.748928: I tensorflow/compiler/jit/xla_gpu_device.cc:99] Not creating XLA devices, tf_xla_enable_xla_devices not set
mse and spike frequency: 0.00365 8.44
[32m[I 2021-04-20 19:56:50,069][0m Trial 21 finished with values: [0.00365, 8.44] with parameters: {'Vahp': -53.0, 'Vth': -48.5, 'Vmax': 27.0, 't_ref': 3.5, 'R': 0.30000000000000004, 'tau_m': 232.5, 'rate_low': 7.0, 'rate_high': 14.5}.[0m
2021-04-20 19:56:50.457130: I tensorflow/compiler/jit/xla_gpu_device.cc:99] Not creating XLA devices, tf_xla_enable_xla_devices not set
maxFreq at 10nA: 1000.0
2021-04-20 19:57:10.507797: I tensorflow/compiler/jit/xla_gpu_device.cc:99] Not creating XLA devices, tf_xla_enable_xla_devices not set
2021-04-20 19:57:18.914396: I tensorflow/compiler/jit/xla_gpu_device.cc:99] Not creating XLA devices, tf_xla_enable_xla_devices not set
mse and spike frequency: 0.09995 0.0
[32m[I 2021-04-20 19:57:26,502][0m Trial 22 finished with values: [0.09995, 0.0] with parameters: {'Vahp': -41.0, 'Vth': -58.0, 'Vmax': 33.5, 't_ref': 1.5, 'R': 0.5, 'tau_m': 317.0, 'rate_low': 18.5, 'rate_high': 48.5}.[0m
2021-04-20 19:57:26.968331: I tensorflow/compiler/jit/xla_gpu_device.cc:99] Not creating XLA devices, tf_xla_enable_xla_devices not set
maxFreq at 10nA: 1000.0
2021-04-20 19:57:46.297598: I tensorflow/compiler/jit/xla_gpu_device.cc:99] Not creating XLA devices, tf_xla_enable_xla_devices not set
2021-04-20 19:57:54.735848: I tensorflow/compiler/jit/xla_gpu_device.cc:99] Not creating XLA devices, tf_xla_enable_xla_devices not set
mse and spike frequency: 0.09995 0.0
[32m[I 2021-04-20 19:58:02,409][0m Trial 23 finished with values: [0.09995, 0.0] with parameters: {'Vahp': -36.0, 'Vth': -50.5, 'Vmax': 26.5, 't_ref': 2.5, 'R': 0.8, 'tau_m': 243.0, 'rate_low': 33.0, 'rate_high': 33.5}.[0m
2021-04-20 19:58:02.860014: I tensorflow/compiler/jit/xla_gpu_device.cc:99] Not creating XLA devices, tf_xla_enable_xla_devices not set
maxFreq at 10nA: 999.0
2021-04-20 19:58:22.656971: I tensorflow/compiler/jit/xla_gpu_device.cc:99] Not creating XLA devices, tf_xla_enable_xla_devices not set
2021-04-20 19:58:31.192658: I tensorflow/compiler/jit/xla_gpu_device.cc:99] Not creating XLA devices, tf_xla_enable_xla_devices not set
mse and spike frequency: 0.09995 0.0
[32m[I 2021-04-20 19:58:39,026][0m Trial 24 finished with values: [0.09995, 0.0] with parameters: {'Vahp': -25.5, 'Vth': -43.0, 'Vmax': 15.5, 't_ref': 7.5, 'R': 0.4, 'tau_m': 270.5, 'rate_low': 40.0, 'rate_high': 42.0}.[0m
2021-04-20 19:58:39.486280: I tensorflow/compiler/jit/xla_gpu_device.cc:99] Not creating XLA devices, tf_xla_enable_xla_devices not set
maxFreq at 10nA: 77.0
2021-04-20 19:58:59.048587: I tensorflow/compiler/jit/xla_gpu_device.cc:99] Not creating XLA devices, tf_xla_enable_xla_devices not set
2021-04-20 19:59:07.354020: I tensorflow/compiler/jit/xla_gpu_device.cc:99] Not creating XLA devices, tf_xla_enable_xla_devices not set
mse and spike frequency: 0.04823 1.62
[32m[I 2021-04-20 19:59:15,082][0m Trial 25 finished with values: [0.04823, 1.62] with parameters: {'Vahp': -34.0, 'Vth': -21.0, 'Vmax': 12.0, 't_ref': 12.0, 'R': 0.6, 'tau_m': 163.5, 'rate_low': 0.5, 'rate_high': 18.5}.[0m
2021-04-20 19:59:15.542687: I tensorflow/compiler/jit/xla_gpu_device.cc:99] Not creating XLA devices, tf_xla_enable_xla_devices not set
maxFreq at 10nA: 200.0
2021-04-20 19:59:34.924619: I tensorflow/compiler/jit/xla_gpu_device.cc:99] Not creating XLA devices, tf_xla_enable_xla_devices not set
2021-04-20 19:59:43.335581: I tensorflow/compiler/jit/xla_gpu_device.cc:99] Not creating XLA devices, tf_xla_enable_xla_devices not set
mse and spike frequency: 0.00169 25.44
[32m[I 2021-04-20 19:59:51,102][0m Trial 26 finished with values: [0.00169, 25.44] with parameters: {'Vahp': -48.0, 'Vth': -24.5, 'Vmax': 24.5, 't_ref': 3.0, 'R': 0.9, 'tau_m': 450.5, 'rate_low': 40.0, 'rate_high': 49.0}.[0m
2021-04-20 19:59:51.537766: I tensorflow/compiler/jit/xla_gpu_device.cc:99] Not creating XLA devices, tf_xla_enable_xla_devices not set
maxFreq at 10nA: 250.0
2021-04-20 20:00:11.435986: I tensorflow/compiler/jit/xla_gpu_device.cc:99] Not creating XLA devices, tf_xla_enable_xla_devices not set
2021-04-20 20:00:19.960677: I tensorflow/compiler/jit/xla_gpu_device.cc:99] Not creating XLA devices, tf_xla_enable_xla_devices not set
mse and spike frequency: 0.01405 3.03
