[32m[I 2021-04-20 20:22:03,315][0m Trial 55 finished with values: [0.01193, 4.52] with parameters: {'Vahp': -41.0, 'Vth': -25.5, 'Vmax': 21.0, 't_ref': 2.5, 'R': 0.5, 'tau_m': 223.5, 'R_adp': 0.1, 'tau_w': 146.0, 'a': 171.0, 'rate_low': 4.0, 'rate_high': 28.0}.[0m
2021-04-20 20:22:03.801389: I tensorflow/compiler/jit/xla_gpu_device.cc:99] Not creating XLA devices, tf_xla_enable_xla_devices not set
maxFreq at 10nA: 1000.0
2021-04-20 20:22:28.165644: I tensorflow/compiler/jit/xla_gpu_device.cc:99] Not creating XLA devices, tf_xla_enable_xla_devices not set
2021-04-20 20:22:40.052188: I tensorflow/compiler/jit/xla_gpu_device.cc:99] Not creating XLA devices, tf_xla_enable_xla_devices not set
mse and spike frequency: 0.09995 0.0
[32m[I 2021-04-20 20:22:50,737][0m Trial 56 finished with values: [0.09995, 0.0] with parameters: {'Vahp': -20.0, 'Vth': -27.0, 'Vmax': 17.0, 't_ref': 9.0, 'R': 0.5, 'tau_m': 147.5, 'R_adp': 0.5, 'tau_w': 115.0, 'a': 486.0, 'rate_low': 7.0, 'rate_high': 40.0}.[0m
2021-04-20 20:22:51.240157: I tensorflow/compiler/jit/xla_gpu_device.cc:99] Not creating XLA devices, tf_xla_enable_xla_devices not set
maxFreq at 10nA: 1000.0
2021-04-20 20:23:15.403282: I tensorflow/compiler/jit/xla_gpu_device.cc:99] Not creating XLA devices, tf_xla_enable_xla_devices not set
2021-04-20 20:23:27.392182: I tensorflow/compiler/jit/xla_gpu_device.cc:99] Not creating XLA devices, tf_xla_enable_xla_devices not set
mse and spike frequency: 0.09995 0.0
[32m[I 2021-04-20 20:23:38,526][0m Trial 57 finished with values: [0.09995, 0.0] with parameters: {'Vahp': -35.0, 'Vth': -45.5, 'Vmax': 24.0, 't_ref': 17.0, 'R': 0.9, 'tau_m': 116.5, 'R_adp': 0.8, 'tau_w': 127.5, 'a': 418.5, 'rate_low': 15.0, 'rate_high': 36.0}.[0m
2021-04-20 20:23:38.968612: I tensorflow/compiler/jit/xla_gpu_device.cc:99] Not creating XLA devices, tf_xla_enable_xla_devices not set
maxFreq at 10nA: 30.0
2021-04-20 20:24:02.962556: I tensorflow/compiler/jit/xla_gpu_device.cc:99] Not creating XLA devices, tf_xla_enable_xla_devices not set
2021-04-20 20:24:14.972347: I tensorflow/compiler/jit/xla_gpu_device.cc:99] Not creating XLA devices, tf_xla_enable_xla_devices not set
mse and spike frequency: 0.11563 0.75
[32m[I 2021-04-20 20:24:26,385][0m Trial 58 finished with values: [0.11563, 0.75] with parameters: {'Vahp': -52.5, 'Vth': -42.5, 'Vmax': 24.0, 't_ref': 18.0, 'R': 0.1, 'tau_m': 416.0, 'R_adp': 0.30000000000000004, 'tau_w': 252.0, 'a': 390.0, 'rate_low': 18.5, 'rate_high': 42.5}.[0m
2021-04-20 20:24:26.842323: I tensorflow/compiler/jit/xla_gpu_device.cc:99] Not creating XLA devices, tf_xla_enable_xla_devices not set
maxFreq at 10nA: 1000.0
2021-04-20 20:24:50.643334: I tensorflow/compiler/jit/xla_gpu_device.cc:99] Not creating XLA devices, tf_xla_enable_xla_devices not set
2021-04-20 20:25:02.600018: I tensorflow/compiler/jit/xla_gpu_device.cc:99] Not creating XLA devices, tf_xla_enable_xla_devices not set
mse and spike frequency: 0.09995 0.0
[32m[I 2021-04-20 20:25:13,832][0m Trial 59 finished with values: [0.09995, 0.0] with parameters: {'Vahp': -52.5, 'Vth': -57.5, 'Vmax': 24.0, 't_ref': 6.0, 'R': 0.7000000000000001, 'tau_m': 430.0, 'R_adp': 0.30000000000000004, 'tau_w': 500.0, 'a': 176.0, 'rate_low': 37.0, 'rate_high': 42.5}.[0m
2021-04-20 20:25:14.273127: I tensorflow/compiler/jit/xla_gpu_device.cc:99] Not creating XLA devices, tf_xla_enable_xla_devices not set
maxFreq at 10nA: 55.0
2021-04-20 20:25:38.483979: I tensorflow/compiler/jit/xla_gpu_device.cc:99] Not creating XLA devices, tf_xla_enable_xla_devices not set
2021-04-20 20:25:50.547953: I tensorflow/compiler/jit/xla_gpu_device.cc:99] Not creating XLA devices, tf_xla_enable_xla_devices not set
mse and spike frequency: 0.0978 2.27
[32m[I 2021-04-20 20:26:01,913][0m Trial 60 finished with values: [0.0978, 2.27] with parameters: {'Vahp': -46.5, 'Vth': -23.0, 'Vmax': 28.0, 't_ref': 13.0, 'R': 0.1, 'tau_m': 149.5, 'R_adp': 0.30000000000000004, 'tau_w': 473.0, 'a': 44.0, 'rate_low': 32.0, 'rate_high': 37.0}.[0m
2021-04-20 20:26:02.348988: I tensorflow/compiler/jit/xla_gpu_device.cc:99] Not creating XLA devices, tf_xla_enable_xla_devices not set
maxFreq at 10nA: 1000.0
2021-04-20 20:26:26.221536: I tensorflow/compiler/jit/xla_gpu_device.cc:99] Not creating XLA devices, tf_xla_enable_xla_devices not set
2021-04-20 20:26:38.685712: I tensorflow/compiler/jit/xla_gpu_device.cc:99] Not creating XLA devices, tf_xla_enable_xla_devices not set
mse and spike frequency: 0.09995 0.0
[32m[I 2021-04-20 20:26:50,064][0m Trial 61 finished with values: [0.09995, 0.0] with parameters: {'Vahp': -22.5, 'Vth': -25.5, 'Vmax': 21.0, 't_ref': 2.5, 'R': 1.0, 'tau_m': 292.5, 'R_adp': 0.1, 'tau_w': 146.0, 'a': 239.0, 'rate_low': 36.0, 'rate_high': 14.5}.[0m
2021-04-20 20:26:50.504085: I tensorflow/compiler/jit/xla_gpu_device.cc:99] Not creating XLA devices, tf_xla_enable_xla_devices not set
maxFreq at 10nA: 56.0
2021-04-20 20:27:14.619182: I tensorflow/compiler/jit/xla_gpu_device.cc:99] Not creating XLA devices, tf_xla_enable_xla_devices not set
2021-04-20 20:27:27.348731: I tensorflow/compiler/jit/xla_gpu_device.cc:99] Not creating XLA devices, tf_xla_enable_xla_devices not set
mse and spike frequency: 0.11582 2.84
[32m[I 2021-04-20 20:27:38,874][0m Trial 62 finished with values: [0.11582, 2.84] with parameters: {'Vahp': -46.5, 'Vth': -36.0, 'Vmax': 32.0, 't_ref': 16.5, 'R': 0.7000000000000001, 'tau_m': 292.5, 'R_adp': 0.4, 'tau_w': 369.0, 'a': 239.0, 'rate_low': 2.5, 'rate_high': 46.0}.[0m
2021-04-20 20:27:39.342435: I tensorflow/compiler/jit/xla_gpu_device.cc:99] Not creating XLA devices, tf_xla_enable_xla_devices not set
maxFreq at 10nA: 998.0
2021-04-20 20:28:03.357012: I tensorflow/compiler/jit/xla_gpu_device.cc:99] Not creating XLA devices, tf_xla_enable_xla_devices not set
2021-04-20 20:28:16.561085: I tensorflow/compiler/jit/xla_gpu_device.cc:99] Not creating XLA devices, tf_xla_enable_xla_devices not set
mse and spike frequency: 0.09995 0.0
[32m[I 2021-04-20 20:28:28,132][0m Trial 63 finished with values: [0.09995, 0.0] with parameters: {'Vahp': -22.0, 'Vth': -22.5, 'Vmax': 35.0, 't_ref': 3.0, 'R': 0.30000000000000004, 'tau_m': 241.0, 'R_adp': 0.2, 'tau_w': 135.5, 'a': 137.5, 'rate_low': 4.0, 'rate_high': 8.5}.[0m
2021-04-20 20:28:28.580847: I tensorflow/compiler/jit/xla_gpu_device.cc:99] Not creating XLA devices, tf_xla_enable_xla_devices not set
maxFreq at 10nA: 169.0
2021-04-20 20:28:52.836803: I tensorflow/compiler/jit/xla_gpu_device.cc:99] Not creating XLA devices, tf_xla_enable_xla_devices not set
2021-04-20 20:29:05.670824: I tensorflow/compiler/jit/xla_gpu_device.cc:99] Not creating XLA devices, tf_xla_enable_xla_devices not set
mse and spike frequency: 0.00738 4.47
[32m[I 2021-04-20 20:29:17,514][0m Trial 64 finished with values: [0.00738, 4.47] with parameters: {'Vahp': -29.5, 'Vth': -22.5, 'Vmax': 39.0, 't_ref': 2.5, 'R': 0.1, 'tau_m': 149.5, 'R_adp': 0.30000000000000004, 'tau_w': 67.5, 'a': 159.0, 'rate_low': 32.0, 'rate_high': 48.0}.[0m
2021-04-20 20:29:17.969033: I tensorflow/compiler/jit/xla_gpu_device.cc:99] Not creating XLA devices, tf_xla_enable_xla_devices not set
maxFreq at 10nA: 1000.0
2021-04-20 20:29:42.299441: I tensorflow/compiler/jit/xla_gpu_device.cc:99] Not creating XLA devices, tf_xla_enable_xla_devices not set
2021-04-20 20:29:55.439758: I tensorflow/compiler/jit/xla_gpu_device.cc:99] Not creating XLA devices, tf_xla_enable_xla_devices not set
mse and spike frequency: 0.09995 0.0
[32m[I 2021-04-20 20:30:07,193][0m Trial 65 finished with values: [0.09995, 0.0] with parameters: {'Vahp': -28.0, 'Vth': -45.5, 'Vmax': 27.5, 't_ref': 17.0, 'R': 0.6, 'tau_m': 116.5, 'R_adp': 1.0, 'tau_w': 80.5, 'a': 418.5, 'rate_low': 15.0, 'rate_high': 43.0}.[0m
2021-04-20 20:30:07.681709: I tensorflow/compiler/jit/xla_gpu_device.cc:99] Not creating XLA devices, tf_xla_enable_xla_devices not set
maxFreq at 10nA: 61.0
2021-04-20 20:30:32.358852: I tensorflow/compiler/jit/xla_gpu_device.cc:99] Not creating XLA devices, tf_xla_enable_xla_devices not set
2021-04-20 20:30:45.446417: I tensorflow/compiler/jit/xla_gpu_device.cc:99] Not creating XLA devices, tf_xla_enable_xla_devices not set
mse and spike frequency: 1.71569 13.65
[32m[I 2021-04-20 20:30:57,295][0m Trial 66 finished with values: [1.71569, 13.65] with parameters: {'Vahp': -48.5, 'Vth': -31.0, 'Vmax': 34.0, 't_ref': 3.0, 'R': 0.7000000000000001, 'tau_m': 44.0, 'R_adp': 0.9, 'tau_w': 380.0, 'a': 445.0, 'rate_low': 41.5, 'rate_high': 46.0}.[0m
2021-04-20 20:30:57.841989: I tensorflow/compiler/jit/xla_gpu_device.cc:99] Not creating XLA devices, tf_xla_enable_xla_devices not set
maxFreq at 10nA: 1000.0
2021-04-20 20:31:22.117085: I tensorflow/compiler/jit/xla_gpu_device.cc:99] Not creating XLA devices, tf_xla_enable_xla_devices not set
2021-04-20 20:31:34.942265: I tensorflow/compiler/jit/xla_gpu_device.cc:99] Not creating XLA devices, tf_xla_enable_xla_devices not set
mse and spike frequency: 0.09995 0.0
[32m[I 2021-04-20 20:31:46,687][0m Trial 67 finished with values: [0.09995, 0.0] with parameters: {'Vahp': -32.0, 'Vth': -57.5, 'Vmax': 36.0, 't_ref': 15.5, 'R': 1.0, 'tau_m': 182.5, 'R_adp': 0.9, 'tau_w': 384.5, 'a': 415.5, 'rate_low': 48.0, 'rate_high': 49.0}.[0m
2021-04-20 20:31:47.201086: I tensorflow/compiler/jit/xla_gpu_device.cc:99] Not creating XLA devices, tf_xla_enable_xla_devices not set
maxFreq at 10nA: 94.0
2021-04-20 20:32:11.857799: I tensorflow/compiler/jit/xla_gpu_device.cc:99] Not creating XLA devices, tf_xla_enable_xla_devices not set
2021-04-20 20:32:24.330094: I tensorflow/compiler/jit/xla_gpu_device.cc:99] Not creating XLA devices, tf_xla_enable_xla_devices not set
mse and spike frequency: 6.61047 16.5
[32m[I 2021-04-20 20:32:36,531][0m Trial 68 finished with values: [6.61047, 16.5] with parameters: {'Vahp': -58.5, 'Vth': -23.0, 'Vmax': 28.0, 't_ref': 1.5, 'R': 1.0, 'tau_m': 155.5, 'R_adp': 0.9, 'tau_w': 473.0, 'a': 336.0, 'rate_low': 8.5, 'rate_high': 37.0}.[0m
2021-04-20 20:32:37.035626: I tensorflow/compiler/jit/xla_gpu_device.cc:99] Not creating XLA devices, tf_xla_enable_xla_devices not set
maxFreq at 10nA: 92.0
2021-04-20 20:33:02.767619: I tensorflow/compiler/jit/xla_gpu_device.cc:99] Not creating XLA devices, tf_xla_enable_xla_devices not set
2021-04-20 20:33:15.273323: I tensorflow/compiler/jit/xla_gpu_device.cc:99] Not creating XLA devices, tf_xla_enable_xla_devices not set
mse and spike frequency: 0.03741 3.54
[32m[I 2021-04-20 20:33:27,820][0m Trial 69 finished with values: [0.03741, 3.54] with parameters: {'Vahp': -48.5, 'Vth': -29.5, 'Vmax': 30.5, 't_ref': 3.0, 'R': 0.30000000000000004, 'tau_m': 460.0, 'R_adp': 0.9, 'tau_w': 380.0, 'a': 78.5, 'rate_low': 41.5, 'rate_high': 41.5}.[0m
2021-04-20 20:33:28.342030: I tensorflow/compiler/jit/xla_gpu_device.cc:99] Not creating XLA devices, tf_xla_enable_xla_devices not set
maxFreq at 10nA: 200.0
2021-04-20 20:33:53.488257: I tensorflow/compiler/jit/xla_gpu_device.cc:99] Not creating XLA devices, tf_xla_enable_xla_devices not set
2021-04-20 20:34:07.188833: I tensorflow/compiler/jit/xla_gpu_device.cc:99] Not creating XLA devices, tf_xla_enable_xla_devices not set
mse and spike frequency: 0.00997 26.41
[32m[I 2021-04-20 20:34:19,806][0m Trial 70 finished with values: [0.00997, 26.41] with parameters: {'Vahp': -59.0, 'Vth': -52.5, 'Vmax': 26.5, 't_ref': 4.0, 'R': 1.0, 'tau_m': 355.0, 'R_adp': 0.5, 'tau_w': 195.5, 'a': 121.5, 'rate_low': 41.0, 'rate_high': 43.5}.[0m
2021-04-20 20:34:20.329749: I tensorflow/compiler/jit/xla_gpu_device.cc:99] Not creating XLA devices, tf_xla_enable_xla_devices not set
maxFreq at 10nA: 334.0
2021-04-20 20:34:45.643956: I tensorflow/compiler/jit/xla_gpu_device.cc:99] Not creating XLA devices, tf_xla_enable_xla_devices not set
2021-04-20 20:34:59.489815: I tensorflow/compiler/jit/xla_gpu_device.cc:99] Not creating XLA devices, tf_xla_enable_xla_devices not set
mse and spike frequency: 0.00148 34.54
[32m[I 2021-04-20 20:35:12,225][0m Trial 71 finished with values: [0.00148, 34.54] with parameters: {'Vahp': -57.0, 'Vth': -34.0, 'Vmax': 12.5, 't_ref': 2.0, 'R': 1.0, 'tau_m': 312.5, 'R_adp': 0.1, 'tau_w': 17.5, 'a': 137.5, 'rate_low': 37.0, 'rate_high': 40.0}.[0m
2021-04-20 20:35:12.693314: I tensorflow/compiler/jit/xla_gpu_device.cc:99] Not creating XLA devices, tf_xla_enable_xla_devices not set
maxFreq at 10nA: 1000.0
2021-04-20 20:35:38.602690: I tensorflow/compiler/jit/xla_gpu_device.cc:99] Not creating XLA devices, tf_xla_enable_xla_devices not set
2021-04-20 20:35:52.143814: I tensorflow/compiler/jit/xla_gpu_device.cc:99] Not creating XLA devices, tf_xla_enable_xla_devices not set
mse and spike frequency: 0.09995 0.0
[32m[I 2021-04-20 20:36:05,103][0m Trial 72 finished with values: [0.09995, 0.0] with parameters: {'Vahp': -35.0, 'Vth': -54.0, 'Vmax': 24.5, 't_ref': 17.0, 'R': 0.7000000000000001, 'tau_m': 116.5, 'R_adp': 0.5, 'tau_w': 88.0, 'a': 418.5, 'rate_low': 20.0, 'rate_high': 29.0}.[0m
2021-04-20 20:36:05.589580: I tensorflow/compiler/jit/xla_gpu_device.cc:99] Not creating XLA devices, tf_xla_enable_xla_devices not set
maxFreq at 10nA: 998.0
2021-04-20 20:36:31.708868: I tensorflow/compiler/jit/xla_gpu_device.cc:99] Not creating XLA devices, tf_xla_enable_xla_devices not set
2021-04-20 20:36:45.006498: I tensorflow/compiler/jit/xla_gpu_device.cc:99] Not creating XLA devices, tf_xla_enable_xla_devices not set
mse and spike frequency: 0.09995 0.0
[32m[I 2021-04-20 20:36:57,968][0m Trial 73 finished with values: [0.09995, 0.0] with parameters: {'Vahp': -23.0, 'Vth': -25.0, 'Vmax': 11.0, 't_ref': 5.5, 'R': 0.2, 'tau_m': 153.5, 'R_adp': 0.30000000000000004, 'tau_w': 167.0, 'a': 9.5, 'rate_low': 33.0, 'rate_high': 44.5}.[0m
2021-04-20 20:36:58.458677: I tensorflow/compiler/jit/xla_gpu_device.cc:99] Not creating XLA devices, tf_xla_enable_xla_devices not set
maxFreq at 10nA: 32.0
2021-04-20 20:37:24.834633: I tensorflow/compiler/jit/xla_gpu_device.cc:99] Not creating XLA devices, tf_xla_enable_xla_devices not set
2021-04-20 20:37:38.515657: I tensorflow/compiler/jit/xla_gpu_device.cc:99] Not creating XLA devices, tf_xla_enable_xla_devices not set
mse and spike frequency: 0.07268 1.1
[32m[I 2021-04-20 20:37:51,546][0m Trial 74 finished with values: [0.07268, 1.1] with parameters: {'Vahp': -57.0, 'Vth': -33.0, 'Vmax': 39.0, 't_ref': 9.0, 'R': 0.30000000000000004, 'tau_m': 295.5, 'R_adp': 0.9, 'tau_w': 436.5, 'a': 296.0, 'rate_low': 37.0, 'rate_high': 40.0}.[0m
2021-04-20 20:37:52.017067: I tensorflow/compiler/jit/xla_gpu_device.cc:99] Not creating XLA devices, tf_xla_enable_xla_devices not set
maxFreq at 10nA: 1000.0
2021-04-20 20:38:18.132101: I tensorflow/compiler/jit/xla_gpu_device.cc:99] Not creating XLA devices, tf_xla_enable_xla_devices not set
2021-04-20 20:38:31.927460: I tensorflow/compiler/jit/xla_gpu_device.cc:99] Not creating XLA devices, tf_xla_enable_xla_devices not set
mse and spike frequency: 0.09995 0.0
[32m[I 2021-04-20 20:38:45,467][0m Trial 75 finished with values: [0.09995, 0.0] with parameters: {'Vahp': -46.0, 'Vth': -48.0, 'Vmax': 23.0, 't_ref': 7.5, 'R': 0.7000000000000001, 'tau_m': 84.5, 'R_adp': 1.0, 'tau_w': 367.5, 'a': 99.0, 'rate_low': 4.0, 'rate_high': 46.0}.[0m
2021-04-20 20:38:45.970826: I tensorflow/compiler/jit/xla_gpu_device.cc:99] Not creating XLA devices, tf_xla_enable_xla_devices not set
maxFreq at 10nA: 135.0
2021-04-20 20:39:12.011488: I tensorflow/compiler/jit/xla_gpu_device.cc:99] Not creating XLA devices, tf_xla_enable_xla_devices not set
2021-04-20 20:39:26.511948: I tensorflow/compiler/jit/xla_gpu_device.cc:99] Not creating XLA devices, tf_xla_enable_xla_devices not set
mse and spike frequency: 0.01007 5.84
[32m[I 2021-04-20 20:39:39,692][0m Trial 76 finished with values: [0.01007, 5.84] with parameters: {'Vahp': -58.5, 'Vth': -25.0, 'Vmax': 13.0, 't_ref': 4.0, 'R': 0.2, 'tau_m': 107.0, 'R_adp': 0.30000000000000004, 'tau_w': 128.0, 'a': 158.5, 'rate_low': 30.5, 'rate_high': 45.0}.[0m
2021-04-20 20:39:40.178307: I tensorflow/compiler/jit/xla_gpu_device.cc:99] Not creating XLA devices, tf_xla_enable_xla_devices not set
maxFreq at 10nA: 999.0
2021-04-20 20:40:06.401232: I tensorflow/compiler/jit/xla_gpu_device.cc:99] Not creating XLA devices, tf_xla_enable_xla_devices not set
2021-04-20 20:40:20.686162: I tensorflow/compiler/jit/xla_gpu_device.cc:99] Not creating XLA devices, tf_xla_enable_xla_devices not set
mse and spike frequency: 0.09995 0.0
[32m[I 2021-04-20 20:40:33,778][0m Trial 77 finished with values: [0.09995, 0.0] with parameters: {'Vahp': -23.0, 'Vth': -40.0, 'Vmax': 38.0, 't_ref': 5.5, 'R': 0.2, 'tau_m': 153.5, 'R_adp': 0.7000000000000001, 'tau_w': 309.0, 'a': 263.5, 'rate_low': 33.0, 'rate_high': 43.0}.[0m
2021-04-20 20:40:34.263489: I tensorflow/compiler/jit/xla_gpu_device.cc:99] Not creating XLA devices, tf_xla_enable_xla_devices not set
maxFreq at 10nA: 999.0
2021-04-20 20:41:00.609814: I tensorflow/compiler/jit/xla_gpu_device.cc:99] Not creating XLA devices, tf_xla_enable_xla_devices not set
2021-04-20 20:41:14.916085: I tensorflow/compiler/jit/xla_gpu_device.cc:99] Not creating XLA devices, tf_xla_enable_xla_devices not set
mse and spike frequency: 0.09995 0.0
[32m[I 2021-04-20 20:41:27,920][0m Trial 78 finished with values: [0.09995, 0.0] with parameters: {'Vahp': -48.5, 'Vth': -52.5, 'Vmax': 39.5, 't_ref': 20.0, 'R': 0.2, 'tau_m': 350.5, 'R_adp': 0.7000000000000001, 'tau_w': 136.0, 'a': 380.5, 'rate_low': 20.0, 'rate_high': 29.0}.[0m
2021-04-20 20:41:28.423768: I tensorflow/compiler/jit/xla_gpu_device.cc:99] Not creating XLA devices, tf_xla_enable_xla_devices not set
maxFreq at 10nA: 56.0
2021-04-20 20:41:55.016822: I tensorflow/compiler/jit/xla_gpu_device.cc:99] Not creating XLA devices, tf_xla_enable_xla_devices not set
2021-04-20 20:42:09.081009: I tensorflow/compiler/jit/xla_gpu_device.cc:99] Not creating XLA devices, tf_xla_enable_xla_devices not set
mse and spike frequency: 0.14881 10.11
[32m[I 2021-04-20 20:42:21,820][0m Trial 79 finished with values: [0.14881, 10.11] with parameters: {'Vahp': -31.0, 'Vth': -22.5, 'Vmax': 24.0, 't_ref': 16.5, 'R': 0.9, 'tau_m': 149.5, 'R_adp': 0.8, 'tau_w': 288.0, 'a': 143.5, 'rate_low': 31.5, 'rate_high': 36.0}.[0m
2021-04-20 20:42:22.318157: I tensorflow/compiler/jit/xla_gpu_device.cc:99] Not creating XLA devices, tf_xla_enable_xla_devices not set
maxFreq at 10nA: 28.0
2021-04-20 20:42:48.453735: I tensorflow/compiler/jit/xla_gpu_device.cc:99] Not creating XLA devices, tf_xla_enable_xla_devices not set
2021-04-20 20:43:02.586779: I tensorflow/compiler/jit/xla_gpu_device.cc:99] Not creating XLA devices, tf_xla_enable_xla_devices not set
mse and spike frequency: 0.12786 0.7
[32m[I 2021-04-20 20:43:15,574][0m Trial 80 finished with values: [0.12786, 0.7] with parameters: {'Vahp': -58.0, 'Vth': -31.5, 'Vmax': 31.5, 't_ref': 18.5, 'R': 0.1, 'tau_m': 230.0, 'R_adp': 0.2, 'tau_w': 384.5, 'a': 415.5, 'rate_low': 36.0, 'rate_high': 49.0}.[0m
2021-04-20 20:43:16.071701: I tensorflow/compiler/jit/xla_gpu_device.cc:99] Not creating XLA devices, tf_xla_enable_xla_devices not set
maxFreq at 10nA: 1000.0
2021-04-20 20:43:42.455177: I tensorflow/compiler/jit/xla_gpu_device.cc:99] Not creating XLA devices, tf_xla_enable_xla_devices not set
2021-04-20 20:43:56.926035: I tensorflow/compiler/jit/xla_gpu_device.cc:99] Not creating XLA devices, tf_xla_enable_xla_devices not set
mse and spike frequency: 0.09995 0.0
[32m[I 2021-04-20 20:44:09,701][0m Trial 81 finished with values: [0.09995, 0.0] with parameters: {'Vahp': -22.0, 'Vth': -22.5, 'Vmax': 13.0, 't_ref': 2.5, 'R': 0.6, 'tau_m': 134.0, 'R_adp': 0.8, 'tau_w': 135.5, 'a': 104.0, 'rate_low': 9.0, 'rate_high': 8.5}.[0m
2021-04-20 20:44:10.212190: I tensorflow/compiler/jit/xla_gpu_device.cc:99] Not creating XLA devices, tf_xla_enable_xla_devices not set
maxFreq at 10nA: 90.0
2021-04-20 20:44:36.313859: I tensorflow/compiler/jit/xla_gpu_device.cc:99] Not creating XLA devices, tf_xla_enable_xla_devices not set
2021-04-20 20:44:51.399019: I tensorflow/compiler/jit/xla_gpu_device.cc:99] Not creating XLA devices, tf_xla_enable_xla_devices not set
mse and spike frequency: 0.12204 2.04
[32m[I 2021-04-20 20:45:04,844][0m Trial 82 finished with values: [0.12204, 2.04] with parameters: {'Vahp': -52.5, 'Vth': -44.5, 'Vmax': 21.5, 't_ref': 7.0, 'R': 0.7000000000000001, 'tau_m': 258.0, 'R_adp': 0.9, 'tau_w': 249.5, 'a': 376.0, 'rate_low': 11.5, 'rate_high': 25.5}.[0m
2021-04-20 20:45:05.386399: I tensorflow/compiler/jit/xla_gpu_device.cc:99] Not creating XLA devices, tf_xla_enable_xla_devices not set
maxFreq at 10nA: 84.0
2021-04-20 20:45:31.772225: I tensorflow/compiler/jit/xla_gpu_device.cc:99] Not creating XLA devices, tf_xla_enable_xla_devices not set
2021-04-20 20:45:47.194856: I tensorflow/compiler/jit/xla_gpu_device.cc:99] Not creating XLA devices, tf_xla_enable_xla_devices not set
mse and spike frequency: 0.06961 2.82
[32m[I 2021-04-20 20:46:00,575][0m Trial 83 finished with values: [0.06961, 2.82] with parameters: {'Vahp': -52.5, 'Vth': -45.5, 'Vmax': 19.0, 't_ref': 10.5, 'R': 0.7000000000000001, 'tau_m': 258.0, 'R_adp': 1.0, 'tau_w': 127.5, 'a': 376.0, 'rate_low': 11.5, 'rate_high': 43.0}.[0m
2021-04-20 20:46:01.095648: I tensorflow/compiler/jit/xla_gpu_device.cc:99] Not creating XLA devices, tf_xla_enable_xla_devices not set
maxFreq at 10nA: 1000.0
2021-04-20 20:46:27.279249: I tensorflow/compiler/jit/xla_gpu_device.cc:99] Not creating XLA devices, tf_xla_enable_xla_devices not set
2021-04-20 20:46:43.476362: I tensorflow/compiler/jit/xla_gpu_device.cc:99] Not creating XLA devices, tf_xla_enable_xla_devices not set
mse and spike frequency: 0.09995 0.0
