[32m[I 2021-04-21 00:11:04,079][0m Trial 229 finished with values: [0.09995, 0.0] with parameters: {'Vahp': -35.0, 'Vth': -46.5, 'Vmax': 24.0, 't_ref': 17.0, 'R': 1.0, 'tau_m': 241.0, 'R_adp': 0.7000000000000001, 'tau_w': 88.0, 'a': 137.5, 'rate_low': 20.0, 'rate_high': 43.5}.[0m
2021-04-21 00:11:04.918640: I tensorflow/compiler/jit/xla_gpu_device.cc:99] Not creating XLA devices, tf_xla_enable_xla_devices not set
maxFreq at 10nA: 1000.0
2021-04-21 00:11:50.823672: I tensorflow/compiler/jit/xla_gpu_device.cc:99] Not creating XLA devices, tf_xla_enable_xla_devices not set
2021-04-21 00:12:26.138957: I tensorflow/compiler/jit/xla_gpu_device.cc:99] Not creating XLA devices, tf_xla_enable_xla_devices not set
mse and spike frequency: 0.09995 0.0
[32m[I 2021-04-21 00:12:59,602][0m Trial 230 finished with values: [0.09995, 0.0] with parameters: {'Vahp': -31.5, 'Vth': -54.5, 'Vmax': 27.5, 't_ref': 17.0, 'R': 0.6, 'tau_m': 14.0, 'R_adp': 1.0, 'tau_w': 293.5, 'a': 99.0, 'rate_low': 24.5, 'rate_high': 43.0}.[0m
2021-04-21 00:13:00.451953: I tensorflow/compiler/jit/xla_gpu_device.cc:99] Not creating XLA devices, tf_xla_enable_xla_devices not set
maxFreq at 10nA: 999.0
2021-04-21 00:13:45.905370: I tensorflow/compiler/jit/xla_gpu_device.cc:99] Not creating XLA devices, tf_xla_enable_xla_devices not set
2021-04-21 00:14:22.543083: I tensorflow/compiler/jit/xla_gpu_device.cc:99] Not creating XLA devices, tf_xla_enable_xla_devices not set
mse and spike frequency: 0.09995 0.0
[32m[I 2021-04-21 00:14:56,256][0m Trial 231 finished with values: [0.09995, 0.0] with parameters: {'Vahp': -30.0, 'Vth': -34.0, 'Vmax': 24.0, 't_ref': 5.5, 'R': 0.30000000000000004, 'tau_m': 234.0, 'R_adp': 0.7000000000000001, 'tau_w': 436.5, 'a': 76.0, 'rate_low': 20.0, 'rate_high': 8.5}.[0m
2021-04-21 00:14:57.099708: I tensorflow/compiler/jit/xla_gpu_device.cc:99] Not creating XLA devices, tf_xla_enable_xla_devices not set
maxFreq at 10nA: 1000.0
2021-04-21 00:15:43.085344: I tensorflow/compiler/jit/xla_gpu_device.cc:99] Not creating XLA devices, tf_xla_enable_xla_devices not set
2021-04-21 00:16:19.681009: I tensorflow/compiler/jit/xla_gpu_device.cc:99] Not creating XLA devices, tf_xla_enable_xla_devices not set
mse and spike frequency: 0.09995 0.0
[32m[I 2021-04-21 00:16:52,754][0m Trial 232 finished with values: [0.09995, 0.0] with parameters: {'Vahp': -37.0, 'Vth': -40.5, 'Vmax': 27.5, 't_ref': 20.0, 'R': 0.6, 'tau_m': 157.5, 'R_adp': 0.8, 'tau_w': 17.5, 'a': 209.5, 'rate_low': 47.0, 'rate_high': 38.0}.[0m
2021-04-21 00:16:53.614486: I tensorflow/compiler/jit/xla_gpu_device.cc:99] Not creating XLA devices, tf_xla_enable_xla_devices not set
maxFreq at 10nA: 1000.0
2021-04-21 00:17:38.830967: I tensorflow/compiler/jit/xla_gpu_device.cc:99] Not creating XLA devices, tf_xla_enable_xla_devices not set
2021-04-21 00:18:14.111429: I tensorflow/compiler/jit/xla_gpu_device.cc:99] Not creating XLA devices, tf_xla_enable_xla_devices not set
mse and spike frequency: 0.09995 0.0
[32m[I 2021-04-21 00:18:47,787][0m Trial 233 finished with values: [0.09995, 0.0] with parameters: {'Vahp': -30.0, 'Vth': -39.5, 'Vmax': 36.5, 't_ref': 15.5, 'R': 0.7000000000000001, 'tau_m': 299.0, 'R_adp': 0.1, 'tau_w': 40.0, 'a': 415.5, 'rate_low': 37.0, 'rate_high': 49.0}.[0m
2021-04-21 00:18:48.694536: I tensorflow/compiler/jit/xla_gpu_device.cc:99] Not creating XLA devices, tf_xla_enable_xla_devices not set
maxFreq at 10nA: 62.0
2021-04-21 00:19:34.901320: I tensorflow/compiler/jit/xla_gpu_device.cc:99] Not creating XLA devices, tf_xla_enable_xla_devices not set
2021-04-21 00:20:11.102799: I tensorflow/compiler/jit/xla_gpu_device.cc:99] Not creating XLA devices, tf_xla_enable_xla_devices not set
mse and spike frequency: 3.76062 15.74
[32m[I 2021-04-21 00:20:45,346][0m Trial 234 finished with values: [3.76062, 15.74] with parameters: {'Vahp': -30.0, 'Vth': -22.5, 'Vmax': 22.5, 't_ref': 3.0, 'R': 0.30000000000000004, 'tau_m': 153.5, 'R_adp': 0.5, 'tau_w': 436.5, 'a': 296.0, 'rate_low': 41.0, 'rate_high': 43.0}.[0m
2021-04-21 00:20:46.243150: I tensorflow/compiler/jit/xla_gpu_device.cc:99] Not creating XLA devices, tf_xla_enable_xla_devices not set
maxFreq at 10nA: 48.0
2021-04-21 00:21:32.756327: I tensorflow/compiler/jit/xla_gpu_device.cc:99] Not creating XLA devices, tf_xla_enable_xla_devices not set
2021-04-21 00:22:09.958953: I tensorflow/compiler/jit/xla_gpu_device.cc:99] Not creating XLA devices, tf_xla_enable_xla_devices not set
mse and spike frequency: 0.237 3.71
[32m[I 2021-04-21 00:22:44,050][0m Trial 235 finished with values: [0.237, 3.71] with parameters: {'Vahp': -43.5, 'Vth': -40.5, 'Vmax': 24.0, 't_ref': 20.0, 'R': 0.5, 'tau_m': 157.5, 'R_adp': 0.8, 'tau_w': 430.0, 'a': 137.5, 'rate_low': 1.0, 'rate_high': 38.0}.[0m
2021-04-21 00:22:44.921869: I tensorflow/compiler/jit/xla_gpu_device.cc:99] Not creating XLA devices, tf_xla_enable_xla_devices not set
maxFreq at 10nA: 72.0
2021-04-21 00:23:30.752736: I tensorflow/compiler/jit/xla_gpu_device.cc:99] Not creating XLA devices, tf_xla_enable_xla_devices not set
2021-04-21 00:24:07.091736: I tensorflow/compiler/jit/xla_gpu_device.cc:99] Not creating XLA devices, tf_xla_enable_xla_devices not set
mse and spike frequency: 0.02775 2.3
[32m[I 2021-04-21 00:24:41,169][0m Trial 236 finished with values: [0.02775, 2.3] with parameters: {'Vahp': -52.5, 'Vth': -34.0, 'Vmax': 12.5, 't_ref': 3.0, 'R': 0.1, 'tau_m': 299.0, 'R_adp': 0.30000000000000004, 'tau_w': 43.0, 'a': 475.5, 'rate_low': 37.0, 'rate_high': 25.5}.[0m
2021-04-21 00:24:42.044523: I tensorflow/compiler/jit/xla_gpu_device.cc:99] Not creating XLA devices, tf_xla_enable_xla_devices not set
maxFreq at 10nA: 48.0
2021-04-21 00:25:27.867978: I tensorflow/compiler/jit/xla_gpu_device.cc:99] Not creating XLA devices, tf_xla_enable_xla_devices not set
2021-04-21 00:26:05.558608: I tensorflow/compiler/jit/xla_gpu_device.cc:99] Not creating XLA devices, tf_xla_enable_xla_devices not set
mse and spike frequency: 0.01198 21.53
[32m[I 2021-04-21 00:26:39,693][0m Trial 237 finished with values: [0.01198, 21.53] with parameters: {'Vahp': -35.0, 'Vth': -29.0, 'Vmax': 24.5, 't_ref': 20.0, 'R': 1.0, 'tau_m': 182.5, 'R_adp': 0.5, 'tau_w': 12.0, 'a': 415.5, 'rate_low': 48.0, 'rate_high': 33.5}.[0m
2021-04-21 00:26:40.739328: I tensorflow/compiler/jit/xla_gpu_device.cc:99] Not creating XLA devices, tf_xla_enable_xla_devices not set
maxFreq at 10nA: 1000.0
2021-04-21 00:27:26.134318: I tensorflow/compiler/jit/xla_gpu_device.cc:99] Not creating XLA devices, tf_xla_enable_xla_devices not set
2021-04-21 00:28:02.824655: I tensorflow/compiler/jit/xla_gpu_device.cc:99] Not creating XLA devices, tf_xla_enable_xla_devices not set
mse and spike frequency: 0.09995 0.0
[32m[I 2021-04-21 00:28:37,221][0m Trial 238 finished with values: [0.09995, 0.0] with parameters: {'Vahp': -35.0, 'Vth': -52.5, 'Vmax': 39.5, 't_ref': 12.0, 'R': 0.7000000000000001, 'tau_m': 116.5, 'R_adp': 1.0, 'tau_w': 173.0, 'a': 418.5, 'rate_low': 37.0, 'rate_high': 39.5}.[0m
2021-04-21 00:28:38.132494: I tensorflow/compiler/jit/xla_gpu_device.cc:99] Not creating XLA devices, tf_xla_enable_xla_devices not set
maxFreq at 10nA: 1000.0
2021-04-21 00:29:23.759043: I tensorflow/compiler/jit/xla_gpu_device.cc:99] Not creating XLA devices, tf_xla_enable_xla_devices not set
2021-04-21 00:30:00.235985: I tensorflow/compiler/jit/xla_gpu_device.cc:99] Not creating XLA devices, tf_xla_enable_xla_devices not set
mse and spike frequency: 0.09995 0.0
[32m[I 2021-04-21 00:30:34,930][0m Trial 239 finished with values: [0.09995, 0.0] with parameters: {'Vahp': -37.0, 'Vth': -51.0, 'Vmax': 22.0, 't_ref': 9.0, 'R': 0.5, 'tau_m': 106.5, 'R_adp': 1.0, 'tau_w': 77.0, 'a': 296.0, 'rate_low': 11.5, 'rate_high': 8.5}.[0m
2021-04-21 00:30:35.944594: I tensorflow/compiler/jit/xla_gpu_device.cc:99] Not creating XLA devices, tf_xla_enable_xla_devices not set
maxFreq at 10nA: 1000.0
2021-04-21 00:31:23.166491: I tensorflow/compiler/jit/xla_gpu_device.cc:99] Not creating XLA devices, tf_xla_enable_xla_devices not set
2021-04-21 00:32:00.884432: I tensorflow/compiler/jit/xla_gpu_device.cc:99] Not creating XLA devices, tf_xla_enable_xla_devices not set
mse and spike frequency: 0.09995 0.0
[32m[I 2021-04-21 00:32:36,497][0m Trial 240 finished with values: [0.09995, 0.0] with parameters: {'Vahp': -37.0, 'Vth': -37.5, 'Vmax': 27.5, 't_ref': 9.5, 'R': 0.8, 'tau_m': 299.0, 'R_adp': 0.2, 'tau_w': 288.0, 'a': 426.0, 'rate_low': 42.0, 'rate_high': 38.0}.[0m
2021-04-21 00:32:37.373171: I tensorflow/compiler/jit/xla_gpu_device.cc:99] Not creating XLA devices, tf_xla_enable_xla_devices not set
maxFreq at 10nA: 1000.0
2021-04-21 00:33:25.078980: I tensorflow/compiler/jit/xla_gpu_device.cc:99] Not creating XLA devices, tf_xla_enable_xla_devices not set
2021-04-21 00:34:02.385996: I tensorflow/compiler/jit/xla_gpu_device.cc:99] Not creating XLA devices, tf_xla_enable_xla_devices not set
mse and spike frequency: 0.09995 0.0
[32m[I 2021-04-21 00:34:37,522][0m Trial 241 finished with values: [0.09995, 0.0] with parameters: {'Vahp': -48.5, 'Vth': -57.5, 'Vmax': 24.0, 't_ref': 16.5, 'R': 0.30000000000000004, 'tau_m': 180.5, 'R_adp': 0.8, 'tau_w': 288.0, 'a': 475.5, 'rate_low': 48.0, 'rate_high': 25.5}.[0m
2021-04-21 00:34:38.416553: I tensorflow/compiler/jit/xla_gpu_device.cc:99] Not creating XLA devices, tf_xla_enable_xla_devices not set
maxFreq at 10nA: 1000.0
2021-04-21 00:35:25.673064: I tensorflow/compiler/jit/xla_gpu_device.cc:99] Not creating XLA devices, tf_xla_enable_xla_devices not set
2021-04-21 00:36:02.706661: I tensorflow/compiler/jit/xla_gpu_device.cc:99] Not creating XLA devices, tf_xla_enable_xla_devices not set
mse and spike frequency: 0.09995 0.0
[32m[I 2021-04-21 00:36:37,301][0m Trial 242 finished with values: [0.09995, 0.0] with parameters: {'Vahp': -35.0, 'Vth': -42.0, 'Vmax': 13.0, 't_ref': 17.0, 'R': 1.0, 'tau_m': 106.5, 'R_adp': 0.4, 'tau_w': 88.0, 'a': 296.0, 'rate_low': 11.5, 'rate_high': 43.5}.[0m
2021-04-21 00:36:38.210088: I tensorflow/compiler/jit/xla_gpu_device.cc:99] Not creating XLA devices, tf_xla_enable_xla_devices not set
maxFreq at 10nA: 1000.0
2021-04-21 00:37:25.981454: I tensorflow/compiler/jit/xla_gpu_device.cc:99] Not creating XLA devices, tf_xla_enable_xla_devices not set
2021-04-21 00:38:03.026928: I tensorflow/compiler/jit/xla_gpu_device.cc:99] Not creating XLA devices, tf_xla_enable_xla_devices not set
mse and spike frequency: 0.09995 0.0
[32m[I 2021-04-21 00:38:38,020][0m Trial 243 finished with values: [0.09995, 0.0] with parameters: {'Vahp': -22.5, 'Vth': -57.5, 'Vmax': 19.0, 't_ref': 6.0, 'R': 0.1, 'tau_m': 305.0, 'R_adp': 0.1, 'tau_w': 500.0, 'a': 475.5, 'rate_low': 2.5, 'rate_high': 9.0}.[0m
2021-04-21 00:38:38.909108: I tensorflow/compiler/jit/xla_gpu_device.cc:99] Not creating XLA devices, tf_xla_enable_xla_devices not set
maxFreq at 10nA: 999.0
2021-04-21 00:39:27.503193: I tensorflow/compiler/jit/xla_gpu_device.cc:99] Not creating XLA devices, tf_xla_enable_xla_devices not set
2021-04-21 00:40:05.253242: I tensorflow/compiler/jit/xla_gpu_device.cc:99] Not creating XLA devices, tf_xla_enable_xla_devices not set
mse and spike frequency: 0.09995 0.0
[32m[I 2021-04-21 00:40:40,483][0m Trial 244 finished with values: [0.09995, 0.0] with parameters: {'Vahp': -28.0, 'Vth': -45.5, 'Vmax': 12.5, 't_ref': 9.0, 'R': 0.2, 'tau_m': 295.5, 'R_adp': 0.4, 'tau_w': 436.5, 'a': 309.5, 'rate_low': 30.0, 'rate_high': 43.0}.[0m
2021-04-21 00:40:41.374212: I tensorflow/compiler/jit/xla_gpu_device.cc:99] Not creating XLA devices, tf_xla_enable_xla_devices not set
maxFreq at 10nA: 1000.0
2021-04-21 00:41:30.431422: I tensorflow/compiler/jit/xla_gpu_device.cc:99] Not creating XLA devices, tf_xla_enable_xla_devices not set
2021-04-21 00:42:08.275498: I tensorflow/compiler/jit/xla_gpu_device.cc:99] Not creating XLA devices, tf_xla_enable_xla_devices not set
mse and spike frequency: 0.09995 0.0
[32m[I 2021-04-21 00:42:43,252][0m Trial 245 finished with values: [0.09995, 0.0] with parameters: {'Vahp': -41.0, 'Vth': -45.5, 'Vmax': 12.5, 't_ref': 7.5, 'R': 0.2, 'tau_m': 116.5, 'R_adp': 0.9, 'tau_w': 409.0, 'a': 418.5, 'rate_low': 4.0, 'rate_high': 28.0}.[0m
2021-04-21 00:42:44.156866: I tensorflow/compiler/jit/xla_gpu_device.cc:99] Not creating XLA devices, tf_xla_enable_xla_devices not set
maxFreq at 10nA: 65.0
2021-04-21 00:43:33.005456: I tensorflow/compiler/jit/xla_gpu_device.cc:99] Not creating XLA devices, tf_xla_enable_xla_devices not set
2021-04-21 00:44:11.026835: I tensorflow/compiler/jit/xla_gpu_device.cc:99] Not creating XLA devices, tf_xla_enable_xla_devices not set
mse and spike frequency: 0.12806 1.37
[32m[I 2021-04-21 00:44:46,559][0m Trial 246 finished with values: [0.12806, 1.37] with parameters: {'Vahp': -41.0, 'Vth': -40.5, 'Vmax': 12.5, 't_ref': 5.5, 'R': 0.2, 'tau_m': 233.0, 'R_adp': 1.0, 'tau_w': 77.0, 'a': 426.0, 'rate_low': 4.0, 'rate_high': 44.0}.[0m
2021-04-21 00:44:47.492337: I tensorflow/compiler/jit/xla_gpu_device.cc:99] Not creating XLA devices, tf_xla_enable_xla_devices not set
maxFreq at 10nA: 998.0
2021-04-21 00:45:36.712931: I tensorflow/compiler/jit/xla_gpu_device.cc:99] Not creating XLA devices, tf_xla_enable_xla_devices not set
2021-04-21 00:46:14.402584: I tensorflow/compiler/jit/xla_gpu_device.cc:99] Not creating XLA devices, tf_xla_enable_xla_devices not set
mse and spike frequency: 0.09995 0.0
[32m[I 2021-04-21 00:46:50,249][0m Trial 247 finished with values: [0.09995, 0.0] with parameters: {'Vahp': -28.0, 'Vth': -45.5, 'Vmax': 27.5, 't_ref': 15.5, 'R': 0.2, 'tau_m': 330.0, 'R_adp': 0.9, 'tau_w': 409.0, 'a': 418.5, 'rate_low': 20.0, 'rate_high': 43.0}.[0m
2021-04-21 00:46:51.200166: I tensorflow/compiler/jit/xla_gpu_device.cc:99] Not creating XLA devices, tf_xla_enable_xla_devices not set
maxFreq at 10nA: 999.0
2021-04-21 00:47:39.932224: I tensorflow/compiler/jit/xla_gpu_device.cc:99] Not creating XLA devices, tf_xla_enable_xla_devices not set
2021-04-21 00:48:18.487495: I tensorflow/compiler/jit/xla_gpu_device.cc:99] Not creating XLA devices, tf_xla_enable_xla_devices not set
mse and spike frequency: 0.09995 0.0
[32m[I 2021-04-21 00:48:54,587][0m Trial 248 finished with values: [0.09995, 0.0] with parameters: {'Vahp': -31.5, 'Vth': -44.5, 'Vmax': 37.5, 't_ref': 2.0, 'R': 0.1, 'tau_m': 106.5, 'R_adp': 0.8, 'tau_w': 288.0, 'a': 376.0, 'rate_low': 6.0, 'rate_high': 33.5}.[0m
2021-04-21 00:48:55.523328: I tensorflow/compiler/jit/xla_gpu_device.cc:99] Not creating XLA devices, tf_xla_enable_xla_devices not set
maxFreq at 10nA: 1000.0
2021-04-21 00:49:45.348126: I tensorflow/compiler/jit/xla_gpu_device.cc:99] Not creating XLA devices, tf_xla_enable_xla_devices not set
2021-04-21 00:50:24.340785: I tensorflow/compiler/jit/xla_gpu_device.cc:99] Not creating XLA devices, tf_xla_enable_xla_devices not set
mse and spike frequency: 0.09995 0.0
[32m[I 2021-04-21 00:51:01,048][0m Trial 249 finished with values: [0.09995, 0.0] with parameters: {'Vahp': -35.0, 'Vth': -54.0, 'Vmax': 35.0, 't_ref': 20.0, 'R': 0.30000000000000004, 'tau_m': 266.5, 'R_adp': 0.8, 'tau_w': 288.0, 'a': 283.5, 'rate_low': 15.5, 'rate_high': 25.5}.[0m
2021-04-21 00:51:01.981635: I tensorflow/compiler/jit/xla_gpu_device.cc:99] Not creating XLA devices, tf_xla_enable_xla_devices not set
maxFreq at 10nA: 995.0
2021-04-21 00:51:51.545826: I tensorflow/compiler/jit/xla_gpu_device.cc:99] Not creating XLA devices, tf_xla_enable_xla_devices not set
2021-04-21 00:52:30.284842: I tensorflow/compiler/jit/xla_gpu_device.cc:99] Not creating XLA devices, tf_xla_enable_xla_devices not set
mse and spike frequency: 0.09995 0.0
[32m[I 2021-04-21 00:53:06,442][0m Trial 250 finished with values: [0.09995, 0.0] with parameters: {'Vahp': -23.0, 'Vth': -35.5, 'Vmax': 12.5, 't_ref': 5.5, 'R': 0.2, 'tau_m': 477.5, 'R_adp': 0.8, 'tau_w': 288.0, 'a': 9.5, 'rate_low': 6.0, 'rate_high': 44.0}.[0m
2021-04-21 00:53:07.378410: I tensorflow/compiler/jit/xla_gpu_device.cc:99] Not creating XLA devices, tf_xla_enable_xla_devices not set
maxFreq at 10nA: 48.0
2021-04-21 00:53:56.147453: I tensorflow/compiler/jit/xla_gpu_device.cc:99] Not creating XLA devices, tf_xla_enable_xla_devices not set
2021-04-21 00:54:33.889257: I tensorflow/compiler/jit/xla_gpu_device.cc:99] Not creating XLA devices, tf_xla_enable_xla_devices not set
mse and spike frequency: 0.00937 15.77
[32m[I 2021-04-21 00:55:09,903][0m Trial 251 finished with values: [0.00937, 15.77] with parameters: {'Vahp': -37.0, 'Vth': -25.0, 'Vmax': 27.5, 't_ref': 20.0, 'R': 0.6, 'tau_m': 157.5, 'R_adp': 0.8, 'tau_w': 184.5, 'a': 9.5, 'rate_low': 27.5, 'rate_high': 38.0}.[0m
2021-04-21 00:55:10.863345: I tensorflow/compiler/jit/xla_gpu_device.cc:99] Not creating XLA devices, tf_xla_enable_xla_devices not set
maxFreq at 10nA: 1000.0
2021-04-21 00:56:01.209945: I tensorflow/compiler/jit/xla_gpu_device.cc:99] Not creating XLA devices, tf_xla_enable_xla_devices not set
2021-04-21 00:56:40.658779: I tensorflow/compiler/jit/xla_gpu_device.cc:99] Not creating XLA devices, tf_xla_enable_xla_devices not set
mse and spike frequency: 0.09995 0.0
[32m[I 2021-04-21 00:57:18,176][0m Trial 252 finished with values: [0.09995, 0.0] with parameters: {'Vahp': -35.0, 'Vth': -42.0, 'Vmax': 19.0, 't_ref': 12.0, 'R': 0.7000000000000001, 'tau_m': 106.5, 'R_adp': 0.8, 'tau_w': 173.0, 'a': 296.0, 'rate_low': 11.5, 'rate_high': 43.5}.[0m
2021-04-21 00:57:19.106446: I tensorflow/compiler/jit/xla_gpu_device.cc:99] Not creating XLA devices, tf_xla_enable_xla_devices not set
maxFreq at 10nA: 1000.0
2021-04-21 00:58:10.043017: I tensorflow/compiler/jit/xla_gpu_device.cc:99] Not creating XLA devices, tf_xla_enable_xla_devices not set
2021-04-21 00:58:48.801756: I tensorflow/compiler/jit/xla_gpu_device.cc:99] Not creating XLA devices, tf_xla_enable_xla_devices not set
mse and spike frequency: 0.09995 0.0
[32m[I 2021-04-21 00:59:26,511][0m Trial 253 finished with values: [0.09995, 0.0] with parameters: {'Vahp': -22.5, 'Vth': -29.0, 'Vmax': 39.5, 't_ref': 12.0, 'R': 0.7000000000000001, 'tau_m': 116.5, 'R_adp': 0.1, 'tau_w': 173.0, 'a': 418.5, 'rate_low': 2.5, 'rate_high': 25.5}.[0m
2021-04-21 00:59:27.411365: I tensorflow/compiler/jit/xla_gpu_device.cc:99] Not creating XLA devices, tf_xla_enable_xla_devices not set
maxFreq at 10nA: 1000.0
2021-04-21 01:00:18.026003: I tensorflow/compiler/jit/xla_gpu_device.cc:99] Not creating XLA devices, tf_xla_enable_xla_devices not set
2021-04-21 01:00:57.643527: I tensorflow/compiler/jit/xla_gpu_device.cc:99] Not creating XLA devices, tf_xla_enable_xla_devices not set
mse and spike frequency: 0.09995 0.0
[32m[I 2021-04-21 01:01:35,376][0m Trial 254 finished with values: [0.09995, 0.0] with parameters: {'Vahp': -35.0, 'Vth': -44.5, 'Vmax': 33.5, 't_ref': 20.0, 'R': 0.4, 'tau_m': 106.5, 'R_adp': 0.8, 'tau_w': 412.5, 'a': 475.5, 'rate_low': 6.0, 'rate_high': 8.5}.[0m
2021-04-21 01:01:36.288481: I tensorflow/compiler/jit/xla_gpu_device.cc:99] Not creating XLA devices, tf_xla_enable_xla_devices not set
maxFreq at 10nA: 82.0
2021-04-21 01:02:28.457932: I tensorflow/compiler/jit/xla_gpu_device.cc:99] Not creating XLA devices, tf_xla_enable_xla_devices not set
2021-04-21 01:03:07.066091: I tensorflow/compiler/jit/xla_gpu_device.cc:99] Not creating XLA devices, tf_xla_enable_xla_devices not set
mse and spike frequency: 0.09995 0.01
[32m[I 2021-04-21 01:03:44,123][0m Trial 255 finished with values: [0.09995, 0.01] with parameters: {'Vahp': -41.0, 'Vth': -25.0, 'Vmax': 12.5, 't_ref': 5.5, 'R': 0.2, 'tau_m': 234.0, 'R_adp': 0.7000000000000001, 'tau_w': 436.5, 'a': 76.0, 'rate_low': 4.0, 'rate_high': 8.5}.[0m
2021-04-21 01:03:45.047080: I tensorflow/compiler/jit/xla_gpu_device.cc:99] Not creating XLA devices, tf_xla_enable_xla_devices not set
maxFreq at 10nA: 143.0
2021-04-21 01:04:35.752680: I tensorflow/compiler/jit/xla_gpu_device.cc:99] Not creating XLA devices, tf_xla_enable_xla_devices not set
2021-04-21 01:05:14.701635: I tensorflow/compiler/jit/xla_gpu_device.cc:99] Not creating XLA devices, tf_xla_enable_xla_devices not set
mse and spike frequency: 0.00409 31.49
[32m[I 2021-04-21 01:05:53,115][0m Trial 256 finished with values: [0.00409, 31.49] with parameters: {'Vahp': -59.5, 'Vth': -57.5, 'Vmax': 23.0, 't_ref': 6.0, 'R': 0.8, 'tau_m': 451.5, 'R_adp': 1.0, 'tau_w': 16.5, 'a': 237.5, 'rate_low': 17.5, 'rate_high': 46.0}.[0m
2021-04-21 01:05:54.016042: I tensorflow/compiler/jit/xla_gpu_device.cc:99] Not creating XLA devices, tf_xla_enable_xla_devices not set
maxFreq at 10nA: 1000.0
2021-04-21 01:06:45.383438: I tensorflow/compiler/jit/xla_gpu_device.cc:99] Not creating XLA devices, tf_xla_enable_xla_devices not set
