[32m[I 2021-04-20 23:18:56,494][0m Trial 200 finished with values: [0.05555, 0.77] with parameters: {'Vahp': -51.5, 'Vth': -22.5, 'Vmax': 30.5, 't_ref': 20.0, 'R': 0.30000000000000004, 'tau_m': 430.0, 'R_adp': 0.7000000000000001, 'tau_w': 500.0, 'a': 137.5, 'rate_low': 20.0, 'rate_high': 9.0}.[0m
2021-04-20 23:18:57.272823: I tensorflow/compiler/jit/xla_gpu_device.cc:99] Not creating XLA devices, tf_xla_enable_xla_devices not set
maxFreq at 10nA: 996.0
2021-04-20 23:19:37.445595: I tensorflow/compiler/jit/xla_gpu_device.cc:99] Not creating XLA devices, tf_xla_enable_xla_devices not set
2021-04-20 23:20:08.161850: I tensorflow/compiler/jit/xla_gpu_device.cc:99] Not creating XLA devices, tf_xla_enable_xla_devices not set
mse and spike frequency: 0.09995 0.0
[32m[I 2021-04-20 23:20:37,893][0m Trial 201 finished with values: [0.09995, 0.0] with parameters: {'Vahp': -31.5, 'Vth': -34.0, 'Vmax': 27.5, 't_ref': 5.0, 'R': 0.2, 'tau_m': 351.0, 'R_adp': 0.1, 'tau_w': 17.5, 'a': 283.5, 'rate_low': 1.5, 'rate_high': 40.0}.[0m
2021-04-20 23:20:38.708651: I tensorflow/compiler/jit/xla_gpu_device.cc:99] Not creating XLA devices, tf_xla_enable_xla_devices not set
maxFreq at 10nA: 1000.0
2021-04-20 23:21:19.479742: I tensorflow/compiler/jit/xla_gpu_device.cc:99] Not creating XLA devices, tf_xla_enable_xla_devices not set
2021-04-20 23:21:50.323623: I tensorflow/compiler/jit/xla_gpu_device.cc:99] Not creating XLA devices, tf_xla_enable_xla_devices not set
mse and spike frequency: 0.09995 0.0
[32m[I 2021-04-20 23:22:19,693][0m Trial 202 finished with values: [0.09995, 0.0] with parameters: {'Vahp': -23.0, 'Vth': -54.5, 'Vmax': 28.5, 't_ref': 2.5, 'R': 0.30000000000000004, 'tau_m': 182.5, 'R_adp': 0.9, 'tau_w': 12.0, 'a': 415.5, 'rate_low': 48.0, 'rate_high': 33.5}.[0m
2021-04-20 23:22:20.554258: I tensorflow/compiler/jit/xla_gpu_device.cc:99] Not creating XLA devices, tf_xla_enable_xla_devices not set
maxFreq at 10nA: 1000.0
2021-04-20 23:23:01.166829: I tensorflow/compiler/jit/xla_gpu_device.cc:99] Not creating XLA devices, tf_xla_enable_xla_devices not set
2021-04-20 23:23:32.740777: I tensorflow/compiler/jit/xla_gpu_device.cc:99] Not creating XLA devices, tf_xla_enable_xla_devices not set
mse and spike frequency: 0.09995 0.0
[32m[I 2021-04-20 23:24:02,954][0m Trial 203 finished with values: [0.09995, 0.0] with parameters: {'Vahp': -37.0, 'Vth': -40.5, 'Vmax': 27.5, 't_ref': 15.5, 'R': 0.5, 'tau_m': 182.5, 'R_adp': 0.8, 'tau_w': 77.0, 'a': 74.0, 'rate_low': 42.0, 'rate_high': 38.0}.[0m
2021-04-20 23:24:03.763750: I tensorflow/compiler/jit/xla_gpu_device.cc:99] Not creating XLA devices, tf_xla_enable_xla_devices not set
maxFreq at 10nA: 1000.0
2021-04-20 23:24:45.411400: I tensorflow/compiler/jit/xla_gpu_device.cc:99] Not creating XLA devices, tf_xla_enable_xla_devices not set
2021-04-20 23:25:17.168949: I tensorflow/compiler/jit/xla_gpu_device.cc:99] Not creating XLA devices, tf_xla_enable_xla_devices not set
mse and spike frequency: 0.09995 0.0
[32m[I 2021-04-20 23:25:48,106][0m Trial 204 finished with values: [0.09995, 0.0] with parameters: {'Vahp': -52.5, 'Vth': -57.5, 'Vmax': 21.5, 't_ref': 6.0, 'R': 0.1, 'tau_m': 305.0, 'R_adp': 0.30000000000000004, 'tau_w': 16.5, 'a': 326.5, 'rate_low': 17.5, 'rate_high': 46.0}.[0m
2021-04-20 23:25:48.875916: I tensorflow/compiler/jit/xla_gpu_device.cc:99] Not creating XLA devices, tf_xla_enable_xla_devices not set
maxFreq at 10nA: 1000.0
2021-04-20 23:26:30.136954: I tensorflow/compiler/jit/xla_gpu_device.cc:99] Not creating XLA devices, tf_xla_enable_xla_devices not set
2021-04-20 23:27:01.716938: I tensorflow/compiler/jit/xla_gpu_device.cc:99] Not creating XLA devices, tf_xla_enable_xla_devices not set
mse and spike frequency: 0.09995 0.0
[32m[I 2021-04-20 23:27:32,784][0m Trial 205 finished with values: [0.09995, 0.0] with parameters: {'Vahp': -20.5, 'Vth': -54.0, 'Vmax': 24.5, 't_ref': 17.5, 'R': 0.4, 'tau_m': 303.5, 'R_adp': 0.4, 'tau_w': 80.5, 'a': 386.5, 'rate_low': 13.5, 'rate_high': 20.5}.[0m
2021-04-20 23:27:33.558152: I tensorflow/compiler/jit/xla_gpu_device.cc:99] Not creating XLA devices, tf_xla_enable_xla_devices not set
maxFreq at 10nA: 1000.0
2021-04-20 23:28:15.049663: I tensorflow/compiler/jit/xla_gpu_device.cc:99] Not creating XLA devices, tf_xla_enable_xla_devices not set
2021-04-20 23:28:46.551373: I tensorflow/compiler/jit/xla_gpu_device.cc:99] Not creating XLA devices, tf_xla_enable_xla_devices not set
mse and spike frequency: 0.09995 0.0
[32m[I 2021-04-20 23:29:17,643][0m Trial 206 finished with values: [0.09995, 0.0] with parameters: {'Vahp': -35.0, 'Vth': -52.5, 'Vmax': 39.5, 't_ref': 5.5, 'R': 0.2, 'tau_m': 116.5, 'R_adp': 0.2, 'tau_w': 173.0, 'a': 418.5, 'rate_low': 37.0, 'rate_high': 44.0}.[0m
2021-04-20 23:29:18.443260: I tensorflow/compiler/jit/xla_gpu_device.cc:99] Not creating XLA devices, tf_xla_enable_xla_devices not set
maxFreq at 10nA: 68.0
2021-04-20 23:30:00.434833: I tensorflow/compiler/jit/xla_gpu_device.cc:99] Not creating XLA devices, tf_xla_enable_xla_devices not set
2021-04-20 23:30:32.037595: I tensorflow/compiler/jit/xla_gpu_device.cc:99] Not creating XLA devices, tf_xla_enable_xla_devices not set
mse and spike frequency: 0.09986 0.15
[32m[I 2021-04-20 23:31:03,170][0m Trial 207 finished with values: [0.09986, 0.15] with parameters: {'Vahp': -52.5, 'Vth': -29.0, 'Vmax': 30.5, 't_ref': 9.0, 'R': 0.1, 'tau_m': 106.5, 'R_adp': 0.4, 'tau_w': 43.0, 'a': 475.5, 'rate_low': 11.5, 'rate_high': 8.5}.[0m
2021-04-20 23:31:04.026066: I tensorflow/compiler/jit/xla_gpu_device.cc:99] Not creating XLA devices, tf_xla_enable_xla_devices not set
maxFreq at 10nA: 1000.0
2021-04-20 23:31:45.727535: I tensorflow/compiler/jit/xla_gpu_device.cc:99] Not creating XLA devices, tf_xla_enable_xla_devices not set
2021-04-20 23:32:17.805488: I tensorflow/compiler/jit/xla_gpu_device.cc:99] Not creating XLA devices, tf_xla_enable_xla_devices not set
mse and spike frequency: 0.09995 0.0
[32m[I 2021-04-20 23:32:49,981][0m Trial 208 finished with values: [0.09995, 0.0] with parameters: {'Vahp': -31.5, 'Vth': -52.5, 'Vmax': 19.0, 't_ref': 12.0, 'R': 0.7000000000000001, 'tau_m': 106.5, 'R_adp': 0.8, 'tau_w': 173.0, 'a': 418.5, 'rate_low': 37.0, 'rate_high': 38.0}.[0m
2021-04-20 23:32:50.811033: I tensorflow/compiler/jit/xla_gpu_device.cc:99] Not creating XLA devices, tf_xla_enable_xla_devices not set
maxFreq at 10nA: 48.0
2021-04-20 23:33:33.087835: I tensorflow/compiler/jit/xla_gpu_device.cc:99] Not creating XLA devices, tf_xla_enable_xla_devices not set
2021-04-20 23:34:04.474584: I tensorflow/compiler/jit/xla_gpu_device.cc:99] Not creating XLA devices, tf_xla_enable_xla_devices not set
mse and spike frequency: 0.01988 22.11
[32m[I 2021-04-20 23:34:36,295][0m Trial 209 finished with values: [0.01988, 22.11] with parameters: {'Vahp': -57.0, 'Vth': -54.0, 'Vmax': 24.5, 't_ref': 20.0, 'R': 1.0, 'tau_m': 303.5, 'R_adp': 0.1, 'tau_w': 17.5, 'a': 38.0, 'rate_low': 37.0, 'rate_high': 29.0}.[0m
2021-04-20 23:34:37.132968: I tensorflow/compiler/jit/xla_gpu_device.cc:99] Not creating XLA devices, tf_xla_enable_xla_devices not set
maxFreq at 10nA: 1000.0
2021-04-20 23:35:20.415729: I tensorflow/compiler/jit/xla_gpu_device.cc:99] Not creating XLA devices, tf_xla_enable_xla_devices not set
2021-04-20 23:35:51.862374: I tensorflow/compiler/jit/xla_gpu_device.cc:99] Not creating XLA devices, tf_xla_enable_xla_devices not set
mse and spike frequency: 0.09995 0.0
[32m[I 2021-04-20 23:36:23,866][0m Trial 210 finished with values: [0.09995, 0.0] with parameters: {'Vahp': -35.0, 'Vth': -54.0, 'Vmax': 12.5, 't_ref': 17.0, 'R': 0.30000000000000004, 'tau_m': 478.5, 'R_adp': 0.4, 'tau_w': 436.5, 'a': 296.0, 'rate_low': 27.5, 'rate_high': 36.0}.[0m
2021-04-20 23:36:24.660678: I tensorflow/compiler/jit/xla_gpu_device.cc:99] Not creating XLA devices, tf_xla_enable_xla_devices not set
maxFreq at 10nA: 999.0
2021-04-20 23:37:07.434802: I tensorflow/compiler/jit/xla_gpu_device.cc:99] Not creating XLA devices, tf_xla_enable_xla_devices not set
2021-04-20 23:37:39.197915: I tensorflow/compiler/jit/xla_gpu_device.cc:99] Not creating XLA devices, tf_xla_enable_xla_devices not set
mse and spike frequency: 0.09995 0.0
[32m[I 2021-04-20 23:38:10,927][0m Trial 211 finished with values: [0.09995, 0.0] with parameters: {'Vahp': -35.0, 'Vth': -43.5, 'Vmax': 12.5, 't_ref': 17.0, 'R': 0.7000000000000001, 'tau_m': 478.5, 'R_adp': 0.5, 'tau_w': 309.0, 'a': 38.0, 'rate_low': 20.0, 'rate_high': 47.0}.[0m
2021-04-20 23:38:11.726351: I tensorflow/compiler/jit/xla_gpu_device.cc:99] Not creating XLA devices, tf_xla_enable_xla_devices not set
maxFreq at 10nA: 1000.0
2021-04-20 23:38:54.899953: I tensorflow/compiler/jit/xla_gpu_device.cc:99] Not creating XLA devices, tf_xla_enable_xla_devices not set
2021-04-20 23:39:26.555823: I tensorflow/compiler/jit/xla_gpu_device.cc:99] Not creating XLA devices, tf_xla_enable_xla_devices not set
mse and spike frequency: 0.09995 0.0
[32m[I 2021-04-20 23:39:58,621][0m Trial 212 finished with values: [0.09995, 0.0] with parameters: {'Vahp': -41.0, 'Vth': -43.5, 'Vmax': 12.5, 't_ref': 7.5, 'R': 0.8, 'tau_m': 451.5, 'R_adp': 1.0, 'tau_w': 406.0, 'a': 237.5, 'rate_low': 4.0, 'rate_high': 28.5}.[0m
2021-04-20 23:39:59.407137: I tensorflow/compiler/jit/xla_gpu_device.cc:99] Not creating XLA devices, tf_xla_enable_xla_devices not set
maxFreq at 10nA: 1000.0
2021-04-20 23:40:42.440393: I tensorflow/compiler/jit/xla_gpu_device.cc:99] Not creating XLA devices, tf_xla_enable_xla_devices not set
2021-04-20 23:41:14.440192: I tensorflow/compiler/jit/xla_gpu_device.cc:99] Not creating XLA devices, tf_xla_enable_xla_devices not set
mse and spike frequency: 0.09995 0.0
[32m[I 2021-04-20 23:41:46,112][0m Trial 213 finished with values: [0.09995, 0.0] with parameters: {'Vahp': -48.5, 'Vth': -57.5, 'Vmax': 24.0, 't_ref': 20.0, 'R': 0.9, 'tau_m': 312.5, 'R_adp': 1.0, 'tau_w': 500.0, 'a': 137.5, 'rate_low': 7.0, 'rate_high': 38.5}.[0m
2021-04-20 23:41:46.914377: I tensorflow/compiler/jit/xla_gpu_device.cc:99] Not creating XLA devices, tf_xla_enable_xla_devices not set
maxFreq at 10nA: 1000.0
2021-04-20 23:42:30.058569: I tensorflow/compiler/jit/xla_gpu_device.cc:99] Not creating XLA devices, tf_xla_enable_xla_devices not set
2021-04-20 23:43:02.139551: I tensorflow/compiler/jit/xla_gpu_device.cc:99] Not creating XLA devices, tf_xla_enable_xla_devices not set
mse and spike frequency: 0.09995 0.0
[32m[I 2021-04-20 23:43:33,271][0m Trial 214 finished with values: [0.09995, 0.0] with parameters: {'Vahp': -35.0, 'Vth': -40.5, 'Vmax': 26.5, 't_ref': 2.0, 'R': 1.0, 'tau_m': 157.5, 'R_adp': 0.5, 'tau_w': 430.0, 'a': 208.0, 'rate_low': 42.0, 'rate_high': 38.0}.[0m
2021-04-20 23:43:34.085506: I tensorflow/compiler/jit/xla_gpu_device.cc:99] Not creating XLA devices, tf_xla_enable_xla_devices not set
maxFreq at 10nA: 1000.0
2021-04-20 23:44:16.674005: I tensorflow/compiler/jit/xla_gpu_device.cc:99] Not creating XLA devices, tf_xla_enable_xla_devices not set
2021-04-20 23:44:48.523621: I tensorflow/compiler/jit/xla_gpu_device.cc:99] Not creating XLA devices, tf_xla_enable_xla_devices not set
mse and spike frequency: 0.09995 0.0
[32m[I 2021-04-20 23:45:20,063][0m Trial 215 finished with values: [0.09995, 0.0] with parameters: {'Vahp': -23.5, 'Vth': -57.5, 'Vmax': 24.0, 't_ref': 2.0, 'R': 1.0, 'tau_m': 182.5, 'R_adp': 0.8, 'tau_w': 430.0, 'a': 475.5, 'rate_low': 48.0, 'rate_high': 25.5}.[0m
2021-04-20 23:45:20.876017: I tensorflow/compiler/jit/xla_gpu_device.cc:99] Not creating XLA devices, tf_xla_enable_xla_devices not set
maxFreq at 10nA: 1000.0
2021-04-20 23:46:03.833625: I tensorflow/compiler/jit/xla_gpu_device.cc:99] Not creating XLA devices, tf_xla_enable_xla_devices not set
2021-04-20 23:46:35.777837: I tensorflow/compiler/jit/xla_gpu_device.cc:99] Not creating XLA devices, tf_xla_enable_xla_devices not set
mse and spike frequency: 0.09995 0.0
[32m[I 2021-04-20 23:47:07,322][0m Trial 216 finished with values: [0.09995, 0.0] with parameters: {'Vahp': -22.0, 'Vth': -52.5, 'Vmax': 13.0, 't_ref': 12.0, 'R': 0.7000000000000001, 'tau_m': 453.5, 'R_adp': 0.2, 'tau_w': 135.5, 'a': 418.5, 'rate_low': 37.0, 'rate_high': 39.5}.[0m
2021-04-20 23:47:08.151348: I tensorflow/compiler/jit/xla_gpu_device.cc:99] Not creating XLA devices, tf_xla_enable_xla_devices not set
maxFreq at 10nA: 91.0
2021-04-20 23:47:51.244498: I tensorflow/compiler/jit/xla_gpu_device.cc:99] Not creating XLA devices, tf_xla_enable_xla_devices not set
2021-04-20 23:48:23.376105: I tensorflow/compiler/jit/xla_gpu_device.cc:99] Not creating XLA devices, tf_xla_enable_xla_devices not set
mse and spike frequency: 0.09758 0.74
[32m[I 2021-04-20 23:48:54,565][0m Trial 217 finished with values: [0.09758, 0.74] with parameters: {'Vahp': -51.5, 'Vth': -48.5, 'Vmax': 30.5, 't_ref': 3.5, 'R': 0.8, 'tau_m': 430.0, 'R_adp': 1.0, 'tau_w': 500.0, 'a': 242.0, 'rate_low': 3.0, 'rate_high': 9.0}.[0m
2021-04-20 23:48:55.436492: I tensorflow/compiler/jit/xla_gpu_device.cc:99] Not creating XLA devices, tf_xla_enable_xla_devices not set
maxFreq at 10nA: 1000.0
2021-04-20 23:49:38.604849: I tensorflow/compiler/jit/xla_gpu_device.cc:99] Not creating XLA devices, tf_xla_enable_xla_devices not set
2021-04-20 23:50:10.676490: I tensorflow/compiler/jit/xla_gpu_device.cc:99] Not creating XLA devices, tf_xla_enable_xla_devices not set
mse and spike frequency: 0.09995 0.0
[32m[I 2021-04-20 23:50:41,504][0m Trial 218 finished with values: [0.09995, 0.0] with parameters: {'Vahp': -31.0, 'Vth': -54.0, 'Vmax': 35.0, 't_ref': 16.5, 'R': 0.6, 'tau_m': 266.5, 'R_adp': 0.8, 'tau_w': 156.5, 'a': 283.5, 'rate_low': 4.0, 'rate_high': 8.5}.[0m
2021-04-20 23:50:42.357479: I tensorflow/compiler/jit/xla_gpu_device.cc:99] Not creating XLA devices, tf_xla_enable_xla_devices not set
maxFreq at 10nA: 1000.0
2021-04-20 23:51:25.707662: I tensorflow/compiler/jit/xla_gpu_device.cc:99] Not creating XLA devices, tf_xla_enable_xla_devices not set
2021-04-20 23:51:57.573665: I tensorflow/compiler/jit/xla_gpu_device.cc:99] Not creating XLA devices, tf_xla_enable_xla_devices not set
mse and spike frequency: 0.09995 0.0
[32m[I 2021-04-20 23:52:28,534][0m Trial 219 finished with values: [0.09995, 0.0] with parameters: {'Vahp': -30.0, 'Vth': -39.5, 'Vmax': 37.5, 't_ref': 15.5, 'R': 0.7000000000000001, 'tau_m': 114.5, 'R_adp': 1.0, 'tau_w': 88.0, 'a': 415.5, 'rate_low': 42.0, 'rate_high': 42.0}.[0m
2021-04-20 23:52:29.387398: I tensorflow/compiler/jit/xla_gpu_device.cc:99] Not creating XLA devices, tf_xla_enable_xla_devices not set
maxFreq at 10nA: 1000.0
2021-04-20 23:53:13.899934: I tensorflow/compiler/jit/xla_gpu_device.cc:99] Not creating XLA devices, tf_xla_enable_xla_devices not set
2021-04-20 23:53:46.136447: I tensorflow/compiler/jit/xla_gpu_device.cc:99] Not creating XLA devices, tf_xla_enable_xla_devices not set
mse and spike frequency: 0.09995 0.0
[32m[I 2021-04-20 23:54:17,740][0m Trial 220 finished with values: [0.09995, 0.0] with parameters: {'Vahp': -22.5, 'Vth': -43.5, 'Vmax': 28.5, 't_ref': 16.5, 'R': 0.30000000000000004, 'tau_m': 180.5, 'R_adp': 0.8, 'tau_w': 288.0, 'a': 475.5, 'rate_low': 19.5, 'rate_high': 25.5}.[0m
2021-04-20 23:54:18.675325: I tensorflow/compiler/jit/xla_gpu_device.cc:99] Not creating XLA devices, tf_xla_enable_xla_devices not set
maxFreq at 10nA: 21.0
2021-04-20 23:55:03.009725: I tensorflow/compiler/jit/xla_gpu_device.cc:99] Not creating XLA devices, tf_xla_enable_xla_devices not set
2021-04-20 23:55:34.841702: I tensorflow/compiler/jit/xla_gpu_device.cc:99] Not creating XLA devices, tf_xla_enable_xla_devices not set
mse and spike frequency: 0.12776 0.4
[32m[I 2021-04-20 23:56:05,815][0m Trial 221 finished with values: [0.12776, 0.4] with parameters: {'Vahp': -30.0, 'Vth': -22.5, 'Vmax': 22.5, 't_ref': 5.5, 'R': 0.1, 'tau_m': 149.5, 'R_adp': 0.5, 'tau_w': 436.5, 'a': 296.0, 'rate_low': 32.0, 'rate_high': 43.0}.[0m
2021-04-20 23:56:06.648341: I tensorflow/compiler/jit/xla_gpu_device.cc:99] Not creating XLA devices, tf_xla_enable_xla_devices not set
maxFreq at 10nA: 125.0
2021-04-20 23:56:51.975591: I tensorflow/compiler/jit/xla_gpu_device.cc:99] Not creating XLA devices, tf_xla_enable_xla_devices not set
2021-04-20 23:57:24.591853: I tensorflow/compiler/jit/xla_gpu_device.cc:99] Not creating XLA devices, tf_xla_enable_xla_devices not set
mse and spike frequency: 0.0028 18.79
[32m[I 2021-04-20 23:57:55,753][0m Trial 222 finished with values: [0.0028, 18.79] with parameters: {'Vahp': -56.5, 'Vth': -34.0, 'Vmax': 30.5, 't_ref': 6.0, 'R': 0.5, 'tau_m': 263.5, 'R_adp': 0.1, 'tau_w': 62.0, 'a': 176.0, 'rate_low': 37.0, 'rate_high': 43.0}.[0m
2021-04-20 23:57:56.607064: I tensorflow/compiler/jit/xla_gpu_device.cc:99] Not creating XLA devices, tf_xla_enable_xla_devices not set
maxFreq at 10nA: 1000.0
2021-04-20 23:58:42.085491: I tensorflow/compiler/jit/xla_gpu_device.cc:99] Not creating XLA devices, tf_xla_enable_xla_devices not set
2021-04-20 23:59:14.876256: I tensorflow/compiler/jit/xla_gpu_device.cc:99] Not creating XLA devices, tf_xla_enable_xla_devices not set
mse and spike frequency: 0.09995 0.0
[32m[I 2021-04-20 23:59:45,942][0m Trial 223 finished with values: [0.09995, 0.0] with parameters: {'Vahp': -48.5, 'Vth': -54.0, 'Vmax': 12.5, 't_ref': 5.5, 'R': 0.6, 'tau_m': 233.0, 'R_adp': 0.1, 'tau_w': 17.5, 'a': 9.5, 'rate_low': 1.0, 'rate_high': 44.0}.[0m
2021-04-20 23:59:46.812546: I tensorflow/compiler/jit/xla_gpu_device.cc:99] Not creating XLA devices, tf_xla_enable_xla_devices not set
maxFreq at 10nA: 999.0
2021-04-21 00:00:31.842810: I tensorflow/compiler/jit/xla_gpu_device.cc:99] Not creating XLA devices, tf_xla_enable_xla_devices not set
2021-04-21 00:01:05.638998: I tensorflow/compiler/jit/xla_gpu_device.cc:99] Not creating XLA devices, tf_xla_enable_xla_devices not set
mse and spike frequency: 0.09995 0.0
[32m[I 2021-04-21 00:01:37,238][0m Trial 224 finished with values: [0.09995, 0.0] with parameters: {'Vahp': -22.0, 'Vth': -33.0, 'Vmax': 39.0, 't_ref': 3.0, 'R': 0.5, 'tau_m': 332.5, 'R_adp': 0.1, 'tau_w': 62.0, 'a': 360.0, 'rate_low': 31.5, 'rate_high': 35.0}.[0m
2021-04-21 00:01:38.082498: I tensorflow/compiler/jit/xla_gpu_device.cc:99] Not creating XLA devices, tf_xla_enable_xla_devices not set
maxFreq at 10nA: 1000.0
2021-04-21 00:02:23.621264: I tensorflow/compiler/jit/xla_gpu_device.cc:99] Not creating XLA devices, tf_xla_enable_xla_devices not set
2021-04-21 00:02:58.176854: I tensorflow/compiler/jit/xla_gpu_device.cc:99] Not creating XLA devices, tf_xla_enable_xla_devices not set
mse and spike frequency: 0.09995 0.0
[32m[I 2021-04-21 00:03:29,567][0m Trial 225 finished with values: [0.09995, 0.0] with parameters: {'Vahp': -22.0, 'Vth': -44.5, 'Vmax': 38.0, 't_ref': 9.5, 'R': 0.30000000000000004, 'tau_m': 153.5, 'R_adp': 0.8, 'tau_w': 309.0, 'a': 376.0, 'rate_low': 41.0, 'rate_high': 47.5}.[0m
2021-04-21 00:03:30.409927: I tensorflow/compiler/jit/xla_gpu_device.cc:99] Not creating XLA devices, tf_xla_enable_xla_devices not set
maxFreq at 10nA: 67.0
2021-04-21 00:04:16.378217: I tensorflow/compiler/jit/xla_gpu_device.cc:99] Not creating XLA devices, tf_xla_enable_xla_devices not set
2021-04-21 00:04:50.604122: I tensorflow/compiler/jit/xla_gpu_device.cc:99] Not creating XLA devices, tf_xla_enable_xla_devices not set
mse and spike frequency: 0.02932 2.72
[32m[I 2021-04-21 00:05:22,359][0m Trial 226 finished with values: [0.02932, 2.72] with parameters: {'Vahp': -48.5, 'Vth': -22.5, 'Vmax': 19.0, 't_ref': 12.0, 'R': 0.30000000000000004, 'tau_m': 241.0, 'R_adp': 0.1, 'tau_w': 173.0, 'a': 376.0, 'rate_low': 20.0, 'rate_high': 8.5}.[0m
2021-04-21 00:05:23.239091: I tensorflow/compiler/jit/xla_gpu_device.cc:99] Not creating XLA devices, tf_xla_enable_xla_devices not set
maxFreq at 10nA: 100.0
2021-04-21 00:06:08.660759: I tensorflow/compiler/jit/xla_gpu_device.cc:99] Not creating XLA devices, tf_xla_enable_xla_devices not set
2021-04-21 00:06:43.243246: I tensorflow/compiler/jit/xla_gpu_device.cc:99] Not creating XLA devices, tf_xla_enable_xla_devices not set
mse and spike frequency: 0.11327 1.77
[32m[I 2021-04-21 00:07:15,701][0m Trial 227 finished with values: [0.11327, 1.77] with parameters: {'Vahp': -57.0, 'Vth': -34.0, 'Vmax': 12.5, 't_ref': 9.0, 'R': 0.7000000000000001, 'tau_m': 43.0, 'R_adp': 0.4, 'tau_w': 436.5, 'a': 296.0, 'rate_low': 3.0, 'rate_high': 9.0}.[0m
2021-04-21 00:07:16.570070: I tensorflow/compiler/jit/xla_gpu_device.cc:99] Not creating XLA devices, tf_xla_enable_xla_devices not set
maxFreq at 10nA: 1000.0
2021-04-21 00:08:02.457074: I tensorflow/compiler/jit/xla_gpu_device.cc:99] Not creating XLA devices, tf_xla_enable_xla_devices not set
2021-04-21 00:08:37.022370: I tensorflow/compiler/jit/xla_gpu_device.cc:99] Not creating XLA devices, tf_xla_enable_xla_devices not set
mse and spike frequency: 0.09995 0.0
[32m[I 2021-04-21 00:09:09,814][0m Trial 228 finished with values: [0.09995, 0.0] with parameters: {'Vahp': -35.0, 'Vth': -44.5, 'Vmax': 24.5, 't_ref': 20.0, 'R': 0.4, 'tau_m': 106.5, 'R_adp': 0.8, 'tau_w': 288.0, 'a': 283.5, 'rate_low': 6.0, 'rate_high': 8.5}.[0m
2021-04-21 00:09:10.659352: I tensorflow/compiler/jit/xla_gpu_device.cc:99] Not creating XLA devices, tf_xla_enable_xla_devices not set
maxFreq at 10nA: 1000.0
2021-04-21 00:09:56.124589: I tensorflow/compiler/jit/xla_gpu_device.cc:99] Not creating XLA devices, tf_xla_enable_xla_devices not set
2021-04-21 00:10:30.941637: I tensorflow/compiler/jit/xla_gpu_device.cc:99] Not creating XLA devices, tf_xla_enable_xla_devices not set
mse and spike frequency: 0.09995 0.0
