[32m[I 2021-04-20 22:01:07,077][0m Trial 151 finished with values: [0.09995, 0.0] with parameters: {'Vahp': -21.5, 'Vth': -48.5, 'Vmax': 40.0, 't_ref': 4.0, 'R': 0.6, 'tau_m': 268.0, 'rate_low': 29.0, 'rate_high': 30.0}.[0m
2021-04-20 22:01:07.821098: I tensorflow/compiler/jit/xla_gpu_device.cc:99] Not creating XLA devices, tf_xla_enable_xla_devices not set
maxFreq at 10nA: 1000.0
2021-04-20 22:01:42.339763: I tensorflow/compiler/jit/xla_gpu_device.cc:99] Not creating XLA devices, tf_xla_enable_xla_devices not set
2021-04-20 22:02:05.557155: I tensorflow/compiler/jit/xla_gpu_device.cc:99] Not creating XLA devices, tf_xla_enable_xla_devices not set
mse and spike frequency: 0.09995 0.0
[32m[I 2021-04-20 22:02:28,774][0m Trial 152 finished with values: [0.09995, 0.0] with parameters: {'Vahp': -44.0, 'Vth': -50.0, 'Vmax': 32.5, 't_ref': 2.5, 'R': 0.9, 'tau_m': 93.5, 'rate_low': 11.5, 'rate_high': 43.5}.[0m
2021-04-20 22:02:29.538341: I tensorflow/compiler/jit/xla_gpu_device.cc:99] Not creating XLA devices, tf_xla_enable_xla_devices not set
maxFreq at 10nA: 63.0
2021-04-20 22:03:04.570714: I tensorflow/compiler/jit/xla_gpu_device.cc:99] Not creating XLA devices, tf_xla_enable_xla_devices not set
2021-04-20 22:03:28.108094: I tensorflow/compiler/jit/xla_gpu_device.cc:99] Not creating XLA devices, tf_xla_enable_xla_devices not set
mse and spike frequency: 0.09993 0.05
[32m[I 2021-04-20 22:03:50,854][0m Trial 153 finished with values: [0.09993, 0.05] with parameters: {'Vahp': -42.0, 'Vth': -36.0, 'Vmax': 36.5, 't_ref': 15.0, 'R': 0.6, 'tau_m': 338.5, 'rate_low': 1.5, 'rate_high': 5.0}.[0m
2021-04-20 22:03:51.568877: I tensorflow/compiler/jit/xla_gpu_device.cc:99] Not creating XLA devices, tf_xla_enable_xla_devices not set
maxFreq at 10nA: 1000.0
2021-04-20 22:04:26.539228: I tensorflow/compiler/jit/xla_gpu_device.cc:99] Not creating XLA devices, tf_xla_enable_xla_devices not set
2021-04-20 22:04:50.315028: I tensorflow/compiler/jit/xla_gpu_device.cc:99] Not creating XLA devices, tf_xla_enable_xla_devices not set
mse and spike frequency: 0.09995 0.0
[32m[I 2021-04-20 22:05:13,684][0m Trial 154 finished with values: [0.09995, 0.0] with parameters: {'Vahp': -55.5, 'Vth': -57.5, 'Vmax': 40.0, 't_ref': 9.0, 'R': 0.4, 'tau_m': 482.0, 'rate_low': 13.0, 'rate_high': 33.0}.[0m
2021-04-20 22:05:14.440069: I tensorflow/compiler/jit/xla_gpu_device.cc:99] Not creating XLA devices, tf_xla_enable_xla_devices not set
maxFreq at 10nA: 143.0
2021-04-20 22:05:49.886736: I tensorflow/compiler/jit/xla_gpu_device.cc:99] Not creating XLA devices, tf_xla_enable_xla_devices not set
2021-04-20 22:06:13.443140: I tensorflow/compiler/jit/xla_gpu_device.cc:99] Not creating XLA devices, tf_xla_enable_xla_devices not set
mse and spike frequency: 0.00359 6.46
[32m[I 2021-04-20 22:06:36,999][0m Trial 155 finished with values: [0.00359, 6.46] with parameters: {'Vahp': -53.0, 'Vth': -24.5, 'Vmax': 27.0, 't_ref': 4.5, 'R': 0.9, 'tau_m': 317.0, 'rate_low': 7.0, 'rate_high': 23.5}.[0m
2021-04-20 22:06:37.717598: I tensorflow/compiler/jit/xla_gpu_device.cc:99] Not creating XLA devices, tf_xla_enable_xla_devices not set
maxFreq at 10nA: 63.0
2021-04-20 22:07:13.098194: I tensorflow/compiler/jit/xla_gpu_device.cc:99] Not creating XLA devices, tf_xla_enable_xla_devices not set
2021-04-20 22:07:36.925164: I tensorflow/compiler/jit/xla_gpu_device.cc:99] Not creating XLA devices, tf_xla_enable_xla_devices not set
mse and spike frequency: 0.00658 22.82
[32m[I 2021-04-20 22:08:01,143][0m Trial 156 finished with values: [0.00658, 22.82] with parameters: {'Vahp': -39.5, 'Vth': -22.5, 'Vmax': 39.5, 't_ref': 15.0, 'R': 0.9, 'tau_m': 151.0, 'rate_low': 46.5, 'rate_high': 15.5}.[0m
2021-04-20 22:08:01.851421: I tensorflow/compiler/jit/xla_gpu_device.cc:99] Not creating XLA devices, tf_xla_enable_xla_devices not set
maxFreq at 10nA: 250.0
2021-04-20 22:08:37.293602: I tensorflow/compiler/jit/xla_gpu_device.cc:99] Not creating XLA devices, tf_xla_enable_xla_devices not set
2021-04-20 22:09:02.261209: I tensorflow/compiler/jit/xla_gpu_device.cc:99] Not creating XLA devices, tf_xla_enable_xla_devices not set
mse and spike frequency: 0.00191 24.75
[32m[I 2021-04-20 22:09:26,423][0m Trial 157 finished with values: [0.00191, 24.75] with parameters: {'Vahp': -48.0, 'Vth': -29.0, 'Vmax': 38.0, 't_ref': 2.5, 'R': 0.9, 'tau_m': 405.0, 'rate_low': 32.5, 'rate_high': 34.0}.[0m
2021-04-20 22:09:27.096702: I tensorflow/compiler/jit/xla_gpu_device.cc:99] Not creating XLA devices, tf_xla_enable_xla_devices not set
maxFreq at 10nA: 999.0
2021-04-20 22:10:02.954089: I tensorflow/compiler/jit/xla_gpu_device.cc:99] Not creating XLA devices, tf_xla_enable_xla_devices not set
2021-04-20 22:10:28.116147: I tensorflow/compiler/jit/xla_gpu_device.cc:99] Not creating XLA devices, tf_xla_enable_xla_devices not set
mse and spike frequency: 0.09995 0.0
[32m[I 2021-04-20 22:10:52,850][0m Trial 158 finished with values: [0.09995, 0.0] with parameters: {'Vahp': -39.0, 'Vth': -52.5, 'Vmax': 20.0, 't_ref': 5.0, 'R': 0.2, 'tau_m': 406.0, 'rate_low': 16.5, 'rate_high': 23.5}.[0m
2021-04-20 22:10:53.532109: I tensorflow/compiler/jit/xla_gpu_device.cc:99] Not creating XLA devices, tf_xla_enable_xla_devices not set
maxFreq at 10nA: 91.0
2021-04-20 22:11:29.262715: I tensorflow/compiler/jit/xla_gpu_device.cc:99] Not creating XLA devices, tf_xla_enable_xla_devices not set
2021-04-20 22:11:54.080942: I tensorflow/compiler/jit/xla_gpu_device.cc:99] Not creating XLA devices, tf_xla_enable_xla_devices not set
mse and spike frequency: 0.00652 8.12
[32m[I 2021-04-20 22:12:18,151][0m Trial 159 finished with values: [0.00652, 8.12] with parameters: {'Vahp': -37.0, 'Vth': -35.5, 'Vmax': 15.0, 't_ref': 9.5, 'R': 0.30000000000000004, 'tau_m': 166.5, 'rate_low': 11.5, 'rate_high': 34.0}.[0m
2021-04-20 22:12:18.843112: I tensorflow/compiler/jit/xla_gpu_device.cc:99] Not creating XLA devices, tf_xla_enable_xla_devices not set
maxFreq at 10nA: 1000.0
2021-04-20 22:12:54.519031: I tensorflow/compiler/jit/xla_gpu_device.cc:99] Not creating XLA devices, tf_xla_enable_xla_devices not set
2021-04-20 22:13:20.261497: I tensorflow/compiler/jit/xla_gpu_device.cc:99] Not creating XLA devices, tf_xla_enable_xla_devices not set
mse and spike frequency: 0.09995 0.0
[32m[I 2021-04-20 22:13:45,937][0m Trial 160 finished with values: [0.09995, 0.0] with parameters: {'Vahp': -36.0, 'Vth': -50.0, 'Vmax': 34.0, 't_ref': 2.5, 'R': 0.9, 'tau_m': 482.0, 'rate_low': 38.0, 'rate_high': 43.5}.[0m
2021-04-20 22:13:46.642062: I tensorflow/compiler/jit/xla_gpu_device.cc:99] Not creating XLA devices, tf_xla_enable_xla_devices not set
maxFreq at 10nA: 63.0
2021-04-20 22:14:22.670950: I tensorflow/compiler/jit/xla_gpu_device.cc:99] Not creating XLA devices, tf_xla_enable_xla_devices not set
2021-04-20 22:14:48.365382: I tensorflow/compiler/jit/xla_gpu_device.cc:99] Not creating XLA devices, tf_xla_enable_xla_devices not set
mse and spike frequency: 0.09995 0.0
[32m[I 2021-04-20 22:15:13,778][0m Trial 161 finished with values: [0.09995, 0.0] with parameters: {'Vahp': -34.0, 'Vth': -34.0, 'Vmax': 39.0, 't_ref': 15.0, 'R': 1.0, 'tau_m': 22.0, 'rate_low': 33.0, 'rate_high': 34.0}.[0m
2021-04-20 22:15:14.487711: I tensorflow/compiler/jit/xla_gpu_device.cc:99] Not creating XLA devices, tf_xla_enable_xla_devices not set
maxFreq at 10nA: 250.0
2021-04-20 22:15:50.556109: I tensorflow/compiler/jit/xla_gpu_device.cc:99] Not creating XLA devices, tf_xla_enable_xla_devices not set
2021-04-20 22:16:15.904365: I tensorflow/compiler/jit/xla_gpu_device.cc:99] Not creating XLA devices, tf_xla_enable_xla_devices not set
mse and spike frequency: 0.09995 0.0
[32m[I 2021-04-20 22:16:41,415][0m Trial 162 finished with values: [0.09995, 0.0] with parameters: {'Vahp': -36.0, 'Vth': -35.5, 'Vmax': 34.0, 't_ref': 2.5, 'R': 0.8, 'tau_m': 88.5, 'rate_low': 19.0, 'rate_high': 36.0}.[0m
2021-04-20 22:16:42.146162: I tensorflow/compiler/jit/xla_gpu_device.cc:99] Not creating XLA devices, tf_xla_enable_xla_devices not set
maxFreq at 10nA: 200.0
2021-04-20 22:17:18.116704: I tensorflow/compiler/jit/xla_gpu_device.cc:99] Not creating XLA devices, tf_xla_enable_xla_devices not set
2021-04-20 22:17:43.810140: I tensorflow/compiler/jit/xla_gpu_device.cc:99] Not creating XLA devices, tf_xla_enable_xla_devices not set
mse and spike frequency: 0.00307 54.6
[32m[I 2021-04-20 22:18:09,160][0m Trial 163 finished with values: [0.00307, 54.6] with parameters: {'Vahp': -53.0, 'Vth': -48.5, 'Vmax': 40.0, 't_ref': 4.0, 'R': 0.9, 'tau_m': 317.0, 'rate_low': 22.5, 'rate_high': 23.5}.[0m
2021-04-20 22:18:09.898804: I tensorflow/compiler/jit/xla_gpu_device.cc:99] Not creating XLA devices, tf_xla_enable_xla_devices not set
maxFreq at 10nA: 999.0
2021-04-20 22:18:45.827864: I tensorflow/compiler/jit/xla_gpu_device.cc:99] Not creating XLA devices, tf_xla_enable_xla_devices not set
2021-04-20 22:19:11.726225: I tensorflow/compiler/jit/xla_gpu_device.cc:99] Not creating XLA devices, tf_xla_enable_xla_devices not set
mse and spike frequency: 0.09995 0.0
[32m[I 2021-04-20 22:19:37,583][0m Trial 164 finished with values: [0.09995, 0.0] with parameters: {'Vahp': -32.0, 'Vth': -34.0, 'Vmax': 16.0, 't_ref': 13.0, 'R': 0.9, 'tau_m': 410.0, 'rate_low': 15.0, 'rate_high': 41.0}.[0m
2021-04-20 22:19:38.332681: I tensorflow/compiler/jit/xla_gpu_device.cc:99] Not creating XLA devices, tf_xla_enable_xla_devices not set
maxFreq at 10nA: 1000.0
2021-04-20 22:20:13.691292: I tensorflow/compiler/jit/xla_gpu_device.cc:99] Not creating XLA devices, tf_xla_enable_xla_devices not set
2021-04-20 22:20:39.599415: I tensorflow/compiler/jit/xla_gpu_device.cc:99] Not creating XLA devices, tf_xla_enable_xla_devices not set
mse and spike frequency: 0.09995 0.0
[32m[I 2021-04-20 22:21:05,544][0m Trial 165 finished with values: [0.09995, 0.0] with parameters: {'Vahp': -31.5, 'Vth': -34.0, 'Vmax': 13.0, 't_ref': 13.0, 'R': 1.0, 'tau_m': 232.5, 'rate_low': 16.5, 'rate_high': 33.0}.[0m
2021-04-20 22:21:06.253058: I tensorflow/compiler/jit/xla_gpu_device.cc:99] Not creating XLA devices, tf_xla_enable_xla_devices not set
maxFreq at 10nA: 167.0
2021-04-20 22:21:42.717535: I tensorflow/compiler/jit/xla_gpu_device.cc:99] Not creating XLA devices, tf_xla_enable_xla_devices not set
2021-04-20 22:22:08.975961: I tensorflow/compiler/jit/xla_gpu_device.cc:99] Not creating XLA devices, tf_xla_enable_xla_devices not set
mse and spike frequency: 0.00194 14.99
[32m[I 2021-04-20 22:22:34,534][0m Trial 166 finished with values: [0.00194, 14.99] with parameters: {'Vahp': -57.5, 'Vth': -35.5, 'Vmax': 30.0, 't_ref': 5.0, 'R': 0.9, 'tau_m': 406.0, 'rate_low': 16.5, 'rate_high': 43.0}.[0m
2021-04-20 22:22:35.285532: I tensorflow/compiler/jit/xla_gpu_device.cc:99] Not creating XLA devices, tf_xla_enable_xla_devices not set
maxFreq at 10nA: 84.0
2021-04-20 22:23:11.721837: I tensorflow/compiler/jit/xla_gpu_device.cc:99] Not creating XLA devices, tf_xla_enable_xla_devices not set
2021-04-20 22:23:37.729347: I tensorflow/compiler/jit/xla_gpu_device.cc:99] Not creating XLA devices, tf_xla_enable_xla_devices not set
mse and spike frequency: 0.00397 6.84
[32m[I 2021-04-20 22:24:03,494][0m Trial 167 finished with values: [0.00397, 6.84] with parameters: {'Vahp': -53.5, 'Vth': -30.0, 'Vmax': 11.0, 't_ref': 9.0, 'R': 0.5, 'tau_m': 482.0, 'rate_low': 20.5, 'rate_high': 31.0}.[0m
2021-04-20 22:24:04.303115: I tensorflow/compiler/jit/xla_gpu_device.cc:99] Not creating XLA devices, tf_xla_enable_xla_devices not set
maxFreq at 10nA: 67.0
2021-04-20 22:24:40.639656: I tensorflow/compiler/jit/xla_gpu_device.cc:99] Not creating XLA devices, tf_xla_enable_xla_devices not set
2021-04-20 22:25:06.608160: I tensorflow/compiler/jit/xla_gpu_device.cc:99] Not creating XLA devices, tf_xla_enable_xla_devices not set
mse and spike frequency: 0.00611 6.71
[32m[I 2021-04-20 22:25:32,474][0m Trial 168 finished with values: [0.00611, 6.71] with parameters: {'Vahp': -42.0, 'Vth': -35.5, 'Vmax': 27.0, 't_ref': 13.5, 'R': 0.30000000000000004, 'tau_m': 94.5, 'rate_low': 3.0, 'rate_high': 41.5}.[0m
2021-04-20 22:25:33.222598: I tensorflow/compiler/jit/xla_gpu_device.cc:99] Not creating XLA devices, tf_xla_enable_xla_devices not set
maxFreq at 10nA: 63.0
2021-04-20 22:26:10.296223: I tensorflow/compiler/jit/xla_gpu_device.cc:99] Not creating XLA devices, tf_xla_enable_xla_devices not set
2021-04-20 22:26:36.456331: I tensorflow/compiler/jit/xla_gpu_device.cc:99] Not creating XLA devices, tf_xla_enable_xla_devices not set
mse and spike frequency: 0.00439 8.35
[32m[I 2021-04-20 22:27:02,761][0m Trial 169 finished with values: [0.00439, 8.35] with parameters: {'Vahp': -56.0, 'Vth': -36.0, 'Vmax': 36.5, 't_ref': 13.5, 'R': 0.5, 'tau_m': 335.0, 'rate_low': 12.5, 'rate_high': 34.5}.[0m
2021-04-20 22:27:03.513883: I tensorflow/compiler/jit/xla_gpu_device.cc:99] Not creating XLA devices, tf_xla_enable_xla_devices not set
maxFreq at 10nA: 1000.0
2021-04-20 22:27:41.297874: I tensorflow/compiler/jit/xla_gpu_device.cc:99] Not creating XLA devices, tf_xla_enable_xla_devices not set
2021-04-20 22:28:07.197902: I tensorflow/compiler/jit/xla_gpu_device.cc:99] Not creating XLA devices, tf_xla_enable_xla_devices not set
mse and spike frequency: 0.09995 0.0
[32m[I 2021-04-20 22:28:33,189][0m Trial 170 finished with values: [0.09995, 0.0] with parameters: {'Vahp': -44.0, 'Vth': -50.5, 'Vmax': 38.5, 't_ref': 16.0, 'R': 0.30000000000000004, 'tau_m': 3.5, 'rate_low': 12.5, 'rate_high': 18.0}.[0m
2021-04-20 22:28:33.934632: I tensorflow/compiler/jit/xla_gpu_device.cc:99] Not creating XLA devices, tf_xla_enable_xla_devices not set
maxFreq at 10nA: 1000.0
2021-04-20 22:29:11.437657: I tensorflow/compiler/jit/xla_gpu_device.cc:99] Not creating XLA devices, tf_xla_enable_xla_devices not set
2021-04-20 22:29:37.228439: I tensorflow/compiler/jit/xla_gpu_device.cc:99] Not creating XLA devices, tf_xla_enable_xla_devices not set
mse and spike frequency: 0.09995 0.0
[32m[I 2021-04-20 22:30:03,043][0m Trial 171 finished with values: [0.09995, 0.0] with parameters: {'Vahp': -42.0, 'Vth': -45.0, 'Vmax': 36.5, 't_ref': 13.5, 'R': 0.2, 'tau_m': 94.5, 'rate_low': 20.0, 'rate_high': 34.5}.[0m
2021-04-20 22:30:03.764928: I tensorflow/compiler/jit/xla_gpu_device.cc:99] Not creating XLA devices, tf_xla_enable_xla_devices not set
maxFreq at 10nA: 67.0
2021-04-20 22:30:40.818064: I tensorflow/compiler/jit/xla_gpu_device.cc:99] Not creating XLA devices, tf_xla_enable_xla_devices not set
2021-04-20 22:31:06.507981: I tensorflow/compiler/jit/xla_gpu_device.cc:99] Not creating XLA devices, tf_xla_enable_xla_devices not set
mse and spike frequency: 0.00576 6.04
[32m[I 2021-04-20 22:31:32,764][0m Trial 172 finished with values: [0.00576, 6.04] with parameters: {'Vahp': -57.5, 'Vth': -35.5, 'Vmax': 16.5, 't_ref': 10.5, 'R': 0.30000000000000004, 'tau_m': 423.5, 'rate_low': 23.5, 'rate_high': 33.0}.[0m
2021-04-20 22:31:33.532713: I tensorflow/compiler/jit/xla_gpu_device.cc:99] Not creating XLA devices, tf_xla_enable_xla_devices not set
maxFreq at 10nA: 67.0
2021-04-20 22:32:10.993856: I tensorflow/compiler/jit/xla_gpu_device.cc:99] Not creating XLA devices, tf_xla_enable_xla_devices not set
2021-04-20 22:32:36.547387: I tensorflow/compiler/jit/xla_gpu_device.cc:99] Not creating XLA devices, tf_xla_enable_xla_devices not set
mse and spike frequency: 0.00491 8.22
[32m[I 2021-04-20 22:33:02,393][0m Trial 173 finished with values: [0.00491, 8.22] with parameters: {'Vahp': -42.0, 'Vth': -29.0, 'Vmax': 36.5, 't_ref': 13.5, 'R': 0.6, 'tau_m': 176.5, 'rate_low': 3.0, 'rate_high': 44.5}.[0m
2021-04-20 22:33:03.141628: I tensorflow/compiler/jit/xla_gpu_device.cc:99] Not creating XLA devices, tf_xla_enable_xla_devices not set
maxFreq at 10nA: 250.0
2021-04-20 22:33:40.964438: I tensorflow/compiler/jit/xla_gpu_device.cc:99] Not creating XLA devices, tf_xla_enable_xla_devices not set
2021-04-20 22:34:07.363102: I tensorflow/compiler/jit/xla_gpu_device.cc:99] Not creating XLA devices, tf_xla_enable_xla_devices not set
mse and spike frequency: 0.00195 46.2
[32m[I 2021-04-20 22:34:33,898][0m Trial 174 finished with values: [0.00195, 46.2] with parameters: {'Vahp': -50.0, 'Vth': -25.0, 'Vmax': 40.0, 't_ref': 3.0, 'R': 0.9, 'tau_m': 101.5, 'rate_low': 32.5, 'rate_high': 34.0}.[0m
2021-04-20 22:34:34.646223: I tensorflow/compiler/jit/xla_gpu_device.cc:99] Not creating XLA devices, tf_xla_enable_xla_devices not set
maxFreq at 10nA: 1000.0
2021-04-20 22:35:12.784945: I tensorflow/compiler/jit/xla_gpu_device.cc:99] Not creating XLA devices, tf_xla_enable_xla_devices not set
2021-04-20 22:35:40.614416: I tensorflow/compiler/jit/xla_gpu_device.cc:99] Not creating XLA devices, tf_xla_enable_xla_devices not set
mse and spike frequency: 0.09995 0.0
[32m[I 2021-04-20 22:36:07,262][0m Trial 175 finished with values: [0.09995, 0.0] with parameters: {'Vahp': -40.0, 'Vth': -53.0, 'Vmax': 30.0, 't_ref': 17.5, 'R': 0.9, 'tau_m': 33.5, 'rate_low': 21.5, 'rate_high': 48.0}.[0m
2021-04-20 22:36:08.015626: I tensorflow/compiler/jit/xla_gpu_device.cc:99] Not creating XLA devices, tf_xla_enable_xla_devices not set
maxFreq at 10nA: 59.0
2021-04-20 22:36:46.008204: I tensorflow/compiler/jit/xla_gpu_device.cc:99] Not creating XLA devices, tf_xla_enable_xla_devices not set
2021-04-20 22:37:13.469376: I tensorflow/compiler/jit/xla_gpu_device.cc:99] Not creating XLA devices, tf_xla_enable_xla_devices not set
mse and spike frequency: 0.09995 0.0
[32m[I 2021-04-20 22:37:40,569][0m Trial 176 finished with values: [0.09995, 0.0] with parameters: {'Vahp': -46.5, 'Vth': -29.0, 'Vmax': 38.0, 't_ref': 16.0, 'R': 0.5, 'tau_m': 24.0, 'rate_low': 3.0, 'rate_high': 32.0}.[0m
2021-04-20 22:37:41.331336: I tensorflow/compiler/jit/xla_gpu_device.cc:99] Not creating XLA devices, tf_xla_enable_xla_devices not set
maxFreq at 10nA: 1000.0
2021-04-20 22:38:19.907170: I tensorflow/compiler/jit/xla_gpu_device.cc:99] Not creating XLA devices, tf_xla_enable_xla_devices not set
2021-04-20 22:38:47.910602: I tensorflow/compiler/jit/xla_gpu_device.cc:99] Not creating XLA devices, tf_xla_enable_xla_devices not set
mse and spike frequency: 0.09995 0.0
[32m[I 2021-04-20 22:39:15,429][0m Trial 177 finished with values: [0.09995, 0.0] with parameters: {'Vahp': -43.5, 'Vth': -52.5, 'Vmax': 26.0, 't_ref': 7.5, 'R': 0.4, 'tau_m': 317.0, 'rate_low': 22.5, 'rate_high': 30.0}.[0m
2021-04-20 22:39:16.279222: I tensorflow/compiler/jit/xla_gpu_device.cc:99] Not creating XLA devices, tf_xla_enable_xla_devices not set
maxFreq at 10nA: 1000.0
2021-04-20 22:39:54.928375: I tensorflow/compiler/jit/xla_gpu_device.cc:99] Not creating XLA devices, tf_xla_enable_xla_devices not set
2021-04-20 22:40:23.392598: I tensorflow/compiler/jit/xla_gpu_device.cc:99] Not creating XLA devices, tf_xla_enable_xla_devices not set
mse and spike frequency: 0.09995 0.0
[32m[I 2021-04-20 22:40:50,712][0m Trial 178 finished with values: [0.09995, 0.0] with parameters: {'Vahp': -23.5, 'Vth': -52.5, 'Vmax': 27.0, 't_ref': 18.5, 'R': 0.9, 'tau_m': 489.0, 'rate_low': 7.0, 'rate_high': 18.5}.[0m
2021-04-20 22:40:51.471217: I tensorflow/compiler/jit/xla_gpu_device.cc:99] Not creating XLA devices, tf_xla_enable_xla_devices not set
maxFreq at 10nA: 50.0
2021-04-20 22:41:29.522202: I tensorflow/compiler/jit/xla_gpu_device.cc:99] Not creating XLA devices, tf_xla_enable_xla_devices not set
2021-04-20 22:41:57.971818: I tensorflow/compiler/jit/xla_gpu_device.cc:99] Not creating XLA devices, tf_xla_enable_xla_devices not set
mse and spike frequency: 0.00786 11.91
[32m[I 2021-04-20 22:42:25,380][0m Trial 179 finished with values: [0.00786, 11.91] with parameters: {'Vahp': -42.0, 'Vth': -36.0, 'Vmax': 36.5, 't_ref': 19.0, 'R': 0.2, 'tau_m': 236.0, 'rate_low': 39.5, 'rate_high': 5.0}.[0m
2021-04-20 22:42:26.204485: I tensorflow/compiler/jit/xla_gpu_device.cc:99] Not creating XLA devices, tf_xla_enable_xla_devices not set
maxFreq at 10nA: 1000.0
2021-04-20 22:43:05.125496: I tensorflow/compiler/jit/xla_gpu_device.cc:99] Not creating XLA devices, tf_xla_enable_xla_devices not set
2021-04-20 22:43:33.609842: I tensorflow/compiler/jit/xla_gpu_device.cc:99] Not creating XLA devices, tf_xla_enable_xla_devices not set
mse and spike frequency: 0.09995 0.0
[32m[I 2021-04-20 22:44:00,968][0m Trial 180 finished with values: [0.09995, 0.0] with parameters: {'Vahp': -23.5, 'Vth': -41.0, 'Vmax': 34.5, 't_ref': 7.5, 'R': 0.9, 'tau_m': 482.0, 'rate_low': 29.0, 'rate_high': 37.5}.[0m
2021-04-20 22:44:01.734877: I tensorflow/compiler/jit/xla_gpu_device.cc:99] Not creating XLA devices, tf_xla_enable_xla_devices not set
maxFreq at 10nA: 1000.0
2021-04-20 22:44:41.069652: I tensorflow/compiler/jit/xla_gpu_device.cc:99] Not creating XLA devices, tf_xla_enable_xla_devices not set
2021-04-20 22:45:09.778506: I tensorflow/compiler/jit/xla_gpu_device.cc:99] Not creating XLA devices, tf_xla_enable_xla_devices not set
mse and spike frequency: 0.09995 0.0
[32m[I 2021-04-20 22:45:38,105][0m Trial 181 finished with values: [0.09995, 0.0] with parameters: {'Vahp': -32.0, 'Vth': -34.0, 'Vmax': 20.5, 't_ref': 7.5, 'R': 0.8, 'tau_m': 100.0, 'rate_low': 46.5, 'rate_high': 33.0}.[0m
2021-04-20 22:45:38.930913: I tensorflow/compiler/jit/xla_gpu_device.cc:99] Not creating XLA devices, tf_xla_enable_xla_devices not set
maxFreq at 10nA: 1000.0
2021-04-20 22:46:19.264944: I tensorflow/compiler/jit/xla_gpu_device.cc:99] Not creating XLA devices, tf_xla_enable_xla_devices not set
2021-04-20 22:46:46.958925: I tensorflow/compiler/jit/xla_gpu_device.cc:99] Not creating XLA devices, tf_xla_enable_xla_devices not set
mse and spike frequency: 0.09995 0.0
