[32m[I 2021-04-20 19:59:51,844][0m Trial 27 finished with values: [0.09995, 0.0] with parameters: {'Vahp': -45.0, 'Vth': -57.5, 'Vmax': 13.0, 't_ref': 3.5, 'R': 0.5, 'tau_m': 97.5, 'rate_low': 48.5, 'rate_high': 50.0}.[0m
2021-04-20 19:59:52.221199: I tensorflow/compiler/jit/xla_gpu_device.cc:99] Not creating XLA devices, tf_xla_enable_xla_devices not set
maxFreq at 10nA: 1000.0
2021-04-20 20:00:12.381996: I tensorflow/compiler/jit/xla_gpu_device.cc:99] Not creating XLA devices, tf_xla_enable_xla_devices not set
2021-04-20 20:00:20.905361: I tensorflow/compiler/jit/xla_gpu_device.cc:99] Not creating XLA devices, tf_xla_enable_xla_devices not set
mse and spike frequency: 0.09995 0.0
[32m[I 2021-04-20 20:00:29,034][0m Trial 28 finished with values: [0.09995, 0.0] with parameters: {'Vahp': -25.0, 'Vth': -47.0, 'Vmax': 17.5, 't_ref': 11.0, 'R': 0.6, 'tau_m': 334.0, 'rate_low': 32.5, 'rate_high': 35.0}.[0m
2021-04-20 20:00:29.435906: I tensorflow/compiler/jit/xla_gpu_device.cc:99] Not creating XLA devices, tf_xla_enable_xla_devices not set
maxFreq at 10nA: 63.0
2021-04-20 20:00:49.359347: I tensorflow/compiler/jit/xla_gpu_device.cc:99] Not creating XLA devices, tf_xla_enable_xla_devices not set
2021-04-20 20:00:58.460556: I tensorflow/compiler/jit/xla_gpu_device.cc:99] Not creating XLA devices, tf_xla_enable_xla_devices not set
mse and spike frequency: 0.01268 17.12
[32m[I 2021-04-20 20:01:06,604][0m Trial 29 finished with values: [0.01268, 17.12] with parameters: {'Vahp': -50.5, 'Vth': -31.0, 'Vmax': 11.0, 't_ref': 15.0, 'R': 0.4, 'tau_m': 30.0, 'rate_low': 21.5, 'rate_high': 35.0}.[0m
2021-04-20 20:01:07.059020: I tensorflow/compiler/jit/xla_gpu_device.cc:99] Not creating XLA devices, tf_xla_enable_xla_devices not set
maxFreq at 10nA: 200.0
2021-04-20 20:01:27.003049: I tensorflow/compiler/jit/xla_gpu_device.cc:99] Not creating XLA devices, tf_xla_enable_xla_devices not set
2021-04-20 20:01:36.364001: I tensorflow/compiler/jit/xla_gpu_device.cc:99] Not creating XLA devices, tf_xla_enable_xla_devices not set
mse and spike frequency: 0.00485 9.03
[32m[I 2021-04-20 20:01:44,597][0m Trial 30 finished with values: [0.00485, 9.03] with parameters: {'Vahp': -53.0, 'Vth': -24.0, 'Vmax': 22.5, 't_ref': 1.5, 'R': 0.1, 'tau_m': 100.5, 'rate_low': 42.0, 'rate_high': 42.0}.[0m
2021-04-20 20:01:44.991886: I tensorflow/compiler/jit/xla_gpu_device.cc:99] Not creating XLA devices, tf_xla_enable_xla_devices not set
maxFreq at 10nA: 998.0
2021-04-20 20:02:05.088814: I tensorflow/compiler/jit/xla_gpu_device.cc:99] Not creating XLA devices, tf_xla_enable_xla_devices not set
2021-04-20 20:02:14.001440: I tensorflow/compiler/jit/xla_gpu_device.cc:99] Not creating XLA devices, tf_xla_enable_xla_devices not set
mse and spike frequency: 0.09995 0.0
[32m[I 2021-04-20 20:02:22,803][0m Trial 31 finished with values: [0.09995, 0.0] with parameters: {'Vahp': -21.0, 'Vth': -31.5, 'Vmax': 34.0, 't_ref': 9.0, 'R': 0.5, 'tau_m': 396.0, 'rate_low': 11.0, 'rate_high': 34.0}.[0m
2021-04-20 20:02:23.205881: I tensorflow/compiler/jit/xla_gpu_device.cc:99] Not creating XLA devices, tf_xla_enable_xla_devices not set
maxFreq at 10nA: 1000.0
2021-04-20 20:02:43.674995: I tensorflow/compiler/jit/xla_gpu_device.cc:99] Not creating XLA devices, tf_xla_enable_xla_devices not set
2021-04-20 20:02:53.056844: I tensorflow/compiler/jit/xla_gpu_device.cc:99] Not creating XLA devices, tf_xla_enable_xla_devices not set
mse and spike frequency: 0.09996 1000.1
[32m[I 2021-04-20 20:03:01,898][0m Trial 32 finished with values: [0.09996, 1000.1] with parameters: {'Vahp': -35.5, 'Vth': -60.0, 'Vmax': 30.5, 't_ref': 19.5, 'R': 0.1, 'tau_m': 127.5, 'rate_low': 27.5, 'rate_high': 36.5}.[0m
2021-04-20 20:03:02.348030: I tensorflow/compiler/jit/xla_gpu_device.cc:99] Not creating XLA devices, tf_xla_enable_xla_devices not set
maxFreq at 10nA: 1000.0
2021-04-20 20:03:22.534337: I tensorflow/compiler/jit/xla_gpu_device.cc:99] Not creating XLA devices, tf_xla_enable_xla_devices not set
2021-04-20 20:03:31.985763: I tensorflow/compiler/jit/xla_gpu_device.cc:99] Not creating XLA devices, tf_xla_enable_xla_devices not set
mse and spike frequency: 0.09995 0.0
[32m[I 2021-04-20 20:03:40,885][0m Trial 33 finished with values: [0.09995, 0.0] with parameters: {'Vahp': -47.0, 'Vth': -49.0, 'Vmax': 19.5, 't_ref': 9.0, 'R': 0.6, 'tau_m': 384.5, 'rate_low': 28.5, 'rate_high': 32.5}.[0m
2021-04-20 20:03:41.317979: I tensorflow/compiler/jit/xla_gpu_device.cc:99] Not creating XLA devices, tf_xla_enable_xla_devices not set
maxFreq at 10nA: 500.0
2021-04-20 20:04:01.904239: I tensorflow/compiler/jit/xla_gpu_device.cc:99] Not creating XLA devices, tf_xla_enable_xla_devices not set
2021-04-20 20:04:11.271273: I tensorflow/compiler/jit/xla_gpu_device.cc:99] Not creating XLA devices, tf_xla_enable_xla_devices not set
mse and spike frequency: 0.00662 4.73
[32m[I 2021-04-20 20:04:20,638][0m Trial 34 finished with values: [0.00662, 4.73] with parameters: {'Vahp': -49.5, 'Vth': -30.0, 'Vmax': 11.0, 't_ref': 1.0, 'R': 0.5, 'tau_m': 230.5, 'rate_low': 7.0, 'rate_high': 16.0}.[0m
2021-04-20 20:04:21.091984: I tensorflow/compiler/jit/xla_gpu_device.cc:99] Not creating XLA devices, tf_xla_enable_xla_devices not set
maxFreq at 10nA: 1000.0
2021-04-20 20:04:41.081074: I tensorflow/compiler/jit/xla_gpu_device.cc:99] Not creating XLA devices, tf_xla_enable_xla_devices not set
2021-04-20 20:04:50.554540: I tensorflow/compiler/jit/xla_gpu_device.cc:99] Not creating XLA devices, tf_xla_enable_xla_devices not set
mse and spike frequency: 0.09995 0.0
[32m[I 2021-04-20 20:04:59,907][0m Trial 35 finished with values: [0.09995, 0.0] with parameters: {'Vahp': -30.5, 'Vth': -47.0, 'Vmax': 31.0, 't_ref': 20.0, 'R': 1.0, 'tau_m': 137.5, 'rate_low': 10.0, 'rate_high': 12.5}.[0m
2021-04-20 20:05:00.361529: I tensorflow/compiler/jit/xla_gpu_device.cc:99] Not creating XLA devices, tf_xla_enable_xla_devices not set
maxFreq at 10nA: 998.0
2021-04-20 20:05:20.937673: I tensorflow/compiler/jit/xla_gpu_device.cc:99] Not creating XLA devices, tf_xla_enable_xla_devices not set
2021-04-20 20:05:30.794649: I tensorflow/compiler/jit/xla_gpu_device.cc:99] Not creating XLA devices, tf_xla_enable_xla_devices not set
mse and spike frequency: 0.09995 0.0
[32m[I 2021-04-20 20:05:40,062][0m Trial 36 finished with values: [0.09995, 0.0] with parameters: {'Vahp': -30.5, 'Vth': -49.5, 'Vmax': 21.5, 't_ref': 7.0, 'R': 0.1, 'tau_m': 313.5, 'rate_low': 17.0, 'rate_high': 17.0}.[0m
2021-04-20 20:05:40.515904: I tensorflow/compiler/jit/xla_gpu_device.cc:99] Not creating XLA devices, tf_xla_enable_xla_devices not set
maxFreq at 10nA: 111.0
2021-04-20 20:06:01.342267: I tensorflow/compiler/jit/xla_gpu_device.cc:99] Not creating XLA devices, tf_xla_enable_xla_devices not set
2021-04-20 20:06:11.131216: I tensorflow/compiler/jit/xla_gpu_device.cc:99] Not creating XLA devices, tf_xla_enable_xla_devices not set
mse and spike frequency: 0.00241 12.79
[32m[I 2021-04-20 20:06:20,986][0m Trial 37 finished with values: [0.00241, 12.79] with parameters: {'Vahp': -50.5, 'Vth': -20.5, 'Vmax': 36.5, 't_ref': 7.0, 'R': 0.6, 'tau_m': 211.5, 'rate_low': 17.5, 'rate_high': 41.0}.[0m
2021-04-20 20:06:21.438995: I tensorflow/compiler/jit/xla_gpu_device.cc:99] Not creating XLA devices, tf_xla_enable_xla_devices not set
maxFreq at 10nA: 500.0
2021-04-20 20:06:42.402854: I tensorflow/compiler/jit/xla_gpu_device.cc:99] Not creating XLA devices, tf_xla_enable_xla_devices not set
2021-04-20 20:06:52.479615: I tensorflow/compiler/jit/xla_gpu_device.cc:99] Not creating XLA devices, tf_xla_enable_xla_devices not set
mse and spike frequency: 0.00141 28.98
[32m[I 2021-04-20 20:07:02,274][0m Trial 38 finished with values: [0.00141, 28.98] with parameters: {'Vahp': -40.5, 'Vth': -23.5, 'Vmax': 14.0, 't_ref': 0.5, 'R': 0.5, 'tau_m': 255.0, 'rate_low': 36.0, 'rate_high': 39.5}.[0m
2021-04-20 20:07:02.743477: I tensorflow/compiler/jit/xla_gpu_device.cc:99] Not creating XLA devices, tf_xla_enable_xla_devices not set
maxFreq at 10nA: 500.0
2021-04-20 20:07:24.071992: I tensorflow/compiler/jit/xla_gpu_device.cc:99] Not creating XLA devices, tf_xla_enable_xla_devices not set
2021-04-20 20:07:34.412723: I tensorflow/compiler/jit/xla_gpu_device.cc:99] Not creating XLA devices, tf_xla_enable_xla_devices not set
mse and spike frequency: 0.00286 118.15
[32m[I 2021-04-20 20:07:43,882][0m Trial 39 finished with values: [0.00286, 118.15] with parameters: {'Vahp': -56.0, 'Vth': -52.0, 'Vmax': 11.5, 't_ref': 0.5, 'R': 0.9, 'tau_m': 310.5, 'rate_low': 32.0, 'rate_high': 32.5}.[0m
2021-04-20 20:07:44.344672: I tensorflow/compiler/jit/xla_gpu_device.cc:99] Not creating XLA devices, tf_xla_enable_xla_devices not set
maxFreq at 10nA: 1000.0
2021-04-20 20:08:05.856198: I tensorflow/compiler/jit/xla_gpu_device.cc:99] Not creating XLA devices, tf_xla_enable_xla_devices not set
2021-04-20 20:08:16.565827: I tensorflow/compiler/jit/xla_gpu_device.cc:99] Not creating XLA devices, tf_xla_enable_xla_devices not set
mse and spike frequency: 0.09995 0.0
[32m[I 2021-04-20 20:08:25,927][0m Trial 40 finished with values: [0.09995, 0.0] with parameters: {'Vahp': -38.5, 'Vth': -53.5, 'Vmax': 33.5, 't_ref': 13.0, 'R': 0.9, 'tau_m': 26.0, 'rate_low': 37.5, 'rate_high': 42.0}.[0m
2021-04-20 20:08:26.403625: I tensorflow/compiler/jit/xla_gpu_device.cc:99] Not creating XLA devices, tf_xla_enable_xla_devices not set
maxFreq at 10nA: 1000.0
2021-04-20 20:08:47.647709: I tensorflow/compiler/jit/xla_gpu_device.cc:99] Not creating XLA devices, tf_xla_enable_xla_devices not set
2021-04-20 20:08:58.220543: I tensorflow/compiler/jit/xla_gpu_device.cc:99] Not creating XLA devices, tf_xla_enable_xla_devices not set
mse and spike frequency: 0.09995 0.0
[32m[I 2021-04-20 20:09:07,782][0m Trial 41 finished with values: [0.09995, 0.0] with parameters: {'Vahp': -46.5, 'Vth': -51.0, 'Vmax': 39.0, 't_ref': 16.0, 'R': 0.8, 'tau_m': 58.0, 'rate_low': 50.0, 'rate_high': 50.0}.[0m
2021-04-20 20:09:08.210621: I tensorflow/compiler/jit/xla_gpu_device.cc:99] Not creating XLA devices, tf_xla_enable_xla_devices not set
maxFreq at 10nA: 125.0
2021-04-20 20:09:29.120767: I tensorflow/compiler/jit/xla_gpu_device.cc:99] Not creating XLA devices, tf_xla_enable_xla_devices not set
2021-04-20 20:09:39.795313: I tensorflow/compiler/jit/xla_gpu_device.cc:99] Not creating XLA devices, tf_xla_enable_xla_devices not set
mse and spike frequency: 0.00456 25.0
[32m[I 2021-04-20 20:09:48,929][0m Trial 42 finished with values: [0.00456, 25.0] with parameters: {'Vahp': -34.0, 'Vth': -32.0, 'Vmax': 27.5, 't_ref': 6.5, 'R': 0.2, 'tau_m': 342.0, 'rate_low': 29.0, 'rate_high': 38.0}.[0m
2021-04-20 20:09:49.369295: I tensorflow/compiler/jit/xla_gpu_device.cc:99] Not creating XLA devices, tf_xla_enable_xla_devices not set
maxFreq at 10nA: 46.0
2021-04-20 20:10:10.674258: I tensorflow/compiler/jit/xla_gpu_device.cc:99] Not creating XLA devices, tf_xla_enable_xla_devices not set
2021-04-20 20:10:21.503392: I tensorflow/compiler/jit/xla_gpu_device.cc:99] Not creating XLA devices, tf_xla_enable_xla_devices not set
mse and spike frequency: 0.00568 11.34
[32m[I 2021-04-20 20:10:30,707][0m Trial 43 finished with values: [0.00568, 11.34] with parameters: {'Vahp': -47.5, 'Vth': -26.0, 'Vmax': 40.0, 't_ref': 20.0, 'R': 0.6, 'tau_m': 445.5, 'rate_low': 47.0, 'rate_high': 48.0}.[0m
2021-04-20 20:10:31.172270: I tensorflow/compiler/jit/xla_gpu_device.cc:99] Not creating XLA devices, tf_xla_enable_xla_devices not set
maxFreq at 10nA: 1000.0
2021-04-20 20:10:52.408764: I tensorflow/compiler/jit/xla_gpu_device.cc:99] Not creating XLA devices, tf_xla_enable_xla_devices not set
2021-04-20 20:11:02.792517: I tensorflow/compiler/jit/xla_gpu_device.cc:99] Not creating XLA devices, tf_xla_enable_xla_devices not set
mse and spike frequency: 0.09995 0.0
[32m[I 2021-04-20 20:11:12,143][0m Trial 44 finished with values: [0.09995, 0.0] with parameters: {'Vahp': -24.5, 'Vth': -45.5, 'Vmax': 20.0, 't_ref': 17.5, 'R': 1.0, 'tau_m': 142.0, 'rate_low': 44.5, 'rate_high': 48.0}.[0m
2021-04-20 20:11:12.621150: I tensorflow/compiler/jit/xla_gpu_device.cc:99] Not creating XLA devices, tf_xla_enable_xla_devices not set
maxFreq at 10nA: 1000.0
2021-04-20 20:11:34.084409: I tensorflow/compiler/jit/xla_gpu_device.cc:99] Not creating XLA devices, tf_xla_enable_xla_devices not set
2021-04-20 20:11:44.769524: I tensorflow/compiler/jit/xla_gpu_device.cc:99] Not creating XLA devices, tf_xla_enable_xla_devices not set
mse and spike frequency: 0.09995 0.0
[32m[I 2021-04-20 20:11:54,404][0m Trial 45 finished with values: [0.09995, 0.0] with parameters: {'Vahp': -33.5, 'Vth': -43.0, 'Vmax': 20.0, 't_ref': 5.0, 'R': 0.8, 'tau_m': 275.0, 'rate_low': 22.0, 'rate_high': 26.5}.[0m
2021-04-20 20:11:54.846254: I tensorflow/compiler/jit/xla_gpu_device.cc:99] Not creating XLA devices, tf_xla_enable_xla_devices not set
maxFreq at 10nA: 111.0
2021-04-20 20:12:16.499476: I tensorflow/compiler/jit/xla_gpu_device.cc:99] Not creating XLA devices, tf_xla_enable_xla_devices not set
2021-04-20 20:12:26.966515: I tensorflow/compiler/jit/xla_gpu_device.cc:99] Not creating XLA devices, tf_xla_enable_xla_devices not set
mse and spike frequency: 0.00257 11.43
[32m[I 2021-04-20 20:12:36,439][0m Trial 46 finished with values: [0.00257, 11.43] with parameters: {'Vahp': -52.0, 'Vth': -33.5, 'Vmax': 38.0, 't_ref': 6.5, 'R': 0.6, 'tau_m': 459.0, 'rate_low': 17.5, 'rate_high': 41.5}.[0m
2021-04-20 20:12:36.885781: I tensorflow/compiler/jit/xla_gpu_device.cc:99] Not creating XLA devices, tf_xla_enable_xla_devices not set
maxFreq at 10nA: 999.0
2021-04-20 20:12:58.931666: I tensorflow/compiler/jit/xla_gpu_device.cc:99] Not creating XLA devices, tf_xla_enable_xla_devices not set
2021-04-20 20:13:09.428040: I tensorflow/compiler/jit/xla_gpu_device.cc:99] Not creating XLA devices, tf_xla_enable_xla_devices not set
mse and spike frequency: 0.09995 0.0
[32m[I 2021-04-20 20:13:18,794][0m Trial 47 finished with values: [0.09995, 0.0] with parameters: {'Vahp': -36.5, 'Vth': -39.5, 'Vmax': 10.5, 't_ref': 14.5, 'R': 0.2, 'tau_m': 137.0, 'rate_low': 4.5, 'rate_high': 7.0}.[0m
2021-04-20 20:13:19.204711: I tensorflow/compiler/jit/xla_gpu_device.cc:99] Not creating XLA devices, tf_xla_enable_xla_devices not set
maxFreq at 10nA: 1000.0
2021-04-20 20:13:40.802190: I tensorflow/compiler/jit/xla_gpu_device.cc:99] Not creating XLA devices, tf_xla_enable_xla_devices not set
2021-04-20 20:13:51.183945: I tensorflow/compiler/jit/xla_gpu_device.cc:99] Not creating XLA devices, tf_xla_enable_xla_devices not set
mse and spike frequency: 0.09995 0.0
[32m[I 2021-04-20 20:14:00,708][0m Trial 48 finished with values: [0.09995, 0.0] with parameters: {'Vahp': -20.0, 'Vth': -45.5, 'Vmax': 27.0, 't_ref': 16.5, 'R': 1.0, 'tau_m': 326.5, 'rate_low': 11.5, 'rate_high': 37.5}.[0m
2021-04-20 20:14:01.174939: I tensorflow/compiler/jit/xla_gpu_device.cc:99] Not creating XLA devices, tf_xla_enable_xla_devices not set
maxFreq at 10nA: 100.0
2021-04-20 20:14:23.045069: I tensorflow/compiler/jit/xla_gpu_device.cc:99] Not creating XLA devices, tf_xla_enable_xla_devices not set
2021-04-20 20:14:34.225725: I tensorflow/compiler/jit/xla_gpu_device.cc:99] Not creating XLA devices, tf_xla_enable_xla_devices not set
mse and spike frequency: 0.09995 0.01
[32m[I 2021-04-20 20:14:44,189][0m Trial 49 finished with values: [0.09995, 0.01] with parameters: {'Vahp': -54.0, 'Vth': -28.0, 'Vmax': 20.0, 't_ref': 4.5, 'R': 0.1, 'tau_m': 187.5, 'rate_low': 1.0, 'rate_high': 22.0}.[0m
2021-04-20 20:14:44.691734: I tensorflow/compiler/jit/xla_gpu_device.cc:99] Not creating XLA devices, tf_xla_enable_xla_devices not set
maxFreq at 10nA: 998.0
2021-04-20 20:15:07.220690: I tensorflow/compiler/jit/xla_gpu_device.cc:99] Not creating XLA devices, tf_xla_enable_xla_devices not set
2021-04-20 20:15:18.674700: I tensorflow/compiler/jit/xla_gpu_device.cc:99] Not creating XLA devices, tf_xla_enable_xla_devices not set
mse and spike frequency: 0.09995 0.0
[32m[I 2021-04-20 20:15:29,013][0m Trial 50 finished with values: [0.09995, 0.0] with parameters: {'Vahp': -21.0, 'Vth': -22.0, 'Vmax': 22.0, 't_ref': 9.0, 'R': 0.5, 'tau_m': 298.0, 'rate_low': 15.0, 'rate_high': 34.0}.[0m
2021-04-20 20:15:29.452321: I tensorflow/compiler/jit/xla_gpu_device.cc:99] Not creating XLA devices, tf_xla_enable_xla_devices not set
maxFreq at 10nA: 999.0
2021-04-20 20:15:51.540151: I tensorflow/compiler/jit/xla_gpu_device.cc:99] Not creating XLA devices, tf_xla_enable_xla_devices not set
2021-04-20 20:16:03.152481: I tensorflow/compiler/jit/xla_gpu_device.cc:99] Not creating XLA devices, tf_xla_enable_xla_devices not set
mse and spike frequency: 0.09995 0.0
[32m[I 2021-04-20 20:16:13,341][0m Trial 51 finished with values: [0.09995, 0.0] with parameters: {'Vahp': -20.0, 'Vth': -32.5, 'Vmax': 27.0, 't_ref': 16.5, 'R': 0.9, 'tau_m': 418.5, 'rate_low': 11.5, 'rate_high': 50.0}.[0m
2021-04-20 20:16:13.781698: I tensorflow/compiler/jit/xla_gpu_device.cc:99] Not creating XLA devices, tf_xla_enable_xla_devices not set
maxFreq at 10nA: 111.0
2021-04-20 20:16:36.099537: I tensorflow/compiler/jit/xla_gpu_device.cc:99] Not creating XLA devices, tf_xla_enable_xla_devices not set
2021-04-20 20:16:47.620520: I tensorflow/compiler/jit/xla_gpu_device.cc:99] Not creating XLA devices, tf_xla_enable_xla_devices not set
mse and spike frequency: 0.00225 17.67
[32m[I 2021-04-20 20:16:58,065][0m Trial 52 finished with values: [0.00225, 17.67] with parameters: {'Vahp': -53.0, 'Vth': -33.5, 'Vmax': 38.0, 't_ref': 6.5, 'R': 0.6, 'tau_m': 459.0, 'rate_low': 42.0, 'rate_high': 41.5}.[0m
2021-04-20 20:16:58.504009: I tensorflow/compiler/jit/xla_gpu_device.cc:99] Not creating XLA devices, tf_xla_enable_xla_devices not set
maxFreq at 10nA: 1000.0
2021-04-20 20:17:20.906574: I tensorflow/compiler/jit/xla_gpu_device.cc:99] Not creating XLA devices, tf_xla_enable_xla_devices not set
2021-04-20 20:17:33.175585: I tensorflow/compiler/jit/xla_gpu_device.cc:99] Not creating XLA devices, tf_xla_enable_xla_devices not set
mse and spike frequency: 0.09995 0.0
[32m[I 2021-04-20 20:17:43,870][0m Trial 53 finished with values: [0.09995, 0.0] with parameters: {'Vahp': -45.0, 'Vth': -57.5, 'Vmax': 36.5, 't_ref': 3.5, 'R': 0.5, 'tau_m': 384.5, 'rate_low': 48.5, 'rate_high': 32.5}.[0m
2021-04-20 20:17:44.334988: I tensorflow/compiler/jit/xla_gpu_device.cc:99] Not creating XLA devices, tf_xla_enable_xla_devices not set
maxFreq at 10nA: 53.0
2021-04-20 20:18:06.537066: I tensorflow/compiler/jit/xla_gpu_device.cc:99] Not creating XLA devices, tf_xla_enable_xla_devices not set
2021-04-20 20:18:18.766559: I tensorflow/compiler/jit/xla_gpu_device.cc:99] Not creating XLA devices, tf_xla_enable_xla_devices not set
mse and spike frequency: 0.00753 8.37
[32m[I 2021-04-20 20:18:30,068][0m Trial 54 finished with values: [0.00753, 8.37] with parameters: {'Vahp': -58.0, 'Vth': -40.5, 'Vmax': 24.5, 't_ref': 15.5, 'R': 0.1, 'tau_m': 155.0, 'rate_low': 47.0, 'rate_high': 34.5}.[0m
2021-04-20 20:18:30.519433: I tensorflow/compiler/jit/xla_gpu_device.cc:99] Not creating XLA devices, tf_xla_enable_xla_devices not set
maxFreq at 10nA: 1000.0
2021-04-20 20:18:53.526546: I tensorflow/compiler/jit/xla_gpu_device.cc:99] Not creating XLA devices, tf_xla_enable_xla_devices not set
2021-04-20 20:19:06.137685: I tensorflow/compiler/jit/xla_gpu_device.cc:99] Not creating XLA devices, tf_xla_enable_xla_devices not set
mse and spike frequency: 0.09995 0.0
[32m[I 2021-04-20 20:19:18,164][0m Trial 55 finished with values: [0.09995, 0.0] with parameters: {'Vahp': -37.5, 'Vth': -47.0, 'Vmax': 17.5, 't_ref': 19.5, 'R': 0.5, 'tau_m': 33.5, 'rate_low': 32.5, 'rate_high': 23.0}.[0m
2021-04-20 20:19:18.630403: I tensorflow/compiler/jit/xla_gpu_device.cc:99] Not creating XLA devices, tf_xla_enable_xla_devices not set
maxFreq at 10nA: 84.0
2021-04-20 20:19:41.245510: I tensorflow/compiler/jit/xla_gpu_device.cc:99] Not creating XLA devices, tf_xla_enable_xla_devices not set
2021-04-20 20:19:53.962388: I tensorflow/compiler/jit/xla_gpu_device.cc:99] Not creating XLA devices, tf_xla_enable_xla_devices not set
mse and spike frequency: 0.00836 27.64
[32m[I 2021-04-20 20:20:06,113][0m Trial 56 finished with values: [0.00836, 27.64] with parameters: {'Vahp': -21.0, 'Vth': -20.0, 'Vmax': 22.0, 't_ref': 10.5, 'R': 0.9, 'tau_m': 298.0, 'rate_low': 15.0, 'rate_high': 47.0}.[0m
2021-04-20 20:20:06.576307: I tensorflow/compiler/jit/xla_gpu_device.cc:99] Not creating XLA devices, tf_xla_enable_xla_devices not set
maxFreq at 10nA: 111.0
2021-04-20 20:20:29.277933: I tensorflow/compiler/jit/xla_gpu_device.cc:99] Not creating XLA devices, tf_xla_enable_xla_devices not set
2021-04-20 20:20:42.218886: I tensorflow/compiler/jit/xla_gpu_device.cc:99] Not creating XLA devices, tf_xla_enable_xla_devices not set
mse and spike frequency: 0.02287 4.08
[32m[I 2021-04-20 20:20:53,570][0m Trial 57 finished with values: [0.02287, 4.08] with parameters: {'Vahp': -53.0, 'Vth': -23.5, 'Vmax': 14.0, 't_ref': 0.5, 'R': 0.1, 'tau_m': 255.0, 'rate_low': 42.0, 'rate_high': 49.0}.[0m
2021-04-20 20:20:54.057033: I tensorflow/compiler/jit/xla_gpu_device.cc:99] Not creating XLA devices, tf_xla_enable_xla_devices not set
maxFreq at 10nA: 999.0
2021-04-20 20:21:17.179098: I tensorflow/compiler/jit/xla_gpu_device.cc:99] Not creating XLA devices, tf_xla_enable_xla_devices not set
2021-04-20 20:21:29.435470: I tensorflow/compiler/jit/xla_gpu_device.cc:99] Not creating XLA devices, tf_xla_enable_xla_devices not set
mse and spike frequency: 0.09995 0.0
