[32m[I 2021-04-20 20:49:30,055][0m Trial 89 finished with values: [0.09995, 0.0] with parameters: {'Vahp': -20.0, 'Vth': -21.0, 'Vmax': 26.0, 't_ref': 15.0, 'R': 0.9, 'tau_m': 489.0, 'rate_low': 41.5, 'rate_high': 18.5}.[0m
2021-04-20 20:49:30.771695: I tensorflow/compiler/jit/xla_gpu_device.cc:99] Not creating XLA devices, tf_xla_enable_xla_devices not set
maxFreq at 10nA: 53.0
2021-04-20 20:49:57.484739: I tensorflow/compiler/jit/xla_gpu_device.cc:99] Not creating XLA devices, tf_xla_enable_xla_devices not set
2021-04-20 20:50:12.718765: I tensorflow/compiler/jit/xla_gpu_device.cc:99] Not creating XLA devices, tf_xla_enable_xla_devices not set
mse and spike frequency: 0.00505 16.5
[32m[I 2021-04-20 20:50:27,700][0m Trial 90 finished with values: [0.00505, 16.5] with parameters: {'Vahp': -34.0, 'Vth': -21.0, 'Vmax': 16.0, 't_ref': 18.0, 'R': 0.9, 'tau_m': 489.0, 'rate_low': 41.5, 'rate_high': 43.0}.[0m
2021-04-20 20:50:28.400483: I tensorflow/compiler/jit/xla_gpu_device.cc:99] Not creating XLA devices, tf_xla_enable_xla_devices not set
maxFreq at 10nA: 63.0
2021-04-20 20:50:55.231481: I tensorflow/compiler/jit/xla_gpu_device.cc:99] Not creating XLA devices, tf_xla_enable_xla_devices not set
2021-04-20 20:51:10.607473: I tensorflow/compiler/jit/xla_gpu_device.cc:99] Not creating XLA devices, tf_xla_enable_xla_devices not set
mse and spike frequency: 0.00478 16.07
[32m[I 2021-04-20 20:51:25,742][0m Trial 91 finished with values: [0.00478, 16.07] with parameters: {'Vahp': -55.5, 'Vth': -37.5, 'Vmax': 28.5, 't_ref': 15.0, 'R': 0.9, 'tau_m': 489.0, 'rate_low': 41.5, 'rate_high': 43.0}.[0m
2021-04-20 20:51:26.501699: I tensorflow/compiler/jit/xla_gpu_device.cc:99] Not creating XLA devices, tf_xla_enable_xla_devices not set
maxFreq at 10nA: 1000.0
2021-04-20 20:51:53.442173: I tensorflow/compiler/jit/xla_gpu_device.cc:99] Not creating XLA devices, tf_xla_enable_xla_devices not set
2021-04-20 20:52:09.015208: I tensorflow/compiler/jit/xla_gpu_device.cc:99] Not creating XLA devices, tf_xla_enable_xla_devices not set
mse and spike frequency: 0.09995 0.0
[32m[I 2021-04-20 20:52:24,273][0m Trial 92 finished with values: [0.09995, 0.0] with parameters: {'Vahp': -24.5, 'Vth': -55.0, 'Vmax': 16.5, 't_ref': 10.5, 'R': 0.2, 'tau_m': 20.0, 'rate_low': 19.0, 'rate_high': 33.0}.[0m
2021-04-20 20:52:24.835684: I tensorflow/compiler/jit/xla_gpu_device.cc:99] Not creating XLA devices, tf_xla_enable_xla_devices not set
maxFreq at 10nA: 1000.0
2021-04-20 20:52:51.787516: I tensorflow/compiler/jit/xla_gpu_device.cc:99] Not creating XLA devices, tf_xla_enable_xla_devices not set
2021-04-20 20:53:07.423644: I tensorflow/compiler/jit/xla_gpu_device.cc:99] Not creating XLA devices, tf_xla_enable_xla_devices not set
mse and spike frequency: 0.09995 0.0
[32m[I 2021-04-20 20:53:22,623][0m Trial 93 finished with values: [0.09995, 0.0] with parameters: {'Vahp': -34.0, 'Vth': -36.0, 'Vmax': 36.5, 't_ref': 13.5, 'R': 0.6, 'tau_m': 94.5, 'rate_low': 44.5, 'rate_high': 5.0}.[0m
2021-04-20 20:53:23.221085: I tensorflow/compiler/jit/xla_gpu_device.cc:99] Not creating XLA devices, tf_xla_enable_xla_devices not set
maxFreq at 10nA: 67.0
2021-04-20 20:53:49.848059: I tensorflow/compiler/jit/xla_gpu_device.cc:99] Not creating XLA devices, tf_xla_enable_xla_devices not set
2021-04-20 20:54:05.198040: I tensorflow/compiler/jit/xla_gpu_device.cc:99] Not creating XLA devices, tf_xla_enable_xla_devices not set
mse and spike frequency: 0.00563 16.67
[32m[I 2021-04-20 20:54:20,686][0m Trial 94 finished with values: [0.00563, 16.67] with parameters: {'Vahp': -38.5, 'Vth': -24.0, 'Vmax': 24.0, 't_ref': 13.5, 'R': 0.2, 'tau_m': 121.0, 'rate_low': 47.0, 'rate_high': 48.0}.[0m
2021-04-20 20:54:21.312522: I tensorflow/compiler/jit/xla_gpu_device.cc:99] Not creating XLA devices, tf_xla_enable_xla_devices not set
maxFreq at 10nA: 59.0
2021-04-20 20:54:49.549471: I tensorflow/compiler/jit/xla_gpu_device.cc:99] Not creating XLA devices, tf_xla_enable_xla_devices not set
2021-04-20 20:55:05.420606: I tensorflow/compiler/jit/xla_gpu_device.cc:99] Not creating XLA devices, tf_xla_enable_xla_devices not set
mse and spike frequency: 0.00504 18.68
[32m[I 2021-04-20 20:55:22,039][0m Trial 95 finished with values: [0.00504, 18.68] with parameters: {'Vahp': -35.0, 'Vth': -22.5, 'Vmax': 11.5, 't_ref': 15.5, 'R': 0.7000000000000001, 'tau_m': 259.0, 'rate_low': 45.5, 'rate_high': 15.5}.[0m
2021-04-20 20:55:22.571861: I tensorflow/compiler/jit/xla_gpu_device.cc:99] Not creating XLA devices, tf_xla_enable_xla_devices not set
maxFreq at 10nA: 999.0
2021-04-20 20:55:50.443861: I tensorflow/compiler/jit/xla_gpu_device.cc:99] Not creating XLA devices, tf_xla_enable_xla_devices not set
2021-04-20 20:56:06.505593: I tensorflow/compiler/jit/xla_gpu_device.cc:99] Not creating XLA devices, tf_xla_enable_xla_devices not set
mse and spike frequency: 0.09995 0.0
[32m[I 2021-04-20 20:56:23,307][0m Trial 96 finished with values: [0.09995, 0.0] with parameters: {'Vahp': -37.0, 'Vth': -40.0, 'Vmax': 35.0, 't_ref': 13.0, 'R': 0.30000000000000004, 'tau_m': 194.5, 'rate_low': 50.0, 'rate_high': 50.0}.[0m
2021-04-20 20:56:23.855919: I tensorflow/compiler/jit/xla_gpu_device.cc:99] Not creating XLA devices, tf_xla_enable_xla_devices not set
maxFreq at 10nA: 167.0
2021-04-20 20:56:51.968208: I tensorflow/compiler/jit/xla_gpu_device.cc:99] Not creating XLA devices, tf_xla_enable_xla_devices not set
2021-04-20 20:57:08.026957: I tensorflow/compiler/jit/xla_gpu_device.cc:99] Not creating XLA devices, tf_xla_enable_xla_devices not set
mse and spike frequency: 0.09995 0.0
[32m[I 2021-04-20 20:57:25,849][0m Trial 97 finished with values: [0.09995, 0.0] with parameters: {'Vahp': -57.0, 'Vth': -52.5, 'Vmax': 33.5, 't_ref': 5.0, 'R': 0.9, 'tau_m': 317.0, 'rate_low': 22.5, 'rate_high': 23.5}.[0m
2021-04-20 20:57:26.508292: I tensorflow/compiler/jit/xla_gpu_device.cc:99] Not creating XLA devices, tf_xla_enable_xla_devices not set
maxFreq at 10nA: 1000.0
2021-04-20 20:57:55.076551: I tensorflow/compiler/jit/xla_gpu_device.cc:99] Not creating XLA devices, tf_xla_enable_xla_devices not set
2021-04-20 20:58:11.451160: I tensorflow/compiler/jit/xla_gpu_device.cc:99] Not creating XLA devices, tf_xla_enable_xla_devices not set
mse and spike frequency: 0.09995 0.0
[32m[I 2021-04-20 20:58:29,027][0m Trial 98 finished with values: [0.09995, 0.0] with parameters: {'Vahp': -32.0, 'Vth': -34.0, 'Vmax': 33.0, 't_ref': 13.0, 'R': 0.7000000000000001, 'tau_m': 100.0, 'rate_low': 32.5, 'rate_high': 33.0}.[0m
2021-04-20 20:58:29.748436: I tensorflow/compiler/jit/xla_gpu_device.cc:99] Not creating XLA devices, tf_xla_enable_xla_devices not set
maxFreq at 10nA: 1000.0
2021-04-20 20:58:57.947657: I tensorflow/compiler/jit/xla_gpu_device.cc:99] Not creating XLA devices, tf_xla_enable_xla_devices not set
2021-04-20 20:59:14.481312: I tensorflow/compiler/jit/xla_gpu_device.cc:99] Not creating XLA devices, tf_xla_enable_xla_devices not set
mse and spike frequency: 0.09995 0.0
[32m[I 2021-04-20 20:59:31,067][0m Trial 99 finished with values: [0.09995, 0.0] with parameters: {'Vahp': -46.0, 'Vth': -49.0, 'Vmax': 33.0, 't_ref': 2.0, 'R': 0.8, 'tau_m': 100.0, 'rate_low': 32.5, 'rate_high': 28.5}.[0m
2021-04-20 20:59:31.856522: I tensorflow/compiler/jit/xla_gpu_device.cc:99] Not creating XLA devices, tf_xla_enable_xla_devices not set
maxFreq at 10nA: 67.0
2021-04-20 20:59:59.462117: I tensorflow/compiler/jit/xla_gpu_device.cc:99] Not creating XLA devices, tf_xla_enable_xla_devices not set
2021-04-20 21:00:15.909090: I tensorflow/compiler/jit/xla_gpu_device.cc:99] Not creating XLA devices, tf_xla_enable_xla_devices not set
mse and spike frequency: 0.00403 14.66
[32m[I 2021-04-20 21:00:32,267][0m Trial 100 finished with values: [0.00403, 14.66] with parameters: {'Vahp': -57.5, 'Vth': -33.0, 'Vmax': 20.5, 't_ref': 13.0, 'R': 0.30000000000000004, 'tau_m': 194.5, 'rate_low': 50.0, 'rate_high': 50.0}.[0m
2021-04-20 21:00:32.975052: I tensorflow/compiler/jit/xla_gpu_device.cc:99] Not creating XLA devices, tf_xla_enable_xla_devices not set
maxFreq at 10nA: 1000.0
2021-04-20 21:01:00.946673: I tensorflow/compiler/jit/xla_gpu_device.cc:99] Not creating XLA devices, tf_xla_enable_xla_devices not set
2021-04-20 21:01:17.644452: I tensorflow/compiler/jit/xla_gpu_device.cc:99] Not creating XLA devices, tf_xla_enable_xla_devices not set
mse and spike frequency: 0.09995 0.0
[32m[I 2021-04-20 21:01:34,010][0m Trial 101 finished with values: [0.09995, 0.0] with parameters: {'Vahp': -46.0, 'Vth': -49.0, 'Vmax': 28.5, 't_ref': 2.0, 'R': 0.7000000000000001, 'tau_m': 100.0, 'rate_low': 32.5, 'rate_high': 35.0}.[0m
2021-04-20 21:01:34.634259: I tensorflow/compiler/jit/xla_gpu_device.cc:99] Not creating XLA devices, tf_xla_enable_xla_devices not set
maxFreq at 10nA: 67.0
2021-04-20 21:02:02.971766: I tensorflow/compiler/jit/xla_gpu_device.cc:99] Not creating XLA devices, tf_xla_enable_xla_devices not set
2021-04-20 21:02:20.007185: I tensorflow/compiler/jit/xla_gpu_device.cc:99] Not creating XLA devices, tf_xla_enable_xla_devices not set
mse and spike frequency: 0.09995 0.0
[32m[I 2021-04-20 21:02:36,151][0m Trial 102 finished with values: [0.09995, 0.0] with parameters: {'Vahp': -42.0, 'Vth': -36.0, 'Vmax': 36.5, 't_ref': 13.5, 'R': 0.6, 'tau_m': 94.5, 'rate_low': 3.0, 'rate_high': 5.0}.[0m
2021-04-20 21:02:36.749394: I tensorflow/compiler/jit/xla_gpu_device.cc:99] Not creating XLA devices, tf_xla_enable_xla_devices not set
maxFreq at 10nA: 48.0
2021-04-20 21:03:04.786914: I tensorflow/compiler/jit/xla_gpu_device.cc:99] Not creating XLA devices, tf_xla_enable_xla_devices not set
2021-04-20 21:03:22.027556: I tensorflow/compiler/jit/xla_gpu_device.cc:99] Not creating XLA devices, tf_xla_enable_xla_devices not set
mse and spike frequency: 0.0174 2.44
[32m[I 2021-04-20 21:03:39,016][0m Trial 103 finished with values: [0.0174, 2.44] with parameters: {'Vahp': -39.0, 'Vth': -24.5, 'Vmax': 24.5, 't_ref': 19.0, 'R': 0.2, 'tau_m': 236.0, 'rate_low': 12.5, 'rate_high': 18.0}.[0m
2021-04-20 21:03:39.641926: I tensorflow/compiler/jit/xla_gpu_device.cc:99] Not creating XLA devices, tf_xla_enable_xla_devices not set
maxFreq at 10nA: 500.0
2021-04-20 21:04:07.643076: I tensorflow/compiler/jit/xla_gpu_device.cc:99] Not creating XLA devices, tf_xla_enable_xla_devices not set
2021-04-20 21:04:24.873918: I tensorflow/compiler/jit/xla_gpu_device.cc:99] Not creating XLA devices, tf_xla_enable_xla_devices not set
mse and spike frequency: 0.00247 17.78
[32m[I 2021-04-20 21:04:41,239][0m Trial 104 finished with values: [0.00247, 17.78] with parameters: {'Vahp': -47.0, 'Vth': -33.5, 'Vmax': 16.5, 't_ref': 0.5, 'R': 0.9, 'tau_m': 482.0, 'rate_low': 11.5, 'rate_high': 43.5}.[0m
2021-04-20 21:04:41.803665: I tensorflow/compiler/jit/xla_gpu_device.cc:99] Not creating XLA devices, tf_xla_enable_xla_devices not set
maxFreq at 10nA: 84.0
2021-04-20 21:05:10.643723: I tensorflow/compiler/jit/xla_gpu_device.cc:99] Not creating XLA devices, tf_xla_enable_xla_devices not set
2021-04-20 21:05:27.987311: I tensorflow/compiler/jit/xla_gpu_device.cc:99] Not creating XLA devices, tf_xla_enable_xla_devices not set
mse and spike frequency: 0.00463 22.44
[32m[I 2021-04-20 21:05:44,724][0m Trial 105 finished with values: [0.00463, 22.44] with parameters: {'Vahp': -35.0, 'Vth': -22.5, 'Vmax': 16.5, 't_ref': 10.5, 'R': 0.9, 'tau_m': 211.0, 'rate_low': 23.5, 'rate_high': 33.0}.[0m
2021-04-20 21:05:45.291367: I tensorflow/compiler/jit/xla_gpu_device.cc:99] Not creating XLA devices, tf_xla_enable_xla_devices not set
maxFreq at 10nA: 1000.0
2021-04-20 21:06:14.127717: I tensorflow/compiler/jit/xla_gpu_device.cc:99] Not creating XLA devices, tf_xla_enable_xla_devices not set
2021-04-20 21:06:31.804666: I tensorflow/compiler/jit/xla_gpu_device.cc:99] Not creating XLA devices, tf_xla_enable_xla_devices not set
mse and spike frequency: 0.09995 0.0
[32m[I 2021-04-20 21:06:47,952][0m Trial 106 finished with values: [0.09995, 0.0] with parameters: {'Vahp': -23.5, 'Vth': -57.0, 'Vmax': 34.5, 't_ref': 18.5, 'R': 0.9, 'tau_m': 489.0, 'rate_low': 41.5, 'rate_high': 18.5}.[0m
2021-04-20 21:06:48.515059: I tensorflow/compiler/jit/xla_gpu_device.cc:99] Not creating XLA devices, tf_xla_enable_xla_devices not set
maxFreq at 10nA: 1000.0
2021-04-20 21:07:16.872255: I tensorflow/compiler/jit/xla_gpu_device.cc:99] Not creating XLA devices, tf_xla_enable_xla_devices not set
2021-04-20 21:07:34.880013: I tensorflow/compiler/jit/xla_gpu_device.cc:99] Not creating XLA devices, tf_xla_enable_xla_devices not set
mse and spike frequency: 0.09995 0.0
[32m[I 2021-04-20 21:07:51,309][0m Trial 107 finished with values: [0.09995, 0.0] with parameters: {'Vahp': -39.5, 'Vth': -53.0, 'Vmax': 20.5, 't_ref': 15.0, 'R': 0.9, 'tau_m': 489.0, 'rate_low': 46.5, 'rate_high': 18.5}.[0m
2021-04-20 21:07:51.878535: I tensorflow/compiler/jit/xla_gpu_device.cc:99] Not creating XLA devices, tf_xla_enable_xla_devices not set
maxFreq at 10nA: 1000.0
2021-04-20 21:08:19.671864: I tensorflow/compiler/jit/xla_gpu_device.cc:99] Not creating XLA devices, tf_xla_enable_xla_devices not set
2021-04-20 21:08:37.366323: I tensorflow/compiler/jit/xla_gpu_device.cc:99] Not creating XLA devices, tf_xla_enable_xla_devices not set
mse and spike frequency: 0.09995 0.0
[32m[I 2021-04-20 21:08:53,740][0m Trial 108 finished with values: [0.09995, 0.0] with parameters: {'Vahp': -32.0, 'Vth': -36.0, 'Vmax': 25.5, 't_ref': 13.5, 'R': 1.0, 'tau_m': 56.0, 'rate_low': 18.0, 'rate_high': 5.0}.[0m
2021-04-20 21:08:54.366909: I tensorflow/compiler/jit/xla_gpu_device.cc:99] Not creating XLA devices, tf_xla_enable_xla_devices not set
maxFreq at 10nA: 1000.0
2021-04-20 21:09:23.403863: I tensorflow/compiler/jit/xla_gpu_device.cc:99] Not creating XLA devices, tf_xla_enable_xla_devices not set
2021-04-20 21:09:40.816467: I tensorflow/compiler/jit/xla_gpu_device.cc:99] Not creating XLA devices, tf_xla_enable_xla_devices not set
mse and spike frequency: 0.09995 0.0
[32m[I 2021-04-20 21:09:57,117][0m Trial 109 finished with values: [0.09995, 0.0] with parameters: {'Vahp': -36.0, 'Vth': -50.5, 'Vmax': 34.0, 't_ref': 2.5, 'R': 0.8, 'tau_m': 88.5, 'rate_low': 46.0, 'rate_high': 46.0}.[0m
2021-04-20 21:09:57.841319: I tensorflow/compiler/jit/xla_gpu_device.cc:99] Not creating XLA devices, tf_xla_enable_xla_devices not set
maxFreq at 10nA: 500.0
2021-04-20 21:10:27.053887: I tensorflow/compiler/jit/xla_gpu_device.cc:99] Not creating XLA devices, tf_xla_enable_xla_devices not set
2021-04-20 21:10:44.436841: I tensorflow/compiler/jit/xla_gpu_device.cc:99] Not creating XLA devices, tf_xla_enable_xla_devices not set
mse and spike frequency: 0.0017 49.8
[32m[I 2021-04-20 21:11:01,754][0m Trial 110 finished with values: [0.0017, 49.8] with parameters: {'Vahp': -58.5, 'Vth': -50.0, 'Vmax': 16.5, 't_ref': 0.5, 'R': 0.9, 'tau_m': 496.0, 'rate_low': 33.0, 'rate_high': 42.5}.[0m
2021-04-20 21:11:02.456046: I tensorflow/compiler/jit/xla_gpu_device.cc:99] Not creating XLA devices, tf_xla_enable_xla_devices not set
maxFreq at 10nA: 91.0
2021-04-20 21:11:32.068961: I tensorflow/compiler/jit/xla_gpu_device.cc:99] Not creating XLA devices, tf_xla_enable_xla_devices not set
2021-04-20 21:11:49.725733: I tensorflow/compiler/jit/xla_gpu_device.cc:99] Not creating XLA devices, tf_xla_enable_xla_devices not set
mse and spike frequency: 0.00603 7.6
[32m[I 2021-04-20 21:12:07,521][0m Trial 111 finished with values: [0.00603, 7.6] with parameters: {'Vahp': -46.5, 'Vth': -41.5, 'Vmax': 34.0, 't_ref': 9.5, 'R': 0.30000000000000004, 'tau_m': 496.0, 'rate_low': 12.5, 'rate_high': 18.0}.[0m
2021-04-20 21:12:08.114664: I tensorflow/compiler/jit/xla_gpu_device.cc:99] Not creating XLA devices, tf_xla_enable_xla_devices not set
maxFreq at 10nA: 998.0
2021-04-20 21:12:38.050756: I tensorflow/compiler/jit/xla_gpu_device.cc:99] Not creating XLA devices, tf_xla_enable_xla_devices not set
2021-04-20 21:12:55.887386: I tensorflow/compiler/jit/xla_gpu_device.cc:99] Not creating XLA devices, tf_xla_enable_xla_devices not set
mse and spike frequency: 0.09995 0.0
[32m[I 2021-04-20 21:13:13,410][0m Trial 112 finished with values: [0.09995, 0.0] with parameters: {'Vahp': -39.0, 'Vth': -41.5, 'Vmax': 37.5, 't_ref': 4.0, 'R': 0.2, 'tau_m': 335.0, 'rate_low': 12.5, 'rate_high': 34.5}.[0m
2021-04-20 21:13:14.069736: I tensorflow/compiler/jit/xla_gpu_device.cc:99] Not creating XLA devices, tf_xla_enable_xla_devices not set
maxFreq at 10nA: 1000.0
2021-04-20 21:13:43.969040: I tensorflow/compiler/jit/xla_gpu_device.cc:99] Not creating XLA devices, tf_xla_enable_xla_devices not set
2021-04-20 21:14:01.724153: I tensorflow/compiler/jit/xla_gpu_device.cc:99] Not creating XLA devices, tf_xla_enable_xla_devices not set
mse and spike frequency: 0.09995 0.0
[32m[I 2021-04-20 21:14:19,189][0m Trial 113 finished with values: [0.09995, 0.0] with parameters: {'Vahp': -36.0, 'Vth': -50.0, 'Vmax': 34.0, 't_ref': 2.5, 'R': 0.9, 'tau_m': 482.0, 'rate_low': 11.5, 'rate_high': 43.5}.[0m
2021-04-20 21:14:19.817602: I tensorflow/compiler/jit/xla_gpu_device.cc:99] Not creating XLA devices, tf_xla_enable_xla_devices not set
maxFreq at 10nA: 1000.0
2021-04-20 21:14:49.511717: I tensorflow/compiler/jit/xla_gpu_device.cc:99] Not creating XLA devices, tf_xla_enable_xla_devices not set
2021-04-20 21:15:07.453717: I tensorflow/compiler/jit/xla_gpu_device.cc:99] Not creating XLA devices, tf_xla_enable_xla_devices not set
mse and spike frequency: 0.09995 0.0
[32m[I 2021-04-20 21:15:24,893][0m Trial 114 finished with values: [0.09995, 0.0] with parameters: {'Vahp': -44.0, 'Vth': -49.5, 'Vmax': 32.5, 't_ref': 18.0, 'R': 0.30000000000000004, 'tau_m': 115.0, 'rate_low': 32.5, 'rate_high': 50.0}.[0m
2021-04-20 21:15:25.518814: I tensorflow/compiler/jit/xla_gpu_device.cc:99] Not creating XLA devices, tf_xla_enable_xla_devices not set
maxFreq at 10nA: 1000.0
2021-04-20 21:15:54.816279: I tensorflow/compiler/jit/xla_gpu_device.cc:99] Not creating XLA devices, tf_xla_enable_xla_devices not set
2021-04-20 21:16:13.700078: I tensorflow/compiler/jit/xla_gpu_device.cc:99] Not creating XLA devices, tf_xla_enable_xla_devices not set
mse and spike frequency: 0.09995 0.0
[32m[I 2021-04-20 21:16:30,855][0m Trial 115 finished with values: [0.09995, 0.0] with parameters: {'Vahp': -40.0, 'Vth': -52.5, 'Vmax': 30.0, 't_ref': 5.0, 'R': 0.9, 'tau_m': 406.0, 'rate_low': 16.5, 'rate_high': 23.5}.[0m
2021-04-20 21:16:31.497453: I tensorflow/compiler/jit/xla_gpu_device.cc:99] Not creating XLA devices, tf_xla_enable_xla_devices not set
maxFreq at 10nA: 59.0
2021-04-20 21:17:01.342902: I tensorflow/compiler/jit/xla_gpu_device.cc:99] Not creating XLA devices, tf_xla_enable_xla_devices not set
2021-04-20 21:17:19.959506: I tensorflow/compiler/jit/xla_gpu_device.cc:99] Not creating XLA devices, tf_xla_enable_xla_devices not set
mse and spike frequency: 0.00858 27.68
[32m[I 2021-04-20 21:17:37,449][0m Trial 116 finished with values: [0.00858, 27.68] with parameters: {'Vahp': -50.0, 'Vth': -49.0, 'Vmax': 16.0, 't_ref': 15.5, 'R': 0.7000000000000001, 'tau_m': 448.5, 'rate_low': 45.5, 'rate_high': 41.0}.[0m
2021-04-20 21:17:38.081456: I tensorflow/compiler/jit/xla_gpu_device.cc:99] Not creating XLA devices, tf_xla_enable_xla_devices not set
maxFreq at 10nA: 1000.0
2021-04-20 21:18:07.922105: I tensorflow/compiler/jit/xla_gpu_device.cc:99] Not creating XLA devices, tf_xla_enable_xla_devices not set
2021-04-20 21:18:26.515505: I tensorflow/compiler/jit/xla_gpu_device.cc:99] Not creating XLA devices, tf_xla_enable_xla_devices not set
mse and spike frequency: 0.09995 0.0
[32m[I 2021-04-20 21:18:43,812][0m Trial 117 finished with values: [0.09995, 0.0] with parameters: {'Vahp': -46.0, 'Vth': -53.0, 'Vmax': 24.0, 't_ref': 2.0, 'R': 0.9, 'tau_m': 33.5, 'rate_low': 21.5, 'rate_high': 48.0}.[0m
2021-04-20 21:18:44.487724: I tensorflow/compiler/jit/xla_gpu_device.cc:99] Not creating XLA devices, tf_xla_enable_xla_devices not set
maxFreq at 10nA: 111.0
2021-04-20 21:19:14.581732: I tensorflow/compiler/jit/xla_gpu_device.cc:99] Not creating XLA devices, tf_xla_enable_xla_devices not set
2021-04-20 21:19:33.752952: I tensorflow/compiler/jit/xla_gpu_device.cc:99] Not creating XLA devices, tf_xla_enable_xla_devices not set
mse and spike frequency: 0.00333 7.31
[32m[I 2021-04-20 21:19:51,206][0m Trial 118 finished with values: [0.00333, 7.31] with parameters: {'Vahp': -57.5, 'Vth': -35.5, 'Vmax': 23.5, 't_ref': 6.0, 'R': 0.30000000000000004, 'tau_m': 295.0, 'rate_low': 16.5, 'rate_high': 43.0}.[0m
2021-04-20 21:19:51.872533: I tensorflow/compiler/jit/xla_gpu_device.cc:99] Not creating XLA devices, tf_xla_enable_xla_devices not set
maxFreq at 10nA: 143.0
2021-04-20 21:20:22.221674: I tensorflow/compiler/jit/xla_gpu_device.cc:99] Not creating XLA devices, tf_xla_enable_xla_devices not set
2021-04-20 21:20:41.057916: I tensorflow/compiler/jit/xla_gpu_device.cc:99] Not creating XLA devices, tf_xla_enable_xla_devices not set
mse and spike frequency: 0.00285 34.46
[32m[I 2021-04-20 21:20:58,465][0m Trial 119 finished with values: [0.00285, 34.46] with parameters: {'Vahp': -57.5, 'Vth': -34.0, 'Vmax': 33.0, 't_ref': 6.0, 'R': 0.7000000000000001, 'tau_m': 100.0, 'rate_low': 32.5, 'rate_high': 28.0}.[0m
2021-04-20 21:20:59.186569: I tensorflow/compiler/jit/xla_gpu_device.cc:99] Not creating XLA devices, tf_xla_enable_xla_devices not set
maxFreq at 10nA: 999.0
2021-04-20 21:21:29.618750: I tensorflow/compiler/jit/xla_gpu_device.cc:99] Not creating XLA devices, tf_xla_enable_xla_devices not set
2021-04-20 21:21:48.405665: I tensorflow/compiler/jit/xla_gpu_device.cc:99] Not creating XLA devices, tf_xla_enable_xla_devices not set
mse and spike frequency: 0.09995 0.0
