[32m[I 2021-04-20 20:22:16,455][0m Trial 58 finished with values: [0.09995, 0.0] with parameters: {'Vahp': -33.5, 'Vth': -37.0, 'Vmax': 29.5, 't_ref': 13.0, 'R': 0.8, 'tau_m': 167.5, 'rate_low': 15.0, 'rate_high': 26.0}.[0m
2021-04-20 20:22:16.897811: I tensorflow/compiler/jit/xla_gpu_device.cc:99] Not creating XLA devices, tf_xla_enable_xla_devices not set
maxFreq at 10nA: 56.0
2021-04-20 20:22:40.524178: I tensorflow/compiler/jit/xla_gpu_device.cc:99] Not creating XLA devices, tf_xla_enable_xla_devices not set
2021-04-20 20:22:52.010066: I tensorflow/compiler/jit/xla_gpu_device.cc:99] Not creating XLA devices, tf_xla_enable_xla_devices not set
mse and spike frequency: 0.00926 19.78
[32m[I 2021-04-20 20:23:02,576][0m Trial 59 finished with values: [0.00926, 19.78] with parameters: {'Vahp': -47.5, 'Vth': -47.0, 'Vmax': 24.5, 't_ref': 16.5, 'R': 0.1, 'tau_m': 223.0, 'rate_low': 26.0, 'rate_high': 44.5}.[0m
2021-04-20 20:23:03.172999: I tensorflow/compiler/jit/xla_gpu_device.cc:99] Not creating XLA devices, tf_xla_enable_xla_devices not set
maxFreq at 10nA: 1000.0
2021-04-20 20:23:26.034386: I tensorflow/compiler/jit/xla_gpu_device.cc:99] Not creating XLA devices, tf_xla_enable_xla_devices not set
2021-04-20 20:23:38.314818: I tensorflow/compiler/jit/xla_gpu_device.cc:99] Not creating XLA devices, tf_xla_enable_xla_devices not set
mse and spike frequency: 0.09995 0.0
[32m[I 2021-04-20 20:23:48,895][0m Trial 60 finished with values: [0.09995, 0.0] with parameters: {'Vahp': -25.0, 'Vth': -28.5, 'Vmax': 11.5, 't_ref': 15.0, 'R': 0.1, 'tau_m': 8.5, 'rate_low': 6.5, 'rate_high': 27.5}.[0m
2021-04-20 20:23:49.512982: I tensorflow/compiler/jit/xla_gpu_device.cc:99] Not creating XLA devices, tf_xla_enable_xla_devices not set
maxFreq at 10nA: 53.0
2021-04-20 20:24:12.895547: I tensorflow/compiler/jit/xla_gpu_device.cc:99] Not creating XLA devices, tf_xla_enable_xla_devices not set
2021-04-20 20:24:25.108272: I tensorflow/compiler/jit/xla_gpu_device.cc:99] Not creating XLA devices, tf_xla_enable_xla_devices not set
mse and spike frequency: 0.01082 5.15
[32m[I 2021-04-20 20:24:36,143][0m Trial 61 finished with values: [0.01082, 5.15] with parameters: {'Vahp': -45.0, 'Vth': -26.0, 'Vmax': 20.5, 't_ref': 17.0, 'R': 0.6, 'tau_m': 491.0, 'rate_low': 16.0, 'rate_high': 13.0}.[0m
2021-04-20 20:24:36.676765: I tensorflow/compiler/jit/xla_gpu_device.cc:99] Not creating XLA devices, tf_xla_enable_xla_devices not set
maxFreq at 10nA: 1000.0
2021-04-20 20:25:00.372599: I tensorflow/compiler/jit/xla_gpu_device.cc:99] Not creating XLA devices, tf_xla_enable_xla_devices not set
2021-04-20 20:25:12.765968: I tensorflow/compiler/jit/xla_gpu_device.cc:99] Not creating XLA devices, tf_xla_enable_xla_devices not set
mse and spike frequency: 0.09995 0.0
[32m[I 2021-04-20 20:25:24,037][0m Trial 62 finished with values: [0.09995, 0.0] with parameters: {'Vahp': -25.0, 'Vth': -43.0, 'Vmax': 13.0, 't_ref': 2.0, 'R': 0.5, 'tau_m': 322.5, 'rate_low': 17.0, 'rate_high': 42.0}.[0m
2021-04-20 20:25:24.523842: I tensorflow/compiler/jit/xla_gpu_device.cc:99] Not creating XLA devices, tf_xla_enable_xla_devices not set
maxFreq at 10nA: 334.0
2021-04-20 20:25:48.187192: I tensorflow/compiler/jit/xla_gpu_device.cc:99] Not creating XLA devices, tf_xla_enable_xla_devices not set
2021-04-20 20:26:00.271804: I tensorflow/compiler/jit/xla_gpu_device.cc:99] Not creating XLA devices, tf_xla_enable_xla_devices not set
mse and spike frequency: 0.00913 146.92
[32m[I 2021-04-20 20:26:12,089][0m Trial 63 finished with values: [0.00913, 146.92] with parameters: {'Vahp': -25.5, 'Vth': -24.5, 'Vmax': 33.5, 't_ref': 2.0, 'R': 0.9, 'tau_m': 242.0, 'rate_low': 29.0, 'rate_high': 47.5}.[0m
2021-04-20 20:26:12.606884: I tensorflow/compiler/jit/xla_gpu_device.cc:99] Not creating XLA devices, tf_xla_enable_xla_devices not set
maxFreq at 10nA: 100.0
2021-04-20 20:26:36.468101: I tensorflow/compiler/jit/xla_gpu_device.cc:99] Not creating XLA devices, tf_xla_enable_xla_devices not set
2021-04-20 20:26:48.912996: I tensorflow/compiler/jit/xla_gpu_device.cc:99] Not creating XLA devices, tf_xla_enable_xla_devices not set
mse and spike frequency: 0.00497 6.23
[32m[I 2021-04-20 20:27:00,731][0m Trial 64 finished with values: [0.00497, 6.23] with parameters: {'Vahp': -49.5, 'Vth': -22.5, 'Vmax': 36.5, 't_ref': 6.5, 'R': 0.30000000000000004, 'tau_m': 305.0, 'rate_low': 20.0, 'rate_high': 46.0}.[0m
2021-04-20 20:27:01.248690: I tensorflow/compiler/jit/xla_gpu_device.cc:99] Not creating XLA devices, tf_xla_enable_xla_devices not set
maxFreq at 10nA: 167.0
2021-04-20 20:27:25.286352: I tensorflow/compiler/jit/xla_gpu_device.cc:99] Not creating XLA devices, tf_xla_enable_xla_devices not set
2021-04-20 20:27:37.580192: I tensorflow/compiler/jit/xla_gpu_device.cc:99] Not creating XLA devices, tf_xla_enable_xla_devices not set
mse and spike frequency: 0.00258 21.99
[32m[I 2021-04-20 20:27:49,597][0m Trial 65 finished with values: [0.00258, 21.99] with parameters: {'Vahp': -33.5, 'Vth': -24.0, 'Vmax': 20.0, 't_ref': 5.0, 'R': 0.8, 'tau_m': 327.0, 'rate_low': 17.0, 'rate_high': 35.5}.[0m
2021-04-20 20:27:50.070293: I tensorflow/compiler/jit/xla_gpu_device.cc:99] Not creating XLA devices, tf_xla_enable_xla_devices not set
maxFreq at 10nA: 1000.0
2021-04-20 20:28:13.885384: I tensorflow/compiler/jit/xla_gpu_device.cc:99] Not creating XLA devices, tf_xla_enable_xla_devices not set
2021-04-20 20:28:26.561220: I tensorflow/compiler/jit/xla_gpu_device.cc:99] Not creating XLA devices, tf_xla_enable_xla_devices not set
mse and spike frequency: 0.09995 0.0
[32m[I 2021-04-20 20:28:38,951][0m Trial 66 finished with values: [0.09995, 0.0] with parameters: {'Vahp': -23.5, 'Vth': -53.0, 'Vmax': 10.0, 't_ref': 17.0, 'R': 1.0, 'tau_m': 126.0, 'rate_low': 2.0, 'rate_high': 35.0}.[0m
2021-04-20 20:28:39.457082: I tensorflow/compiler/jit/xla_gpu_device.cc:99] Not creating XLA devices, tf_xla_enable_xla_devices not set
maxFreq at 10nA: 1000.0
2021-04-20 20:29:04.141400: I tensorflow/compiler/jit/xla_gpu_device.cc:99] Not creating XLA devices, tf_xla_enable_xla_devices not set
2021-04-20 20:29:17.004217: I tensorflow/compiler/jit/xla_gpu_device.cc:99] Not creating XLA devices, tf_xla_enable_xla_devices not set
mse and spike frequency: 0.09995 0.0
[32m[I 2021-04-20 20:29:29,342][0m Trial 67 finished with values: [0.09995, 0.0] with parameters: {'Vahp': -46.0, 'Vth': -54.0, 'Vmax': 30.5, 't_ref': 15.0, 'R': 0.9, 'tau_m': 133.5, 'rate_low': 35.0, 'rate_high': 50.0}.[0m
2021-04-20 20:29:29.808577: I tensorflow/compiler/jit/xla_gpu_device.cc:99] Not creating XLA devices, tf_xla_enable_xla_devices not set
maxFreq at 10nA: 998.0
2021-04-20 20:29:54.289371: I tensorflow/compiler/jit/xla_gpu_device.cc:99] Not creating XLA devices, tf_xla_enable_xla_devices not set
2021-04-20 20:30:07.399810: I tensorflow/compiler/jit/xla_gpu_device.cc:99] Not creating XLA devices, tf_xla_enable_xla_devices not set
mse and spike frequency: 0.09995 0.0
[32m[I 2021-04-20 20:30:19,386][0m Trial 68 finished with values: [0.09995, 0.0] with parameters: {'Vahp': -25.0, 'Vth': -26.0, 'Vmax': 31.5, 't_ref': 18.5, 'R': 0.6, 'tau_m': 397.0, 'rate_low': 29.5, 'rate_high': 40.5}.[0m
2021-04-20 20:30:19.898996: I tensorflow/compiler/jit/xla_gpu_device.cc:99] Not creating XLA devices, tf_xla_enable_xla_devices not set
maxFreq at 10nA: 48.0
2021-04-20 20:30:44.746707: I tensorflow/compiler/jit/xla_gpu_device.cc:99] Not creating XLA devices, tf_xla_enable_xla_devices not set
2021-04-20 20:30:57.699594: I tensorflow/compiler/jit/xla_gpu_device.cc:99] Not creating XLA devices, tf_xla_enable_xla_devices not set
mse and spike frequency: 0.00689 11.93
[32m[I 2021-04-20 20:31:10,202][0m Trial 69 finished with values: [0.00689, 11.93] with parameters: {'Vahp': -52.5, 'Vth': -26.0, 'Vmax': 28.0, 't_ref': 19.5, 'R': 0.6, 'tau_m': 136.0, 'rate_low': 16.0, 'rate_high': 41.0}.[0m
2021-04-20 20:31:10.670016: I tensorflow/compiler/jit/xla_gpu_device.cc:99] Not creating XLA devices, tf_xla_enable_xla_devices not set
maxFreq at 10nA: 63.0
2021-04-20 20:31:35.916017: I tensorflow/compiler/jit/xla_gpu_device.cc:99] Not creating XLA devices, tf_xla_enable_xla_devices not set
2021-04-20 20:31:49.102067: I tensorflow/compiler/jit/xla_gpu_device.cc:99] Not creating XLA devices, tf_xla_enable_xla_devices not set
mse and spike frequency: 0.00667 4.98
[32m[I 2021-04-20 20:32:01,453][0m Trial 70 finished with values: [0.00667, 4.98] with parameters: {'Vahp': -49.5, 'Vth': -34.5, 'Vmax': 19.5, 't_ref': 14.0, 'R': 0.6, 'tau_m': 495.5, 'rate_low': 7.5, 'rate_high': 16.5}.[0m
2021-04-20 20:32:01.926353: I tensorflow/compiler/jit/xla_gpu_device.cc:99] Not creating XLA devices, tf_xla_enable_xla_devices not set
maxFreq at 10nA: 125.0
2021-04-20 20:32:27.419839: I tensorflow/compiler/jit/xla_gpu_device.cc:99] Not creating XLA devices, tf_xla_enable_xla_devices not set
2021-04-20 20:32:41.358167: I tensorflow/compiler/jit/xla_gpu_device.cc:99] Not creating XLA devices, tf_xla_enable_xla_devices not set
mse and spike frequency: 0.0026 24.81
[32m[I 2021-04-20 20:32:53,988][0m Trial 71 finished with values: [0.0026, 24.81] with parameters: {'Vahp': -49.5, 'Vth': -38.0, 'Vmax': 13.5, 't_ref': 6.5, 'R': 0.5, 'tau_m': 381.5, 'rate_low': 41.0, 'rate_high': 46.0}.[0m
2021-04-20 20:32:54.457873: I tensorflow/compiler/jit/xla_gpu_device.cc:99] Not creating XLA devices, tf_xla_enable_xla_devices not set
maxFreq at 10nA: 63.0
2021-04-20 20:33:19.747443: I tensorflow/compiler/jit/xla_gpu_device.cc:99] Not creating XLA devices, tf_xla_enable_xla_devices not set
2021-04-20 20:33:34.263916: I tensorflow/compiler/jit/xla_gpu_device.cc:99] Not creating XLA devices, tf_xla_enable_xla_devices not set
mse and spike frequency: 0.09995 0.0
[32m[I 2021-04-20 20:33:47,065][0m Trial 72 finished with values: [0.09995, 0.0] with parameters: {'Vahp': -59.5, 'Vth': -38.5, 'Vmax': 29.5, 't_ref': 15.0, 'R': 0.30000000000000004, 'tau_m': 8.5, 'rate_low': 31.5, 'rate_high': 38.0}.[0m
2021-04-20 20:33:47.543126: I tensorflow/compiler/jit/xla_gpu_device.cc:99] Not creating XLA devices, tf_xla_enable_xla_devices not set
maxFreq at 10nA: 1000.0
2021-04-20 20:34:13.214449: I tensorflow/compiler/jit/xla_gpu_device.cc:99] Not creating XLA devices, tf_xla_enable_xla_devices not set
2021-04-20 20:34:27.533777: I tensorflow/compiler/jit/xla_gpu_device.cc:99] Not creating XLA devices, tf_xla_enable_xla_devices not set
mse and spike frequency: 0.09995 0.0
[32m[I 2021-04-20 20:34:40,407][0m Trial 73 finished with values: [0.09995, 0.0] with parameters: {'Vahp': -23.5, 'Vth': -24.5, 'Vmax': 28.0, 't_ref': 17.0, 'R': 0.7000000000000001, 'tau_m': 126.0, 'rate_low': 25.0, 'rate_high': 32.0}.[0m
2021-04-20 20:34:40.910598: I tensorflow/compiler/jit/xla_gpu_device.cc:99] Not creating XLA devices, tf_xla_enable_xla_devices not set
maxFreq at 10nA: 50.0
2021-04-20 20:35:06.770159: I tensorflow/compiler/jit/xla_gpu_device.cc:99] Not creating XLA devices, tf_xla_enable_xla_devices not set
2021-04-20 20:35:21.248061: I tensorflow/compiler/jit/xla_gpu_device.cc:99] Not creating XLA devices, tf_xla_enable_xla_devices not set
mse and spike frequency: 0.01478 22.32
[32m[I 2021-04-20 20:35:34,111][0m Trial 74 finished with values: [0.01478, 22.32] with parameters: {'Vahp': -40.0, 'Vth': -37.0, 'Vmax': 31.5, 't_ref': 18.5, 'R': 0.6, 'tau_m': 167.5, 'rate_low': 39.5, 'rate_high': 26.0}.[0m
2021-04-20 20:35:34.660075: I tensorflow/compiler/jit/xla_gpu_device.cc:99] Not creating XLA devices, tf_xla_enable_xla_devices not set
maxFreq at 10nA: 1000.0
2021-04-20 20:36:00.513763: I tensorflow/compiler/jit/xla_gpu_device.cc:99] Not creating XLA devices, tf_xla_enable_xla_devices not set
2021-04-20 20:36:15.497431: I tensorflow/compiler/jit/xla_gpu_device.cc:99] Not creating XLA devices, tf_xla_enable_xla_devices not set
mse and spike frequency: 0.09995 0.0
[32m[I 2021-04-20 20:36:28,539][0m Trial 75 finished with values: [0.09995, 0.0] with parameters: {'Vahp': -28.5, 'Vth': -35.5, 'Vmax': 39.5, 't_ref': 13.0, 'R': 0.7000000000000001, 'tau_m': 106.5, 'rate_low': 26.0, 'rate_high': 43.5}.[0m
2021-04-20 20:36:29.079863: I tensorflow/compiler/jit/xla_gpu_device.cc:99] Not creating XLA devices, tf_xla_enable_xla_devices not set
maxFreq at 10nA: 48.0
2021-04-20 20:36:55.037888: I tensorflow/compiler/jit/xla_gpu_device.cc:99] Not creating XLA devices, tf_xla_enable_xla_devices not set
2021-04-20 20:37:09.328912: I tensorflow/compiler/jit/xla_gpu_device.cc:99] Not creating XLA devices, tf_xla_enable_xla_devices not set
mse and spike frequency: 0.0225 1.2
[32m[I 2021-04-20 20:37:21,873][0m Trial 76 finished with values: [0.0225, 1.2] with parameters: {'Vahp': -55.0, 'Vth': -20.0, 'Vmax': 26.5, 't_ref': 17.5, 'R': 0.7000000000000001, 'tau_m': 440.5, 'rate_low': 0.5, 'rate_high': 25.0}.[0m
2021-04-20 20:37:22.441552: I tensorflow/compiler/jit/xla_gpu_device.cc:99] Not creating XLA devices, tf_xla_enable_xla_devices not set
maxFreq at 10nA: 998.0
2021-04-20 20:37:48.580731: I tensorflow/compiler/jit/xla_gpu_device.cc:99] Not creating XLA devices, tf_xla_enable_xla_devices not set
2021-04-20 20:38:02.995521: I tensorflow/compiler/jit/xla_gpu_device.cc:99] Not creating XLA devices, tf_xla_enable_xla_devices not set
mse and spike frequency: 0.09995 0.0
[32m[I 2021-04-20 20:38:15,806][0m Trial 77 finished with values: [0.09995, 0.0] with parameters: {'Vahp': -28.5, 'Vth': -35.5, 'Vmax': 28.5, 't_ref': 6.0, 'R': 0.30000000000000004, 'tau_m': 305.0, 'rate_low': 20.0, 'rate_high': 24.0}.[0m
2021-04-20 20:38:16.351116: I tensorflow/compiler/jit/xla_gpu_device.cc:99] Not creating XLA devices, tf_xla_enable_xla_devices not set
maxFreq at 10nA: 333.0
2021-04-20 20:38:42.652904: I tensorflow/compiler/jit/xla_gpu_device.cc:99] Not creating XLA devices, tf_xla_enable_xla_devices not set
2021-04-20 20:38:57.020972: I tensorflow/compiler/jit/xla_gpu_device.cc:99] Not creating XLA devices, tf_xla_enable_xla_devices not set
mse and spike frequency: 0.0014 20.4
[32m[I 2021-04-20 20:39:09,854][0m Trial 78 finished with values: [0.0014, 20.4] with parameters: {'Vahp': -59.0, 'Vth': -38.0, 'Vmax': 24.5, 't_ref': 1.0, 'R': 0.5, 'tau_m': 381.5, 'rate_low': 41.0, 'rate_high': 26.0}.[0m
2021-04-20 20:39:10.380446: I tensorflow/compiler/jit/xla_gpu_device.cc:99] Not creating XLA devices, tf_xla_enable_xla_devices not set
maxFreq at 10nA: 1000.0
2021-04-20 20:39:37.119545: I tensorflow/compiler/jit/xla_gpu_device.cc:99] Not creating XLA devices, tf_xla_enable_xla_devices not set
2021-04-20 20:39:51.891162: I tensorflow/compiler/jit/xla_gpu_device.cc:99] Not creating XLA devices, tf_xla_enable_xla_devices not set
mse and spike frequency: 0.09995 0.0
[32m[I 2021-04-20 20:40:04,817][0m Trial 79 finished with values: [0.09995, 0.0] with parameters: {'Vahp': -56.0, 'Vth': -57.0, 'Vmax': 19.0, 't_ref': 11.5, 'R': 0.5, 'tau_m': 92.0, 'rate_low': 1.5, 'rate_high': 41.5}.[0m
2021-04-20 20:40:05.304944: I tensorflow/compiler/jit/xla_gpu_device.cc:99] Not creating XLA devices, tf_xla_enable_xla_devices not set
maxFreq at 10nA: 1000.0
2021-04-20 20:40:31.193375: I tensorflow/compiler/jit/xla_gpu_device.cc:99] Not creating XLA devices, tf_xla_enable_xla_devices not set
2021-04-20 20:40:46.015247: I tensorflow/compiler/jit/xla_gpu_device.cc:99] Not creating XLA devices, tf_xla_enable_xla_devices not set
mse and spike frequency: 0.09995 0.0
[32m[I 2021-04-20 20:40:59,169][0m Trial 80 finished with values: [0.09995, 0.0] with parameters: {'Vahp': -38.0, 'Vth': -53.5, 'Vmax': 18.5, 't_ref': 16.5, 'R': 0.5, 'tau_m': 432.0, 'rate_low': 19.0, 'rate_high': 24.5}.[0m
2021-04-20 20:40:59.691873: I tensorflow/compiler/jit/xla_gpu_device.cc:99] Not creating XLA devices, tf_xla_enable_xla_devices not set
maxFreq at 10nA: 1000.0
2021-04-20 20:41:25.948667: I tensorflow/compiler/jit/xla_gpu_device.cc:99] Not creating XLA devices, tf_xla_enable_xla_devices not set
2021-04-20 20:41:40.133622: I tensorflow/compiler/jit/xla_gpu_device.cc:99] Not creating XLA devices, tf_xla_enable_xla_devices not set
mse and spike frequency: 0.09995 0.0
[32m[I 2021-04-20 20:41:53,314][0m Trial 81 finished with values: [0.09995, 0.0] with parameters: {'Vahp': -40.0, 'Vth': -49.0, 'Vmax': 38.5, 't_ref': 16.0, 'R': 0.30000000000000004, 'tau_m': 313.0, 'rate_low': 32.5, 'rate_high': 35.5}.[0m
2021-04-20 20:41:53.809462: I tensorflow/compiler/jit/xla_gpu_device.cc:99] Not creating XLA devices, tf_xla_enable_xla_devices not set
maxFreq at 10nA: 77.0
2021-04-20 20:42:20.055850: I tensorflow/compiler/jit/xla_gpu_device.cc:99] Not creating XLA devices, tf_xla_enable_xla_devices not set
2021-04-20 20:42:34.539365: I tensorflow/compiler/jit/xla_gpu_device.cc:99] Not creating XLA devices, tf_xla_enable_xla_devices not set
mse and spike frequency: 0.00811 28.74
[32m[I 2021-04-20 20:42:47,923][0m Trial 82 finished with values: [0.00811, 28.74] with parameters: {'Vahp': -50.0, 'Vth': -41.0, 'Vmax': 19.0, 't_ref': 11.5, 'R': 0.4, 'tau_m': 92.0, 'rate_low': 35.5, 'rate_high': 41.5}.[0m
2021-04-20 20:42:48.424115: I tensorflow/compiler/jit/xla_gpu_device.cc:99] Not creating XLA devices, tf_xla_enable_xla_devices not set
maxFreq at 10nA: 1000.0
2021-04-20 20:43:14.804669: I tensorflow/compiler/jit/xla_gpu_device.cc:99] Not creating XLA devices, tf_xla_enable_xla_devices not set
2021-04-20 20:43:29.756849: I tensorflow/compiler/jit/xla_gpu_device.cc:99] Not creating XLA devices, tf_xla_enable_xla_devices not set
mse and spike frequency: 0.09995 0.0
[32m[I 2021-04-20 20:43:43,600][0m Trial 83 finished with values: [0.09995, 0.0] with parameters: {'Vahp': -40.5, 'Vth': -52.5, 'Vmax': 30.0, 't_ref': 16.0, 'R': 0.8, 'tau_m': 260.5, 'rate_low': 32.5, 'rate_high': 49.5}.[0m
2021-04-20 20:43:44.124135: I tensorflow/compiler/jit/xla_gpu_device.cc:99] Not creating XLA devices, tf_xla_enable_xla_devices not set
maxFreq at 10nA: 1000.0
2021-04-20 20:44:10.923377: I tensorflow/compiler/jit/xla_gpu_device.cc:99] Not creating XLA devices, tf_xla_enable_xla_devices not set
2021-04-20 20:44:25.653454: I tensorflow/compiler/jit/xla_gpu_device.cc:99] Not creating XLA devices, tf_xla_enable_xla_devices not set
mse and spike frequency: 0.09995 0.0
[32m[I 2021-04-20 20:44:40,205][0m Trial 84 finished with values: [0.09995, 0.0] with parameters: {'Vahp': -43.0, 'Vth': -52.5, 'Vmax': 28.0, 't_ref': 5.0, 'R': 0.5, 'tau_m': 39.0, 'rate_low': 25.0, 'rate_high': 36.0}.[0m
2021-04-20 20:44:40.725568: I tensorflow/compiler/jit/xla_gpu_device.cc:99] Not creating XLA devices, tf_xla_enable_xla_devices not set
maxFreq at 10nA: 91.0
2021-04-20 20:45:07.782084: I tensorflow/compiler/jit/xla_gpu_device.cc:99] Not creating XLA devices, tf_xla_enable_xla_devices not set
2021-04-20 20:45:23.083675: I tensorflow/compiler/jit/xla_gpu_device.cc:99] Not creating XLA devices, tf_xla_enable_xla_devices not set
mse and spike frequency: 0.00873 12.56
[32m[I 2021-04-20 20:45:38,581][0m Trial 85 finished with values: [0.00873, 12.56] with parameters: {'Vahp': -38.0, 'Vth': -35.0, 'Vmax': 36.5, 't_ref': 9.5, 'R': 0.4, 'tau_m': 134.5, 'rate_low': 20.0, 'rate_high': 44.0}.[0m
2021-04-20 20:45:39.110727: I tensorflow/compiler/jit/xla_gpu_device.cc:99] Not creating XLA devices, tf_xla_enable_xla_devices not set
maxFreq at 10nA: 48.0
2021-04-20 20:46:06.652402: I tensorflow/compiler/jit/xla_gpu_device.cc:99] Not creating XLA devices, tf_xla_enable_xla_devices not set
2021-04-20 20:46:21.997360: I tensorflow/compiler/jit/xla_gpu_device.cc:99] Not creating XLA devices, tf_xla_enable_xla_devices not set
mse and spike frequency: 0.00626 14.17
[32m[I 2021-04-20 20:46:37,685][0m Trial 86 finished with values: [0.00626, 14.17] with parameters: {'Vahp': -40.0, 'Vth': -34.5, 'Vmax': 21.5, 't_ref': 19.5, 'R': 0.30000000000000004, 'tau_m': 374.0, 'rate_low': 41.0, 'rate_high': 40.5}.[0m
2021-04-20 20:46:38.306506: I tensorflow/compiler/jit/xla_gpu_device.cc:99] Not creating XLA devices, tf_xla_enable_xla_devices not set
maxFreq at 10nA: 1000.0
2021-04-20 20:47:05.450757: I tensorflow/compiler/jit/xla_gpu_device.cc:99] Not creating XLA devices, tf_xla_enable_xla_devices not set
2021-04-20 20:47:20.449533: I tensorflow/compiler/jit/xla_gpu_device.cc:99] Not creating XLA devices, tf_xla_enable_xla_devices not set
mse and spike frequency: 0.09995 0.0
[32m[I 2021-04-20 20:47:35,922][0m Trial 87 finished with values: [0.09995, 0.0] with parameters: {'Vahp': -26.5, 'Vth': -41.0, 'Vmax': 11.5, 't_ref': 8.0, 'R': 0.4, 'tau_m': 106.5, 'rate_low': 26.0, 'rate_high': 44.5}.[0m
2021-04-20 20:47:36.588858: I tensorflow/compiler/jit/xla_gpu_device.cc:99] Not creating XLA devices, tf_xla_enable_xla_devices not set
maxFreq at 10nA: 333.0
2021-04-20 20:48:03.067543: I tensorflow/compiler/jit/xla_gpu_device.cc:99] Not creating XLA devices, tf_xla_enable_xla_devices not set
2021-04-20 20:48:18.394679: I tensorflow/compiler/jit/xla_gpu_device.cc:99] Not creating XLA devices, tf_xla_enable_xla_devices not set
mse and spike frequency: 0.00501 96.04
[32m[I 2021-04-20 20:48:32,993][0m Trial 88 finished with values: [0.00501, 96.04] with parameters: {'Vahp': -25.5, 'Vth': -24.5, 'Vmax': 33.5, 't_ref': 2.0, 'R': 0.30000000000000004, 'tau_m': 242.0, 'rate_low': 29.0, 'rate_high': 39.5}.[0m
2021-04-20 20:48:33.641481: I tensorflow/compiler/jit/xla_gpu_device.cc:99] Not creating XLA devices, tf_xla_enable_xla_devices not set
maxFreq at 10nA: 56.0
2021-04-20 20:49:00.890082: I tensorflow/compiler/jit/xla_gpu_device.cc:99] Not creating XLA devices, tf_xla_enable_xla_devices not set
2021-04-20 20:49:15.999837: I tensorflow/compiler/jit/xla_gpu_device.cc:99] Not creating XLA devices, tf_xla_enable_xla_devices not set
mse and spike frequency: 0.0077 17.42
