[32m[I 2021-04-20 21:17:19,891][0m Trial 113 finished with values: [0.01677, 32.56] with parameters: {'Vahp': -52.0, 'Vth': -46.0, 'Vmax': 18.5, 't_ref': 7.0, 'R': 1.0, 'tau_m': 174.0, 'R_adp': 0.1, 'tau_w': 214.5, 'a': 428.5, 'rate_low': 42.5, 'rate_high': 46.5}.[0m
2021-04-20 21:17:20.483094: I tensorflow/compiler/jit/xla_gpu_device.cc:99] Not creating XLA devices, tf_xla_enable_xla_devices not set
maxFreq at 10nA: 11.0
2021-04-20 21:17:50.487343: I tensorflow/compiler/jit/xla_gpu_device.cc:99] Not creating XLA devices, tf_xla_enable_xla_devices not set
2021-04-20 21:18:10.163122: I tensorflow/compiler/jit/xla_gpu_device.cc:99] Not creating XLA devices, tf_xla_enable_xla_devices not set
mse and spike frequency: 0.12125 0.44
[32m[I 2021-04-20 21:18:27,256][0m Trial 114 finished with values: [0.12125, 0.44] with parameters: {'Vahp': -50.5, 'Vth': -50.5, 'Vmax': 24.5, 't_ref': 13.0, 'R': 0.1, 'tau_m': 313.5, 'R_adp': 0.7000000000000001, 'tau_w': 414.5, 'a': 436.5, 'rate_low': 30.5, 'rate_high': 43.5}.[0m
2021-04-20 21:18:27.834465: I tensorflow/compiler/jit/xla_gpu_device.cc:99] Not creating XLA devices, tf_xla_enable_xla_devices not set
maxFreq at 10nA: 125.0
2021-04-20 21:18:57.652017: I tensorflow/compiler/jit/xla_gpu_device.cc:99] Not creating XLA devices, tf_xla_enable_xla_devices not set
2021-04-20 21:19:17.067384: I tensorflow/compiler/jit/xla_gpu_device.cc:99] Not creating XLA devices, tf_xla_enable_xla_devices not set
mse and spike frequency: 0.00503 29.91
[32m[I 2021-04-20 21:19:34,396][0m Trial 115 finished with values: [0.00503, 29.91] with parameters: {'Vahp': -43.5, 'Vth': -22.0, 'Vmax': 12.5, 't_ref': 7.0, 'R': 1.0, 'tau_m': 214.0, 'R_adp': 0.1, 'tau_w': 277.5, 'a': 99.5, 'rate_low': 44.0, 'rate_high': 46.5}.[0m
2021-04-20 21:19:34.984008: I tensorflow/compiler/jit/xla_gpu_device.cc:99] Not creating XLA devices, tf_xla_enable_xla_devices not set
maxFreq at 10nA: 999.0
2021-04-20 21:20:05.495811: I tensorflow/compiler/jit/xla_gpu_device.cc:99] Not creating XLA devices, tf_xla_enable_xla_devices not set
2021-04-20 21:20:24.948133: I tensorflow/compiler/jit/xla_gpu_device.cc:99] Not creating XLA devices, tf_xla_enable_xla_devices not set
mse and spike frequency: 0.09995 0.0
[32m[I 2021-04-20 21:20:42,993][0m Trial 116 finished with values: [0.09995, 0.0] with parameters: {'Vahp': -21.5, 'Vth': -29.5, 'Vmax': 28.0, 't_ref': 18.0, 'R': 0.4, 'tau_m': 185.0, 'R_adp': 0.8, 'tau_w': 102.0, 'a': 207.0, 'rate_low': 20.0, 'rate_high': 36.0}.[0m
2021-04-20 21:20:43.641984: I tensorflow/compiler/jit/xla_gpu_device.cc:99] Not creating XLA devices, tf_xla_enable_xla_devices not set
maxFreq at 10nA: 1000.0
2021-04-20 21:21:15.062867: I tensorflow/compiler/jit/xla_gpu_device.cc:99] Not creating XLA devices, tf_xla_enable_xla_devices not set
2021-04-20 21:21:34.660221: I tensorflow/compiler/jit/xla_gpu_device.cc:99] Not creating XLA devices, tf_xla_enable_xla_devices not set
mse and spike frequency: 0.09995 0.0
[32m[I 2021-04-20 21:21:54,333][0m Trial 117 finished with values: [0.09995, 0.0] with parameters: {'Vahp': -21.5, 'Vth': -41.5, 'Vmax': 32.0, 't_ref': 15.0, 'R': 0.30000000000000004, 'tau_m': 17.0, 'R_adp': 1.0, 'tau_w': 461.0, 'a': 242.5, 'rate_low': 33.0, 'rate_high': 38.0}.[0m
2021-04-20 21:21:54.916696: I tensorflow/compiler/jit/xla_gpu_device.cc:99] Not creating XLA devices, tf_xla_enable_xla_devices not set
maxFreq at 10nA: 200.0
2021-04-20 21:22:26.478041: I tensorflow/compiler/jit/xla_gpu_device.cc:99] Not creating XLA devices, tf_xla_enable_xla_devices not set
2021-04-20 21:22:46.798446: I tensorflow/compiler/jit/xla_gpu_device.cc:99] Not creating XLA devices, tf_xla_enable_xla_devices not set
mse and spike frequency: 0.00505 7.1
[32m[I 2021-04-20 21:23:06,528][0m Trial 118 finished with values: [0.00505, 7.1] with parameters: {'Vahp': -31.0, 'Vth': -21.0, 'Vmax': 22.0, 't_ref': 3.5, 'R': 0.5, 'tau_m': 245.0, 'R_adp': 0.9, 'tau_w': 59.5, 'a': 149.0, 'rate_low': 16.0, 'rate_high': 32.0}.[0m
2021-04-20 21:23:07.112807: I tensorflow/compiler/jit/xla_gpu_device.cc:99] Not creating XLA devices, tf_xla_enable_xla_devices not set
maxFreq at 10nA: 87.0
2021-04-20 21:23:38.610456: I tensorflow/compiler/jit/xla_gpu_device.cc:99] Not creating XLA devices, tf_xla_enable_xla_devices not set
2021-04-20 21:23:58.865511: I tensorflow/compiler/jit/xla_gpu_device.cc:99] Not creating XLA devices, tf_xla_enable_xla_devices not set
mse and spike frequency: 0.21609 7.02
[32m[I 2021-04-20 21:24:18,933][0m Trial 119 finished with values: [0.21609, 7.02] with parameters: {'Vahp': -53.5, 'Vth': -24.5, 'Vmax': 34.5, 't_ref': 5.0, 'R': 0.8, 'tau_m': 340.0, 'R_adp': 0.8, 'tau_w': 497.0, 'a': 270.5, 'rate_low': 40.5, 'rate_high': 48.0}.[0m
2021-04-20 21:24:19.521675: I tensorflow/compiler/jit/xla_gpu_device.cc:99] Not creating XLA devices, tf_xla_enable_xla_devices not set
maxFreq at 10nA: 999.0
2021-04-20 21:24:50.941232: I tensorflow/compiler/jit/xla_gpu_device.cc:99] Not creating XLA devices, tf_xla_enable_xla_devices not set
2021-04-20 21:25:11.668393: I tensorflow/compiler/jit/xla_gpu_device.cc:99] Not creating XLA devices, tf_xla_enable_xla_devices not set
mse and spike frequency: 0.09995 0.0
[32m[I 2021-04-20 21:25:31,880][0m Trial 120 finished with values: [0.09995, 0.0] with parameters: {'Vahp': -25.0, 'Vth': -43.0, 'Vmax': 32.5, 't_ref': 9.0, 'R': 0.30000000000000004, 'tau_m': 219.5, 'R_adp': 0.4, 'tau_w': 309.5, 'a': 45.0, 'rate_low': 31.5, 'rate_high': 47.5}.[0m
2021-04-20 21:25:32.524951: I tensorflow/compiler/jit/xla_gpu_device.cc:99] Not creating XLA devices, tf_xla_enable_xla_devices not set
maxFreq at 10nA: 1000.0
2021-04-20 21:26:04.305275: I tensorflow/compiler/jit/xla_gpu_device.cc:99] Not creating XLA devices, tf_xla_enable_xla_devices not set
2021-04-20 21:26:24.553147: I tensorflow/compiler/jit/xla_gpu_device.cc:99] Not creating XLA devices, tf_xla_enable_xla_devices not set
mse and spike frequency: 0.09995 0.0
[32m[I 2021-04-20 21:26:44,185][0m Trial 121 finished with values: [0.09995, 0.0] with parameters: {'Vahp': -29.5, 'Vth': -36.5, 'Vmax': 19.0, 't_ref': 9.5, 'R': 0.8, 'tau_m': 84.0, 'R_adp': 0.30000000000000004, 'tau_w': 319.5, 'a': 67.0, 'rate_low': 13.5, 'rate_high': 40.0}.[0m
2021-04-20 21:26:44.900564: I tensorflow/compiler/jit/xla_gpu_device.cc:99] Not creating XLA devices, tf_xla_enable_xla_devices not set
maxFreq at 10nA: 77.0
2021-04-20 21:27:16.153558: I tensorflow/compiler/jit/xla_gpu_device.cc:99] Not creating XLA devices, tf_xla_enable_xla_devices not set
2021-04-20 21:27:36.349014: I tensorflow/compiler/jit/xla_gpu_device.cc:99] Not creating XLA devices, tf_xla_enable_xla_devices not set
mse and spike frequency: 0.01367 18.16
[32m[I 2021-04-20 21:27:55,290][0m Trial 122 finished with values: [0.01367, 18.16] with parameters: {'Vahp': -31.0, 'Vth': -25.0, 'Vmax': 14.0, 't_ref': 11.5, 'R': 0.7000000000000001, 'tau_m': 245.0, 'R_adp': 0.30000000000000004, 'tau_w': 276.5, 'a': 149.0, 'rate_low': 49.0, 'rate_high': 32.0}.[0m
2021-04-20 21:27:56.016700: I tensorflow/compiler/jit/xla_gpu_device.cc:99] Not creating XLA devices, tf_xla_enable_xla_devices not set
maxFreq at 10nA: 1000.0
2021-04-20 21:28:26.879844: I tensorflow/compiler/jit/xla_gpu_device.cc:99] Not creating XLA devices, tf_xla_enable_xla_devices not set
2021-04-20 21:28:47.376058: I tensorflow/compiler/jit/xla_gpu_device.cc:99] Not creating XLA devices, tf_xla_enable_xla_devices not set
mse and spike frequency: 0.09995 0.0
[32m[I 2021-04-20 21:29:06,455][0m Trial 123 finished with values: [0.09995, 0.0] with parameters: {'Vahp': -39.5, 'Vth': -51.5, 'Vmax': 13.5, 't_ref': 3.5, 'R': 0.9, 'tau_m': 464.0, 'R_adp': 0.1, 'tau_w': 188.0, 'a': 248.5, 'rate_low': 7.5, 'rate_high': 12.0}.[0m
2021-04-20 21:29:07.211647: I tensorflow/compiler/jit/xla_gpu_device.cc:99] Not creating XLA devices, tf_xla_enable_xla_devices not set
maxFreq at 10nA: 500.0
2021-04-20 21:29:38.354867: I tensorflow/compiler/jit/xla_gpu_device.cc:99] Not creating XLA devices, tf_xla_enable_xla_devices not set
2021-04-20 21:29:59.062442: I tensorflow/compiler/jit/xla_gpu_device.cc:99] Not creating XLA devices, tf_xla_enable_xla_devices not set
mse and spike frequency: 0.01336 13.98
[32m[I 2021-04-20 21:30:17,806][0m Trial 124 finished with values: [0.01336, 13.98] with parameters: {'Vahp': -51.0, 'Vth': -22.0, 'Vmax': 14.0, 't_ref': 0.5, 'R': 0.9, 'tau_m': 214.0, 'R_adp': 0.1, 'tau_w': 277.5, 'a': 177.0, 'rate_low': 13.0, 'rate_high': 44.0}.[0m
2021-04-20 21:30:18.486302: I tensorflow/compiler/jit/xla_gpu_device.cc:99] Not creating XLA devices, tf_xla_enable_xla_devices not set
maxFreq at 10nA: 1000.0
2021-04-20 21:30:49.450305: I tensorflow/compiler/jit/xla_gpu_device.cc:99] Not creating XLA devices, tf_xla_enable_xla_devices not set
2021-04-20 21:31:10.106447: I tensorflow/compiler/jit/xla_gpu_device.cc:99] Not creating XLA devices, tf_xla_enable_xla_devices not set
mse and spike frequency: 0.09995 0.0
[32m[I 2021-04-20 21:31:28,692][0m Trial 125 finished with values: [0.09995, 0.0] with parameters: {'Vahp': -28.0, 'Vth': -40.5, 'Vmax': 38.5, 't_ref': 13.5, 'R': 0.5, 'tau_m': 153.0, 'R_adp': 0.7000000000000001, 'tau_w': 437.5, 'a': 195.0, 'rate_low': 44.0, 'rate_high': 46.5}.[0m
2021-04-20 21:31:29.390488: I tensorflow/compiler/jit/xla_gpu_device.cc:99] Not creating XLA devices, tf_xla_enable_xla_devices not set
maxFreq at 10nA: 1000.0
2021-04-20 21:32:00.400564: I tensorflow/compiler/jit/xla_gpu_device.cc:99] Not creating XLA devices, tf_xla_enable_xla_devices not set
2021-04-20 21:32:21.171458: I tensorflow/compiler/jit/xla_gpu_device.cc:99] Not creating XLA devices, tf_xla_enable_xla_devices not set
mse and spike frequency: 0.09995 0.0
[32m[I 2021-04-20 21:32:40,068][0m Trial 126 finished with values: [0.09995, 0.0] with parameters: {'Vahp': -25.0, 'Vth': -43.0, 'Vmax': 32.5, 't_ref': 9.0, 'R': 0.5, 'tau_m': 309.5, 'R_adp': 0.4, 'tau_w': 309.5, 'a': 172.0, 'rate_low': 37.5, 'rate_high': 49.0}.[0m
2021-04-20 21:32:40.732629: I tensorflow/compiler/jit/xla_gpu_device.cc:99] Not creating XLA devices, tf_xla_enable_xla_devices not set
maxFreq at 10nA: 1000.0
2021-04-20 21:33:11.838436: I tensorflow/compiler/jit/xla_gpu_device.cc:99] Not creating XLA devices, tf_xla_enable_xla_devices not set
2021-04-20 21:33:33.544227: I tensorflow/compiler/jit/xla_gpu_device.cc:99] Not creating XLA devices, tf_xla_enable_xla_devices not set
mse and spike frequency: 0.09995 0.0
[32m[I 2021-04-20 21:33:53,295][0m Trial 127 finished with values: [0.09995, 0.0] with parameters: {'Vahp': -28.0, 'Vth': -57.0, 'Vmax': 17.5, 't_ref': 3.5, 'R': 0.1, 'tau_m': 185.0, 'R_adp': 0.30000000000000004, 'tau_w': 102.0, 'a': 207.0, 'rate_low': 20.0, 'rate_high': 36.0}.[0m
2021-04-20 21:33:53.899451: I tensorflow/compiler/jit/xla_gpu_device.cc:99] Not creating XLA devices, tf_xla_enable_xla_devices not set
maxFreq at 10nA: 1000.0
2021-04-20 21:34:25.329811: I tensorflow/compiler/jit/xla_gpu_device.cc:99] Not creating XLA devices, tf_xla_enable_xla_devices not set
2021-04-20 21:34:47.096339: I tensorflow/compiler/jit/xla_gpu_device.cc:99] Not creating XLA devices, tf_xla_enable_xla_devices not set
mse and spike frequency: 0.09995 0.0
[32m[I 2021-04-20 21:35:07,365][0m Trial 128 finished with values: [0.09995, 0.0] with parameters: {'Vahp': -49.0, 'Vth': -57.0, 'Vmax': 22.0, 't_ref': 3.5, 'R': 1.0, 'tau_m': 440.5, 'R_adp': 0.30000000000000004, 'tau_w': 430.0, 'a': 410.5, 'rate_low': 32.5, 'rate_high': 36.0}.[0m
2021-04-20 21:35:07.979306: I tensorflow/compiler/jit/xla_gpu_device.cc:99] Not creating XLA devices, tf_xla_enable_xla_devices not set
maxFreq at 10nA: 999.0
2021-04-20 21:35:39.490293: I tensorflow/compiler/jit/xla_gpu_device.cc:99] Not creating XLA devices, tf_xla_enable_xla_devices not set
2021-04-20 21:36:01.506220: I tensorflow/compiler/jit/xla_gpu_device.cc:99] Not creating XLA devices, tf_xla_enable_xla_devices not set
mse and spike frequency: 0.09995 0.0
[32m[I 2021-04-20 21:36:22,258][0m Trial 129 finished with values: [0.09995, 0.0] with parameters: {'Vahp': -29.0, 'Vth': -37.5, 'Vmax': 22.0, 't_ref': 3.5, 'R': 0.5, 'tau_m': 444.0, 'R_adp': 1.0, 'tau_w': 414.5, 'a': 151.0, 'rate_low': 30.5, 'rate_high': 39.0}.[0m
2021-04-20 21:36:22.880968: I tensorflow/compiler/jit/xla_gpu_device.cc:99] Not creating XLA devices, tf_xla_enable_xla_devices not set
maxFreq at 10nA: 34.0
2021-04-20 21:36:54.449249: I tensorflow/compiler/jit/xla_gpu_device.cc:99] Not creating XLA devices, tf_xla_enable_xla_devices not set
2021-04-20 21:37:15.885574: I tensorflow/compiler/jit/xla_gpu_device.cc:99] Not creating XLA devices, tf_xla_enable_xla_devices not set
mse and spike frequency: 0.0922 0.72
[32m[I 2021-04-20 21:37:36,664][0m Trial 130 finished with values: [0.0922, 0.72] with parameters: {'Vahp': -48.5, 'Vth': -21.0, 'Vmax': 24.5, 't_ref': 3.5, 'R': 0.4, 'tau_m': 444.0, 'R_adp': 1.0, 'tau_w': 473.0, 'a': 315.0, 'rate_low': 16.0, 'rate_high': 44.5}.[0m
2021-04-20 21:37:37.291638: I tensorflow/compiler/jit/xla_gpu_device.cc:99] Not creating XLA devices, tf_xla_enable_xla_devices not set
maxFreq at 10nA: 167.0
2021-04-20 21:38:09.483161: I tensorflow/compiler/jit/xla_gpu_device.cc:99] Not creating XLA devices, tf_xla_enable_xla_devices not set
2021-04-20 21:38:30.771416: I tensorflow/compiler/jit/xla_gpu_device.cc:99] Not creating XLA devices, tf_xla_enable_xla_devices not set
mse and spike frequency: 0.00375 9.47
[32m[I 2021-04-20 21:38:51,347][0m Trial 131 finished with values: [0.00375, 9.47] with parameters: {'Vahp': -43.5, 'Vth': -21.5, 'Vmax': 18.0, 't_ref': 3.0, 'R': 0.1, 'tau_m': 85.0, 'R_adp': 0.1, 'tau_w': 19.0, 'a': 379.0, 'rate_low': 41.5, 'rate_high': 44.0}.[0m
2021-04-20 21:38:51.984286: I tensorflow/compiler/jit/xla_gpu_device.cc:99] Not creating XLA devices, tf_xla_enable_xla_devices not set
maxFreq at 10nA: 1000.0
2021-04-20 21:39:23.866221: I tensorflow/compiler/jit/xla_gpu_device.cc:99] Not creating XLA devices, tf_xla_enable_xla_devices not set
2021-04-20 21:39:45.011336: I tensorflow/compiler/jit/xla_gpu_device.cc:99] Not creating XLA devices, tf_xla_enable_xla_devices not set
mse and spike frequency: 0.09995 0.0
[32m[I 2021-04-20 21:40:05,761][0m Trial 132 finished with values: [0.09995, 0.0] with parameters: {'Vahp': -37.5, 'Vth': -56.0, 'Vmax': 38.5, 't_ref': 13.0, 'R': 0.5, 'tau_m': 179.5, 'R_adp': 1.0, 'tau_w': 437.5, 'a': 195.0, 'rate_low': 10.0, 'rate_high': 46.5}.[0m
2021-04-20 21:40:06.401473: I tensorflow/compiler/jit/xla_gpu_device.cc:99] Not creating XLA devices, tf_xla_enable_xla_devices not set
maxFreq at 10nA: 999.0
2021-04-20 21:40:39.005828: I tensorflow/compiler/jit/xla_gpu_device.cc:99] Not creating XLA devices, tf_xla_enable_xla_devices not set
2021-04-20 21:41:00.066339: I tensorflow/compiler/jit/xla_gpu_device.cc:99] Not creating XLA devices, tf_xla_enable_xla_devices not set
mse and spike frequency: 0.09995 0.0
[32m[I 2021-04-20 21:41:20,658][0m Trial 133 finished with values: [0.09995, 0.0] with parameters: {'Vahp': -49.0, 'Vth': -52.0, 'Vmax': 22.0, 't_ref': 5.0, 'R': 0.2, 'tau_m': 333.5, 'R_adp': 0.5, 'tau_w': 98.0, 'a': 410.5, 'rate_low': 22.0, 'rate_high': 36.0}.[0m
2021-04-20 21:41:21.285311: I tensorflow/compiler/jit/xla_gpu_device.cc:99] Not creating XLA devices, tf_xla_enable_xla_devices not set
maxFreq at 10nA: 999.0
2021-04-20 21:41:53.891034: I tensorflow/compiler/jit/xla_gpu_device.cc:99] Not creating XLA devices, tf_xla_enable_xla_devices not set
2021-04-20 21:42:15.132816: I tensorflow/compiler/jit/xla_gpu_device.cc:99] Not creating XLA devices, tf_xla_enable_xla_devices not set
mse and spike frequency: 0.09995 0.0
[32m[I 2021-04-20 21:42:35,646][0m Trial 134 finished with values: [0.09995, 0.0] with parameters: {'Vahp': -28.0, 'Vth': -50.5, 'Vmax': 24.5, 't_ref': 13.0, 'R': 0.1, 'tau_m': 172.5, 'R_adp': 0.1, 'tau_w': 19.0, 'a': 207.0, 'rate_low': 44.0, 'rate_high': 44.5}.[0m
2021-04-20 21:42:36.326164: I tensorflow/compiler/jit/xla_gpu_device.cc:99] Not creating XLA devices, tf_xla_enable_xla_devices not set
maxFreq at 10nA: 1000.0
2021-04-20 21:43:09.426866: I tensorflow/compiler/jit/xla_gpu_device.cc:99] Not creating XLA devices, tf_xla_enable_xla_devices not set
2021-04-20 21:43:31.182519: I tensorflow/compiler/jit/xla_gpu_device.cc:99] Not creating XLA devices, tf_xla_enable_xla_devices not set
mse and spike frequency: 0.09995 0.0
[32m[I 2021-04-20 21:43:52,096][0m Trial 135 finished with values: [0.09995, 0.0] with parameters: {'Vahp': -39.5, 'Vth': -50.5, 'Vmax': 14.0, 't_ref': 5.0, 'R': 0.4, 'tau_m': 464.0, 'R_adp': 0.1, 'tau_w': 277.5, 'a': 99.5, 'rate_low': 36.5, 'rate_high': 44.5}.[0m
2021-04-20 21:43:52.748401: I tensorflow/compiler/jit/xla_gpu_device.cc:99] Not creating XLA devices, tf_xla_enable_xla_devices not set
maxFreq at 10nA: 63.0
2021-04-20 21:44:25.768868: I tensorflow/compiler/jit/xla_gpu_device.cc:99] Not creating XLA devices, tf_xla_enable_xla_devices not set
2021-04-20 21:44:46.978688: I tensorflow/compiler/jit/xla_gpu_device.cc:99] Not creating XLA devices, tf_xla_enable_xla_devices not set
mse and spike frequency: 0.00661 7.14
[32m[I 2021-04-20 21:45:07,934][0m Trial 136 finished with values: [0.00661, 7.14] with parameters: {'Vahp': -48.5, 'Vth': -21.0, 'Vmax': 22.0, 't_ref': 12.5, 'R': 0.5, 'tau_m': 444.0, 'R_adp': 0.7000000000000001, 'tau_w': 277.5, 'a': 39.0, 'rate_low': 36.5, 'rate_high': 38.5}.[0m
2021-04-20 21:45:08.619083: I tensorflow/compiler/jit/xla_gpu_device.cc:99] Not creating XLA devices, tf_xla_enable_xla_devices not set
maxFreq at 10nA: 200.0
2021-04-20 21:45:41.442477: I tensorflow/compiler/jit/xla_gpu_device.cc:99] Not creating XLA devices, tf_xla_enable_xla_devices not set
2021-04-20 21:46:02.862300: I tensorflow/compiler/jit/xla_gpu_device.cc:99] Not creating XLA devices, tf_xla_enable_xla_devices not set
mse and spike frequency: 0.19966 41.28
[32m[I 2021-04-20 21:46:23,814][0m Trial 137 finished with values: [0.19966, 41.28] with parameters: {'Vahp': -43.5, 'Vth': -42.0, 'Vmax': 37.0, 't_ref': 4.0, 'R': 1.0, 'tau_m': 390.0, 'R_adp': 0.1, 'tau_w': 330.5, 'a': 292.0, 'rate_low': 41.5, 'rate_high': 46.5}.[0m
2021-04-20 21:46:24.518955: I tensorflow/compiler/jit/xla_gpu_device.cc:99] Not creating XLA devices, tf_xla_enable_xla_devices not set
maxFreq at 10nA: 999.0
2021-04-20 21:46:58.168483: I tensorflow/compiler/jit/xla_gpu_device.cc:99] Not creating XLA devices, tf_xla_enable_xla_devices not set
2021-04-20 21:47:19.590283: I tensorflow/compiler/jit/xla_gpu_device.cc:99] Not creating XLA devices, tf_xla_enable_xla_devices not set
mse and spike frequency: 0.09995 0.0
[32m[I 2021-04-20 21:47:40,713][0m Trial 138 finished with values: [0.09995, 0.0] with parameters: {'Vahp': -21.5, 'Vth': -30.0, 'Vmax': 16.0, 't_ref': 6.5, 'R': 0.7000000000000001, 'tau_m': 358.5, 'R_adp': 0.30000000000000004, 'tau_w': 179.5, 'a': 374.0, 'rate_low': 24.0, 'rate_high': 46.0}.[0m
2021-04-20 21:47:41.380680: I tensorflow/compiler/jit/xla_gpu_device.cc:99] Not creating XLA devices, tf_xla_enable_xla_devices not set
maxFreq at 10nA: 45.0
2021-04-20 21:48:14.657353: I tensorflow/compiler/jit/xla_gpu_device.cc:99] Not creating XLA devices, tf_xla_enable_xla_devices not set
2021-04-20 21:48:36.074396: I tensorflow/compiler/jit/xla_gpu_device.cc:99] Not creating XLA devices, tf_xla_enable_xla_devices not set
mse and spike frequency: 0.24486 4.46
[32m[I 2021-04-20 21:48:57,609][0m Trial 139 finished with values: [0.24486, 4.46] with parameters: {'Vahp': -43.5, 'Vth': -43.0, 'Vmax': 32.5, 't_ref': 17.5, 'R': 0.1, 'tau_m': 123.0, 'R_adp': 0.4, 'tau_w': 309.5, 'a': 207.0, 'rate_low': 37.5, 'rate_high': 47.5}.[0m
2021-04-20 21:48:58.297848: I tensorflow/compiler/jit/xla_gpu_device.cc:99] Not creating XLA devices, tf_xla_enable_xla_devices not set
maxFreq at 10nA: 1000.0
2021-04-20 21:49:31.395390: I tensorflow/compiler/jit/xla_gpu_device.cc:99] Not creating XLA devices, tf_xla_enable_xla_devices not set
2021-04-20 21:49:52.984613: I tensorflow/compiler/jit/xla_gpu_device.cc:99] Not creating XLA devices, tf_xla_enable_xla_devices not set
mse and spike frequency: 0.09995 0.0
[32m[I 2021-04-20 21:50:13,732][0m Trial 140 finished with values: [0.09995, 0.0] with parameters: {'Vahp': -47.0, 'Vth': -51.5, 'Vmax': 13.5, 't_ref': 3.5, 'R': 0.5, 'tau_m': 210.0, 'R_adp': 0.1, 'tau_w': 188.0, 'a': 151.0, 'rate_low': 16.0, 'rate_high': 12.0}.[0m
2021-04-20 21:50:14.414478: I tensorflow/compiler/jit/xla_gpu_device.cc:99] Not creating XLA devices, tf_xla_enable_xla_devices not set
maxFreq at 10nA: 999.0
2021-04-20 21:50:47.740312: I tensorflow/compiler/jit/xla_gpu_device.cc:99] Not creating XLA devices, tf_xla_enable_xla_devices not set
2021-04-20 21:51:09.376944: I tensorflow/compiler/jit/xla_gpu_device.cc:99] Not creating XLA devices, tf_xla_enable_xla_devices not set
mse and spike frequency: 0.09995 0.0
[32m[I 2021-04-20 21:51:30,763][0m Trial 141 finished with values: [0.09995, 0.0] with parameters: {'Vahp': -39.5, 'Vth': -41.5, 'Vmax': 36.0, 't_ref': 5.0, 'R': 0.4, 'tau_m': 313.5, 'R_adp': 0.4, 'tau_w': 473.0, 'a': 144.0, 'rate_low': 39.0, 'rate_high': 44.5}.[0m
2021-04-20 21:51:31.535567: I tensorflow/compiler/jit/xla_gpu_device.cc:99] Not creating XLA devices, tf_xla_enable_xla_devices not set
maxFreq at 10nA: 28.0
2021-04-20 21:52:04.997567: I tensorflow/compiler/jit/xla_gpu_device.cc:99] Not creating XLA devices, tf_xla_enable_xla_devices not set
2021-04-20 21:52:26.836486: I tensorflow/compiler/jit/xla_gpu_device.cc:99] Not creating XLA devices, tf_xla_enable_xla_devices not set
mse and spike frequency: 0.10306 0.26
