[32m[I 2021-04-20 21:51:51,111][0m Trial 142 finished with values: [0.02786, 2.14] with parameters: {'Vahp': -48.5, 'Vth': -22.5, 'Vmax': 24.0, 't_ref': 20.0, 'R': 0.30000000000000004, 'tau_m': 241.0, 'R_adp': 0.7000000000000001, 'tau_w': 136.0, 'a': 137.5, 'rate_low': 20.0, 'rate_high': 8.5}.[0m
2021-04-20 21:51:51.843333: I tensorflow/compiler/jit/xla_gpu_device.cc:99] Not creating XLA devices, tf_xla_enable_xla_devices not set
maxFreq at 10nA: 1000.0
2021-04-20 21:52:25.351092: I tensorflow/compiler/jit/xla_gpu_device.cc:99] Not creating XLA devices, tf_xla_enable_xla_devices not set
2021-04-20 21:52:47.678883: I tensorflow/compiler/jit/xla_gpu_device.cc:99] Not creating XLA devices, tf_xla_enable_xla_devices not set
mse and spike frequency: 0.09995 0.0
[32m[I 2021-04-20 21:53:08,679][0m Trial 143 finished with values: [0.09995, 0.0] with parameters: {'Vahp': -23.0, 'Vth': -40.0, 'Vmax': 39.0, 't_ref': 5.5, 'R': 0.6, 'tau_m': 153.5, 'R_adp': 0.9, 'tau_w': 80.5, 'a': 38.0, 'rate_low': 43.5, 'rate_high': 43.0}.[0m
2021-04-20 21:53:09.339765: I tensorflow/compiler/jit/xla_gpu_device.cc:99] Not creating XLA devices, tf_xla_enable_xla_devices not set
maxFreq at 10nA: 1000.0
2021-04-20 21:53:43.243422: I tensorflow/compiler/jit/xla_gpu_device.cc:99] Not creating XLA devices, tf_xla_enable_xla_devices not set
2021-04-20 21:54:05.361697: I tensorflow/compiler/jit/xla_gpu_device.cc:99] Not creating XLA devices, tf_xla_enable_xla_devices not set
mse and spike frequency: 0.09995 0.0
[32m[I 2021-04-20 21:54:26,723][0m Trial 144 finished with values: [0.09995, 0.0] with parameters: {'Vahp': -37.0, 'Vth': -40.5, 'Vmax': 27.5, 't_ref': 1.5, 'R': 0.6, 'tau_m': 157.5, 'R_adp': 0.8, 'tau_w': 127.5, 'a': 426.0, 'rate_low': 42.0, 'rate_high': 38.0}.[0m
2021-04-20 21:54:27.385787: I tensorflow/compiler/jit/xla_gpu_device.cc:99] Not creating XLA devices, tf_xla_enable_xla_devices not set
maxFreq at 10nA: 999.0
2021-04-20 21:55:01.536290: I tensorflow/compiler/jit/xla_gpu_device.cc:99] Not creating XLA devices, tf_xla_enable_xla_devices not set
2021-04-20 21:55:23.157620: I tensorflow/compiler/jit/xla_gpu_device.cc:99] Not creating XLA devices, tf_xla_enable_xla_devices not set
mse and spike frequency: 0.09995 0.0
[32m[I 2021-04-20 21:55:44,887][0m Trial 145 finished with values: [0.09995, 0.0] with parameters: {'Vahp': -22.0, 'Vth': -33.0, 'Vmax': 39.0, 't_ref': 3.0, 'R': 1.0, 'tau_m': 460.0, 'R_adp': 0.9, 'tau_w': 63.0, 'a': 137.5, 'rate_low': 37.0, 'rate_high': 40.0}.[0m
2021-04-20 21:55:45.555814: I tensorflow/compiler/jit/xla_gpu_device.cc:99] Not creating XLA devices, tf_xla_enable_xla_devices not set
maxFreq at 10nA: 1000.0
2021-04-20 21:56:19.486080: I tensorflow/compiler/jit/xla_gpu_device.cc:99] Not creating XLA devices, tf_xla_enable_xla_devices not set
2021-04-20 21:56:40.961190: I tensorflow/compiler/jit/xla_gpu_device.cc:99] Not creating XLA devices, tf_xla_enable_xla_devices not set
mse and spike frequency: 0.09995 0.0
[32m[I 2021-04-20 21:57:02,997][0m Trial 146 finished with values: [0.09995, 0.0] with parameters: {'Vahp': -23.0, 'Vth': -52.5, 'Vmax': 38.0, 't_ref': 4.0, 'R': 0.2, 'tau_m': 153.5, 'R_adp': 0.5, 'tau_w': 309.0, 'a': 388.5, 'rate_low': 41.0, 'rate_high': 43.0}.[0m
2021-04-20 21:57:03.728803: I tensorflow/compiler/jit/xla_gpu_device.cc:99] Not creating XLA devices, tf_xla_enable_xla_devices not set
maxFreq at 10nA: 83.0
2021-04-20 21:57:38.589117: I tensorflow/compiler/jit/xla_gpu_device.cc:99] Not creating XLA devices, tf_xla_enable_xla_devices not set
2021-04-20 21:58:00.806112: I tensorflow/compiler/jit/xla_gpu_device.cc:99] Not creating XLA devices, tf_xla_enable_xla_devices not set
mse and spike frequency: 0.13381 0.51
[32m[I 2021-04-20 21:58:23,513][0m Trial 147 finished with values: [0.13381, 0.51] with parameters: {'Vahp': -40.0, 'Vth': -25.5, 'Vmax': 12.5, 't_ref': 2.5, 'R': 0.30000000000000004, 'tau_m': 292.5, 'R_adp': 1.0, 'tau_w': 206.5, 'a': 171.0, 'rate_low': 5.0, 'rate_high': 13.0}.[0m
2021-04-20 21:58:24.216118: I tensorflow/compiler/jit/xla_gpu_device.cc:99] Not creating XLA devices, tf_xla_enable_xla_devices not set
maxFreq at 10nA: 995.0
2021-04-20 21:58:59.083595: I tensorflow/compiler/jit/xla_gpu_device.cc:99] Not creating XLA devices, tf_xla_enable_xla_devices not set
2021-04-20 21:59:22.003747: I tensorflow/compiler/jit/xla_gpu_device.cc:99] Not creating XLA devices, tf_xla_enable_xla_devices not set
mse and spike frequency: 0.09995 0.0
[32m[I 2021-04-20 21:59:44,768][0m Trial 148 finished with values: [0.09995, 0.0] with parameters: {'Vahp': -22.0, 'Vth': -24.5, 'Vmax': 13.0, 't_ref': 9.0, 'R': 0.30000000000000004, 'tau_m': 453.5, 'R_adp': 0.4, 'tau_w': 135.5, 'a': 296.0, 'rate_low': 27.5, 'rate_high': 8.5}.[0m
2021-04-20 21:59:45.427257: I tensorflow/compiler/jit/xla_gpu_device.cc:99] Not creating XLA devices, tf_xla_enable_xla_devices not set
maxFreq at 10nA: 120.0
2021-04-20 22:00:20.146862: I tensorflow/compiler/jit/xla_gpu_device.cc:99] Not creating XLA devices, tf_xla_enable_xla_devices not set
2021-04-20 22:00:44.017402: I tensorflow/compiler/jit/xla_gpu_device.cc:99] Not creating XLA devices, tf_xla_enable_xla_devices not set
mse and spike frequency: 0.10491 0.13
[32m[I 2021-04-20 22:01:06,916][0m Trial 149 finished with values: [0.10491, 0.13] with parameters: {'Vahp': -37.5, 'Vth': -20.0, 'Vmax': 13.0, 't_ref': 4.5, 'R': 0.1, 'tau_m': 84.5, 'R_adp': 0.1, 'tau_w': 120.0, 'a': 344.5, 'rate_low': 8.0, 'rate_high': 38.0}.[0m
2021-04-20 22:01:07.694968: I tensorflow/compiler/jit/xla_gpu_device.cc:99] Not creating XLA devices, tf_xla_enable_xla_devices not set
maxFreq at 10nA: 1000.0
2021-04-20 22:01:42.764260: I tensorflow/compiler/jit/xla_gpu_device.cc:99] Not creating XLA devices, tf_xla_enable_xla_devices not set
2021-04-20 22:02:06.157883: I tensorflow/compiler/jit/xla_gpu_device.cc:99] Not creating XLA devices, tf_xla_enable_xla_devices not set
mse and spike frequency: 0.09995 0.0
[32m[I 2021-04-20 22:02:29,010][0m Trial 150 finished with values: [0.09995, 0.0] with parameters: {'Vahp': -31.5, 'Vth': -43.5, 'Vmax': 13.0, 't_ref': 9.0, 'R': 0.30000000000000004, 'tau_m': 106.5, 'R_adp': 0.4, 'tau_w': 135.5, 'a': 296.0, 'rate_low': 11.5, 'rate_high': 8.5}.[0m
2021-04-20 22:02:29.755044: I tensorflow/compiler/jit/xla_gpu_device.cc:99] Not creating XLA devices, tf_xla_enable_xla_devices not set
maxFreq at 10nA: 42.0
2021-04-20 22:03:05.083710: I tensorflow/compiler/jit/xla_gpu_device.cc:99] Not creating XLA devices, tf_xla_enable_xla_devices not set
2021-04-20 22:03:28.583637: I tensorflow/compiler/jit/xla_gpu_device.cc:99] Not creating XLA devices, tf_xla_enable_xla_devices not set
mse and spike frequency: 0.23191 3.16
[32m[I 2021-04-20 22:03:51,143][0m Trial 151 finished with values: [0.23191, 3.16] with parameters: {'Vahp': -58.5, 'Vth': -47.0, 'Vmax': 12.5, 't_ref': 5.5, 'R': 0.30000000000000004, 'tau_m': 478.5, 'R_adp': 0.5, 'tau_w': 436.5, 'a': 418.5, 'rate_low': 46.0, 'rate_high': 36.0}.[0m
2021-04-20 22:03:51.827918: I tensorflow/compiler/jit/xla_gpu_device.cc:99] Not creating XLA devices, tf_xla_enable_xla_devices not set
maxFreq at 10nA: 1000.0
2021-04-20 22:04:26.789723: I tensorflow/compiler/jit/xla_gpu_device.cc:99] Not creating XLA devices, tf_xla_enable_xla_devices not set
2021-04-20 22:04:49.883592: I tensorflow/compiler/jit/xla_gpu_device.cc:99] Not creating XLA devices, tf_xla_enable_xla_devices not set
mse and spike frequency: 0.09995 0.0
[32m[I 2021-04-20 22:05:12,231][0m Trial 152 finished with values: [0.09995, 0.0] with parameters: {'Vahp': -22.0, 'Vth': -57.5, 'Vmax': 30.5, 't_ref': 6.0, 'R': 0.1, 'tau_m': 263.5, 'R_adp': 1.0, 'tau_w': 500.0, 'a': 176.0, 'rate_low': 37.0, 'rate_high': 9.0}.[0m
2021-04-20 22:05:12.952772: I tensorflow/compiler/jit/xla_gpu_device.cc:99] Not creating XLA devices, tf_xla_enable_xla_devices not set
maxFreq at 10nA: 999.0
2021-04-20 22:05:48.245319: I tensorflow/compiler/jit/xla_gpu_device.cc:99] Not creating XLA devices, tf_xla_enable_xla_devices not set
2021-04-20 22:06:11.228761: I tensorflow/compiler/jit/xla_gpu_device.cc:99] Not creating XLA devices, tf_xla_enable_xla_devices not set
mse and spike frequency: 0.09995 0.0
[32m[I 2021-04-20 22:06:33,634][0m Trial 153 finished with values: [0.09995, 0.0] with parameters: {'Vahp': -23.0, 'Vth': -43.5, 'Vmax': 28.5, 't_ref': 2.5, 'R': 0.30000000000000004, 'tau_m': 266.5, 'R_adp': 0.5, 'tau_w': 309.0, 'a': 283.5, 'rate_low': 46.5, 'rate_high': 47.0}.[0m
2021-04-20 22:06:34.383156: I tensorflow/compiler/jit/xla_gpu_device.cc:99] Not creating XLA devices, tf_xla_enable_xla_devices not set
maxFreq at 10nA: 999.0
2021-04-20 22:07:09.275911: I tensorflow/compiler/jit/xla_gpu_device.cc:99] Not creating XLA devices, tf_xla_enable_xla_devices not set
2021-04-20 22:07:32.532347: I tensorflow/compiler/jit/xla_gpu_device.cc:99] Not creating XLA devices, tf_xla_enable_xla_devices not set
mse and spike frequency: 0.09995 0.0
[32m[I 2021-04-20 22:07:55,714][0m Trial 154 finished with values: [0.09995, 0.0] with parameters: {'Vahp': -22.0, 'Vth': -22.5, 'Vmax': 39.5, 't_ref': 5.0, 'R': 0.6, 'tau_m': 241.0, 'R_adp': 0.9, 'tau_w': 387.0, 'a': 143.5, 'rate_low': 24.5, 'rate_high': 25.5}.[0m
2021-04-20 22:07:56.442603: I tensorflow/compiler/jit/xla_gpu_device.cc:99] Not creating XLA devices, tf_xla_enable_xla_devices not set
maxFreq at 10nA: 59.0
2021-04-20 22:08:31.715418: I tensorflow/compiler/jit/xla_gpu_device.cc:99] Not creating XLA devices, tf_xla_enable_xla_devices not set
2021-04-20 22:08:55.708658: I tensorflow/compiler/jit/xla_gpu_device.cc:99] Not creating XLA devices, tf_xla_enable_xla_devices not set
mse and spike frequency: 0.01849 22.84
[32m[I 2021-04-20 22:09:19,179][0m Trial 155 finished with values: [0.01849, 22.84] with parameters: {'Vahp': -42.0, 'Vth': -33.0, 'Vmax': 39.0, 't_ref': 15.5, 'R': 1.0, 'tau_m': 182.5, 'R_adp': 0.9, 'tau_w': 63.0, 'a': 137.5, 'rate_low': 48.0, 'rate_high': 49.0}.[0m
2021-04-20 22:09:19.924584: I tensorflow/compiler/jit/xla_gpu_device.cc:99] Not creating XLA devices, tf_xla_enable_xla_devices not set
maxFreq at 10nA: 86.0
2021-04-20 22:09:55.851723: I tensorflow/compiler/jit/xla_gpu_device.cc:99] Not creating XLA devices, tf_xla_enable_xla_devices not set
2021-04-20 22:10:20.212374: I tensorflow/compiler/jit/xla_gpu_device.cc:99] Not creating XLA devices, tf_xla_enable_xla_devices not set
mse and spike frequency: 0.01706 4.15
[32m[I 2021-04-20 22:10:44,590][0m Trial 156 finished with values: [0.01706, 4.15] with parameters: {'Vahp': -48.5, 'Vth': -24.5, 'Vmax': 13.0, 't_ref': 7.0, 'R': 0.30000000000000004, 'tau_m': 241.0, 'R_adp': 0.7000000000000001, 'tau_w': 136.0, 'a': 210.0, 'rate_low': 48.0, 'rate_high': 8.5}.[0m
2021-04-20 22:10:45.390753: I tensorflow/compiler/jit/xla_gpu_device.cc:99] Not creating XLA devices, tf_xla_enable_xla_devices not set
maxFreq at 10nA: 1000.0
2021-04-20 22:11:21.353751: I tensorflow/compiler/jit/xla_gpu_device.cc:99] Not creating XLA devices, tf_xla_enable_xla_devices not set
2021-04-20 22:11:45.745870: I tensorflow/compiler/jit/xla_gpu_device.cc:99] Not creating XLA devices, tf_xla_enable_xla_devices not set
mse and spike frequency: 0.09995 0.0
[32m[I 2021-04-20 22:12:09,943][0m Trial 157 finished with values: [0.09995, 0.0] with parameters: {'Vahp': -41.0, 'Vth': -43.5, 'Vmax': 12.5, 't_ref': 11.5, 'R': 0.6, 'tau_m': 223.5, 'R_adp': 1.0, 'tau_w': 264.0, 'a': 171.0, 'rate_low': 9.0, 'rate_high': 28.0}.[0m
2021-04-20 22:12:10.705783: I tensorflow/compiler/jit/xla_gpu_device.cc:99] Not creating XLA devices, tf_xla_enable_xla_devices not set
maxFreq at 10nA: 35.0
2021-04-20 22:12:46.372261: I tensorflow/compiler/jit/xla_gpu_device.cc:99] Not creating XLA devices, tf_xla_enable_xla_devices not set
2021-04-20 22:13:10.994798: I tensorflow/compiler/jit/xla_gpu_device.cc:99] Not creating XLA devices, tf_xla_enable_xla_devices not set
mse and spike frequency: 0.11979 0.49
[32m[I 2021-04-20 22:13:34,974][0m Trial 158 finished with values: [0.11979, 0.49] with parameters: {'Vahp': -51.5, 'Vth': -48.5, 'Vmax': 30.5, 't_ref': 11.5, 'R': 0.30000000000000004, 'tau_m': 295.5, 'R_adp': 1.0, 'tau_w': 500.0, 'a': 242.0, 'rate_low': 3.0, 'rate_high': 9.0}.[0m
2021-04-20 22:13:35.860105: I tensorflow/compiler/jit/xla_gpu_device.cc:99] Not creating XLA devices, tf_xla_enable_xla_devices not set
maxFreq at 10nA: 1000.0
2021-04-20 22:14:11.150753: I tensorflow/compiler/jit/xla_gpu_device.cc:99] Not creating XLA devices, tf_xla_enable_xla_devices not set
2021-04-20 22:14:36.034205: I tensorflow/compiler/jit/xla_gpu_device.cc:99] Not creating XLA devices, tf_xla_enable_xla_devices not set
mse and spike frequency: 0.09995 0.0
[32m[I 2021-04-20 22:14:59,918][0m Trial 159 finished with values: [0.09995, 0.0] with parameters: {'Vahp': -35.0, 'Vth': -54.0, 'Vmax': 24.5, 't_ref': 20.0, 'R': 0.30000000000000004, 'tau_m': 266.5, 'R_adp': 0.5, 'tau_w': 156.5, 'a': 283.5, 'rate_low': 4.0, 'rate_high': 8.5}.[0m
2021-04-20 22:15:00.688130: I tensorflow/compiler/jit/xla_gpu_device.cc:99] Not creating XLA devices, tf_xla_enable_xla_devices not set
maxFreq at 10nA: 999.0
2021-04-20 22:15:35.703612: I tensorflow/compiler/jit/xla_gpu_device.cc:99] Not creating XLA devices, tf_xla_enable_xla_devices not set
2021-04-20 22:16:00.839557: I tensorflow/compiler/jit/xla_gpu_device.cc:99] Not creating XLA devices, tf_xla_enable_xla_devices not set
mse and spike frequency: 0.09995 0.0
[32m[I 2021-04-20 22:16:25,526][0m Trial 160 finished with values: [0.09995, 0.0] with parameters: {'Vahp': -22.0, 'Vth': -22.5, 'Vmax': 38.0, 't_ref': 3.0, 'R': 0.30000000000000004, 'tau_m': 153.5, 'R_adp': 0.5, 'tau_w': 309.0, 'a': 283.5, 'rate_low': 41.0, 'rate_high': 8.5}.[0m
2021-04-20 22:16:26.296706: I tensorflow/compiler/jit/xla_gpu_device.cc:99] Not creating XLA devices, tf_xla_enable_xla_devices not set
maxFreq at 10nA: 46.0
2021-04-20 22:17:01.990760: I tensorflow/compiler/jit/xla_gpu_device.cc:99] Not creating XLA devices, tf_xla_enable_xla_devices not set
2021-04-20 22:17:27.588812: I tensorflow/compiler/jit/xla_gpu_device.cc:99] Not creating XLA devices, tf_xla_enable_xla_devices not set
mse and spike frequency: 0.01706 4.94
[32m[I 2021-04-20 22:17:52,286][0m Trial 161 finished with values: [0.01706, 4.94] with parameters: {'Vahp': -48.5, 'Vth': -23.5, 'Vmax': 38.0, 't_ref': 20.0, 'R': 0.2, 'tau_m': 116.5, 'R_adp': 1.0, 'tau_w': 80.5, 'a': 38.0, 'rate_low': 20.0, 'rate_high': 37.0}.[0m
2021-04-20 22:17:53.066009: I tensorflow/compiler/jit/xla_gpu_device.cc:99] Not creating XLA devices, tf_xla_enable_xla_devices not set
maxFreq at 10nA: 999.0
2021-04-20 22:18:28.981665: I tensorflow/compiler/jit/xla_gpu_device.cc:99] Not creating XLA devices, tf_xla_enable_xla_devices not set
2021-04-20 22:18:54.373643: I tensorflow/compiler/jit/xla_gpu_device.cc:99] Not creating XLA devices, tf_xla_enable_xla_devices not set
mse and spike frequency: 0.09995 0.0
[32m[I 2021-04-20 22:19:19,462][0m Trial 162 finished with values: [0.09995, 0.0] with parameters: {'Vahp': -22.0, 'Vth': -34.0, 'Vmax': 24.5, 't_ref': 20.0, 'R': 0.4, 'tau_m': 303.5, 'R_adp': 0.1, 'tau_w': 17.5, 'a': 38.0, 'rate_low': 20.0, 'rate_high': 29.0}.[0m
2021-04-20 22:19:20.233762: I tensorflow/compiler/jit/xla_gpu_device.cc:99] Not creating XLA devices, tf_xla_enable_xla_devices not set
maxFreq at 10nA: 999.0
2021-04-20 22:19:56.102396: I tensorflow/compiler/jit/xla_gpu_device.cc:99] Not creating XLA devices, tf_xla_enable_xla_devices not set
2021-04-20 22:20:21.439189: I tensorflow/compiler/jit/xla_gpu_device.cc:99] Not creating XLA devices, tf_xla_enable_xla_devices not set
mse and spike frequency: 0.09995 0.0
[32m[I 2021-04-20 22:20:46,764][0m Trial 163 finished with values: [0.09995, 0.0] with parameters: {'Vahp': -23.5, 'Vth': -40.5, 'Vmax': 27.5, 't_ref': 2.0, 'R': 0.2, 'tau_m': 157.5, 'R_adp': 0.8, 'tau_w': 430.0, 'a': 418.5, 'rate_low': 42.0, 'rate_high': 38.0}.[0m
2021-04-20 22:20:47.663619: I tensorflow/compiler/jit/xla_gpu_device.cc:99] Not creating XLA devices, tf_xla_enable_xla_devices not set
maxFreq at 10nA: 1000.0
2021-04-20 22:21:23.447167: I tensorflow/compiler/jit/xla_gpu_device.cc:99] Not creating XLA devices, tf_xla_enable_xla_devices not set
2021-04-20 22:21:49.362764: I tensorflow/compiler/jit/xla_gpu_device.cc:99] Not creating XLA devices, tf_xla_enable_xla_devices not set
mse and spike frequency: 0.09995 0.0
[32m[I 2021-04-20 22:22:14,744][0m Trial 164 finished with values: [0.09995, 0.0] with parameters: {'Vahp': -31.5, 'Vth': -54.5, 'Vmax': 24.0, 't_ref': 2.0, 'R': 0.6, 'tau_m': 351.0, 'R_adp': 1.0, 'tau_w': 367.5, 'a': 99.0, 'rate_low': 1.0, 'rate_high': 33.5}.[0m
2021-04-20 22:22:15.555052: I tensorflow/compiler/jit/xla_gpu_device.cc:99] Not creating XLA devices, tf_xla_enable_xla_devices not set
maxFreq at 10nA: 192.0
2021-04-20 22:22:51.816643: I tensorflow/compiler/jit/xla_gpu_device.cc:99] Not creating XLA devices, tf_xla_enable_xla_devices not set
2021-04-20 22:23:17.508686: I tensorflow/compiler/jit/xla_gpu_device.cc:99] Not creating XLA devices, tf_xla_enable_xla_devices not set
mse and spike frequency: 1.33297 3.27
[32m[I 2021-04-20 22:23:42,794][0m Trial 165 finished with values: [1.33297, 3.27] with parameters: {'Vahp': -51.5, 'Vth': -48.5, 'Vmax': 30.5, 't_ref': 3.5, 'R': 0.7000000000000001, 'tau_m': 430.0, 'R_adp': 0.30000000000000004, 'tau_w': 500.0, 'a': 242.0, 'rate_low': 3.0, 'rate_high': 9.0}.[0m
2021-04-20 22:23:43.672971: I tensorflow/compiler/jit/xla_gpu_device.cc:99] Not creating XLA devices, tf_xla_enable_xla_devices not set
maxFreq at 10nA: 998.0
2021-04-20 22:24:19.435250: I tensorflow/compiler/jit/xla_gpu_device.cc:99] Not creating XLA devices, tf_xla_enable_xla_devices not set
2021-04-20 22:24:45.127465: I tensorflow/compiler/jit/xla_gpu_device.cc:99] Not creating XLA devices, tf_xla_enable_xla_devices not set
mse and spike frequency: 0.09995 0.0
[32m[I 2021-04-20 22:25:10,536][0m Trial 166 finished with values: [0.09995, 0.0] with parameters: {'Vahp': -31.5, 'Vth': -34.0, 'Vmax': 12.5, 't_ref': 5.0, 'R': 0.30000000000000004, 'tau_m': 351.0, 'R_adp': 0.1, 'tau_w': 17.5, 'a': 283.5, 'rate_low': 1.5, 'rate_high': 40.0}.[0m
2021-04-20 22:25:11.318727: I tensorflow/compiler/jit/xla_gpu_device.cc:99] Not creating XLA devices, tf_xla_enable_xla_devices not set
maxFreq at 10nA: 995.0
2021-04-20 22:25:47.482640: I tensorflow/compiler/jit/xla_gpu_device.cc:99] Not creating XLA devices, tf_xla_enable_xla_devices not set
2021-04-20 22:26:12.936486: I tensorflow/compiler/jit/xla_gpu_device.cc:99] Not creating XLA devices, tf_xla_enable_xla_devices not set
mse and spike frequency: 0.09995 0.0
[32m[I 2021-04-20 22:26:37,719][0m Trial 167 finished with values: [0.09995, 0.0] with parameters: {'Vahp': -22.0, 'Vth': -24.5, 'Vmax': 13.0, 't_ref': 9.0, 'R': 0.30000000000000004, 'tau_m': 453.5, 'R_adp': 0.4, 'tau_w': 135.5, 'a': 296.0, 'rate_low': 27.5, 'rate_high': 8.5}.[0m
2021-04-20 22:26:38.441043: I tensorflow/compiler/jit/xla_gpu_device.cc:99] Not creating XLA devices, tf_xla_enable_xla_devices not set
maxFreq at 10nA: 1000.0
2021-04-20 22:27:15.544423: I tensorflow/compiler/jit/xla_gpu_device.cc:99] Not creating XLA devices, tf_xla_enable_xla_devices not set
2021-04-20 22:27:40.920683: I tensorflow/compiler/jit/xla_gpu_device.cc:99] Not creating XLA devices, tf_xla_enable_xla_devices not set
mse and spike frequency: 0.09995 0.0
[32m[I 2021-04-20 22:28:06,148][0m Trial 168 finished with values: [0.09995, 0.0] with parameters: {'Vahp': -39.5, 'Vth': -40.5, 'Vmax': 12.5, 't_ref': 7.5, 'R': 0.6, 'tau_m': 223.5, 'R_adp': 1.0, 'tau_w': 127.5, 'a': 426.0, 'rate_low': 4.0, 'rate_high': 28.0}.[0m
2021-04-20 22:28:06.861679: I tensorflow/compiler/jit/xla_gpu_device.cc:99] Not creating XLA devices, tf_xla_enable_xla_devices not set
maxFreq at 10nA: 1000.0
2021-04-20 22:28:43.925136: I tensorflow/compiler/jit/xla_gpu_device.cc:99] Not creating XLA devices, tf_xla_enable_xla_devices not set
2021-04-20 22:29:09.815067: I tensorflow/compiler/jit/xla_gpu_device.cc:99] Not creating XLA devices, tf_xla_enable_xla_devices not set
mse and spike frequency: 0.09995 0.0
[32m[I 2021-04-20 22:29:34,460][0m Trial 169 finished with values: [0.09995, 0.0] with parameters: {'Vahp': -31.0, 'Vth': -57.5, 'Vmax': 24.0, 't_ref': 16.5, 'R': 1.0, 'tau_m': 182.5, 'R_adp': 0.8, 'tau_w': 227.0, 'a': 475.5, 'rate_low': 48.0, 'rate_high': 25.5}.[0m
2021-04-20 22:29:35.211221: I tensorflow/compiler/jit/xla_gpu_device.cc:99] Not creating XLA devices, tf_xla_enable_xla_devices not set
maxFreq at 10nA: 1000.0
2021-04-20 22:30:13.104153: I tensorflow/compiler/jit/xla_gpu_device.cc:99] Not creating XLA devices, tf_xla_enable_xla_devices not set
2021-04-20 22:30:39.455805: I tensorflow/compiler/jit/xla_gpu_device.cc:99] Not creating XLA devices, tf_xla_enable_xla_devices not set
mse and spike frequency: 0.09995 0.0
[32m[I 2021-04-20 22:31:04,501][0m Trial 170 finished with values: [0.09995, 0.0] with parameters: {'Vahp': -52.5, 'Vth': -54.5, 'Vmax': 36.0, 't_ref': 15.5, 'R': 1.0, 'tau_m': 182.5, 'R_adp': 0.8, 'tau_w': 384.5, 'a': 74.0, 'rate_low': 48.0, 'rate_high': 49.0}.[0m
2021-04-20 22:31:05.368545: I tensorflow/compiler/jit/xla_gpu_device.cc:99] Not creating XLA devices, tf_xla_enable_xla_devices not set
maxFreq at 10nA: 143.0
2021-04-20 22:31:43.227052: I tensorflow/compiler/jit/xla_gpu_device.cc:99] Not creating XLA devices, tf_xla_enable_xla_devices not set
2021-04-20 22:32:10.047630: I tensorflow/compiler/jit/xla_gpu_device.cc:99] Not creating XLA devices, tf_xla_enable_xla_devices not set
mse and spike frequency: 0.00528 11.72
