[32m[I 2021-04-20 23:39:55,326][0m Trial 213 finished with values: [0.09995, 0.0] with parameters: {'Vahp': -42.0, 'Vth': -49.0, 'Vmax': 34.0, 't_ref': 15.0, 'R': 0.6, 'tau_m': 88.5, 'rate_low': 19.0, 'rate_high': 5.0}.[0m
2021-04-20 23:39:56.271437: I tensorflow/compiler/jit/xla_gpu_device.cc:99] Not creating XLA devices, tf_xla_enable_xla_devices not set
maxFreq at 10nA: 100.0
2021-04-20 23:40:39.172976: I tensorflow/compiler/jit/xla_gpu_device.cc:99] Not creating XLA devices, tf_xla_enable_xla_devices not set
2021-04-20 23:41:11.805869: I tensorflow/compiler/jit/xla_gpu_device.cc:99] Not creating XLA devices, tf_xla_enable_xla_devices not set
mse and spike frequency: 0.00398 12.39
[32m[I 2021-04-20 23:41:43,691][0m Trial 214 finished with values: [0.00398, 12.39] with parameters: {'Vahp': -41.0, 'Vth': -33.0, 'Vmax': 37.5, 't_ref': 7.5, 'R': 0.2, 'tau_m': 450.5, 'rate_low': 46.5, 'rate_high': 18.0}.[0m
2021-04-20 23:41:44.540581: I tensorflow/compiler/jit/xla_gpu_device.cc:99] Not creating XLA devices, tf_xla_enable_xla_devices not set
maxFreq at 10nA: 67.0
2021-04-20 23:42:27.567420: I tensorflow/compiler/jit/xla_gpu_device.cc:99] Not creating XLA devices, tf_xla_enable_xla_devices not set
2021-04-20 23:43:00.124453: I tensorflow/compiler/jit/xla_gpu_device.cc:99] Not creating XLA devices, tf_xla_enable_xla_devices not set
mse and spike frequency: 0.00418 8.82
[32m[I 2021-04-20 23:43:31,917][0m Trial 215 finished with values: [0.00418, 8.82] with parameters: {'Vahp': -43.5, 'Vth': -34.0, 'Vmax': 13.0, 't_ref': 13.0, 'R': 0.4, 'tau_m': 482.0, 'rate_low': 16.5, 'rate_high': 33.0}.[0m
2021-04-20 23:43:32.785131: I tensorflow/compiler/jit/xla_gpu_device.cc:99] Not creating XLA devices, tf_xla_enable_xla_devices not set
maxFreq at 10nA: 72.0
2021-04-20 23:44:14.854938: I tensorflow/compiler/jit/xla_gpu_device.cc:99] Not creating XLA devices, tf_xla_enable_xla_devices not set
2021-04-20 23:44:46.911543: I tensorflow/compiler/jit/xla_gpu_device.cc:99] Not creating XLA devices, tf_xla_enable_xla_devices not set
mse and spike frequency: 0.0172 2.06
[32m[I 2021-04-20 23:45:18,570][0m Trial 216 finished with values: [0.0172, 2.06] with parameters: {'Vahp': -44.0, 'Vth': -34.0, 'Vmax': 32.5, 't_ref': 13.0, 'R': 1.0, 'tau_m': 93.5, 'rate_low': 7.0, 'rate_high': 33.0}.[0m
2021-04-20 23:45:19.457976: I tensorflow/compiler/jit/xla_gpu_device.cc:99] Not creating XLA devices, tf_xla_enable_xla_devices not set
maxFreq at 10nA: 1000.0
2021-04-20 23:46:02.359469: I tensorflow/compiler/jit/xla_gpu_device.cc:99] Not creating XLA devices, tf_xla_enable_xla_devices not set
2021-04-20 23:46:34.876035: I tensorflow/compiler/jit/xla_gpu_device.cc:99] Not creating XLA devices, tf_xla_enable_xla_devices not set
mse and spike frequency: 0.09995 0.0
[32m[I 2021-04-20 23:47:06,365][0m Trial 217 finished with values: [0.09995, 0.0] with parameters: {'Vahp': -55.5, 'Vth': -57.5, 'Vmax': 16.0, 't_ref': 9.0, 'R': 0.9, 'tau_m': 410.0, 'rate_low': 13.0, 'rate_high': 33.0}.[0m
2021-04-20 23:47:07.214565: I tensorflow/compiler/jit/xla_gpu_device.cc:99] Not creating XLA devices, tf_xla_enable_xla_devices not set
maxFreq at 10nA: 998.0
2021-04-20 23:47:49.889288: I tensorflow/compiler/jit/xla_gpu_device.cc:99] Not creating XLA devices, tf_xla_enable_xla_devices not set
2021-04-20 23:48:22.570858: I tensorflow/compiler/jit/xla_gpu_device.cc:99] Not creating XLA devices, tf_xla_enable_xla_devices not set
mse and spike frequency: 0.09995 0.0
[32m[I 2021-04-20 23:48:54,149][0m Trial 218 finished with values: [0.09995, 0.0] with parameters: {'Vahp': -32.0, 'Vth': -35.5, 'Vmax': 20.5, 't_ref': 7.5, 'R': 0.30000000000000004, 'tau_m': 314.5, 'rate_low': 16.5, 'rate_high': 35.5}.[0m
2021-04-20 23:48:55.043191: I tensorflow/compiler/jit/xla_gpu_device.cc:99] Not creating XLA devices, tf_xla_enable_xla_devices not set
maxFreq at 10nA: 1000.0
2021-04-20 23:49:38.081825: I tensorflow/compiler/jit/xla_gpu_device.cc:99] Not creating XLA devices, tf_xla_enable_xla_devices not set
2021-04-20 23:50:10.388279: I tensorflow/compiler/jit/xla_gpu_device.cc:99] Not creating XLA devices, tf_xla_enable_xla_devices not set
mse and spike frequency: 0.09995 0.0
[32m[I 2021-04-20 23:50:40,784][0m Trial 219 finished with values: [0.09995, 0.0] with parameters: {'Vahp': -40.5, 'Vth': -52.5, 'Vmax': 11.0, 't_ref': 15.0, 'R': 0.9, 'tau_m': 489.0, 'rate_low': 1.5, 'rate_high': 18.5}.[0m
2021-04-20 23:50:41.858291: I tensorflow/compiler/jit/xla_gpu_device.cc:99] Not creating XLA devices, tf_xla_enable_xla_devices not set
maxFreq at 10nA: 167.0
2021-04-20 23:51:24.071547: I tensorflow/compiler/jit/xla_gpu_device.cc:99] Not creating XLA devices, tf_xla_enable_xla_devices not set
2021-04-20 23:51:56.631796: I tensorflow/compiler/jit/xla_gpu_device.cc:99] Not creating XLA devices, tf_xla_enable_xla_devices not set
mse and spike frequency: 0.007 8.72
[32m[I 2021-04-20 23:52:27,937][0m Trial 220 finished with values: [0.007, 8.72] with parameters: {'Vahp': -34.0, 'Vth': -24.5, 'Vmax': 27.0, 't_ref': 4.5, 'R': 1.0, 'tau_m': 317.0, 'rate_low': 7.0, 'rate_high': 7.5}.[0m
2021-04-20 23:52:28.843597: I tensorflow/compiler/jit/xla_gpu_device.cc:99] Not creating XLA devices, tf_xla_enable_xla_devices not set
maxFreq at 10nA: 1000.0
2021-04-20 23:53:12.559899: I tensorflow/compiler/jit/xla_gpu_device.cc:99] Not creating XLA devices, tf_xla_enable_xla_devices not set
2021-04-20 23:53:44.981862: I tensorflow/compiler/jit/xla_gpu_device.cc:99] Not creating XLA devices, tf_xla_enable_xla_devices not set
mse and spike frequency: 0.09995 0.0
[32m[I 2021-04-20 23:54:17,200][0m Trial 221 finished with values: [0.09995, 0.0] with parameters: {'Vahp': -34.0, 'Vth': -36.0, 'Vmax': 38.5, 't_ref': 15.5, 'R': 1.0, 'tau_m': 85.5, 'rate_low': 13.0, 'rate_high': 18.0}.[0m
2021-04-20 23:54:18.088933: I tensorflow/compiler/jit/xla_gpu_device.cc:99] Not creating XLA devices, tf_xla_enable_xla_devices not set
maxFreq at 10nA: 72.0
2021-04-20 23:55:02.149297: I tensorflow/compiler/jit/xla_gpu_device.cc:99] Not creating XLA devices, tf_xla_enable_xla_devices not set
2021-04-20 23:55:34.669773: I tensorflow/compiler/jit/xla_gpu_device.cc:99] Not creating XLA devices, tf_xla_enable_xla_devices not set
mse and spike frequency: 0.00481 17.08
[32m[I 2021-04-20 23:56:05,808][0m Trial 222 finished with values: [0.00481, 17.08] with parameters: {'Vahp': -36.0, 'Vth': -34.0, 'Vmax': 14.0, 't_ref': 13.0, 'R': 0.30000000000000004, 'tau_m': 423.5, 'rate_low': 20.0, 'rate_high': 36.0}.[0m
2021-04-20 23:56:06.669108: I tensorflow/compiler/jit/xla_gpu_device.cc:99] Not creating XLA devices, tf_xla_enable_xla_devices not set
maxFreq at 10nA: 72.0
2021-04-20 23:56:51.706170: I tensorflow/compiler/jit/xla_gpu_device.cc:99] Not creating XLA devices, tf_xla_enable_xla_devices not set
2021-04-20 23:57:24.580434: I tensorflow/compiler/jit/xla_gpu_device.cc:99] Not creating XLA devices, tf_xla_enable_xla_devices not set
mse and spike frequency: 0.09995 0.0
[32m[I 2021-04-20 23:57:55,885][0m Trial 223 finished with values: [0.09995, 0.0] with parameters: {'Vahp': -32.0, 'Vth': -27.0, 'Vmax': 16.0, 't_ref': 13.0, 'R': 0.30000000000000004, 'tau_m': 28.5, 'rate_low': 10.5, 'rate_high': 41.0}.[0m
2021-04-20 23:57:56.748913: I tensorflow/compiler/jit/xla_gpu_device.cc:99] Not creating XLA devices, tf_xla_enable_xla_devices not set
maxFreq at 10nA: 993.0
2021-04-20 23:58:41.132129: I tensorflow/compiler/jit/xla_gpu_device.cc:99] Not creating XLA devices, tf_xla_enable_xla_devices not set
2021-04-20 23:59:14.848756: I tensorflow/compiler/jit/xla_gpu_device.cc:99] Not creating XLA devices, tf_xla_enable_xla_devices not set
mse and spike frequency: 0.09995 0.0
[32m[I 2021-04-20 23:59:46,167][0m Trial 224 finished with values: [0.09995, 0.0] with parameters: {'Vahp': -23.5, 'Vth': -24.5, 'Vmax': 37.5, 't_ref': 13.5, 'R': 0.2, 'tau_m': 458.0, 'rate_low': 29.0, 'rate_high': 37.5}.[0m
2021-04-20 23:59:47.036102: I tensorflow/compiler/jit/xla_gpu_device.cc:99] Not creating XLA devices, tf_xla_enable_xla_devices not set
maxFreq at 10nA: 1000.0
2021-04-21 00:00:31.153861: I tensorflow/compiler/jit/xla_gpu_device.cc:99] Not creating XLA devices, tf_xla_enable_xla_devices not set
2021-04-21 00:01:05.531236: I tensorflow/compiler/jit/xla_gpu_device.cc:99] Not creating XLA devices, tf_xla_enable_xla_devices not set
mse and spike frequency: 0.09995 0.0
[32m[I 2021-04-21 00:01:37,226][0m Trial 225 finished with values: [0.09995, 0.0] with parameters: {'Vahp': -22.0, 'Vth': -45.0, 'Vmax': 22.0, 't_ref': 7.5, 'R': 0.8, 'tau_m': 100.0, 'rate_low': 20.0, 'rate_high': 33.0}.[0m
2021-04-21 00:01:38.086964: I tensorflow/compiler/jit/xla_gpu_device.cc:99] Not creating XLA devices, tf_xla_enable_xla_devices not set
maxFreq at 10nA: 67.0
2021-04-21 00:02:23.022125: I tensorflow/compiler/jit/xla_gpu_device.cc:99] Not creating XLA devices, tf_xla_enable_xla_devices not set
2021-04-21 00:02:57.374844: I tensorflow/compiler/jit/xla_gpu_device.cc:99] Not creating XLA devices, tf_xla_enable_xla_devices not set
mse and spike frequency: 0.00461 13.19
[32m[I 2021-04-21 00:03:29,361][0m Trial 226 finished with values: [0.00461, 13.19] with parameters: {'Vahp': -55.5, 'Vth': -34.0, 'Vmax': 40.0, 't_ref': 13.0, 'R': 0.8, 'tau_m': 482.0, 'rate_low': 33.0, 'rate_high': 34.0}.[0m
2021-04-21 00:03:30.232804: I tensorflow/compiler/jit/xla_gpu_device.cc:99] Not creating XLA devices, tf_xla_enable_xla_devices not set
maxFreq at 10nA: 63.0
2021-04-21 00:04:15.775229: I tensorflow/compiler/jit/xla_gpu_device.cc:99] Not creating XLA devices, tf_xla_enable_xla_devices not set
2021-04-21 00:04:49.752901: I tensorflow/compiler/jit/xla_gpu_device.cc:99] Not creating XLA devices, tf_xla_enable_xla_devices not set
mse and spike frequency: 0.0061 3.39
[32m[I 2021-04-21 00:05:21,920][0m Trial 227 finished with values: [0.0061, 3.39] with parameters: {'Vahp': -34.0, 'Vth': -21.5, 'Vmax': 39.0, 't_ref': 13.5, 'R': 0.6, 'tau_m': 489.0, 'rate_low': 1.5, 'rate_high': 37.5}.[0m
2021-04-21 00:05:22.775915: I tensorflow/compiler/jit/xla_gpu_device.cc:99] Not creating XLA devices, tf_xla_enable_xla_devices not set
maxFreq at 10nA: 1000.0
2021-04-21 00:06:07.529361: I tensorflow/compiler/jit/xla_gpu_device.cc:99] Not creating XLA devices, tf_xla_enable_xla_devices not set
2021-04-21 00:06:42.057990: I tensorflow/compiler/jit/xla_gpu_device.cc:99] Not creating XLA devices, tf_xla_enable_xla_devices not set
mse and spike frequency: 0.09995 0.0
[32m[I 2021-04-21 00:07:14,089][0m Trial 228 finished with values: [0.09995, 0.0] with parameters: {'Vahp': -34.0, 'Vth': -52.5, 'Vmax': 32.5, 't_ref': 6.5, 'R': 0.9, 'tau_m': 489.0, 'rate_low': 1.5, 'rate_high': 47.0}.[0m
2021-04-21 00:07:14.970239: I tensorflow/compiler/jit/xla_gpu_device.cc:99] Not creating XLA devices, tf_xla_enable_xla_devices not set
maxFreq at 10nA: 998.0
2021-04-21 00:07:59.312927: I tensorflow/compiler/jit/xla_gpu_device.cc:99] Not creating XLA devices, tf_xla_enable_xla_devices not set
2021-04-21 00:08:34.189714: I tensorflow/compiler/jit/xla_gpu_device.cc:99] Not creating XLA devices, tf_xla_enable_xla_devices not set
mse and spike frequency: 0.09995 0.0
[32m[I 2021-04-21 00:09:07,797][0m Trial 229 finished with values: [0.09995, 0.0] with parameters: {'Vahp': -32.0, 'Vth': -34.0, 'Vmax': 20.5, 't_ref': 7.5, 'R': 0.1, 'tau_m': 100.0, 'rate_low': 46.5, 'rate_high': 33.0}.[0m
2021-04-21 00:09:08.758576: I tensorflow/compiler/jit/xla_gpu_device.cc:99] Not creating XLA devices, tf_xla_enable_xla_devices not set
maxFreq at 10nA: 1000.0
2021-04-21 00:09:53.807983: I tensorflow/compiler/jit/xla_gpu_device.cc:99] Not creating XLA devices, tf_xla_enable_xla_devices not set
2021-04-21 00:10:28.690457: I tensorflow/compiler/jit/xla_gpu_device.cc:99] Not creating XLA devices, tf_xla_enable_xla_devices not set
mse and spike frequency: 0.09995 0.0
[32m[I 2021-04-21 00:11:01,888][0m Trial 230 finished with values: [0.09995, 0.0] with parameters: {'Vahp': -32.0, 'Vth': -50.0, 'Vmax': 34.0, 't_ref': 3.0, 'R': 0.6, 'tau_m': 100.0, 'rate_low': 38.0, 'rate_high': 33.0}.[0m
2021-04-21 00:11:02.851711: I tensorflow/compiler/jit/xla_gpu_device.cc:99] Not creating XLA devices, tf_xla_enable_xla_devices not set
maxFreq at 10nA: 48.0
2021-04-21 00:11:48.126372: I tensorflow/compiler/jit/xla_gpu_device.cc:99] Not creating XLA devices, tf_xla_enable_xla_devices not set
2021-04-21 00:12:22.933021: I tensorflow/compiler/jit/xla_gpu_device.cc:99] Not creating XLA devices, tf_xla_enable_xla_devices not set
mse and spike frequency: 0.00868 4.4
[32m[I 2021-04-21 00:12:55,650][0m Trial 231 finished with values: [0.00868, 4.4] with parameters: {'Vahp': -57.5, 'Vth': -35.5, 'Vmax': 23.5, 't_ref': 18.5, 'R': 0.9, 'tau_m': 489.0, 'rate_low': 7.0, 'rate_high': 18.5}.[0m
2021-04-21 00:12:56.632618: I tensorflow/compiler/jit/xla_gpu_device.cc:99] Not creating XLA devices, tf_xla_enable_xla_devices not set
maxFreq at 10nA: 1000.0
2021-04-21 00:13:41.657510: I tensorflow/compiler/jit/xla_gpu_device.cc:99] Not creating XLA devices, tf_xla_enable_xla_devices not set
2021-04-21 00:14:16.020597: I tensorflow/compiler/jit/xla_gpu_device.cc:99] Not creating XLA devices, tf_xla_enable_xla_devices not set
mse and spike frequency: 0.09995 0.0
[32m[I 2021-04-21 00:14:49,714][0m Trial 232 finished with values: [0.09995, 0.0] with parameters: {'Vahp': -40.0, 'Vth': -50.0, 'Vmax': 24.0, 't_ref': 2.5, 'R': 0.9, 'tau_m': 482.0, 'rate_low': 38.0, 'rate_high': 43.5}.[0m
2021-04-21 00:14:50.689762: I tensorflow/compiler/jit/xla_gpu_device.cc:99] Not creating XLA devices, tf_xla_enable_xla_devices not set
maxFreq at 10nA: 1000.0
2021-04-21 00:15:36.426835: I tensorflow/compiler/jit/xla_gpu_device.cc:99] Not creating XLA devices, tf_xla_enable_xla_devices not set
2021-04-21 00:16:11.891456: I tensorflow/compiler/jit/xla_gpu_device.cc:99] Not creating XLA devices, tf_xla_enable_xla_devices not set
mse and spike frequency: 0.09995 0.0
[32m[I 2021-04-21 00:16:47,118][0m Trial 233 finished with values: [0.09995, 0.0] with parameters: {'Vahp': -23.5, 'Vth': -41.5, 'Vmax': 27.5, 't_ref': 5.0, 'R': 0.9, 'tau_m': 489.0, 'rate_low': 7.0, 'rate_high': 23.5}.[0m
2021-04-21 00:16:48.105716: I tensorflow/compiler/jit/xla_gpu_device.cc:99] Not creating XLA devices, tf_xla_enable_xla_devices not set
maxFreq at 10nA: 1000.0
2021-04-21 00:17:34.295193: I tensorflow/compiler/jit/xla_gpu_device.cc:99] Not creating XLA devices, tf_xla_enable_xla_devices not set
2021-04-21 00:18:09.860530: I tensorflow/compiler/jit/xla_gpu_device.cc:99] Not creating XLA devices, tf_xla_enable_xla_devices not set
mse and spike frequency: 0.09995 0.0
[32m[I 2021-04-21 00:18:43,856][0m Trial 234 finished with values: [0.09995, 0.0] with parameters: {'Vahp': -23.5, 'Vth': -52.5, 'Vmax': 27.0, 't_ref': 18.5, 'R': 0.9, 'tau_m': 489.0, 'rate_low': 7.0, 'rate_high': 18.5}.[0m
2021-04-21 00:18:44.839936: I tensorflow/compiler/jit/xla_gpu_device.cc:99] Not creating XLA devices, tf_xla_enable_xla_devices not set
maxFreq at 10nA: 125.0
2021-04-21 00:19:30.388260: I tensorflow/compiler/jit/xla_gpu_device.cc:99] Not creating XLA devices, tf_xla_enable_xla_devices not set
2021-04-21 00:20:06.560079: I tensorflow/compiler/jit/xla_gpu_device.cc:99] Not creating XLA devices, tf_xla_enable_xla_devices not set
mse and spike frequency: 0.00286 10.54
[32m[I 2021-04-21 00:20:40,730][0m Trial 235 finished with values: [0.00286, 10.54] with parameters: {'Vahp': -57.5, 'Vth': -40.0, 'Vmax': 23.5, 't_ref': 6.0, 'R': 0.30000000000000004, 'tau_m': 295.0, 'rate_low': 21.5, 'rate_high': 43.0}.[0m
2021-04-21 00:20:41.716875: I tensorflow/compiler/jit/xla_gpu_device.cc:99] Not creating XLA devices, tf_xla_enable_xla_devices not set
maxFreq at 10nA: 53.0
2021-04-21 00:21:27.073968: I tensorflow/compiler/jit/xla_gpu_device.cc:99] Not creating XLA devices, tf_xla_enable_xla_devices not set
2021-04-21 00:22:02.282804: I tensorflow/compiler/jit/xla_gpu_device.cc:99] Not creating XLA devices, tf_xla_enable_xla_devices not set
mse and spike frequency: 0.00499 15.28
[32m[I 2021-04-21 00:22:37,721][0m Trial 236 finished with values: [0.00499, 15.28] with parameters: {'Vahp': -34.0, 'Vth': -24.5, 'Vmax': 24.5, 't_ref': 17.5, 'R': 0.9, 'tau_m': 317.0, 'rate_low': 22.5, 'rate_high': 18.0}.[0m
2021-04-21 00:22:38.669513: I tensorflow/compiler/jit/xla_gpu_device.cc:99] Not creating XLA devices, tf_xla_enable_xla_devices not set
maxFreq at 10nA: 1000.0
2021-04-21 00:23:25.184154: I tensorflow/compiler/jit/xla_gpu_device.cc:99] Not creating XLA devices, tf_xla_enable_xla_devices not set
2021-04-21 00:24:01.594319: I tensorflow/compiler/jit/xla_gpu_device.cc:99] Not creating XLA devices, tf_xla_enable_xla_devices not set
mse and spike frequency: 0.09995 0.0
[32m[I 2021-04-21 00:24:35,946][0m Trial 237 finished with values: [0.09995, 0.0] with parameters: {'Vahp': -36.0, 'Vth': -50.0, 'Vmax': 34.0, 't_ref': 2.5, 'R': 0.9, 'tau_m': 259.0, 'rate_low': 38.0, 'rate_high': 43.5}.[0m
2021-04-21 00:24:36.919258: I tensorflow/compiler/jit/xla_gpu_device.cc:99] Not creating XLA devices, tf_xla_enable_xla_devices not set
maxFreq at 10nA: 77.0
2021-04-21 00:25:22.845567: I tensorflow/compiler/jit/xla_gpu_device.cc:99] Not creating XLA devices, tf_xla_enable_xla_devices not set
2021-04-21 00:25:58.844980: I tensorflow/compiler/jit/xla_gpu_device.cc:99] Not creating XLA devices, tf_xla_enable_xla_devices not set
mse and spike frequency: 0.0088 19.22
[32m[I 2021-04-21 00:26:33,907][0m Trial 238 finished with values: [0.0088, 19.22] with parameters: {'Vahp': -44.0, 'Vth': -29.0, 'Vmax': 38.0, 't_ref': 11.5, 'R': 0.30000000000000004, 'tau_m': 24.0, 'rate_low': 12.5, 'rate_high': 32.0}.[0m
2021-04-21 00:26:34.892644: I tensorflow/compiler/jit/xla_gpu_device.cc:99] Not creating XLA devices, tf_xla_enable_xla_devices not set
maxFreq at 10nA: 1000.0
2021-04-21 00:27:21.935237: I tensorflow/compiler/jit/xla_gpu_device.cc:99] Not creating XLA devices, tf_xla_enable_xla_devices not set
2021-04-21 00:27:59.699658: I tensorflow/compiler/jit/xla_gpu_device.cc:99] Not creating XLA devices, tf_xla_enable_xla_devices not set
mse and spike frequency: 0.09995 0.0
[32m[I 2021-04-21 00:28:35,469][0m Trial 239 finished with values: [0.09995, 0.0] with parameters: {'Vahp': -30.0, 'Vth': -34.0, 'Vmax': 38.0, 't_ref': 13.0, 'R': 0.8, 'tau_m': 24.0, 'rate_low': 3.0, 'rate_high': 34.0}.[0m
2021-04-21 00:28:36.438158: I tensorflow/compiler/jit/xla_gpu_device.cc:99] Not creating XLA devices, tf_xla_enable_xla_devices not set
maxFreq at 10nA: 999.0
2021-04-21 00:29:23.095586: I tensorflow/compiler/jit/xla_gpu_device.cc:99] Not creating XLA devices, tf_xla_enable_xla_devices not set
2021-04-21 00:30:00.703476: I tensorflow/compiler/jit/xla_gpu_device.cc:99] Not creating XLA devices, tf_xla_enable_xla_devices not set
mse and spike frequency: 0.09995 0.0
[32m[I 2021-04-21 00:30:36,498][0m Trial 240 finished with values: [0.09995, 0.0] with parameters: {'Vahp': -21.5, 'Vth': -48.5, 'Vmax': 40.0, 't_ref': 4.0, 'R': 0.30000000000000004, 'tau_m': 470.0, 'rate_low': 11.5, 'rate_high': 43.5}.[0m
2021-04-21 00:30:37.441406: I tensorflow/compiler/jit/xla_gpu_device.cc:99] Not creating XLA devices, tf_xla_enable_xla_devices not set
maxFreq at 10nA: 250.0
2021-04-21 00:31:23.991171: I tensorflow/compiler/jit/xla_gpu_device.cc:99] Not creating XLA devices, tf_xla_enable_xla_devices not set
2021-04-21 00:32:01.332395: I tensorflow/compiler/jit/xla_gpu_device.cc:99] Not creating XLA devices, tf_xla_enable_xla_devices not set
mse and spike frequency: 0.00217 45.53
[32m[I 2021-04-21 00:32:37,300][0m Trial 241 finished with values: [0.00217, 45.53] with parameters: {'Vahp': -51.5, 'Vth': -35.5, 'Vmax': 33.5, 't_ref': 3.0, 'R': 0.8, 'tau_m': 88.5, 'rate_low': 22.5, 'rate_high': 36.0}.[0m
2021-04-21 00:32:38.208691: I tensorflow/compiler/jit/xla_gpu_device.cc:99] Not creating XLA devices, tf_xla_enable_xla_devices not set
maxFreq at 10nA: 143.0
2021-04-21 00:33:25.709293: I tensorflow/compiler/jit/xla_gpu_device.cc:99] Not creating XLA devices, tf_xla_enable_xla_devices not set
2021-04-21 00:34:02.613146: I tensorflow/compiler/jit/xla_gpu_device.cc:99] Not creating XLA devices, tf_xla_enable_xla_devices not set
mse and spike frequency: 0.00399 10.24
[32m[I 2021-04-21 00:34:37,791][0m Trial 242 finished with values: [0.00399, 10.24] with parameters: {'Vahp': -39.0, 'Vth': -24.5, 'Vmax': 20.0, 't_ref': 5.0, 'R': 0.30000000000000004, 'tau_m': 227.5, 'rate_low': 22.5, 'rate_high': 23.5}.[0m
2021-04-21 00:34:38.721255: I tensorflow/compiler/jit/xla_gpu_device.cc:99] Not creating XLA devices, tf_xla_enable_xla_devices not set
maxFreq at 10nA: 1000.0
2021-04-21 00:35:26.084468: I tensorflow/compiler/jit/xla_gpu_device.cc:99] Not creating XLA devices, tf_xla_enable_xla_devices not set
2021-04-21 00:36:03.224433: I tensorflow/compiler/jit/xla_gpu_device.cc:99] Not creating XLA devices, tf_xla_enable_xla_devices not set
mse and spike frequency: 0.09995 0.0
[32m[I 2021-04-21 00:36:37,911][0m Trial 243 finished with values: [0.09995, 0.0] with parameters: {'Vahp': -34.0, 'Vth': -48.5, 'Vmax': 12.0, 't_ref': 12.0, 'R': 0.6, 'tau_m': 100.5, 'rate_low': 13.0, 'rate_high': 18.0}.[0m
2021-04-21 00:36:38.848017: I tensorflow/compiler/jit/xla_gpu_device.cc:99] Not creating XLA devices, tf_xla_enable_xla_devices not set
maxFreq at 10nA: 1000.0
2021-04-21 00:37:27.032464: I tensorflow/compiler/jit/xla_gpu_device.cc:99] Not creating XLA devices, tf_xla_enable_xla_devices not set
2021-04-21 00:38:03.814145: I tensorflow/compiler/jit/xla_gpu_device.cc:99] Not creating XLA devices, tf_xla_enable_xla_devices not set
mse and spike frequency: 0.09995 0.0
