[32m[I 2021-04-20 21:52:48,411][0m Trial 142 finished with values: [0.10306, 0.26] with parameters: {'Vahp': -56.0, 'Vth': -21.0, 'Vmax': 24.5, 't_ref': 13.0, 'R': 0.1, 'tau_m': 313.5, 'R_adp': 0.7000000000000001, 'tau_w': 138.5, 'a': 207.0, 'rate_low': 16.0, 'rate_high': 22.5}.[0m
2021-04-20 21:52:49.202360: I tensorflow/compiler/jit/xla_gpu_device.cc:99] Not creating XLA devices, tf_xla_enable_xla_devices not set
maxFreq at 10nA: 62.0
2021-04-20 21:53:22.781777: I tensorflow/compiler/jit/xla_gpu_device.cc:99] Not creating XLA devices, tf_xla_enable_xla_devices not set
2021-04-20 21:53:44.435166: I tensorflow/compiler/jit/xla_gpu_device.cc:99] Not creating XLA devices, tf_xla_enable_xla_devices not set
mse and spike frequency: 0.04835 2.32
[32m[I 2021-04-20 21:54:05,378][0m Trial 143 finished with values: [0.04835, 2.32] with parameters: {'Vahp': -51.0, 'Vth': -49.0, 'Vmax': 24.5, 't_ref': 5.0, 'R': 0.1, 'tau_m': 214.0, 'R_adp': 0.8, 'tau_w': 102.0, 'a': 207.0, 'rate_low': 36.5, 'rate_high': 22.5}.[0m
2021-04-20 21:54:06.086820: I tensorflow/compiler/jit/xla_gpu_device.cc:99] Not creating XLA devices, tf_xla_enable_xla_devices not set
maxFreq at 10nA: 999.0
2021-04-20 21:54:39.962727: I tensorflow/compiler/jit/xla_gpu_device.cc:99] Not creating XLA devices, tf_xla_enable_xla_devices not set
2021-04-20 21:55:01.520933: I tensorflow/compiler/jit/xla_gpu_device.cc:99] Not creating XLA devices, tf_xla_enable_xla_devices not set
mse and spike frequency: 0.09995 0.0
[32m[I 2021-04-20 21:55:22,599][0m Trial 144 finished with values: [0.09995, 0.0] with parameters: {'Vahp': -31.0, 'Vth': -48.0, 'Vmax': 38.5, 't_ref': 15.0, 'R': 0.30000000000000004, 'tau_m': 471.5, 'R_adp': 0.8, 'tau_w': 124.5, 'a': 134.0, 'rate_low': 30.5, 'rate_high': 21.5}.[0m
2021-04-20 21:55:23.375282: I tensorflow/compiler/jit/xla_gpu_device.cc:99] Not creating XLA devices, tf_xla_enable_xla_devices not set
maxFreq at 10nA: 1000.0
2021-04-20 21:55:58.036582: I tensorflow/compiler/jit/xla_gpu_device.cc:99] Not creating XLA devices, tf_xla_enable_xla_devices not set
2021-04-20 21:56:19.330292: I tensorflow/compiler/jit/xla_gpu_device.cc:99] Not creating XLA devices, tf_xla_enable_xla_devices not set
mse and spike frequency: 0.09995 0.0
[32m[I 2021-04-20 21:56:40,409][0m Trial 145 finished with values: [0.09995, 0.0] with parameters: {'Vahp': -29.5, 'Vth': -52.0, 'Vmax': 30.5, 't_ref': 5.0, 'R': 0.2, 'tau_m': 84.0, 'R_adp': 0.5, 'tau_w': 319.5, 'a': 67.0, 'rate_low': 13.5, 'rate_high': 40.0}.[0m
2021-04-20 21:56:41.259416: I tensorflow/compiler/jit/xla_gpu_device.cc:99] Not creating XLA devices, tf_xla_enable_xla_devices not set
maxFreq at 10nA: 46.0
2021-04-20 21:57:15.769988: I tensorflow/compiler/jit/xla_gpu_device.cc:99] Not creating XLA devices, tf_xla_enable_xla_devices not set
2021-04-20 21:57:37.276276: I tensorflow/compiler/jit/xla_gpu_device.cc:99] Not creating XLA devices, tf_xla_enable_xla_devices not set
mse and spike frequency: 0.03067 2.42
[32m[I 2021-04-20 21:57:58,547][0m Trial 146 finished with values: [0.03067, 2.42] with parameters: {'Vahp': -56.0, 'Vth': -21.0, 'Vmax': 36.5, 't_ref': 19.0, 'R': 0.5, 'tau_m': 272.0, 'R_adp': 0.7000000000000001, 'tau_w': 193.0, 'a': 259.0, 'rate_low': 16.0, 'rate_high': 39.0}.[0m
2021-04-20 21:57:59.230372: I tensorflow/compiler/jit/xla_gpu_device.cc:99] Not creating XLA devices, tf_xla_enable_xla_devices not set
maxFreq at 10nA: 1000.0
2021-04-20 21:58:34.102779: I tensorflow/compiler/jit/xla_gpu_device.cc:99] Not creating XLA devices, tf_xla_enable_xla_devices not set
2021-04-20 21:58:55.944302: I tensorflow/compiler/jit/xla_gpu_device.cc:99] Not creating XLA devices, tf_xla_enable_xla_devices not set
mse and spike frequency: 0.09995 0.0
[32m[I 2021-04-20 21:59:17,837][0m Trial 147 finished with values: [0.09995, 0.0] with parameters: {'Vahp': -49.0, 'Vth': -57.0, 'Vmax': 36.5, 't_ref': 3.5, 'R': 0.30000000000000004, 'tau_m': 471.5, 'R_adp': 1.0, 'tau_w': 414.5, 'a': 410.5, 'rate_low': 32.5, 'rate_high': 43.5}.[0m
2021-04-20 21:59:18.545076: I tensorflow/compiler/jit/xla_gpu_device.cc:99] Not creating XLA devices, tf_xla_enable_xla_devices not set
maxFreq at 10nA: 1000.0
2021-04-20 21:59:53.219944: I tensorflow/compiler/jit/xla_gpu_device.cc:99] Not creating XLA devices, tf_xla_enable_xla_devices not set
2021-04-20 22:00:15.176895: I tensorflow/compiler/jit/xla_gpu_device.cc:99] Not creating XLA devices, tf_xla_enable_xla_devices not set
mse and spike frequency: 0.09995 0.0
[32m[I 2021-04-20 22:00:37,465][0m Trial 148 finished with values: [0.09995, 0.0] with parameters: {'Vahp': -46.0, 'Vth': -56.0, 'Vmax': 38.5, 't_ref': 12.5, 'R': 0.5, 'tau_m': 289.0, 'R_adp': 1.0, 'tau_w': 437.5, 'a': 195.0, 'rate_low': 41.5, 'rate_high': 46.5}.[0m
2021-04-20 22:00:38.249466: I tensorflow/compiler/jit/xla_gpu_device.cc:99] Not creating XLA devices, tf_xla_enable_xla_devices not set
maxFreq at 10nA: 167.0
2021-04-20 22:01:13.727290: I tensorflow/compiler/jit/xla_gpu_device.cc:99] Not creating XLA devices, tf_xla_enable_xla_devices not set
2021-04-20 22:01:36.446139: I tensorflow/compiler/jit/xla_gpu_device.cc:99] Not creating XLA devices, tf_xla_enable_xla_devices not set
mse and spike frequency: 0.00308 10.29
[32m[I 2021-04-20 22:01:58,377][0m Trial 149 finished with values: [0.00308, 10.29] with parameters: {'Vahp': -49.0, 'Vth': -21.0, 'Vmax': 22.0, 't_ref': 3.5, 'R': 1.0, 'tau_m': 444.0, 'R_adp': 0.7000000000000001, 'tau_w': 59.5, 'a': 410.5, 'rate_low': 32.5, 'rate_high': 36.0}.[0m
2021-04-20 22:01:59.093492: I tensorflow/compiler/jit/xla_gpu_device.cc:99] Not creating XLA devices, tf_xla_enable_xla_devices not set
maxFreq at 10nA: 998.0
2021-04-20 22:02:34.335404: I tensorflow/compiler/jit/xla_gpu_device.cc:99] Not creating XLA devices, tf_xla_enable_xla_devices not set
2021-04-20 22:02:57.503312: I tensorflow/compiler/jit/xla_gpu_device.cc:99] Not creating XLA devices, tf_xla_enable_xla_devices not set
mse and spike frequency: 0.09995 0.0
[32m[I 2021-04-20 22:03:19,884][0m Trial 150 finished with values: [0.09995, 0.0] with parameters: {'Vahp': -26.5, 'Vth': -46.0, 'Vmax': 18.5, 't_ref': 11.0, 'R': 0.1, 'tau_m': 174.0, 'R_adp': 0.8, 'tau_w': 183.5, 'a': 428.5, 'rate_low': 21.0, 'rate_high': 46.5}.[0m
2021-04-20 22:03:20.561385: I tensorflow/compiler/jit/xla_gpu_device.cc:99] Not creating XLA devices, tf_xla_enable_xla_devices not set
maxFreq at 10nA: 1000.0
2021-04-20 22:03:56.691770: I tensorflow/compiler/jit/xla_gpu_device.cc:99] Not creating XLA devices, tf_xla_enable_xla_devices not set
2021-04-20 22:04:20.215337: I tensorflow/compiler/jit/xla_gpu_device.cc:99] Not creating XLA devices, tf_xla_enable_xla_devices not set
mse and spike frequency: 0.09995 0.0
[32m[I 2021-04-20 22:04:42,692][0m Trial 151 finished with values: [0.09995, 0.0] with parameters: {'Vahp': -29.5, 'Vth': -50.5, 'Vmax': 19.0, 't_ref': 9.5, 'R': 0.4, 'tau_m': 313.5, 'R_adp': 0.7000000000000001, 'tau_w': 473.0, 'a': 315.0, 'rate_low': 44.0, 'rate_high': 44.5}.[0m
2021-04-20 22:04:43.409283: I tensorflow/compiler/jit/xla_gpu_device.cc:99] Not creating XLA devices, tf_xla_enable_xla_devices not set
maxFreq at 10nA: 99.0
2021-04-20 22:05:19.254721: I tensorflow/compiler/jit/xla_gpu_device.cc:99] Not creating XLA devices, tf_xla_enable_xla_devices not set
2021-04-20 22:05:42.519913: I tensorflow/compiler/jit/xla_gpu_device.cc:99] Not creating XLA devices, tf_xla_enable_xla_devices not set
mse and spike frequency: 1.56445 10.93
[32m[I 2021-04-20 22:06:05,628][0m Trial 152 finished with values: [1.56445, 10.93] with parameters: {'Vahp': -48.5, 'Vth': -21.0, 'Vmax': 24.5, 't_ref': 3.5, 'R': 0.9, 'tau_m': 231.0, 'R_adp': 1.0, 'tau_w': 319.5, 'a': 315.0, 'rate_low': 31.5, 'rate_high': 44.5}.[0m
2021-04-20 22:06:06.366787: I tensorflow/compiler/jit/xla_gpu_device.cc:99] Not creating XLA devices, tf_xla_enable_xla_devices not set
maxFreq at 10nA: 1000.0
2021-04-20 22:06:42.703905: I tensorflow/compiler/jit/xla_gpu_device.cc:99] Not creating XLA devices, tf_xla_enable_xla_devices not set
2021-04-20 22:07:06.923756: I tensorflow/compiler/jit/xla_gpu_device.cc:99] Not creating XLA devices, tf_xla_enable_xla_devices not set
mse and spike frequency: 0.09995 0.0
[32m[I 2021-04-20 22:07:29,549][0m Trial 153 finished with values: [0.09995, 0.0] with parameters: {'Vahp': -49.0, 'Vth': -57.0, 'Vmax': 22.0, 't_ref': 18.0, 'R': 1.0, 'tau_m': 440.5, 'R_adp': 0.30000000000000004, 'tau_w': 59.5, 'a': 410.5, 'rate_low': 32.5, 'rate_high': 36.0}.[0m
2021-04-20 22:07:30.274900: I tensorflow/compiler/jit/xla_gpu_device.cc:99] Not creating XLA devices, tf_xla_enable_xla_devices not set
maxFreq at 10nA: 31.0
2021-04-20 22:08:06.488797: I tensorflow/compiler/jit/xla_gpu_device.cc:99] Not creating XLA devices, tf_xla_enable_xla_devices not set
2021-04-20 22:08:31.049753: I tensorflow/compiler/jit/xla_gpu_device.cc:99] Not creating XLA devices, tf_xla_enable_xla_devices not set
mse and spike frequency: 0.07444 1.05
[32m[I 2021-04-20 22:08:54,842][0m Trial 154 finished with values: [0.07444, 1.05] with parameters: {'Vahp': -29.0, 'Vth': -25.0, 'Vmax': 18.5, 't_ref': 2.5, 'R': 0.30000000000000004, 'tau_m': 245.0, 'R_adp': 0.9, 'tau_w': 304.5, 'a': 450.0, 'rate_low': 30.5, 'rate_high': 32.0}.[0m
2021-04-20 22:08:55.611825: I tensorflow/compiler/jit/xla_gpu_device.cc:99] Not creating XLA devices, tf_xla_enable_xla_devices not set
maxFreq at 10nA: 1000.0
2021-04-20 22:09:31.715090: I tensorflow/compiler/jit/xla_gpu_device.cc:99] Not creating XLA devices, tf_xla_enable_xla_devices not set
2021-04-20 22:09:56.199813: I tensorflow/compiler/jit/xla_gpu_device.cc:99] Not creating XLA devices, tf_xla_enable_xla_devices not set
mse and spike frequency: 0.09995 0.0
[32m[I 2021-04-20 22:10:19,886][0m Trial 155 finished with values: [0.09995, 0.0] with parameters: {'Vahp': -39.5, 'Vth': -50.5, 'Vmax': 22.0, 't_ref': 13.0, 'R': 0.4, 'tau_m': 440.5, 'R_adp': 0.30000000000000004, 'tau_w': 59.5, 'a': 315.0, 'rate_low': 32.5, 'rate_high': 36.0}.[0m
2021-04-20 22:10:20.627657: I tensorflow/compiler/jit/xla_gpu_device.cc:99] Not creating XLA devices, tf_xla_enable_xla_devices not set
maxFreq at 10nA: 1000.0
2021-04-20 22:10:57.143507: I tensorflow/compiler/jit/xla_gpu_device.cc:99] Not creating XLA devices, tf_xla_enable_xla_devices not set
2021-04-20 22:11:21.975107: I tensorflow/compiler/jit/xla_gpu_device.cc:99] Not creating XLA devices, tf_xla_enable_xla_devices not set
mse and spike frequency: 0.09995 0.0
[32m[I 2021-04-20 22:11:45,684][0m Trial 156 finished with values: [0.09995, 0.0] with parameters: {'Vahp': -29.0, 'Vth': -57.0, 'Vmax': 17.5, 't_ref': 19.0, 'R': 0.1, 'tau_m': 471.5, 'R_adp': 0.8, 'tau_w': 102.0, 'a': 321.5, 'rate_low': 20.0, 'rate_high': 43.5}.[0m
2021-04-20 22:11:46.396094: I tensorflow/compiler/jit/xla_gpu_device.cc:99] Not creating XLA devices, tf_xla_enable_xla_devices not set
maxFreq at 10nA: 71.0
2021-04-20 22:12:23.181170: I tensorflow/compiler/jit/xla_gpu_device.cc:99] Not creating XLA devices, tf_xla_enable_xla_devices not set
2021-04-20 22:12:47.706550: I tensorflow/compiler/jit/xla_gpu_device.cc:99] Not creating XLA devices, tf_xla_enable_xla_devices not set
mse and spike frequency: 0.25025 2.93
[32m[I 2021-04-20 22:13:11,604][0m Trial 157 finished with values: [0.25025, 2.93] with parameters: {'Vahp': -58.5, 'Vth': -41.5, 'Vmax': 36.0, 't_ref': 9.5, 'R': 0.5, 'tau_m': 313.5, 'R_adp': 0.8, 'tau_w': 319.5, 'a': 247.5, 'rate_low': 13.5, 'rate_high': 44.5}.[0m
2021-04-20 22:13:12.286138: I tensorflow/compiler/jit/xla_gpu_device.cc:99] Not creating XLA devices, tf_xla_enable_xla_devices not set
maxFreq at 10nA: 28.0
2021-04-20 22:13:49.022109: I tensorflow/compiler/jit/xla_gpu_device.cc:99] Not creating XLA devices, tf_xla_enable_xla_devices not set
2021-04-20 22:14:13.600816: I tensorflow/compiler/jit/xla_gpu_device.cc:99] Not creating XLA devices, tf_xla_enable_xla_devices not set
mse and spike frequency: 0.0599 0.43
[32m[I 2021-04-20 22:14:38,093][0m Trial 158 finished with values: [0.0599, 0.43] with parameters: {'Vahp': -51.0, 'Vth': -22.0, 'Vmax': 24.5, 't_ref': 5.0, 'R': 0.1, 'tau_m': 283.5, 'R_adp': 0.8, 'tau_w': 473.0, 'a': 99.5, 'rate_low': 36.5, 'rate_high': 44.0}.[0m
2021-04-20 22:14:38.824932: I tensorflow/compiler/jit/xla_gpu_device.cc:99] Not creating XLA devices, tf_xla_enable_xla_devices not set
maxFreq at 10nA: 1000.0
2021-04-20 22:15:15.322343: I tensorflow/compiler/jit/xla_gpu_device.cc:99] Not creating XLA devices, tf_xla_enable_xla_devices not set
2021-04-20 22:15:40.002542: I tensorflow/compiler/jit/xla_gpu_device.cc:99] Not creating XLA devices, tf_xla_enable_xla_devices not set
mse and spike frequency: 0.09995 0.0
[32m[I 2021-04-20 22:16:04,067][0m Trial 159 finished with values: [0.09995, 0.0] with parameters: {'Vahp': -21.0, 'Vth': -43.0, 'Vmax': 18.5, 't_ref': 2.5, 'R': 0.30000000000000004, 'tau_m': 124.5, 'R_adp': 0.7000000000000001, 'tau_w': 309.5, 'a': 45.0, 'rate_low': 31.5, 'rate_high': 47.5}.[0m
2021-04-20 22:16:04.758041: I tensorflow/compiler/jit/xla_gpu_device.cc:99] Not creating XLA devices, tf_xla_enable_xla_devices not set
maxFreq at 10nA: 1000.0
2021-04-20 22:16:41.780050: I tensorflow/compiler/jit/xla_gpu_device.cc:99] Not creating XLA devices, tf_xla_enable_xla_devices not set
2021-04-20 22:17:06.845601: I tensorflow/compiler/jit/xla_gpu_device.cc:99] Not creating XLA devices, tf_xla_enable_xla_devices not set
mse and spike frequency: 0.09995 0.0
[32m[I 2021-04-20 22:17:30,537][0m Trial 160 finished with values: [0.09995, 0.0] with parameters: {'Vahp': -39.5, 'Vth': -56.0, 'Vmax': 38.5, 't_ref': 13.0, 'R': 0.5, 'tau_m': 179.5, 'R_adp': 0.1, 'tau_w': 259.5, 'a': 248.5, 'rate_low': 35.5, 'rate_high': 44.5}.[0m
2021-04-20 22:17:31.237654: I tensorflow/compiler/jit/xla_gpu_device.cc:99] Not creating XLA devices, tf_xla_enable_xla_devices not set
maxFreq at 10nA: 1000.0
2021-04-20 22:18:08.247967: I tensorflow/compiler/jit/xla_gpu_device.cc:99] Not creating XLA devices, tf_xla_enable_xla_devices not set
2021-04-20 22:18:33.298813: I tensorflow/compiler/jit/xla_gpu_device.cc:99] Not creating XLA devices, tf_xla_enable_xla_devices not set
mse and spike frequency: 0.09995 0.0
[32m[I 2021-04-20 22:18:57,979][0m Trial 161 finished with values: [0.09995, 0.0] with parameters: {'Vahp': -45.0, 'Vth': -56.0, 'Vmax': 36.5, 't_ref': 3.5, 'R': 0.5, 'tau_m': 446.0, 'R_adp': 1.0, 'tau_w': 437.5, 'a': 410.5, 'rate_low': 10.0, 'rate_high': 43.5}.[0m
2021-04-20 22:18:58.684154: I tensorflow/compiler/jit/xla_gpu_device.cc:99] Not creating XLA devices, tf_xla_enable_xla_devices not set
maxFreq at 10nA: 50.0
2021-04-20 22:19:35.368853: I tensorflow/compiler/jit/xla_gpu_device.cc:99] Not creating XLA devices, tf_xla_enable_xla_devices not set
2021-04-20 22:20:00.467090: I tensorflow/compiler/jit/xla_gpu_device.cc:99] Not creating XLA devices, tf_xla_enable_xla_devices not set
mse and spike frequency: 0.11926 8.64
[32m[I 2021-04-20 22:20:25,442][0m Trial 162 finished with values: [0.11926, 8.64] with parameters: {'Vahp': -37.5, 'Vth': -37.5, 'Vmax': 32.5, 't_ref': 19.0, 'R': 0.30000000000000004, 'tau_m': 179.5, 'R_adp': 1.0, 'tau_w': 248.5, 'a': 54.5, 'rate_low': 30.5, 'rate_high': 46.5}.[0m
2021-04-20 22:20:26.132278: I tensorflow/compiler/jit/xla_gpu_device.cc:99] Not creating XLA devices, tf_xla_enable_xla_devices not set
maxFreq at 10nA: 1000.0
2021-04-20 22:21:03.014973: I tensorflow/compiler/jit/xla_gpu_device.cc:99] Not creating XLA devices, tf_xla_enable_xla_devices not set
2021-04-20 22:21:28.835801: I tensorflow/compiler/jit/xla_gpu_device.cc:99] Not creating XLA devices, tf_xla_enable_xla_devices not set
mse and spike frequency: 0.09995 0.0
[32m[I 2021-04-20 22:21:53,411][0m Trial 163 finished with values: [0.09995, 0.0] with parameters: {'Vahp': -46.0, 'Vth': -56.0, 'Vmax': 38.5, 't_ref': 12.5, 'R': 0.5, 'tau_m': 289.0, 'R_adp': 0.4, 'tau_w': 454.0, 'a': 195.0, 'rate_low': 41.5, 'rate_high': 46.5}.[0m
2021-04-20 22:21:54.107986: I tensorflow/compiler/jit/xla_gpu_device.cc:99] Not creating XLA devices, tf_xla_enable_xla_devices not set
maxFreq at 10nA: 1000.0
2021-04-20 22:22:30.656721: I tensorflow/compiler/jit/xla_gpu_device.cc:99] Not creating XLA devices, tf_xla_enable_xla_devices not set
2021-04-20 22:22:56.703182: I tensorflow/compiler/jit/xla_gpu_device.cc:99] Not creating XLA devices, tf_xla_enable_xla_devices not set
mse and spike frequency: 0.09995 0.0
[32m[I 2021-04-20 22:23:21,988][0m Trial 164 finished with values: [0.09995, 0.0] with parameters: {'Vahp': -44.5, 'Vth': -57.0, 'Vmax': 18.0, 't_ref': 3.5, 'R': 1.0, 'tau_m': 440.5, 'R_adp': 0.8, 'tau_w': 59.5, 'a': 134.5, 'rate_low': 12.5, 'rate_high': 36.0}.[0m
2021-04-20 22:23:22.706255: I tensorflow/compiler/jit/xla_gpu_device.cc:99] Not creating XLA devices, tf_xla_enable_xla_devices not set
maxFreq at 10nA: 35.0
2021-04-20 22:24:00.385855: I tensorflow/compiler/jit/xla_gpu_device.cc:99] Not creating XLA devices, tf_xla_enable_xla_devices not set
2021-04-20 22:24:26.710742: I tensorflow/compiler/jit/xla_gpu_device.cc:99] Not creating XLA devices, tf_xla_enable_xla_devices not set
mse and spike frequency: 0.03959 0.85
[32m[I 2021-04-20 22:24:52,870][0m Trial 165 finished with values: [0.03959, 0.85] with parameters: {'Vahp': -39.5, 'Vth': -22.0, 'Vmax': 11.5, 't_ref': 13.0, 'R': 0.1, 'tau_m': 464.0, 'R_adp': 0.8, 'tau_w': 188.0, 'a': 99.5, 'rate_low': 36.5, 'rate_high': 44.5}.[0m
2021-04-20 22:24:53.567034: I tensorflow/compiler/jit/xla_gpu_device.cc:99] Not creating XLA devices, tf_xla_enable_xla_devices not set
maxFreq at 10nA: 1000.0
2021-04-20 22:25:31.391386: I tensorflow/compiler/jit/xla_gpu_device.cc:99] Not creating XLA devices, tf_xla_enable_xla_devices not set
2021-04-20 22:25:57.809794: I tensorflow/compiler/jit/xla_gpu_device.cc:99] Not creating XLA devices, tf_xla_enable_xla_devices not set
mse and spike frequency: 0.09995 0.0
[32m[I 2021-04-20 22:26:23,351][0m Trial 166 finished with values: [0.09995, 0.0] with parameters: {'Vahp': -29.5, 'Vth': -51.5, 'Vmax': 35.5, 't_ref': 11.5, 'R': 0.5, 'tau_m': 319.5, 'R_adp': 0.8, 'tau_w': 382.5, 'a': 134.5, 'rate_low': 13.5, 'rate_high': 36.5}.[0m
2021-04-20 22:26:24.063156: I tensorflow/compiler/jit/xla_gpu_device.cc:99] Not creating XLA devices, tf_xla_enable_xla_devices not set
maxFreq at 10nA: 996.0
2021-04-20 22:27:01.690002: I tensorflow/compiler/jit/xla_gpu_device.cc:99] Not creating XLA devices, tf_xla_enable_xla_devices not set
2021-04-20 22:27:28.499774: I tensorflow/compiler/jit/xla_gpu_device.cc:99] Not creating XLA devices, tf_xla_enable_xla_devices not set
mse and spike frequency: 0.09995 0.0
[32m[I 2021-04-20 22:27:53,715][0m Trial 167 finished with values: [0.09995, 0.0] with parameters: {'Vahp': -25.0, 'Vth': -45.5, 'Vmax': 22.0, 't_ref': 3.5, 'R': 0.1, 'tau_m': 309.5, 'R_adp': 0.30000000000000004, 'tau_w': 59.5, 'a': 410.5, 'rate_low': 32.5, 'rate_high': 36.0}.[0m
2021-04-20 22:27:54.442490: I tensorflow/compiler/jit/xla_gpu_device.cc:99] Not creating XLA devices, tf_xla_enable_xla_devices not set
maxFreq at 10nA: 167.0
2021-04-20 22:28:31.840643: I tensorflow/compiler/jit/xla_gpu_device.cc:99] Not creating XLA devices, tf_xla_enable_xla_devices not set
2021-04-20 22:28:57.408585: I tensorflow/compiler/jit/xla_gpu_device.cc:99] Not creating XLA devices, tf_xla_enable_xla_devices not set
mse and spike frequency: 0.00239 13.18
[32m[I 2021-04-20 22:29:23,151][0m Trial 168 finished with values: [0.00239, 13.18] with parameters: {'Vahp': -37.5, 'Vth': -21.5, 'Vmax': 22.0, 't_ref': 3.5, 'R': 0.5, 'tau_m': 444.0, 'R_adp': 0.8, 'tau_w': 19.0, 'a': 151.0, 'rate_low': 30.5, 'rate_high': 39.0}.[0m
2021-04-20 22:29:23.864801: I tensorflow/compiler/jit/xla_gpu_device.cc:99] Not creating XLA devices, tf_xla_enable_xla_devices not set
maxFreq at 10nA: 100.0
2021-04-20 22:30:02.894204: I tensorflow/compiler/jit/xla_gpu_device.cc:99] Not creating XLA devices, tf_xla_enable_xla_devices not set
2021-04-20 22:30:29.428287: I tensorflow/compiler/jit/xla_gpu_device.cc:99] Not creating XLA devices, tf_xla_enable_xla_devices not set
mse and spike frequency: 0.00676 8.64
[32m[I 2021-04-20 22:30:55,244][0m Trial 169 finished with values: [0.00676, 8.64] with parameters: {'Vahp': -44.5, 'Vth': -43.0, 'Vmax': 35.5, 't_ref': 9.0, 'R': 0.5, 'tau_m': 309.5, 'R_adp': 0.9, 'tau_w': 68.0, 'a': 371.0, 'rate_low': 37.5, 'rate_high': 49.0}.[0m
2021-04-20 22:30:55.938244: I tensorflow/compiler/jit/xla_gpu_device.cc:99] Not creating XLA devices, tf_xla_enable_xla_devices not set
maxFreq at 10nA: 167.0
2021-04-20 22:31:34.249912: I tensorflow/compiler/jit/xla_gpu_device.cc:99] Not creating XLA devices, tf_xla_enable_xla_devices not set
2021-04-20 22:32:01.248426: I tensorflow/compiler/jit/xla_gpu_device.cc:99] Not creating XLA devices, tf_xla_enable_xla_devices not set
mse and spike frequency: 0.00803 6.18
[32m[I 2021-04-20 22:32:28,013][0m Trial 170 finished with values: [0.00803, 6.18] with parameters: {'Vahp': -47.0, 'Vth': -21.5, 'Vmax': 18.0, 't_ref': 3.5, 'R': 0.5, 'tau_m': 210.0, 'R_adp': 0.1, 'tau_w': 188.0, 'a': 151.0, 'rate_low': 16.0, 'rate_high': 12.0}.[0m
2021-04-20 22:32:28.725331: I tensorflow/compiler/jit/xla_gpu_device.cc:99] Not creating XLA devices, tf_xla_enable_xla_devices not set
maxFreq at 10nA: 996.0
2021-04-20 22:33:07.453501: I tensorflow/compiler/jit/xla_gpu_device.cc:99] Not creating XLA devices, tf_xla_enable_xla_devices not set
2021-04-20 22:33:34.302411: I tensorflow/compiler/jit/xla_gpu_device.cc:99] Not creating XLA devices, tf_xla_enable_xla_devices not set
mse and spike frequency: 0.09995 0.0
