[32m[I 2021-04-20 22:01:17,586][0m Trial 151 finished with values: [0.09995, 0.0] with parameters: {'Vahp': -35.0, 'Vth': -54.0, 'Vmax': 36.5, 't_ref': 6.5, 'R': 0.9, 'tau_m': 133.5, 'rate_low': 35.0, 'rate_high': 41.0}.[0m
2021-04-20 22:01:18.276570: I tensorflow/compiler/jit/xla_gpu_device.cc:99] Not creating XLA devices, tf_xla_enable_xla_devices not set
maxFreq at 10nA: 999.0
2021-04-20 22:01:52.527506: I tensorflow/compiler/jit/xla_gpu_device.cc:99] Not creating XLA devices, tf_xla_enable_xla_devices not set
2021-04-20 22:02:17.616846: I tensorflow/compiler/jit/xla_gpu_device.cc:99] Not creating XLA devices, tf_xla_enable_xla_devices not set
mse and spike frequency: 0.09995 0.0
[32m[I 2021-04-20 22:02:41,400][0m Trial 152 finished with values: [0.09995, 0.0] with parameters: {'Vahp': -30.0, 'Vth': -35.5, 'Vmax': 36.5, 't_ref': 13.0, 'R': 0.5, 'tau_m': 432.0, 'rate_low': 10.0, 'rate_high': 34.0}.[0m
2021-04-20 22:02:42.078608: I tensorflow/compiler/jit/xla_gpu_device.cc:99] Not creating XLA devices, tf_xla_enable_xla_devices not set
maxFreq at 10nA: 77.0
2021-04-20 22:03:16.548950: I tensorflow/compiler/jit/xla_gpu_device.cc:99] Not creating XLA devices, tf_xla_enable_xla_devices not set
2021-04-20 22:03:41.369695: I tensorflow/compiler/jit/xla_gpu_device.cc:99] Not creating XLA devices, tf_xla_enable_xla_devices not set
mse and spike frequency: 0.01284 32.51
[32m[I 2021-04-20 22:04:05,505][0m Trial 153 finished with values: [0.01284, 32.51] with parameters: {'Vahp': -47.5, 'Vth': -47.0, 'Vmax': 29.5, 't_ref': 11.5, 'R': 0.1, 'tau_m': 106.5, 'rate_low': 44.5, 'rate_high': 43.5}.[0m
2021-04-20 22:04:06.203307: I tensorflow/compiler/jit/xla_gpu_device.cc:99] Not creating XLA devices, tf_xla_enable_xla_devices not set
maxFreq at 10nA: 1000.0
2021-04-20 22:04:41.317497: I tensorflow/compiler/jit/xla_gpu_device.cc:99] Not creating XLA devices, tf_xla_enable_xla_devices not set
2021-04-20 22:05:06.555913: I tensorflow/compiler/jit/xla_gpu_device.cc:99] Not creating XLA devices, tf_xla_enable_xla_devices not set
mse and spike frequency: 0.09995 0.0
[32m[I 2021-04-20 22:05:30,245][0m Trial 154 finished with values: [0.09995, 0.0] with parameters: {'Vahp': -28.0, 'Vth': -54.5, 'Vmax': 39.0, 't_ref': 13.0, 'R': 0.9, 'tau_m': 440.5, 'rate_low': 17.5, 'rate_high': 25.0}.[0m
2021-04-20 22:05:30.941965: I tensorflow/compiler/jit/xla_gpu_device.cc:99] Not creating XLA devices, tf_xla_enable_xla_devices not set
maxFreq at 10nA: 1000.0
2021-04-20 22:06:05.028615: I tensorflow/compiler/jit/xla_gpu_device.cc:99] Not creating XLA devices, tf_xla_enable_xla_devices not set
2021-04-20 22:06:29.494830: I tensorflow/compiler/jit/xla_gpu_device.cc:99] Not creating XLA devices, tf_xla_enable_xla_devices not set
mse and spike frequency: 0.09995 0.0
[32m[I 2021-04-20 22:06:53,136][0m Trial 155 finished with values: [0.09995, 0.0] with parameters: {'Vahp': -56.0, 'Vth': -57.0, 'Vmax': 34.0, 't_ref': 17.0, 'R': 0.5, 'tau_m': 92.0, 'rate_low': 1.5, 'rate_high': 41.5}.[0m
2021-04-20 22:06:53.817594: I tensorflow/compiler/jit/xla_gpu_device.cc:99] Not creating XLA devices, tf_xla_enable_xla_devices not set
maxFreq at 10nA: 72.0
2021-04-20 22:07:28.050100: I tensorflow/compiler/jit/xla_gpu_device.cc:99] Not creating XLA devices, tf_xla_enable_xla_devices not set
2021-04-20 22:07:53.001730: I tensorflow/compiler/jit/xla_gpu_device.cc:99] Not creating XLA devices, tf_xla_enable_xla_devices not set
mse and spike frequency: 0.00922 8.1
[32m[I 2021-04-20 22:08:17,372][0m Trial 156 finished with values: [0.00922, 8.1] with parameters: {'Vahp': -36.0, 'Vth': -35.5, 'Vmax': 38.5, 't_ref': 13.0, 'R': 0.5, 'tau_m': 313.0, 'rate_low': 32.5, 'rate_high': 43.5}.[0m
2021-04-20 22:08:18.108336: I tensorflow/compiler/jit/xla_gpu_device.cc:99] Not creating XLA devices, tf_xla_enable_xla_devices not set
maxFreq at 10nA: 1000.0
2021-04-20 22:08:53.209849: I tensorflow/compiler/jit/xla_gpu_device.cc:99] Not creating XLA devices, tf_xla_enable_xla_devices not set
2021-04-20 22:09:18.690310: I tensorflow/compiler/jit/xla_gpu_device.cc:99] Not creating XLA devices, tf_xla_enable_xla_devices not set
mse and spike frequency: 0.09995 0.0
[32m[I 2021-04-20 22:09:42,466][0m Trial 157 finished with values: [0.09995, 0.0] with parameters: {'Vahp': -20.5, 'Vth': -24.5, 'Vmax': 10.0, 't_ref': 17.0, 'R': 1.0, 'tau_m': 104.5, 'rate_low': 21.0, 'rate_high': 32.0}.[0m
2021-04-20 22:09:43.228796: I tensorflow/compiler/jit/xla_gpu_device.cc:99] Not creating XLA devices, tf_xla_enable_xla_devices not set
maxFreq at 10nA: 48.0
2021-04-20 22:10:18.042775: I tensorflow/compiler/jit/xla_gpu_device.cc:99] Not creating XLA devices, tf_xla_enable_xla_devices not set
2021-04-20 22:10:43.507329: I tensorflow/compiler/jit/xla_gpu_device.cc:99] Not creating XLA devices, tf_xla_enable_xla_devices not set
mse and spike frequency: 0.00757 16.31
[32m[I 2021-04-20 22:11:07,978][0m Trial 158 finished with values: [0.00757, 16.31] with parameters: {'Vahp': -44.5, 'Vth': -29.5, 'Vmax': 26.5, 't_ref': 20.0, 'R': 0.30000000000000004, 'tau_m': 106.5, 'rate_low': 44.5, 'rate_high': 43.5}.[0m
2021-04-20 22:11:08.698607: I tensorflow/compiler/jit/xla_gpu_device.cc:99] Not creating XLA devices, tf_xla_enable_xla_devices not set
maxFreq at 10nA: 1000.0
2021-04-20 22:11:44.407149: I tensorflow/compiler/jit/xla_gpu_device.cc:99] Not creating XLA devices, tf_xla_enable_xla_devices not set
2021-04-20 22:12:10.109855: I tensorflow/compiler/jit/xla_gpu_device.cc:99] Not creating XLA devices, tf_xla_enable_xla_devices not set
mse and spike frequency: 0.09995 0.0
[32m[I 2021-04-20 22:12:34,423][0m Trial 159 finished with values: [0.09995, 0.0] with parameters: {'Vahp': -32.0, 'Vth': -52.5, 'Vmax': 22.0, 't_ref': 11.0, 'R': 0.6, 'tau_m': 260.5, 'rate_low': 6.5, 'rate_high': 22.0}.[0m
2021-04-20 22:12:35.163451: I tensorflow/compiler/jit/xla_gpu_device.cc:99] Not creating XLA devices, tf_xla_enable_xla_devices not set
maxFreq at 10nA: 56.0
2021-04-20 22:13:11.158620: I tensorflow/compiler/jit/xla_gpu_device.cc:99] Not creating XLA devices, tf_xla_enable_xla_devices not set
2021-04-20 22:13:36.490204: I tensorflow/compiler/jit/xla_gpu_device.cc:99] Not creating XLA devices, tf_xla_enable_xla_devices not set
mse and spike frequency: 0.00704 17.43
[32m[I 2021-04-20 22:14:00,870][0m Trial 160 finished with values: [0.00704, 17.43] with parameters: {'Vahp': -47.5, 'Vth': -41.0, 'Vmax': 38.5, 't_ref': 16.5, 'R': 0.5, 'tau_m': 111.5, 'rate_low': 11.5, 'rate_high': 36.0}.[0m
2021-04-20 22:14:01.619460: I tensorflow/compiler/jit/xla_gpu_device.cc:99] Not creating XLA devices, tf_xla_enable_xla_devices not set
maxFreq at 10nA: 67.0
2021-04-20 22:14:37.863678: I tensorflow/compiler/jit/xla_gpu_device.cc:99] Not creating XLA devices, tf_xla_enable_xla_devices not set
2021-04-20 22:15:03.658032: I tensorflow/compiler/jit/xla_gpu_device.cc:99] Not creating XLA devices, tf_xla_enable_xla_devices not set
mse and spike frequency: 0.01035 4.32
[32m[I 2021-04-20 22:15:27,730][0m Trial 161 finished with values: [0.01035, 4.32] with parameters: {'Vahp': -54.5, 'Vth': -24.0, 'Vmax': 10.0, 't_ref': 11.0, 'R': 0.30000000000000004, 'tau_m': 382.0, 'rate_low': 21.0, 'rate_high': 32.0}.[0m
2021-04-20 22:15:28.437528: I tensorflow/compiler/jit/xla_gpu_device.cc:99] Not creating XLA devices, tf_xla_enable_xla_devices not set
maxFreq at 10nA: 84.0
2021-04-20 22:16:04.669405: I tensorflow/compiler/jit/xla_gpu_device.cc:99] Not creating XLA devices, tf_xla_enable_xla_devices not set
2021-04-20 22:16:30.278625: I tensorflow/compiler/jit/xla_gpu_device.cc:99] Not creating XLA devices, tf_xla_enable_xla_devices not set
mse and spike frequency: 0.00377 16.66
[32m[I 2021-04-20 22:16:54,307][0m Trial 162 finished with values: [0.00377, 16.66] with parameters: {'Vahp': -47.5, 'Vth': -43.0, 'Vmax': 20.5, 't_ref': 11.0, 'R': 0.2, 'tau_m': 397.0, 'rate_low': 34.5, 'rate_high': 42.0}.[0m
2021-04-20 22:16:55.018881: I tensorflow/compiler/jit/xla_gpu_device.cc:99] Not creating XLA devices, tf_xla_enable_xla_devices not set
maxFreq at 10nA: 59.0
2021-04-20 22:17:31.202334: I tensorflow/compiler/jit/xla_gpu_device.cc:99] Not creating XLA devices, tf_xla_enable_xla_devices not set
2021-04-20 22:17:56.861510: I tensorflow/compiler/jit/xla_gpu_device.cc:99] Not creating XLA devices, tf_xla_enable_xla_devices not set
mse and spike frequency: 0.00512 10.0
[32m[I 2021-04-20 22:18:20,979][0m Trial 163 finished with values: [0.00512, 10.0] with parameters: {'Vahp': -59.5, 'Vth': -50.5, 'Vmax': 35.0, 't_ref': 15.0, 'R': 0.1, 'tau_m': 171.0, 'rate_low': 23.0, 'rate_high': 38.0}.[0m
2021-04-20 22:18:21.681984: I tensorflow/compiler/jit/xla_gpu_device.cc:99] Not creating XLA devices, tf_xla_enable_xla_devices not set
maxFreq at 10nA: 67.0
2021-04-20 22:18:57.695780: I tensorflow/compiler/jit/xla_gpu_device.cc:99] Not creating XLA devices, tf_xla_enable_xla_devices not set
2021-04-20 22:19:23.230097: I tensorflow/compiler/jit/xla_gpu_device.cc:99] Not creating XLA devices, tf_xla_enable_xla_devices not set
mse and spike frequency: 0.00895 23.57
[32m[I 2021-04-20 22:19:47,766][0m Trial 164 finished with values: [0.00895, 23.57] with parameters: {'Vahp': -28.5, 'Vth': -21.5, 'Vmax': 28.0, 't_ref': 14.0, 'R': 0.6, 'tau_m': 134.5, 'rate_low': 25.0, 'rate_high': 44.0}.[0m
2021-04-20 22:19:48.510880: I tensorflow/compiler/jit/xla_gpu_device.cc:99] Not creating XLA devices, tf_xla_enable_xla_devices not set
maxFreq at 10nA: 56.0
2021-04-20 22:20:25.112254: I tensorflow/compiler/jit/xla_gpu_device.cc:99] Not creating XLA devices, tf_xla_enable_xla_devices not set
2021-04-20 22:20:50.310794: I tensorflow/compiler/jit/xla_gpu_device.cc:99] Not creating XLA devices, tf_xla_enable_xla_devices not set
mse and spike frequency: 0.00964 21.5
[32m[I 2021-04-20 22:21:14,592][0m Trial 165 finished with values: [0.00964, 21.5] with parameters: {'Vahp': -28.5, 'Vth': -26.0, 'Vmax': 25.0, 't_ref': 16.5, 'R': 0.4, 'tau_m': 192.0, 'rate_low': 29.5, 'rate_high': 40.5}.[0m
2021-04-20 22:21:15.303698: I tensorflow/compiler/jit/xla_gpu_device.cc:99] Not creating XLA devices, tf_xla_enable_xla_devices not set
maxFreq at 10nA: 1000.0
2021-04-20 22:21:52.232195: I tensorflow/compiler/jit/xla_gpu_device.cc:99] Not creating XLA devices, tf_xla_enable_xla_devices not set
2021-04-20 22:22:18.161057: I tensorflow/compiler/jit/xla_gpu_device.cc:99] Not creating XLA devices, tf_xla_enable_xla_devices not set
mse and spike frequency: 0.09995 0.0
[32m[I 2021-04-20 22:22:42,812][0m Trial 166 finished with values: [0.09995, 0.0] with parameters: {'Vahp': -43.0, 'Vth': -52.5, 'Vmax': 30.5, 't_ref': 9.5, 'R': 0.2, 'tau_m': 133.5, 'rate_low': 25.0, 'rate_high': 49.0}.[0m
2021-04-20 22:22:43.555351: I tensorflow/compiler/jit/xla_gpu_device.cc:99] Not creating XLA devices, tf_xla_enable_xla_devices not set
maxFreq at 10nA: 1000.0
2021-04-20 22:23:20.192706: I tensorflow/compiler/jit/xla_gpu_device.cc:99] Not creating XLA devices, tf_xla_enable_xla_devices not set
2021-04-20 22:23:46.894717: I tensorflow/compiler/jit/xla_gpu_device.cc:99] Not creating XLA devices, tf_xla_enable_xla_devices not set
mse and spike frequency: 0.09995 0.0
[32m[I 2021-04-20 22:24:12,245][0m Trial 167 finished with values: [0.09995, 0.0] with parameters: {'Vahp': -46.0, 'Vth': -58.0, 'Vmax': 11.0, 't_ref': 11.0, 'R': 0.1, 'tau_m': 94.0, 'rate_low': 1.5, 'rate_high': 35.0}.[0m
2021-04-20 22:24:12.966222: I tensorflow/compiler/jit/xla_gpu_device.cc:99] Not creating XLA devices, tf_xla_enable_xla_devices not set
maxFreq at 10nA: 1000.0
2021-04-20 22:24:50.289679: I tensorflow/compiler/jit/xla_gpu_device.cc:99] Not creating XLA devices, tf_xla_enable_xla_devices not set
2021-04-20 22:25:17.320376: I tensorflow/compiler/jit/xla_gpu_device.cc:99] Not creating XLA devices, tf_xla_enable_xla_devices not set
mse and spike frequency: 0.09995 0.0
[32m[I 2021-04-20 22:25:43,011][0m Trial 168 finished with values: [0.09995, 0.0] with parameters: {'Vahp': -32.0, 'Vth': -52.5, 'Vmax': 34.0, 't_ref': 17.0, 'R': 0.30000000000000004, 'tau_m': 260.5, 'rate_low': 39.5, 'rate_high': 22.0}.[0m
2021-04-20 22:25:43.734882: I tensorflow/compiler/jit/xla_gpu_device.cc:99] Not creating XLA devices, tf_xla_enable_xla_devices not set
maxFreq at 10nA: 91.0
2021-04-20 22:26:20.895718: I tensorflow/compiler/jit/xla_gpu_device.cc:99] Not creating XLA devices, tf_xla_enable_xla_devices not set
2021-04-20 22:26:48.140672: I tensorflow/compiler/jit/xla_gpu_device.cc:99] Not creating XLA devices, tf_xla_enable_xla_devices not set
mse and spike frequency: 0.00415 20.4
[32m[I 2021-04-20 22:27:13,679][0m Trial 169 finished with values: [0.00415, 20.4] with parameters: {'Vahp': -59.5, 'Vth': -52.5, 'Vmax': 14.0, 't_ref': 10.0, 'R': 0.4, 'tau_m': 232.0, 'rate_low': 13.5, 'rate_high': 44.0}.[0m
2021-04-20 22:27:14.459890: I tensorflow/compiler/jit/xla_gpu_device.cc:99] Not creating XLA devices, tf_xla_enable_xla_devices not set
maxFreq at 10nA: 72.0
2021-04-20 22:27:52.264882: I tensorflow/compiler/jit/xla_gpu_device.cc:99] Not creating XLA devices, tf_xla_enable_xla_devices not set
2021-04-20 22:28:19.598860: I tensorflow/compiler/jit/xla_gpu_device.cc:99] Not creating XLA devices, tf_xla_enable_xla_devices not set
mse and spike frequency: 0.09995 0.0
[32m[I 2021-04-20 22:28:45,114][0m Trial 170 finished with values: [0.09995, 0.0] with parameters: {'Vahp': -28.0, 'Vth': -28.0, 'Vmax': 21.0, 't_ref': 13.0, 'R': 0.1, 'tau_m': 133.5, 'rate_low': 17.5, 'rate_high': 41.0}.[0m
2021-04-20 22:28:45.850264: I tensorflow/compiler/jit/xla_gpu_device.cc:99] Not creating XLA devices, tf_xla_enable_xla_devices not set
maxFreq at 10nA: 500.0
2021-04-20 22:29:23.147826: I tensorflow/compiler/jit/xla_gpu_device.cc:99] Not creating XLA devices, tf_xla_enable_xla_devices not set
2021-04-20 22:29:50.022360: I tensorflow/compiler/jit/xla_gpu_device.cc:99] Not creating XLA devices, tf_xla_enable_xla_devices not set
mse and spike frequency: 0.00139 30.46
[32m[I 2021-04-20 22:30:15,124][0m Trial 171 finished with values: [0.00139, 30.46] with parameters: {'Vahp': -59.0, 'Vth': -38.0, 'Vmax': 35.0, 't_ref': 1.0, 'R': 1.0, 'tau_m': 381.5, 'rate_low': 34.0, 'rate_high': 26.0}.[0m
2021-04-20 22:30:15.854170: I tensorflow/compiler/jit/xla_gpu_device.cc:99] Not creating XLA devices, tf_xla_enable_xla_devices not set
maxFreq at 10nA: 1000.0
2021-04-20 22:30:52.724273: I tensorflow/compiler/jit/xla_gpu_device.cc:99] Not creating XLA devices, tf_xla_enable_xla_devices not set
2021-04-20 22:31:19.690627: I tensorflow/compiler/jit/xla_gpu_device.cc:99] Not creating XLA devices, tf_xla_enable_xla_devices not set
mse and spike frequency: 0.09995 0.0
[32m[I 2021-04-20 22:31:44,926][0m Trial 172 finished with values: [0.09995, 0.0] with parameters: {'Vahp': -56.0, 'Vth': -57.0, 'Vmax': 24.5, 't_ref': 11.5, 'R': 0.7000000000000001, 'tau_m': 98.5, 'rate_low': 44.5, 'rate_high': 48.0}.[0m
2021-04-20 22:31:45.666873: I tensorflow/compiler/jit/xla_gpu_device.cc:99] Not creating XLA devices, tf_xla_enable_xla_devices not set
maxFreq at 10nA: 999.0
2021-04-20 22:32:22.874199: I tensorflow/compiler/jit/xla_gpu_device.cc:99] Not creating XLA devices, tf_xla_enable_xla_devices not set
2021-04-20 22:32:50.169458: I tensorflow/compiler/jit/xla_gpu_device.cc:99] Not creating XLA devices, tf_xla_enable_xla_devices not set
mse and spike frequency: 0.09995 0.0
[32m[I 2021-04-20 22:33:15,307][0m Trial 173 finished with values: [0.09995, 0.0] with parameters: {'Vahp': -26.5, 'Vth': -46.0, 'Vmax': 28.5, 't_ref': 6.0, 'R': 0.30000000000000004, 'tau_m': 456.5, 'rate_low': 19.0, 'rate_high': 48.0}.[0m
2021-04-20 22:33:16.035489: I tensorflow/compiler/jit/xla_gpu_device.cc:99] Not creating XLA devices, tf_xla_enable_xla_devices not set
maxFreq at 10nA: 56.0
2021-04-20 22:33:52.860279: I tensorflow/compiler/jit/xla_gpu_device.cc:99] Not creating XLA devices, tf_xla_enable_xla_devices not set
2021-04-20 22:34:21.312941: I tensorflow/compiler/jit/xla_gpu_device.cc:99] Not creating XLA devices, tf_xla_enable_xla_devices not set
mse and spike frequency: 0.09996 2.22
[32m[I 2021-04-20 22:34:47,227][0m Trial 174 finished with values: [0.09996, 2.22] with parameters: {'Vahp': -47.5, 'Vth': -47.0, 'Vmax': 38.5, 't_ref': 17.0, 'R': 1.0, 'tau_m': 414.0, 'rate_low': 39.5, 'rate_high': 26.5}.[0m
2021-04-20 22:34:47.956901: I tensorflow/compiler/jit/xla_gpu_device.cc:99] Not creating XLA devices, tf_xla_enable_xla_devices not set
maxFreq at 10nA: 72.0
2021-04-20 22:35:25.631981: I tensorflow/compiler/jit/xla_gpu_device.cc:99] Not creating XLA devices, tf_xla_enable_xla_devices not set
2021-04-20 22:35:54.181317: I tensorflow/compiler/jit/xla_gpu_device.cc:99] Not creating XLA devices, tf_xla_enable_xla_devices not set
mse and spike frequency: 0.00977 27.23
[32m[I 2021-04-20 22:36:20,824][0m Trial 175 finished with values: [0.00977, 27.23] with parameters: {'Vahp': -28.5, 'Vth': -24.0, 'Vmax': 38.5, 't_ref': 13.0, 'R': 0.30000000000000004, 'tau_m': 106.5, 'rate_low': 42.5, 'rate_high': 43.5}.[0m
2021-04-20 22:36:21.554801: I tensorflow/compiler/jit/xla_gpu_device.cc:99] Not creating XLA devices, tf_xla_enable_xla_devices not set
maxFreq at 10nA: 1000.0
2021-04-20 22:36:59.435278: I tensorflow/compiler/jit/xla_gpu_device.cc:99] Not creating XLA devices, tf_xla_enable_xla_devices not set
2021-04-20 22:37:28.697021: I tensorflow/compiler/jit/xla_gpu_device.cc:99] Not creating XLA devices, tf_xla_enable_xla_devices not set
mse and spike frequency: 0.09995 0.0
[32m[I 2021-04-20 22:37:55,489][0m Trial 176 finished with values: [0.09995, 0.0] with parameters: {'Vahp': -25.5, 'Vth': -35.5, 'Vmax': 39.5, 't_ref': 19.5, 'R': 0.5, 'tau_m': 133.5, 'rate_low': 42.0, 'rate_high': 24.5}.[0m
2021-04-20 22:37:56.232013: I tensorflow/compiler/jit/xla_gpu_device.cc:99] Not creating XLA devices, tf_xla_enable_xla_devices not set
maxFreq at 10nA: 1000.0
2021-04-20 22:38:35.243999: I tensorflow/compiler/jit/xla_gpu_device.cc:99] Not creating XLA devices, tf_xla_enable_xla_devices not set
2021-04-20 22:39:03.098382: I tensorflow/compiler/jit/xla_gpu_device.cc:99] Not creating XLA devices, tf_xla_enable_xla_devices not set
mse and spike frequency: 0.09995 0.0
[32m[I 2021-04-20 22:39:29,856][0m Trial 177 finished with values: [0.09995, 0.0] with parameters: {'Vahp': -26.5, 'Vth': -46.0, 'Vmax': 28.0, 't_ref': 8.0, 'R': 0.7000000000000001, 'tau_m': 106.5, 'rate_low': 19.0, 'rate_high': 48.0}.[0m
2021-04-20 22:39:30.613463: I tensorflow/compiler/jit/xla_gpu_device.cc:99] Not creating XLA devices, tf_xla_enable_xla_devices not set
maxFreq at 10nA: 56.0
2021-04-20 22:40:08.729469: I tensorflow/compiler/jit/xla_gpu_device.cc:99] Not creating XLA devices, tf_xla_enable_xla_devices not set
2021-04-20 22:40:36.694034: I tensorflow/compiler/jit/xla_gpu_device.cc:99] Not creating XLA devices, tf_xla_enable_xla_devices not set
mse and spike frequency: 0.0124 23.23
[32m[I 2021-04-20 22:41:04,404][0m Trial 178 finished with values: [0.0124, 23.23] with parameters: {'Vahp': -59.5, 'Vth': -43.0, 'Vmax': 26.5, 't_ref': 17.0, 'R': 1.0, 'tau_m': 106.5, 'rate_low': 31.5, 'rate_high': 38.0}.[0m
2021-04-20 22:41:05.144778: I tensorflow/compiler/jit/xla_gpu_device.cc:99] Not creating XLA devices, tf_xla_enable_xla_devices not set
maxFreq at 10nA: 1000.0
2021-04-20 22:41:43.952680: I tensorflow/compiler/jit/xla_gpu_device.cc:99] Not creating XLA devices, tf_xla_enable_xla_devices not set
2021-04-20 22:42:12.032111: I tensorflow/compiler/jit/xla_gpu_device.cc:99] Not creating XLA devices, tf_xla_enable_xla_devices not set
mse and spike frequency: 0.09995 0.0
[32m[I 2021-04-20 22:42:39,266][0m Trial 179 finished with values: [0.09995, 0.0] with parameters: {'Vahp': -28.0, 'Vth': -58.0, 'Vmax': 28.5, 't_ref': 13.0, 'R': 0.9, 'tau_m': 94.0, 'rate_low': 1.5, 'rate_high': 41.5}.[0m
2021-04-20 22:42:40.058284: I tensorflow/compiler/jit/xla_gpu_device.cc:99] Not creating XLA devices, tf_xla_enable_xla_devices not set
maxFreq at 10nA: 167.0
2021-04-20 22:43:19.388533: I tensorflow/compiler/jit/xla_gpu_device.cc:99] Not creating XLA devices, tf_xla_enable_xla_devices not set
2021-04-20 22:43:47.543743: I tensorflow/compiler/jit/xla_gpu_device.cc:99] Not creating XLA devices, tf_xla_enable_xla_devices not set
mse and spike frequency: 0.09995 0.0
[32m[I 2021-04-20 22:44:14,753][0m Trial 180 finished with values: [0.09995, 0.0] with parameters: {'Vahp': -59.5, 'Vth': -52.5, 'Vmax': 13.5, 't_ref': 5.0, 'R': 0.4, 'tau_m': 8.5, 'rate_low': 25.0, 'rate_high': 38.0}.[0m
2021-04-20 22:44:15.499375: I tensorflow/compiler/jit/xla_gpu_device.cc:99] Not creating XLA devices, tf_xla_enable_xla_devices not set
maxFreq at 10nA: 999.0
2021-04-20 22:44:53.994377: I tensorflow/compiler/jit/xla_gpu_device.cc:99] Not creating XLA devices, tf_xla_enable_xla_devices not set
2021-04-20 22:45:22.100433: I tensorflow/compiler/jit/xla_gpu_device.cc:99] Not creating XLA devices, tf_xla_enable_xla_devices not set
mse and spike frequency: 0.09995 0.0
[32m[I 2021-04-20 22:45:50,109][0m Trial 181 finished with values: [0.09995, 0.0] with parameters: {'Vahp': -39.5, 'Vth': -47.0, 'Vmax': 13.5, 't_ref': 13.0, 'R': 0.30000000000000004, 'tau_m': 313.0, 'rate_low': 32.5, 'rate_high': 38.0}.[0m
2021-04-20 22:45:50.980331: I tensorflow/compiler/jit/xla_gpu_device.cc:99] Not creating XLA devices, tf_xla_enable_xla_devices not set
maxFreq at 10nA: 1000.0
2021-04-20 22:46:29.681144: I tensorflow/compiler/jit/xla_gpu_device.cc:99] Not creating XLA devices, tf_xla_enable_xla_devices not set
2021-04-20 22:46:58.554000: I tensorflow/compiler/jit/xla_gpu_device.cc:99] Not creating XLA devices, tf_xla_enable_xla_devices not set
mse and spike frequency: 0.09995 0.0
