2021-04-20 19:46:08.589696: I tensorflow/stream_executor/platform/default/dso_loader.cc:49] Successfully opened dynamic library libcudart.so.11.0
Build finished in 0:00:01.                                                      
Simulation finished in 0:00:01.                                                 
[32m[I 2021-04-20 19:46:11,687][0m A new study created in memory with name: no-name-94bb8c6f-593e-4c9e-8140-8de9366fcfa1[0m
2021-04-20 19:46:11.907546: I tensorflow/compiler/jit/xla_cpu_device.cc:41] Not creating XLA devices, tf_xla_enable_xla_devices not set
2021-04-20 19:46:11.908554: I tensorflow/stream_executor/platform/default/dso_loader.cc:49] Successfully opened dynamic library libcuda.so.1
2021-04-20 19:46:12.959909: E tensorflow/stream_executor/cuda/cuda_driver.cc:328] failed call to cuInit: CUDA_ERROR_NO_DEVICE: no CUDA-capable device is detected
2021-04-20 19:46:12.959988: I tensorflow/stream_executor/cuda/cuda_diagnostics.cc:169] retrieving CUDA diagnostic information for host: comparch-t640
2021-04-20 19:46:12.959999: I tensorflow/stream_executor/cuda/cuda_diagnostics.cc:176] hostname: comparch-t640
2021-04-20 19:46:12.960163: I tensorflow/stream_executor/cuda/cuda_diagnostics.cc:200] libcuda reported version is: 450.66.0
2021-04-20 19:46:12.960203: I tensorflow/stream_executor/cuda/cuda_diagnostics.cc:204] kernel reported version is: 450.66.0
2021-04-20 19:46:12.960212: I tensorflow/stream_executor/cuda/cuda_diagnostics.cc:310] kernel version seems to match DSO: 450.66.0
2021-04-20 19:46:12.960585: I tensorflow/core/platform/cpu_feature_guard.cc:142] This TensorFlow binary is optimized with oneAPI Deep Neural Network Library (oneDNN) to use the following CPU instructions in performance-critical operations:  AVX2 AVX512F FMA
To enable them in other operations, rebuild TensorFlow with the appropriate compiler flags.
2021-04-20 19:46:12.962409: I tensorflow/compiler/jit/xla_gpu_device.cc:99] Not creating XLA devices, tf_xla_enable_xla_devices not set
2021-04-20 19:46:12.972620: I tensorflow/compiler/mlir/mlir_graph_optimization_pass.cc:196] None of the MLIR optimization passes are enabled (registered 0 passes)
2021-04-20 19:46:12.995927: I tensorflow/core/platform/profile_utils/cpu_utils.cc:112] CPU Frequency: 2100000000 Hz
maxFreq at 10nA: 143.0
2021-04-20 19:46:31.369744: I tensorflow/compiler/jit/xla_gpu_device.cc:99] Not creating XLA devices, tf_xla_enable_xla_devices not set
2021-04-20 19:46:37.300378: I tensorflow/compiler/jit/xla_gpu_device.cc:99] Not creating XLA devices, tf_xla_enable_xla_devices not set
mse and spike frequency: 0.00671 8.12
[32m[I 2021-04-20 19:46:42,276][0m Trial 0 finished with values: [0.00671, 8.12] with parameters: {'Vahp': -47.0, 'Vth': -41.5, 'Vmax': 30.5, 't_ref': 5.0, 'R': 0.2, 'tau_m': 333.5, 'R_adp': 0.5, 'tau_w': 101.5, 'a': 144.0, 'rate_low': 39.0, 'rate_high': 47.0}.[0m
2021-04-20 19:46:42.686574: I tensorflow/compiler/jit/xla_gpu_device.cc:99] Not creating XLA devices, tf_xla_enable_xla_devices not set
maxFreq at 10nA: 167.0
2021-04-20 19:47:01.354769: I tensorflow/compiler/jit/xla_gpu_device.cc:99] Not creating XLA devices, tf_xla_enable_xla_devices not set
2021-04-20 19:47:07.147301: I tensorflow/compiler/jit/xla_gpu_device.cc:99] Not creating XLA devices, tf_xla_enable_xla_devices not set
mse and spike frequency: 0.0053 9.14
[32m[I 2021-04-20 19:47:12,280][0m Trial 1 finished with values: [0.0053, 9.14] with parameters: {'Vahp': -43.5, 'Vth': -21.5, 'Vmax': 18.0, 't_ref': 3.0, 'R': 0.1, 'tau_m': 85.0, 'R_adp': 0.1, 'tau_w': 19.0, 'a': 460.0, 'rate_low': 41.5, 'rate_high': 44.0}.[0m
2021-04-20 19:47:12.629909: I tensorflow/compiler/jit/xla_gpu_device.cc:99] Not creating XLA devices, tf_xla_enable_xla_devices not set
maxFreq at 10nA: 158.0
2021-04-20 19:47:31.419858: I tensorflow/compiler/jit/xla_gpu_device.cc:99] Not creating XLA devices, tf_xla_enable_xla_devices not set
2021-04-20 19:47:37.459968: I tensorflow/compiler/jit/xla_gpu_device.cc:99] Not creating XLA devices, tf_xla_enable_xla_devices not set
mse and spike frequency: 0.03509 1.1
[32m[I 2021-04-20 19:47:42,639][0m Trial 2 finished with values: [0.03509, 1.1] with parameters: {'Vahp': -31.0, 'Vth': -25.0, 'Vmax': 18.5, 't_ref': 2.5, 'R': 0.30000000000000004, 'tau_m': 245.0, 'R_adp': 0.9, 'tau_w': 124.5, 'a': 149.0, 'rate_low': 4.5, 'rate_high': 32.0}.[0m
2021-04-20 19:47:43.031115: I tensorflow/compiler/jit/xla_gpu_device.cc:99] Not creating XLA devices, tf_xla_enable_xla_devices not set
maxFreq at 10nA: 125.0
2021-04-20 19:48:01.553057: I tensorflow/compiler/jit/xla_gpu_device.cc:99] Not creating XLA devices, tf_xla_enable_xla_devices not set
2021-04-20 19:48:07.679150: I tensorflow/compiler/jit/xla_gpu_device.cc:99] Not creating XLA devices, tf_xla_enable_xla_devices not set
mse and spike frequency: 1.41203 15.08
[32m[I 2021-04-20 19:48:13,005][0m Trial 3 finished with values: [1.41203, 15.08] with parameters: {'Vahp': -41.5, 'Vth': -27.0, 'Vmax': 29.5, 't_ref': 4.0, 'R': 0.6, 'tau_m': 177.5, 'R_adp': 0.6, 'tau_w': 377.0, 'a': 243.0, 'rate_low': 45.5, 'rate_high': 46.5}.[0m
2021-04-20 19:48:13.409326: I tensorflow/compiler/jit/xla_gpu_device.cc:99] Not creating XLA devices, tf_xla_enable_xla_devices not set
maxFreq at 10nA: 998.0
2021-04-20 19:48:32.342841: I tensorflow/compiler/jit/xla_gpu_device.cc:99] Not creating XLA devices, tf_xla_enable_xla_devices not set
2021-04-20 19:48:38.504676: I tensorflow/compiler/jit/xla_gpu_device.cc:99] Not creating XLA devices, tf_xla_enable_xla_devices not set
mse and spike frequency: 0.09995 0.0
[32m[I 2021-04-20 19:48:43,817][0m Trial 4 finished with values: [0.09995, 0.0] with parameters: {'Vahp': -26.5, 'Vth': -46.0, 'Vmax': 18.5, 't_ref': 11.0, 'R': 0.1, 'tau_m': 174.0, 'R_adp': 0.8, 'tau_w': 214.5, 'a': 428.5, 'rate_low': 21.0, 'rate_high': 46.5}.[0m
2021-04-20 19:48:44.191738: I tensorflow/compiler/jit/xla_gpu_device.cc:99] Not creating XLA devices, tf_xla_enable_xla_devices not set
maxFreq at 10nA: 77.0
2021-04-20 19:49:02.919177: I tensorflow/compiler/jit/xla_gpu_device.cc:99] Not creating XLA devices, tf_xla_enable_xla_devices not set
2021-04-20 19:49:09.325085: I tensorflow/compiler/jit/xla_gpu_device.cc:99] Not creating XLA devices, tf_xla_enable_xla_devices not set
mse and spike frequency: 0.0241 7.44
[32m[I 2021-04-20 19:49:14,809][0m Trial 5 finished with values: [0.0241, 7.44] with parameters: {'Vahp': -49.5, 'Vth': -34.0, 'Vmax': 17.5, 't_ref': 11.5, 'R': 0.6, 'tau_m': 323.5, 'R_adp': 0.1, 'tau_w': 240.5, 'a': 473.0, 'rate_low': 14.0, 'rate_high': 48.5}.[0m
2021-04-20 19:49:15.293156: I tensorflow/compiler/jit/xla_gpu_device.cc:99] Not creating XLA devices, tf_xla_enable_xla_devices not set
maxFreq at 10nA: 167.0
2021-04-20 19:49:33.844604: I tensorflow/compiler/jit/xla_gpu_device.cc:99] Not creating XLA devices, tf_xla_enable_xla_devices not set
2021-04-20 19:49:40.148797: I tensorflow/compiler/jit/xla_gpu_device.cc:99] Not creating XLA devices, tf_xla_enable_xla_devices not set
mse and spike frequency: 0.00496 22.73
[32m[I 2021-04-20 19:49:45,779][0m Trial 6 finished with values: [0.00496, 22.73] with parameters: {'Vahp': -53.5, 'Vth': -24.5, 'Vmax': 34.5, 't_ref': 5.0, 'R': 0.8, 'tau_m': 37.0, 'R_adp': 0.8, 'tau_w': 57.5, 'a': 270.5, 'rate_low': 40.5, 'rate_high': 48.0}.[0m
2021-04-20 19:49:46.257452: I tensorflow/compiler/jit/xla_gpu_device.cc:99] Not creating XLA devices, tf_xla_enable_xla_devices not set
maxFreq at 10nA: 200.0
2021-04-20 19:50:04.935502: I tensorflow/compiler/jit/xla_gpu_device.cc:99] Not creating XLA devices, tf_xla_enable_xla_devices not set
2021-04-20 19:50:11.385997: I tensorflow/compiler/jit/xla_gpu_device.cc:99] Not creating XLA devices, tf_xla_enable_xla_devices not set
mse and spike frequency: 0.0173 43.76
[32m[I 2021-04-20 19:50:16,994][0m Trial 7 finished with values: [0.0173, 43.76] with parameters: {'Vahp': -37.0, 'Vth': -36.0, 'Vmax': 16.5, 't_ref': 3.5, 'R': 0.9, 'tau_m': 398.0, 'R_adp': 0.2, 'tau_w': 99.0, 'a': 148.5, 'rate_low': 20.5, 'rate_high': 45.5}.[0m
2021-04-20 19:50:17.412900: I tensorflow/compiler/jit/xla_gpu_device.cc:99] Not creating XLA devices, tf_xla_enable_xla_devices not set
maxFreq at 10nA: 1000.0
2021-04-20 19:50:36.324715: I tensorflow/compiler/jit/xla_gpu_device.cc:99] Not creating XLA devices, tf_xla_enable_xla_devices not set
2021-04-20 19:50:42.967449: I tensorflow/compiler/jit/xla_gpu_device.cc:99] Not creating XLA devices, tf_xla_enable_xla_devices not set
mse and spike frequency: 0.09995 0.0
[32m[I 2021-04-20 19:50:48,895][0m Trial 8 finished with values: [0.09995, 0.0] with parameters: {'Vahp': -39.5, 'Vth': -50.5, 'Vmax': 24.5, 't_ref': 13.0, 'R': 0.4, 'tau_m': 313.5, 'R_adp': 0.7000000000000001, 'tau_w': 473.0, 'a': 315.0, 'rate_low': 44.0, 'rate_high': 44.5}.[0m
2021-04-20 19:50:49.297702: I tensorflow/compiler/jit/xla_gpu_device.cc:99] Not creating XLA devices, tf_xla_enable_xla_devices not set
maxFreq at 10nA: 1000.0
2021-04-20 19:51:07.554135: I tensorflow/compiler/jit/xla_gpu_device.cc:99] Not creating XLA devices, tf_xla_enable_xla_devices not set
2021-04-20 19:51:14.437655: I tensorflow/compiler/jit/xla_gpu_device.cc:99] Not creating XLA devices, tf_xla_enable_xla_devices not set
mse and spike frequency: 0.09995 0.0
[32m[I 2021-04-20 19:51:20,495][0m Trial 9 finished with values: [0.09995, 0.0] with parameters: {'Vahp': -43.5, 'Vth': -57.0, 'Vmax': 12.5, 't_ref': 7.0, 'R': 1.0, 'tau_m': 390.0, 'R_adp': 0.1, 'tau_w': 330.5, 'a': 292.0, 'rate_low': 42.5, 'rate_high': 46.5}.[0m
2021-04-20 19:51:20.901530: I tensorflow/compiler/jit/xla_gpu_device.cc:99] Not creating XLA devices, tf_xla_enable_xla_devices not set
maxFreq at 10nA: 69.0
2021-04-20 19:51:39.647716: I tensorflow/compiler/jit/xla_gpu_device.cc:99] Not creating XLA devices, tf_xla_enable_xla_devices not set
2021-04-20 19:51:46.877085: I tensorflow/compiler/jit/xla_gpu_device.cc:99] Not creating XLA devices, tf_xla_enable_xla_devices not set
mse and spike frequency: 0.19663 5.89
[32m[I 2021-04-20 19:51:53,025][0m Trial 10 finished with values: [0.19663, 5.89] with parameters: {'Vahp': -56.0, 'Vth': -56.0, 'Vmax': 38.5, 't_ref': 12.5, 'R': 0.5, 'tau_m': 179.5, 'R_adp': 1.0, 'tau_w': 437.5, 'a': 195.0, 'rate_low': 10.0, 'rate_high': 46.5}.[0m
2021-04-20 19:51:53.444793: I tensorflow/compiler/jit/xla_gpu_device.cc:99] Not creating XLA devices, tf_xla_enable_xla_devices not set
maxFreq at 10nA: 125.0
2021-04-20 19:52:12.197643: I tensorflow/compiler/jit/xla_gpu_device.cc:99] Not creating XLA devices, tf_xla_enable_xla_devices not set
2021-04-20 19:52:19.309572: I tensorflow/compiler/jit/xla_gpu_device.cc:99] Not creating XLA devices, tf_xla_enable_xla_devices not set
mse and spike frequency: 0.09995 0.01
[32m[I 2021-04-20 19:52:25,641][0m Trial 11 finished with values: [0.09995, 0.01] with parameters: {'Vahp': -48.5, 'Vth': -22.0, 'Vmax': 38.5, 't_ref': 5.0, 'R': 0.1, 'tau_m': 104.5, 'R_adp': 0.8, 'tau_w': 5.5, 'a': 134.0, 'rate_low': 0.5, 'rate_high': 21.5}.[0m
2021-04-20 19:52:26.055443: I tensorflow/compiler/jit/xla_gpu_device.cc:99] Not creating XLA devices, tf_xla_enable_xla_devices not set
maxFreq at 10nA: 1000.0
2021-04-20 19:52:44.846624: I tensorflow/compiler/jit/xla_gpu_device.cc:99] Not creating XLA devices, tf_xla_enable_xla_devices not set
2021-04-20 19:52:52.431692: I tensorflow/compiler/jit/xla_gpu_device.cc:99] Not creating XLA devices, tf_xla_enable_xla_devices not set
mse and spike frequency: 0.09995 0.0
[32m[I 2021-04-20 19:52:58,536][0m Trial 12 finished with values: [0.09995, 0.0] with parameters: {'Vahp': -24.0, 'Vth': -30.5, 'Vmax': 31.5, 't_ref': 18.0, 'R': 0.6, 'tau_m': 82.5, 'R_adp': 0.5, 'tau_w': 138.0, 'a': 332.5, 'rate_low': 27.0, 'rate_high': 48.5}.[0m
2021-04-20 19:52:58.946693: I tensorflow/compiler/jit/xla_gpu_device.cc:99] Not creating XLA devices, tf_xla_enable_xla_devices not set
maxFreq at 10nA: 997.0
2021-04-20 19:53:17.185461: I tensorflow/compiler/jit/xla_gpu_device.cc:99] Not creating XLA devices, tf_xla_enable_xla_devices not set
2021-04-20 19:53:24.983698: I tensorflow/compiler/jit/xla_gpu_device.cc:99] Not creating XLA devices, tf_xla_enable_xla_devices not set
mse and spike frequency: 0.09995 0.0
[32m[I 2021-04-20 19:53:31,244][0m Trial 13 finished with values: [0.09995, 0.0] with parameters: {'Vahp': -29.0, 'Vth': -37.5, 'Vmax': 36.5, 't_ref': 15.0, 'R': 0.30000000000000004, 'tau_m': 471.5, 'R_adp': 1.0, 'tau_w': 414.5, 'a': 436.5, 'rate_low': 30.5, 'rate_high': 43.5}.[0m
2021-04-20 19:53:31.685071: I tensorflow/compiler/jit/xla_gpu_device.cc:99] Not creating XLA devices, tf_xla_enable_xla_devices not set
maxFreq at 10nA: 1000.0
2021-04-20 19:53:50.263667: I tensorflow/compiler/jit/xla_gpu_device.cc:99] Not creating XLA devices, tf_xla_enable_xla_devices not set
2021-04-20 19:53:58.306215: I tensorflow/compiler/jit/xla_gpu_device.cc:99] Not creating XLA devices, tf_xla_enable_xla_devices not set
mse and spike frequency: 0.09995 0.0
[32m[I 2021-04-20 19:54:04,762][0m Trial 14 finished with values: [0.09995, 0.0] with parameters: {'Vahp': -49.0, 'Vth': -57.0, 'Vmax': 22.0, 't_ref': 3.5, 'R': 1.0, 'tau_m': 440.5, 'R_adp': 0.30000000000000004, 'tau_w': 59.5, 'a': 151.0, 'rate_low': 32.5, 'rate_high': 36.0}.[0m
2021-04-20 19:54:05.200479: I tensorflow/compiler/jit/xla_gpu_device.cc:99] Not creating XLA devices, tf_xla_enable_xla_devices not set
maxFreq at 10nA: 121.0
2021-04-20 19:54:24.380949: I tensorflow/compiler/jit/xla_gpu_device.cc:99] Not creating XLA devices, tf_xla_enable_xla_devices not set
2021-04-20 19:54:32.006377: I tensorflow/compiler/jit/xla_gpu_device.cc:99] Not creating XLA devices, tf_xla_enable_xla_devices not set
mse and spike frequency: 6.22305 27.55
[32m[I 2021-04-20 19:54:38,443][0m Trial 15 finished with values: [6.22305, 27.55] with parameters: {'Vahp': -34.0, 'Vth': -20.0, 'Vmax': 28.5, 't_ref': 2.0, 'R': 0.8, 'tau_m': 119.0, 'R_adp': 0.6, 'tau_w': 374.5, 'a': 375.0, 'rate_low': 40.0, 'rate_high': 47.0}.[0m
2021-04-20 19:54:38.859581: I tensorflow/compiler/jit/xla_gpu_device.cc:99] Not creating XLA devices, tf_xla_enable_xla_devices not set
maxFreq at 10nA: 999.0
2021-04-20 19:54:58.017554: I tensorflow/compiler/jit/xla_gpu_device.cc:99] Not creating XLA devices, tf_xla_enable_xla_devices not set
2021-04-20 19:55:05.966168: I tensorflow/compiler/jit/xla_gpu_device.cc:99] Not creating XLA devices, tf_xla_enable_xla_devices not set
mse and spike frequency: 0.09995 0.0
[32m[I 2021-04-20 19:55:12,342][0m Trial 16 finished with values: [0.09995, 0.0] with parameters: {'Vahp': -31.5, 'Vth': -42.0, 'Vmax': 37.0, 't_ref': 1.0, 'R': 0.4, 'tau_m': 289.0, 'R_adp': 0.30000000000000004, 'tau_w': 356.5, 'a': 61.5, 'rate_low': 41.5, 'rate_high': 47.5}.[0m
2021-04-20 19:55:12.715371: I tensorflow/compiler/jit/xla_gpu_device.cc:99] Not creating XLA devices, tf_xla_enable_xla_devices not set
maxFreq at 10nA: 53.0
2021-04-20 19:55:31.513823: I tensorflow/compiler/jit/xla_gpu_device.cc:99] Not creating XLA devices, tf_xla_enable_xla_devices not set
2021-04-20 19:55:39.555046: I tensorflow/compiler/jit/xla_gpu_device.cc:99] Not creating XLA devices, tf_xla_enable_xla_devices not set
mse and spike frequency: 0.03645 19.36
[32m[I 2021-04-20 19:55:46,082][0m Trial 17 finished with values: [0.03645, 19.36] with parameters: {'Vahp': -43.5, 'Vth': -37.5, 'Vmax': 14.0, 't_ref': 17.5, 'R': 1.0, 'tau_m': 123.0, 'R_adp': 0.4, 'tau_w': 201.5, 'a': 162.0, 'rate_low': 42.5, 'rate_high': 44.0}.[0m
2021-04-20 19:55:46.528657: I tensorflow/compiler/jit/xla_gpu_device.cc:99] Not creating XLA devices, tf_xla_enable_xla_devices not set
maxFreq at 10nA: 63.0
2021-04-20 19:56:06.211022: I tensorflow/compiler/jit/xla_gpu_device.cc:99] Not creating XLA devices, tf_xla_enable_xla_devices not set
2021-04-20 19:56:14.359126: I tensorflow/compiler/jit/xla_gpu_device.cc:99] Not creating XLA devices, tf_xla_enable_xla_devices not set
mse and spike frequency: 0.12068 7.11
[32m[I 2021-04-20 19:56:20,786][0m Trial 18 finished with values: [0.12068, 7.11] with parameters: {'Vahp': -46.5, 'Vth': -41.5, 'Vmax': 16.5, 't_ref': 14.5, 'R': 0.9, 'tau_m': 432.0, 'R_adp': 0.4, 'tau_w': 450.5, 'a': 382.0, 'rate_low': 33.5, 'rate_high': 39.5}.[0m
2021-04-20 19:56:21.130179: I tensorflow/compiler/jit/xla_gpu_device.cc:99] Not creating XLA devices, tf_xla_enable_xla_devices not set
maxFreq at 10nA: 77.0
2021-04-20 19:56:40.746809: I tensorflow/compiler/jit/xla_gpu_device.cc:99] Not creating XLA devices, tf_xla_enable_xla_devices not set
2021-04-20 19:56:48.873871: I tensorflow/compiler/jit/xla_gpu_device.cc:99] Not creating XLA devices, tf_xla_enable_xla_devices not set
mse and spike frequency: 0.86269 9.86
[32m[I 2021-04-20 19:56:55,298][0m Trial 19 finished with values: [0.86269, 9.86] with parameters: {'Vahp': -58.5, 'Vth': -28.0, 'Vmax': 39.0, 't_ref': 4.5, 'R': 0.9, 'tau_m': 294.5, 'R_adp': 0.9, 'tau_w': 355.0, 'a': 413.5, 'rate_low': 49.0, 'rate_high': 49.0}.[0m
2021-04-20 19:56:55.834229: I tensorflow/compiler/jit/xla_gpu_device.cc:99] Not creating XLA devices, tf_xla_enable_xla_devices not set
maxFreq at 10nA: 48.0
2021-04-20 19:57:15.503855: I tensorflow/compiler/jit/xla_gpu_device.cc:99] Not creating XLA devices, tf_xla_enable_xla_devices not set
2021-04-20 19:57:23.737222: I tensorflow/compiler/jit/xla_gpu_device.cc:99] Not creating XLA devices, tf_xla_enable_xla_devices not set
mse and spike frequency: 0.01187 6.72
[32m[I 2021-04-20 19:57:30,633][0m Trial 20 finished with values: [0.01187, 6.72] with parameters: {'Vahp': -54.5, 'Vth': -20.5, 'Vmax': 20.5, 't_ref': 17.5, 'R': 0.5, 'tau_m': 309.5, 'R_adp': 0.1, 'tau_w': 424.0, 'a': 475.0, 'rate_low': 48.5, 'rate_high': 49.0}.[0m
2021-04-20 19:57:31.090494: I tensorflow/compiler/jit/xla_gpu_device.cc:99] Not creating XLA devices, tf_xla_enable_xla_devices not set
maxFreq at 10nA: 53.0
2021-04-20 19:57:50.546110: I tensorflow/compiler/jit/xla_gpu_device.cc:99] Not creating XLA devices, tf_xla_enable_xla_devices not set
2021-04-20 19:57:58.558792: I tensorflow/compiler/jit/xla_gpu_device.cc:99] Not creating XLA devices, tf_xla_enable_xla_devices not set
mse and spike frequency: 0.10793 0.48
[32m[I 2021-04-20 19:58:05,664][0m Trial 21 finished with values: [0.10793, 0.48] with parameters: {'Vahp': -33.5, 'Vth': -21.5, 'Vmax': 33.0, 't_ref': 2.0, 'R': 0.1, 'tau_m': 480.5, 'R_adp': 0.2, 'tau_w': 344.5, 'a': 224.0, 'rate_low': 21.5, 'rate_high': 46.5}.[0m
2021-04-20 19:58:06.129473: I tensorflow/compiler/jit/xla_gpu_device.cc:99] Not creating XLA devices, tf_xla_enable_xla_devices not set
maxFreq at 10nA: 1000.0
2021-04-20 19:58:25.597795: I tensorflow/compiler/jit/xla_gpu_device.cc:99] Not creating XLA devices, tf_xla_enable_xla_devices not set
2021-04-20 19:58:33.884032: I tensorflow/compiler/jit/xla_gpu_device.cc:99] Not creating XLA devices, tf_xla_enable_xla_devices not set
mse and spike frequency: 0.09995 0.0
[32m[I 2021-04-20 19:58:41,055][0m Trial 22 finished with values: [0.09995, 0.0] with parameters: {'Vahp': -21.5, 'Vth': -30.0, 'Vmax': 14.0, 't_ref': 18.5, 'R': 0.7000000000000001, 'tau_m': 138.5, 'R_adp': 0.30000000000000004, 'tau_w': 179.5, 'a': 374.0, 'rate_low': 49.0, 'rate_high': 50.0}.[0m
2021-04-20 19:58:41.464235: I tensorflow/compiler/jit/xla_gpu_device.cc:99] Not creating XLA devices, tf_xla_enable_xla_devices not set
maxFreq at 10nA: 1000.0
2021-04-20 19:59:01.235260: I tensorflow/compiler/jit/xla_gpu_device.cc:99] Not creating XLA devices, tf_xla_enable_xla_devices not set
2021-04-20 19:59:09.400125: I tensorflow/compiler/jit/xla_gpu_device.cc:99] Not creating XLA devices, tf_xla_enable_xla_devices not set
mse and spike frequency: 0.09995 0.0
[32m[I 2021-04-20 19:59:16,819][0m Trial 23 finished with values: [0.09995, 0.0] with parameters: {'Vahp': -21.5, 'Vth': -58.0, 'Vmax': 16.0, 't_ref': 6.5, 'R': 1.0, 'tau_m': 17.5, 'R_adp': 0.7000000000000001, 'tau_w': 340.5, 'a': 307.0, 'rate_low': 24.0, 'rate_high': 46.0}.[0m
2021-04-20 19:59:17.203998: I tensorflow/compiler/jit/xla_gpu_device.cc:99] Not creating XLA devices, tf_xla_enable_xla_devices not set
maxFreq at 10nA: 1000.0
2021-04-20 19:59:37.549896: I tensorflow/compiler/jit/xla_gpu_device.cc:99] Not creating XLA devices, tf_xla_enable_xla_devices not set
2021-04-20 19:59:46.020750: I tensorflow/compiler/jit/xla_gpu_device.cc:99] Not creating XLA devices, tf_xla_enable_xla_devices not set
mse and spike frequency: 0.09995 0.0
[32m[I 2021-04-20 19:59:53,684][0m Trial 24 finished with values: [0.09995, 0.0] with parameters: {'Vahp': -21.5, 'Vth': -41.5, 'Vmax': 32.0, 't_ref': 13.5, 'R': 0.4, 'tau_m': 17.0, 'R_adp': 0.9, 'tau_w': 461.0, 'a': 242.5, 'rate_low': 33.0, 'rate_high': 36.0}.[0m
2021-04-20 19:59:54.091520: I tensorflow/compiler/jit/xla_gpu_device.cc:99] Not creating XLA devices, tf_xla_enable_xla_devices not set
maxFreq at 10nA: 1000.0
2021-04-20 20:00:14.327099: I tensorflow/compiler/jit/xla_gpu_device.cc:99] Not creating XLA devices, tf_xla_enable_xla_devices not set
2021-04-20 20:00:23.081841: I tensorflow/compiler/jit/xla_gpu_device.cc:99] Not creating XLA devices, tf_xla_enable_xla_devices not set
mse and spike frequency: 0.09996 1000.1
[32m[I 2021-04-20 20:00:30,936][0m Trial 25 finished with values: [0.09996, 1000.1] with parameters: {'Vahp': -59.0, 'Vth': -59.0, 'Vmax': 33.0, 't_ref': 12.5, 'R': 0.4, 'tau_m': 265.0, 'R_adp': 0.1, 'tau_w': 277.0, 'a': 37.0, 'rate_low': 48.0, 'rate_high': 48.0}.[0m
2021-04-20 20:00:31.333201: I tensorflow/compiler/jit/xla_gpu_device.cc:99] Not creating XLA devices, tf_xla_enable_xla_devices not set
maxFreq at 10nA: 1000.0
2021-04-20 20:00:51.722625: I tensorflow/compiler/jit/xla_gpu_device.cc:99] Not creating XLA devices, tf_xla_enable_xla_devices not set
2021-04-20 20:01:00.615382: I tensorflow/compiler/jit/xla_gpu_device.cc:99] Not creating XLA devices, tf_xla_enable_xla_devices not set
mse and spike frequency: 0.09995 0.0
