[32m[I 2021-04-20 23:39:55,922][0m Trial 213 finished with values: [0.09995, 0.0] with parameters: {'Vahp': -28.5, 'Vth': -49.5, 'Vmax': 14.0, 't_ref': 11.0, 'R': 0.4, 'tau_m': 373.5, 'rate_low': 42.0, 'rate_high': 44.0}.[0m
2021-04-20 23:39:56.762480: I tensorflow/compiler/jit/xla_gpu_device.cc:99] Not creating XLA devices, tf_xla_enable_xla_devices not set
maxFreq at 10nA: 1000.0
2021-04-20 23:40:39.158919: I tensorflow/compiler/jit/xla_gpu_device.cc:99] Not creating XLA devices, tf_xla_enable_xla_devices not set
2021-04-20 23:41:11.894868: I tensorflow/compiler/jit/xla_gpu_device.cc:99] Not creating XLA devices, tf_xla_enable_xla_devices not set
mse and spike frequency: 0.09995 0.0
[32m[I 2021-04-20 23:41:43,969][0m Trial 214 finished with values: [0.09995, 0.0] with parameters: {'Vahp': -32.0, 'Vth': -52.5, 'Vmax': 22.0, 't_ref': 17.0, 'R': 0.30000000000000004, 'tau_m': 260.5, 'rate_low': 6.5, 'rate_high': 22.0}.[0m
2021-04-20 23:41:44.849686: I tensorflow/compiler/jit/xla_gpu_device.cc:99] Not creating XLA devices, tf_xla_enable_xla_devices not set
maxFreq at 10nA: 1000.0
2021-04-20 23:42:27.916927: I tensorflow/compiler/jit/xla_gpu_device.cc:99] Not creating XLA devices, tf_xla_enable_xla_devices not set
2021-04-20 23:43:00.490658: I tensorflow/compiler/jit/xla_gpu_device.cc:99] Not creating XLA devices, tf_xla_enable_xla_devices not set
mse and spike frequency: 0.09995 0.0
[32m[I 2021-04-20 23:43:31,092][0m Trial 215 finished with values: [0.09995, 0.0] with parameters: {'Vahp': -32.0, 'Vth': -52.5, 'Vmax': 24.5, 't_ref': 17.0, 'R': 0.30000000000000004, 'tau_m': 260.5, 'rate_low': 29.5, 'rate_high': 22.0}.[0m
2021-04-20 23:43:31.971995: I tensorflow/compiler/jit/xla_gpu_device.cc:99] Not creating XLA devices, tf_xla_enable_xla_devices not set
maxFreq at 10nA: 1000.0
2021-04-20 23:44:13.498846: I tensorflow/compiler/jit/xla_gpu_device.cc:99] Not creating XLA devices, tf_xla_enable_xla_devices not set
2021-04-20 23:44:45.427212: I tensorflow/compiler/jit/xla_gpu_device.cc:99] Not creating XLA devices, tf_xla_enable_xla_devices not set
mse and spike frequency: 0.09995 0.0
[32m[I 2021-04-20 23:45:16,626][0m Trial 216 finished with values: [0.09995, 0.0] with parameters: {'Vahp': -20.5, 'Vth': -53.0, 'Vmax': 29.0, 't_ref': 10.0, 'R': 1.0, 'tau_m': 106.5, 'rate_low': 26.0, 'rate_high': 28.0}.[0m
2021-04-20 23:45:17.586217: I tensorflow/compiler/jit/xla_gpu_device.cc:99] Not creating XLA devices, tf_xla_enable_xla_devices not set
maxFreq at 10nA: 1000.0
2021-04-20 23:46:00.403503: I tensorflow/compiler/jit/xla_gpu_device.cc:99] Not creating XLA devices, tf_xla_enable_xla_devices not set
2021-04-20 23:46:32.566617: I tensorflow/compiler/jit/xla_gpu_device.cc:99] Not creating XLA devices, tf_xla_enable_xla_devices not set
mse and spike frequency: 0.09995 0.0
[32m[I 2021-04-20 23:47:04,183][0m Trial 217 finished with values: [0.09995, 0.0] with parameters: {'Vahp': -39.5, 'Vth': -52.5, 'Vmax': 13.5, 't_ref': 5.5, 'R': 0.4, 'tau_m': 313.0, 'rate_low': 13.5, 'rate_high': 44.0}.[0m
2021-04-20 23:47:05.110368: I tensorflow/compiler/jit/xla_gpu_device.cc:99] Not creating XLA devices, tf_xla_enable_xla_devices not set
maxFreq at 10nA: 1000.0
2021-04-20 23:47:48.205774: I tensorflow/compiler/jit/xla_gpu_device.cc:99] Not creating XLA devices, tf_xla_enable_xla_devices not set
2021-04-20 23:48:20.110102: I tensorflow/compiler/jit/xla_gpu_device.cc:99] Not creating XLA devices, tf_xla_enable_xla_devices not set
mse and spike frequency: 0.09995 0.0
[32m[I 2021-04-20 23:48:52,162][0m Trial 218 finished with values: [0.09995, 0.0] with parameters: {'Vahp': -37.0, 'Vth': -46.0, 'Vmax': 39.5, 't_ref': 8.0, 'R': 0.7000000000000001, 'tau_m': 432.0, 'rate_low': 19.0, 'rate_high': 48.0}.[0m
2021-04-20 23:48:53.306880: I tensorflow/compiler/jit/xla_gpu_device.cc:99] Not creating XLA devices, tf_xla_enable_xla_devices not set
maxFreq at 10nA: 167.0
2021-04-20 23:49:36.724768: I tensorflow/compiler/jit/xla_gpu_device.cc:99] Not creating XLA devices, tf_xla_enable_xla_devices not set
2021-04-20 23:50:08.513442: I tensorflow/compiler/jit/xla_gpu_device.cc:99] Not creating XLA devices, tf_xla_enable_xla_devices not set
mse and spike frequency: 0.00421 17.19
[32m[I 2021-04-20 23:50:39,580][0m Trial 219 finished with values: [0.00421, 17.19] with parameters: {'Vahp': -47.5, 'Vth': -39.5, 'Vmax': 35.0, 't_ref': 5.0, 'R': 0.9, 'tau_m': 171.0, 'rate_low': 11.5, 'rate_high': 36.0}.[0m
2021-04-20 23:50:40.586907: I tensorflow/compiler/jit/xla_gpu_device.cc:99] Not creating XLA devices, tf_xla_enable_xla_devices not set
maxFreq at 10nA: 167.0
2021-04-20 23:51:23.615216: I tensorflow/compiler/jit/xla_gpu_device.cc:99] Not creating XLA devices, tf_xla_enable_xla_devices not set
2021-04-20 23:51:55.847581: I tensorflow/compiler/jit/xla_gpu_device.cc:99] Not creating XLA devices, tf_xla_enable_xla_devices not set
mse and spike frequency: 0.00394 7.9
[32m[I 2021-04-20 23:52:27,484][0m Trial 220 finished with values: [0.00394, 7.9] with parameters: {'Vahp': -56.0, 'Vth': -46.0, 'Vmax': 39.5, 't_ref': 4.5, 'R': 0.7000000000000001, 'tau_m': 106.5, 'rate_low': 1.5, 'rate_high': 48.0}.[0m
2021-04-20 23:52:28.412817: I tensorflow/compiler/jit/xla_gpu_device.cc:99] Not creating XLA devices, tf_xla_enable_xla_devices not set
maxFreq at 10nA: 1000.0
2021-04-20 23:53:11.897599: I tensorflow/compiler/jit/xla_gpu_device.cc:99] Not creating XLA devices, tf_xla_enable_xla_devices not set
2021-04-20 23:53:44.255396: I tensorflow/compiler/jit/xla_gpu_device.cc:99] Not creating XLA devices, tf_xla_enable_xla_devices not set
mse and spike frequency: 0.09995 0.0
[32m[I 2021-04-20 23:54:16,182][0m Trial 221 finished with values: [0.09995, 0.0] with parameters: {'Vahp': -35.0, 'Vth': -54.0, 'Vmax': 16.0, 't_ref': 6.0, 'R': 0.9, 'tau_m': 133.5, 'rate_low': 19.0, 'rate_high': 22.5}.[0m
2021-04-20 23:54:17.083869: I tensorflow/compiler/jit/xla_gpu_device.cc:99] Not creating XLA devices, tf_xla_enable_xla_devices not set
maxFreq at 10nA: 1000.0
2021-04-20 23:55:01.322746: I tensorflow/compiler/jit/xla_gpu_device.cc:99] Not creating XLA devices, tf_xla_enable_xla_devices not set
2021-04-20 23:55:34.299062: I tensorflow/compiler/jit/xla_gpu_device.cc:99] Not creating XLA devices, tf_xla_enable_xla_devices not set
mse and spike frequency: 0.09995 0.0
[32m[I 2021-04-20 23:56:05,629][0m Trial 222 finished with values: [0.09995, 0.0] with parameters: {'Vahp': -28.5, 'Vth': -48.5, 'Vmax': 39.5, 't_ref': 6.0, 'R': 0.30000000000000004, 'tau_m': 8.5, 'rate_low': 20.0, 'rate_high': 13.0}.[0m
2021-04-20 23:56:06.480972: I tensorflow/compiler/jit/xla_gpu_device.cc:99] Not creating XLA devices, tf_xla_enable_xla_devices not set
maxFreq at 10nA: 1000.0
2021-04-20 23:56:51.357282: I tensorflow/compiler/jit/xla_gpu_device.cc:99] Not creating XLA devices, tf_xla_enable_xla_devices not set
2021-04-20 23:57:24.217621: I tensorflow/compiler/jit/xla_gpu_device.cc:99] Not creating XLA devices, tf_xla_enable_xla_devices not set
mse and spike frequency: 0.09995 0.0
[32m[I 2021-04-20 23:57:55,689][0m Trial 223 finished with values: [0.09995, 0.0] with parameters: {'Vahp': -26.5, 'Vth': -52.5, 'Vmax': 39.5, 't_ref': 5.0, 'R': 0.8, 'tau_m': 211.5, 'rate_low': 25.0, 'rate_high': 25.5}.[0m
2021-04-20 23:57:56.594216: I tensorflow/compiler/jit/xla_gpu_device.cc:99] Not creating XLA devices, tf_xla_enable_xla_devices not set
maxFreq at 10nA: 1000.0
2021-04-20 23:58:40.875802: I tensorflow/compiler/jit/xla_gpu_device.cc:99] Not creating XLA devices, tf_xla_enable_xla_devices not set
2021-04-20 23:59:14.403195: I tensorflow/compiler/jit/xla_gpu_device.cc:99] Not creating XLA devices, tf_xla_enable_xla_devices not set
mse and spike frequency: 0.09995 0.0
[32m[I 2021-04-20 23:59:46,104][0m Trial 224 finished with values: [0.09995, 0.0] with parameters: {'Vahp': -20.5, 'Vth': -47.5, 'Vmax': 10.0, 't_ref': 6.0, 'R': 1.0, 'tau_m': 129.5, 'rate_low': 21.0, 'rate_high': 31.0}.[0m
2021-04-20 23:59:46.974629: I tensorflow/compiler/jit/xla_gpu_device.cc:99] Not creating XLA devices, tf_xla_enable_xla_devices not set
maxFreq at 10nA: 112.0
2021-04-21 00:00:32.091728: I tensorflow/compiler/jit/xla_gpu_device.cc:99] Not creating XLA devices, tf_xla_enable_xla_devices not set
2021-04-21 00:01:05.119782: I tensorflow/compiler/jit/xla_gpu_device.cc:99] Not creating XLA devices, tf_xla_enable_xla_devices not set
mse and spike frequency: 0.09995 0.0
[32m[I 2021-04-21 00:01:36,218][0m Trial 225 finished with values: [0.09995, 0.0] with parameters: {'Vahp': -50.5, 'Vth': -46.0, 'Vmax': 28.5, 't_ref': 8.0, 'R': 0.8, 'tau_m': 27.5, 'rate_low': 36.5, 'rate_high': 42.0}.[0m
2021-04-21 00:01:37.074878: I tensorflow/compiler/jit/xla_gpu_device.cc:99] Not creating XLA devices, tf_xla_enable_xla_devices not set
maxFreq at 10nA: 1000.0
2021-04-21 00:02:21.602687: I tensorflow/compiler/jit/xla_gpu_device.cc:99] Not creating XLA devices, tf_xla_enable_xla_devices not set
2021-04-21 00:02:55.922981: I tensorflow/compiler/jit/xla_gpu_device.cc:99] Not creating XLA devices, tf_xla_enable_xla_devices not set
mse and spike frequency: 0.09995 0.0
[32m[I 2021-04-21 00:03:28,550][0m Trial 226 finished with values: [0.09995, 0.0] with parameters: {'Vahp': -28.5, 'Vth': -52.5, 'Vmax': 15.5, 't_ref': 13.0, 'R': 0.1, 'tau_m': 134.5, 'rate_low': 37.5, 'rate_high': 34.0}.[0m
2021-04-21 00:03:29.420826: I tensorflow/compiler/jit/xla_gpu_device.cc:99] Not creating XLA devices, tf_xla_enable_xla_devices not set
maxFreq at 10nA: 63.0
2021-04-21 00:04:14.750537: I tensorflow/compiler/jit/xla_gpu_device.cc:99] Not creating XLA devices, tf_xla_enable_xla_devices not set
2021-04-21 00:04:48.869934: I tensorflow/compiler/jit/xla_gpu_device.cc:99] Not creating XLA devices, tf_xla_enable_xla_devices not set
mse and spike frequency: 0.00506 8.75
[32m[I 2021-04-21 00:05:21,533][0m Trial 227 finished with values: [0.00506, 8.75] with parameters: {'Vahp': -44.5, 'Vth': -29.5, 'Vmax': 38.5, 't_ref': 13.0, 'R': 0.30000000000000004, 'tau_m': 438.5, 'rate_low': 32.5, 'rate_high': 43.5}.[0m
2021-04-21 00:05:22.396848: I tensorflow/compiler/jit/xla_gpu_device.cc:99] Not creating XLA devices, tf_xla_enable_xla_devices not set
maxFreq at 10nA: 1000.0
2021-04-21 00:06:07.031606: I tensorflow/compiler/jit/xla_gpu_device.cc:99] Not creating XLA devices, tf_xla_enable_xla_devices not set
2021-04-21 00:06:41.456918: I tensorflow/compiler/jit/xla_gpu_device.cc:99] Not creating XLA devices, tf_xla_enable_xla_devices not set
mse and spike frequency: 0.09995 0.0
[32m[I 2021-04-21 00:07:14,784][0m Trial 228 finished with values: [0.09995, 0.0] with parameters: {'Vahp': -20.5, 'Vth': -41.5, 'Vmax': 10.0, 't_ref': 17.0, 'R': 0.30000000000000004, 'tau_m': 104.5, 'rate_low': 28.0, 'rate_high': 32.0}.[0m
2021-04-21 00:07:15.643149: I tensorflow/compiler/jit/xla_gpu_device.cc:99] Not creating XLA devices, tf_xla_enable_xla_devices not set
maxFreq at 10nA: 77.0
2021-04-21 00:08:00.913731: I tensorflow/compiler/jit/xla_gpu_device.cc:99] Not creating XLA devices, tf_xla_enable_xla_devices not set
2021-04-21 00:08:34.996010: I tensorflow/compiler/jit/xla_gpu_device.cc:99] Not creating XLA devices, tf_xla_enable_xla_devices not set
mse and spike frequency: 0.00883 31.52
[32m[I 2021-04-21 00:09:07,978][0m Trial 229 finished with values: [0.00883, 31.52] with parameters: {'Vahp': -56.0, 'Vth': -52.5, 'Vmax': 28.5, 't_ref': 11.5, 'R': 0.5, 'tau_m': 260.5, 'rate_low': 42.0, 'rate_high': 43.5}.[0m
2021-04-21 00:09:08.872049: I tensorflow/compiler/jit/xla_gpu_device.cc:99] Not creating XLA devices, tf_xla_enable_xla_devices not set
maxFreq at 10nA: 72.0
2021-04-21 00:09:54.017426: I tensorflow/compiler/jit/xla_gpu_device.cc:99] Not creating XLA devices, tf_xla_enable_xla_devices not set
2021-04-21 00:10:29.056574: I tensorflow/compiler/jit/xla_gpu_device.cc:99] Not creating XLA devices, tf_xla_enable_xla_devices not set
mse and spike frequency: 0.01222 2.85
[32m[I 2021-04-21 00:11:01,850][0m Trial 230 finished with values: [0.01222, 2.85] with parameters: {'Vahp': -56.0, 'Vth': -24.0, 'Vmax': 18.0, 't_ref': 11.0, 'R': 0.7000000000000001, 'tau_m': 440.5, 'rate_low': 1.5, 'rate_high': 35.0}.[0m
2021-04-21 00:11:02.789883: I tensorflow/compiler/jit/xla_gpu_device.cc:99] Not creating XLA devices, tf_xla_enable_xla_devices not set
maxFreq at 10nA: 45.0
2021-04-21 00:11:47.956356: I tensorflow/compiler/jit/xla_gpu_device.cc:99] Not creating XLA devices, tf_xla_enable_xla_devices not set
2021-04-21 00:12:23.533550: I tensorflow/compiler/jit/xla_gpu_device.cc:99] Not creating XLA devices, tf_xla_enable_xla_devices not set
mse and spike frequency: 0.04302 1.93
[32m[I 2021-04-21 00:12:57,225][0m Trial 231 finished with values: [0.04302, 1.93] with parameters: {'Vahp': -46.0, 'Vth': -25.5, 'Vmax': 22.0, 't_ref': 15.0, 'R': 0.1, 'tau_m': 319.0, 'rate_low': 22.5, 'rate_high': 46.5}.[0m
2021-04-21 00:12:58.158842: I tensorflow/compiler/jit/xla_gpu_device.cc:99] Not creating XLA devices, tf_xla_enable_xla_devices not set
maxFreq at 10nA: 59.0
2021-04-21 00:13:43.553561: I tensorflow/compiler/jit/xla_gpu_device.cc:99] Not creating XLA devices, tf_xla_enable_xla_devices not set
2021-04-21 00:14:19.473618: I tensorflow/compiler/jit/xla_gpu_device.cc:99] Not creating XLA devices, tf_xla_enable_xla_devices not set
mse and spike frequency: 0.09995 0.0
[32m[I 2021-04-21 00:14:53,864][0m Trial 232 finished with values: [0.09995, 0.0] with parameters: {'Vahp': -59.5, 'Vth': -52.5, 'Vmax': 35.0, 't_ref': 16.0, 'R': 0.4, 'tau_m': 8.5, 'rate_low': 25.0, 'rate_high': 46.5}.[0m
2021-04-21 00:14:54.807993: I tensorflow/compiler/jit/xla_gpu_device.cc:99] Not creating XLA devices, tf_xla_enable_xla_devices not set
maxFreq at 10nA: 1000.0
2021-04-21 00:15:40.337531: I tensorflow/compiler/jit/xla_gpu_device.cc:99] Not creating XLA devices, tf_xla_enable_xla_devices not set
2021-04-21 00:16:16.748109: I tensorflow/compiler/jit/xla_gpu_device.cc:99] Not creating XLA devices, tf_xla_enable_xla_devices not set
mse and spike frequency: 0.09995 0.0
[32m[I 2021-04-21 00:16:50,770][0m Trial 233 finished with values: [0.09995, 0.0] with parameters: {'Vahp': -28.0, 'Vth': -55.0, 'Vmax': 13.5, 't_ref': 13.0, 'R': 0.9, 'tau_m': 313.0, 'rate_low': 49.5, 'rate_high': 50.0}.[0m
2021-04-21 00:16:51.679144: I tensorflow/compiler/jit/xla_gpu_device.cc:99] Not creating XLA devices, tf_xla_enable_xla_devices not set
maxFreq at 10nA: 1000.0
2021-04-21 00:17:36.634752: I tensorflow/compiler/jit/xla_gpu_device.cc:99] Not creating XLA devices, tf_xla_enable_xla_devices not set
2021-04-21 00:18:12.673919: I tensorflow/compiler/jit/xla_gpu_device.cc:99] Not creating XLA devices, tf_xla_enable_xla_devices not set
mse and spike frequency: 0.09995 0.0
[32m[I 2021-04-21 00:18:46,853][0m Trial 234 finished with values: [0.09995, 0.0] with parameters: {'Vahp': -35.0, 'Vth': -54.5, 'Vmax': 36.5, 't_ref': 6.5, 'R': 1.0, 'tau_m': 104.5, 'rate_low': 2.0, 'rate_high': 41.0}.[0m
2021-04-21 00:18:47.754855: I tensorflow/compiler/jit/xla_gpu_device.cc:99] Not creating XLA devices, tf_xla_enable_xla_devices not set
maxFreq at 10nA: 53.0
2021-04-21 00:19:33.503284: I tensorflow/compiler/jit/xla_gpu_device.cc:99] Not creating XLA devices, tf_xla_enable_xla_devices not set
2021-04-21 00:20:10.341849: I tensorflow/compiler/jit/xla_gpu_device.cc:99] Not creating XLA devices, tf_xla_enable_xla_devices not set
mse and spike frequency: 0.01087 20.37
[32m[I 2021-04-21 00:20:44,932][0m Trial 235 finished with values: [0.01087, 20.37] with parameters: {'Vahp': -39.5, 'Vth': -38.0, 'Vmax': 39.0, 't_ref': 18.0, 'R': 0.2, 'tau_m': 192.0, 'rate_low': 34.5, 'rate_high': 38.0}.[0m
2021-04-21 00:20:45.844734: I tensorflow/compiler/jit/xla_gpu_device.cc:99] Not creating XLA devices, tf_xla_enable_xla_devices not set
maxFreq at 10nA: 1000.0
2021-04-21 00:21:31.619475: I tensorflow/compiler/jit/xla_gpu_device.cc:99] Not creating XLA devices, tf_xla_enable_xla_devices not set
2021-04-21 00:22:09.187904: I tensorflow/compiler/jit/xla_gpu_device.cc:99] Not creating XLA devices, tf_xla_enable_xla_devices not set
mse and spike frequency: 0.09995 0.0
[32m[I 2021-04-21 00:22:43,089][0m Trial 236 finished with values: [0.09995, 0.0] with parameters: {'Vahp': -20.5, 'Vth': -43.0, 'Vmax': 16.5, 't_ref': 4.0, 'R': 0.4, 'tau_m': 75.0, 'rate_low': 21.0, 'rate_high': 28.0}.[0m
2021-04-21 00:22:44.038080: I tensorflow/compiler/jit/xla_gpu_device.cc:99] Not creating XLA devices, tf_xla_enable_xla_devices not set
maxFreq at 10nA: 999.0
2021-04-21 00:23:29.225240: I tensorflow/compiler/jit/xla_gpu_device.cc:99] Not creating XLA devices, tf_xla_enable_xla_devices not set
2021-04-21 00:24:06.265041: I tensorflow/compiler/jit/xla_gpu_device.cc:99] Not creating XLA devices, tf_xla_enable_xla_devices not set
mse and spike frequency: 0.09995 0.0
[32m[I 2021-04-21 00:24:40,887][0m Trial 237 finished with values: [0.09995, 0.0] with parameters: {'Vahp': -35.0, 'Vth': -35.5, 'Vmax': 36.5, 't_ref': 18.5, 'R': 0.5, 'tau_m': 432.0, 'rate_low': 35.0, 'rate_high': 46.5}.[0m
2021-04-21 00:24:41.801753: I tensorflow/compiler/jit/xla_gpu_device.cc:99] Not creating XLA devices, tf_xla_enable_xla_devices not set
maxFreq at 10nA: 1000.0
2021-04-21 00:25:27.927290: I tensorflow/compiler/jit/xla_gpu_device.cc:99] Not creating XLA devices, tf_xla_enable_xla_devices not set
2021-04-21 00:26:05.633510: I tensorflow/compiler/jit/xla_gpu_device.cc:99] Not creating XLA devices, tf_xla_enable_xla_devices not set
mse and spike frequency: 0.09995 0.0
[32m[I 2021-04-21 00:26:40,737][0m Trial 238 finished with values: [0.09995, 0.0] with parameters: {'Vahp': -27.0, 'Vth': -52.5, 'Vmax': 28.5, 't_ref': 6.0, 'R': 0.7000000000000001, 'tau_m': 133.5, 'rate_low': 35.0, 'rate_high': 13.0}.[0m
2021-04-21 00:26:41.627857: I tensorflow/compiler/jit/xla_gpu_device.cc:99] Not creating XLA devices, tf_xla_enable_xla_devices not set
maxFreq at 10nA: 1000.0
2021-04-21 00:27:27.275641: I tensorflow/compiler/jit/xla_gpu_device.cc:99] Not creating XLA devices, tf_xla_enable_xla_devices not set
2021-04-21 00:28:04.565278: I tensorflow/compiler/jit/xla_gpu_device.cc:99] Not creating XLA devices, tf_xla_enable_xla_devices not set
mse and spike frequency: 0.09995 0.0
[32m[I 2021-04-21 00:28:40,151][0m Trial 239 finished with values: [0.09995, 0.0] with parameters: {'Vahp': -28.0, 'Vth': -38.0, 'Vmax': 35.0, 't_ref': 1.0, 'R': 1.0, 'tau_m': 440.5, 'rate_low': 34.0, 'rate_high': 26.0}.[0m
2021-04-21 00:28:41.032729: I tensorflow/compiler/jit/xla_gpu_device.cc:99] Not creating XLA devices, tf_xla_enable_xla_devices not set
maxFreq at 10nA: 167.0
2021-04-21 00:29:27.572848: I tensorflow/compiler/jit/xla_gpu_device.cc:99] Not creating XLA devices, tf_xla_enable_xla_devices not set
2021-04-21 00:30:04.165636: I tensorflow/compiler/jit/xla_gpu_device.cc:99] Not creating XLA devices, tf_xla_enable_xla_devices not set
mse and spike frequency: 0.00317 49.01
[32m[I 2021-04-21 00:30:39,209][0m Trial 240 finished with values: [0.00317, 49.01] with parameters: {'Vahp': -55.0, 'Vth': -52.5, 'Vmax': 26.5, 't_ref': 5.0, 'R': 0.7000000000000001, 'tau_m': 440.5, 'rate_low': 22.5, 'rate_high': 49.5}.[0m
2021-04-21 00:30:40.076158: I tensorflow/compiler/jit/xla_gpu_device.cc:99] Not creating XLA devices, tf_xla_enable_xla_devices not set
maxFreq at 10nA: 1000.0
2021-04-21 00:31:26.762921: I tensorflow/compiler/jit/xla_gpu_device.cc:99] Not creating XLA devices, tf_xla_enable_xla_devices not set
2021-04-21 00:32:03.443508: I tensorflow/compiler/jit/xla_gpu_device.cc:99] Not creating XLA devices, tf_xla_enable_xla_devices not set
mse and spike frequency: 0.09995 0.0
[32m[I 2021-04-21 00:32:37,437][0m Trial 241 finished with values: [0.09995, 0.0] with parameters: {'Vahp': -28.5, 'Vth': -31.5, 'Vmax': 11.0, 't_ref': 11.0, 'R': 0.30000000000000004, 'tau_m': 94.0, 'rate_low': 20.0, 'rate_high': 35.0}.[0m
2021-04-21 00:32:38.351045: I tensorflow/compiler/jit/xla_gpu_device.cc:99] Not creating XLA devices, tf_xla_enable_xla_devices not set
maxFreq at 10nA: 84.0
2021-04-21 00:33:24.745641: I tensorflow/compiler/jit/xla_gpu_device.cc:99] Not creating XLA devices, tf_xla_enable_xla_devices not set
2021-04-21 00:34:00.824489: I tensorflow/compiler/jit/xla_gpu_device.cc:99] Not creating XLA devices, tf_xla_enable_xla_devices not set
mse and spike frequency: 0.09995 0.0
[32m[I 2021-04-21 00:34:36,674][0m Trial 242 finished with values: [0.09995, 0.0] with parameters: {'Vahp': -52.0, 'Vth': -47.0, 'Vmax': 13.5, 't_ref': 11.0, 'R': 0.4, 'tau_m': 8.5, 'rate_low': 1.5, 'rate_high': 7.5}.[0m
2021-04-21 00:34:37.570834: I tensorflow/compiler/jit/xla_gpu_device.cc:99] Not creating XLA devices, tf_xla_enable_xla_devices not set
maxFreq at 10nA: 91.0
2021-04-21 00:35:25.638851: I tensorflow/compiler/jit/xla_gpu_device.cc:99] Not creating XLA devices, tf_xla_enable_xla_devices not set
2021-04-21 00:36:02.961245: I tensorflow/compiler/jit/xla_gpu_device.cc:99] Not creating XLA devices, tf_xla_enable_xla_devices not set
mse and spike frequency: 0.02817 2.01
[32m[I 2021-04-21 00:36:37,475][0m Trial 243 finished with values: [0.02817, 2.01] with parameters: {'Vahp': -44.5, 'Vth': -29.5, 'Vmax': 26.5, 't_ref': 9.5, 'R': 0.9, 'tau_m': 391.5, 'rate_low': 6.5, 'rate_high': 7.0}.[0m
2021-04-21 00:36:38.398538: I tensorflow/compiler/jit/xla_gpu_device.cc:99] Not creating XLA devices, tf_xla_enable_xla_devices not set
maxFreq at 10nA: 1000.0
2021-04-21 00:37:25.525157: I tensorflow/compiler/jit/xla_gpu_device.cc:99] Not creating XLA devices, tf_xla_enable_xla_devices not set
2021-04-21 00:38:02.399075: I tensorflow/compiler/jit/xla_gpu_device.cc:99] Not creating XLA devices, tf_xla_enable_xla_devices not set
mse and spike frequency: 0.09995 0.0
