[32m[I 2021-04-21 00:12:21,230][0m Trial 229 finished with values: [0.09995, 0.0] with parameters: {'Vahp': -23.0, 'Vth': -48.0, 'Vmax': 34.0, 't_ref': 11.5, 'R': 0.5, 'tau_m': 329.5, 'R_adp': 0.9, 'tau_w': 120.0, 'a': 357.5, 'rate_low': 11.0, 'rate_high': 50.0}.[0m
2021-04-21 00:12:22.305692: I tensorflow/compiler/jit/xla_gpu_device.cc:99] Not creating XLA devices, tf_xla_enable_xla_devices not set
maxFreq at 10nA: 1000.0
2021-04-21 00:13:06.110021: I tensorflow/compiler/jit/xla_gpu_device.cc:99] Not creating XLA devices, tf_xla_enable_xla_devices not set
2021-04-21 00:13:40.806795: I tensorflow/compiler/jit/xla_gpu_device.cc:99] Not creating XLA devices, tf_xla_enable_xla_devices not set
mse and spike frequency: 0.09995 0.0
[32m[I 2021-04-21 00:14:15,017][0m Trial 230 finished with values: [0.09995, 0.0] with parameters: {'Vahp': -46.5, 'Vth': -57.5, 'Vmax': 36.5, 't_ref': 13.5, 'R': 1.0, 'tau_m': 54.5, 'R_adp': 0.2, 'tau_w': 120.0, 'a': 357.5, 'rate_low': 5.5, 'rate_high': 50.0}.[0m
2021-04-21 00:14:15.958100: I tensorflow/compiler/jit/xla_gpu_device.cc:99] Not creating XLA devices, tf_xla_enable_xla_devices not set
maxFreq at 10nA: 1000.0
2021-04-21 00:15:02.103784: I tensorflow/compiler/jit/xla_gpu_device.cc:99] Not creating XLA devices, tf_xla_enable_xla_devices not set
2021-04-21 00:15:37.274199: I tensorflow/compiler/jit/xla_gpu_device.cc:99] Not creating XLA devices, tf_xla_enable_xla_devices not set
mse and spike frequency: 0.09995 0.0
[32m[I 2021-04-21 00:16:11,952][0m Trial 231 finished with values: [0.09995, 0.0] with parameters: {'Vahp': -42.5, 'Vth': -52.0, 'Vmax': 25.0, 't_ref': 15.5, 'R': 0.7000000000000001, 'tau_m': 429.0, 'R_adp': 0.30000000000000004, 'tau_w': 120.0, 'a': 426.5, 'rate_low': 11.0, 'rate_high': 40.0}.[0m
2021-04-21 00:16:12.917454: I tensorflow/compiler/jit/xla_gpu_device.cc:99] Not creating XLA devices, tf_xla_enable_xla_devices not set
maxFreq at 10nA: 1000.0
2021-04-21 00:16:58.498785: I tensorflow/compiler/jit/xla_gpu_device.cc:99] Not creating XLA devices, tf_xla_enable_xla_devices not set
2021-04-21 00:17:33.789121: I tensorflow/compiler/jit/xla_gpu_device.cc:99] Not creating XLA devices, tf_xla_enable_xla_devices not set
mse and spike frequency: 0.09995 0.0
[32m[I 2021-04-21 00:18:08,570][0m Trial 232 finished with values: [0.09995, 0.0] with parameters: {'Vahp': -23.0, 'Vth': -42.5, 'Vmax': 25.5, 't_ref': 6.5, 'R': 1.0, 'tau_m': 143.0, 'R_adp': 1.0, 'tau_w': 298.0, 'a': 95.5, 'rate_low': 35.0, 'rate_high': 49.5}.[0m
2021-04-21 00:18:09.527648: I tensorflow/compiler/jit/xla_gpu_device.cc:99] Not creating XLA devices, tf_xla_enable_xla_devices not set
maxFreq at 10nA: 1000.0
2021-04-21 00:18:55.188921: I tensorflow/compiler/jit/xla_gpu_device.cc:99] Not creating XLA devices, tf_xla_enable_xla_devices not set
2021-04-21 00:19:29.544981: I tensorflow/compiler/jit/xla_gpu_device.cc:99] Not creating XLA devices, tf_xla_enable_xla_devices not set
mse and spike frequency: 0.09995 0.0
[32m[I 2021-04-21 00:20:03,603][0m Trial 233 finished with values: [0.09995, 0.0] with parameters: {'Vahp': -23.0, 'Vth': -42.5, 'Vmax': 25.0, 't_ref': 15.5, 'R': 0.7000000000000001, 'tau_m': 143.0, 'R_adp': 1.0, 'tau_w': 433.0, 'a': 116.5, 'rate_low': 11.0, 'rate_high': 42.0}.[0m
2021-04-21 00:20:04.604062: I tensorflow/compiler/jit/xla_gpu_device.cc:99] Not creating XLA devices, tf_xla_enable_xla_devices not set
maxFreq at 10nA: 997.0
2021-04-21 00:20:50.707099: I tensorflow/compiler/jit/xla_gpu_device.cc:99] Not creating XLA devices, tf_xla_enable_xla_devices not set
2021-04-21 00:21:25.001673: I tensorflow/compiler/jit/xla_gpu_device.cc:99] Not creating XLA devices, tf_xla_enable_xla_devices not set
mse and spike frequency: 0.09995 0.0
[32m[I 2021-04-21 00:21:57,974][0m Trial 234 finished with values: [0.09995, 0.0] with parameters: {'Vahp': -23.0, 'Vth': -37.5, 'Vmax': 37.5, 't_ref': 6.5, 'R': 0.1, 'tau_m': 143.0, 'R_adp': 1.0, 'tau_w': 298.0, 'a': 453.5, 'rate_low': 16.0, 'rate_high': 49.5}.[0m
2021-04-21 00:21:58.908354: I tensorflow/compiler/jit/xla_gpu_device.cc:99] Not creating XLA devices, tf_xla_enable_xla_devices not set
maxFreq at 10nA: 999.0
2021-04-21 00:22:46.003534: I tensorflow/compiler/jit/xla_gpu_device.cc:99] Not creating XLA devices, tf_xla_enable_xla_devices not set
2021-04-21 00:23:19.680750: I tensorflow/compiler/jit/xla_gpu_device.cc:99] Not creating XLA devices, tf_xla_enable_xla_devices not set
mse and spike frequency: 0.09995 0.0
[32m[I 2021-04-21 00:23:53,335][0m Trial 235 finished with values: [0.09995, 0.0] with parameters: {'Vahp': -31.5, 'Vth': -38.5, 'Vmax': 21.5, 't_ref': 13.5, 'R': 0.5, 'tau_m': 266.5, 'R_adp': 0.2, 'tau_w': 475.5, 'a': 355.5, 'rate_low': 11.0, 'rate_high': 49.5}.[0m
2021-04-21 00:23:54.240844: I tensorflow/compiler/jit/xla_gpu_device.cc:99] Not creating XLA devices, tf_xla_enable_xla_devices not set
maxFreq at 10nA: 59.0
2021-04-21 00:24:42.388509: I tensorflow/compiler/jit/xla_gpu_device.cc:99] Not creating XLA devices, tf_xla_enable_xla_devices not set
2021-04-21 00:25:16.696047: I tensorflow/compiler/jit/xla_gpu_device.cc:99] Not creating XLA devices, tf_xla_enable_xla_devices not set
mse and spike frequency: 0.00646 12.98
[32m[I 2021-04-21 00:25:50,819][0m Trial 236 finished with values: [0.00646, 12.98] with parameters: {'Vahp': -23.0, 'Vth': -20.0, 'Vmax': 29.0, 't_ref': 16.0, 'R': 0.5, 'tau_m': 387.0, 'R_adp': 0.5, 'tau_w': 0.5, 'a': 203.5, 'rate_low': 11.5, 'rate_high': 49.0}.[0m
2021-04-21 00:25:51.751536: I tensorflow/compiler/jit/xla_gpu_device.cc:99] Not creating XLA devices, tf_xla_enable_xla_devices not set
maxFreq at 10nA: 1000.0
2021-04-21 00:26:39.570291: I tensorflow/compiler/jit/xla_gpu_device.cc:99] Not creating XLA devices, tf_xla_enable_xla_devices not set
2021-04-21 00:27:13.838788: I tensorflow/compiler/jit/xla_gpu_device.cc:99] Not creating XLA devices, tf_xla_enable_xla_devices not set
mse and spike frequency: 0.09995 0.0
[32m[I 2021-04-21 00:27:47,871][0m Trial 237 finished with values: [0.09995, 0.0] with parameters: {'Vahp': -23.5, 'Vth': -54.5, 'Vmax': 21.5, 't_ref': 6.5, 'R': 1.0, 'tau_m': 284.5, 'R_adp': 0.30000000000000004, 'tau_w': 298.0, 'a': 419.5, 'rate_low': 11.0, 'rate_high': 44.0}.[0m
2021-04-21 00:27:48.984152: I tensorflow/compiler/jit/xla_gpu_device.cc:99] Not creating XLA devices, tf_xla_enable_xla_devices not set
maxFreq at 10nA: 16.0
2021-04-21 00:28:37.007617: I tensorflow/compiler/jit/xla_gpu_device.cc:99] Not creating XLA devices, tf_xla_enable_xla_devices not set
2021-04-21 00:29:12.125156: I tensorflow/compiler/jit/xla_gpu_device.cc:99] Not creating XLA devices, tf_xla_enable_xla_devices not set
mse and spike frequency: 0.11857 0.42
[32m[I 2021-04-21 00:29:46,246][0m Trial 238 finished with values: [0.11857, 0.42] with parameters: {'Vahp': -38.5, 'Vth': -35.0, 'Vmax': 13.5, 't_ref': 0.5, 'R': 0.1, 'tau_m': 258.0, 'R_adp': 0.7000000000000001, 'tau_w': 254.0, 'a': 416.5, 'rate_low': 26.5, 'rate_high': 49.5}.[0m
2021-04-21 00:29:47.132064: I tensorflow/compiler/jit/xla_gpu_device.cc:99] Not creating XLA devices, tf_xla_enable_xla_devices not set
maxFreq at 10nA: 999.0
2021-04-21 00:30:35.365372: I tensorflow/compiler/jit/xla_gpu_device.cc:99] Not creating XLA devices, tf_xla_enable_xla_devices not set
2021-04-21 00:31:10.632334: I tensorflow/compiler/jit/xla_gpu_device.cc:99] Not creating XLA devices, tf_xla_enable_xla_devices not set
mse and spike frequency: 0.09995 0.0
[32m[I 2021-04-21 00:31:44,277][0m Trial 239 finished with values: [0.09995, 0.0] with parameters: {'Vahp': -30.0, 'Vth': -47.0, 'Vmax': 32.0, 't_ref': 14.0, 'R': 0.2, 'tau_m': 329.5, 'R_adp': 0.9, 'tau_w': 120.0, 'a': 426.5, 'rate_low': 11.0, 'rate_high': 40.0}.[0m
2021-04-21 00:31:45.173388: I tensorflow/compiler/jit/xla_gpu_device.cc:99] Not creating XLA devices, tf_xla_enable_xla_devices not set
maxFreq at 10nA: 1000.0
2021-04-21 00:32:32.906652: I tensorflow/compiler/jit/xla_gpu_device.cc:99] Not creating XLA devices, tf_xla_enable_xla_devices not set
2021-04-21 00:33:09.327473: I tensorflow/compiler/jit/xla_gpu_device.cc:99] Not creating XLA devices, tf_xla_enable_xla_devices not set
mse and spike frequency: 0.09995 0.0
[32m[I 2021-04-21 00:33:42,856][0m Trial 240 finished with values: [0.09995, 0.0] with parameters: {'Vahp': -41.0, 'Vth': -42.5, 'Vmax': 36.5, 't_ref': 13.5, 'R': 1.0, 'tau_m': 54.5, 'R_adp': 0.2, 'tau_w': 204.5, 'a': 337.5, 'rate_low': 0.5, 'rate_high': 19.0}.[0m
2021-04-21 00:33:43.782110: I tensorflow/compiler/jit/xla_gpu_device.cc:99] Not creating XLA devices, tf_xla_enable_xla_devices not set
maxFreq at 10nA: 1000.0
2021-04-21 00:34:31.249333: I tensorflow/compiler/jit/xla_gpu_device.cc:99] Not creating XLA devices, tf_xla_enable_xla_devices not set
2021-04-21 00:35:08.058743: I tensorflow/compiler/jit/xla_gpu_device.cc:99] Not creating XLA devices, tf_xla_enable_xla_devices not set
mse and spike frequency: 0.09995 0.0
[32m[I 2021-04-21 00:35:42,173][0m Trial 241 finished with values: [0.09995, 0.0] with parameters: {'Vahp': -23.5, 'Vth': -42.5, 'Vmax': 11.5, 't_ref': 0.5, 'R': 1.0, 'tau_m': 476.0, 'R_adp': 1.0, 'tau_w': 218.0, 'a': 19.0, 'rate_low': 35.0, 'rate_high': 37.0}.[0m
2021-04-21 00:35:43.070429: I tensorflow/compiler/jit/xla_gpu_device.cc:99] Not creating XLA devices, tf_xla_enable_xla_devices not set
maxFreq at 10nA: 1000.0
2021-04-21 00:36:31.198657: I tensorflow/compiler/jit/xla_gpu_device.cc:99] Not creating XLA devices, tf_xla_enable_xla_devices not set
2021-04-21 00:37:07.722307: I tensorflow/compiler/jit/xla_gpu_device.cc:99] Not creating XLA devices, tf_xla_enable_xla_devices not set
mse and spike frequency: 0.09995 0.0
[32m[I 2021-04-21 00:37:40,679][0m Trial 242 finished with values: [0.09995, 0.0] with parameters: {'Vahp': -31.5, 'Vth': -38.5, 'Vmax': 21.5, 't_ref': 13.5, 'R': 0.7000000000000001, 'tau_m': 329.5, 'R_adp': 0.7000000000000001, 'tau_w': 475.5, 'a': 419.5, 'rate_low': 22.0, 'rate_high': 49.5}.[0m
2021-04-21 00:37:41.566892: I tensorflow/compiler/jit/xla_gpu_device.cc:99] Not creating XLA devices, tf_xla_enable_xla_devices not set
maxFreq at 10nA: 1000.0
2021-04-21 00:38:29.346862: I tensorflow/compiler/jit/xla_gpu_device.cc:99] Not creating XLA devices, tf_xla_enable_xla_devices not set
2021-04-21 00:39:05.736879: I tensorflow/compiler/jit/xla_gpu_device.cc:99] Not creating XLA devices, tf_xla_enable_xla_devices not set
mse and spike frequency: 0.09995 0.0
[32m[I 2021-04-21 00:39:39,852][0m Trial 243 finished with values: [0.09995, 0.0] with parameters: {'Vahp': -30.0, 'Vth': -35.0, 'Vmax': 21.5, 't_ref': 0.5, 'R': 0.7000000000000001, 'tau_m': 163.0, 'R_adp': 0.30000000000000004, 'tau_w': 254.0, 'a': 182.5, 'rate_low': 11.0, 'rate_high': 42.0}.[0m
2021-04-21 00:39:40.760301: I tensorflow/compiler/jit/xla_gpu_device.cc:99] Not creating XLA devices, tf_xla_enable_xla_devices not set
maxFreq at 10nA: 1000.0
2021-04-21 00:40:28.510385: I tensorflow/compiler/jit/xla_gpu_device.cc:99] Not creating XLA devices, tf_xla_enable_xla_devices not set
2021-04-21 00:41:06.217471: I tensorflow/compiler/jit/xla_gpu_device.cc:99] Not creating XLA devices, tf_xla_enable_xla_devices not set
mse and spike frequency: 0.09995 0.0
[32m[I 2021-04-21 00:41:40,872][0m Trial 244 finished with values: [0.09995, 0.0] with parameters: {'Vahp': -23.0, 'Vth': -51.0, 'Vmax': 19.0, 't_ref': 11.5, 'R': 1.0, 'tau_m': 305.5, 'R_adp': 0.30000000000000004, 'tau_w': 120.0, 'a': 416.5, 'rate_low': 11.0, 'rate_high': 50.0}.[0m
2021-04-21 00:41:41.798216: I tensorflow/compiler/jit/xla_gpu_device.cc:99] Not creating XLA devices, tf_xla_enable_xla_devices not set
maxFreq at 10nA: 1000.0
2021-04-21 00:42:30.768573: I tensorflow/compiler/jit/xla_gpu_device.cc:99] Not creating XLA devices, tf_xla_enable_xla_devices not set
2021-04-21 00:43:08.285847: I tensorflow/compiler/jit/xla_gpu_device.cc:99] Not creating XLA devices, tf_xla_enable_xla_devices not set
mse and spike frequency: 0.09995 0.0
[32m[I 2021-04-21 00:43:42,731][0m Trial 245 finished with values: [0.09995, 0.0] with parameters: {'Vahp': -31.5, 'Vth': -38.5, 'Vmax': 27.5, 't_ref': 15.5, 'R': 1.0, 'tau_m': 329.5, 'R_adp': 0.7000000000000001, 'tau_w': 475.5, 'a': 284.0, 'rate_low': 11.0, 'rate_high': 40.0}.[0m
2021-04-21 00:43:43.629875: I tensorflow/compiler/jit/xla_gpu_device.cc:99] Not creating XLA devices, tf_xla_enable_xla_devices not set
maxFreq at 10nA: 32.0
2021-04-21 00:44:32.948983: I tensorflow/compiler/jit/xla_gpu_device.cc:99] Not creating XLA devices, tf_xla_enable_xla_devices not set
2021-04-21 00:45:10.900889: I tensorflow/compiler/jit/xla_gpu_device.cc:99] Not creating XLA devices, tf_xla_enable_xla_devices not set
mse and spike frequency: 0.09959 0.86
[32m[I 2021-04-21 00:45:46,599][0m Trial 246 finished with values: [0.09959, 0.86] with parameters: {'Vahp': -46.5, 'Vth': -37.5, 'Vmax': 32.0, 't_ref': 12.0, 'R': 0.2, 'tau_m': 329.5, 'R_adp': 0.9, 'tau_w': 218.0, 'a': 357.5, 'rate_low': 9.0, 'rate_high': 50.0}.[0m
2021-04-21 00:45:47.486793: I tensorflow/compiler/jit/xla_gpu_device.cc:99] Not creating XLA devices, tf_xla_enable_xla_devices not set
maxFreq at 10nA: 1000.0
2021-04-21 00:46:36.376910: I tensorflow/compiler/jit/xla_gpu_device.cc:99] Not creating XLA devices, tf_xla_enable_xla_devices not set
2021-04-21 00:47:14.782663: I tensorflow/compiler/jit/xla_gpu_device.cc:99] Not creating XLA devices, tf_xla_enable_xla_devices not set
mse and spike frequency: 0.09995 0.0
[32m[I 2021-04-21 00:47:50,873][0m Trial 247 finished with values: [0.09995, 0.0] with parameters: {'Vahp': -42.5, 'Vth': -54.5, 'Vmax': 32.0, 't_ref': 17.5, 'R': 1.0, 'tau_m': 33.5, 'R_adp': 1.0, 'tau_w': 139.0, 'a': 19.0, 'rate_low': 29.0, 'rate_high': 49.5}.[0m
2021-04-21 00:47:51.755935: I tensorflow/compiler/jit/xla_gpu_device.cc:99] Not creating XLA devices, tf_xla_enable_xla_devices not set
maxFreq at 10nA: 1000.0
2021-04-21 00:48:40.979574: I tensorflow/compiler/jit/xla_gpu_device.cc:99] Not creating XLA devices, tf_xla_enable_xla_devices not set
2021-04-21 00:49:20.024734: I tensorflow/compiler/jit/xla_gpu_device.cc:99] Not creating XLA devices, tf_xla_enable_xla_devices not set
mse and spike frequency: 0.09995 0.0
[32m[I 2021-04-21 00:49:56,733][0m Trial 248 finished with values: [0.09995, 0.0] with parameters: {'Vahp': -27.0, 'Vth': -43.5, 'Vmax': 32.0, 't_ref': 15.5, 'R': 1.0, 'tau_m': 406.5, 'R_adp': 0.6, 'tau_w': 120.0, 'a': 284.0, 'rate_low': 26.5, 'rate_high': 40.0}.[0m
2021-04-21 00:49:57.622914: I tensorflow/compiler/jit/xla_gpu_device.cc:99] Not creating XLA devices, tf_xla_enable_xla_devices not set
maxFreq at 10nA: 1000.0
2021-04-21 00:50:46.535978: I tensorflow/compiler/jit/xla_gpu_device.cc:99] Not creating XLA devices, tf_xla_enable_xla_devices not set
2021-04-21 00:51:26.105451: I tensorflow/compiler/jit/xla_gpu_device.cc:99] Not creating XLA devices, tf_xla_enable_xla_devices not set
mse and spike frequency: 0.09995 0.0
[32m[I 2021-04-21 00:52:03,621][0m Trial 249 finished with values: [0.09995, 0.0] with parameters: {'Vahp': -23.0, 'Vth': -49.0, 'Vmax': 33.0, 't_ref': 17.5, 'R': 1.0, 'tau_m': 195.0, 'R_adp': 0.2, 'tau_w': 488.0, 'a': 337.0, 'rate_low': 35.0, 'rate_high': 50.0}.[0m
2021-04-21 00:52:04.560476: I tensorflow/compiler/jit/xla_gpu_device.cc:99] Not creating XLA devices, tf_xla_enable_xla_devices not set
maxFreq at 10nA: 1000.0
2021-04-21 00:52:53.887321: I tensorflow/compiler/jit/xla_gpu_device.cc:99] Not creating XLA devices, tf_xla_enable_xla_devices not set
2021-04-21 00:53:34.561834: I tensorflow/compiler/jit/xla_gpu_device.cc:99] Not creating XLA devices, tf_xla_enable_xla_devices not set
mse and spike frequency: 0.09995 0.0
[32m[I 2021-04-21 00:54:12,714][0m Trial 250 finished with values: [0.09995, 0.0] with parameters: {'Vahp': -42.5, 'Vth': -52.0, 'Vmax': 25.0, 't_ref': 6.0, 'R': 0.7000000000000001, 'tau_m': 311.0, 'R_adp': 1.0, 'tau_w': 120.0, 'a': 165.5, 'rate_low': 35.0, 'rate_high': 40.0}.[0m
2021-04-21 00:54:13.626281: I tensorflow/compiler/jit/xla_gpu_device.cc:99] Not creating XLA devices, tf_xla_enable_xla_devices not set
maxFreq at 10nA: 1000.0
2021-04-21 00:55:02.302801: I tensorflow/compiler/jit/xla_gpu_device.cc:99] Not creating XLA devices, tf_xla_enable_xla_devices not set
2021-04-21 00:55:42.846413: I tensorflow/compiler/jit/xla_gpu_device.cc:99] Not creating XLA devices, tf_xla_enable_xla_devices not set
mse and spike frequency: 0.09995 0.0
[32m[I 2021-04-21 00:56:19,575][0m Trial 251 finished with values: [0.09995, 0.0] with parameters: {'Vahp': -23.0, 'Vth': -42.5, 'Vmax': 13.0, 't_ref': 15.5, 'R': 0.7000000000000001, 'tau_m': 33.5, 'R_adp': 1.0, 'tau_w': 55.5, 'a': 419.5, 'rate_low': 9.5, 'rate_high': 36.0}.[0m
2021-04-21 00:56:20.495246: I tensorflow/compiler/jit/xla_gpu_device.cc:99] Not creating XLA devices, tf_xla_enable_xla_devices not set
maxFreq at 10nA: 1000.0
2021-04-21 00:57:08.468897: I tensorflow/compiler/jit/xla_gpu_device.cc:99] Not creating XLA devices, tf_xla_enable_xla_devices not set
2021-04-21 00:57:48.652644: I tensorflow/compiler/jit/xla_gpu_device.cc:99] Not creating XLA devices, tf_xla_enable_xla_devices not set
mse and spike frequency: 0.09995 0.0
[32m[I 2021-04-21 00:58:26,474][0m Trial 252 finished with values: [0.09995, 0.0] with parameters: {'Vahp': -31.5, 'Vth': -38.5, 'Vmax': 27.5, 't_ref': 15.5, 'R': 1.0, 'tau_m': 329.5, 'R_adp': 0.7000000000000001, 'tau_w': 475.5, 'a': 284.0, 'rate_low': 11.0, 'rate_high': 40.0}.[0m
2021-04-21 00:58:27.371362: I tensorflow/compiler/jit/xla_gpu_device.cc:99] Not creating XLA devices, tf_xla_enable_xla_devices not set
maxFreq at 10nA: 1000.0
2021-04-21 00:59:16.632177: I tensorflow/compiler/jit/xla_gpu_device.cc:99] Not creating XLA devices, tf_xla_enable_xla_devices not set
2021-04-21 00:59:57.164159: I tensorflow/compiler/jit/xla_gpu_device.cc:99] Not creating XLA devices, tf_xla_enable_xla_devices not set
mse and spike frequency: 0.09995 0.0
[32m[I 2021-04-21 01:00:34,372][0m Trial 253 finished with values: [0.09995, 0.0] with parameters: {'Vahp': -31.5, 'Vth': -57.0, 'Vmax': 33.0, 't_ref': 0.5, 'R': 0.9, 'tau_m': 284.5, 'R_adp': 0.30000000000000004, 'tau_w': 409.5, 'a': 483.5, 'rate_low': 9.5, 'rate_high': 49.5}.[0m
2021-04-21 01:00:35.294068: I tensorflow/compiler/jit/xla_gpu_device.cc:99] Not creating XLA devices, tf_xla_enable_xla_devices not set
maxFreq at 10nA: 1000.0
2021-04-21 01:01:23.512913: I tensorflow/compiler/jit/xla_gpu_device.cc:99] Not creating XLA devices, tf_xla_enable_xla_devices not set
2021-04-21 01:02:03.309626: I tensorflow/compiler/jit/xla_gpu_device.cc:99] Not creating XLA devices, tf_xla_enable_xla_devices not set
mse and spike frequency: 0.09995 0.0
[32m[I 2021-04-21 01:02:41,214][0m Trial 254 finished with values: [0.09995, 0.0] with parameters: {'Vahp': -23.5, 'Vth': -42.5, 'Vmax': 36.5, 't_ref': 16.5, 'R': 1.0, 'tau_m': 363.5, 'R_adp': 0.30000000000000004, 'tau_w': 53.0, 'a': 19.0, 'rate_low': 17.5, 'rate_high': 48.5}.[0m
2021-04-21 01:02:42.131108: I tensorflow/compiler/jit/xla_gpu_device.cc:99] Not creating XLA devices, tf_xla_enable_xla_devices not set
maxFreq at 10nA: 1000.0
2021-04-21 01:03:31.932821: I tensorflow/compiler/jit/xla_gpu_device.cc:99] Not creating XLA devices, tf_xla_enable_xla_devices not set
2021-04-21 01:04:13.962260: I tensorflow/compiler/jit/xla_gpu_device.cc:99] Not creating XLA devices, tf_xla_enable_xla_devices not set
mse and spike frequency: 0.09995 0.0
[32m[I 2021-04-21 01:04:52,327][0m Trial 255 finished with values: [0.09995, 0.0] with parameters: {'Vahp': -23.5, 'Vth': -38.5, 'Vmax': 38.0, 't_ref': 13.5, 'R': 0.7000000000000001, 'tau_m': 284.5, 'R_adp': 0.7000000000000001, 'tau_w': 218.0, 'a': 19.0, 'rate_low': 22.0, 'rate_high': 44.0}.[0m
2021-04-21 01:04:53.267822: I tensorflow/compiler/jit/xla_gpu_device.cc:99] Not creating XLA devices, tf_xla_enable_xla_devices not set
maxFreq at 10nA: 500.0
2021-04-21 01:05:43.483254: I tensorflow/compiler/jit/xla_gpu_device.cc:99] Not creating XLA devices, tf_xla_enable_xla_devices not set
2021-04-21 01:06:24.274825: I tensorflow/compiler/jit/xla_gpu_device.cc:99] Not creating XLA devices, tf_xla_enable_xla_devices not set
