[32m[I 2021-04-20 23:20:38,139][0m Trial 200 finished with values: [0.00224, 36.22] with parameters: {'Vahp': -28.5, 'Vth': -21.5, 'Vmax': 18.0, 't_ref': 3.0, 'R': 1.0, 'tau_m': 440.5, 'R_adp': 0.30000000000000004, 'tau_w': 19.0, 'a': 379.0, 'rate_low': 32.5, 'rate_high': 36.0}.[0m
2021-04-20 23:20:38.939837: I tensorflow/compiler/jit/xla_gpu_device.cc:99] Not creating XLA devices, tf_xla_enable_xla_devices not set
maxFreq at 10nA: 1000.0
2021-04-20 23:21:19.747028: I tensorflow/compiler/jit/xla_gpu_device.cc:99] Not creating XLA devices, tf_xla_enable_xla_devices not set
2021-04-20 23:21:50.978888: I tensorflow/compiler/jit/xla_gpu_device.cc:99] Not creating XLA devices, tf_xla_enable_xla_devices not set
mse and spike frequency: 0.09995 0.0
[32m[I 2021-04-20 23:22:19,833][0m Trial 201 finished with values: [0.09995, 0.0] with parameters: {'Vahp': -21.5, 'Vth': -49.0, 'Vmax': 38.5, 't_ref': 5.0, 'R': 0.4, 'tau_m': 174.0, 'R_adp': 0.8, 'tau_w': 186.5, 'a': 195.0, 'rate_low': 21.0, 'rate_high': 44.5}.[0m
2021-04-20 23:22:20.621726: I tensorflow/compiler/jit/xla_gpu_device.cc:99] Not creating XLA devices, tf_xla_enable_xla_devices not set
maxFreq at 10nA: 1000.0
2021-04-20 23:23:01.405427: I tensorflow/compiler/jit/xla_gpu_device.cc:99] Not creating XLA devices, tf_xla_enable_xla_devices not set
2021-04-20 23:23:32.837428: I tensorflow/compiler/jit/xla_gpu_device.cc:99] Not creating XLA devices, tf_xla_enable_xla_devices not set
mse and spike frequency: 0.09995 0.0
[32m[I 2021-04-20 23:24:02,724][0m Trial 202 finished with values: [0.09995, 0.0] with parameters: {'Vahp': -47.0, 'Vth': -51.5, 'Vmax': 19.0, 't_ref': 3.5, 'R': 0.9, 'tau_m': 84.0, 'R_adp': 0.1, 'tau_w': 188.0, 'a': 67.0, 'rate_low': 13.5, 'rate_high': 48.0}.[0m
2021-04-20 23:24:03.574405: I tensorflow/compiler/jit/xla_gpu_device.cc:99] Not creating XLA devices, tf_xla_enable_xla_devices not set
maxFreq at 10nA: 999.0
2021-04-20 23:24:44.212323: I tensorflow/compiler/jit/xla_gpu_device.cc:99] Not creating XLA devices, tf_xla_enable_xla_devices not set
2021-04-20 23:25:15.039037: I tensorflow/compiler/jit/xla_gpu_device.cc:99] Not creating XLA devices, tf_xla_enable_xla_devices not set
mse and spike frequency: 0.09995 0.0
[32m[I 2021-04-20 23:25:45,861][0m Trial 203 finished with values: [0.09995, 0.0] with parameters: {'Vahp': -29.0, 'Vth': -37.5, 'Vmax': 22.0, 't_ref': 3.5, 'R': 0.5, 'tau_m': 444.0, 'R_adp': 1.0, 'tau_w': 430.0, 'a': 410.5, 'rate_low': 44.5, 'rate_high': 36.0}.[0m
2021-04-20 23:25:46.719039: I tensorflow/compiler/jit/xla_gpu_device.cc:99] Not creating XLA devices, tf_xla_enable_xla_devices not set
maxFreq at 10nA: 91.0
2021-04-20 23:26:28.554082: I tensorflow/compiler/jit/xla_gpu_device.cc:99] Not creating XLA devices, tf_xla_enable_xla_devices not set
2021-04-20 23:27:00.001606: I tensorflow/compiler/jit/xla_gpu_device.cc:99] Not creating XLA devices, tf_xla_enable_xla_devices not set
mse and spike frequency: 0.00489 9.69
[32m[I 2021-04-20 23:27:31,012][0m Trial 204 finished with values: [0.00489, 9.69] with parameters: {'Vahp': -52.5, 'Vth': -39.5, 'Vmax': 18.0, 't_ref': 9.5, 'R': 0.8, 'tau_m': 319.5, 'R_adp': 0.2, 'tau_w': 73.0, 'a': 453.5, 'rate_low': 12.0, 'rate_high': 36.5}.[0m
2021-04-20 23:27:31.873767: I tensorflow/compiler/jit/xla_gpu_device.cc:99] Not creating XLA devices, tf_xla_enable_xla_devices not set
maxFreq at 10nA: 1000.0
2021-04-20 23:28:13.879078: I tensorflow/compiler/jit/xla_gpu_device.cc:99] Not creating XLA devices, tf_xla_enable_xla_devices not set
2021-04-20 23:28:46.190407: I tensorflow/compiler/jit/xla_gpu_device.cc:99] Not creating XLA devices, tf_xla_enable_xla_devices not set
mse and spike frequency: 0.09995 0.0
[32m[I 2021-04-20 23:29:17,967][0m Trial 205 finished with values: [0.09995, 0.0] with parameters: {'Vahp': -49.0, 'Vth': -52.0, 'Vmax': 22.0, 't_ref': 5.0, 'R': 0.30000000000000004, 'tau_m': 219.5, 'R_adp': 0.5, 'tau_w': 124.5, 'a': 342.0, 'rate_low': 22.0, 'rate_high': 47.5}.[0m
2021-04-20 23:29:18.765956: I tensorflow/compiler/jit/xla_gpu_device.cc:99] Not creating XLA devices, tf_xla_enable_xla_devices not set
maxFreq at 10nA: 998.0
2021-04-20 23:30:01.062567: I tensorflow/compiler/jit/xla_gpu_device.cc:99] Not creating XLA devices, tf_xla_enable_xla_devices not set
2021-04-20 23:30:33.833279: I tensorflow/compiler/jit/xla_gpu_device.cc:99] Not creating XLA devices, tf_xla_enable_xla_devices not set
mse and spike frequency: 0.09995 0.0
[32m[I 2021-04-20 23:31:06,086][0m Trial 206 finished with values: [0.09995, 0.0] with parameters: {'Vahp': -39.5, 'Vth': -41.5, 'Vmax': 36.5, 't_ref': 5.0, 'R': 0.30000000000000004, 'tau_m': 471.5, 'R_adp': 1.0, 'tau_w': 188.0, 'a': 374.0, 'rate_low': 30.5, 'rate_high': 50.0}.[0m
2021-04-20 23:31:06.897161: I tensorflow/compiler/jit/xla_gpu_device.cc:99] Not creating XLA devices, tf_xla_enable_xla_devices not set
maxFreq at 10nA: 997.0
2021-04-20 23:31:49.371543: I tensorflow/compiler/jit/xla_gpu_device.cc:99] Not creating XLA devices, tf_xla_enable_xla_devices not set
2021-04-20 23:32:22.755356: I tensorflow/compiler/jit/xla_gpu_device.cc:99] Not creating XLA devices, tf_xla_enable_xla_devices not set
mse and spike frequency: 0.09995 0.0
[32m[I 2021-04-20 23:32:55,346][0m Trial 207 finished with values: [0.09995, 0.0] with parameters: {'Vahp': -21.5, 'Vth': -50.5, 'Vmax': 14.0, 't_ref': 13.0, 'R': 0.1, 'tau_m': 406.0, 'R_adp': 0.1, 'tau_w': 422.0, 'a': 207.0, 'rate_low': 12.0, 'rate_high': 50.0}.[0m
2021-04-20 23:32:56.162162: I tensorflow/compiler/jit/xla_gpu_device.cc:99] Not creating XLA devices, tf_xla_enable_xla_devices not set
maxFreq at 10nA: 1000.0
2021-04-20 23:33:39.531693: I tensorflow/compiler/jit/xla_gpu_device.cc:99] Not creating XLA devices, tf_xla_enable_xla_devices not set
2021-04-20 23:34:13.707001: I tensorflow/compiler/jit/xla_gpu_device.cc:99] Not creating XLA devices, tf_xla_enable_xla_devices not set
mse and spike frequency: 0.09995 0.0
[32m[I 2021-04-20 23:34:46,977][0m Trial 208 finished with values: [0.09995, 0.0] with parameters: {'Vahp': -47.0, 'Vth': -51.5, 'Vmax': 35.5, 't_ref': 11.5, 'R': 0.5, 'tau_m': 319.5, 'R_adp': 0.1, 'tau_w': 382.5, 'a': 134.5, 'rate_low': 13.5, 'rate_high': 12.0}.[0m
2021-04-20 23:34:47.824922: I tensorflow/compiler/jit/xla_gpu_device.cc:99] Not creating XLA devices, tf_xla_enable_xla_devices not set
maxFreq at 10nA: 67.0
2021-04-20 23:35:30.875758: I tensorflow/compiler/jit/xla_gpu_device.cc:99] Not creating XLA devices, tf_xla_enable_xla_devices not set
2021-04-20 23:36:05.226687: I tensorflow/compiler/jit/xla_gpu_device.cc:99] Not creating XLA devices, tf_xla_enable_xla_devices not set
mse and spike frequency: 0.0171 3.21
[32m[I 2021-04-20 23:36:37,698][0m Trial 209 finished with values: [0.0171, 3.21] with parameters: {'Vahp': -37.5, 'Vth': -21.0, 'Vmax': 38.5, 't_ref': 13.0, 'R': 0.5, 'tau_m': 316.0, 'R_adp': 1.0, 'tau_w': 138.5, 'a': 195.0, 'rate_low': 16.0, 'rate_high': 39.0}.[0m
2021-04-20 23:36:38.511288: I tensorflow/compiler/jit/xla_gpu_device.cc:99] Not creating XLA devices, tf_xla_enable_xla_devices not set
maxFreq at 10nA: 1000.0
2021-04-20 23:37:21.098390: I tensorflow/compiler/jit/xla_gpu_device.cc:99] Not creating XLA devices, tf_xla_enable_xla_devices not set
2021-04-20 23:37:55.403659: I tensorflow/compiler/jit/xla_gpu_device.cc:99] Not creating XLA devices, tf_xla_enable_xla_devices not set
mse and spike frequency: 0.09995 0.0
[32m[I 2021-04-20 23:38:28,801][0m Trial 210 finished with values: [0.09995, 0.0] with parameters: {'Vahp': -29.5, 'Vth': -50.5, 'Vmax': 24.5, 't_ref': 13.0, 'R': 0.4, 'tau_m': 313.5, 'R_adp': 1.0, 'tau_w': 19.0, 'a': 315.0, 'rate_low': 44.0, 'rate_high': 39.0}.[0m
2021-04-20 23:38:29.655748: I tensorflow/compiler/jit/xla_gpu_device.cc:99] Not creating XLA devices, tf_xla_enable_xla_devices not set
maxFreq at 10nA: 1000.0
2021-04-20 23:39:12.401102: I tensorflow/compiler/jit/xla_gpu_device.cc:99] Not creating XLA devices, tf_xla_enable_xla_devices not set
2021-04-20 23:39:46.215918: I tensorflow/compiler/jit/xla_gpu_device.cc:99] Not creating XLA devices, tf_xla_enable_xla_devices not set
mse and spike frequency: 0.09995 0.0
[32m[I 2021-04-20 23:40:19,761][0m Trial 211 finished with values: [0.09995, 0.0] with parameters: {'Vahp': -39.5, 'Vth': -58.0, 'Vmax': 32.0, 't_ref': 3.5, 'R': 0.1, 'tau_m': 313.5, 'R_adp': 0.8, 'tau_w': 19.0, 'a': 151.0, 'rate_low': 44.0, 'rate_high': 39.0}.[0m
2021-04-20 23:40:20.608193: I tensorflow/compiler/jit/xla_gpu_device.cc:99] Not creating XLA devices, tf_xla_enable_xla_devices not set
maxFreq at 10nA: 25.0
2021-04-20 23:41:03.277359: I tensorflow/compiler/jit/xla_gpu_device.cc:99] Not creating XLA devices, tf_xla_enable_xla_devices not set
2021-04-20 23:41:37.100392: I tensorflow/compiler/jit/xla_gpu_device.cc:99] Not creating XLA devices, tf_xla_enable_xla_devices not set
mse and spike frequency: 0.09601 0.37
[32m[I 2021-04-20 23:42:10,547][0m Trial 212 finished with values: [0.09601, 0.37] with parameters: {'Vahp': -56.0, 'Vth': -22.0, 'Vmax': 11.5, 't_ref': 19.0, 'R': 0.1, 'tau_m': 444.0, 'R_adp': 0.7000000000000001, 'tau_w': 188.0, 'a': 99.5, 'rate_low': 16.0, 'rate_high': 44.5}.[0m
2021-04-20 23:42:11.433236: I tensorflow/compiler/jit/xla_gpu_device.cc:99] Not creating XLA devices, tf_xla_enable_xla_devices not set
maxFreq at 10nA: 998.0
2021-04-20 23:42:54.672710: I tensorflow/compiler/jit/xla_gpu_device.cc:99] Not creating XLA devices, tf_xla_enable_xla_devices not set
2021-04-20 23:43:28.389958: I tensorflow/compiler/jit/xla_gpu_device.cc:99] Not creating XLA devices, tf_xla_enable_xla_devices not set
mse and spike frequency: 0.09995 0.0
[32m[I 2021-04-20 23:44:00,227][0m Trial 213 finished with values: [0.09995, 0.0] with parameters: {'Vahp': -28.0, 'Vth': -50.5, 'Vmax': 36.0, 't_ref': 13.0, 'R': 0.1, 'tau_m': 309.5, 'R_adp': 0.1, 'tau_w': 19.0, 'a': 207.0, 'rate_low': 12.0, 'rate_high': 44.5}.[0m
2021-04-20 23:44:01.098415: I tensorflow/compiler/jit/xla_gpu_device.cc:99] Not creating XLA devices, tf_xla_enable_xla_devices not set
maxFreq at 10nA: 1000.0
2021-04-20 23:44:44.466774: I tensorflow/compiler/jit/xla_gpu_device.cc:99] Not creating XLA devices, tf_xla_enable_xla_devices not set
2021-04-20 23:45:16.837782: I tensorflow/compiler/jit/xla_gpu_device.cc:99] Not creating XLA devices, tf_xla_enable_xla_devices not set
mse and spike frequency: 0.09995 0.0
[32m[I 2021-04-20 23:45:47,963][0m Trial 214 finished with values: [0.09995, 0.0] with parameters: {'Vahp': -49.0, 'Vth': -57.0, 'Vmax': 32.0, 't_ref': 3.5, 'R': 1.0, 'tau_m': 464.0, 'R_adp': 0.30000000000000004, 'tau_w': 59.5, 'a': 410.5, 'rate_low': 32.5, 'rate_high': 36.0}.[0m
2021-04-20 23:45:48.766030: I tensorflow/compiler/jit/xla_gpu_device.cc:99] Not creating XLA devices, tf_xla_enable_xla_devices not set
maxFreq at 10nA: 1000.0
2021-04-20 23:46:33.235925: I tensorflow/compiler/jit/xla_gpu_device.cc:99] Not creating XLA devices, tf_xla_enable_xla_devices not set
2021-04-20 23:47:05.769876: I tensorflow/compiler/jit/xla_gpu_device.cc:99] Not creating XLA devices, tf_xla_enable_xla_devices not set
mse and spike frequency: 0.09995 0.0
[32m[I 2021-04-20 23:47:37,125][0m Trial 215 finished with values: [0.09995, 0.0] with parameters: {'Vahp': -37.5, 'Vth': -56.0, 'Vmax': 38.5, 't_ref': 13.0, 'R': 0.5, 'tau_m': 316.0, 'R_adp': 1.0, 'tau_w': 234.0, 'a': 195.0, 'rate_low': 10.0, 'rate_high': 46.5}.[0m
2021-04-20 23:47:38.002698: I tensorflow/compiler/jit/xla_gpu_device.cc:99] Not creating XLA devices, tf_xla_enable_xla_devices not set
maxFreq at 10nA: 999.0
2021-04-20 23:48:22.786993: I tensorflow/compiler/jit/xla_gpu_device.cc:99] Not creating XLA devices, tf_xla_enable_xla_devices not set
2021-04-20 23:48:55.368550: I tensorflow/compiler/jit/xla_gpu_device.cc:99] Not creating XLA devices, tf_xla_enable_xla_devices not set
mse and spike frequency: 0.09995 0.0
[32m[I 2021-04-20 23:49:26,876][0m Trial 216 finished with values: [0.09995, 0.0] with parameters: {'Vahp': -39.5, 'Vth': -51.5, 'Vmax': 35.5, 't_ref': 13.0, 'R': 0.2, 'tau_m': 313.5, 'R_adp': 0.7000000000000001, 'tau_w': 98.0, 'a': 134.5, 'rate_low': 22.0, 'rate_high': 26.0}.[0m
2021-04-20 23:49:27.697706: I tensorflow/compiler/jit/xla_gpu_device.cc:99] Not creating XLA devices, tf_xla_enable_xla_devices not set
maxFreq at 10nA: 1000.0
2021-04-20 23:50:12.522435: I tensorflow/compiler/jit/xla_gpu_device.cc:99] Not creating XLA devices, tf_xla_enable_xla_devices not set
2021-04-20 23:50:45.350718: I tensorflow/compiler/jit/xla_gpu_device.cc:99] Not creating XLA devices, tf_xla_enable_xla_devices not set
mse and spike frequency: 0.09995 0.0
[32m[I 2021-04-20 23:51:17,298][0m Trial 217 finished with values: [0.09995, 0.0] with parameters: {'Vahp': -49.0, 'Vth': -56.0, 'Vmax': 22.0, 't_ref': 5.0, 'R': 0.5, 'tau_m': 333.5, 'R_adp': 0.5, 'tau_w': 259.5, 'a': 248.5, 'rate_low': 22.0, 'rate_high': 36.0}.[0m
2021-04-20 23:51:18.149822: I tensorflow/compiler/jit/xla_gpu_device.cc:99] Not creating XLA devices, tf_xla_enable_xla_devices not set
maxFreq at 10nA: 1000.0
2021-04-20 23:52:03.294844: I tensorflow/compiler/jit/xla_gpu_device.cc:99] Not creating XLA devices, tf_xla_enable_xla_devices not set
2021-04-20 23:52:36.962392: I tensorflow/compiler/jit/xla_gpu_device.cc:99] Not creating XLA devices, tf_xla_enable_xla_devices not set
mse and spike frequency: 0.09995 0.0
[32m[I 2021-04-20 23:53:09,260][0m Trial 218 finished with values: [0.09995, 0.0] with parameters: {'Vahp': -45.0, 'Vth': -50.5, 'Vmax': 19.0, 't_ref': 3.5, 'R': 0.4, 'tau_m': 313.5, 'R_adp': 0.1, 'tau_w': 473.0, 'a': 315.0, 'rate_low': 44.0, 'rate_high': 43.5}.[0m
2021-04-20 23:53:10.122502: I tensorflow/compiler/jit/xla_gpu_device.cc:99] Not creating XLA devices, tf_xla_enable_xla_devices not set
maxFreq at 10nA: 70.0
2021-04-20 23:53:55.049623: I tensorflow/compiler/jit/xla_gpu_device.cc:99] Not creating XLA devices, tf_xla_enable_xla_devices not set
2021-04-20 23:54:29.181539: I tensorflow/compiler/jit/xla_gpu_device.cc:99] Not creating XLA devices, tf_xla_enable_xla_devices not set
mse and spike frequency: 0.1929 7.95
[32m[I 2021-04-20 23:55:00,717][0m Trial 219 finished with values: [0.1929, 7.95] with parameters: {'Vahp': -57.0, 'Vth': -56.0, 'Vmax': 38.5, 't_ref': 13.0, 'R': 0.4, 'tau_m': 313.5, 'R_adp': 0.7000000000000001, 'tau_w': 473.0, 'a': 195.0, 'rate_low': 41.5, 'rate_high': 44.5}.[0m
2021-04-20 23:55:01.703080: I tensorflow/compiler/jit/xla_gpu_device.cc:99] Not creating XLA devices, tf_xla_enable_xla_devices not set
maxFreq at 10nA: 1000.0
2021-04-20 23:55:46.387070: I tensorflow/compiler/jit/xla_gpu_device.cc:99] Not creating XLA devices, tf_xla_enable_xla_devices not set
2021-04-20 23:56:20.822069: I tensorflow/compiler/jit/xla_gpu_device.cc:99] Not creating XLA devices, tf_xla_enable_xla_devices not set
mse and spike frequency: 0.09995 0.0
[32m[I 2021-04-20 23:56:53,747][0m Trial 220 finished with values: [0.09995, 0.0] with parameters: {'Vahp': -48.5, 'Vth': -57.0, 'Vmax': 17.5, 't_ref': 3.5, 'R': 0.4, 'tau_m': 444.0, 'R_adp': 0.30000000000000004, 'tau_w': 102.0, 'a': 315.0, 'rate_low': 16.0, 'rate_high': 36.0}.[0m
2021-04-20 23:56:54.561606: I tensorflow/compiler/jit/xla_gpu_device.cc:99] Not creating XLA devices, tf_xla_enable_xla_devices not set
maxFreq at 10nA: 1000.0
2021-04-20 23:57:40.038638: I tensorflow/compiler/jit/xla_gpu_device.cc:99] Not creating XLA devices, tf_xla_enable_xla_devices not set
2021-04-20 23:58:14.634067: I tensorflow/compiler/jit/xla_gpu_device.cc:99] Not creating XLA devices, tf_xla_enable_xla_devices not set
mse and spike frequency: 0.09995 0.0
[32m[I 2021-04-20 23:58:46,941][0m Trial 221 finished with values: [0.09995, 0.0] with parameters: {'Vahp': -47.0, 'Vth': -48.0, 'Vmax': 30.5, 't_ref': 5.0, 'R': 0.9, 'tau_m': 471.5, 'R_adp': 0.1, 'tau_w': 319.5, 'a': 67.0, 'rate_low': 36.5, 'rate_high': 32.0}.[0m
2021-04-20 23:58:47.799164: I tensorflow/compiler/jit/xla_gpu_device.cc:99] Not creating XLA devices, tf_xla_enable_xla_devices not set
maxFreq at 10nA: 40.0
2021-04-20 23:59:32.245913: I tensorflow/compiler/jit/xla_gpu_device.cc:99] Not creating XLA devices, tf_xla_enable_xla_devices not set
2021-04-21 00:00:05.720682: I tensorflow/compiler/jit/xla_gpu_device.cc:99] Not creating XLA devices, tf_xla_enable_xla_devices not set
mse and spike frequency: 0.04188 1.73
[32m[I 2021-04-21 00:00:39,404][0m Trial 222 finished with values: [0.04188, 1.73] with parameters: {'Vahp': -48.5, 'Vth': -24.0, 'Vmax': 18.5, 't_ref': 11.0, 'R': 0.1, 'tau_m': 444.0, 'R_adp': 0.7000000000000001, 'tau_w': 19.0, 'a': 428.5, 'rate_low': 42.5, 'rate_high': 46.5}.[0m
2021-04-21 00:00:40.246802: I tensorflow/compiler/jit/xla_gpu_device.cc:99] Not creating XLA devices, tf_xla_enable_xla_devices not set
maxFreq at 10nA: 90.0
2021-04-21 00:01:25.818302: I tensorflow/compiler/jit/xla_gpu_device.cc:99] Not creating XLA devices, tf_xla_enable_xla_devices not set
2021-04-21 00:02:00.823191: I tensorflow/compiler/jit/xla_gpu_device.cc:99] Not creating XLA devices, tf_xla_enable_xla_devices not set
mse and spike frequency: 0.02429 1.5
[32m[I 2021-04-21 00:02:34,279][0m Trial 223 finished with values: [0.02429, 1.5] with parameters: {'Vahp': -39.5, 'Vth': -22.0, 'Vmax': 11.5, 't_ref': 2.5, 'R': 0.30000000000000004, 'tau_m': 464.0, 'R_adp': 0.9, 'tau_w': 188.0, 'a': 149.0, 'rate_low': 17.0, 'rate_high': 32.0}.[0m
2021-04-21 00:02:35.154998: I tensorflow/compiler/jit/xla_gpu_device.cc:99] Not creating XLA devices, tf_xla_enable_xla_devices not set
maxFreq at 10nA: 1000.0
2021-04-21 00:03:21.773363: I tensorflow/compiler/jit/xla_gpu_device.cc:99] Not creating XLA devices, tf_xla_enable_xla_devices not set
2021-04-21 00:03:56.789815: I tensorflow/compiler/jit/xla_gpu_device.cc:99] Not creating XLA devices, tf_xla_enable_xla_devices not set
mse and spike frequency: 0.09995 0.0
[32m[I 2021-04-21 00:04:30,096][0m Trial 224 finished with values: [0.09995, 0.0] with parameters: {'Vahp': -25.0, 'Vth': -50.5, 'Vmax': 24.5, 't_ref': 13.0, 'R': 0.4, 'tau_m': 440.5, 'R_adp': 0.7000000000000001, 'tau_w': 59.5, 'a': 315.0, 'rate_low': 32.5, 'rate_high': 36.0}.[0m
2021-04-21 00:04:30.940672: I tensorflow/compiler/jit/xla_gpu_device.cc:99] Not creating XLA devices, tf_xla_enable_xla_devices not set
maxFreq at 10nA: 998.0
2021-04-21 00:05:16.494740: I tensorflow/compiler/jit/xla_gpu_device.cc:99] Not creating XLA devices, tf_xla_enable_xla_devices not set
2021-04-21 00:05:51.568870: I tensorflow/compiler/jit/xla_gpu_device.cc:99] Not creating XLA devices, tf_xla_enable_xla_devices not set
mse and spike frequency: 0.09995 0.0
[32m[I 2021-04-21 00:06:25,472][0m Trial 225 finished with values: [0.09995, 0.0] with parameters: {'Vahp': -25.0, 'Vth': -43.0, 'Vmax': 18.5, 't_ref': 13.0, 'R': 0.2, 'tau_m': 313.5, 'R_adp': 0.7000000000000001, 'tau_w': 309.5, 'a': 45.0, 'rate_low': 37.5, 'rate_high': 48.0}.[0m
2021-04-21 00:06:26.365318: I tensorflow/compiler/jit/xla_gpu_device.cc:99] Not creating XLA devices, tf_xla_enable_xla_devices not set
maxFreq at 10nA: 1000.0
2021-04-21 00:07:12.929258: I tensorflow/compiler/jit/xla_gpu_device.cc:99] Not creating XLA devices, tf_xla_enable_xla_devices not set
2021-04-21 00:07:46.677392: I tensorflow/compiler/jit/xla_gpu_device.cc:99] Not creating XLA devices, tf_xla_enable_xla_devices not set
mse and spike frequency: 0.09995 0.0
[32m[I 2021-04-21 00:08:20,620][0m Trial 226 finished with values: [0.09995, 0.0] with parameters: {'Vahp': -39.5, 'Vth': -52.0, 'Vmax': 19.0, 't_ref': 13.0, 'R': 0.4, 'tau_m': 440.5, 'R_adp': 0.30000000000000004, 'tau_w': 59.5, 'a': 353.5, 'rate_low': 49.5, 'rate_high': 36.0}.[0m
2021-04-21 00:08:21.487770: I tensorflow/compiler/jit/xla_gpu_device.cc:99] Not creating XLA devices, tf_xla_enable_xla_devices not set
maxFreq at 10nA: 64.0
2021-04-21 00:09:08.062805: I tensorflow/compiler/jit/xla_gpu_device.cc:99] Not creating XLA devices, tf_xla_enable_xla_devices not set
2021-04-21 00:09:42.165694: I tensorflow/compiler/jit/xla_gpu_device.cc:99] Not creating XLA devices, tf_xla_enable_xla_devices not set
mse and spike frequency: 0.07055 1.3
[32m[I 2021-04-21 00:10:16,592][0m Trial 227 finished with values: [0.07055, 1.3] with parameters: {'Vahp': -37.5, 'Vth': -22.0, 'Vmax': 11.5, 't_ref': 13.0, 'R': 0.5, 'tau_m': 464.0, 'R_adp': 0.8, 'tau_w': 188.0, 'a': 195.0, 'rate_low': 10.0, 'rate_high': 15.0}.[0m
2021-04-21 00:10:17.460731: I tensorflow/compiler/jit/xla_gpu_device.cc:99] Not creating XLA devices, tf_xla_enable_xla_devices not set
maxFreq at 10nA: 143.0
2021-04-21 00:11:04.561393: I tensorflow/compiler/jit/xla_gpu_device.cc:99] Not creating XLA devices, tf_xla_enable_xla_devices not set
2021-04-21 00:11:37.827683: I tensorflow/compiler/jit/xla_gpu_device.cc:99] Not creating XLA devices, tf_xla_enable_xla_devices not set
mse and spike frequency: 0.01468 3.09
[32m[I 2021-04-21 00:12:12,838][0m Trial 228 finished with values: [0.01468, 3.09] with parameters: {'Vahp': -48.5, 'Vth': -21.0, 'Vmax': 22.0, 't_ref': 3.5, 'R': 0.5, 'tau_m': 313.5, 'R_adp': 0.7000000000000001, 'tau_w': 59.5, 'a': 318.5, 'rate_low': 12.0, 'rate_high': 24.0}.[0m
2021-04-21 00:12:13.728252: I tensorflow/compiler/jit/xla_gpu_device.cc:99] Not creating XLA devices, tf_xla_enable_xla_devices not set
maxFreq at 10nA: 998.0
2021-04-21 00:13:00.634631: I tensorflow/compiler/jit/xla_gpu_device.cc:99] Not creating XLA devices, tf_xla_enable_xla_devices not set
2021-04-21 00:13:34.493380: I tensorflow/compiler/jit/xla_gpu_device.cc:99] Not creating XLA devices, tf_xla_enable_xla_devices not set
mse and spike frequency: 0.09995 0.0
