[32m[I 2021-04-20 20:21:40,517][0m Trial 58 finished with values: [0.09995, 0.0] with parameters: {'Vahp': -30.5, 'Vth': -49.5, 'Vmax': 10.5, 't_ref': 14.5, 'R': 0.2, 'tau_m': 313.5, 'rate_low': 16.5, 'rate_high': 17.0}.[0m
2021-04-20 20:21:41.042402: I tensorflow/compiler/jit/xla_gpu_device.cc:99] Not creating XLA devices, tf_xla_enable_xla_devices not set
maxFreq at 10nA: 333.0
2021-04-20 20:22:04.346723: I tensorflow/compiler/jit/xla_gpu_device.cc:99] Not creating XLA devices, tf_xla_enable_xla_devices not set
2021-04-20 20:22:16.429866: I tensorflow/compiler/jit/xla_gpu_device.cc:99] Not creating XLA devices, tf_xla_enable_xla_devices not set
mse and spike frequency: 0.00186 34.78
[32m[I 2021-04-20 20:22:27,086][0m Trial 59 finished with values: [0.00186, 34.78] with parameters: {'Vahp': -36.5, 'Vth': -27.0, 'Vmax': 28.5, 't_ref': 2.0, 'R': 0.9, 'tau_m': 419.5, 'rate_low': 27.0, 'rate_high': 34.5}.[0m
2021-04-20 20:22:27.570744: I tensorflow/compiler/jit/xla_gpu_device.cc:99] Not creating XLA devices, tf_xla_enable_xla_devices not set
maxFreq at 10nA: 1000.0
2021-04-20 20:22:51.695085: I tensorflow/compiler/jit/xla_gpu_device.cc:99] Not creating XLA devices, tf_xla_enable_xla_devices not set
2021-04-20 20:23:03.273168: I tensorflow/compiler/jit/xla_gpu_device.cc:99] Not creating XLA devices, tf_xla_enable_xla_devices not set
mse and spike frequency: 0.09996 1000.1
[32m[I 2021-04-20 20:23:14,516][0m Trial 60 finished with values: [0.09996, 1000.1] with parameters: {'Vahp': -29.0, 'Vth': -60.0, 'Vmax': 20.0, 't_ref': 19.5, 'R': 0.5, 'tau_m': 33.5, 'rate_low': 6.5, 'rate_high': 23.0}.[0m
2021-04-20 20:23:14.974111: I tensorflow/compiler/jit/xla_gpu_device.cc:99] Not creating XLA devices, tf_xla_enable_xla_devices not set
maxFreq at 10nA: 46.0
2021-04-20 20:23:39.107130: I tensorflow/compiler/jit/xla_gpu_device.cc:99] Not creating XLA devices, tf_xla_enable_xla_devices not set
2021-04-20 20:23:50.979938: I tensorflow/compiler/jit/xla_gpu_device.cc:99] Not creating XLA devices, tf_xla_enable_xla_devices not set
mse and spike frequency: 0.00522 11.64
[32m[I 2021-04-20 20:24:02,610][0m Trial 61 finished with values: [0.00522, 11.64] with parameters: {'Vahp': -46.5, 'Vth': -22.5, 'Vmax': 38.0, 't_ref': 19.5, 'R': 0.8, 'tau_m': 459.0, 'rate_low': 41.0, 'rate_high': 48.0}.[0m
2021-04-20 20:24:03.127860: I tensorflow/compiler/jit/xla_gpu_device.cc:99] Not creating XLA devices, tf_xla_enable_xla_devices not set
maxFreq at 10nA: 1000.0
2021-04-20 20:24:27.366910: I tensorflow/compiler/jit/xla_gpu_device.cc:99] Not creating XLA devices, tf_xla_enable_xla_devices not set
2021-04-20 20:24:39.601806: I tensorflow/compiler/jit/xla_gpu_device.cc:99] Not creating XLA devices, tf_xla_enable_xla_devices not set
mse and spike frequency: 0.09995 0.0
[32m[I 2021-04-20 20:24:50,990][0m Trial 62 finished with values: [0.09995, 0.0] with parameters: {'Vahp': -20.0, 'Vth': -45.5, 'Vmax': 27.0, 't_ref': 2.5, 'R': 0.5, 'tau_m': 296.0, 'rate_low': 11.5, 'rate_high': 37.5}.[0m
2021-04-20 20:24:51.483974: I tensorflow/compiler/jit/xla_gpu_device.cc:99] Not creating XLA devices, tf_xla_enable_xla_devices not set
maxFreq at 10nA: 143.0
2021-04-20 20:25:15.393989: I tensorflow/compiler/jit/xla_gpu_device.cc:99] Not creating XLA devices, tf_xla_enable_xla_devices not set
2021-04-20 20:25:27.872837: I tensorflow/compiler/jit/xla_gpu_device.cc:99] Not creating XLA devices, tf_xla_enable_xla_devices not set
mse and spike frequency: 0.09995 0.0
[32m[I 2021-04-20 20:25:39,805][0m Trial 63 finished with values: [0.09995, 0.0] with parameters: {'Vahp': -56.5, 'Vth': -51.0, 'Vmax': 20.5, 't_ref': 5.5, 'R': 1.0, 'tau_m': 94.5, 'rate_low': 9.5, 'rate_high': 10.5}.[0m
2021-04-20 20:25:40.268523: I tensorflow/compiler/jit/xla_gpu_device.cc:99] Not creating XLA devices, tf_xla_enable_xla_devices not set
maxFreq at 10nA: 1000.0
2021-04-20 20:26:04.216541: I tensorflow/compiler/jit/xla_gpu_device.cc:99] Not creating XLA devices, tf_xla_enable_xla_devices not set
2021-04-20 20:26:17.356748: I tensorflow/compiler/jit/xla_gpu_device.cc:99] Not creating XLA devices, tf_xla_enable_xla_devices not set
mse and spike frequency: 0.09995 0.0
[32m[I 2021-04-20 20:26:29,135][0m Trial 64 finished with values: [0.09995, 0.0] with parameters: {'Vahp': -24.5, 'Vth': -51.0, 'Vmax': 14.0, 't_ref': 15.5, 'R': 1.0, 'tau_m': 33.5, 'rate_low': 1.5, 'rate_high': 10.5}.[0m
2021-04-20 20:26:29.635754: I tensorflow/compiler/jit/xla_gpu_device.cc:99] Not creating XLA devices, tf_xla_enable_xla_devices not set
maxFreq at 10nA: 1000.0
2021-04-20 20:26:54.860021: I tensorflow/compiler/jit/xla_gpu_device.cc:99] Not creating XLA devices, tf_xla_enable_xla_devices not set
2021-04-20 20:27:08.145725: I tensorflow/compiler/jit/xla_gpu_device.cc:99] Not creating XLA devices, tf_xla_enable_xla_devices not set
mse and spike frequency: 0.09995 0.0
[32m[I 2021-04-20 20:27:20,057][0m Trial 65 finished with values: [0.09995, 0.0] with parameters: {'Vahp': -43.5, 'Vth': -53.5, 'Vmax': 33.5, 't_ref': 13.0, 'R': 0.6, 'tau_m': 26.0, 'rate_low': 22.5, 'rate_high': 42.0}.[0m
2021-04-20 20:27:20.554609: I tensorflow/compiler/jit/xla_gpu_device.cc:99] Not creating XLA devices, tf_xla_enable_xla_devices not set
maxFreq at 10nA: 50.0
2021-04-20 20:27:45.131695: I tensorflow/compiler/jit/xla_gpu_device.cc:99] Not creating XLA devices, tf_xla_enable_xla_devices not set
2021-04-20 20:27:58.795622: I tensorflow/compiler/jit/xla_gpu_device.cc:99] Not creating XLA devices, tf_xla_enable_xla_devices not set
mse and spike frequency: 0.01265 3.58
[32m[I 2021-04-20 20:28:10,644][0m Trial 66 finished with values: [0.01265, 3.58] with parameters: {'Vahp': -58.0, 'Vth': -39.5, 'Vmax': 28.5, 't_ref': 18.0, 'R': 0.2, 'tau_m': 155.0, 'rate_low': 4.5, 'rate_high': 34.5}.[0m
2021-04-20 20:28:11.170380: I tensorflow/compiler/jit/xla_gpu_device.cc:99] Not creating XLA devices, tf_xla_enable_xla_devices not set
maxFreq at 10nA: 999.0
2021-04-20 20:28:35.580411: I tensorflow/compiler/jit/xla_gpu_device.cc:99] Not creating XLA devices, tf_xla_enable_xla_devices not set
2021-04-20 20:28:48.973583: I tensorflow/compiler/jit/xla_gpu_device.cc:99] Not creating XLA devices, tf_xla_enable_xla_devices not set
mse and spike frequency: 0.09995 0.0
[32m[I 2021-04-20 20:29:00,503][0m Trial 67 finished with values: [0.09995, 0.0] with parameters: {'Vahp': -21.0, 'Vth': -41.0, 'Vmax': 14.5, 't_ref': 5.0, 'R': 0.7000000000000001, 'tau_m': 437.5, 'rate_low': 9.5, 'rate_high': 10.5}.[0m
2021-04-20 20:29:01.020836: I tensorflow/compiler/jit/xla_gpu_device.cc:99] Not creating XLA devices, tf_xla_enable_xla_devices not set
maxFreq at 10nA: 998.0
2021-04-20 20:29:25.439241: I tensorflow/compiler/jit/xla_gpu_device.cc:99] Not creating XLA devices, tf_xla_enable_xla_devices not set
2021-04-20 20:29:38.732822: I tensorflow/compiler/jit/xla_gpu_device.cc:99] Not creating XLA devices, tf_xla_enable_xla_devices not set
mse and spike frequency: 0.09995 0.0
[32m[I 2021-04-20 20:29:50,235][0m Trial 68 finished with values: [0.09995, 0.0] with parameters: {'Vahp': -38.5, 'Vth': -39.5, 'Vmax': 30.5, 't_ref': 14.5, 'R': 0.2, 'tau_m': 261.0, 'rate_low': 4.5, 'rate_high': 7.0}.[0m
2021-04-20 20:29:50.785469: I tensorflow/compiler/jit/xla_gpu_device.cc:99] Not creating XLA devices, tf_xla_enable_xla_devices not set
maxFreq at 10nA: 100.0
2021-04-20 20:30:15.025282: I tensorflow/compiler/jit/xla_gpu_device.cc:99] Not creating XLA devices, tf_xla_enable_xla_devices not set
2021-04-20 20:30:28.791153: I tensorflow/compiler/jit/xla_gpu_device.cc:99] Not creating XLA devices, tf_xla_enable_xla_devices not set
mse and spike frequency: 0.00852 35.18
[32m[I 2021-04-20 20:30:40,791][0m Trial 69 finished with values: [0.00852, 35.18] with parameters: {'Vahp': -45.0, 'Vth': -36.5, 'Vmax': 13.0, 't_ref': 9.0, 'R': 0.5, 'tau_m': 97.5, 'rate_low': 48.5, 'rate_high': 10.5}.[0m
2021-04-20 20:30:41.408539: I tensorflow/compiler/jit/xla_gpu_device.cc:99] Not creating XLA devices, tf_xla_enable_xla_devices not set
maxFreq at 10nA: 50.0
2021-04-20 20:31:05.907142: I tensorflow/compiler/jit/xla_gpu_device.cc:99] Not creating XLA devices, tf_xla_enable_xla_devices not set
2021-04-20 20:31:19.693319: I tensorflow/compiler/jit/xla_gpu_device.cc:99] Not creating XLA devices, tf_xla_enable_xla_devices not set
mse and spike frequency: 0.00822 4.74
[32m[I 2021-04-20 20:31:31,651][0m Trial 70 finished with values: [0.00822, 4.74] with parameters: {'Vahp': -36.5, 'Vth': -30.5, 'Vmax': 25.5, 't_ref': 18.5, 'R': 0.30000000000000004, 'tau_m': 145.5, 'rate_low': 7.0, 'rate_high': 35.0}.[0m
2021-04-20 20:31:32.195275: I tensorflow/compiler/jit/xla_gpu_device.cc:99] Not creating XLA devices, tf_xla_enable_xla_devices not set
maxFreq at 10nA: 143.0
2021-04-20 20:31:56.521764: I tensorflow/compiler/jit/xla_gpu_device.cc:99] Not creating XLA devices, tf_xla_enable_xla_devices not set
2021-04-20 20:32:10.889349: I tensorflow/compiler/jit/xla_gpu_device.cc:99] Not creating XLA devices, tf_xla_enable_xla_devices not set
mse and spike frequency: 0.00363 32.24
[32m[I 2021-04-20 20:32:22,874][0m Trial 71 finished with values: [0.00363, 32.24] with parameters: {'Vahp': -42.0, 'Vth': -29.0, 'Vmax': 35.5, 't_ref': 5.5, 'R': 0.4, 'tau_m': 94.5, 'rate_low': 24.0, 'rate_high': 45.5}.[0m
2021-04-20 20:32:23.370265: I tensorflow/compiler/jit/xla_gpu_device.cc:99] Not creating XLA devices, tf_xla_enable_xla_devices not set
maxFreq at 10nA: 1000.0
2021-04-20 20:32:48.130644: I tensorflow/compiler/jit/xla_gpu_device.cc:99] Not creating XLA devices, tf_xla_enable_xla_devices not set
2021-04-20 20:33:02.442142: I tensorflow/compiler/jit/xla_gpu_device.cc:99] Not creating XLA devices, tf_xla_enable_xla_devices not set
mse and spike frequency: 0.09995 0.0
[32m[I 2021-04-20 20:33:14,697][0m Trial 72 finished with values: [0.09995, 0.0] with parameters: {'Vahp': -28.5, 'Vth': -30.5, 'Vmax': 19.5, 't_ref': 16.5, 'R': 0.9, 'tau_m': 299.0, 'rate_low': 23.0, 'rate_high': 50.0}.[0m
2021-04-20 20:33:15.234339: I tensorflow/compiler/jit/xla_gpu_device.cc:99] Not creating XLA devices, tf_xla_enable_xla_devices not set
maxFreq at 10nA: 56.0
2021-04-20 20:33:40.146638: I tensorflow/compiler/jit/xla_gpu_device.cc:99] Not creating XLA devices, tf_xla_enable_xla_devices not set
2021-04-20 20:33:54.623702: I tensorflow/compiler/jit/xla_gpu_device.cc:99] Not creating XLA devices, tf_xla_enable_xla_devices not set
mse and spike frequency: 0.01029 17.52
[32m[I 2021-04-20 20:34:07,191][0m Trial 73 finished with values: [0.01029, 17.52] with parameters: {'Vahp': -50.5, 'Vth': -39.0, 'Vmax': 11.0, 't_ref': 16.5, 'R': 0.2, 'tau_m': 30.0, 'rate_low': 23.0, 'rate_high': 35.0}.[0m
2021-04-20 20:34:07.707461: I tensorflow/compiler/jit/xla_gpu_device.cc:99] Not creating XLA devices, tf_xla_enable_xla_devices not set
maxFreq at 10nA: 1000.0
2021-04-20 20:34:32.108972: I tensorflow/compiler/jit/xla_gpu_device.cc:99] Not creating XLA devices, tf_xla_enable_xla_devices not set
2021-04-20 20:34:46.755405: I tensorflow/compiler/jit/xla_gpu_device.cc:99] Not creating XLA devices, tf_xla_enable_xla_devices not set
mse and spike frequency: 0.09995 0.0
[32m[I 2021-04-20 20:34:59,623][0m Trial 74 finished with values: [0.09995, 0.0] with parameters: {'Vahp': -24.5, 'Vth': -31.5, 'Vmax': 34.0, 't_ref': 9.0, 'R': 0.4, 'tau_m': 33.5, 'rate_low': 1.5, 'rate_high': 34.0}.[0m
2021-04-20 20:35:00.144057: I tensorflow/compiler/jit/xla_gpu_device.cc:99] Not creating XLA devices, tf_xla_enable_xla_devices not set
maxFreq at 10nA: 44.0
2021-04-20 20:35:24.728756: I tensorflow/compiler/jit/xla_gpu_device.cc:99] Not creating XLA devices, tf_xla_enable_xla_devices not set
2021-04-20 20:35:39.170923: I tensorflow/compiler/jit/xla_gpu_device.cc:99] Not creating XLA devices, tf_xla_enable_xla_devices not set
mse and spike frequency: 0.00778 7.69
[32m[I 2021-04-20 20:35:51,986][0m Trial 75 finished with values: [0.00778, 7.69] with parameters: {'Vahp': -43.5, 'Vth': -21.0, 'Vmax': 20.0, 't_ref': 20.0, 'R': 0.4, 'tau_m': 367.5, 'rate_low': 37.0, 'rate_high': 23.0}.[0m
2021-04-20 20:35:52.526161: I tensorflow/compiler/jit/xla_gpu_device.cc:99] Not creating XLA devices, tf_xla_enable_xla_devices not set
maxFreq at 10nA: 125.0
2021-04-20 20:36:17.414137: I tensorflow/compiler/jit/xla_gpu_device.cc:99] Not creating XLA devices, tf_xla_enable_xla_devices not set
2021-04-20 20:36:31.470716: I tensorflow/compiler/jit/xla_gpu_device.cc:99] Not creating XLA devices, tf_xla_enable_xla_devices not set
mse and spike frequency: 0.00713 8.49
[32m[I 2021-04-20 20:36:44,366][0m Trial 76 finished with values: [0.00713, 8.49] with parameters: {'Vahp': -53.5, 'Vth': -22.5, 'Vmax': 16.0, 't_ref': 7.0, 'R': 0.30000000000000004, 'tau_m': 79.0, 'rate_low': 17.0, 'rate_high': 17.0}.[0m
2021-04-20 20:36:44.944933: I tensorflow/compiler/jit/xla_gpu_device.cc:99] Not creating XLA devices, tf_xla_enable_xla_devices not set
maxFreq at 10nA: 48.0
2021-04-20 20:37:10.091402: I tensorflow/compiler/jit/xla_gpu_device.cc:99] Not creating XLA devices, tf_xla_enable_xla_devices not set
2021-04-20 20:37:23.805404: I tensorflow/compiler/jit/xla_gpu_device.cc:99] Not creating XLA devices, tf_xla_enable_xla_devices not set
mse and spike frequency: 0.01916 22.72
[32m[I 2021-04-20 20:37:36,812][0m Trial 77 finished with values: [0.01916, 22.72] with parameters: {'Vahp': -29.0, 'Vth': -22.5, 'Vmax': 16.0, 't_ref': 19.5, 'R': 0.8, 'tau_m': 79.0, 'rate_low': 41.0, 'rate_high': 50.0}.[0m
2021-04-20 20:37:37.374150: I tensorflow/compiler/jit/xla_gpu_device.cc:99] Not creating XLA devices, tf_xla_enable_xla_devices not set
maxFreq at 10nA: 999.0
2021-04-20 20:38:02.912726: I tensorflow/compiler/jit/xla_gpu_device.cc:99] Not creating XLA devices, tf_xla_enable_xla_devices not set
2021-04-20 20:38:16.360744: I tensorflow/compiler/jit/xla_gpu_device.cc:99] Not creating XLA devices, tf_xla_enable_xla_devices not set
mse and spike frequency: 0.09995 0.0
[32m[I 2021-04-20 20:38:29,806][0m Trial 78 finished with values: [0.09995, 0.0] with parameters: {'Vahp': -39.0, 'Vth': -51.0, 'Vmax': 19.5, 't_ref': 18.5, 'R': 0.30000000000000004, 'tau_m': 410.0, 'rate_low': 15.0, 'rate_high': 48.0}.[0m
2021-04-20 20:38:30.386472: I tensorflow/compiler/jit/xla_gpu_device.cc:99] Not creating XLA devices, tf_xla_enable_xla_devices not set
maxFreq at 10nA: 167.0
2021-04-20 20:38:55.497294: I tensorflow/compiler/jit/xla_gpu_device.cc:99] Not creating XLA devices, tf_xla_enable_xla_devices not set
2021-04-20 20:39:09.698177: I tensorflow/compiler/jit/xla_gpu_device.cc:99] Not creating XLA devices, tf_xla_enable_xla_devices not set
mse and spike frequency: 0.00329 26.44
[32m[I 2021-04-20 20:39:23,174][0m Trial 79 finished with values: [0.00329, 26.44] with parameters: {'Vahp': -26.5, 'Vth': -20.5, 'Vmax': 14.5, 't_ref': 5.0, 'R': 1.0, 'tau_m': 211.5, 'rate_low': 17.5, 'rate_high': 41.0}.[0m
2021-04-20 20:39:23.735498: I tensorflow/compiler/jit/xla_gpu_device.cc:99] Not creating XLA devices, tf_xla_enable_xla_devices not set
maxFreq at 10nA: 48.0
2021-04-20 20:39:49.160119: I tensorflow/compiler/jit/xla_gpu_device.cc:99] Not creating XLA devices, tf_xla_enable_xla_devices not set
2021-04-20 20:40:03.531543: I tensorflow/compiler/jit/xla_gpu_device.cc:99] Not creating XLA devices, tf_xla_enable_xla_devices not set
mse and spike frequency: 0.02052 21.37
[32m[I 2021-04-20 20:40:17,213][0m Trial 80 finished with values: [0.02052, 21.37] with parameters: {'Vahp': -23.5, 'Vth': -22.0, 'Vmax': 38.0, 't_ref': 19.5, 'R': 0.6, 'tau_m': 155.5, 'rate_low': 38.5, 'rate_high': 24.5}.[0m
2021-04-20 20:40:17.790302: I tensorflow/compiler/jit/xla_gpu_device.cc:99] Not creating XLA devices, tf_xla_enable_xla_devices not set
maxFreq at 10nA: 1000.0
2021-04-20 20:40:43.003101: I tensorflow/compiler/jit/xla_gpu_device.cc:99] Not creating XLA devices, tf_xla_enable_xla_devices not set
2021-04-20 20:40:57.571304: I tensorflow/compiler/jit/xla_gpu_device.cc:99] Not creating XLA devices, tf_xla_enable_xla_devices not set
mse and spike frequency: 0.09995 0.0
[32m[I 2021-04-20 20:41:11,364][0m Trial 81 finished with values: [0.09995, 0.0] with parameters: {'Vahp': -22.0, 'Vth': -24.0, 'Vmax': 29.5, 't_ref': 9.5, 'R': 0.7000000000000001, 'tau_m': 1.0, 'rate_low': 14.0, 'rate_high': 31.0}.[0m
2021-04-20 20:41:11.971777: I tensorflow/compiler/jit/xla_gpu_device.cc:99] Not creating XLA devices, tf_xla_enable_xla_devices not set
maxFreq at 10nA: 100.0
2021-04-20 20:41:37.313114: I tensorflow/compiler/jit/xla_gpu_device.cc:99] Not creating XLA devices, tf_xla_enable_xla_devices not set
2021-04-20 20:41:52.145154: I tensorflow/compiler/jit/xla_gpu_device.cc:99] Not creating XLA devices, tf_xla_enable_xla_devices not set
mse and spike frequency: 0.00908 3.6
[32m[I 2021-04-20 20:42:05,503][0m Trial 82 finished with values: [0.00908, 3.6] with parameters: {'Vahp': -46.5, 'Vth': -24.0, 'Vmax': 29.5, 't_ref': 7.0, 'R': 0.1, 'tau_m': 100.5, 'rate_low': 17.0, 'rate_high': 42.0}.[0m
2021-04-20 20:42:06.310562: I tensorflow/compiler/jit/xla_gpu_device.cc:99] Not creating XLA devices, tf_xla_enable_xla_devices not set
maxFreq at 10nA: 167.0
2021-04-20 20:42:31.588673: I tensorflow/compiler/jit/xla_gpu_device.cc:99] Not creating XLA devices, tf_xla_enable_xla_devices not set
2021-04-20 20:42:46.366057: I tensorflow/compiler/jit/xla_gpu_device.cc:99] Not creating XLA devices, tf_xla_enable_xla_devices not set
mse and spike frequency: 0.02202 3.37
[32m[I 2021-04-20 20:43:00,252][0m Trial 83 finished with values: [0.02202, 3.37] with parameters: {'Vahp': -44.5, 'Vth': -30.0, 'Vmax': 13.0, 't_ref': 3.5, 'R': 0.5, 'tau_m': 346.5, 'rate_low': 7.0, 'rate_high': 16.0}.[0m
2021-04-20 20:43:00.948864: I tensorflow/compiler/jit/xla_gpu_device.cc:99] Not creating XLA devices, tf_xla_enable_xla_devices not set
maxFreq at 10nA: 125.0
2021-04-20 20:43:26.184996: I tensorflow/compiler/jit/xla_gpu_device.cc:99] Not creating XLA devices, tf_xla_enable_xla_devices not set
2021-04-20 20:43:41.366731: I tensorflow/compiler/jit/xla_gpu_device.cc:99] Not creating XLA devices, tf_xla_enable_xla_devices not set
mse and spike frequency: 0.00285 25.52
[32m[I 2021-04-20 20:43:55,242][0m Trial 84 finished with values: [0.00285, 25.52] with parameters: {'Vahp': -52.0, 'Vth': -47.0, 'Vmax': 17.5, 't_ref': 7.0, 'R': 0.7000000000000001, 'tau_m': 334.0, 'rate_low': 14.5, 'rate_high': 17.0}.[0m
2021-04-20 20:43:55.849524: I tensorflow/compiler/jit/xla_gpu_device.cc:99] Not creating XLA devices, tf_xla_enable_xla_devices not set
maxFreq at 10nA: 83.0
2021-04-20 20:44:20.890556: I tensorflow/compiler/jit/xla_gpu_device.cc:99] Not creating XLA devices, tf_xla_enable_xla_devices not set
2021-04-20 20:44:36.839411: I tensorflow/compiler/jit/xla_gpu_device.cc:99] Not creating XLA devices, tf_xla_enable_xla_devices not set
mse and spike frequency: 0.01972 3.99
[32m[I 2021-04-20 20:44:51,094][0m Trial 85 finished with values: [0.01972, 3.99] with parameters: {'Vahp': -42.0, 'Vth': -26.5, 'Vmax': 35.5, 't_ref': 4.5, 'R': 0.1, 'tau_m': 397.0, 'rate_low': 48.5, 'rate_high': 22.0}.[0m
2021-04-20 20:44:51.817617: I tensorflow/compiler/jit/xla_gpu_device.cc:99] Not creating XLA devices, tf_xla_enable_xla_devices not set
maxFreq at 10nA: 998.0
2021-04-20 20:45:17.068102: I tensorflow/compiler/jit/xla_gpu_device.cc:99] Not creating XLA devices, tf_xla_enable_xla_devices not set
2021-04-20 20:45:33.179466: I tensorflow/compiler/jit/xla_gpu_device.cc:99] Not creating XLA devices, tf_xla_enable_xla_devices not set
mse and spike frequency: 0.09995 0.0
[32m[I 2021-04-20 20:45:47,973][0m Trial 86 finished with values: [0.09995, 0.0] with parameters: {'Vahp': -36.5, 'Vth': -49.5, 'Vmax': 23.5, 't_ref': 1.5, 'R': 0.1, 'tau_m': 313.5, 'rate_low': 4.5, 'rate_high': 49.5}.[0m
2021-04-20 20:45:48.538725: I tensorflow/compiler/jit/xla_gpu_device.cc:99] Not creating XLA devices, tf_xla_enable_xla_devices not set
maxFreq at 10nA: 1000.0
2021-04-20 20:46:14.108406: I tensorflow/compiler/jit/xla_gpu_device.cc:99] Not creating XLA devices, tf_xla_enable_xla_devices not set
2021-04-20 20:46:30.546966: I tensorflow/compiler/jit/xla_gpu_device.cc:99] Not creating XLA devices, tf_xla_enable_xla_devices not set
mse and spike frequency: 0.09995 0.0
[32m[I 2021-04-20 20:46:46,515][0m Trial 87 finished with values: [0.09995, 0.0] with parameters: {'Vahp': -35.5, 'Vth': -51.0, 'Vmax': 22.5, 't_ref': 19.5, 'R': 0.5, 'tau_m': 58.0, 'rate_low': 50.0, 'rate_high': 50.0}.[0m
2021-04-20 20:46:47.052717: I tensorflow/compiler/jit/xla_gpu_device.cc:99] Not creating XLA devices, tf_xla_enable_xla_devices not set
maxFreq at 10nA: 59.0
2021-04-20 20:47:13.257309: I tensorflow/compiler/jit/xla_gpu_device.cc:99] Not creating XLA devices, tf_xla_enable_xla_devices not set
2021-04-20 20:47:30.146381: I tensorflow/compiler/jit/xla_gpu_device.cc:99] Not creating XLA devices, tf_xla_enable_xla_devices not set
mse and spike frequency: 0.09995 0.0
[32m[I 2021-04-20 20:47:46,904][0m Trial 88 finished with values: [0.09995, 0.0] with parameters: {'Vahp': -54.0, 'Vth': -20.5, 'Vmax': 18.0, 't_ref': 16.0, 'R': 0.6, 'tau_m': 58.0, 'rate_low': 3.0, 'rate_high': 15.5}.[0m
2021-04-20 20:47:47.469128: I tensorflow/compiler/jit/xla_gpu_device.cc:99] Not creating XLA devices, tf_xla_enable_xla_devices not set
maxFreq at 10nA: 1000.0
2021-04-20 20:48:13.517567: I tensorflow/compiler/jit/xla_gpu_device.cc:99] Not creating XLA devices, tf_xla_enable_xla_devices not set
2021-04-20 20:48:30.202577: I tensorflow/compiler/jit/xla_gpu_device.cc:99] Not creating XLA devices, tf_xla_enable_xla_devices not set
mse and spike frequency: 0.09995 0.0
