[32m[I 2021-04-20 20:00:27,749][0m Trial 27 finished with values: [0.01405, 3.03] with parameters: {'Vahp': -35.0, 'Vth': -22.5, 'Vmax': 34.0, 't_ref': 3.0, 'R': 0.9, 'tau_m': 259.0, 'rate_low': 15.0, 'rate_high': 15.5}.[0m
2021-04-20 20:00:28.165744: I tensorflow/compiler/jit/xla_gpu_device.cc:99] Not creating XLA devices, tf_xla_enable_xla_devices not set
maxFreq at 10nA: 67.0
2021-04-20 20:00:48.246252: I tensorflow/compiler/jit/xla_gpu_device.cc:99] Not creating XLA devices, tf_xla_enable_xla_devices not set
2021-04-20 20:00:57.137805: I tensorflow/compiler/jit/xla_gpu_device.cc:99] Not creating XLA devices, tf_xla_enable_xla_devices not set
mse and spike frequency: 0.01084 3.84
[32m[I 2021-04-20 20:01:05,284][0m Trial 28 finished with values: [0.01084, 3.84] with parameters: {'Vahp': -42.0, 'Vth': -29.0, 'Vmax': 36.5, 't_ref': 13.5, 'R': 0.6, 'tau_m': 94.5, 'rate_low': 3.0, 'rate_high': 5.0}.[0m
2021-04-20 20:01:05.688029: I tensorflow/compiler/jit/xla_gpu_device.cc:99] Not creating XLA devices, tf_xla_enable_xla_devices not set
maxFreq at 10nA: 1000.0
2021-04-20 20:01:26.228279: I tensorflow/compiler/jit/xla_gpu_device.cc:99] Not creating XLA devices, tf_xla_enable_xla_devices not set
2021-04-20 20:01:35.438093: I tensorflow/compiler/jit/xla_gpu_device.cc:99] Not creating XLA devices, tf_xla_enable_xla_devices not set
mse and spike frequency: 0.09995 0.0
[32m[I 2021-04-20 20:01:43,866][0m Trial 29 finished with values: [0.09995, 0.0] with parameters: {'Vahp': -38.5, 'Vth': -53.0, 'Vmax': 24.0, 't_ref': 13.5, 'R': 0.2, 'tau_m': 33.5, 'rate_low': 47.0, 'rate_high': 48.0}.[0m
2021-04-20 20:01:44.285644: I tensorflow/compiler/jit/xla_gpu_device.cc:99] Not creating XLA devices, tf_xla_enable_xla_devices not set
maxFreq at 10nA: 250.0
2021-04-20 20:02:03.953874: I tensorflow/compiler/jit/xla_gpu_device.cc:99] Not creating XLA devices, tf_xla_enable_xla_devices not set
2021-04-20 20:02:12.840760: I tensorflow/compiler/jit/xla_gpu_device.cc:99] Not creating XLA devices, tf_xla_enable_xla_devices not set
mse and spike frequency: 0.09995 0.0
[32m[I 2021-04-20 20:02:20,966][0m Trial 30 finished with values: [0.09995, 0.0] with parameters: {'Vahp': -29.0, 'Vth': -28.0, 'Vmax': 17.0, 't_ref': 3.0, 'R': 0.8, 'tau_m': 26.0, 'rate_low': 26.0, 'rate_high': 28.5}.[0m
2021-04-20 20:02:21.372276: I tensorflow/compiler/jit/xla_gpu_device.cc:99] Not creating XLA devices, tf_xla_enable_xla_devices not set
maxFreq at 10nA: 1000.0
2021-04-20 20:02:41.684317: I tensorflow/compiler/jit/xla_gpu_device.cc:99] Not creating XLA devices, tf_xla_enable_xla_devices not set
2021-04-20 20:02:51.047646: I tensorflow/compiler/jit/xla_gpu_device.cc:99] Not creating XLA devices, tf_xla_enable_xla_devices not set
mse and spike frequency: 0.09995 0.0
[32m[I 2021-04-20 20:02:59,352][0m Trial 31 finished with values: [0.09995, 0.0] with parameters: {'Vahp': -43.5, 'Vth': -50.5, 'Vmax': 13.0, 't_ref': 6.0, 'R': 0.4, 'tau_m': 93.5, 'rate_low': 32.5, 'rate_high': 49.5}.[0m
2021-04-20 20:02:59.763044: I tensorflow/compiler/jit/xla_gpu_device.cc:99] Not creating XLA devices, tf_xla_enable_xla_devices not set
maxFreq at 10nA: 67.0
2021-04-20 20:03:19.855709: I tensorflow/compiler/jit/xla_gpu_device.cc:99] Not creating XLA devices, tf_xla_enable_xla_devices not set
2021-04-20 20:03:29.157026: I tensorflow/compiler/jit/xla_gpu_device.cc:99] Not creating XLA devices, tf_xla_enable_xla_devices not set
mse and spike frequency: 0.00543 18.74
[32m[I 2021-04-20 20:03:37,795][0m Trial 32 finished with values: [0.00543, 18.74] with parameters: {'Vahp': -55.0, 'Vth': -45.5, 'Vmax': 15.5, 't_ref': 14.0, 'R': 0.7000000000000001, 'tau_m': 167.5, 'rate_low': 21.5, 'rate_high': 24.5}.[0m
2021-04-20 20:03:38.204315: I tensorflow/compiler/jit/xla_gpu_device.cc:99] Not creating XLA devices, tf_xla_enable_xla_devices not set
maxFreq at 10nA: 998.0
2021-04-20 20:03:58.601483: I tensorflow/compiler/jit/xla_gpu_device.cc:99] Not creating XLA devices, tf_xla_enable_xla_devices not set
2021-04-20 20:04:08.312649: I tensorflow/compiler/jit/xla_gpu_device.cc:99] Not creating XLA devices, tf_xla_enable_xla_devices not set
mse and spike frequency: 0.09995 0.0
[32m[I 2021-04-20 20:04:16,947][0m Trial 33 finished with values: [0.09995, 0.0] with parameters: {'Vahp': -39.0, 'Vth': -41.5, 'Vmax': 37.5, 't_ref': 19.0, 'R': 0.2, 'tau_m': 236.0, 'rate_low': 12.5, 'rate_high': 18.0}.[0m
2021-04-20 20:04:17.374381: I tensorflow/compiler/jit/xla_gpu_device.cc:99] Not creating XLA devices, tf_xla_enable_xla_devices not set
maxFreq at 10nA: 1000.0
2021-04-20 20:04:38.248618: I tensorflow/compiler/jit/xla_gpu_device.cc:99] Not creating XLA devices, tf_xla_enable_xla_devices not set
2021-04-20 20:04:47.799844: I tensorflow/compiler/jit/xla_gpu_device.cc:99] Not creating XLA devices, tf_xla_enable_xla_devices not set
mse and spike frequency: 0.09995 0.0
[32m[I 2021-04-20 20:04:56,446][0m Trial 34 finished with values: [0.09995, 0.0] with parameters: {'Vahp': -53.5, 'Vth': -57.5, 'Vmax': 11.0, 't_ref': 9.0, 'R': 0.7000000000000001, 'tau_m': 132.5, 'rate_low': 10.0, 'rate_high': 45.0}.[0m
2021-04-20 20:04:56.889397: I tensorflow/compiler/jit/xla_gpu_device.cc:99] Not creating XLA devices, tf_xla_enable_xla_devices not set
maxFreq at 10nA: 1000.0
2021-04-20 20:05:18.008725: I tensorflow/compiler/jit/xla_gpu_device.cc:99] Not creating XLA devices, tf_xla_enable_xla_devices not set
2021-04-20 20:05:27.796489: I tensorflow/compiler/jit/xla_gpu_device.cc:99] Not creating XLA devices, tf_xla_enable_xla_devices not set
mse and spike frequency: 0.09995 0.0
[32m[I 2021-04-20 20:05:36,610][0m Trial 35 finished with values: [0.09995, 0.0] with parameters: {'Vahp': -37.0, 'Vth': -49.5, 'Vmax': 35.0, 't_ref': 13.0, 'R': 0.30000000000000004, 'tau_m': 196.5, 'rate_low': 50.0, 'rate_high': 50.0}.[0m
2021-04-20 20:05:37.018873: I tensorflow/compiler/jit/xla_gpu_device.cc:99] Not creating XLA devices, tf_xla_enable_xla_devices not set
maxFreq at 10nA: 999.0
2021-04-20 20:05:58.009891: I tensorflow/compiler/jit/xla_gpu_device.cc:99] Not creating XLA devices, tf_xla_enable_xla_devices not set
2021-04-20 20:06:07.899562: I tensorflow/compiler/jit/xla_gpu_device.cc:99] Not creating XLA devices, tf_xla_enable_xla_devices not set
mse and spike frequency: 0.09995 0.0
[32m[I 2021-04-20 20:06:16,913][0m Trial 36 finished with values: [0.09995, 0.0] with parameters: {'Vahp': -40.0, 'Vth': -42.0, 'Vmax': 16.0, 't_ref': 15.5, 'R': 0.7000000000000001, 'tau_m': 448.5, 'rate_low': 45.5, 'rate_high': 47.5}.[0m
2021-04-20 20:06:17.328317: I tensorflow/compiler/jit/xla_gpu_device.cc:99] Not creating XLA devices, tf_xla_enable_xla_devices not set
maxFreq at 10nA: 998.0
2021-04-20 20:06:38.390390: I tensorflow/compiler/jit/xla_gpu_device.cc:99] Not creating XLA devices, tf_xla_enable_xla_devices not set
2021-04-20 20:06:48.292714: I tensorflow/compiler/jit/xla_gpu_device.cc:99] Not creating XLA devices, tf_xla_enable_xla_devices not set
mse and spike frequency: 0.09995 0.0
[32m[I 2021-04-20 20:06:57,417][0m Trial 37 finished with values: [0.09995, 0.0] with parameters: {'Vahp': -20.0, 'Vth': -21.5, 'Vmax': 16.0, 't_ref': 15.0, 'R': 0.9, 'tau_m': 489.0, 'rate_low': 41.5, 'rate_high': 43.0}.[0m
2021-04-20 20:06:57.839000: I tensorflow/compiler/jit/xla_gpu_device.cc:99] Not creating XLA devices, tf_xla_enable_xla_devices not set
maxFreq at 10nA: 67.0
2021-04-20 20:07:19.203658: I tensorflow/compiler/jit/xla_gpu_device.cc:99] Not creating XLA devices, tf_xla_enable_xla_devices not set
2021-04-20 20:07:29.624914: I tensorflow/compiler/jit/xla_gpu_device.cc:99] Not creating XLA devices, tf_xla_enable_xla_devices not set
mse and spike frequency: 0.00578 6.9
[32m[I 2021-04-20 20:07:38,611][0m Trial 38 finished with values: [0.00578, 6.9] with parameters: {'Vahp': -57.5, 'Vth': -50.0, 'Vmax': 27.5, 't_ref': 12.0, 'R': 0.1, 'tau_m': 331.0, 'rate_low': 23.0, 'rate_high': 32.0}.[0m
2021-04-20 20:07:39.094959: I tensorflow/compiler/jit/xla_gpu_device.cc:99] Not creating XLA devices, tf_xla_enable_xla_devices not set
maxFreq at 10nA: 200.0
2021-04-20 20:08:00.365891: I tensorflow/compiler/jit/xla_gpu_device.cc:99] Not creating XLA devices, tf_xla_enable_xla_devices not set
2021-04-20 20:08:10.834727: I tensorflow/compiler/jit/xla_gpu_device.cc:99] Not creating XLA devices, tf_xla_enable_xla_devices not set
mse and spike frequency: 0.00225 24.16
[32m[I 2021-04-20 20:08:20,328][0m Trial 39 finished with values: [0.00225, 24.16] with parameters: {'Vahp': -59.5, 'Vth': -38.5, 'Vmax': 17.5, 't_ref': 4.0, 'R': 1.0, 'tau_m': 159.0, 'rate_low': 13.0, 'rate_high': 34.5}.[0m
2021-04-20 20:08:20.744603: I tensorflow/compiler/jit/xla_gpu_device.cc:99] Not creating XLA devices, tf_xla_enable_xla_devices not set
maxFreq at 10nA: 1000.0
2021-04-20 20:08:41.657967: I tensorflow/compiler/jit/xla_gpu_device.cc:99] Not creating XLA devices, tf_xla_enable_xla_devices not set
2021-04-20 20:08:51.858565: I tensorflow/compiler/jit/xla_gpu_device.cc:99] Not creating XLA devices, tf_xla_enable_xla_devices not set
mse and spike frequency: 0.09995 0.0
[32m[I 2021-04-20 20:09:01,652][0m Trial 40 finished with values: [0.09995, 0.0] with parameters: {'Vahp': -39.5, 'Vth': -53.0, 'Vmax': 20.5, 't_ref': 5.0, 'R': 1.0, 'tau_m': 274.0, 'rate_low': 46.5, 'rate_high': 49.0}.[0m
2021-04-20 20:09:02.073240: I tensorflow/compiler/jit/xla_gpu_device.cc:99] Not creating XLA devices, tf_xla_enable_xla_devices not set
maxFreq at 10nA: 1000.0
2021-04-20 20:09:23.515173: I tensorflow/compiler/jit/xla_gpu_device.cc:99] Not creating XLA devices, tf_xla_enable_xla_devices not set
2021-04-20 20:09:33.660274: I tensorflow/compiler/jit/xla_gpu_device.cc:99] Not creating XLA devices, tf_xla_enable_xla_devices not set
mse and spike frequency: 0.09996 1000.1
[32m[I 2021-04-20 20:09:44,006][0m Trial 41 finished with values: [0.09996, 1000.1] with parameters: {'Vahp': -26.0, 'Vth': -59.0, 'Vmax': 11.0, 't_ref': 1.5, 'R': 1.0, 'tau_m': 245.5, 'rate_low': 49.0, 'rate_high': 50.0}.[0m
2021-04-20 20:09:44.494568: I tensorflow/compiler/jit/xla_gpu_device.cc:99] Not creating XLA devices, tf_xla_enable_xla_devices not set
maxFreq at 10nA: 1000.0
2021-04-20 20:10:06.635570: I tensorflow/compiler/jit/xla_gpu_device.cc:99] Not creating XLA devices, tf_xla_enable_xla_devices not set
2021-04-20 20:10:17.004348: I tensorflow/compiler/jit/xla_gpu_device.cc:99] Not creating XLA devices, tf_xla_enable_xla_devices not set
mse and spike frequency: 0.09995 0.0
[32m[I 2021-04-20 20:10:27,482][0m Trial 42 finished with values: [0.09995, 0.0] with parameters: {'Vahp': -46.5, 'Vth': -50.5, 'Vmax': 15.0, 't_ref': 16.0, 'R': 0.4, 'tau_m': 24.0, 'rate_low': 12.0, 'rate_high': 32.0}.[0m
2021-04-20 20:10:28.017083: I tensorflow/compiler/jit/xla_gpu_device.cc:99] Not creating XLA devices, tf_xla_enable_xla_devices not set
maxFreq at 10nA: 1000.0
2021-04-20 20:10:49.009910: I tensorflow/compiler/jit/xla_gpu_device.cc:99] Not creating XLA devices, tf_xla_enable_xla_devices not set
2021-04-20 20:10:59.259230: I tensorflow/compiler/jit/xla_gpu_device.cc:99] Not creating XLA devices, tf_xla_enable_xla_devices not set
mse and spike frequency: 0.09995 0.0
[32m[I 2021-04-20 20:11:09,254][0m Trial 43 finished with values: [0.09995, 0.0] with parameters: {'Vahp': -32.0, 'Vth': -34.0, 'Vmax': 25.5, 't_ref': 13.0, 'R': 1.0, 'tau_m': 22.0, 'rate_low': 18.0, 'rate_high': 19.5}.[0m
2021-04-20 20:11:09.767337: I tensorflow/compiler/jit/xla_gpu_device.cc:99] Not creating XLA devices, tf_xla_enable_xla_devices not set
maxFreq at 10nA: 1000.0
2021-04-20 20:11:31.661060: I tensorflow/compiler/jit/xla_gpu_device.cc:99] Not creating XLA devices, tf_xla_enable_xla_devices not set
2021-04-20 20:11:42.255162: I tensorflow/compiler/jit/xla_gpu_device.cc:99] Not creating XLA devices, tf_xla_enable_xla_devices not set
mse and spike frequency: 0.09995 0.0
[32m[I 2021-04-20 20:11:51,968][0m Trial 44 finished with values: [0.09995, 0.0] with parameters: {'Vahp': -23.5, 'Vth': -57.0, 'Vmax': 34.0, 't_ref': 18.5, 'R': 0.30000000000000004, 'tau_m': 496.0, 'rate_low': 33.0, 'rate_high': 37.5}.[0m
2021-04-20 20:11:52.440713: I tensorflow/compiler/jit/xla_gpu_device.cc:99] Not creating XLA devices, tf_xla_enable_xla_devices not set
maxFreq at 10nA: 500.0
2021-04-20 20:12:14.436947: I tensorflow/compiler/jit/xla_gpu_device.cc:99] Not creating XLA devices, tf_xla_enable_xla_devices not set
2021-04-20 20:12:24.835758: I tensorflow/compiler/jit/xla_gpu_device.cc:99] Not creating XLA devices, tf_xla_enable_xla_devices not set
mse and spike frequency: 0.00169 63.9
[32m[I 2021-04-20 20:12:34,499][0m Trial 45 finished with values: [0.00169, 63.9] with parameters: {'Vahp': -55.0, 'Vth': -47.0, 'Vmax': 14.5, 't_ref': 0.5, 'R': 0.7000000000000001, 'tau_m': 407.5, 'rate_low': 46.5, 'rate_high': 48.5}.[0m
2021-04-20 20:12:34.957962: I tensorflow/compiler/jit/xla_gpu_device.cc:99] Not creating XLA devices, tf_xla_enable_xla_devices not set
maxFreq at 10nA: 1000.0
2021-04-20 20:12:57.615520: I tensorflow/compiler/jit/xla_gpu_device.cc:99] Not creating XLA devices, tf_xla_enable_xla_devices not set
2021-04-20 20:13:08.012084: I tensorflow/compiler/jit/xla_gpu_device.cc:99] Not creating XLA devices, tf_xla_enable_xla_devices not set
mse and spike frequency: 0.09995 0.0
[32m[I 2021-04-20 20:13:17,678][0m Trial 46 finished with values: [0.09995, 0.0] with parameters: {'Vahp': -24.5, 'Vth': -55.0, 'Vmax': 16.5, 't_ref': 10.5, 'R': 0.5, 'tau_m': 211.0, 'rate_low': 23.5, 'rate_high': 33.0}.[0m
2021-04-20 20:13:18.162014: I tensorflow/compiler/jit/xla_gpu_device.cc:99] Not creating XLA devices, tf_xla_enable_xla_devices not set
maxFreq at 10nA: 1000.0
2021-04-20 20:13:39.807092: I tensorflow/compiler/jit/xla_gpu_device.cc:99] Not creating XLA devices, tf_xla_enable_xla_devices not set
2021-04-20 20:13:50.532074: I tensorflow/compiler/jit/xla_gpu_device.cc:99] Not creating XLA devices, tf_xla_enable_xla_devices not set
mse and spike frequency: 0.09995 0.0
[32m[I 2021-04-20 20:14:00,242][0m Trial 47 finished with values: [0.09995, 0.0] with parameters: {'Vahp': -46.0, 'Vth': -49.0, 'Vmax': 33.0, 't_ref': 2.0, 'R': 0.7000000000000001, 'tau_m': 100.0, 'rate_low': 32.5, 'rate_high': 41.0}.[0m
2021-04-20 20:14:00.747052: I tensorflow/compiler/jit/xla_gpu_device.cc:99] Not creating XLA devices, tf_xla_enable_xla_devices not set
maxFreq at 10nA: 999.0
2021-04-20 20:14:22.773537: I tensorflow/compiler/jit/xla_gpu_device.cc:99] Not creating XLA devices, tf_xla_enable_xla_devices not set
2021-04-20 20:14:33.733717: I tensorflow/compiler/jit/xla_gpu_device.cc:99] Not creating XLA devices, tf_xla_enable_xla_devices not set
mse and spike frequency: 0.09995 0.0
[32m[I 2021-04-20 20:14:43,675][0m Trial 48 finished with values: [0.09995, 0.0] with parameters: {'Vahp': -21.5, 'Vth': -35.0, 'Vmax': 25.0, 't_ref': 0.5, 'R': 0.9, 'tau_m': 470.0, 'rate_low': 43.0, 'rate_high': 43.5}.[0m
2021-04-20 20:14:44.138748: I tensorflow/compiler/jit/xla_gpu_device.cc:99] Not creating XLA devices, tf_xla_enable_xla_devices not set
maxFreq at 10nA: 1000.0
2021-04-20 20:15:06.149873: I tensorflow/compiler/jit/xla_gpu_device.cc:99] Not creating XLA devices, tf_xla_enable_xla_devices not set
2021-04-20 20:15:17.310792: I tensorflow/compiler/jit/xla_gpu_device.cc:99] Not creating XLA devices, tf_xla_enable_xla_devices not set
mse and spike frequency: 0.09995 0.0
[32m[I 2021-04-20 20:15:27,622][0m Trial 49 finished with values: [0.09995, 0.0] with parameters: {'Vahp': -34.5, 'Vth': -52.0, 'Vmax': 16.0, 't_ref': 5.0, 'R': 0.6, 'tau_m': 425.5, 'rate_low': 8.5, 'rate_high': 33.5}.[0m
2021-04-20 20:15:28.119964: I tensorflow/compiler/jit/xla_gpu_device.cc:99] Not creating XLA devices, tf_xla_enable_xla_devices not set
maxFreq at 10nA: 1000.0
2021-04-20 20:15:50.190630: I tensorflow/compiler/jit/xla_gpu_device.cc:99] Not creating XLA devices, tf_xla_enable_xla_devices not set
2021-04-20 20:16:01.481573: I tensorflow/compiler/jit/xla_gpu_device.cc:99] Not creating XLA devices, tf_xla_enable_xla_devices not set
mse and spike frequency: 0.09995 0.0
[32m[I 2021-04-20 20:16:11,766][0m Trial 50 finished with values: [0.09995, 0.0] with parameters: {'Vahp': -44.0, 'Vth': -54.5, 'Vmax': 32.5, 't_ref': 18.0, 'R': 0.30000000000000004, 'tau_m': 93.5, 'rate_low': 32.5, 'rate_high': 49.5}.[0m
2021-04-20 20:16:12.249411: I tensorflow/compiler/jit/xla_gpu_device.cc:99] Not creating XLA devices, tf_xla_enable_xla_devices not set
maxFreq at 10nA: 1000.0
2021-04-20 20:16:34.755953: I tensorflow/compiler/jit/xla_gpu_device.cc:99] Not creating XLA devices, tf_xla_enable_xla_devices not set
2021-04-20 20:16:45.842568: I tensorflow/compiler/jit/xla_gpu_device.cc:99] Not creating XLA devices, tf_xla_enable_xla_devices not set
mse and spike frequency: 0.09995 0.0
[32m[I 2021-04-20 20:16:56,297][0m Trial 51 finished with values: [0.09995, 0.0] with parameters: {'Vahp': -23.5, 'Vth': -57.0, 'Vmax': 31.0, 't_ref': 18.5, 'R': 0.8, 'tau_m': 496.0, 'rate_low': 33.0, 'rate_high': 34.0}.[0m
2021-04-20 20:16:56.787228: I tensorflow/compiler/jit/xla_gpu_device.cc:99] Not creating XLA devices, tf_xla_enable_xla_devices not set
maxFreq at 10nA: 500.0
2021-04-20 20:17:18.919490: I tensorflow/compiler/jit/xla_gpu_device.cc:99] Not creating XLA devices, tf_xla_enable_xla_devices not set
2021-04-20 20:17:30.196183: I tensorflow/compiler/jit/xla_gpu_device.cc:99] Not creating XLA devices, tf_xla_enable_xla_devices not set
mse and spike frequency: 0.53522 27.66
[32m[I 2021-04-20 20:17:41,251][0m Trial 52 finished with values: [0.53522, 27.66] with parameters: {'Vahp': -55.0, 'Vth': -47.0, 'Vmax': 14.5, 't_ref': 0.5, 'R': 0.7000000000000001, 'tau_m': 94.5, 'rate_low': 3.0, 'rate_high': 48.5}.[0m
2021-04-20 20:17:41.770285: I tensorflow/compiler/jit/xla_gpu_device.cc:99] Not creating XLA devices, tf_xla_enable_xla_devices not set
maxFreq at 10nA: 1000.0
2021-04-20 20:18:04.332157: I tensorflow/compiler/jit/xla_gpu_device.cc:99] Not creating XLA devices, tf_xla_enable_xla_devices not set
2021-04-20 20:18:15.845564: I tensorflow/compiler/jit/xla_gpu_device.cc:99] Not creating XLA devices, tf_xla_enable_xla_devices not set
mse and spike frequency: 0.09995 0.0
[32m[I 2021-04-20 20:18:27,130][0m Trial 53 finished with values: [0.09995, 0.0] with parameters: {'Vahp': -35.0, 'Vth': -35.5, 'Vmax': 20.0, 't_ref': 3.0, 'R': 0.5, 'tau_m': 205.5, 'rate_low': 40.0, 'rate_high': 35.0}.[0m
2021-04-20 20:18:27.618595: I tensorflow/compiler/jit/xla_gpu_device.cc:99] Not creating XLA devices, tf_xla_enable_xla_devices not set
maxFreq at 10nA: 100.0
2021-04-20 20:18:50.118579: I tensorflow/compiler/jit/xla_gpu_device.cc:99] Not creating XLA devices, tf_xla_enable_xla_devices not set
2021-04-20 20:19:01.620318: I tensorflow/compiler/jit/xla_gpu_device.cc:99] Not creating XLA devices, tf_xla_enable_xla_devices not set
mse and spike frequency: 0.00465 18.94
[32m[I 2021-04-20 20:19:13,233][0m Trial 54 finished with values: [0.00465, 18.94] with parameters: {'Vahp': -53.5, 'Vth': -43.0, 'Vmax': 11.0, 't_ref': 9.0, 'R': 0.7000000000000001, 'tau_m': 132.5, 'rate_low': 10.0, 'rate_high': 45.0}.[0m
2021-04-20 20:19:13.739292: I tensorflow/compiler/jit/xla_gpu_device.cc:99] Not creating XLA devices, tf_xla_enable_xla_devices not set
maxFreq at 10nA: 1000.0
2021-04-20 20:19:36.622939: I tensorflow/compiler/jit/xla_gpu_device.cc:99] Not creating XLA devices, tf_xla_enable_xla_devices not set
2021-04-20 20:19:48.194289: I tensorflow/compiler/jit/xla_gpu_device.cc:99] Not creating XLA devices, tf_xla_enable_xla_devices not set
mse and spike frequency: 0.09995 0.0
[32m[I 2021-04-20 20:19:59,526][0m Trial 55 finished with values: [0.09995, 0.0] with parameters: {'Vahp': -41.0, 'Vth': -42.5, 'Vmax': 33.5, 't_ref': 1.5, 'R': 0.8, 'tau_m': 158.0, 'rate_low': 18.5, 'rate_high': 47.5}.[0m
2021-04-20 20:19:59.980145: I tensorflow/compiler/jit/xla_gpu_device.cc:99] Not creating XLA devices, tf_xla_enable_xla_devices not set
maxFreq at 10nA: 1000.0
2021-04-20 20:20:23.127587: I tensorflow/compiler/jit/xla_gpu_device.cc:99] Not creating XLA devices, tf_xla_enable_xla_devices not set
2021-04-20 20:20:34.482857: I tensorflow/compiler/jit/xla_gpu_device.cc:99] Not creating XLA devices, tf_xla_enable_xla_devices not set
mse and spike frequency: 0.09995 0.0
[32m[I 2021-04-20 20:20:45,523][0m Trial 56 finished with values: [0.09995, 0.0] with parameters: {'Vahp': -39.5, 'Vth': -53.0, 'Vmax': 20.5, 't_ref': 1.0, 'R': 0.4, 'tau_m': 274.0, 'rate_low': 46.5, 'rate_high': 49.0}.[0m
2021-04-20 20:20:45.970715: I tensorflow/compiler/jit/xla_gpu_device.cc:99] Not creating XLA devices, tf_xla_enable_xla_devices not set
maxFreq at 10nA: 84.0
2021-04-20 20:21:08.573628: I tensorflow/compiler/jit/xla_gpu_device.cc:99] Not creating XLA devices, tf_xla_enable_xla_devices not set
2021-04-20 20:21:19.873461: I tensorflow/compiler/jit/xla_gpu_device.cc:99] Not creating XLA devices, tf_xla_enable_xla_devices not set
mse and spike frequency: 0.00359 18.29
[32m[I 2021-04-20 20:21:30,622][0m Trial 57 finished with values: [0.00359, 18.29] with parameters: {'Vahp': -55.5, 'Vth': -43.0, 'Vmax': 39.0, 't_ref': 11.0, 'R': 1.0, 'tau_m': 337.0, 'rate_low': 19.5, 'rate_high': 20.5}.[0m
2021-04-20 20:21:31.058721: I tensorflow/compiler/jit/xla_gpu_device.cc:99] Not creating XLA devices, tf_xla_enable_xla_devices not set
maxFreq at 10nA: 72.0
2021-04-20 20:21:54.064963: I tensorflow/compiler/jit/xla_gpu_device.cc:99] Not creating XLA devices, tf_xla_enable_xla_devices not set
2021-04-20 20:22:05.623291: I tensorflow/compiler/jit/xla_gpu_device.cc:99] Not creating XLA devices, tf_xla_enable_xla_devices not set
mse and spike frequency: 0.00401 17.09
