[32m[I 2021-04-20 21:52:23,102][0m Trial 142 finished with values: [0.09995, 0.0] with parameters: {'Vahp': -22.0, 'Vth': -51.0, 'Vmax': 32.0, 't_ref': 13.5, 'R': 0.1, 'tau_m': 24.5, 'R_adp': 0.7000000000000001, 'tau_w': 396.5, 'a': 416.5, 'rate_low': 26.5, 'rate_high': 49.5}.[0m
2021-04-20 21:52:23.812751: I tensorflow/compiler/jit/xla_gpu_device.cc:99] Not creating XLA devices, tf_xla_enable_xla_devices not set
maxFreq at 10nA: 1000.0
2021-04-20 21:52:58.038627: I tensorflow/compiler/jit/xla_gpu_device.cc:99] Not creating XLA devices, tf_xla_enable_xla_devices not set
2021-04-20 21:53:20.959762: I tensorflow/compiler/jit/xla_gpu_device.cc:99] Not creating XLA devices, tf_xla_enable_xla_devices not set
mse and spike frequency: 0.09995 0.0
[32m[I 2021-04-20 21:53:41,518][0m Trial 143 finished with values: [0.09995, 0.0] with parameters: {'Vahp': -46.5, 'Vth': -57.5, 'Vmax': 19.0, 't_ref': 15.5, 'R': 0.1, 'tau_m': 345.5, 'R_adp': 0.9, 'tau_w': 474.5, 'a': 453.5, 'rate_low': 49.0, 'rate_high': 50.0}.[0m
2021-04-20 21:53:42.207347: I tensorflow/compiler/jit/xla_gpu_device.cc:99] Not creating XLA devices, tf_xla_enable_xla_devices not set
maxFreq at 10nA: 56.0
2021-04-20 21:54:16.333499: I tensorflow/compiler/jit/xla_gpu_device.cc:99] Not creating XLA devices, tf_xla_enable_xla_devices not set
2021-04-20 21:54:39.390612: I tensorflow/compiler/jit/xla_gpu_device.cc:99] Not creating XLA devices, tf_xla_enable_xla_devices not set
mse and spike frequency: 0.01423 3.16
[32m[I 2021-04-20 21:54:59,746][0m Trial 144 finished with values: [0.01423, 3.16] with parameters: {'Vahp': -41.5, 'Vth': -31.5, 'Vmax': 24.0, 't_ref': 16.0, 'R': 0.2, 'tau_m': 258.5, 'R_adp': 1.0, 'tau_w': 351.5, 'a': 0.5, 'rate_low': 7.0, 'rate_high': 34.0}.[0m
2021-04-20 21:55:00.591421: I tensorflow/compiler/jit/xla_gpu_device.cc:99] Not creating XLA devices, tf_xla_enable_xla_devices not set
maxFreq at 10nA: 999.0
2021-04-20 21:55:34.342051: I tensorflow/compiler/jit/xla_gpu_device.cc:99] Not creating XLA devices, tf_xla_enable_xla_devices not set
2021-04-20 21:55:57.506258: I tensorflow/compiler/jit/xla_gpu_device.cc:99] Not creating XLA devices, tf_xla_enable_xla_devices not set
mse and spike frequency: 0.09995 0.0
[32m[I 2021-04-20 21:56:17,892][0m Trial 145 finished with values: [0.09995, 0.0] with parameters: {'Vahp': -25.5, 'Vth': -42.0, 'Vmax': 39.5, 't_ref': 18.0, 'R': 0.1, 'tau_m': 64.5, 'R_adp': 0.6, 'tau_w': 268.0, 'a': 219.0, 'rate_low': 26.5, 'rate_high': 42.0}.[0m
2021-04-20 21:56:18.763550: I tensorflow/compiler/jit/xla_gpu_device.cc:99] Not creating XLA devices, tf_xla_enable_xla_devices not set
maxFreq at 10nA: 56.0
2021-04-20 21:56:52.723891: I tensorflow/compiler/jit/xla_gpu_device.cc:99] Not creating XLA devices, tf_xla_enable_xla_devices not set
2021-04-20 21:57:15.673096: I tensorflow/compiler/jit/xla_gpu_device.cc:99] Not creating XLA devices, tf_xla_enable_xla_devices not set
mse and spike frequency: 0.05459 2.05
[32m[I 2021-04-20 21:57:36,249][0m Trial 146 finished with values: [0.05459, 2.05] with parameters: {'Vahp': -55.0, 'Vth': -48.0, 'Vmax': 26.0, 't_ref': 16.0, 'R': 0.1, 'tau_m': 143.0, 'R_adp': 0.1, 'tau_w': 215.5, 'a': 129.5, 'rate_low': 3.0, 'rate_high': 34.5}.[0m
2021-04-20 21:57:36.960726: I tensorflow/compiler/jit/xla_gpu_device.cc:99] Not creating XLA devices, tf_xla_enable_xla_devices not set
maxFreq at 10nA: 1000.0
2021-04-20 21:58:10.737793: I tensorflow/compiler/jit/xla_gpu_device.cc:99] Not creating XLA devices, tf_xla_enable_xla_devices not set
2021-04-20 21:58:33.585378: I tensorflow/compiler/jit/xla_gpu_device.cc:99] Not creating XLA devices, tf_xla_enable_xla_devices not set
mse and spike frequency: 0.09995 0.0
[32m[I 2021-04-20 21:58:54,062][0m Trial 147 finished with values: [0.09995, 0.0] with parameters: {'Vahp': -23.0, 'Vth': -44.5, 'Vmax': 21.5, 't_ref': 0.5, 'R': 1.0, 'tau_m': 24.0, 'R_adp': 0.30000000000000004, 'tau_w': 254.0, 'a': 453.5, 'rate_low': 49.0, 'rate_high': 50.0}.[0m
2021-04-20 21:58:55.024752: I tensorflow/compiler/jit/xla_gpu_device.cc:99] Not creating XLA devices, tf_xla_enable_xla_devices not set
maxFreq at 10nA: 1000.0
2021-04-20 21:59:29.676990: I tensorflow/compiler/jit/xla_gpu_device.cc:99] Not creating XLA devices, tf_xla_enable_xla_devices not set
2021-04-20 21:59:53.014385: I tensorflow/compiler/jit/xla_gpu_device.cc:99] Not creating XLA devices, tf_xla_enable_xla_devices not set
mse and spike frequency: 0.09995 0.0
[32m[I 2021-04-20 22:00:14,240][0m Trial 148 finished with values: [0.09995, 0.0] with parameters: {'Vahp': -21.0, 'Vth': -46.0, 'Vmax': 24.0, 't_ref': 7.0, 'R': 0.8, 'tau_m': 328.0, 'R_adp': 0.9, 'tau_w': 14.5, 'a': 379.0, 'rate_low': 29.5, 'rate_high': 49.5}.[0m
2021-04-20 22:00:14.945980: I tensorflow/compiler/jit/xla_gpu_device.cc:99] Not creating XLA devices, tf_xla_enable_xla_devices not set
maxFreq at 10nA: 1000.0
2021-04-20 22:00:49.403610: I tensorflow/compiler/jit/xla_gpu_device.cc:99] Not creating XLA devices, tf_xla_enable_xla_devices not set
2021-04-20 22:01:13.215546: I tensorflow/compiler/jit/xla_gpu_device.cc:99] Not creating XLA devices, tf_xla_enable_xla_devices not set
mse and spike frequency: 0.09995 0.0
[32m[I 2021-04-20 22:01:34,931][0m Trial 149 finished with values: [0.09995, 0.0] with parameters: {'Vahp': -21.0, 'Vth': -42.0, 'Vmax': 29.0, 't_ref': 10.0, 'R': 0.9, 'tau_m': 267.0, 'R_adp': 1.0, 'tau_w': 499.5, 'a': 337.0, 'rate_low': 25.5, 'rate_high': 44.0}.[0m
2021-04-20 22:01:35.785729: I tensorflow/compiler/jit/xla_gpu_device.cc:99] Not creating XLA devices, tf_xla_enable_xla_devices not set
maxFreq at 10nA: 997.0
2021-04-20 22:02:10.651416: I tensorflow/compiler/jit/xla_gpu_device.cc:99] Not creating XLA devices, tf_xla_enable_xla_devices not set
2021-04-20 22:02:34.053844: I tensorflow/compiler/jit/xla_gpu_device.cc:99] Not creating XLA devices, tf_xla_enable_xla_devices not set
mse and spike frequency: 0.09995 0.0
[32m[I 2021-04-20 22:02:56,403][0m Trial 150 finished with values: [0.09995, 0.0] with parameters: {'Vahp': -42.5, 'Vth': -44.5, 'Vmax': 32.0, 't_ref': 13.5, 'R': 0.1, 'tau_m': 258.0, 'R_adp': 0.7000000000000001, 'tau_w': 396.5, 'a': 416.5, 'rate_low': 26.5, 'rate_high': 49.5}.[0m
2021-04-20 22:02:57.131308: I tensorflow/compiler/jit/xla_gpu_device.cc:99] Not creating XLA devices, tf_xla_enable_xla_devices not set
maxFreq at 10nA: 999.0
2021-04-20 22:03:32.120722: I tensorflow/compiler/jit/xla_gpu_device.cc:99] Not creating XLA devices, tf_xla_enable_xla_devices not set
2021-04-20 22:03:55.153408: I tensorflow/compiler/jit/xla_gpu_device.cc:99] Not creating XLA devices, tf_xla_enable_xla_devices not set
mse and spike frequency: 0.09995 0.0
[32m[I 2021-04-20 22:04:17,168][0m Trial 151 finished with values: [0.09995, 0.0] with parameters: {'Vahp': -31.5, 'Vth': -38.5, 'Vmax': 21.5, 't_ref': 7.0, 'R': 0.5, 'tau_m': 328.0, 'R_adp': 0.9, 'tau_w': 14.5, 'a': 379.0, 'rate_low': 24.0, 'rate_high': 19.0}.[0m
2021-04-20 22:04:17.893657: I tensorflow/compiler/jit/xla_gpu_device.cc:99] Not creating XLA devices, tf_xla_enable_xla_devices not set
maxFreq at 10nA: 1000.0
2021-04-20 22:04:52.849864: I tensorflow/compiler/jit/xla_gpu_device.cc:99] Not creating XLA devices, tf_xla_enable_xla_devices not set
2021-04-20 22:05:16.116228: I tensorflow/compiler/jit/xla_gpu_device.cc:99] Not creating XLA devices, tf_xla_enable_xla_devices not set
mse and spike frequency: 0.09995 0.0
[32m[I 2021-04-20 22:05:38,501][0m Trial 152 finished with values: [0.09995, 0.0] with parameters: {'Vahp': -23.0, 'Vth': -51.0, 'Vmax': 19.0, 't_ref': 5.0, 'R': 1.0, 'tau_m': 33.5, 'R_adp': 0.30000000000000004, 'tau_w': 120.0, 'a': 416.5, 'rate_low': 12.0, 'rate_high': 50.0}.[0m
2021-04-20 22:05:39.220074: I tensorflow/compiler/jit/xla_gpu_device.cc:99] Not creating XLA devices, tf_xla_enable_xla_devices not set
maxFreq at 10nA: 1000.0
2021-04-20 22:06:14.420546: I tensorflow/compiler/jit/xla_gpu_device.cc:99] Not creating XLA devices, tf_xla_enable_xla_devices not set
2021-04-20 22:06:37.625201: I tensorflow/compiler/jit/xla_gpu_device.cc:99] Not creating XLA devices, tf_xla_enable_xla_devices not set
mse and spike frequency: 0.09995 0.0
[32m[I 2021-04-20 22:07:00,284][0m Trial 153 finished with values: [0.09995, 0.0] with parameters: {'Vahp': -23.5, 'Vth': -57.0, 'Vmax': 21.5, 't_ref': 15.5, 'R': 1.0, 'tau_m': 329.5, 'R_adp': 0.30000000000000004, 'tau_w': 218.0, 'a': 19.0, 'rate_low': 11.0, 'rate_high': 44.0}.[0m
2021-04-20 22:07:01.033487: I tensorflow/compiler/jit/xla_gpu_device.cc:99] Not creating XLA devices, tf_xla_enable_xla_devices not set
maxFreq at 10nA: 59.0
2021-04-20 22:07:37.327800: I tensorflow/compiler/jit/xla_gpu_device.cc:99] Not creating XLA devices, tf_xla_enable_xla_devices not set
2021-04-20 22:08:01.046471: I tensorflow/compiler/jit/xla_gpu_device.cc:99] Not creating XLA devices, tf_xla_enable_xla_devices not set
mse and spike frequency: 0.00641 9.51
[32m[I 2021-04-20 22:08:23,682][0m Trial 154 finished with values: [0.00641, 9.51] with parameters: {'Vahp': -41.5, 'Vth': -31.5, 'Vmax': 24.0, 't_ref': 16.0, 'R': 0.2, 'tau_m': 143.0, 'R_adp': 1.0, 'tau_w': 351.5, 'a': 0.5, 'rate_low': 13.5, 'rate_high': 50.0}.[0m
2021-04-20 22:08:24.386848: I tensorflow/compiler/jit/xla_gpu_device.cc:99] Not creating XLA devices, tf_xla_enable_xla_devices not set
maxFreq at 10nA: 77.0
2021-04-20 22:09:00.760553: I tensorflow/compiler/jit/xla_gpu_device.cc:99] Not creating XLA devices, tf_xla_enable_xla_devices not set
2021-04-20 22:09:25.152687: I tensorflow/compiler/jit/xla_gpu_device.cc:99] Not creating XLA devices, tf_xla_enable_xla_devices not set
mse and spike frequency: 0.08452 1.37
[32m[I 2021-04-20 22:09:48,256][0m Trial 155 finished with values: [0.08452, 1.37] with parameters: {'Vahp': -59.5, 'Vth': -53.5, 'Vmax': 18.0, 't_ref': 11.5, 'R': 0.5, 'tau_m': 195.0, 'R_adp': 0.2, 'tau_w': 215.5, 'a': 337.0, 'rate_low': 3.0, 'rate_high': 4.0}.[0m
2021-04-20 22:09:48.916918: I tensorflow/compiler/jit/xla_gpu_device.cc:99] Not creating XLA devices, tf_xla_enable_xla_devices not set
maxFreq at 10nA: 1000.0
2021-04-20 22:10:25.194649: I tensorflow/compiler/jit/xla_gpu_device.cc:99] Not creating XLA devices, tf_xla_enable_xla_devices not set
2021-04-20 22:10:49.594445: I tensorflow/compiler/jit/xla_gpu_device.cc:99] Not creating XLA devices, tf_xla_enable_xla_devices not set
mse and spike frequency: 0.09995 0.0
[32m[I 2021-04-20 22:11:12,835][0m Trial 156 finished with values: [0.09995, 0.0] with parameters: {'Vahp': -31.5, 'Vth': -38.5, 'Vmax': 21.5, 't_ref': 15.5, 'R': 0.9, 'tau_m': 329.5, 'R_adp': 0.9, 'tau_w': 0.5, 'a': 419.5, 'rate_low': 11.0, 'rate_high': 42.0}.[0m
2021-04-20 22:11:13.541279: I tensorflow/compiler/jit/xla_gpu_device.cc:99] Not creating XLA devices, tf_xla_enable_xla_devices not set
maxFreq at 10nA: 1000.0
2021-04-20 22:11:50.042864: I tensorflow/compiler/jit/xla_gpu_device.cc:99] Not creating XLA devices, tf_xla_enable_xla_devices not set
2021-04-20 22:12:14.505713: I tensorflow/compiler/jit/xla_gpu_device.cc:99] Not creating XLA devices, tf_xla_enable_xla_devices not set
mse and spike frequency: 0.09995 0.0
[32m[I 2021-04-20 22:12:37,815][0m Trial 157 finished with values: [0.09995, 0.0] with parameters: {'Vahp': -42.5, 'Vth': -54.5, 'Vmax': 33.0, 't_ref': 17.5, 'R': 0.1, 'tau_m': 140.0, 'R_adp': 1.0, 'tau_w': 254.0, 'a': 71.5, 'rate_low': 9.5, 'rate_high': 49.5}.[0m
2021-04-20 22:12:38.510512: I tensorflow/compiler/jit/xla_gpu_device.cc:99] Not creating XLA devices, tf_xla_enable_xla_devices not set
maxFreq at 10nA: 1000.0
2021-04-20 22:13:14.777224: I tensorflow/compiler/jit/xla_gpu_device.cc:99] Not creating XLA devices, tf_xla_enable_xla_devices not set
2021-04-20 22:13:38.840710: I tensorflow/compiler/jit/xla_gpu_device.cc:99] Not creating XLA devices, tf_xla_enable_xla_devices not set
mse and spike frequency: 0.09995 0.0
[32m[I 2021-04-20 22:14:02,197][0m Trial 158 finished with values: [0.09995, 0.0] with parameters: {'Vahp': -30.0, 'Vth': -52.0, 'Vmax': 32.0, 't_ref': 15.5, 'R': 0.7000000000000001, 'tau_m': 429.0, 'R_adp': 0.30000000000000004, 'tau_w': 120.0, 'a': 426.5, 'rate_low': 11.0, 'rate_high': 40.0}.[0m
2021-04-20 22:14:02.898163: I tensorflow/compiler/jit/xla_gpu_device.cc:99] Not creating XLA devices, tf_xla_enable_xla_devices not set
maxFreq at 10nA: 1000.0
2021-04-20 22:14:38.681167: I tensorflow/compiler/jit/xla_gpu_device.cc:99] Not creating XLA devices, tf_xla_enable_xla_devices not set
2021-04-20 22:15:03.099195: I tensorflow/compiler/jit/xla_gpu_device.cc:99] Not creating XLA devices, tf_xla_enable_xla_devices not set
mse and spike frequency: 0.09995 0.0
[32m[I 2021-04-20 22:15:26,959][0m Trial 159 finished with values: [0.09995, 0.0] with parameters: {'Vahp': -23.0, 'Vth': -42.5, 'Vmax': 11.5, 't_ref': 6.5, 'R': 1.0, 'tau_m': 143.0, 'R_adp': 1.0, 'tau_w': 298.0, 'a': 165.5, 'rate_low': 35.0, 'rate_high': 50.0}.[0m
2021-04-20 22:15:27.634772: I tensorflow/compiler/jit/xla_gpu_device.cc:99] Not creating XLA devices, tf_xla_enable_xla_devices not set
maxFreq at 10nA: 125.0
2021-04-20 22:16:03.641797: I tensorflow/compiler/jit/xla_gpu_device.cc:99] Not creating XLA devices, tf_xla_enable_xla_devices not set
2021-04-20 22:16:28.682768: I tensorflow/compiler/jit/xla_gpu_device.cc:99] Not creating XLA devices, tf_xla_enable_xla_devices not set
mse and spike frequency: 0.00847 11.74
[32m[I 2021-04-20 22:16:52,573][0m Trial 160 finished with values: [0.00847, 11.74] with parameters: {'Vahp': -42.5, 'Vth': -20.5, 'Vmax': 32.0, 't_ref': 6.5, 'R': 1.0, 'tau_m': 284.5, 'R_adp': 0.6, 'tau_w': 102.0, 'a': 308.0, 'rate_low': 26.5, 'rate_high': 50.0}.[0m
2021-04-20 22:16:53.293266: I tensorflow/compiler/jit/xla_gpu_device.cc:99] Not creating XLA devices, tf_xla_enable_xla_devices not set
maxFreq at 10nA: 42.0
2021-04-20 22:17:30.142578: I tensorflow/compiler/jit/xla_gpu_device.cc:99] Not creating XLA devices, tf_xla_enable_xla_devices not set
2021-04-20 22:17:55.122879: I tensorflow/compiler/jit/xla_gpu_device.cc:99] Not creating XLA devices, tf_xla_enable_xla_devices not set
mse and spike frequency: 0.0896 0.7
[32m[I 2021-04-20 22:18:18,751][0m Trial 161 finished with values: [0.0896, 0.7] with parameters: {'Vahp': -55.0, 'Vth': -43.5, 'Vmax': 19.0, 't_ref': 16.0, 'R': 0.1, 'tau_m': 143.0, 'R_adp': 0.30000000000000004, 'tau_w': 215.5, 'a': 337.0, 'rate_low': 3.0, 'rate_high': 44.0}.[0m
2021-04-20 22:18:19.485383: I tensorflow/compiler/jit/xla_gpu_device.cc:99] Not creating XLA devices, tf_xla_enable_xla_devices not set
maxFreq at 10nA: 1000.0
2021-04-20 22:18:56.069276: I tensorflow/compiler/jit/xla_gpu_device.cc:99] Not creating XLA devices, tf_xla_enable_xla_devices not set
2021-04-20 22:19:21.650881: I tensorflow/compiler/jit/xla_gpu_device.cc:99] Not creating XLA devices, tf_xla_enable_xla_devices not set
mse and spike frequency: 0.09995 0.0
[32m[I 2021-04-20 22:19:45,671][0m Trial 162 finished with values: [0.09995, 0.0] with parameters: {'Vahp': -23.5, 'Vth': -42.5, 'Vmax': 11.5, 't_ref': 0.5, 'R': 1.0, 'tau_m': 476.0, 'R_adp': 1.0, 'tau_w': 218.0, 'a': 19.0, 'rate_low': 23.0, 'rate_high': 37.0}.[0m
2021-04-20 22:19:46.382054: I tensorflow/compiler/jit/xla_gpu_device.cc:99] Not creating XLA devices, tf_xla_enable_xla_devices not set
maxFreq at 10nA: 999.0
2021-04-20 22:20:23.164683: I tensorflow/compiler/jit/xla_gpu_device.cc:99] Not creating XLA devices, tf_xla_enable_xla_devices not set
2021-04-20 22:20:48.677546: I tensorflow/compiler/jit/xla_gpu_device.cc:99] Not creating XLA devices, tf_xla_enable_xla_devices not set
mse and spike frequency: 0.09995 0.0
[32m[I 2021-04-20 22:21:13,132][0m Trial 163 finished with values: [0.09995, 0.0] with parameters: {'Vahp': -23.0, 'Vth': -23.5, 'Vmax': 18.5, 't_ref': 6.5, 'R': 0.5, 'tau_m': 143.0, 'R_adp': 0.9, 'tau_w': 0.5, 'a': 203.5, 'rate_low': 49.0, 'rate_high': 49.0}.[0m
2021-04-20 22:21:13.846941: I tensorflow/compiler/jit/xla_gpu_device.cc:99] Not creating XLA devices, tf_xla_enable_xla_devices not set
maxFreq at 10nA: 63.0
2021-04-20 22:21:50.391256: I tensorflow/compiler/jit/xla_gpu_device.cc:99] Not creating XLA devices, tf_xla_enable_xla_devices not set
2021-04-20 22:22:16.492758: I tensorflow/compiler/jit/xla_gpu_device.cc:99] Not creating XLA devices, tf_xla_enable_xla_devices not set
mse and spike frequency: 0.01178 9.37
[32m[I 2021-04-20 22:22:40,813][0m Trial 164 finished with values: [0.01178, 9.37] with parameters: {'Vahp': -41.5, 'Vth': -38.5, 'Vmax': 24.0, 't_ref': 14.5, 'R': 0.5, 'tau_m': 258.5, 'R_adp': 1.0, 'tau_w': 0.5, 'a': 355.5, 'rate_low': 11.0, 'rate_high': 19.0}.[0m
2021-04-20 22:22:41.532319: I tensorflow/compiler/jit/xla_gpu_device.cc:99] Not creating XLA devices, tf_xla_enable_xla_devices not set
maxFreq at 10nA: 1000.0
2021-04-20 22:23:18.349222: I tensorflow/compiler/jit/xla_gpu_device.cc:99] Not creating XLA devices, tf_xla_enable_xla_devices not set
2021-04-20 22:23:44.682768: I tensorflow/compiler/jit/xla_gpu_device.cc:99] Not creating XLA devices, tf_xla_enable_xla_devices not set
mse and spike frequency: 0.09995 0.0
[32m[I 2021-04-20 22:24:09,291][0m Trial 165 finished with values: [0.09995, 0.0] with parameters: {'Vahp': -23.0, 'Vth': -48.0, 'Vmax': 29.5, 't_ref': 11.5, 'R': 0.5, 'tau_m': 284.5, 'R_adp': 0.30000000000000004, 'tau_w': 298.0, 'a': 95.5, 'rate_low': 11.0, 'rate_high': 50.0}.[0m
2021-04-20 22:24:10.062376: I tensorflow/compiler/jit/xla_gpu_device.cc:99] Not creating XLA devices, tf_xla_enable_xla_devices not set
maxFreq at 10nA: 1000.0
2021-04-20 22:24:47.275163: I tensorflow/compiler/jit/xla_gpu_device.cc:99] Not creating XLA devices, tf_xla_enable_xla_devices not set
2021-04-20 22:25:14.066949: I tensorflow/compiler/jit/xla_gpu_device.cc:99] Not creating XLA devices, tf_xla_enable_xla_devices not set
mse and spike frequency: 0.09995 0.0
[32m[I 2021-04-20 22:25:38,790][0m Trial 166 finished with values: [0.09995, 0.0] with parameters: {'Vahp': -23.0, 'Vth': -48.0, 'Vmax': 12.0, 't_ref': 0.5, 'R': 1.0, 'tau_m': 33.5, 'R_adp': 1.0, 'tau_w': 254.0, 'a': 453.5, 'rate_low': 49.0, 'rate_high': 42.0}.[0m
2021-04-20 22:25:39.492146: I tensorflow/compiler/jit/xla_gpu_device.cc:99] Not creating XLA devices, tf_xla_enable_xla_devices not set
maxFreq at 10nA: 1000.0
2021-04-20 22:26:16.484348: I tensorflow/compiler/jit/xla_gpu_device.cc:99] Not creating XLA devices, tf_xla_enable_xla_devices not set
2021-04-20 22:26:43.590196: I tensorflow/compiler/jit/xla_gpu_device.cc:99] Not creating XLA devices, tf_xla_enable_xla_devices not set
mse and spike frequency: 0.09995 0.0
[32m[I 2021-04-20 22:27:08,690][0m Trial 167 finished with values: [0.09995, 0.0] with parameters: {'Vahp': -23.0, 'Vth': -37.5, 'Vmax': 32.0, 't_ref': 11.5, 'R': 1.0, 'tau_m': 284.5, 'R_adp': 0.5, 'tau_w': 218.0, 'a': 453.5, 'rate_low': 35.0, 'rate_high': 49.5}.[0m
2021-04-20 22:27:09.409223: I tensorflow/compiler/jit/xla_gpu_device.cc:99] Not creating XLA devices, tf_xla_enable_xla_devices not set
maxFreq at 10nA: 1000.0
2021-04-20 22:27:46.983869: I tensorflow/compiler/jit/xla_gpu_device.cc:99] Not creating XLA devices, tf_xla_enable_xla_devices not set
2021-04-20 22:28:14.997635: I tensorflow/compiler/jit/xla_gpu_device.cc:99] Not creating XLA devices, tf_xla_enable_xla_devices not set
mse and spike frequency: 0.09995 0.0
[32m[I 2021-04-20 22:28:40,267][0m Trial 168 finished with values: [0.09995, 0.0] with parameters: {'Vahp': -47.5, 'Vth': -49.0, 'Vmax': 33.0, 't_ref': 17.5, 'R': 0.9, 'tau_m': 195.0, 'R_adp': 0.2, 'tau_w': 488.0, 'a': 337.0, 'rate_low': 9.5, 'rate_high': 26.0}.[0m
2021-04-20 22:28:41.035529: I tensorflow/compiler/jit/xla_gpu_device.cc:99] Not creating XLA devices, tf_xla_enable_xla_devices not set
maxFreq at 10nA: 56.0
2021-04-20 22:29:19.188368: I tensorflow/compiler/jit/xla_gpu_device.cc:99] Not creating XLA devices, tf_xla_enable_xla_devices not set
2021-04-20 22:29:46.199747: I tensorflow/compiler/jit/xla_gpu_device.cc:99] Not creating XLA devices, tf_xla_enable_xla_devices not set
mse and spike frequency: 0.00566 4.54
[32m[I 2021-04-20 22:30:11,094][0m Trial 169 finished with values: [0.00566, 4.54] with parameters: {'Vahp': -41.5, 'Vth': -20.5, 'Vmax': 24.0, 't_ref': 15.5, 'R': 0.5, 'tau_m': 258.5, 'R_adp': 1.0, 'tau_w': 4.0, 'a': 391.5, 'rate_low': 7.0, 'rate_high': 27.0}.[0m
2021-04-20 22:30:11.863453: I tensorflow/compiler/jit/xla_gpu_device.cc:99] Not creating XLA devices, tf_xla_enable_xla_devices not set
maxFreq at 10nA: 1000.0
2021-04-20 22:30:48.643377: I tensorflow/compiler/jit/xla_gpu_device.cc:99] Not creating XLA devices, tf_xla_enable_xla_devices not set
2021-04-20 22:31:16.085935: I tensorflow/compiler/jit/xla_gpu_device.cc:99] Not creating XLA devices, tf_xla_enable_xla_devices not set
mse and spike frequency: 0.09995 0.0
[32m[I 2021-04-20 22:31:41,330][0m Trial 170 finished with values: [0.09995, 0.0] with parameters: {'Vahp': -23.0, 'Vth': -42.5, 'Vmax': 11.5, 't_ref': 6.5, 'R': 1.0, 'tau_m': 329.5, 'R_adp': 0.5, 'tau_w': 218.0, 'a': 453.5, 'rate_low': 35.0, 'rate_high': 50.0}.[0m
2021-04-20 22:31:42.060342: I tensorflow/compiler/jit/xla_gpu_device.cc:99] Not creating XLA devices, tf_xla_enable_xla_devices not set
maxFreq at 10nA: 1000.0
2021-04-20 22:32:19.764100: I tensorflow/compiler/jit/xla_gpu_device.cc:99] Not creating XLA devices, tf_xla_enable_xla_devices not set
2021-04-20 22:32:46.745909: I tensorflow/compiler/jit/xla_gpu_device.cc:99] Not creating XLA devices, tf_xla_enable_xla_devices not set
mse and spike frequency: 0.09995 0.0
