[32m[I 2021-04-20 22:46:21,720][0m Trial 182 finished with values: [0.09995, 0.0] with parameters: {'Vahp': -30.5, 'Vth': -36.0, 'Vmax': 28.5, 't_ref': 20.0, 'R': 1.0, 'tau_m': 223.5, 'rate_low': 9.5, 'rate_high': 12.5}.[0m
2021-04-20 22:46:22.513917: I tensorflow/compiler/jit/xla_gpu_device.cc:99] Not creating XLA devices, tf_xla_enable_xla_devices not set
maxFreq at 10nA: 1000.0
2021-04-20 22:47:01.198926: I tensorflow/compiler/jit/xla_gpu_device.cc:99] Not creating XLA devices, tf_xla_enable_xla_devices not set
2021-04-20 22:47:29.010068: I tensorflow/compiler/jit/xla_gpu_device.cc:99] Not creating XLA devices, tf_xla_enable_xla_devices not set
mse and spike frequency: 0.09995 0.0
[32m[I 2021-04-20 22:47:54,976][0m Trial 183 finished with values: [0.09995, 0.0] with parameters: {'Vahp': -36.5, 'Vth': -47.0, 'Vmax': 30.5, 't_ref': 4.0, 'R': 0.5, 'tau_m': 261.0, 'rate_low': 36.0, 'rate_high': 29.5}.[0m
2021-04-20 22:47:55.783302: I tensorflow/compiler/jit/xla_gpu_device.cc:99] Not creating XLA devices, tf_xla_enable_xla_devices not set
maxFreq at 10nA: 1000.0
2021-04-20 22:48:33.339493: I tensorflow/compiler/jit/xla_gpu_device.cc:99] Not creating XLA devices, tf_xla_enable_xla_devices not set
2021-04-20 22:49:01.898206: I tensorflow/compiler/jit/xla_gpu_device.cc:99] Not creating XLA devices, tf_xla_enable_xla_devices not set
mse and spike frequency: 0.09995 0.0
[32m[I 2021-04-20 22:49:28,620][0m Trial 184 finished with values: [0.09995, 0.0] with parameters: {'Vahp': -40.5, 'Vth': -54.0, 'Vmax': 19.5, 't_ref': 0.5, 'R': 0.9, 'tau_m': 357.0, 'rate_low': 10.0, 'rate_high': 49.5}.[0m
2021-04-20 22:49:29.406505: I tensorflow/compiler/jit/xla_gpu_device.cc:99] Not creating XLA devices, tf_xla_enable_xla_devices not set
maxFreq at 10nA: 143.0
2021-04-20 22:50:07.673080: I tensorflow/compiler/jit/xla_gpu_device.cc:99] Not creating XLA devices, tf_xla_enable_xla_devices not set
2021-04-20 22:50:36.637902: I tensorflow/compiler/jit/xla_gpu_device.cc:99] Not creating XLA devices, tf_xla_enable_xla_devices not set
mse and spike frequency: 0.00283 26.06
[32m[I 2021-04-20 22:51:03,187][0m Trial 185 finished with values: [0.00283, 26.06] with parameters: {'Vahp': -38.0, 'Vth': -30.0, 'Vmax': 27.0, 't_ref': 5.5, 'R': 0.5, 'tau_m': 396.0, 'rate_low': 36.0, 'rate_high': 34.0}.[0m
2021-04-20 22:51:03.964381: I tensorflow/compiler/jit/xla_gpu_device.cc:99] Not creating XLA devices, tf_xla_enable_xla_devices not set
maxFreq at 10nA: 1000.0
2021-04-20 22:51:42.307750: I tensorflow/compiler/jit/xla_gpu_device.cc:99] Not creating XLA devices, tf_xla_enable_xla_devices not set
2021-04-20 22:52:11.234129: I tensorflow/compiler/jit/xla_gpu_device.cc:99] Not creating XLA devices, tf_xla_enable_xla_devices not set
mse and spike frequency: 0.09995 0.0
[32m[I 2021-04-20 22:52:38,476][0m Trial 186 finished with values: [0.09995, 0.0] with parameters: {'Vahp': -25.0, 'Vth': -57.5, 'Vmax': 17.5, 't_ref': 10.5, 'R': 0.5, 'tau_m': 97.5, 'rate_low': 48.5, 'rate_high': 35.0}.[0m
2021-04-20 22:52:39.325472: I tensorflow/compiler/jit/xla_gpu_device.cc:99] Not creating XLA devices, tf_xla_enable_xla_devices not set
maxFreq at 10nA: 1000.0
2021-04-20 22:53:18.041253: I tensorflow/compiler/jit/xla_gpu_device.cc:99] Not creating XLA devices, tf_xla_enable_xla_devices not set
2021-04-20 22:53:47.062046: I tensorflow/compiler/jit/xla_gpu_device.cc:99] Not creating XLA devices, tf_xla_enable_xla_devices not set
mse and spike frequency: 0.09995 0.0
[32m[I 2021-04-20 22:54:14,056][0m Trial 187 finished with values: [0.09995, 0.0] with parameters: {'Vahp': -20.0, 'Vth': -46.5, 'Vmax': 25.5, 't_ref': 16.5, 'R': 0.6, 'tau_m': 459.0, 'rate_low': 48.5, 'rate_high': 49.5}.[0m
2021-04-20 22:54:14.835726: I tensorflow/compiler/jit/xla_gpu_device.cc:99] Not creating XLA devices, tf_xla_enable_xla_devices not set
maxFreq at 10nA: 1000.0
2021-04-20 22:54:53.849213: I tensorflow/compiler/jit/xla_gpu_device.cc:99] Not creating XLA devices, tf_xla_enable_xla_devices not set
2021-04-20 22:55:23.016082: I tensorflow/compiler/jit/xla_gpu_device.cc:99] Not creating XLA devices, tf_xla_enable_xla_devices not set
mse and spike frequency: 0.09995 0.0
[32m[I 2021-04-20 22:55:49,561][0m Trial 188 finished with values: [0.09995, 0.0] with parameters: {'Vahp': -47.0, 'Vth': -49.0, 'Vmax': 19.5, 't_ref': 2.0, 'R': 0.9, 'tau_m': 357.0, 'rate_low': 34.5, 'rate_high': 40.5}.[0m
2021-04-20 22:55:50.340603: I tensorflow/compiler/jit/xla_gpu_device.cc:99] Not creating XLA devices, tf_xla_enable_xla_devices not set
maxFreq at 10nA: 1000.0
2021-04-20 22:56:29.529722: I tensorflow/compiler/jit/xla_gpu_device.cc:99] Not creating XLA devices, tf_xla_enable_xla_devices not set
2021-04-20 22:56:59.184868: I tensorflow/compiler/jit/xla_gpu_device.cc:99] Not creating XLA devices, tf_xla_enable_xla_devices not set
mse and spike frequency: 0.09995 0.0
[32m[I 2021-04-20 22:57:25,844][0m Trial 189 finished with values: [0.09995, 0.0] with parameters: {'Vahp': -33.5, 'Vth': -57.5, 'Vmax': 29.0, 't_ref': 14.5, 'R': 0.8, 'tau_m': 275.0, 'rate_low': 22.0, 'rate_high': 49.5}.[0m
2021-04-20 22:57:26.626947: I tensorflow/compiler/jit/xla_gpu_device.cc:99] Not creating XLA devices, tf_xla_enable_xla_devices not set
maxFreq at 10nA: 125.0
2021-04-20 22:58:05.334946: I tensorflow/compiler/jit/xla_gpu_device.cc:99] Not creating XLA devices, tf_xla_enable_xla_devices not set
2021-04-20 22:58:34.145291: I tensorflow/compiler/jit/xla_gpu_device.cc:99] Not creating XLA devices, tf_xla_enable_xla_devices not set
mse and spike frequency: 0.00257 18.43
[32m[I 2021-04-20 22:59:01,056][0m Trial 190 finished with values: [0.00257, 18.43] with parameters: {'Vahp': -50.5, 'Vth': -20.5, 'Vmax': 12.0, 't_ref': 7.0, 'R': 1.0, 'tau_m': 211.5, 'rate_low': 17.5, 'rate_high': 41.0}.[0m
2021-04-20 22:59:01.869190: I tensorflow/compiler/jit/xla_gpu_device.cc:99] Not creating XLA devices, tf_xla_enable_xla_devices not set
maxFreq at 10nA: 333.0
2021-04-20 22:59:40.698387: I tensorflow/compiler/jit/xla_gpu_device.cc:99] Not creating XLA devices, tf_xla_enable_xla_devices not set
2021-04-20 23:00:09.806087: I tensorflow/compiler/jit/xla_gpu_device.cc:99] Not creating XLA devices, tf_xla_enable_xla_devices not set
mse and spike frequency: 0.00312 11.28
[32m[I 2021-04-20 23:00:37,392][0m Trial 191 finished with values: [0.00312, 11.28] with parameters: {'Vahp': -46.5, 'Vth': -30.0, 'Vmax': 25.5, 't_ref': 2.0, 'R': 1.0, 'tau_m': 357.0, 'rate_low': 1.5, 'rate_high': 49.5}.[0m
2021-04-20 23:00:38.216512: I tensorflow/compiler/jit/xla_gpu_device.cc:99] Not creating XLA devices, tf_xla_enable_xla_devices not set
maxFreq at 10nA: 1000.0
2021-04-20 23:01:17.326497: I tensorflow/compiler/jit/xla_gpu_device.cc:99] Not creating XLA devices, tf_xla_enable_xla_devices not set
2021-04-20 23:01:46.488135: I tensorflow/compiler/jit/xla_gpu_device.cc:99] Not creating XLA devices, tf_xla_enable_xla_devices not set
mse and spike frequency: 0.09995 0.0
[32m[I 2021-04-20 23:02:14,039][0m Trial 192 finished with values: [0.09995, 0.0] with parameters: {'Vahp': -20.0, 'Vth': -48.0, 'Vmax': 12.0, 't_ref': 11.0, 'R': 0.9, 'tau_m': 357.0, 'rate_low': 10.0, 'rate_high': 29.5}.[0m
2021-04-20 23:02:14.826049: I tensorflow/compiler/jit/xla_gpu_device.cc:99] Not creating XLA devices, tf_xla_enable_xla_devices not set
maxFreq at 10nA: 1000.0
2021-04-20 23:02:54.072666: I tensorflow/compiler/jit/xla_gpu_device.cc:99] Not creating XLA devices, tf_xla_enable_xla_devices not set
2021-04-20 23:03:23.687899: I tensorflow/compiler/jit/xla_gpu_device.cc:99] Not creating XLA devices, tf_xla_enable_xla_devices not set
mse and spike frequency: 0.09995 0.0
[32m[I 2021-04-20 23:03:51,338][0m Trial 193 finished with values: [0.09995, 0.0] with parameters: {'Vahp': -44.0, 'Vth': -51.0, 'Vmax': 34.5, 't_ref': 14.5, 'R': 0.6, 'tau_m': 211.5, 'rate_low': 17.5, 'rate_high': 7.0}.[0m
2021-04-20 23:03:52.125474: I tensorflow/compiler/jit/xla_gpu_device.cc:99] Not creating XLA devices, tf_xla_enable_xla_devices not set
maxFreq at 10nA: 48.0
2021-04-20 23:04:31.239598: I tensorflow/compiler/jit/xla_gpu_device.cc:99] Not creating XLA devices, tf_xla_enable_xla_devices not set
2021-04-20 23:05:01.025906: I tensorflow/compiler/jit/xla_gpu_device.cc:99] Not creating XLA devices, tf_xla_enable_xla_devices not set
mse and spike frequency: 0.00781 14.48
[32m[I 2021-04-20 23:05:29,482][0m Trial 194 finished with values: [0.00781, 14.48] with parameters: {'Vahp': -40.5, 'Vth': -23.5, 'Vmax': 14.0, 't_ref': 20.0, 'R': 0.5, 'tau_m': 194.5, 'rate_low': 36.0, 'rate_high': 41.5}.[0m
2021-04-20 23:05:30.294987: I tensorflow/compiler/jit/xla_gpu_device.cc:99] Not creating XLA devices, tf_xla_enable_xla_devices not set
maxFreq at 10nA: 1000.0
2021-04-20 23:06:09.046650: I tensorflow/compiler/jit/xla_gpu_device.cc:99] Not creating XLA devices, tf_xla_enable_xla_devices not set
2021-04-20 23:06:38.887743: I tensorflow/compiler/jit/xla_gpu_device.cc:99] Not creating XLA devices, tf_xla_enable_xla_devices not set
mse and spike frequency: 0.09995 0.0
[32m[I 2021-04-20 23:07:07,934][0m Trial 195 finished with values: [0.09995, 0.0] with parameters: {'Vahp': -23.0, 'Vth': -37.0, 'Vmax': 14.0, 't_ref': 16.5, 'R': 0.8, 'tau_m': 97.5, 'rate_low': 1.5, 'rate_high': 14.0}.[0m
2021-04-20 23:07:08.801174: I tensorflow/compiler/jit/xla_gpu_device.cc:99] Not creating XLA devices, tf_xla_enable_xla_devices not set
maxFreq at 10nA: 125.0
2021-04-20 23:07:48.598012: I tensorflow/compiler/jit/xla_gpu_device.cc:99] Not creating XLA devices, tf_xla_enable_xla_devices not set
2021-04-20 23:08:18.551877: I tensorflow/compiler/jit/xla_gpu_device.cc:99] Not creating XLA devices, tf_xla_enable_xla_devices not set
mse and spike frequency: 0.00991 57.55
[32m[I 2021-04-20 23:08:48,035][0m Trial 196 finished with values: [0.00991, 57.55] with parameters: {'Vahp': -50.5, 'Vth': -49.5, 'Vmax': 40.0, 't_ref': 7.0, 'R': 0.6, 'tau_m': 334.0, 'rate_low': 47.0, 'rate_high': 49.5}.[0m
2021-04-20 23:08:48.827896: I tensorflow/compiler/jit/xla_gpu_device.cc:99] Not creating XLA devices, tf_xla_enable_xla_devices not set
maxFreq at 10nA: 999.0
2021-04-20 23:09:28.482888: I tensorflow/compiler/jit/xla_gpu_device.cc:99] Not creating XLA devices, tf_xla_enable_xla_devices not set
2021-04-20 23:09:59.128857: I tensorflow/compiler/jit/xla_gpu_device.cc:99] Not creating XLA devices, tf_xla_enable_xla_devices not set
mse and spike frequency: 0.09995 0.0
[32m[I 2021-04-20 23:10:28,625][0m Trial 197 finished with values: [0.09995, 0.0] with parameters: {'Vahp': -20.0, 'Vth': -33.5, 'Vmax': 38.0, 't_ref': 6.5, 'R': 0.6, 'tau_m': 459.0, 'rate_low': 17.5, 'rate_high': 41.5}.[0m
2021-04-20 23:10:29.444168: I tensorflow/compiler/jit/xla_gpu_device.cc:99] Not creating XLA devices, tf_xla_enable_xla_devices not set
maxFreq at 10nA: 1000.0
2021-04-20 23:11:09.211976: I tensorflow/compiler/jit/xla_gpu_device.cc:99] Not creating XLA devices, tf_xla_enable_xla_devices not set
2021-04-20 23:11:40.907545: I tensorflow/compiler/jit/xla_gpu_device.cc:99] Not creating XLA devices, tf_xla_enable_xla_devices not set
mse and spike frequency: 0.09995 0.0
[32m[I 2021-04-20 23:12:10,982][0m Trial 198 finished with values: [0.09995, 0.0] with parameters: {'Vahp': -20.0, 'Vth': -45.5, 'Vmax': 22.0, 't_ref': 9.0, 'R': 0.5, 'tau_m': 298.0, 'rate_low': 15.0, 'rate_high': 34.0}.[0m
2021-04-20 23:12:11.799108: I tensorflow/compiler/jit/xla_gpu_device.cc:99] Not creating XLA devices, tf_xla_enable_xla_devices not set
maxFreq at 10nA: 1000.0
2021-04-20 23:12:51.050677: I tensorflow/compiler/jit/xla_gpu_device.cc:99] Not creating XLA devices, tf_xla_enable_xla_devices not set
2021-04-20 23:13:22.459500: I tensorflow/compiler/jit/xla_gpu_device.cc:99] Not creating XLA devices, tf_xla_enable_xla_devices not set
mse and spike frequency: 0.09995 0.0
[32m[I 2021-04-20 23:13:52,359][0m Trial 199 finished with values: [0.09995, 0.0] with parameters: {'Vahp': -20.0, 'Vth': -48.0, 'Vmax': 22.5, 't_ref': 2.0, 'R': 1.0, 'tau_m': 97.5, 'rate_low': 20.0, 'rate_high': 49.5}.[0m
2021-04-20 23:13:53.187862: I tensorflow/compiler/jit/xla_gpu_device.cc:99] Not creating XLA devices, tf_xla_enable_xla_devices not set
maxFreq at 10nA: 63.0
2021-04-20 23:14:32.538393: I tensorflow/compiler/jit/xla_gpu_device.cc:99] Not creating XLA devices, tf_xla_enable_xla_devices not set
2021-04-20 23:15:03.662562: I tensorflow/compiler/jit/xla_gpu_device.cc:99] Not creating XLA devices, tf_xla_enable_xla_devices not set
mse and spike frequency: 0.0076 24.48
[32m[I 2021-04-20 23:15:33,039][0m Trial 200 finished with values: [0.0076, 24.48] with parameters: {'Vahp': -26.0, 'Vth': -23.5, 'Vmax': 14.0, 't_ref': 14.5, 'R': 0.5, 'tau_m': 275.0, 'rate_low': 36.0, 'rate_high': 39.5}.[0m
2021-04-20 23:15:33.835741: I tensorflow/compiler/jit/xla_gpu_device.cc:99] Not creating XLA devices, tf_xla_enable_xla_devices not set
maxFreq at 10nA: 1000.0
2021-04-20 23:16:14.037974: I tensorflow/compiler/jit/xla_gpu_device.cc:99] Not creating XLA devices, tf_xla_enable_xla_devices not set
2021-04-20 23:16:45.343872: I tensorflow/compiler/jit/xla_gpu_device.cc:99] Not creating XLA devices, tf_xla_enable_xla_devices not set
mse and spike frequency: 0.09995 0.0
[32m[I 2021-04-20 23:17:14,515][0m Trial 201 finished with values: [0.09995, 0.0] with parameters: {'Vahp': -25.0, 'Vth': -48.0, 'Vmax': 25.5, 't_ref': 9.5, 'R': 0.7000000000000001, 'tau_m': 419.5, 'rate_low': 20.0, 'rate_high': 35.0}.[0m
2021-04-20 23:17:15.315661: I tensorflow/compiler/jit/xla_gpu_device.cc:99] Not creating XLA devices, tf_xla_enable_xla_devices not set
maxFreq at 10nA: 1000.0
2021-04-20 23:17:55.668144: I tensorflow/compiler/jit/xla_gpu_device.cc:99] Not creating XLA devices, tf_xla_enable_xla_devices not set
2021-04-20 23:18:27.096554: I tensorflow/compiler/jit/xla_gpu_device.cc:99] Not creating XLA devices, tf_xla_enable_xla_devices not set
mse and spike frequency: 0.09995 0.0
[32m[I 2021-04-20 23:18:56,933][0m Trial 202 finished with values: [0.09995, 0.0] with parameters: {'Vahp': -20.0, 'Vth': -41.0, 'Vmax': 14.5, 't_ref': 3.0, 'R': 0.7000000000000001, 'tau_m': 33.5, 'rate_low': 1.5, 'rate_high': 10.0}.[0m
2021-04-20 23:18:57.750833: I tensorflow/compiler/jit/xla_gpu_device.cc:99] Not creating XLA devices, tf_xla_enable_xla_devices not set
maxFreq at 10nA: 1000.0
2021-04-20 23:19:38.194286: I tensorflow/compiler/jit/xla_gpu_device.cc:99] Not creating XLA devices, tf_xla_enable_xla_devices not set
2021-04-20 23:20:09.986829: I tensorflow/compiler/jit/xla_gpu_device.cc:99] Not creating XLA devices, tf_xla_enable_xla_devices not set
mse and spike frequency: 0.09995 0.0
[32m[I 2021-04-20 23:20:39,796][0m Trial 203 finished with values: [0.09995, 0.0] with parameters: {'Vahp': -33.5, 'Vth': -57.5, 'Vmax': 21.0, 't_ref': 5.0, 'R': 0.6, 'tau_m': 275.0, 'rate_low': 9.5, 'rate_high': 41.5}.[0m
2021-04-20 23:20:40.591062: I tensorflow/compiler/jit/xla_gpu_device.cc:99] Not creating XLA devices, tf_xla_enable_xla_devices not set
maxFreq at 10nA: 1000.0
2021-04-20 23:21:20.856553: I tensorflow/compiler/jit/xla_gpu_device.cc:99] Not creating XLA devices, tf_xla_enable_xla_devices not set
2021-04-20 23:21:52.119974: I tensorflow/compiler/jit/xla_gpu_device.cc:99] Not creating XLA devices, tf_xla_enable_xla_devices not set
mse and spike frequency: 0.09995 0.0
[32m[I 2021-04-20 23:22:22,401][0m Trial 204 finished with values: [0.09995, 0.0] with parameters: {'Vahp': -44.0, 'Vth': -51.0, 'Vmax': 37.0, 't_ref': 6.5, 'R': 0.6, 'tau_m': 209.0, 'rate_low': 0.5, 'rate_high': 41.5}.[0m
2021-04-20 23:22:23.198193: I tensorflow/compiler/jit/xla_gpu_device.cc:99] Not creating XLA devices, tf_xla_enable_xla_devices not set
maxFreq at 10nA: 1000.0
2021-04-20 23:23:04.240185: I tensorflow/compiler/jit/xla_gpu_device.cc:99] Not creating XLA devices, tf_xla_enable_xla_devices not set
2021-04-20 23:23:37.411610: I tensorflow/compiler/jit/xla_gpu_device.cc:99] Not creating XLA devices, tf_xla_enable_xla_devices not set
mse and spike frequency: 0.09995 0.0
[32m[I 2021-04-20 23:24:09,261][0m Trial 205 finished with values: [0.09995, 0.0] with parameters: {'Vahp': -40.5, 'Vth': -54.0, 'Vmax': 19.5, 't_ref': 0.5, 'R': 0.9, 'tau_m': 357.0, 'rate_low': 10.0, 'rate_high': 45.0}.[0m
2021-04-20 23:24:10.087032: I tensorflow/compiler/jit/xla_gpu_device.cc:99] Not creating XLA devices, tf_xla_enable_xla_devices not set
maxFreq at 10nA: 1000.0
2021-04-20 23:24:50.840778: I tensorflow/compiler/jit/xla_gpu_device.cc:99] Not creating XLA devices, tf_xla_enable_xla_devices not set
2021-04-20 23:25:24.539177: I tensorflow/compiler/jit/xla_gpu_device.cc:99] Not creating XLA devices, tf_xla_enable_xla_devices not set
mse and spike frequency: 0.09995 0.0
[32m[I 2021-04-20 23:25:56,568][0m Trial 206 finished with values: [0.09995, 0.0] with parameters: {'Vahp': -20.0, 'Vth': -48.0, 'Vmax': 12.0, 't_ref': 9.5, 'R': 1.0, 'tau_m': 357.0, 'rate_low': 10.0, 'rate_high': 50.0}.[0m
2021-04-20 23:25:57.407528: I tensorflow/compiler/jit/xla_gpu_device.cc:99] Not creating XLA devices, tf_xla_enable_xla_devices not set
maxFreq at 10nA: 996.0
2021-04-20 23:26:38.416357: I tensorflow/compiler/jit/xla_gpu_device.cc:99] Not creating XLA devices, tf_xla_enable_xla_devices not set
2021-04-20 23:27:12.346458: I tensorflow/compiler/jit/xla_gpu_device.cc:99] Not creating XLA devices, tf_xla_enable_xla_devices not set
mse and spike frequency: 0.09995 0.0
[32m[I 2021-04-20 23:27:44,167][0m Trial 207 finished with values: [0.09995, 0.0] with parameters: {'Vahp': -48.5, 'Vth': -49.0, 'Vmax': 25.5, 't_ref': 6.0, 'R': 0.1, 'tau_m': 465.0, 'rate_low': 10.0, 'rate_high': 49.5}.[0m
2021-04-20 23:27:44.972713: I tensorflow/compiler/jit/xla_gpu_device.cc:99] Not creating XLA devices, tf_xla_enable_xla_devices not set
maxFreq at 10nA: 999.0
2021-04-20 23:28:25.436849: I tensorflow/compiler/jit/xla_gpu_device.cc:99] Not creating XLA devices, tf_xla_enable_xla_devices not set
2021-04-20 23:28:59.274744: I tensorflow/compiler/jit/xla_gpu_device.cc:99] Not creating XLA devices, tf_xla_enable_xla_devices not set
mse and spike frequency: 0.09995 0.0
[32m[I 2021-04-20 23:29:31,815][0m Trial 208 finished with values: [0.09995, 0.0] with parameters: {'Vahp': -21.0, 'Vth': -30.0, 'Vmax': 22.0, 't_ref': 9.5, 'R': 0.9, 'tau_m': 396.0, 'rate_low': 4.5, 'rate_high': 49.5}.[0m
2021-04-20 23:29:32.682471: I tensorflow/compiler/jit/xla_gpu_device.cc:99] Not creating XLA devices, tf_xla_enable_xla_devices not set
maxFreq at 10nA: 1000.0
2021-04-20 23:30:13.776294: I tensorflow/compiler/jit/xla_gpu_device.cc:99] Not creating XLA devices, tf_xla_enable_xla_devices not set
2021-04-20 23:30:48.405300: I tensorflow/compiler/jit/xla_gpu_device.cc:99] Not creating XLA devices, tf_xla_enable_xla_devices not set
mse and spike frequency: 0.09995 0.0
[32m[I 2021-04-20 23:31:20,892][0m Trial 209 finished with values: [0.09995, 0.0] with parameters: {'Vahp': -44.0, 'Vth': -51.0, 'Vmax': 34.5, 't_ref': 3.0, 'R': 0.6, 'tau_m': 33.5, 'rate_low': 17.5, 'rate_high': 7.0}.[0m
2021-04-20 23:31:21.728555: I tensorflow/compiler/jit/xla_gpu_device.cc:99] Not creating XLA devices, tf_xla_enable_xla_devices not set
maxFreq at 10nA: 1000.0
2021-04-20 23:32:02.637600: I tensorflow/compiler/jit/xla_gpu_device.cc:99] Not creating XLA devices, tf_xla_enable_xla_devices not set
2021-04-20 23:32:36.773350: I tensorflow/compiler/jit/xla_gpu_device.cc:99] Not creating XLA devices, tf_xla_enable_xla_devices not set
mse and spike frequency: 0.09995 0.0
[32m[I 2021-04-20 23:33:08,879][0m Trial 210 finished with values: [0.09995, 0.0] with parameters: {'Vahp': -44.0, 'Vth': -49.0, 'Vmax': 12.5, 't_ref': 14.5, 'R': 0.9, 'tau_m': 261.0, 'rate_low': 34.5, 'rate_high': 7.0}.[0m
2021-04-20 23:33:09.748054: I tensorflow/compiler/jit/xla_gpu_device.cc:99] Not creating XLA devices, tf_xla_enable_xla_devices not set
maxFreq at 10nA: 200.0
2021-04-20 23:33:50.764761: I tensorflow/compiler/jit/xla_gpu_device.cc:99] Not creating XLA devices, tf_xla_enable_xla_devices not set
2021-04-20 23:34:24.564849: I tensorflow/compiler/jit/xla_gpu_device.cc:99] Not creating XLA devices, tf_xla_enable_xla_devices not set
mse and spike frequency: 0.00173 18.56
[32m[I 2021-04-20 23:34:57,211][0m Trial 211 finished with values: [0.00173, 18.56] with parameters: {'Vahp': -53.0, 'Vth': -49.5, 'Vmax': 22.5, 't_ref': 2.5, 'R': 0.1, 'tau_m': 445.5, 'rate_low': 42.0, 'rate_high': 42.0}.[0m
2021-04-20 23:34:58.032625: I tensorflow/compiler/jit/xla_gpu_device.cc:99] Not creating XLA devices, tf_xla_enable_xla_devices not set
maxFreq at 10nA: 48.0
2021-04-20 23:35:39.185504: I tensorflow/compiler/jit/xla_gpu_device.cc:99] Not creating XLA devices, tf_xla_enable_xla_devices not set
2021-04-20 23:36:13.354121: I tensorflow/compiler/jit/xla_gpu_device.cc:99] Not creating XLA devices, tf_xla_enable_xla_devices not set
mse and spike frequency: 0.00657 10.36
[32m[I 2021-04-20 23:36:45,946][0m Trial 212 finished with values: [0.00657, 10.36] with parameters: {'Vahp': -36.5, 'Vth': -22.0, 'Vmax': 28.5, 't_ref': 20.0, 'R': 1.0, 'tau_m': 419.5, 'rate_low': 9.5, 'rate_high': 49.5}.[0m
2021-04-20 23:36:46.833993: I tensorflow/compiler/jit/xla_gpu_device.cc:99] Not creating XLA devices, tf_xla_enable_xla_devices not set
maxFreq at 10nA: 998.0
2021-04-20 23:37:29.660561: I tensorflow/compiler/jit/xla_gpu_device.cc:99] Not creating XLA devices, tf_xla_enable_xla_devices not set
2021-04-20 23:38:03.265586: I tensorflow/compiler/jit/xla_gpu_device.cc:99] Not creating XLA devices, tf_xla_enable_xla_devices not set
mse and spike frequency: 0.09995 0.0
