[32m[I 2021-04-21 00:37:40,610][0m Trial 244 finished with values: [0.00745, 9.36] with parameters: {'Vahp': -46.5, 'Vth': -30.0, 'Vmax': 14.0, 't_ref': 13.0, 'R': 1.0, 'tau_m': 97.5, 'rate_low': 1.5, 'rate_high': 49.5}.[0m
2021-04-21 00:37:41.514498: I tensorflow/compiler/jit/xla_gpu_device.cc:99] Not creating XLA devices, tf_xla_enable_xla_devices not set
maxFreq at 10nA: 1000.0
2021-04-21 00:38:29.396482: I tensorflow/compiler/jit/xla_gpu_device.cc:99] Not creating XLA devices, tf_xla_enable_xla_devices not set
2021-04-21 00:39:06.736070: I tensorflow/compiler/jit/xla_gpu_device.cc:99] Not creating XLA devices, tf_xla_enable_xla_devices not set
mse and spike frequency: 0.09995 0.0
[32m[I 2021-04-21 00:39:41,899][0m Trial 245 finished with values: [0.09995, 0.0] with parameters: {'Vahp': -45.5, 'Vth': -49.0, 'Vmax': 14.5, 't_ref': 2.0, 'R': 0.7000000000000001, 'tau_m': 33.5, 'rate_low': 38.0, 'rate_high': 10.0}.[0m
2021-04-21 00:39:42.840832: I tensorflow/compiler/jit/xla_gpu_device.cc:99] Not creating XLA devices, tf_xla_enable_xla_devices not set
maxFreq at 10nA: 1000.0
2021-04-21 00:40:31.062523: I tensorflow/compiler/jit/xla_gpu_device.cc:99] Not creating XLA devices, tf_xla_enable_xla_devices not set
2021-04-21 00:41:07.392268: I tensorflow/compiler/jit/xla_gpu_device.cc:99] Not creating XLA devices, tf_xla_enable_xla_devices not set
mse and spike frequency: 0.09995 0.0
[32m[I 2021-04-21 00:41:41,231][0m Trial 246 finished with values: [0.09995, 0.0] with parameters: {'Vahp': -29.0, 'Vth': -33.5, 'Vmax': 38.0, 't_ref': 6.5, 'R': 0.5, 'tau_m': 97.5, 'rate_low': 10.0, 'rate_high': 41.5}.[0m
2021-04-21 00:41:42.185920: I tensorflow/compiler/jit/xla_gpu_device.cc:99] Not creating XLA devices, tf_xla_enable_xla_devices not set
maxFreq at 10nA: 1000.0
2021-04-21 00:42:29.023544: I tensorflow/compiler/jit/xla_gpu_device.cc:99] Not creating XLA devices, tf_xla_enable_xla_devices not set
2021-04-21 00:43:06.062650: I tensorflow/compiler/jit/xla_gpu_device.cc:99] Not creating XLA devices, tf_xla_enable_xla_devices not set
mse and spike frequency: 0.09995 0.0
[32m[I 2021-04-21 00:43:40,899][0m Trial 247 finished with values: [0.09995, 0.0] with parameters: {'Vahp': -24.5, 'Vth': -36.0, 'Vmax': 14.0, 't_ref': 20.0, 'R': 1.0, 'tau_m': 82.5, 'rate_low': 1.5, 'rate_high': 12.5}.[0m
2021-04-21 00:43:41.832075: I tensorflow/compiler/jit/xla_gpu_device.cc:99] Not creating XLA devices, tf_xla_enable_xla_devices not set
maxFreq at 10nA: 125.0
2021-04-21 00:44:29.342127: I tensorflow/compiler/jit/xla_gpu_device.cc:99] Not creating XLA devices, tf_xla_enable_xla_devices not set
2021-04-21 00:45:07.169122: I tensorflow/compiler/jit/xla_gpu_device.cc:99] Not creating XLA devices, tf_xla_enable_xla_devices not set
mse and spike frequency: 0.00338 13.09
[32m[I 2021-04-21 00:45:43,142][0m Trial 248 finished with values: [0.00338, 13.09] with parameters: {'Vahp': -52.0, 'Vth': -33.5, 'Vmax': 38.0, 't_ref': 6.5, 'R': 0.9, 'tau_m': 117.5, 'rate_low': 4.5, 'rate_high': 41.5}.[0m
2021-04-21 00:45:44.074862: I tensorflow/compiler/jit/xla_gpu_device.cc:99] Not creating XLA devices, tf_xla_enable_xla_devices not set
maxFreq at 10nA: 1000.0
2021-04-21 00:46:31.641836: I tensorflow/compiler/jit/xla_gpu_device.cc:99] Not creating XLA devices, tf_xla_enable_xla_devices not set
2021-04-21 00:47:10.294687: I tensorflow/compiler/jit/xla_gpu_device.cc:99] Not creating XLA devices, tf_xla_enable_xla_devices not set
mse and spike frequency: 0.09995 0.0
[32m[I 2021-04-21 00:47:46,464][0m Trial 249 finished with values: [0.09995, 0.0] with parameters: {'Vahp': -30.5, 'Vth': -50.5, 'Vmax': 25.5, 't_ref': 9.5, 'R': 1.0, 'tau_m': 419.5, 'rate_low': 9.5, 'rate_high': 22.0}.[0m
2021-04-21 00:47:47.445305: I tensorflow/compiler/jit/xla_gpu_device.cc:99] Not creating XLA devices, tf_xla_enable_xla_devices not set
maxFreq at 10nA: 72.0
2021-04-21 00:48:35.513877: I tensorflow/compiler/jit/xla_gpu_device.cc:99] Not creating XLA devices, tf_xla_enable_xla_devices not set
2021-04-21 00:49:13.918733: I tensorflow/compiler/jit/xla_gpu_device.cc:99] Not creating XLA devices, tf_xla_enable_xla_devices not set
mse and spike frequency: 0.09995 0.0
[32m[I 2021-04-21 00:49:50,898][0m Trial 250 finished with values: [0.09995, 0.0] with parameters: {'Vahp': -33.5, 'Vth': -30.0, 'Vmax': 38.0, 't_ref': 12.5, 'R': 0.9, 'tau_m': 275.0, 'rate_low': 4.5, 'rate_high': 7.0}.[0m
2021-04-21 00:49:51.844700: I tensorflow/compiler/jit/xla_gpu_device.cc:99] Not creating XLA devices, tf_xla_enable_xla_devices not set
maxFreq at 10nA: 250.0
2021-04-21 00:50:40.807382: I tensorflow/compiler/jit/xla_gpu_device.cc:99] Not creating XLA devices, tf_xla_enable_xla_devices not set
2021-04-21 00:51:19.062200: I tensorflow/compiler/jit/xla_gpu_device.cc:99] Not creating XLA devices, tf_xla_enable_xla_devices not set
mse and spike frequency: 0.09995 0.0
[32m[I 2021-04-21 00:51:56,199][0m Trial 251 finished with values: [0.09995, 0.0] with parameters: {'Vahp': -44.0, 'Vth': -44.0, 'Vmax': 14.0, 't_ref': 3.0, 'R': 0.9, 'tau_m': 357.0, 'rate_low': 34.5, 'rate_high': 49.5}.[0m
2021-04-21 00:51:57.135599: I tensorflow/compiler/jit/xla_gpu_device.cc:99] Not creating XLA devices, tf_xla_enable_xla_devices not set
maxFreq at 10nA: 334.0
2021-04-21 00:52:44.962352: I tensorflow/compiler/jit/xla_gpu_device.cc:99] Not creating XLA devices, tf_xla_enable_xla_devices not set
2021-04-21 00:53:23.914423: I tensorflow/compiler/jit/xla_gpu_device.cc:99] Not creating XLA devices, tf_xla_enable_xla_devices not set
mse and spike frequency: 0.00192 38.27
[32m[I 2021-04-21 00:54:01,195][0m Trial 252 finished with values: [0.00192, 38.27] with parameters: {'Vahp': -57.5, 'Vth': -49.5, 'Vmax': 22.5, 't_ref': 2.0, 'R': 0.5, 'tau_m': 357.0, 'rate_low': 36.0, 'rate_high': 40.0}.[0m
2021-04-21 00:54:02.201230: I tensorflow/compiler/jit/xla_gpu_device.cc:99] Not creating XLA devices, tf_xla_enable_xla_devices not set
maxFreq at 10nA: 1000.0
2021-04-21 00:54:50.783482: I tensorflow/compiler/jit/xla_gpu_device.cc:99] Not creating XLA devices, tf_xla_enable_xla_devices not set
2021-04-21 00:55:29.162874: I tensorflow/compiler/jit/xla_gpu_device.cc:99] Not creating XLA devices, tf_xla_enable_xla_devices not set
mse and spike frequency: 0.09995 0.0
[32m[I 2021-04-21 00:56:06,816][0m Trial 253 finished with values: [0.09995, 0.0] with parameters: {'Vahp': -40.5, 'Vth': -51.0, 'Vmax': 40.0, 't_ref': 18.0, 'R': 0.6, 'tau_m': 466.0, 'rate_low': 11.0, 'rate_high': 41.5}.[0m
2021-04-21 00:56:07.763381: I tensorflow/compiler/jit/xla_gpu_device.cc:99] Not creating XLA devices, tf_xla_enable_xla_devices not set
maxFreq at 10nA: 111.0
2021-04-21 00:56:56.102133: I tensorflow/compiler/jit/xla_gpu_device.cc:99] Not creating XLA devices, tf_xla_enable_xla_devices not set
2021-04-21 00:57:35.331655: I tensorflow/compiler/jit/xla_gpu_device.cc:99] Not creating XLA devices, tf_xla_enable_xla_devices not set
mse and spike frequency: 0.00225 12.37
[32m[I 2021-04-21 00:58:13,067][0m Trial 254 finished with values: [0.00225, 12.37] with parameters: {'Vahp': -52.0, 'Vth': -41.0, 'Vmax': 40.0, 't_ref': 6.5, 'R': 0.4, 'tau_m': 417.5, 'rate_low': 17.5, 'rate_high': 34.0}.[0m
2021-04-21 00:58:13.974138: I tensorflow/compiler/jit/xla_gpu_device.cc:99] Not creating XLA devices, tf_xla_enable_xla_devices not set
maxFreq at 10nA: 333.0
2021-04-21 00:59:02.006272: I tensorflow/compiler/jit/xla_gpu_device.cc:99] Not creating XLA devices, tf_xla_enable_xla_devices not set
2021-04-21 00:59:40.330415: I tensorflow/compiler/jit/xla_gpu_device.cc:99] Not creating XLA devices, tf_xla_enable_xla_devices not set
mse and spike frequency: 0.00287 7.46
[32m[I 2021-04-21 01:00:19,176][0m Trial 255 finished with values: [0.00287, 7.46] with parameters: {'Vahp': -46.5, 'Vth': -30.0, 'Vmax': 25.5, 't_ref': 2.0, 'R': 0.6, 'tau_m': 357.0, 'rate_low': 1.5, 'rate_high': 49.5}.[0m
2021-04-21 01:00:20.160142: I tensorflow/compiler/jit/xla_gpu_device.cc:99] Not creating XLA devices, tf_xla_enable_xla_devices not set
maxFreq at 10nA: 250.0
2021-04-21 01:01:09.807360: I tensorflow/compiler/jit/xla_gpu_device.cc:99] Not creating XLA devices, tf_xla_enable_xla_devices not set
2021-04-21 01:01:49.127641: I tensorflow/compiler/jit/xla_gpu_device.cc:99] Not creating XLA devices, tf_xla_enable_xla_devices not set
mse and spike frequency: 0.00196 33.14
[32m[I 2021-04-21 01:02:27,458][0m Trial 256 finished with values: [0.00196, 33.14] with parameters: {'Vahp': -46.5, 'Vth': -30.0, 'Vmax': 25.5, 't_ref': 2.5, 'R': 0.9, 'tau_m': 445.5, 'rate_low': 42.0, 'rate_high': 49.5}.[0m
2021-04-21 01:02:28.424148: I tensorflow/compiler/jit/xla_gpu_device.cc:99] Not creating XLA devices, tf_xla_enable_xla_devices not set
maxFreq at 10nA: 1000.0
2021-04-21 01:03:17.645645: I tensorflow/compiler/jit/xla_gpu_device.cc:99] Not creating XLA devices, tf_xla_enable_xla_devices not set
2021-04-21 01:03:57.408186: I tensorflow/compiler/jit/xla_gpu_device.cc:99] Not creating XLA devices, tf_xla_enable_xla_devices not set
mse and spike frequency: 0.09995 0.0
[32m[I 2021-04-21 01:04:35,927][0m Trial 257 finished with values: [0.09995, 0.0] with parameters: {'Vahp': -33.5, 'Vth': -57.5, 'Vmax': 21.0, 't_ref': 5.0, 'R': 0.6, 'tau_m': 155.0, 'rate_low': 9.5, 'rate_high': 41.5}.[0m
2021-04-21 01:04:36.893125: I tensorflow/compiler/jit/xla_gpu_device.cc:99] Not creating XLA devices, tf_xla_enable_xla_devices not set
maxFreq at 10nA: 1000.0
2021-04-21 01:05:26.620652: I tensorflow/compiler/jit/xla_gpu_device.cc:99] Not creating XLA devices, tf_xla_enable_xla_devices not set
2021-04-21 01:06:06.814375: I tensorflow/compiler/jit/xla_gpu_device.cc:99] Not creating XLA devices, tf_xla_enable_xla_devices not set
mse and spike frequency: 0.09995 0.0
[32m[I 2021-04-21 01:06:45,384][0m Trial 258 finished with values: [0.09995, 0.0] with parameters: {'Vahp': -28.5, 'Vth': -36.0, 'Vmax': 14.0, 't_ref': 3.0, 'R': 0.9, 'tau_m': 82.5, 'rate_low': 1.5, 'rate_high': 12.5}.[0m
2021-04-21 01:06:46.355778: I tensorflow/compiler/jit/xla_gpu_device.cc:99] Not creating XLA devices, tf_xla_enable_xla_devices not set
